2025-04-16 14:51:06,889 [INFO ]  Generating HDF files for tables in /home/dafn/card/deepcard/collected_datasets/Gas sensor array temperature modulation and store to path /home/dafn/card/deepcard/collected_temp_benchmarks/gen_single_light/Gas sensor array temperature modulation
2025-04-16 14:51:06,889 [INFO ]  Removing target path /home/dafn/card/deepcard/collected_temp_benchmarks/gen_single_light/Gas sensor array temperature modulation
2025-04-16 14:51:06,900 [INFO ]  Making target path /home/dafn/card/deepcard/collected_temp_benchmarks/gen_single_light/Gas sensor array temperature modulation
2025-04-16 14:51:06,900 [INFO ]  Preparing hdf file for table 20161008_234508
2025-04-16 14:51:07,495 [INFO ]  Managing functional dependencies for table 20161008_234508
2025-04-16 14:51:07,509 [INFO ]  Preparing multipliers for table 20161008_234508
2025-04-16 14:51:07,509 [INFO ]  Preparing categorical values and null values for table 20161008_234508
2025-04-16 14:51:07,510 [DEBUG]  		Preparing numerical values for column f1
2025-04-16 14:51:07,515 [DEBUG]  		Preparing numerical values for column f2
2025-04-16 14:51:07,519 [DEBUG]  		Preparing numerical values for column f3
2025-04-16 14:51:07,523 [DEBUG]  		Preparing numerical values for column f4
2025-04-16 14:51:07,527 [DEBUG]  		Preparing numerical values for column f5
2025-04-16 14:51:07,532 [DEBUG]  		Preparing numerical values for column f6
2025-04-16 14:51:07,536 [DEBUG]  		Preparing numerical values for column f7
2025-04-16 14:51:07,540 [DEBUG]  		Preparing numerical values for column f8
2025-04-16 14:51:07,545 [DEBUG]  		Preparing numerical values for column f9
2025-04-16 14:51:07,549 [DEBUG]  		Preparing numerical values for column f10
2025-04-16 14:51:07,553 [DEBUG]  		Preparing numerical values for column f11
2025-04-16 14:51:07,558 [DEBUG]  		Preparing numerical values for column f12
2025-04-16 14:51:07,562 [DEBUG]  		Preparing numerical values for column f13
2025-04-16 14:51:07,566 [DEBUG]  		Preparing numerical values for column f14
2025-04-16 14:51:07,570 [DEBUG]  		Preparing numerical values for column f15
2025-04-16 14:51:07,575 [DEBUG]  		Preparing numerical values for column f16
2025-04-16 14:51:07,579 [DEBUG]  		Preparing numerical values for column f17
2025-04-16 14:51:07,583 [DEBUG]  		Preparing numerical values for column f18
2025-04-16 14:51:07,588 [DEBUG]  		Preparing numerical values for column f19
2025-04-16 14:51:07,592 [DEBUG]  		Preparing numerical values for column f20
2025-04-16 14:51:07,596 [INFO ]  Relevant attributes for table 20161008_234508 are ['f1', 'f2', 'f3', 'f4', 'f5', 'f6', 'f7', 'f8', 'f9', 'f10', 'f11', 'f12', 'f13', 'f14', 'f15', 'f16', 'f17', 'f18', 'f19', 'f20']
2025-04-16 14:51:07,596 [INFO ]  NULL values for table 20161008_234508 are [45467.08282907785, 9.899714302730072, 45.01943286636619, 26.33641093176866, 239.94348901984273, 0.35494757752331463, 16.27920109297384, 18.270511805132582, 22.77247412866637, 21.719862867313644, 32.38731520451808, 29.21556428581096, 32.50627066464991, 28.020818893558562, 23.818931331127082, 26.10698029195598, 28.09116789025595, 26.188852123008626, 23.0043119756771, 29.017123288463875]
2025-04-16 14:51:07,797 [INFO ]  Adding table parts without join partners for table 20161008_234508
2025-04-16 14:51:07,798 [INFO ]  Files successfully created
