2025-04-17 09:54:33,677 [INFO ]  Generating HDF files for tables in /home/dafn/card/deepcard/collected_datasets/Gas sensor array temperature modulation and store to path /home/dafn/card/deepcard/collected_temp_benchmarks/gen_single_light/Gas sensor array temperature modulation
2025-04-17 09:54:33,677 [INFO ]  Preparing hdf file for table 20161001_231809
2025-04-17 09:54:34,309 [INFO ]  Managing functional dependencies for table 20161001_231809
2025-04-17 09:54:34,323 [INFO ]  Preparing multipliers for table 20161001_231809
2025-04-17 09:54:34,323 [INFO ]  Preparing categorical values and null values for table 20161001_231809
2025-04-17 09:54:34,323 [DEBUG]  		Preparing numerical values for column f1
2025-04-17 09:54:34,328 [DEBUG]  		Preparing numerical values for column f2
2025-04-17 09:54:34,333 [DEBUG]  		Preparing numerical values for column f3
2025-04-17 09:54:34,337 [DEBUG]  		Preparing numerical values for column f4
2025-04-17 09:54:34,341 [DEBUG]  		Preparing numerical values for column f5
2025-04-17 09:54:34,345 [DEBUG]  		Preparing numerical values for column f6
2025-04-17 09:54:34,349 [DEBUG]  		Preparing numerical values for column f7
2025-04-17 09:54:34,354 [DEBUG]  		Preparing numerical values for column f8
2025-04-17 09:54:34,358 [DEBUG]  		Preparing numerical values for column f9
2025-04-17 09:54:34,362 [DEBUG]  		Preparing numerical values for column f10
2025-04-17 09:54:34,366 [DEBUG]  		Preparing numerical values for column f11
2025-04-17 09:54:34,371 [DEBUG]  		Preparing numerical values for column f12
2025-04-17 09:54:34,375 [DEBUG]  		Preparing numerical values for column f13
2025-04-17 09:54:34,379 [DEBUG]  		Preparing numerical values for column f14
2025-04-17 09:54:34,383 [DEBUG]  		Preparing numerical values for column f15
2025-04-17 09:54:34,387 [DEBUG]  		Preparing numerical values for column f16
2025-04-17 09:54:34,392 [DEBUG]  		Preparing numerical values for column f17
2025-04-17 09:54:34,396 [DEBUG]  		Preparing numerical values for column f18
2025-04-17 09:54:34,400 [DEBUG]  		Preparing numerical values for column f19
2025-04-17 09:54:34,404 [DEBUG]  		Preparing numerical values for column f20
2025-04-17 09:54:34,408 [INFO ]  Relevant attributes for table 20161001_231809 are ['f1', 'f2', 'f3', 'f4', 'f5', 'f6', 'f7', 'f8', 'f9', 'f10', 'f11', 'f12', 'f13', 'f14', 'f15', 'f16', 'f17', 'f18', 'f19', 'f20']
2025-04-17 09:54:34,409 [INFO ]  NULL values for table 20161001_231809 are [45450.91141053818, 9.900036456570879, 45.748274738762035, 26.427511713748164, 239.94261731919755, 0.3554193820300762, 15.331672490152817, 17.590639699373305, 22.473763008094316, 19.21232035084395, 31.498282976894657, 28.963581206093746, 31.945915000541426, 26.939321905074515, 22.39766416742241, 25.95588728089174, 27.755414900716033, 25.77290510530733, 22.46052810981469, 28.84646987946507]
2025-04-17 09:54:34,598 [INFO ]  Adding table parts without join partners for table 20161001_231809
2025-04-17 09:54:34,599 [INFO ]  Files successfully created
