2025-04-16 16:30:02,762 [INFO ]  Generating HDF files for tables in /home/dafn/card/deepcard/collected_datasets/Gas sensor array temperature modulation and store to path /home/dafn/card/deepcard/collected_temp_benchmarks/gen_single_light/Gas sensor array temperature modulation
2025-04-16 16:30:02,763 [INFO ]  Preparing hdf file for table 20161008_234508
2025-04-16 16:30:03,379 [INFO ]  Managing functional dependencies for table 20161008_234508
2025-04-16 16:30:03,392 [INFO ]  Preparing multipliers for table 20161008_234508
2025-04-16 16:30:03,393 [INFO ]  Preparing categorical values and null values for table 20161008_234508
2025-04-16 16:30:03,393 [DEBUG]  		Preparing numerical values for column f1
2025-04-16 16:30:03,398 [DEBUG]  		Preparing numerical values for column f2
2025-04-16 16:30:03,403 [DEBUG]  		Preparing numerical values for column f3
2025-04-16 16:30:03,407 [DEBUG]  		Preparing numerical values for column f4
2025-04-16 16:30:03,411 [DEBUG]  		Preparing numerical values for column f5
2025-04-16 16:30:03,415 [DEBUG]  		Preparing numerical values for column f6
2025-04-16 16:30:03,420 [DEBUG]  		Preparing numerical values for column f7
2025-04-16 16:30:03,424 [DEBUG]  		Preparing numerical values for column f8
2025-04-16 16:30:03,428 [DEBUG]  		Preparing numerical values for column f9
2025-04-16 16:30:03,432 [DEBUG]  		Preparing numerical values for column f10
2025-04-16 16:30:03,437 [DEBUG]  		Preparing numerical values for column f11
2025-04-16 16:30:03,441 [DEBUG]  		Preparing numerical values for column f12
2025-04-16 16:30:03,445 [DEBUG]  		Preparing numerical values for column f13
2025-04-16 16:30:03,449 [DEBUG]  		Preparing numerical values for column f14
2025-04-16 16:30:03,453 [DEBUG]  		Preparing numerical values for column f15
2025-04-16 16:30:03,458 [DEBUG]  		Preparing numerical values for column f16
2025-04-16 16:30:03,462 [DEBUG]  		Preparing numerical values for column f17
2025-04-16 16:30:03,466 [DEBUG]  		Preparing numerical values for column f18
2025-04-16 16:30:03,470 [DEBUG]  		Preparing numerical values for column f19
2025-04-16 16:30:03,474 [DEBUG]  		Preparing numerical values for column f20
2025-04-16 16:30:03,478 [INFO ]  Relevant attributes for table 20161008_234508 are ['f1', 'f2', 'f3', 'f4', 'f5', 'f6', 'f7', 'f8', 'f9', 'f10', 'f11', 'f12', 'f13', 'f14', 'f15', 'f16', 'f17', 'f18', 'f19', 'f20']
2025-04-16 16:30:03,478 [INFO ]  NULL values for table 20161008_234508 are [45467.08282907785, 9.899714302730072, 45.01943286636619, 26.33641093176866, 239.94348901984273, 0.35494757752331463, 16.27920109297384, 18.270511805132582, 22.77247412866637, 21.719862867313644, 32.38731520451808, 29.21556428581096, 32.50627066464991, 28.020818893558562, 23.818931331127082, 26.10698029195598, 28.09116789025595, 26.188852123008626, 23.0043119756771, 29.017123288463875]
2025-04-16 16:30:03,690 [INFO ]  Adding table parts without join partners for table 20161008_234508
2025-04-16 16:30:03,690 [INFO ]  Files successfully created
