2025-04-17 10:22:22,721 [INFO ]  Creating naive ensemble.
2025-04-17 10:22:22,721 [INFO ]  Learning SPN for 20161007_210049.
2025-04-17 10:22:22,721 [DEBUG]  generate_join_sample(single_table=20161007_210049, relationship_list=None, split_condition=None)
2025-04-17 10:22:22,825 [DEBUG]  Using min_instance_slice parameter 2957.0.
2025-04-17 10:22:22,825 [INFO ]  SPN training phase with 295700 samples
2025-04-17 10:22:23,070 [DEBUG]  Built domains in 0.24561237543821335 sec
2025-04-17 10:22:23,447 [DEBUG]  CACHEDIR=/home/dafn/.cache/matplotlib
2025-04-17 10:22:23,449 [DEBUG]  Using fontManager instance from /home/dafn/.cache/matplotlib/fontlist-v300.json
2025-04-17 10:22:23,544 [DEBUG]  Loaded backend qt5agg version unknown.
2025-04-17 10:22:23,575 [DEBUG]  Loaded backend qt5agg version unknown.
2025-04-17 10:22:23,576 [DEBUG]  Loaded backend qt4agg version unknown.
2025-04-17 10:22:23,583 [DEBUG]  Loaded backend tkagg version unknown.
2025-04-17 10:22:23,584 [DEBUG]  Loaded backend agg version unknown.
2025-04-17 10:22:23,584 [DEBUG]  Loaded backend agg version unknown.
2025-04-17 10:22:23,608 [DEBUG]  OP: Operation.SPLIT_ROWS on slice (295700, 20) (remaining tasks 0)
2025-04-17 10:22:24,504 [DEBUG]  		found 2 row clusters (in 0.89577 secs)
2025-04-17 10:22:24,524 [DEBUG]  OP: Operation.SPLIT_COLUMNS on slice (147394, 20) (remaining tasks 1)
2025-04-17 10:22:31,937 [DEBUG]  		found 1 col clusters (in 7.41325 secs)
2025-04-17 10:22:31,979 [DEBUG]  OP: Operation.SPLIT_COLUMNS on slice (148306, 20) (remaining tasks 1)
2025-04-17 10:22:40,312 [DEBUG]  		found 1 col clusters (in 8.33236 secs)
2025-04-17 10:22:40,330 [DEBUG]  OP: Operation.SPLIT_ROWS on slice (147394, 20) (remaining tasks 1)
2025-04-17 10:22:41,244 [DEBUG]  		found 2 row clusters (in 0.91359 secs)
2025-04-17 10:22:41,262 [DEBUG]  OP: Operation.SPLIT_ROWS on slice (148306, 20) (remaining tasks 2)
2025-04-17 10:22:42,066 [DEBUG]  		found 2 row clusters (in 0.80331 secs)
2025-04-17 10:22:42,075 [DEBUG]  OP: Operation.SPLIT_COLUMNS on slice (74218, 20) (remaining tasks 3)
2025-04-17 10:22:49,953 [DEBUG]  		found 1 col clusters (in 7.87775 secs)
2025-04-17 10:22:49,996 [DEBUG]  OP: Operation.SPLIT_COLUMNS on slice (73176, 20) (remaining tasks 3)
2025-04-17 10:22:57,427 [DEBUG]  		found 1 col clusters (in 7.41804 secs)
2025-04-17 10:22:57,469 [DEBUG]  OP: Operation.SPLIT_COLUMNS on slice (74577, 20) (remaining tasks 3)
2025-04-17 10:23:05,374 [DEBUG]  		found 1 col clusters (in 7.90432 secs)
2025-04-17 10:23:05,393 [DEBUG]  OP: Operation.SPLIT_COLUMNS on slice (73729, 20) (remaining tasks 3)
2025-04-17 10:23:15,409 [DEBUG]  		found 1 col clusters (in 10.01262 secs)
2025-04-17 10:23:15,424 [DEBUG]  OP: Operation.SPLIT_ROWS on slice (74218, 20) (remaining tasks 3)
2025-04-17 10:23:15,956 [DEBUG]  		found 2 row clusters (in 0.53002 secs)
2025-04-17 10:23:15,965 [DEBUG]  OP: Operation.SPLIT_ROWS on slice (73176, 20) (remaining tasks 4)
2025-04-17 10:23:16,429 [DEBUG]  		found 2 row clusters (in 0.46365 secs)
2025-04-17 10:23:16,438 [DEBUG]  OP: Operation.SPLIT_ROWS on slice (74577, 20) (remaining tasks 5)
2025-04-17 10:23:16,914 [DEBUG]  		found 2 row clusters (in 0.47559 secs)
2025-04-17 10:23:16,923 [DEBUG]  OP: Operation.SPLIT_ROWS on slice (73729, 20) (remaining tasks 6)
2025-04-17 10:23:17,395 [DEBUG]  		found 2 row clusters (in 0.47147 secs)
2025-04-17 10:23:17,400 [DEBUG]  OP: Operation.SPLIT_COLUMNS on slice (37118, 20) (remaining tasks 7)
2025-04-17 10:23:26,066 [DEBUG]  		found 1 col clusters (in 8.66543 secs)
2025-04-17 10:23:26,073 [DEBUG]  OP: Operation.SPLIT_COLUMNS on slice (37100, 20) (remaining tasks 7)
2025-04-17 10:23:34,367 [DEBUG]  		found 1 col clusters (in 8.29322 secs)
2025-04-17 10:23:34,374 [DEBUG]  OP: Operation.SPLIT_COLUMNS on slice (36610, 20) (remaining tasks 7)
2025-04-17 10:23:43,071 [DEBUG]  		found 1 col clusters (in 8.69621 secs)
2025-04-17 10:23:43,078 [DEBUG]  OP: Operation.SPLIT_COLUMNS on slice (36566, 20) (remaining tasks 7)
2025-04-17 10:23:51,020 [DEBUG]  		found 1 col clusters (in 7.94176 secs)
2025-04-17 10:23:51,026 [DEBUG]  OP: Operation.SPLIT_COLUMNS on slice (37303, 20) (remaining tasks 7)
2025-04-17 10:23:58,905 [DEBUG]  		found 1 col clusters (in 7.87741 secs)
2025-04-17 10:23:58,911 [DEBUG]  OP: Operation.SPLIT_COLUMNS on slice (37274, 20) (remaining tasks 7)
2025-04-17 10:24:07,673 [DEBUG]  		found 1 col clusters (in 8.76113 secs)
2025-04-17 10:24:07,679 [DEBUG]  OP: Operation.SPLIT_COLUMNS on slice (36933, 20) (remaining tasks 7)
2025-04-17 10:24:17,716 [DEBUG]  		found 1 col clusters (in 10.03621 secs)
2025-04-17 10:24:17,722 [DEBUG]  OP: Operation.SPLIT_COLUMNS on slice (36796, 20) (remaining tasks 7)
2025-04-17 10:24:26,674 [DEBUG]  		found 1 col clusters (in 8.95069 secs)
2025-04-17 10:24:26,680 [DEBUG]  OP: Operation.SPLIT_ROWS on slice (37118, 20) (remaining tasks 7)
2025-04-17 10:24:27,090 [DEBUG]  		found 2 row clusters (in 0.40880 secs)
2025-04-17 10:24:27,094 [DEBUG]  OP: Operation.SPLIT_ROWS on slice (37100, 20) (remaining tasks 8)
2025-04-17 10:24:27,370 [DEBUG]  		found 2 row clusters (in 0.27565 secs)
2025-04-17 10:24:27,375 [DEBUG]  OP: Operation.SPLIT_ROWS on slice (36610, 20) (remaining tasks 9)
2025-04-17 10:24:27,648 [DEBUG]  		found 2 row clusters (in 0.27305 secs)
2025-04-17 10:24:27,652 [DEBUG]  OP: Operation.SPLIT_ROWS on slice (36566, 20) (remaining tasks 10)
2025-04-17 10:24:27,925 [DEBUG]  		found 2 row clusters (in 0.27226 secs)
2025-04-17 10:24:27,930 [DEBUG]  OP: Operation.SPLIT_ROWS on slice (37303, 20) (remaining tasks 11)
2025-04-17 10:24:28,205 [DEBUG]  		found 2 row clusters (in 0.27486 secs)
2025-04-17 10:24:28,209 [DEBUG]  OP: Operation.SPLIT_ROWS on slice (37274, 20) (remaining tasks 12)
2025-04-17 10:24:28,489 [DEBUG]  		found 2 row clusters (in 0.27911 secs)
2025-04-17 10:24:28,493 [DEBUG]  OP: Operation.SPLIT_ROWS on slice (36933, 20) (remaining tasks 13)
2025-04-17 10:24:28,767 [DEBUG]  		found 2 row clusters (in 0.27391 secs)
2025-04-17 10:24:28,772 [DEBUG]  OP: Operation.SPLIT_ROWS on slice (36796, 20) (remaining tasks 14)
2025-04-17 10:24:29,045 [DEBUG]  		found 2 row clusters (in 0.27320 secs)
2025-04-17 10:24:29,050 [DEBUG]  OP: Operation.SPLIT_COLUMNS on slice (18560, 20) (remaining tasks 15)
2025-04-17 10:24:37,695 [DEBUG]  		found 1 col clusters (in 8.64511 secs)
2025-04-17 10:24:37,699 [DEBUG]  OP: Operation.SPLIT_COLUMNS on slice (18558, 20) (remaining tasks 15)
2025-04-17 10:24:46,386 [DEBUG]  		found 1 col clusters (in 8.68675 secs)
2025-04-17 10:24:46,389 [DEBUG]  OP: Operation.SPLIT_COLUMNS on slice (18539, 20) (remaining tasks 15)
2025-04-17 10:24:55,626 [DEBUG]  		found 1 col clusters (in 9.23664 secs)
2025-04-17 10:24:55,630 [DEBUG]  OP: Operation.SPLIT_COLUMNS on slice (18561, 20) (remaining tasks 15)
2025-04-17 10:25:03,625 [DEBUG]  		found 1 col clusters (in 7.99543 secs)
2025-04-17 10:25:03,629 [DEBUG]  OP: Operation.SPLIT_COLUMNS on slice (18312, 20) (remaining tasks 15)
2025-04-17 10:25:12,970 [DEBUG]  		found 1 col clusters (in 9.34060 secs)
2025-04-17 10:25:12,973 [DEBUG]  OP: Operation.SPLIT_COLUMNS on slice (18298, 20) (remaining tasks 15)
2025-04-17 10:25:21,194 [DEBUG]  		found 1 col clusters (in 8.22047 secs)
2025-04-17 10:25:21,198 [DEBUG]  OP: Operation.SPLIT_COLUMNS on slice (18305, 20) (remaining tasks 15)
2025-04-17 10:25:29,646 [DEBUG]  		found 1 col clusters (in 8.44773 secs)
2025-04-17 10:25:29,649 [DEBUG]  OP: Operation.SPLIT_COLUMNS on slice (18261, 20) (remaining tasks 15)
2025-04-17 10:25:38,319 [DEBUG]  		found 1 col clusters (in 8.66943 secs)
2025-04-17 10:25:38,322 [DEBUG]  OP: Operation.SPLIT_COLUMNS on slice (18663, 20) (remaining tasks 15)
2025-04-17 10:25:46,500 [DEBUG]  		found 1 col clusters (in 8.17714 secs)
2025-04-17 10:25:46,503 [DEBUG]  OP: Operation.SPLIT_COLUMNS on slice (18640, 20) (remaining tasks 15)
2025-04-17 10:25:56,334 [DEBUG]  		found 1 col clusters (in 9.83081 secs)
2025-04-17 10:25:56,337 [DEBUG]  OP: Operation.SPLIT_COLUMNS on slice (18641, 20) (remaining tasks 15)
2025-04-17 10:26:03,931 [DEBUG]  		found 1 col clusters (in 7.59290 secs)
2025-04-17 10:26:03,934 [DEBUG]  OP: Operation.SPLIT_COLUMNS on slice (18633, 20) (remaining tasks 15)
2025-04-17 10:26:12,789 [DEBUG]  		found 1 col clusters (in 8.85455 secs)
2025-04-17 10:26:12,793 [DEBUG]  OP: Operation.SPLIT_COLUMNS on slice (18480, 20) (remaining tasks 15)
2025-04-17 10:26:21,483 [DEBUG]  		found 1 col clusters (in 8.68967 secs)
2025-04-17 10:26:21,486 [DEBUG]  OP: Operation.SPLIT_COLUMNS on slice (18453, 20) (remaining tasks 15)
2025-04-17 10:26:29,860 [DEBUG]  		found 1 col clusters (in 8.37377 secs)
2025-04-17 10:26:29,864 [DEBUG]  OP: Operation.SPLIT_COLUMNS on slice (18422, 20) (remaining tasks 15)
2025-04-17 10:26:38,484 [DEBUG]  		found 1 col clusters (in 8.61974 secs)
2025-04-17 10:26:38,487 [DEBUG]  OP: Operation.SPLIT_COLUMNS on slice (18374, 20) (remaining tasks 15)
2025-04-17 10:26:46,906 [DEBUG]  		found 1 col clusters (in 8.41825 secs)
2025-04-17 10:26:46,909 [DEBUG]  OP: Operation.SPLIT_ROWS on slice (18560, 20) (remaining tasks 15)
2025-04-17 10:26:47,126 [DEBUG]  		found 2 row clusters (in 0.21659 secs)
2025-04-17 10:26:47,130 [DEBUG]  OP: Operation.SPLIT_ROWS on slice (18558, 20) (remaining tasks 16)
2025-04-17 10:26:47,289 [DEBUG]  		found 2 row clusters (in 0.15923 secs)
2025-04-17 10:26:47,291 [DEBUG]  OP: Operation.SPLIT_ROWS on slice (18539, 20) (remaining tasks 17)
2025-04-17 10:26:47,432 [DEBUG]  		found 2 row clusters (in 0.14001 secs)
2025-04-17 10:26:47,434 [DEBUG]  OP: Operation.SPLIT_ROWS on slice (18561, 20) (remaining tasks 18)
2025-04-17 10:26:47,582 [DEBUG]  		found 2 row clusters (in 0.14764 secs)
2025-04-17 10:26:47,584 [DEBUG]  OP: Operation.SPLIT_ROWS on slice (18312, 20) (remaining tasks 19)
2025-04-17 10:26:47,723 [DEBUG]  		found 2 row clusters (in 0.13932 secs)
2025-04-17 10:26:47,726 [DEBUG]  OP: Operation.SPLIT_ROWS on slice (18298, 20) (remaining tasks 20)
2025-04-17 10:26:47,865 [DEBUG]  		found 2 row clusters (in 0.13930 secs)
2025-04-17 10:26:47,867 [DEBUG]  OP: Operation.SPLIT_ROWS on slice (18305, 20) (remaining tasks 21)
2025-04-17 10:26:48,005 [DEBUG]  		found 2 row clusters (in 0.13747 secs)
2025-04-17 10:26:48,007 [DEBUG]  OP: Operation.SPLIT_ROWS on slice (18261, 20) (remaining tasks 22)
2025-04-17 10:26:48,153 [DEBUG]  		found 2 row clusters (in 0.14576 secs)
2025-04-17 10:26:48,155 [DEBUG]  OP: Operation.SPLIT_ROWS on slice (18663, 20) (remaining tasks 23)
2025-04-17 10:26:48,292 [DEBUG]  		found 2 row clusters (in 0.13689 secs)
2025-04-17 10:26:48,294 [DEBUG]  OP: Operation.SPLIT_ROWS on slice (18640, 20) (remaining tasks 24)
2025-04-17 10:26:48,435 [DEBUG]  		found 2 row clusters (in 0.14072 secs)
2025-04-17 10:26:48,437 [DEBUG]  OP: Operation.SPLIT_ROWS on slice (18641, 20) (remaining tasks 25)
2025-04-17 10:26:48,573 [DEBUG]  		found 2 row clusters (in 0.13553 secs)
2025-04-17 10:26:48,575 [DEBUG]  OP: Operation.SPLIT_ROWS on slice (18633, 20) (remaining tasks 26)
2025-04-17 10:26:48,709 [DEBUG]  		found 2 row clusters (in 0.13330 secs)
2025-04-17 10:26:48,711 [DEBUG]  OP: Operation.SPLIT_ROWS on slice (18480, 20) (remaining tasks 27)
2025-04-17 10:26:48,852 [DEBUG]  		found 2 row clusters (in 0.14041 secs)
2025-04-17 10:26:48,854 [DEBUG]  OP: Operation.SPLIT_ROWS on slice (18453, 20) (remaining tasks 28)
2025-04-17 10:26:48,992 [DEBUG]  		found 2 row clusters (in 0.13862 secs)
2025-04-17 10:26:48,995 [DEBUG]  OP: Operation.SPLIT_ROWS on slice (18422, 20) (remaining tasks 29)
2025-04-17 10:26:49,135 [DEBUG]  		found 2 row clusters (in 0.14033 secs)
2025-04-17 10:26:49,137 [DEBUG]  OP: Operation.SPLIT_ROWS on slice (18374, 20) (remaining tasks 30)
2025-04-17 10:26:49,276 [DEBUG]  		found 2 row clusters (in 0.13897 secs)
2025-04-17 10:26:49,280 [DEBUG]  OP: Operation.SPLIT_COLUMNS on slice (9294, 20) (remaining tasks 31)
2025-04-17 10:26:57,448 [DEBUG]  		found 1 col clusters (in 8.16787 secs)
2025-04-17 10:26:57,450 [DEBUG]  OP: Operation.SPLIT_COLUMNS on slice (9266, 20) (remaining tasks 31)
2025-04-17 10:27:05,389 [DEBUG]  		found 1 col clusters (in 7.93824 secs)
2025-04-17 10:27:05,391 [DEBUG]  OP: Operation.SPLIT_COLUMNS on slice (9279, 20) (remaining tasks 31)
2025-04-17 10:27:13,274 [DEBUG]  		found 1 col clusters (in 7.88310 secs)
2025-04-17 10:27:13,276 [DEBUG]  OP: Operation.SPLIT_COLUMNS on slice (9279, 20) (remaining tasks 31)
2025-04-17 10:27:20,417 [DEBUG]  		found 1 col clusters (in 7.14112 secs)
2025-04-17 10:27:20,420 [DEBUG]  OP: Operation.SPLIT_COLUMNS on slice (9280, 20) (remaining tasks 31)
2025-04-17 10:27:28,026 [DEBUG]  		found 1 col clusters (in 7.60593 secs)
2025-04-17 10:27:28,028 [DEBUG]  OP: Operation.SPLIT_COLUMNS on slice (9259, 20) (remaining tasks 31)
2025-04-17 10:27:36,360 [DEBUG]  		found 1 col clusters (in 8.33187 secs)
2025-04-17 10:27:36,362 [DEBUG]  OP: Operation.SPLIT_COLUMNS on slice (9264, 20) (remaining tasks 31)
2025-04-17 10:27:44,680 [DEBUG]  		found 1 col clusters (in 8.31800 secs)
2025-04-17 10:27:44,682 [DEBUG]  OP: Operation.SPLIT_COLUMNS on slice (9297, 20) (remaining tasks 31)
2025-04-17 10:27:52,499 [DEBUG]  		found 1 col clusters (in 7.81680 secs)
2025-04-17 10:27:52,501 [DEBUG]  OP: Operation.SPLIT_COLUMNS on slice (9166, 20) (remaining tasks 31)
2025-04-17 10:27:59,995 [DEBUG]  		found 1 col clusters (in 7.49340 secs)
2025-04-17 10:27:59,997 [DEBUG]  OP: Operation.SPLIT_COLUMNS on slice (9146, 20) (remaining tasks 31)
2025-04-17 10:28:06,762 [DEBUG]  		found 1 col clusters (in 6.76461 secs)
2025-04-17 10:28:06,764 [DEBUG]  OP: Operation.SPLIT_COLUMNS on slice (9161, 20) (remaining tasks 31)
2025-04-17 10:28:14,596 [DEBUG]  		found 1 col clusters (in 7.83169 secs)
2025-04-17 10:28:14,598 [DEBUG]  OP: Operation.SPLIT_COLUMNS on slice (9137, 20) (remaining tasks 31)
2025-04-17 10:28:22,288 [DEBUG]  		found 1 col clusters (in 7.69008 secs)
2025-04-17 10:28:22,290 [DEBUG]  OP: Operation.SPLIT_COLUMNS on slice (9133, 20) (remaining tasks 31)
2025-04-17 10:28:30,016 [DEBUG]  		found 1 col clusters (in 7.72592 secs)
2025-04-17 10:28:30,018 [DEBUG]  OP: Operation.SPLIT_COLUMNS on slice (9172, 20) (remaining tasks 31)
2025-04-17 10:28:37,229 [DEBUG]  		found 1 col clusters (in 7.21124 secs)
2025-04-17 10:28:37,232 [DEBUG]  OP: Operation.SPLIT_COLUMNS on slice (9130, 20) (remaining tasks 31)
2025-04-17 10:28:45,125 [DEBUG]  		found 1 col clusters (in 7.89358 secs)
2025-04-17 10:28:45,130 [DEBUG]  OP: Operation.SPLIT_COLUMNS on slice (9131, 20) (remaining tasks 31)
2025-04-17 10:28:53,782 [DEBUG]  		found 1 col clusters (in 8.65219 secs)
2025-04-17 10:28:53,784 [DEBUG]  OP: Operation.SPLIT_COLUMNS on slice (9339, 20) (remaining tasks 31)
2025-04-17 10:29:01,735 [DEBUG]  		found 1 col clusters (in 7.95097 secs)
2025-04-17 10:29:01,737 [DEBUG]  OP: Operation.SPLIT_COLUMNS on slice (9324, 20) (remaining tasks 31)
2025-04-17 10:29:09,414 [DEBUG]  		found 1 col clusters (in 7.67617 secs)
2025-04-17 10:29:09,416 [DEBUG]  OP: Operation.SPLIT_COLUMNS on slice (9339, 20) (remaining tasks 31)
2025-04-17 10:29:17,242 [DEBUG]  		found 1 col clusters (in 7.82602 secs)
2025-04-17 10:29:17,244 [DEBUG]  OP: Operation.SPLIT_COLUMNS on slice (9301, 20) (remaining tasks 31)
2025-04-17 10:29:24,393 [DEBUG]  		found 1 col clusters (in 7.14901 secs)
2025-04-17 10:29:24,395 [DEBUG]  OP: Operation.SPLIT_COLUMNS on slice (9305, 20) (remaining tasks 31)
2025-04-17 10:29:32,700 [DEBUG]  		found 1 col clusters (in 8.30420 secs)
2025-04-17 10:29:32,702 [DEBUG]  OP: Operation.SPLIT_COLUMNS on slice (9336, 20) (remaining tasks 31)
2025-04-17 10:29:41,048 [DEBUG]  		found 1 col clusters (in 8.34624 secs)
2025-04-17 10:29:41,050 [DEBUG]  OP: Operation.SPLIT_COLUMNS on slice (9329, 20) (remaining tasks 31)
2025-04-17 10:29:48,831 [DEBUG]  		found 1 col clusters (in 7.78024 secs)
2025-04-17 10:29:48,833 [DEBUG]  OP: Operation.SPLIT_COLUMNS on slice (9304, 20) (remaining tasks 31)
2025-04-17 10:29:56,986 [DEBUG]  		found 1 col clusters (in 8.15290 secs)
2025-04-17 10:29:56,988 [DEBUG]  OP: Operation.SPLIT_COLUMNS on slice (9229, 20) (remaining tasks 31)
2025-04-17 10:30:04,355 [DEBUG]  		found 1 col clusters (in 7.36720 secs)
2025-04-17 10:30:04,357 [DEBUG]  OP: Operation.SPLIT_COLUMNS on slice (9251, 20) (remaining tasks 31)
2025-04-17 10:30:12,123 [DEBUG]  		found 1 col clusters (in 7.76562 secs)
2025-04-17 10:30:12,125 [DEBUG]  OP: Operation.SPLIT_COLUMNS on slice (9222, 20) (remaining tasks 31)
2025-04-17 10:30:20,381 [DEBUG]  		found 1 col clusters (in 8.25507 secs)
2025-04-17 10:30:20,383 [DEBUG]  OP: Operation.SPLIT_COLUMNS on slice (9231, 20) (remaining tasks 31)
2025-04-17 10:30:28,123 [DEBUG]  		found 1 col clusters (in 7.73968 secs)
2025-04-17 10:30:28,124 [DEBUG]  OP: Operation.SPLIT_COLUMNS on slice (9226, 20) (remaining tasks 31)
2025-04-17 10:30:35,914 [DEBUG]  		found 1 col clusters (in 7.78938 secs)
2025-04-17 10:30:35,916 [DEBUG]  OP: Operation.SPLIT_COLUMNS on slice (9196, 20) (remaining tasks 31)
2025-04-17 10:30:43,461 [DEBUG]  		found 1 col clusters (in 7.54471 secs)
2025-04-17 10:30:43,463 [DEBUG]  OP: Operation.SPLIT_COLUMNS on slice (9178, 20) (remaining tasks 31)
2025-04-17 10:30:51,009 [DEBUG]  		found 1 col clusters (in 7.54552 secs)
2025-04-17 10:30:51,011 [DEBUG]  OP: Operation.SPLIT_COLUMNS on slice (9196, 20) (remaining tasks 31)
2025-04-17 10:30:58,787 [DEBUG]  		found 1 col clusters (in 7.77609 secs)
2025-04-17 10:30:58,789 [DEBUG]  OP: Operation.SPLIT_ROWS on slice (9294, 20) (remaining tasks 31)
2025-04-17 10:30:59,015 [DEBUG]  		found 2 row clusters (in 0.22635 secs)
2025-04-17 10:30:59,017 [DEBUG]  OP: Operation.SPLIT_ROWS on slice (9266, 20) (remaining tasks 32)
2025-04-17 10:30:59,156 [DEBUG]  		found 2 row clusters (in 0.13832 secs)
2025-04-17 10:30:59,157 [DEBUG]  OP: Operation.SPLIT_ROWS on slice (9279, 20) (remaining tasks 33)
2025-04-17 10:30:59,256 [DEBUG]  		found 2 row clusters (in 0.09896 secs)
2025-04-17 10:30:59,258 [DEBUG]  OP: Operation.SPLIT_ROWS on slice (9279, 20) (remaining tasks 34)
2025-04-17 10:30:59,361 [DEBUG]  		found 2 row clusters (in 0.10293 secs)
2025-04-17 10:30:59,362 [DEBUG]  OP: Operation.SPLIT_ROWS on slice (9280, 20) (remaining tasks 35)
2025-04-17 10:30:59,462 [DEBUG]  		found 2 row clusters (in 0.10040 secs)
2025-04-17 10:30:59,464 [DEBUG]  OP: Operation.SPLIT_ROWS on slice (9259, 20) (remaining tasks 36)
2025-04-17 10:30:59,564 [DEBUG]  		found 2 row clusters (in 0.10043 secs)
2025-04-17 10:30:59,565 [DEBUG]  OP: Operation.SPLIT_ROWS on slice (9264, 20) (remaining tasks 37)
2025-04-17 10:30:59,667 [DEBUG]  		found 2 row clusters (in 0.10106 secs)
2025-04-17 10:30:59,668 [DEBUG]  OP: Operation.SPLIT_ROWS on slice (9297, 20) (remaining tasks 38)
2025-04-17 10:30:59,767 [DEBUG]  		found 2 row clusters (in 0.09870 secs)
2025-04-17 10:30:59,768 [DEBUG]  OP: Operation.SPLIT_ROWS on slice (9166, 20) (remaining tasks 39)
2025-04-17 10:30:59,864 [DEBUG]  		found 2 row clusters (in 0.09590 secs)
2025-04-17 10:30:59,865 [DEBUG]  OP: Operation.SPLIT_ROWS on slice (9146, 20) (remaining tasks 40)
2025-04-17 10:30:59,964 [DEBUG]  		found 2 row clusters (in 0.09904 secs)
2025-04-17 10:30:59,966 [DEBUG]  OP: Operation.SPLIT_ROWS on slice (9161, 20) (remaining tasks 41)
2025-04-17 10:31:00,064 [DEBUG]  		found 2 row clusters (in 0.09797 secs)
2025-04-17 10:31:00,065 [DEBUG]  OP: Operation.SPLIT_ROWS on slice (9137, 20) (remaining tasks 42)
2025-04-17 10:31:00,164 [DEBUG]  		found 2 row clusters (in 0.09850 secs)
2025-04-17 10:31:00,165 [DEBUG]  OP: Operation.SPLIT_ROWS on slice (9133, 20) (remaining tasks 43)
2025-04-17 10:31:00,266 [DEBUG]  		found 2 row clusters (in 0.10073 secs)
2025-04-17 10:31:00,267 [DEBUG]  OP: Operation.SPLIT_ROWS on slice (9172, 20) (remaining tasks 44)
2025-04-17 10:31:00,366 [DEBUG]  		found 2 row clusters (in 0.09926 secs)
2025-04-17 10:31:00,368 [DEBUG]  OP: Operation.SPLIT_ROWS on slice (9130, 20) (remaining tasks 45)
2025-04-17 10:31:00,467 [DEBUG]  		found 2 row clusters (in 0.09874 secs)
2025-04-17 10:31:00,468 [DEBUG]  OP: Operation.SPLIT_ROWS on slice (9131, 20) (remaining tasks 46)
2025-04-17 10:31:00,566 [DEBUG]  		found 2 row clusters (in 0.09762 secs)
2025-04-17 10:31:00,567 [DEBUG]  OP: Operation.SPLIT_ROWS on slice (9339, 20) (remaining tasks 47)
2025-04-17 10:31:00,666 [DEBUG]  		found 2 row clusters (in 0.09915 secs)
2025-04-17 10:31:00,667 [DEBUG]  OP: Operation.SPLIT_ROWS on slice (9324, 20) (remaining tasks 48)
2025-04-17 10:31:00,769 [DEBUG]  		found 2 row clusters (in 0.10119 secs)
2025-04-17 10:31:00,770 [DEBUG]  OP: Operation.SPLIT_ROWS on slice (9339, 20) (remaining tasks 49)
2025-04-17 10:31:00,871 [DEBUG]  		found 2 row clusters (in 0.10115 secs)
2025-04-17 10:31:00,873 [DEBUG]  OP: Operation.SPLIT_ROWS on slice (9301, 20) (remaining tasks 50)
2025-04-17 10:31:00,970 [DEBUG]  		found 2 row clusters (in 0.09770 secs)
2025-04-17 10:31:00,972 [DEBUG]  OP: Operation.SPLIT_ROWS on slice (9305, 20) (remaining tasks 51)
2025-04-17 10:31:01,072 [DEBUG]  		found 2 row clusters (in 0.10027 secs)
2025-04-17 10:31:01,073 [DEBUG]  OP: Operation.SPLIT_ROWS on slice (9336, 20) (remaining tasks 52)
2025-04-17 10:31:01,174 [DEBUG]  		found 2 row clusters (in 0.10091 secs)
2025-04-17 10:31:01,176 [DEBUG]  OP: Operation.SPLIT_ROWS on slice (9329, 20) (remaining tasks 53)
2025-04-17 10:31:01,276 [DEBUG]  		found 2 row clusters (in 0.10036 secs)
2025-04-17 10:31:01,277 [DEBUG]  OP: Operation.SPLIT_ROWS on slice (9304, 20) (remaining tasks 54)
2025-04-17 10:31:01,378 [DEBUG]  		found 2 row clusters (in 0.10033 secs)
2025-04-17 10:31:01,379 [DEBUG]  OP: Operation.SPLIT_ROWS on slice (9229, 20) (remaining tasks 55)
2025-04-17 10:31:01,479 [DEBUG]  		found 2 row clusters (in 0.10008 secs)
2025-04-17 10:31:01,480 [DEBUG]  OP: Operation.SPLIT_ROWS on slice (9251, 20) (remaining tasks 56)
2025-04-17 10:31:01,580 [DEBUG]  		found 2 row clusters (in 0.09950 secs)
2025-04-17 10:31:01,581 [DEBUG]  OP: Operation.SPLIT_ROWS on slice (9222, 20) (remaining tasks 57)
2025-04-17 10:31:01,682 [DEBUG]  		found 2 row clusters (in 0.10036 secs)
2025-04-17 10:31:01,683 [DEBUG]  OP: Operation.SPLIT_ROWS on slice (9231, 20) (remaining tasks 58)
2025-04-17 10:31:01,782 [DEBUG]  		found 2 row clusters (in 0.09884 secs)
2025-04-17 10:31:01,783 [DEBUG]  OP: Operation.SPLIT_ROWS on slice (9226, 20) (remaining tasks 59)
2025-04-17 10:31:01,884 [DEBUG]  		found 2 row clusters (in 0.10070 secs)
2025-04-17 10:31:01,885 [DEBUG]  OP: Operation.SPLIT_ROWS on slice (9196, 20) (remaining tasks 60)
2025-04-17 10:31:01,991 [DEBUG]  		found 2 row clusters (in 0.10511 secs)
2025-04-17 10:31:01,992 [DEBUG]  OP: Operation.SPLIT_ROWS on slice (9178, 20) (remaining tasks 61)
2025-04-17 10:31:02,093 [DEBUG]  		found 2 row clusters (in 0.10079 secs)
2025-04-17 10:31:02,094 [DEBUG]  OP: Operation.SPLIT_ROWS on slice (9196, 20) (remaining tasks 62)
2025-04-17 10:31:02,194 [DEBUG]  		found 2 row clusters (in 0.09943 secs)
2025-04-17 10:31:02,194 [DEBUG]  OP: Operation.SPLIT_COLUMNS on slice (4648, 20) (remaining tasks 63)
2025-04-17 10:31:07,243 [DEBUG]  		found 1 col clusters (in 5.04904 secs)
2025-04-17 10:31:07,245 [DEBUG]  OP: Operation.SPLIT_COLUMNS on slice (4646, 20) (remaining tasks 63)
2025-04-17 10:31:11,501 [DEBUG]  		found 1 col clusters (in 4.25600 secs)
2025-04-17 10:31:11,502 [DEBUG]  OP: Operation.SPLIT_COLUMNS on slice (4627, 20) (remaining tasks 63)
2025-04-17 10:31:16,559 [DEBUG]  		found 1 col clusters (in 5.05686 secs)
2025-04-17 10:31:16,560 [DEBUG]  OP: Operation.SPLIT_COLUMNS on slice (4639, 20) (remaining tasks 63)
2025-04-17 10:31:21,935 [DEBUG]  		found 1 col clusters (in 5.37462 secs)
2025-04-17 10:31:21,937 [DEBUG]  OP: Operation.SPLIT_COLUMNS on slice (4633, 20) (remaining tasks 63)
2025-04-17 10:31:27,109 [DEBUG]  		found 1 col clusters (in 5.17224 secs)
2025-04-17 10:31:27,110 [DEBUG]  OP: Operation.SPLIT_COLUMNS on slice (4646, 20) (remaining tasks 63)
2025-04-17 10:31:32,097 [DEBUG]  		found 1 col clusters (in 4.98626 secs)
2025-04-17 10:31:32,098 [DEBUG]  OP: Operation.SPLIT_COLUMNS on slice (4653, 20) (remaining tasks 63)
2025-04-17 10:31:37,402 [DEBUG]  		found 1 col clusters (in 5.30371 secs)
2025-04-17 10:31:37,404 [DEBUG]  OP: Operation.SPLIT_COLUMNS on slice (4626, 20) (remaining tasks 63)
2025-04-17 10:31:41,871 [DEBUG]  		found 1 col clusters (in 4.46685 secs)
2025-04-17 10:31:41,872 [DEBUG]  OP: Operation.SPLIT_COLUMNS on slice (4640, 20) (remaining tasks 63)
2025-04-17 10:31:46,945 [DEBUG]  		found 1 col clusters (in 5.07228 secs)
2025-04-17 10:31:46,946 [DEBUG]  OP: Operation.SPLIT_COLUMNS on slice (4640, 20) (remaining tasks 63)
2025-04-17 10:31:52,035 [DEBUG]  		found 1 col clusters (in 5.08872 secs)
2025-04-17 10:31:52,036 [DEBUG]  OP: Operation.SPLIT_COLUMNS on slice (4630, 20) (remaining tasks 63)
2025-04-17 10:31:57,107 [DEBUG]  		found 1 col clusters (in 5.07012 secs)
2025-04-17 10:31:57,108 [DEBUG]  OP: Operation.SPLIT_COLUMNS on slice (4629, 20) (remaining tasks 63)
2025-04-17 10:32:02,107 [DEBUG]  		found 1 col clusters (in 4.99926 secs)
2025-04-17 10:32:02,109 [DEBUG]  OP: Operation.SPLIT_COLUMNS on slice (4634, 20) (remaining tasks 63)
2025-04-17 10:32:07,195 [DEBUG]  		found 1 col clusters (in 5.08532 secs)
2025-04-17 10:32:07,197 [DEBUG]  OP: Operation.SPLIT_COLUMNS on slice (4630, 20) (remaining tasks 63)
2025-04-17 10:32:12,047 [DEBUG]  		found 1 col clusters (in 4.85043 secs)
2025-04-17 10:32:12,049 [DEBUG]  OP: Operation.SPLIT_COLUMNS on slice (4652, 20) (remaining tasks 63)
2025-04-17 10:32:17,488 [DEBUG]  		found 1 col clusters (in 5.43949 secs)
2025-04-17 10:32:17,490 [DEBUG]  OP: Operation.SPLIT_COLUMNS on slice (4645, 20) (remaining tasks 63)
2025-04-17 10:32:22,606 [DEBUG]  		found 1 col clusters (in 5.11608 secs)
2025-04-17 10:32:22,607 [DEBUG]  OP: Operation.SPLIT_COLUMNS on slice (4566, 20) (remaining tasks 63)
2025-04-17 10:32:27,530 [DEBUG]  		found 1 col clusters (in 4.92239 secs)
2025-04-17 10:32:27,532 [DEBUG]  OP: Operation.SPLIT_COLUMNS on slice (4600, 20) (remaining tasks 63)
2025-04-17 10:32:32,501 [DEBUG]  		found 1 col clusters (in 4.96951 secs)
2025-04-17 10:32:32,502 [DEBUG]  OP: Operation.SPLIT_COLUMNS on slice (4571, 20) (remaining tasks 63)
2025-04-17 10:32:37,393 [DEBUG]  		found 1 col clusters (in 4.89081 secs)
2025-04-17 10:32:37,395 [DEBUG]  OP: Operation.SPLIT_COLUMNS on slice (4575, 20) (remaining tasks 63)
2025-04-17 10:32:42,416 [DEBUG]  		found 1 col clusters (in 5.02133 secs)
2025-04-17 10:32:42,418 [DEBUG]  OP: Operation.SPLIT_COLUMNS on slice (4584, 20) (remaining tasks 63)
2025-04-17 10:32:48,094 [DEBUG]  		found 1 col clusters (in 5.67649 secs)
2025-04-17 10:32:48,096 [DEBUG]  OP: Operation.SPLIT_COLUMNS on slice (4577, 20) (remaining tasks 63)
2025-04-17 10:32:53,891 [DEBUG]  		found 1 col clusters (in 5.79532 secs)
2025-04-17 10:32:53,892 [DEBUG]  OP: Operation.SPLIT_COLUMNS on slice (4573, 20) (remaining tasks 63)
2025-04-17 10:32:59,014 [DEBUG]  		found 1 col clusters (in 5.12106 secs)
2025-04-17 10:32:59,016 [DEBUG]  OP: Operation.SPLIT_COLUMNS on slice (4564, 20) (remaining tasks 63)
2025-04-17 10:33:04,068 [DEBUG]  		found 1 col clusters (in 5.05240 secs)
2025-04-17 10:33:04,070 [DEBUG]  OP: Operation.SPLIT_COLUMNS on slice (4569, 20) (remaining tasks 63)
2025-04-17 10:33:08,856 [DEBUG]  		found 1 col clusters (in 4.78566 secs)
2025-04-17 10:33:08,857 [DEBUG]  OP: Operation.SPLIT_COLUMNS on slice (4564, 20) (remaining tasks 63)
2025-04-17 10:33:14,349 [DEBUG]  		found 1 col clusters (in 5.49203 secs)
2025-04-17 10:33:14,351 [DEBUG]  OP: Operation.SPLIT_COLUMNS on slice (4561, 20) (remaining tasks 63)
2025-04-17 10:33:19,162 [DEBUG]  		found 1 col clusters (in 4.81070 secs)
2025-04-17 10:33:19,163 [DEBUG]  OP: Operation.SPLIT_COLUMNS on slice (4611, 20) (remaining tasks 63)
2025-04-17 10:33:24,934 [DEBUG]  		found 1 col clusters (in 5.77094 secs)
2025-04-17 10:33:24,936 [DEBUG]  OP: Operation.SPLIT_COLUMNS on slice (4568, 20) (remaining tasks 63)
2025-04-17 10:33:30,496 [DEBUG]  		found 1 col clusters (in 5.56031 secs)
2025-04-17 10:33:30,498 [DEBUG]  OP: Operation.SPLIT_COLUMNS on slice (4562, 20) (remaining tasks 63)
2025-04-17 10:33:35,629 [DEBUG]  		found 1 col clusters (in 5.13078 secs)
2025-04-17 10:33:35,630 [DEBUG]  OP: Operation.SPLIT_COLUMNS on slice (4577, 20) (remaining tasks 63)
2025-04-17 10:33:40,585 [DEBUG]  		found 1 col clusters (in 4.95478 secs)
2025-04-17 10:33:40,586 [DEBUG]  OP: Operation.SPLIT_COLUMNS on slice (4554, 20) (remaining tasks 63)
2025-04-17 10:33:46,184 [DEBUG]  		found 1 col clusters (in 5.59832 secs)
2025-04-17 10:33:46,185 [DEBUG]  OP: Operation.SPLIT_COLUMNS on slice (4662, 20) (remaining tasks 63)
2025-04-17 10:33:51,309 [DEBUG]  		found 1 col clusters (in 5.12373 secs)
2025-04-17 10:33:51,311 [DEBUG]  OP: Operation.SPLIT_COLUMNS on slice (4677, 20) (remaining tasks 63)
2025-04-17 10:33:55,757 [DEBUG]  		found 1 col clusters (in 4.44559 secs)
2025-04-17 10:33:55,759 [DEBUG]  OP: Operation.SPLIT_COLUMNS on slice (4664, 20) (remaining tasks 63)
2025-04-17 10:34:00,370 [DEBUG]  		found 1 col clusters (in 4.61153 secs)
2025-04-17 10:34:00,372 [DEBUG]  OP: Operation.SPLIT_COLUMNS on slice (4660, 20) (remaining tasks 63)
2025-04-17 10:34:05,828 [DEBUG]  		found 1 col clusters (in 5.45603 secs)
2025-04-17 10:34:05,830 [DEBUG]  OP: Operation.SPLIT_COLUMNS on slice (4668, 20) (remaining tasks 63)
2025-04-17 10:34:10,267 [DEBUG]  		found 1 col clusters (in 4.43758 secs)
2025-04-17 10:34:10,269 [DEBUG]  OP: Operation.SPLIT_COLUMNS on slice (4671, 20) (remaining tasks 63)
2025-04-17 10:34:14,892 [DEBUG]  		found 1 col clusters (in 4.62246 secs)
2025-04-17 10:34:14,893 [DEBUG]  OP: Operation.SPLIT_COLUMNS on slice (4652, 20) (remaining tasks 63)
2025-04-17 10:34:20,447 [DEBUG]  		found 1 col clusters (in 5.55405 secs)
2025-04-17 10:34:20,448 [DEBUG]  OP: Operation.SPLIT_COLUMNS on slice (4649, 20) (remaining tasks 63)
2025-04-17 10:34:25,562 [DEBUG]  		found 1 col clusters (in 5.11330 secs)
2025-04-17 10:34:25,563 [DEBUG]  OP: Operation.SPLIT_COLUMNS on slice (4640, 20) (remaining tasks 63)
2025-04-17 10:34:30,391 [DEBUG]  		found 1 col clusters (in 4.82705 secs)
2025-04-17 10:34:30,392 [DEBUG]  OP: Operation.SPLIT_COLUMNS on slice (4665, 20) (remaining tasks 63)
2025-04-17 10:34:35,234 [DEBUG]  		found 1 col clusters (in 4.84204 secs)
2025-04-17 10:34:35,236 [DEBUG]  OP: Operation.SPLIT_COLUMNS on slice (4659, 20) (remaining tasks 63)
2025-04-17 10:34:40,601 [DEBUG]  		found 1 col clusters (in 5.36465 secs)
2025-04-17 10:34:40,602 [DEBUG]  OP: Operation.SPLIT_COLUMNS on slice (4677, 20) (remaining tasks 63)
2025-04-17 10:34:45,873 [DEBUG]  		found 2 col clusters (in 5.27112 secs)
2025-04-17 10:34:45,874 [DEBUG]  OP: Operation.SPLIT_COLUMNS on slice (4668, 20) (remaining tasks 64)
2025-04-17 10:34:50,666 [DEBUG]  		found 1 col clusters (in 4.79145 secs)
2025-04-17 10:34:50,667 [DEBUG]  OP: Operation.SPLIT_COLUMNS on slice (4661, 20) (remaining tasks 64)
2025-04-17 10:34:55,374 [DEBUG]  		found 1 col clusters (in 4.70685 secs)
2025-04-17 10:34:55,376 [DEBUG]  OP: Operation.SPLIT_COLUMNS on slice (4655, 20) (remaining tasks 64)
2025-04-17 10:35:00,661 [DEBUG]  		found 1 col clusters (in 5.28524 secs)
2025-04-17 10:35:00,663 [DEBUG]  OP: Operation.REMOVE_UNINFORMATIVE_FEATURES on slice (4649, 20) (remaining tasks 64)
2025-04-17 10:35:00,664 [DEBUG]  OP: Operation.SPLIT_COLUMNS on slice (4629, 20) (remaining tasks 65)
2025-04-17 10:35:06,398 [DEBUG]  		found 1 col clusters (in 5.73362 secs)
2025-04-17 10:35:06,399 [DEBUG]  OP: Operation.SPLIT_COLUMNS on slice (4600, 20) (remaining tasks 65)
2025-04-17 10:35:11,485 [DEBUG]  		found 1 col clusters (in 5.08532 secs)
2025-04-17 10:35:11,486 [DEBUG]  OP: Operation.SPLIT_COLUMNS on slice (4627, 20) (remaining tasks 65)
2025-04-17 10:35:16,927 [DEBUG]  		found 1 col clusters (in 5.44061 secs)
2025-04-17 10:35:16,929 [DEBUG]  OP: Operation.SPLIT_COLUMNS on slice (4624, 20) (remaining tasks 65)
2025-04-17 10:35:22,452 [DEBUG]  		found 1 col clusters (in 5.52280 secs)
2025-04-17 10:35:22,453 [DEBUG]  OP: Operation.SPLIT_COLUMNS on slice (4608, 20) (remaining tasks 65)
2025-04-17 10:35:27,846 [DEBUG]  		found 1 col clusters (in 5.39260 secs)
2025-04-17 10:35:27,847 [DEBUG]  OP: Operation.SPLIT_COLUMNS on slice (4614, 20) (remaining tasks 65)
2025-04-17 10:35:33,322 [DEBUG]  		found 1 col clusters (in 5.47504 secs)
2025-04-17 10:35:33,323 [DEBUG]  OP: Operation.SPLIT_COLUMNS on slice (4604, 20) (remaining tasks 65)
2025-04-17 10:35:37,705 [DEBUG]  		found 1 col clusters (in 4.38176 secs)
2025-04-17 10:35:37,707 [DEBUG]  OP: Operation.SPLIT_COLUMNS on slice (4627, 20) (remaining tasks 65)
2025-04-17 10:35:42,906 [DEBUG]  		found 1 col clusters (in 5.19853 secs)
2025-04-17 10:35:42,907 [DEBUG]  OP: Operation.SPLIT_COLUMNS on slice (4611, 20) (remaining tasks 65)
2025-04-17 10:35:48,557 [DEBUG]  		found 1 col clusters (in 5.64942 secs)
2025-04-17 10:35:48,558 [DEBUG]  OP: Operation.SPLIT_COLUMNS on slice (4615, 20) (remaining tasks 65)
2025-04-17 10:35:53,926 [DEBUG]  		found 1 col clusters (in 5.36838 secs)
2025-04-17 10:35:53,928 [DEBUG]  OP: Operation.SPLIT_COLUMNS on slice (4597, 20) (remaining tasks 65)
2025-04-17 10:35:59,224 [DEBUG]  		found 1 col clusters (in 5.29611 secs)
2025-04-17 10:35:59,226 [DEBUG]  OP: Operation.SPLIT_COLUMNS on slice (4599, 20) (remaining tasks 65)
2025-04-17 10:36:04,452 [DEBUG]  		found 1 col clusters (in 5.22593 secs)
2025-04-17 10:36:04,454 [DEBUG]  OP: Operation.SPLIT_COLUMNS on slice (4580, 20) (remaining tasks 65)
2025-04-17 10:36:10,146 [DEBUG]  		found 1 col clusters (in 5.69139 secs)
2025-04-17 10:36:10,147 [DEBUG]  OP: Operation.SPLIT_COLUMNS on slice (4598, 20) (remaining tasks 65)
2025-04-17 10:36:15,428 [DEBUG]  		found 1 col clusters (in 5.28059 secs)
2025-04-17 10:36:15,429 [DEBUG]  OP: Operation.SPLIT_COLUMNS on slice (4584, 20) (remaining tasks 65)
2025-04-17 10:36:20,254 [DEBUG]  		found 1 col clusters (in 4.82552 secs)
2025-04-17 10:36:20,256 [DEBUG]  OP: Operation.SPLIT_COLUMNS on slice (4612, 20) (remaining tasks 65)
2025-04-17 10:36:24,861 [DEBUG]  		found 1 col clusters (in 4.60392 secs)
2025-04-17 10:36:24,862 [DEBUG]  OP: Operation.SPLIT_ROWS on slice (4648, 20) (remaining tasks 65)
2025-04-17 10:36:25,102 [DEBUG]  		found 2 row clusters (in 0.23991 secs)
2025-04-17 10:36:25,103 [DEBUG]  OP: Operation.SPLIT_ROWS on slice (4646, 20) (remaining tasks 66)
2025-04-17 10:36:25,167 [DEBUG]  		found 2 row clusters (in 0.06396 secs)
2025-04-17 10:36:25,168 [DEBUG]  OP: Operation.SPLIT_ROWS on slice (4627, 20) (remaining tasks 67)
2025-04-17 10:36:25,223 [DEBUG]  		found 2 row clusters (in 0.05504 secs)
2025-04-17 10:36:25,224 [DEBUG]  OP: Operation.SPLIT_ROWS on slice (4639, 20) (remaining tasks 68)
2025-04-17 10:36:25,281 [DEBUG]  		found 2 row clusters (in 0.05698 secs)
2025-04-17 10:36:25,281 [DEBUG]  OP: Operation.SPLIT_ROWS on slice (4633, 20) (remaining tasks 69)
2025-04-17 10:36:25,331 [DEBUG]  		found 2 row clusters (in 0.04930 secs)
2025-04-17 10:36:25,332 [DEBUG]  OP: Operation.SPLIT_ROWS on slice (4646, 20) (remaining tasks 70)
2025-04-17 10:36:25,390 [DEBUG]  		found 2 row clusters (in 0.05811 secs)
2025-04-17 10:36:25,391 [DEBUG]  OP: Operation.SPLIT_ROWS on slice (4653, 20) (remaining tasks 71)
2025-04-17 10:36:25,450 [DEBUG]  		found 2 row clusters (in 0.05974 secs)
2025-04-17 10:36:25,451 [DEBUG]  OP: Operation.SPLIT_ROWS on slice (4626, 20) (remaining tasks 72)
2025-04-17 10:36:25,507 [DEBUG]  		found 2 row clusters (in 0.05525 secs)
2025-04-17 10:36:25,507 [DEBUG]  OP: Operation.SPLIT_ROWS on slice (4640, 20) (remaining tasks 73)
2025-04-17 10:36:25,564 [DEBUG]  		found 2 row clusters (in 0.05668 secs)
2025-04-17 10:36:25,565 [DEBUG]  OP: Operation.SPLIT_ROWS on slice (4640, 20) (remaining tasks 74)
2025-04-17 10:36:25,625 [DEBUG]  		found 2 row clusters (in 0.06003 secs)
2025-04-17 10:36:25,626 [DEBUG]  OP: Operation.SPLIT_ROWS on slice (4630, 20) (remaining tasks 75)
2025-04-17 10:36:25,687 [DEBUG]  		found 2 row clusters (in 0.06162 secs)
2025-04-17 10:36:25,688 [DEBUG]  OP: Operation.SPLIT_ROWS on slice (4629, 20) (remaining tasks 76)
2025-04-17 10:36:25,743 [DEBUG]  		found 2 row clusters (in 0.05523 secs)
2025-04-17 10:36:25,744 [DEBUG]  OP: Operation.SPLIT_ROWS on slice (4634, 20) (remaining tasks 77)
2025-04-17 10:36:25,801 [DEBUG]  		found 2 row clusters (in 0.05644 secs)
2025-04-17 10:36:25,801 [DEBUG]  OP: Operation.SPLIT_ROWS on slice (4630, 20) (remaining tasks 78)
2025-04-17 10:36:25,864 [DEBUG]  		found 2 row clusters (in 0.06239 secs)
2025-04-17 10:36:25,865 [DEBUG]  OP: Operation.SPLIT_ROWS on slice (4652, 20) (remaining tasks 79)
2025-04-17 10:36:25,922 [DEBUG]  		found 2 row clusters (in 0.05683 secs)
2025-04-17 10:36:25,922 [DEBUG]  OP: Operation.SPLIT_ROWS on slice (4645, 20) (remaining tasks 80)
2025-04-17 10:36:25,981 [DEBUG]  		found 2 row clusters (in 0.05814 secs)
2025-04-17 10:36:25,981 [DEBUG]  OP: Operation.SPLIT_ROWS on slice (4566, 20) (remaining tasks 81)
2025-04-17 10:36:26,035 [DEBUG]  		found 2 row clusters (in 0.05404 secs)
2025-04-17 10:36:26,036 [DEBUG]  OP: Operation.SPLIT_ROWS on slice (4600, 20) (remaining tasks 82)
2025-04-17 10:36:26,095 [DEBUG]  		found 2 row clusters (in 0.05885 secs)
2025-04-17 10:36:26,096 [DEBUG]  OP: Operation.SPLIT_ROWS on slice (4571, 20) (remaining tasks 83)
2025-04-17 10:36:26,164 [DEBUG]  		found 2 row clusters (in 0.06788 secs)
2025-04-17 10:36:26,165 [DEBUG]  OP: Operation.SPLIT_ROWS on slice (4575, 20) (remaining tasks 84)
2025-04-17 10:36:26,221 [DEBUG]  		found 2 row clusters (in 0.05630 secs)
2025-04-17 10:36:26,222 [DEBUG]  OP: Operation.SPLIT_ROWS on slice (4584, 20) (remaining tasks 85)
2025-04-17 10:36:26,283 [DEBUG]  		found 2 row clusters (in 0.06128 secs)
2025-04-17 10:36:26,284 [DEBUG]  OP: Operation.SPLIT_ROWS on slice (4577, 20) (remaining tasks 86)
2025-04-17 10:36:26,348 [DEBUG]  		found 2 row clusters (in 0.06370 secs)
2025-04-17 10:36:26,348 [DEBUG]  OP: Operation.SPLIT_ROWS on slice (4573, 20) (remaining tasks 87)
2025-04-17 10:36:26,410 [DEBUG]  		found 2 row clusters (in 0.06148 secs)
2025-04-17 10:36:26,411 [DEBUG]  OP: Operation.SPLIT_ROWS on slice (4564, 20) (remaining tasks 88)
2025-04-17 10:36:26,467 [DEBUG]  		found 2 row clusters (in 0.05659 secs)
2025-04-17 10:36:26,468 [DEBUG]  OP: Operation.SPLIT_ROWS on slice (4569, 20) (remaining tasks 89)
2025-04-17 10:36:26,531 [DEBUG]  		found 2 row clusters (in 0.06266 secs)
2025-04-17 10:36:26,532 [DEBUG]  OP: Operation.SPLIT_ROWS on slice (4564, 20) (remaining tasks 90)
2025-04-17 10:36:26,594 [DEBUG]  		found 2 row clusters (in 0.06222 secs)
2025-04-17 10:36:26,595 [DEBUG]  OP: Operation.SPLIT_ROWS on slice (4561, 20) (remaining tasks 91)
2025-04-17 10:36:26,652 [DEBUG]  		found 2 row clusters (in 0.05712 secs)
2025-04-17 10:36:26,653 [DEBUG]  OP: Operation.SPLIT_ROWS on slice (4611, 20) (remaining tasks 92)
2025-04-17 10:36:26,731 [DEBUG]  		found 2 row clusters (in 0.07802 secs)
2025-04-17 10:36:26,731 [DEBUG]  OP: Operation.SPLIT_ROWS on slice (4568, 20) (remaining tasks 93)
2025-04-17 10:36:26,795 [DEBUG]  		found 2 row clusters (in 0.06338 secs)
2025-04-17 10:36:26,796 [DEBUG]  OP: Operation.SPLIT_ROWS on slice (4562, 20) (remaining tasks 94)
2025-04-17 10:36:26,857 [DEBUG]  		found 2 row clusters (in 0.06161 secs)
2025-04-17 10:36:26,858 [DEBUG]  OP: Operation.SPLIT_ROWS on slice (4577, 20) (remaining tasks 95)
2025-04-17 10:36:26,918 [DEBUG]  		found 2 row clusters (in 0.05968 secs)
2025-04-17 10:36:26,919 [DEBUG]  OP: Operation.SPLIT_ROWS on slice (4554, 20) (remaining tasks 96)
2025-04-17 10:36:26,982 [DEBUG]  		found 2 row clusters (in 0.06366 secs)
2025-04-17 10:36:26,983 [DEBUG]  OP: Operation.SPLIT_ROWS on slice (4662, 20) (remaining tasks 97)
2025-04-17 10:36:27,040 [DEBUG]  		found 2 row clusters (in 0.05673 secs)
2025-04-17 10:36:27,041 [DEBUG]  OP: Operation.SPLIT_ROWS on slice (4677, 20) (remaining tasks 98)
2025-04-17 10:36:27,100 [DEBUG]  		found 2 row clusters (in 0.05904 secs)
2025-04-17 10:36:27,101 [DEBUG]  OP: Operation.SPLIT_ROWS on slice (4664, 20) (remaining tasks 99)
2025-04-17 10:36:27,163 [DEBUG]  		found 2 row clusters (in 0.06221 secs)
2025-04-17 10:36:27,164 [DEBUG]  OP: Operation.SPLIT_ROWS on slice (4660, 20) (remaining tasks 100)
2025-04-17 10:36:27,225 [DEBUG]  		found 2 row clusters (in 0.06102 secs)
2025-04-17 10:36:27,225 [DEBUG]  OP: Operation.SPLIT_ROWS on slice (4668, 20) (remaining tasks 101)
2025-04-17 10:36:27,286 [DEBUG]  		found 2 row clusters (in 0.06026 secs)
2025-04-17 10:36:27,287 [DEBUG]  OP: Operation.SPLIT_ROWS on slice (4671, 20) (remaining tasks 102)
2025-04-17 10:36:27,341 [DEBUG]  		found 2 row clusters (in 0.05408 secs)
2025-04-17 10:36:27,342 [DEBUG]  OP: Operation.SPLIT_ROWS on slice (4652, 20) (remaining tasks 103)
2025-04-17 10:36:27,401 [DEBUG]  		found 2 row clusters (in 0.05889 secs)
2025-04-17 10:36:27,401 [DEBUG]  OP: Operation.SPLIT_ROWS on slice (4649, 20) (remaining tasks 104)
2025-04-17 10:36:27,462 [DEBUG]  		found 2 row clusters (in 0.06084 secs)
2025-04-17 10:36:27,463 [DEBUG]  OP: Operation.SPLIT_ROWS on slice (4640, 20) (remaining tasks 105)
2025-04-17 10:36:27,530 [DEBUG]  		found 2 row clusters (in 0.06669 secs)
2025-04-17 10:36:27,530 [DEBUG]  OP: Operation.SPLIT_ROWS on slice (4665, 20) (remaining tasks 106)
2025-04-17 10:36:27,585 [DEBUG]  		found 2 row clusters (in 0.05426 secs)
2025-04-17 10:36:27,586 [DEBUG]  OP: Operation.SPLIT_ROWS on slice (4659, 20) (remaining tasks 107)
2025-04-17 10:36:27,648 [DEBUG]  		found 2 row clusters (in 0.06276 secs)
2025-04-17 10:36:27,649 [DEBUG]  OP: Operation.SPLIT_COLUMNS on slice (4677, 19) (remaining tasks 108)
2025-04-17 10:36:33,314 [DEBUG]  		found 1 col clusters (in 5.66485 secs)
2025-04-17 10:36:33,314 [DEBUG]  OP: Operation.CREATE_LEAF on slice (4677, 1) (remaining tasks 108)
2025-04-17 10:36:33,315 [DEBUG]  		 created leaf IdentityNumericLeaf for scope=[1] (in 0.00052 secs)
2025-04-17 10:36:33,316 [DEBUG]  OP: Operation.SPLIT_ROWS on slice (4668, 20) (remaining tasks 107)
2025-04-17 10:36:33,489 [DEBUG]  		found 2 row clusters (in 0.17263 secs)
2025-04-17 10:36:33,490 [DEBUG]  OP: Operation.SPLIT_ROWS on slice (4661, 20) (remaining tasks 108)
2025-04-17 10:36:33,577 [DEBUG]  		found 2 row clusters (in 0.08699 secs)
2025-04-17 10:36:33,578 [DEBUG]  OP: Operation.SPLIT_ROWS on slice (4655, 20) (remaining tasks 109)
2025-04-17 10:36:33,652 [DEBUG]  		found 2 row clusters (in 0.07406 secs)
2025-04-17 10:36:33,652 [DEBUG]  OP: Operation.CREATE_LEAF on slice (4649, 1) (remaining tasks 110)
2025-04-17 10:36:33,653 [DEBUG]  		 created leaf IdentityNumericLeaf for scope=[1] (in 0.00046 secs)
2025-04-17 10:36:33,653 [DEBUG]  OP: Operation.SPLIT_COLUMNS on slice (4649, 19) (remaining tasks 109)
2025-04-17 10:36:38,870 [DEBUG]  		found 1 col clusters (in 5.21696 secs)
2025-04-17 10:36:38,872 [DEBUG]  OP: Operation.SPLIT_ROWS on slice (4629, 20) (remaining tasks 109)
2025-04-17 10:36:39,040 [DEBUG]  		found 2 row clusters (in 0.16805 secs)
2025-04-17 10:36:39,041 [DEBUG]  OP: Operation.SPLIT_ROWS on slice (4600, 20) (remaining tasks 110)
2025-04-17 10:36:39,122 [DEBUG]  		found 2 row clusters (in 0.08028 secs)
2025-04-17 10:36:39,122 [DEBUG]  OP: Operation.SPLIT_ROWS on slice (4627, 20) (remaining tasks 111)
2025-04-17 10:36:39,200 [DEBUG]  		found 2 row clusters (in 0.07718 secs)
2025-04-17 10:36:39,201 [DEBUG]  OP: Operation.SPLIT_ROWS on slice (4624, 20) (remaining tasks 112)
2025-04-17 10:36:39,288 [DEBUG]  		found 2 row clusters (in 0.08689 secs)
2025-04-17 10:36:39,289 [DEBUG]  OP: Operation.SPLIT_ROWS on slice (4608, 20) (remaining tasks 113)
2025-04-17 10:36:39,367 [DEBUG]  		found 2 row clusters (in 0.07851 secs)
2025-04-17 10:36:39,368 [DEBUG]  OP: Operation.SPLIT_ROWS on slice (4614, 20) (remaining tasks 114)
2025-04-17 10:36:39,450 [DEBUG]  		found 2 row clusters (in 0.08114 secs)
2025-04-17 10:36:39,450 [DEBUG]  OP: Operation.SPLIT_ROWS on slice (4604, 20) (remaining tasks 115)
2025-04-17 10:36:39,507 [DEBUG]  		found 2 row clusters (in 0.05674 secs)
2025-04-17 10:36:39,508 [DEBUG]  OP: Operation.SPLIT_ROWS on slice (4627, 20) (remaining tasks 116)
2025-04-17 10:36:39,573 [DEBUG]  		found 2 row clusters (in 0.06451 secs)
2025-04-17 10:36:39,573 [DEBUG]  OP: Operation.SPLIT_ROWS on slice (4611, 20) (remaining tasks 117)
2025-04-17 10:36:39,635 [DEBUG]  		found 2 row clusters (in 0.06187 secs)
2025-04-17 10:36:39,636 [DEBUG]  OP: Operation.SPLIT_ROWS on slice (4615, 20) (remaining tasks 118)
2025-04-17 10:36:39,701 [DEBUG]  		found 2 row clusters (in 0.06453 secs)
2025-04-17 10:36:39,701 [DEBUG]  OP: Operation.SPLIT_ROWS on slice (4597, 20) (remaining tasks 119)
2025-04-17 10:36:39,764 [DEBUG]  		found 2 row clusters (in 0.06253 secs)
2025-04-17 10:36:39,765 [DEBUG]  OP: Operation.SPLIT_ROWS on slice (4599, 20) (remaining tasks 120)
2025-04-17 10:36:39,826 [DEBUG]  		found 2 row clusters (in 0.06165 secs)
2025-04-17 10:36:39,827 [DEBUG]  OP: Operation.SPLIT_ROWS on slice (4580, 20) (remaining tasks 121)
2025-04-17 10:36:39,888 [DEBUG]  		found 2 row clusters (in 0.06077 secs)
2025-04-17 10:36:39,889 [DEBUG]  OP: Operation.SPLIT_ROWS on slice (4598, 20) (remaining tasks 122)
2025-04-17 10:36:39,940 [DEBUG]  		found 2 row clusters (in 0.05130 secs)
2025-04-17 10:36:39,941 [DEBUG]  OP: Operation.SPLIT_ROWS on slice (4584, 20) (remaining tasks 123)
2025-04-17 10:36:40,006 [DEBUG]  		found 2 row clusters (in 0.06525 secs)
2025-04-17 10:36:40,007 [DEBUG]  OP: Operation.SPLIT_ROWS on slice (4612, 20) (remaining tasks 124)
2025-04-17 10:36:40,068 [DEBUG]  		found 2 row clusters (in 0.06139 secs)
2025-04-17 10:36:40,069 [DEBUG]  OP: Operation.NAIVE_FACTORIZATION on slice (2311, 20) (remaining tasks 125)
2025-04-17 10:36:40,138 [DEBUG]  		naive factorization 20 columns (in 0.06923 secs)
2025-04-17 10:36:40,139 [DEBUG]  OP: Operation.NAIVE_FACTORIZATION on slice (2337, 20) (remaining tasks 124)
2025-04-17 10:36:40,213 [DEBUG]  		naive factorization 20 columns (in 0.07386 secs)
2025-04-17 10:36:40,214 [DEBUG]  OP: Operation.NAIVE_FACTORIZATION on slice (2301, 20) (remaining tasks 123)
2025-04-17 10:36:40,290 [DEBUG]  		naive factorization 20 columns (in 0.07584 secs)
2025-04-17 10:36:40,290 [DEBUG]  OP: Operation.NAIVE_FACTORIZATION on slice (2345, 20) (remaining tasks 122)
2025-04-17 10:36:40,395 [DEBUG]  		naive factorization 20 columns (in 0.10417 secs)
2025-04-17 10:36:40,395 [DEBUG]  OP: Operation.NAIVE_FACTORIZATION on slice (2311, 20) (remaining tasks 121)
2025-04-17 10:36:40,501 [DEBUG]  		naive factorization 20 columns (in 0.10549 secs)
2025-04-17 10:36:40,502 [DEBUG]  OP: Operation.NAIVE_FACTORIZATION on slice (2316, 20) (remaining tasks 120)
2025-04-17 10:36:40,561 [DEBUG]  		naive factorization 20 columns (in 0.05933 secs)
2025-04-17 10:36:40,562 [DEBUG]  OP: Operation.NAIVE_FACTORIZATION on slice (2330, 20) (remaining tasks 119)
2025-04-17 10:36:40,669 [DEBUG]  		naive factorization 20 columns (in 0.10635 secs)
2025-04-17 10:36:40,670 [DEBUG]  OP: Operation.REMOVE_UNINFORMATIVE_FEATURES on slice (2309, 20) (remaining tasks 118)
2025-04-17 10:36:40,671 [DEBUG]  OP: Operation.NAIVE_FACTORIZATION on slice (2279, 20) (remaining tasks 119)
2025-04-17 10:36:40,779 [DEBUG]  		naive factorization 20 columns (in 0.10717 secs)
2025-04-17 10:36:40,780 [DEBUG]  OP: Operation.NAIVE_FACTORIZATION on slice (2354, 20) (remaining tasks 118)
2025-04-17 10:36:40,894 [DEBUG]  		naive factorization 20 columns (in 0.11394 secs)
2025-04-17 10:36:40,895 [DEBUG]  OP: Operation.NAIVE_FACTORIZATION on slice (2334, 20) (remaining tasks 117)
2025-04-17 10:36:41,006 [DEBUG]  		naive factorization 20 columns (in 0.11031 secs)
2025-04-17 10:36:41,007 [DEBUG]  OP: Operation.NAIVE_FACTORIZATION on slice (2312, 20) (remaining tasks 116)
2025-04-17 10:36:41,120 [DEBUG]  		naive factorization 20 columns (in 0.11305 secs)
2025-04-17 10:36:41,122 [DEBUG]  OP: Operation.NAIVE_FACTORIZATION on slice (2329, 20) (remaining tasks 115)
2025-04-17 10:36:41,235 [DEBUG]  		naive factorization 20 columns (in 0.11309 secs)
2025-04-17 10:36:41,236 [DEBUG]  OP: Operation.NAIVE_FACTORIZATION on slice (2324, 20) (remaining tasks 114)
2025-04-17 10:36:41,355 [DEBUG]  		naive factorization 20 columns (in 0.11816 secs)
2025-04-17 10:36:41,356 [DEBUG]  OP: Operation.NAIVE_FACTORIZATION on slice (2323, 20) (remaining tasks 113)
2025-04-17 10:36:41,470 [DEBUG]  		naive factorization 20 columns (in 0.11423 secs)
2025-04-17 10:36:41,472 [DEBUG]  OP: Operation.NAIVE_FACTORIZATION on slice (2303, 20) (remaining tasks 112)
2025-04-17 10:36:41,503 [DEBUG]  		naive factorization 20 columns (in 0.03134 secs)
2025-04-17 10:36:41,504 [DEBUG]  OP: Operation.NAIVE_FACTORIZATION on slice (2293, 20) (remaining tasks 111)
2025-04-17 10:36:41,537 [DEBUG]  		naive factorization 20 columns (in 0.03180 secs)
2025-04-17 10:36:41,538 [DEBUG]  OP: Operation.NAIVE_FACTORIZATION on slice (2347, 20) (remaining tasks 110)
2025-04-17 10:36:41,564 [DEBUG]  		naive factorization 20 columns (in 0.02621 secs)
2025-04-17 10:36:41,565 [DEBUG]  OP: Operation.NAIVE_FACTORIZATION on slice (2302, 20) (remaining tasks 109)
2025-04-17 10:36:41,683 [DEBUG]  		naive factorization 20 columns (in 0.11758 secs)
2025-04-17 10:36:41,684 [DEBUG]  OP: Operation.NAIVE_FACTORIZATION on slice (2338, 20) (remaining tasks 108)
2025-04-17 10:36:41,708 [DEBUG]  		naive factorization 20 columns (in 0.02348 secs)
2025-04-17 10:36:41,709 [DEBUG]  OP: Operation.NAIVE_FACTORIZATION on slice (2310, 20) (remaining tasks 107)
2025-04-17 10:36:41,734 [DEBUG]  		naive factorization 20 columns (in 0.02410 secs)
2025-04-17 10:36:41,735 [DEBUG]  OP: Operation.NAIVE_FACTORIZATION on slice (2320, 20) (remaining tasks 106)
2025-04-17 10:36:41,761 [DEBUG]  		naive factorization 20 columns (in 0.02605 secs)
2025-04-17 10:36:41,762 [DEBUG]  OP: Operation.NAIVE_FACTORIZATION on slice (2323, 20) (remaining tasks 105)
2025-04-17 10:36:41,787 [DEBUG]  		naive factorization 20 columns (in 0.02461 secs)
2025-04-17 10:36:41,788 [DEBUG]  OP: Operation.NAIVE_FACTORIZATION on slice (2306, 20) (remaining tasks 104)
2025-04-17 10:36:41,817 [DEBUG]  		naive factorization 20 columns (in 0.02810 secs)
2025-04-17 10:36:41,818 [DEBUG]  OP: Operation.REMOVE_UNINFORMATIVE_FEATURES on slice (2324, 20) (remaining tasks 103)
2025-04-17 10:36:41,819 [DEBUG]  OP: Operation.NAIVE_FACTORIZATION on slice (2310, 20) (remaining tasks 104)
2025-04-17 10:36:41,847 [DEBUG]  		naive factorization 20 columns (in 0.02719 secs)
2025-04-17 10:36:41,848 [DEBUG]  OP: Operation.NAIVE_FACTORIZATION on slice (2313, 20) (remaining tasks 103)
2025-04-17 10:36:41,962 [DEBUG]  		naive factorization 20 columns (in 0.11358 secs)
2025-04-17 10:36:41,963 [DEBUG]  OP: Operation.NAIVE_FACTORIZATION on slice (2317, 20) (remaining tasks 102)
2025-04-17 10:36:41,992 [DEBUG]  		naive factorization 20 columns (in 0.02910 secs)
2025-04-17 10:36:41,993 [DEBUG]  OP: Operation.NAIVE_FACTORIZATION on slice (2326, 20) (remaining tasks 101)
2025-04-17 10:36:42,107 [DEBUG]  		naive factorization 20 columns (in 0.11305 secs)
2025-04-17 10:36:42,108 [DEBUG]  OP: Operation.NAIVE_FACTORIZATION on slice (2326, 20) (remaining tasks 100)
2025-04-17 10:36:42,226 [DEBUG]  		naive factorization 20 columns (in 0.11783 secs)
2025-04-17 10:36:42,227 [DEBUG]  OP: Operation.NAIVE_FACTORIZATION on slice (2341, 20) (remaining tasks 99)
2025-04-17 10:36:42,342 [DEBUG]  		naive factorization 20 columns (in 0.11437 secs)
2025-04-17 10:36:42,343 [DEBUG]  OP: Operation.NAIVE_FACTORIZATION on slice (2304, 20) (remaining tasks 98)
2025-04-17 10:36:42,368 [DEBUG]  		naive factorization 20 columns (in 0.02422 secs)
2025-04-17 10:36:42,369 [DEBUG]  OP: Operation.NAIVE_FACTORIZATION on slice (2309, 20) (remaining tasks 97)
2025-04-17 10:36:42,396 [DEBUG]  		naive factorization 20 columns (in 0.02653 secs)
2025-04-17 10:36:42,397 [DEBUG]  OP: Operation.NAIVE_FACTORIZATION on slice (2257, 20) (remaining tasks 96)
2025-04-17 10:36:42,420 [DEBUG]  		naive factorization 20 columns (in 0.02302 secs)
2025-04-17 10:36:42,421 [DEBUG]  OP: Operation.NAIVE_FACTORIZATION on slice (2305, 20) (remaining tasks 95)
2025-04-17 10:36:42,534 [DEBUG]  		naive factorization 20 columns (in 0.11237 secs)
2025-04-17 10:36:42,535 [DEBUG]  OP: Operation.NAIVE_FACTORIZATION on slice (2295, 20) (remaining tasks 94)
2025-04-17 10:36:42,564 [DEBUG]  		naive factorization 20 columns (in 0.02895 secs)
2025-04-17 10:36:42,566 [DEBUG]  OP: Operation.NAIVE_FACTORIZATION on slice (2281, 20) (remaining tasks 93)
2025-04-17 10:36:42,680 [DEBUG]  		naive factorization 20 columns (in 0.11445 secs)
2025-04-17 10:36:42,681 [DEBUG]  OP: Operation.NAIVE_FACTORIZATION on slice (2290, 20) (remaining tasks 92)
2025-04-17 10:36:42,705 [DEBUG]  		naive factorization 20 columns (in 0.02338 secs)
2025-04-17 10:36:42,706 [DEBUG]  OP: Operation.NAIVE_FACTORIZATION on slice (2300, 20) (remaining tasks 91)
2025-04-17 10:36:42,737 [DEBUG]  		naive factorization 20 columns (in 0.03053 secs)
2025-04-17 10:36:42,738 [DEBUG]  OP: Operation.NAIVE_FACTORIZATION on slice (2275, 20) (remaining tasks 90)
2025-04-17 10:36:42,764 [DEBUG]  		naive factorization 20 columns (in 0.02579 secs)
2025-04-17 10:36:42,766 [DEBUG]  OP: Operation.REMOVE_UNINFORMATIVE_FEATURES on slice (2289, 20) (remaining tasks 89)
2025-04-17 10:36:42,767 [DEBUG]  OP: Operation.NAIVE_FACTORIZATION on slice (2295, 20) (remaining tasks 90)
2025-04-17 10:36:42,800 [DEBUG]  		naive factorization 20 columns (in 0.03273 secs)
2025-04-17 10:36:42,801 [DEBUG]  OP: Operation.NAIVE_FACTORIZATION on slice (2287, 20) (remaining tasks 89)
2025-04-17 10:36:42,914 [DEBUG]  		naive factorization 20 columns (in 0.11246 secs)
2025-04-17 10:36:42,915 [DEBUG]  OP: Operation.NAIVE_FACTORIZATION on slice (2290, 20) (remaining tasks 88)
2025-04-17 10:36:43,029 [DEBUG]  		naive factorization 20 columns (in 0.11392 secs)
2025-04-17 10:36:43,030 [DEBUG]  OP: Operation.NAIVE_FACTORIZATION on slice (2286, 20) (remaining tasks 87)
2025-04-17 10:36:43,143 [DEBUG]  		naive factorization 20 columns (in 0.11181 secs)
2025-04-17 10:36:43,144 [DEBUG]  OP: Operation.NAIVE_FACTORIZATION on slice (2287, 20) (remaining tasks 86)
2025-04-17 10:36:43,174 [DEBUG]  		naive factorization 20 columns (in 0.02962 secs)
2025-04-17 10:36:43,175 [DEBUG]  OP: Operation.REMOVE_UNINFORMATIVE_FEATURES on slice (2289, 20) (remaining tasks 85)
2025-04-17 10:36:43,176 [DEBUG]  OP: Operation.NAIVE_FACTORIZATION on slice (2275, 20) (remaining tasks 86)
2025-04-17 10:36:43,206 [DEBUG]  		naive factorization 20 columns (in 0.02939 secs)
2025-04-17 10:36:43,207 [DEBUG]  OP: Operation.NAIVE_FACTORIZATION on slice (2268, 20) (remaining tasks 85)
2025-04-17 10:36:43,236 [DEBUG]  		naive factorization 20 columns (in 0.02910 secs)
2025-04-17 10:36:43,237 [DEBUG]  OP: Operation.NAIVE_FACTORIZATION on slice (2301, 20) (remaining tasks 84)
2025-04-17 10:36:43,268 [DEBUG]  		naive factorization 20 columns (in 0.02990 secs)
2025-04-17 10:36:43,269 [DEBUG]  OP: Operation.NAIVE_FACTORIZATION on slice (2282, 20) (remaining tasks 83)
2025-04-17 10:36:43,295 [DEBUG]  		naive factorization 20 columns (in 0.02600 secs)
2025-04-17 10:36:43,296 [DEBUG]  OP: Operation.NAIVE_FACTORIZATION on slice (2282, 20) (remaining tasks 82)
2025-04-17 10:36:43,411 [DEBUG]  		naive factorization 20 columns (in 0.11445 secs)
2025-04-17 10:36:43,412 [DEBUG]  OP: Operation.NAIVE_FACTORIZATION on slice (2287, 20) (remaining tasks 81)
2025-04-17 10:36:43,442 [DEBUG]  		naive factorization 20 columns (in 0.02948 secs)
2025-04-17 10:36:43,443 [DEBUG]  OP: Operation.NAIVE_FACTORIZATION on slice (2274, 20) (remaining tasks 80)
2025-04-17 10:36:43,555 [DEBUG]  		naive factorization 20 columns (in 0.11165 secs)
2025-04-17 10:36:43,556 [DEBUG]  OP: Operation.REMOVE_UNINFORMATIVE_FEATURES on slice (2327, 20) (remaining tasks 79)
2025-04-17 10:36:43,557 [DEBUG]  OP: Operation.NAIVE_FACTORIZATION on slice (2284, 20) (remaining tasks 80)
2025-04-17 10:36:43,582 [DEBUG]  		naive factorization 20 columns (in 0.02465 secs)
2025-04-17 10:36:43,584 [DEBUG]  OP: Operation.NAIVE_FACTORIZATION on slice (2278, 20) (remaining tasks 79)
2025-04-17 10:36:43,704 [DEBUG]  		naive factorization 20 columns (in 0.11998 secs)
2025-04-17 10:36:43,705 [DEBUG]  OP: Operation.NAIVE_FACTORIZATION on slice (2290, 20) (remaining tasks 78)
2025-04-17 10:36:43,733 [DEBUG]  		naive factorization 20 columns (in 0.02747 secs)
2025-04-17 10:36:43,734 [DEBUG]  OP: Operation.NAIVE_FACTORIZATION on slice (2277, 20) (remaining tasks 77)
2025-04-17 10:36:43,766 [DEBUG]  		naive factorization 20 columns (in 0.03118 secs)
2025-04-17 10:36:43,767 [DEBUG]  OP: Operation.NAIVE_FACTORIZATION on slice (2285, 20) (remaining tasks 76)
2025-04-17 10:36:43,795 [DEBUG]  		naive factorization 20 columns (in 0.02769 secs)
2025-04-17 10:36:43,796 [DEBUG]  OP: Operation.NAIVE_FACTORIZATION on slice (2274, 20) (remaining tasks 75)
2025-04-17 10:36:43,822 [DEBUG]  		naive factorization 20 columns (in 0.02561 secs)
2025-04-17 10:36:43,823 [DEBUG]  OP: Operation.NAIVE_FACTORIZATION on slice (2303, 20) (remaining tasks 74)
2025-04-17 10:36:43,849 [DEBUG]  		naive factorization 20 columns (in 0.02588 secs)
2025-04-17 10:36:43,850 [DEBUG]  OP: Operation.NAIVE_FACTORIZATION on slice (2282, 20) (remaining tasks 73)
2025-04-17 10:36:43,879 [DEBUG]  		naive factorization 20 columns (in 0.02820 secs)
2025-04-17 10:36:43,880 [DEBUG]  OP: Operation.NAIVE_FACTORIZATION on slice (2272, 20) (remaining tasks 72)
2025-04-17 10:36:43,912 [DEBUG]  		naive factorization 20 columns (in 0.03154 secs)
2025-04-17 10:36:43,913 [DEBUG]  OP: Operation.NAIVE_FACTORIZATION on slice (2323, 20) (remaining tasks 71)
2025-04-17 10:36:44,027 [DEBUG]  		naive factorization 20 columns (in 0.11394 secs)
2025-04-17 10:36:44,028 [DEBUG]  OP: Operation.NAIVE_FACTORIZATION on slice (2339, 20) (remaining tasks 70)
2025-04-17 10:36:44,057 [DEBUG]  		naive factorization 20 columns (in 0.02834 secs)
2025-04-17 10:36:44,058 [DEBUG]  OP: Operation.NAIVE_FACTORIZATION on slice (2337, 20) (remaining tasks 69)
2025-04-17 10:36:44,088 [DEBUG]  		naive factorization 20 columns (in 0.02924 secs)
2025-04-17 10:36:44,089 [DEBUG]  OP: Operation.NAIVE_FACTORIZATION on slice (2340, 20) (remaining tasks 68)
2025-04-17 10:36:44,118 [DEBUG]  		naive factorization 20 columns (in 0.02861 secs)
2025-04-17 10:36:44,119 [DEBUG]  OP: Operation.NAIVE_FACTORIZATION on slice (2326, 20) (remaining tasks 67)
2025-04-17 10:36:44,148 [DEBUG]  		naive factorization 20 columns (in 0.02915 secs)
2025-04-17 10:36:44,149 [DEBUG]  OP: Operation.NAIVE_FACTORIZATION on slice (2338, 20) (remaining tasks 66)
2025-04-17 10:36:44,174 [DEBUG]  		naive factorization 20 columns (in 0.02427 secs)
2025-04-17 10:36:44,175 [DEBUG]  OP: Operation.NAIVE_FACTORIZATION on slice (2319, 20) (remaining tasks 65)
2025-04-17 10:36:44,204 [DEBUG]  		naive factorization 20 columns (in 0.02816 secs)
2025-04-17 10:36:44,205 [DEBUG]  OP: Operation.NAIVE_FACTORIZATION on slice (2341, 20) (remaining tasks 64)
2025-04-17 10:36:44,230 [DEBUG]  		naive factorization 20 columns (in 0.02476 secs)
2025-04-17 10:36:44,231 [DEBUG]  OP: Operation.NAIVE_FACTORIZATION on slice (2325, 20) (remaining tasks 63)
2025-04-17 10:36:44,257 [DEBUG]  		naive factorization 20 columns (in 0.02516 secs)
2025-04-17 10:36:44,258 [DEBUG]  OP: Operation.NAIVE_FACTORIZATION on slice (2343, 20) (remaining tasks 62)
2025-04-17 10:36:44,283 [DEBUG]  		naive factorization 20 columns (in 0.02548 secs)
2025-04-17 10:36:44,285 [DEBUG]  OP: Operation.NAIVE_FACTORIZATION on slice (2345, 20) (remaining tasks 61)
2025-04-17 10:36:44,314 [DEBUG]  		naive factorization 20 columns (in 0.02878 secs)
2025-04-17 10:36:44,315 [DEBUG]  OP: Operation.NAIVE_FACTORIZATION on slice (2326, 20) (remaining tasks 60)
2025-04-17 10:36:44,340 [DEBUG]  		naive factorization 20 columns (in 0.02431 secs)
2025-04-17 10:36:44,341 [DEBUG]  OP: Operation.NAIVE_FACTORIZATION on slice (2327, 20) (remaining tasks 59)
2025-04-17 10:36:44,458 [DEBUG]  		naive factorization 20 columns (in 0.11682 secs)
2025-04-17 10:36:44,459 [DEBUG]  OP: Operation.NAIVE_FACTORIZATION on slice (2325, 20) (remaining tasks 58)
2025-04-17 10:36:44,488 [DEBUG]  		naive factorization 20 columns (in 0.02865 secs)
2025-04-17 10:36:44,489 [DEBUG]  OP: Operation.NAIVE_FACTORIZATION on slice (2325, 20) (remaining tasks 57)
2025-04-17 10:36:44,520 [DEBUG]  		naive factorization 20 columns (in 0.02996 secs)
2025-04-17 10:36:44,521 [DEBUG]  OP: Operation.NAIVE_FACTORIZATION on slice (2324, 20) (remaining tasks 56)
2025-04-17 10:36:44,550 [DEBUG]  		naive factorization 20 columns (in 0.02853 secs)
2025-04-17 10:36:44,551 [DEBUG]  OP: Operation.NAIVE_FACTORIZATION on slice (2309, 20) (remaining tasks 55)
2025-04-17 10:36:44,577 [DEBUG]  		naive factorization 20 columns (in 0.02613 secs)
2025-04-17 10:36:44,578 [DEBUG]  OP: Operation.NAIVE_FACTORIZATION on slice (2331, 20) (remaining tasks 54)
2025-04-17 10:36:44,604 [DEBUG]  		naive factorization 20 columns (in 0.02537 secs)
2025-04-17 10:36:44,605 [DEBUG]  OP: Operation.NAIVE_FACTORIZATION on slice (2306, 20) (remaining tasks 53)
2025-04-17 10:36:44,631 [DEBUG]  		naive factorization 20 columns (in 0.02615 secs)
2025-04-17 10:36:44,633 [DEBUG]  OP: Operation.NAIVE_FACTORIZATION on slice (2359, 20) (remaining tasks 52)
2025-04-17 10:36:44,659 [DEBUG]  		naive factorization 20 columns (in 0.02609 secs)
2025-04-17 10:36:44,660 [DEBUG]  OP: Operation.REMOVE_UNINFORMATIVE_FEATURES on slice (2299, 20) (remaining tasks 51)
2025-04-17 10:36:44,661 [DEBUG]  OP: Operation.NAIVE_FACTORIZATION on slice (2360, 20) (remaining tasks 52)
2025-04-17 10:36:44,691 [DEBUG]  		naive factorization 20 columns (in 0.02909 secs)
2025-04-17 10:36:44,692 [DEBUG]  OP: Operation.SPLIT_ROWS on slice (4677, 19) (remaining tasks 51)
2025-04-17 10:36:44,778 [DEBUG]  		found 2 row clusters (in 0.08613 secs)
2025-04-17 10:36:44,779 [DEBUG]  OP: Operation.NAIVE_FACTORIZATION on slice (2343, 20) (remaining tasks 52)
2025-04-17 10:36:44,797 [DEBUG]  		naive factorization 20 columns (in 0.01811 secs)
2025-04-17 10:36:44,798 [DEBUG]  OP: Operation.NAIVE_FACTORIZATION on slice (2325, 20) (remaining tasks 51)
2025-04-17 10:36:44,814 [DEBUG]  		naive factorization 20 columns (in 0.01638 secs)
2025-04-17 10:36:44,815 [DEBUG]  OP: Operation.NAIVE_FACTORIZATION on slice (2360, 20) (remaining tasks 50)
2025-04-17 10:36:44,830 [DEBUG]  		naive factorization 20 columns (in 0.01501 secs)
2025-04-17 10:36:44,831 [DEBUG]  OP: Operation.NAIVE_FACTORIZATION on slice (2301, 20) (remaining tasks 49)
2025-04-17 10:36:44,845 [DEBUG]  		naive factorization 20 columns (in 0.01448 secs)
2025-04-17 10:36:44,846 [DEBUG]  OP: Operation.NAIVE_FACTORIZATION on slice (2326, 20) (remaining tasks 48)
2025-04-17 10:36:44,863 [DEBUG]  		naive factorization 20 columns (in 0.01728 secs)
2025-04-17 10:36:44,864 [DEBUG]  OP: Operation.NAIVE_FACTORIZATION on slice (2329, 20) (remaining tasks 47)
2025-04-17 10:36:44,881 [DEBUG]  		naive factorization 20 columns (in 0.01668 secs)
2025-04-17 10:36:44,881 [DEBUG]  OP: Operation.SPLIT_ROWS on slice (4649, 19) (remaining tasks 46)
2025-04-17 10:36:44,950 [DEBUG]  		found 2 row clusters (in 0.06812 secs)
2025-04-17 10:36:44,950 [DEBUG]  OP: Operation.NAIVE_FACTORIZATION on slice (2335, 20) (remaining tasks 47)
2025-04-17 10:36:44,972 [DEBUG]  		naive factorization 20 columns (in 0.02141 secs)
2025-04-17 10:36:44,972 [DEBUG]  OP: Operation.NAIVE_FACTORIZATION on slice (2294, 20) (remaining tasks 46)
2025-04-17 10:36:44,987 [DEBUG]  		naive factorization 20 columns (in 0.01418 secs)
2025-04-17 10:36:44,988 [DEBUG]  OP: Operation.NAIVE_FACTORIZATION on slice (2305, 20) (remaining tasks 45)
2025-04-17 10:36:45,007 [DEBUG]  		naive factorization 20 columns (in 0.01925 secs)
2025-04-17 10:36:45,008 [DEBUG]  OP: Operation.NAIVE_FACTORIZATION on slice (2295, 20) (remaining tasks 44)
2025-04-17 10:36:45,029 [DEBUG]  		naive factorization 20 columns (in 0.02062 secs)
2025-04-17 10:36:45,030 [DEBUG]  OP: Operation.NAIVE_FACTORIZATION on slice (2311, 20) (remaining tasks 43)
2025-04-17 10:36:45,048 [DEBUG]  		naive factorization 20 columns (in 0.01786 secs)
2025-04-17 10:36:45,048 [DEBUG]  OP: Operation.NAIVE_FACTORIZATION on slice (2316, 20) (remaining tasks 42)
2025-04-17 10:36:45,067 [DEBUG]  		naive factorization 20 columns (in 0.01812 secs)
2025-04-17 10:36:45,068 [DEBUG]  OP: Operation.NAIVE_FACTORIZATION on slice (2305, 20) (remaining tasks 41)
2025-04-17 10:36:45,150 [DEBUG]  		naive factorization 20 columns (in 0.08245 secs)
2025-04-17 10:36:45,152 [DEBUG]  OP: Operation.NAIVE_FACTORIZATION on slice (2319, 20) (remaining tasks 40)
2025-04-17 10:36:45,174 [DEBUG]  		naive factorization 20 columns (in 0.02185 secs)
2025-04-17 10:36:45,175 [DEBUG]  OP: Operation.NAIVE_FACTORIZATION on slice (2317, 20) (remaining tasks 39)
2025-04-17 10:36:45,196 [DEBUG]  		naive factorization 20 columns (in 0.02075 secs)
2025-04-17 10:36:45,197 [DEBUG]  OP: Operation.NAIVE_FACTORIZATION on slice (2291, 20) (remaining tasks 38)
2025-04-17 10:36:45,211 [DEBUG]  		naive factorization 20 columns (in 0.01418 secs)
2025-04-17 10:36:45,212 [DEBUG]  OP: Operation.NAIVE_FACTORIZATION on slice (2328, 20) (remaining tasks 37)
2025-04-17 10:36:45,231 [DEBUG]  		naive factorization 20 columns (in 0.01890 secs)
2025-04-17 10:36:45,233 [DEBUG]  OP: Operation.NAIVE_FACTORIZATION on slice (2286, 20) (remaining tasks 36)
2025-04-17 10:36:45,248 [DEBUG]  		naive factorization 20 columns (in 0.01479 secs)
2025-04-17 10:36:45,249 [DEBUG]  OP: Operation.NAIVE_FACTORIZATION on slice (2321, 20) (remaining tasks 35)
2025-04-17 10:36:45,270 [DEBUG]  		naive factorization 20 columns (in 0.02113 secs)
2025-04-17 10:36:45,271 [DEBUG]  OP: Operation.NAIVE_FACTORIZATION on slice (2283, 20) (remaining tasks 34)
2025-04-17 10:36:45,287 [DEBUG]  		naive factorization 20 columns (in 0.01594 secs)
2025-04-17 10:36:45,288 [DEBUG]  OP: Operation.NAIVE_FACTORIZATION on slice (2304, 20) (remaining tasks 33)
2025-04-17 10:36:45,308 [DEBUG]  		naive factorization 20 columns (in 0.01960 secs)
2025-04-17 10:36:45,309 [DEBUG]  OP: Operation.REMOVE_UNINFORMATIVE_FEATURES on slice (2323, 20) (remaining tasks 32)
2025-04-17 10:36:45,311 [DEBUG]  OP: Operation.NAIVE_FACTORIZATION on slice (2301, 20) (remaining tasks 33)
2025-04-17 10:36:45,329 [DEBUG]  		naive factorization 20 columns (in 0.01836 secs)
2025-04-17 10:36:45,330 [DEBUG]  OP: Operation.NAIVE_FACTORIZATION on slice (2310, 20) (remaining tasks 32)
2025-04-17 10:36:45,346 [DEBUG]  		naive factorization 20 columns (in 0.01594 secs)
2025-04-17 10:36:45,348 [DEBUG]  OP: Operation.NAIVE_FACTORIZATION on slice (2315, 20) (remaining tasks 31)
2025-04-17 10:36:45,365 [DEBUG]  		naive factorization 20 columns (in 0.01756 secs)
2025-04-17 10:36:45,366 [DEBUG]  OP: Operation.NAIVE_FACTORIZATION on slice (2300, 20) (remaining tasks 30)
2025-04-17 10:36:45,386 [DEBUG]  		naive factorization 20 columns (in 0.01948 secs)
2025-04-17 10:36:45,387 [DEBUG]  OP: Operation.NAIVE_FACTORIZATION on slice (2304, 20) (remaining tasks 29)
2025-04-17 10:36:45,405 [DEBUG]  		naive factorization 20 columns (in 0.01751 secs)
2025-04-17 10:36:45,406 [DEBUG]  OP: Operation.NAIVE_FACTORIZATION on slice (2293, 20) (remaining tasks 28)
2025-04-17 10:36:45,427 [DEBUG]  		naive factorization 20 columns (in 0.02057 secs)
2025-04-17 10:36:45,428 [DEBUG]  OP: Operation.NAIVE_FACTORIZATION on slice (2301, 20) (remaining tasks 27)
2025-04-17 10:36:45,449 [DEBUG]  		naive factorization 20 columns (in 0.02048 secs)
2025-04-17 10:36:45,450 [DEBUG]  OP: Operation.NAIVE_FACTORIZATION on slice (2298, 20) (remaining tasks 26)
2025-04-17 10:36:45,472 [DEBUG]  		naive factorization 20 columns (in 0.02208 secs)
2025-04-17 10:36:45,473 [DEBUG]  OP: Operation.NAIVE_FACTORIZATION on slice (2300, 20) (remaining tasks 25)
2025-04-17 10:36:45,497 [DEBUG]  		naive factorization 20 columns (in 0.02403 secs)
2025-04-17 10:36:45,498 [DEBUG]  OP: Operation.NAIVE_FACTORIZATION on slice (2280, 20) (remaining tasks 24)
2025-04-17 10:36:45,521 [DEBUG]  		naive factorization 20 columns (in 0.02243 secs)
2025-04-17 10:36:45,522 [DEBUG]  OP: Operation.NAIVE_FACTORIZATION on slice (2302, 20) (remaining tasks 23)
2025-04-17 10:36:45,546 [DEBUG]  		naive factorization 20 columns (in 0.02347 secs)
2025-04-17 10:36:45,547 [DEBUG]  OP: Operation.NAIVE_FACTORIZATION on slice (2296, 20) (remaining tasks 22)
2025-04-17 10:36:45,568 [DEBUG]  		naive factorization 20 columns (in 0.01998 secs)
2025-04-17 10:36:45,569 [DEBUG]  OP: Operation.NAIVE_FACTORIZATION on slice (2290, 20) (remaining tasks 21)
2025-04-17 10:36:45,590 [DEBUG]  		naive factorization 20 columns (in 0.02148 secs)
2025-04-17 10:36:45,592 [DEBUG]  OP: Operation.NAIVE_FACTORIZATION on slice (2294, 20) (remaining tasks 20)
2025-04-17 10:36:45,616 [DEBUG]  		naive factorization 20 columns (in 0.02456 secs)
2025-04-17 10:36:45,618 [DEBUG]  OP: Operation.NAIVE_FACTORIZATION on slice (2309, 20) (remaining tasks 19)
2025-04-17 10:36:45,642 [DEBUG]  		naive factorization 20 columns (in 0.02429 secs)
2025-04-17 10:36:45,643 [DEBUG]  OP: Operation.NAIVE_FACTORIZATION on slice (2303, 20) (remaining tasks 18)
2025-04-17 10:36:45,670 [DEBUG]  		naive factorization 20 columns (in 0.02630 secs)
2025-04-17 10:36:45,670 [DEBUG]  OP: Operation.CREATE_LEAF on slice (2309, 1) (remaining tasks 17)
2025-04-17 10:36:45,671 [DEBUG]  		 created leaf IdentityNumericLeaf for scope=[1] (in 0.00073 secs)
2025-04-17 10:36:45,672 [DEBUG]  OP: Operation.NAIVE_FACTORIZATION on slice (2309, 19) (remaining tasks 16)
2025-04-17 10:36:45,705 [DEBUG]  		naive factorization 19 columns (in 0.03326 secs)
2025-04-17 10:36:45,706 [DEBUG]  OP: Operation.CREATE_LEAF on slice (2324, 1) (remaining tasks 15)
2025-04-17 10:36:45,707 [DEBUG]  		 created leaf IdentityNumericLeaf for scope=[1] (in 0.00069 secs)
2025-04-17 10:36:45,707 [DEBUG]  OP: Operation.NAIVE_FACTORIZATION on slice (2324, 19) (remaining tasks 14)
2025-04-17 10:36:45,732 [DEBUG]  		naive factorization 19 columns (in 0.02402 secs)
2025-04-17 10:36:45,732 [DEBUG]  OP: Operation.CREATE_LEAF on slice (2289, 1) (remaining tasks 13)
2025-04-17 10:36:45,733 [DEBUG]  		 created leaf IdentityNumericLeaf for scope=[1] (in 0.00067 secs)
2025-04-17 10:36:45,734 [DEBUG]  OP: Operation.NAIVE_FACTORIZATION on slice (2289, 19) (remaining tasks 12)
2025-04-17 10:36:45,760 [DEBUG]  		naive factorization 19 columns (in 0.02568 secs)
2025-04-17 10:36:45,760 [DEBUG]  OP: Operation.CREATE_LEAF on slice (2289, 1) (remaining tasks 11)
2025-04-17 10:36:45,761 [DEBUG]  		 created leaf IdentityNumericLeaf for scope=[1] (in 0.00069 secs)
2025-04-17 10:36:45,761 [DEBUG]  OP: Operation.NAIVE_FACTORIZATION on slice (2289, 19) (remaining tasks 10)
2025-04-17 10:36:45,788 [DEBUG]  		naive factorization 19 columns (in 0.02614 secs)
2025-04-17 10:36:45,788 [DEBUG]  OP: Operation.CREATE_LEAF on slice (2327, 1) (remaining tasks 9)
2025-04-17 10:36:45,789 [DEBUG]  		 created leaf IdentityNumericLeaf for scope=[1] (in 0.00068 secs)
2025-04-17 10:36:45,790 [DEBUG]  OP: Operation.NAIVE_FACTORIZATION on slice (2327, 19) (remaining tasks 8)
2025-04-17 10:36:45,816 [DEBUG]  		naive factorization 19 columns (in 0.02585 secs)
2025-04-17 10:36:45,816 [DEBUG]  OP: Operation.CREATE_LEAF on slice (2299, 1) (remaining tasks 7)
2025-04-17 10:36:45,817 [DEBUG]  		 created leaf IdentityNumericLeaf for scope=[1] (in 0.00070 secs)
2025-04-17 10:36:45,818 [DEBUG]  OP: Operation.NAIVE_FACTORIZATION on slice (2299, 19) (remaining tasks 6)
2025-04-17 10:36:45,844 [DEBUG]  		naive factorization 19 columns (in 0.02625 secs)
2025-04-17 10:36:45,845 [DEBUG]  OP: Operation.NAIVE_FACTORIZATION on slice (2344, 19) (remaining tasks 5)
2025-04-17 10:36:45,872 [DEBUG]  		naive factorization 19 columns (in 0.02569 secs)
2025-04-17 10:36:45,873 [DEBUG]  OP: Operation.NAIVE_FACTORIZATION on slice (2333, 19) (remaining tasks 4)
2025-04-17 10:36:45,898 [DEBUG]  		naive factorization 19 columns (in 0.02535 secs)
2025-04-17 10:36:45,900 [DEBUG]  OP: Operation.NAIVE_FACTORIZATION on slice (2318, 19) (remaining tasks 3)
2025-04-17 10:36:45,928 [DEBUG]  		naive factorization 19 columns (in 0.02851 secs)
2025-04-17 10:36:45,930 [DEBUG]  OP: Operation.NAIVE_FACTORIZATION on slice (2331, 19) (remaining tasks 2)
2025-04-17 10:36:45,965 [DEBUG]  		naive factorization 19 columns (in 0.03568 secs)
2025-04-17 10:36:45,966 [DEBUG]  OP: Operation.CREATE_LEAF on slice (2323, 1) (remaining tasks 1)
2025-04-17 10:36:45,967 [DEBUG]  		 created leaf IdentityNumericLeaf for scope=[1] (in 0.00072 secs)
2025-04-17 10:36:45,967 [DEBUG]  OP: Operation.NAIVE_FACTORIZATION on slice (2323, 19) (remaining tasks 0)
2025-04-17 10:36:45,999 [DEBUG]  		naive factorization 19 columns (in 0.03076 secs)
2025-04-17 10:37:12,732 [DEBUG]  Built SPN in 889.6613762201741 sec
2025-04-17 10:37:12,732 [INFO ]  Saving ensemble to /home/dafn/card/deepcard/collected_temp_benchmarks/spn_ensembles/Gas sensor array temperature modulation/ensemble_single_20161007_210049_10000000.pkl
