2025-04-16 14:50:35,601 [INFO ]  Generating HDF files for tables in /home/dafn/card/deepcard/collected_datasets/Gas sensor array temperature modulation and store to path /home/dafn/card/deepcard/collected_temp_benchmarks/gen_single_light/Gas sensor array temperature modulation
2025-04-16 14:50:35,601 [INFO ]  Removing target path /home/dafn/card/deepcard/collected_temp_benchmarks/gen_single_light/Gas sensor array temperature modulation
2025-04-16 14:50:35,611 [INFO ]  Making target path /home/dafn/card/deepcard/collected_temp_benchmarks/gen_single_light/Gas sensor array temperature modulation
2025-04-16 14:50:35,611 [INFO ]  Preparing hdf file for table 20161003_085624
2025-04-16 14:50:36,218 [INFO ]  Managing functional dependencies for table 20161003_085624
2025-04-16 14:50:36,232 [INFO ]  Preparing multipliers for table 20161003_085624
2025-04-16 14:50:36,232 [INFO ]  Preparing categorical values and null values for table 20161003_085624
2025-04-16 14:50:36,232 [DEBUG]  		Preparing numerical values for column f1
2025-04-16 14:50:36,237 [DEBUG]  		Preparing numerical values for column f2
2025-04-16 14:50:36,242 [DEBUG]  		Preparing numerical values for column f3
2025-04-16 14:50:36,246 [DEBUG]  		Preparing numerical values for column f4
2025-04-16 14:50:36,250 [DEBUG]  		Preparing numerical values for column f5
2025-04-16 14:50:36,255 [DEBUG]  		Preparing numerical values for column f6
2025-04-16 14:50:36,259 [DEBUG]  		Preparing numerical values for column f7
2025-04-16 14:50:36,263 [DEBUG]  		Preparing numerical values for column f8
2025-04-16 14:50:36,268 [DEBUG]  		Preparing numerical values for column f9
2025-04-16 14:50:36,272 [DEBUG]  		Preparing numerical values for column f10
2025-04-16 14:50:36,276 [DEBUG]  		Preparing numerical values for column f11
2025-04-16 14:50:36,281 [DEBUG]  		Preparing numerical values for column f12
2025-04-16 14:50:36,285 [DEBUG]  		Preparing numerical values for column f13
2025-04-16 14:50:36,289 [DEBUG]  		Preparing numerical values for column f14
2025-04-16 14:50:36,294 [DEBUG]  		Preparing numerical values for column f15
2025-04-16 14:50:36,298 [DEBUG]  		Preparing numerical values for column f16
2025-04-16 14:50:36,302 [DEBUG]  		Preparing numerical values for column f17
2025-04-16 14:50:36,307 [DEBUG]  		Preparing numerical values for column f18
2025-04-16 14:50:36,311 [DEBUG]  		Preparing numerical values for column f19
2025-04-16 14:50:36,315 [DEBUG]  		Preparing numerical values for column f20
2025-04-16 14:50:36,320 [INFO ]  Relevant attributes for table 20161003_085624 are ['f1', 'f2', 'f3', 'f4', 'f5', 'f6', 'f7', 'f8', 'f9', 'f10', 'f11', 'f12', 'f13', 'f14', 'f15', 'f16', 'f17', 'f18', 'f19', 'f20']
2025-04-16 14:50:36,320 [INFO ]  NULL values for table 20161003_085624 are [45435.140366452484, 9.900366467703753, 45.60760622556646, 26.720156629015896, 239.94377953533987, 0.35531150557997976, 15.198474151166725, 17.4401313466351, 22.15156059249239, 19.759671027392624, 31.360419268177207, 28.60134264152858, 31.641092032465338, 26.658395059181604, 23.00010555664524, 25.418075183293883, 27.205534663172127, 25.201359317889743, 22.026691184646605, 28.25848033818059]
2025-04-16 14:50:36,522 [INFO ]  Adding table parts without join partners for table 20161003_085624
2025-04-16 14:50:36,523 [INFO ]  Files successfully created
