2025-04-17 09:54:25,226 [INFO ]  Generating HDF files for tables in /home/dafn/card/deepcard/collected_datasets/Gas sensor array temperature modulation and store to path /home/dafn/card/deepcard/collected_temp_benchmarks/gen_single_light/Gas sensor array temperature modulation
2025-04-17 09:54:25,227 [INFO ]  Preparing hdf file for table 20161005_140846
2025-04-17 09:54:25,835 [INFO ]  Managing functional dependencies for table 20161005_140846
2025-04-17 09:54:25,849 [INFO ]  Preparing multipliers for table 20161005_140846
2025-04-17 09:54:25,849 [INFO ]  Preparing categorical values and null values for table 20161005_140846
2025-04-17 09:54:25,850 [DEBUG]  		Preparing numerical values for column f1
2025-04-17 09:54:25,854 [DEBUG]  		Preparing numerical values for column f2
2025-04-17 09:54:25,859 [DEBUG]  		Preparing numerical values for column f3
2025-04-17 09:54:25,863 [DEBUG]  		Preparing numerical values for column f4
2025-04-17 09:54:25,868 [DEBUG]  		Preparing numerical values for column f5
2025-04-17 09:54:25,872 [DEBUG]  		Preparing numerical values for column f6
2025-04-17 09:54:25,876 [DEBUG]  		Preparing numerical values for column f7
2025-04-17 09:54:25,881 [DEBUG]  		Preparing numerical values for column f8
2025-04-17 09:54:25,885 [DEBUG]  		Preparing numerical values for column f9
2025-04-17 09:54:25,889 [DEBUG]  		Preparing numerical values for column f10
2025-04-17 09:54:25,893 [DEBUG]  		Preparing numerical values for column f11
2025-04-17 09:54:25,898 [DEBUG]  		Preparing numerical values for column f12
2025-04-17 09:54:25,902 [DEBUG]  		Preparing numerical values for column f13
2025-04-17 09:54:25,906 [DEBUG]  		Preparing numerical values for column f14
2025-04-17 09:54:25,910 [DEBUG]  		Preparing numerical values for column f15
2025-04-17 09:54:25,915 [DEBUG]  		Preparing numerical values for column f16
2025-04-17 09:54:25,919 [DEBUG]  		Preparing numerical values for column f17
2025-04-17 09:54:25,923 [DEBUG]  		Preparing numerical values for column f18
2025-04-17 09:54:25,928 [DEBUG]  		Preparing numerical values for column f19
2025-04-17 09:54:25,932 [DEBUG]  		Preparing numerical values for column f20
2025-04-17 09:54:25,936 [INFO ]  Relevant attributes for table 20161005_140846 are ['f1', 'f2', 'f3', 'f4', 'f5', 'f6', 'f7', 'f8', 'f9', 'f10', 'f11', 'f12', 'f13', 'f14', 'f15', 'f16', 'f17', 'f18', 'f19', 'f20']
2025-04-17 09:54:25,936 [INFO ]  NULL values for table 20161005_140846 are [45466.25223353454, 9.89836882490678, 45.32930051161627, 25.81365929605392, 239.94475992170106, 0.3553383021919644, 16.733224583635042, 18.821528759465917, 23.711108562128217, 21.716792983886787, 33.401512617499165, 30.380802140532055, 33.598318649969215, 28.319421177258786, 24.136212632049105, 26.553746522565923, 28.48066627934519, 26.69688807277674, 23.492103836783578, 29.557979496098593]
2025-04-17 09:54:26,124 [INFO ]  Adding table parts without join partners for table 20161005_140846
2025-04-17 09:54:26,124 [INFO ]  Files successfully created
