2025-04-16 16:29:51,516 [INFO ]  Generating HDF files for tables in /home/dafn/card/deepcard/collected_datasets/Gas sensor array temperature modulation and store to path /home/dafn/card/deepcard/collected_temp_benchmarks/gen_single_light/Gas sensor array temperature modulation
2025-04-16 16:29:51,517 [INFO ]  Preparing hdf file for table 20161001_231809
2025-04-16 16:29:52,108 [INFO ]  Managing functional dependencies for table 20161001_231809
2025-04-16 16:29:52,121 [INFO ]  Preparing multipliers for table 20161001_231809
2025-04-16 16:29:52,121 [INFO ]  Preparing categorical values and null values for table 20161001_231809
2025-04-16 16:29:52,122 [DEBUG]  		Preparing numerical values for column f1
2025-04-16 16:29:52,126 [DEBUG]  		Preparing numerical values for column f2
2025-04-16 16:29:52,131 [DEBUG]  		Preparing numerical values for column f3
2025-04-16 16:29:52,135 [DEBUG]  		Preparing numerical values for column f4
2025-04-16 16:29:52,139 [DEBUG]  		Preparing numerical values for column f5
2025-04-16 16:29:52,143 [DEBUG]  		Preparing numerical values for column f6
2025-04-16 16:29:52,148 [DEBUG]  		Preparing numerical values for column f7
2025-04-16 16:29:52,152 [DEBUG]  		Preparing numerical values for column f8
2025-04-16 16:29:52,156 [DEBUG]  		Preparing numerical values for column f9
2025-04-16 16:29:52,160 [DEBUG]  		Preparing numerical values for column f10
2025-04-16 16:29:52,164 [DEBUG]  		Preparing numerical values for column f11
2025-04-16 16:29:52,169 [DEBUG]  		Preparing numerical values for column f12
2025-04-16 16:29:52,173 [DEBUG]  		Preparing numerical values for column f13
2025-04-16 16:29:52,177 [DEBUG]  		Preparing numerical values for column f14
2025-04-16 16:29:52,181 [DEBUG]  		Preparing numerical values for column f15
2025-04-16 16:29:52,185 [DEBUG]  		Preparing numerical values for column f16
2025-04-16 16:29:52,189 [DEBUG]  		Preparing numerical values for column f17
2025-04-16 16:29:52,193 [DEBUG]  		Preparing numerical values for column f18
2025-04-16 16:29:52,198 [DEBUG]  		Preparing numerical values for column f19
2025-04-16 16:29:52,202 [DEBUG]  		Preparing numerical values for column f20
2025-04-16 16:29:52,206 [INFO ]  Relevant attributes for table 20161001_231809 are ['f1', 'f2', 'f3', 'f4', 'f5', 'f6', 'f7', 'f8', 'f9', 'f10', 'f11', 'f12', 'f13', 'f14', 'f15', 'f16', 'f17', 'f18', 'f19', 'f20']
2025-04-16 16:29:52,206 [INFO ]  NULL values for table 20161001_231809 are [45450.91141053818, 9.900036456570879, 45.748274738762035, 26.427511713748164, 239.94261731919755, 0.3554193820300762, 15.331672490152817, 17.590639699373305, 22.473763008094316, 19.21232035084395, 31.498282976894657, 28.963581206093746, 31.945915000541426, 26.939321905074515, 22.39766416742241, 25.95588728089174, 27.755414900716033, 25.77290510530733, 22.46052810981469, 28.84646987946507]
2025-04-16 16:29:52,402 [INFO ]  Adding table parts without join partners for table 20161001_231809
2025-04-16 16:29:52,403 [INFO ]  Files successfully created
