2025-04-16 14:45:26,801 [INFO ]  Generating HDF files for tables in /home/dafn/card/deepcard/collected_datasets/Gas sensor array temperature modulation and store to path /home/dafn/card/deepcard/collected_temp_benchmarks/gen_single_light/Gas sensor array temperature modulation
2025-04-16 14:45:26,801 [INFO ]  Removing target path /home/dafn/card/deepcard/collected_temp_benchmarks/gen_single_light/Gas sensor array temperature modulation
2025-04-16 14:45:26,802 [INFO ]  Making target path /home/dafn/card/deepcard/collected_temp_benchmarks/gen_single_light/Gas sensor array temperature modulation
2025-04-16 14:45:26,802 [INFO ]  Preparing hdf file for table 20161007_210049
2025-04-16 14:45:27,422 [INFO ]  Managing functional dependencies for table 20161007_210049
2025-04-16 14:45:27,436 [INFO ]  Preparing multipliers for table 20161007_210049
2025-04-16 14:45:27,436 [INFO ]  Preparing categorical values and null values for table 20161007_210049
2025-04-16 14:45:27,436 [DEBUG]  		Preparing numerical values for column f1
2025-04-16 14:45:27,441 [DEBUG]  		Preparing numerical values for column f2
2025-04-16 14:45:27,446 [DEBUG]  		Preparing numerical values for column f3
2025-04-16 14:45:27,450 [DEBUG]  		Preparing numerical values for column f4
2025-04-16 14:45:27,454 [DEBUG]  		Preparing numerical values for column f5
2025-04-16 14:45:27,459 [DEBUG]  		Preparing numerical values for column f6
2025-04-16 14:45:27,463 [DEBUG]  		Preparing numerical values for column f7
2025-04-16 14:45:27,467 [DEBUG]  		Preparing numerical values for column f8
2025-04-16 14:45:27,472 [DEBUG]  		Preparing numerical values for column f9
2025-04-16 14:45:27,476 [DEBUG]  		Preparing numerical values for column f10
2025-04-16 14:45:27,480 [DEBUG]  		Preparing numerical values for column f11
2025-04-16 14:45:27,484 [DEBUG]  		Preparing numerical values for column f12
2025-04-16 14:45:27,489 [DEBUG]  		Preparing numerical values for column f13
2025-04-16 14:45:27,493 [DEBUG]  		Preparing numerical values for column f14
2025-04-16 14:45:27,497 [DEBUG]  		Preparing numerical values for column f15
2025-04-16 14:45:27,501 [DEBUG]  		Preparing numerical values for column f16
2025-04-16 14:45:27,506 [DEBUG]  		Preparing numerical values for column f17
2025-04-16 14:45:27,510 [DEBUG]  		Preparing numerical values for column f18
2025-04-16 14:45:27,514 [DEBUG]  		Preparing numerical values for column f19
2025-04-16 14:45:27,518 [DEBUG]  		Preparing numerical values for column f20
2025-04-16 14:45:27,523 [INFO ]  Relevant attributes for table 20161007_210049 are ['f1', 'f2', 'f3', 'f4', 'f5', 'f6', 'f7', 'f8', 'f9', 'f10', 'f11', 'f12', 'f13', 'f14', 'f15', 'f16', 'f17', 'f18', 'f19', 'f20']
2025-04-16 14:45:27,523 [INFO ]  NULL values for table 20161007_210049 are [45455.047778934735, 9.89889271795739, 45.37556135542781, 26.30233373554277, 239.94358773993906, 0.3549608096043287, 15.961574272911735, 17.974044949611095, 22.519072722353727, 21.196662962800133, 32.03390024890092, 28.920169557997976, 32.18202584612784, 27.78650521339195, 23.798658855596887, 26.057625438620217, 27.985905006425433, 26.020431650321274, 22.849403616841396, 28.90991082482245]
2025-04-16 14:45:27,741 [INFO ]  Adding table parts without join partners for table 20161007_210049
2025-04-16 14:45:27,742 [INFO ]  Files successfully created
