2025-04-17 09:54:36,513 [INFO ]  Generating HDF files for tables in /home/dafn/card/deepcard/collected_datasets/Gas sensor array temperature modulation and store to path /home/dafn/card/deepcard/collected_temp_benchmarks/gen_single_light/Gas sensor array temperature modulation
2025-04-17 09:54:36,513 [INFO ]  Preparing hdf file for table 20161010_095046
2025-04-17 09:54:37,126 [INFO ]  Managing functional dependencies for table 20161010_095046
2025-04-17 09:54:37,140 [INFO ]  Preparing multipliers for table 20161010_095046
2025-04-17 09:54:37,140 [INFO ]  Preparing categorical values and null values for table 20161010_095046
2025-04-17 09:54:37,140 [DEBUG]  		Preparing numerical values for column f1
2025-04-17 09:54:37,145 [DEBUG]  		Preparing numerical values for column f2
2025-04-17 09:54:37,150 [DEBUG]  		Preparing numerical values for column f3
2025-04-17 09:54:37,154 [DEBUG]  		Preparing numerical values for column f4
2025-04-17 09:54:37,158 [DEBUG]  		Preparing numerical values for column f5
2025-04-17 09:54:37,162 [DEBUG]  		Preparing numerical values for column f6
2025-04-17 09:54:37,167 [DEBUG]  		Preparing numerical values for column f7
2025-04-17 09:54:37,171 [DEBUG]  		Preparing numerical values for column f8
2025-04-17 09:54:37,175 [DEBUG]  		Preparing numerical values for column f9
2025-04-17 09:54:37,179 [DEBUG]  		Preparing numerical values for column f10
2025-04-17 09:54:37,184 [DEBUG]  		Preparing numerical values for column f11
2025-04-17 09:54:37,188 [DEBUG]  		Preparing numerical values for column f12
2025-04-17 09:54:37,192 [DEBUG]  		Preparing numerical values for column f13
2025-04-17 09:54:37,196 [DEBUG]  		Preparing numerical values for column f14
2025-04-17 09:54:37,201 [DEBUG]  		Preparing numerical values for column f15
2025-04-17 09:54:37,205 [DEBUG]  		Preparing numerical values for column f16
2025-04-17 09:54:37,209 [DEBUG]  		Preparing numerical values for column f17
2025-04-17 09:54:37,213 [DEBUG]  		Preparing numerical values for column f18
2025-04-17 09:54:37,218 [DEBUG]  		Preparing numerical values for column f19
2025-04-17 09:54:37,222 [DEBUG]  		Preparing numerical values for column f20
2025-04-17 09:54:37,226 [INFO ]  Relevant attributes for table 20161010_095046 are ['f1', 'f2', 'f3', 'f4', 'f5', 'f6', 'f7', 'f8', 'f9', 'f10', 'f11', 'f12', 'f13', 'f14', 'f15', 'f16', 'f17', 'f18', 'f19', 'f20']
2025-04-17 09:54:37,226 [INFO ]  NULL values for table 20161010_095046 are [45457.967861130295, 9.901175721140024, 44.84089808958331, 25.81638289111978, 239.94420243518954, 0.3550214112061999, 17.184317710746004, 19.15225636675942, 23.683712793367302, 22.8985280138091, 33.55222417268815, 30.29636790195674, 33.71432500853771, 28.70011000043957, 24.43562946166825, 26.548508319272894, 28.611592270082213, 26.815405735645673, 23.713139518913128, 29.48220107659587]
2025-04-17 09:54:37,415 [INFO ]  Adding table parts without join partners for table 20161010_095046
2025-04-17 09:54:37,416 [INFO ]  Files successfully created
