2025-04-16 14:50:55,536 [INFO ]  Generating HDF files for tables in /home/dafn/card/deepcard/collected_datasets/Gas sensor array temperature modulation and store to path /home/dafn/card/deepcard/collected_temp_benchmarks/gen_single_light/Gas sensor array temperature modulation
2025-04-16 14:50:55,536 [INFO ]  Removing target path /home/dafn/card/deepcard/collected_temp_benchmarks/gen_single_light/Gas sensor array temperature modulation
2025-04-16 14:50:55,546 [INFO ]  Making target path /home/dafn/card/deepcard/collected_temp_benchmarks/gen_single_light/Gas sensor array temperature modulation
2025-04-16 14:50:55,546 [INFO ]  Preparing hdf file for table 20161001_231809
2025-04-16 14:50:56,145 [INFO ]  Managing functional dependencies for table 20161001_231809
2025-04-16 14:50:56,159 [INFO ]  Preparing multipliers for table 20161001_231809
2025-04-16 14:50:56,159 [INFO ]  Preparing categorical values and null values for table 20161001_231809
2025-04-16 14:50:56,160 [DEBUG]  		Preparing numerical values for column f1
2025-04-16 14:50:56,165 [DEBUG]  		Preparing numerical values for column f2
2025-04-16 14:50:56,169 [DEBUG]  		Preparing numerical values for column f3
2025-04-16 14:50:56,174 [DEBUG]  		Preparing numerical values for column f4
2025-04-16 14:50:56,178 [DEBUG]  		Preparing numerical values for column f5
2025-04-16 14:50:56,182 [DEBUG]  		Preparing numerical values for column f6
2025-04-16 14:50:56,186 [DEBUG]  		Preparing numerical values for column f7
2025-04-16 14:50:56,191 [DEBUG]  		Preparing numerical values for column f8
2025-04-16 14:50:56,195 [DEBUG]  		Preparing numerical values for column f9
2025-04-16 14:50:56,199 [DEBUG]  		Preparing numerical values for column f10
2025-04-16 14:50:56,203 [DEBUG]  		Preparing numerical values for column f11
2025-04-16 14:50:56,208 [DEBUG]  		Preparing numerical values for column f12
2025-04-16 14:50:56,212 [DEBUG]  		Preparing numerical values for column f13
2025-04-16 14:50:56,216 [DEBUG]  		Preparing numerical values for column f14
2025-04-16 14:50:56,221 [DEBUG]  		Preparing numerical values for column f15
2025-04-16 14:50:56,225 [DEBUG]  		Preparing numerical values for column f16
2025-04-16 14:50:56,229 [DEBUG]  		Preparing numerical values for column f17
2025-04-16 14:50:56,233 [DEBUG]  		Preparing numerical values for column f18
2025-04-16 14:50:56,238 [DEBUG]  		Preparing numerical values for column f19
2025-04-16 14:50:56,242 [DEBUG]  		Preparing numerical values for column f20
2025-04-16 14:50:56,246 [INFO ]  Relevant attributes for table 20161001_231809 are ['f1', 'f2', 'f3', 'f4', 'f5', 'f6', 'f7', 'f8', 'f9', 'f10', 'f11', 'f12', 'f13', 'f14', 'f15', 'f16', 'f17', 'f18', 'f19', 'f20']
2025-04-16 14:50:56,246 [INFO ]  NULL values for table 20161001_231809 are [45450.91141053818, 9.900036456570879, 45.748274738762035, 26.427511713748164, 239.94261731919755, 0.3554193820300762, 15.331672490152817, 17.590639699373305, 22.473763008094316, 19.21232035084395, 31.498282976894657, 28.963581206093746, 31.945915000541426, 26.939321905074515, 22.39766416742241, 25.95588728089174, 27.755414900716033, 25.77290510530733, 22.46052810981469, 28.84646987946507]
2025-04-16 14:50:56,448 [INFO ]  Adding table parts without join partners for table 20161001_231809
2025-04-16 14:50:56,449 [INFO ]  Files successfully created
