2025-04-22 14:57:22,642 [INFO ]  Creating naive ensemble.
2025-04-22 14:57:22,642 [INFO ]  Learning SPN for accelerometer_gyro_mobile_phone_dataset.
2025-04-22 14:57:22,642 [DEBUG]  generate_join_sample(single_table=accelerometer_gyro_mobile_phone_dataset, relationship_list=None, split_condition=None)
2025-04-22 14:57:22,675 [DEBUG]  Using min_instance_slice parameter 319.91.
2025-04-22 14:57:22,675 [INFO ]  SPN training phase with 31991 samples
2025-04-22 14:57:22,691 [DEBUG]  Built domains in 0.015442004005308263 sec
2025-04-22 14:57:23,043 [DEBUG]  CACHEDIR=/home/dafn/.cache/matplotlib
2025-04-22 14:57:23,045 [DEBUG]  Using fontManager instance from /home/dafn/.cache/matplotlib/fontlist-v300.json
2025-04-22 14:57:23,138 [DEBUG]  Loaded backend qt5agg version unknown.
2025-04-22 14:57:23,168 [DEBUG]  Loaded backend qt5agg version unknown.
2025-04-22 14:57:23,169 [DEBUG]  Loaded backend qt4agg version unknown.
2025-04-22 14:57:23,176 [DEBUG]  Loaded backend tkagg version unknown.
2025-04-22 14:57:23,176 [DEBUG]  Loaded backend agg version unknown.
2025-04-22 14:57:23,176 [DEBUG]  Loaded backend agg version unknown.
2025-04-22 14:57:23,181 [DEBUG]  OP: Operation.SPLIT_ROWS on slice (31991, 8) (remaining tasks 0)
2025-04-22 14:57:23,343 [DEBUG]  		found 2 row clusters (in 0.16247 secs)
2025-04-22 14:57:23,345 [DEBUG]  OP: Operation.SPLIT_COLUMNS on slice (16142, 8) (remaining tasks 1)
2025-04-22 14:57:24,408 [DEBUG]  		found 1 col clusters (in 1.06314 secs)
2025-04-22 14:57:24,411 [DEBUG]  OP: Operation.SPLIT_COLUMNS on slice (15849, 8) (remaining tasks 1)
2025-04-22 14:57:25,990 [DEBUG]  		found 2 col clusters (in 1.57865 secs)
2025-04-22 14:57:25,992 [DEBUG]  OP: Operation.SPLIT_ROWS on slice (16142, 8) (remaining tasks 2)
2025-04-22 14:57:26,201 [DEBUG]  		found 2 row clusters (in 0.20859 secs)
2025-04-22 14:57:26,202 [DEBUG]  OP: Operation.SPLIT_COLUMNS on slice (15849, 7) (remaining tasks 3)
2025-04-22 14:57:27,223 [DEBUG]  		found 1 col clusters (in 1.02091 secs)
2025-04-22 14:57:27,223 [DEBUG]  OP: Operation.CREATE_LEAF on slice (15849, 1) (remaining tasks 3)
2025-04-22 14:57:27,224 [DEBUG]  		 created leaf IdentityNumericLeaf for scope=[7] (in 0.00082 secs)
2025-04-22 14:57:27,225 [DEBUG]  OP: Operation.REMOVE_UNINFORMATIVE_FEATURES on slice (7434, 8) (remaining tasks 2)
2025-04-22 14:57:27,227 [DEBUG]  OP: Operation.SPLIT_COLUMNS on slice (8708, 8) (remaining tasks 3)
2025-04-22 14:57:28,639 [DEBUG]  		found 1 col clusters (in 1.41214 secs)
2025-04-22 14:57:28,640 [DEBUG]  OP: Operation.SPLIT_ROWS on slice (15849, 7) (remaining tasks 3)
2025-04-22 14:57:28,864 [DEBUG]  		found 2 row clusters (in 0.22386 secs)
2025-04-22 14:57:28,864 [DEBUG]  OP: Operation.CREATE_LEAF on slice (7434, 1) (remaining tasks 4)
2025-04-22 14:57:28,865 [DEBUG]  		 created leaf IdentityNumericLeaf for scope=[7] (in 0.00053 secs)
2025-04-22 14:57:28,865 [DEBUG]  OP: Operation.SPLIT_COLUMNS on slice (7434, 7) (remaining tasks 3)
2025-04-22 14:57:29,796 [DEBUG]  		found 1 col clusters (in 0.93097 secs)
2025-04-22 14:57:29,797 [DEBUG]  OP: Operation.SPLIT_ROWS on slice (8708, 8) (remaining tasks 3)
2025-04-22 14:57:29,962 [DEBUG]  		found 2 row clusters (in 0.16443 secs)
2025-04-22 14:57:29,963 [DEBUG]  OP: Operation.SPLIT_COLUMNS on slice (8094, 7) (remaining tasks 4)
2025-04-22 14:57:30,840 [DEBUG]  		found 1 col clusters (in 0.87697 secs)
2025-04-22 14:57:30,842 [DEBUG]  OP: Operation.SPLIT_COLUMNS on slice (7755, 7) (remaining tasks 4)
2025-04-22 14:57:31,967 [DEBUG]  		found 1 col clusters (in 1.12479 secs)
2025-04-22 14:57:31,967 [DEBUG]  OP: Operation.SPLIT_ROWS on slice (7434, 7) (remaining tasks 4)
2025-04-22 14:57:32,182 [DEBUG]  		found 2 row clusters (in 0.21471 secs)
2025-04-22 14:57:32,183 [DEBUG]  OP: Operation.SPLIT_COLUMNS on slice (4018, 8) (remaining tasks 5)
2025-04-22 14:57:33,681 [DEBUG]  		found 1 col clusters (in 1.49774 secs)
2025-04-22 14:57:33,682 [DEBUG]  OP: Operation.SPLIT_COLUMNS on slice (4690, 8) (remaining tasks 5)
2025-04-22 14:57:35,100 [DEBUG]  		found 1 col clusters (in 1.41791 secs)
2025-04-22 14:57:35,102 [DEBUG]  OP: Operation.SPLIT_ROWS on slice (8094, 7) (remaining tasks 5)
2025-04-22 14:57:35,239 [DEBUG]  		found 2 row clusters (in 0.13646 secs)
2025-04-22 14:57:35,240 [DEBUG]  OP: Operation.SPLIT_ROWS on slice (7755, 7) (remaining tasks 6)
2025-04-22 14:57:35,302 [DEBUG]  		found 2 row clusters (in 0.06193 secs)
2025-04-22 14:57:35,302 [DEBUG]  OP: Operation.SPLIT_COLUMNS on slice (4134, 7) (remaining tasks 7)
2025-04-22 14:57:36,070 [DEBUG]  		found 1 col clusters (in 0.76718 secs)
2025-04-22 14:57:36,071 [DEBUG]  OP: Operation.SPLIT_COLUMNS on slice (3300, 7) (remaining tasks 7)
2025-04-22 14:57:36,953 [DEBUG]  		found 1 col clusters (in 0.88220 secs)
2025-04-22 14:57:36,954 [DEBUG]  OP: Operation.SPLIT_ROWS on slice (4018, 8) (remaining tasks 7)
2025-04-22 14:57:37,186 [DEBUG]  		found 2 row clusters (in 0.23124 secs)
2025-04-22 14:57:37,187 [DEBUG]  OP: Operation.SPLIT_ROWS on slice (4690, 8) (remaining tasks 8)
2025-04-22 14:57:37,223 [DEBUG]  		found 2 row clusters (in 0.03642 secs)
2025-04-22 14:57:37,224 [DEBUG]  OP: Operation.SPLIT_COLUMNS on slice (4671, 7) (remaining tasks 9)
2025-04-22 14:57:38,046 [DEBUG]  		found 1 col clusters (in 0.82236 secs)
2025-04-22 14:57:38,047 [DEBUG]  OP: Operation.SPLIT_COLUMNS on slice (3423, 7) (remaining tasks 9)
2025-04-22 14:57:38,965 [DEBUG]  		found 1 col clusters (in 0.91797 secs)
2025-04-22 14:57:38,967 [DEBUG]  OP: Operation.SPLIT_COLUMNS on slice (4231, 7) (remaining tasks 9)
2025-04-22 14:57:39,958 [DEBUG]  		found 1 col clusters (in 0.99133 secs)
2025-04-22 14:57:39,959 [DEBUG]  OP: Operation.SPLIT_COLUMNS on slice (3524, 7) (remaining tasks 9)
2025-04-22 14:57:40,932 [DEBUG]  		found 1 col clusters (in 0.97296 secs)
2025-04-22 14:57:40,934 [DEBUG]  OP: Operation.SPLIT_ROWS on slice (4134, 7) (remaining tasks 9)
2025-04-22 14:57:41,101 [DEBUG]  		found 2 row clusters (in 0.16759 secs)
2025-04-22 14:57:41,102 [DEBUG]  OP: Operation.SPLIT_ROWS on slice (3300, 7) (remaining tasks 10)
2025-04-22 14:57:41,142 [DEBUG]  		found 2 row clusters (in 0.03985 secs)
2025-04-22 14:57:41,142 [DEBUG]  OP: Operation.REMOVE_UNINFORMATIVE_FEATURES on slice (2380, 8) (remaining tasks 11)
2025-04-22 14:57:41,143 [DEBUG]  OP: Operation.SPLIT_COLUMNS on slice (1638, 8) (remaining tasks 12)
2025-04-22 14:57:43,454 [DEBUG]  		found 1 col clusters (in 2.31100 secs)
2025-04-22 14:57:43,455 [DEBUG]  OP: Operation.SPLIT_COLUMNS on slice (2841, 8) (remaining tasks 12)
2025-04-22 14:57:46,195 [DEBUG]  		found 1 col clusters (in 2.74019 secs)
2025-04-22 14:57:46,196 [DEBUG]  OP: Operation.REMOVE_UNINFORMATIVE_FEATURES on slice (1849, 8) (remaining tasks 12)
2025-04-22 14:57:46,197 [DEBUG]  OP: Operation.SPLIT_ROWS on slice (4671, 7) (remaining tasks 13)
2025-04-22 14:57:46,284 [DEBUG]  		found 2 row clusters (in 0.08661 secs)
2025-04-22 14:57:46,284 [DEBUG]  OP: Operation.SPLIT_ROWS on slice (3423, 7) (remaining tasks 14)
2025-04-22 14:57:46,351 [DEBUG]  		found 2 row clusters (in 0.06671 secs)
2025-04-22 14:57:46,352 [DEBUG]  OP: Operation.SPLIT_ROWS on slice (4231, 7) (remaining tasks 15)
2025-04-22 14:57:46,398 [DEBUG]  		found 2 row clusters (in 0.04651 secs)
2025-04-22 14:57:46,399 [DEBUG]  OP: Operation.SPLIT_ROWS on slice (3524, 7) (remaining tasks 16)
2025-04-22 14:57:46,443 [DEBUG]  		found 2 row clusters (in 0.04446 secs)
2025-04-22 14:57:46,444 [DEBUG]  OP: Operation.SPLIT_COLUMNS on slice (2063, 7) (remaining tasks 17)
2025-04-22 14:57:48,254 [DEBUG]  		found 1 col clusters (in 1.80987 secs)
2025-04-22 14:57:48,255 [DEBUG]  OP: Operation.SPLIT_COLUMNS on slice (2071, 7) (remaining tasks 17)
2025-04-22 14:57:49,882 [DEBUG]  		found 1 col clusters (in 1.62746 secs)
2025-04-22 14:57:49,883 [DEBUG]  OP: Operation.SPLIT_COLUMNS on slice (1487, 7) (remaining tasks 17)
2025-04-22 14:57:51,205 [DEBUG]  		found 1 col clusters (in 1.32203 secs)
2025-04-22 14:57:51,206 [DEBUG]  OP: Operation.SPLIT_COLUMNS on slice (1813, 7) (remaining tasks 17)
2025-04-22 14:57:52,787 [DEBUG]  		found 1 col clusters (in 1.58126 secs)
2025-04-22 14:57:52,788 [DEBUG]  OP: Operation.CREATE_LEAF on slice (2380, 1) (remaining tasks 17)
2025-04-22 14:57:52,788 [DEBUG]  		 created leaf IdentityNumericLeaf for scope=[7] (in 0.00040 secs)
2025-04-22 14:57:52,788 [DEBUG]  OP: Operation.SPLIT_COLUMNS on slice (2380, 7) (remaining tasks 16)
2025-04-22 14:57:54,273 [DEBUG]  		found 1 col clusters (in 1.48416 secs)
2025-04-22 14:57:54,273 [DEBUG]  OP: Operation.SPLIT_ROWS on slice (1638, 8) (remaining tasks 16)
2025-04-22 14:57:54,436 [DEBUG]  		found 2 row clusters (in 0.16237 secs)
2025-04-22 14:57:54,436 [DEBUG]  OP: Operation.SPLIT_ROWS on slice (2841, 8) (remaining tasks 17)
2025-04-22 14:57:54,479 [DEBUG]  		found 2 row clusters (in 0.04292 secs)
2025-04-22 14:57:54,480 [DEBUG]  OP: Operation.CREATE_LEAF on slice (1849, 1) (remaining tasks 18)
2025-04-22 14:57:54,480 [DEBUG]  		 created leaf IdentityNumericLeaf for scope=[7] (in 0.00033 secs)
2025-04-22 14:57:54,480 [DEBUG]  OP: Operation.SPLIT_COLUMNS on slice (1849, 7) (remaining tasks 17)
2025-04-22 14:57:56,289 [DEBUG]  		found 1 col clusters (in 1.80878 secs)
2025-04-22 14:57:56,290 [DEBUG]  OP: Operation.SPLIT_COLUMNS on slice (2457, 7) (remaining tasks 17)
2025-04-22 14:57:57,818 [DEBUG]  		found 1 col clusters (in 1.52818 secs)
2025-04-22 14:57:57,819 [DEBUG]  OP: Operation.SPLIT_COLUMNS on slice (2214, 7) (remaining tasks 17)
2025-04-22 14:57:59,259 [DEBUG]  		found 1 col clusters (in 1.43975 secs)
2025-04-22 14:57:59,260 [DEBUG]  OP: Operation.SPLIT_COLUMNS on slice (1704, 7) (remaining tasks 17)
2025-04-22 14:58:00,802 [DEBUG]  		found 1 col clusters (in 1.54179 secs)
2025-04-22 14:58:00,803 [DEBUG]  OP: Operation.SPLIT_COLUMNS on slice (1719, 7) (remaining tasks 17)
2025-04-22 14:58:02,366 [DEBUG]  		found 1 col clusters (in 1.56339 secs)
2025-04-22 14:58:02,367 [DEBUG]  OP: Operation.SPLIT_COLUMNS on slice (2222, 7) (remaining tasks 17)
2025-04-22 14:58:04,016 [DEBUG]  		found 1 col clusters (in 1.64873 secs)
2025-04-22 14:58:04,017 [DEBUG]  OP: Operation.SPLIT_COLUMNS on slice (2009, 7) (remaining tasks 17)
2025-04-22 14:58:05,585 [DEBUG]  		found 1 col clusters (in 1.56832 secs)
2025-04-22 14:58:05,586 [DEBUG]  OP: Operation.SPLIT_COLUMNS on slice (1557, 7) (remaining tasks 17)
2025-04-22 14:58:07,162 [DEBUG]  		found 1 col clusters (in 1.57602 secs)
2025-04-22 14:58:07,163 [DEBUG]  OP: Operation.SPLIT_COLUMNS on slice (1967, 7) (remaining tasks 17)
2025-04-22 14:58:09,031 [DEBUG]  		found 1 col clusters (in 1.86796 secs)
2025-04-22 14:58:09,032 [DEBUG]  OP: Operation.SPLIT_ROWS on slice (2063, 7) (remaining tasks 17)
2025-04-22 14:58:09,133 [DEBUG]  		found 2 row clusters (in 0.10026 secs)
2025-04-22 14:58:09,133 [DEBUG]  OP: Operation.SPLIT_ROWS on slice (2071, 7) (remaining tasks 18)
2025-04-22 14:58:09,163 [DEBUG]  		found 2 row clusters (in 0.02985 secs)
2025-04-22 14:58:09,163 [DEBUG]  OP: Operation.SPLIT_ROWS on slice (1487, 7) (remaining tasks 19)
2025-04-22 14:58:09,187 [DEBUG]  		found 2 row clusters (in 0.02325 secs)
2025-04-22 14:58:09,187 [DEBUG]  OP: Operation.SPLIT_ROWS on slice (1813, 7) (remaining tasks 20)
2025-04-22 14:58:09,226 [DEBUG]  		found 2 row clusters (in 0.03932 secs)
2025-04-22 14:58:09,226 [DEBUG]  OP: Operation.SPLIT_ROWS on slice (2380, 7) (remaining tasks 21)
2025-04-22 14:58:09,261 [DEBUG]  		found 2 row clusters (in 0.03495 secs)
2025-04-22 14:58:09,262 [DEBUG]  OP: Operation.REMOVE_UNINFORMATIVE_FEATURES on slice (800, 8) (remaining tasks 22)
2025-04-22 14:58:09,262 [DEBUG]  OP: Operation.SPLIT_COLUMNS on slice (838, 8) (remaining tasks 23)
2025-04-22 14:58:10,788 [DEBUG]  		found 1 col clusters (in 1.52640 secs)
2025-04-22 14:58:10,789 [DEBUG]  OP: Operation.SPLIT_COLUMNS on slice (1497, 8) (remaining tasks 23)
2025-04-22 14:58:12,713 [DEBUG]  		found 1 col clusters (in 1.92315 secs)
2025-04-22 14:58:12,713 [DEBUG]  OP: Operation.SPLIT_COLUMNS on slice (1344, 8) (remaining tasks 23)
2025-04-22 14:58:14,906 [DEBUG]  		found 1 col clusters (in 2.19228 secs)
2025-04-22 14:58:14,907 [DEBUG]  OP: Operation.SPLIT_ROWS on slice (1849, 7) (remaining tasks 23)
2025-04-22 14:58:15,057 [DEBUG]  		found 2 row clusters (in 0.15007 secs)
2025-04-22 14:58:15,057 [DEBUG]  OP: Operation.SPLIT_ROWS on slice (2457, 7) (remaining tasks 24)
2025-04-22 14:58:15,091 [DEBUG]  		found 2 row clusters (in 0.03345 secs)
2025-04-22 14:58:15,091 [DEBUG]  OP: Operation.SPLIT_ROWS on slice (2214, 7) (remaining tasks 25)
2025-04-22 14:58:15,130 [DEBUG]  		found 2 row clusters (in 0.03825 secs)
2025-04-22 14:58:15,130 [DEBUG]  OP: Operation.SPLIT_ROWS on slice (1704, 7) (remaining tasks 26)
2025-04-22 14:58:15,157 [DEBUG]  		found 2 row clusters (in 0.02696 secs)
2025-04-22 14:58:15,157 [DEBUG]  OP: Operation.SPLIT_ROWS on slice (1719, 7) (remaining tasks 27)
2025-04-22 14:58:15,184 [DEBUG]  		found 2 row clusters (in 0.02681 secs)
2025-04-22 14:58:15,185 [DEBUG]  OP: Operation.SPLIT_ROWS on slice (2222, 7) (remaining tasks 28)
2025-04-22 14:58:15,212 [DEBUG]  		found 2 row clusters (in 0.02705 secs)
2025-04-22 14:58:15,212 [DEBUG]  OP: Operation.SPLIT_ROWS on slice (2009, 7) (remaining tasks 29)
2025-04-22 14:58:15,239 [DEBUG]  		found 2 row clusters (in 0.02698 secs)
2025-04-22 14:58:15,240 [DEBUG]  OP: Operation.SPLIT_ROWS on slice (1557, 7) (remaining tasks 30)
2025-04-22 14:58:15,268 [DEBUG]  		found 2 row clusters (in 0.02864 secs)
2025-04-22 14:58:15,269 [DEBUG]  OP: Operation.SPLIT_ROWS on slice (1967, 7) (remaining tasks 31)
2025-04-22 14:58:15,297 [DEBUG]  		found 2 row clusters (in 0.02872 secs)
2025-04-22 14:58:15,298 [DEBUG]  OP: Operation.SPLIT_COLUMNS on slice (963, 7) (remaining tasks 32)
2025-04-22 14:58:16,149 [DEBUG]  		found 1 col clusters (in 0.85158 secs)
2025-04-22 14:58:16,150 [DEBUG]  OP: Operation.SPLIT_COLUMNS on slice (1100, 7) (remaining tasks 32)
2025-04-22 14:58:17,270 [DEBUG]  		found 1 col clusters (in 1.12001 secs)
2025-04-22 14:58:17,271 [DEBUG]  OP: Operation.SPLIT_COLUMNS on slice (822, 7) (remaining tasks 32)
2025-04-22 14:58:17,971 [DEBUG]  		found 1 col clusters (in 0.69994 secs)
2025-04-22 14:58:17,972 [DEBUG]  OP: Operation.SPLIT_COLUMNS on slice (1249, 7) (remaining tasks 32)
2025-04-22 14:58:19,154 [DEBUG]  		found 1 col clusters (in 1.18179 secs)
2025-04-22 14:58:19,154 [DEBUG]  OP: Operation.SPLIT_COLUMNS on slice (845, 7) (remaining tasks 32)
2025-04-22 14:58:20,349 [DEBUG]  		found 1 col clusters (in 1.19433 secs)
2025-04-22 14:58:20,349 [DEBUG]  OP: Operation.SPLIT_COLUMNS on slice (642, 7) (remaining tasks 32)
2025-04-22 14:58:20,722 [DEBUG]  		found 1 col clusters (in 0.37257 secs)
2025-04-22 14:58:20,723 [DEBUG]  OP: Operation.SPLIT_COLUMNS on slice (1126, 7) (remaining tasks 32)
2025-04-22 14:58:21,994 [DEBUG]  		found 1 col clusters (in 1.27100 secs)
2025-04-22 14:58:21,995 [DEBUG]  OP: Operation.SPLIT_COLUMNS on slice (687, 7) (remaining tasks 32)
2025-04-22 14:58:22,549 [DEBUG]  		found 1 col clusters (in 0.55391 secs)
2025-04-22 14:58:22,549 [DEBUG]  OP: Operation.SPLIT_COLUMNS on slice (1024, 7) (remaining tasks 32)
2025-04-22 14:58:23,645 [DEBUG]  		found 1 col clusters (in 1.09499 secs)
2025-04-22 14:58:23,646 [DEBUG]  OP: Operation.SPLIT_COLUMNS on slice (1356, 7) (remaining tasks 32)
2025-04-22 14:58:25,055 [DEBUG]  		found 1 col clusters (in 1.40876 secs)
2025-04-22 14:58:25,055 [DEBUG]  OP: Operation.CREATE_LEAF on slice (800, 1) (remaining tasks 32)
2025-04-22 14:58:25,055 [DEBUG]  		 created leaf IdentityNumericLeaf for scope=[7] (in 0.00033 secs)
2025-04-22 14:58:25,056 [DEBUG]  OP: Operation.SPLIT_COLUMNS on slice (800, 7) (remaining tasks 31)
2025-04-22 14:58:25,914 [DEBUG]  		found 1 col clusters (in 0.85756 secs)
2025-04-22 14:58:25,914 [DEBUG]  OP: Operation.SPLIT_ROWS on slice (838, 8) (remaining tasks 31)
2025-04-22 14:58:26,047 [DEBUG]  		found 2 row clusters (in 0.13295 secs)
2025-04-22 14:58:26,048 [DEBUG]  OP: Operation.SPLIT_ROWS on slice (1497, 8) (remaining tasks 32)
2025-04-22 14:58:26,104 [DEBUG]  		found 2 row clusters (in 0.05608 secs)
2025-04-22 14:58:26,104 [DEBUG]  OP: Operation.SPLIT_ROWS on slice (1344, 8) (remaining tasks 33)
2025-04-22 14:58:26,137 [DEBUG]  		found 2 row clusters (in 0.03286 secs)
2025-04-22 14:58:26,138 [DEBUG]  OP: Operation.SPLIT_COLUMNS on slice (606, 7) (remaining tasks 34)
2025-04-22 14:58:26,673 [DEBUG]  		found 1 col clusters (in 0.53559 secs)
2025-04-22 14:58:26,674 [DEBUG]  OP: Operation.SPLIT_COLUMNS on slice (1243, 7) (remaining tasks 34)
2025-04-22 14:58:27,820 [DEBUG]  		found 1 col clusters (in 1.14571 secs)
2025-04-22 14:58:27,821 [DEBUG]  OP: Operation.SPLIT_COLUMNS on slice (1616, 7) (remaining tasks 34)
2025-04-22 14:58:29,524 [DEBUG]  		found 1 col clusters (in 1.70289 secs)
2025-04-22 14:58:29,524 [DEBUG]  OP: Operation.SPLIT_COLUMNS on slice (841, 7) (remaining tasks 34)
2025-04-22 14:58:30,543 [DEBUG]  		found 1 col clusters (in 1.01856 secs)
2025-04-22 14:58:30,544 [DEBUG]  OP: Operation.SPLIT_COLUMNS on slice (1538, 7) (remaining tasks 34)
2025-04-22 14:58:32,022 [DEBUG]  		found 1 col clusters (in 1.47768 secs)
2025-04-22 14:58:32,022 [DEBUG]  OP: Operation.SPLIT_COLUMNS on slice (676, 7) (remaining tasks 34)
2025-04-22 14:58:32,525 [DEBUG]  		found 1 col clusters (in 0.50181 secs)
2025-04-22 14:58:32,525 [DEBUG]  OP: Operation.SPLIT_COLUMNS on slice (646, 7) (remaining tasks 34)
2025-04-22 14:58:33,230 [DEBUG]  		found 1 col clusters (in 0.70457 secs)
2025-04-22 14:58:33,230 [DEBUG]  OP: Operation.SPLIT_COLUMNS on slice (1058, 7) (remaining tasks 34)
2025-04-22 14:58:34,494 [DEBUG]  		found 1 col clusters (in 1.26335 secs)
2025-04-22 14:58:34,495 [DEBUG]  OP: Operation.SPLIT_COLUMNS on slice (833, 7) (remaining tasks 34)
2025-04-22 14:58:35,043 [DEBUG]  		found 1 col clusters (in 0.54794 secs)
2025-04-22 14:58:35,043 [DEBUG]  OP: Operation.SPLIT_COLUMNS on slice (886, 7) (remaining tasks 34)
2025-04-22 14:58:36,130 [DEBUG]  		found 1 col clusters (in 1.08609 secs)
2025-04-22 14:58:36,130 [DEBUG]  OP: Operation.SPLIT_COLUMNS on slice (969, 7) (remaining tasks 34)
2025-04-22 14:58:37,090 [DEBUG]  		found 1 col clusters (in 0.95996 secs)
2025-04-22 14:58:37,091 [DEBUG]  OP: Operation.SPLIT_COLUMNS on slice (1253, 7) (remaining tasks 34)
2025-04-22 14:58:38,208 [DEBUG]  		found 1 col clusters (in 1.11637 secs)
2025-04-22 14:58:38,209 [DEBUG]  OP: Operation.SPLIT_COLUMNS on slice (1240, 7) (remaining tasks 34)
2025-04-22 14:58:39,493 [DEBUG]  		found 1 col clusters (in 1.28373 secs)
2025-04-22 14:58:39,493 [DEBUG]  OP: Operation.SPLIT_COLUMNS on slice (769, 7) (remaining tasks 34)
2025-04-22 14:58:40,065 [DEBUG]  		found 1 col clusters (in 0.57170 secs)
2025-04-22 14:58:40,066 [DEBUG]  OP: Operation.SPLIT_COLUMNS on slice (841, 7) (remaining tasks 34)
2025-04-22 14:58:41,073 [DEBUG]  		found 1 col clusters (in 1.00717 secs)
2025-04-22 14:58:41,074 [DEBUG]  OP: Operation.SPLIT_COLUMNS on slice (716, 7) (remaining tasks 34)
2025-04-22 14:58:41,716 [DEBUG]  		found 1 col clusters (in 0.64168 secs)
2025-04-22 14:58:41,716 [DEBUG]  OP: Operation.SPLIT_COLUMNS on slice (1190, 7) (remaining tasks 34)
2025-04-22 14:58:42,763 [DEBUG]  		found 1 col clusters (in 1.04665 secs)
2025-04-22 14:58:42,764 [DEBUG]  OP: Operation.SPLIT_COLUMNS on slice (777, 7) (remaining tasks 34)
2025-04-22 14:58:43,551 [DEBUG]  		found 1 col clusters (in 0.78696 secs)
2025-04-22 14:58:43,552 [DEBUG]  OP: Operation.SPLIT_ROWS on slice (963, 7) (remaining tasks 34)
2025-04-22 14:58:43,700 [DEBUG]  		found 2 row clusters (in 0.14811 secs)
2025-04-22 14:58:43,703 [DEBUG]  OP: Operation.SPLIT_ROWS on slice (1100, 7) (remaining tasks 35)
2025-04-22 14:58:43,747 [DEBUG]  		found 2 row clusters (in 0.04230 secs)
2025-04-22 14:58:43,747 [DEBUG]  OP: Operation.SPLIT_ROWS on slice (822, 7) (remaining tasks 36)
2025-04-22 14:58:43,777 [DEBUG]  		found 2 row clusters (in 0.03004 secs)
2025-04-22 14:58:43,778 [DEBUG]  OP: Operation.SPLIT_ROWS on slice (1249, 7) (remaining tasks 37)
2025-04-22 14:58:43,817 [DEBUG]  		found 2 row clusters (in 0.03919 secs)
2025-04-22 14:58:43,817 [DEBUG]  OP: Operation.SPLIT_ROWS on slice (845, 7) (remaining tasks 38)
2025-04-22 14:58:43,856 [DEBUG]  		found 2 row clusters (in 0.03863 secs)
2025-04-22 14:58:43,856 [DEBUG]  OP: Operation.SPLIT_ROWS on slice (642, 7) (remaining tasks 39)
2025-04-22 14:58:43,881 [DEBUG]  		found 2 row clusters (in 0.02463 secs)
2025-04-22 14:58:43,881 [DEBUG]  OP: Operation.SPLIT_ROWS on slice (1126, 7) (remaining tasks 40)
2025-04-22 14:58:43,904 [DEBUG]  		found 2 row clusters (in 0.02240 secs)
2025-04-22 14:58:43,904 [DEBUG]  OP: Operation.SPLIT_ROWS on slice (687, 7) (remaining tasks 41)
2025-04-22 14:58:43,925 [DEBUG]  		found 2 row clusters (in 0.02148 secs)
2025-04-22 14:58:43,926 [DEBUG]  OP: Operation.SPLIT_ROWS on slice (1024, 7) (remaining tasks 42)
2025-04-22 14:58:43,947 [DEBUG]  		found 2 row clusters (in 0.02115 secs)
2025-04-22 14:58:43,947 [DEBUG]  OP: Operation.SPLIT_ROWS on slice (1356, 7) (remaining tasks 43)
2025-04-22 14:58:43,974 [DEBUG]  		found 2 row clusters (in 0.02702 secs)
2025-04-22 14:58:43,975 [DEBUG]  OP: Operation.SPLIT_ROWS on slice (800, 7) (remaining tasks 44)
2025-04-22 14:58:43,995 [DEBUG]  		found 2 row clusters (in 0.01997 secs)
2025-04-22 14:58:43,995 [DEBUG]  OP: Operation.SPLIT_COLUMNS on slice (545, 8) (remaining tasks 45)
2025-04-22 14:58:45,161 [DEBUG]  		found 1 col clusters (in 1.16647 secs)
2025-04-22 14:58:45,162 [DEBUG]  OP: Operation.REMOVE_UNINFORMATIVE_FEATURES on slice (293, 8) (remaining tasks 45)
2025-04-22 14:58:45,162 [DEBUG]  OP: Operation.SPLIT_COLUMNS on slice (762, 8) (remaining tasks 46)
2025-04-22 14:58:46,433 [DEBUG]  		found 1 col clusters (in 1.26996 secs)
2025-04-22 14:58:46,433 [DEBUG]  OP: Operation.SPLIT_COLUMNS on slice (735, 8) (remaining tasks 46)
2025-04-22 14:58:47,171 [DEBUG]  		found 1 col clusters (in 0.73766 secs)
2025-04-22 14:58:47,172 [DEBUG]  OP: Operation.REMOVE_UNINFORMATIVE_FEATURES on slice (836, 8) (remaining tasks 46)
2025-04-22 14:58:47,172 [DEBUG]  OP: Operation.SPLIT_COLUMNS on slice (508, 8) (remaining tasks 47)
2025-04-22 14:58:48,534 [DEBUG]  		found 1 col clusters (in 1.36142 secs)
2025-04-22 14:58:48,534 [DEBUG]  OP: Operation.SPLIT_ROWS on slice (606, 7) (remaining tasks 47)
2025-04-22 14:58:48,644 [DEBUG]  		found 2 row clusters (in 0.10964 secs)
2025-04-22 14:58:48,645 [DEBUG]  OP: Operation.SPLIT_ROWS on slice (1243, 7) (remaining tasks 48)
2025-04-22 14:58:48,680 [DEBUG]  		found 2 row clusters (in 0.03570 secs)
2025-04-22 14:58:48,681 [DEBUG]  OP: Operation.SPLIT_ROWS on slice (1616, 7) (remaining tasks 49)
2025-04-22 14:58:48,721 [DEBUG]  		found 2 row clusters (in 0.03979 secs)
2025-04-22 14:58:48,721 [DEBUG]  OP: Operation.SPLIT_ROWS on slice (841, 7) (remaining tasks 50)
2025-04-22 14:58:48,750 [DEBUG]  		found 2 row clusters (in 0.02864 secs)
2025-04-22 14:58:48,750 [DEBUG]  OP: Operation.SPLIT_ROWS on slice (1538, 7) (remaining tasks 51)
2025-04-22 14:58:48,782 [DEBUG]  		found 2 row clusters (in 0.03212 secs)
2025-04-22 14:58:48,782 [DEBUG]  OP: Operation.SPLIT_ROWS on slice (676, 7) (remaining tasks 52)
2025-04-22 14:58:48,812 [DEBUG]  		found 2 row clusters (in 0.02955 secs)
2025-04-22 14:58:48,812 [DEBUG]  OP: Operation.SPLIT_ROWS on slice (646, 7) (remaining tasks 53)
2025-04-22 14:58:48,834 [DEBUG]  		found 2 row clusters (in 0.02141 secs)
2025-04-22 14:58:48,834 [DEBUG]  OP: Operation.SPLIT_ROWS on slice (1058, 7) (remaining tasks 54)
2025-04-22 14:58:48,868 [DEBUG]  		found 2 row clusters (in 0.03402 secs)
2025-04-22 14:58:48,868 [DEBUG]  OP: Operation.SPLIT_ROWS on slice (833, 7) (remaining tasks 55)
2025-04-22 14:58:48,891 [DEBUG]  		found 2 row clusters (in 0.02294 secs)
2025-04-22 14:58:48,892 [DEBUG]  OP: Operation.SPLIT_ROWS on slice (886, 7) (remaining tasks 56)
2025-04-22 14:58:48,927 [DEBUG]  		found 2 row clusters (in 0.03521 secs)
2025-04-22 14:58:48,927 [DEBUG]  OP: Operation.SPLIT_ROWS on slice (969, 7) (remaining tasks 57)
2025-04-22 14:58:48,957 [DEBUG]  		found 2 row clusters (in 0.02995 secs)
2025-04-22 14:58:48,958 [DEBUG]  OP: Operation.SPLIT_ROWS on slice (1253, 7) (remaining tasks 58)
2025-04-22 14:58:48,982 [DEBUG]  		found 2 row clusters (in 0.02464 secs)
2025-04-22 14:58:48,983 [DEBUG]  OP: Operation.SPLIT_ROWS on slice (1240, 7) (remaining tasks 59)
2025-04-22 14:58:49,011 [DEBUG]  		found 2 row clusters (in 0.02811 secs)
2025-04-22 14:58:49,011 [DEBUG]  OP: Operation.SPLIT_ROWS on slice (769, 7) (remaining tasks 60)
2025-04-22 14:58:49,041 [DEBUG]  		found 2 row clusters (in 0.02981 secs)
2025-04-22 14:58:49,041 [DEBUG]  OP: Operation.SPLIT_ROWS on slice (841, 7) (remaining tasks 61)
2025-04-22 14:58:49,064 [DEBUG]  		found 2 row clusters (in 0.02317 secs)
2025-04-22 14:58:49,065 [DEBUG]  OP: Operation.SPLIT_ROWS on slice (716, 7) (remaining tasks 62)
2025-04-22 14:58:49,086 [DEBUG]  		found 2 row clusters (in 0.02101 secs)
2025-04-22 14:58:49,086 [DEBUG]  OP: Operation.SPLIT_ROWS on slice (1190, 7) (remaining tasks 63)
2025-04-22 14:58:49,114 [DEBUG]  		found 2 row clusters (in 0.02786 secs)
2025-04-22 14:58:49,114 [DEBUG]  OP: Operation.SPLIT_ROWS on slice (777, 7) (remaining tasks 64)
2025-04-22 14:58:49,139 [DEBUG]  		found 2 row clusters (in 0.02468 secs)
2025-04-22 14:58:49,139 [DEBUG]  OP: Operation.SPLIT_COLUMNS on slice (391, 7) (remaining tasks 65)
2025-04-22 14:58:49,860 [DEBUG]  		found 1 col clusters (in 0.72076 secs)
2025-04-22 14:58:49,860 [DEBUG]  OP: Operation.SPLIT_COLUMNS on slice (572, 7) (remaining tasks 65)
2025-04-22 14:58:50,650 [DEBUG]  		found 1 col clusters (in 0.78977 secs)
2025-04-22 14:58:50,651 [DEBUG]  OP: Operation.SPLIT_COLUMNS on slice (444, 7) (remaining tasks 65)
2025-04-22 14:58:51,781 [DEBUG]  		found 1 col clusters (in 1.12978 secs)
2025-04-22 14:58:51,781 [DEBUG]  OP: Operation.SPLIT_COLUMNS on slice (656, 7) (remaining tasks 65)
2025-04-22 14:58:52,340 [DEBUG]  		found 1 col clusters (in 0.55860 secs)
2025-04-22 14:58:52,341 [DEBUG]  OP: Operation.SPLIT_COLUMNS on slice (381, 7) (remaining tasks 65)
2025-04-22 14:58:53,501 [DEBUG]  		found 1 col clusters (in 1.16069 secs)
2025-04-22 14:58:53,502 [DEBUG]  OP: Operation.SPLIT_COLUMNS on slice (441, 7) (remaining tasks 65)
2025-04-22 14:58:53,999 [DEBUG]  		found 1 col clusters (in 0.49637 secs)
2025-04-22 14:58:54,000 [DEBUG]  OP: Operation.SPLIT_COLUMNS on slice (542, 7) (remaining tasks 65)
2025-04-22 14:58:54,905 [DEBUG]  		found 1 col clusters (in 0.90475 secs)
2025-04-22 14:58:54,905 [DEBUG]  OP: Operation.SPLIT_COLUMNS on slice (707, 7) (remaining tasks 65)
2025-04-22 14:58:55,266 [DEBUG]  		found 1 col clusters (in 0.36023 secs)
2025-04-22 14:58:55,266 [DEBUG]  OP: Operation.SPLIT_COLUMNS on slice (354, 7) (remaining tasks 65)
2025-04-22 14:58:56,022 [DEBUG]  		found 1 col clusters (in 0.75558 secs)
2025-04-22 14:58:56,023 [DEBUG]  OP: Operation.SPLIT_COLUMNS on slice (491, 7) (remaining tasks 65)
2025-04-22 14:58:56,832 [DEBUG]  		found 1 col clusters (in 0.80877 secs)
2025-04-22 14:58:56,832 [DEBUG]  OP: Operation.SPLIT_COLUMNS on slice (321, 7) (remaining tasks 65)
2025-04-22 14:58:57,636 [DEBUG]  		found 1 col clusters (in 0.80303 secs)
2025-04-22 14:58:57,636 [DEBUG]  OP: Operation.SPLIT_COLUMNS on slice (321, 7) (remaining tasks 65)
2025-04-22 14:58:58,396 [DEBUG]  		found 1 col clusters (in 0.75957 secs)
2025-04-22 14:58:58,396 [DEBUG]  OP: Operation.SPLIT_COLUMNS on slice (358, 7) (remaining tasks 65)
2025-04-22 14:58:59,118 [DEBUG]  		found 1 col clusters (in 0.72137 secs)
2025-04-22 14:58:59,118 [DEBUG]  OP: Operation.SPLIT_COLUMNS on slice (768, 7) (remaining tasks 65)
2025-04-22 14:59:00,018 [DEBUG]  		found 1 col clusters (in 0.89945 secs)
2025-04-22 14:59:00,019 [DEBUG]  OP: Operation.SPLIT_COLUMNS on slice (373, 7) (remaining tasks 65)
2025-04-22 14:59:00,354 [DEBUG]  		found 1 col clusters (in 0.33476 secs)
2025-04-22 14:59:00,354 [DEBUG]  OP: Operation.NAIVE_FACTORIZATION on slice (314, 7) (remaining tasks 65)
2025-04-22 14:59:00,372 [DEBUG]  		naive factorization 7 columns (in 0.01799 secs)
2025-04-22 14:59:00,373 [DEBUG]  OP: Operation.SPLIT_COLUMNS on slice (603, 7) (remaining tasks 64)
2025-04-22 14:59:00,831 [DEBUG]  		found 1 col clusters (in 0.45843 secs)
2025-04-22 14:59:00,832 [DEBUG]  OP: Operation.SPLIT_COLUMNS on slice (421, 7) (remaining tasks 64)
2025-04-22 14:59:01,534 [DEBUG]  		found 1 col clusters (in 0.70196 secs)
2025-04-22 14:59:01,535 [DEBUG]  OP: Operation.SPLIT_COLUMNS on slice (624, 7) (remaining tasks 64)
2025-04-22 14:59:02,118 [DEBUG]  		found 1 col clusters (in 0.58260 secs)
2025-04-22 14:59:02,118 [DEBUG]  OP: Operation.SPLIT_COLUMNS on slice (732, 7) (remaining tasks 64)
2025-04-22 14:59:02,816 [DEBUG]  		found 1 col clusters (in 0.69789 secs)
2025-04-22 14:59:02,817 [DEBUG]  OP: Operation.SPLIT_COLUMNS on slice (428, 7) (remaining tasks 64)
2025-04-22 14:59:03,613 [DEBUG]  		found 1 col clusters (in 0.79653 secs)
2025-04-22 14:59:03,614 [DEBUG]  OP: Operation.SPLIT_COLUMNS on slice (372, 7) (remaining tasks 64)
2025-04-22 14:59:03,988 [DEBUG]  		found 1 col clusters (in 0.37421 secs)
2025-04-22 14:59:03,989 [DEBUG]  OP: Operation.SPLIT_ROWS on slice (545, 8) (remaining tasks 64)
2025-04-22 14:59:04,100 [DEBUG]  		found 2 row clusters (in 0.11123 secs)
2025-04-22 14:59:04,101 [DEBUG]  OP: Operation.CREATE_LEAF on slice (293, 1) (remaining tasks 65)
2025-04-22 14:59:04,101 [DEBUG]  		 created leaf IdentityNumericLeaf for scope=[7] (in 0.00020 secs)
2025-04-22 14:59:04,101 [DEBUG]  OP: Operation.NAIVE_FACTORIZATION on slice (293, 7) (remaining tasks 64)
2025-04-22 14:59:04,106 [DEBUG]  		naive factorization 7 columns (in 0.00495 secs)
2025-04-22 14:59:04,106 [DEBUG]  OP: Operation.SPLIT_ROWS on slice (762, 8) (remaining tasks 63)
2025-04-22 14:59:04,127 [DEBUG]  		found 2 row clusters (in 0.02052 secs)
2025-04-22 14:59:04,127 [DEBUG]  OP: Operation.SPLIT_ROWS on slice (735, 8) (remaining tasks 64)
2025-04-22 14:59:04,150 [DEBUG]  		found 2 row clusters (in 0.02267 secs)
2025-04-22 14:59:04,150 [DEBUG]  OP: Operation.CREATE_LEAF on slice (836, 1) (remaining tasks 65)
2025-04-22 14:59:04,150 [DEBUG]  		 created leaf IdentityNumericLeaf for scope=[7] (in 0.00024 secs)
2025-04-22 14:59:04,151 [DEBUG]  OP: Operation.SPLIT_COLUMNS on slice (836, 7) (remaining tasks 64)
2025-04-22 14:59:05,259 [DEBUG]  		found 1 col clusters (in 1.10844 secs)
2025-04-22 14:59:05,260 [DEBUG]  OP: Operation.SPLIT_ROWS on slice (508, 8) (remaining tasks 64)
2025-04-22 14:59:05,378 [DEBUG]  		found 2 row clusters (in 0.11782 secs)
2025-04-22 14:59:05,378 [DEBUG]  OP: Operation.NAIVE_FACTORIZATION on slice (309, 7) (remaining tasks 65)
2025-04-22 14:59:05,390 [DEBUG]  		naive factorization 7 columns (in 0.01123 secs)
2025-04-22 14:59:05,390 [DEBUG]  OP: Operation.NAIVE_FACTORIZATION on slice (297, 7) (remaining tasks 64)
2025-04-22 14:59:05,395 [DEBUG]  		naive factorization 7 columns (in 0.00505 secs)
2025-04-22 14:59:05,395 [DEBUG]  OP: Operation.SPLIT_COLUMNS on slice (487, 7) (remaining tasks 63)
2025-04-22 14:59:06,190 [DEBUG]  		found 1 col clusters (in 0.79431 secs)
2025-04-22 14:59:06,190 [DEBUG]  OP: Operation.SPLIT_COLUMNS on slice (756, 7) (remaining tasks 63)
2025-04-22 14:59:07,381 [DEBUG]  		found 1 col clusters (in 1.19040 secs)
2025-04-22 14:59:07,381 [DEBUG]  OP: Operation.SPLIT_COLUMNS on slice (982, 7) (remaining tasks 63)
2025-04-22 14:59:08,490 [DEBUG]  		found 1 col clusters (in 1.10867 secs)
2025-04-22 14:59:08,491 [DEBUG]  OP: Operation.SPLIT_COLUMNS on slice (634, 7) (remaining tasks 63)
2025-04-22 14:59:09,094 [DEBUG]  		found 1 col clusters (in 0.60310 secs)
2025-04-22 14:59:09,095 [DEBUG]  OP: Operation.SPLIT_COLUMNS on slice (472, 7) (remaining tasks 63)
2025-04-22 14:59:09,877 [DEBUG]  		found 1 col clusters (in 0.78227 secs)
2025-04-22 14:59:09,878 [DEBUG]  OP: Operation.SPLIT_COLUMNS on slice (369, 7) (remaining tasks 63)
2025-04-22 14:59:10,464 [DEBUG]  		found 1 col clusters (in 0.58558 secs)
2025-04-22 14:59:10,464 [DEBUG]  OP: Operation.SPLIT_COLUMNS on slice (967, 7) (remaining tasks 63)
2025-04-22 14:59:11,725 [DEBUG]  		found 1 col clusters (in 1.26014 secs)
2025-04-22 14:59:11,725 [DEBUG]  OP: Operation.SPLIT_COLUMNS on slice (571, 7) (remaining tasks 63)
2025-04-22 14:59:12,171 [DEBUG]  		found 1 col clusters (in 0.44567 secs)
2025-04-22 14:59:12,171 [DEBUG]  OP: Operation.SPLIT_COLUMNS on slice (382, 7) (remaining tasks 63)
2025-04-22 14:59:12,699 [DEBUG]  		found 1 col clusters (in 0.52748 secs)
2025-04-22 14:59:12,700 [DEBUG]  OP: Operation.NAIVE_FACTORIZATION on slice (294, 7) (remaining tasks 63)
2025-04-22 14:59:12,715 [DEBUG]  		naive factorization 7 columns (in 0.01476 secs)
2025-04-22 14:59:12,715 [DEBUG]  OP: Operation.SPLIT_COLUMNS on slice (374, 7) (remaining tasks 62)
2025-04-22 14:59:13,589 [DEBUG]  		found 1 col clusters (in 0.87374 secs)
2025-04-22 14:59:13,589 [DEBUG]  OP: Operation.NAIVE_FACTORIZATION on slice (272, 7) (remaining tasks 62)
2025-04-22 14:59:13,599 [DEBUG]  		naive factorization 7 columns (in 0.00928 secs)
2025-04-22 14:59:13,599 [DEBUG]  OP: Operation.SPLIT_COLUMNS on slice (343, 7) (remaining tasks 61)
2025-04-22 14:59:14,246 [DEBUG]  		found 1 col clusters (in 0.64615 secs)
2025-04-22 14:59:14,246 [DEBUG]  OP: Operation.SPLIT_COLUMNS on slice (715, 7) (remaining tasks 61)
2025-04-22 14:59:14,645 [DEBUG]  		found 1 col clusters (in 0.39888 secs)
2025-04-22 14:59:14,646 [DEBUG]  OP: Operation.NAIVE_FACTORIZATION on slice (311, 7) (remaining tasks 61)
2025-04-22 14:59:14,658 [DEBUG]  		naive factorization 7 columns (in 0.01198 secs)
2025-04-22 14:59:14,659 [DEBUG]  OP: Operation.SPLIT_COLUMNS on slice (522, 7) (remaining tasks 60)
2025-04-22 14:59:15,525 [DEBUG]  		found 1 col clusters (in 0.86644 secs)
2025-04-22 14:59:15,526 [DEBUG]  OP: Operation.SPLIT_COLUMNS on slice (442, 7) (remaining tasks 60)
2025-04-22 14:59:16,438 [DEBUG]  		found 1 col clusters (in 0.91258 secs)
2025-04-22 14:59:16,439 [DEBUG]  OP: Operation.SPLIT_COLUMNS on slice (444, 7) (remaining tasks 60)
2025-04-22 14:59:17,182 [DEBUG]  		found 1 col clusters (in 0.74274 secs)
2025-04-22 14:59:17,182 [DEBUG]  OP: Operation.SPLIT_COLUMNS on slice (542, 7) (remaining tasks 60)
2025-04-22 14:59:18,298 [DEBUG]  		found 1 col clusters (in 1.11561 secs)
2025-04-22 14:59:18,299 [DEBUG]  OP: Operation.SPLIT_COLUMNS on slice (427, 7) (remaining tasks 60)
2025-04-22 14:59:19,206 [DEBUG]  		found 1 col clusters (in 0.90697 secs)
2025-04-22 14:59:19,207 [DEBUG]  OP: Operation.SPLIT_COLUMNS on slice (544, 7) (remaining tasks 60)
2025-04-22 14:59:19,637 [DEBUG]  		found 1 col clusters (in 0.43008 secs)
2025-04-22 14:59:19,637 [DEBUG]  OP: Operation.SPLIT_COLUMNS on slice (709, 7) (remaining tasks 60)
2025-04-22 14:59:20,265 [DEBUG]  		found 1 col clusters (in 0.62724 secs)
2025-04-22 14:59:20,265 [DEBUG]  OP: Operation.SPLIT_COLUMNS on slice (654, 7) (remaining tasks 60)
2025-04-22 14:59:20,786 [DEBUG]  		found 1 col clusters (in 0.52043 secs)
2025-04-22 14:59:20,786 [DEBUG]  OP: Operation.SPLIT_COLUMNS on slice (586, 7) (remaining tasks 60)
2025-04-22 14:59:21,774 [DEBUG]  		found 1 col clusters (in 0.98745 secs)
2025-04-22 14:59:21,774 [DEBUG]  OP: Operation.SPLIT_COLUMNS on slice (329, 7) (remaining tasks 60)
2025-04-22 14:59:22,199 [DEBUG]  		found 1 col clusters (in 0.42461 secs)
2025-04-22 14:59:22,200 [DEBUG]  OP: Operation.SPLIT_COLUMNS on slice (440, 7) (remaining tasks 60)
2025-04-22 14:59:23,146 [DEBUG]  		found 1 col clusters (in 0.94633 secs)
2025-04-22 14:59:23,147 [DEBUG]  OP: Operation.SPLIT_COLUMNS on slice (469, 7) (remaining tasks 60)
2025-04-22 14:59:23,847 [DEBUG]  		found 1 col clusters (in 0.70014 secs)
2025-04-22 14:59:23,848 [DEBUG]  OP: Operation.SPLIT_COLUMNS on slice (372, 7) (remaining tasks 60)
2025-04-22 14:59:24,345 [DEBUG]  		found 1 col clusters (in 0.49747 secs)
2025-04-22 14:59:24,346 [DEBUG]  OP: Operation.SPLIT_COLUMNS on slice (385, 7) (remaining tasks 60)
2025-04-22 14:59:25,112 [DEBUG]  		found 1 col clusters (in 0.76563 secs)
2025-04-22 14:59:25,112 [DEBUG]  OP: Operation.SPLIT_COLUMNS on slice (331, 7) (remaining tasks 60)
2025-04-22 14:59:25,554 [DEBUG]  		found 1 col clusters (in 0.44216 secs)
2025-04-22 14:59:25,555 [DEBUG]  OP: Operation.SPLIT_COLUMNS on slice (559, 7) (remaining tasks 60)
2025-04-22 14:59:26,049 [DEBUG]  		found 1 col clusters (in 0.49365 secs)
2025-04-22 14:59:26,050 [DEBUG]  OP: Operation.SPLIT_COLUMNS on slice (631, 7) (remaining tasks 60)
2025-04-22 14:59:26,496 [DEBUG]  		found 1 col clusters (in 0.44603 secs)
2025-04-22 14:59:26,496 [DEBUG]  OP: Operation.SPLIT_COLUMNS on slice (389, 7) (remaining tasks 60)
2025-04-22 14:59:27,546 [DEBUG]  		found 1 col clusters (in 1.04944 secs)
2025-04-22 14:59:27,547 [DEBUG]  OP: Operation.SPLIT_COLUMNS on slice (388, 7) (remaining tasks 60)
2025-04-22 14:59:28,178 [DEBUG]  		found 1 col clusters (in 0.63112 secs)
2025-04-22 14:59:28,179 [DEBUG]  OP: Operation.SPLIT_ROWS on slice (391, 7) (remaining tasks 60)
2025-04-22 14:59:28,314 [DEBUG]  		found 2 row clusters (in 0.13495 secs)
2025-04-22 14:59:28,314 [DEBUG]  OP: Operation.SPLIT_ROWS on slice (572, 7) (remaining tasks 61)
2025-04-22 14:59:28,339 [DEBUG]  		found 2 row clusters (in 0.02523 secs)
2025-04-22 14:59:28,340 [DEBUG]  OP: Operation.SPLIT_ROWS on slice (444, 7) (remaining tasks 62)
2025-04-22 14:59:28,360 [DEBUG]  		found 2 row clusters (in 0.02041 secs)
2025-04-22 14:59:28,360 [DEBUG]  OP: Operation.SPLIT_ROWS on slice (656, 7) (remaining tasks 63)
2025-04-22 14:59:28,385 [DEBUG]  		found 2 row clusters (in 0.02472 secs)
2025-04-22 14:59:28,385 [DEBUG]  OP: Operation.SPLIT_ROWS on slice (381, 7) (remaining tasks 64)
2025-04-22 14:59:28,406 [DEBUG]  		found 2 row clusters (in 0.02090 secs)
2025-04-22 14:59:28,406 [DEBUG]  OP: Operation.SPLIT_ROWS on slice (441, 7) (remaining tasks 65)
2025-04-22 14:59:28,426 [DEBUG]  		found 2 row clusters (in 0.01925 secs)
2025-04-22 14:59:28,426 [DEBUG]  OP: Operation.SPLIT_ROWS on slice (542, 7) (remaining tasks 66)
2025-04-22 14:59:28,453 [DEBUG]  		found 2 row clusters (in 0.02651 secs)
2025-04-22 14:59:28,453 [DEBUG]  OP: Operation.SPLIT_ROWS on slice (707, 7) (remaining tasks 67)
2025-04-22 14:59:28,476 [DEBUG]  		found 2 row clusters (in 0.02264 secs)
2025-04-22 14:59:28,476 [DEBUG]  OP: Operation.SPLIT_ROWS on slice (354, 7) (remaining tasks 68)
2025-04-22 14:59:28,496 [DEBUG]  		found 2 row clusters (in 0.01968 secs)
2025-04-22 14:59:28,496 [DEBUG]  OP: Operation.SPLIT_ROWS on slice (491, 7) (remaining tasks 69)
2025-04-22 14:59:28,515 [DEBUG]  		found 2 row clusters (in 0.01948 secs)
2025-04-22 14:59:28,516 [DEBUG]  OP: Operation.SPLIT_ROWS on slice (321, 7) (remaining tasks 70)
2025-04-22 14:59:28,536 [DEBUG]  		found 2 row clusters (in 0.02054 secs)
2025-04-22 14:59:28,536 [DEBUG]  OP: Operation.SPLIT_ROWS on slice (321, 7) (remaining tasks 71)
2025-04-22 14:59:28,555 [DEBUG]  		found 2 row clusters (in 0.01906 secs)
2025-04-22 14:59:28,556 [DEBUG]  OP: Operation.SPLIT_ROWS on slice (358, 7) (remaining tasks 72)
2025-04-22 14:59:28,577 [DEBUG]  		found 2 row clusters (in 0.02155 secs)
2025-04-22 14:59:28,578 [DEBUG]  OP: Operation.SPLIT_ROWS on slice (768, 7) (remaining tasks 73)
2025-04-22 14:59:28,600 [DEBUG]  		found 2 row clusters (in 0.02253 secs)
2025-04-22 14:59:28,600 [DEBUG]  OP: Operation.SPLIT_ROWS on slice (373, 7) (remaining tasks 74)
2025-04-22 14:59:28,618 [DEBUG]  		found 2 row clusters (in 0.01799 secs)
2025-04-22 14:59:28,619 [DEBUG]  OP: Operation.SPLIT_ROWS on slice (603, 7) (remaining tasks 75)
2025-04-22 14:59:28,641 [DEBUG]  		found 2 row clusters (in 0.02262 secs)
2025-04-22 14:59:28,642 [DEBUG]  OP: Operation.SPLIT_ROWS on slice (421, 7) (remaining tasks 76)
2025-04-22 14:59:28,664 [DEBUG]  		found 2 row clusters (in 0.02269 secs)
2025-04-22 14:59:28,665 [DEBUG]  OP: Operation.SPLIT_ROWS on slice (624, 7) (remaining tasks 77)
2025-04-22 14:59:28,682 [DEBUG]  		found 2 row clusters (in 0.01751 secs)
2025-04-22 14:59:28,682 [DEBUG]  OP: Operation.SPLIT_ROWS on slice (732, 7) (remaining tasks 78)
2025-04-22 14:59:28,702 [DEBUG]  		found 2 row clusters (in 0.01953 secs)
2025-04-22 14:59:28,702 [DEBUG]  OP: Operation.SPLIT_ROWS on slice (428, 7) (remaining tasks 79)
2025-04-22 14:59:28,722 [DEBUG]  		found 2 row clusters (in 0.01992 secs)
2025-04-22 14:59:28,722 [DEBUG]  OP: Operation.SPLIT_ROWS on slice (372, 7) (remaining tasks 80)
2025-04-22 14:59:28,741 [DEBUG]  		found 2 row clusters (in 0.01890 secs)
2025-04-22 14:59:28,741 [DEBUG]  OP: Operation.NAIVE_FACTORIZATION on slice (264, 8) (remaining tasks 81)
2025-04-22 14:59:28,748 [DEBUG]  		naive factorization 8 columns (in 0.00605 secs)
2025-04-22 14:59:28,748 [DEBUG]  OP: Operation.REMOVE_UNINFORMATIVE_FEATURES on slice (281, 8) (remaining tasks 80)
2025-04-22 14:59:28,748 [DEBUG]  OP: Operation.SPLIT_COLUMNS on slice (399, 8) (remaining tasks 81)
2025-04-22 14:59:30,043 [DEBUG]  		found 1 col clusters (in 1.29444 secs)
2025-04-22 14:59:30,043 [DEBUG]  OP: Operation.SPLIT_COLUMNS on slice (363, 8) (remaining tasks 81)
2025-04-22 14:59:30,810 [DEBUG]  		found 1 col clusters (in 0.76645 secs)
2025-04-22 14:59:30,810 [DEBUG]  OP: Operation.NAIVE_FACTORIZATION on slice (224, 8) (remaining tasks 81)
2025-04-22 14:59:30,821 [DEBUG]  		naive factorization 8 columns (in 0.01022 secs)
2025-04-22 14:59:30,821 [DEBUG]  OP: Operation.SPLIT_COLUMNS on slice (511, 8) (remaining tasks 80)
2025-04-22 14:59:31,716 [DEBUG]  		found 1 col clusters (in 0.89490 secs)
2025-04-22 14:59:31,717 [DEBUG]  OP: Operation.SPLIT_ROWS on slice (836, 7) (remaining tasks 80)
2025-04-22 14:59:31,781 [DEBUG]  		found 2 row clusters (in 0.06431 secs)
2025-04-22 14:59:31,782 [DEBUG]  OP: Operation.NAIVE_FACTORIZATION on slice (236, 8) (remaining tasks 81)
2025-04-22 14:59:31,798 [DEBUG]  		naive factorization 8 columns (in 0.01625 secs)
2025-04-22 14:59:31,798 [DEBUG]  OP: Operation.NAIVE_FACTORIZATION on slice (272, 8) (remaining tasks 80)
2025-04-22 14:59:31,809 [DEBUG]  		naive factorization 8 columns (in 0.01049 secs)
2025-04-22 14:59:31,809 [DEBUG]  OP: Operation.SPLIT_ROWS on slice (487, 7) (remaining tasks 79)
2025-04-22 14:59:31,866 [DEBUG]  		found 2 row clusters (in 0.05684 secs)
2025-04-22 14:59:31,866 [DEBUG]  OP: Operation.SPLIT_ROWS on slice (756, 7) (remaining tasks 80)
2025-04-22 14:59:31,887 [DEBUG]  		found 2 row clusters (in 0.02089 secs)
2025-04-22 14:59:31,888 [DEBUG]  OP: Operation.SPLIT_ROWS on slice (982, 7) (remaining tasks 81)
2025-04-22 14:59:31,911 [DEBUG]  		found 2 row clusters (in 0.02332 secs)
2025-04-22 14:59:31,911 [DEBUG]  OP: Operation.SPLIT_ROWS on slice (634, 7) (remaining tasks 82)
2025-04-22 14:59:31,934 [DEBUG]  		found 2 row clusters (in 0.02300 secs)
2025-04-22 14:59:31,935 [DEBUG]  OP: Operation.SPLIT_ROWS on slice (472, 7) (remaining tasks 83)
2025-04-22 14:59:31,958 [DEBUG]  		found 2 row clusters (in 0.02355 secs)
2025-04-22 14:59:31,958 [DEBUG]  OP: Operation.SPLIT_ROWS on slice (369, 7) (remaining tasks 84)
2025-04-22 14:59:31,978 [DEBUG]  		found 2 row clusters (in 0.01981 secs)
2025-04-22 14:59:31,979 [DEBUG]  OP: Operation.SPLIT_ROWS on slice (967, 7) (remaining tasks 85)
2025-04-22 14:59:32,002 [DEBUG]  		found 2 row clusters (in 0.02343 secs)
2025-04-22 14:59:32,002 [DEBUG]  OP: Operation.SPLIT_ROWS on slice (571, 7) (remaining tasks 86)
2025-04-22 14:59:32,027 [DEBUG]  		found 2 row clusters (in 0.02512 secs)
2025-04-22 14:59:32,028 [DEBUG]  OP: Operation.SPLIT_ROWS on slice (382, 7) (remaining tasks 87)
2025-04-22 14:59:32,047 [DEBUG]  		found 2 row clusters (in 0.01875 secs)
2025-04-22 14:59:32,047 [DEBUG]  OP: Operation.SPLIT_ROWS on slice (374, 7) (remaining tasks 88)
2025-04-22 14:59:32,065 [DEBUG]  		found 2 row clusters (in 0.01857 secs)
2025-04-22 14:59:32,066 [DEBUG]  OP: Operation.SPLIT_ROWS on slice (343, 7) (remaining tasks 89)
2025-04-22 14:59:32,086 [DEBUG]  		found 2 row clusters (in 0.02033 secs)
2025-04-22 14:59:32,086 [DEBUG]  OP: Operation.SPLIT_ROWS on slice (715, 7) (remaining tasks 90)
2025-04-22 14:59:32,105 [DEBUG]  		found 2 row clusters (in 0.01900 secs)
2025-04-22 14:59:32,105 [DEBUG]  OP: Operation.SPLIT_ROWS on slice (522, 7) (remaining tasks 91)
2025-04-22 14:59:32,126 [DEBUG]  		found 2 row clusters (in 0.02083 secs)
2025-04-22 14:59:32,127 [DEBUG]  OP: Operation.SPLIT_ROWS on slice (442, 7) (remaining tasks 92)
2025-04-22 14:59:32,147 [DEBUG]  		found 2 row clusters (in 0.02034 secs)
2025-04-22 14:59:32,147 [DEBUG]  OP: Operation.SPLIT_ROWS on slice (444, 7) (remaining tasks 93)
2025-04-22 14:59:32,165 [DEBUG]  		found 2 row clusters (in 0.01748 secs)
2025-04-22 14:59:32,165 [DEBUG]  OP: Operation.SPLIT_ROWS on slice (542, 7) (remaining tasks 94)
2025-04-22 14:59:32,191 [DEBUG]  		found 2 row clusters (in 0.02603 secs)
2025-04-22 14:59:32,191 [DEBUG]  OP: Operation.SPLIT_ROWS on slice (427, 7) (remaining tasks 95)
2025-04-22 14:59:32,211 [DEBUG]  		found 2 row clusters (in 0.01977 secs)
2025-04-22 14:59:32,211 [DEBUG]  OP: Operation.SPLIT_ROWS on slice (544, 7) (remaining tasks 96)
2025-04-22 14:59:32,236 [DEBUG]  		found 2 row clusters (in 0.02458 secs)
2025-04-22 14:59:32,236 [DEBUG]  OP: Operation.SPLIT_ROWS on slice (709, 7) (remaining tasks 97)
2025-04-22 14:59:32,256 [DEBUG]  		found 2 row clusters (in 0.01983 secs)
2025-04-22 14:59:32,256 [DEBUG]  OP: Operation.SPLIT_ROWS on slice (654, 7) (remaining tasks 98)
2025-04-22 14:59:32,278 [DEBUG]  		found 2 row clusters (in 0.02143 secs)
2025-04-22 14:59:32,278 [DEBUG]  OP: Operation.SPLIT_ROWS on slice (586, 7) (remaining tasks 99)
2025-04-22 14:59:32,303 [DEBUG]  		found 2 row clusters (in 0.02531 secs)
2025-04-22 14:59:32,304 [DEBUG]  OP: Operation.SPLIT_ROWS on slice (329, 7) (remaining tasks 100)
2025-04-22 14:59:32,323 [DEBUG]  		found 2 row clusters (in 0.01899 secs)
2025-04-22 14:59:32,323 [DEBUG]  OP: Operation.SPLIT_ROWS on slice (440, 7) (remaining tasks 101)
2025-04-22 14:59:32,341 [DEBUG]  		found 2 row clusters (in 0.01823 secs)
2025-04-22 14:59:32,341 [DEBUG]  OP: Operation.SPLIT_ROWS on slice (469, 7) (remaining tasks 102)
2025-04-22 14:59:32,361 [DEBUG]  		found 2 row clusters (in 0.01950 secs)
2025-04-22 14:59:32,361 [DEBUG]  OP: Operation.SPLIT_ROWS on slice (372, 7) (remaining tasks 103)
2025-04-22 14:59:32,382 [DEBUG]  		found 2 row clusters (in 0.02118 secs)
2025-04-22 14:59:32,383 [DEBUG]  OP: Operation.SPLIT_ROWS on slice (385, 7) (remaining tasks 104)
2025-04-22 14:59:32,402 [DEBUG]  		found 2 row clusters (in 0.01940 secs)
2025-04-22 14:59:32,402 [DEBUG]  OP: Operation.SPLIT_ROWS on slice (331, 7) (remaining tasks 105)
2025-04-22 14:59:32,423 [DEBUG]  		found 2 row clusters (in 0.02026 secs)
2025-04-22 14:59:32,423 [DEBUG]  OP: Operation.SPLIT_ROWS on slice (559, 7) (remaining tasks 106)
2025-04-22 14:59:32,443 [DEBUG]  		found 2 row clusters (in 0.02016 secs)
2025-04-22 14:59:32,443 [DEBUG]  OP: Operation.SPLIT_ROWS on slice (631, 7) (remaining tasks 107)
2025-04-22 14:59:32,464 [DEBUG]  		found 2 row clusters (in 0.02017 secs)
2025-04-22 14:59:32,464 [DEBUG]  OP: Operation.SPLIT_ROWS on slice (389, 7) (remaining tasks 108)
2025-04-22 14:59:32,485 [DEBUG]  		found 2 row clusters (in 0.02127 secs)
2025-04-22 14:59:32,485 [DEBUG]  OP: Operation.SPLIT_ROWS on slice (388, 7) (remaining tasks 109)
2025-04-22 14:59:32,506 [DEBUG]  		found 2 row clusters (in 0.02094 secs)
2025-04-22 14:59:32,507 [DEBUG]  OP: Operation.NAIVE_FACTORIZATION on slice (196, 7) (remaining tasks 110)
2025-04-22 14:59:32,512 [DEBUG]  		naive factorization 7 columns (in 0.00495 secs)
2025-04-22 14:59:32,512 [DEBUG]  OP: Operation.NAIVE_FACTORIZATION on slice (195, 7) (remaining tasks 109)
2025-04-22 14:59:32,518 [DEBUG]  		naive factorization 7 columns (in 0.00576 secs)
2025-04-22 14:59:32,518 [DEBUG]  OP: Operation.NAIVE_FACTORIZATION on slice (286, 7) (remaining tasks 108)
2025-04-22 14:59:32,523 [DEBUG]  		naive factorization 7 columns (in 0.00513 secs)
2025-04-22 14:59:32,523 [DEBUG]  OP: Operation.NAIVE_FACTORIZATION on slice (286, 7) (remaining tasks 107)
2025-04-22 14:59:32,529 [DEBUG]  		naive factorization 7 columns (in 0.00525 secs)
2025-04-22 14:59:32,529 [DEBUG]  OP: Operation.NAIVE_FACTORIZATION on slice (222, 7) (remaining tasks 106)
2025-04-22 14:59:32,534 [DEBUG]  		naive factorization 7 columns (in 0.00553 secs)
2025-04-22 14:59:32,535 [DEBUG]  OP: Operation.NAIVE_FACTORIZATION on slice (222, 7) (remaining tasks 105)
2025-04-22 14:59:32,539 [DEBUG]  		naive factorization 7 columns (in 0.00445 secs)
2025-04-22 14:59:32,540 [DEBUG]  OP: Operation.SPLIT_COLUMNS on slice (378, 7) (remaining tasks 104)
2025-04-22 14:59:33,326 [DEBUG]  		found 1 col clusters (in 0.78624 secs)
2025-04-22 14:59:33,326 [DEBUG]  OP: Operation.NAIVE_FACTORIZATION on slice (278, 7) (remaining tasks 104)
2025-04-22 14:59:33,337 [DEBUG]  		naive factorization 7 columns (in 0.01041 secs)
2025-04-22 14:59:33,337 [DEBUG]  OP: Operation.NAIVE_FACTORIZATION on slice (188, 7) (remaining tasks 103)
2025-04-22 14:59:33,350 [DEBUG]  		naive factorization 7 columns (in 0.01255 secs)
2025-04-22 14:59:33,350 [DEBUG]  OP: Operation.NAIVE_FACTORIZATION on slice (193, 7) (remaining tasks 102)
2025-04-22 14:59:33,361 [DEBUG]  		naive factorization 7 columns (in 0.01009 secs)
2025-04-22 14:59:33,361 [DEBUG]  OP: Operation.NAIVE_FACTORIZATION on slice (273, 7) (remaining tasks 101)
2025-04-22 14:59:33,370 [DEBUG]  		naive factorization 7 columns (in 0.00842 secs)
2025-04-22 14:59:33,370 [DEBUG]  OP: Operation.NAIVE_FACTORIZATION on slice (168, 7) (remaining tasks 100)
2025-04-22 14:59:33,376 [DEBUG]  		naive factorization 7 columns (in 0.00638 secs)
2025-04-22 14:59:33,377 [DEBUG]  OP: Operation.NAIVE_FACTORIZATION on slice (202, 7) (remaining tasks 99)
2025-04-22 14:59:33,384 [DEBUG]  		naive factorization 7 columns (in 0.00660 secs)
2025-04-22 14:59:33,384 [DEBUG]  OP: Operation.SPLIT_COLUMNS on slice (340, 7) (remaining tasks 98)
2025-04-22 14:59:33,799 [DEBUG]  		found 1 col clusters (in 0.41518 secs)
2025-04-22 14:59:33,800 [DEBUG]  OP: Operation.SPLIT_COLUMNS on slice (423, 7) (remaining tasks 98)
2025-04-22 14:59:34,574 [DEBUG]  		found 1 col clusters (in 0.77367 secs)
2025-04-22 14:59:34,574 [DEBUG]  OP: Operation.NAIVE_FACTORIZATION on slice (284, 7) (remaining tasks 98)
2025-04-22 14:59:34,586 [DEBUG]  		naive factorization 7 columns (in 0.01180 secs)
2025-04-22 14:59:34,587 [DEBUG]  OP: Operation.NAIVE_FACTORIZATION on slice (169, 7) (remaining tasks 97)
2025-04-22 14:59:34,596 [DEBUG]  		naive factorization 7 columns (in 0.00932 secs)
2025-04-22 14:59:34,597 [DEBUG]  OP: Operation.NAIVE_FACTORIZATION on slice (185, 7) (remaining tasks 96)
2025-04-22 14:59:34,607 [DEBUG]  		naive factorization 7 columns (in 0.00990 secs)
2025-04-22 14:59:34,607 [DEBUG]  OP: Operation.NAIVE_FACTORIZATION on slice (315, 7) (remaining tasks 95)
2025-04-22 14:59:34,618 [DEBUG]  		naive factorization 7 columns (in 0.01111 secs)
2025-04-22 14:59:34,619 [DEBUG]  OP: Operation.NAIVE_FACTORIZATION on slice (176, 7) (remaining tasks 94)
2025-04-22 14:59:34,630 [DEBUG]  		naive factorization 7 columns (in 0.01079 secs)
2025-04-22 14:59:34,630 [DEBUG]  OP: Operation.NAIVE_FACTORIZATION on slice (161, 7) (remaining tasks 93)
2025-04-22 14:59:34,640 [DEBUG]  		naive factorization 7 columns (in 0.00928 secs)
2025-04-22 14:59:34,640 [DEBUG]  OP: Operation.NAIVE_FACTORIZATION on slice (160, 7) (remaining tasks 92)
2025-04-22 14:59:34,648 [DEBUG]  		naive factorization 7 columns (in 0.00777 secs)
2025-04-22 14:59:34,648 [DEBUG]  OP: Operation.NAIVE_FACTORIZATION on slice (161, 7) (remaining tasks 91)
2025-04-22 14:59:34,655 [DEBUG]  		naive factorization 7 columns (in 0.00624 secs)
2025-04-22 14:59:34,655 [DEBUG]  OP: Operation.NAIVE_FACTORIZATION on slice (160, 7) (remaining tasks 90)
2025-04-22 14:59:34,665 [DEBUG]  		naive factorization 7 columns (in 0.00953 secs)
2025-04-22 14:59:34,665 [DEBUG]  OP: Operation.NAIVE_FACTORIZATION on slice (180, 7) (remaining tasks 89)
2025-04-22 14:59:34,673 [DEBUG]  		naive factorization 7 columns (in 0.00789 secs)
2025-04-22 14:59:34,673 [DEBUG]  OP: Operation.NAIVE_FACTORIZATION on slice (178, 7) (remaining tasks 88)
2025-04-22 14:59:34,682 [DEBUG]  		naive factorization 7 columns (in 0.00837 secs)
2025-04-22 14:59:34,682 [DEBUG]  OP: Operation.SPLIT_COLUMNS on slice (401, 7) (remaining tasks 87)
2025-04-22 14:59:35,360 [DEBUG]  		found 1 col clusters (in 0.67782 secs)
2025-04-22 14:59:35,361 [DEBUG]  OP: Operation.SPLIT_COLUMNS on slice (367, 7) (remaining tasks 87)
2025-04-22 14:59:35,912 [DEBUG]  		found 1 col clusters (in 0.55111 secs)
2025-04-22 14:59:35,912 [DEBUG]  OP: Operation.NAIVE_FACTORIZATION on slice (233, 7) (remaining tasks 87)
2025-04-22 14:59:35,922 [DEBUG]  		naive factorization 7 columns (in 0.00963 secs)
2025-04-22 14:59:35,923 [DEBUG]  OP: Operation.NAIVE_FACTORIZATION on slice (140, 7) (remaining tasks 86)
2025-04-22 14:59:35,928 [DEBUG]  		naive factorization 7 columns (in 0.00512 secs)
2025-04-22 14:59:35,928 [DEBUG]  OP: Operation.NAIVE_FACTORIZATION on slice (315, 7) (remaining tasks 85)
2025-04-22 14:59:35,937 [DEBUG]  		naive factorization 7 columns (in 0.00804 secs)
2025-04-22 14:59:35,937 [DEBUG]  OP: Operation.NAIVE_FACTORIZATION on slice (288, 7) (remaining tasks 84)
2025-04-22 14:59:35,946 [DEBUG]  		naive factorization 7 columns (in 0.00896 secs)
2025-04-22 14:59:35,946 [DEBUG]  OP: Operation.NAIVE_FACTORIZATION on slice (211, 7) (remaining tasks 83)
2025-04-22 14:59:35,956 [DEBUG]  		naive factorization 7 columns (in 0.00900 secs)
2025-04-22 14:59:35,956 [DEBUG]  OP: Operation.NAIVE_FACTORIZATION on slice (210, 7) (remaining tasks 82)
2025-04-22 14:59:35,966 [DEBUG]  		naive factorization 7 columns (in 0.01005 secs)
2025-04-22 14:59:35,967 [DEBUG]  OP: Operation.SPLIT_COLUMNS on slice (336, 7) (remaining tasks 81)
2025-04-22 14:59:36,609 [DEBUG]  		found 1 col clusters (in 0.64176 secs)
2025-04-22 14:59:36,609 [DEBUG]  OP: Operation.NAIVE_FACTORIZATION on slice (288, 7) (remaining tasks 81)
2025-04-22 14:59:36,620 [DEBUG]  		naive factorization 7 columns (in 0.01049 secs)
2025-04-22 14:59:36,620 [DEBUG]  OP: Operation.NAIVE_FACTORIZATION on slice (312, 7) (remaining tasks 80)
2025-04-22 14:59:36,635 [DEBUG]  		naive factorization 7 columns (in 0.01453 secs)
2025-04-22 14:59:36,636 [DEBUG]  OP: Operation.SPLIT_COLUMNS on slice (420, 7) (remaining tasks 79)
2025-04-22 14:59:37,323 [DEBUG]  		found 1 col clusters (in 0.68687 secs)
2025-04-22 14:59:37,323 [DEBUG]  OP: Operation.NAIVE_FACTORIZATION on slice (284, 7) (remaining tasks 79)
2025-04-22 14:59:37,330 [DEBUG]  		naive factorization 7 columns (in 0.00707 secs)
2025-04-22 14:59:37,331 [DEBUG]  OP: Operation.NAIVE_FACTORIZATION on slice (144, 7) (remaining tasks 78)
2025-04-22 14:59:37,337 [DEBUG]  		naive factorization 7 columns (in 0.00597 secs)
2025-04-22 14:59:37,337 [DEBUG]  OP: Operation.NAIVE_FACTORIZATION on slice (218, 7) (remaining tasks 77)
2025-04-22 14:59:37,349 [DEBUG]  		naive factorization 7 columns (in 0.01154 secs)
2025-04-22 14:59:37,350 [DEBUG]  OP: Operation.NAIVE_FACTORIZATION on slice (154, 7) (remaining tasks 76)
2025-04-22 14:59:37,356 [DEBUG]  		naive factorization 7 columns (in 0.00657 secs)
2025-04-22 14:59:37,356 [DEBUG]  OP: Operation.CREATE_LEAF on slice (281, 1) (remaining tasks 75)
2025-04-22 14:59:37,357 [DEBUG]  		 created leaf IdentityNumericLeaf for scope=[7] (in 0.00030 secs)
2025-04-22 14:59:37,357 [DEBUG]  OP: Operation.NAIVE_FACTORIZATION on slice (281, 7) (remaining tasks 74)
2025-04-22 14:59:37,367 [DEBUG]  		naive factorization 7 columns (in 0.00932 secs)
2025-04-22 14:59:37,367 [DEBUG]  OP: Operation.SPLIT_ROWS on slice (399, 8) (remaining tasks 73)
2025-04-22 14:59:37,479 [DEBUG]  		found 2 row clusters (in 0.11181 secs)
2025-04-22 14:59:37,480 [DEBUG]  OP: Operation.SPLIT_ROWS on slice (363, 8) (remaining tasks 74)
2025-04-22 14:59:37,521 [DEBUG]  		found 2 row clusters (in 0.04102 secs)
2025-04-22 14:59:37,521 [DEBUG]  OP: Operation.SPLIT_ROWS on slice (511, 8) (remaining tasks 75)
2025-04-22 14:59:37,542 [DEBUG]  		found 2 row clusters (in 0.02092 secs)
2025-04-22 14:59:37,542 [DEBUG]  OP: Operation.SPLIT_COLUMNS on slice (430, 7) (remaining tasks 76)
2025-04-22 14:59:38,237 [DEBUG]  		found 1 col clusters (in 0.69435 secs)
2025-04-22 14:59:38,237 [DEBUG]  OP: Operation.SPLIT_COLUMNS on slice (406, 7) (remaining tasks 76)
2025-04-22 14:59:39,269 [DEBUG]  		found 1 col clusters (in 1.03134 secs)
2025-04-22 14:59:39,269 [DEBUG]  OP: Operation.NAIVE_FACTORIZATION on slice (169, 7) (remaining tasks 76)
2025-04-22 14:59:39,279 [DEBUG]  		naive factorization 7 columns (in 0.00922 secs)
2025-04-22 14:59:39,279 [DEBUG]  OP: Operation.NAIVE_FACTORIZATION on slice (318, 7) (remaining tasks 75)
2025-04-22 14:59:39,292 [DEBUG]  		naive factorization 7 columns (in 0.01308 secs)
2025-04-22 14:59:39,293 [DEBUG]  OP: Operation.SPLIT_COLUMNS on slice (342, 7) (remaining tasks 74)
2025-04-22 14:59:39,963 [DEBUG]  		found 1 col clusters (in 0.66998 secs)
2025-04-22 14:59:39,963 [DEBUG]  OP: Operation.SPLIT_COLUMNS on slice (414, 7) (remaining tasks 74)
2025-04-22 14:59:40,705 [DEBUG]  		found 1 col clusters (in 0.74161 secs)
2025-04-22 14:59:40,706 [DEBUG]  OP: Operation.SPLIT_COLUMNS on slice (529, 7) (remaining tasks 74)
2025-04-22 14:59:41,633 [DEBUG]  		found 1 col clusters (in 0.92714 secs)
2025-04-22 14:59:41,634 [DEBUG]  OP: Operation.SPLIT_COLUMNS on slice (453, 7) (remaining tasks 74)
2025-04-22 14:59:42,349 [DEBUG]  		found 1 col clusters (in 0.71477 secs)
2025-04-22 14:59:42,350 [DEBUG]  OP: Operation.SPLIT_COLUMNS on slice (331, 7) (remaining tasks 74)
2025-04-22 14:59:42,878 [DEBUG]  		found 1 col clusters (in 0.52811 secs)
2025-04-22 14:59:42,878 [DEBUG]  OP: Operation.NAIVE_FACTORIZATION on slice (303, 7) (remaining tasks 74)
2025-04-22 14:59:42,891 [DEBUG]  		naive factorization 7 columns (in 0.01251 secs)
2025-04-22 14:59:42,892 [DEBUG]  OP: Operation.NAIVE_FACTORIZATION on slice (159, 7) (remaining tasks 73)
2025-04-22 14:59:42,900 [DEBUG]  		naive factorization 7 columns (in 0.00774 secs)
2025-04-22 14:59:42,900 [DEBUG]  OP: Operation.NAIVE_FACTORIZATION on slice (313, 7) (remaining tasks 72)
2025-04-22 14:59:42,908 [DEBUG]  		naive factorization 7 columns (in 0.00831 secs)
2025-04-22 14:59:42,909 [DEBUG]  OP: Operation.NAIVE_FACTORIZATION on slice (222, 7) (remaining tasks 71)
2025-04-22 14:59:42,916 [DEBUG]  		naive factorization 7 columns (in 0.00724 secs)
2025-04-22 14:59:42,917 [DEBUG]  OP: Operation.NAIVE_FACTORIZATION on slice (147, 7) (remaining tasks 70)
2025-04-22 14:59:42,927 [DEBUG]  		naive factorization 7 columns (in 0.00993 secs)
2025-04-22 14:59:42,927 [DEBUG]  OP: Operation.SPLIT_COLUMNS on slice (528, 7) (remaining tasks 69)
2025-04-22 14:59:43,625 [DEBUG]  		found 1 col clusters (in 0.69782 secs)
2025-04-22 14:59:43,626 [DEBUG]  OP: Operation.SPLIT_COLUMNS on slice (439, 7) (remaining tasks 69)
2025-04-22 14:59:44,690 [DEBUG]  		found 1 col clusters (in 1.06458 secs)
2025-04-22 14:59:44,691 [DEBUG]  OP: Operation.NAIVE_FACTORIZATION on slice (316, 7) (remaining tasks 69)
2025-04-22 14:59:44,702 [DEBUG]  		naive factorization 7 columns (in 0.01082 secs)
2025-04-22 14:59:44,702 [DEBUG]  OP: Operation.NAIVE_FACTORIZATION on slice (255, 7) (remaining tasks 68)
2025-04-22 14:59:44,709 [DEBUG]  		naive factorization 7 columns (in 0.00665 secs)
2025-04-22 14:59:44,710 [DEBUG]  OP: Operation.NAIVE_FACTORIZATION on slice (206, 7) (remaining tasks 67)
2025-04-22 14:59:44,717 [DEBUG]  		naive factorization 7 columns (in 0.00740 secs)
2025-04-22 14:59:44,718 [DEBUG]  OP: Operation.NAIVE_FACTORIZATION on slice (176, 7) (remaining tasks 66)
2025-04-22 14:59:44,723 [DEBUG]  		naive factorization 7 columns (in 0.00495 secs)
2025-04-22 14:59:44,723 [DEBUG]  OP: Operation.NAIVE_FACTORIZATION on slice (228, 7) (remaining tasks 65)
2025-04-22 14:59:44,733 [DEBUG]  		naive factorization 7 columns (in 0.00974 secs)
2025-04-22 14:59:44,733 [DEBUG]  OP: Operation.NAIVE_FACTORIZATION on slice (146, 7) (remaining tasks 64)
2025-04-22 14:59:44,741 [DEBUG]  		naive factorization 7 columns (in 0.00736 secs)
2025-04-22 14:59:44,741 [DEBUG]  OP: Operation.NAIVE_FACTORIZATION on slice (178, 7) (remaining tasks 63)
2025-04-22 14:59:44,747 [DEBUG]  		naive factorization 7 columns (in 0.00534 secs)
2025-04-22 14:59:44,747 [DEBUG]  OP: Operation.NAIVE_FACTORIZATION on slice (165, 7) (remaining tasks 62)
2025-04-22 14:59:44,755 [DEBUG]  		naive factorization 7 columns (in 0.00721 secs)
2025-04-22 14:59:44,755 [DEBUG]  OP: Operation.SPLIT_COLUMNS on slice (407, 7) (remaining tasks 61)
2025-04-22 14:59:45,476 [DEBUG]  		found 1 col clusters (in 0.72117 secs)
2025-04-22 14:59:45,477 [DEBUG]  OP: Operation.NAIVE_FACTORIZATION on slice (308, 7) (remaining tasks 61)
2025-04-22 14:59:45,483 [DEBUG]  		naive factorization 7 columns (in 0.00597 secs)
2025-04-22 14:59:45,483 [DEBUG]  OP: Operation.NAIVE_FACTORIZATION on slice (266, 7) (remaining tasks 60)
2025-04-22 14:59:45,491 [DEBUG]  		naive factorization 7 columns (in 0.00772 secs)
2025-04-22 14:59:45,491 [DEBUG]  OP: Operation.NAIVE_FACTORIZATION on slice (256, 7) (remaining tasks 59)
2025-04-22 14:59:45,498 [DEBUG]  		naive factorization 7 columns (in 0.00660 secs)
2025-04-22 14:59:45,498 [DEBUG]  OP: Operation.NAIVE_FACTORIZATION on slice (197, 7) (remaining tasks 58)
2025-04-22 14:59:45,503 [DEBUG]  		naive factorization 7 columns (in 0.00504 secs)
2025-04-22 14:59:45,504 [DEBUG]  OP: Operation.NAIVE_FACTORIZATION on slice (245, 7) (remaining tasks 57)
2025-04-22 14:59:45,510 [DEBUG]  		naive factorization 7 columns (in 0.00632 secs)
2025-04-22 14:59:45,511 [DEBUG]  OP: Operation.NAIVE_FACTORIZATION on slice (219, 7) (remaining tasks 56)
2025-04-22 14:59:45,517 [DEBUG]  		naive factorization 7 columns (in 0.00625 secs)
2025-04-22 14:59:45,517 [DEBUG]  OP: Operation.NAIVE_FACTORIZATION on slice (225, 7) (remaining tasks 55)
2025-04-22 14:59:45,525 [DEBUG]  		naive factorization 7 columns (in 0.00706 secs)
2025-04-22 14:59:45,525 [DEBUG]  OP: Operation.SPLIT_COLUMNS on slice (320, 7) (remaining tasks 54)
2025-04-22 14:59:46,132 [DEBUG]  		found 1 col clusters (in 0.60675 secs)
2025-04-22 14:59:46,132 [DEBUG]  OP: Operation.NAIVE_FACTORIZATION on slice (222, 7) (remaining tasks 54)
2025-04-22 14:59:46,143 [DEBUG]  		naive factorization 7 columns (in 0.01074 secs)
2025-04-22 14:59:46,144 [DEBUG]  OP: Operation.NAIVE_FACTORIZATION on slice (185, 7) (remaining tasks 53)
2025-04-22 14:59:46,151 [DEBUG]  		naive factorization 7 columns (in 0.00733 secs)
2025-04-22 14:59:46,152 [DEBUG]  OP: Operation.NAIVE_FACTORIZATION on slice (242, 7) (remaining tasks 52)
2025-04-22 14:59:46,161 [DEBUG]  		naive factorization 7 columns (in 0.00954 secs)
2025-04-22 14:59:46,162 [DEBUG]  OP: Operation.NAIVE_FACTORIZATION on slice (273, 7) (remaining tasks 51)
2025-04-22 14:59:46,170 [DEBUG]  		naive factorization 7 columns (in 0.00824 secs)
2025-04-22 14:59:46,171 [DEBUG]  OP: Operation.NAIVE_FACTORIZATION on slice (271, 7) (remaining tasks 50)
2025-04-22 14:59:46,183 [DEBUG]  		naive factorization 7 columns (in 0.01228 secs)
2025-04-22 14:59:46,184 [DEBUG]  OP: Operation.SPLIT_COLUMNS on slice (377, 7) (remaining tasks 49)
2025-04-22 14:59:46,976 [DEBUG]  		found 1 col clusters (in 0.79197 secs)
2025-04-22 14:59:46,976 [DEBUG]  OP: Operation.SPLIT_COLUMNS on slice (332, 7) (remaining tasks 49)
2025-04-22 14:59:47,819 [DEBUG]  		found 1 col clusters (in 0.84237 secs)
2025-04-22 14:59:47,820 [DEBUG]  OP: Operation.SPLIT_COLUMNS on slice (350, 7) (remaining tasks 49)
2025-04-22 14:59:48,380 [DEBUG]  		found 1 col clusters (in 0.56013 secs)
2025-04-22 14:59:48,380 [DEBUG]  OP: Operation.NAIVE_FACTORIZATION on slice (304, 7) (remaining tasks 49)
2025-04-22 14:59:48,390 [DEBUG]  		naive factorization 7 columns (in 0.00900 secs)
2025-04-22 14:59:48,390 [DEBUG]  OP: Operation.NAIVE_FACTORIZATION on slice (232, 7) (remaining tasks 48)
2025-04-22 14:59:48,397 [DEBUG]  		naive factorization 7 columns (in 0.00674 secs)
2025-04-22 14:59:48,397 [DEBUG]  OP: Operation.SPLIT_COLUMNS on slice (354, 7) (remaining tasks 47)
2025-04-22 14:59:49,058 [DEBUG]  		found 1 col clusters (in 0.66021 secs)
2025-04-22 14:59:49,058 [DEBUG]  OP: Operation.NAIVE_FACTORIZATION on slice (165, 7) (remaining tasks 47)
2025-04-22 14:59:49,069 [DEBUG]  		naive factorization 7 columns (in 0.01046 secs)
2025-04-22 14:59:49,069 [DEBUG]  OP: Operation.NAIVE_FACTORIZATION on slice (164, 7) (remaining tasks 46)
2025-04-22 14:59:49,076 [DEBUG]  		naive factorization 7 columns (in 0.00672 secs)
2025-04-22 14:59:49,077 [DEBUG]  OP: Operation.NAIVE_FACTORIZATION on slice (197, 7) (remaining tasks 45)
2025-04-22 14:59:49,084 [DEBUG]  		naive factorization 7 columns (in 0.00687 secs)
2025-04-22 14:59:49,084 [DEBUG]  OP: Operation.NAIVE_FACTORIZATION on slice (243, 7) (remaining tasks 44)
2025-04-22 14:59:49,093 [DEBUG]  		naive factorization 7 columns (in 0.00872 secs)
2025-04-22 14:59:49,093 [DEBUG]  OP: Operation.NAIVE_FACTORIZATION on slice (199, 7) (remaining tasks 43)
2025-04-22 14:59:49,102 [DEBUG]  		naive factorization 7 columns (in 0.00864 secs)
2025-04-22 14:59:49,102 [DEBUG]  OP: Operation.NAIVE_FACTORIZATION on slice (270, 7) (remaining tasks 42)
2025-04-22 14:59:49,111 [DEBUG]  		naive factorization 7 columns (in 0.00786 secs)
2025-04-22 14:59:49,111 [DEBUG]  OP: Operation.NAIVE_FACTORIZATION on slice (186, 7) (remaining tasks 41)
2025-04-22 14:59:49,117 [DEBUG]  		naive factorization 7 columns (in 0.00634 secs)
2025-04-22 14:59:49,118 [DEBUG]  OP: Operation.NAIVE_FACTORIZATION on slice (186, 7) (remaining tasks 40)
2025-04-22 14:59:49,128 [DEBUG]  		naive factorization 7 columns (in 0.01084 secs)
2025-04-22 14:59:49,129 [DEBUG]  OP: Operation.NAIVE_FACTORIZATION on slice (148, 7) (remaining tasks 39)
2025-04-22 14:59:49,137 [DEBUG]  		naive factorization 7 columns (in 0.00819 secs)
2025-04-22 14:59:49,138 [DEBUG]  OP: Operation.NAIVE_FACTORIZATION on slice (237, 7) (remaining tasks 38)
2025-04-22 14:59:49,145 [DEBUG]  		naive factorization 7 columns (in 0.00764 secs)
2025-04-22 14:59:49,146 [DEBUG]  OP: Operation.NAIVE_FACTORIZATION on slice (165, 7) (remaining tasks 37)
2025-04-22 14:59:49,153 [DEBUG]  		naive factorization 7 columns (in 0.00733 secs)
2025-04-22 14:59:49,154 [DEBUG]  OP: Operation.NAIVE_FACTORIZATION on slice (166, 7) (remaining tasks 36)
2025-04-22 14:59:49,163 [DEBUG]  		naive factorization 7 columns (in 0.00935 secs)
2025-04-22 14:59:49,163 [DEBUG]  OP: Operation.SPLIT_COLUMNS on slice (359, 7) (remaining tasks 35)
2025-04-22 14:59:49,754 [DEBUG]  		found 1 col clusters (in 0.59038 secs)
2025-04-22 14:59:49,755 [DEBUG]  OP: Operation.NAIVE_FACTORIZATION on slice (200, 7) (remaining tasks 35)
2025-04-22 14:59:49,762 [DEBUG]  		naive factorization 7 columns (in 0.00700 secs)
2025-04-22 14:59:49,762 [DEBUG]  OP: Operation.NAIVE_FACTORIZATION on slice (201, 7) (remaining tasks 34)
2025-04-22 14:59:49,770 [DEBUG]  		naive factorization 7 columns (in 0.00781 secs)
2025-04-22 14:59:49,771 [DEBUG]  OP: Operation.SPLIT_COLUMNS on slice (430, 7) (remaining tasks 33)
2025-04-22 14:59:50,854 [DEBUG]  		found 1 col clusters (in 1.08299 secs)
2025-04-22 14:59:50,854 [DEBUG]  OP: Operation.NAIVE_FACTORIZATION on slice (194, 7) (remaining tasks 33)
2025-04-22 14:59:50,863 [DEBUG]  		naive factorization 7 columns (in 0.00846 secs)
2025-04-22 14:59:50,863 [DEBUG]  OP: Operation.NAIVE_FACTORIZATION on slice (195, 7) (remaining tasks 32)
2025-04-22 14:59:50,871 [DEBUG]  		naive factorization 7 columns (in 0.00720 secs)
2025-04-22 14:59:50,871 [DEBUG]  OP: Operation.NAIVE_FACTORIZATION on slice (194, 7) (remaining tasks 31)
2025-04-22 14:59:50,879 [DEBUG]  		naive factorization 7 columns (in 0.00750 secs)
2025-04-22 14:59:50,879 [DEBUG]  OP: Operation.NAIVE_FACTORIZATION on slice (194, 7) (remaining tasks 30)
2025-04-22 14:59:50,887 [DEBUG]  		naive factorization 7 columns (in 0.00713 secs)
2025-04-22 14:59:50,887 [DEBUG]  OP: Operation.SPLIT_ROWS on slice (378, 7) (remaining tasks 29)
2025-04-22 14:59:50,967 [DEBUG]  		found 2 row clusters (in 0.07954 secs)
2025-04-22 14:59:50,967 [DEBUG]  OP: Operation.SPLIT_ROWS on slice (340, 7) (remaining tasks 30)
2025-04-22 14:59:50,985 [DEBUG]  		found 2 row clusters (in 0.01828 secs)
2025-04-22 14:59:50,985 [DEBUG]  OP: Operation.SPLIT_ROWS on slice (423, 7) (remaining tasks 31)
2025-04-22 14:59:51,004 [DEBUG]  		found 2 row clusters (in 0.01830 secs)
2025-04-22 14:59:51,004 [DEBUG]  OP: Operation.SPLIT_ROWS on slice (401, 7) (remaining tasks 32)
2025-04-22 14:59:51,023 [DEBUG]  		found 2 row clusters (in 0.01844 secs)
2025-04-22 14:59:51,023 [DEBUG]  OP: Operation.SPLIT_ROWS on slice (367, 7) (remaining tasks 33)
2025-04-22 14:59:51,042 [DEBUG]  		found 2 row clusters (in 0.01935 secs)
2025-04-22 14:59:51,042 [DEBUG]  OP: Operation.SPLIT_ROWS on slice (336, 7) (remaining tasks 34)
2025-04-22 14:59:51,060 [DEBUG]  		found 2 row clusters (in 0.01777 secs)
2025-04-22 14:59:51,060 [DEBUG]  OP: Operation.SPLIT_ROWS on slice (420, 7) (remaining tasks 35)
2025-04-22 14:59:51,078 [DEBUG]  		found 2 row clusters (in 0.01798 secs)
2025-04-22 14:59:51,079 [DEBUG]  OP: Operation.REMOVE_UNINFORMATIVE_FEATURES on slice (234, 8) (remaining tasks 36)
2025-04-22 14:59:51,079 [DEBUG]  OP: Operation.NAIVE_FACTORIZATION on slice (165, 8) (remaining tasks 37)
2025-04-22 14:59:51,083 [DEBUG]  		naive factorization 8 columns (in 0.00433 secs)
2025-04-22 14:59:51,083 [DEBUG]  OP: Operation.NAIVE_FACTORIZATION on slice (182, 8) (remaining tasks 36)
2025-04-22 14:59:51,088 [DEBUG]  		naive factorization 8 columns (in 0.00395 secs)
2025-04-22 14:59:51,088 [DEBUG]  OP: Operation.NAIVE_FACTORIZATION on slice (181, 8) (remaining tasks 35)
2025-04-22 14:59:51,092 [DEBUG]  		naive factorization 8 columns (in 0.00416 secs)
2025-04-22 14:59:51,092 [DEBUG]  OP: Operation.NAIVE_FACTORIZATION on slice (218, 8) (remaining tasks 34)
2025-04-22 14:59:51,097 [DEBUG]  		naive factorization 8 columns (in 0.00489 secs)
2025-04-22 14:59:51,097 [DEBUG]  OP: Operation.NAIVE_FACTORIZATION on slice (293, 8) (remaining tasks 33)
2025-04-22 14:59:51,104 [DEBUG]  		naive factorization 8 columns (in 0.00628 secs)
2025-04-22 14:59:51,104 [DEBUG]  OP: Operation.SPLIT_ROWS on slice (430, 7) (remaining tasks 32)
2025-04-22 14:59:51,123 [DEBUG]  		found 2 row clusters (in 0.01914 secs)
2025-04-22 14:59:51,124 [DEBUG]  OP: Operation.SPLIT_ROWS on slice (406, 7) (remaining tasks 33)
2025-04-22 14:59:51,144 [DEBUG]  		found 2 row clusters (in 0.02031 secs)
2025-04-22 14:59:51,144 [DEBUG]  OP: Operation.SPLIT_ROWS on slice (342, 7) (remaining tasks 34)
2025-04-22 14:59:51,162 [DEBUG]  		found 2 row clusters (in 0.01733 secs)
2025-04-22 14:59:51,162 [DEBUG]  OP: Operation.SPLIT_ROWS on slice (414, 7) (remaining tasks 35)
2025-04-22 14:59:51,180 [DEBUG]  		found 2 row clusters (in 0.01796 secs)
2025-04-22 14:59:51,180 [DEBUG]  OP: Operation.SPLIT_ROWS on slice (529, 7) (remaining tasks 36)
2025-04-22 14:59:51,199 [DEBUG]  		found 2 row clusters (in 0.01889 secs)
2025-04-22 14:59:51,199 [DEBUG]  OP: Operation.SPLIT_ROWS on slice (453, 7) (remaining tasks 37)
2025-04-22 14:59:51,219 [DEBUG]  		found 2 row clusters (in 0.01927 secs)
2025-04-22 14:59:51,219 [DEBUG]  OP: Operation.SPLIT_ROWS on slice (331, 7) (remaining tasks 38)
2025-04-22 14:59:51,236 [DEBUG]  		found 2 row clusters (in 0.01751 secs)
2025-04-22 14:59:51,237 [DEBUG]  OP: Operation.SPLIT_ROWS on slice (528, 7) (remaining tasks 39)
2025-04-22 14:59:51,255 [DEBUG]  		found 2 row clusters (in 0.01859 secs)
2025-04-22 14:59:51,255 [DEBUG]  OP: Operation.SPLIT_ROWS on slice (439, 7) (remaining tasks 40)
2025-04-22 14:59:51,277 [DEBUG]  		found 2 row clusters (in 0.02110 secs)
2025-04-22 14:59:51,277 [DEBUG]  OP: Operation.SPLIT_ROWS on slice (407, 7) (remaining tasks 41)
2025-04-22 14:59:51,295 [DEBUG]  		found 2 row clusters (in 0.01839 secs)
2025-04-22 14:59:51,295 [DEBUG]  OP: Operation.SPLIT_ROWS on slice (320, 7) (remaining tasks 42)
2025-04-22 14:59:51,314 [DEBUG]  		found 2 row clusters (in 0.01867 secs)
2025-04-22 14:59:51,314 [DEBUG]  OP: Operation.SPLIT_ROWS on slice (377, 7) (remaining tasks 43)
2025-04-22 14:59:51,332 [DEBUG]  		found 2 row clusters (in 0.01782 secs)
2025-04-22 14:59:51,332 [DEBUG]  OP: Operation.SPLIT_ROWS on slice (332, 7) (remaining tasks 44)
2025-04-22 14:59:51,353 [DEBUG]  		found 2 row clusters (in 0.01995 secs)
2025-04-22 14:59:51,353 [DEBUG]  OP: Operation.SPLIT_ROWS on slice (350, 7) (remaining tasks 45)
2025-04-22 14:59:51,370 [DEBUG]  		found 2 row clusters (in 0.01703 secs)
2025-04-22 14:59:51,370 [DEBUG]  OP: Operation.SPLIT_ROWS on slice (354, 7) (remaining tasks 46)
2025-04-22 14:59:51,386 [DEBUG]  		found 2 row clusters (in 0.01607 secs)
2025-04-22 14:59:51,386 [DEBUG]  OP: Operation.SPLIT_ROWS on slice (359, 7) (remaining tasks 47)
2025-04-22 14:59:51,404 [DEBUG]  		found 2 row clusters (in 0.01772 secs)
2025-04-22 14:59:51,404 [DEBUG]  OP: Operation.SPLIT_ROWS on slice (430, 7) (remaining tasks 48)
2025-04-22 14:59:51,423 [DEBUG]  		found 2 row clusters (in 0.01862 secs)
2025-04-22 14:59:51,423 [DEBUG]  OP: Operation.NAIVE_FACTORIZATION on slice (219, 7) (remaining tasks 49)
2025-04-22 14:59:51,428 [DEBUG]  		naive factorization 7 columns (in 0.00493 secs)
2025-04-22 14:59:51,428 [DEBUG]  OP: Operation.NAIVE_FACTORIZATION on slice (159, 7) (remaining tasks 48)
2025-04-22 14:59:51,432 [DEBUG]  		naive factorization 7 columns (in 0.00395 secs)
2025-04-22 14:59:51,433 [DEBUG]  OP: Operation.NAIVE_FACTORIZATION on slice (186, 7) (remaining tasks 47)
2025-04-22 14:59:51,437 [DEBUG]  		naive factorization 7 columns (in 0.00425 secs)
2025-04-22 14:59:51,437 [DEBUG]  OP: Operation.NAIVE_FACTORIZATION on slice (154, 7) (remaining tasks 46)
2025-04-22 14:59:51,441 [DEBUG]  		naive factorization 7 columns (in 0.00397 secs)
2025-04-22 14:59:51,442 [DEBUG]  OP: Operation.NAIVE_FACTORIZATION on slice (213, 7) (remaining tasks 45)
2025-04-22 14:59:51,446 [DEBUG]  		naive factorization 7 columns (in 0.00483 secs)
2025-04-22 14:59:51,447 [DEBUG]  OP: Operation.NAIVE_FACTORIZATION on slice (210, 7) (remaining tasks 44)
2025-04-22 14:59:51,452 [DEBUG]  		naive factorization 7 columns (in 0.00487 secs)
2025-04-22 14:59:51,452 [DEBUG]  OP: Operation.NAIVE_FACTORIZATION on slice (206, 7) (remaining tasks 43)
2025-04-22 14:59:51,457 [DEBUG]  		naive factorization 7 columns (in 0.00459 secs)
2025-04-22 14:59:51,457 [DEBUG]  OP: Operation.NAIVE_FACTORIZATION on slice (195, 7) (remaining tasks 42)
2025-04-22 14:59:51,461 [DEBUG]  		naive factorization 7 columns (in 0.00439 secs)
2025-04-22 14:59:51,462 [DEBUG]  OP: Operation.NAIVE_FACTORIZATION on slice (135, 7) (remaining tasks 41)
2025-04-22 14:59:51,466 [DEBUG]  		naive factorization 7 columns (in 0.00417 secs)
2025-04-22 14:59:51,466 [DEBUG]  OP: Operation.NAIVE_FACTORIZATION on slice (232, 7) (remaining tasks 40)
2025-04-22 14:59:51,471 [DEBUG]  		naive factorization 7 columns (in 0.00511 secs)
2025-04-22 14:59:51,472 [DEBUG]  OP: Operation.NAIVE_FACTORIZATION on slice (167, 7) (remaining tasks 39)
2025-04-22 14:59:51,476 [DEBUG]  		naive factorization 7 columns (in 0.00424 secs)
2025-04-22 14:59:51,477 [DEBUG]  OP: Operation.NAIVE_FACTORIZATION on slice (169, 7) (remaining tasks 38)
2025-04-22 14:59:51,481 [DEBUG]  		naive factorization 7 columns (in 0.00440 secs)
2025-04-22 14:59:51,482 [DEBUG]  OP: Operation.NAIVE_FACTORIZATION on slice (206, 7) (remaining tasks 37)
2025-04-22 14:59:51,486 [DEBUG]  		naive factorization 7 columns (in 0.00453 secs)
2025-04-22 14:59:51,487 [DEBUG]  OP: Operation.NAIVE_FACTORIZATION on slice (214, 7) (remaining tasks 36)
2025-04-22 14:59:51,492 [DEBUG]  		naive factorization 7 columns (in 0.00495 secs)
2025-04-22 14:59:51,492 [DEBUG]  OP: Operation.CREATE_LEAF on slice (234, 1) (remaining tasks 35)
2025-04-22 14:59:51,493 [DEBUG]  		 created leaf IdentityNumericLeaf for scope=[7] (in 0.00045 secs)
2025-04-22 14:59:51,493 [DEBUG]  OP: Operation.NAIVE_FACTORIZATION on slice (234, 7) (remaining tasks 34)
2025-04-22 14:59:51,499 [DEBUG]  		naive factorization 7 columns (in 0.00541 secs)
2025-04-22 14:59:51,499 [DEBUG]  OP: Operation.NAIVE_FACTORIZATION on slice (214, 7) (remaining tasks 33)
2025-04-22 14:59:51,504 [DEBUG]  		naive factorization 7 columns (in 0.00450 secs)
2025-04-22 14:59:51,504 [DEBUG]  OP: Operation.NAIVE_FACTORIZATION on slice (216, 7) (remaining tasks 32)
2025-04-22 14:59:51,508 [DEBUG]  		naive factorization 7 columns (in 0.00407 secs)
2025-04-22 14:59:51,509 [DEBUG]  OP: Operation.NAIVE_FACTORIZATION on slice (179, 7) (remaining tasks 31)
2025-04-22 14:59:51,513 [DEBUG]  		naive factorization 7 columns (in 0.00413 secs)
2025-04-22 14:59:51,514 [DEBUG]  OP: Operation.NAIVE_FACTORIZATION on slice (227, 7) (remaining tasks 30)
2025-04-22 14:59:51,518 [DEBUG]  		naive factorization 7 columns (in 0.00418 secs)
2025-04-22 14:59:51,519 [DEBUG]  OP: Operation.NAIVE_FACTORIZATION on slice (185, 7) (remaining tasks 29)
2025-04-22 14:59:51,523 [DEBUG]  		naive factorization 7 columns (in 0.00440 secs)
2025-04-22 14:59:51,524 [DEBUG]  OP: Operation.NAIVE_FACTORIZATION on slice (157, 7) (remaining tasks 28)
2025-04-22 14:59:51,528 [DEBUG]  		naive factorization 7 columns (in 0.00422 secs)
2025-04-22 14:59:51,529 [DEBUG]  OP: Operation.NAIVE_FACTORIZATION on slice (205, 7) (remaining tasks 27)
2025-04-22 14:59:51,534 [DEBUG]  		naive factorization 7 columns (in 0.00477 secs)
2025-04-22 14:59:51,535 [DEBUG]  OP: Operation.NAIVE_FACTORIZATION on slice (209, 7) (remaining tasks 26)
2025-04-22 14:59:51,540 [DEBUG]  		naive factorization 7 columns (in 0.00499 secs)
2025-04-22 14:59:51,540 [DEBUG]  OP: Operation.NAIVE_FACTORIZATION on slice (242, 7) (remaining tasks 25)
2025-04-22 14:59:51,546 [DEBUG]  		naive factorization 7 columns (in 0.00522 secs)
2025-04-22 14:59:51,547 [DEBUG]  OP: Operation.NAIVE_FACTORIZATION on slice (287, 7) (remaining tasks 24)
2025-04-22 14:59:51,552 [DEBUG]  		naive factorization 7 columns (in 0.00535 secs)
2025-04-22 14:59:51,553 [DEBUG]  OP: Operation.NAIVE_FACTORIZATION on slice (193, 7) (remaining tasks 23)
2025-04-22 14:59:51,558 [DEBUG]  		naive factorization 7 columns (in 0.00503 secs)
2025-04-22 14:59:51,559 [DEBUG]  OP: Operation.NAIVE_FACTORIZATION on slice (260, 7) (remaining tasks 22)
2025-04-22 14:59:51,564 [DEBUG]  		naive factorization 7 columns (in 0.00525 secs)
2025-04-22 14:59:51,565 [DEBUG]  OP: Operation.NAIVE_FACTORIZATION on slice (158, 7) (remaining tasks 21)
2025-04-22 14:59:51,569 [DEBUG]  		naive factorization 7 columns (in 0.00405 secs)
2025-04-22 14:59:51,570 [DEBUG]  OP: Operation.NAIVE_FACTORIZATION on slice (173, 7) (remaining tasks 20)
2025-04-22 14:59:51,574 [DEBUG]  		naive factorization 7 columns (in 0.00458 secs)
2025-04-22 14:59:51,575 [DEBUG]  OP: Operation.NAIVE_FACTORIZATION on slice (278, 7) (remaining tasks 19)
2025-04-22 14:59:51,581 [DEBUG]  		naive factorization 7 columns (in 0.00554 secs)
2025-04-22 14:59:51,581 [DEBUG]  OP: Operation.NAIVE_FACTORIZATION on slice (250, 7) (remaining tasks 18)
2025-04-22 14:59:51,587 [DEBUG]  		naive factorization 7 columns (in 0.00540 secs)
2025-04-22 14:59:51,588 [DEBUG]  OP: Operation.NAIVE_FACTORIZATION on slice (186, 7) (remaining tasks 17)
2025-04-22 14:59:51,593 [DEBUG]  		naive factorization 7 columns (in 0.00481 secs)
2025-04-22 14:59:51,593 [DEBUG]  OP: Operation.NAIVE_FACTORIZATION on slice (253, 7) (remaining tasks 16)
2025-04-22 14:59:51,599 [DEBUG]  		naive factorization 7 columns (in 0.00537 secs)
2025-04-22 14:59:51,600 [DEBUG]  OP: Operation.NAIVE_FACTORIZATION on slice (199, 7) (remaining tasks 15)
2025-04-22 14:59:51,604 [DEBUG]  		naive factorization 7 columns (in 0.00459 secs)
2025-04-22 14:59:51,605 [DEBUG]  OP: Operation.NAIVE_FACTORIZATION on slice (208, 7) (remaining tasks 14)
2025-04-22 14:59:51,610 [DEBUG]  		naive factorization 7 columns (in 0.00488 secs)
2025-04-22 14:59:51,611 [DEBUG]  OP: Operation.NAIVE_FACTORIZATION on slice (161, 7) (remaining tasks 13)
2025-04-22 14:59:51,616 [DEBUG]  		naive factorization 7 columns (in 0.00457 secs)
2025-04-22 14:59:51,616 [DEBUG]  OP: Operation.NAIVE_FACTORIZATION on slice (159, 7) (remaining tasks 12)
2025-04-22 14:59:51,621 [DEBUG]  		naive factorization 7 columns (in 0.00456 secs)
2025-04-22 14:59:51,622 [DEBUG]  OP: Operation.NAIVE_FACTORIZATION on slice (219, 7) (remaining tasks 11)
2025-04-22 14:59:51,627 [DEBUG]  		naive factorization 7 columns (in 0.00529 secs)
2025-04-22 14:59:51,628 [DEBUG]  OP: Operation.NAIVE_FACTORIZATION on slice (158, 7) (remaining tasks 10)
2025-04-22 14:59:51,632 [DEBUG]  		naive factorization 7 columns (in 0.00426 secs)
2025-04-22 14:59:51,633 [DEBUG]  OP: Operation.NAIVE_FACTORIZATION on slice (155, 7) (remaining tasks 9)
2025-04-22 14:59:51,637 [DEBUG]  		naive factorization 7 columns (in 0.00410 secs)
2025-04-22 14:59:51,638 [DEBUG]  OP: Operation.NAIVE_FACTORIZATION on slice (177, 7) (remaining tasks 8)
2025-04-22 14:59:51,643 [DEBUG]  		naive factorization 7 columns (in 0.00468 secs)
2025-04-22 14:59:51,643 [DEBUG]  OP: Operation.NAIVE_FACTORIZATION on slice (186, 7) (remaining tasks 7)
2025-04-22 14:59:51,648 [DEBUG]  		naive factorization 7 columns (in 0.00494 secs)
2025-04-22 14:59:51,649 [DEBUG]  OP: Operation.NAIVE_FACTORIZATION on slice (164, 7) (remaining tasks 6)
2025-04-22 14:59:51,654 [DEBUG]  		naive factorization 7 columns (in 0.00456 secs)
2025-04-22 14:59:51,654 [DEBUG]  OP: Operation.NAIVE_FACTORIZATION on slice (177, 7) (remaining tasks 5)
2025-04-22 14:59:51,660 [DEBUG]  		naive factorization 7 columns (in 0.00487 secs)
2025-04-22 14:59:51,660 [DEBUG]  OP: Operation.NAIVE_FACTORIZATION on slice (177, 7) (remaining tasks 4)
2025-04-22 14:59:51,665 [DEBUG]  		naive factorization 7 columns (in 0.00469 secs)
2025-04-22 14:59:51,666 [DEBUG]  OP: Operation.NAIVE_FACTORIZATION on slice (182, 7) (remaining tasks 3)
2025-04-22 14:59:51,671 [DEBUG]  		naive factorization 7 columns (in 0.00465 secs)
2025-04-22 14:59:51,671 [DEBUG]  OP: Operation.NAIVE_FACTORIZATION on slice (177, 7) (remaining tasks 2)
2025-04-22 14:59:51,676 [DEBUG]  		naive factorization 7 columns (in 0.00474 secs)
2025-04-22 14:59:51,677 [DEBUG]  OP: Operation.NAIVE_FACTORIZATION on slice (182, 7) (remaining tasks 1)
2025-04-22 14:59:51,682 [DEBUG]  		naive factorization 7 columns (in 0.00505 secs)
2025-04-22 14:59:51,683 [DEBUG]  OP: Operation.NAIVE_FACTORIZATION on slice (248, 7) (remaining tasks 0)
2025-04-22 14:59:51,689 [DEBUG]  		naive factorization 7 columns (in 0.00584 secs)
2025-04-22 14:59:54,583 [DEBUG]  Built SPN in 151.89144490400213 sec
2025-04-22 14:59:54,583 [INFO ]  Saving ensemble to /home/dafn/card/deepcard/collected_temp_benchmarks/spn_ensembles/Accelerometer Gyro Mobile Phone/ensemble_single_accelerometer_gyro_mobile_phone_dataset_10000000.pkl
