2025-04-16 14:52:14,397 [INFO ]  Generating HDF files for tables in /home/dafn/card/deepcard/collected_datasets/Wave Energy Converters and store to path /home/dafn/card/deepcard/collected_temp_benchmarks/gen_single_light/Wave Energy Converters
2025-04-16 14:52:14,398 [INFO ]  Making target path /home/dafn/card/deepcard/collected_temp_benchmarks/gen_single_light/Wave Energy Converters
2025-04-16 14:52:14,398 [INFO ]  Preparing hdf file for table adelaide_data
2025-04-16 14:52:14,905 [INFO ]  Managing functional dependencies for table adelaide_data
2025-04-16 14:52:14,913 [INFO ]  Preparing multipliers for table adelaide_data
2025-04-16 14:52:14,914 [INFO ]  Preparing categorical values and null values for table adelaide_data
2025-04-16 14:52:14,914 [DEBUG]  		Preparing numerical values for column f1
2025-04-16 14:52:14,916 [DEBUG]  		Preparing numerical values for column f2
2025-04-16 14:52:14,918 [DEBUG]  		Preparing numerical values for column f3
2025-04-16 14:52:14,920 [DEBUG]  		Preparing numerical values for column f4
2025-04-16 14:52:14,922 [DEBUG]  		Preparing numerical values for column f5
2025-04-16 14:52:14,924 [DEBUG]  		Preparing numerical values for column f6
2025-04-16 14:52:14,926 [DEBUG]  		Preparing numerical values for column f7
2025-04-16 14:52:14,928 [DEBUG]  		Preparing numerical values for column f8
2025-04-16 14:52:14,929 [DEBUG]  		Preparing numerical values for column f9
2025-04-16 14:52:14,931 [DEBUG]  		Preparing numerical values for column f10
2025-04-16 14:52:14,933 [DEBUG]  		Preparing numerical values for column f11
2025-04-16 14:52:14,935 [DEBUG]  		Preparing numerical values for column f12
2025-04-16 14:52:14,937 [DEBUG]  		Preparing numerical values for column f13
2025-04-16 14:52:14,939 [DEBUG]  		Preparing numerical values for column f14
2025-04-16 14:52:14,941 [DEBUG]  		Preparing numerical values for column f15
2025-04-16 14:52:14,942 [DEBUG]  		Preparing numerical values for column f16
2025-04-16 14:52:14,944 [DEBUG]  		Preparing numerical values for column f17
2025-04-16 14:52:14,946 [DEBUG]  		Preparing numerical values for column f18
2025-04-16 14:52:14,948 [DEBUG]  		Preparing numerical values for column f19
2025-04-16 14:52:14,950 [DEBUG]  		Preparing numerical values for column f20
2025-04-16 14:52:14,952 [DEBUG]  		Preparing numerical values for column f21
2025-04-16 14:52:14,954 [DEBUG]  		Preparing numerical values for column f22
2025-04-16 14:52:14,955 [DEBUG]  		Preparing numerical values for column f23
2025-04-16 14:52:14,957 [DEBUG]  		Preparing numerical values for column f24
2025-04-16 14:52:14,959 [DEBUG]  		Preparing numerical values for column f25
2025-04-16 14:52:14,961 [DEBUG]  		Preparing numerical values for column f26
2025-04-16 14:52:14,963 [DEBUG]  		Preparing numerical values for column f27
2025-04-16 14:52:14,965 [DEBUG]  		Preparing numerical values for column f28
2025-04-16 14:52:14,967 [DEBUG]  		Preparing numerical values for column f29
2025-04-16 14:52:14,969 [DEBUG]  		Preparing numerical values for column f30
2025-04-16 14:52:14,970 [DEBUG]  		Preparing numerical values for column f31
2025-04-16 14:52:14,972 [DEBUG]  		Preparing numerical values for column f32
2025-04-16 14:52:14,974 [DEBUG]  		Preparing numerical values for column f33
2025-04-16 14:52:14,976 [DEBUG]  		Preparing numerical values for column f34
2025-04-16 14:52:14,978 [DEBUG]  		Preparing numerical values for column f35
2025-04-16 14:52:14,980 [DEBUG]  		Preparing numerical values for column f36
2025-04-16 14:52:14,982 [DEBUG]  		Preparing numerical values for column f37
2025-04-16 14:52:14,983 [DEBUG]  		Preparing numerical values for column f38
2025-04-16 14:52:14,985 [DEBUG]  		Preparing numerical values for column f39
2025-04-16 14:52:14,987 [DEBUG]  		Preparing numerical values for column f40
2025-04-16 14:52:14,989 [DEBUG]  		Preparing numerical values for column f41
2025-04-16 14:52:14,991 [DEBUG]  		Preparing numerical values for column f42
2025-04-16 14:52:14,993 [DEBUG]  		Preparing numerical values for column f43
2025-04-16 14:52:14,994 [DEBUG]  		Preparing numerical values for column f44
2025-04-16 14:52:14,996 [DEBUG]  		Preparing numerical values for column f45
2025-04-16 14:52:14,998 [DEBUG]  		Preparing numerical values for column f46
2025-04-16 14:52:15,000 [DEBUG]  		Preparing numerical values for column f47
2025-04-16 14:52:15,002 [DEBUG]  		Preparing numerical values for column f48
2025-04-16 14:52:15,004 [DEBUG]  		Preparing numerical values for column f49
2025-04-16 14:52:15,006 [INFO ]  Relevant attributes for table adelaide_data are ['f1', 'f2', 'f3', 'f4', 'f5', 'f6', 'f7', 'f8', 'f9', 'f10', 'f11', 'f12', 'f13', 'f14', 'f15', 'f16', 'f17', 'f18', 'f19', 'f20', 'f21', 'f22', 'f23', 'f24', 'f25', 'f26', 'f27', 'f28', 'f29', 'f30', 'f31', 'f32', 'f33', 'f34', 'f35', 'f36', 'f37', 'f38', 'f39', 'f40', 'f41', 'f42', 'f43', 'f44', 'f45', 'f46', 'f47', 'f48', 'f49']
2025-04-16 14:52:15,006 [INFO ]  NULL values for table adelaide_data are [281.27902402672254, 279.31613003652825, 294.1367174446867, 263.8241103293101, 290.18701340157503, 246.81056851067376, 252.4761412686287, 322.61030931401825, 280.7434609689023, 288.40784579508045, 304.2162591605438, 271.1887371366269, 267.2543728787899, 272.6976070278754, 289.0087431214322, 312.75014092556836, 279.05879054986866, 292.81782169196794, 273.399256073001, 293.7816489770691, 273.3912320782233, 314.0183381241406, 298.70382912262664, 257.74624483812266, 291.33324064917565, 277.54674252697953, 266.28930439589436, 304.0062806163975, 270.2465293559632, 277.22563697968025, 288.8922676509396, 260.6717438436645, 87821.85227492604, 87785.72199536659, 88185.84164923125, 88775.32174431033, 87667.4380929263, 88184.18964413813, 87680.80169109849, 88436.52997552883, 88332.51907603854, 87564.2443872554, 88660.64103887694, 88424.97915162293, 87185.4881175044, 87703.94033252962, 89191.14514003946, 88471.46748101363, 1410072.7271518062]
2025-04-16 14:52:15,104 [INFO ]  Adding table parts without join partners for table adelaide_data
2025-04-16 14:52:15,105 [INFO ]  Files successfully created
