2025-04-16 14:51:27,267 [INFO ]  Generating HDF files for tables in /home/dafn/card/deepcard/collected_datasets/Air Quality and store to path /home/dafn/card/deepcard/collected_temp_benchmarks/gen_single_light/Air Quality
2025-04-16 14:51:27,268 [INFO ]  Making target path /home/dafn/card/deepcard/collected_temp_benchmarks/gen_single_light/Air Quality
2025-04-16 14:51:27,268 [INFO ]  Preparing hdf file for table airqualityuci
2025-04-16 14:51:27,284 [INFO ]  Managing functional dependencies for table airqualityuci
2025-04-16 14:51:27,284 [INFO ]  Preparing multipliers for table airqualityuci
2025-04-16 14:51:27,284 [INFO ]  Preparing categorical values and null values for table airqualityuci
2025-04-16 14:51:27,285 [DEBUG]  		Preparing numerical values for column f1
2025-04-16 14:51:27,286 [DEBUG]  		Preparing numerical values for column f2
2025-04-16 14:51:27,287 [DEBUG]  		Preparing numerical values for column f3
2025-04-16 14:51:27,288 [DEBUG]  		Preparing numerical values for column f4
2025-04-16 14:51:27,289 [DEBUG]  		Preparing numerical values for column f5
2025-04-16 14:51:27,290 [DEBUG]  		Preparing numerical values for column f6
2025-04-16 14:51:27,291 [DEBUG]  		Preparing numerical values for column f7
2025-04-16 14:51:27,291 [DEBUG]  		Preparing numerical values for column f8
2025-04-16 14:51:27,292 [DEBUG]  		Preparing numerical values for column f9
2025-04-16 14:51:27,293 [DEBUG]  		Preparing numerical values for column f10
2025-04-16 14:51:27,294 [DEBUG]  		Preparing numerical values for column f11
2025-04-16 14:51:27,295 [DEBUG]  		Preparing numerical values for column f12
2025-04-16 14:51:27,295 [DEBUG]  		Preparing numerical values for column f13
2025-04-16 14:51:27,296 [DEBUG]  		Preparing numerical values for column f14
2025-04-16 14:51:27,298 [DEBUG]  		Preparing numerical values for column f15
2025-04-16 14:51:27,299 [INFO ]  Relevant attributes for table airqualityuci are ['f1', 'f2', 'f3', 'f4', 'f5', 'f6', 'f7', 'f8', 'f9', 'f10', 'f11', 'f12', 'f13', 'f14', 'f15']
2025-04-16 14:51:27,299 [INFO ]  NULL values for table airqualityuci are [195.30211987816608, 11.498657229881372, -34.207423778988996, 1048.9901609169606, -159.08999297851875, 1.8657834455487863, 894.5953762637597, 168.6170712514695, 794.9902677888211, 58.14897250187026, 1391.4797409105481, 975.0721316340707, 9.778405012290264, 39.48547992946458, -6.8375036443304475]
2025-04-16 14:51:27,332 [INFO ]  Adding table parts without join partners for table airqualityuci
2025-04-16 14:51:27,332 [INFO ]  Files successfully created
