2025-04-22 15:31:04,449 [INFO ]  maqp(evaluate_cardinalities: database_name=None, target_path=./baselines/cardinality_estimation/results/deepDB/auction_verification_model_based_budget_5.csv)
2025-04-22 15:31:04,453 [DEBUG]  Including SPN with table_set {'auction_verification'} with sampling ratio(2043 / 2043.0)
2025-04-22 15:31:04,453 [DEBUG]  Predicting cardinality for query 0: SELECT COUNT(*) FROM auction_verification WHERE f9 < 15294.303 AND f8 = 0.0 AND f4 = 1.0 AND f5 > 66.0;
2025-04-22 15:31:04,456 [DEBUG]  		Latency: 0.64ms
2025-04-22 15:31:04,456 [DEBUG]  		True: 553
2025-04-22 15:31:04,456 [DEBUG]  		Predicted: 556.8204500787092
2025-04-22 15:31:04,456 [DEBUG]  Q-Error was: 1.0069085896540853
2025-04-22 15:31:04,456 [DEBUG]  Predicting cardinality for query 1: SELECT COUNT(*) FROM auction_verification WHERE f5 > 84.0 AND f3 <= 2.0 AND f1 = 1.0 AND f9 < 23889.909;
2025-04-22 15:31:04,459 [DEBUG]  		Latency: 0.64ms
2025-04-22 15:31:04,460 [DEBUG]  		True: 68
2025-04-22 15:31:04,460 [DEBUG]  		Predicted: 36.784473053475544
2025-04-22 15:31:04,460 [DEBUG]  Q-Error was: 1.8486060654218095
2025-04-22 15:31:04,460 [DEBUG]  Predicting cardinality for query 2: SELECT COUNT(*) FROM auction_verification WHERE f1 = 1.0 AND f2 <= 1.0 AND f9 <= 1216.675 AND f7 < 0.0 AND f8 < 0.0;
2025-04-22 15:31:04,463 [DEBUG]  		Latency: 0.65ms
2025-04-22 15:31:04,463 [DEBUG]  		True: 0
2025-04-22 15:31:04,463 [DEBUG]  		Predicted: 1.0
2025-04-22 15:31:04,463 [DEBUG]  Q-Error was: 1.0
2025-04-22 15:31:04,463 [DEBUG]  Predicting cardinality for query 3: SELECT COUNT(*) FROM auction_verification WHERE f8 <= 0.0 AND f1 >= 2.0 AND f6 = 4.0;
2025-04-22 15:31:04,465 [DEBUG]  		Latency: 0.49ms
2025-04-22 15:31:04,466 [DEBUG]  		True: 54
2025-04-22 15:31:04,466 [DEBUG]  		Predicted: 69.4942077851935
2025-04-22 15:31:04,466 [DEBUG]  Q-Error was: 1.2869297737998795
2025-04-22 15:31:04,466 [DEBUG]  Predicting cardinality for query 4: SELECT COUNT(*) FROM auction_verification WHERE f5 < 70.0;
2025-04-22 15:31:04,468 [DEBUG]  		Latency: 0.31ms
2025-04-22 15:31:04,468 [DEBUG]  		True: 851
2025-04-22 15:31:04,468 [DEBUG]  		Predicted: 851.0
2025-04-22 15:31:04,468 [DEBUG]  Q-Error was: 1.0
2025-04-22 15:31:04,468 [DEBUG]  Predicting cardinality for query 5: SELECT COUNT(*) FROM auction_verification WHERE f5 > 72.0 AND f1 <= 1.0 AND f8 > 0.0 AND f9 > 28461.327 AND f7 < 0.0;
2025-04-22 15:31:04,471 [DEBUG]  		Latency: 0.68ms
2025-04-22 15:31:04,471 [DEBUG]  		True: 0
2025-04-22 15:31:04,471 [DEBUG]  		Predicted: 1.0
2025-04-22 15:31:04,471 [DEBUG]  Q-Error was: 1.0
2025-04-22 15:31:04,471 [DEBUG]  Predicting cardinality for query 6: SELECT COUNT(*) FROM auction_verification WHERE f8 <= 0.0;
2025-04-22 15:31:04,473 [DEBUG]  		Latency: 0.30ms
2025-04-22 15:31:04,474 [DEBUG]  		True: 1781
2025-04-22 15:31:04,474 [DEBUG]  		Predicted: 1781.0
2025-04-22 15:31:04,474 [DEBUG]  Q-Error was: 1.0
2025-04-22 15:31:04,474 [DEBUG]  Predicting cardinality for query 7: SELECT COUNT(*) FROM auction_verification WHERE f2 >= 2.0 AND f4 >= 0.0 AND f7 > 0.0 AND f6 > 4.0;
2025-04-22 15:31:04,477 [DEBUG]  		Latency: 0.58ms
2025-04-22 15:31:04,477 [DEBUG]  		True: 76
2025-04-22 15:31:04,477 [DEBUG]  		Predicted: 88.1564252922341
2025-04-22 15:31:04,477 [DEBUG]  Q-Error was: 1.1599529643715014
2025-04-22 15:31:04,477 [DEBUG]  Predicting cardinality for query 8: SELECT COUNT(*) FROM auction_verification WHERE f4 > 0.0 AND f2 <= 3.0;
2025-04-22 15:31:04,479 [DEBUG]  		Latency: 0.40ms
2025-04-22 15:31:04,479 [DEBUG]  		True: 1201
2025-04-22 15:31:04,479 [DEBUG]  		Predicted: 1201.0
2025-04-22 15:31:04,479 [DEBUG]  Q-Error was: 1.0
2025-04-22 15:31:04,480 [DEBUG]  Predicting cardinality for query 9: SELECT COUNT(*) FROM auction_verification WHERE f9 = 3397.538 AND f4 < 0.0;
2025-04-22 15:31:04,482 [DEBUG]  		Latency: 0.45ms
2025-04-22 15:31:04,482 [DEBUG]  		True: 0
2025-04-22 15:31:04,482 [DEBUG]  		Predicted: 1.0
2025-04-22 15:31:04,482 [DEBUG]  Q-Error was: 1.0
2025-04-22 15:31:04,482 [DEBUG]  Predicting cardinality for query 10: SELECT COUNT(*) FROM auction_verification WHERE f7 > 0.0 AND f2 = 2.0 AND f4 > 1.0 AND f9 < 678.755;
2025-04-22 15:31:04,485 [DEBUG]  		Latency: 0.58ms
2025-04-22 15:31:04,485 [DEBUG]  		True: 0
2025-04-22 15:31:04,485 [DEBUG]  		Predicted: 1.0
2025-04-22 15:31:04,485 [DEBUG]  Q-Error was: 1.0
2025-04-22 15:31:04,485 [DEBUG]  Predicting cardinality for query 11: SELECT COUNT(*) FROM auction_verification WHERE f2 >= 2.0 AND f1 = 0.0 AND f9 >= 1235.441 AND f7 > 0.0;
2025-04-22 15:31:04,488 [DEBUG]  		Latency: 0.59ms
2025-04-22 15:31:04,488 [DEBUG]  		True: 2
2025-04-22 15:31:04,488 [DEBUG]  		Predicted: 39.733674427867015
2025-04-22 15:31:04,488 [DEBUG]  Q-Error was: 19.866837213933508
2025-04-22 15:31:04,488 [DEBUG]  Predicting cardinality for query 12: SELECT COUNT(*) FROM auction_verification WHERE f2 = 2.0;
2025-04-22 15:31:04,490 [DEBUG]  		Latency: 0.28ms
2025-04-22 15:31:04,490 [DEBUG]  		True: 753
2025-04-22 15:31:04,490 [DEBUG]  		Predicted: 753.0
2025-04-22 15:31:04,490 [DEBUG]  Q-Error was: 1.0
2025-04-22 15:31:04,491 [DEBUG]  Predicting cardinality for query 13: SELECT COUNT(*) FROM auction_verification WHERE f1 = 1.0 AND f6 < 4.0;
2025-04-22 15:31:04,493 [DEBUG]  		Latency: 0.42ms
2025-04-22 15:31:04,493 [DEBUG]  		True: 388
2025-04-22 15:31:04,493 [DEBUG]  		Predicted: 421.639751552795
2025-04-22 15:31:04,493 [DEBUG]  Q-Error was: 1.0867003905999872
2025-04-22 15:31:04,493 [DEBUG]  Predicting cardinality for query 14: SELECT COUNT(*) FROM auction_verification WHERE f8 < 0.0 AND f3 < 2.0 AND f7 < 1.0 AND f4 < 0.0 AND f2 = 3.0;
2025-04-22 15:31:04,496 [DEBUG]  		Latency: 0.60ms
2025-04-22 15:31:04,496 [DEBUG]  		True: 0
2025-04-22 15:31:04,496 [DEBUG]  		Predicted: 1.0
2025-04-22 15:31:04,496 [DEBUG]  Q-Error was: 1.0
2025-04-22 15:31:04,496 [DEBUG]  Predicting cardinality for query 15: SELECT COUNT(*) FROM auction_verification WHERE f7 > 0.0 AND f8 > 0.0;
2025-04-22 15:31:04,499 [DEBUG]  		Latency: 0.40ms
2025-04-22 15:31:04,499 [DEBUG]  		True: 142
2025-04-22 15:31:04,499 [DEBUG]  		Predicted: 52.23726708074536
2025-04-22 15:31:04,499 [DEBUG]  Q-Error was: 2.7183657939169095
2025-04-22 15:31:04,499 [DEBUG]  Predicting cardinality for query 16: SELECT COUNT(*) FROM auction_verification WHERE f2 = 1.0;
2025-04-22 15:31:04,501 [DEBUG]  		Latency: 0.28ms
2025-04-22 15:31:04,501 [DEBUG]  		True: 513
2025-04-22 15:31:04,501 [DEBUG]  		Predicted: 512.9999999999999
2025-04-22 15:31:04,501 [DEBUG]  Q-Error was: 1.0000000000000002
2025-04-22 15:31:04,501 [DEBUG]  Predicting cardinality for query 17: SELECT COUNT(*) FROM auction_verification WHERE f4 = 1.0 AND f7 >= 0.0 AND f3 < 2.0;
2025-04-22 15:31:04,504 [DEBUG]  		Latency: 0.59ms
2025-04-22 15:31:04,504 [DEBUG]  		True: 165
2025-04-22 15:31:04,504 [DEBUG]  		Predicted: 136.60621118012426
2025-04-22 15:31:04,504 [DEBUG]  Q-Error was: 1.2078513749454383
2025-04-22 15:31:04,504 [DEBUG]  Predicting cardinality for query 18: SELECT COUNT(*) FROM auction_verification WHERE f3 <= 2.0;
2025-04-22 15:31:04,506 [DEBUG]  		Latency: 0.31ms
2025-04-22 15:31:04,506 [DEBUG]  		True: 2043
2025-04-22 15:31:04,506 [DEBUG]  		Predicted: 2043.0
2025-04-22 15:31:04,506 [DEBUG]  Q-Error was: 1.0
2025-04-22 15:31:04,506 [DEBUG]  Predicting cardinality for query 19: SELECT COUNT(*) FROM auction_verification WHERE f2 >= 1.0 AND f5 <= 72.0 AND f9 > 793.577 AND f7 < 0.0 AND f1 >= 1.0;
2025-04-22 15:31:04,509 [DEBUG]  		Latency: 0.62ms
2025-04-22 15:31:04,510 [DEBUG]  		True: 0
2025-04-22 15:31:04,510 [DEBUG]  		Predicted: 1.0
2025-04-22 15:31:04,510 [DEBUG]  Q-Error was: 1.0
2025-04-22 15:31:04,510 [DEBUG]  Predicting cardinality for query 20: SELECT COUNT(*) FROM auction_verification WHERE f3 = 2.0 AND f2 < 3.0 AND f9 > 15294.303 AND f8 <= 0.0 AND f4 >= 1.0;
2025-04-22 15:31:04,513 [DEBUG]  		Latency: 0.60ms
2025-04-22 15:31:04,513 [DEBUG]  		True: 161
2025-04-22 15:31:04,513 [DEBUG]  		Predicted: 155.4356628922233
2025-04-22 15:31:04,513 [DEBUG]  Q-Error was: 1.0357983297027205
2025-04-22 15:31:04,513 [DEBUG]  Predicting cardinality for query 21: SELECT COUNT(*) FROM auction_verification WHERE f1 > 2.0;
2025-04-22 15:31:04,515 [DEBUG]  		Latency: 0.32ms
2025-04-22 15:31:04,515 [DEBUG]  		True: 0
2025-04-22 15:31:04,515 [DEBUG]  		Predicted: 1.0
2025-04-22 15:31:04,515 [DEBUG]  Q-Error was: 1.0
2025-04-22 15:31:04,515 [DEBUG]  Predicting cardinality for query 22: SELECT COUNT(*) FROM auction_verification WHERE f2 > 1.0 AND f5 = 74.0 AND f3 > 2.0 AND f9 < 31239.981;
2025-04-22 15:31:04,518 [DEBUG]  		Latency: 0.55ms
2025-04-22 15:31:04,518 [DEBUG]  		True: 0
2025-04-22 15:31:04,518 [DEBUG]  		Predicted: 1.0
2025-04-22 15:31:04,518 [DEBUG]  Q-Error was: 1.0
2025-04-22 15:31:04,518 [DEBUG]  Predicting cardinality for query 23: SELECT COUNT(*) FROM auction_verification WHERE f6 > 4.0 AND f2 > 2.0 AND f9 = 7836.537;
2025-04-22 15:31:04,521 [DEBUG]  		Latency: 0.51ms
2025-04-22 15:31:04,521 [DEBUG]  		True: 0
2025-04-22 15:31:04,521 [DEBUG]  		Predicted: 1.0
2025-04-22 15:31:04,521 [DEBUG]  Q-Error was: 1.0
2025-04-22 15:31:04,521 [DEBUG]  Predicting cardinality for query 24: SELECT COUNT(*) FROM auction_verification WHERE f7 = 0.0;
2025-04-22 15:31:04,524 [DEBUG]  		Latency: 0.31ms
2025-04-22 15:31:04,524 [DEBUG]  		True: 1680
2025-04-22 15:31:04,524 [DEBUG]  		Predicted: 1680.0
2025-04-22 15:31:04,524 [DEBUG]  Q-Error was: 1.0
2025-04-22 15:31:04,524 [DEBUG]  Predicting cardinality for query 25: SELECT COUNT(*) FROM auction_verification WHERE f2 > 1.0;
2025-04-22 15:31:04,526 [DEBUG]  		Latency: 0.29ms
2025-04-22 15:31:04,526 [DEBUG]  		True: 1506
2025-04-22 15:31:04,526 [DEBUG]  		Predicted: 1506.0
2025-04-22 15:31:04,526 [DEBUG]  Q-Error was: 1.0
2025-04-22 15:31:04,526 [DEBUG]  Predicting cardinality for query 26: SELECT COUNT(*) FROM auction_verification WHERE f5 >= 72.0;
2025-04-22 15:31:04,528 [DEBUG]  		Latency: 0.29ms
2025-04-22 15:31:04,528 [DEBUG]  		True: 909
2025-04-22 15:31:04,528 [DEBUG]  		Predicted: 909.0
2025-04-22 15:31:04,528 [DEBUG]  Q-Error was: 1.0
2025-04-22 15:31:04,528 [DEBUG]  Predicting cardinality for query 27: SELECT COUNT(*) FROM auction_verification WHERE f8 = 0.0 AND f9 > 8467.469 AND f4 = 1.0 AND f5 <= 62.0;
2025-04-22 15:31:04,531 [DEBUG]  		Latency: 0.71ms
2025-04-22 15:31:04,531 [DEBUG]  		True: 40
2025-04-22 15:31:04,531 [DEBUG]  		Predicted: 57.44086438714292
2025-04-22 15:31:04,531 [DEBUG]  Q-Error was: 1.4360216096785732
2025-04-22 15:31:04,532 [DEBUG]  Predicting cardinality for query 28: SELECT COUNT(*) FROM auction_verification WHERE f4 > 1.0;
2025-04-22 15:31:04,534 [DEBUG]  		Latency: 0.29ms
2025-04-22 15:31:04,534 [DEBUG]  		True: 0
2025-04-22 15:31:04,534 [DEBUG]  		Predicted: 1.0
2025-04-22 15:31:04,534 [DEBUG]  Q-Error was: 1.0
2025-04-22 15:31:04,534 [DEBUG]  Predicting cardinality for query 29: SELECT COUNT(*) FROM auction_verification WHERE f8 < 0.0 AND f5 = 81.0 AND f1 = 0.0 AND f3 >= 2.0;
2025-04-22 15:31:04,537 [DEBUG]  		Latency: 0.52ms
2025-04-22 15:31:04,537 [DEBUG]  		True: 0
2025-04-22 15:31:04,537 [DEBUG]  		Predicted: 1.0
2025-04-22 15:31:04,537 [DEBUG]  Q-Error was: 1.0
2025-04-22 15:31:04,537 [DEBUG]  Predicting cardinality for query 30: SELECT COUNT(*) FROM auction_verification WHERE f8 >= 1.0 AND f4 <= 0.0 AND f3 < 2.0 AND f9 < 1463.682;
2025-04-22 15:31:04,540 [DEBUG]  		Latency: 0.58ms
2025-04-22 15:31:04,540 [DEBUG]  		True: 16
2025-04-22 15:31:04,540 [DEBUG]  		Predicted: 11.192623531461395
2025-04-22 15:31:04,540 [DEBUG]  Q-Error was: 1.429512924742401
2025-04-22 15:31:04,540 [DEBUG]  Predicting cardinality for query 31: SELECT COUNT(*) FROM auction_verification WHERE f6 > 3.0 AND f4 >= 0.0 AND f2 > 1.0 AND f7 <= 0.0 AND f8 < 0.0;
2025-04-22 15:31:04,543 [DEBUG]  		Latency: 0.68ms
2025-04-22 15:31:04,543 [DEBUG]  		True: 0
2025-04-22 15:31:04,543 [DEBUG]  		Predicted: 1.0
2025-04-22 15:31:04,543 [DEBUG]  Q-Error was: 1.0
2025-04-22 15:31:04,543 [DEBUG]  Predicting cardinality for query 32: SELECT COUNT(*) FROM auction_verification WHERE f7 <= 1.0 AND f8 > 0.0 AND f6 >= 1.0 AND f3 > 2.0;
2025-04-22 15:31:04,546 [DEBUG]  		Latency: 0.55ms
2025-04-22 15:31:04,546 [DEBUG]  		True: 0
2025-04-22 15:31:04,546 [DEBUG]  		Predicted: 1.0
2025-04-22 15:31:04,546 [DEBUG]  Q-Error was: 1.0
2025-04-22 15:31:04,546 [DEBUG]  Predicting cardinality for query 33: SELECT COUNT(*) FROM auction_verification WHERE f6 > 5.0 AND f5 < 80.0 AND f9 <= 1559.639;
2025-04-22 15:31:04,549 [DEBUG]  		Latency: 0.54ms
2025-04-22 15:31:04,549 [DEBUG]  		True: 174
2025-04-22 15:31:04,549 [DEBUG]  		Predicted: 203.84657999305904
2025-04-22 15:31:04,549 [DEBUG]  Q-Error was: 1.1715320689256266
2025-04-22 15:31:04,549 [DEBUG]  Predicting cardinality for query 34: SELECT COUNT(*) FROM auction_verification WHERE f1 < 1.0 AND f5 > 61.0;
2025-04-22 15:31:04,551 [DEBUG]  		Latency: 0.40ms
2025-04-22 15:31:04,552 [DEBUG]  		True: 531
2025-04-22 15:31:04,552 [DEBUG]  		Predicted: 588.7900621118011
2025-04-22 15:31:04,552 [DEBUG]  Q-Error was: 1.1088325086851245
2025-04-22 15:31:04,552 [DEBUG]  Predicting cardinality for query 35: SELECT COUNT(*) FROM auction_verification WHERE f2 < 2.0 AND f6 >= 4.0 AND f1 > 0.0 AND f8 = 0.0;
2025-04-22 15:31:04,555 [DEBUG]  		Latency: 0.58ms
2025-04-22 15:31:04,555 [DEBUG]  		True: 140
2025-04-22 15:31:04,555 [DEBUG]  		Predicted: 119.37353120674115
2025-04-22 15:31:04,555 [DEBUG]  Q-Error was: 1.1727892991415005
2025-04-22 15:31:04,555 [DEBUG]  Predicting cardinality for query 36: SELECT COUNT(*) FROM auction_verification WHERE f3 >= 2.0;
2025-04-22 15:31:04,557 [DEBUG]  		Latency: 0.29ms
2025-04-22 15:31:04,557 [DEBUG]  		True: 1806
2025-04-22 15:31:04,557 [DEBUG]  		Predicted: 1806.0
2025-04-22 15:31:04,557 [DEBUG]  Q-Error was: 1.0
2025-04-22 15:31:04,557 [DEBUG]  Predicting cardinality for query 37: SELECT COUNT(*) FROM auction_verification WHERE f9 < 30216.603 AND f3 <= 2.0 AND f4 < 1.0;
2025-04-22 15:31:04,560 [DEBUG]  		Latency: 0.52ms
2025-04-22 15:31:04,560 [DEBUG]  		True: 822
2025-04-22 15:31:04,560 [DEBUG]  		Predicted: 796.5496535796881
2025-04-22 15:31:04,560 [DEBUG]  Q-Error was: 1.031950734402982
2025-04-22 15:31:04,560 [DEBUG]  Predicting cardinality for query 38: SELECT COUNT(*) FROM auction_verification WHERE f8 = 0.0 AND f4 = 1.0 AND f6 <= 3.0 AND f1 < 1.0;
2025-04-22 15:31:04,563 [DEBUG]  		Latency: 0.59ms
2025-04-22 15:31:04,563 [DEBUG]  		True: 167
2025-04-22 15:31:04,563 [DEBUG]  		Predicted: 145.3407329072737
2025-04-22 15:31:04,563 [DEBUG]  Q-Error was: 1.149024066821961
2025-04-22 15:31:04,563 [DEBUG]  Predicting cardinality for query 39: SELECT COUNT(*) FROM auction_verification WHERE f2 < 2.0;
2025-04-22 15:31:04,565 [DEBUG]  		Latency: 0.29ms
2025-04-22 15:31:04,565 [DEBUG]  		True: 537
2025-04-22 15:31:04,565 [DEBUG]  		Predicted: 537.0
2025-04-22 15:31:04,565 [DEBUG]  Q-Error was: 1.0
2025-04-22 15:31:04,565 [DEBUG]  Predicting cardinality for query 40: SELECT COUNT(*) FROM auction_verification WHERE f2 > 2.0 AND f5 = 70.0 AND f8 > 0.0 AND f3 >= 2.0;
2025-04-22 15:31:04,568 [DEBUG]  		Latency: 0.49ms
2025-04-22 15:31:04,568 [DEBUG]  		True: 20
2025-04-22 15:31:04,568 [DEBUG]  		Predicted: 10.26654213555234
2025-04-22 15:31:04,568 [DEBUG]  Q-Error was: 1.9480755775346554
2025-04-22 15:31:04,568 [DEBUG]  Predicting cardinality for query 41: SELECT COUNT(*) FROM auction_verification WHERE f7 <= 0.0 AND f5 < 60.0 AND f4 >= 1.0 AND f1 < 2.0 AND f2 < 3.0;
2025-04-22 15:31:04,571 [DEBUG]  		Latency: 0.59ms
2025-04-22 15:31:04,571 [DEBUG]  		True: 24
2025-04-22 15:31:04,572 [DEBUG]  		Predicted: 16.650115719944704
2025-04-22 15:31:04,572 [DEBUG]  Q-Error was: 1.4414314232814056
2025-04-22 15:31:04,572 [DEBUG]  Predicting cardinality for query 42: SELECT COUNT(*) FROM auction_verification WHERE f9 <= 741.811 AND f8 = 0.0 AND f4 = 1.0 AND f5 < 80.0 AND f1 = 2.0;
2025-04-22 15:31:04,575 [DEBUG]  		Latency: 0.68ms
2025-04-22 15:31:04,575 [DEBUG]  		True: 0
2025-04-22 15:31:04,575 [DEBUG]  		Predicted: 74.70314702488983
2025-04-22 15:31:04,575 [DEBUG]  Q-Error was: 74.70314702488983
2025-04-22 15:31:04,575 [DEBUG]  Predicting cardinality for query 43: SELECT COUNT(*) FROM auction_verification WHERE f5 >= 67.0 AND f9 = 508.806 AND f6 >= 5.0 AND f4 <= 1.0 AND f8 <= 0.0;
2025-04-22 15:31:04,578 [DEBUG]  		Latency: 0.68ms
2025-04-22 15:31:04,578 [DEBUG]  		True: 0
2025-04-22 15:31:04,578 [DEBUG]  		Predicted: 1.0
2025-04-22 15:31:04,578 [DEBUG]  Q-Error was: 1.0
2025-04-22 15:31:04,578 [DEBUG]  Predicting cardinality for query 44: SELECT COUNT(*) FROM auction_verification WHERE f2 > 3.0 AND f1 <= 2.0 AND f5 = 78.0 AND f4 <= 0.0 AND f8 < 0.0;
2025-04-22 15:31:04,581 [DEBUG]  		Latency: 0.56ms
2025-04-22 15:31:04,581 [DEBUG]  		True: 0
2025-04-22 15:31:04,581 [DEBUG]  		Predicted: 1.0
2025-04-22 15:31:04,582 [DEBUG]  Q-Error was: 1.0
2025-04-22 15:31:04,582 [DEBUG]  Predicting cardinality for query 45: SELECT COUNT(*) FROM auction_verification WHERE f9 <= 3563.428;
2025-04-22 15:31:04,584 [DEBUG]  		Latency: 0.53ms
2025-04-22 15:31:04,584 [DEBUG]  		True: 1287
2025-04-22 15:31:04,584 [DEBUG]  		Predicted: 1287.000000000021
2025-04-22 15:31:04,584 [DEBUG]  Q-Error was: 1.0000000000000162
2025-04-22 15:31:04,584 [DEBUG]  Predicting cardinality for query 46: SELECT COUNT(*) FROM auction_verification WHERE f5 >= 64.0 AND f4 <= 1.0 AND f8 >= 0.0 AND f7 < 0.0;
2025-04-22 15:31:04,587 [DEBUG]  		Latency: 0.53ms
2025-04-22 15:31:04,587 [DEBUG]  		True: 0
2025-04-22 15:31:04,587 [DEBUG]  		Predicted: 1.0
2025-04-22 15:31:04,587 [DEBUG]  Q-Error was: 1.0
2025-04-22 15:31:04,587 [DEBUG]  Predicting cardinality for query 47: SELECT COUNT(*) FROM auction_verification WHERE f1 > 0.0 AND f5 < 66.0 AND f2 > 2.0 AND f6 >= 6.0;
2025-04-22 15:31:04,590 [DEBUG]  		Latency: 0.58ms
2025-04-22 15:31:04,590 [DEBUG]  		True: 28
2025-04-22 15:31:04,590 [DEBUG]  		Predicted: 19.834731147986442
2025-04-22 15:31:04,590 [DEBUG]  Q-Error was: 1.4116652144711561
2025-04-22 15:31:04,590 [DEBUG]  Predicting cardinality for query 48: SELECT COUNT(*) FROM auction_verification WHERE f6 > 4.0 AND f4 = 1.0 AND f5 = 64.0;
2025-04-22 15:31:04,593 [DEBUG]  		Latency: 0.50ms
2025-04-22 15:31:04,593 [DEBUG]  		True: 6
2025-04-22 15:31:04,593 [DEBUG]  		Predicted: 11.574491724856287
2025-04-22 15:31:04,593 [DEBUG]  Q-Error was: 1.9290819541427144
2025-04-22 15:31:04,593 [DEBUG]  Predicting cardinality for query 49: SELECT COUNT(*) FROM auction_verification WHERE f5 <= 60.0 AND f4 <= 1.0 AND f6 = 5.0 AND f9 = 546.819 AND f8 = 0.0;
2025-04-22 15:31:04,596 [DEBUG]  		Latency: 0.66ms
2025-04-22 15:31:04,596 [DEBUG]  		True: 0
2025-04-22 15:31:04,596 [DEBUG]  		Predicted: 1.0
2025-04-22 15:31:04,596 [DEBUG]  Q-Error was: 1.0
2025-04-22 15:31:04,596 [DEBUG]  Predicting cardinality for query 50: SELECT COUNT(*) FROM auction_verification WHERE f9 = 10022.609 AND f4 < 1.0;
2025-04-22 15:31:04,599 [DEBUG]  		Latency: 0.49ms
2025-04-22 15:31:04,599 [DEBUG]  		True: 0
2025-04-22 15:31:04,599 [DEBUG]  		Predicted: 1.0
2025-04-22 15:31:04,599 [DEBUG]  Q-Error was: 1.0
2025-04-22 15:31:04,599 [DEBUG]  Predicting cardinality for query 51: SELECT COUNT(*) FROM auction_verification WHERE f6 = 3.0 AND f3 < 2.0;
2025-04-22 15:31:04,601 [DEBUG]  		Latency: 0.42ms
2025-04-22 15:31:04,601 [DEBUG]  		True: 23
2025-04-22 15:31:04,601 [DEBUG]  		Predicted: 35.329192546583855
2025-04-22 15:31:04,601 [DEBUG]  Q-Error was: 1.536051849851472
2025-04-22 15:31:04,602 [DEBUG]  Predicting cardinality for query 52: SELECT COUNT(*) FROM auction_verification WHERE f4 < 0.0 AND f2 > 1.0;
2025-04-22 15:31:04,604 [DEBUG]  		Latency: 0.40ms
2025-04-22 15:31:04,604 [DEBUG]  		True: 0
2025-04-22 15:31:04,604 [DEBUG]  		Predicted: 1.0
2025-04-22 15:31:04,604 [DEBUG]  Q-Error was: 1.0
2025-04-22 15:31:04,604 [DEBUG]  Predicting cardinality for query 53: SELECT COUNT(*) FROM auction_verification WHERE f7 = 0.0 AND f2 < 3.0 AND f4 <= 0.0;
2025-04-22 15:31:04,607 [DEBUG]  		Latency: 0.49ms
2025-04-22 15:31:04,607 [DEBUG]  		True: 440
2025-04-22 15:31:04,607 [DEBUG]  		Predicted: 436.0689316570466
2025-04-22 15:31:04,607 [DEBUG]  Q-Error was: 1.0090147865568304
2025-04-22 15:31:04,607 [DEBUG]  Predicting cardinality for query 54: SELECT COUNT(*) FROM auction_verification WHERE f2 = 2.0;
2025-04-22 15:31:04,609 [DEBUG]  		Latency: 0.05ms
2025-04-22 15:31:04,609 [DEBUG]  		True: 753
2025-04-22 15:31:04,609 [DEBUG]  		Predicted: 753.0
2025-04-22 15:31:04,609 [DEBUG]  Q-Error was: 1.0
2025-04-22 15:31:04,609 [DEBUG]  Predicting cardinality for query 55: SELECT COUNT(*) FROM auction_verification WHERE f6 >= 4.0 AND f2 < 3.0 AND f9 <= 408.725;
2025-04-22 15:31:04,611 [DEBUG]  		Latency: 0.56ms
2025-04-22 15:31:04,612 [DEBUG]  		True: 92
2025-04-22 15:31:04,612 [DEBUG]  		Predicted: 101.95440453686243
2025-04-22 15:31:04,612 [DEBUG]  Q-Error was: 1.108200049313722
2025-04-22 15:31:04,612 [DEBUG]  Predicting cardinality for query 56: SELECT COUNT(*) FROM auction_verification WHERE f1 = 0.0;
2025-04-22 15:31:04,614 [DEBUG]  		Latency: 0.28ms
2025-04-22 15:31:04,614 [DEBUG]  		True: 681
2025-04-22 15:31:04,614 [DEBUG]  		Predicted: 681.0
2025-04-22 15:31:04,614 [DEBUG]  Q-Error was: 1.0
2025-04-22 15:31:04,614 [DEBUG]  Predicting cardinality for query 57: SELECT COUNT(*) FROM auction_verification WHERE f9 < 451.098 AND f8 < 0.0 AND f2 > 2.0 AND f7 > 0.0 AND f6 <= 2.0;
2025-04-22 15:31:04,617 [DEBUG]  		Latency: 0.64ms
2025-04-22 15:31:04,617 [DEBUG]  		True: 0
2025-04-22 15:31:04,617 [DEBUG]  		Predicted: 1.0
2025-04-22 15:31:04,617 [DEBUG]  Q-Error was: 1.0
2025-04-22 15:31:04,617 [DEBUG]  Predicting cardinality for query 58: SELECT COUNT(*) FROM auction_verification WHERE f2 <= 2.0;
2025-04-22 15:31:04,619 [DEBUG]  		Latency: 0.32ms
2025-04-22 15:31:04,619 [DEBUG]  		True: 1290
2025-04-22 15:31:04,619 [DEBUG]  		Predicted: 1289.9999999999998
2025-04-22 15:31:04,619 [DEBUG]  Q-Error was: 1.0000000000000002
2025-04-22 15:31:04,620 [DEBUG]  Predicting cardinality for query 59: SELECT COUNT(*) FROM auction_verification WHERE f7 >= 0.0 AND f6 > 1.0 AND f4 < 0.0 AND f2 <= 2.0;
2025-04-22 15:31:04,622 [DEBUG]  		Latency: 0.55ms
2025-04-22 15:31:04,622 [DEBUG]  		True: 0
2025-04-22 15:31:04,622 [DEBUG]  		Predicted: 1.0
2025-04-22 15:31:04,623 [DEBUG]  Q-Error was: 1.0
2025-04-22 15:31:04,623 [DEBUG]  Predicting cardinality for query 60: SELECT COUNT(*) FROM auction_verification WHERE f6 < 5.0 AND f7 = 0.0 AND f2 >= 1.0;
2025-04-22 15:31:04,625 [DEBUG]  		Latency: 0.49ms
2025-04-22 15:31:04,625 [DEBUG]  		True: 1178
2025-04-22 15:31:04,625 [DEBUG]  		Predicted: 1179.6863932718645
2025-04-22 15:31:04,625 [DEBUG]  Q-Error was: 1.0014315732358783
2025-04-22 15:31:04,625 [DEBUG]  Predicting cardinality for query 61: SELECT COUNT(*) FROM auction_verification WHERE f7 = 0.0;
2025-04-22 15:31:04,627 [DEBUG]  		Latency: 0.05ms
2025-04-22 15:31:04,627 [DEBUG]  		True: 1680
2025-04-22 15:31:04,627 [DEBUG]  		Predicted: 1680.0
2025-04-22 15:31:04,627 [DEBUG]  Q-Error was: 1.0
2025-04-22 15:31:04,627 [DEBUG]  Predicting cardinality for query 62: SELECT COUNT(*) FROM auction_verification WHERE f9 >= 926.987 AND f6 < 1.0;
2025-04-22 15:31:04,630 [DEBUG]  		Latency: 0.46ms
2025-04-22 15:31:04,630 [DEBUG]  		True: 0
2025-04-22 15:31:04,630 [DEBUG]  		Predicted: 1.0
2025-04-22 15:31:04,630 [DEBUG]  Q-Error was: 1.0
2025-04-22 15:31:04,630 [DEBUG]  Predicting cardinality for query 63: SELECT COUNT(*) FROM auction_verification WHERE f3 <= 2.0 AND f6 <= 2.0 AND f5 < 67.0 AND f8 >= 0.0;
2025-04-22 15:31:04,633 [DEBUG]  		Latency: 0.55ms
2025-04-22 15:31:04,633 [DEBUG]  		True: 304
2025-04-22 15:31:04,633 [DEBUG]  		Predicted: 272.1341614906832
2025-04-22 15:31:04,633 [DEBUG]  Q-Error was: 1.117096061496887
2025-04-22 15:31:04,633 [DEBUG]  Predicting cardinality for query 64: SELECT COUNT(*) FROM auction_verification WHERE f8 = 0.0 AND f2 < 1.0 AND f1 >= 1.0;
2025-04-22 15:31:04,635 [DEBUG]  		Latency: 0.45ms
2025-04-22 15:31:04,636 [DEBUG]  		True: 0
2025-04-22 15:31:04,636 [DEBUG]  		Predicted: 11.594848964160347
2025-04-22 15:31:04,636 [DEBUG]  Q-Error was: 11.594848964160347
2025-04-22 15:31:04,636 [DEBUG]  Predicting cardinality for query 65: SELECT COUNT(*) FROM auction_verification WHERE f4 = 0.0 AND f7 <= 0.0 AND f5 <= 76.0;
2025-04-22 15:31:04,638 [DEBUG]  		Latency: 0.52ms
2025-04-22 15:31:04,638 [DEBUG]  		True: 578
2025-04-22 15:31:04,638 [DEBUG]  		Predicted: 488.1002775501106
2025-04-22 15:31:04,639 [DEBUG]  Q-Error was: 1.1841828955744855
2025-04-22 15:31:04,639 [DEBUG]  Predicting cardinality for query 66: SELECT COUNT(*) FROM auction_verification WHERE f2 > 3.0 AND f7 = 0.0;
2025-04-22 15:31:04,641 [DEBUG]  		Latency: 0.36ms
2025-04-22 15:31:04,641 [DEBUG]  		True: 0
2025-04-22 15:31:04,641 [DEBUG]  		Predicted: 1.0
2025-04-22 15:31:04,641 [DEBUG]  Q-Error was: 1.0
2025-04-22 15:31:04,641 [DEBUG]  Predicting cardinality for query 67: SELECT COUNT(*) FROM auction_verification WHERE f4 <= 0.0;
2025-04-22 15:31:04,643 [DEBUG]  		Latency: 0.30ms
2025-04-22 15:31:04,643 [DEBUG]  		True: 842
2025-04-22 15:31:04,643 [DEBUG]  		Predicted: 841.9999999999999
2025-04-22 15:31:04,643 [DEBUG]  Q-Error was: 1.0000000000000002
2025-04-22 15:31:04,643 [DEBUG]  Predicting cardinality for query 68: SELECT COUNT(*) FROM auction_verification WHERE f9 <= 22142.437 AND f1 > 0.0 AND f7 >= 0.0 AND f2 >= 2.0;
2025-04-22 15:31:04,646 [DEBUG]  		Latency: 0.58ms
2025-04-22 15:31:04,646 [DEBUG]  		True: 865
2025-04-22 15:31:04,646 [DEBUG]  		Predicted: 804.1267037711875
2025-04-22 15:31:04,646 [DEBUG]  Q-Error was: 1.075701125137779
2025-04-22 15:31:04,646 [DEBUG]  Predicting cardinality for query 69: SELECT COUNT(*) FROM auction_verification WHERE f9 <= 20531.248 AND f7 > 2.0 AND f5 = 78.0 AND f8 > 1.0 AND f1 < 1.0;
2025-04-22 15:31:04,650 [DEBUG]  		Latency: 0.66ms
2025-04-22 15:31:04,650 [DEBUG]  		True: 0
2025-04-22 15:31:04,650 [DEBUG]  		Predicted: 1.0
2025-04-22 15:31:04,650 [DEBUG]  Q-Error was: 1.0
2025-04-22 15:31:04,650 [DEBUG]  Predicting cardinality for query 70: SELECT COUNT(*) FROM auction_verification WHERE f8 = 0.0 AND f3 > 2.0 AND f7 <= 0.0 AND f4 >= 1.0;
2025-04-22 15:31:04,653 [DEBUG]  		Latency: 0.53ms
2025-04-22 15:31:04,653 [DEBUG]  		True: 0
2025-04-22 15:31:04,653 [DEBUG]  		Predicted: 1.0
2025-04-22 15:31:04,653 [DEBUG]  Q-Error was: 1.0
2025-04-22 15:31:04,653 [DEBUG]  Predicting cardinality for query 71: SELECT COUNT(*) FROM auction_verification WHERE f7 >= 0.0 AND f5 >= 78.0 AND f3 >= 2.0 AND f8 > 0.0 AND f9 = 793.577;
2025-04-22 15:31:04,656 [DEBUG]  		Latency: 0.67ms
2025-04-22 15:31:04,656 [DEBUG]  		True: 0
2025-04-22 15:31:04,656 [DEBUG]  		Predicted: 1.0
2025-04-22 15:31:04,656 [DEBUG]  Q-Error was: 1.0
2025-04-22 15:31:04,656 [DEBUG]  Predicting cardinality for query 72: SELECT COUNT(*) FROM auction_verification WHERE f3 <= 2.0;
2025-04-22 15:31:04,658 [DEBUG]  		Latency: 0.05ms
2025-04-22 15:31:04,658 [DEBUG]  		True: 2043
2025-04-22 15:31:04,658 [DEBUG]  		Predicted: 2043.0
2025-04-22 15:31:04,658 [DEBUG]  Q-Error was: 1.0
2025-04-22 15:31:04,658 [DEBUG]  Predicting cardinality for query 73: SELECT COUNT(*) FROM auction_verification WHERE f6 > 3.0;
2025-04-22 15:31:04,660 [DEBUG]  		Latency: 0.35ms
2025-04-22 15:31:04,660 [DEBUG]  		True: 898
2025-04-22 15:31:04,660 [DEBUG]  		Predicted: 897.9999999999998
2025-04-22 15:31:04,660 [DEBUG]  Q-Error was: 1.0000000000000002
2025-04-22 15:31:04,660 [DEBUG]  Predicting cardinality for query 74: SELECT COUNT(*) FROM auction_verification WHERE f6 >= 4.0 AND f2 > 2.0 AND f7 > 0.0 AND f8 < 0.0 AND f4 = 0.0;
2025-04-22 15:31:04,664 [DEBUG]  		Latency: 0.82ms
2025-04-22 15:31:04,664 [DEBUG]  		True: 0
2025-04-22 15:31:04,664 [DEBUG]  		Predicted: 1.0
2025-04-22 15:31:04,664 [DEBUG]  Q-Error was: 1.0
2025-04-22 15:31:04,664 [DEBUG]  Predicting cardinality for query 75: SELECT COUNT(*) FROM auction_verification WHERE f1 <= 2.0;
2025-04-22 15:31:04,666 [DEBUG]  		Latency: 0.29ms
2025-04-22 15:31:04,666 [DEBUG]  		True: 2043
2025-04-22 15:31:04,666 [DEBUG]  		Predicted: 2043.0
2025-04-22 15:31:04,666 [DEBUG]  Q-Error was: 1.0
2025-04-22 15:31:04,666 [DEBUG]  Predicting cardinality for query 76: SELECT COUNT(*) FROM auction_verification WHERE f2 = 2.0 AND f4 > 0.0 AND f7 <= 0.0 AND f1 <= 0.0;
2025-04-22 15:31:04,669 [DEBUG]  		Latency: 0.49ms
2025-04-22 15:31:04,669 [DEBUG]  		True: 102
2025-04-22 15:31:04,669 [DEBUG]  		Predicted: 114.38471472972941
2025-04-22 15:31:04,669 [DEBUG]  Q-Error was: 1.1214187718600923
2025-04-22 15:31:04,669 [DEBUG]  Predicting cardinality for query 77: SELECT COUNT(*) FROM auction_verification WHERE f5 < 77.0 AND f7 < 0.0 AND f3 <= 2.0 AND f6 = 1.0;
2025-04-22 15:31:04,672 [DEBUG]  		Latency: 0.58ms
2025-04-22 15:31:04,672 [DEBUG]  		True: 0
2025-04-22 15:31:04,672 [DEBUG]  		Predicted: 1.0
2025-04-22 15:31:04,672 [DEBUG]  Q-Error was: 1.0
2025-04-22 15:31:04,672 [DEBUG]  Predicting cardinality for query 78: SELECT COUNT(*) FROM auction_verification WHERE f9 = 1001.447 AND f6 = 6.0 AND f3 = 2.0;
2025-04-22 15:31:04,675 [DEBUG]  		Latency: 0.51ms
2025-04-22 15:31:04,675 [DEBUG]  		True: 0
2025-04-22 15:31:04,675 [DEBUG]  		Predicted: 1.0
2025-04-22 15:31:04,675 [DEBUG]  Q-Error was: 1.0
2025-04-22 15:31:04,675 [DEBUG]  Predicting cardinality for query 79: SELECT COUNT(*) FROM auction_verification WHERE f5 < 66.0 AND f4 < 1.0;
2025-04-22 15:31:04,677 [DEBUG]  		Latency: 0.37ms
2025-04-22 15:31:04,677 [DEBUG]  		True: 251
2025-04-22 15:31:04,677 [DEBUG]  		Predicted: 223.31839972458505
2025-04-22 15:31:04,677 [DEBUG]  Q-Error was: 1.1239557524572727
2025-04-22 15:31:04,677 [DEBUG]  Predicting cardinality for query 80: SELECT COUNT(*) FROM auction_verification WHERE f1 >= 0.0;
2025-04-22 15:31:04,680 [DEBUG]  		Latency: 0.31ms
2025-04-22 15:31:04,680 [DEBUG]  		True: 2043
2025-04-22 15:31:04,680 [DEBUG]  		Predicted: 2043.0
2025-04-22 15:31:04,680 [DEBUG]  Q-Error was: 1.0
2025-04-22 15:31:04,680 [DEBUG]  Predicting cardinality for query 81: SELECT COUNT(*) FROM auction_verification WHERE f7 > 0.0 AND f1 = 0.0 AND f5 > 69.0;
2025-04-22 15:31:04,682 [DEBUG]  		Latency: 0.43ms
2025-04-22 15:31:04,682 [DEBUG]  		True: 121
2025-04-22 15:31:04,682 [DEBUG]  		Predicted: 79.18920527757417
2025-04-22 15:31:04,682 [DEBUG]  Q-Error was: 1.5279860376912553
2025-04-22 15:31:04,683 [DEBUG]  Predicting cardinality for query 82: SELECT COUNT(*) FROM auction_verification WHERE f3 < 2.0;
2025-04-22 15:31:04,685 [DEBUG]  		Latency: 0.30ms
2025-04-22 15:31:04,685 [DEBUG]  		True: 237
2025-04-22 15:31:04,685 [DEBUG]  		Predicted: 237.00000000000003
2025-04-22 15:31:04,685 [DEBUG]  Q-Error was: 1.0000000000000002
2025-04-22 15:31:04,685 [DEBUG]  Predicting cardinality for query 83: SELECT COUNT(*) FROM auction_verification WHERE f8 >= 0.0 AND f9 <= 1258.023 AND f3 > 2.0;
2025-04-22 15:31:04,687 [DEBUG]  		Latency: 0.53ms
2025-04-22 15:31:04,687 [DEBUG]  		True: 0
2025-04-22 15:31:04,688 [DEBUG]  		Predicted: 1.0
2025-04-22 15:31:04,688 [DEBUG]  Q-Error was: 1.0
2025-04-22 15:31:04,688 [DEBUG]  Predicting cardinality for query 84: SELECT COUNT(*) FROM auction_verification WHERE f8 < 0.0;
2025-04-22 15:31:04,690 [DEBUG]  		Latency: 0.29ms
2025-04-22 15:31:04,690 [DEBUG]  		True: 0
2025-04-22 15:31:04,690 [DEBUG]  		Predicted: 1.0
2025-04-22 15:31:04,690 [DEBUG]  Q-Error was: 1.0
2025-04-22 15:31:04,690 [DEBUG]  Predicting cardinality for query 85: SELECT COUNT(*) FROM auction_verification WHERE f7 < 0.0 AND f5 = 80.0 AND f4 >= 1.0 AND f2 < 3.0;
2025-04-22 15:31:04,693 [DEBUG]  		Latency: 0.49ms
2025-04-22 15:31:04,693 [DEBUG]  		True: 0
2025-04-22 15:31:04,693 [DEBUG]  		Predicted: 1.0
2025-04-22 15:31:04,693 [DEBUG]  Q-Error was: 1.0
2025-04-22 15:31:04,693 [DEBUG]  Predicting cardinality for query 86: SELECT COUNT(*) FROM auction_verification WHERE f6 = 1.0 AND f2 <= 1.0 AND f4 = 1.0 AND f3 <= 2.0;
2025-04-22 15:31:04,696 [DEBUG]  		Latency: 0.54ms
2025-04-22 15:31:04,696 [DEBUG]  		True: 34
2025-04-22 15:31:04,696 [DEBUG]  		Predicted: 67.7715258922149
2025-04-22 15:31:04,696 [DEBUG]  Q-Error was: 1.9932801733004382
2025-04-22 15:31:04,696 [DEBUG]  Predicting cardinality for query 87: SELECT COUNT(*) FROM auction_verification WHERE f1 = 0.0 AND f2 >= 1.0 AND f3 >= 2.0;
2025-04-22 15:31:04,698 [DEBUG]  		Latency: 0.43ms
2025-04-22 15:31:04,699 [DEBUG]  		True: 420
2025-04-22 15:31:04,699 [DEBUG]  		Predicted: 572.0962223679642
2025-04-22 15:31:04,699 [DEBUG]  Q-Error was: 1.362133862780867
2025-04-22 15:31:04,699 [DEBUG]  Predicting cardinality for query 88: SELECT COUNT(*) FROM auction_verification WHERE f3 >= 2.0 AND f4 > 1.0 AND f9 <= 1216.675;
2025-04-22 15:31:04,701 [DEBUG]  		Latency: 0.51ms
2025-04-22 15:31:04,701 [DEBUG]  		True: 0
2025-04-22 15:31:04,701 [DEBUG]  		Predicted: 1.0
2025-04-22 15:31:04,701 [DEBUG]  Q-Error was: 1.0
2025-04-22 15:31:04,702 [DEBUG]  Predicting cardinality for query 89: SELECT COUNT(*) FROM auction_verification WHERE f5 < 70.0 AND f8 = 0.0 AND f9 > 793.577 AND f3 >= 2.0 AND f4 >= 0.0;
2025-04-22 15:31:04,705 [DEBUG]  		Latency: 0.61ms
2025-04-22 15:31:04,705 [DEBUG]  		True: 498
2025-04-22 15:31:04,705 [DEBUG]  		Predicted: 440.08586745441346
2025-04-22 15:31:04,705 [DEBUG]  Q-Error was: 1.1315973468554648
2025-04-22 15:31:04,705 [DEBUG]  Predicting cardinality for query 90: SELECT COUNT(*) FROM auction_verification WHERE f7 <= 0.0 AND f4 < 1.0 AND f6 = 5.0 AND f5 < 66.0;
2025-04-22 15:31:04,708 [DEBUG]  		Latency: 0.59ms
2025-04-22 15:31:04,708 [DEBUG]  		True: 0
2025-04-22 15:31:04,708 [DEBUG]  		Predicted: 22.434132041432136
2025-04-22 15:31:04,708 [DEBUG]  Q-Error was: 22.434132041432136
2025-04-22 15:31:04,708 [DEBUG]  Predicting cardinality for query 91: SELECT COUNT(*) FROM auction_verification WHERE f8 > 0.0;
2025-04-22 15:31:04,710 [DEBUG]  		Latency: 0.29ms
2025-04-22 15:31:04,710 [DEBUG]  		True: 262
2025-04-22 15:31:04,710 [DEBUG]  		Predicted: 262.0
2025-04-22 15:31:04,710 [DEBUG]  Q-Error was: 1.0
2025-04-22 15:31:04,710 [DEBUG]  Predicting cardinality for query 92: SELECT COUNT(*) FROM auction_verification WHERE f9 < 10022.609 AND f1 >= 2.0;
2025-04-22 15:31:04,712 [DEBUG]  		Latency: 0.42ms
2025-04-22 15:31:04,713 [DEBUG]  		True: 415
2025-04-22 15:31:04,713 [DEBUG]  		Predicted: 435.7565217391378
2025-04-22 15:31:04,713 [DEBUG]  Q-Error was: 1.050015715034067
2025-04-22 15:31:04,713 [DEBUG]  Predicting cardinality for query 93: SELECT COUNT(*) FROM auction_verification WHERE f7 = 0.0;
2025-04-22 15:31:04,714 [DEBUG]  		Latency: 0.07ms
2025-04-22 15:31:04,715 [DEBUG]  		True: 1680
2025-04-22 15:31:04,715 [DEBUG]  		Predicted: 1680.0
2025-04-22 15:31:04,715 [DEBUG]  Q-Error was: 1.0
2025-04-22 15:31:04,715 [DEBUG]  Predicting cardinality for query 94: SELECT COUNT(*) FROM auction_verification WHERE f5 >= 63.0 AND f2 > 1.0 AND f3 < 2.0 AND f1 <= 0.0 AND f7 < 0.0;
2025-04-22 15:31:04,718 [DEBUG]  		Latency: 0.56ms
2025-04-22 15:31:04,718 [DEBUG]  		True: 0
2025-04-22 15:31:04,718 [DEBUG]  		Predicted: 1.0
2025-04-22 15:31:04,718 [DEBUG]  Q-Error was: 1.0
2025-04-22 15:31:04,718 [DEBUG]  Predicting cardinality for query 95: SELECT COUNT(*) FROM auction_verification WHERE f9 >= 1521.694 AND f6 >= 3.0 AND f7 < 3.0 AND f4 <= 1.0;
2025-04-22 15:31:04,721 [DEBUG]  		Latency: 0.58ms
2025-04-22 15:31:04,721 [DEBUG]  		True: 313
2025-04-22 15:31:04,721 [DEBUG]  		Predicted: 309.16844720497494
2025-04-22 15:31:04,721 [DEBUG]  Q-Error was: 1.0123930913056105
2025-04-22 15:31:04,721 [DEBUG]  Predicting cardinality for query 96: SELECT COUNT(*) FROM auction_verification WHERE f2 <= 1.0 AND f1 <= 0.0 AND f4 > 1.0 AND f6 >= 5.0 AND f3 > 2.0;
2025-04-22 15:31:04,724 [DEBUG]  		Latency: 0.63ms
2025-04-22 15:31:04,724 [DEBUG]  		True: 0
2025-04-22 15:31:04,724 [DEBUG]  		Predicted: 1.0
2025-04-22 15:31:04,724 [DEBUG]  Q-Error was: 1.0
2025-04-22 15:31:04,724 [DEBUG]  Predicting cardinality for query 97: SELECT COUNT(*) FROM auction_verification WHERE f7 < 0.0;
2025-04-22 15:31:04,726 [DEBUG]  		Latency: 0.30ms
2025-04-22 15:31:04,726 [DEBUG]  		True: 0
2025-04-22 15:31:04,726 [DEBUG]  		Predicted: 1.0
2025-04-22 15:31:04,726 [DEBUG]  Q-Error was: 1.0
2025-04-22 15:31:04,726 [DEBUG]  Predicting cardinality for query 98: SELECT COUNT(*) FROM auction_verification WHERE f3 < 2.0 AND f7 < 0.0;
2025-04-22 15:31:04,729 [DEBUG]  		Latency: 0.39ms
2025-04-22 15:31:04,729 [DEBUG]  		True: 0
2025-04-22 15:31:04,729 [DEBUG]  		Predicted: 1.0
2025-04-22 15:31:04,729 [DEBUG]  Q-Error was: 1.0
2025-04-22 15:31:04,729 [DEBUG]  Predicting cardinality for query 99: SELECT COUNT(*) FROM auction_verification WHERE f7 >= 0.0 AND f5 >= 63.0 AND f3 < 2.0 AND f1 > 0.0;
2025-04-22 15:31:04,732 [DEBUG]  		Latency: 0.56ms
2025-04-22 15:31:04,732 [DEBUG]  		True: 0
2025-04-22 15:31:04,732 [DEBUG]  		Predicted: 113.81961344083949
2025-04-22 15:31:04,732 [DEBUG]  Q-Error was: 113.81961344083949
2025-04-22 15:31:04,732 [DEBUG]  Predicting cardinality for query 100: SELECT COUNT(*) FROM auction_verification WHERE f1 > 1.0 AND f8 < 0.0 AND f7 < 0.0 AND f9 < 15294.303;
2025-04-22 15:31:04,735 [DEBUG]  		Latency: 0.60ms
2025-04-22 15:31:04,735 [DEBUG]  		True: 0
2025-04-22 15:31:04,735 [DEBUG]  		Predicted: 1.0
2025-04-22 15:31:04,735 [DEBUG]  Q-Error was: 1.0
2025-04-22 15:31:04,735 [DEBUG]  Predicting cardinality for query 101: SELECT COUNT(*) FROM auction_verification WHERE f8 < 0.0 AND f4 = 1.0 AND f9 <= 10876.639 AND f2 <= 2.0 AND f3 >= 2.0;
2025-04-22 15:31:04,738 [DEBUG]  		Latency: 0.66ms
2025-04-22 15:31:04,738 [DEBUG]  		True: 0
2025-04-22 15:31:04,738 [DEBUG]  		Predicted: 1.0
2025-04-22 15:31:04,738 [DEBUG]  Q-Error was: 1.0
2025-04-22 15:31:04,738 [DEBUG]  Predicting cardinality for query 102: SELECT COUNT(*) FROM auction_verification WHERE f2 < 1.0 AND f8 <= 0.0 AND f7 = 0.0 AND f9 > 1062.35 AND f4 < 1.0;
2025-04-22 15:31:04,741 [DEBUG]  		Latency: 0.66ms
2025-04-22 15:31:04,741 [DEBUG]  		True: 0
2025-04-22 15:31:04,742 [DEBUG]  		Predicted: 3.3566658418039323
2025-04-22 15:31:04,742 [DEBUG]  Q-Error was: 3.3566658418039323
2025-04-22 15:31:04,742 [DEBUG]  Predicting cardinality for query 103: SELECT COUNT(*) FROM auction_verification WHERE f8 <= 0.0;
2025-04-22 15:31:04,743 [DEBUG]  		Latency: 0.06ms
2025-04-22 15:31:04,743 [DEBUG]  		True: 1781
2025-04-22 15:31:04,744 [DEBUG]  		Predicted: 1781.0
2025-04-22 15:31:04,744 [DEBUG]  Q-Error was: 1.0
2025-04-22 15:31:04,744 [DEBUG]  Predicting cardinality for query 104: SELECT COUNT(*) FROM auction_verification WHERE f7 < 0.0 AND f3 < 2.0;
2025-04-22 15:31:04,745 [DEBUG]  		Latency: 0.06ms
2025-04-22 15:31:04,745 [DEBUG]  		True: 0
2025-04-22 15:31:04,746 [DEBUG]  		Predicted: 1.0
2025-04-22 15:31:04,746 [DEBUG]  Q-Error was: 1.0
2025-04-22 15:31:04,746 [DEBUG]  Predicting cardinality for query 105: SELECT COUNT(*) FROM auction_verification WHERE f9 >= 18420.373 AND f3 = 2.0 AND f6 < 1.0;
2025-04-22 15:31:04,748 [DEBUG]  		Latency: 0.55ms
2025-04-22 15:31:04,748 [DEBUG]  		True: 0
2025-04-22 15:31:04,748 [DEBUG]  		Predicted: 1.0
2025-04-22 15:31:04,748 [DEBUG]  Q-Error was: 1.0
2025-04-22 15:31:04,748 [DEBUG]  Predicting cardinality for query 106: SELECT COUNT(*) FROM auction_verification WHERE f3 >= 2.0 AND f1 = 1.0 AND f2 > 3.0 AND f7 <= 0.0 AND f6 = 1.0;
2025-04-22 15:31:04,752 [DEBUG]  		Latency: 0.65ms
2025-04-22 15:31:04,752 [DEBUG]  		True: 0
2025-04-22 15:31:04,752 [DEBUG]  		Predicted: 1.0
2025-04-22 15:31:04,752 [DEBUG]  Q-Error was: 1.0
2025-04-22 15:31:04,752 [DEBUG]  Predicting cardinality for query 107: SELECT COUNT(*) FROM auction_verification WHERE f9 > 608.431 AND f5 < 73.0 AND f1 = 0.0 AND f2 = 2.0 AND f4 < 1.0;
2025-04-22 15:31:04,755 [DEBUG]  		Latency: 0.67ms
2025-04-22 15:31:04,755 [DEBUG]  		True: 14
2025-04-22 15:31:04,755 [DEBUG]  		Predicted: 39.876947697125644
2025-04-22 15:31:04,755 [DEBUG]  Q-Error was: 2.848353406937546
2025-04-22 15:31:04,755 [DEBUG]  Predicting cardinality for query 108: SELECT COUNT(*) FROM auction_verification WHERE f6 = 1.0 AND f5 <= 70.0 AND f4 > 1.0;
2025-04-22 15:31:04,758 [DEBUG]  		Latency: 0.51ms
2025-04-22 15:31:04,758 [DEBUG]  		True: 0
2025-04-22 15:31:04,758 [DEBUG]  		Predicted: 1.0
2025-04-22 15:31:04,758 [DEBUG]  Q-Error was: 1.0
2025-04-22 15:31:04,758 [DEBUG]  Predicting cardinality for query 109: SELECT COUNT(*) FROM auction_verification WHERE f2 <= 3.0 AND f3 <= 2.0 AND f1 <= 0.0;
2025-04-22 15:31:04,760 [DEBUG]  		Latency: 0.42ms
2025-04-22 15:31:04,760 [DEBUG]  		True: 681
2025-04-22 15:31:04,760 [DEBUG]  		Predicted: 681.0
2025-04-22 15:31:04,761 [DEBUG]  Q-Error was: 1.0
2025-04-22 15:31:04,761 [DEBUG]  Predicting cardinality for query 110: SELECT COUNT(*) FROM auction_verification WHERE f7 <= 3.0;
2025-04-22 15:31:04,763 [DEBUG]  		Latency: 0.33ms
2025-04-22 15:31:04,763 [DEBUG]  		True: 1972
2025-04-22 15:31:04,763 [DEBUG]  		Predicted: 1972.0000000000002
2025-04-22 15:31:04,763 [DEBUG]  Q-Error was: 1.0000000000000002
2025-04-22 15:31:04,763 [DEBUG]  Predicting cardinality for query 111: SELECT COUNT(*) FROM auction_verification WHERE f5 > 74.0 AND f2 = 2.0;
2025-04-22 15:31:04,765 [DEBUG]  		Latency: 0.38ms
2025-04-22 15:31:04,765 [DEBUG]  		True: 267
2025-04-22 15:31:04,765 [DEBUG]  		Predicted: 266.88749300704313
2025-04-22 15:31:04,765 [DEBUG]  Q-Error was: 1.0004215521367796
2025-04-22 15:31:04,765 [DEBUG]  Predicting cardinality for query 112: SELECT COUNT(*) FROM auction_verification WHERE f5 >= 78.0 AND f7 <= 0.0;
2025-04-22 15:31:04,768 [DEBUG]  		Latency: 0.39ms
2025-04-22 15:31:04,768 [DEBUG]  		True: 326
2025-04-22 15:31:04,768 [DEBUG]  		Predicted: 442.2192833474387
2025-04-22 15:31:04,768 [DEBUG]  Q-Error was: 1.3565008691639224
2025-04-22 15:31:04,768 [DEBUG]  Predicting cardinality for query 113: SELECT COUNT(*) FROM auction_verification WHERE f2 >= 1.0 AND f5 >= 70.0 AND f9 <= 12414.406 AND f7 >= 2.0 AND f4 <= 1.0;
2025-04-22 15:31:04,771 [DEBUG]  		Latency: 0.66ms
2025-04-22 15:31:04,771 [DEBUG]  		True: 223
2025-04-22 15:31:04,771 [DEBUG]  		Predicted: 147.63033942502568
2025-04-22 15:31:04,771 [DEBUG]  Q-Error was: 1.510529616530828
2025-04-22 15:31:04,771 [DEBUG]  Predicting cardinality for query 114: SELECT COUNT(*) FROM auction_verification WHERE f2 = 1.0;
2025-04-22 15:31:04,773 [DEBUG]  		Latency: 0.05ms
2025-04-22 15:31:04,773 [DEBUG]  		True: 513
2025-04-22 15:31:04,773 [DEBUG]  		Predicted: 512.9999999999999
2025-04-22 15:31:04,773 [DEBUG]  Q-Error was: 1.0000000000000002
2025-04-22 15:31:04,773 [DEBUG]  Predicting cardinality for query 115: SELECT COUNT(*) FROM auction_verification WHERE f3 < 2.0;
2025-04-22 15:31:04,775 [DEBUG]  		Latency: 0.07ms
2025-04-22 15:31:04,775 [DEBUG]  		True: 237
2025-04-22 15:31:04,775 [DEBUG]  		Predicted: 237.00000000000003
2025-04-22 15:31:04,775 [DEBUG]  Q-Error was: 1.0000000000000002
2025-04-22 15:31:04,775 [DEBUG]  Predicting cardinality for query 116: SELECT COUNT(*) FROM auction_verification WHERE f4 <= 0.0 AND f7 > 0.0;
2025-04-22 15:31:04,811 [DEBUG]  		Latency: 0.41ms
2025-04-22 15:31:04,811 [DEBUG]  		True: 124
2025-04-22 15:31:04,811 [DEBUG]  		Predicted: 151.4960280005164
2025-04-22 15:31:04,812 [DEBUG]  Q-Error was: 1.221742161294487
2025-04-22 15:31:04,812 [DEBUG]  Predicting cardinality for query 117: SELECT COUNT(*) FROM auction_verification WHERE f4 < 0.0;
2025-04-22 15:31:04,814 [DEBUG]  		Latency: 0.31ms
2025-04-22 15:31:04,814 [DEBUG]  		True: 0
2025-04-22 15:31:04,814 [DEBUG]  		Predicted: 1.0
2025-04-22 15:31:04,814 [DEBUG]  Q-Error was: 1.0
2025-04-22 15:31:04,814 [DEBUG]  Predicting cardinality for query 118: SELECT COUNT(*) FROM auction_verification WHERE f7 > 0.0;
2025-04-22 15:31:04,816 [DEBUG]  		Latency: 0.30ms
2025-04-22 15:31:04,816 [DEBUG]  		True: 363
2025-04-22 15:31:04,816 [DEBUG]  		Predicted: 363.00000000000006
2025-04-22 15:31:04,816 [DEBUG]  Q-Error was: 1.0000000000000002
2025-04-22 15:31:04,816 [DEBUG]  Predicting cardinality for query 119: SELECT COUNT(*) FROM auction_verification WHERE f7 < 0.0 AND f3 <= 2.0 AND f6 >= 4.0;
2025-04-22 15:31:04,819 [DEBUG]  		Latency: 0.53ms
2025-04-22 15:31:04,819 [DEBUG]  		True: 0
2025-04-22 15:31:04,819 [DEBUG]  		Predicted: 1.0
2025-04-22 15:31:04,819 [DEBUG]  Q-Error was: 1.0
2025-04-22 15:31:04,819 [DEBUG]  Predicting cardinality for query 120: SELECT COUNT(*) FROM auction_verification WHERE f1 < 1.0 AND f7 = 2.0 AND f5 > 77.0 AND f6 >= 2.0;
2025-04-22 15:31:04,822 [DEBUG]  		Latency: 0.56ms
2025-04-22 15:31:04,822 [DEBUG]  		True: 12
2025-04-22 15:31:04,822 [DEBUG]  		Predicted: 9.11319024575628
2025-04-22 15:31:04,822 [DEBUG]  Q-Error was: 1.3167726862267595
2025-04-22 15:31:04,822 [DEBUG]  Predicting cardinality for query 121: SELECT COUNT(*) FROM auction_verification WHERE f6 <= 6.0 AND f5 = 63.0;
2025-04-22 15:31:04,824 [DEBUG]  		Latency: 0.41ms
2025-04-22 15:31:04,824 [DEBUG]  		True: 68
2025-04-22 15:31:04,825 [DEBUG]  		Predicted: 67.99999999999997
2025-04-22 15:31:04,825 [DEBUG]  Q-Error was: 1.0000000000000004
2025-04-22 15:31:04,825 [DEBUG]  Predicting cardinality for query 122: SELECT COUNT(*) FROM auction_verification WHERE f4 = 0.0 AND f6 >= 2.0 AND f7 >= 0.0 AND f3 < 2.0;
2025-04-22 15:31:04,827 [DEBUG]  		Latency: 0.59ms
2025-04-22 15:31:04,828 [DEBUG]  		True: 44
2025-04-22 15:31:04,828 [DEBUG]  		Predicted: 81.87394082018442
2025-04-22 15:31:04,828 [DEBUG]  Q-Error was: 1.8607713822769185
2025-04-22 15:31:04,828 [DEBUG]  Predicting cardinality for query 123: SELECT COUNT(*) FROM auction_verification WHERE f9 = 635.8 AND f3 < 2.0 AND f5 > 79.0;
2025-04-22 15:31:04,830 [DEBUG]  		Latency: 0.58ms
2025-04-22 15:31:04,830 [DEBUG]  		True: 0
2025-04-22 15:31:04,831 [DEBUG]  		Predicted: 1.0
2025-04-22 15:31:04,831 [DEBUG]  Q-Error was: 1.0
2025-04-22 15:31:04,831 [DEBUG]  Predicting cardinality for query 124: SELECT COUNT(*) FROM auction_verification WHERE f2 <= 2.0 AND f3 <= 2.0;
2025-04-22 15:31:04,833 [DEBUG]  		Latency: 0.36ms
2025-04-22 15:31:04,833 [DEBUG]  		True: 1290
2025-04-22 15:31:04,833 [DEBUG]  		Predicted: 1289.9999999999998
2025-04-22 15:31:04,833 [DEBUG]  Q-Error was: 1.0000000000000002
2025-04-22 15:31:04,833 [DEBUG]  Predicting cardinality for query 125: SELECT COUNT(*) FROM auction_verification WHERE f6 >= 3.0 AND f2 > 3.0 AND f7 < 0.0;
2025-04-22 15:31:04,836 [DEBUG]  		Latency: 0.53ms
2025-04-22 15:31:04,836 [DEBUG]  		True: 0
2025-04-22 15:31:04,836 [DEBUG]  		Predicted: 1.0
2025-04-22 15:31:04,836 [DEBUG]  Q-Error was: 1.0
2025-04-22 15:31:04,836 [DEBUG]  Predicting cardinality for query 126: SELECT COUNT(*) FROM auction_verification WHERE f9 >= 11647.089 AND f2 >= 1.0;
2025-04-22 15:31:04,838 [DEBUG]  		Latency: 0.44ms
2025-04-22 15:31:04,838 [DEBUG]  		True: 491
2025-04-22 15:31:04,838 [DEBUG]  		Predicted: 490.13540372670974
2025-04-22 15:31:04,838 [DEBUG]  Q-Error was: 1.001763994738426
2025-04-22 15:31:04,839 [DEBUG]  Predicting cardinality for query 127: SELECT COUNT(*) FROM auction_verification WHERE f3 >= 2.0 AND f2 = 2.0 AND f7 < 0.0 AND f1 = 0.0 AND f9 > 10876.639;
2025-04-22 15:31:04,842 [DEBUG]  		Latency: 0.69ms
2025-04-22 15:31:04,842 [DEBUG]  		True: 0
2025-04-22 15:31:04,842 [DEBUG]  		Predicted: 1.0
2025-04-22 15:31:04,842 [DEBUG]  Q-Error was: 1.0
2025-04-22 15:31:04,842 [DEBUG]  Predicting cardinality for query 128: SELECT COUNT(*) FROM auction_verification WHERE f1 >= 0.0 AND f7 <= 2.0 AND f2 = 3.0 AND f6 > 6.0;
2025-04-22 15:31:04,845 [DEBUG]  		Latency: 0.59ms
2025-04-22 15:31:04,845 [DEBUG]  		True: 0
2025-04-22 15:31:04,845 [DEBUG]  		Predicted: 1.0
2025-04-22 15:31:04,845 [DEBUG]  Q-Error was: 1.0
2025-04-22 15:31:04,845 [DEBUG]  Predicting cardinality for query 129: SELECT COUNT(*) FROM auction_verification WHERE f4 > 1.0 AND f7 = 0.0;
2025-04-22 15:31:04,847 [DEBUG]  		Latency: 0.39ms
2025-04-22 15:31:04,847 [DEBUG]  		True: 0
2025-04-22 15:31:04,847 [DEBUG]  		Predicted: 1.0
2025-04-22 15:31:04,847 [DEBUG]  Q-Error was: 1.0
2025-04-22 15:31:04,848 [DEBUG]  Predicting cardinality for query 130: SELECT COUNT(*) FROM auction_verification WHERE f2 < 3.0 AND f7 < 0.0 AND f9 >= 12414.406 AND f3 > 1.0;
2025-04-22 15:31:04,850 [DEBUG]  		Latency: 0.56ms
2025-04-22 15:31:04,850 [DEBUG]  		True: 0
2025-04-22 15:31:04,850 [DEBUG]  		Predicted: 1.0
2025-04-22 15:31:04,851 [DEBUG]  Q-Error was: 1.0
2025-04-22 15:31:04,851 [DEBUG]  Predicting cardinality for query 131: SELECT COUNT(*) FROM auction_verification WHERE f7 > 0.0 AND f8 >= 0.0;
2025-04-22 15:31:04,853 [DEBUG]  		Latency: 0.38ms
2025-04-22 15:31:04,853 [DEBUG]  		True: 363
2025-04-22 15:31:04,853 [DEBUG]  		Predicted: 363.00000000000006
2025-04-22 15:31:04,853 [DEBUG]  Q-Error was: 1.0000000000000002
2025-04-22 15:31:04,853 [DEBUG]  Predicting cardinality for query 132: SELECT COUNT(*) FROM auction_verification WHERE f7 <= 3.0 AND f5 > 73.0 AND f4 > 1.0 AND f9 >= 8803.293;
2025-04-22 15:31:04,856 [DEBUG]  		Latency: 0.60ms
2025-04-22 15:31:04,856 [DEBUG]  		True: 0
2025-04-22 15:31:04,856 [DEBUG]  		Predicted: 1.0
2025-04-22 15:31:04,856 [DEBUG]  Q-Error was: 1.0
2025-04-22 15:31:04,856 [DEBUG]  Predicting cardinality for query 133: SELECT COUNT(*) FROM auction_verification WHERE f9 >= 360.213 AND f7 <= 1.0 AND f4 = 1.0 AND f1 >= 1.0 AND f3 > 2.0;
2025-04-22 15:31:04,859 [DEBUG]  		Latency: 0.66ms
2025-04-22 15:31:04,859 [DEBUG]  		True: 0
2025-04-22 15:31:04,860 [DEBUG]  		Predicted: 1.0
2025-04-22 15:31:04,860 [DEBUG]  Q-Error was: 1.0
2025-04-22 15:31:04,860 [DEBUG]  Predicting cardinality for query 134: SELECT COUNT(*) FROM auction_verification WHERE f2 = 2.0 AND f8 > 0.0;
2025-04-22 15:31:04,862 [DEBUG]  		Latency: 0.36ms
2025-04-22 15:31:04,862 [DEBUG]  		True: 92
2025-04-22 15:31:04,862 [DEBUG]  		Predicted: 95.36149068322979
2025-04-22 15:31:04,862 [DEBUG]  Q-Error was: 1.0365379422090195
2025-04-22 15:31:04,862 [DEBUG]  Predicting cardinality for query 135: SELECT COUNT(*) FROM auction_verification WHERE f2 <= 3.0 AND f4 > 0.0 AND f5 >= 80.0 AND f3 <= 2.0;
2025-04-22 15:31:04,865 [DEBUG]  		Latency: 0.55ms
2025-04-22 15:31:04,865 [DEBUG]  		True: 276
2025-04-22 15:31:04,865 [DEBUG]  		Predicted: 242.70369658456818
2025-04-22 15:31:04,865 [DEBUG]  Q-Error was: 1.1371891070634352
2025-04-22 15:31:04,866 [DEBUG]  Predicting cardinality for query 136: SELECT COUNT(*) FROM auction_verification WHERE f3 > 2.0 AND f4 > 0.0 AND f6 < 5.0 AND f7 = 0.0 AND f8 <= 0.0;
2025-04-22 15:31:04,869 [DEBUG]  		Latency: 0.62ms
2025-04-22 15:31:04,869 [DEBUG]  		True: 0
2025-04-22 15:31:04,869 [DEBUG]  		Predicted: 1.0
2025-04-22 15:31:04,869 [DEBUG]  Q-Error was: 1.0
2025-04-22 15:31:04,869 [DEBUG]  Predicting cardinality for query 137: SELECT COUNT(*) FROM auction_verification WHERE f5 >= 68.0;
2025-04-22 15:31:04,871 [DEBUG]  		Latency: 0.31ms
2025-04-22 15:31:04,871 [DEBUG]  		True: 1365
2025-04-22 15:31:04,871 [DEBUG]  		Predicted: 1365.0
2025-04-22 15:31:04,871 [DEBUG]  Q-Error was: 1.0
2025-04-22 15:31:04,871 [DEBUG]  Predicting cardinality for query 138: SELECT COUNT(*) FROM auction_verification WHERE f6 > 2.0;
2025-04-22 15:31:04,873 [DEBUG]  		Latency: 0.38ms
2025-04-22 15:31:04,873 [DEBUG]  		True: 1138
2025-04-22 15:31:04,873 [DEBUG]  		Predicted: 1137.9999999999998
2025-04-22 15:31:04,873 [DEBUG]  Q-Error was: 1.0000000000000002
2025-04-22 15:31:04,873 [DEBUG]  Predicting cardinality for query 139: SELECT COUNT(*) FROM auction_verification WHERE f8 = 1.0 AND f7 > 0.0 AND f2 > 2.0 AND f3 >= 2.0;
2025-04-22 15:31:04,876 [DEBUG]  		Latency: 0.49ms
2025-04-22 15:31:04,876 [DEBUG]  		True: 41
2025-04-22 15:31:04,876 [DEBUG]  		Predicted: 16.07590256347464
2025-04-22 15:31:04,877 [DEBUG]  Q-Error was: 2.5504011260403083
2025-04-22 15:31:04,877 [DEBUG]  Predicting cardinality for query 140: SELECT COUNT(*) FROM auction_verification WHERE f6 < 4.0 AND f8 >= 0.0 AND f2 > 3.0;
2025-04-22 15:31:04,879 [DEBUG]  		Latency: 0.64ms
2025-04-22 15:31:04,879 [DEBUG]  		True: 0
2025-04-22 15:31:04,879 [DEBUG]  		Predicted: 1.0
2025-04-22 15:31:04,879 [DEBUG]  Q-Error was: 1.0
2025-04-22 15:31:04,880 [DEBUG]  Predicting cardinality for query 141: SELECT COUNT(*) FROM auction_verification WHERE f6 > 4.0 AND f9 = 574.134;
2025-04-22 15:31:04,882 [DEBUG]  		Latency: 0.45ms
2025-04-22 15:31:04,882 [DEBUG]  		True: 0
2025-04-22 15:31:04,882 [DEBUG]  		Predicted: 1.0
2025-04-22 15:31:04,882 [DEBUG]  Q-Error was: 1.0
2025-04-22 15:31:04,882 [DEBUG]  Predicting cardinality for query 142: SELECT COUNT(*) FROM auction_verification WHERE f9 > 608.431 AND f4 > 1.0;
2025-04-22 15:31:04,884 [DEBUG]  		Latency: 0.43ms
2025-04-22 15:31:04,885 [DEBUG]  		True: 0
2025-04-22 15:31:04,885 [DEBUG]  		Predicted: 1.0
2025-04-22 15:31:04,885 [DEBUG]  Q-Error was: 1.0
2025-04-22 15:31:04,885 [DEBUG]  Predicting cardinality for query 143: SELECT COUNT(*) FROM auction_verification WHERE f6 < 4.0 AND f5 <= 70.0 AND f7 > 0.0;
2025-04-22 15:31:04,887 [DEBUG]  		Latency: 0.52ms
2025-04-22 15:31:04,887 [DEBUG]  		True: 62
2025-04-22 15:31:04,887 [DEBUG]  		Predicted: 96.25067855046865
2025-04-22 15:31:04,887 [DEBUG]  Q-Error was: 1.5524302992011072
2025-04-22 15:31:04,888 [DEBUG]  Predicting cardinality for query 144: SELECT COUNT(*) FROM auction_verification WHERE f4 < 0.0 AND f5 < 69.0;
2025-04-22 15:31:04,890 [DEBUG]  		Latency: 0.37ms
2025-04-22 15:31:04,890 [DEBUG]  		True: 0
2025-04-22 15:31:04,890 [DEBUG]  		Predicted: 1.0
2025-04-22 15:31:04,890 [DEBUG]  Q-Error was: 1.0
2025-04-22 15:31:04,890 [DEBUG]  Predicting cardinality for query 145: SELECT COUNT(*) FROM auction_verification WHERE f9 >= 1001.447 AND f5 = 80.0;
2025-04-22 15:31:04,892 [DEBUG]  		Latency: 0.42ms
2025-04-22 15:31:04,892 [DEBUG]  		True: 119
2025-04-22 15:31:04,893 [DEBUG]  		Predicted: 128.42919254658574
2025-04-22 15:31:04,893 [DEBUG]  Q-Error was: 1.0792369121561827
2025-04-22 15:31:04,893 [DEBUG]  Predicting cardinality for query 146: SELECT COUNT(*) FROM auction_verification WHERE f9 >= 752.075;
2025-04-22 15:31:04,895 [DEBUG]  		Latency: 0.41ms
2025-04-22 15:31:04,895 [DEBUG]  		True: 1348
2025-04-22 15:31:04,895 [DEBUG]  		Predicted: 1348.0000000000184
2025-04-22 15:31:04,895 [DEBUG]  Q-Error was: 1.0000000000000138
2025-04-22 15:31:04,895 [DEBUG]  Predicting cardinality for query 147: SELECT COUNT(*) FROM auction_verification WHERE f4 > 0.0 AND f5 > 74.0;
2025-04-22 15:31:04,897 [DEBUG]  		Latency: 0.37ms
2025-04-22 15:31:04,897 [DEBUG]  		True: 461
2025-04-22 15:31:04,897 [DEBUG]  		Predicted: 426.03844906975735
2025-04-22 15:31:04,898 [DEBUG]  Q-Error was: 1.0820619617937774
2025-04-22 15:31:04,898 [DEBUG]  Predicting cardinality for query 148: SELECT COUNT(*) FROM auction_verification WHERE f9 = 119.932 AND f2 >= 3.0 AND f5 >= 77.0 AND f1 = 1.0;
2025-04-22 15:31:04,900 [DEBUG]  		Latency: 0.55ms
2025-04-22 15:31:04,901 [DEBUG]  		True: 0
2025-04-22 15:31:04,901 [DEBUG]  		Predicted: 1.0
2025-04-22 15:31:04,901 [DEBUG]  Q-Error was: 1.0
2025-04-22 15:31:04,901 [DEBUG]  Predicting cardinality for query 149: SELECT COUNT(*) FROM auction_verification WHERE f3 < 2.0;
2025-04-22 15:31:04,902 [DEBUG]  		Latency: 0.05ms
2025-04-22 15:31:04,902 [DEBUG]  		True: 237
2025-04-22 15:31:04,903 [DEBUG]  		Predicted: 237.00000000000003
2025-04-22 15:31:04,903 [DEBUG]  Q-Error was: 1.0000000000000002
2025-04-22 15:31:04,903 [DEBUG]  Predicting cardinality for query 150: SELECT COUNT(*) FROM auction_verification WHERE f3 > 2.0 AND f5 < 66.0;
2025-04-22 15:31:04,905 [DEBUG]  		Latency: 0.47ms
2025-04-22 15:31:04,905 [DEBUG]  		True: 0
2025-04-22 15:31:04,905 [DEBUG]  		Predicted: 1.0
2025-04-22 15:31:04,905 [DEBUG]  Q-Error was: 1.0
2025-04-22 15:31:04,905 [DEBUG]  Predicting cardinality for query 151: SELECT COUNT(*) FROM auction_verification WHERE f8 <= 0.0;
2025-04-22 15:31:04,907 [DEBUG]  		Latency: 0.06ms
2025-04-22 15:31:04,907 [DEBUG]  		True: 1781
2025-04-22 15:31:04,907 [DEBUG]  		Predicted: 1781.0
2025-04-22 15:31:04,907 [DEBUG]  Q-Error was: 1.0
2025-04-22 15:31:04,907 [DEBUG]  Predicting cardinality for query 152: SELECT COUNT(*) FROM auction_verification WHERE f8 < 0.0;
2025-04-22 15:31:04,909 [DEBUG]  		Latency: 0.05ms
2025-04-22 15:31:04,909 [DEBUG]  		True: 0
2025-04-22 15:31:04,909 [DEBUG]  		Predicted: 1.0
2025-04-22 15:31:04,909 [DEBUG]  Q-Error was: 1.0
2025-04-22 15:31:04,909 [DEBUG]  Predicting cardinality for query 153: SELECT COUNT(*) FROM auction_verification WHERE f9 >= 22142.437;
2025-04-22 15:31:04,911 [DEBUG]  		Latency: 0.39ms
2025-04-22 15:31:04,911 [DEBUG]  		True: 266
2025-04-22 15:31:04,911 [DEBUG]  		Predicted: 266.00000000000057
2025-04-22 15:31:04,911 [DEBUG]  Q-Error was: 1.0000000000000022
2025-04-22 15:31:04,911 [DEBUG]  Predicting cardinality for query 154: SELECT COUNT(*) FROM auction_verification WHERE f8 = 0.0 AND f1 = 2.0 AND f5 < 77.0;
2025-04-22 15:31:04,914 [DEBUG]  		Latency: 0.42ms
2025-04-22 15:31:04,914 [DEBUG]  		True: 414
2025-04-22 15:31:04,914 [DEBUG]  		Predicted: 425.6132905979289
2025-04-22 15:31:04,914 [DEBUG]  Q-Error was: 1.0280514265650456
2025-04-22 15:31:04,914 [DEBUG]  Predicting cardinality for query 155: SELECT COUNT(*) FROM auction_verification WHERE f3 <= 2.0 AND f2 >= 3.0 AND f5 >= 68.0 AND f4 = 1.0 AND f8 = 0.0;
2025-04-22 15:31:04,917 [DEBUG]  		Latency: 0.58ms
2025-04-22 15:31:04,917 [DEBUG]  		True: 253
2025-04-22 15:31:04,917 [DEBUG]  		Predicted: 259.388600060582
2025-04-22 15:31:04,917 [DEBUG]  Q-Error was: 1.025251383638664
2025-04-22 15:31:04,917 [DEBUG]  Predicting cardinality for query 156: SELECT COUNT(*) FROM auction_verification WHERE f8 = 0.0 AND f5 < 74.0 AND f1 < 1.0 AND f2 > 3.0 AND f9 <= 17026.352;
2025-04-22 15:31:04,920 [DEBUG]  		Latency: 0.66ms
2025-04-22 15:31:04,920 [DEBUG]  		True: 0
2025-04-22 15:31:04,920 [DEBUG]  		Predicted: 1.0
2025-04-22 15:31:04,920 [DEBUG]  Q-Error was: 1.0
2025-04-22 15:31:04,921 [DEBUG]  Predicting cardinality for query 157: SELECT COUNT(*) FROM auction_verification WHERE f9 > 213.992 AND f8 < 0.0 AND f6 = 5.0 AND f3 < 2.0;
2025-04-22 15:31:04,923 [DEBUG]  		Latency: 0.63ms
2025-04-22 15:31:04,924 [DEBUG]  		True: 0
2025-04-22 15:31:04,924 [DEBUG]  		Predicted: 1.0
2025-04-22 15:31:04,924 [DEBUG]  Q-Error was: 1.0
2025-04-22 15:31:04,924 [DEBUG]  Predicting cardinality for query 158: SELECT COUNT(*) FROM auction_verification WHERE f3 >= 2.0 AND f1 = 2.0 AND f9 = 926.987 AND f4 > 1.0 AND f8 = 1.0;
2025-04-22 15:31:04,927 [DEBUG]  		Latency: 0.79ms
2025-04-22 15:31:04,927 [DEBUG]  		True: 0
2025-04-22 15:31:04,927 [DEBUG]  		Predicted: 1.0
2025-04-22 15:31:04,927 [DEBUG]  Q-Error was: 1.0
2025-04-22 15:31:04,927 [DEBUG]  Predicting cardinality for query 159: SELECT COUNT(*) FROM auction_verification WHERE f7 < 0.0 AND f5 = 76.0;
2025-04-22 15:31:04,929 [DEBUG]  		Latency: 0.36ms
2025-04-22 15:31:04,929 [DEBUG]  		True: 0
2025-04-22 15:31:04,929 [DEBUG]  		Predicted: 1.0
2025-04-22 15:31:04,929 [DEBUG]  Q-Error was: 1.0
2025-04-22 15:31:04,930 [DEBUG]  Predicting cardinality for query 160: SELECT COUNT(*) FROM auction_verification WHERE f1 < 1.0 AND f6 > 6.0 AND f4 <= 0.0 AND f7 < 0.0;
2025-04-22 15:31:04,932 [DEBUG]  		Latency: 0.59ms
2025-04-22 15:31:04,933 [DEBUG]  		True: 0
2025-04-22 15:31:04,933 [DEBUG]  		Predicted: 1.0
2025-04-22 15:31:04,933 [DEBUG]  Q-Error was: 1.0
2025-04-22 15:31:04,933 [DEBUG]  Predicting cardinality for query 161: SELECT COUNT(*) FROM auction_verification WHERE f8 < 0.0 AND f1 = 1.0;
2025-04-22 15:31:04,935 [DEBUG]  		Latency: 0.39ms
2025-04-22 15:31:04,935 [DEBUG]  		True: 0
2025-04-22 15:31:04,935 [DEBUG]  		Predicted: 1.0
2025-04-22 15:31:04,935 [DEBUG]  Q-Error was: 1.0
2025-04-22 15:31:04,935 [DEBUG]  Predicting cardinality for query 162: SELECT COUNT(*) FROM auction_verification WHERE f2 >= 3.0 AND f7 <= 0.0;
2025-04-22 15:31:04,937 [DEBUG]  		Latency: 0.37ms
2025-04-22 15:31:04,938 [DEBUG]  		True: 624
2025-04-22 15:31:04,938 [DEBUG]  		Predicted: 620.4772667938548
2025-04-22 15:31:04,938 [DEBUG]  Q-Error was: 1.0056774573294973
2025-04-22 15:31:04,938 [DEBUG]  Predicting cardinality for query 163: SELECT COUNT(*) FROM auction_verification WHERE f1 = 2.0;
2025-04-22 15:31:04,940 [DEBUG]  		Latency: 0.30ms
2025-04-22 15:31:04,940 [DEBUG]  		True: 681
2025-04-22 15:31:04,940 [DEBUG]  		Predicted: 681.0
2025-04-22 15:31:04,940 [DEBUG]  Q-Error was: 1.0
2025-04-22 15:31:04,940 [DEBUG]  Predicting cardinality for query 164: SELECT COUNT(*) FROM auction_verification WHERE f5 = 64.0 AND f9 <= 762.958;
2025-04-22 15:31:04,942 [DEBUG]  		Latency: 0.44ms
2025-04-22 15:31:04,942 [DEBUG]  		True: 26
2025-04-22 15:31:04,942 [DEBUG]  		Predicted: 23.53726708074565
2025-04-22 15:31:04,943 [DEBUG]  Q-Error was: 1.1046312178387505
2025-04-22 15:31:04,943 [DEBUG]  Predicting cardinality for query 165: SELECT COUNT(*) FROM auction_verification WHERE f2 = 2.0 AND f4 > 0.0 AND f3 <= 2.0 AND f7 > 0.0;
2025-04-22 15:31:04,945 [DEBUG]  		Latency: 0.53ms
2025-04-22 15:31:04,945 [DEBUG]  		True: 81
2025-04-22 15:31:04,945 [DEBUG]  		Predicted: 77.5569776063376
2025-04-22 15:31:04,946 [DEBUG]  Q-Error was: 1.0443934575575964
2025-04-22 15:31:04,946 [DEBUG]  Predicting cardinality for query 166: SELECT COUNT(*) FROM auction_verification WHERE f3 < 2.0 AND f8 <= 0.0 AND f7 < 0.0;
2025-04-22 15:31:04,948 [DEBUG]  		Latency: 0.46ms
2025-04-22 15:31:04,948 [DEBUG]  		True: 0
2025-04-22 15:31:04,948 [DEBUG]  		Predicted: 1.0
2025-04-22 15:31:04,948 [DEBUG]  Q-Error was: 1.0
2025-04-22 15:31:04,948 [DEBUG]  Predicting cardinality for query 167: SELECT COUNT(*) FROM auction_verification WHERE f6 <= 2.0 AND f4 <= 0.0 AND f2 = 2.0 AND f5 >= 74.0;
2025-04-22 15:31:04,951 [DEBUG]  		Latency: 0.67ms
2025-04-22 15:31:04,951 [DEBUG]  		True: 69
2025-04-22 15:31:04,951 [DEBUG]  		Predicted: 53.777717681642905
2025-04-22 15:31:04,951 [DEBUG]  Q-Error was: 1.2830592850457327
2025-04-22 15:31:04,952 [DEBUG]  Predicting cardinality for query 168: SELECT COUNT(*) FROM auction_verification WHERE f8 <= 0.0 AND f9 = 678.755 AND f6 <= 3.0 AND f7 > 0.0;
2025-04-22 15:31:04,954 [DEBUG]  		Latency: 0.62ms
2025-04-22 15:31:04,954 [DEBUG]  		True: 0
2025-04-22 15:31:04,955 [DEBUG]  		Predicted: 1.0
2025-04-22 15:31:04,955 [DEBUG]  Q-Error was: 1.0
2025-04-22 15:31:04,955 [DEBUG]  Predicting cardinality for query 169: SELECT COUNT(*) FROM auction_verification WHERE f6 = 1.0 AND f5 >= 66.0 AND f8 <= 0.0;
2025-04-22 15:31:04,957 [DEBUG]  		Latency: 0.51ms
2025-04-22 15:31:04,957 [DEBUG]  		True: 265
2025-04-22 15:31:04,957 [DEBUG]  		Predicted: 293.4189555455985
2025-04-22 15:31:04,957 [DEBUG]  Q-Error was: 1.107241341681504
2025-04-22 15:31:04,957 [DEBUG]  Predicting cardinality for query 170: SELECT COUNT(*) FROM auction_verification WHERE f4 >= 0.0 AND f5 < 64.0 AND f1 > 0.0 AND f3 <= 2.0 AND f7 > 0.0;
2025-04-22 15:31:04,960 [DEBUG]  		Latency: 0.56ms
2025-04-22 15:31:04,961 [DEBUG]  		True: 0
2025-04-22 15:31:04,961 [DEBUG]  		Predicted: 45.174354638400764
2025-04-22 15:31:04,961 [DEBUG]  Q-Error was: 45.174354638400764
2025-04-22 15:31:04,961 [DEBUG]  Predicting cardinality for query 171: SELECT COUNT(*) FROM auction_verification WHERE f6 > 6.0 AND f5 <= 70.0 AND f7 < 0.0 AND f8 > 0.0;
2025-04-22 15:31:04,964 [DEBUG]  		Latency: 0.59ms
2025-04-22 15:31:04,964 [DEBUG]  		True: 0
2025-04-22 15:31:04,964 [DEBUG]  		Predicted: 1.0
2025-04-22 15:31:04,964 [DEBUG]  Q-Error was: 1.0
2025-04-22 15:31:04,964 [DEBUG]  Predicting cardinality for query 172: SELECT COUNT(*) FROM auction_verification WHERE f3 < 1.0 AND f9 <= 1170.73;
2025-04-22 15:31:04,966 [DEBUG]  		Latency: 0.41ms
2025-04-22 15:31:04,966 [DEBUG]  		True: 0
2025-04-22 15:31:04,966 [DEBUG]  		Predicted: 1.0
2025-04-22 15:31:04,966 [DEBUG]  Q-Error was: 1.0
2025-04-22 15:31:04,966 [DEBUG]  Predicting cardinality for query 173: SELECT COUNT(*) FROM auction_verification WHERE f8 >= 0.0 AND f3 <= 2.0 AND f5 <= 80.0 AND f6 < 2.0;
2025-04-22 15:31:04,969 [DEBUG]  		Latency: 0.59ms
2025-04-22 15:31:04,969 [DEBUG]  		True: 340
2025-04-22 15:31:04,969 [DEBUG]  		Predicted: 404.0399638517924
2025-04-22 15:31:04,969 [DEBUG]  Q-Error was: 1.1883528348582129
2025-04-22 15:31:04,969 [DEBUG]  Predicting cardinality for query 174: SELECT COUNT(*) FROM auction_verification WHERE f9 <= 480.999 AND f8 >= 0.0 AND f4 > 0.0;
2025-04-22 15:31:04,972 [DEBUG]  		Latency: 0.51ms
2025-04-22 15:31:04,972 [DEBUG]  		True: 149
2025-04-22 15:31:04,972 [DEBUG]  		Predicted: 259.3788819875802
2025-04-22 15:31:04,972 [DEBUG]  Q-Error was: 1.7407978656884577
2025-04-22 15:31:04,972 [DEBUG]  Predicting cardinality for query 175: SELECT COUNT(*) FROM auction_verification WHERE f6 < 2.0 AND f9 > 322.514 AND f5 <= 80.0;
2025-04-22 15:31:04,975 [DEBUG]  		Latency: 0.68ms
2025-04-22 15:31:04,975 [DEBUG]  		True: 336
2025-04-22 15:31:04,975 [DEBUG]  		Predicted: 369.5116084642734
2025-04-22 15:31:04,975 [DEBUG]  Q-Error was: 1.0997369299531947
2025-04-22 15:31:04,975 [DEBUG]  Predicting cardinality for query 176: SELECT COUNT(*) FROM auction_verification WHERE f1 = 0.0 AND f5 >= 84.0 AND f6 > 6.0 AND f7 < 0.0 AND f9 >= 19442.696;
2025-04-22 15:31:04,978 [DEBUG]  		Latency: 0.64ms
2025-04-22 15:31:04,978 [DEBUG]  		True: 0
2025-04-22 15:31:04,978 [DEBUG]  		Predicted: 1.0
2025-04-22 15:31:04,978 [DEBUG]  Q-Error was: 1.0
2025-04-22 15:31:04,979 [DEBUG]  Predicting cardinality for query 177: SELECT COUNT(*) FROM auction_verification WHERE f7 <= 0.0;
2025-04-22 15:31:04,981 [DEBUG]  		Latency: 0.31ms
2025-04-22 15:31:04,981 [DEBUG]  		True: 1680
2025-04-22 15:31:04,981 [DEBUG]  		Predicted: 1680.0
2025-04-22 15:31:04,981 [DEBUG]  Q-Error was: 1.0
2025-04-22 15:31:04,981 [DEBUG]  Predicting cardinality for query 178: SELECT COUNT(*) FROM auction_verification WHERE f1 <= 1.0 AND f8 >= 1.0 AND f4 < 0.0 AND f3 < 2.0;
2025-04-22 15:31:04,984 [DEBUG]  		Latency: 0.53ms
2025-04-22 15:31:04,984 [DEBUG]  		True: 0
2025-04-22 15:31:04,984 [DEBUG]  		Predicted: 1.0
2025-04-22 15:31:04,984 [DEBUG]  Q-Error was: 1.0
2025-04-22 15:31:04,984 [DEBUG]  Predicting cardinality for query 179: SELECT COUNT(*) FROM auction_verification WHERE f3 = 2.0 AND f6 >= 1.0 AND f8 < 0.0 AND f7 = 0.0;
2025-04-22 15:31:04,987 [DEBUG]  		Latency: 0.59ms
2025-04-22 15:31:04,987 [DEBUG]  		True: 0
2025-04-22 15:31:04,987 [DEBUG]  		Predicted: 1.0
2025-04-22 15:31:04,987 [DEBUG]  Q-Error was: 1.0
2025-04-22 15:31:04,987 [DEBUG]  Predicting cardinality for query 180: SELECT COUNT(*) FROM auction_verification WHERE f9 <= 171.762 AND f5 >= 64.0 AND f6 <= 1.0;
2025-04-22 15:31:04,990 [DEBUG]  		Latency: 0.51ms
2025-04-22 15:31:04,990 [DEBUG]  		True: 0
2025-04-22 15:31:04,990 [DEBUG]  		Predicted: 21.119987269009638
2025-04-22 15:31:04,990 [DEBUG]  Q-Error was: 21.119987269009638
2025-04-22 15:31:04,990 [DEBUG]  Predicting cardinality for query 181: SELECT COUNT(*) FROM auction_verification WHERE f1 >= 2.0 AND f7 >= 0.0 AND f4 > 0.0;
2025-04-22 15:31:04,992 [DEBUG]  		Latency: 0.43ms
2025-04-22 15:31:04,992 [DEBUG]  		True: 386
2025-04-22 15:31:04,992 [DEBUG]  		Predicted: 404.2636896991953
2025-04-22 15:31:04,992 [DEBUG]  Q-Error was: 1.0473152582880707
2025-04-22 15:31:04,993 [DEBUG]  Predicting cardinality for query 182: SELECT COUNT(*) FROM auction_verification WHERE f1 >= 1.0;
2025-04-22 15:31:04,995 [DEBUG]  		Latency: 0.32ms
2025-04-22 15:31:04,995 [DEBUG]  		True: 1362
2025-04-22 15:31:04,995 [DEBUG]  		Predicted: 1362.0
2025-04-22 15:31:04,995 [DEBUG]  Q-Error was: 1.0
2025-04-22 15:31:04,995 [DEBUG]  Predicting cardinality for query 183: SELECT COUNT(*) FROM auction_verification WHERE f5 < 80.0 AND f9 <= 22142.437 AND f7 = 0.0;
2025-04-22 15:31:04,997 [DEBUG]  		Latency: 0.54ms
2025-04-22 15:31:04,997 [DEBUG]  		True: 1245
2025-04-22 15:31:04,998 [DEBUG]  		Predicted: 1148.0469656141327
2025-04-22 15:31:04,998 [DEBUG]  Q-Error was: 1.08445040777056
2025-04-22 15:31:04,998 [DEBUG]  Predicting cardinality for query 184: SELECT COUNT(*) FROM auction_verification WHERE f6 < 6.0 AND f1 > 0.0 AND f5 = 80.0;
2025-04-22 15:31:05,000 [DEBUG]  		Latency: 0.49ms
2025-04-22 15:31:05,000 [DEBUG]  		True: 122
2025-04-22 15:31:05,000 [DEBUG]  		Predicted: 117.77522086339259
2025-04-22 15:31:05,001 [DEBUG]  Q-Error was: 1.0358715450129168
2025-04-22 15:31:05,001 [DEBUG]  Predicting cardinality for query 185: SELECT COUNT(*) FROM auction_verification WHERE f7 <= 0.0 AND f2 <= 2.0 AND f3 < 1.0 AND f1 = 2.0;
2025-04-22 15:31:05,003 [DEBUG]  		Latency: 0.55ms
2025-04-22 15:31:05,003 [DEBUG]  		True: 0
2025-04-22 15:31:05,004 [DEBUG]  		Predicted: 1.0
2025-04-22 15:31:05,004 [DEBUG]  Q-Error was: 1.0
2025-04-22 15:31:05,004 [DEBUG]  Predicting cardinality for query 186: SELECT COUNT(*) FROM auction_verification WHERE f5 > 75.0 AND f8 = 0.0 AND f3 >= 2.0;
2025-04-22 15:31:05,006 [DEBUG]  		Latency: 0.43ms
2025-04-22 15:31:05,006 [DEBUG]  		True: 499
2025-04-22 15:31:05,006 [DEBUG]  		Predicted: 515.4347579182902
2025-04-22 15:31:05,006 [DEBUG]  Q-Error was: 1.0329353866097999
2025-04-22 15:31:05,006 [DEBUG]  Predicting cardinality for query 187: SELECT COUNT(*) FROM auction_verification WHERE f5 = 68.0 AND f4 = 0.0;
2025-04-22 15:31:05,009 [DEBUG]  		Latency: 0.35ms
2025-04-22 15:31:05,009 [DEBUG]  		True: 33
2025-04-22 15:31:05,009 [DEBUG]  		Predicted: 27.993656850228785
2025-04-22 15:31:05,009 [DEBUG]  Q-Error was: 1.1788384838949792
2025-04-22 15:31:05,009 [DEBUG]  Predicting cardinality for query 188: SELECT COUNT(*) FROM auction_verification WHERE f1 = 2.0 AND f4 = 0.0 AND f5 >= 78.0 AND f8 >= 0.0;
2025-04-22 15:31:05,012 [DEBUG]  		Latency: 0.52ms
2025-04-22 15:31:05,012 [DEBUG]  		True: 86
2025-04-22 15:31:05,012 [DEBUG]  		Predicted: 73.13017668776136
2025-04-22 15:31:05,012 [DEBUG]  Q-Error was: 1.1759851253633367
2025-04-22 15:31:05,012 [DEBUG]  Predicting cardinality for query 189: SELECT COUNT(*) FROM auction_verification WHERE f1 < 1.0;
2025-04-22 15:31:05,014 [DEBUG]  		Latency: 0.30ms
2025-04-22 15:31:05,014 [DEBUG]  		True: 681
2025-04-22 15:31:05,014 [DEBUG]  		Predicted: 681.0
2025-04-22 15:31:05,014 [DEBUG]  Q-Error was: 1.0
2025-04-22 15:31:05,014 [DEBUG]  Predicting cardinality for query 190: SELECT COUNT(*) FROM auction_verification WHERE f3 >= 2.0 AND f4 <= 1.0 AND f7 >= 0.0 AND f2 <= 2.0;
2025-04-22 15:31:05,017 [DEBUG]  		Latency: 0.49ms
2025-04-22 15:31:05,017 [DEBUG]  		True: 1144
2025-04-22 15:31:05,017 [DEBUG]  		Predicted: 1138.5260869565218
2025-04-22 15:31:05,017 [DEBUG]  Q-Error was: 1.0048078942645142
2025-04-22 15:31:05,017 [DEBUG]  Predicting cardinality for query 191: SELECT COUNT(*) FROM auction_verification WHERE f6 < 6.0 AND f8 >= 0.0 AND f2 < 3.0;
2025-04-22 15:31:05,020 [DEBUG]  		Latency: 0.53ms
2025-04-22 15:31:05,020 [DEBUG]  		True: 1050
2025-04-22 15:31:05,020 [DEBUG]  		Predicted: 1059.913043478261
2025-04-22 15:31:05,020 [DEBUG]  Q-Error was: 1.00944099378882
2025-04-22 15:31:05,020 [DEBUG]  Predicting cardinality for query 192: SELECT COUNT(*) FROM auction_verification WHERE f3 <= 2.0 AND f2 <= 3.0 AND f1 < 0.0 AND f7 <= 1.0 AND f9 > 6605.123;
2025-04-22 15:31:05,023 [DEBUG]  		Latency: 0.77ms
2025-04-22 15:31:05,023 [DEBUG]  		True: 0
2025-04-22 15:31:05,023 [DEBUG]  		Predicted: 1.0
2025-04-22 15:31:05,023 [DEBUG]  Q-Error was: 1.0
2025-04-22 15:31:05,023 [DEBUG]  Predicting cardinality for query 193: SELECT COUNT(*) FROM auction_verification WHERE f5 <= 84.0 AND f7 >= 0.0 AND f9 >= 1393.264;
2025-04-22 15:31:05,026 [DEBUG]  		Latency: 0.49ms
2025-04-22 15:31:05,026 [DEBUG]  		True: 876
2025-04-22 15:31:05,026 [DEBUG]  		Predicted: 912.2819875776503
2025-04-22 15:31:05,026 [DEBUG]  Q-Error was: 1.0414177940384135
2025-04-22 15:31:05,026 [DEBUG]  Predicting cardinality for query 194: SELECT COUNT(*) FROM auction_verification WHERE f6 < 5.0 AND f4 <= 1.0;
2025-04-22 15:31:05,028 [DEBUG]  		Latency: 0.42ms
2025-04-22 15:31:05,028 [DEBUG]  		True: 1433
2025-04-22 15:31:05,029 [DEBUG]  		Predicted: 1433.0
2025-04-22 15:31:05,029 [DEBUG]  Q-Error was: 1.0
2025-04-22 15:31:05,029 [DEBUG]  Predicting cardinality for query 195: SELECT COUNT(*) FROM auction_verification WHERE f5 < 64.0 AND f3 = 2.0;
2025-04-22 15:31:05,031 [DEBUG]  		Latency: 0.38ms
2025-04-22 15:31:05,031 [DEBUG]  		True: 333
2025-04-22 15:31:05,031 [DEBUG]  		Predicted: 358.74720496894406
2025-04-22 15:31:05,031 [DEBUG]  Q-Error was: 1.0773189338406728
2025-04-22 15:31:05,031 [DEBUG]  Predicting cardinality for query 196: SELECT COUNT(*) FROM auction_verification WHERE f4 = 1.0 AND f3 < 2.0 AND f1 >= 1.0;
2025-04-22 15:31:05,034 [DEBUG]  		Latency: 0.43ms
2025-04-22 15:31:05,034 [DEBUG]  		True: 0
2025-04-22 15:31:05,034 [DEBUG]  		Predicted: 78.82432930828288
2025-04-22 15:31:05,034 [DEBUG]  Q-Error was: 78.82432930828288
2025-04-22 15:31:05,034 [DEBUG]  Predicting cardinality for query 197: SELECT COUNT(*) FROM auction_verification WHERE f5 > 64.0 AND f7 > 0.0 AND f4 < 0.0 AND f6 >= 2.0;
2025-04-22 15:31:05,037 [DEBUG]  		Latency: 0.58ms
2025-04-22 15:31:05,037 [DEBUG]  		True: 0
2025-04-22 15:31:05,037 [DEBUG]  		Predicted: 1.0
2025-04-22 15:31:05,037 [DEBUG]  Q-Error was: 1.0
2025-04-22 15:31:05,037 [DEBUG]  Predicting cardinality for query 198: SELECT COUNT(*) FROM auction_verification WHERE f2 < 3.0 AND f7 > 0.0 AND f3 <= 2.0 AND f1 >= 2.0 AND f5 <= 67.0;
2025-04-22 15:31:05,040 [DEBUG]  		Latency: 0.58ms
2025-04-22 15:31:05,040 [DEBUG]  		True: 0
2025-04-22 15:31:05,040 [DEBUG]  		Predicted: 23.79336144118166
2025-04-22 15:31:05,040 [DEBUG]  Q-Error was: 23.79336144118166
2025-04-22 15:31:05,040 [DEBUG]  Predicting cardinality for query 199: SELECT COUNT(*) FROM auction_verification WHERE f7 >= 0.0 AND f3 <= 2.0 AND f5 > 66.0 AND f4 >= 1.0 AND f2 <= 3.0;
2025-04-22 15:31:05,043 [DEBUG]  		Latency: 0.58ms
2025-04-22 15:31:05,043 [DEBUG]  		True: 875
2025-04-22 15:31:05,043 [DEBUG]  		Predicted: 842.2579691018892
2025-04-22 15:31:05,043 [DEBUG]  Q-Error was: 1.0388741123257332
2025-04-22 15:31:05,043 [DEBUG]  Predicting cardinality for query 200: SELECT COUNT(*) FROM auction_verification WHERE f3 > 2.0;
2025-04-22 15:31:05,045 [DEBUG]  		Latency: 0.30ms
2025-04-22 15:31:05,045 [DEBUG]  		True: 0
2025-04-22 15:31:05,046 [DEBUG]  		Predicted: 1.0
2025-04-22 15:31:05,046 [DEBUG]  Q-Error was: 1.0
2025-04-22 15:31:05,046 [DEBUG]  Predicting cardinality for query 201: SELECT COUNT(*) FROM auction_verification WHERE f3 >= 2.0 AND f5 < 70.0 AND f6 <= 1.0;
2025-04-22 15:31:05,048 [DEBUG]  		Latency: 0.51ms
2025-04-22 15:31:05,048 [DEBUG]  		True: 158
2025-04-22 15:31:05,048 [DEBUG]  		Predicted: 168.33096715433007
2025-04-22 15:31:05,049 [DEBUG]  Q-Error was: 1.0653858680653803
2025-04-22 15:31:05,049 [DEBUG]  Predicting cardinality for query 202: SELECT COUNT(*) FROM auction_verification WHERE f6 > 5.0 AND f5 > 65.0;
2025-04-22 15:31:05,051 [DEBUG]  		Latency: 0.44ms
2025-04-22 15:31:05,051 [DEBUG]  		True: 222
2025-04-22 15:31:05,051 [DEBUG]  		Predicted: 264.7453416149068
2025-04-22 15:31:05,051 [DEBUG]  Q-Error was: 1.1925465838509315
2025-04-22 15:31:05,051 [DEBUG]  Predicting cardinality for query 203: SELECT COUNT(*) FROM auction_verification WHERE f5 > 80.0;
2025-04-22 15:31:05,053 [DEBUG]  		Latency: 0.29ms
2025-04-22 15:31:05,053 [DEBUG]  		True: 192
2025-04-22 15:31:05,053 [DEBUG]  		Predicted: 192.00000000000003
2025-04-22 15:31:05,053 [DEBUG]  Q-Error was: 1.0000000000000002
2025-04-22 15:31:05,053 [DEBUG]  Predicting cardinality for query 204: SELECT COUNT(*) FROM auction_verification WHERE f3 <= 2.0;
2025-04-22 15:31:05,055 [DEBUG]  		Latency: 0.06ms
2025-04-22 15:31:05,055 [DEBUG]  		True: 2043
2025-04-22 15:31:05,055 [DEBUG]  		Predicted: 2043.0
2025-04-22 15:31:05,055 [DEBUG]  Q-Error was: 1.0
2025-04-22 15:31:05,056 [INFO ]  [  3.35666584  11.59484896  19.86683721  21.11998727  22.43413204
  23.79336144  45.17435464  74.70314702  78.82432931 113.81961344]
2025-04-22 15:31:05,056 [INFO ]  Q-Error 50%-Percentile: 1.000 (vs. DeepDB: 1.3)
2025-04-22 15:31:05,056 [INFO ]  Q-Error 70%-Percentile: 1.047 (vs. DeepDB: 111)
2025-04-22 15:31:05,056 [INFO ]  Q-Error 90%-Percentile: 1.533 (vs. DeepDB: 3.46)
2025-04-22 15:31:05,057 [INFO ]  Q-Error 95%-Percentile: 2.822 (vs. DeepDB: 5.09)
2025-04-22 15:31:05,057 [INFO ]  Q-Error 99%-Percentile: 73.522 (vs. DeepDB: 111)
2025-04-22 15:31:05,057 [INFO ]  Q-Error 100%-Percentile: 113.820 (vs. DeepDB: 40.64)
2025-04-22 15:31:05,057 [INFO ]  Q-Mean wo inf 3.072 (vs. DeepDB: 2.76)
2025-04-22 15:31:05,057 [INFO ]  Latency avg: 0.467ms
2025-04-22 15:31:05,058 [INFO ]  Saving results to ./baselines/cardinality_estimation/results/deepDB/auction_verification_model_based_budget_5.csv
