2025-04-22 15:25:14,354 [INFO ]  maqp(evaluate_cardinalities: database_name=None, target_path=./baselines/cardinality_estimation/results/deepDB/auction_verification_model_based_budget_5.csv)
2025-04-22 15:25:14,402 [DEBUG]  Including SPN with table_set {'auction_verification'} with sampling ratio(2043 / 2043.0)
2025-04-22 15:25:14,402 [DEBUG]  Predicting cardinality for query 0: SELECT COUNT(*) FROM auction_verification WHERE f9 < 15294.303 AND f8 = 0.0 AND f4 = 1.0 AND f5 > 66.0;
2025-04-22 15:25:14,415 [DEBUG]  		Latency: 9.98ms
2025-04-22 15:25:14,415 [DEBUG]  		True: 553
2025-04-22 15:25:14,415 [DEBUG]  		Predicted: 567.9891661387035
2025-04-22 15:25:14,415 [DEBUG]  Q-Error was: 1.0271051828909648
2025-04-22 15:25:14,415 [DEBUG]  Predicting cardinality for query 1: SELECT COUNT(*) FROM auction_verification WHERE f5 > 84.0 AND f3 <= 2.0 AND f1 = 1.0 AND f9 < 23889.909;
2025-04-22 15:25:14,427 [DEBUG]  		Latency: 9.10ms
2025-04-22 15:25:14,427 [DEBUG]  		True: 68
2025-04-22 15:25:14,427 [DEBUG]  		Predicted: 66.6062052639955
2025-04-22 15:25:14,427 [DEBUG]  Q-Error was: 1.0209258991783146
2025-04-22 15:25:14,427 [DEBUG]  Predicting cardinality for query 2: SELECT COUNT(*) FROM auction_verification WHERE f1 = 1.0 AND f2 <= 1.0 AND f9 <= 1216.675 AND f7 < 0.0 AND f8 < 0.0;
2025-04-22 15:25:14,441 [DEBUG]  		Latency: 11.51ms
2025-04-22 15:25:14,441 [DEBUG]  		True: 0
2025-04-22 15:25:14,441 [DEBUG]  		Predicted: 1.0
2025-04-22 15:25:14,441 [DEBUG]  Q-Error was: 1.0
2025-04-22 15:25:14,441 [DEBUG]  Predicting cardinality for query 3: SELECT COUNT(*) FROM auction_verification WHERE f8 <= 0.0 AND f1 >= 2.0 AND f6 = 4.0;
2025-04-22 15:25:14,449 [DEBUG]  		Latency: 6.30ms
2025-04-22 15:25:14,450 [DEBUG]  		True: 54
2025-04-22 15:25:14,450 [DEBUG]  		Predicted: 46.66774905153908
2025-04-22 15:25:14,450 [DEBUG]  Q-Error was: 1.1571160190384007
2025-04-22 15:25:14,450 [DEBUG]  Predicting cardinality for query 4: SELECT COUNT(*) FROM auction_verification WHERE f5 < 70.0;
2025-04-22 15:25:14,455 [DEBUG]  		Latency: 3.85ms
2025-04-22 15:25:14,455 [DEBUG]  		True: 851
2025-04-22 15:25:14,455 [DEBUG]  		Predicted: 851.0000000000003
2025-04-22 15:25:14,456 [DEBUG]  Q-Error was: 1.0000000000000004
2025-04-22 15:25:14,456 [DEBUG]  Predicting cardinality for query 5: SELECT COUNT(*) FROM auction_verification WHERE f5 > 72.0 AND f1 <= 1.0 AND f8 > 0.0 AND f9 > 28461.327 AND f7 < 0.0;
2025-04-22 15:25:14,469 [DEBUG]  		Latency: 11.34ms
2025-04-22 15:25:14,469 [DEBUG]  		True: 0
2025-04-22 15:25:14,469 [DEBUG]  		Predicted: 1.0
2025-04-22 15:25:14,469 [DEBUG]  Q-Error was: 1.0
2025-04-22 15:25:14,470 [DEBUG]  Predicting cardinality for query 6: SELECT COUNT(*) FROM auction_verification WHERE f8 <= 0.0;
2025-04-22 15:25:14,473 [DEBUG]  		Latency: 2.01ms
2025-04-22 15:25:14,473 [DEBUG]  		True: 1781
2025-04-22 15:25:14,473 [DEBUG]  		Predicted: 1781.000000000001
2025-04-22 15:25:14,474 [DEBUG]  Q-Error was: 1.0000000000000004
2025-04-22 15:25:14,474 [DEBUG]  Predicting cardinality for query 7: SELECT COUNT(*) FROM auction_verification WHERE f2 >= 2.0 AND f4 >= 0.0 AND f7 > 0.0 AND f6 > 4.0;
2025-04-22 15:25:14,486 [DEBUG]  		Latency: 9.99ms
2025-04-22 15:25:14,486 [DEBUG]  		True: 76
2025-04-22 15:25:14,486 [DEBUG]  		Predicted: 74.43590881450822
2025-04-22 15:25:14,486 [DEBUG]  Q-Error was: 1.0210125893591149
2025-04-22 15:25:14,486 [DEBUG]  Predicting cardinality for query 8: SELECT COUNT(*) FROM auction_verification WHERE f4 > 0.0 AND f2 <= 3.0;
2025-04-22 15:25:14,494 [DEBUG]  		Latency: 5.66ms
2025-04-22 15:25:14,494 [DEBUG]  		True: 1201
2025-04-22 15:25:14,494 [DEBUG]  		Predicted: 1201.0000000000002
2025-04-22 15:25:14,494 [DEBUG]  Q-Error was: 1.0000000000000002
2025-04-22 15:25:14,494 [DEBUG]  Predicting cardinality for query 9: SELECT COUNT(*) FROM auction_verification WHERE f9 = 3397.538 AND f4 < 0.0;
2025-04-22 15:25:14,502 [DEBUG]  		Latency: 5.91ms
2025-04-22 15:25:14,502 [DEBUG]  		True: 0
2025-04-22 15:25:14,502 [DEBUG]  		Predicted: 1.0
2025-04-22 15:25:14,502 [DEBUG]  Q-Error was: 1.0
2025-04-22 15:25:14,502 [DEBUG]  Predicting cardinality for query 10: SELECT COUNT(*) FROM auction_verification WHERE f7 > 0.0 AND f2 = 2.0 AND f4 > 1.0 AND f9 < 678.755;
2025-04-22 15:25:14,515 [DEBUG]  		Latency: 10.58ms
2025-04-22 15:25:14,515 [DEBUG]  		True: 0
2025-04-22 15:25:14,515 [DEBUG]  		Predicted: 1.0
2025-04-22 15:25:14,515 [DEBUG]  Q-Error was: 1.0
2025-04-22 15:25:14,515 [DEBUG]  Predicting cardinality for query 11: SELECT COUNT(*) FROM auction_verification WHERE f2 >= 2.0 AND f1 = 0.0 AND f9 >= 1235.441 AND f7 > 0.0;
2025-04-22 15:25:14,528 [DEBUG]  		Latency: 10.45ms
2025-04-22 15:25:14,528 [DEBUG]  		True: 2
2025-04-22 15:25:14,528 [DEBUG]  		Predicted: 7.338231649581426
2025-04-22 15:25:14,528 [DEBUG]  Q-Error was: 3.669115824790713
2025-04-22 15:25:14,528 [DEBUG]  Predicting cardinality for query 12: SELECT COUNT(*) FROM auction_verification WHERE f2 = 2.0;
2025-04-22 15:25:14,534 [DEBUG]  		Latency: 4.07ms
2025-04-22 15:25:14,534 [DEBUG]  		True: 753
2025-04-22 15:25:14,534 [DEBUG]  		Predicted: 753.0000000000005
2025-04-22 15:25:14,534 [DEBUG]  Q-Error was: 1.0000000000000007
2025-04-22 15:25:14,534 [DEBUG]  Predicting cardinality for query 13: SELECT COUNT(*) FROM auction_verification WHERE f1 = 1.0 AND f6 < 4.0;
2025-04-22 15:25:14,541 [DEBUG]  		Latency: 5.12ms
2025-04-22 15:25:14,541 [DEBUG]  		True: 388
2025-04-22 15:25:14,541 [DEBUG]  		Predicted: 415.9450119539903
2025-04-22 15:25:14,541 [DEBUG]  Q-Error was: 1.0720232266855418
2025-04-22 15:25:14,541 [DEBUG]  Predicting cardinality for query 14: SELECT COUNT(*) FROM auction_verification WHERE f8 < 0.0 AND f3 < 2.0 AND f7 < 1.0 AND f4 < 0.0 AND f2 = 3.0;
2025-04-22 15:25:14,554 [DEBUG]  		Latency: 10.58ms
2025-04-22 15:25:14,555 [DEBUG]  		True: 0
2025-04-22 15:25:14,555 [DEBUG]  		Predicted: 1.0
2025-04-22 15:25:14,555 [DEBUG]  Q-Error was: 1.0
2025-04-22 15:25:14,555 [DEBUG]  Predicting cardinality for query 15: SELECT COUNT(*) FROM auction_verification WHERE f7 > 0.0 AND f8 > 0.0;
2025-04-22 15:25:14,562 [DEBUG]  		Latency: 4.97ms
2025-04-22 15:25:14,562 [DEBUG]  		True: 142
2025-04-22 15:25:14,562 [DEBUG]  		Predicted: 109.94584190319482
2025-04-22 15:25:14,562 [DEBUG]  Q-Error was: 1.2915449783451405
2025-04-22 15:25:14,562 [DEBUG]  Predicting cardinality for query 16: SELECT COUNT(*) FROM auction_verification WHERE f2 = 1.0;
2025-04-22 15:25:14,567 [DEBUG]  		Latency: 3.95ms
2025-04-22 15:25:14,568 [DEBUG]  		True: 513
2025-04-22 15:25:14,568 [DEBUG]  		Predicted: 513.0000000000002
2025-04-22 15:25:14,568 [DEBUG]  Q-Error was: 1.0000000000000004
2025-04-22 15:25:14,568 [DEBUG]  Predicting cardinality for query 17: SELECT COUNT(*) FROM auction_verification WHERE f4 = 1.0 AND f7 >= 0.0 AND f3 < 2.0;
2025-04-22 15:25:14,577 [DEBUG]  		Latency: 6.79ms
2025-04-22 15:25:14,577 [DEBUG]  		True: 165
2025-04-22 15:25:14,577 [DEBUG]  		Predicted: 156.28828915322725
2025-04-22 15:25:14,577 [DEBUG]  Q-Error was: 1.0557412899838685
2025-04-22 15:25:14,577 [DEBUG]  Predicting cardinality for query 18: SELECT COUNT(*) FROM auction_verification WHERE f3 <= 2.0;
2025-04-22 15:25:14,580 [DEBUG]  		Latency: 1.56ms
2025-04-22 15:25:14,580 [DEBUG]  		True: 2043
2025-04-22 15:25:14,580 [DEBUG]  		Predicted: 2043.0
2025-04-22 15:25:14,580 [DEBUG]  Q-Error was: 1.0
2025-04-22 15:25:14,580 [DEBUG]  Predicting cardinality for query 19: SELECT COUNT(*) FROM auction_verification WHERE f2 >= 1.0 AND f5 <= 72.0 AND f9 > 793.577 AND f7 < 0.0 AND f1 >= 1.0;
2025-04-22 15:25:14,595 [DEBUG]  		Latency: 12.22ms
2025-04-22 15:25:14,595 [DEBUG]  		True: 0
2025-04-22 15:25:14,595 [DEBUG]  		Predicted: 1.0
2025-04-22 15:25:14,595 [DEBUG]  Q-Error was: 1.0
2025-04-22 15:25:14,595 [DEBUG]  Predicting cardinality for query 20: SELECT COUNT(*) FROM auction_verification WHERE f3 = 2.0 AND f2 < 3.0 AND f9 > 15294.303 AND f8 <= 0.0 AND f4 >= 1.0;
2025-04-22 15:25:14,608 [DEBUG]  		Latency: 10.65ms
2025-04-22 15:25:14,608 [DEBUG]  		True: 161
2025-04-22 15:25:14,608 [DEBUG]  		Predicted: 156.5227761918164
2025-04-22 15:25:14,608 [DEBUG]  Q-Error was: 1.0286042959185493
2025-04-22 15:25:14,609 [DEBUG]  Predicting cardinality for query 21: SELECT COUNT(*) FROM auction_verification WHERE f1 > 2.0;
2025-04-22 15:25:14,613 [DEBUG]  		Latency: 2.97ms
2025-04-22 15:25:14,613 [DEBUG]  		True: 0
2025-04-22 15:25:14,613 [DEBUG]  		Predicted: 1.0
2025-04-22 15:25:14,613 [DEBUG]  Q-Error was: 1.0
2025-04-22 15:25:14,613 [DEBUG]  Predicting cardinality for query 22: SELECT COUNT(*) FROM auction_verification WHERE f2 > 1.0 AND f5 = 74.0 AND f3 > 2.0 AND f9 < 31239.981;
2025-04-22 15:25:14,625 [DEBUG]  		Latency: 9.70ms
2025-04-22 15:25:14,626 [DEBUG]  		True: 0
2025-04-22 15:25:14,626 [DEBUG]  		Predicted: 1.0
2025-04-22 15:25:14,626 [DEBUG]  Q-Error was: 1.0
2025-04-22 15:25:14,626 [DEBUG]  Predicting cardinality for query 23: SELECT COUNT(*) FROM auction_verification WHERE f6 > 4.0 AND f2 > 2.0 AND f9 = 7836.537;
2025-04-22 15:25:14,636 [DEBUG]  		Latency: 8.06ms
2025-04-22 15:25:14,636 [DEBUG]  		True: 0
2025-04-22 15:25:14,636 [DEBUG]  		Predicted: 1.0
2025-04-22 15:25:14,636 [DEBUG]  Q-Error was: 1.0
2025-04-22 15:25:14,636 [DEBUG]  Predicting cardinality for query 24: SELECT COUNT(*) FROM auction_verification WHERE f7 = 0.0;
2025-04-22 15:25:14,641 [DEBUG]  		Latency: 3.58ms
2025-04-22 15:25:14,641 [DEBUG]  		True: 1680
2025-04-22 15:25:14,642 [DEBUG]  		Predicted: 1680.0000000000005
2025-04-22 15:25:14,642 [DEBUG]  Q-Error was: 1.0000000000000002
2025-04-22 15:25:14,642 [DEBUG]  Predicting cardinality for query 25: SELECT COUNT(*) FROM auction_verification WHERE f2 > 1.0;
2025-04-22 15:25:14,647 [DEBUG]  		Latency: 3.85ms
2025-04-22 15:25:14,647 [DEBUG]  		True: 1506
2025-04-22 15:25:14,647 [DEBUG]  		Predicted: 1506.0000000000005
2025-04-22 15:25:14,647 [DEBUG]  Q-Error was: 1.0000000000000002
2025-04-22 15:25:14,648 [DEBUG]  Predicting cardinality for query 26: SELECT COUNT(*) FROM auction_verification WHERE f5 >= 72.0;
2025-04-22 15:25:14,653 [DEBUG]  		Latency: 3.63ms
2025-04-22 15:25:14,653 [DEBUG]  		True: 909
2025-04-22 15:25:14,653 [DEBUG]  		Predicted: 909.0000000000002
2025-04-22 15:25:14,653 [DEBUG]  Q-Error was: 1.0000000000000002
2025-04-22 15:25:14,653 [DEBUG]  Predicting cardinality for query 27: SELECT COUNT(*) FROM auction_verification WHERE f8 = 0.0 AND f9 > 8467.469 AND f4 = 1.0 AND f5 <= 62.0;
2025-04-22 15:25:14,665 [DEBUG]  		Latency: 9.28ms
2025-04-22 15:25:14,665 [DEBUG]  		True: 40
2025-04-22 15:25:14,665 [DEBUG]  		Predicted: 46.23087755038218
2025-04-22 15:25:14,665 [DEBUG]  Q-Error was: 1.1557719387595546
2025-04-22 15:25:14,665 [DEBUG]  Predicting cardinality for query 28: SELECT COUNT(*) FROM auction_verification WHERE f4 > 1.0;
2025-04-22 15:25:14,670 [DEBUG]  		Latency: 3.23ms
2025-04-22 15:25:14,670 [DEBUG]  		True: 0
2025-04-22 15:25:14,670 [DEBUG]  		Predicted: 1.0
2025-04-22 15:25:14,670 [DEBUG]  Q-Error was: 1.0
2025-04-22 15:25:14,670 [DEBUG]  Predicting cardinality for query 29: SELECT COUNT(*) FROM auction_verification WHERE f8 < 0.0 AND f5 = 81.0 AND f1 = 0.0 AND f3 >= 2.0;
2025-04-22 15:25:14,681 [DEBUG]  		Latency: 8.14ms
2025-04-22 15:25:14,681 [DEBUG]  		True: 0
2025-04-22 15:25:14,681 [DEBUG]  		Predicted: 1.0
2025-04-22 15:25:14,681 [DEBUG]  Q-Error was: 1.0
2025-04-22 15:25:14,681 [DEBUG]  Predicting cardinality for query 30: SELECT COUNT(*) FROM auction_verification WHERE f8 >= 1.0 AND f4 <= 0.0 AND f3 < 2.0 AND f9 < 1463.682;
2025-04-22 15:25:14,691 [DEBUG]  		Latency: 7.58ms
2025-04-22 15:25:14,691 [DEBUG]  		True: 16
2025-04-22 15:25:14,691 [DEBUG]  		Predicted: 21.010004155017505
2025-04-22 15:25:14,691 [DEBUG]  Q-Error was: 1.313125259688594
2025-04-22 15:25:14,691 [DEBUG]  Predicting cardinality for query 31: SELECT COUNT(*) FROM auction_verification WHERE f6 > 3.0 AND f4 >= 0.0 AND f2 > 1.0 AND f7 <= 0.0 AND f8 < 0.0;
2025-04-22 15:25:14,704 [DEBUG]  		Latency: 11.15ms
2025-04-22 15:25:14,705 [DEBUG]  		True: 0
2025-04-22 15:25:14,705 [DEBUG]  		Predicted: 1.0
2025-04-22 15:25:14,705 [DEBUG]  Q-Error was: 1.0
2025-04-22 15:25:14,705 [DEBUG]  Predicting cardinality for query 32: SELECT COUNT(*) FROM auction_verification WHERE f7 <= 1.0 AND f8 > 0.0 AND f6 >= 1.0 AND f3 > 2.0;
2025-04-22 15:25:14,714 [DEBUG]  		Latency: 7.45ms
2025-04-22 15:25:14,714 [DEBUG]  		True: 0
2025-04-22 15:25:14,715 [DEBUG]  		Predicted: 1.0
2025-04-22 15:25:14,715 [DEBUG]  Q-Error was: 1.0
2025-04-22 15:25:14,715 [DEBUG]  Predicting cardinality for query 33: SELECT COUNT(*) FROM auction_verification WHERE f6 > 5.0 AND f5 < 80.0 AND f9 <= 1559.639;
2025-04-22 15:25:14,724 [DEBUG]  		Latency: 7.76ms
2025-04-22 15:25:14,725 [DEBUG]  		True: 174
2025-04-22 15:25:14,725 [DEBUG]  		Predicted: 186.21163355907947
2025-04-22 15:25:14,725 [DEBUG]  Q-Error was: 1.070181802063675
2025-04-22 15:25:14,725 [DEBUG]  Predicting cardinality for query 34: SELECT COUNT(*) FROM auction_verification WHERE f1 < 1.0 AND f5 > 61.0;
2025-04-22 15:25:14,732 [DEBUG]  		Latency: 5.70ms
2025-04-22 15:25:14,732 [DEBUG]  		True: 531
2025-04-22 15:25:14,732 [DEBUG]  		Predicted: 539.7156130505203
2025-04-22 15:25:14,732 [DEBUG]  Q-Error was: 1.016413583899285
2025-04-22 15:25:14,733 [DEBUG]  Predicting cardinality for query 35: SELECT COUNT(*) FROM auction_verification WHERE f2 < 2.0 AND f6 >= 4.0 AND f1 > 0.0 AND f8 = 0.0;
2025-04-22 15:25:14,744 [DEBUG]  		Latency: 8.80ms
2025-04-22 15:25:14,744 [DEBUG]  		True: 140
2025-04-22 15:25:14,744 [DEBUG]  		Predicted: 136.1223480627875
2025-04-22 15:25:14,744 [DEBUG]  Q-Error was: 1.0284865196082564
2025-04-22 15:25:14,744 [DEBUG]  Predicting cardinality for query 36: SELECT COUNT(*) FROM auction_verification WHERE f3 >= 2.0;
2025-04-22 15:25:14,747 [DEBUG]  		Latency: 1.56ms
2025-04-22 15:25:14,747 [DEBUG]  		True: 1806
2025-04-22 15:25:14,747 [DEBUG]  		Predicted: 1806.0
2025-04-22 15:25:14,747 [DEBUG]  Q-Error was: 1.0
2025-04-22 15:25:14,747 [DEBUG]  Predicting cardinality for query 37: SELECT COUNT(*) FROM auction_verification WHERE f9 < 30216.603 AND f3 <= 2.0 AND f4 < 1.0;
2025-04-22 15:25:14,756 [DEBUG]  		Latency: 6.82ms
2025-04-22 15:25:14,756 [DEBUG]  		True: 822
2025-04-22 15:25:14,756 [DEBUG]  		Predicted: 822.1818181818186
2025-04-22 15:25:14,756 [DEBUG]  Q-Error was: 1.0002211900022124
2025-04-22 15:25:14,756 [DEBUG]  Predicting cardinality for query 38: SELECT COUNT(*) FROM auction_verification WHERE f8 = 0.0 AND f4 = 1.0 AND f6 <= 3.0 AND f1 < 1.0;
2025-04-22 15:25:14,767 [DEBUG]  		Latency: 8.42ms
2025-04-22 15:25:14,767 [DEBUG]  		True: 167
2025-04-22 15:25:14,767 [DEBUG]  		Predicted: 143.2974499923376
2025-04-22 15:25:14,767 [DEBUG]  Q-Error was: 1.165408037679176
2025-04-22 15:25:14,767 [DEBUG]  Predicting cardinality for query 39: SELECT COUNT(*) FROM auction_verification WHERE f2 < 2.0;
2025-04-22 15:25:14,773 [DEBUG]  		Latency: 3.86ms
2025-04-22 15:25:14,773 [DEBUG]  		True: 537
2025-04-22 15:25:14,773 [DEBUG]  		Predicted: 537.0000000000003
2025-04-22 15:25:14,773 [DEBUG]  Q-Error was: 1.0000000000000007
2025-04-22 15:25:14,773 [DEBUG]  Predicting cardinality for query 40: SELECT COUNT(*) FROM auction_verification WHERE f2 > 2.0 AND f5 = 70.0 AND f8 > 0.0 AND f3 >= 2.0;
2025-04-22 15:25:14,784 [DEBUG]  		Latency: 8.61ms
2025-04-22 15:25:14,784 [DEBUG]  		True: 20
2025-04-22 15:25:14,784 [DEBUG]  		Predicted: 10.918136459348425
2025-04-22 15:25:14,784 [DEBUG]  Q-Error was: 1.8318144377903813
2025-04-22 15:25:14,784 [DEBUG]  Predicting cardinality for query 41: SELECT COUNT(*) FROM auction_verification WHERE f7 <= 0.0 AND f5 < 60.0 AND f4 >= 1.0 AND f1 < 2.0 AND f2 < 3.0;
2025-04-22 15:25:14,798 [DEBUG]  		Latency: 11.85ms
2025-04-22 15:25:14,799 [DEBUG]  		True: 24
2025-04-22 15:25:14,799 [DEBUG]  		Predicted: 18.727402225476293
2025-04-22 15:25:14,799 [DEBUG]  Q-Error was: 1.281544536238507
2025-04-22 15:25:14,799 [DEBUG]  Predicting cardinality for query 42: SELECT COUNT(*) FROM auction_verification WHERE f9 <= 741.811 AND f8 = 0.0 AND f4 = 1.0 AND f5 < 80.0 AND f1 = 2.0;
2025-04-22 15:25:14,813 [DEBUG]  		Latency: 11.36ms
2025-04-22 15:25:14,813 [DEBUG]  		True: 0
2025-04-22 15:25:14,813 [DEBUG]  		Predicted: 11.451651609577683
2025-04-22 15:25:14,813 [DEBUG]  Q-Error was: 11.451651609577683
2025-04-22 15:25:14,813 [DEBUG]  Predicting cardinality for query 43: SELECT COUNT(*) FROM auction_verification WHERE f5 >= 67.0 AND f9 = 508.806 AND f6 >= 5.0 AND f4 <= 1.0 AND f8 <= 0.0;
2025-04-22 15:25:14,826 [DEBUG]  		Latency: 11.05ms
2025-04-22 15:25:14,826 [DEBUG]  		True: 0
2025-04-22 15:25:14,826 [DEBUG]  		Predicted: 1.0
2025-04-22 15:25:14,826 [DEBUG]  Q-Error was: 1.0
2025-04-22 15:25:14,826 [DEBUG]  Predicting cardinality for query 44: SELECT COUNT(*) FROM auction_verification WHERE f2 > 3.0 AND f1 <= 2.0 AND f5 = 78.0 AND f4 <= 0.0 AND f8 < 0.0;
2025-04-22 15:25:14,840 [DEBUG]  		Latency: 11.40ms
2025-04-22 15:25:14,840 [DEBUG]  		True: 0
2025-04-22 15:25:14,840 [DEBUG]  		Predicted: 1.0
2025-04-22 15:25:14,840 [DEBUG]  Q-Error was: 1.0
2025-04-22 15:25:14,840 [DEBUG]  Predicting cardinality for query 45: SELECT COUNT(*) FROM auction_verification WHERE f9 <= 3563.428;
2025-04-22 15:25:14,846 [DEBUG]  		Latency: 3.51ms
2025-04-22 15:25:14,846 [DEBUG]  		True: 1287
2025-04-22 15:25:14,846 [DEBUG]  		Predicted: 1287.0000000000002
2025-04-22 15:25:14,846 [DEBUG]  Q-Error was: 1.0000000000000002
2025-04-22 15:25:14,846 [DEBUG]  Predicting cardinality for query 46: SELECT COUNT(*) FROM auction_verification WHERE f5 >= 64.0 AND f4 <= 1.0 AND f8 >= 0.0 AND f7 < 0.0;
2025-04-22 15:25:14,857 [DEBUG]  		Latency: 9.23ms
2025-04-22 15:25:14,857 [DEBUG]  		True: 0
2025-04-22 15:25:14,857 [DEBUG]  		Predicted: 1.0
2025-04-22 15:25:14,858 [DEBUG]  Q-Error was: 1.0
2025-04-22 15:25:14,858 [DEBUG]  Predicting cardinality for query 47: SELECT COUNT(*) FROM auction_verification WHERE f1 > 0.0 AND f5 < 66.0 AND f2 > 2.0 AND f6 >= 6.0;
2025-04-22 15:25:14,869 [DEBUG]  		Latency: 9.68ms
2025-04-22 15:25:14,870 [DEBUG]  		True: 28
2025-04-22 15:25:14,870 [DEBUG]  		Predicted: 28.21798499638211
2025-04-22 15:25:14,870 [DEBUG]  Q-Error was: 1.0077851784422183
2025-04-22 15:25:14,870 [DEBUG]  Predicting cardinality for query 48: SELECT COUNT(*) FROM auction_verification WHERE f6 > 4.0 AND f4 = 1.0 AND f5 = 64.0;
2025-04-22 15:25:14,880 [DEBUG]  		Latency: 7.83ms
2025-04-22 15:25:14,880 [DEBUG]  		True: 6
2025-04-22 15:25:14,880 [DEBUG]  		Predicted: 9.862106067431787
2025-04-22 15:25:14,880 [DEBUG]  Q-Error was: 1.6436843445719644
2025-04-22 15:25:14,880 [DEBUG]  Predicting cardinality for query 49: SELECT COUNT(*) FROM auction_verification WHERE f5 <= 60.0 AND f4 <= 1.0 AND f6 = 5.0 AND f9 = 546.819 AND f8 = 0.0;
2025-04-22 15:25:14,893 [DEBUG]  		Latency: 11.23ms
2025-04-22 15:25:14,894 [DEBUG]  		True: 0
2025-04-22 15:25:14,894 [DEBUG]  		Predicted: 1.0
2025-04-22 15:25:14,894 [DEBUG]  Q-Error was: 1.0
2025-04-22 15:25:14,894 [DEBUG]  Predicting cardinality for query 50: SELECT COUNT(*) FROM auction_verification WHERE f9 = 10022.609 AND f4 < 1.0;
2025-04-22 15:25:14,902 [DEBUG]  		Latency: 6.28ms
2025-04-22 15:25:14,902 [DEBUG]  		True: 0
2025-04-22 15:25:14,902 [DEBUG]  		Predicted: 1.0
2025-04-22 15:25:14,902 [DEBUG]  Q-Error was: 1.0
2025-04-22 15:25:14,902 [DEBUG]  Predicting cardinality for query 51: SELECT COUNT(*) FROM auction_verification WHERE f6 = 3.0 AND f3 < 2.0;
2025-04-22 15:25:14,908 [DEBUG]  		Latency: 4.27ms
2025-04-22 15:25:14,908 [DEBUG]  		True: 23
2025-04-22 15:25:14,909 [DEBUG]  		Predicted: 29.20521714267845
2025-04-22 15:25:14,909 [DEBUG]  Q-Error was: 1.2697920496816717
2025-04-22 15:25:14,909 [DEBUG]  Predicting cardinality for query 52: SELECT COUNT(*) FROM auction_verification WHERE f4 < 0.0 AND f2 > 1.0;
2025-04-22 15:25:14,917 [DEBUG]  		Latency: 6.10ms
2025-04-22 15:25:14,917 [DEBUG]  		True: 0
2025-04-22 15:25:14,917 [DEBUG]  		Predicted: 1.0
2025-04-22 15:25:14,917 [DEBUG]  Q-Error was: 1.0
2025-04-22 15:25:14,917 [DEBUG]  Predicting cardinality for query 53: SELECT COUNT(*) FROM auction_verification WHERE f7 = 0.0 AND f2 < 3.0 AND f4 <= 0.0;
2025-04-22 15:25:14,928 [DEBUG]  		Latency: 8.54ms
2025-04-22 15:25:14,928 [DEBUG]  		True: 440
2025-04-22 15:25:14,928 [DEBUG]  		Predicted: 427.04289068557745
2025-04-22 15:25:14,928 [DEBUG]  Q-Error was: 1.0303414706040912
2025-04-22 15:25:14,928 [DEBUG]  Predicting cardinality for query 54: SELECT COUNT(*) FROM auction_verification WHERE f2 = 2.0;
2025-04-22 15:25:14,930 [DEBUG]  		Latency: 0.05ms
2025-04-22 15:25:14,930 [DEBUG]  		True: 753
2025-04-22 15:25:14,930 [DEBUG]  		Predicted: 753.0000000000005
2025-04-22 15:25:14,930 [DEBUG]  Q-Error was: 1.0000000000000007
2025-04-22 15:25:14,930 [DEBUG]  Predicting cardinality for query 55: SELECT COUNT(*) FROM auction_verification WHERE f6 >= 4.0 AND f2 < 3.0 AND f9 <= 408.725;
2025-04-22 15:25:14,940 [DEBUG]  		Latency: 7.89ms
2025-04-22 15:25:14,940 [DEBUG]  		True: 92
2025-04-22 15:25:14,940 [DEBUG]  		Predicted: 92.54530469530467
2025-04-22 15:25:14,940 [DEBUG]  Q-Error was: 1.0059272249489637
2025-04-22 15:25:14,940 [DEBUG]  Predicting cardinality for query 56: SELECT COUNT(*) FROM auction_verification WHERE f1 = 0.0;
2025-04-22 15:25:14,945 [DEBUG]  		Latency: 2.90ms
2025-04-22 15:25:14,945 [DEBUG]  		True: 681
2025-04-22 15:25:14,945 [DEBUG]  		Predicted: 680.9999999999999
2025-04-22 15:25:14,945 [DEBUG]  Q-Error was: 1.0000000000000002
2025-04-22 15:25:14,945 [DEBUG]  Predicting cardinality for query 57: SELECT COUNT(*) FROM auction_verification WHERE f9 < 451.098 AND f8 < 0.0 AND f2 > 2.0 AND f7 > 0.0 AND f6 <= 2.0;
2025-04-22 15:25:14,959 [DEBUG]  		Latency: 11.50ms
2025-04-22 15:25:14,959 [DEBUG]  		True: 0
2025-04-22 15:25:14,959 [DEBUG]  		Predicted: 1.0
2025-04-22 15:25:14,959 [DEBUG]  Q-Error was: 1.0
2025-04-22 15:25:14,959 [DEBUG]  Predicting cardinality for query 58: SELECT COUNT(*) FROM auction_verification WHERE f2 <= 2.0;
2025-04-22 15:25:14,964 [DEBUG]  		Latency: 3.60ms
2025-04-22 15:25:14,965 [DEBUG]  		True: 1290
2025-04-22 15:25:14,965 [DEBUG]  		Predicted: 1290.0
2025-04-22 15:25:14,965 [DEBUG]  Q-Error was: 1.0
2025-04-22 15:25:14,965 [DEBUG]  Predicting cardinality for query 59: SELECT COUNT(*) FROM auction_verification WHERE f7 >= 0.0 AND f6 > 1.0 AND f4 < 0.0 AND f2 <= 2.0;
2025-04-22 15:25:14,977 [DEBUG]  		Latency: 9.81ms
2025-04-22 15:25:14,977 [DEBUG]  		True: 0
2025-04-22 15:25:14,977 [DEBUG]  		Predicted: 1.0
2025-04-22 15:25:14,977 [DEBUG]  Q-Error was: 1.0
2025-04-22 15:25:14,977 [DEBUG]  Predicting cardinality for query 60: SELECT COUNT(*) FROM auction_verification WHERE f6 < 5.0 AND f7 = 0.0 AND f2 >= 1.0;
2025-04-22 15:25:14,987 [DEBUG]  		Latency: 8.04ms
2025-04-22 15:25:14,987 [DEBUG]  		True: 1178
2025-04-22 15:25:14,987 [DEBUG]  		Predicted: 1172.4279197828264
2025-04-22 15:25:14,987 [DEBUG]  Q-Error was: 1.0047525993906778
2025-04-22 15:25:14,987 [DEBUG]  Predicting cardinality for query 61: SELECT COUNT(*) FROM auction_verification WHERE f7 = 0.0;
2025-04-22 15:25:14,989 [DEBUG]  		Latency: 0.06ms
2025-04-22 15:25:14,989 [DEBUG]  		True: 1680
2025-04-22 15:25:14,989 [DEBUG]  		Predicted: 1680.0000000000005
2025-04-22 15:25:14,989 [DEBUG]  Q-Error was: 1.0000000000000002
2025-04-22 15:25:14,989 [DEBUG]  Predicting cardinality for query 62: SELECT COUNT(*) FROM auction_verification WHERE f9 >= 926.987 AND f6 < 1.0;
2025-04-22 15:25:14,997 [DEBUG]  		Latency: 5.57ms
2025-04-22 15:25:14,997 [DEBUG]  		True: 0
2025-04-22 15:25:14,998 [DEBUG]  		Predicted: 1.0
2025-04-22 15:25:14,998 [DEBUG]  Q-Error was: 1.0
2025-04-22 15:25:14,998 [DEBUG]  Predicting cardinality for query 63: SELECT COUNT(*) FROM auction_verification WHERE f3 <= 2.0 AND f6 <= 2.0 AND f5 < 67.0 AND f8 >= 0.0;
2025-04-22 15:25:15,008 [DEBUG]  		Latency: 7.90ms
2025-04-22 15:25:15,008 [DEBUG]  		True: 304
2025-04-22 15:25:15,008 [DEBUG]  		Predicted: 290.3860968323042
2025-04-22 15:25:15,008 [DEBUG]  Q-Error was: 1.0468820763673052
2025-04-22 15:25:15,008 [DEBUG]  Predicting cardinality for query 64: SELECT COUNT(*) FROM auction_verification WHERE f8 = 0.0 AND f2 < 1.0 AND f1 >= 1.0;
2025-04-22 15:25:15,017 [DEBUG]  		Latency: 6.99ms
2025-04-22 15:25:15,017 [DEBUG]  		True: 0
2025-04-22 15:25:15,017 [DEBUG]  		Predicted: 1.0
2025-04-22 15:25:15,017 [DEBUG]  Q-Error was: 1.0
2025-04-22 15:25:15,017 [DEBUG]  Predicting cardinality for query 65: SELECT COUNT(*) FROM auction_verification WHERE f4 = 0.0 AND f7 <= 0.0 AND f5 <= 76.0;
2025-04-22 15:25:15,027 [DEBUG]  		Latency: 7.93ms
2025-04-22 15:25:15,027 [DEBUG]  		True: 578
2025-04-22 15:25:15,027 [DEBUG]  		Predicted: 518.3726319177277
2025-04-22 15:25:15,027 [DEBUG]  Q-Error was: 1.1150280018867507
2025-04-22 15:25:15,028 [DEBUG]  Predicting cardinality for query 66: SELECT COUNT(*) FROM auction_verification WHERE f2 > 3.0 AND f7 = 0.0;
2025-04-22 15:25:15,036 [DEBUG]  		Latency: 6.33ms
2025-04-22 15:25:15,036 [DEBUG]  		True: 0
2025-04-22 15:25:15,036 [DEBUG]  		Predicted: 1.0
2025-04-22 15:25:15,036 [DEBUG]  Q-Error was: 1.0
2025-04-22 15:25:15,036 [DEBUG]  Predicting cardinality for query 67: SELECT COUNT(*) FROM auction_verification WHERE f4 <= 0.0;
2025-04-22 15:25:15,041 [DEBUG]  		Latency: 3.13ms
2025-04-22 15:25:15,041 [DEBUG]  		True: 842
2025-04-22 15:25:15,041 [DEBUG]  		Predicted: 842.0000000000002
2025-04-22 15:25:15,041 [DEBUG]  Q-Error was: 1.0000000000000002
2025-04-22 15:25:15,041 [DEBUG]  Predicting cardinality for query 68: SELECT COUNT(*) FROM auction_verification WHERE f9 <= 22142.437 AND f1 > 0.0 AND f7 >= 0.0 AND f2 >= 2.0;
2025-04-22 15:25:15,053 [DEBUG]  		Latency: 9.82ms
2025-04-22 15:25:15,053 [DEBUG]  		True: 865
2025-04-22 15:25:15,053 [DEBUG]  		Predicted: 852.5219836965582
2025-04-22 15:25:15,053 [DEBUG]  Q-Error was: 1.0146365918323148
2025-04-22 15:25:15,053 [DEBUG]  Predicting cardinality for query 69: SELECT COUNT(*) FROM auction_verification WHERE f9 <= 20531.248 AND f7 > 2.0 AND f5 = 78.0 AND f8 > 1.0 AND f1 < 1.0;
2025-04-22 15:25:15,067 [DEBUG]  		Latency: 11.78ms
2025-04-22 15:25:15,068 [DEBUG]  		True: 0
2025-04-22 15:25:15,068 [DEBUG]  		Predicted: 1.0
2025-04-22 15:25:15,068 [DEBUG]  Q-Error was: 1.0
2025-04-22 15:25:15,068 [DEBUG]  Predicting cardinality for query 70: SELECT COUNT(*) FROM auction_verification WHERE f8 = 0.0 AND f3 > 2.0 AND f7 <= 0.0 AND f4 >= 1.0;
2025-04-22 15:25:15,084 [DEBUG]  		Latency: 14.30ms
2025-04-22 15:25:15,084 [DEBUG]  		True: 0
2025-04-22 15:25:15,084 [DEBUG]  		Predicted: 1.0
2025-04-22 15:25:15,085 [DEBUG]  Q-Error was: 1.0
2025-04-22 15:25:15,085 [DEBUG]  Predicting cardinality for query 71: SELECT COUNT(*) FROM auction_verification WHERE f7 >= 0.0 AND f5 >= 78.0 AND f3 >= 2.0 AND f8 > 0.0 AND f9 = 793.577;
2025-04-22 15:25:15,098 [DEBUG]  		Latency: 10.84ms
2025-04-22 15:25:15,098 [DEBUG]  		True: 0
2025-04-22 15:25:15,098 [DEBUG]  		Predicted: 1.0
2025-04-22 15:25:15,098 [DEBUG]  Q-Error was: 1.0
2025-04-22 15:25:15,098 [DEBUG]  Predicting cardinality for query 72: SELECT COUNT(*) FROM auction_verification WHERE f3 <= 2.0;
2025-04-22 15:25:15,100 [DEBUG]  		Latency: 0.05ms
2025-04-22 15:25:15,100 [DEBUG]  		True: 2043
2025-04-22 15:25:15,100 [DEBUG]  		Predicted: 2043.0
2025-04-22 15:25:15,100 [DEBUG]  Q-Error was: 1.0
2025-04-22 15:25:15,100 [DEBUG]  Predicting cardinality for query 73: SELECT COUNT(*) FROM auction_verification WHERE f6 > 3.0;
2025-04-22 15:25:15,105 [DEBUG]  		Latency: 3.15ms
2025-04-22 15:25:15,105 [DEBUG]  		True: 898
2025-04-22 15:25:15,105 [DEBUG]  		Predicted: 898.0000000000001
2025-04-22 15:25:15,105 [DEBUG]  Q-Error was: 1.0000000000000002
2025-04-22 15:25:15,105 [DEBUG]  Predicting cardinality for query 74: SELECT COUNT(*) FROM auction_verification WHERE f6 >= 4.0 AND f2 > 2.0 AND f7 > 0.0 AND f8 < 0.0 AND f4 = 0.0;
2025-04-22 15:25:15,119 [DEBUG]  		Latency: 11.86ms
2025-04-22 15:25:15,119 [DEBUG]  		True: 0
2025-04-22 15:25:15,120 [DEBUG]  		Predicted: 1.0
2025-04-22 15:25:15,120 [DEBUG]  Q-Error was: 1.0
2025-04-22 15:25:15,120 [DEBUG]  Predicting cardinality for query 75: SELECT COUNT(*) FROM auction_verification WHERE f1 <= 2.0;
2025-04-22 15:25:15,124 [DEBUG]  		Latency: 2.95ms
2025-04-22 15:25:15,124 [DEBUG]  		True: 2043
2025-04-22 15:25:15,125 [DEBUG]  		Predicted: 2043.0
2025-04-22 15:25:15,125 [DEBUG]  Q-Error was: 1.0
2025-04-22 15:25:15,125 [DEBUG]  Predicting cardinality for query 76: SELECT COUNT(*) FROM auction_verification WHERE f2 = 2.0 AND f4 > 0.0 AND f7 <= 0.0 AND f1 <= 0.0;
2025-04-22 15:25:15,137 [DEBUG]  		Latency: 10.05ms
2025-04-22 15:25:15,137 [DEBUG]  		True: 102
2025-04-22 15:25:15,137 [DEBUG]  		Predicted: 102.44719046603991
2025-04-22 15:25:15,137 [DEBUG]  Q-Error was: 1.0043842202552933
2025-04-22 15:25:15,137 [DEBUG]  Predicting cardinality for query 77: SELECT COUNT(*) FROM auction_verification WHERE f5 < 77.0 AND f7 < 0.0 AND f3 <= 2.0 AND f6 = 1.0;
2025-04-22 15:25:15,149 [DEBUG]  		Latency: 9.71ms
2025-04-22 15:25:15,149 [DEBUG]  		True: 0
2025-04-22 15:25:15,149 [DEBUG]  		Predicted: 1.0
2025-04-22 15:25:15,150 [DEBUG]  Q-Error was: 1.0
2025-04-22 15:25:15,150 [DEBUG]  Predicting cardinality for query 78: SELECT COUNT(*) FROM auction_verification WHERE f9 = 1001.447 AND f6 = 6.0 AND f3 = 2.0;
2025-04-22 15:25:15,160 [DEBUG]  		Latency: 6.84ms
2025-04-22 15:25:15,160 [DEBUG]  		True: 0
2025-04-22 15:25:15,160 [DEBUG]  		Predicted: 1.0
2025-04-22 15:25:15,160 [DEBUG]  Q-Error was: 1.0
2025-04-22 15:25:15,160 [DEBUG]  Predicting cardinality for query 79: SELECT COUNT(*) FROM auction_verification WHERE f5 < 66.0 AND f4 < 1.0;
2025-04-22 15:25:15,168 [DEBUG]  		Latency: 5.97ms
2025-04-22 15:25:15,168 [DEBUG]  		True: 251
2025-04-22 15:25:15,168 [DEBUG]  		Predicted: 225.7037414554829
2025-04-22 15:25:15,168 [DEBUG]  Q-Error was: 1.1120772672237975
2025-04-22 15:25:15,168 [DEBUG]  Predicting cardinality for query 80: SELECT COUNT(*) FROM auction_verification WHERE f1 >= 0.0;
2025-04-22 15:25:15,173 [DEBUG]  		Latency: 2.88ms
2025-04-22 15:25:15,173 [DEBUG]  		True: 2043
2025-04-22 15:25:15,173 [DEBUG]  		Predicted: 2043.0
2025-04-22 15:25:15,173 [DEBUG]  Q-Error was: 1.0
2025-04-22 15:25:15,173 [DEBUG]  Predicting cardinality for query 81: SELECT COUNT(*) FROM auction_verification WHERE f7 > 0.0 AND f1 = 0.0 AND f5 > 69.0;
2025-04-22 15:25:15,183 [DEBUG]  		Latency: 8.20ms
2025-04-22 15:25:15,184 [DEBUG]  		True: 121
2025-04-22 15:25:15,184 [DEBUG]  		Predicted: 86.68550217006303
2025-04-22 15:25:15,184 [DEBUG]  Q-Error was: 1.3958504821557984
2025-04-22 15:25:15,184 [DEBUG]  Predicting cardinality for query 82: SELECT COUNT(*) FROM auction_verification WHERE f3 < 2.0;
2025-04-22 15:25:15,187 [DEBUG]  		Latency: 1.59ms
2025-04-22 15:25:15,187 [DEBUG]  		True: 237
2025-04-22 15:25:15,187 [DEBUG]  		Predicted: 236.99999999999994
2025-04-22 15:25:15,187 [DEBUG]  Q-Error was: 1.0000000000000002
2025-04-22 15:25:15,187 [DEBUG]  Predicting cardinality for query 83: SELECT COUNT(*) FROM auction_verification WHERE f8 >= 0.0 AND f9 <= 1258.023 AND f3 > 2.0;
2025-04-22 15:25:15,195 [DEBUG]  		Latency: 5.95ms
2025-04-22 15:25:15,195 [DEBUG]  		True: 0
2025-04-22 15:25:15,195 [DEBUG]  		Predicted: 1.0
2025-04-22 15:25:15,195 [DEBUG]  Q-Error was: 1.0
2025-04-22 15:25:15,195 [DEBUG]  Predicting cardinality for query 84: SELECT COUNT(*) FROM auction_verification WHERE f8 < 0.0;
2025-04-22 15:25:15,199 [DEBUG]  		Latency: 2.12ms
2025-04-22 15:25:15,199 [DEBUG]  		True: 0
2025-04-22 15:25:15,199 [DEBUG]  		Predicted: 1.0
2025-04-22 15:25:15,200 [DEBUG]  Q-Error was: 1.0
2025-04-22 15:25:15,200 [DEBUG]  Predicting cardinality for query 85: SELECT COUNT(*) FROM auction_verification WHERE f7 < 0.0 AND f5 = 80.0 AND f4 >= 1.0 AND f2 < 3.0;
2025-04-22 15:25:15,212 [DEBUG]  		Latency: 10.68ms
2025-04-22 15:25:15,213 [DEBUG]  		True: 0
2025-04-22 15:25:15,213 [DEBUG]  		Predicted: 1.0
2025-04-22 15:25:15,213 [DEBUG]  Q-Error was: 1.0
2025-04-22 15:25:15,213 [DEBUG]  Predicting cardinality for query 86: SELECT COUNT(*) FROM auction_verification WHERE f6 = 1.0 AND f2 <= 1.0 AND f4 = 1.0 AND f3 <= 2.0;
2025-04-22 15:25:15,223 [DEBUG]  		Latency: 8.48ms
2025-04-22 15:25:15,223 [DEBUG]  		True: 34
2025-04-22 15:25:15,224 [DEBUG]  		Predicted: 35.16453591781191
2025-04-22 15:25:15,224 [DEBUG]  Q-Error was: 1.0342510564062326
2025-04-22 15:25:15,224 [DEBUG]  Predicting cardinality for query 87: SELECT COUNT(*) FROM auction_verification WHERE f1 = 0.0 AND f2 >= 1.0 AND f3 >= 2.0;
2025-04-22 15:25:15,232 [DEBUG]  		Latency: 6.65ms
2025-04-22 15:25:15,232 [DEBUG]  		True: 420
2025-04-22 15:25:15,232 [DEBUG]  		Predicted: 449.82242618102106
2025-04-22 15:25:15,233 [DEBUG]  Q-Error was: 1.0710057766214787
2025-04-22 15:25:15,233 [DEBUG]  Predicting cardinality for query 88: SELECT COUNT(*) FROM auction_verification WHERE f3 >= 2.0 AND f4 > 1.0 AND f9 <= 1216.675;
2025-04-22 15:25:15,241 [DEBUG]  		Latency: 6.49ms
2025-04-22 15:25:15,241 [DEBUG]  		True: 0
2025-04-22 15:25:15,241 [DEBUG]  		Predicted: 1.0
2025-04-22 15:25:15,241 [DEBUG]  Q-Error was: 1.0
2025-04-22 15:25:15,241 [DEBUG]  Predicting cardinality for query 89: SELECT COUNT(*) FROM auction_verification WHERE f5 < 70.0 AND f8 = 0.0 AND f9 > 793.577 AND f3 >= 2.0 AND f4 >= 0.0;
2025-04-22 15:25:15,254 [DEBUG]  		Latency: 10.60ms
2025-04-22 15:25:15,255 [DEBUG]  		True: 498
2025-04-22 15:25:15,255 [DEBUG]  		Predicted: 489.58184962406017
2025-04-22 15:25:15,255 [DEBUG]  Q-Error was: 1.0171945720259115
2025-04-22 15:25:15,255 [DEBUG]  Predicting cardinality for query 90: SELECT COUNT(*) FROM auction_verification WHERE f7 <= 0.0 AND f4 < 1.0 AND f6 = 5.0 AND f5 < 66.0;
2025-04-22 15:25:15,267 [DEBUG]  		Latency: 9.62ms
2025-04-22 15:25:15,267 [DEBUG]  		True: 0
2025-04-22 15:25:15,267 [DEBUG]  		Predicted: 2.3388629127191907
2025-04-22 15:25:15,267 [DEBUG]  Q-Error was: 2.3388629127191907
2025-04-22 15:25:15,267 [DEBUG]  Predicting cardinality for query 91: SELECT COUNT(*) FROM auction_verification WHERE f8 > 0.0;
2025-04-22 15:25:15,271 [DEBUG]  		Latency: 2.24ms
2025-04-22 15:25:15,271 [DEBUG]  		True: 262
2025-04-22 15:25:15,271 [DEBUG]  		Predicted: 262.0
2025-04-22 15:25:15,271 [DEBUG]  Q-Error was: 1.0
2025-04-22 15:25:15,271 [DEBUG]  Predicting cardinality for query 92: SELECT COUNT(*) FROM auction_verification WHERE f9 < 10022.609 AND f1 >= 2.0;
2025-04-22 15:25:15,278 [DEBUG]  		Latency: 5.33ms
2025-04-22 15:25:15,278 [DEBUG]  		True: 415
2025-04-22 15:25:15,278 [DEBUG]  		Predicted: 415.6500000000004
2025-04-22 15:25:15,278 [DEBUG]  Q-Error was: 1.001566265060242
2025-04-22 15:25:15,278 [DEBUG]  Predicting cardinality for query 93: SELECT COUNT(*) FROM auction_verification WHERE f7 = 0.0;
2025-04-22 15:25:15,280 [DEBUG]  		Latency: 0.05ms
2025-04-22 15:25:15,280 [DEBUG]  		True: 1680
2025-04-22 15:25:15,280 [DEBUG]  		Predicted: 1680.0000000000005
2025-04-22 15:25:15,280 [DEBUG]  Q-Error was: 1.0000000000000002
2025-04-22 15:25:15,280 [DEBUG]  Predicting cardinality for query 94: SELECT COUNT(*) FROM auction_verification WHERE f5 >= 63.0 AND f2 > 1.0 AND f3 < 2.0 AND f1 <= 0.0 AND f7 < 0.0;
2025-04-22 15:25:15,294 [DEBUG]  		Latency: 10.98ms
2025-04-22 15:25:15,294 [DEBUG]  		True: 0
2025-04-22 15:25:15,294 [DEBUG]  		Predicted: 1.0
2025-04-22 15:25:15,294 [DEBUG]  Q-Error was: 1.0
2025-04-22 15:25:15,294 [DEBUG]  Predicting cardinality for query 95: SELECT COUNT(*) FROM auction_verification WHERE f9 >= 1521.694 AND f6 >= 3.0 AND f7 < 3.0 AND f4 <= 1.0;
2025-04-22 15:25:15,306 [DEBUG]  		Latency: 9.45ms
2025-04-22 15:25:15,306 [DEBUG]  		True: 313
2025-04-22 15:25:15,306 [DEBUG]  		Predicted: 316.6962384953983
2025-04-22 15:25:15,306 [DEBUG]  Q-Error was: 1.011809068675394
2025-04-22 15:25:15,306 [DEBUG]  Predicting cardinality for query 96: SELECT COUNT(*) FROM auction_verification WHERE f2 <= 1.0 AND f1 <= 0.0 AND f4 > 1.0 AND f6 >= 5.0 AND f3 > 2.0;
2025-04-22 15:25:15,318 [DEBUG]  		Latency: 9.90ms
2025-04-22 15:25:15,318 [DEBUG]  		True: 0
2025-04-22 15:25:15,318 [DEBUG]  		Predicted: 1.0
2025-04-22 15:25:15,318 [DEBUG]  Q-Error was: 1.0
2025-04-22 15:25:15,318 [DEBUG]  Predicting cardinality for query 97: SELECT COUNT(*) FROM auction_verification WHERE f7 < 0.0;
2025-04-22 15:25:15,324 [DEBUG]  		Latency: 3.47ms
2025-04-22 15:25:15,324 [DEBUG]  		True: 0
2025-04-22 15:25:15,324 [DEBUG]  		Predicted: 1.0
2025-04-22 15:25:15,324 [DEBUG]  Q-Error was: 1.0
2025-04-22 15:25:15,324 [DEBUG]  Predicting cardinality for query 98: SELECT COUNT(*) FROM auction_verification WHERE f3 < 2.0 AND f7 < 0.0;
2025-04-22 15:25:15,330 [DEBUG]  		Latency: 4.54ms
2025-04-22 15:25:15,330 [DEBUG]  		True: 0
2025-04-22 15:25:15,330 [DEBUG]  		Predicted: 1.0
2025-04-22 15:25:15,330 [DEBUG]  Q-Error was: 1.0
2025-04-22 15:25:15,330 [DEBUG]  Predicting cardinality for query 99: SELECT COUNT(*) FROM auction_verification WHERE f7 >= 0.0 AND f5 >= 63.0 AND f3 < 2.0 AND f1 > 0.0;
2025-04-22 15:25:15,341 [DEBUG]  		Latency: 8.79ms
2025-04-22 15:25:15,342 [DEBUG]  		True: 0
2025-04-22 15:25:15,342 [DEBUG]  		Predicted: 22.206680717427222
2025-04-22 15:25:15,342 [DEBUG]  Q-Error was: 22.206680717427222
2025-04-22 15:25:15,342 [DEBUG]  Predicting cardinality for query 100: SELECT COUNT(*) FROM auction_verification WHERE f1 > 1.0 AND f8 < 0.0 AND f7 < 0.0 AND f9 < 15294.303;
2025-04-22 15:25:15,353 [DEBUG]  		Latency: 9.07ms
2025-04-22 15:25:15,353 [DEBUG]  		True: 0
2025-04-22 15:25:15,353 [DEBUG]  		Predicted: 1.0
2025-04-22 15:25:15,353 [DEBUG]  Q-Error was: 1.0
2025-04-22 15:25:15,353 [DEBUG]  Predicting cardinality for query 101: SELECT COUNT(*) FROM auction_verification WHERE f8 < 0.0 AND f4 = 1.0 AND f9 <= 10876.639 AND f2 <= 2.0 AND f3 >= 2.0;
2025-04-22 15:25:15,366 [DEBUG]  		Latency: 10.05ms
2025-04-22 15:25:15,366 [DEBUG]  		True: 0
2025-04-22 15:25:15,366 [DEBUG]  		Predicted: 1.0
2025-04-22 15:25:15,366 [DEBUG]  Q-Error was: 1.0
2025-04-22 15:25:15,366 [DEBUG]  Predicting cardinality for query 102: SELECT COUNT(*) FROM auction_verification WHERE f2 < 1.0 AND f8 <= 0.0 AND f7 = 0.0 AND f9 > 1062.35 AND f4 < 1.0;
2025-04-22 15:25:15,380 [DEBUG]  		Latency: 11.72ms
2025-04-22 15:25:15,380 [DEBUG]  		True: 0
2025-04-22 15:25:15,380 [DEBUG]  		Predicted: 1.0
2025-04-22 15:25:15,380 [DEBUG]  Q-Error was: 1.0
2025-04-22 15:25:15,380 [DEBUG]  Predicting cardinality for query 103: SELECT COUNT(*) FROM auction_verification WHERE f8 <= 0.0;
2025-04-22 15:25:15,382 [DEBUG]  		Latency: 0.05ms
2025-04-22 15:25:15,382 [DEBUG]  		True: 1781
2025-04-22 15:25:15,382 [DEBUG]  		Predicted: 1781.000000000001
2025-04-22 15:25:15,382 [DEBUG]  Q-Error was: 1.0000000000000004
2025-04-22 15:25:15,382 [DEBUG]  Predicting cardinality for query 104: SELECT COUNT(*) FROM auction_verification WHERE f7 < 0.0 AND f3 < 2.0;
2025-04-22 15:25:15,384 [DEBUG]  		Latency: 0.05ms
2025-04-22 15:25:15,384 [DEBUG]  		True: 0
2025-04-22 15:25:15,384 [DEBUG]  		Predicted: 1.0
2025-04-22 15:25:15,384 [DEBUG]  Q-Error was: 1.0
2025-04-22 15:25:15,384 [DEBUG]  Predicting cardinality for query 105: SELECT COUNT(*) FROM auction_verification WHERE f9 >= 18420.373 AND f3 = 2.0 AND f6 < 1.0;
2025-04-22 15:25:15,392 [DEBUG]  		Latency: 6.24ms
2025-04-22 15:25:15,393 [DEBUG]  		True: 0
2025-04-22 15:25:15,393 [DEBUG]  		Predicted: 1.0
2025-04-22 15:25:15,393 [DEBUG]  Q-Error was: 1.0
2025-04-22 15:25:15,393 [DEBUG]  Predicting cardinality for query 106: SELECT COUNT(*) FROM auction_verification WHERE f3 >= 2.0 AND f1 = 1.0 AND f2 > 3.0 AND f7 <= 0.0 AND f6 = 1.0;
2025-04-22 15:25:15,406 [DEBUG]  		Latency: 10.75ms
2025-04-22 15:25:15,406 [DEBUG]  		True: 0
2025-04-22 15:25:15,406 [DEBUG]  		Predicted: 1.0
2025-04-22 15:25:15,406 [DEBUG]  Q-Error was: 1.0
2025-04-22 15:25:15,406 [DEBUG]  Predicting cardinality for query 107: SELECT COUNT(*) FROM auction_verification WHERE f9 > 608.431 AND f5 < 73.0 AND f1 = 0.0 AND f2 = 2.0 AND f4 < 1.0;
2025-04-22 15:25:15,421 [DEBUG]  		Latency: 12.55ms
2025-04-22 15:25:15,421 [DEBUG]  		True: 14
2025-04-22 15:25:15,421 [DEBUG]  		Predicted: 19.872509430269385
2025-04-22 15:25:15,421 [DEBUG]  Q-Error was: 1.4194649593049562
2025-04-22 15:25:15,421 [DEBUG]  Predicting cardinality for query 108: SELECT COUNT(*) FROM auction_verification WHERE f6 = 1.0 AND f5 <= 70.0 AND f4 > 1.0;
2025-04-22 15:25:15,431 [DEBUG]  		Latency: 7.59ms
2025-04-22 15:25:15,431 [DEBUG]  		True: 0
2025-04-22 15:25:15,431 [DEBUG]  		Predicted: 1.0
2025-04-22 15:25:15,431 [DEBUG]  Q-Error was: 1.0
2025-04-22 15:25:15,431 [DEBUG]  Predicting cardinality for query 109: SELECT COUNT(*) FROM auction_verification WHERE f2 <= 3.0 AND f3 <= 2.0 AND f1 <= 0.0;
2025-04-22 15:25:15,439 [DEBUG]  		Latency: 6.22ms
2025-04-22 15:25:15,440 [DEBUG]  		True: 681
2025-04-22 15:25:15,440 [DEBUG]  		Predicted: 680.9999999999999
2025-04-22 15:25:15,440 [DEBUG]  Q-Error was: 1.0000000000000002
2025-04-22 15:25:15,440 [DEBUG]  Predicting cardinality for query 110: SELECT COUNT(*) FROM auction_verification WHERE f7 <= 3.0;
2025-04-22 15:25:15,445 [DEBUG]  		Latency: 3.26ms
2025-04-22 15:25:15,445 [DEBUG]  		True: 1972
2025-04-22 15:25:15,445 [DEBUG]  		Predicted: 1972.0000000000005
2025-04-22 15:25:15,445 [DEBUG]  Q-Error was: 1.0000000000000002
2025-04-22 15:25:15,445 [DEBUG]  Predicting cardinality for query 111: SELECT COUNT(*) FROM auction_verification WHERE f5 > 74.0 AND f2 = 2.0;
2025-04-22 15:25:15,453 [DEBUG]  		Latency: 6.35ms
2025-04-22 15:25:15,453 [DEBUG]  		True: 267
2025-04-22 15:25:15,453 [DEBUG]  		Predicted: 265.43763844085055
2025-04-22 15:25:15,453 [DEBUG]  Q-Error was: 1.0058859834962615
2025-04-22 15:25:15,453 [DEBUG]  Predicting cardinality for query 112: SELECT COUNT(*) FROM auction_verification WHERE f5 >= 78.0 AND f7 <= 0.0;
2025-04-22 15:25:15,461 [DEBUG]  		Latency: 5.74ms
2025-04-22 15:25:15,461 [DEBUG]  		True: 326
2025-04-22 15:25:15,461 [DEBUG]  		Predicted: 417.1375387941951
2025-04-22 15:25:15,461 [DEBUG]  Q-Error was: 1.2795630024361813
2025-04-22 15:25:15,461 [DEBUG]  Predicting cardinality for query 113: SELECT COUNT(*) FROM auction_verification WHERE f2 >= 1.0 AND f5 >= 70.0 AND f9 <= 12414.406 AND f7 >= 2.0 AND f4 <= 1.0;
2025-04-22 15:25:15,476 [DEBUG]  		Latency: 12.22ms
2025-04-22 15:25:15,476 [DEBUG]  		True: 223
2025-04-22 15:25:15,476 [DEBUG]  		Predicted: 156.8588037493403
2025-04-22 15:25:15,476 [DEBUG]  Q-Error was: 1.4216607207865302
2025-04-22 15:25:15,476 [DEBUG]  Predicting cardinality for query 114: SELECT COUNT(*) FROM auction_verification WHERE f2 = 1.0;
2025-04-22 15:25:15,478 [DEBUG]  		Latency: 0.05ms
2025-04-22 15:25:15,478 [DEBUG]  		True: 513
2025-04-22 15:25:15,478 [DEBUG]  		Predicted: 513.0000000000002
2025-04-22 15:25:15,478 [DEBUG]  Q-Error was: 1.0000000000000004
2025-04-22 15:25:15,478 [DEBUG]  Predicting cardinality for query 115: SELECT COUNT(*) FROM auction_verification WHERE f3 < 2.0;
2025-04-22 15:25:15,480 [DEBUG]  		Latency: 0.05ms
2025-04-22 15:25:15,480 [DEBUG]  		True: 237
2025-04-22 15:25:15,480 [DEBUG]  		Predicted: 236.99999999999994
2025-04-22 15:25:15,480 [DEBUG]  Q-Error was: 1.0000000000000002
2025-04-22 15:25:15,480 [DEBUG]  Predicting cardinality for query 116: SELECT COUNT(*) FROM auction_verification WHERE f4 <= 0.0 AND f7 > 0.0;
2025-04-22 15:25:15,487 [DEBUG]  		Latency: 5.68ms
2025-04-22 15:25:15,488 [DEBUG]  		True: 124
2025-04-22 15:25:15,488 [DEBUG]  		Predicted: 148.4428414679576
2025-04-22 15:25:15,488 [DEBUG]  Q-Error was: 1.1971196892577227
2025-04-22 15:25:15,488 [DEBUG]  Predicting cardinality for query 117: SELECT COUNT(*) FROM auction_verification WHERE f4 < 0.0;
2025-04-22 15:25:15,493 [DEBUG]  		Latency: 3.14ms
2025-04-22 15:25:15,493 [DEBUG]  		True: 0
2025-04-22 15:25:15,493 [DEBUG]  		Predicted: 1.0
2025-04-22 15:25:15,493 [DEBUG]  Q-Error was: 1.0
2025-04-22 15:25:15,493 [DEBUG]  Predicting cardinality for query 118: SELECT COUNT(*) FROM auction_verification WHERE f7 > 0.0;
2025-04-22 15:25:15,498 [DEBUG]  		Latency: 3.77ms
2025-04-22 15:25:15,498 [DEBUG]  		True: 363
2025-04-22 15:25:15,498 [DEBUG]  		Predicted: 363.00000000000017
2025-04-22 15:25:15,498 [DEBUG]  Q-Error was: 1.0000000000000004
2025-04-22 15:25:15,499 [DEBUG]  Predicting cardinality for query 119: SELECT COUNT(*) FROM auction_verification WHERE f7 < 0.0 AND f3 <= 2.0 AND f6 >= 4.0;
2025-04-22 15:25:15,507 [DEBUG]  		Latency: 6.59ms
2025-04-22 15:25:15,507 [DEBUG]  		True: 0
2025-04-22 15:25:15,507 [DEBUG]  		Predicted: 1.0
2025-04-22 15:25:15,507 [DEBUG]  Q-Error was: 1.0
2025-04-22 15:25:15,508 [DEBUG]  Predicting cardinality for query 120: SELECT COUNT(*) FROM auction_verification WHERE f1 < 1.0 AND f7 = 2.0 AND f5 > 77.0 AND f6 >= 2.0;
2025-04-22 15:25:15,520 [DEBUG]  		Latency: 10.00ms
2025-04-22 15:25:15,520 [DEBUG]  		True: 12
2025-04-22 15:25:15,520 [DEBUG]  		Predicted: 5.86000988049605
2025-04-22 15:25:15,520 [DEBUG]  Q-Error was: 2.0477781172246416
2025-04-22 15:25:15,520 [DEBUG]  Predicting cardinality for query 121: SELECT COUNT(*) FROM auction_verification WHERE f6 <= 6.0 AND f5 = 63.0;
2025-04-22 15:25:15,528 [DEBUG]  		Latency: 5.96ms
2025-04-22 15:25:15,528 [DEBUG]  		True: 68
2025-04-22 15:25:15,528 [DEBUG]  		Predicted: 68.0
2025-04-22 15:25:15,528 [DEBUG]  Q-Error was: 1.0
2025-04-22 15:25:15,528 [DEBUG]  Predicting cardinality for query 122: SELECT COUNT(*) FROM auction_verification WHERE f4 = 0.0 AND f6 >= 2.0 AND f7 >= 0.0 AND f3 < 2.0;
2025-04-22 15:25:15,539 [DEBUG]  		Latency: 8.57ms
2025-04-22 15:25:15,539 [DEBUG]  		True: 44
2025-04-22 15:25:15,539 [DEBUG]  		Predicted: 59.33446146424801
2025-04-22 15:25:15,539 [DEBUG]  Q-Error was: 1.3485104878238183
2025-04-22 15:25:15,539 [DEBUG]  Predicting cardinality for query 123: SELECT COUNT(*) FROM auction_verification WHERE f9 = 635.8 AND f3 < 2.0 AND f5 > 79.0;
2025-04-22 15:25:15,548 [DEBUG]  		Latency: 7.30ms
2025-04-22 15:25:15,549 [DEBUG]  		True: 0
2025-04-22 15:25:15,549 [DEBUG]  		Predicted: 1.0
2025-04-22 15:25:15,549 [DEBUG]  Q-Error was: 1.0
2025-04-22 15:25:15,549 [DEBUG]  Predicting cardinality for query 124: SELECT COUNT(*) FROM auction_verification WHERE f2 <= 2.0 AND f3 <= 2.0;
2025-04-22 15:25:15,555 [DEBUG]  		Latency: 4.45ms
2025-04-22 15:25:15,555 [DEBUG]  		True: 1290
2025-04-22 15:25:15,555 [DEBUG]  		Predicted: 1290.0
2025-04-22 15:25:15,555 [DEBUG]  Q-Error was: 1.0
2025-04-22 15:25:15,555 [DEBUG]  Predicting cardinality for query 125: SELECT COUNT(*) FROM auction_verification WHERE f6 >= 3.0 AND f2 > 3.0 AND f7 < 0.0;
2025-04-22 15:25:15,565 [DEBUG]  		Latency: 8.15ms
2025-04-22 15:25:15,566 [DEBUG]  		True: 0
2025-04-22 15:25:15,566 [DEBUG]  		Predicted: 1.0
2025-04-22 15:25:15,566 [DEBUG]  Q-Error was: 1.0
2025-04-22 15:25:15,566 [DEBUG]  Predicting cardinality for query 126: SELECT COUNT(*) FROM auction_verification WHERE f9 >= 11647.089 AND f2 >= 1.0;
2025-04-22 15:25:15,573 [DEBUG]  		Latency: 5.77ms
2025-04-22 15:25:15,573 [DEBUG]  		True: 491
2025-04-22 15:25:15,573 [DEBUG]  		Predicted: 490.9999999999999
2025-04-22 15:25:15,574 [DEBUG]  Q-Error was: 1.0000000000000002
2025-04-22 15:25:15,574 [DEBUG]  Predicting cardinality for query 127: SELECT COUNT(*) FROM auction_verification WHERE f3 >= 2.0 AND f2 = 2.0 AND f7 < 0.0 AND f1 = 0.0 AND f9 > 10876.639;
2025-04-22 15:25:15,587 [DEBUG]  		Latency: 11.45ms
2025-04-22 15:25:15,588 [DEBUG]  		True: 0
2025-04-22 15:25:15,588 [DEBUG]  		Predicted: 1.0
2025-04-22 15:25:15,588 [DEBUG]  Q-Error was: 1.0
2025-04-22 15:25:15,588 [DEBUG]  Predicting cardinality for query 128: SELECT COUNT(*) FROM auction_verification WHERE f1 >= 0.0 AND f7 <= 2.0 AND f2 = 3.0 AND f6 > 6.0;
2025-04-22 15:25:15,600 [DEBUG]  		Latency: 9.81ms
2025-04-22 15:25:15,600 [DEBUG]  		True: 0
2025-04-22 15:25:15,600 [DEBUG]  		Predicted: 1.0
2025-04-22 15:25:15,600 [DEBUG]  Q-Error was: 1.0
2025-04-22 15:25:15,600 [DEBUG]  Predicting cardinality for query 129: SELECT COUNT(*) FROM auction_verification WHERE f4 > 1.0 AND f7 = 0.0;
2025-04-22 15:25:15,608 [DEBUG]  		Latency: 5.78ms
2025-04-22 15:25:15,608 [DEBUG]  		True: 0
2025-04-22 15:25:15,608 [DEBUG]  		Predicted: 1.0
2025-04-22 15:25:15,608 [DEBUG]  Q-Error was: 1.0
2025-04-22 15:25:15,608 [DEBUG]  Predicting cardinality for query 130: SELECT COUNT(*) FROM auction_verification WHERE f2 < 3.0 AND f7 < 0.0 AND f9 >= 12414.406 AND f3 > 1.0;
2025-04-22 15:25:15,619 [DEBUG]  		Latency: 9.46ms
2025-04-22 15:25:15,620 [DEBUG]  		True: 0
2025-04-22 15:25:15,620 [DEBUG]  		Predicted: 1.0
2025-04-22 15:25:15,620 [DEBUG]  Q-Error was: 1.0
2025-04-22 15:25:15,620 [DEBUG]  Predicting cardinality for query 131: SELECT COUNT(*) FROM auction_verification WHERE f7 > 0.0 AND f8 >= 0.0;
2025-04-22 15:25:15,627 [DEBUG]  		Latency: 4.95ms
2025-04-22 15:25:15,627 [DEBUG]  		True: 363
2025-04-22 15:25:15,627 [DEBUG]  		Predicted: 363.00000000000017
2025-04-22 15:25:15,627 [DEBUG]  Q-Error was: 1.0000000000000004
2025-04-22 15:25:15,627 [DEBUG]  Predicting cardinality for query 132: SELECT COUNT(*) FROM auction_verification WHERE f7 <= 3.0 AND f5 > 73.0 AND f4 > 1.0 AND f9 >= 8803.293;
2025-04-22 15:25:15,639 [DEBUG]  		Latency: 10.18ms
2025-04-22 15:25:15,639 [DEBUG]  		True: 0
2025-04-22 15:25:15,639 [DEBUG]  		Predicted: 1.0
2025-04-22 15:25:15,639 [DEBUG]  Q-Error was: 1.0
2025-04-22 15:25:15,639 [DEBUG]  Predicting cardinality for query 133: SELECT COUNT(*) FROM auction_verification WHERE f9 >= 360.213 AND f7 <= 1.0 AND f4 = 1.0 AND f1 >= 1.0 AND f3 > 2.0;
2025-04-22 15:25:15,653 [DEBUG]  		Latency: 10.78ms
2025-04-22 15:25:15,653 [DEBUG]  		True: 0
2025-04-22 15:25:15,653 [DEBUG]  		Predicted: 1.0
2025-04-22 15:25:15,653 [DEBUG]  Q-Error was: 1.0
2025-04-22 15:25:15,653 [DEBUG]  Predicting cardinality for query 134: SELECT COUNT(*) FROM auction_verification WHERE f2 = 2.0 AND f8 > 0.0;
2025-04-22 15:25:15,660 [DEBUG]  		Latency: 5.54ms
2025-04-22 15:25:15,660 [DEBUG]  		True: 92
2025-04-22 15:25:15,660 [DEBUG]  		Predicted: 91.41620581860519
2025-04-22 15:25:15,660 [DEBUG]  Q-Error was: 1.0063861125734448
2025-04-22 15:25:15,661 [DEBUG]  Predicting cardinality for query 135: SELECT COUNT(*) FROM auction_verification WHERE f2 <= 3.0 AND f4 > 0.0 AND f5 >= 80.0 AND f3 <= 2.0;
2025-04-22 15:25:15,672 [DEBUG]  		Latency: 9.13ms
2025-04-22 15:25:15,672 [DEBUG]  		True: 276
2025-04-22 15:25:15,672 [DEBUG]  		Predicted: 254.66663672155153
2025-04-22 15:25:15,672 [DEBUG]  Q-Error was: 1.0837697609434958
2025-04-22 15:25:15,672 [DEBUG]  Predicting cardinality for query 136: SELECT COUNT(*) FROM auction_verification WHERE f3 > 2.0 AND f4 > 0.0 AND f6 < 5.0 AND f7 = 0.0 AND f8 <= 0.0;
2025-04-22 15:25:15,685 [DEBUG]  		Latency: 10.05ms
2025-04-22 15:25:15,685 [DEBUG]  		True: 0
2025-04-22 15:25:15,685 [DEBUG]  		Predicted: 1.0
2025-04-22 15:25:15,685 [DEBUG]  Q-Error was: 1.0
2025-04-22 15:25:15,685 [DEBUG]  Predicting cardinality for query 137: SELECT COUNT(*) FROM auction_verification WHERE f5 >= 68.0;
2025-04-22 15:25:15,690 [DEBUG]  		Latency: 3.57ms
2025-04-22 15:25:15,690 [DEBUG]  		True: 1365
2025-04-22 15:25:15,690 [DEBUG]  		Predicted: 1365.0000000000005
2025-04-22 15:25:15,690 [DEBUG]  Q-Error was: 1.0000000000000004
2025-04-22 15:25:15,690 [DEBUG]  Predicting cardinality for query 138: SELECT COUNT(*) FROM auction_verification WHERE f6 > 2.0;
2025-04-22 15:25:15,695 [DEBUG]  		Latency: 3.13ms
2025-04-22 15:25:15,695 [DEBUG]  		True: 1138
2025-04-22 15:25:15,695 [DEBUG]  		Predicted: 1138.0000000000007
2025-04-22 15:25:15,695 [DEBUG]  Q-Error was: 1.0000000000000007
2025-04-22 15:25:15,695 [DEBUG]  Predicting cardinality for query 139: SELECT COUNT(*) FROM auction_verification WHERE f8 = 1.0 AND f7 > 0.0 AND f2 > 2.0 AND f3 >= 2.0;
2025-04-22 15:25:15,706 [DEBUG]  		Latency: 8.66ms
2025-04-22 15:25:15,706 [DEBUG]  		True: 41
2025-04-22 15:25:15,706 [DEBUG]  		Predicted: 30.237156191744873
2025-04-22 15:25:15,707 [DEBUG]  Q-Error was: 1.3559476208676502
2025-04-22 15:25:15,707 [DEBUG]  Predicting cardinality for query 140: SELECT COUNT(*) FROM auction_verification WHERE f6 < 4.0 AND f8 >= 0.0 AND f2 > 3.0;
2025-04-22 15:25:15,716 [DEBUG]  		Latency: 7.21ms
2025-04-22 15:25:15,716 [DEBUG]  		True: 0
2025-04-22 15:25:15,716 [DEBUG]  		Predicted: 1.0
2025-04-22 15:25:15,716 [DEBUG]  Q-Error was: 1.0
2025-04-22 15:25:15,716 [DEBUG]  Predicting cardinality for query 141: SELECT COUNT(*) FROM auction_verification WHERE f6 > 4.0 AND f9 = 574.134;
2025-04-22 15:25:15,724 [DEBUG]  		Latency: 5.69ms
2025-04-22 15:25:15,724 [DEBUG]  		True: 0
2025-04-22 15:25:15,724 [DEBUG]  		Predicted: 1.0
2025-04-22 15:25:15,724 [DEBUG]  Q-Error was: 1.0
2025-04-22 15:25:15,724 [DEBUG]  Predicting cardinality for query 142: SELECT COUNT(*) FROM auction_verification WHERE f9 > 608.431 AND f4 > 1.0;
2025-04-22 15:25:15,732 [DEBUG]  		Latency: 5.97ms
2025-04-22 15:25:15,732 [DEBUG]  		True: 0
2025-04-22 15:25:15,732 [DEBUG]  		Predicted: 1.0
2025-04-22 15:25:15,732 [DEBUG]  Q-Error was: 1.0
2025-04-22 15:25:15,732 [DEBUG]  Predicting cardinality for query 143: SELECT COUNT(*) FROM auction_verification WHERE f6 < 4.0 AND f5 <= 70.0 AND f7 > 0.0;
2025-04-22 15:25:15,742 [DEBUG]  		Latency: 7.76ms
2025-04-22 15:25:15,742 [DEBUG]  		True: 62
2025-04-22 15:25:15,742 [DEBUG]  		Predicted: 103.09569827047919
2025-04-22 15:25:15,742 [DEBUG]  Q-Error was: 1.662833843072245
2025-04-22 15:25:15,742 [DEBUG]  Predicting cardinality for query 144: SELECT COUNT(*) FROM auction_verification WHERE f4 < 0.0 AND f5 < 69.0;
2025-04-22 15:25:15,750 [DEBUG]  		Latency: 5.91ms
2025-04-22 15:25:15,750 [DEBUG]  		True: 0
2025-04-22 15:25:15,750 [DEBUG]  		Predicted: 1.0
2025-04-22 15:25:15,750 [DEBUG]  Q-Error was: 1.0
2025-04-22 15:25:15,750 [DEBUG]  Predicting cardinality for query 145: SELECT COUNT(*) FROM auction_verification WHERE f9 >= 1001.447 AND f5 = 80.0;
2025-04-22 15:25:15,758 [DEBUG]  		Latency: 6.25ms
2025-04-22 15:25:15,759 [DEBUG]  		True: 119
2025-04-22 15:25:15,759 [DEBUG]  		Predicted: 119.00000000000001
2025-04-22 15:25:15,759 [DEBUG]  Q-Error was: 1.0000000000000002
2025-04-22 15:25:15,759 [DEBUG]  Predicting cardinality for query 146: SELECT COUNT(*) FROM auction_verification WHERE f9 >= 752.075;
2025-04-22 15:25:15,764 [DEBUG]  		Latency: 3.66ms
2025-04-22 15:25:15,764 [DEBUG]  		True: 1348
2025-04-22 15:25:15,764 [DEBUG]  		Predicted: 1348.0000000000005
2025-04-22 15:25:15,764 [DEBUG]  Q-Error was: 1.0000000000000004
2025-04-22 15:25:15,764 [DEBUG]  Predicting cardinality for query 147: SELECT COUNT(*) FROM auction_verification WHERE f4 > 0.0 AND f5 > 74.0;
2025-04-22 15:25:15,772 [DEBUG]  		Latency: 6.17ms
2025-04-22 15:25:15,773 [DEBUG]  		True: 461
2025-04-22 15:25:15,773 [DEBUG]  		Predicted: 445.14310852975717
2025-04-22 15:25:15,773 [DEBUG]  Q-Error was: 1.0356220082180219
2025-04-22 15:25:15,773 [DEBUG]  Predicting cardinality for query 148: SELECT COUNT(*) FROM auction_verification WHERE f9 = 119.932 AND f2 >= 3.0 AND f5 >= 77.0 AND f1 = 1.0;
2025-04-22 15:25:15,785 [DEBUG]  		Latency: 10.43ms
2025-04-22 15:25:15,785 [DEBUG]  		True: 0
2025-04-22 15:25:15,786 [DEBUG]  		Predicted: 1.0
2025-04-22 15:25:15,786 [DEBUG]  Q-Error was: 1.0
2025-04-22 15:25:15,786 [DEBUG]  Predicting cardinality for query 149: SELECT COUNT(*) FROM auction_verification WHERE f3 < 2.0;
2025-04-22 15:25:15,787 [DEBUG]  		Latency: 0.06ms
2025-04-22 15:25:15,787 [DEBUG]  		True: 237
2025-04-22 15:25:15,788 [DEBUG]  		Predicted: 236.99999999999994
2025-04-22 15:25:15,788 [DEBUG]  Q-Error was: 1.0000000000000002
2025-04-22 15:25:15,788 [DEBUG]  Predicting cardinality for query 150: SELECT COUNT(*) FROM auction_verification WHERE f3 > 2.0 AND f5 < 66.0;
2025-04-22 15:25:15,794 [DEBUG]  		Latency: 4.69ms
2025-04-22 15:25:15,794 [DEBUG]  		True: 0
2025-04-22 15:25:15,794 [DEBUG]  		Predicted: 1.0
2025-04-22 15:25:15,794 [DEBUG]  Q-Error was: 1.0
2025-04-22 15:25:15,794 [DEBUG]  Predicting cardinality for query 151: SELECT COUNT(*) FROM auction_verification WHERE f8 <= 0.0;
2025-04-22 15:25:15,796 [DEBUG]  		Latency: 0.05ms
2025-04-22 15:25:15,796 [DEBUG]  		True: 1781
2025-04-22 15:25:15,796 [DEBUG]  		Predicted: 1781.000000000001
2025-04-22 15:25:15,796 [DEBUG]  Q-Error was: 1.0000000000000004
2025-04-22 15:25:15,796 [DEBUG]  Predicting cardinality for query 152: SELECT COUNT(*) FROM auction_verification WHERE f8 < 0.0;
2025-04-22 15:25:15,798 [DEBUG]  		Latency: 0.05ms
2025-04-22 15:25:15,798 [DEBUG]  		True: 0
2025-04-22 15:25:15,798 [DEBUG]  		Predicted: 1.0
2025-04-22 15:25:15,798 [DEBUG]  Q-Error was: 1.0
2025-04-22 15:25:15,798 [DEBUG]  Predicting cardinality for query 153: SELECT COUNT(*) FROM auction_verification WHERE f9 >= 22142.437;
2025-04-22 15:25:15,803 [DEBUG]  		Latency: 3.37ms
2025-04-22 15:25:15,803 [DEBUG]  		True: 266
2025-04-22 15:25:15,803 [DEBUG]  		Predicted: 266.00000000000006
2025-04-22 15:25:15,803 [DEBUG]  Q-Error was: 1.0000000000000002
2025-04-22 15:25:15,803 [DEBUG]  Predicting cardinality for query 154: SELECT COUNT(*) FROM auction_verification WHERE f8 = 0.0 AND f1 = 2.0 AND f5 < 77.0;
2025-04-22 15:25:15,812 [DEBUG]  		Latency: 7.10ms
2025-04-22 15:25:15,813 [DEBUG]  		True: 414
2025-04-22 15:25:15,813 [DEBUG]  		Predicted: 419.4056351947351
2025-04-22 15:25:15,813 [DEBUG]  Q-Error was: 1.0130570898423554
2025-04-22 15:25:15,813 [DEBUG]  Predicting cardinality for query 155: SELECT COUNT(*) FROM auction_verification WHERE f3 <= 2.0 AND f2 >= 3.0 AND f5 >= 68.0 AND f4 = 1.0 AND f8 = 0.0;
2025-04-22 15:25:15,825 [DEBUG]  		Latency: 10.36ms
2025-04-22 15:25:15,826 [DEBUG]  		True: 253
2025-04-22 15:25:15,826 [DEBUG]  		Predicted: 260.02544739097436
2025-04-22 15:25:15,826 [DEBUG]  Q-Error was: 1.0277685667627445
2025-04-22 15:25:15,826 [DEBUG]  Predicting cardinality for query 156: SELECT COUNT(*) FROM auction_verification WHERE f8 = 0.0 AND f5 < 74.0 AND f1 < 1.0 AND f2 > 3.0 AND f9 <= 17026.352;
2025-04-22 15:25:15,839 [DEBUG]  		Latency: 11.33ms
2025-04-22 15:25:15,839 [DEBUG]  		True: 0
2025-04-22 15:25:15,840 [DEBUG]  		Predicted: 1.0
2025-04-22 15:25:15,840 [DEBUG]  Q-Error was: 1.0
2025-04-22 15:25:15,840 [DEBUG]  Predicting cardinality for query 157: SELECT COUNT(*) FROM auction_verification WHERE f9 > 213.992 AND f8 < 0.0 AND f6 = 5.0 AND f3 < 2.0;
2025-04-22 15:25:15,850 [DEBUG]  		Latency: 8.06ms
2025-04-22 15:25:15,850 [DEBUG]  		True: 0
2025-04-22 15:25:15,850 [DEBUG]  		Predicted: 1.0
2025-04-22 15:25:15,850 [DEBUG]  Q-Error was: 1.0
2025-04-22 15:25:15,850 [DEBUG]  Predicting cardinality for query 158: SELECT COUNT(*) FROM auction_verification WHERE f3 >= 2.0 AND f1 = 2.0 AND f9 = 926.987 AND f4 > 1.0 AND f8 = 1.0;
2025-04-22 15:25:15,862 [DEBUG]  		Latency: 9.97ms
2025-04-22 15:25:15,863 [DEBUG]  		True: 0
2025-04-22 15:25:15,863 [DEBUG]  		Predicted: 1.0
2025-04-22 15:25:15,863 [DEBUG]  Q-Error was: 1.0
2025-04-22 15:25:15,863 [DEBUG]  Predicting cardinality for query 159: SELECT COUNT(*) FROM auction_verification WHERE f7 < 0.0 AND f5 = 76.0;
2025-04-22 15:25:15,871 [DEBUG]  		Latency: 6.14ms
2025-04-22 15:25:15,871 [DEBUG]  		True: 0
2025-04-22 15:25:15,871 [DEBUG]  		Predicted: 1.0
2025-04-22 15:25:15,871 [DEBUG]  Q-Error was: 1.0
2025-04-22 15:25:15,871 [DEBUG]  Predicting cardinality for query 160: SELECT COUNT(*) FROM auction_verification WHERE f1 < 1.0 AND f6 > 6.0 AND f4 <= 0.0 AND f7 < 0.0;
2025-04-22 15:25:15,882 [DEBUG]  		Latency: 9.14ms
2025-04-22 15:25:15,882 [DEBUG]  		True: 0
2025-04-22 15:25:15,882 [DEBUG]  		Predicted: 1.0
2025-04-22 15:25:15,882 [DEBUG]  Q-Error was: 1.0
2025-04-22 15:25:15,882 [DEBUG]  Predicting cardinality for query 161: SELECT COUNT(*) FROM auction_verification WHERE f8 < 0.0 AND f1 = 1.0;
2025-04-22 15:25:15,889 [DEBUG]  		Latency: 4.54ms
2025-04-22 15:25:15,889 [DEBUG]  		True: 0
2025-04-22 15:25:15,889 [DEBUG]  		Predicted: 1.0
2025-04-22 15:25:15,889 [DEBUG]  Q-Error was: 1.0
2025-04-22 15:25:15,889 [DEBUG]  Predicting cardinality for query 162: SELECT COUNT(*) FROM auction_verification WHERE f2 >= 3.0 AND f7 <= 0.0;
2025-04-22 15:25:15,897 [DEBUG]  		Latency: 5.90ms
2025-04-22 15:25:15,897 [DEBUG]  		True: 624
2025-04-22 15:25:15,897 [DEBUG]  		Predicted: 629.1364878456598
2025-04-22 15:25:15,897 [DEBUG]  Q-Error was: 1.008231551034711
2025-04-22 15:25:15,897 [DEBUG]  Predicting cardinality for query 163: SELECT COUNT(*) FROM auction_verification WHERE f1 = 2.0;
2025-04-22 15:25:15,902 [DEBUG]  		Latency: 2.99ms
2025-04-22 15:25:15,902 [DEBUG]  		True: 681
2025-04-22 15:25:15,902 [DEBUG]  		Predicted: 681.0
2025-04-22 15:25:15,902 [DEBUG]  Q-Error was: 1.0
2025-04-22 15:25:15,902 [DEBUG]  Predicting cardinality for query 164: SELECT COUNT(*) FROM auction_verification WHERE f5 = 64.0 AND f9 <= 762.958;
2025-04-22 15:25:15,910 [DEBUG]  		Latency: 6.13ms
2025-04-22 15:25:15,910 [DEBUG]  		True: 26
2025-04-22 15:25:15,910 [DEBUG]  		Predicted: 26.000000000000004
2025-04-22 15:25:15,910 [DEBUG]  Q-Error was: 1.0000000000000002
2025-04-22 15:25:15,910 [DEBUG]  Predicting cardinality for query 165: SELECT COUNT(*) FROM auction_verification WHERE f2 = 2.0 AND f4 > 0.0 AND f3 <= 2.0 AND f7 > 0.0;
2025-04-22 15:25:15,922 [DEBUG]  		Latency: 9.13ms
2025-04-22 15:25:15,922 [DEBUG]  		True: 81
2025-04-22 15:25:15,922 [DEBUG]  		Predicted: 72.73173561567087
2025-04-22 15:25:15,922 [DEBUG]  Q-Error was: 1.1136816592418515
2025-04-22 15:25:15,922 [DEBUG]  Predicting cardinality for query 166: SELECT COUNT(*) FROM auction_verification WHERE f3 < 2.0 AND f8 <= 0.0 AND f7 < 0.0;
2025-04-22 15:25:15,930 [DEBUG]  		Latency: 5.79ms
2025-04-22 15:25:15,930 [DEBUG]  		True: 0
2025-04-22 15:25:15,930 [DEBUG]  		Predicted: 1.0
2025-04-22 15:25:15,930 [DEBUG]  Q-Error was: 1.0
2025-04-22 15:25:15,930 [DEBUG]  Predicting cardinality for query 167: SELECT COUNT(*) FROM auction_verification WHERE f6 <= 2.0 AND f4 <= 0.0 AND f2 = 2.0 AND f5 >= 74.0;
2025-04-22 15:25:15,942 [DEBUG]  		Latency: 9.63ms
2025-04-22 15:25:15,942 [DEBUG]  		True: 69
2025-04-22 15:25:15,942 [DEBUG]  		Predicted: 70.78167804406594
2025-04-22 15:25:15,942 [DEBUG]  Q-Error was: 1.025821420928492
2025-04-22 15:25:15,942 [DEBUG]  Predicting cardinality for query 168: SELECT COUNT(*) FROM auction_verification WHERE f8 <= 0.0 AND f9 = 678.755 AND f6 <= 3.0 AND f7 > 0.0;
2025-04-22 15:25:15,954 [DEBUG]  		Latency: 9.18ms
2025-04-22 15:25:15,954 [DEBUG]  		True: 0
2025-04-22 15:25:15,954 [DEBUG]  		Predicted: 1.0
2025-04-22 15:25:15,954 [DEBUG]  Q-Error was: 1.0
2025-04-22 15:25:15,954 [DEBUG]  Predicting cardinality for query 169: SELECT COUNT(*) FROM auction_verification WHERE f6 = 1.0 AND f5 >= 66.0 AND f8 <= 0.0;
2025-04-22 15:25:15,963 [DEBUG]  		Latency: 7.06ms
2025-04-22 15:25:15,963 [DEBUG]  		True: 265
2025-04-22 15:25:15,963 [DEBUG]  		Predicted: 281.4846077796712
2025-04-22 15:25:15,963 [DEBUG]  Q-Error was: 1.0622060670930988
2025-04-22 15:25:15,963 [DEBUG]  Predicting cardinality for query 170: SELECT COUNT(*) FROM auction_verification WHERE f4 >= 0.0 AND f5 < 64.0 AND f1 > 0.0 AND f3 <= 2.0 AND f7 > 0.0;
2025-04-22 15:25:15,977 [DEBUG]  		Latency: 10.85ms
2025-04-22 15:25:15,977 [DEBUG]  		True: 0
2025-04-22 15:25:15,977 [DEBUG]  		Predicted: 22.9113824416121
2025-04-22 15:25:15,977 [DEBUG]  Q-Error was: 22.9113824416121
2025-04-22 15:25:15,977 [DEBUG]  Predicting cardinality for query 171: SELECT COUNT(*) FROM auction_verification WHERE f6 > 6.0 AND f5 <= 70.0 AND f7 < 0.0 AND f8 > 0.0;
2025-04-22 15:25:15,988 [DEBUG]  		Latency: 9.31ms
2025-04-22 15:25:15,988 [DEBUG]  		True: 0
2025-04-22 15:25:15,988 [DEBUG]  		Predicted: 1.0
2025-04-22 15:25:15,988 [DEBUG]  Q-Error was: 1.0
2025-04-22 15:25:15,988 [DEBUG]  Predicting cardinality for query 172: SELECT COUNT(*) FROM auction_verification WHERE f3 < 1.0 AND f9 <= 1170.73;
2025-04-22 15:25:15,995 [DEBUG]  		Latency: 4.49ms
2025-04-22 15:25:15,995 [DEBUG]  		True: 0
2025-04-22 15:25:15,995 [DEBUG]  		Predicted: 1.0
2025-04-22 15:25:15,995 [DEBUG]  Q-Error was: 1.0
2025-04-22 15:25:15,995 [DEBUG]  Predicting cardinality for query 173: SELECT COUNT(*) FROM auction_verification WHERE f8 >= 0.0 AND f3 <= 2.0 AND f5 <= 80.0 AND f6 < 2.0;
2025-04-22 15:25:16,005 [DEBUG]  		Latency: 7.57ms
2025-04-22 15:25:16,005 [DEBUG]  		True: 340
2025-04-22 15:25:16,005 [DEBUG]  		Predicted: 353.17077994245176
2025-04-22 15:25:16,005 [DEBUG]  Q-Error was: 1.0387375880660346
2025-04-22 15:25:16,005 [DEBUG]  Predicting cardinality for query 174: SELECT COUNT(*) FROM auction_verification WHERE f9 <= 480.999 AND f8 >= 0.0 AND f4 > 0.0;
2025-04-22 15:25:16,014 [DEBUG]  		Latency: 6.88ms
2025-04-22 15:25:16,014 [DEBUG]  		True: 149
2025-04-22 15:25:16,014 [DEBUG]  		Predicted: 152.235294117647
2025-04-22 15:25:16,014 [DEBUG]  Q-Error was: 1.0217133833399126
2025-04-22 15:25:16,014 [DEBUG]  Predicting cardinality for query 175: SELECT COUNT(*) FROM auction_verification WHERE f6 < 2.0 AND f9 > 322.514 AND f5 <= 80.0;
2025-04-22 15:25:16,024 [DEBUG]  		Latency: 7.64ms
2025-04-22 15:25:16,024 [DEBUG]  		True: 336
2025-04-22 15:25:16,024 [DEBUG]  		Predicted: 344.6544163060881
2025-04-22 15:25:16,024 [DEBUG]  Q-Error was: 1.0257571913871668
2025-04-22 15:25:16,024 [DEBUG]  Predicting cardinality for query 176: SELECT COUNT(*) FROM auction_verification WHERE f1 = 0.0 AND f5 >= 84.0 AND f6 > 6.0 AND f7 < 0.0 AND f9 >= 19442.696;
2025-04-22 15:25:16,038 [DEBUG]  		Latency: 11.33ms
2025-04-22 15:25:16,038 [DEBUG]  		True: 0
2025-04-22 15:25:16,038 [DEBUG]  		Predicted: 1.0
2025-04-22 15:25:16,038 [DEBUG]  Q-Error was: 1.0
2025-04-22 15:25:16,038 [DEBUG]  Predicting cardinality for query 177: SELECT COUNT(*) FROM auction_verification WHERE f7 <= 0.0;
2025-04-22 15:25:16,043 [DEBUG]  		Latency: 3.40ms
2025-04-22 15:25:16,043 [DEBUG]  		True: 1680
2025-04-22 15:25:16,043 [DEBUG]  		Predicted: 1680.0000000000005
2025-04-22 15:25:16,043 [DEBUG]  Q-Error was: 1.0000000000000002
2025-04-22 15:25:16,044 [DEBUG]  Predicting cardinality for query 178: SELECT COUNT(*) FROM auction_verification WHERE f1 <= 1.0 AND f8 >= 1.0 AND f4 < 0.0 AND f3 < 2.0;
2025-04-22 15:25:16,053 [DEBUG]  		Latency: 7.29ms
2025-04-22 15:25:16,053 [DEBUG]  		True: 0
2025-04-22 15:25:16,053 [DEBUG]  		Predicted: 1.0
2025-04-22 15:25:16,053 [DEBUG]  Q-Error was: 1.0
2025-04-22 15:25:16,053 [DEBUG]  Predicting cardinality for query 179: SELECT COUNT(*) FROM auction_verification WHERE f3 = 2.0 AND f6 >= 1.0 AND f8 < 0.0 AND f7 = 0.0;
2025-04-22 15:25:16,063 [DEBUG]  		Latency: 7.87ms
2025-04-22 15:25:16,063 [DEBUG]  		True: 0
2025-04-22 15:25:16,064 [DEBUG]  		Predicted: 1.0
2025-04-22 15:25:16,064 [DEBUG]  Q-Error was: 1.0
2025-04-22 15:25:16,064 [DEBUG]  Predicting cardinality for query 180: SELECT COUNT(*) FROM auction_verification WHERE f9 <= 171.762 AND f5 >= 64.0 AND f6 <= 1.0;
2025-04-22 15:25:16,073 [DEBUG]  		Latency: 7.68ms
2025-04-22 15:25:16,073 [DEBUG]  		True: 0
2025-04-22 15:25:16,073 [DEBUG]  		Predicted: 1.8791208791208784
2025-04-22 15:25:16,074 [DEBUG]  Q-Error was: 1.8791208791208784
2025-04-22 15:25:16,074 [DEBUG]  Predicting cardinality for query 181: SELECT COUNT(*) FROM auction_verification WHERE f1 >= 2.0 AND f7 >= 0.0 AND f4 > 0.0;
2025-04-22 15:25:16,083 [DEBUG]  		Latency: 7.46ms
2025-04-22 15:25:16,083 [DEBUG]  		True: 386
2025-04-22 15:25:16,083 [DEBUG]  		Predicted: 394.275020401218
2025-04-22 15:25:16,083 [DEBUG]  Q-Error was: 1.0214378766870933
2025-04-22 15:25:16,083 [DEBUG]  Predicting cardinality for query 182: SELECT COUNT(*) FROM auction_verification WHERE f1 >= 1.0;
2025-04-22 15:25:16,088 [DEBUG]  		Latency: 2.86ms
2025-04-22 15:25:16,088 [DEBUG]  		True: 1362
2025-04-22 15:25:16,088 [DEBUG]  		Predicted: 1362.000000000001
2025-04-22 15:25:16,088 [DEBUG]  Q-Error was: 1.0000000000000007
2025-04-22 15:25:16,088 [DEBUG]  Predicting cardinality for query 183: SELECT COUNT(*) FROM auction_verification WHERE f5 < 80.0 AND f9 <= 22142.437 AND f7 = 0.0;
2025-04-22 15:25:16,099 [DEBUG]  		Latency: 8.59ms
2025-04-22 15:25:16,099 [DEBUG]  		True: 1245
2025-04-22 15:25:16,099 [DEBUG]  		Predicted: 1164.9594618960327
2025-04-22 15:25:16,099 [DEBUG]  Q-Error was: 1.0687067153166834
2025-04-22 15:25:16,099 [DEBUG]  Predicting cardinality for query 184: SELECT COUNT(*) FROM auction_verification WHERE f6 < 6.0 AND f1 > 0.0 AND f5 = 80.0;
2025-04-22 15:25:16,109 [DEBUG]  		Latency: 7.72ms
2025-04-22 15:25:16,109 [DEBUG]  		True: 122
2025-04-22 15:25:16,109 [DEBUG]  		Predicted: 133.648795136603
2025-04-22 15:25:16,109 [DEBUG]  Q-Error was: 1.0954819273492051
2025-04-22 15:25:16,109 [DEBUG]  Predicting cardinality for query 185: SELECT COUNT(*) FROM auction_verification WHERE f7 <= 0.0 AND f2 <= 2.0 AND f3 < 1.0 AND f1 = 2.0;
2025-04-22 15:25:16,120 [DEBUG]  		Latency: 8.43ms
2025-04-22 15:25:16,120 [DEBUG]  		True: 0
2025-04-22 15:25:16,120 [DEBUG]  		Predicted: 1.0
2025-04-22 15:25:16,120 [DEBUG]  Q-Error was: 1.0
2025-04-22 15:25:16,120 [DEBUG]  Predicting cardinality for query 186: SELECT COUNT(*) FROM auction_verification WHERE f5 > 75.0 AND f8 = 0.0 AND f3 >= 2.0;
2025-04-22 15:25:16,128 [DEBUG]  		Latency: 5.97ms
2025-04-22 15:25:16,128 [DEBUG]  		True: 499
2025-04-22 15:25:16,128 [DEBUG]  		Predicted: 513.180534616401
2025-04-22 15:25:16,128 [DEBUG]  Q-Error was: 1.0284179050428879
2025-04-22 15:25:16,128 [DEBUG]  Predicting cardinality for query 187: SELECT COUNT(*) FROM auction_verification WHERE f5 = 68.0 AND f4 = 0.0;
2025-04-22 15:25:16,136 [DEBUG]  		Latency: 6.13ms
2025-04-22 15:25:16,136 [DEBUG]  		True: 33
2025-04-22 15:25:16,136 [DEBUG]  		Predicted: 34.46380276929813
2025-04-22 15:25:16,136 [DEBUG]  Q-Error was: 1.0443576596757007
2025-04-22 15:25:16,136 [DEBUG]  Predicting cardinality for query 188: SELECT COUNT(*) FROM auction_verification WHERE f1 = 2.0 AND f4 = 0.0 AND f5 >= 78.0 AND f8 >= 0.0;
2025-04-22 15:25:16,148 [DEBUG]  		Latency: 9.05ms
2025-04-22 15:25:16,148 [DEBUG]  		True: 86
2025-04-22 15:25:16,148 [DEBUG]  		Predicted: 84.56048392455575
2025-04-22 15:25:16,148 [DEBUG]  Q-Error was: 1.0170235080102967
2025-04-22 15:25:16,148 [DEBUG]  Predicting cardinality for query 189: SELECT COUNT(*) FROM auction_verification WHERE f1 < 1.0;
2025-04-22 15:25:16,153 [DEBUG]  		Latency: 3.15ms
2025-04-22 15:25:16,153 [DEBUG]  		True: 681
2025-04-22 15:25:16,153 [DEBUG]  		Predicted: 680.9999999999999
2025-04-22 15:25:16,153 [DEBUG]  Q-Error was: 1.0000000000000002
2025-04-22 15:25:16,153 [DEBUG]  Predicting cardinality for query 190: SELECT COUNT(*) FROM auction_verification WHERE f3 >= 2.0 AND f4 <= 1.0 AND f7 >= 0.0 AND f2 <= 2.0;
2025-04-22 15:25:16,164 [DEBUG]  		Latency: 8.67ms
2025-04-22 15:25:16,164 [DEBUG]  		True: 1144
2025-04-22 15:25:16,164 [DEBUG]  		Predicted: 1136.193100299254
2025-04-22 15:25:16,164 [DEBUG]  Q-Error was: 1.0068711028950008
2025-04-22 15:25:16,164 [DEBUG]  Predicting cardinality for query 191: SELECT COUNT(*) FROM auction_verification WHERE f6 < 6.0 AND f8 >= 0.0 AND f2 < 3.0;
2025-04-22 15:25:16,173 [DEBUG]  		Latency: 6.97ms
2025-04-22 15:25:16,173 [DEBUG]  		True: 1050
2025-04-22 15:25:16,173 [DEBUG]  		Predicted: 1054.063301735245
2025-04-22 15:25:16,173 [DEBUG]  Q-Error was: 1.0038698111764237
2025-04-22 15:25:16,173 [DEBUG]  Predicting cardinality for query 192: SELECT COUNT(*) FROM auction_verification WHERE f3 <= 2.0 AND f2 <= 3.0 AND f1 < 0.0 AND f7 <= 1.0 AND f9 > 6605.123;
2025-04-22 15:25:16,186 [DEBUG]  		Latency: 10.58ms
2025-04-22 15:25:16,186 [DEBUG]  		True: 0
2025-04-22 15:25:16,187 [DEBUG]  		Predicted: 1.0
2025-04-22 15:25:16,187 [DEBUG]  Q-Error was: 1.0
2025-04-22 15:25:16,187 [DEBUG]  Predicting cardinality for query 193: SELECT COUNT(*) FROM auction_verification WHERE f5 <= 84.0 AND f7 >= 0.0 AND f9 >= 1393.264;
2025-04-22 15:25:16,197 [DEBUG]  		Latency: 7.85ms
2025-04-22 15:25:16,197 [DEBUG]  		True: 876
2025-04-22 15:25:16,197 [DEBUG]  		Predicted: 876.5000000000001
2025-04-22 15:25:16,197 [DEBUG]  Q-Error was: 1.000570776255708
2025-04-22 15:25:16,197 [DEBUG]  Predicting cardinality for query 194: SELECT COUNT(*) FROM auction_verification WHERE f6 < 5.0 AND f4 <= 1.0;
2025-04-22 15:25:16,204 [DEBUG]  		Latency: 5.16ms
2025-04-22 15:25:16,204 [DEBUG]  		True: 1433
2025-04-22 15:25:16,204 [DEBUG]  		Predicted: 1432.9999999999998
2025-04-22 15:25:16,204 [DEBUG]  Q-Error was: 1.0000000000000002
2025-04-22 15:25:16,204 [DEBUG]  Predicting cardinality for query 195: SELECT COUNT(*) FROM auction_verification WHERE f5 < 64.0 AND f3 = 2.0;
2025-04-22 15:25:16,211 [DEBUG]  		Latency: 4.73ms
2025-04-22 15:25:16,211 [DEBUG]  		True: 333
2025-04-22 15:25:16,211 [DEBUG]  		Predicted: 334.30592549865
2025-04-22 15:25:16,211 [DEBUG]  Q-Error was: 1.0039216981941441
2025-04-22 15:25:16,211 [DEBUG]  Predicting cardinality for query 196: SELECT COUNT(*) FROM auction_verification WHERE f4 = 1.0 AND f3 < 2.0 AND f1 >= 1.0;
2025-04-22 15:25:16,219 [DEBUG]  		Latency: 6.47ms
2025-04-22 15:25:16,219 [DEBUG]  		True: 0
2025-04-22 15:25:16,220 [DEBUG]  		Predicted: 10.801071659774967
2025-04-22 15:25:16,220 [DEBUG]  Q-Error was: 10.801071659774967
2025-04-22 15:25:16,220 [DEBUG]  Predicting cardinality for query 197: SELECT COUNT(*) FROM auction_verification WHERE f5 > 64.0 AND f7 > 0.0 AND f4 < 0.0 AND f6 >= 2.0;
2025-04-22 15:25:16,232 [DEBUG]  		Latency: 9.95ms
2025-04-22 15:25:16,232 [DEBUG]  		True: 0
2025-04-22 15:25:16,232 [DEBUG]  		Predicted: 1.0
2025-04-22 15:25:16,232 [DEBUG]  Q-Error was: 1.0
2025-04-22 15:25:16,232 [DEBUG]  Predicting cardinality for query 198: SELECT COUNT(*) FROM auction_verification WHERE f2 < 3.0 AND f7 > 0.0 AND f3 <= 2.0 AND f1 >= 2.0 AND f5 <= 67.0;
2025-04-22 15:25:16,245 [DEBUG]  		Latency: 10.78ms
2025-04-22 15:25:16,245 [DEBUG]  		True: 0
2025-04-22 15:25:16,245 [DEBUG]  		Predicted: 12.586006719618283
2025-04-22 15:25:16,245 [DEBUG]  Q-Error was: 12.586006719618283
2025-04-22 15:25:16,245 [DEBUG]  Predicting cardinality for query 199: SELECT COUNT(*) FROM auction_verification WHERE f7 >= 0.0 AND f3 <= 2.0 AND f5 > 66.0 AND f4 >= 1.0 AND f2 <= 3.0;
2025-04-22 15:25:16,258 [DEBUG]  		Latency: 10.73ms
2025-04-22 15:25:16,259 [DEBUG]  		True: 875
2025-04-22 15:25:16,259 [DEBUG]  		Predicted: 848.5575533814309
2025-04-22 15:25:16,259 [DEBUG]  Q-Error was: 1.031161641910084
2025-04-22 15:25:16,259 [DEBUG]  Predicting cardinality for query 200: SELECT COUNT(*) FROM auction_verification WHERE f3 > 2.0;
2025-04-22 15:25:16,262 [DEBUG]  		Latency: 1.57ms
2025-04-22 15:25:16,262 [DEBUG]  		True: 0
2025-04-22 15:25:16,262 [DEBUG]  		Predicted: 1.0
2025-04-22 15:25:16,262 [DEBUG]  Q-Error was: 1.0
2025-04-22 15:25:16,262 [DEBUG]  Predicting cardinality for query 201: SELECT COUNT(*) FROM auction_verification WHERE f3 >= 2.0 AND f5 < 70.0 AND f6 <= 1.0;
2025-04-22 15:25:16,270 [DEBUG]  		Latency: 6.21ms
2025-04-22 15:25:16,271 [DEBUG]  		True: 158
2025-04-22 15:25:16,271 [DEBUG]  		Predicted: 161.07077969667708
2025-04-22 15:25:16,271 [DEBUG]  Q-Error was: 1.019435314535931
2025-04-22 15:25:16,271 [DEBUG]  Predicting cardinality for query 202: SELECT COUNT(*) FROM auction_verification WHERE f6 > 5.0 AND f5 > 65.0;
2025-04-22 15:25:16,278 [DEBUG]  		Latency: 5.55ms
2025-04-22 15:25:16,278 [DEBUG]  		True: 222
2025-04-22 15:25:16,278 [DEBUG]  		Predicted: 220.75510492689287
2025-04-22 15:25:16,278 [DEBUG]  Q-Error was: 1.0056392583696734
2025-04-22 15:25:16,278 [DEBUG]  Predicting cardinality for query 203: SELECT COUNT(*) FROM auction_verification WHERE f5 > 80.0;
2025-04-22 15:25:16,284 [DEBUG]  		Latency: 3.69ms
2025-04-22 15:25:16,284 [DEBUG]  		True: 192
2025-04-22 15:25:16,284 [DEBUG]  		Predicted: 191.99999999999997
2025-04-22 15:25:16,284 [DEBUG]  Q-Error was: 1.0000000000000002
2025-04-22 15:25:16,284 [DEBUG]  Predicting cardinality for query 204: SELECT COUNT(*) FROM auction_verification WHERE f3 <= 2.0;
2025-04-22 15:25:16,286 [DEBUG]  		Latency: 0.05ms
2025-04-22 15:25:16,286 [DEBUG]  		True: 2043
2025-04-22 15:25:16,286 [DEBUG]  		Predicted: 2043.0
2025-04-22 15:25:16,286 [DEBUG]  Q-Error was: 1.0
2025-04-22 15:25:16,286 [INFO ]  [ 1.83181444  1.87912088  2.04777812  2.33886291  3.66911582 10.80107166
 11.45165161 12.58600672 22.20668072 22.91138244]
2025-04-22 15:25:16,286 [INFO ]  Q-Error 50%-Percentile: 1.000 (vs. DeepDB: 1.3)
2025-04-22 15:25:16,287 [INFO ]  Q-Error 70%-Percentile: 1.011 (vs. DeepDB: 111)
2025-04-22 15:25:16,287 [INFO ]  Q-Error 90%-Percentile: 1.276 (vs. DeepDB: 3.46)
2025-04-22 15:25:16,287 [INFO ]  Q-Error 95%-Percentile: 1.659 (vs. DeepDB: 5.09)
2025-04-22 15:25:16,287 [INFO ]  Q-Error 99%-Percentile: 12.541 (vs. DeepDB: 111)
2025-04-22 15:25:16,287 [INFO ]  Q-Error 100%-Percentile: 22.911 (vs. DeepDB: 40.64)
2025-04-22 15:25:16,287 [INFO ]  Q-Mean wo inf 1.433 (vs. DeepDB: 2.76)
2025-04-22 15:25:16,287 [INFO ]  Latency avg: 6.889ms
2025-04-22 15:25:16,288 [INFO ]  Saving results to ./baselines/cardinality_estimation/results/deepDB/auction_verification_model_based_budget_5.csv
