2025-04-22 02:28:21,997 [INFO ]  Creating naive ensemble.
2025-04-22 02:28:21,997 [INFO ]  Learning SPN for bias_correction_ucl.
2025-04-22 02:28:21,997 [DEBUG]  generate_join_sample(single_table=bias_correction_ucl, relationship_list=None, split_condition=None)
2025-04-22 02:28:22,030 [DEBUG]  Using min_instance_slice parameter 77.5.
2025-04-22 02:28:22,030 [INFO ]  SPN training phase with 7750 samples
2025-04-22 02:28:22,042 [DEBUG]  Built domains in 0.011441081995144486 sec
2025-04-22 02:28:22,390 [DEBUG]  CACHEDIR=/home/dafn/.cache/matplotlib
2025-04-22 02:28:22,391 [DEBUG]  Using fontManager instance from /home/dafn/.cache/matplotlib/fontlist-v300.json
2025-04-22 02:28:22,486 [DEBUG]  Loaded backend qt5agg version unknown.
2025-04-22 02:28:22,516 [DEBUG]  Loaded backend qt5agg version unknown.
2025-04-22 02:28:22,517 [DEBUG]  Loaded backend qt4agg version unknown.
2025-04-22 02:28:22,523 [DEBUG]  Loaded backend tkagg version unknown.
2025-04-22 02:28:22,524 [DEBUG]  Loaded backend agg version unknown.
2025-04-22 02:28:22,524 [DEBUG]  Loaded backend agg version unknown.
2025-04-22 02:28:22,528 [DEBUG]  OP: Operation.SPLIT_ROWS on slice (7750, 25) (remaining tasks 0)
2025-04-22 02:28:22,643 [DEBUG]  		found 2 row clusters (in 0.11431 secs)
2025-04-22 02:28:22,644 [DEBUG]  OP: Operation.SPLIT_COLUMNS on slice (4762, 25) (remaining tasks 1)
2025-04-22 02:28:29,651 [DEBUG]  		found 2 col clusters (in 7.00710 secs)
2025-04-22 02:28:29,652 [DEBUG]  OP: Operation.SPLIT_COLUMNS on slice (2988, 25) (remaining tasks 2)
2025-04-22 02:29:05,630 [DEBUG]  		found 1 col clusters (in 35.97750 secs)
2025-04-22 02:29:05,631 [DEBUG]  OP: Operation.SPLIT_COLUMNS on slice (4762, 24) (remaining tasks 2)
2025-04-22 02:29:13,146 [DEBUG]  		found 1 col clusters (in 7.51423 secs)
2025-04-22 02:29:13,147 [DEBUG]  OP: Operation.CREATE_LEAF on slice (4762, 1) (remaining tasks 2)
2025-04-22 02:29:13,148 [DEBUG]  		 created leaf IdentityNumericLeaf for scope=[1] (in 0.00063 secs)
2025-04-22 02:29:13,150 [DEBUG]  OP: Operation.SPLIT_ROWS on slice (2988, 25) (remaining tasks 1)
2025-04-22 02:29:13,367 [DEBUG]  		found 2 row clusters (in 0.21731 secs)
2025-04-22 02:29:13,368 [DEBUG]  OP: Operation.SPLIT_ROWS on slice (4762, 24) (remaining tasks 2)
2025-04-22 02:29:13,431 [DEBUG]  		found 2 row clusters (in 0.06268 secs)
2025-04-22 02:29:13,431 [DEBUG]  OP: Operation.SPLIT_COLUMNS on slice (1576, 25) (remaining tasks 3)
2025-04-22 02:29:44,676 [DEBUG]  		found 1 col clusters (in 31.24455 secs)
2025-04-22 02:29:44,677 [DEBUG]  OP: Operation.SPLIT_COLUMNS on slice (1412, 25) (remaining tasks 3)
2025-04-22 02:30:01,868 [DEBUG]  		found 1 col clusters (in 17.19077 secs)
2025-04-22 02:30:01,868 [DEBUG]  OP: Operation.SPLIT_COLUMNS on slice (2860, 24) (remaining tasks 3)
2025-04-22 02:30:35,988 [DEBUG]  		found 1 col clusters (in 34.11976 secs)
2025-04-22 02:30:35,989 [DEBUG]  OP: Operation.SPLIT_COLUMNS on slice (1902, 24) (remaining tasks 3)
2025-04-22 02:31:07,839 [DEBUG]  		found 2 col clusters (in 31.84986 secs)
2025-04-22 02:31:07,840 [DEBUG]  OP: Operation.SPLIT_ROWS on slice (1576, 25) (remaining tasks 4)
2025-04-22 02:31:07,930 [DEBUG]  		found 2 row clusters (in 0.08994 secs)
2025-04-22 02:31:07,931 [DEBUG]  OP: Operation.SPLIT_ROWS on slice (1412, 25) (remaining tasks 5)
2025-04-22 02:31:07,972 [DEBUG]  		found 2 row clusters (in 0.04123 secs)
2025-04-22 02:31:07,973 [DEBUG]  OP: Operation.SPLIT_ROWS on slice (2860, 24) (remaining tasks 6)
2025-04-22 02:31:08,036 [DEBUG]  		found 2 row clusters (in 0.06324 secs)
2025-04-22 02:31:08,036 [DEBUG]  OP: Operation.SPLIT_COLUMNS on slice (1902, 23) (remaining tasks 7)
2025-04-22 02:31:37,413 [DEBUG]  		found 1 col clusters (in 29.37643 secs)
2025-04-22 02:31:37,414 [DEBUG]  OP: Operation.CREATE_LEAF on slice (1902, 1) (remaining tasks 7)
2025-04-22 02:31:37,415 [DEBUG]  		 created leaf IdentityNumericLeaf for scope=[8] (in 0.00138 secs)
2025-04-22 02:31:37,416 [DEBUG]  OP: Operation.SPLIT_COLUMNS on slice (808, 25) (remaining tasks 6)
2025-04-22 02:31:48,201 [DEBUG]  		found 1 col clusters (in 10.78468 secs)
2025-04-22 02:31:48,201 [DEBUG]  OP: Operation.SPLIT_COLUMNS on slice (768, 25) (remaining tasks 6)
2025-04-22 02:32:00,760 [DEBUG]  		found 1 col clusters (in 12.55870 secs)
2025-04-22 02:32:00,761 [DEBUG]  OP: Operation.SPLIT_COLUMNS on slice (678, 25) (remaining tasks 6)
2025-04-22 02:32:04,705 [DEBUG]  		found 1 col clusters (in 3.94403 secs)
2025-04-22 02:32:04,706 [DEBUG]  OP: Operation.SPLIT_COLUMNS on slice (734, 25) (remaining tasks 6)
2025-04-22 02:32:08,136 [DEBUG]  		found 1 col clusters (in 3.42993 secs)
2025-04-22 02:32:08,137 [DEBUG]  OP: Operation.SPLIT_COLUMNS on slice (1617, 24) (remaining tasks 6)
2025-04-22 02:32:35,243 [DEBUG]  		found 1 col clusters (in 27.10590 secs)
2025-04-22 02:32:35,244 [DEBUG]  OP: Operation.SPLIT_COLUMNS on slice (1243, 24) (remaining tasks 6)
2025-04-22 02:32:52,319 [DEBUG]  		found 1 col clusters (in 17.07485 secs)
2025-04-22 02:32:52,320 [DEBUG]  OP: Operation.SPLIT_ROWS on slice (1902, 23) (remaining tasks 6)
2025-04-22 02:32:52,467 [DEBUG]  		found 2 row clusters (in 0.14663 secs)
2025-04-22 02:32:52,467 [DEBUG]  OP: Operation.SPLIT_ROWS on slice (808, 25) (remaining tasks 7)
2025-04-22 02:32:52,497 [DEBUG]  		found 2 row clusters (in 0.03022 secs)
2025-04-22 02:32:52,498 [DEBUG]  OP: Operation.SPLIT_ROWS on slice (768, 25) (remaining tasks 8)
2025-04-22 02:32:52,534 [DEBUG]  		found 2 row clusters (in 0.03602 secs)
2025-04-22 02:32:52,535 [DEBUG]  OP: Operation.SPLIT_ROWS on slice (678, 25) (remaining tasks 9)
2025-04-22 02:32:52,577 [DEBUG]  		found 2 row clusters (in 0.04191 secs)
2025-04-22 02:32:52,577 [DEBUG]  OP: Operation.SPLIT_ROWS on slice (734, 25) (remaining tasks 10)
2025-04-22 02:32:52,603 [DEBUG]  		found 2 row clusters (in 0.02581 secs)
2025-04-22 02:32:52,603 [DEBUG]  OP: Operation.SPLIT_ROWS on slice (1617, 24) (remaining tasks 11)
2025-04-22 02:32:52,637 [DEBUG]  		found 2 row clusters (in 0.03383 secs)
2025-04-22 02:32:52,637 [DEBUG]  OP: Operation.SPLIT_ROWS on slice (1243, 24) (remaining tasks 12)
2025-04-22 02:32:52,676 [DEBUG]  		found 2 row clusters (in 0.03866 secs)
2025-04-22 02:32:52,677 [DEBUG]  OP: Operation.SPLIT_COLUMNS on slice (920, 23) (remaining tasks 13)
2025-04-22 02:33:03,387 [DEBUG]  		found 1 col clusters (in 10.71020 secs)
2025-04-22 02:33:03,388 [DEBUG]  OP: Operation.SPLIT_COLUMNS on slice (982, 23) (remaining tasks 13)
2025-04-22 02:33:14,490 [DEBUG]  		found 1 col clusters (in 11.10213 secs)
2025-04-22 02:33:14,491 [DEBUG]  OP: Operation.SPLIT_COLUMNS on slice (400, 25) (remaining tasks 13)
2025-04-22 02:33:25,157 [DEBUG]  		found 1 col clusters (in 10.66602 secs)
2025-04-22 02:33:25,158 [DEBUG]  OP: Operation.SPLIT_COLUMNS on slice (408, 25) (remaining tasks 13)
2025-04-22 02:33:35,266 [DEBUG]  		found 1 col clusters (in 10.10858 secs)
2025-04-22 02:33:35,267 [DEBUG]  OP: Operation.SPLIT_COLUMNS on slice (318, 25) (remaining tasks 13)
2025-04-22 02:33:44,091 [DEBUG]  		found 1 col clusters (in 8.82429 secs)
2025-04-22 02:33:44,092 [DEBUG]  OP: Operation.SPLIT_COLUMNS on slice (450, 25) (remaining tasks 13)
2025-04-22 02:33:53,694 [DEBUG]  		found 1 col clusters (in 9.60121 secs)
2025-04-22 02:33:53,694 [DEBUG]  OP: Operation.SPLIT_COLUMNS on slice (388, 25) (remaining tasks 13)
2025-04-22 02:34:02,994 [DEBUG]  		found 1 col clusters (in 9.29891 secs)
2025-04-22 02:34:02,994 [DEBUG]  OP: Operation.SPLIT_COLUMNS on slice (290, 25) (remaining tasks 13)
2025-04-22 02:34:12,447 [DEBUG]  		found 1 col clusters (in 9.45263 secs)
2025-04-22 02:34:12,448 [DEBUG]  OP: Operation.SPLIT_COLUMNS on slice (295, 25) (remaining tasks 13)
2025-04-22 02:34:21,261 [DEBUG]  		found 1 col clusters (in 8.81310 secs)
2025-04-22 02:34:21,262 [DEBUG]  OP: Operation.SPLIT_COLUMNS on slice (439, 25) (remaining tasks 13)
2025-04-22 02:34:31,175 [DEBUG]  		found 1 col clusters (in 9.91332 secs)
2025-04-22 02:34:31,176 [DEBUG]  OP: Operation.SPLIT_COLUMNS on slice (356, 24) (remaining tasks 13)
2025-04-22 02:34:40,712 [DEBUG]  		found 1 col clusters (in 9.53618 secs)
2025-04-22 02:34:40,713 [DEBUG]  OP: Operation.SPLIT_COLUMNS on slice (1261, 24) (remaining tasks 13)
2025-04-22 02:34:58,547 [DEBUG]  		found 1 col clusters (in 17.83340 secs)
2025-04-22 02:34:58,548 [DEBUG]  OP: Operation.SPLIT_COLUMNS on slice (1078, 24) (remaining tasks 13)
2025-04-22 02:35:16,082 [DEBUG]  		found 1 col clusters (in 17.53420 secs)
2025-04-22 02:35:16,083 [DEBUG]  OP: Operation.SPLIT_COLUMNS on slice (165, 24) (remaining tasks 13)
2025-04-22 02:35:17,277 [DEBUG]  		found 2 col clusters (in 1.19423 secs)
2025-04-22 02:35:17,278 [DEBUG]  OP: Operation.SPLIT_ROWS on slice (920, 23) (remaining tasks 14)
2025-04-22 02:35:17,379 [DEBUG]  		found 2 row clusters (in 0.10095 secs)
2025-04-22 02:35:17,380 [DEBUG]  OP: Operation.SPLIT_ROWS on slice (982, 23) (remaining tasks 15)
2025-04-22 02:35:17,416 [DEBUG]  		found 2 row clusters (in 0.03514 secs)
2025-04-22 02:35:17,416 [DEBUG]  OP: Operation.SPLIT_ROWS on slice (400, 25) (remaining tasks 16)
2025-04-22 02:35:17,454 [DEBUG]  		found 2 row clusters (in 0.03799 secs)
2025-04-22 02:35:17,455 [DEBUG]  OP: Operation.SPLIT_ROWS on slice (408, 25) (remaining tasks 17)
2025-04-22 02:35:17,487 [DEBUG]  		found 2 row clusters (in 0.03257 secs)
2025-04-22 02:35:17,487 [DEBUG]  OP: Operation.SPLIT_ROWS on slice (318, 25) (remaining tasks 18)
2025-04-22 02:35:17,509 [DEBUG]  		found 2 row clusters (in 0.02113 secs)
2025-04-22 02:35:17,509 [DEBUG]  OP: Operation.SPLIT_ROWS on slice (450, 25) (remaining tasks 19)
2025-04-22 02:35:17,536 [DEBUG]  		found 2 row clusters (in 0.02666 secs)
2025-04-22 02:35:17,536 [DEBUG]  OP: Operation.SPLIT_ROWS on slice (388, 25) (remaining tasks 20)
2025-04-22 02:35:17,561 [DEBUG]  		found 2 row clusters (in 0.02538 secs)
2025-04-22 02:35:17,562 [DEBUG]  OP: Operation.SPLIT_ROWS on slice (290, 25) (remaining tasks 21)
2025-04-22 02:35:17,585 [DEBUG]  		found 2 row clusters (in 0.02314 secs)
2025-04-22 02:35:17,585 [DEBUG]  OP: Operation.SPLIT_ROWS on slice (295, 25) (remaining tasks 22)
2025-04-22 02:35:17,610 [DEBUG]  		found 2 row clusters (in 0.02526 secs)
2025-04-22 02:35:17,611 [DEBUG]  OP: Operation.SPLIT_ROWS on slice (439, 25) (remaining tasks 23)
2025-04-22 02:35:17,634 [DEBUG]  		found 2 row clusters (in 0.02357 secs)
2025-04-22 02:35:17,635 [DEBUG]  OP: Operation.SPLIT_ROWS on slice (356, 24) (remaining tasks 24)
2025-04-22 02:35:17,655 [DEBUG]  		found 2 row clusters (in 0.01995 secs)
2025-04-22 02:35:17,655 [DEBUG]  OP: Operation.SPLIT_ROWS on slice (1261, 24) (remaining tasks 25)
2025-04-22 02:35:17,699 [DEBUG]  		found 2 row clusters (in 0.04399 secs)
2025-04-22 02:35:17,699 [DEBUG]  OP: Operation.SPLIT_ROWS on slice (1078, 24) (remaining tasks 26)
2025-04-22 02:35:17,736 [DEBUG]  		found 2 row clusters (in 0.03621 secs)
2025-04-22 02:35:17,736 [DEBUG]  OP: Operation.SPLIT_COLUMNS on slice (165, 23) (remaining tasks 27)
2025-04-22 02:35:18,702 [DEBUG]  		found 1 col clusters (in 0.96641 secs)
2025-04-22 02:35:18,703 [DEBUG]  OP: Operation.CREATE_LEAF on slice (165, 1) (remaining tasks 27)
2025-04-22 02:35:18,703 [DEBUG]  		 created leaf IdentityNumericLeaf for scope=[22] (in 0.00033 secs)
2025-04-22 02:35:18,704 [DEBUG]  OP: Operation.SPLIT_COLUMNS on slice (782, 23) (remaining tasks 26)
2025-04-22 02:35:28,941 [DEBUG]  		found 1 col clusters (in 10.23741 secs)
2025-04-22 02:35:28,942 [DEBUG]  OP: Operation.SPLIT_COLUMNS on slice (138, 23) (remaining tasks 26)
2025-04-22 02:35:30,037 [DEBUG]  		found 2 col clusters (in 1.09409 secs)
2025-04-22 02:35:30,037 [DEBUG]  OP: Operation.SPLIT_COLUMNS on slice (137, 23) (remaining tasks 27)
2025-04-22 02:35:31,042 [DEBUG]  		found 1 col clusters (in 1.00514 secs)
2025-04-22 02:35:31,043 [DEBUG]  OP: Operation.SPLIT_COLUMNS on slice (845, 23) (remaining tasks 27)
2025-04-22 02:35:40,267 [DEBUG]  		found 1 col clusters (in 9.22404 secs)
2025-04-22 02:35:40,267 [DEBUG]  OP: Operation.NAIVE_FACTORIZATION on slice (67, 25) (remaining tasks 27)
2025-04-22 02:35:40,282 [DEBUG]  		naive factorization 25 columns (in 0.01416 secs)
2025-04-22 02:35:40,282 [DEBUG]  OP: Operation.SPLIT_COLUMNS on slice (333, 25) (remaining tasks 26)
2025-04-22 02:35:50,913 [DEBUG]  		found 1 col clusters (in 10.63059 secs)
2025-04-22 02:35:50,914 [DEBUG]  OP: Operation.SPLIT_COLUMNS on slice (168, 25) (remaining tasks 26)
2025-04-22 02:35:52,147 [DEBUG]  		found 1 col clusters (in 1.23344 secs)
2025-04-22 02:35:52,148 [DEBUG]  OP: Operation.SPLIT_COLUMNS on slice (240, 25) (remaining tasks 26)
2025-04-22 02:36:00,999 [DEBUG]  		found 1 col clusters (in 8.85082 secs)
2025-04-22 02:36:00,999 [DEBUG]  OP: Operation.SPLIT_COLUMNS on slice (158, 25) (remaining tasks 26)
2025-04-22 02:36:02,234 [DEBUG]  		found 1 col clusters (in 1.23406 secs)
2025-04-22 02:36:02,234 [DEBUG]  OP: Operation.SPLIT_COLUMNS on slice (160, 25) (remaining tasks 26)
2025-04-22 02:36:03,457 [DEBUG]  		found 1 col clusters (in 1.22273 secs)
2025-04-22 02:36:03,458 [DEBUG]  OP: Operation.SPLIT_COLUMNS on slice (230, 25) (remaining tasks 26)
2025-04-22 02:36:11,493 [DEBUG]  		found 1 col clusters (in 8.03491 secs)
2025-04-22 02:36:11,493 [DEBUG]  OP: Operation.SPLIT_COLUMNS on slice (220, 25) (remaining tasks 26)
2025-04-22 02:36:19,231 [DEBUG]  		found 1 col clusters (in 7.73774 secs)
2025-04-22 02:36:19,232 [DEBUG]  OP: Operation.SPLIT_COLUMNS on slice (207, 25) (remaining tasks 26)
2025-04-22 02:36:27,295 [DEBUG]  		found 1 col clusters (in 8.06352 secs)
2025-04-22 02:36:27,296 [DEBUG]  OP: Operation.SPLIT_COLUMNS on slice (181, 25) (remaining tasks 26)
2025-04-22 02:36:28,478 [DEBUG]  		found 2 col clusters (in 1.18266 secs)
2025-04-22 02:36:28,479 [DEBUG]  OP: Operation.SPLIT_COLUMNS on slice (136, 25) (remaining tasks 27)
2025-04-22 02:36:29,632 [DEBUG]  		found 1 col clusters (in 1.15287 secs)
2025-04-22 02:36:29,633 [DEBUG]  OP: Operation.SPLIT_COLUMNS on slice (154, 25) (remaining tasks 27)
2025-04-22 02:36:30,823 [DEBUG]  		found 1 col clusters (in 1.19017 secs)
2025-04-22 02:36:30,823 [DEBUG]  OP: Operation.SPLIT_COLUMNS on slice (159, 25) (remaining tasks 27)
2025-04-22 02:36:32,128 [DEBUG]  		found 1 col clusters (in 1.30479 secs)
2025-04-22 02:36:32,129 [DEBUG]  OP: Operation.SPLIT_COLUMNS on slice (136, 25) (remaining tasks 27)
2025-04-22 02:36:33,357 [DEBUG]  		found 1 col clusters (in 1.22786 secs)
2025-04-22 02:36:33,357 [DEBUG]  OP: Operation.SPLIT_COLUMNS on slice (219, 25) (remaining tasks 27)
2025-04-22 02:36:40,904 [DEBUG]  		found 1 col clusters (in 7.54690 secs)
2025-04-22 02:36:40,905 [DEBUG]  OP: Operation.SPLIT_COLUMNS on slice (220, 25) (remaining tasks 27)
2025-04-22 02:36:48,434 [DEBUG]  		found 1 col clusters (in 7.52841 secs)
2025-04-22 02:36:48,434 [DEBUG]  OP: Operation.SPLIT_COLUMNS on slice (165, 24) (remaining tasks 27)
2025-04-22 02:36:49,560 [DEBUG]  		found 2 col clusters (in 1.12622 secs)
2025-04-22 02:36:49,561 [DEBUG]  OP: Operation.SPLIT_COLUMNS on slice (191, 24) (remaining tasks 28)
2025-04-22 02:36:50,708 [DEBUG]  		found 1 col clusters (in 1.14680 secs)
2025-04-22 02:36:50,708 [DEBUG]  OP: Operation.SPLIT_COLUMNS on slice (414, 24) (remaining tasks 28)
2025-04-22 02:37:01,397 [DEBUG]  		found 1 col clusters (in 10.68891 secs)
2025-04-22 02:37:01,398 [DEBUG]  OP: Operation.SPLIT_COLUMNS on slice (847, 24) (remaining tasks 28)
2025-04-22 02:37:14,602 [DEBUG]  		found 1 col clusters (in 13.20404 secs)
2025-04-22 02:37:14,603 [DEBUG]  OP: Operation.SPLIT_COLUMNS on slice (576, 24) (remaining tasks 28)
2025-04-22 02:37:17,282 [DEBUG]  		found 1 col clusters (in 2.67852 secs)
2025-04-22 02:37:17,282 [DEBUG]  OP: Operation.SPLIT_COLUMNS on slice (502, 24) (remaining tasks 28)
2025-04-22 02:37:27,332 [DEBUG]  		found 1 col clusters (in 10.04952 secs)
2025-04-22 02:37:27,332 [DEBUG]  OP: Operation.SPLIT_ROWS on slice (165, 23) (remaining tasks 28)
2025-04-22 02:37:27,381 [DEBUG]  		found 2 row clusters (in 0.04865 secs)
2025-04-22 02:37:27,382 [DEBUG]  OP: Operation.SPLIT_ROWS on slice (782, 23) (remaining tasks 29)
2025-04-22 02:37:27,477 [DEBUG]  		found 2 row clusters (in 0.09536 secs)
2025-04-22 02:37:27,477 [DEBUG]  OP: Operation.SPLIT_COLUMNS on slice (138, 22) (remaining tasks 30)
2025-04-22 02:37:28,336 [DEBUG]  		found 1 col clusters (in 0.85877 secs)
2025-04-22 02:37:28,336 [DEBUG]  OP: Operation.CREATE_LEAF on slice (138, 1) (remaining tasks 30)
2025-04-22 02:37:28,337 [DEBUG]  		 created leaf IdentityNumericLeaf for scope=[22] (in 0.00031 secs)
2025-04-22 02:37:28,337 [DEBUG]  OP: Operation.SPLIT_ROWS on slice (137, 23) (remaining tasks 29)
2025-04-22 02:37:28,380 [DEBUG]  		found 2 row clusters (in 0.04253 secs)
2025-04-22 02:37:28,380 [DEBUG]  OP: Operation.SPLIT_ROWS on slice (845, 23) (remaining tasks 30)
2025-04-22 02:37:28,486 [DEBUG]  		found 2 row clusters (in 0.10597 secs)
2025-04-22 02:37:28,487 [DEBUG]  OP: Operation.SPLIT_ROWS on slice (333, 25) (remaining tasks 31)
2025-04-22 02:37:28,523 [DEBUG]  		found 2 row clusters (in 0.03623 secs)
2025-04-22 02:37:28,523 [DEBUG]  OP: Operation.SPLIT_ROWS on slice (168, 25) (remaining tasks 32)
2025-04-22 02:37:28,545 [DEBUG]  		found 2 row clusters (in 0.02141 secs)
2025-04-22 02:37:28,545 [DEBUG]  OP: Operation.SPLIT_ROWS on slice (240, 25) (remaining tasks 33)
2025-04-22 02:37:28,572 [DEBUG]  		found 2 row clusters (in 0.02644 secs)
2025-04-22 02:37:28,572 [DEBUG]  OP: Operation.SPLIT_ROWS on slice (158, 25) (remaining tasks 34)
2025-04-22 02:37:28,592 [DEBUG]  		found 2 row clusters (in 0.01972 secs)
2025-04-22 02:37:28,592 [DEBUG]  OP: Operation.SPLIT_ROWS on slice (160, 25) (remaining tasks 35)
2025-04-22 02:37:28,609 [DEBUG]  		found 2 row clusters (in 0.01724 secs)
2025-04-22 02:37:28,609 [DEBUG]  OP: Operation.SPLIT_ROWS on slice (230, 25) (remaining tasks 36)
2025-04-22 02:37:28,627 [DEBUG]  		found 2 row clusters (in 0.01790 secs)
2025-04-22 02:37:28,628 [DEBUG]  OP: Operation.SPLIT_ROWS on slice (220, 25) (remaining tasks 37)
2025-04-22 02:37:28,645 [DEBUG]  		found 2 row clusters (in 0.01736 secs)
2025-04-22 02:37:28,645 [DEBUG]  OP: Operation.SPLIT_ROWS on slice (207, 25) (remaining tasks 38)
2025-04-22 02:37:28,663 [DEBUG]  		found 2 row clusters (in 0.01728 secs)
2025-04-22 02:37:28,663 [DEBUG]  OP: Operation.SPLIT_COLUMNS on slice (181, 24) (remaining tasks 39)
2025-04-22 02:37:29,716 [DEBUG]  		found 1 col clusters (in 1.05328 secs)
2025-04-22 02:37:29,716 [DEBUG]  OP: Operation.CREATE_LEAF on slice (181, 1) (remaining tasks 39)
2025-04-22 02:37:29,717 [DEBUG]  		 created leaf IdentityNumericLeaf for scope=[14] (in 0.00029 secs)
2025-04-22 02:37:29,717 [DEBUG]  OP: Operation.SPLIT_ROWS on slice (136, 25) (remaining tasks 38)
2025-04-22 02:37:29,786 [DEBUG]  		found 2 row clusters (in 0.06837 secs)
2025-04-22 02:37:29,786 [DEBUG]  OP: Operation.SPLIT_ROWS on slice (154, 25) (remaining tasks 39)
2025-04-22 02:37:29,822 [DEBUG]  		found 2 row clusters (in 0.03621 secs)
2025-04-22 02:37:29,822 [DEBUG]  OP: Operation.SPLIT_ROWS on slice (159, 25) (remaining tasks 40)
2025-04-22 02:37:29,855 [DEBUG]  		found 2 row clusters (in 0.03264 secs)
2025-04-22 02:37:29,855 [DEBUG]  OP: Operation.SPLIT_ROWS on slice (136, 25) (remaining tasks 41)
2025-04-22 02:37:29,874 [DEBUG]  		found 2 row clusters (in 0.01841 secs)
2025-04-22 02:37:29,874 [DEBUG]  OP: Operation.SPLIT_ROWS on slice (219, 25) (remaining tasks 42)
2025-04-22 02:37:29,893 [DEBUG]  		found 2 row clusters (in 0.01899 secs)
2025-04-22 02:37:29,893 [DEBUG]  OP: Operation.SPLIT_ROWS on slice (220, 25) (remaining tasks 43)
2025-04-22 02:37:29,909 [DEBUG]  		found 2 row clusters (in 0.01516 secs)
2025-04-22 02:37:29,909 [DEBUG]  OP: Operation.SPLIT_COLUMNS on slice (165, 23) (remaining tasks 44)
2025-04-22 02:37:30,832 [DEBUG]  		found 1 col clusters (in 0.92336 secs)
2025-04-22 02:37:30,833 [DEBUG]  OP: Operation.CREATE_LEAF on slice (165, 1) (remaining tasks 44)
2025-04-22 02:37:30,833 [DEBUG]  		 created leaf IdentityNumericLeaf for scope=[22] (in 0.00032 secs)
2025-04-22 02:37:30,834 [DEBUG]  OP: Operation.SPLIT_ROWS on slice (191, 24) (remaining tasks 43)
2025-04-22 02:37:30,902 [DEBUG]  		found 2 row clusters (in 0.06795 secs)
2025-04-22 02:37:30,902 [DEBUG]  OP: Operation.SPLIT_ROWS on slice (414, 24) (remaining tasks 44)
2025-04-22 02:37:30,992 [DEBUG]  		found 2 row clusters (in 0.09011 secs)
2025-04-22 02:37:30,993 [DEBUG]  OP: Operation.SPLIT_ROWS on slice (847, 24) (remaining tasks 45)
2025-04-22 02:37:31,046 [DEBUG]  		found 2 row clusters (in 0.05308 secs)
2025-04-22 02:37:31,046 [DEBUG]  OP: Operation.SPLIT_ROWS on slice (576, 24) (remaining tasks 46)
2025-04-22 02:37:31,077 [DEBUG]  		found 2 row clusters (in 0.03038 secs)
2025-04-22 02:37:31,077 [DEBUG]  OP: Operation.SPLIT_ROWS on slice (502, 24) (remaining tasks 47)
2025-04-22 02:37:31,103 [DEBUG]  		found 2 row clusters (in 0.02557 secs)
2025-04-22 02:37:31,103 [DEBUG]  OP: Operation.SPLIT_COLUMNS on slice (90, 23) (remaining tasks 48)
2025-04-22 02:37:32,197 [DEBUG]  		found 1 col clusters (in 1.09388 secs)
2025-04-22 02:37:32,197 [DEBUG]  OP: Operation.NAIVE_FACTORIZATION on slice (75, 23) (remaining tasks 48)
2025-04-22 02:37:32,207 [DEBUG]  		naive factorization 23 columns (in 0.00979 secs)
2025-04-22 02:37:32,208 [DEBUG]  OP: Operation.SPLIT_COLUMNS on slice (367, 23) (remaining tasks 47)
2025-04-22 02:37:40,590 [DEBUG]  		found 1 col clusters (in 8.38117 secs)
2025-04-22 02:37:40,590 [DEBUG]  OP: Operation.SPLIT_COLUMNS on slice (415, 23) (remaining tasks 47)
2025-04-22 02:37:49,738 [DEBUG]  		found 1 col clusters (in 9.14773 secs)
2025-04-22 02:37:49,739 [DEBUG]  OP: Operation.SPLIT_ROWS on slice (138, 22) (remaining tasks 47)
2025-04-22 02:37:49,807 [DEBUG]  		found 2 row clusters (in 0.06784 secs)
2025-04-22 02:37:49,809 [DEBUG]  OP: Operation.NAIVE_FACTORIZATION on slice (75, 23) (remaining tasks 48)
2025-04-22 02:37:49,819 [DEBUG]  		naive factorization 23 columns (in 0.00903 secs)
2025-04-22 02:37:49,819 [DEBUG]  OP: Operation.NAIVE_FACTORIZATION on slice (62, 23) (remaining tasks 47)
2025-04-22 02:37:49,829 [DEBUG]  		naive factorization 23 columns (in 0.00967 secs)
2025-04-22 02:37:49,830 [DEBUG]  OP: Operation.SPLIT_COLUMNS on slice (420, 23) (remaining tasks 46)
2025-04-22 02:37:59,571 [DEBUG]  		found 1 col clusters (in 9.74172 secs)
2025-04-22 02:37:59,572 [DEBUG]  OP: Operation.SPLIT_COLUMNS on slice (425, 23) (remaining tasks 46)
2025-04-22 02:38:08,989 [DEBUG]  		found 1 col clusters (in 9.41666 secs)
2025-04-22 02:38:08,990 [DEBUG]  OP: Operation.SPLIT_COLUMNS on slice (143, 25) (remaining tasks 46)
2025-04-22 02:38:10,245 [DEBUG]  		found 1 col clusters (in 1.25559 secs)
2025-04-22 02:38:10,246 [DEBUG]  OP: Operation.SPLIT_COLUMNS on slice (190, 25) (remaining tasks 46)
2025-04-22 02:38:11,489 [DEBUG]  		found 1 col clusters (in 1.24252 secs)
2025-04-22 02:38:11,489 [DEBUG]  OP: Operation.SPLIT_COLUMNS on slice (140, 25) (remaining tasks 46)
2025-04-22 02:38:12,697 [DEBUG]  		found 1 col clusters (in 1.20743 secs)
2025-04-22 02:38:12,697 [DEBUG]  OP: Operation.NAIVE_FACTORIZATION on slice (28, 25) (remaining tasks 46)
2025-04-22 02:38:12,709 [DEBUG]  		naive factorization 25 columns (in 0.01205 secs)
2025-04-22 02:38:12,709 [DEBUG]  OP: Operation.NAIVE_FACTORIZATION on slice (28, 25) (remaining tasks 45)
2025-04-22 02:38:12,724 [DEBUG]  		naive factorization 25 columns (in 0.01409 secs)
2025-04-22 02:38:12,724 [DEBUG]  OP: Operation.SPLIT_COLUMNS on slice (212, 25) (remaining tasks 44)
2025-04-22 02:38:20,432 [DEBUG]  		found 1 col clusters (in 7.70807 secs)
2025-04-22 02:38:20,433 [DEBUG]  OP: Operation.NAIVE_FACTORIZATION on slice (24, 25) (remaining tasks 44)
2025-04-22 02:38:20,446 [DEBUG]  		naive factorization 25 columns (in 0.01322 secs)
2025-04-22 02:38:20,447 [DEBUG]  OP: Operation.SPLIT_COLUMNS on slice (134, 25) (remaining tasks 43)
2025-04-22 02:38:21,586 [DEBUG]  		found 1 col clusters (in 1.13903 secs)
2025-04-22 02:38:21,586 [DEBUG]  OP: Operation.NAIVE_FACTORIZATION on slice (26, 25) (remaining tasks 43)
2025-04-22 02:38:21,600 [DEBUG]  		naive factorization 25 columns (in 0.01391 secs)
2025-04-22 02:38:21,601 [DEBUG]  OP: Operation.SPLIT_COLUMNS on slice (134, 25) (remaining tasks 42)
2025-04-22 02:38:22,799 [DEBUG]  		found 1 col clusters (in 1.19779 secs)
2025-04-22 02:38:22,799 [DEBUG]  OP: Operation.NAIVE_FACTORIZATION on slice (35, 25) (remaining tasks 42)
2025-04-22 02:38:22,811 [DEBUG]  		naive factorization 25 columns (in 0.01102 secs)
2025-04-22 02:38:22,811 [DEBUG]  OP: Operation.SPLIT_COLUMNS on slice (195, 25) (remaining tasks 41)
2025-04-22 02:38:30,240 [DEBUG]  		found 1 col clusters (in 7.42848 secs)
2025-04-22 02:38:30,240 [DEBUG]  OP: Operation.NAIVE_FACTORIZATION on slice (34, 25) (remaining tasks 41)
2025-04-22 02:38:30,251 [DEBUG]  		naive factorization 25 columns (in 0.01046 secs)
2025-04-22 02:38:30,251 [DEBUG]  OP: Operation.SPLIT_COLUMNS on slice (186, 25) (remaining tasks 40)
2025-04-22 02:38:31,497 [DEBUG]  		found 1 col clusters (in 1.24594 secs)
2025-04-22 02:38:31,498 [DEBUG]  OP: Operation.NAIVE_FACTORIZATION on slice (30, 25) (remaining tasks 40)
2025-04-22 02:38:31,508 [DEBUG]  		naive factorization 25 columns (in 0.01010 secs)
2025-04-22 02:38:31,508 [DEBUG]  OP: Operation.SPLIT_COLUMNS on slice (177, 25) (remaining tasks 39)
2025-04-22 02:38:32,704 [DEBUG]  		found 1 col clusters (in 1.19585 secs)
2025-04-22 02:38:32,705 [DEBUG]  OP: Operation.SPLIT_ROWS on slice (181, 24) (remaining tasks 39)
2025-04-22 02:38:32,753 [DEBUG]  		found 2 row clusters (in 0.04808 secs)
2025-04-22 02:38:32,754 [DEBUG]  OP: Operation.NAIVE_FACTORIZATION on slice (13, 25) (remaining tasks 40)
2025-04-22 02:38:32,763 [DEBUG]  		naive factorization 25 columns (in 0.00938 secs)
2025-04-22 02:38:32,764 [DEBUG]  OP: Operation.SPLIT_COLUMNS on slice (123, 25) (remaining tasks 39)
2025-04-22 02:38:34,201 [DEBUG]  		found 1 col clusters (in 1.43682 secs)
2025-04-22 02:38:34,201 [DEBUG]  OP: Operation.NAIVE_FACTORIZATION on slice (21, 25) (remaining tasks 39)
2025-04-22 02:38:34,211 [DEBUG]  		naive factorization 25 columns (in 0.00939 secs)
2025-04-22 02:38:34,211 [DEBUG]  OP: Operation.SPLIT_COLUMNS on slice (133, 25) (remaining tasks 38)
2025-04-22 02:38:35,393 [DEBUG]  		found 1 col clusters (in 1.18123 secs)
2025-04-22 02:38:35,393 [DEBUG]  OP: Operation.NAIVE_FACTORIZATION on slice (22, 25) (remaining tasks 38)
2025-04-22 02:38:35,403 [DEBUG]  		naive factorization 25 columns (in 0.01001 secs)
2025-04-22 02:38:35,404 [DEBUG]  OP: Operation.SPLIT_COLUMNS on slice (137, 25) (remaining tasks 37)
2025-04-22 02:38:36,623 [DEBUG]  		found 1 col clusters (in 1.21947 secs)
2025-04-22 02:38:36,624 [DEBUG]  OP: Operation.SPLIT_COLUMNS on slice (112, 25) (remaining tasks 37)
2025-04-22 02:38:37,950 [DEBUG]  		found 1 col clusters (in 1.32542 secs)
2025-04-22 02:38:37,950 [DEBUG]  OP: Operation.NAIVE_FACTORIZATION on slice (24, 25) (remaining tasks 37)
2025-04-22 02:38:37,960 [DEBUG]  		naive factorization 25 columns (in 0.00914 secs)
2025-04-22 02:38:37,960 [DEBUG]  OP: Operation.NAIVE_FACTORIZATION on slice (36, 25) (remaining tasks 36)
2025-04-22 02:38:37,969 [DEBUG]  		naive factorization 25 columns (in 0.00905 secs)
2025-04-22 02:38:37,970 [DEBUG]  OP: Operation.SPLIT_COLUMNS on slice (183, 25) (remaining tasks 35)
2025-04-22 02:38:39,217 [DEBUG]  		found 1 col clusters (in 1.24654 secs)
2025-04-22 02:38:39,217 [DEBUG]  OP: Operation.SPLIT_COLUMNS on slice (184, 25) (remaining tasks 35)
2025-04-22 02:38:40,452 [DEBUG]  		found 1 col clusters (in 1.23522 secs)
2025-04-22 02:38:40,453 [DEBUG]  OP: Operation.NAIVE_FACTORIZATION on slice (36, 25) (remaining tasks 35)
2025-04-22 02:38:40,462 [DEBUG]  		naive factorization 25 columns (in 0.00914 secs)
2025-04-22 02:38:40,463 [DEBUG]  OP: Operation.SPLIT_ROWS on slice (165, 23) (remaining tasks 34)
2025-04-22 02:38:40,506 [DEBUG]  		found 2 row clusters (in 0.04360 secs)
2025-04-22 02:38:40,507 [DEBUG]  OP: Operation.SPLIT_COLUMNS on slice (93, 24) (remaining tasks 35)
2025-04-22 02:38:41,619 [DEBUG]  		found 1 col clusters (in 1.11134 secs)
2025-04-22 02:38:41,620 [DEBUG]  OP: Operation.SPLIT_COLUMNS on slice (98, 24) (remaining tasks 35)
2025-04-22 02:38:43,010 [DEBUG]  		found 1 col clusters (in 1.39050 secs)
2025-04-22 02:38:43,011 [DEBUG]  OP: Operation.SPLIT_COLUMNS on slice (166, 24) (remaining tasks 35)
2025-04-22 02:38:44,063 [DEBUG]  		found 1 col clusters (in 1.05222 secs)
2025-04-22 02:38:44,064 [DEBUG]  OP: Operation.SPLIT_COLUMNS on slice (248, 24) (remaining tasks 35)
2025-04-22 02:38:52,568 [DEBUG]  		found 1 col clusters (in 8.50370 secs)
2025-04-22 02:38:52,568 [DEBUG]  OP: Operation.SPLIT_COLUMNS on slice (448, 24) (remaining tasks 35)
2025-04-22 02:39:00,695 [DEBUG]  		found 1 col clusters (in 8.12620 secs)
2025-04-22 02:39:00,695 [DEBUG]  OP: Operation.SPLIT_COLUMNS on slice (399, 24) (remaining tasks 35)
2025-04-22 02:39:10,024 [DEBUG]  		found 1 col clusters (in 9.32896 secs)
2025-04-22 02:39:10,025 [DEBUG]  OP: Operation.SPLIT_COLUMNS on slice (389, 24) (remaining tasks 35)
2025-04-22 02:39:19,040 [DEBUG]  		found 1 col clusters (in 9.01459 secs)
2025-04-22 02:39:19,040 [DEBUG]  OP: Operation.SPLIT_COLUMNS on slice (187, 24) (remaining tasks 35)
2025-04-22 02:39:20,177 [DEBUG]  		found 1 col clusters (in 1.13677 secs)
2025-04-22 02:39:20,178 [DEBUG]  OP: Operation.SPLIT_COLUMNS on slice (156, 24) (remaining tasks 35)
2025-04-22 02:39:21,219 [DEBUG]  		found 1 col clusters (in 1.04147 secs)
2025-04-22 02:39:21,220 [DEBUG]  OP: Operation.SPLIT_COLUMNS on slice (346, 24) (remaining tasks 35)
2025-04-22 02:39:29,972 [DEBUG]  		found 1 col clusters (in 8.75247 secs)
2025-04-22 02:39:29,973 [DEBUG]  OP: Operation.SPLIT_ROWS on slice (90, 23) (remaining tasks 35)
2025-04-22 02:39:30,039 [DEBUG]  		found 2 row clusters (in 0.06579 secs)
2025-04-22 02:39:30,039 [DEBUG]  OP: Operation.SPLIT_ROWS on slice (367, 23) (remaining tasks 36)
2025-04-22 02:39:30,105 [DEBUG]  		found 2 row clusters (in 0.06579 secs)
2025-04-22 02:39:30,105 [DEBUG]  OP: Operation.SPLIT_ROWS on slice (415, 23) (remaining tasks 37)
2025-04-22 02:39:30,143 [DEBUG]  		found 2 row clusters (in 0.03749 secs)
2025-04-22 02:39:30,143 [DEBUG]  OP: Operation.NAIVE_FACTORIZATION on slice (68, 22) (remaining tasks 38)
2025-04-22 02:39:30,148 [DEBUG]  		naive factorization 22 columns (in 0.00435 secs)
2025-04-22 02:39:30,148 [DEBUG]  OP: Operation.NAIVE_FACTORIZATION on slice (70, 22) (remaining tasks 37)
2025-04-22 02:39:30,152 [DEBUG]  		naive factorization 22 columns (in 0.00382 secs)
2025-04-22 02:39:30,152 [DEBUG]  OP: Operation.SPLIT_ROWS on slice (420, 23) (remaining tasks 36)
2025-04-22 02:39:30,175 [DEBUG]  		found 2 row clusters (in 0.02295 secs)
2025-04-22 02:39:30,176 [DEBUG]  OP: Operation.SPLIT_ROWS on slice (425, 23) (remaining tasks 37)
2025-04-22 02:39:30,208 [DEBUG]  		found 2 row clusters (in 0.03254 secs)
2025-04-22 02:39:30,208 [DEBUG]  OP: Operation.SPLIT_ROWS on slice (143, 25) (remaining tasks 38)
2025-04-22 02:39:30,226 [DEBUG]  		found 2 row clusters (in 0.01747 secs)
2025-04-22 02:39:30,226 [DEBUG]  OP: Operation.SPLIT_ROWS on slice (190, 25) (remaining tasks 39)
2025-04-22 02:39:30,247 [DEBUG]  		found 2 row clusters (in 0.02030 secs)
2025-04-22 02:39:30,247 [DEBUG]  OP: Operation.SPLIT_ROWS on slice (140, 25) (remaining tasks 40)
2025-04-22 02:39:30,271 [DEBUG]  		found 2 row clusters (in 0.02402 secs)
2025-04-22 02:39:30,271 [DEBUG]  OP: Operation.SPLIT_ROWS on slice (212, 25) (remaining tasks 41)
2025-04-22 02:39:30,291 [DEBUG]  		found 2 row clusters (in 0.02009 secs)
2025-04-22 02:39:30,292 [DEBUG]  OP: Operation.SPLIT_ROWS on slice (134, 25) (remaining tasks 42)
2025-04-22 02:39:30,314 [DEBUG]  		found 2 row clusters (in 0.02249 secs)
2025-04-22 02:39:30,314 [DEBUG]  OP: Operation.SPLIT_ROWS on slice (134, 25) (remaining tasks 43)
2025-04-22 02:39:30,331 [DEBUG]  		found 2 row clusters (in 0.01642 secs)
2025-04-22 02:39:30,331 [DEBUG]  OP: Operation.SPLIT_ROWS on slice (195, 25) (remaining tasks 44)
2025-04-22 02:39:30,348 [DEBUG]  		found 2 row clusters (in 0.01681 secs)
2025-04-22 02:39:30,348 [DEBUG]  OP: Operation.SPLIT_ROWS on slice (186, 25) (remaining tasks 45)
2025-04-22 02:39:30,364 [DEBUG]  		found 2 row clusters (in 0.01595 secs)
2025-04-22 02:39:30,364 [DEBUG]  OP: Operation.SPLIT_ROWS on slice (177, 25) (remaining tasks 46)
2025-04-22 02:39:30,383 [DEBUG]  		found 2 row clusters (in 0.01822 secs)
2025-04-22 02:39:30,383 [DEBUG]  OP: Operation.SPLIT_COLUMNS on slice (118, 24) (remaining tasks 47)
2025-04-22 02:39:31,777 [DEBUG]  		found 1 col clusters (in 1.39357 secs)
2025-04-22 02:39:31,777 [DEBUG]  OP: Operation.NAIVE_FACTORIZATION on slice (63, 24) (remaining tasks 47)
2025-04-22 02:39:31,787 [DEBUG]  		naive factorization 24 columns (in 0.00982 secs)
2025-04-22 02:39:31,788 [DEBUG]  OP: Operation.SPLIT_ROWS on slice (123, 25) (remaining tasks 46)
2025-04-22 02:39:31,840 [DEBUG]  		found 2 row clusters (in 0.05220 secs)
2025-04-22 02:39:31,840 [DEBUG]  OP: Operation.SPLIT_ROWS on slice (133, 25) (remaining tasks 47)
2025-04-22 02:39:31,872 [DEBUG]  		found 2 row clusters (in 0.03135 secs)
2025-04-22 02:39:31,872 [DEBUG]  OP: Operation.SPLIT_ROWS on slice (137, 25) (remaining tasks 48)
2025-04-22 02:39:31,905 [DEBUG]  		found 2 row clusters (in 0.03308 secs)
2025-04-22 02:39:31,906 [DEBUG]  OP: Operation.SPLIT_ROWS on slice (112, 25) (remaining tasks 49)
2025-04-22 02:39:31,929 [DEBUG]  		found 2 row clusters (in 0.02322 secs)
2025-04-22 02:39:31,929 [DEBUG]  OP: Operation.SPLIT_ROWS on slice (183, 25) (remaining tasks 50)
2025-04-22 02:39:31,951 [DEBUG]  		found 2 row clusters (in 0.02202 secs)
2025-04-22 02:39:31,952 [DEBUG]  OP: Operation.SPLIT_ROWS on slice (184, 25) (remaining tasks 51)
2025-04-22 02:39:31,972 [DEBUG]  		found 2 row clusters (in 0.02071 secs)
2025-04-22 02:39:31,973 [DEBUG]  OP: Operation.SPLIT_COLUMNS on slice (90, 23) (remaining tasks 52)
2025-04-22 02:39:33,216 [DEBUG]  		found 1 col clusters (in 1.24281 secs)
2025-04-22 02:39:33,216 [DEBUG]  OP: Operation.NAIVE_FACTORIZATION on slice (75, 23) (remaining tasks 52)
2025-04-22 02:39:33,227 [DEBUG]  		naive factorization 23 columns (in 0.01043 secs)
2025-04-22 02:39:33,227 [DEBUG]  OP: Operation.SPLIT_ROWS on slice (93, 24) (remaining tasks 51)
2025-04-22 02:39:33,274 [DEBUG]  		found 2 row clusters (in 0.04671 secs)
2025-04-22 02:39:33,275 [DEBUG]  OP: Operation.SPLIT_ROWS on slice (98, 24) (remaining tasks 52)
2025-04-22 02:39:33,304 [DEBUG]  		found 2 row clusters (in 0.02913 secs)
2025-04-22 02:39:33,304 [DEBUG]  OP: Operation.SPLIT_ROWS on slice (166, 24) (remaining tasks 53)
2025-04-22 02:39:33,343 [DEBUG]  		found 2 row clusters (in 0.03911 secs)
2025-04-22 02:39:33,344 [DEBUG]  OP: Operation.SPLIT_ROWS on slice (248, 24) (remaining tasks 54)
2025-04-22 02:39:33,379 [DEBUG]  		found 2 row clusters (in 0.03548 secs)
2025-04-22 02:39:33,380 [DEBUG]  OP: Operation.SPLIT_ROWS on slice (448, 24) (remaining tasks 55)
2025-04-22 02:39:33,425 [DEBUG]  		found 2 row clusters (in 0.04506 secs)
2025-04-22 02:39:33,425 [DEBUG]  OP: Operation.SPLIT_ROWS on slice (399, 24) (remaining tasks 56)
2025-04-22 02:39:33,454 [DEBUG]  		found 2 row clusters (in 0.02875 secs)
2025-04-22 02:39:33,454 [DEBUG]  OP: Operation.SPLIT_ROWS on slice (389, 24) (remaining tasks 57)
2025-04-22 02:39:33,492 [DEBUG]  		found 2 row clusters (in 0.03790 secs)
2025-04-22 02:39:33,492 [DEBUG]  OP: Operation.SPLIT_ROWS on slice (187, 24) (remaining tasks 58)
2025-04-22 02:39:33,519 [DEBUG]  		found 2 row clusters (in 0.02620 secs)
2025-04-22 02:39:33,519 [DEBUG]  OP: Operation.SPLIT_ROWS on slice (156, 24) (remaining tasks 59)
2025-04-22 02:39:33,544 [DEBUG]  		found 2 row clusters (in 0.02480 secs)
2025-04-22 02:39:33,544 [DEBUG]  OP: Operation.SPLIT_ROWS on slice (346, 24) (remaining tasks 60)
2025-04-22 02:39:33,571 [DEBUG]  		found 2 row clusters (in 0.02713 secs)
2025-04-22 02:39:33,571 [DEBUG]  OP: Operation.NAIVE_FACTORIZATION on slice (54, 23) (remaining tasks 61)
2025-04-22 02:39:33,581 [DEBUG]  		naive factorization 23 columns (in 0.00933 secs)
2025-04-22 02:39:33,581 [DEBUG]  OP: Operation.NAIVE_FACTORIZATION on slice (36, 23) (remaining tasks 60)
2025-04-22 02:39:33,590 [DEBUG]  		naive factorization 23 columns (in 0.00909 secs)
2025-04-22 02:39:33,591 [DEBUG]  OP: Operation.SPLIT_COLUMNS on slice (236, 23) (remaining tasks 59)
2025-04-22 02:39:40,828 [DEBUG]  		found 1 col clusters (in 7.23697 secs)
2025-04-22 02:39:40,828 [DEBUG]  OP: Operation.SPLIT_COLUMNS on slice (131, 23) (remaining tasks 59)
2025-04-22 02:39:41,857 [DEBUG]  		found 1 col clusters (in 1.02840 secs)
2025-04-22 02:39:41,857 [DEBUG]  OP: Operation.SPLIT_COLUMNS on slice (139, 23) (remaining tasks 59)
2025-04-22 02:39:42,904 [DEBUG]  		found 1 col clusters (in 1.04619 secs)
2025-04-22 02:39:42,904 [DEBUG]  OP: Operation.SPLIT_COLUMNS on slice (276, 23) (remaining tasks 59)
2025-04-22 02:39:50,524 [DEBUG]  		found 1 col clusters (in 7.61922 secs)
2025-04-22 02:39:50,524 [DEBUG]  OP: Operation.SPLIT_COLUMNS on slice (285, 23) (remaining tasks 59)
2025-04-22 02:39:58,096 [DEBUG]  		found 1 col clusters (in 7.57151 secs)
2025-04-22 02:39:58,097 [DEBUG]  OP: Operation.SPLIT_COLUMNS on slice (135, 23) (remaining tasks 59)
2025-04-22 02:39:59,097 [DEBUG]  		found 1 col clusters (in 0.99977 secs)
2025-04-22 02:39:59,097 [DEBUG]  OP: Operation.SPLIT_COLUMNS on slice (275, 23) (remaining tasks 59)
2025-04-22 02:40:06,517 [DEBUG]  		found 1 col clusters (in 7.41940 secs)
2025-04-22 02:40:06,517 [DEBUG]  OP: Operation.SPLIT_COLUMNS on slice (150, 23) (remaining tasks 59)
2025-04-22 02:40:07,462 [DEBUG]  		found 1 col clusters (in 0.94503 secs)
2025-04-22 02:40:07,463 [DEBUG]  OP: Operation.NAIVE_FACTORIZATION on slice (72, 25) (remaining tasks 59)
2025-04-22 02:40:07,468 [DEBUG]  		naive factorization 25 columns (in 0.00537 secs)
2025-04-22 02:40:07,468 [DEBUG]  OP: Operation.NAIVE_FACTORIZATION on slice (71, 25) (remaining tasks 58)
2025-04-22 02:40:07,476 [DEBUG]  		naive factorization 25 columns (in 0.00793 secs)
2025-04-22 02:40:07,477 [DEBUG]  OP: Operation.NAIVE_FACTORIZATION on slice (70, 25) (remaining tasks 57)
2025-04-22 02:40:07,485 [DEBUG]  		naive factorization 25 columns (in 0.00819 secs)
2025-04-22 02:40:07,485 [DEBUG]  OP: Operation.SPLIT_COLUMNS on slice (120, 25) (remaining tasks 56)
2025-04-22 02:40:08,864 [DEBUG]  		found 1 col clusters (in 1.37841 secs)
2025-04-22 02:40:08,864 [DEBUG]  OP: Operation.NAIVE_FACTORIZATION on slice (77, 25) (remaining tasks 56)
2025-04-22 02:40:08,876 [DEBUG]  		naive factorization 25 columns (in 0.01153 secs)
2025-04-22 02:40:08,877 [DEBUG]  OP: Operation.NAIVE_FACTORIZATION on slice (63, 25) (remaining tasks 55)
2025-04-22 02:40:08,889 [DEBUG]  		naive factorization 25 columns (in 0.01163 secs)
2025-04-22 02:40:08,889 [DEBUG]  OP: Operation.REMOVE_UNINFORMATIVE_FEATURES on slice (73, 25) (remaining tasks 54)
2025-04-22 02:40:08,890 [DEBUG]  OP: Operation.SPLIT_COLUMNS on slice (139, 25) (remaining tasks 56)
2025-04-22 02:40:10,054 [DEBUG]  		found 1 col clusters (in 1.16405 secs)
2025-04-22 02:40:10,054 [DEBUG]  OP: Operation.NAIVE_FACTORIZATION on slice (65, 25) (remaining tasks 56)
2025-04-22 02:40:10,064 [DEBUG]  		naive factorization 25 columns (in 0.00913 secs)
2025-04-22 02:40:10,064 [DEBUG]  OP: Operation.NAIVE_FACTORIZATION on slice (69, 25) (remaining tasks 55)
2025-04-22 02:40:10,080 [DEBUG]  		naive factorization 25 columns (in 0.01564 secs)
2025-04-22 02:40:10,080 [DEBUG]  OP: Operation.NAIVE_FACTORIZATION on slice (68, 25) (remaining tasks 54)
2025-04-22 02:40:10,103 [DEBUG]  		naive factorization 25 columns (in 0.02271 secs)
2025-04-22 02:40:10,104 [DEBUG]  OP: Operation.NAIVE_FACTORIZATION on slice (66, 25) (remaining tasks 53)
2025-04-22 02:40:10,119 [DEBUG]  		naive factorization 25 columns (in 0.01487 secs)
2025-04-22 02:40:10,119 [DEBUG]  OP: Operation.NAIVE_FACTORIZATION on slice (65, 25) (remaining tasks 52)
2025-04-22 02:40:10,142 [DEBUG]  		naive factorization 25 columns (in 0.02222 secs)
2025-04-22 02:40:10,142 [DEBUG]  OP: Operation.SPLIT_COLUMNS on slice (130, 25) (remaining tasks 51)
2025-04-22 02:40:11,265 [DEBUG]  		found 1 col clusters (in 1.12311 secs)
2025-04-22 02:40:11,266 [DEBUG]  OP: Operation.NAIVE_FACTORIZATION on slice (59, 25) (remaining tasks 51)
2025-04-22 02:40:11,286 [DEBUG]  		naive factorization 25 columns (in 0.02020 secs)
2025-04-22 02:40:11,287 [DEBUG]  OP: Operation.SPLIT_COLUMNS on slice (127, 25) (remaining tasks 50)
2025-04-22 02:40:12,951 [DEBUG]  		found 1 col clusters (in 1.66418 secs)
2025-04-22 02:40:12,952 [DEBUG]  OP: Operation.NAIVE_FACTORIZATION on slice (59, 25) (remaining tasks 50)
2025-04-22 02:40:12,964 [DEBUG]  		naive factorization 25 columns (in 0.01187 secs)
2025-04-22 02:40:12,965 [DEBUG]  OP: Operation.REMOVE_UNINFORMATIVE_FEATURES on slice (118, 25) (remaining tasks 49)
2025-04-22 02:40:12,965 [DEBUG]  OP: Operation.SPLIT_ROWS on slice (118, 24) (remaining tasks 50)
2025-04-22 02:40:13,015 [DEBUG]  		found 2 row clusters (in 0.04960 secs)
2025-04-22 02:40:13,015 [DEBUG]  OP: Operation.REMOVE_UNINFORMATIVE_FEATURES on slice (74, 25) (remaining tasks 51)
2025-04-22 02:40:13,016 [DEBUG]  OP: Operation.NAIVE_FACTORIZATION on slice (49, 25) (remaining tasks 52)
2025-04-22 02:40:13,025 [DEBUG]  		naive factorization 25 columns (in 0.00935 secs)
2025-04-22 02:40:13,026 [DEBUG]  OP: Operation.NAIVE_FACTORIZATION on slice (56, 25) (remaining tasks 51)
2025-04-22 02:40:13,035 [DEBUG]  		naive factorization 25 columns (in 0.00939 secs)
2025-04-22 02:40:13,036 [DEBUG]  OP: Operation.NAIVE_FACTORIZATION on slice (77, 25) (remaining tasks 50)
2025-04-22 02:40:13,046 [DEBUG]  		naive factorization 25 columns (in 0.00978 secs)
2025-04-22 02:40:13,046 [DEBUG]  OP: Operation.NAIVE_FACTORIZATION on slice (68, 25) (remaining tasks 49)
2025-04-22 02:40:13,057 [DEBUG]  		naive factorization 25 columns (in 0.01017 secs)
2025-04-22 02:40:13,057 [DEBUG]  OP: Operation.NAIVE_FACTORIZATION on slice (69, 25) (remaining tasks 48)
2025-04-22 02:40:13,067 [DEBUG]  		naive factorization 25 columns (in 0.00977 secs)
2025-04-22 02:40:13,068 [DEBUG]  OP: Operation.REMOVE_UNINFORMATIVE_FEATURES on slice (56, 25) (remaining tasks 47)
2025-04-22 02:40:13,068 [DEBUG]  OP: Operation.NAIVE_FACTORIZATION on slice (56, 25) (remaining tasks 48)
2025-04-22 02:40:13,078 [DEBUG]  		naive factorization 25 columns (in 0.00970 secs)
2025-04-22 02:40:13,079 [DEBUG]  OP: Operation.SPLIT_COLUMNS on slice (123, 25) (remaining tasks 47)
2025-04-22 02:40:14,620 [DEBUG]  		found 1 col clusters (in 1.54067 secs)
2025-04-22 02:40:14,620 [DEBUG]  OP: Operation.NAIVE_FACTORIZATION on slice (60, 25) (remaining tasks 47)
2025-04-22 02:40:14,630 [DEBUG]  		naive factorization 25 columns (in 0.00951 secs)
2025-04-22 02:40:14,631 [DEBUG]  OP: Operation.NAIVE_FACTORIZATION on slice (62, 25) (remaining tasks 46)
2025-04-22 02:40:14,641 [DEBUG]  		naive factorization 25 columns (in 0.00979 secs)
2025-04-22 02:40:14,641 [DEBUG]  OP: Operation.SPLIT_COLUMNS on slice (122, 25) (remaining tasks 45)
2025-04-22 02:40:16,393 [DEBUG]  		found 1 col clusters (in 1.75133 secs)
2025-04-22 02:40:16,393 [DEBUG]  OP: Operation.SPLIT_ROWS on slice (90, 23) (remaining tasks 45)
2025-04-22 02:40:16,436 [DEBUG]  		found 2 row clusters (in 0.04239 secs)
2025-04-22 02:40:16,436 [DEBUG]  OP: Operation.NAIVE_FACTORIZATION on slice (63, 24) (remaining tasks 46)
2025-04-22 02:40:16,445 [DEBUG]  		naive factorization 24 columns (in 0.00891 secs)
2025-04-22 02:40:16,446 [DEBUG]  OP: Operation.NAIVE_FACTORIZATION on slice (30, 24) (remaining tasks 45)
2025-04-22 02:40:16,455 [DEBUG]  		naive factorization 24 columns (in 0.00911 secs)
2025-04-22 02:40:16,456 [DEBUG]  OP: Operation.NAIVE_FACTORIZATION on slice (51, 24) (remaining tasks 44)
2025-04-22 02:40:16,466 [DEBUG]  		naive factorization 24 columns (in 0.00949 secs)
2025-04-22 02:40:16,466 [DEBUG]  OP: Operation.REMOVE_UNINFORMATIVE_FEATURES on slice (47, 24) (remaining tasks 43)
2025-04-22 02:40:16,467 [DEBUG]  OP: Operation.SPLIT_COLUMNS on slice (136, 24) (remaining tasks 45)
2025-04-22 02:40:17,611 [DEBUG]  		found 1 col clusters (in 1.14376 secs)
2025-04-22 02:40:17,611 [DEBUG]  OP: Operation.REMOVE_UNINFORMATIVE_FEATURES on slice (30, 24) (remaining tasks 45)
2025-04-22 02:40:17,611 [DEBUG]  OP: Operation.NAIVE_FACTORIZATION on slice (77, 24) (remaining tasks 46)
2025-04-22 02:40:17,624 [DEBUG]  		naive factorization 24 columns (in 0.01249 secs)
2025-04-22 02:40:17,624 [DEBUG]  OP: Operation.SPLIT_COLUMNS on slice (171, 24) (remaining tasks 45)
2025-04-22 02:40:18,985 [DEBUG]  		found 1 col clusters (in 1.36069 secs)
2025-04-22 02:40:18,986 [DEBUG]  OP: Operation.SPLIT_COLUMNS on slice (184, 24) (remaining tasks 45)
2025-04-22 02:40:20,088 [DEBUG]  		found 1 col clusters (in 1.10151 secs)
2025-04-22 02:40:20,088 [DEBUG]  OP: Operation.SPLIT_COLUMNS on slice (264, 24) (remaining tasks 45)
2025-04-22 02:40:27,875 [DEBUG]  		found 2 col clusters (in 7.78670 secs)
2025-04-22 02:40:27,875 [DEBUG]  OP: Operation.SPLIT_COLUMNS on slice (206, 24) (remaining tasks 46)
2025-04-22 02:40:35,324 [DEBUG]  		found 1 col clusters (in 7.44837 secs)
2025-04-22 02:40:35,324 [DEBUG]  OP: Operation.SPLIT_COLUMNS on slice (193, 24) (remaining tasks 46)
2025-04-22 02:40:42,090 [DEBUG]  		found 1 col clusters (in 6.76541 secs)
2025-04-22 02:40:42,091 [DEBUG]  OP: Operation.SPLIT_COLUMNS on slice (189, 24) (remaining tasks 46)
2025-04-22 02:40:43,241 [DEBUG]  		found 1 col clusters (in 1.15001 secs)
2025-04-22 02:40:43,241 [DEBUG]  OP: Operation.SPLIT_COLUMNS on slice (200, 24) (remaining tasks 46)
2025-04-22 02:40:50,087 [DEBUG]  		found 1 col clusters (in 6.84518 secs)
2025-04-22 02:40:50,087 [DEBUG]  OP: Operation.NAIVE_FACTORIZATION on slice (42, 24) (remaining tasks 46)
2025-04-22 02:40:50,098 [DEBUG]  		naive factorization 24 columns (in 0.00983 secs)
2025-04-22 02:40:50,098 [DEBUG]  OP: Operation.SPLIT_COLUMNS on slice (145, 24) (remaining tasks 45)
2025-04-22 02:40:51,168 [DEBUG]  		found 1 col clusters (in 1.06939 secs)
2025-04-22 02:40:51,168 [DEBUG]  OP: Operation.SPLIT_COLUMNS on slice (83, 24) (remaining tasks 45)
2025-04-22 02:40:52,684 [DEBUG]  		found 1 col clusters (in 1.51579 secs)
2025-04-22 02:40:52,685 [DEBUG]  OP: Operation.NAIVE_FACTORIZATION on slice (73, 24) (remaining tasks 45)
2025-04-22 02:40:52,694 [DEBUG]  		naive factorization 24 columns (in 0.00918 secs)
2025-04-22 02:40:52,695 [DEBUG]  OP: Operation.SPLIT_COLUMNS on slice (173, 24) (remaining tasks 44)
2025-04-22 02:40:53,767 [DEBUG]  		found 1 col clusters (in 1.07143 secs)
2025-04-22 02:40:53,767 [DEBUG]  OP: Operation.SPLIT_COLUMNS on slice (173, 24) (remaining tasks 44)
2025-04-22 02:40:54,924 [DEBUG]  		found 1 col clusters (in 1.15684 secs)
2025-04-22 02:40:54,925 [DEBUG]  OP: Operation.SPLIT_ROWS on slice (236, 23) (remaining tasks 44)
2025-04-22 02:40:55,020 [DEBUG]  		found 2 row clusters (in 0.09470 secs)
2025-04-22 02:40:55,021 [DEBUG]  OP: Operation.SPLIT_ROWS on slice (131, 23) (remaining tasks 45)
2025-04-22 02:40:55,060 [DEBUG]  		found 2 row clusters (in 0.03909 secs)
2025-04-22 02:40:55,060 [DEBUG]  OP: Operation.SPLIT_ROWS on slice (139, 23) (remaining tasks 46)
2025-04-22 02:40:55,083 [DEBUG]  		found 2 row clusters (in 0.02269 secs)
2025-04-22 02:40:55,084 [DEBUG]  OP: Operation.SPLIT_ROWS on slice (276, 23) (remaining tasks 47)
2025-04-22 02:40:55,104 [DEBUG]  		found 2 row clusters (in 0.02065 secs)
2025-04-22 02:40:55,104 [DEBUG]  OP: Operation.SPLIT_ROWS on slice (285, 23) (remaining tasks 48)
2025-04-22 02:40:55,131 [DEBUG]  		found 2 row clusters (in 0.02673 secs)
2025-04-22 02:40:55,132 [DEBUG]  OP: Operation.SPLIT_ROWS on slice (135, 23) (remaining tasks 49)
2025-04-22 02:40:55,154 [DEBUG]  		found 2 row clusters (in 0.02244 secs)
2025-04-22 02:40:55,154 [DEBUG]  OP: Operation.SPLIT_ROWS on slice (275, 23) (remaining tasks 50)
2025-04-22 02:40:55,176 [DEBUG]  		found 2 row clusters (in 0.02189 secs)
2025-04-22 02:40:55,176 [DEBUG]  OP: Operation.SPLIT_ROWS on slice (150, 23) (remaining tasks 51)
2025-04-22 02:40:55,197 [DEBUG]  		found 2 row clusters (in 0.02025 secs)
2025-04-22 02:40:55,197 [DEBUG]  OP: Operation.SPLIT_ROWS on slice (120, 25) (remaining tasks 52)
2025-04-22 02:40:55,213 [DEBUG]  		found 2 row clusters (in 0.01617 secs)
2025-04-22 02:40:55,213 [DEBUG]  OP: Operation.CREATE_LEAF on slice (73, 1) (remaining tasks 53)
2025-04-22 02:40:55,214 [DEBUG]  		 created leaf IdentityNumericLeaf for scope=[14] (in 0.00018 secs)
2025-04-22 02:40:55,214 [DEBUG]  OP: Operation.CREATE_LEAF on slice (73, 1) (remaining tasks 52)
2025-04-22 02:40:55,214 [DEBUG]  		 created leaf IdentityNumericLeaf for scope=[15] (in 0.00015 secs)
2025-04-22 02:40:55,214 [DEBUG]  OP: Operation.NAIVE_FACTORIZATION on slice (73, 23) (remaining tasks 51)
2025-04-22 02:40:55,222 [DEBUG]  		naive factorization 23 columns (in 0.00819 secs)
2025-04-22 02:40:55,222 [DEBUG]  OP: Operation.SPLIT_ROWS on slice (139, 25) (remaining tasks 50)
2025-04-22 02:40:55,244 [DEBUG]  		found 2 row clusters (in 0.02120 secs)
2025-04-22 02:40:55,244 [DEBUG]  OP: Operation.SPLIT_ROWS on slice (130, 25) (remaining tasks 51)
2025-04-22 02:40:55,262 [DEBUG]  		found 2 row clusters (in 0.01839 secs)
2025-04-22 02:40:55,263 [DEBUG]  OP: Operation.SPLIT_ROWS on slice (127, 25) (remaining tasks 52)
2025-04-22 02:40:55,282 [DEBUG]  		found 2 row clusters (in 0.01941 secs)
2025-04-22 02:40:55,282 [DEBUG]  OP: Operation.CREATE_LEAF on slice (118, 1) (remaining tasks 53)
2025-04-22 02:40:55,282 [DEBUG]  		 created leaf IdentityNumericLeaf for scope=[14] (in 0.00017 secs)
2025-04-22 02:40:55,283 [DEBUG]  OP: Operation.SPLIT_COLUMNS on slice (118, 24) (remaining tasks 52)
2025-04-22 02:40:56,667 [DEBUG]  		found 1 col clusters (in 1.38413 secs)
2025-04-22 02:40:56,667 [DEBUG]  OP: Operation.SPLIT_COLUMNS on slice (112, 24) (remaining tasks 52)
2025-04-22 02:40:58,132 [DEBUG]  		found 1 col clusters (in 1.46412 secs)
2025-04-22 02:40:58,132 [DEBUG]  OP: Operation.REMOVE_UNINFORMATIVE_FEATURES on slice (6, 24) (remaining tasks 52)
2025-04-22 02:40:58,133 [DEBUG]  OP: Operation.CREATE_LEAF on slice (74, 1) (remaining tasks 55)
2025-04-22 02:40:58,133 [DEBUG]  		 created leaf IdentityNumericLeaf for scope=[15] (in 0.00045 secs)
2025-04-22 02:40:58,134 [DEBUG]  OP: Operation.NAIVE_FACTORIZATION on slice (74, 24) (remaining tasks 54)
2025-04-22 02:40:58,144 [DEBUG]  		naive factorization 24 columns (in 0.01032 secs)
2025-04-22 02:40:58,144 [DEBUG]  OP: Operation.CREATE_LEAF on slice (56, 1) (remaining tasks 53)
2025-04-22 02:40:58,145 [DEBUG]  		 created leaf IdentityNumericLeaf for scope=[17] (in 0.00049 secs)
2025-04-22 02:40:58,145 [DEBUG]  OP: Operation.NAIVE_FACTORIZATION on slice (56, 24) (remaining tasks 52)
2025-04-22 02:40:58,155 [DEBUG]  		naive factorization 24 columns (in 0.00973 secs)
2025-04-22 02:40:58,156 [DEBUG]  OP: Operation.SPLIT_ROWS on slice (123, 25) (remaining tasks 51)
2025-04-22 02:40:58,207 [DEBUG]  		found 2 row clusters (in 0.05074 secs)
2025-04-22 02:40:58,207 [DEBUG]  OP: Operation.SPLIT_ROWS on slice (122, 25) (remaining tasks 52)
2025-04-22 02:40:58,237 [DEBUG]  		found 2 row clusters (in 0.02968 secs)
2025-04-22 02:40:58,237 [DEBUG]  OP: Operation.NAIVE_FACTORIZATION on slice (52, 23) (remaining tasks 53)
2025-04-22 02:40:58,246 [DEBUG]  		naive factorization 23 columns (in 0.00860 secs)
2025-04-22 02:40:58,247 [DEBUG]  OP: Operation.NAIVE_FACTORIZATION on slice (38, 23) (remaining tasks 52)
2025-04-22 02:40:58,256 [DEBUG]  		naive factorization 23 columns (in 0.00906 secs)
2025-04-22 02:40:58,256 [DEBUG]  OP: Operation.CREATE_LEAF on slice (47, 1) (remaining tasks 51)
2025-04-22 02:40:58,257 [DEBUG]  		 created leaf IdentityNumericLeaf for scope=[0] (in 0.00040 secs)
2025-04-22 02:40:58,257 [DEBUG]  OP: Operation.CREATE_LEAF on slice (47, 1) (remaining tasks 50)
2025-04-22 02:40:58,257 [DEBUG]  		 created leaf IdentityNumericLeaf for scope=[19] (in 0.00031 secs)
2025-04-22 02:40:58,257 [DEBUG]  OP: Operation.NAIVE_FACTORIZATION on slice (47, 22) (remaining tasks 49)
2025-04-22 02:40:58,268 [DEBUG]  		naive factorization 22 columns (in 0.01019 secs)
2025-04-22 02:40:58,268 [DEBUG]  OP: Operation.SPLIT_ROWS on slice (136, 24) (remaining tasks 48)
2025-04-22 02:40:58,308 [DEBUG]  		found 2 row clusters (in 0.03941 secs)
2025-04-22 02:40:58,308 [DEBUG]  OP: Operation.CREATE_LEAF on slice (30, 1) (remaining tasks 49)
2025-04-22 02:40:58,308 [DEBUG]  		 created leaf IdentityNumericLeaf for scope=[16] (in 0.00025 secs)
2025-04-22 02:40:58,309 [DEBUG]  OP: Operation.NAIVE_FACTORIZATION on slice (30, 23) (remaining tasks 48)
2025-04-22 02:40:58,317 [DEBUG]  		naive factorization 23 columns (in 0.00870 secs)
2025-04-22 02:40:58,318 [DEBUG]  OP: Operation.SPLIT_ROWS on slice (171, 24) (remaining tasks 47)
2025-04-22 02:40:58,348 [DEBUG]  		found 2 row clusters (in 0.02964 secs)
2025-04-22 02:40:58,348 [DEBUG]  OP: Operation.SPLIT_ROWS on slice (184, 24) (remaining tasks 48)
2025-04-22 02:40:58,384 [DEBUG]  		found 2 row clusters (in 0.03618 secs)
2025-04-22 02:40:58,384 [DEBUG]  OP: Operation.SPLIT_COLUMNS on slice (264, 23) (remaining tasks 49)
2025-04-22 02:41:06,239 [DEBUG]  		found 1 col clusters (in 7.85412 secs)
2025-04-22 02:41:06,239 [DEBUG]  OP: Operation.CREATE_LEAF on slice (264, 1) (remaining tasks 49)
2025-04-22 02:41:06,239 [DEBUG]  		 created leaf IdentityNumericLeaf for scope=[9] (in 0.00045 secs)
2025-04-22 02:41:06,240 [DEBUG]  OP: Operation.SPLIT_ROWS on slice (206, 24) (remaining tasks 48)
2025-04-22 02:41:06,330 [DEBUG]  		found 2 row clusters (in 0.09062 secs)
2025-04-22 02:41:06,331 [DEBUG]  OP: Operation.SPLIT_ROWS on slice (193, 24) (remaining tasks 49)
2025-04-22 02:41:06,360 [DEBUG]  		found 2 row clusters (in 0.02912 secs)
2025-04-22 02:41:06,360 [DEBUG]  OP: Operation.SPLIT_ROWS on slice (189, 24) (remaining tasks 50)
2025-04-22 02:41:06,406 [DEBUG]  		found 2 row clusters (in 0.04555 secs)
2025-04-22 02:41:06,406 [DEBUG]  OP: Operation.SPLIT_ROWS on slice (200, 24) (remaining tasks 51)
2025-04-22 02:41:06,428 [DEBUG]  		found 2 row clusters (in 0.02179 secs)
2025-04-22 02:41:06,428 [DEBUG]  OP: Operation.SPLIT_ROWS on slice (145, 24) (remaining tasks 52)
2025-04-22 02:41:06,448 [DEBUG]  		found 2 row clusters (in 0.01997 secs)
2025-04-22 02:41:06,448 [DEBUG]  OP: Operation.SPLIT_ROWS on slice (83, 24) (remaining tasks 53)
2025-04-22 02:41:06,464 [DEBUG]  		found 2 row clusters (in 0.01503 secs)
2025-04-22 02:41:06,464 [DEBUG]  OP: Operation.SPLIT_ROWS on slice (173, 24) (remaining tasks 54)
2025-04-22 02:41:06,484 [DEBUG]  		found 2 row clusters (in 0.02059 secs)
2025-04-22 02:41:06,485 [DEBUG]  OP: Operation.SPLIT_ROWS on slice (173, 24) (remaining tasks 55)
2025-04-22 02:41:06,504 [DEBUG]  		found 2 row clusters (in 0.01920 secs)
2025-04-22 02:41:06,504 [DEBUG]  OP: Operation.SPLIT_COLUMNS on slice (107, 23) (remaining tasks 56)
2025-04-22 02:41:07,709 [DEBUG]  		found 1 col clusters (in 1.20530 secs)
2025-04-22 02:41:07,710 [DEBUG]  OP: Operation.SPLIT_COLUMNS on slice (129, 23) (remaining tasks 56)
2025-04-22 02:41:08,681 [DEBUG]  		found 1 col clusters (in 0.97051 secs)
2025-04-22 02:41:08,681 [DEBUG]  OP: Operation.NAIVE_FACTORIZATION on slice (59, 23) (remaining tasks 56)
2025-04-22 02:41:08,691 [DEBUG]  		naive factorization 23 columns (in 0.00945 secs)
2025-04-22 02:41:08,691 [DEBUG]  OP: Operation.NAIVE_FACTORIZATION on slice (72, 23) (remaining tasks 55)
2025-04-22 02:41:08,700 [DEBUG]  		naive factorization 23 columns (in 0.00933 secs)
2025-04-22 02:41:08,701 [DEBUG]  OP: Operation.NAIVE_FACTORIZATION on slice (67, 23) (remaining tasks 54)
2025-04-22 02:41:08,712 [DEBUG]  		naive factorization 23 columns (in 0.01084 secs)
2025-04-22 02:41:08,712 [DEBUG]  OP: Operation.NAIVE_FACTORIZATION on slice (72, 23) (remaining tasks 53)
2025-04-22 02:41:08,722 [DEBUG]  		naive factorization 23 columns (in 0.01016 secs)
2025-04-22 02:41:08,722 [DEBUG]  OP: Operation.SPLIT_COLUMNS on slice (136, 23) (remaining tasks 52)
2025-04-22 02:41:09,734 [DEBUG]  		found 1 col clusters (in 1.01159 secs)
2025-04-22 02:41:09,735 [DEBUG]  OP: Operation.SPLIT_COLUMNS on slice (140, 23) (remaining tasks 52)
2025-04-22 02:41:10,779 [DEBUG]  		found 1 col clusters (in 1.04404 secs)
2025-04-22 02:41:10,779 [DEBUG]  OP: Operation.SPLIT_COLUMNS on slice (166, 23) (remaining tasks 52)
2025-04-22 02:41:11,782 [DEBUG]  		found 1 col clusters (in 1.00183 secs)
2025-04-22 02:41:11,782 [DEBUG]  OP: Operation.SPLIT_COLUMNS on slice (119, 23) (remaining tasks 52)
2025-04-22 02:41:13,133 [DEBUG]  		found 1 col clusters (in 1.35111 secs)
2025-04-22 02:41:13,134 [DEBUG]  OP: Operation.REMOVE_UNINFORMATIVE_FEATURES on slice (38, 23) (remaining tasks 52)
2025-04-22 02:41:13,134 [DEBUG]  OP: Operation.SPLIT_COLUMNS on slice (97, 23) (remaining tasks 53)
2025-04-22 02:41:14,436 [DEBUG]  		found 1 col clusters (in 1.30142 secs)
2025-04-22 02:41:14,436 [DEBUG]  OP: Operation.SPLIT_COLUMNS on slice (133, 23) (remaining tasks 53)
2025-04-22 02:41:15,492 [DEBUG]  		found 1 col clusters (in 1.05533 secs)
2025-04-22 02:41:15,492 [DEBUG]  OP: Operation.SPLIT_COLUMNS on slice (142, 23) (remaining tasks 53)
2025-04-22 02:41:16,473 [DEBUG]  		found 1 col clusters (in 0.98051 secs)
2025-04-22 02:41:16,473 [DEBUG]  OP: Operation.NAIVE_FACTORIZATION on slice (68, 23) (remaining tasks 53)
2025-04-22 02:41:16,481 [DEBUG]  		naive factorization 23 columns (in 0.00699 secs)
2025-04-22 02:41:16,481 [DEBUG]  OP: Operation.SPLIT_COLUMNS on slice (82, 23) (remaining tasks 52)
2025-04-22 02:41:17,888 [DEBUG]  		found 1 col clusters (in 1.40710 secs)
2025-04-22 02:41:17,889 [DEBUG]  OP: Operation.NAIVE_FACTORIZATION on slice (55, 25) (remaining tasks 52)
2025-04-22 02:41:17,901 [DEBUG]  		naive factorization 25 columns (in 0.01163 secs)
2025-04-22 02:41:17,901 [DEBUG]  OP: Operation.NAIVE_FACTORIZATION on slice (65, 25) (remaining tasks 51)
2025-04-22 02:41:17,914 [DEBUG]  		naive factorization 25 columns (in 0.01242 secs)
2025-04-22 02:41:17,915 [DEBUG]  OP: Operation.NAIVE_FACTORIZATION on slice (63, 25) (remaining tasks 50)
2025-04-22 02:41:17,927 [DEBUG]  		naive factorization 25 columns (in 0.01187 secs)
2025-04-22 02:41:17,927 [DEBUG]  OP: Operation.NAIVE_FACTORIZATION on slice (76, 25) (remaining tasks 49)
2025-04-22 02:41:17,940 [DEBUG]  		naive factorization 25 columns (in 0.01208 secs)
2025-04-22 02:41:17,940 [DEBUG]  OP: Operation.NAIVE_FACTORIZATION on slice (61, 25) (remaining tasks 48)
2025-04-22 02:41:17,951 [DEBUG]  		naive factorization 25 columns (in 0.01070 secs)
2025-04-22 02:41:17,952 [DEBUG]  OP: Operation.NAIVE_FACTORIZATION on slice (69, 25) (remaining tasks 47)
2025-04-22 02:41:17,965 [DEBUG]  		naive factorization 25 columns (in 0.01318 secs)
2025-04-22 02:41:17,966 [DEBUG]  OP: Operation.NAIVE_FACTORIZATION on slice (34, 25) (remaining tasks 46)
2025-04-22 02:41:17,977 [DEBUG]  		naive factorization 25 columns (in 0.01105 secs)
2025-04-22 02:41:17,977 [DEBUG]  OP: Operation.SPLIT_COLUMNS on slice (93, 25) (remaining tasks 45)
2025-04-22 02:41:19,453 [DEBUG]  		found 1 col clusters (in 1.47547 secs)
2025-04-22 02:41:19,454 [DEBUG]  OP: Operation.SPLIT_ROWS on slice (118, 24) (remaining tasks 45)
2025-04-22 02:41:19,503 [DEBUG]  		found 2 row clusters (in 0.04962 secs)
2025-04-22 02:41:19,504 [DEBUG]  OP: Operation.SPLIT_ROWS on slice (112, 24) (remaining tasks 46)
2025-04-22 02:41:19,544 [DEBUG]  		found 2 row clusters (in 0.04002 secs)
2025-04-22 02:41:19,544 [DEBUG]  OP: Operation.CREATE_LEAF on slice (6, 1) (remaining tasks 47)
2025-04-22 02:41:19,544 [DEBUG]  		 created leaf IdentityNumericLeaf for scope=[15] (in 0.00023 secs)
2025-04-22 02:41:19,545 [DEBUG]  OP: Operation.CREATE_LEAF on slice (6, 1) (remaining tasks 46)
2025-04-22 02:41:19,545 [DEBUG]  		 created leaf IdentityNumericLeaf for scope=[16] (in 0.00020 secs)
2025-04-22 02:41:19,545 [DEBUG]  OP: Operation.CREATE_LEAF on slice (6, 1) (remaining tasks 45)
2025-04-22 02:41:19,545 [DEBUG]  		 created leaf IdentityNumericLeaf for scope=[17] (in 0.00019 secs)
2025-04-22 02:41:19,545 [DEBUG]  OP: Operation.NAIVE_FACTORIZATION on slice (6, 21) (remaining tasks 44)
2025-04-22 02:41:19,553 [DEBUG]  		naive factorization 21 columns (in 0.00782 secs)
2025-04-22 02:41:19,553 [DEBUG]  OP: Operation.NAIVE_FACTORIZATION on slice (62, 25) (remaining tasks 43)
2025-04-22 02:41:19,566 [DEBUG]  		naive factorization 25 columns (in 0.01214 secs)
2025-04-22 02:41:19,566 [DEBUG]  OP: Operation.NAIVE_FACTORIZATION on slice (61, 25) (remaining tasks 42)
2025-04-22 02:41:19,577 [DEBUG]  		naive factorization 25 columns (in 0.01072 secs)
2025-04-22 02:41:19,577 [DEBUG]  OP: Operation.REMOVE_UNINFORMATIVE_FEATURES on slice (60, 25) (remaining tasks 41)
2025-04-22 02:41:19,578 [DEBUG]  OP: Operation.NAIVE_FACTORIZATION on slice (62, 25) (remaining tasks 42)
2025-04-22 02:41:19,588 [DEBUG]  		naive factorization 25 columns (in 0.01062 secs)
2025-04-22 02:41:19,589 [DEBUG]  OP: Operation.SPLIT_COLUMNS on slice (79, 24) (remaining tasks 41)
2025-04-22 02:41:21,078 [DEBUG]  		found 1 col clusters (in 1.48852 secs)
2025-04-22 02:41:21,078 [DEBUG]  OP: Operation.NAIVE_FACTORIZATION on slice (57, 24) (remaining tasks 41)
2025-04-22 02:41:21,090 [DEBUG]  		naive factorization 24 columns (in 0.01191 secs)
2025-04-22 02:41:21,091 [DEBUG]  OP: Operation.SPLIT_COLUMNS on slice (108, 24) (remaining tasks 40)
2025-04-22 02:41:22,627 [DEBUG]  		found 1 col clusters (in 1.53573 secs)
2025-04-22 02:41:22,627 [DEBUG]  OP: Operation.NAIVE_FACTORIZATION on slice (63, 24) (remaining tasks 40)
2025-04-22 02:41:22,638 [DEBUG]  		naive factorization 24 columns (in 0.00999 secs)
2025-04-22 02:41:22,638 [DEBUG]  OP: Operation.SPLIT_COLUMNS on slice (123, 24) (remaining tasks 39)
2025-04-22 02:41:24,190 [DEBUG]  		found 1 col clusters (in 1.55148 secs)
2025-04-22 02:41:24,190 [DEBUG]  OP: Operation.NAIVE_FACTORIZATION on slice (61, 24) (remaining tasks 39)
2025-04-22 02:41:24,201 [DEBUG]  		naive factorization 24 columns (in 0.00996 secs)
2025-04-22 02:41:24,201 [DEBUG]  OP: Operation.SPLIT_ROWS on slice (264, 23) (remaining tasks 38)
2025-04-22 02:41:24,264 [DEBUG]  		found 2 row clusters (in 0.06255 secs)
2025-04-22 02:41:24,264 [DEBUG]  OP: Operation.SPLIT_COLUMNS on slice (103, 24) (remaining tasks 39)
2025-04-22 02:41:25,799 [DEBUG]  		found 1 col clusters (in 1.53467 secs)
2025-04-22 02:41:25,800 [DEBUG]  OP: Operation.SPLIT_COLUMNS on slice (103, 24) (remaining tasks 39)
2025-04-22 02:41:27,337 [DEBUG]  		found 1 col clusters (in 1.53747 secs)
2025-04-22 02:41:27,338 [DEBUG]  OP: Operation.NAIVE_FACTORIZATION on slice (73, 24) (remaining tasks 39)
2025-04-22 02:41:27,350 [DEBUG]  		naive factorization 24 columns (in 0.01187 secs)
2025-04-22 02:41:27,351 [DEBUG]  OP: Operation.SPLIT_COLUMNS on slice (120, 24) (remaining tasks 38)
2025-04-22 02:41:29,050 [DEBUG]  		found 1 col clusters (in 1.69946 secs)
2025-04-22 02:41:29,051 [DEBUG]  OP: Operation.SPLIT_COLUMNS on slice (90, 24) (remaining tasks 38)
2025-04-22 02:41:30,692 [DEBUG]  		found 1 col clusters (in 1.64117 secs)
2025-04-22 02:41:30,693 [DEBUG]  OP: Operation.SPLIT_COLUMNS on slice (99, 24) (remaining tasks 38)
2025-04-22 02:41:32,245 [DEBUG]  		found 1 col clusters (in 1.55220 secs)
2025-04-22 02:41:32,246 [DEBUG]  OP: Operation.SPLIT_COLUMNS on slice (103, 24) (remaining tasks 38)
2025-04-22 02:41:33,854 [DEBUG]  		found 1 col clusters (in 1.60760 secs)
2025-04-22 02:41:33,854 [DEBUG]  OP: Operation.SPLIT_COLUMNS on slice (97, 24) (remaining tasks 38)
2025-04-22 02:41:35,377 [DEBUG]  		found 1 col clusters (in 1.52187 secs)
2025-04-22 02:41:35,377 [DEBUG]  OP: Operation.NAIVE_FACTORIZATION on slice (76, 24) (remaining tasks 38)
2025-04-22 02:41:35,389 [DEBUG]  		naive factorization 24 columns (in 0.01145 secs)
2025-04-22 02:41:35,389 [DEBUG]  OP: Operation.NAIVE_FACTORIZATION on slice (69, 24) (remaining tasks 37)
2025-04-22 02:41:35,400 [DEBUG]  		naive factorization 24 columns (in 0.01071 secs)
2025-04-22 02:41:35,401 [DEBUG]  OP: Operation.NAIVE_FACTORIZATION on slice (30, 24) (remaining tasks 36)
2025-04-22 02:41:35,410 [DEBUG]  		naive factorization 24 columns (in 0.00891 secs)
2025-04-22 02:41:35,410 [DEBUG]  OP: Operation.NAIVE_FACTORIZATION on slice (53, 24) (remaining tasks 35)
2025-04-22 02:41:35,419 [DEBUG]  		naive factorization 24 columns (in 0.00890 secs)
2025-04-22 02:41:35,420 [DEBUG]  OP: Operation.SPLIT_COLUMNS on slice (102, 24) (remaining tasks 34)
2025-04-22 02:41:36,884 [DEBUG]  		found 1 col clusters (in 1.46344 secs)
2025-04-22 02:41:36,884 [DEBUG]  OP: Operation.NAIVE_FACTORIZATION on slice (71, 24) (remaining tasks 34)
2025-04-22 02:41:36,895 [DEBUG]  		naive factorization 24 columns (in 0.01092 secs)
2025-04-22 02:41:36,896 [DEBUG]  OP: Operation.NAIVE_FACTORIZATION on slice (68, 24) (remaining tasks 33)
2025-04-22 02:41:36,907 [DEBUG]  		naive factorization 24 columns (in 0.01062 secs)
2025-04-22 02:41:36,907 [DEBUG]  OP: Operation.SPLIT_COLUMNS on slice (105, 24) (remaining tasks 32)
2025-04-22 02:41:38,424 [DEBUG]  		found 1 col clusters (in 1.51693 secs)
2025-04-22 02:41:38,425 [DEBUG]  OP: Operation.SPLIT_ROWS on slice (107, 23) (remaining tasks 32)
2025-04-22 02:41:38,478 [DEBUG]  		found 2 row clusters (in 0.05260 secs)
2025-04-22 02:41:38,478 [DEBUG]  OP: Operation.SPLIT_ROWS on slice (129, 23) (remaining tasks 33)
2025-04-22 02:41:38,511 [DEBUG]  		found 2 row clusters (in 0.03273 secs)
2025-04-22 02:41:38,511 [DEBUG]  OP: Operation.SPLIT_ROWS on slice (136, 23) (remaining tasks 34)
2025-04-22 02:41:38,536 [DEBUG]  		found 2 row clusters (in 0.02491 secs)
2025-04-22 02:41:38,537 [DEBUG]  OP: Operation.SPLIT_ROWS on slice (140, 23) (remaining tasks 35)
2025-04-22 02:41:38,557 [DEBUG]  		found 2 row clusters (in 0.02004 secs)
2025-04-22 02:41:38,557 [DEBUG]  OP: Operation.SPLIT_ROWS on slice (166, 23) (remaining tasks 36)
2025-04-22 02:41:38,582 [DEBUG]  		found 2 row clusters (in 0.02509 secs)
2025-04-22 02:41:38,582 [DEBUG]  OP: Operation.SPLIT_ROWS on slice (119, 23) (remaining tasks 37)
2025-04-22 02:41:38,602 [DEBUG]  		found 2 row clusters (in 0.01917 secs)
2025-04-22 02:41:38,602 [DEBUG]  OP: Operation.CREATE_LEAF on slice (38, 1) (remaining tasks 38)
2025-04-22 02:41:38,602 [DEBUG]  		 created leaf IdentityNumericLeaf for scope=[17] (in 0.00022 secs)
2025-04-22 02:41:38,602 [DEBUG]  OP: Operation.NAIVE_FACTORIZATION on slice (38, 22) (remaining tasks 37)
2025-04-22 02:41:38,611 [DEBUG]  		naive factorization 22 columns (in 0.00846 secs)
2025-04-22 02:41:38,611 [DEBUG]  OP: Operation.SPLIT_ROWS on slice (97, 23) (remaining tasks 36)
2025-04-22 02:41:38,632 [DEBUG]  		found 2 row clusters (in 0.02047 secs)
2025-04-22 02:41:38,632 [DEBUG]  OP: Operation.SPLIT_ROWS on slice (133, 23) (remaining tasks 37)
2025-04-22 02:41:38,658 [DEBUG]  		found 2 row clusters (in 0.02623 secs)
2025-04-22 02:41:38,659 [DEBUG]  OP: Operation.SPLIT_ROWS on slice (142, 23) (remaining tasks 38)
2025-04-22 02:41:38,679 [DEBUG]  		found 2 row clusters (in 0.02053 secs)
2025-04-22 02:41:38,679 [DEBUG]  OP: Operation.SPLIT_ROWS on slice (82, 23) (remaining tasks 39)
2025-04-22 02:41:38,701 [DEBUG]  		found 2 row clusters (in 0.02159 secs)
2025-04-22 02:41:38,701 [DEBUG]  OP: Operation.SPLIT_ROWS on slice (93, 25) (remaining tasks 40)
2025-04-22 02:41:38,725 [DEBUG]  		found 2 row clusters (in 0.02328 secs)
2025-04-22 02:41:38,725 [DEBUG]  OP: Operation.REMOVE_UNINFORMATIVE_FEATURES on slice (59, 24) (remaining tasks 41)
2025-04-22 02:41:38,725 [DEBUG]  OP: Operation.REMOVE_UNINFORMATIVE_FEATURES on slice (59, 24) (remaining tasks 42)
2025-04-22 02:41:38,725 [DEBUG]  OP: Operation.REMOVE_UNINFORMATIVE_FEATURES on slice (55, 24) (remaining tasks 43)
2025-04-22 02:41:38,726 [DEBUG]  OP: Operation.NAIVE_FACTORIZATION on slice (57, 24) (remaining tasks 44)
2025-04-22 02:41:38,735 [DEBUG]  		naive factorization 24 columns (in 0.00887 secs)
2025-04-22 02:41:38,735 [DEBUG]  OP: Operation.CREATE_LEAF on slice (60, 1) (remaining tasks 43)
2025-04-22 02:41:38,735 [DEBUG]  		 created leaf IdentityNumericLeaf for scope=[17] (in 0.00026 secs)
2025-04-22 02:41:38,735 [DEBUG]  OP: Operation.NAIVE_FACTORIZATION on slice (60, 24) (remaining tasks 42)
2025-04-22 02:41:38,745 [DEBUG]  		naive factorization 24 columns (in 0.00978 secs)
2025-04-22 02:41:38,746 [DEBUG]  OP: Operation.SPLIT_ROWS on slice (79, 24) (remaining tasks 41)
2025-04-22 02:41:38,768 [DEBUG]  		found 2 row clusters (in 0.02243 secs)
2025-04-22 02:41:38,768 [DEBUG]  OP: Operation.SPLIT_ROWS on slice (108, 24) (remaining tasks 42)
2025-04-22 02:41:38,794 [DEBUG]  		found 2 row clusters (in 0.02521 secs)
2025-04-22 02:41:38,794 [DEBUG]  OP: Operation.SPLIT_ROWS on slice (123, 24) (remaining tasks 43)
2025-04-22 02:41:38,819 [DEBUG]  		found 2 row clusters (in 0.02446 secs)
2025-04-22 02:41:38,819 [DEBUG]  OP: Operation.SPLIT_COLUMNS on slice (104, 23) (remaining tasks 44)
2025-04-22 02:41:40,206 [DEBUG]  		found 1 col clusters (in 1.38714 secs)
2025-04-22 02:41:40,207 [DEBUG]  OP: Operation.SPLIT_COLUMNS on slice (160, 23) (remaining tasks 44)
2025-04-22 02:41:41,268 [DEBUG]  		found 1 col clusters (in 1.06140 secs)
2025-04-22 02:41:41,269 [DEBUG]  OP: Operation.SPLIT_ROWS on slice (103, 24) (remaining tasks 44)
2025-04-22 02:41:41,369 [DEBUG]  		found 2 row clusters (in 0.09942 secs)
2025-04-22 02:41:41,369 [DEBUG]  OP: Operation.SPLIT_ROWS on slice (103, 24) (remaining tasks 45)
2025-04-22 02:41:41,395 [DEBUG]  		found 2 row clusters (in 0.02625 secs)
2025-04-22 02:41:41,396 [DEBUG]  OP: Operation.SPLIT_ROWS on slice (120, 24) (remaining tasks 46)
2025-04-22 02:41:41,420 [DEBUG]  		found 2 row clusters (in 0.02378 secs)
2025-04-22 02:41:41,420 [DEBUG]  OP: Operation.SPLIT_ROWS on slice (90, 24) (remaining tasks 47)
2025-04-22 02:41:41,435 [DEBUG]  		found 2 row clusters (in 0.01471 secs)
2025-04-22 02:41:41,435 [DEBUG]  OP: Operation.SPLIT_ROWS on slice (99, 24) (remaining tasks 48)
2025-04-22 02:41:41,456 [DEBUG]  		found 2 row clusters (in 0.02113 secs)
2025-04-22 02:41:41,456 [DEBUG]  OP: Operation.SPLIT_ROWS on slice (103, 24) (remaining tasks 49)
2025-04-22 02:41:41,473 [DEBUG]  		found 2 row clusters (in 0.01715 secs)
2025-04-22 02:41:41,474 [DEBUG]  OP: Operation.SPLIT_ROWS on slice (97, 24) (remaining tasks 50)
2025-04-22 02:41:41,496 [DEBUG]  		found 2 row clusters (in 0.02200 secs)
2025-04-22 02:41:41,496 [DEBUG]  OP: Operation.SPLIT_ROWS on slice (102, 24) (remaining tasks 51)
2025-04-22 02:41:41,513 [DEBUG]  		found 2 row clusters (in 0.01700 secs)
2025-04-22 02:41:41,513 [DEBUG]  OP: Operation.SPLIT_ROWS on slice (105, 24) (remaining tasks 52)
2025-04-22 02:41:41,528 [DEBUG]  		found 2 row clusters (in 0.01475 secs)
2025-04-22 02:41:41,528 [DEBUG]  OP: Operation.NAIVE_FACTORIZATION on slice (70, 23) (remaining tasks 53)
2025-04-22 02:41:41,538 [DEBUG]  		naive factorization 23 columns (in 0.00951 secs)
2025-04-22 02:41:41,538 [DEBUG]  OP: Operation.NAIVE_FACTORIZATION on slice (37, 23) (remaining tasks 52)
2025-04-22 02:41:41,546 [DEBUG]  		naive factorization 23 columns (in 0.00838 secs)
2025-04-22 02:41:41,547 [DEBUG]  OP: Operation.NAIVE_FACTORIZATION on slice (58, 23) (remaining tasks 51)
2025-04-22 02:41:41,556 [DEBUG]  		naive factorization 23 columns (in 0.00965 secs)
2025-04-22 02:41:41,557 [DEBUG]  OP: Operation.NAIVE_FACTORIZATION on slice (71, 23) (remaining tasks 50)
2025-04-22 02:41:41,566 [DEBUG]  		naive factorization 23 columns (in 0.00932 secs)
2025-04-22 02:41:41,566 [DEBUG]  OP: Operation.SPLIT_COLUMNS on slice (78, 23) (remaining tasks 49)
2025-04-22 02:41:42,697 [DEBUG]  		found 1 col clusters (in 1.13091 secs)
2025-04-22 02:41:42,698 [DEBUG]  OP: Operation.NAIVE_FACTORIZATION on slice (58, 23) (remaining tasks 49)
2025-04-22 02:41:42,708 [DEBUG]  		naive factorization 23 columns (in 0.00957 secs)
2025-04-22 02:41:42,708 [DEBUG]  OP: Operation.NAIVE_FACTORIZATION on slice (58, 23) (remaining tasks 48)
2025-04-22 02:41:42,717 [DEBUG]  		naive factorization 23 columns (in 0.00920 secs)
2025-04-22 02:41:42,718 [DEBUG]  OP: Operation.SPLIT_COLUMNS on slice (82, 23) (remaining tasks 47)
2025-04-22 02:41:43,940 [DEBUG]  		found 1 col clusters (in 1.22162 secs)
2025-04-22 02:41:43,940 [DEBUG]  OP: Operation.SPLIT_COLUMNS on slice (86, 23) (remaining tasks 47)
2025-04-22 02:41:45,299 [DEBUG]  		found 1 col clusters (in 1.35816 secs)
2025-04-22 02:41:45,299 [DEBUG]  OP: Operation.SPLIT_COLUMNS on slice (80, 23) (remaining tasks 47)
2025-04-22 02:41:46,758 [DEBUG]  		found 1 col clusters (in 1.45854 secs)
2025-04-22 02:41:46,759 [DEBUG]  OP: Operation.NAIVE_FACTORIZATION on slice (77, 23) (remaining tasks 47)
2025-04-22 02:41:46,768 [DEBUG]  		naive factorization 23 columns (in 0.00908 secs)
2025-04-22 02:41:46,768 [DEBUG]  OP: Operation.NAIVE_FACTORIZATION on slice (42, 23) (remaining tasks 46)
2025-04-22 02:41:46,777 [DEBUG]  		naive factorization 23 columns (in 0.00851 secs)
2025-04-22 02:41:46,778 [DEBUG]  OP: Operation.NAIVE_FACTORIZATION on slice (52, 23) (remaining tasks 45)
2025-04-22 02:41:46,787 [DEBUG]  		naive factorization 23 columns (in 0.00901 secs)
2025-04-22 02:41:46,787 [DEBUG]  OP: Operation.NAIVE_FACTORIZATION on slice (45, 23) (remaining tasks 44)
2025-04-22 02:41:46,798 [DEBUG]  		naive factorization 23 columns (in 0.01077 secs)
2025-04-22 02:41:46,799 [DEBUG]  OP: Operation.SPLIT_COLUMNS on slice (83, 23) (remaining tasks 43)
2025-04-22 02:41:48,352 [DEBUG]  		found 1 col clusters (in 1.55295 secs)
2025-04-22 02:41:48,353 [DEBUG]  OP: Operation.NAIVE_FACTORIZATION on slice (50, 23) (remaining tasks 43)
2025-04-22 02:41:48,362 [DEBUG]  		naive factorization 23 columns (in 0.00913 secs)
2025-04-22 02:41:48,363 [DEBUG]  OP: Operation.NAIVE_FACTORIZATION on slice (65, 23) (remaining tasks 42)
2025-04-22 02:41:48,372 [DEBUG]  		naive factorization 23 columns (in 0.00929 secs)
2025-04-22 02:41:48,373 [DEBUG]  OP: Operation.NAIVE_FACTORIZATION on slice (77, 23) (remaining tasks 41)
2025-04-22 02:41:48,383 [DEBUG]  		naive factorization 23 columns (in 0.00996 secs)
2025-04-22 02:41:48,383 [DEBUG]  OP: Operation.NAIVE_FACTORIZATION on slice (51, 23) (remaining tasks 40)
2025-04-22 02:41:48,394 [DEBUG]  		naive factorization 23 columns (in 0.01002 secs)
2025-04-22 02:41:48,394 [DEBUG]  OP: Operation.NAIVE_FACTORIZATION on slice (31, 23) (remaining tasks 39)
2025-04-22 02:41:48,403 [DEBUG]  		naive factorization 23 columns (in 0.00869 secs)
2025-04-22 02:41:48,404 [DEBUG]  OP: Operation.NAIVE_FACTORIZATION on slice (48, 25) (remaining tasks 38)
2025-04-22 02:41:48,413 [DEBUG]  		naive factorization 25 columns (in 0.00909 secs)
2025-04-22 02:41:48,413 [DEBUG]  OP: Operation.NAIVE_FACTORIZATION on slice (45, 25) (remaining tasks 37)
2025-04-22 02:41:48,425 [DEBUG]  		naive factorization 25 columns (in 0.01080 secs)
2025-04-22 02:41:48,425 [DEBUG]  OP: Operation.CREATE_LEAF on slice (59, 1) (remaining tasks 36)
2025-04-22 02:41:48,425 [DEBUG]  		 created leaf IdentityNumericLeaf for scope=[17] (in 0.00051 secs)
2025-04-22 02:41:48,426 [DEBUG]  OP: Operation.NAIVE_FACTORIZATION on slice (59, 23) (remaining tasks 35)
2025-04-22 02:41:48,436 [DEBUG]  		naive factorization 23 columns (in 0.01002 secs)
2025-04-22 02:41:48,436 [DEBUG]  OP: Operation.CREATE_LEAF on slice (59, 1) (remaining tasks 34)
2025-04-22 02:41:48,437 [DEBUG]  		 created leaf IdentityNumericLeaf for scope=[15] (in 0.00050 secs)
2025-04-22 02:41:48,437 [DEBUG]  OP: Operation.NAIVE_FACTORIZATION on slice (59, 23) (remaining tasks 33)
2025-04-22 02:41:48,447 [DEBUG]  		naive factorization 23 columns (in 0.00980 secs)
2025-04-22 02:41:48,448 [DEBUG]  OP: Operation.CREATE_LEAF on slice (55, 1) (remaining tasks 32)
2025-04-22 02:41:48,448 [DEBUG]  		 created leaf IdentityNumericLeaf for scope=[15] (in 0.00048 secs)
2025-04-22 02:41:48,449 [DEBUG]  OP: Operation.NAIVE_FACTORIZATION on slice (55, 23) (remaining tasks 31)
2025-04-22 02:41:48,460 [DEBUG]  		naive factorization 23 columns (in 0.01051 secs)
2025-04-22 02:41:48,460 [DEBUG]  OP: Operation.NAIVE_FACTORIZATION on slice (30, 24) (remaining tasks 30)
2025-04-22 02:41:48,470 [DEBUG]  		naive factorization 24 columns (in 0.00979 secs)
2025-04-22 02:41:48,471 [DEBUG]  OP: Operation.NAIVE_FACTORIZATION on slice (49, 24) (remaining tasks 29)
2025-04-22 02:41:48,481 [DEBUG]  		naive factorization 24 columns (in 0.01022 secs)
2025-04-22 02:41:48,482 [DEBUG]  OP: Operation.NAIVE_FACTORIZATION on slice (58, 24) (remaining tasks 28)
2025-04-22 02:41:48,494 [DEBUG]  		naive factorization 24 columns (in 0.01164 secs)
2025-04-22 02:41:48,494 [DEBUG]  OP: Operation.NAIVE_FACTORIZATION on slice (50, 24) (remaining tasks 27)
2025-04-22 02:41:48,504 [DEBUG]  		naive factorization 24 columns (in 0.00986 secs)
2025-04-22 02:41:48,505 [DEBUG]  OP: Operation.NAIVE_FACTORIZATION on slice (49, 24) (remaining tasks 26)
2025-04-22 02:41:48,514 [DEBUG]  		naive factorization 24 columns (in 0.00892 secs)
2025-04-22 02:41:48,514 [DEBUG]  OP: Operation.NAIVE_FACTORIZATION on slice (74, 24) (remaining tasks 25)
2025-04-22 02:41:48,524 [DEBUG]  		naive factorization 24 columns (in 0.00924 secs)
2025-04-22 02:41:48,524 [DEBUG]  OP: Operation.SPLIT_ROWS on slice (104, 23) (remaining tasks 24)
2025-04-22 02:41:48,567 [DEBUG]  		found 2 row clusters (in 0.04282 secs)
2025-04-22 02:41:48,568 [DEBUG]  OP: Operation.SPLIT_ROWS on slice (160, 23) (remaining tasks 25)
2025-04-22 02:41:48,598 [DEBUG]  		found 2 row clusters (in 0.03050 secs)
2025-04-22 02:41:48,599 [DEBUG]  OP: Operation.NAIVE_FACTORIZATION on slice (45, 24) (remaining tasks 26)
2025-04-22 02:41:48,608 [DEBUG]  		naive factorization 24 columns (in 0.00884 secs)
2025-04-22 02:41:48,608 [DEBUG]  OP: Operation.NAIVE_FACTORIZATION on slice (58, 24) (remaining tasks 25)
2025-04-22 02:41:48,620 [DEBUG]  		naive factorization 24 columns (in 0.01115 secs)
2025-04-22 02:41:48,620 [DEBUG]  OP: Operation.NAIVE_FACTORIZATION on slice (35, 24) (remaining tasks 24)
2025-04-22 02:41:48,630 [DEBUG]  		naive factorization 24 columns (in 0.00996 secs)
2025-04-22 02:41:48,631 [DEBUG]  OP: Operation.NAIVE_FACTORIZATION on slice (68, 24) (remaining tasks 23)
2025-04-22 02:41:48,641 [DEBUG]  		naive factorization 24 columns (in 0.00977 secs)
2025-04-22 02:41:48,641 [DEBUG]  OP: Operation.NAIVE_FACTORIZATION on slice (53, 24) (remaining tasks 22)
2025-04-22 02:41:48,650 [DEBUG]  		naive factorization 24 columns (in 0.00900 secs)
2025-04-22 02:41:48,651 [DEBUG]  OP: Operation.NAIVE_FACTORIZATION on slice (67, 24) (remaining tasks 21)
2025-04-22 02:41:48,661 [DEBUG]  		naive factorization 24 columns (in 0.01033 secs)
2025-04-22 02:41:48,662 [DEBUG]  OP: Operation.NAIVE_FACTORIZATION on slice (36, 24) (remaining tasks 20)
2025-04-22 02:41:48,673 [DEBUG]  		naive factorization 24 columns (in 0.01054 secs)
2025-04-22 02:41:48,673 [DEBUG]  OP: Operation.NAIVE_FACTORIZATION on slice (54, 24) (remaining tasks 19)
2025-04-22 02:41:48,684 [DEBUG]  		naive factorization 24 columns (in 0.01108 secs)
2025-04-22 02:41:48,685 [DEBUG]  OP: Operation.NAIVE_FACTORIZATION on slice (56, 24) (remaining tasks 18)
2025-04-22 02:41:48,695 [DEBUG]  		naive factorization 24 columns (in 0.00972 secs)
2025-04-22 02:41:48,696 [DEBUG]  OP: Operation.NAIVE_FACTORIZATION on slice (43, 24) (remaining tasks 17)
2025-04-22 02:41:48,705 [DEBUG]  		naive factorization 24 columns (in 0.00903 secs)
2025-04-22 02:41:48,705 [DEBUG]  OP: Operation.NAIVE_FACTORIZATION on slice (36, 24) (remaining tasks 16)
2025-04-22 02:41:48,715 [DEBUG]  		naive factorization 24 columns (in 0.00969 secs)
2025-04-22 02:41:48,716 [DEBUG]  OP: Operation.NAIVE_FACTORIZATION on slice (67, 24) (remaining tasks 15)
2025-04-22 02:41:48,726 [DEBUG]  		naive factorization 24 columns (in 0.01033 secs)
2025-04-22 02:41:48,727 [DEBUG]  OP: Operation.NAIVE_FACTORIZATION on slice (35, 24) (remaining tasks 14)
2025-04-22 02:41:48,737 [DEBUG]  		naive factorization 24 columns (in 0.01030 secs)
2025-04-22 02:41:48,738 [DEBUG]  OP: Operation.NAIVE_FACTORIZATION on slice (62, 24) (remaining tasks 13)
2025-04-22 02:41:48,748 [DEBUG]  		naive factorization 24 columns (in 0.01015 secs)
2025-04-22 02:41:48,749 [DEBUG]  OP: Operation.NAIVE_FACTORIZATION on slice (52, 24) (remaining tasks 12)
2025-04-22 02:41:48,758 [DEBUG]  		naive factorization 24 columns (in 0.00909 secs)
2025-04-22 02:41:48,759 [DEBUG]  OP: Operation.NAIVE_FACTORIZATION on slice (50, 24) (remaining tasks 11)
2025-04-22 02:41:48,769 [DEBUG]  		naive factorization 24 columns (in 0.00981 secs)
2025-04-22 02:41:48,769 [DEBUG]  OP: Operation.NAIVE_FACTORIZATION on slice (40, 24) (remaining tasks 10)
2025-04-22 02:41:48,779 [DEBUG]  		naive factorization 24 columns (in 0.00988 secs)
2025-04-22 02:41:48,780 [DEBUG]  OP: Operation.NAIVE_FACTORIZATION on slice (65, 24) (remaining tasks 9)
2025-04-22 02:41:48,791 [DEBUG]  		naive factorization 24 columns (in 0.01066 secs)
2025-04-22 02:41:48,791 [DEBUG]  OP: Operation.SPLIT_ROWS on slice (78, 23) (remaining tasks 8)
2025-04-22 02:41:48,838 [DEBUG]  		found 2 row clusters (in 0.04632 secs)
2025-04-22 02:41:48,838 [DEBUG]  OP: Operation.SPLIT_ROWS on slice (82, 23) (remaining tasks 9)
2025-04-22 02:41:48,867 [DEBUG]  		found 2 row clusters (in 0.02859 secs)
2025-04-22 02:41:48,867 [DEBUG]  OP: Operation.SPLIT_ROWS on slice (86, 23) (remaining tasks 10)
2025-04-22 02:41:48,896 [DEBUG]  		found 2 row clusters (in 0.02810 secs)
2025-04-22 02:41:48,896 [DEBUG]  OP: Operation.SPLIT_ROWS on slice (80, 23) (remaining tasks 11)
2025-04-22 02:41:48,918 [DEBUG]  		found 2 row clusters (in 0.02175 secs)
2025-04-22 02:41:48,918 [DEBUG]  OP: Operation.SPLIT_ROWS on slice (83, 23) (remaining tasks 12)
2025-04-22 02:41:48,945 [DEBUG]  		found 2 row clusters (in 0.02697 secs)
2025-04-22 02:41:48,945 [DEBUG]  OP: Operation.NAIVE_FACTORIZATION on slice (63, 23) (remaining tasks 13)
2025-04-22 02:41:48,955 [DEBUG]  		naive factorization 23 columns (in 0.00923 secs)
2025-04-22 02:41:48,955 [DEBUG]  OP: Operation.NAIVE_FACTORIZATION on slice (41, 23) (remaining tasks 12)
2025-04-22 02:41:48,964 [DEBUG]  		naive factorization 23 columns (in 0.00844 secs)
2025-04-22 02:41:48,964 [DEBUG]  OP: Operation.SPLIT_COLUMNS on slice (94, 23) (remaining tasks 11)
2025-04-22 02:41:50,438 [DEBUG]  		found 1 col clusters (in 1.47410 secs)
2025-04-22 02:41:50,439 [DEBUG]  OP: Operation.NAIVE_FACTORIZATION on slice (66, 23) (remaining tasks 11)
2025-04-22 02:41:50,449 [DEBUG]  		naive factorization 23 columns (in 0.01012 secs)
2025-04-22 02:41:50,450 [DEBUG]  OP: Operation.NAIVE_FACTORIZATION on slice (36, 23) (remaining tasks 10)
2025-04-22 02:41:50,459 [DEBUG]  		naive factorization 23 columns (in 0.00874 secs)
2025-04-22 02:41:50,459 [DEBUG]  OP: Operation.NAIVE_FACTORIZATION on slice (42, 23) (remaining tasks 9)
2025-04-22 02:41:50,468 [DEBUG]  		naive factorization 23 columns (in 0.00873 secs)
2025-04-22 02:41:50,469 [DEBUG]  OP: Operation.NAIVE_FACTORIZATION on slice (32, 23) (remaining tasks 8)
2025-04-22 02:41:50,477 [DEBUG]  		naive factorization 23 columns (in 0.00829 secs)
2025-04-22 02:41:50,478 [DEBUG]  OP: Operation.NAIVE_FACTORIZATION on slice (50, 23) (remaining tasks 7)
2025-04-22 02:41:50,487 [DEBUG]  		naive factorization 23 columns (in 0.00887 secs)
2025-04-22 02:41:50,487 [DEBUG]  OP: Operation.NAIVE_FACTORIZATION on slice (39, 23) (remaining tasks 6)
2025-04-22 02:41:50,498 [DEBUG]  		naive factorization 23 columns (in 0.00998 secs)
2025-04-22 02:41:50,498 [DEBUG]  OP: Operation.NAIVE_FACTORIZATION on slice (47, 23) (remaining tasks 5)
2025-04-22 02:41:50,509 [DEBUG]  		naive factorization 23 columns (in 0.01038 secs)
2025-04-22 02:41:50,509 [DEBUG]  OP: Operation.NAIVE_FACTORIZATION on slice (42, 23) (remaining tasks 4)
2025-04-22 02:41:50,518 [DEBUG]  		naive factorization 23 columns (in 0.00866 secs)
2025-04-22 02:41:50,519 [DEBUG]  OP: Operation.NAIVE_FACTORIZATION on slice (38, 23) (remaining tasks 3)
2025-04-22 02:41:50,528 [DEBUG]  		naive factorization 23 columns (in 0.00875 secs)
2025-04-22 02:41:50,528 [DEBUG]  OP: Operation.NAIVE_FACTORIZATION on slice (46, 23) (remaining tasks 2)
2025-04-22 02:41:50,537 [DEBUG]  		naive factorization 23 columns (in 0.00856 secs)
2025-04-22 02:41:50,537 [DEBUG]  OP: Operation.NAIVE_FACTORIZATION on slice (37, 23) (remaining tasks 1)
2025-04-22 02:41:50,547 [DEBUG]  		naive factorization 23 columns (in 0.00924 secs)
2025-04-22 02:41:50,547 [DEBUG]  OP: Operation.SPLIT_ROWS on slice (94, 23) (remaining tasks 0)
2025-04-22 02:41:50,588 [DEBUG]  		found 2 row clusters (in 0.04039 secs)
2025-04-22 02:41:50,588 [DEBUG]  OP: Operation.NAIVE_FACTORIZATION on slice (47, 23) (remaining tasks 1)
2025-04-22 02:41:50,599 [DEBUG]  		naive factorization 23 columns (in 0.00997 secs)
2025-04-22 02:41:50,599 [DEBUG]  OP: Operation.NAIVE_FACTORIZATION on slice (47, 23) (remaining tasks 0)
2025-04-22 02:41:50,608 [DEBUG]  		naive factorization 23 columns (in 0.00867 secs)
2025-04-22 02:41:52,475 [DEBUG]  Built SPN in 810.4331763360024 sec
2025-04-22 02:41:52,475 [INFO ]  Saving ensemble to /home/dafn/card/deepcard/collected_temp_benchmarks/spn_ensembles/Bias correction of numerical prediction model temperature forecast/ensemble_single_bias_correction_ucl_10000000.pkl
