2025-04-22 02:00:17,323 [INFO ]  Creating naive ensemble.
2025-04-22 02:00:17,324 [INFO ]  Learning SPN for bias_correction_ucl.
2025-04-22 02:00:17,324 [DEBUG]  generate_join_sample(single_table=bias_correction_ucl, relationship_list=None, split_condition=None)
2025-04-22 02:00:17,356 [DEBUG]  Using min_instance_slice parameter 77.5.
2025-04-22 02:00:17,356 [INFO ]  SPN training phase with 7750 samples
2025-04-22 02:00:17,368 [DEBUG]  Built domains in 0.011013467999873683 sec
2025-04-22 02:00:17,715 [DEBUG]  CACHEDIR=/home/dafn/.cache/matplotlib
2025-04-22 02:00:17,716 [DEBUG]  Using fontManager instance from /home/dafn/.cache/matplotlib/fontlist-v300.json
2025-04-22 02:00:17,810 [DEBUG]  Loaded backend qt5agg version unknown.
2025-04-22 02:00:17,840 [DEBUG]  Loaded backend qt5agg version unknown.
2025-04-22 02:00:17,841 [DEBUG]  Loaded backend qt4agg version unknown.
2025-04-22 02:00:17,847 [DEBUG]  Loaded backend tkagg version unknown.
2025-04-22 02:00:17,848 [DEBUG]  Loaded backend agg version unknown.
2025-04-22 02:00:17,848 [DEBUG]  Loaded backend agg version unknown.
2025-04-22 02:00:17,852 [DEBUG]  OP: Operation.SPLIT_ROWS on slice (7750, 25) (remaining tasks 0)
2025-04-22 02:00:17,965 [DEBUG]  		found 2 row clusters (in 0.11296 secs)
2025-04-22 02:00:17,966 [DEBUG]  OP: Operation.SPLIT_COLUMNS on slice (4762, 25) (remaining tasks 1)
2025-04-22 02:00:24,575 [DEBUG]  		found 1 col clusters (in 6.60827 secs)
2025-04-22 02:00:24,576 [DEBUG]  OP: Operation.SPLIT_COLUMNS on slice (2988, 25) (remaining tasks 1)
2025-04-22 02:01:01,841 [DEBUG]  		found 1 col clusters (in 37.26439 secs)
2025-04-22 02:01:01,842 [DEBUG]  OP: Operation.SPLIT_ROWS on slice (4762, 25) (remaining tasks 1)
2025-04-22 02:01:02,083 [DEBUG]  		found 2 row clusters (in 0.24071 secs)
2025-04-22 02:01:02,084 [DEBUG]  OP: Operation.SPLIT_ROWS on slice (2988, 25) (remaining tasks 2)
2025-04-22 02:01:02,152 [DEBUG]  		found 2 row clusters (in 0.06771 secs)
2025-04-22 02:01:02,153 [DEBUG]  OP: Operation.SPLIT_COLUMNS on slice (2886, 25) (remaining tasks 3)
2025-04-22 02:01:39,057 [DEBUG]  		found 1 col clusters (in 36.90435 secs)
2025-04-22 02:01:39,058 [DEBUG]  OP: Operation.SPLIT_COLUMNS on slice (1876, 25) (remaining tasks 3)
2025-04-22 02:02:12,707 [DEBUG]  		found 1 col clusters (in 33.64837 secs)
2025-04-22 02:02:12,707 [DEBUG]  OP: Operation.SPLIT_COLUMNS on slice (1576, 25) (remaining tasks 3)
2025-04-22 02:02:43,934 [DEBUG]  		found 1 col clusters (in 31.22671 secs)
2025-04-22 02:02:43,935 [DEBUG]  OP: Operation.SPLIT_COLUMNS on slice (1412, 25) (remaining tasks 3)
2025-04-22 02:03:04,186 [DEBUG]  		found 1 col clusters (in 20.25017 secs)
2025-04-22 02:03:04,187 [DEBUG]  OP: Operation.SPLIT_ROWS on slice (2886, 25) (remaining tasks 3)
2025-04-22 02:03:04,426 [DEBUG]  		found 2 row clusters (in 0.23933 secs)
2025-04-22 02:03:04,427 [DEBUG]  OP: Operation.SPLIT_ROWS on slice (1876, 25) (remaining tasks 4)
2025-04-22 02:03:04,499 [DEBUG]  		found 2 row clusters (in 0.07148 secs)
2025-04-22 02:03:04,499 [DEBUG]  OP: Operation.SPLIT_ROWS on slice (1576, 25) (remaining tasks 5)
2025-04-22 02:03:04,551 [DEBUG]  		found 2 row clusters (in 0.05129 secs)
2025-04-22 02:03:04,551 [DEBUG]  OP: Operation.SPLIT_ROWS on slice (1412, 25) (remaining tasks 6)
2025-04-22 02:03:04,593 [DEBUG]  		found 2 row clusters (in 0.04142 secs)
2025-04-22 02:03:04,593 [DEBUG]  OP: Operation.SPLIT_COLUMNS on slice (1394, 25) (remaining tasks 7)
2025-04-22 02:03:23,405 [DEBUG]  		found 1 col clusters (in 18.81154 secs)
2025-04-22 02:03:23,405 [DEBUG]  OP: Operation.SPLIT_COLUMNS on slice (1492, 25) (remaining tasks 7)
2025-04-22 02:03:45,619 [DEBUG]  		found 1 col clusters (in 22.21306 secs)
2025-04-22 02:03:45,619 [DEBUG]  OP: Operation.SPLIT_COLUMNS on slice (865, 25) (remaining tasks 7)
2025-04-22 02:03:57,080 [DEBUG]  		found 1 col clusters (in 11.46079 secs)
2025-04-22 02:03:57,081 [DEBUG]  OP: Operation.SPLIT_COLUMNS on slice (1011, 25) (remaining tasks 7)
2025-04-22 02:04:09,026 [DEBUG]  		found 1 col clusters (in 11.94513 secs)
2025-04-22 02:04:09,027 [DEBUG]  OP: Operation.SPLIT_COLUMNS on slice (808, 25) (remaining tasks 7)
2025-04-22 02:04:18,088 [DEBUG]  		found 1 col clusters (in 9.06044 secs)
2025-04-22 02:04:18,089 [DEBUG]  OP: Operation.SPLIT_COLUMNS on slice (768, 25) (remaining tasks 7)
2025-04-22 02:04:29,650 [DEBUG]  		found 1 col clusters (in 11.56165 secs)
2025-04-22 02:04:29,651 [DEBUG]  OP: Operation.SPLIT_COLUMNS on slice (678, 25) (remaining tasks 7)
2025-04-22 02:04:32,912 [DEBUG]  		found 1 col clusters (in 3.26109 secs)
2025-04-22 02:04:32,913 [DEBUG]  OP: Operation.SPLIT_COLUMNS on slice (734, 25) (remaining tasks 7)
2025-04-22 02:04:36,204 [DEBUG]  		found 1 col clusters (in 3.29029 secs)
2025-04-22 02:04:36,204 [DEBUG]  OP: Operation.SPLIT_ROWS on slice (1394, 25) (remaining tasks 7)
2025-04-22 02:04:36,373 [DEBUG]  		found 2 row clusters (in 0.16822 secs)
2025-04-22 02:04:36,373 [DEBUG]  OP: Operation.SPLIT_ROWS on slice (1492, 25) (remaining tasks 8)
2025-04-22 02:04:36,421 [DEBUG]  		found 2 row clusters (in 0.04734 secs)
2025-04-22 02:04:36,421 [DEBUG]  OP: Operation.SPLIT_ROWS on slice (865, 25) (remaining tasks 9)
2025-04-22 02:04:36,454 [DEBUG]  		found 2 row clusters (in 0.03242 secs)
2025-04-22 02:04:36,454 [DEBUG]  OP: Operation.SPLIT_ROWS on slice (1011, 25) (remaining tasks 10)
2025-04-22 02:04:36,484 [DEBUG]  		found 2 row clusters (in 0.03046 secs)
2025-04-22 02:04:36,485 [DEBUG]  OP: Operation.SPLIT_ROWS on slice (808, 25) (remaining tasks 11)
2025-04-22 02:04:36,507 [DEBUG]  		found 2 row clusters (in 0.02214 secs)
2025-04-22 02:04:36,507 [DEBUG]  OP: Operation.SPLIT_ROWS on slice (768, 25) (remaining tasks 12)
2025-04-22 02:04:36,534 [DEBUG]  		found 2 row clusters (in 0.02673 secs)
2025-04-22 02:04:36,535 [DEBUG]  OP: Operation.SPLIT_ROWS on slice (678, 25) (remaining tasks 13)
2025-04-22 02:04:36,569 [DEBUG]  		found 2 row clusters (in 0.03426 secs)
2025-04-22 02:04:36,569 [DEBUG]  OP: Operation.SPLIT_ROWS on slice (734, 25) (remaining tasks 14)
2025-04-22 02:04:36,595 [DEBUG]  		found 2 row clusters (in 0.02538 secs)
2025-04-22 02:04:36,595 [DEBUG]  OP: Operation.SPLIT_COLUMNS on slice (512, 25) (remaining tasks 15)
2025-04-22 02:04:48,181 [DEBUG]  		found 1 col clusters (in 11.58629 secs)
2025-04-22 02:04:48,182 [DEBUG]  OP: Operation.SPLIT_COLUMNS on slice (882, 25) (remaining tasks 15)
2025-04-22 02:05:00,922 [DEBUG]  		found 1 col clusters (in 12.73990 secs)
2025-04-22 02:05:00,923 [DEBUG]  OP: Operation.SPLIT_COLUMNS on slice (760, 25) (remaining tasks 15)
2025-04-22 02:05:10,531 [DEBUG]  		found 1 col clusters (in 9.60817 secs)
2025-04-22 02:05:10,532 [DEBUG]  OP: Operation.SPLIT_COLUMNS on slice (732, 25) (remaining tasks 15)
2025-04-22 02:05:14,382 [DEBUG]  		found 1 col clusters (in 3.85005 secs)
2025-04-22 02:05:14,383 [DEBUG]  OP: Operation.SPLIT_COLUMNS on slice (395, 25) (remaining tasks 15)
2025-04-22 02:05:24,562 [DEBUG]  		found 1 col clusters (in 10.17909 secs)
2025-04-22 02:05:24,562 [DEBUG]  OP: Operation.SPLIT_COLUMNS on slice (470, 25) (remaining tasks 15)
2025-04-22 02:05:33,861 [DEBUG]  		found 1 col clusters (in 9.29861 secs)
2025-04-22 02:05:33,862 [DEBUG]  OP: Operation.SPLIT_COLUMNS on slice (576, 25) (remaining tasks 15)
2025-04-22 02:05:37,279 [DEBUG]  		found 1 col clusters (in 3.41695 secs)
2025-04-22 02:05:37,280 [DEBUG]  OP: Operation.SPLIT_COLUMNS on slice (435, 25) (remaining tasks 15)
2025-04-22 02:05:48,176 [DEBUG]  		found 1 col clusters (in 10.89625 secs)
2025-04-22 02:05:48,177 [DEBUG]  OP: Operation.SPLIT_COLUMNS on slice (400, 25) (remaining tasks 15)
2025-04-22 02:05:57,706 [DEBUG]  		found 1 col clusters (in 9.52849 secs)
2025-04-22 02:05:57,706 [DEBUG]  OP: Operation.SPLIT_COLUMNS on slice (408, 25) (remaining tasks 15)
2025-04-22 02:06:07,743 [DEBUG]  		found 1 col clusters (in 10.03701 secs)
2025-04-22 02:06:07,744 [DEBUG]  OP: Operation.SPLIT_COLUMNS on slice (318, 25) (remaining tasks 15)
2025-04-22 02:06:16,073 [DEBUG]  		found 1 col clusters (in 8.32931 secs)
2025-04-22 02:06:16,074 [DEBUG]  OP: Operation.SPLIT_COLUMNS on slice (450, 25) (remaining tasks 15)
2025-04-22 02:06:26,269 [DEBUG]  		found 1 col clusters (in 10.19467 secs)
2025-04-22 02:06:26,269 [DEBUG]  OP: Operation.SPLIT_COLUMNS on slice (388, 25) (remaining tasks 15)
2025-04-22 02:06:35,498 [DEBUG]  		found 1 col clusters (in 9.22873 secs)
2025-04-22 02:06:35,499 [DEBUG]  OP: Operation.SPLIT_COLUMNS on slice (290, 25) (remaining tasks 15)
2025-04-22 02:06:44,564 [DEBUG]  		found 1 col clusters (in 9.06499 secs)
2025-04-22 02:06:44,564 [DEBUG]  OP: Operation.SPLIT_COLUMNS on slice (295, 25) (remaining tasks 15)
2025-04-22 02:06:53,456 [DEBUG]  		found 1 col clusters (in 8.89115 secs)
2025-04-22 02:06:53,456 [DEBUG]  OP: Operation.SPLIT_COLUMNS on slice (439, 25) (remaining tasks 15)
2025-04-22 02:07:04,920 [DEBUG]  		found 1 col clusters (in 11.46344 secs)
2025-04-22 02:07:04,921 [DEBUG]  OP: Operation.SPLIT_ROWS on slice (512, 25) (remaining tasks 15)
2025-04-22 02:07:05,059 [DEBUG]  		found 2 row clusters (in 0.13803 secs)
2025-04-22 02:07:05,059 [DEBUG]  OP: Operation.SPLIT_ROWS on slice (882, 25) (remaining tasks 16)
2025-04-22 02:07:05,125 [DEBUG]  		found 2 row clusters (in 0.06568 secs)
2025-04-22 02:07:05,125 [DEBUG]  OP: Operation.SPLIT_ROWS on slice (760, 25) (remaining tasks 17)
2025-04-22 02:07:05,155 [DEBUG]  		found 2 row clusters (in 0.02985 secs)
2025-04-22 02:07:05,156 [DEBUG]  OP: Operation.SPLIT_ROWS on slice (732, 25) (remaining tasks 18)
2025-04-22 02:07:05,197 [DEBUG]  		found 2 row clusters (in 0.04135 secs)
2025-04-22 02:07:05,198 [DEBUG]  OP: Operation.SPLIT_ROWS on slice (395, 25) (remaining tasks 19)
2025-04-22 02:07:05,217 [DEBUG]  		found 2 row clusters (in 0.01983 secs)
2025-04-22 02:07:05,218 [DEBUG]  OP: Operation.SPLIT_ROWS on slice (470, 25) (remaining tasks 20)
2025-04-22 02:07:05,250 [DEBUG]  		found 2 row clusters (in 0.03208 secs)
2025-04-22 02:07:05,250 [DEBUG]  OP: Operation.SPLIT_ROWS on slice (576, 25) (remaining tasks 21)
2025-04-22 02:07:05,292 [DEBUG]  		found 2 row clusters (in 0.04147 secs)
2025-04-22 02:07:05,292 [DEBUG]  OP: Operation.SPLIT_ROWS on slice (435, 25) (remaining tasks 22)
2025-04-22 02:07:05,318 [DEBUG]  		found 2 row clusters (in 0.02642 secs)
2025-04-22 02:07:05,319 [DEBUG]  OP: Operation.SPLIT_ROWS on slice (400, 25) (remaining tasks 23)
2025-04-22 02:07:05,348 [DEBUG]  		found 2 row clusters (in 0.02967 secs)
2025-04-22 02:07:05,349 [DEBUG]  OP: Operation.SPLIT_ROWS on slice (408, 25) (remaining tasks 24)
2025-04-22 02:07:05,375 [DEBUG]  		found 2 row clusters (in 0.02587 secs)
2025-04-22 02:07:05,375 [DEBUG]  OP: Operation.SPLIT_ROWS on slice (318, 25) (remaining tasks 25)
2025-04-22 02:07:05,396 [DEBUG]  		found 2 row clusters (in 0.02128 secs)
2025-04-22 02:07:05,397 [DEBUG]  OP: Operation.SPLIT_ROWS on slice (450, 25) (remaining tasks 26)
2025-04-22 02:07:05,423 [DEBUG]  		found 2 row clusters (in 0.02625 secs)
2025-04-22 02:07:05,423 [DEBUG]  OP: Operation.SPLIT_ROWS on slice (388, 25) (remaining tasks 27)
2025-04-22 02:07:05,445 [DEBUG]  		found 2 row clusters (in 0.02230 secs)
2025-04-22 02:07:05,446 [DEBUG]  OP: Operation.SPLIT_ROWS on slice (290, 25) (remaining tasks 28)
2025-04-22 02:07:05,466 [DEBUG]  		found 2 row clusters (in 0.02056 secs)
2025-04-22 02:07:05,467 [DEBUG]  OP: Operation.SPLIT_ROWS on slice (295, 25) (remaining tasks 29)
2025-04-22 02:07:05,489 [DEBUG]  		found 2 row clusters (in 0.02234 secs)
2025-04-22 02:07:05,489 [DEBUG]  OP: Operation.SPLIT_ROWS on slice (439, 25) (remaining tasks 30)
2025-04-22 02:07:05,512 [DEBUG]  		found 2 row clusters (in 0.02307 secs)
2025-04-22 02:07:05,513 [DEBUG]  OP: Operation.SPLIT_COLUMNS on slice (446, 25) (remaining tasks 31)
2025-04-22 02:07:15,572 [DEBUG]  		found 1 col clusters (in 10.05900 secs)
2025-04-22 02:07:15,572 [DEBUG]  OP: Operation.NAIVE_FACTORIZATION on slice (66, 25) (remaining tasks 31)
2025-04-22 02:07:15,586 [DEBUG]  		naive factorization 25 columns (in 0.01340 secs)
2025-04-22 02:07:15,586 [DEBUG]  OP: Operation.SPLIT_COLUMNS on slice (686, 25) (remaining tasks 30)
2025-04-22 02:07:19,558 [DEBUG]  		found 1 col clusters (in 3.97165 secs)
2025-04-22 02:07:19,559 [DEBUG]  OP: Operation.SPLIT_COLUMNS on slice (196, 25) (remaining tasks 30)
2025-04-22 02:07:27,036 [DEBUG]  		found 1 col clusters (in 7.47699 secs)
2025-04-22 02:07:27,037 [DEBUG]  OP: Operation.SPLIT_COLUMNS on slice (161, 25) (remaining tasks 30)
2025-04-22 02:07:28,307 [DEBUG]  		found 1 col clusters (in 1.26980 secs)
2025-04-22 02:07:28,307 [DEBUG]  OP: Operation.SPLIT_COLUMNS on slice (599, 25) (remaining tasks 30)
2025-04-22 02:07:31,896 [DEBUG]  		found 1 col clusters (in 3.58838 secs)
2025-04-22 02:07:31,896 [DEBUG]  OP: Operation.SPLIT_COLUMNS on slice (289, 25) (remaining tasks 30)
2025-04-22 02:07:41,103 [DEBUG]  		found 1 col clusters (in 9.20660 secs)
2025-04-22 02:07:41,104 [DEBUG]  OP: Operation.SPLIT_COLUMNS on slice (443, 25) (remaining tasks 30)
2025-04-22 02:07:51,698 [DEBUG]  		found 1 col clusters (in 10.59443 secs)
2025-04-22 02:07:51,699 [DEBUG]  OP: Operation.NAIVE_FACTORIZATION on slice (70, 25) (remaining tasks 30)
2025-04-22 02:07:51,713 [DEBUG]  		naive factorization 25 columns (in 0.01414 secs)
2025-04-22 02:07:51,713 [DEBUG]  OP: Operation.SPLIT_COLUMNS on slice (325, 25) (remaining tasks 29)
2025-04-22 02:08:01,817 [DEBUG]  		found 1 col clusters (in 10.10379 secs)
2025-04-22 02:08:01,818 [DEBUG]  OP: Operation.SPLIT_COLUMNS on slice (250, 25) (remaining tasks 29)
2025-04-22 02:08:10,550 [DEBUG]  		found 1 col clusters (in 8.73201 secs)
2025-04-22 02:08:10,551 [DEBUG]  OP: Operation.SPLIT_COLUMNS on slice (220, 25) (remaining tasks 29)
2025-04-22 02:08:18,830 [DEBUG]  		found 1 col clusters (in 8.27913 secs)
2025-04-22 02:08:18,831 [DEBUG]  OP: Operation.SPLIT_COLUMNS on slice (277, 25) (remaining tasks 29)
2025-04-22 02:08:27,705 [DEBUG]  		found 1 col clusters (in 8.87369 secs)
2025-04-22 02:08:27,705 [DEBUG]  OP: Operation.SPLIT_COLUMNS on slice (299, 25) (remaining tasks 29)
2025-04-22 02:08:36,858 [DEBUG]  		found 1 col clusters (in 9.15231 secs)
2025-04-22 02:08:36,858 [DEBUG]  OP: Operation.SPLIT_COLUMNS on slice (371, 25) (remaining tasks 29)
2025-04-22 02:08:46,268 [DEBUG]  		found 1 col clusters (in 9.40978 secs)
2025-04-22 02:08:46,269 [DEBUG]  OP: Operation.NAIVE_FACTORIZATION on slice (64, 25) (remaining tasks 29)
2025-04-22 02:08:46,278 [DEBUG]  		naive factorization 25 columns (in 0.00928 secs)
2025-04-22 02:08:46,279 [DEBUG]  OP: Operation.NAIVE_FACTORIZATION on slice (67, 25) (remaining tasks 28)
2025-04-22 02:08:46,287 [DEBUG]  		naive factorization 25 columns (in 0.00827 secs)
2025-04-22 02:08:46,288 [DEBUG]  OP: Operation.SPLIT_COLUMNS on slice (333, 25) (remaining tasks 27)
2025-04-22 02:08:56,458 [DEBUG]  		found 1 col clusters (in 10.16985 secs)
2025-04-22 02:08:56,458 [DEBUG]  OP: Operation.SPLIT_COLUMNS on slice (168, 25) (remaining tasks 27)
2025-04-22 02:08:57,694 [DEBUG]  		found 1 col clusters (in 1.23555 secs)
2025-04-22 02:08:57,695 [DEBUG]  OP: Operation.SPLIT_COLUMNS on slice (240, 25) (remaining tasks 27)
2025-04-22 02:09:06,168 [DEBUG]  		found 1 col clusters (in 8.47282 secs)
2025-04-22 02:09:06,168 [DEBUG]  OP: Operation.SPLIT_COLUMNS on slice (158, 25) (remaining tasks 27)
2025-04-22 02:09:07,414 [DEBUG]  		found 1 col clusters (in 1.24635 secs)
2025-04-22 02:09:07,415 [DEBUG]  OP: Operation.SPLIT_COLUMNS on slice (160, 25) (remaining tasks 27)
2025-04-22 02:09:08,610 [DEBUG]  		found 1 col clusters (in 1.19524 secs)
2025-04-22 02:09:08,611 [DEBUG]  OP: Operation.SPLIT_COLUMNS on slice (230, 25) (remaining tasks 27)
2025-04-22 02:09:16,769 [DEBUG]  		found 1 col clusters (in 8.15804 secs)
2025-04-22 02:09:16,769 [DEBUG]  OP: Operation.SPLIT_COLUMNS on slice (220, 25) (remaining tasks 27)
2025-04-22 02:09:25,007 [DEBUG]  		found 1 col clusters (in 8.23704 secs)
2025-04-22 02:09:25,007 [DEBUG]  OP: Operation.SPLIT_COLUMNS on slice (207, 25) (remaining tasks 27)
2025-04-22 02:09:33,133 [DEBUG]  		found 1 col clusters (in 8.12603 secs)
2025-04-22 02:09:33,134 [DEBUG]  OP: Operation.SPLIT_COLUMNS on slice (181, 25) (remaining tasks 27)
2025-04-22 02:09:34,403 [DEBUG]  		found 1 col clusters (in 1.26926 secs)
2025-04-22 02:09:34,404 [DEBUG]  OP: Operation.SPLIT_COLUMNS on slice (136, 25) (remaining tasks 27)
2025-04-22 02:09:35,522 [DEBUG]  		found 1 col clusters (in 1.11820 secs)
2025-04-22 02:09:35,522 [DEBUG]  OP: Operation.SPLIT_COLUMNS on slice (154, 25) (remaining tasks 27)
2025-04-22 02:09:36,740 [DEBUG]  		found 1 col clusters (in 1.21776 secs)
2025-04-22 02:09:36,741 [DEBUG]  OP: Operation.SPLIT_COLUMNS on slice (159, 25) (remaining tasks 27)
2025-04-22 02:09:37,945 [DEBUG]  		found 1 col clusters (in 1.20405 secs)
2025-04-22 02:09:37,945 [DEBUG]  OP: Operation.SPLIT_COLUMNS on slice (136, 25) (remaining tasks 27)
2025-04-22 02:09:39,080 [DEBUG]  		found 1 col clusters (in 1.13394 secs)
2025-04-22 02:09:39,080 [DEBUG]  OP: Operation.SPLIT_COLUMNS on slice (219, 25) (remaining tasks 27)
2025-04-22 02:09:45,834 [DEBUG]  		found 1 col clusters (in 6.75347 secs)
2025-04-22 02:09:45,834 [DEBUG]  OP: Operation.SPLIT_COLUMNS on slice (220, 25) (remaining tasks 27)
2025-04-22 02:09:53,857 [DEBUG]  		found 1 col clusters (in 8.02245 secs)
2025-04-22 02:09:53,857 [DEBUG]  OP: Operation.SPLIT_ROWS on slice (446, 25) (remaining tasks 27)
2025-04-22 02:09:53,944 [DEBUG]  		found 2 row clusters (in 0.08641 secs)
2025-04-22 02:09:53,944 [DEBUG]  OP: Operation.SPLIT_ROWS on slice (686, 25) (remaining tasks 28)
2025-04-22 02:09:54,017 [DEBUG]  		found 2 row clusters (in 0.07300 secs)
2025-04-22 02:09:54,017 [DEBUG]  OP: Operation.SPLIT_ROWS on slice (196, 25) (remaining tasks 29)
2025-04-22 02:09:54,047 [DEBUG]  		found 2 row clusters (in 0.02996 secs)
2025-04-22 02:09:54,048 [DEBUG]  OP: Operation.SPLIT_ROWS on slice (161, 25) (remaining tasks 30)
2025-04-22 02:09:54,071 [DEBUG]  		found 2 row clusters (in 0.02248 secs)
2025-04-22 02:09:54,071 [DEBUG]  OP: Operation.SPLIT_ROWS on slice (599, 25) (remaining tasks 31)
2025-04-22 02:09:54,103 [DEBUG]  		found 2 row clusters (in 0.03156 secs)
2025-04-22 02:09:54,103 [DEBUG]  OP: Operation.SPLIT_ROWS on slice (289, 25) (remaining tasks 32)
2025-04-22 02:09:54,123 [DEBUG]  		found 2 row clusters (in 0.01969 secs)
2025-04-22 02:09:54,123 [DEBUG]  OP: Operation.SPLIT_ROWS on slice (443, 25) (remaining tasks 33)
2025-04-22 02:09:54,145 [DEBUG]  		found 2 row clusters (in 0.02171 secs)
2025-04-22 02:09:54,145 [DEBUG]  OP: Operation.SPLIT_ROWS on slice (325, 25) (remaining tasks 34)
2025-04-22 02:09:54,162 [DEBUG]  		found 2 row clusters (in 0.01754 secs)
2025-04-22 02:09:54,163 [DEBUG]  OP: Operation.SPLIT_ROWS on slice (250, 25) (remaining tasks 35)
2025-04-22 02:09:54,184 [DEBUG]  		found 2 row clusters (in 0.02134 secs)
2025-04-22 02:09:54,184 [DEBUG]  OP: Operation.SPLIT_ROWS on slice (220, 25) (remaining tasks 36)
2025-04-22 02:09:54,206 [DEBUG]  		found 2 row clusters (in 0.02158 secs)
2025-04-22 02:09:54,206 [DEBUG]  OP: Operation.SPLIT_ROWS on slice (277, 25) (remaining tasks 37)
2025-04-22 02:09:54,223 [DEBUG]  		found 2 row clusters (in 0.01679 secs)
2025-04-22 02:09:54,223 [DEBUG]  OP: Operation.SPLIT_ROWS on slice (299, 25) (remaining tasks 38)
2025-04-22 02:09:54,246 [DEBUG]  		found 2 row clusters (in 0.02291 secs)
2025-04-22 02:09:54,246 [DEBUG]  OP: Operation.SPLIT_ROWS on slice (371, 25) (remaining tasks 39)
2025-04-22 02:09:54,267 [DEBUG]  		found 2 row clusters (in 0.02020 secs)
2025-04-22 02:09:54,267 [DEBUG]  OP: Operation.SPLIT_ROWS on slice (333, 25) (remaining tasks 40)
2025-04-22 02:09:54,292 [DEBUG]  		found 2 row clusters (in 0.02543 secs)
2025-04-22 02:09:54,293 [DEBUG]  OP: Operation.SPLIT_ROWS on slice (168, 25) (remaining tasks 41)
2025-04-22 02:09:54,308 [DEBUG]  		found 2 row clusters (in 0.01514 secs)
2025-04-22 02:09:54,308 [DEBUG]  OP: Operation.SPLIT_ROWS on slice (240, 25) (remaining tasks 42)
2025-04-22 02:09:54,327 [DEBUG]  		found 2 row clusters (in 0.01841 secs)
2025-04-22 02:09:54,327 [DEBUG]  OP: Operation.SPLIT_ROWS on slice (158, 25) (remaining tasks 43)
2025-04-22 02:09:54,341 [DEBUG]  		found 2 row clusters (in 0.01464 secs)
2025-04-22 02:09:54,342 [DEBUG]  OP: Operation.SPLIT_ROWS on slice (160, 25) (remaining tasks 44)
2025-04-22 02:09:54,358 [DEBUG]  		found 2 row clusters (in 0.01660 secs)
2025-04-22 02:09:54,359 [DEBUG]  OP: Operation.SPLIT_ROWS on slice (230, 25) (remaining tasks 45)
2025-04-22 02:09:54,375 [DEBUG]  		found 2 row clusters (in 0.01684 secs)
2025-04-22 02:09:54,376 [DEBUG]  OP: Operation.SPLIT_ROWS on slice (220, 25) (remaining tasks 46)
2025-04-22 02:09:54,393 [DEBUG]  		found 2 row clusters (in 0.01706 secs)
2025-04-22 02:09:54,393 [DEBUG]  OP: Operation.SPLIT_ROWS on slice (207, 25) (remaining tasks 47)
2025-04-22 02:09:54,410 [DEBUG]  		found 2 row clusters (in 0.01730 secs)
2025-04-22 02:09:54,411 [DEBUG]  OP: Operation.SPLIT_ROWS on slice (181, 25) (remaining tasks 48)
2025-04-22 02:09:54,430 [DEBUG]  		found 2 row clusters (in 0.01915 secs)
2025-04-22 02:09:54,430 [DEBUG]  OP: Operation.SPLIT_ROWS on slice (136, 25) (remaining tasks 49)
2025-04-22 02:09:54,455 [DEBUG]  		found 2 row clusters (in 0.02501 secs)
2025-04-22 02:09:54,455 [DEBUG]  OP: Operation.SPLIT_ROWS on slice (154, 25) (remaining tasks 50)
2025-04-22 02:09:54,473 [DEBUG]  		found 2 row clusters (in 0.01750 secs)
2025-04-22 02:09:54,473 [DEBUG]  OP: Operation.SPLIT_ROWS on slice (159, 25) (remaining tasks 51)
2025-04-22 02:09:54,493 [DEBUG]  		found 2 row clusters (in 0.01953 secs)
2025-04-22 02:09:54,493 [DEBUG]  OP: Operation.SPLIT_ROWS on slice (136, 25) (remaining tasks 52)
2025-04-22 02:09:54,510 [DEBUG]  		found 2 row clusters (in 0.01672 secs)
2025-04-22 02:09:54,510 [DEBUG]  OP: Operation.SPLIT_ROWS on slice (219, 25) (remaining tasks 53)
2025-04-22 02:09:54,528 [DEBUG]  		found 2 row clusters (in 0.01789 secs)
2025-04-22 02:09:54,528 [DEBUG]  OP: Operation.SPLIT_ROWS on slice (220, 25) (remaining tasks 54)
2025-04-22 02:09:54,542 [DEBUG]  		found 2 row clusters (in 0.01407 secs)
2025-04-22 02:09:54,542 [DEBUG]  OP: Operation.SPLIT_COLUMNS on slice (247, 25) (remaining tasks 55)
2025-04-22 02:10:02,265 [DEBUG]  		found 1 col clusters (in 7.72237 secs)
2025-04-22 02:10:02,265 [DEBUG]  OP: Operation.SPLIT_COLUMNS on slice (199, 25) (remaining tasks 55)
2025-04-22 02:10:09,832 [DEBUG]  		found 1 col clusters (in 7.56619 secs)
2025-04-22 02:10:09,832 [DEBUG]  OP: Operation.SPLIT_COLUMNS on slice (298, 25) (remaining tasks 55)
2025-04-22 02:10:18,861 [DEBUG]  		found 1 col clusters (in 9.02847 secs)
2025-04-22 02:10:18,861 [DEBUG]  OP: Operation.SPLIT_COLUMNS on slice (388, 25) (remaining tasks 55)
2025-04-22 02:10:28,700 [DEBUG]  		found 1 col clusters (in 9.83841 secs)
2025-04-22 02:10:28,701 [DEBUG]  OP: Operation.SPLIT_COLUMNS on slice (102, 25) (remaining tasks 55)
2025-04-22 02:10:30,157 [DEBUG]  		found 1 col clusters (in 1.45589 secs)
2025-04-22 02:10:30,157 [DEBUG]  OP: Operation.SPLIT_COLUMNS on slice (94, 25) (remaining tasks 55)
2025-04-22 02:10:31,489 [DEBUG]  		found 1 col clusters (in 1.33157 secs)
2025-04-22 02:10:31,490 [DEBUG]  OP: Operation.NAIVE_FACTORIZATION on slice (77, 25) (remaining tasks 55)
2025-04-22 02:10:31,504 [DEBUG]  		naive factorization 25 columns (in 0.01449 secs)
2025-04-22 02:10:31,505 [DEBUG]  OP: Operation.SPLIT_COLUMNS on slice (84, 25) (remaining tasks 54)
2025-04-22 02:10:33,061 [DEBUG]  		found 1 col clusters (in 1.55534 secs)
2025-04-22 02:10:33,061 [DEBUG]  OP: Operation.SPLIT_COLUMNS on slice (316, 25) (remaining tasks 54)
2025-04-22 02:10:42,556 [DEBUG]  		found 1 col clusters (in 9.49467 secs)
2025-04-22 02:10:42,557 [DEBUG]  OP: Operation.SPLIT_COLUMNS on slice (283, 25) (remaining tasks 54)
2025-04-22 02:10:52,383 [DEBUG]  		found 1 col clusters (in 9.82602 secs)
2025-04-22 02:10:52,383 [DEBUG]  OP: Operation.SPLIT_COLUMNS on slice (224, 25) (remaining tasks 54)
2025-04-22 02:11:01,064 [DEBUG]  		found 1 col clusters (in 8.68020 secs)
2025-04-22 02:11:01,064 [DEBUG]  OP: Operation.NAIVE_FACTORIZATION on slice (65, 25) (remaining tasks 54)
2025-04-22 02:11:01,076 [DEBUG]  		naive factorization 25 columns (in 0.01132 secs)
2025-04-22 02:11:01,076 [DEBUG]  OP: Operation.SPLIT_COLUMNS on slice (230, 25) (remaining tasks 53)
2025-04-22 02:11:09,269 [DEBUG]  		found 1 col clusters (in 8.19222 secs)
2025-04-22 02:11:09,269 [DEBUG]  OP: Operation.SPLIT_COLUMNS on slice (213, 25) (remaining tasks 53)
2025-04-22 02:11:17,225 [DEBUG]  		found 1 col clusters (in 7.95581 secs)
2025-04-22 02:11:17,226 [DEBUG]  OP: Operation.SPLIT_COLUMNS on slice (158, 25) (remaining tasks 53)
2025-04-22 02:11:18,454 [DEBUG]  		found 1 col clusters (in 1.22842 secs)
2025-04-22 02:11:18,455 [DEBUG]  OP: Operation.SPLIT_COLUMNS on slice (167, 25) (remaining tasks 53)
2025-04-22 02:11:19,638 [DEBUG]  		found 1 col clusters (in 1.18321 secs)
2025-04-22 02:11:19,639 [DEBUG]  OP: Operation.SPLIT_COLUMNS on slice (112, 25) (remaining tasks 53)
2025-04-22 02:11:20,988 [DEBUG]  		found 1 col clusters (in 1.34893 secs)
2025-04-22 02:11:20,988 [DEBUG]  OP: Operation.SPLIT_COLUMNS on slice (138, 25) (remaining tasks 53)
2025-04-22 02:11:22,172 [DEBUG]  		found 1 col clusters (in 1.18359 secs)
2025-04-22 02:11:22,173 [DEBUG]  OP: Operation.SPLIT_COLUMNS on slice (175, 25) (remaining tasks 53)
2025-04-22 02:11:23,429 [DEBUG]  		found 1 col clusters (in 1.25559 secs)
2025-04-22 02:11:23,429 [DEBUG]  OP: Operation.NAIVE_FACTORIZATION on slice (45, 25) (remaining tasks 53)
2025-04-22 02:11:23,440 [DEBUG]  		naive factorization 25 columns (in 0.01106 secs)
2025-04-22 02:11:23,441 [DEBUG]  OP: Operation.NAIVE_FACTORIZATION on slice (44, 25) (remaining tasks 52)
2025-04-22 02:11:23,452 [DEBUG]  		naive factorization 25 columns (in 0.01117 secs)
2025-04-22 02:11:23,453 [DEBUG]  OP: Operation.SPLIT_COLUMNS on slice (233, 25) (remaining tasks 51)
2025-04-22 02:11:31,241 [DEBUG]  		found 1 col clusters (in 7.78777 secs)
2025-04-22 02:11:31,241 [DEBUG]  OP: Operation.SPLIT_COLUMNS on slice (263, 25) (remaining tasks 51)
2025-04-22 02:11:41,032 [DEBUG]  		found 1 col clusters (in 9.79114 secs)
2025-04-22 02:11:41,033 [DEBUG]  OP: Operation.NAIVE_FACTORIZATION on slice (36, 25) (remaining tasks 51)
2025-04-22 02:11:41,044 [DEBUG]  		naive factorization 25 columns (in 0.01047 secs)
2025-04-22 02:11:41,044 [DEBUG]  OP: Operation.SPLIT_COLUMNS on slice (185, 25) (remaining tasks 50)
2025-04-22 02:11:42,252 [DEBUG]  		found 1 col clusters (in 1.20771 secs)
2025-04-22 02:11:42,252 [DEBUG]  OP: Operation.SPLIT_COLUMNS on slice (186, 25) (remaining tasks 50)
2025-04-22 02:11:43,542 [DEBUG]  		found 1 col clusters (in 1.28997 secs)
2025-04-22 02:11:43,543 [DEBUG]  OP: Operation.SPLIT_COLUMNS on slice (143, 25) (remaining tasks 50)
2025-04-22 02:11:44,766 [DEBUG]  		found 1 col clusters (in 1.22278 secs)
2025-04-22 02:11:44,766 [DEBUG]  OP: Operation.SPLIT_COLUMNS on slice (190, 25) (remaining tasks 50)
2025-04-22 02:11:45,987 [DEBUG]  		found 1 col clusters (in 1.22093 secs)
2025-04-22 02:11:45,988 [DEBUG]  OP: Operation.SPLIT_COLUMNS on slice (140, 25) (remaining tasks 50)
2025-04-22 02:11:47,206 [DEBUG]  		found 1 col clusters (in 1.21791 secs)
2025-04-22 02:11:47,207 [DEBUG]  OP: Operation.NAIVE_FACTORIZATION on slice (28, 25) (remaining tasks 50)
2025-04-22 02:11:47,218 [DEBUG]  		naive factorization 25 columns (in 0.01137 secs)
2025-04-22 02:11:47,219 [DEBUG]  OP: Operation.NAIVE_FACTORIZATION on slice (28, 25) (remaining tasks 49)
2025-04-22 02:11:47,229 [DEBUG]  		naive factorization 25 columns (in 0.00993 secs)
2025-04-22 02:11:47,229 [DEBUG]  OP: Operation.SPLIT_COLUMNS on slice (212, 25) (remaining tasks 48)
2025-04-22 02:11:55,064 [DEBUG]  		found 1 col clusters (in 7.83489 secs)
2025-04-22 02:11:55,065 [DEBUG]  OP: Operation.NAIVE_FACTORIZATION on slice (24, 25) (remaining tasks 48)
2025-04-22 02:11:55,078 [DEBUG]  		naive factorization 25 columns (in 0.01277 secs)
2025-04-22 02:11:55,078 [DEBUG]  OP: Operation.SPLIT_COLUMNS on slice (134, 25) (remaining tasks 47)
2025-04-22 02:11:56,357 [DEBUG]  		found 1 col clusters (in 1.27855 secs)
2025-04-22 02:11:56,358 [DEBUG]  OP: Operation.NAIVE_FACTORIZATION on slice (26, 25) (remaining tasks 47)
2025-04-22 02:11:56,368 [DEBUG]  		naive factorization 25 columns (in 0.01021 secs)
2025-04-22 02:11:56,368 [DEBUG]  OP: Operation.SPLIT_COLUMNS on slice (134, 25) (remaining tasks 46)
2025-04-22 02:11:57,548 [DEBUG]  		found 1 col clusters (in 1.17962 secs)
2025-04-22 02:11:57,549 [DEBUG]  OP: Operation.NAIVE_FACTORIZATION on slice (35, 25) (remaining tasks 46)
2025-04-22 02:11:57,559 [DEBUG]  		naive factorization 25 columns (in 0.01065 secs)
2025-04-22 02:11:57,560 [DEBUG]  OP: Operation.SPLIT_COLUMNS on slice (195, 25) (remaining tasks 45)
2025-04-22 02:12:04,961 [DEBUG]  		found 1 col clusters (in 7.40056 secs)
2025-04-22 02:12:04,961 [DEBUG]  OP: Operation.NAIVE_FACTORIZATION on slice (34, 25) (remaining tasks 45)
2025-04-22 02:12:04,973 [DEBUG]  		naive factorization 25 columns (in 0.01237 secs)
2025-04-22 02:12:04,974 [DEBUG]  OP: Operation.SPLIT_COLUMNS on slice (186, 25) (remaining tasks 44)
2025-04-22 02:12:06,246 [DEBUG]  		found 1 col clusters (in 1.27135 secs)
2025-04-22 02:12:06,246 [DEBUG]  OP: Operation.NAIVE_FACTORIZATION on slice (30, 25) (remaining tasks 44)
2025-04-22 02:12:06,259 [DEBUG]  		naive factorization 25 columns (in 0.01305 secs)
2025-04-22 02:12:06,260 [DEBUG]  OP: Operation.SPLIT_COLUMNS on slice (177, 25) (remaining tasks 43)
2025-04-22 02:12:07,507 [DEBUG]  		found 1 col clusters (in 1.24706 secs)
2025-04-22 02:12:07,507 [DEBUG]  OP: Operation.SPLIT_COLUMNS on slice (118, 25) (remaining tasks 43)
2025-04-22 02:12:09,114 [DEBUG]  		found 1 col clusters (in 1.60631 secs)
2025-04-22 02:12:09,115 [DEBUG]  OP: Operation.NAIVE_FACTORIZATION on slice (63, 25) (remaining tasks 43)
2025-04-22 02:12:09,124 [DEBUG]  		naive factorization 25 columns (in 0.00927 secs)
2025-04-22 02:12:09,125 [DEBUG]  OP: Operation.NAIVE_FACTORIZATION on slice (13, 25) (remaining tasks 42)
2025-04-22 02:12:09,133 [DEBUG]  		naive factorization 25 columns (in 0.00854 secs)
2025-04-22 02:12:09,134 [DEBUG]  OP: Operation.SPLIT_COLUMNS on slice (123, 25) (remaining tasks 41)
2025-04-22 02:12:10,752 [DEBUG]  		found 1 col clusters (in 1.61816 secs)
2025-04-22 02:12:10,753 [DEBUG]  OP: Operation.NAIVE_FACTORIZATION on slice (21, 25) (remaining tasks 41)
2025-04-22 02:12:10,762 [DEBUG]  		naive factorization 25 columns (in 0.00881 secs)
2025-04-22 02:12:10,763 [DEBUG]  OP: Operation.SPLIT_COLUMNS on slice (133, 25) (remaining tasks 40)
2025-04-22 02:12:11,927 [DEBUG]  		found 1 col clusters (in 1.16404 secs)
2025-04-22 02:12:11,927 [DEBUG]  OP: Operation.NAIVE_FACTORIZATION on slice (22, 25) (remaining tasks 40)
2025-04-22 02:12:11,937 [DEBUG]  		naive factorization 25 columns (in 0.00931 secs)
2025-04-22 02:12:11,937 [DEBUG]  OP: Operation.SPLIT_COLUMNS on slice (137, 25) (remaining tasks 39)
2025-04-22 02:12:13,142 [DEBUG]  		found 1 col clusters (in 1.20483 secs)
2025-04-22 02:12:13,142 [DEBUG]  OP: Operation.SPLIT_COLUMNS on slice (112, 25) (remaining tasks 39)
2025-04-22 02:12:14,550 [DEBUG]  		found 1 col clusters (in 1.40807 secs)
2025-04-22 02:12:14,551 [DEBUG]  OP: Operation.NAIVE_FACTORIZATION on slice (24, 25) (remaining tasks 39)
2025-04-22 02:12:14,560 [DEBUG]  		naive factorization 25 columns (in 0.00884 secs)
2025-04-22 02:12:14,561 [DEBUG]  OP: Operation.NAIVE_FACTORIZATION on slice (36, 25) (remaining tasks 38)
2025-04-22 02:12:14,571 [DEBUG]  		naive factorization 25 columns (in 0.01011 secs)
2025-04-22 02:12:14,572 [DEBUG]  OP: Operation.SPLIT_COLUMNS on slice (183, 25) (remaining tasks 37)
2025-04-22 02:12:15,732 [DEBUG]  		found 1 col clusters (in 1.16038 secs)
2025-04-22 02:12:15,732 [DEBUG]  OP: Operation.SPLIT_COLUMNS on slice (184, 25) (remaining tasks 37)
2025-04-22 02:12:17,017 [DEBUG]  		found 1 col clusters (in 1.28462 secs)
2025-04-22 02:12:17,018 [DEBUG]  OP: Operation.NAIVE_FACTORIZATION on slice (36, 25) (remaining tasks 37)
2025-04-22 02:12:17,024 [DEBUG]  		naive factorization 25 columns (in 0.00589 secs)
2025-04-22 02:12:17,024 [DEBUG]  OP: Operation.SPLIT_ROWS on slice (247, 25) (remaining tasks 36)
2025-04-22 02:12:17,103 [DEBUG]  		found 2 row clusters (in 0.07856 secs)
2025-04-22 02:12:17,104 [DEBUG]  OP: Operation.SPLIT_ROWS on slice (199, 25) (remaining tasks 37)
2025-04-22 02:12:17,151 [DEBUG]  		found 2 row clusters (in 0.04606 secs)
2025-04-22 02:12:17,151 [DEBUG]  OP: Operation.SPLIT_ROWS on slice (298, 25) (remaining tasks 38)
2025-04-22 02:12:17,181 [DEBUG]  		found 2 row clusters (in 0.02966 secs)
2025-04-22 02:12:17,181 [DEBUG]  OP: Operation.SPLIT_ROWS on slice (388, 25) (remaining tasks 39)
2025-04-22 02:12:17,208 [DEBUG]  		found 2 row clusters (in 0.02620 secs)
2025-04-22 02:12:17,208 [DEBUG]  OP: Operation.SPLIT_ROWS on slice (102, 25) (remaining tasks 40)
2025-04-22 02:12:17,228 [DEBUG]  		found 2 row clusters (in 0.01990 secs)
2025-04-22 02:12:17,228 [DEBUG]  OP: Operation.SPLIT_ROWS on slice (94, 25) (remaining tasks 41)
2025-04-22 02:12:17,245 [DEBUG]  		found 2 row clusters (in 0.01713 secs)
2025-04-22 02:12:17,246 [DEBUG]  OP: Operation.SPLIT_ROWS on slice (84, 25) (remaining tasks 42)
2025-04-22 02:12:17,261 [DEBUG]  		found 2 row clusters (in 0.01574 secs)
2025-04-22 02:12:17,262 [DEBUG]  OP: Operation.SPLIT_ROWS on slice (316, 25) (remaining tasks 43)
2025-04-22 02:12:17,289 [DEBUG]  		found 2 row clusters (in 0.02695 secs)
2025-04-22 02:12:17,289 [DEBUG]  OP: Operation.SPLIT_ROWS on slice (283, 25) (remaining tasks 44)
2025-04-22 02:12:17,314 [DEBUG]  		found 2 row clusters (in 0.02462 secs)
2025-04-22 02:12:17,314 [DEBUG]  OP: Operation.SPLIT_ROWS on slice (224, 25) (remaining tasks 45)
2025-04-22 02:12:17,334 [DEBUG]  		found 2 row clusters (in 0.02039 secs)
2025-04-22 02:12:17,334 [DEBUG]  OP: Operation.SPLIT_ROWS on slice (230, 25) (remaining tasks 46)
2025-04-22 02:12:17,353 [DEBUG]  		found 2 row clusters (in 0.01819 secs)
2025-04-22 02:12:17,353 [DEBUG]  OP: Operation.SPLIT_ROWS on slice (213, 25) (remaining tasks 47)
2025-04-22 02:12:17,370 [DEBUG]  		found 2 row clusters (in 0.01718 secs)
2025-04-22 02:12:17,370 [DEBUG]  OP: Operation.SPLIT_ROWS on slice (158, 25) (remaining tasks 48)
2025-04-22 02:12:17,393 [DEBUG]  		found 2 row clusters (in 0.02224 secs)
2025-04-22 02:12:17,393 [DEBUG]  OP: Operation.SPLIT_ROWS on slice (167, 25) (remaining tasks 49)
2025-04-22 02:12:17,409 [DEBUG]  		found 2 row clusters (in 0.01620 secs)
2025-04-22 02:12:17,409 [DEBUG]  OP: Operation.SPLIT_ROWS on slice (112, 25) (remaining tasks 50)
2025-04-22 02:12:17,427 [DEBUG]  		found 2 row clusters (in 0.01715 secs)
2025-04-22 02:12:17,427 [DEBUG]  OP: Operation.SPLIT_ROWS on slice (138, 25) (remaining tasks 51)
2025-04-22 02:12:17,445 [DEBUG]  		found 2 row clusters (in 0.01801 secs)
2025-04-22 02:12:17,445 [DEBUG]  OP: Operation.SPLIT_ROWS on slice (175, 25) (remaining tasks 52)
2025-04-22 02:12:17,463 [DEBUG]  		found 2 row clusters (in 0.01809 secs)
2025-04-22 02:12:17,463 [DEBUG]  OP: Operation.SPLIT_ROWS on slice (233, 25) (remaining tasks 53)
2025-04-22 02:12:17,483 [DEBUG]  		found 2 row clusters (in 0.01947 secs)
2025-04-22 02:12:17,483 [DEBUG]  OP: Operation.SPLIT_ROWS on slice (263, 25) (remaining tasks 54)
2025-04-22 02:12:17,506 [DEBUG]  		found 2 row clusters (in 0.02311 secs)
2025-04-22 02:12:17,507 [DEBUG]  OP: Operation.SPLIT_ROWS on slice (185, 25) (remaining tasks 55)
2025-04-22 02:12:17,526 [DEBUG]  		found 2 row clusters (in 0.01946 secs)
2025-04-22 02:12:17,526 [DEBUG]  OP: Operation.SPLIT_ROWS on slice (186, 25) (remaining tasks 56)
2025-04-22 02:12:17,545 [DEBUG]  		found 2 row clusters (in 0.01903 secs)
2025-04-22 02:12:17,546 [DEBUG]  OP: Operation.SPLIT_ROWS on slice (143, 25) (remaining tasks 57)
2025-04-22 02:12:17,563 [DEBUG]  		found 2 row clusters (in 0.01687 secs)
2025-04-22 02:12:17,563 [DEBUG]  OP: Operation.SPLIT_ROWS on slice (190, 25) (remaining tasks 58)
2025-04-22 02:12:17,583 [DEBUG]  		found 2 row clusters (in 0.02009 secs)
2025-04-22 02:12:17,583 [DEBUG]  OP: Operation.SPLIT_ROWS on slice (140, 25) (remaining tasks 59)
2025-04-22 02:12:17,607 [DEBUG]  		found 2 row clusters (in 0.02346 secs)
2025-04-22 02:12:17,607 [DEBUG]  OP: Operation.SPLIT_ROWS on slice (212, 25) (remaining tasks 60)
2025-04-22 02:12:17,626 [DEBUG]  		found 2 row clusters (in 0.01944 secs)
2025-04-22 02:12:17,627 [DEBUG]  OP: Operation.SPLIT_ROWS on slice (134, 25) (remaining tasks 61)
2025-04-22 02:12:17,649 [DEBUG]  		found 2 row clusters (in 0.02183 secs)
2025-04-22 02:12:17,649 [DEBUG]  OP: Operation.SPLIT_ROWS on slice (134, 25) (remaining tasks 62)
2025-04-22 02:12:17,665 [DEBUG]  		found 2 row clusters (in 0.01573 secs)
2025-04-22 02:12:17,665 [DEBUG]  OP: Operation.SPLIT_ROWS on slice (195, 25) (remaining tasks 63)
2025-04-22 02:12:17,681 [DEBUG]  		found 2 row clusters (in 0.01647 secs)
2025-04-22 02:12:17,682 [DEBUG]  OP: Operation.SPLIT_ROWS on slice (186, 25) (remaining tasks 64)
2025-04-22 02:12:17,697 [DEBUG]  		found 2 row clusters (in 0.01564 secs)
2025-04-22 02:12:17,697 [DEBUG]  OP: Operation.SPLIT_ROWS on slice (177, 25) (remaining tasks 65)
2025-04-22 02:12:17,715 [DEBUG]  		found 2 row clusters (in 0.01715 secs)
2025-04-22 02:12:17,715 [DEBUG]  OP: Operation.SPLIT_ROWS on slice (118, 25) (remaining tasks 66)
2025-04-22 02:12:17,733 [DEBUG]  		found 2 row clusters (in 0.01803 secs)
2025-04-22 02:12:17,733 [DEBUG]  OP: Operation.SPLIT_ROWS on slice (123, 25) (remaining tasks 67)
2025-04-22 02:12:17,753 [DEBUG]  		found 2 row clusters (in 0.01992 secs)
2025-04-22 02:12:17,753 [DEBUG]  OP: Operation.SPLIT_ROWS on slice (133, 25) (remaining tasks 68)
2025-04-22 02:12:17,773 [DEBUG]  		found 2 row clusters (in 0.01926 secs)
2025-04-22 02:12:17,773 [DEBUG]  OP: Operation.SPLIT_ROWS on slice (137, 25) (remaining tasks 69)
2025-04-22 02:12:17,797 [DEBUG]  		found 2 row clusters (in 0.02384 secs)
2025-04-22 02:12:17,797 [DEBUG]  OP: Operation.SPLIT_ROWS on slice (112, 25) (remaining tasks 70)
2025-04-22 02:12:17,816 [DEBUG]  		found 2 row clusters (in 0.01860 secs)
2025-04-22 02:12:17,816 [DEBUG]  OP: Operation.SPLIT_ROWS on slice (183, 25) (remaining tasks 71)
2025-04-22 02:12:17,834 [DEBUG]  		found 2 row clusters (in 0.01783 secs)
2025-04-22 02:12:17,834 [DEBUG]  OP: Operation.SPLIT_ROWS on slice (184, 25) (remaining tasks 72)
2025-04-22 02:12:17,850 [DEBUG]  		found 2 row clusters (in 0.01614 secs)
2025-04-22 02:12:17,850 [DEBUG]  OP: Operation.SPLIT_COLUMNS on slice (128, 25) (remaining tasks 73)
2025-04-22 02:12:18,920 [DEBUG]  		found 1 col clusters (in 1.06953 secs)
2025-04-22 02:12:18,921 [DEBUG]  OP: Operation.SPLIT_COLUMNS on slice (119, 25) (remaining tasks 73)
2025-04-22 02:12:20,447 [DEBUG]  		found 1 col clusters (in 1.52649 secs)
2025-04-22 02:12:20,448 [DEBUG]  OP: Operation.SPLIT_COLUMNS on slice (79, 25) (remaining tasks 73)
2025-04-22 02:12:21,944 [DEBUG]  		found 1 col clusters (in 1.49559 secs)
2025-04-22 02:12:21,944 [DEBUG]  OP: Operation.SPLIT_COLUMNS on slice (120, 25) (remaining tasks 73)
2025-04-22 02:12:23,456 [DEBUG]  		found 1 col clusters (in 1.51205 secs)
2025-04-22 02:12:23,457 [DEBUG]  OP: Operation.SPLIT_COLUMNS on slice (99, 25) (remaining tasks 73)
2025-04-22 02:12:24,923 [DEBUG]  		found 1 col clusters (in 1.46626 secs)
2025-04-22 02:12:24,924 [DEBUG]  OP: Operation.SPLIT_COLUMNS on slice (199, 25) (remaining tasks 73)
2025-04-22 02:12:32,349 [DEBUG]  		found 1 col clusters (in 7.42473 secs)
2025-04-22 02:12:32,349 [DEBUG]  OP: Operation.SPLIT_COLUMNS on slice (80, 25) (remaining tasks 73)
2025-04-22 02:12:33,854 [DEBUG]  		found 1 col clusters (in 1.50441 secs)
2025-04-22 02:12:33,854 [DEBUG]  OP: Operation.SPLIT_COLUMNS on slice (308, 25) (remaining tasks 73)
2025-04-22 02:12:42,543 [DEBUG]  		found 1 col clusters (in 8.68854 secs)
2025-04-22 02:12:42,544 [DEBUG]  OP: Operation.NAIVE_FACTORIZATION on slice (50, 25) (remaining tasks 73)
2025-04-22 02:12:42,551 [DEBUG]  		naive factorization 25 columns (in 0.00704 secs)
2025-04-22 02:12:42,551 [DEBUG]  OP: Operation.NAIVE_FACTORIZATION on slice (52, 25) (remaining tasks 72)
2025-04-22 02:12:42,566 [DEBUG]  		naive factorization 25 columns (in 0.01433 secs)
2025-04-22 02:12:42,566 [DEBUG]  OP: Operation.NAIVE_FACTORIZATION on slice (49, 25) (remaining tasks 71)
2025-04-22 02:12:42,583 [DEBUG]  		naive factorization 25 columns (in 0.01624 secs)
2025-04-22 02:12:42,583 [DEBUG]  OP: Operation.NAIVE_FACTORIZATION on slice (45, 25) (remaining tasks 70)
2025-04-22 02:12:42,602 [DEBUG]  		naive factorization 25 columns (in 0.01909 secs)
2025-04-22 02:12:42,603 [DEBUG]  OP: Operation.NAIVE_FACTORIZATION on slice (44, 25) (remaining tasks 69)
2025-04-22 02:12:42,626 [DEBUG]  		naive factorization 25 columns (in 0.02270 secs)
2025-04-22 02:12:42,626 [DEBUG]  OP: Operation.NAIVE_FACTORIZATION on slice (40, 25) (remaining tasks 68)
2025-04-22 02:12:42,637 [DEBUG]  		naive factorization 25 columns (in 0.01091 secs)
2025-04-22 02:12:42,637 [DEBUG]  OP: Operation.SPLIT_COLUMNS on slice (165, 25) (remaining tasks 67)
2025-04-22 02:12:43,785 [DEBUG]  		found 1 col clusters (in 1.14719 secs)
2025-04-22 02:12:43,785 [DEBUG]  OP: Operation.SPLIT_COLUMNS on slice (151, 25) (remaining tasks 67)
2025-04-22 02:12:45,036 [DEBUG]  		found 1 col clusters (in 1.25038 secs)
2025-04-22 02:12:45,036 [DEBUG]  OP: Operation.SPLIT_COLUMNS on slice (123, 25) (remaining tasks 67)
2025-04-22 02:12:46,429 [DEBUG]  		found 1 col clusters (in 1.39263 secs)
2025-04-22 02:12:46,430 [DEBUG]  OP: Operation.SPLIT_COLUMNS on slice (160, 25) (remaining tasks 67)
2025-04-22 02:12:47,576 [DEBUG]  		found 1 col clusters (in 1.14569 secs)
2025-04-22 02:12:47,576 [DEBUG]  OP: Operation.SPLIT_COLUMNS on slice (103, 25) (remaining tasks 67)
2025-04-22 02:12:49,094 [DEBUG]  		found 1 col clusters (in 1.51751 secs)
2025-04-22 02:12:49,095 [DEBUG]  OP: Operation.SPLIT_COLUMNS on slice (121, 25) (remaining tasks 67)
2025-04-22 02:12:50,719 [DEBUG]  		found 1 col clusters (in 1.62402 secs)
2025-04-22 02:12:50,720 [DEBUG]  OP: Operation.SPLIT_COLUMNS on slice (115, 25) (remaining tasks 67)
2025-04-22 02:12:52,498 [DEBUG]  		found 1 col clusters (in 1.77814 secs)
2025-04-22 02:12:52,499 [DEBUG]  OP: Operation.SPLIT_COLUMNS on slice (115, 25) (remaining tasks 67)
2025-04-22 02:12:54,347 [DEBUG]  		found 1 col clusters (in 1.84763 secs)
2025-04-22 02:12:54,347 [DEBUG]  OP: Operation.NAIVE_FACTORIZATION on slice (20, 25) (remaining tasks 67)
2025-04-22 02:12:54,356 [DEBUG]  		naive factorization 25 columns (in 0.00874 secs)
2025-04-22 02:12:54,357 [DEBUG]  OP: Operation.SPLIT_COLUMNS on slice (193, 25) (remaining tasks 66)
2025-04-22 02:13:01,783 [DEBUG]  		found 1 col clusters (in 7.42619 secs)
2025-04-22 02:13:01,784 [DEBUG]  OP: Operation.NAIVE_FACTORIZATION on slice (70, 25) (remaining tasks 66)
2025-04-22 02:13:01,789 [DEBUG]  		naive factorization 25 columns (in 0.00559 secs)
2025-04-22 02:13:01,790 [DEBUG]  OP: Operation.SPLIT_COLUMNS on slice (88, 25) (remaining tasks 65)
2025-04-22 02:13:03,195 [DEBUG]  		found 1 col clusters (in 1.40492 secs)
2025-04-22 02:13:03,196 [DEBUG]  OP: Operation.REMOVE_UNINFORMATIVE_FEATURES on slice (82, 25) (remaining tasks 65)
2025-04-22 02:13:03,196 [DEBUG]  OP: Operation.SPLIT_COLUMNS on slice (85, 25) (remaining tasks 66)
2025-04-22 02:13:04,648 [DEBUG]  		found 1 col clusters (in 1.45127 secs)
2025-04-22 02:13:04,649 [DEBUG]  OP: Operation.REMOVE_UNINFORMATIVE_FEATURES on slice (50, 25) (remaining tasks 66)
2025-04-22 02:13:04,649 [DEBUG]  OP: Operation.NAIVE_FACTORIZATION on slice (62, 25) (remaining tasks 67)
2025-04-22 02:13:04,660 [DEBUG]  		naive factorization 25 columns (in 0.01090 secs)
2025-04-22 02:13:04,661 [DEBUG]  OP: Operation.NAIVE_FACTORIZATION on slice (14, 25) (remaining tasks 66)
2025-04-22 02:13:04,671 [DEBUG]  		naive factorization 25 columns (in 0.00967 secs)
2025-04-22 02:13:04,671 [DEBUG]  OP: Operation.SPLIT_COLUMNS on slice (124, 25) (remaining tasks 65)
2025-04-22 02:13:06,343 [DEBUG]  		found 1 col clusters (in 1.67184 secs)
2025-04-22 02:13:06,344 [DEBUG]  OP: Operation.SPLIT_COLUMNS on slice (102, 25) (remaining tasks 65)
2025-04-22 02:13:07,951 [DEBUG]  		found 1 col clusters (in 1.60667 secs)
2025-04-22 02:13:07,951 [DEBUG]  OP: Operation.REMOVE_UNINFORMATIVE_FEATURES on slice (73, 25) (remaining tasks 65)
2025-04-22 02:13:07,952 [DEBUG]  OP: Operation.SPLIT_COLUMNS on slice (89, 25) (remaining tasks 66)
2025-04-22 02:13:09,575 [DEBUG]  		found 2 col clusters (in 1.62325 secs)
2025-04-22 02:13:09,576 [DEBUG]  OP: Operation.SPLIT_COLUMNS on slice (144, 25) (remaining tasks 67)
2025-04-22 02:13:10,766 [DEBUG]  		found 1 col clusters (in 1.19017 secs)
2025-04-22 02:13:10,767 [DEBUG]  OP: Operation.SPLIT_COLUMNS on slice (94, 25) (remaining tasks 67)
2025-04-22 02:13:12,153 [DEBUG]  		found 1 col clusters (in 1.38590 secs)
2025-04-22 02:13:12,154 [DEBUG]  OP: Operation.SPLIT_COLUMNS on slice (169, 25) (remaining tasks 67)
2025-04-22 02:13:13,331 [DEBUG]  		found 1 col clusters (in 1.17762 secs)
2025-04-22 02:13:13,332 [DEBUG]  OP: Operation.SPLIT_COLUMNS on slice (97, 25) (remaining tasks 67)
2025-04-22 02:13:14,857 [DEBUG]  		found 1 col clusters (in 1.52468 secs)
2025-04-22 02:13:14,858 [DEBUG]  OP: Operation.SPLIT_COLUMNS on slice (88, 25) (remaining tasks 67)
2025-04-22 02:13:16,460 [DEBUG]  		found 1 col clusters (in 1.60208 secs)
2025-04-22 02:13:16,461 [DEBUG]  OP: Operation.SPLIT_COLUMNS on slice (83, 25) (remaining tasks 67)
2025-04-22 02:13:18,079 [DEBUG]  		found 1 col clusters (in 1.61836 secs)
2025-04-22 02:13:18,079 [DEBUG]  OP: Operation.SPLIT_COLUMNS on slice (103, 25) (remaining tasks 67)
2025-04-22 02:13:19,758 [DEBUG]  		found 1 col clusters (in 1.67852 secs)
2025-04-22 02:13:19,759 [DEBUG]  OP: Operation.NAIVE_FACTORIZATION on slice (72, 25) (remaining tasks 67)
2025-04-22 02:13:19,769 [DEBUG]  		naive factorization 25 columns (in 0.00991 secs)
2025-04-22 02:13:19,769 [DEBUG]  OP: Operation.NAIVE_FACTORIZATION on slice (71, 25) (remaining tasks 66)
2025-04-22 02:13:19,779 [DEBUG]  		naive factorization 25 columns (in 0.00972 secs)
2025-04-22 02:13:19,780 [DEBUG]  OP: Operation.NAIVE_FACTORIZATION on slice (70, 25) (remaining tasks 65)
2025-04-22 02:13:19,790 [DEBUG]  		naive factorization 25 columns (in 0.00986 secs)
2025-04-22 02:13:19,791 [DEBUG]  OP: Operation.SPLIT_COLUMNS on slice (120, 25) (remaining tasks 64)
2025-04-22 02:13:21,582 [DEBUG]  		found 1 col clusters (in 1.79083 secs)
2025-04-22 02:13:21,582 [DEBUG]  OP: Operation.NAIVE_FACTORIZATION on slice (77, 25) (remaining tasks 64)
2025-04-22 02:13:21,592 [DEBUG]  		naive factorization 25 columns (in 0.00984 secs)
2025-04-22 02:13:21,593 [DEBUG]  OP: Operation.NAIVE_FACTORIZATION on slice (63, 25) (remaining tasks 63)
2025-04-22 02:13:21,603 [DEBUG]  		naive factorization 25 columns (in 0.00996 secs)
2025-04-22 02:13:21,603 [DEBUG]  OP: Operation.REMOVE_UNINFORMATIVE_FEATURES on slice (73, 25) (remaining tasks 62)
2025-04-22 02:13:21,604 [DEBUG]  OP: Operation.SPLIT_COLUMNS on slice (139, 25) (remaining tasks 64)
2025-04-22 02:13:22,767 [DEBUG]  		found 1 col clusters (in 1.16260 secs)
2025-04-22 02:13:22,767 [DEBUG]  OP: Operation.NAIVE_FACTORIZATION on slice (65, 25) (remaining tasks 64)
2025-04-22 02:13:22,774 [DEBUG]  		naive factorization 25 columns (in 0.00696 secs)
2025-04-22 02:13:22,774 [DEBUG]  OP: Operation.NAIVE_FACTORIZATION on slice (69, 25) (remaining tasks 63)
2025-04-22 02:13:22,782 [DEBUG]  		naive factorization 25 columns (in 0.00775 secs)
2025-04-22 02:13:22,783 [DEBUG]  OP: Operation.NAIVE_FACTORIZATION on slice (68, 25) (remaining tasks 62)
2025-04-22 02:13:22,791 [DEBUG]  		naive factorization 25 columns (in 0.00853 secs)
2025-04-22 02:13:22,792 [DEBUG]  OP: Operation.NAIVE_FACTORIZATION on slice (66, 25) (remaining tasks 61)
2025-04-22 02:13:22,799 [DEBUG]  		naive factorization 25 columns (in 0.00666 secs)
2025-04-22 02:13:22,799 [DEBUG]  OP: Operation.NAIVE_FACTORIZATION on slice (65, 25) (remaining tasks 60)
2025-04-22 02:13:22,815 [DEBUG]  		naive factorization 25 columns (in 0.01577 secs)
2025-04-22 02:13:22,815 [DEBUG]  OP: Operation.SPLIT_COLUMNS on slice (130, 25) (remaining tasks 59)
2025-04-22 02:13:23,900 [DEBUG]  		found 1 col clusters (in 1.08522 secs)
2025-04-22 02:13:23,901 [DEBUG]  OP: Operation.NAIVE_FACTORIZATION on slice (59, 25) (remaining tasks 59)
2025-04-22 02:13:23,912 [DEBUG]  		naive factorization 25 columns (in 0.01160 secs)
2025-04-22 02:13:23,913 [DEBUG]  OP: Operation.SPLIT_COLUMNS on slice (127, 25) (remaining tasks 58)
2025-04-22 02:13:25,395 [DEBUG]  		found 1 col clusters (in 1.48176 secs)
2025-04-22 02:13:25,395 [DEBUG]  OP: Operation.NAIVE_FACTORIZATION on slice (59, 25) (remaining tasks 58)
2025-04-22 02:13:25,406 [DEBUG]  		naive factorization 25 columns (in 0.01112 secs)
2025-04-22 02:13:25,407 [DEBUG]  OP: Operation.REMOVE_UNINFORMATIVE_FEATURES on slice (118, 25) (remaining tasks 57)
2025-04-22 02:13:25,408 [DEBUG]  OP: Operation.SPLIT_COLUMNS on slice (112, 25) (remaining tasks 58)
2025-04-22 02:13:26,965 [DEBUG]  		found 1 col clusters (in 1.55715 secs)
2025-04-22 02:13:26,965 [DEBUG]  OP: Operation.REMOVE_UNINFORMATIVE_FEATURES on slice (6, 25) (remaining tasks 58)
2025-04-22 02:13:26,966 [DEBUG]  OP: Operation.REMOVE_UNINFORMATIVE_FEATURES on slice (74, 25) (remaining tasks 62)
2025-04-22 02:13:26,966 [DEBUG]  OP: Operation.NAIVE_FACTORIZATION on slice (49, 25) (remaining tasks 63)
2025-04-22 02:13:26,978 [DEBUG]  		naive factorization 25 columns (in 0.01126 secs)
2025-04-22 02:13:26,978 [DEBUG]  OP: Operation.NAIVE_FACTORIZATION on slice (56, 25) (remaining tasks 62)
2025-04-22 02:13:26,989 [DEBUG]  		naive factorization 25 columns (in 0.01064 secs)
2025-04-22 02:13:26,990 [DEBUG]  OP: Operation.NAIVE_FACTORIZATION on slice (77, 25) (remaining tasks 61)
2025-04-22 02:13:27,001 [DEBUG]  		naive factorization 25 columns (in 0.01083 secs)
2025-04-22 02:13:27,001 [DEBUG]  OP: Operation.NAIVE_FACTORIZATION on slice (68, 25) (remaining tasks 60)
2025-04-22 02:13:27,012 [DEBUG]  		naive factorization 25 columns (in 0.01048 secs)
2025-04-22 02:13:27,013 [DEBUG]  OP: Operation.NAIVE_FACTORIZATION on slice (69, 25) (remaining tasks 59)
2025-04-22 02:13:27,024 [DEBUG]  		naive factorization 25 columns (in 0.01145 secs)
2025-04-22 02:13:27,025 [DEBUG]  OP: Operation.REMOVE_UNINFORMATIVE_FEATURES on slice (56, 25) (remaining tasks 58)
2025-04-22 02:13:27,025 [DEBUG]  OP: Operation.NAIVE_FACTORIZATION on slice (56, 25) (remaining tasks 59)
2025-04-22 02:13:27,037 [DEBUG]  		naive factorization 25 columns (in 0.01176 secs)
2025-04-22 02:13:27,038 [DEBUG]  OP: Operation.SPLIT_COLUMNS on slice (123, 25) (remaining tasks 58)
2025-04-22 02:13:28,822 [DEBUG]  		found 1 col clusters (in 1.78368 secs)
2025-04-22 02:13:28,822 [DEBUG]  OP: Operation.NAIVE_FACTORIZATION on slice (60, 25) (remaining tasks 58)
2025-04-22 02:13:28,834 [DEBUG]  		naive factorization 25 columns (in 0.01121 secs)
2025-04-22 02:13:28,834 [DEBUG]  OP: Operation.NAIVE_FACTORIZATION on slice (62, 25) (remaining tasks 57)
2025-04-22 02:13:28,846 [DEBUG]  		naive factorization 25 columns (in 0.01108 secs)
2025-04-22 02:13:28,846 [DEBUG]  OP: Operation.SPLIT_COLUMNS on slice (122, 25) (remaining tasks 56)
2025-04-22 02:13:30,585 [DEBUG]  		found 1 col clusters (in 1.73886 secs)
2025-04-22 02:13:30,586 [DEBUG]  OP: Operation.SPLIT_ROWS on slice (128, 25) (remaining tasks 56)
2025-04-22 02:13:30,636 [DEBUG]  		found 2 row clusters (in 0.04970 secs)
2025-04-22 02:13:30,636 [DEBUG]  OP: Operation.SPLIT_ROWS on slice (119, 25) (remaining tasks 57)
2025-04-22 02:13:30,668 [DEBUG]  		found 2 row clusters (in 0.03155 secs)
2025-04-22 02:13:30,668 [DEBUG]  OP: Operation.SPLIT_ROWS on slice (79, 25) (remaining tasks 58)
2025-04-22 02:13:30,684 [DEBUG]  		found 2 row clusters (in 0.01602 secs)
2025-04-22 02:13:30,685 [DEBUG]  OP: Operation.SPLIT_ROWS on slice (120, 25) (remaining tasks 59)
2025-04-22 02:13:30,700 [DEBUG]  		found 2 row clusters (in 0.01562 secs)
2025-04-22 02:13:30,701 [DEBUG]  OP: Operation.SPLIT_ROWS on slice (99, 25) (remaining tasks 60)
2025-04-22 02:13:30,726 [DEBUG]  		found 2 row clusters (in 0.02524 secs)
2025-04-22 02:13:30,726 [DEBUG]  OP: Operation.SPLIT_ROWS on slice (199, 25) (remaining tasks 61)
2025-04-22 02:13:30,753 [DEBUG]  		found 2 row clusters (in 0.02686 secs)
2025-04-22 02:13:30,753 [DEBUG]  OP: Operation.SPLIT_ROWS on slice (80, 25) (remaining tasks 62)
2025-04-22 02:13:30,768 [DEBUG]  		found 2 row clusters (in 0.01410 secs)
2025-04-22 02:13:30,768 [DEBUG]  OP: Operation.SPLIT_ROWS on slice (308, 25) (remaining tasks 63)
2025-04-22 02:13:30,795 [DEBUG]  		found 2 row clusters (in 0.02683 secs)
2025-04-22 02:13:30,795 [DEBUG]  OP: Operation.SPLIT_ROWS on slice (165, 25) (remaining tasks 64)
2025-04-22 02:13:30,819 [DEBUG]  		found 2 row clusters (in 0.02382 secs)
2025-04-22 02:13:30,819 [DEBUG]  OP: Operation.SPLIT_ROWS on slice (151, 25) (remaining tasks 65)
2025-04-22 02:13:30,846 [DEBUG]  		found 2 row clusters (in 0.02631 secs)
2025-04-22 02:13:30,846 [DEBUG]  OP: Operation.SPLIT_ROWS on slice (123, 25) (remaining tasks 66)
2025-04-22 02:13:30,867 [DEBUG]  		found 2 row clusters (in 0.02149 secs)
2025-04-22 02:13:30,868 [DEBUG]  OP: Operation.SPLIT_ROWS on slice (160, 25) (remaining tasks 67)
2025-04-22 02:13:30,891 [DEBUG]  		found 2 row clusters (in 0.02332 secs)
2025-04-22 02:13:30,891 [DEBUG]  OP: Operation.SPLIT_ROWS on slice (103, 25) (remaining tasks 68)
2025-04-22 02:13:30,911 [DEBUG]  		found 2 row clusters (in 0.01939 secs)
2025-04-22 02:13:30,911 [DEBUG]  OP: Operation.SPLIT_ROWS on slice (121, 25) (remaining tasks 69)
2025-04-22 02:13:30,935 [DEBUG]  		found 2 row clusters (in 0.02439 secs)
2025-04-22 02:13:30,936 [DEBUG]  OP: Operation.SPLIT_ROWS on slice (115, 25) (remaining tasks 70)
2025-04-22 02:13:30,957 [DEBUG]  		found 2 row clusters (in 0.02090 secs)
2025-04-22 02:13:30,957 [DEBUG]  OP: Operation.SPLIT_ROWS on slice (115, 25) (remaining tasks 71)
2025-04-22 02:13:30,977 [DEBUG]  		found 2 row clusters (in 0.02049 secs)
2025-04-22 02:13:30,978 [DEBUG]  OP: Operation.SPLIT_ROWS on slice (193, 25) (remaining tasks 72)
2025-04-22 02:13:30,995 [DEBUG]  		found 2 row clusters (in 0.01683 secs)
2025-04-22 02:13:30,995 [DEBUG]  OP: Operation.SPLIT_ROWS on slice (88, 25) (remaining tasks 73)
2025-04-22 02:13:31,013 [DEBUG]  		found 2 row clusters (in 0.01798 secs)
2025-04-22 02:13:31,013 [DEBUG]  OP: Operation.CREATE_LEAF on slice (82, 1) (remaining tasks 74)
2025-04-22 02:13:31,013 [DEBUG]  		 created leaf IdentityNumericLeaf for scope=[14] (in 0.00022 secs)
2025-04-22 02:13:31,013 [DEBUG]  OP: Operation.SPLIT_COLUMNS on slice (82, 24) (remaining tasks 73)
2025-04-22 02:13:32,331 [DEBUG]  		found 1 col clusters (in 1.31697 secs)
2025-04-22 02:13:32,331 [DEBUG]  OP: Operation.SPLIT_ROWS on slice (85, 25) (remaining tasks 73)
2025-04-22 02:13:32,372 [DEBUG]  		found 2 row clusters (in 0.04053 secs)
2025-04-22 02:13:32,372 [DEBUG]  OP: Operation.CREATE_LEAF on slice (50, 1) (remaining tasks 74)
2025-04-22 02:13:32,373 [DEBUG]  		 created leaf IdentityNumericLeaf for scope=[17] (in 0.00042 secs)
2025-04-22 02:13:32,373 [DEBUG]  OP: Operation.NAIVE_FACTORIZATION on slice (50, 24) (remaining tasks 73)
2025-04-22 02:13:32,382 [DEBUG]  		naive factorization 24 columns (in 0.00930 secs)
2025-04-22 02:13:32,383 [DEBUG]  OP: Operation.SPLIT_ROWS on slice (124, 25) (remaining tasks 72)
2025-04-22 02:13:32,421 [DEBUG]  		found 2 row clusters (in 0.03775 secs)
2025-04-22 02:13:32,421 [DEBUG]  OP: Operation.SPLIT_ROWS on slice (102, 25) (remaining tasks 73)
2025-04-22 02:13:32,451 [DEBUG]  		found 2 row clusters (in 0.02949 secs)
2025-04-22 02:13:32,451 [DEBUG]  OP: Operation.CREATE_LEAF on slice (73, 1) (remaining tasks 74)
2025-04-22 02:13:32,451 [DEBUG]  		 created leaf IdentityNumericLeaf for scope=[17] (in 0.00025 secs)
2025-04-22 02:13:32,452 [DEBUG]  OP: Operation.NAIVE_FACTORIZATION on slice (73, 24) (remaining tasks 73)
2025-04-22 02:13:32,462 [DEBUG]  		naive factorization 24 columns (in 0.01029 secs)
2025-04-22 02:13:32,462 [DEBUG]  OP: Operation.SPLIT_COLUMNS on slice (89, 24) (remaining tasks 72)
2025-04-22 02:13:34,050 [DEBUG]  		found 1 col clusters (in 1.58773 secs)
2025-04-22 02:13:34,051 [DEBUG]  OP: Operation.CREATE_LEAF on slice (89, 1) (remaining tasks 72)
2025-04-22 02:13:34,051 [DEBUG]  		 created leaf IdentityNumericLeaf for scope=[17] (in 0.00045 secs)
2025-04-22 02:13:34,052 [DEBUG]  OP: Operation.SPLIT_ROWS on slice (144, 25) (remaining tasks 71)
2025-04-22 02:13:34,099 [DEBUG]  		found 2 row clusters (in 0.04674 secs)
2025-04-22 02:13:34,099 [DEBUG]  OP: Operation.SPLIT_ROWS on slice (94, 25) (remaining tasks 72)
2025-04-22 02:13:34,131 [DEBUG]  		found 2 row clusters (in 0.03222 secs)
2025-04-22 02:13:34,132 [DEBUG]  OP: Operation.SPLIT_ROWS on slice (169, 25) (remaining tasks 73)
2025-04-22 02:13:34,157 [DEBUG]  		found 2 row clusters (in 0.02466 secs)
2025-04-22 02:13:34,157 [DEBUG]  OP: Operation.SPLIT_ROWS on slice (97, 25) (remaining tasks 74)
2025-04-22 02:13:34,176 [DEBUG]  		found 2 row clusters (in 0.01892 secs)
2025-04-22 02:13:34,176 [DEBUG]  OP: Operation.SPLIT_ROWS on slice (88, 25) (remaining tasks 75)
2025-04-22 02:13:34,195 [DEBUG]  		found 2 row clusters (in 0.01847 secs)
2025-04-22 02:13:34,195 [DEBUG]  OP: Operation.SPLIT_ROWS on slice (83, 25) (remaining tasks 76)
2025-04-22 02:13:34,220 [DEBUG]  		found 2 row clusters (in 0.02460 secs)
2025-04-22 02:13:34,220 [DEBUG]  OP: Operation.SPLIT_ROWS on slice (103, 25) (remaining tasks 77)
2025-04-22 02:13:34,241 [DEBUG]  		found 2 row clusters (in 0.02152 secs)
2025-04-22 02:13:34,242 [DEBUG]  OP: Operation.SPLIT_ROWS on slice (120, 25) (remaining tasks 78)
2025-04-22 02:13:34,261 [DEBUG]  		found 2 row clusters (in 0.01934 secs)
2025-04-22 02:13:34,261 [DEBUG]  OP: Operation.CREATE_LEAF on slice (73, 1) (remaining tasks 79)
2025-04-22 02:13:34,261 [DEBUG]  		 created leaf IdentityNumericLeaf for scope=[14] (in 0.00021 secs)
2025-04-22 02:13:34,262 [DEBUG]  OP: Operation.CREATE_LEAF on slice (73, 1) (remaining tasks 78)
2025-04-22 02:13:34,262 [DEBUG]  		 created leaf IdentityNumericLeaf for scope=[15] (in 0.00019 secs)
2025-04-22 02:13:34,262 [DEBUG]  OP: Operation.NAIVE_FACTORIZATION on slice (73, 23) (remaining tasks 77)
2025-04-22 02:13:34,273 [DEBUG]  		naive factorization 23 columns (in 0.01067 secs)
2025-04-22 02:13:34,273 [DEBUG]  OP: Operation.SPLIT_ROWS on slice (139, 25) (remaining tasks 76)
2025-04-22 02:13:34,297 [DEBUG]  		found 2 row clusters (in 0.02403 secs)
2025-04-22 02:13:34,297 [DEBUG]  OP: Operation.SPLIT_ROWS on slice (130, 25) (remaining tasks 77)
2025-04-22 02:13:34,320 [DEBUG]  		found 2 row clusters (in 0.02203 secs)
2025-04-22 02:13:34,320 [DEBUG]  OP: Operation.SPLIT_ROWS on slice (127, 25) (remaining tasks 78)
2025-04-22 02:13:34,342 [DEBUG]  		found 2 row clusters (in 0.02251 secs)
2025-04-22 02:13:34,343 [DEBUG]  OP: Operation.CREATE_LEAF on slice (118, 1) (remaining tasks 79)
2025-04-22 02:13:34,343 [DEBUG]  		 created leaf IdentityNumericLeaf for scope=[14] (in 0.00021 secs)
2025-04-22 02:13:34,343 [DEBUG]  OP: Operation.SPLIT_COLUMNS on slice (118, 24) (remaining tasks 78)
2025-04-22 02:13:36,019 [DEBUG]  		found 1 col clusters (in 1.67594 secs)
2025-04-22 02:13:36,020 [DEBUG]  OP: Operation.SPLIT_ROWS on slice (112, 25) (remaining tasks 78)
2025-04-22 02:13:36,080 [DEBUG]  		found 2 row clusters (in 0.06019 secs)
2025-04-22 02:13:36,080 [DEBUG]  OP: Operation.CREATE_LEAF on slice (6, 1) (remaining tasks 79)
2025-04-22 02:13:36,081 [DEBUG]  		 created leaf IdentityNumericLeaf for scope=[14] (in 0.00035 secs)
2025-04-22 02:13:36,081 [DEBUG]  OP: Operation.CREATE_LEAF on slice (6, 1) (remaining tasks 78)
2025-04-22 02:13:36,081 [DEBUG]  		 created leaf IdentityNumericLeaf for scope=[15] (in 0.00028 secs)
2025-04-22 02:13:36,081 [DEBUG]  OP: Operation.CREATE_LEAF on slice (6, 1) (remaining tasks 77)
2025-04-22 02:13:36,082 [DEBUG]  		 created leaf IdentityNumericLeaf for scope=[16] (in 0.00027 secs)
2025-04-22 02:13:36,082 [DEBUG]  OP: Operation.CREATE_LEAF on slice (6, 1) (remaining tasks 76)
2025-04-22 02:13:36,082 [DEBUG]  		 created leaf IdentityNumericLeaf for scope=[17] (in 0.00027 secs)
2025-04-22 02:13:36,083 [DEBUG]  OP: Operation.NAIVE_FACTORIZATION on slice (6, 21) (remaining tasks 75)
2025-04-22 02:13:36,091 [DEBUG]  		naive factorization 21 columns (in 0.00785 secs)
2025-04-22 02:13:36,091 [DEBUG]  OP: Operation.CREATE_LEAF on slice (74, 1) (remaining tasks 74)
2025-04-22 02:13:36,092 [DEBUG]  		 created leaf IdentityNumericLeaf for scope=[15] (in 0.00045 secs)
2025-04-22 02:13:36,092 [DEBUG]  OP: Operation.NAIVE_FACTORIZATION on slice (74, 24) (remaining tasks 73)
2025-04-22 02:13:36,101 [DEBUG]  		naive factorization 24 columns (in 0.00909 secs)
2025-04-22 02:13:36,101 [DEBUG]  OP: Operation.CREATE_LEAF on slice (56, 1) (remaining tasks 72)
2025-04-22 02:13:36,102 [DEBUG]  		 created leaf IdentityNumericLeaf for scope=[17] (in 0.00038 secs)
2025-04-22 02:13:36,102 [DEBUG]  OP: Operation.NAIVE_FACTORIZATION on slice (56, 24) (remaining tasks 71)
2025-04-22 02:13:36,112 [DEBUG]  		naive factorization 24 columns (in 0.00902 secs)
2025-04-22 02:13:36,112 [DEBUG]  OP: Operation.SPLIT_ROWS on slice (123, 25) (remaining tasks 70)
2025-04-22 02:13:36,156 [DEBUG]  		found 2 row clusters (in 0.04381 secs)
2025-04-22 02:13:36,157 [DEBUG]  OP: Operation.SPLIT_ROWS on slice (122, 25) (remaining tasks 71)
2025-04-22 02:13:36,185 [DEBUG]  		found 2 row clusters (in 0.02781 secs)
2025-04-22 02:13:36,185 [DEBUG]  OP: Operation.NAIVE_FACTORIZATION on slice (50, 25) (remaining tasks 72)
2025-04-22 02:13:36,192 [DEBUG]  		naive factorization 25 columns (in 0.00701 secs)
2025-04-22 02:13:36,192 [DEBUG]  OP: Operation.REMOVE_UNINFORMATIVE_FEATURES on slice (78, 25) (remaining tasks 71)
2025-04-22 02:13:36,193 [DEBUG]  OP: Operation.NAIVE_FACTORIZATION on slice (63, 25) (remaining tasks 72)
2025-04-22 02:13:36,200 [DEBUG]  		naive factorization 25 columns (in 0.00715 secs)
2025-04-22 02:13:36,200 [DEBUG]  OP: Operation.NAIVE_FACTORIZATION on slice (56, 25) (remaining tasks 71)
2025-04-22 02:13:36,207 [DEBUG]  		naive factorization 25 columns (in 0.00633 secs)
2025-04-22 02:13:36,207 [DEBUG]  OP: Operation.NAIVE_FACTORIZATION on slice (38, 25) (remaining tasks 70)
2025-04-22 02:13:36,215 [DEBUG]  		naive factorization 25 columns (in 0.00777 secs)
2025-04-22 02:13:36,215 [DEBUG]  OP: Operation.REMOVE_UNINFORMATIVE_FEATURES on slice (41, 25) (remaining tasks 69)
2025-04-22 02:13:36,215 [DEBUG]  OP: Operation.NAIVE_FACTORIZATION on slice (59, 25) (remaining tasks 72)
2025-04-22 02:13:36,225 [DEBUG]  		naive factorization 25 columns (in 0.00952 secs)
2025-04-22 02:13:36,226 [DEBUG]  OP: Operation.REMOVE_UNINFORMATIVE_FEATURES on slice (61, 25) (remaining tasks 71)
2025-04-22 02:13:36,226 [DEBUG]  OP: Operation.NAIVE_FACTORIZATION on slice (48, 25) (remaining tasks 74)
2025-04-22 02:13:36,235 [DEBUG]  		naive factorization 25 columns (in 0.00910 secs)
2025-04-22 02:13:36,236 [DEBUG]  OP: Operation.NAIVE_FACTORIZATION on slice (51, 25) (remaining tasks 73)
2025-04-22 02:13:36,247 [DEBUG]  		naive factorization 25 columns (in 0.01156 secs)
2025-04-22 02:13:36,248 [DEBUG]  OP: Operation.SPLIT_COLUMNS on slice (81, 25) (remaining tasks 72)
2025-04-22 02:13:37,961 [DEBUG]  		found 1 col clusters (in 1.71249 secs)
2025-04-22 02:13:37,961 [DEBUG]  OP: Operation.SPLIT_COLUMNS on slice (118, 25) (remaining tasks 72)
2025-04-22 02:13:39,759 [DEBUG]  		found 1 col clusters (in 1.79787 secs)
2025-04-22 02:13:39,760 [DEBUG]  OP: Operation.REMOVE_UNINFORMATIVE_FEATURES on slice (37, 25) (remaining tasks 72)
2025-04-22 02:13:39,760 [DEBUG]  OP: Operation.NAIVE_FACTORIZATION on slice (43, 25) (remaining tasks 73)
2025-04-22 02:13:39,771 [DEBUG]  		naive factorization 25 columns (in 0.01037 secs)
2025-04-22 02:13:39,772 [DEBUG]  OP: Operation.SPLIT_COLUMNS on slice (141, 25) (remaining tasks 72)
2025-04-22 02:13:40,934 [DEBUG]  		found 1 col clusters (in 1.16228 secs)
2025-04-22 02:13:40,935 [DEBUG]  OP: Operation.SPLIT_COLUMNS on slice (167, 25) (remaining tasks 72)
2025-04-22 02:13:42,182 [DEBUG]  		found 1 col clusters (in 1.24719 secs)
2025-04-22 02:13:42,182 [DEBUG]  OP: Operation.SPLIT_COLUMNS on slice (86, 25) (remaining tasks 72)
2025-04-22 02:13:43,682 [DEBUG]  		found 1 col clusters (in 1.49919 secs)
2025-04-22 02:13:43,682 [DEBUG]  OP: Operation.SPLIT_COLUMNS on slice (79, 25) (remaining tasks 72)
2025-04-22 02:13:45,122 [DEBUG]  		found 1 col clusters (in 1.43895 secs)
2025-04-22 02:13:45,122 [DEBUG]  OP: Operation.SPLIT_COLUMNS on slice (93, 25) (remaining tasks 72)
2025-04-22 02:13:46,779 [DEBUG]  		found 1 col clusters (in 1.65678 secs)
2025-04-22 02:13:46,780 [DEBUG]  OP: Operation.NAIVE_FACTORIZATION on slice (58, 25) (remaining tasks 72)
2025-04-22 02:13:46,791 [DEBUG]  		naive factorization 25 columns (in 0.01096 secs)
2025-04-22 02:13:46,791 [DEBUG]  OP: Operation.NAIVE_FACTORIZATION on slice (51, 25) (remaining tasks 71)
2025-04-22 02:13:46,803 [DEBUG]  		naive factorization 25 columns (in 0.01098 secs)
2025-04-22 02:13:46,803 [DEBUG]  OP: Operation.NAIVE_FACTORIZATION on slice (72, 25) (remaining tasks 70)
2025-04-22 02:13:46,814 [DEBUG]  		naive factorization 25 columns (in 0.01078 secs)
2025-04-22 02:13:46,815 [DEBUG]  OP: Operation.NAIVE_FACTORIZATION on slice (69, 25) (remaining tasks 69)
2025-04-22 02:13:46,826 [DEBUG]  		naive factorization 25 columns (in 0.01118 secs)
2025-04-22 02:13:46,827 [DEBUG]  OP: Operation.SPLIT_COLUMNS on slice (91, 25) (remaining tasks 68)
2025-04-22 02:13:48,614 [DEBUG]  		found 1 col clusters (in 1.78689 secs)
2025-04-22 02:13:48,614 [DEBUG]  OP: Operation.NAIVE_FACTORIZATION on slice (49, 25) (remaining tasks 68)
2025-04-22 02:13:48,626 [DEBUG]  		naive factorization 25 columns (in 0.01186 secs)
2025-04-22 02:13:48,627 [DEBUG]  OP: Operation.NAIVE_FACTORIZATION on slice (54, 25) (remaining tasks 67)
2025-04-22 02:13:48,638 [DEBUG]  		naive factorization 25 columns (in 0.01115 secs)
2025-04-22 02:13:48,639 [DEBUG]  OP: Operation.NAIVE_FACTORIZATION on slice (60, 25) (remaining tasks 66)
2025-04-22 02:13:48,651 [DEBUG]  		naive factorization 25 columns (in 0.01202 secs)
2025-04-22 02:13:48,652 [DEBUG]  OP: Operation.NAIVE_FACTORIZATION on slice (61, 25) (remaining tasks 65)
2025-04-22 02:13:48,663 [DEBUG]  		naive factorization 25 columns (in 0.01052 secs)
2025-04-22 02:13:48,663 [DEBUG]  OP: Operation.NAIVE_FACTORIZATION on slice (52, 25) (remaining tasks 64)
2025-04-22 02:13:48,674 [DEBUG]  		naive factorization 25 columns (in 0.01100 secs)
2025-04-22 02:13:48,675 [DEBUG]  OP: Operation.NAIVE_FACTORIZATION on slice (63, 25) (remaining tasks 63)
2025-04-22 02:13:48,687 [DEBUG]  		naive factorization 25 columns (in 0.01172 secs)
2025-04-22 02:13:48,687 [DEBUG]  OP: Operation.NAIVE_FACTORIZATION on slice (10, 25) (remaining tasks 62)
2025-04-22 02:13:48,697 [DEBUG]  		naive factorization 25 columns (in 0.00950 secs)
2025-04-22 02:13:48,698 [DEBUG]  OP: Operation.SPLIT_COLUMNS on slice (105, 25) (remaining tasks 61)
2025-04-22 02:13:50,380 [DEBUG]  		found 1 col clusters (in 1.68195 secs)
2025-04-22 02:13:50,380 [DEBUG]  OP: Operation.SPLIT_COLUMNS on slice (93, 25) (remaining tasks 61)
2025-04-22 02:13:52,083 [DEBUG]  		found 1 col clusters (in 1.70192 secs)
2025-04-22 02:13:52,083 [DEBUG]  OP: Operation.SPLIT_COLUMNS on slice (100, 25) (remaining tasks 61)
2025-04-22 02:13:53,779 [DEBUG]  		found 1 col clusters (in 1.69532 secs)
2025-04-22 02:13:53,779 [DEBUG]  OP: Operation.NAIVE_FACTORIZATION on slice (40, 25) (remaining tasks 61)
2025-04-22 02:13:53,790 [DEBUG]  		naive factorization 25 columns (in 0.01025 secs)
2025-04-22 02:13:53,790 [DEBUG]  OP: Operation.REMOVE_UNINFORMATIVE_FEATURES on slice (48, 25) (remaining tasks 60)
2025-04-22 02:13:53,791 [DEBUG]  OP: Operation.SPLIT_ROWS on slice (82, 24) (remaining tasks 62)
2025-04-22 02:13:53,842 [DEBUG]  		found 2 row clusters (in 0.05102 secs)
2025-04-22 02:13:53,842 [DEBUG]  OP: Operation.NAIVE_FACTORIZATION on slice (43, 25) (remaining tasks 63)
2025-04-22 02:13:53,853 [DEBUG]  		naive factorization 25 columns (in 0.00984 secs)
2025-04-22 02:13:53,853 [DEBUG]  OP: Operation.NAIVE_FACTORIZATION on slice (42, 25) (remaining tasks 62)
2025-04-22 02:13:53,865 [DEBUG]  		naive factorization 25 columns (in 0.01125 secs)
2025-04-22 02:13:53,865 [DEBUG]  OP: Operation.NAIVE_FACTORIZATION on slice (42, 25) (remaining tasks 61)
2025-04-22 02:13:53,876 [DEBUG]  		naive factorization 25 columns (in 0.01048 secs)
2025-04-22 02:13:53,876 [DEBUG]  OP: Operation.SPLIT_COLUMNS on slice (82, 25) (remaining tasks 60)
2025-04-22 02:13:55,476 [DEBUG]  		found 1 col clusters (in 1.59904 secs)
2025-04-22 02:13:55,476 [DEBUG]  OP: Operation.NAIVE_FACTORIZATION on slice (56, 25) (remaining tasks 60)
2025-04-22 02:13:55,488 [DEBUG]  		naive factorization 25 columns (in 0.01177 secs)
2025-04-22 02:13:55,489 [DEBUG]  OP: Operation.REMOVE_UNINFORMATIVE_FEATURES on slice (46, 25) (remaining tasks 59)
2025-04-22 02:13:55,489 [DEBUG]  OP: Operation.SPLIT_ROWS on slice (89, 24) (remaining tasks 60)
2025-04-22 02:13:55,535 [DEBUG]  		found 2 row clusters (in 0.04588 secs)
2025-04-22 02:13:55,536 [DEBUG]  OP: Operation.REMOVE_UNINFORMATIVE_FEATURES on slice (65, 25) (remaining tasks 61)
2025-04-22 02:13:55,536 [DEBUG]  OP: Operation.SPLIT_COLUMNS on slice (79, 25) (remaining tasks 62)
2025-04-22 02:13:57,196 [DEBUG]  		found 1 col clusters (in 1.65986 secs)
2025-04-22 02:13:57,196 [DEBUG]  OP: Operation.NAIVE_FACTORIZATION on slice (38, 25) (remaining tasks 62)
2025-04-22 02:13:57,206 [DEBUG]  		naive factorization 25 columns (in 0.00961 secs)
2025-04-22 02:13:57,207 [DEBUG]  OP: Operation.NAIVE_FACTORIZATION on slice (56, 25) (remaining tasks 61)
2025-04-22 02:13:57,217 [DEBUG]  		naive factorization 25 columns (in 0.00972 secs)
2025-04-22 02:13:57,217 [DEBUG]  OP: Operation.SPLIT_COLUMNS on slice (80, 25) (remaining tasks 60)
2025-04-22 02:13:58,793 [DEBUG]  		found 1 col clusters (in 1.57585 secs)
2025-04-22 02:13:58,794 [DEBUG]  OP: Operation.SPLIT_COLUMNS on slice (89, 25) (remaining tasks 60)
2025-04-22 02:14:00,222 [DEBUG]  		found 1 col clusters (in 1.42739 secs)
2025-04-22 02:14:00,222 [DEBUG]  OP: Operation.NAIVE_FACTORIZATION on slice (75, 25) (remaining tasks 60)
2025-04-22 02:14:00,233 [DEBUG]  		naive factorization 25 columns (in 0.01050 secs)
2025-04-22 02:14:00,233 [DEBUG]  OP: Operation.REMOVE_UNINFORMATIVE_FEATURES on slice (22, 25) (remaining tasks 59)
2025-04-22 02:14:00,234 [DEBUG]  OP: Operation.REMOVE_UNINFORMATIVE_FEATURES on slice (34, 25) (remaining tasks 61)
2025-04-22 02:14:00,234 [DEBUG]  OP: Operation.NAIVE_FACTORIZATION on slice (54, 25) (remaining tasks 63)
2025-04-22 02:14:00,245 [DEBUG]  		naive factorization 25 columns (in 0.01060 secs)
2025-04-22 02:14:00,246 [DEBUG]  OP: Operation.NAIVE_FACTORIZATION on slice (33, 25) (remaining tasks 62)
2025-04-22 02:14:00,257 [DEBUG]  		naive factorization 25 columns (in 0.01091 secs)
2025-04-22 02:14:00,257 [DEBUG]  OP: Operation.REMOVE_UNINFORMATIVE_FEATURES on slice (50, 25) (remaining tasks 61)
2025-04-22 02:14:00,258 [DEBUG]  OP: Operation.NAIVE_FACTORIZATION on slice (53, 25) (remaining tasks 62)
2025-04-22 02:14:00,268 [DEBUG]  		naive factorization 25 columns (in 0.00977 secs)
2025-04-22 02:14:00,268 [DEBUG]  OP: Operation.NAIVE_FACTORIZATION on slice (50, 25) (remaining tasks 61)
2025-04-22 02:14:00,278 [DEBUG]  		naive factorization 25 columns (in 0.00925 secs)
2025-04-22 02:14:00,278 [DEBUG]  OP: Operation.NAIVE_FACTORIZATION on slice (55, 25) (remaining tasks 60)
2025-04-22 02:14:00,288 [DEBUG]  		naive factorization 25 columns (in 0.00955 secs)
2025-04-22 02:14:00,289 [DEBUG]  OP: Operation.NAIVE_FACTORIZATION on slice (65, 25) (remaining tasks 59)
2025-04-22 02:14:00,299 [DEBUG]  		naive factorization 25 columns (in 0.00972 secs)
2025-04-22 02:14:00,299 [DEBUG]  OP: Operation.NAIVE_FACTORIZATION on slice (63, 25) (remaining tasks 58)
2025-04-22 02:14:00,310 [DEBUG]  		naive factorization 25 columns (in 0.01018 secs)
2025-04-22 02:14:00,310 [DEBUG]  OP: Operation.NAIVE_FACTORIZATION on slice (76, 25) (remaining tasks 57)
2025-04-22 02:14:00,321 [DEBUG]  		naive factorization 25 columns (in 0.01086 secs)
2025-04-22 02:14:00,322 [DEBUG]  OP: Operation.NAIVE_FACTORIZATION on slice (61, 25) (remaining tasks 56)
2025-04-22 02:14:00,333 [DEBUG]  		naive factorization 25 columns (in 0.01097 secs)
2025-04-22 02:14:00,334 [DEBUG]  OP: Operation.NAIVE_FACTORIZATION on slice (69, 25) (remaining tasks 55)
2025-04-22 02:14:00,344 [DEBUG]  		naive factorization 25 columns (in 0.00975 secs)
2025-04-22 02:14:00,344 [DEBUG]  OP: Operation.NAIVE_FACTORIZATION on slice (34, 25) (remaining tasks 54)
2025-04-22 02:14:00,354 [DEBUG]  		naive factorization 25 columns (in 0.00979 secs)
2025-04-22 02:14:00,355 [DEBUG]  OP: Operation.SPLIT_COLUMNS on slice (93, 25) (remaining tasks 53)
2025-04-22 02:14:02,064 [DEBUG]  		found 1 col clusters (in 1.70869 secs)
2025-04-22 02:14:02,064 [DEBUG]  OP: Operation.SPLIT_ROWS on slice (118, 24) (remaining tasks 53)
2025-04-22 02:14:02,110 [DEBUG]  		found 2 row clusters (in 0.04608 secs)
2025-04-22 02:14:02,111 [DEBUG]  OP: Operation.REMOVE_UNINFORMATIVE_FEATURES on slice (55, 25) (remaining tasks 54)
2025-04-22 02:14:02,111 [DEBUG]  OP: Operation.NAIVE_FACTORIZATION on slice (57, 25) (remaining tasks 55)
2025-04-22 02:14:02,122 [DEBUG]  		naive factorization 25 columns (in 0.01072 secs)
2025-04-22 02:14:02,123 [DEBUG]  OP: Operation.NAIVE_FACTORIZATION on slice (62, 25) (remaining tasks 54)
2025-04-22 02:14:02,133 [DEBUG]  		naive factorization 25 columns (in 0.01067 secs)
2025-04-22 02:14:02,134 [DEBUG]  OP: Operation.NAIVE_FACTORIZATION on slice (61, 25) (remaining tasks 53)
2025-04-22 02:14:02,145 [DEBUG]  		naive factorization 25 columns (in 0.01069 secs)
2025-04-22 02:14:02,145 [DEBUG]  OP: Operation.REMOVE_UNINFORMATIVE_FEATURES on slice (60, 25) (remaining tasks 52)
2025-04-22 02:14:02,146 [DEBUG]  OP: Operation.NAIVE_FACTORIZATION on slice (62, 25) (remaining tasks 53)
2025-04-22 02:14:02,156 [DEBUG]  		naive factorization 25 columns (in 0.00986 secs)
2025-04-22 02:14:02,156 [DEBUG]  OP: Operation.CREATE_LEAF on slice (78, 1) (remaining tasks 52)
2025-04-22 02:14:02,157 [DEBUG]  		 created leaf IdentityNumericLeaf for scope=[17] (in 0.00050 secs)
2025-04-22 02:14:02,157 [DEBUG]  OP: Operation.SPLIT_COLUMNS on slice (78, 24) (remaining tasks 51)
2025-04-22 02:14:03,623 [DEBUG]  		found 1 col clusters (in 1.46561 secs)
2025-04-22 02:14:03,623 [DEBUG]  OP: Operation.CREATE_LEAF on slice (41, 1) (remaining tasks 51)
2025-04-22 02:14:03,624 [DEBUG]  		 created leaf IdentityNumericLeaf for scope=[14] (in 0.00043 secs)
2025-04-22 02:14:03,624 [DEBUG]  OP: Operation.CREATE_LEAF on slice (41, 1) (remaining tasks 50)
2025-04-22 02:14:03,625 [DEBUG]  		 created leaf IdentityNumericLeaf for scope=[16] (in 0.00040 secs)
2025-04-22 02:14:03,625 [DEBUG]  OP: Operation.CREATE_LEAF on slice (41, 1) (remaining tasks 49)
2025-04-22 02:14:03,625 [DEBUG]  		 created leaf IdentityNumericLeaf for scope=[17] (in 0.00036 secs)
2025-04-22 02:14:03,626 [DEBUG]  OP: Operation.NAIVE_FACTORIZATION on slice (41, 22) (remaining tasks 48)
2025-04-22 02:14:03,635 [DEBUG]  		naive factorization 22 columns (in 0.00936 secs)
2025-04-22 02:14:03,636 [DEBUG]  OP: Operation.CREATE_LEAF on slice (61, 1) (remaining tasks 47)
2025-04-22 02:14:03,636 [DEBUG]  		 created leaf IdentityNumericLeaf for scope=[14] (in 0.00059 secs)
2025-04-22 02:14:03,637 [DEBUG]  OP: Operation.CREATE_LEAF on slice (61, 1) (remaining tasks 46)
2025-04-22 02:14:03,637 [DEBUG]  		 created leaf IdentityNumericLeaf for scope=[16] (in 0.00050 secs)
2025-04-22 02:14:03,638 [DEBUG]  OP: Operation.CREATE_LEAF on slice (61, 1) (remaining tasks 45)
2025-04-22 02:14:03,638 [DEBUG]  		 created leaf IdentityNumericLeaf for scope=[17] (in 0.00041 secs)
2025-04-22 02:14:03,639 [DEBUG]  OP: Operation.NAIVE_FACTORIZATION on slice (61, 22) (remaining tasks 44)
2025-04-22 02:14:03,648 [DEBUG]  		naive factorization 22 columns (in 0.00922 secs)
2025-04-22 02:14:03,649 [DEBUG]  OP: Operation.SPLIT_ROWS on slice (81, 25) (remaining tasks 43)
2025-04-22 02:14:03,698 [DEBUG]  		found 2 row clusters (in 0.04874 secs)
2025-04-22 02:14:03,698 [DEBUG]  OP: Operation.SPLIT_ROWS on slice (118, 25) (remaining tasks 44)
2025-04-22 02:14:03,719 [DEBUG]  		found 2 row clusters (in 0.02093 secs)
2025-04-22 02:14:03,719 [DEBUG]  OP: Operation.CREATE_LEAF on slice (37, 1) (remaining tasks 45)
2025-04-22 02:14:03,720 [DEBUG]  		 created leaf IdentityNumericLeaf for scope=[15] (in 0.00024 secs)
2025-04-22 02:14:03,720 [DEBUG]  OP: Operation.NAIVE_FACTORIZATION on slice (37, 24) (remaining tasks 44)
2025-04-22 02:14:03,730 [DEBUG]  		naive factorization 24 columns (in 0.01010 secs)
2025-04-22 02:14:03,730 [DEBUG]  OP: Operation.SPLIT_ROWS on slice (141, 25) (remaining tasks 43)
2025-04-22 02:14:03,762 [DEBUG]  		found 2 row clusters (in 0.03183 secs)
2025-04-22 02:14:03,763 [DEBUG]  OP: Operation.SPLIT_ROWS on slice (167, 25) (remaining tasks 44)
2025-04-22 02:14:03,787 [DEBUG]  		found 2 row clusters (in 0.02465 secs)
2025-04-22 02:14:03,788 [DEBUG]  OP: Operation.SPLIT_ROWS on slice (86, 25) (remaining tasks 45)
2025-04-22 02:14:03,808 [DEBUG]  		found 2 row clusters (in 0.01981 secs)
2025-04-22 02:14:03,808 [DEBUG]  OP: Operation.SPLIT_ROWS on slice (79, 25) (remaining tasks 46)
2025-04-22 02:14:03,829 [DEBUG]  		found 2 row clusters (in 0.02096 secs)
2025-04-22 02:14:03,829 [DEBUG]  OP: Operation.SPLIT_ROWS on slice (93, 25) (remaining tasks 47)
2025-04-22 02:14:03,858 [DEBUG]  		found 2 row clusters (in 0.02835 secs)
2025-04-22 02:14:03,858 [DEBUG]  OP: Operation.SPLIT_ROWS on slice (91, 25) (remaining tasks 48)
2025-04-22 02:14:03,878 [DEBUG]  		found 2 row clusters (in 0.01989 secs)
2025-04-22 02:14:03,878 [DEBUG]  OP: Operation.SPLIT_ROWS on slice (105, 25) (remaining tasks 49)
2025-04-22 02:14:03,906 [DEBUG]  		found 2 row clusters (in 0.02741 secs)
2025-04-22 02:14:03,906 [DEBUG]  OP: Operation.SPLIT_ROWS on slice (93, 25) (remaining tasks 50)
2025-04-22 02:14:03,926 [DEBUG]  		found 2 row clusters (in 0.02020 secs)
2025-04-22 02:14:03,927 [DEBUG]  OP: Operation.SPLIT_ROWS on slice (100, 25) (remaining tasks 51)
2025-04-22 02:14:03,947 [DEBUG]  		found 2 row clusters (in 0.02037 secs)
2025-04-22 02:14:03,947 [DEBUG]  OP: Operation.CREATE_LEAF on slice (48, 1) (remaining tasks 52)
2025-04-22 02:14:03,947 [DEBUG]  		 created leaf IdentityNumericLeaf for scope=[14] (in 0.00021 secs)
2025-04-22 02:14:03,948 [DEBUG]  OP: Operation.CREATE_LEAF on slice (48, 1) (remaining tasks 51)
2025-04-22 02:14:03,948 [DEBUG]  		 created leaf IdentityNumericLeaf for scope=[15] (in 0.00019 secs)
2025-04-22 02:14:03,948 [DEBUG]  OP: Operation.NAIVE_FACTORIZATION on slice (48, 23) (remaining tasks 50)
2025-04-22 02:14:03,957 [DEBUG]  		naive factorization 23 columns (in 0.00943 secs)
2025-04-22 02:14:03,958 [DEBUG]  OP: Operation.REMOVE_UNINFORMATIVE_FEATURES on slice (38, 24) (remaining tasks 49)
2025-04-22 02:14:03,958 [DEBUG]  OP: Operation.NAIVE_FACTORIZATION on slice (44, 24) (remaining tasks 50)
2025-04-22 02:14:03,969 [DEBUG]  		naive factorization 24 columns (in 0.01052 secs)
2025-04-22 02:14:03,969 [DEBUG]  OP: Operation.SPLIT_ROWS on slice (82, 25) (remaining tasks 49)
2025-04-22 02:14:03,985 [DEBUG]  		found 2 row clusters (in 0.01615 secs)
2025-04-22 02:14:03,985 [DEBUG]  OP: Operation.CREATE_LEAF on slice (46, 1) (remaining tasks 50)
2025-04-22 02:14:03,986 [DEBUG]  		 created leaf IdentityNumericLeaf for scope=[17] (in 0.00021 secs)
2025-04-22 02:14:03,986 [DEBUG]  OP: Operation.NAIVE_FACTORIZATION on slice (46, 24) (remaining tasks 49)
2025-04-22 02:14:03,996 [DEBUG]  		naive factorization 24 columns (in 0.00972 secs)
2025-04-22 02:14:03,996 [DEBUG]  OP: Operation.NAIVE_FACTORIZATION on slice (60, 24) (remaining tasks 48)
2025-04-22 02:14:04,006 [DEBUG]  		naive factorization 24 columns (in 0.01000 secs)
2025-04-22 02:14:04,007 [DEBUG]  OP: Operation.REMOVE_UNINFORMATIVE_FEATURES on slice (29, 24) (remaining tasks 47)
2025-04-22 02:14:04,007 [DEBUG]  OP: Operation.CREATE_LEAF on slice (65, 1) (remaining tasks 48)
2025-04-22 02:14:04,007 [DEBUG]  		 created leaf IdentityNumericLeaf for scope=[17] (in 0.00022 secs)
2025-04-22 02:14:04,007 [DEBUG]  OP: Operation.NAIVE_FACTORIZATION on slice (65, 24) (remaining tasks 47)
2025-04-22 02:14:04,017 [DEBUG]  		naive factorization 24 columns (in 0.01001 secs)
2025-04-22 02:14:04,018 [DEBUG]  OP: Operation.SPLIT_ROWS on slice (79, 25) (remaining tasks 46)
2025-04-22 02:14:04,039 [DEBUG]  		found 2 row clusters (in 0.02072 secs)
2025-04-22 02:14:04,039 [DEBUG]  OP: Operation.SPLIT_ROWS on slice (80, 25) (remaining tasks 47)
2025-04-22 02:14:04,067 [DEBUG]  		found 2 row clusters (in 0.02785 secs)
2025-04-22 02:14:04,067 [DEBUG]  OP: Operation.SPLIT_ROWS on slice (89, 25) (remaining tasks 48)
2025-04-22 02:14:04,094 [DEBUG]  		found 2 row clusters (in 0.02713 secs)
2025-04-22 02:14:04,094 [DEBUG]  OP: Operation.CREATE_LEAF on slice (22, 1) (remaining tasks 49)
2025-04-22 02:14:04,095 [DEBUG]  		 created leaf IdentityNumericLeaf for scope=[16] (in 0.00020 secs)
2025-04-22 02:14:04,095 [DEBUG]  OP: Operation.CREATE_LEAF on slice (22, 1) (remaining tasks 48)
2025-04-22 02:14:04,095 [DEBUG]  		 created leaf IdentityNumericLeaf for scope=[17] (in 0.00019 secs)
2025-04-22 02:14:04,095 [DEBUG]  OP: Operation.NAIVE_FACTORIZATION on slice (22, 23) (remaining tasks 47)
2025-04-22 02:14:04,104 [DEBUG]  		naive factorization 23 columns (in 0.00864 secs)
2025-04-22 02:14:04,104 [DEBUG]  OP: Operation.CREATE_LEAF on slice (34, 1) (remaining tasks 46)
2025-04-22 02:14:04,105 [DEBUG]  		 created leaf IdentityNumericLeaf for scope=[16] (in 0.00025 secs)
2025-04-22 02:14:04,105 [DEBUG]  OP: Operation.CREATE_LEAF on slice (34, 1) (remaining tasks 45)
2025-04-22 02:14:04,105 [DEBUG]  		 created leaf IdentityNumericLeaf for scope=[17] (in 0.00018 secs)
2025-04-22 02:14:04,105 [DEBUG]  OP: Operation.NAIVE_FACTORIZATION on slice (34, 23) (remaining tasks 44)
2025-04-22 02:14:04,113 [DEBUG]  		naive factorization 23 columns (in 0.00808 secs)
2025-04-22 02:14:04,113 [DEBUG]  OP: Operation.CREATE_LEAF on slice (50, 1) (remaining tasks 43)
2025-04-22 02:14:04,114 [DEBUG]  		 created leaf IdentityNumericLeaf for scope=[16] (in 0.00026 secs)
2025-04-22 02:14:04,114 [DEBUG]  OP: Operation.NAIVE_FACTORIZATION on slice (50, 24) (remaining tasks 42)
2025-04-22 02:14:04,124 [DEBUG]  		naive factorization 24 columns (in 0.00980 secs)
2025-04-22 02:14:04,124 [DEBUG]  OP: Operation.SPLIT_ROWS on slice (93, 25) (remaining tasks 41)
2025-04-22 02:14:04,148 [DEBUG]  		found 2 row clusters (in 0.02386 secs)
2025-04-22 02:14:04,148 [DEBUG]  OP: Operation.REMOVE_UNINFORMATIVE_FEATURES on slice (59, 24) (remaining tasks 42)
2025-04-22 02:14:04,149 [DEBUG]  OP: Operation.REMOVE_UNINFORMATIVE_FEATURES on slice (59, 24) (remaining tasks 43)
2025-04-22 02:14:04,149 [DEBUG]  OP: Operation.CREATE_LEAF on slice (55, 1) (remaining tasks 44)
2025-04-22 02:14:04,149 [DEBUG]  		 created leaf IdentityNumericLeaf for scope=[15] (in 0.00020 secs)
2025-04-22 02:14:04,149 [DEBUG]  OP: Operation.NAIVE_FACTORIZATION on slice (55, 24) (remaining tasks 43)
2025-04-22 02:14:04,159 [DEBUG]  		naive factorization 24 columns (in 0.00969 secs)
2025-04-22 02:14:04,159 [DEBUG]  OP: Operation.CREATE_LEAF on slice (60, 1) (remaining tasks 42)
2025-04-22 02:14:04,159 [DEBUG]  		 created leaf IdentityNumericLeaf for scope=[17] (in 0.00028 secs)
2025-04-22 02:14:04,160 [DEBUG]  OP: Operation.NAIVE_FACTORIZATION on slice (60, 24) (remaining tasks 41)
2025-04-22 02:14:04,170 [DEBUG]  		naive factorization 24 columns (in 0.00971 secs)
2025-04-22 02:14:04,170 [DEBUG]  OP: Operation.SPLIT_ROWS on slice (78, 24) (remaining tasks 40)
2025-04-22 02:14:04,192 [DEBUG]  		found 2 row clusters (in 0.02177 secs)
2025-04-22 02:14:04,192 [DEBUG]  OP: Operation.REMOVE_UNINFORMATIVE_FEATURES on slice (55, 25) (remaining tasks 41)
2025-04-22 02:14:04,192 [DEBUG]  OP: Operation.NAIVE_FACTORIZATION on slice (26, 25) (remaining tasks 43)
2025-04-22 02:14:04,202 [DEBUG]  		naive factorization 25 columns (in 0.01017 secs)
2025-04-22 02:14:04,203 [DEBUG]  OP: Operation.NAIVE_FACTORIZATION on slice (64, 25) (remaining tasks 42)
2025-04-22 02:14:04,213 [DEBUG]  		naive factorization 25 columns (in 0.00984 secs)
2025-04-22 02:14:04,213 [DEBUG]  OP: Operation.NAIVE_FACTORIZATION on slice (54, 25) (remaining tasks 41)
2025-04-22 02:14:04,224 [DEBUG]  		naive factorization 25 columns (in 0.01082 secs)
2025-04-22 02:14:04,224 [DEBUG]  OP: Operation.NAIVE_FACTORIZATION on slice (64, 25) (remaining tasks 40)
2025-04-22 02:14:04,235 [DEBUG]  		naive factorization 25 columns (in 0.01037 secs)
2025-04-22 02:14:04,235 [DEBUG]  OP: Operation.NAIVE_FACTORIZATION on slice (77, 25) (remaining tasks 39)
2025-04-22 02:14:04,247 [DEBUG]  		naive factorization 25 columns (in 0.01105 secs)
2025-04-22 02:14:04,247 [DEBUG]  OP: Operation.SPLIT_COLUMNS on slice (78, 25) (remaining tasks 38)
2025-04-22 02:14:05,884 [DEBUG]  		found 1 col clusters (in 1.63688 secs)
2025-04-22 02:14:05,885 [DEBUG]  OP: Operation.SPLIT_COLUMNS on slice (89, 25) (remaining tasks 38)
2025-04-22 02:14:07,444 [DEBUG]  		found 1 col clusters (in 1.55817 secs)
2025-04-22 02:14:07,445 [DEBUG]  OP: Operation.REMOVE_UNINFORMATIVE_FEATURES on slice (25, 25) (remaining tasks 38)
2025-04-22 02:14:07,445 [DEBUG]  OP: Operation.NAIVE_FACTORIZATION on slice (61, 25) (remaining tasks 40)
2025-04-22 02:14:07,456 [DEBUG]  		naive factorization 25 columns (in 0.01061 secs)
2025-04-22 02:14:07,456 [DEBUG]  OP: Operation.NAIVE_FACTORIZATION on slice (45, 25) (remaining tasks 39)
2025-04-22 02:14:07,466 [DEBUG]  		naive factorization 25 columns (in 0.00912 secs)
2025-04-22 02:14:07,466 [DEBUG]  OP: Operation.NAIVE_FACTORIZATION on slice (34, 25) (remaining tasks 38)
2025-04-22 02:14:07,476 [DEBUG]  		naive factorization 25 columns (in 0.00958 secs)
2025-04-22 02:14:07,477 [DEBUG]  OP: Operation.NAIVE_FACTORIZATION on slice (41, 25) (remaining tasks 37)
2025-04-22 02:14:07,487 [DEBUG]  		naive factorization 25 columns (in 0.01038 secs)
2025-04-22 02:14:07,488 [DEBUG]  OP: Operation.NAIVE_FACTORIZATION on slice (52, 25) (remaining tasks 36)
2025-04-22 02:14:07,498 [DEBUG]  		naive factorization 25 columns (in 0.01009 secs)
2025-04-22 02:14:07,499 [DEBUG]  OP: Operation.NAIVE_FACTORIZATION on slice (47, 25) (remaining tasks 35)
2025-04-22 02:14:07,509 [DEBUG]  		naive factorization 25 columns (in 0.00990 secs)
2025-04-22 02:14:07,509 [DEBUG]  OP: Operation.NAIVE_FACTORIZATION on slice (44, 25) (remaining tasks 34)
2025-04-22 02:14:07,519 [DEBUG]  		naive factorization 25 columns (in 0.00937 secs)
2025-04-22 02:14:07,519 [DEBUG]  OP: Operation.SPLIT_COLUMNS on slice (83, 25) (remaining tasks 33)
2025-04-22 02:14:09,078 [DEBUG]  		found 1 col clusters (in 1.55840 secs)
2025-04-22 02:14:09,079 [DEBUG]  OP: Operation.NAIVE_FACTORIZATION on slice (22, 25) (remaining tasks 33)
2025-04-22 02:14:09,088 [DEBUG]  		naive factorization 25 columns (in 0.00937 secs)
2025-04-22 02:14:09,089 [DEBUG]  OP: Operation.NAIVE_FACTORIZATION on slice (39, 25) (remaining tasks 32)
2025-04-22 02:14:09,099 [DEBUG]  		naive factorization 25 columns (in 0.00994 secs)
2025-04-22 02:14:09,100 [DEBUG]  OP: Operation.NAIVE_FACTORIZATION on slice (54, 25) (remaining tasks 31)
2025-04-22 02:14:09,111 [DEBUG]  		naive factorization 25 columns (in 0.01173 secs)
2025-04-22 02:14:09,112 [DEBUG]  OP: Operation.NAIVE_FACTORIZATION on slice (53, 25) (remaining tasks 30)
2025-04-22 02:14:09,123 [DEBUG]  		naive factorization 25 columns (in 0.01094 secs)
2025-04-22 02:14:09,124 [DEBUG]  OP: Operation.NAIVE_FACTORIZATION on slice (47, 25) (remaining tasks 29)
2025-04-22 02:14:09,135 [DEBUG]  		naive factorization 25 columns (in 0.01079 secs)
2025-04-22 02:14:09,135 [DEBUG]  OP: Operation.CREATE_LEAF on slice (38, 1) (remaining tasks 28)
2025-04-22 02:14:09,136 [DEBUG]  		 created leaf IdentityNumericLeaf for scope=[15] (in 0.00050 secs)
2025-04-22 02:14:09,136 [DEBUG]  OP: Operation.NAIVE_FACTORIZATION on slice (38, 23) (remaining tasks 27)
2025-04-22 02:14:09,146 [DEBUG]  		naive factorization 23 columns (in 0.00926 secs)
2025-04-22 02:14:09,146 [DEBUG]  OP: Operation.NAIVE_FACTORIZATION on slice (47, 25) (remaining tasks 26)
2025-04-22 02:14:09,157 [DEBUG]  		naive factorization 25 columns (in 0.01086 secs)
2025-04-22 02:14:09,158 [DEBUG]  OP: Operation.NAIVE_FACTORIZATION on slice (35, 25) (remaining tasks 25)
2025-04-22 02:14:09,168 [DEBUG]  		naive factorization 25 columns (in 0.01019 secs)
2025-04-22 02:14:09,168 [DEBUG]  OP: Operation.CREATE_LEAF on slice (29, 1) (remaining tasks 24)
2025-04-22 02:14:09,169 [DEBUG]  		 created leaf IdentityNumericLeaf for scope=[16] (in 0.00049 secs)
2025-04-22 02:14:09,169 [DEBUG]  OP: Operation.NAIVE_FACTORIZATION on slice (29, 23) (remaining tasks 23)
2025-04-22 02:14:09,179 [DEBUG]  		naive factorization 23 columns (in 0.00939 secs)
2025-04-22 02:14:09,180 [DEBUG]  OP: Operation.NAIVE_FACTORIZATION on slice (56, 25) (remaining tasks 22)
2025-04-22 02:14:09,190 [DEBUG]  		naive factorization 25 columns (in 0.01004 secs)
2025-04-22 02:14:09,190 [DEBUG]  OP: Operation.REMOVE_UNINFORMATIVE_FEATURES on slice (23, 25) (remaining tasks 21)
2025-04-22 02:14:09,191 [DEBUG]  OP: Operation.REMOVE_UNINFORMATIVE_FEATURES on slice (27, 25) (remaining tasks 22)
2025-04-22 02:14:09,191 [DEBUG]  OP: Operation.NAIVE_FACTORIZATION on slice (53, 25) (remaining tasks 23)
2025-04-22 02:14:09,202 [DEBUG]  		naive factorization 25 columns (in 0.01014 secs)
2025-04-22 02:14:09,202 [DEBUG]  OP: Operation.NAIVE_FACTORIZATION on slice (49, 25) (remaining tasks 22)
2025-04-22 02:14:09,213 [DEBUG]  		naive factorization 25 columns (in 0.01075 secs)
2025-04-22 02:14:09,214 [DEBUG]  OP: Operation.NAIVE_FACTORIZATION on slice (40, 25) (remaining tasks 21)
2025-04-22 02:14:09,224 [DEBUG]  		naive factorization 25 columns (in 0.00994 secs)
2025-04-22 02:14:09,225 [DEBUG]  OP: Operation.NAIVE_FACTORIZATION on slice (48, 25) (remaining tasks 20)
2025-04-22 02:14:09,235 [DEBUG]  		naive factorization 25 columns (in 0.01033 secs)
2025-04-22 02:14:09,236 [DEBUG]  OP: Operation.NAIVE_FACTORIZATION on slice (45, 25) (remaining tasks 19)
2025-04-22 02:14:09,246 [DEBUG]  		naive factorization 25 columns (in 0.00979 secs)
2025-04-22 02:14:09,246 [DEBUG]  OP: Operation.CREATE_LEAF on slice (59, 1) (remaining tasks 18)
2025-04-22 02:14:09,247 [DEBUG]  		 created leaf IdentityNumericLeaf for scope=[17] (in 0.00051 secs)
2025-04-22 02:14:09,247 [DEBUG]  OP: Operation.NAIVE_FACTORIZATION on slice (59, 23) (remaining tasks 17)
2025-04-22 02:14:09,256 [DEBUG]  		naive factorization 23 columns (in 0.00874 secs)
2025-04-22 02:14:09,256 [DEBUG]  OP: Operation.CREATE_LEAF on slice (59, 1) (remaining tasks 16)
2025-04-22 02:14:09,257 [DEBUG]  		 created leaf IdentityNumericLeaf for scope=[15] (in 0.00049 secs)
2025-04-22 02:14:09,257 [DEBUG]  OP: Operation.NAIVE_FACTORIZATION on slice (59, 23) (remaining tasks 15)
2025-04-22 02:14:09,267 [DEBUG]  		naive factorization 23 columns (in 0.00971 secs)
2025-04-22 02:14:09,268 [DEBUG]  OP: Operation.NAIVE_FACTORIZATION on slice (53, 24) (remaining tasks 14)
2025-04-22 02:14:09,278 [DEBUG]  		naive factorization 24 columns (in 0.00975 secs)
2025-04-22 02:14:09,278 [DEBUG]  OP: Operation.REMOVE_UNINFORMATIVE_FEATURES on slice (25, 24) (remaining tasks 13)
2025-04-22 02:14:09,279 [DEBUG]  OP: Operation.CREATE_LEAF on slice (55, 1) (remaining tasks 14)
2025-04-22 02:14:09,279 [DEBUG]  		 created leaf IdentityNumericLeaf for scope=[15] (in 0.00046 secs)
2025-04-22 02:14:09,280 [DEBUG]  OP: Operation.CREATE_LEAF on slice (55, 1) (remaining tasks 13)
2025-04-22 02:14:09,280 [DEBUG]  		 created leaf IdentityNumericLeaf for scope=[16] (in 0.00039 secs)
2025-04-22 02:14:09,280 [DEBUG]  OP: Operation.NAIVE_FACTORIZATION on slice (55, 23) (remaining tasks 12)
2025-04-22 02:14:09,289 [DEBUG]  		naive factorization 23 columns (in 0.00862 secs)
2025-04-22 02:14:09,290 [DEBUG]  OP: Operation.SPLIT_ROWS on slice (78, 25) (remaining tasks 11)
2025-04-22 02:14:09,331 [DEBUG]  		found 2 row clusters (in 0.04107 secs)
2025-04-22 02:14:09,332 [DEBUG]  OP: Operation.SPLIT_ROWS on slice (89, 25) (remaining tasks 12)
2025-04-22 02:14:09,364 [DEBUG]  		found 2 row clusters (in 0.03268 secs)
2025-04-22 02:14:09,365 [DEBUG]  OP: Operation.CREATE_LEAF on slice (25, 1) (remaining tasks 13)
2025-04-22 02:14:09,365 [DEBUG]  		 created leaf IdentityNumericLeaf for scope=[16] (in 0.00030 secs)
2025-04-22 02:14:09,365 [DEBUG]  OP: Operation.CREATE_LEAF on slice (25, 1) (remaining tasks 12)
2025-04-22 02:14:09,365 [DEBUG]  		 created leaf IdentityNumericLeaf for scope=[17] (in 0.00024 secs)
2025-04-22 02:14:09,366 [DEBUG]  OP: Operation.NAIVE_FACTORIZATION on slice (25, 23) (remaining tasks 11)
2025-04-22 02:14:09,374 [DEBUG]  		naive factorization 23 columns (in 0.00853 secs)
2025-04-22 02:14:09,375 [DEBUG]  OP: Operation.SPLIT_ROWS on slice (83, 25) (remaining tasks 10)
2025-04-22 02:14:09,402 [DEBUG]  		found 2 row clusters (in 0.02687 secs)
2025-04-22 02:14:09,402 [DEBUG]  OP: Operation.CREATE_LEAF on slice (23, 1) (remaining tasks 11)
2025-04-22 02:14:09,402 [DEBUG]  		 created leaf IdentityNumericLeaf for scope=[17] (in 0.00025 secs)
2025-04-22 02:14:09,403 [DEBUG]  OP: Operation.NAIVE_FACTORIZATION on slice (23, 24) (remaining tasks 10)
2025-04-22 02:14:09,411 [DEBUG]  		naive factorization 24 columns (in 0.00825 secs)
2025-04-22 02:14:09,411 [DEBUG]  OP: Operation.CREATE_LEAF on slice (27, 1) (remaining tasks 9)
2025-04-22 02:14:09,412 [DEBUG]  		 created leaf IdentityNumericLeaf for scope=[17] (in 0.00031 secs)
2025-04-22 02:14:09,412 [DEBUG]  OP: Operation.NAIVE_FACTORIZATION on slice (27, 24) (remaining tasks 8)
2025-04-22 02:14:09,422 [DEBUG]  		naive factorization 24 columns (in 0.00970 secs)
2025-04-22 02:14:09,422 [DEBUG]  OP: Operation.CREATE_LEAF on slice (25, 1) (remaining tasks 7)
2025-04-22 02:14:09,422 [DEBUG]  		 created leaf IdentityNumericLeaf for scope=[16] (in 0.00031 secs)
2025-04-22 02:14:09,423 [DEBUG]  OP: Operation.NAIVE_FACTORIZATION on slice (25, 23) (remaining tasks 6)
2025-04-22 02:14:09,432 [DEBUG]  		naive factorization 23 columns (in 0.00900 secs)
2025-04-22 02:14:09,432 [DEBUG]  OP: Operation.NAIVE_FACTORIZATION on slice (43, 25) (remaining tasks 5)
2025-04-22 02:14:09,443 [DEBUG]  		naive factorization 25 columns (in 0.01087 secs)
2025-04-22 02:14:09,444 [DEBUG]  OP: Operation.NAIVE_FACTORIZATION on slice (35, 25) (remaining tasks 4)
2025-04-22 02:14:09,453 [DEBUG]  		naive factorization 25 columns (in 0.00909 secs)
2025-04-22 02:14:09,454 [DEBUG]  OP: Operation.NAIVE_FACTORIZATION on slice (46, 25) (remaining tasks 3)
2025-04-22 02:14:09,464 [DEBUG]  		naive factorization 25 columns (in 0.00974 secs)
2025-04-22 02:14:09,464 [DEBUG]  OP: Operation.NAIVE_FACTORIZATION on slice (43, 25) (remaining tasks 2)
2025-04-22 02:14:09,474 [DEBUG]  		naive factorization 25 columns (in 0.01012 secs)
2025-04-22 02:14:09,475 [DEBUG]  OP: Operation.NAIVE_FACTORIZATION on slice (33, 25) (remaining tasks 1)
2025-04-22 02:14:09,486 [DEBUG]  		naive factorization 25 columns (in 0.01082 secs)
2025-04-22 02:14:09,487 [DEBUG]  OP: Operation.NAIVE_FACTORIZATION on slice (50, 25) (remaining tasks 0)
2025-04-22 02:14:09,497 [DEBUG]  		naive factorization 25 columns (in 0.01060 secs)
2025-04-22 02:14:11,502 [DEBUG]  Built SPN in 834.1335952009977 sec
2025-04-22 02:14:11,502 [INFO ]  Saving ensemble to /home/dafn/card/deepcard/collected_temp_benchmarks/spn_ensembles/Bias correction of numerical prediction model temperature forecast/ensemble_single_bias_correction_ucl_10000000.pkl
