2025-04-24 21:59:38,943 [INFO ]  Creating naive ensemble.
2025-04-24 21:59:38,943 [INFO ]  Learning SPN for conflongdemo_jsi.
2025-04-24 21:59:38,943 [DEBUG]  generate_join_sample(single_table=conflongdemo_jsi, relationship_list=None, split_condition=None)
2025-04-24 21:59:38,992 [DEBUG]  Using min_instance_slice parameter 1648.6000000000001.
2025-04-24 21:59:38,992 [INFO ]  SPN training phase with 164860 samples
2025-04-24 21:59:39,043 [DEBUG]  Built domains in 0.04906612902414054 sec
2025-04-24 21:59:39,400 [DEBUG]  CACHEDIR=/home/dafn/.cache/matplotlib
2025-04-24 21:59:39,402 [DEBUG]  Using fontManager instance from /home/dafn/.cache/matplotlib/fontlist-v300.json
2025-04-24 21:59:39,495 [DEBUG]  Loaded backend qt5agg version unknown.
2025-04-24 21:59:39,525 [DEBUG]  Loaded backend qt5agg version unknown.
2025-04-24 21:59:39,526 [DEBUG]  Loaded backend qt4agg version unknown.
2025-04-24 21:59:39,533 [DEBUG]  Loaded backend tkagg version unknown.
2025-04-24 21:59:39,534 [DEBUG]  Loaded backend agg version unknown.
2025-04-24 21:59:39,534 [DEBUG]  Loaded backend agg version unknown.
2025-04-24 21:59:39,541 [DEBUG]  OP: Operation.SPLIT_ROWS on slice (164860, 7) (remaining tasks 0)
2025-04-24 21:59:40,043 [DEBUG]  		found 2 row clusters (in 0.50246 secs)
2025-04-24 21:59:40,049 [DEBUG]  OP: Operation.SPLIT_COLUMNS on slice (82687, 7) (remaining tasks 1)
2025-04-24 21:59:40,977 [DEBUG]  		found 6 col clusters (in 0.92730 secs)
2025-04-24 21:59:40,988 [DEBUG]  OP: Operation.SPLIT_COLUMNS on slice (82173, 7) (remaining tasks 6)
2025-04-24 21:59:42,068 [DEBUG]  		found 6 col clusters (in 1.07952 secs)
2025-04-24 21:59:42,069 [DEBUG]  OP: Operation.SPLIT_COLUMNS on slice (82687, 2) (remaining tasks 11)
2025-04-24 21:59:42,349 [DEBUG]  		found 1 col clusters (in 0.27932 secs)
2025-04-24 21:59:42,349 [DEBUG]  OP: Operation.CREATE_LEAF on slice (82687, 1) (remaining tasks 11)
2025-04-24 21:59:42,358 [DEBUG]  		 created leaf IdentityNumericLeaf for scope=[1] (in 0.00844 secs)
2025-04-24 21:59:42,358 [DEBUG]  OP: Operation.CREATE_LEAF on slice (82687, 1) (remaining tasks 10)
2025-04-24 21:59:42,428 [DEBUG]  		 created leaf IdentityNumericLeaf for scope=[3] (in 0.06963 secs)
2025-04-24 21:59:42,428 [DEBUG]  OP: Operation.CREATE_LEAF on slice (82687, 1) (remaining tasks 9)
2025-04-24 21:59:42,478 [DEBUG]  		 created leaf IdentityNumericLeaf for scope=[4] (in 0.04961 secs)
2025-04-24 21:59:42,478 [DEBUG]  OP: Operation.CREATE_LEAF on slice (82687, 1) (remaining tasks 8)
2025-04-24 21:59:42,525 [DEBUG]  		 created leaf IdentityNumericLeaf for scope=[5] (in 0.04662 secs)
2025-04-24 21:59:42,525 [DEBUG]  OP: Operation.CREATE_LEAF on slice (82687, 1) (remaining tasks 7)
2025-04-24 21:59:42,528 [DEBUG]  		 created leaf IdentityNumericLeaf for scope=[6] (in 0.00339 secs)
2025-04-24 21:59:42,529 [DEBUG]  OP: Operation.SPLIT_COLUMNS on slice (82173, 2) (remaining tasks 6)
2025-04-24 21:59:42,641 [DEBUG]  		found 1 col clusters (in 0.11187 secs)
2025-04-24 21:59:42,641 [DEBUG]  OP: Operation.CREATE_LEAF on slice (82173, 1) (remaining tasks 6)
2025-04-24 21:59:42,646 [DEBUG]  		 created leaf IdentityNumericLeaf for scope=[1] (in 0.00446 secs)
2025-04-24 21:59:42,646 [DEBUG]  OP: Operation.CREATE_LEAF on slice (82173, 1) (remaining tasks 5)
2025-04-24 21:59:42,693 [DEBUG]  		 created leaf IdentityNumericLeaf for scope=[3] (in 0.04697 secs)
2025-04-24 21:59:42,693 [DEBUG]  OP: Operation.CREATE_LEAF on slice (82173, 1) (remaining tasks 4)
2025-04-24 21:59:42,742 [DEBUG]  		 created leaf IdentityNumericLeaf for scope=[4] (in 0.04901 secs)
2025-04-24 21:59:42,743 [DEBUG]  OP: Operation.CREATE_LEAF on slice (82173, 1) (remaining tasks 3)
2025-04-24 21:59:42,777 [DEBUG]  		 created leaf IdentityNumericLeaf for scope=[5] (in 0.03436 secs)
2025-04-24 21:59:42,777 [DEBUG]  OP: Operation.CREATE_LEAF on slice (82173, 1) (remaining tasks 2)
2025-04-24 21:59:42,780 [DEBUG]  		 created leaf IdentityNumericLeaf for scope=[6] (in 0.00262 secs)
2025-04-24 21:59:42,780 [DEBUG]  OP: Operation.SPLIT_ROWS on slice (82687, 2) (remaining tasks 1)
2025-04-24 21:59:43,047 [DEBUG]  		found 2 row clusters (in 0.26596 secs)
2025-04-24 21:59:43,047 [DEBUG]  OP: Operation.SPLIT_ROWS on slice (82173, 2) (remaining tasks 2)
2025-04-24 21:59:43,316 [DEBUG]  		found 2 row clusters (in 0.26835 secs)
2025-04-24 21:59:43,318 [DEBUG]  OP: Operation.SPLIT_COLUMNS on slice (41303, 2) (remaining tasks 3)
2025-04-24 21:59:43,427 [DEBUG]  		found 1 col clusters (in 0.10876 secs)
2025-04-24 21:59:43,432 [DEBUG]  OP: Operation.SPLIT_COLUMNS on slice (41384, 2) (remaining tasks 3)
2025-04-24 21:59:43,543 [DEBUG]  		found 1 col clusters (in 0.11134 secs)
2025-04-24 21:59:43,548 [DEBUG]  OP: Operation.SPLIT_COLUMNS on slice (41042, 2) (remaining tasks 3)
2025-04-24 21:59:43,659 [DEBUG]  		found 1 col clusters (in 0.11146 secs)
2025-04-24 21:59:43,664 [DEBUG]  OP: Operation.SPLIT_COLUMNS on slice (41131, 2) (remaining tasks 3)
2025-04-24 21:59:43,775 [DEBUG]  		found 1 col clusters (in 0.11139 secs)
2025-04-24 21:59:43,780 [DEBUG]  OP: Operation.SPLIT_ROWS on slice (41303, 2) (remaining tasks 3)
2025-04-24 21:59:44,005 [DEBUG]  		found 2 row clusters (in 0.22499 secs)
2025-04-24 21:59:44,007 [DEBUG]  OP: Operation.SPLIT_ROWS on slice (41384, 2) (remaining tasks 4)
2025-04-24 21:59:44,159 [DEBUG]  		found 2 row clusters (in 0.15147 secs)
2025-04-24 21:59:44,162 [DEBUG]  OP: Operation.SPLIT_ROWS on slice (41042, 2) (remaining tasks 5)
2025-04-24 21:59:44,324 [DEBUG]  		found 2 row clusters (in 0.16235 secs)
2025-04-24 21:59:44,326 [DEBUG]  OP: Operation.SPLIT_ROWS on slice (41131, 2) (remaining tasks 6)
2025-04-24 21:59:44,487 [DEBUG]  		found 2 row clusters (in 0.16041 secs)
2025-04-24 21:59:44,488 [DEBUG]  OP: Operation.SPLIT_COLUMNS on slice (20629, 2) (remaining tasks 7)
2025-04-24 21:59:44,597 [DEBUG]  		found 1 col clusters (in 0.10847 secs)
2025-04-24 21:59:44,600 [DEBUG]  OP: Operation.SPLIT_COLUMNS on slice (20674, 2) (remaining tasks 7)
2025-04-24 21:59:44,711 [DEBUG]  		found 1 col clusters (in 0.11099 secs)
2025-04-24 21:59:44,713 [DEBUG]  OP: Operation.SPLIT_COLUMNS on slice (20714, 2) (remaining tasks 7)
2025-04-24 21:59:44,825 [DEBUG]  		found 1 col clusters (in 0.11138 secs)
2025-04-24 21:59:44,827 [DEBUG]  OP: Operation.SPLIT_COLUMNS on slice (20670, 2) (remaining tasks 7)
2025-04-24 21:59:44,939 [DEBUG]  		found 1 col clusters (in 0.11121 secs)
2025-04-24 21:59:44,941 [DEBUG]  OP: Operation.SPLIT_COLUMNS on slice (20496, 2) (remaining tasks 7)
2025-04-24 21:59:45,053 [DEBUG]  		found 1 col clusters (in 0.11129 secs)
2025-04-24 21:59:45,055 [DEBUG]  OP: Operation.SPLIT_COLUMNS on slice (20546, 2) (remaining tasks 7)
2025-04-24 21:59:45,167 [DEBUG]  		found 1 col clusters (in 0.11136 secs)
2025-04-24 21:59:45,170 [DEBUG]  OP: Operation.SPLIT_COLUMNS on slice (20543, 2) (remaining tasks 7)
2025-04-24 21:59:45,281 [DEBUG]  		found 1 col clusters (in 0.11122 secs)
2025-04-24 21:59:45,284 [DEBUG]  OP: Operation.SPLIT_COLUMNS on slice (20588, 2) (remaining tasks 7)
2025-04-24 21:59:45,395 [DEBUG]  		found 1 col clusters (in 0.11118 secs)
2025-04-24 21:59:45,398 [DEBUG]  OP: Operation.SPLIT_ROWS on slice (20629, 2) (remaining tasks 7)
2025-04-24 21:59:45,528 [DEBUG]  		found 2 row clusters (in 0.13045 secs)
2025-04-24 21:59:45,530 [DEBUG]  OP: Operation.SPLIT_ROWS on slice (20674, 2) (remaining tasks 8)
2025-04-24 21:59:45,622 [DEBUG]  		found 2 row clusters (in 0.09205 secs)
2025-04-24 21:59:45,623 [DEBUG]  OP: Operation.SPLIT_ROWS on slice (20714, 2) (remaining tasks 9)
2025-04-24 21:59:45,721 [DEBUG]  		found 2 row clusters (in 0.09747 secs)
2025-04-24 21:59:45,723 [DEBUG]  OP: Operation.SPLIT_ROWS on slice (20670, 2) (remaining tasks 10)
2025-04-24 21:59:45,819 [DEBUG]  		found 2 row clusters (in 0.09630 secs)
2025-04-24 21:59:45,820 [DEBUG]  OP: Operation.SPLIT_ROWS on slice (20496, 2) (remaining tasks 11)
2025-04-24 21:59:45,911 [DEBUG]  		found 2 row clusters (in 0.09004 secs)
2025-04-24 21:59:45,912 [DEBUG]  OP: Operation.SPLIT_ROWS on slice (20546, 2) (remaining tasks 12)
2025-04-24 21:59:46,001 [DEBUG]  		found 2 row clusters (in 0.08933 secs)
2025-04-24 21:59:46,003 [DEBUG]  OP: Operation.SPLIT_ROWS on slice (20543, 2) (remaining tasks 13)
2025-04-24 21:59:46,099 [DEBUG]  		found 2 row clusters (in 0.09584 secs)
2025-04-24 21:59:46,100 [DEBUG]  OP: Operation.SPLIT_ROWS on slice (20588, 2) (remaining tasks 14)
2025-04-24 21:59:46,190 [DEBUG]  		found 2 row clusters (in 0.08965 secs)
2025-04-24 21:59:46,191 [DEBUG]  OP: Operation.SPLIT_COLUMNS on slice (10328, 2) (remaining tasks 15)
2025-04-24 21:59:46,299 [DEBUG]  		found 1 col clusters (in 0.10853 secs)
2025-04-24 21:59:46,301 [DEBUG]  OP: Operation.SPLIT_COLUMNS on slice (10301, 2) (remaining tasks 15)
2025-04-24 21:59:46,413 [DEBUG]  		found 1 col clusters (in 0.11131 secs)
2025-04-24 21:59:46,414 [DEBUG]  OP: Operation.SPLIT_COLUMNS on slice (10348, 2) (remaining tasks 15)
2025-04-24 21:59:46,525 [DEBUG]  		found 1 col clusters (in 0.11069 secs)
2025-04-24 21:59:46,527 [DEBUG]  OP: Operation.SPLIT_COLUMNS on slice (10326, 2) (remaining tasks 15)
2025-04-24 21:59:46,638 [DEBUG]  		found 1 col clusters (in 0.11069 secs)
2025-04-24 21:59:46,639 [DEBUG]  OP: Operation.SPLIT_COLUMNS on slice (10367, 2) (remaining tasks 15)
2025-04-24 21:59:46,750 [DEBUG]  		found 1 col clusters (in 0.11116 secs)
2025-04-24 21:59:46,752 [DEBUG]  OP: Operation.SPLIT_COLUMNS on slice (10347, 2) (remaining tasks 15)
2025-04-24 21:59:46,863 [DEBUG]  		found 1 col clusters (in 0.11103 secs)
2025-04-24 21:59:46,865 [DEBUG]  OP: Operation.SPLIT_COLUMNS on slice (10323, 2) (remaining tasks 15)
2025-04-24 21:59:46,976 [DEBUG]  		found 1 col clusters (in 0.11076 secs)
2025-04-24 21:59:46,977 [DEBUG]  OP: Operation.SPLIT_COLUMNS on slice (10347, 2) (remaining tasks 15)
2025-04-24 21:59:47,088 [DEBUG]  		found 1 col clusters (in 0.11118 secs)
2025-04-24 21:59:47,090 [DEBUG]  OP: Operation.SPLIT_COLUMNS on slice (10237, 2) (remaining tasks 15)
2025-04-24 21:59:47,201 [DEBUG]  		found 1 col clusters (in 0.11102 secs)
2025-04-24 21:59:47,203 [DEBUG]  OP: Operation.SPLIT_COLUMNS on slice (10259, 2) (remaining tasks 15)
2025-04-24 21:59:47,314 [DEBUG]  		found 1 col clusters (in 0.11132 secs)
2025-04-24 21:59:47,316 [DEBUG]  OP: Operation.SPLIT_COLUMNS on slice (10286, 2) (remaining tasks 15)
2025-04-24 21:59:47,427 [DEBUG]  		found 1 col clusters (in 0.11107 secs)
2025-04-24 21:59:47,428 [DEBUG]  OP: Operation.SPLIT_COLUMNS on slice (10260, 2) (remaining tasks 15)
2025-04-24 21:59:47,539 [DEBUG]  		found 1 col clusters (in 0.11080 secs)
2025-04-24 21:59:47,541 [DEBUG]  OP: Operation.SPLIT_COLUMNS on slice (10284, 2) (remaining tasks 15)
2025-04-24 21:59:47,652 [DEBUG]  		found 1 col clusters (in 0.11105 secs)
2025-04-24 21:59:47,653 [DEBUG]  OP: Operation.SPLIT_COLUMNS on slice (10259, 2) (remaining tasks 15)
2025-04-24 21:59:47,765 [DEBUG]  		found 1 col clusters (in 0.11125 secs)
2025-04-24 21:59:47,766 [DEBUG]  OP: Operation.SPLIT_COLUMNS on slice (10306, 2) (remaining tasks 15)
2025-04-24 21:59:47,877 [DEBUG]  		found 1 col clusters (in 0.11103 secs)
2025-04-24 21:59:47,879 [DEBUG]  OP: Operation.SPLIT_COLUMNS on slice (10282, 2) (remaining tasks 15)
2025-04-24 21:59:47,990 [DEBUG]  		found 1 col clusters (in 0.11085 secs)
2025-04-24 21:59:47,992 [DEBUG]  OP: Operation.SPLIT_ROWS on slice (10328, 2) (remaining tasks 15)
2025-04-24 21:59:48,094 [DEBUG]  		found 2 row clusters (in 0.10215 secs)
2025-04-24 21:59:48,095 [DEBUG]  OP: Operation.SPLIT_ROWS on slice (10301, 2) (remaining tasks 16)
2025-04-24 21:59:48,154 [DEBUG]  		found 2 row clusters (in 0.05873 secs)
2025-04-24 21:59:48,155 [DEBUG]  OP: Operation.SPLIT_ROWS on slice (10348, 2) (remaining tasks 17)
2025-04-24 21:59:48,209 [DEBUG]  		found 2 row clusters (in 0.05354 secs)
2025-04-24 21:59:48,209 [DEBUG]  OP: Operation.SPLIT_ROWS on slice (10326, 2) (remaining tasks 18)
2025-04-24 21:59:48,263 [DEBUG]  		found 2 row clusters (in 0.05335 secs)
2025-04-24 21:59:48,263 [DEBUG]  OP: Operation.SPLIT_ROWS on slice (10367, 2) (remaining tasks 19)
2025-04-24 21:59:48,313 [DEBUG]  		found 2 row clusters (in 0.04936 secs)
2025-04-24 21:59:48,314 [DEBUG]  OP: Operation.SPLIT_ROWS on slice (10347, 2) (remaining tasks 20)
2025-04-24 21:59:48,368 [DEBUG]  		found 2 row clusters (in 0.05413 secs)
2025-04-24 21:59:48,368 [DEBUG]  OP: Operation.SPLIT_ROWS on slice (10323, 2) (remaining tasks 21)
2025-04-24 21:59:48,418 [DEBUG]  		found 2 row clusters (in 0.04961 secs)
2025-04-24 21:59:48,419 [DEBUG]  OP: Operation.SPLIT_ROWS on slice (10347, 2) (remaining tasks 22)
2025-04-24 21:59:48,474 [DEBUG]  		found 2 row clusters (in 0.05460 secs)
2025-04-24 21:59:48,474 [DEBUG]  OP: Operation.SPLIT_ROWS on slice (10237, 2) (remaining tasks 23)
2025-04-24 21:59:48,529 [DEBUG]  		found 2 row clusters (in 0.05459 secs)
2025-04-24 21:59:48,530 [DEBUG]  OP: Operation.SPLIT_ROWS on slice (10259, 2) (remaining tasks 24)
2025-04-24 21:59:48,585 [DEBUG]  		found 2 row clusters (in 0.05497 secs)
2025-04-24 21:59:48,585 [DEBUG]  OP: Operation.SPLIT_ROWS on slice (10286, 2) (remaining tasks 25)
2025-04-24 21:59:48,640 [DEBUG]  		found 2 row clusters (in 0.05460 secs)
2025-04-24 21:59:48,641 [DEBUG]  OP: Operation.SPLIT_ROWS on slice (10260, 2) (remaining tasks 26)
2025-04-24 21:59:48,696 [DEBUG]  		found 2 row clusters (in 0.05464 secs)
2025-04-24 21:59:48,696 [DEBUG]  OP: Operation.SPLIT_ROWS on slice (10284, 2) (remaining tasks 27)
2025-04-24 21:59:48,746 [DEBUG]  		found 2 row clusters (in 0.04986 secs)
2025-04-24 21:59:48,747 [DEBUG]  OP: Operation.SPLIT_ROWS on slice (10259, 2) (remaining tasks 28)
2025-04-24 21:59:48,801 [DEBUG]  		found 2 row clusters (in 0.05400 secs)
2025-04-24 21:59:48,802 [DEBUG]  OP: Operation.SPLIT_ROWS on slice (10306, 2) (remaining tasks 29)
2025-04-24 21:59:48,856 [DEBUG]  		found 2 row clusters (in 0.05399 secs)
2025-04-24 21:59:48,857 [DEBUG]  OP: Operation.SPLIT_ROWS on slice (10282, 2) (remaining tasks 30)
2025-04-24 21:59:48,911 [DEBUG]  		found 2 row clusters (in 0.05429 secs)
2025-04-24 21:59:48,911 [DEBUG]  OP: Operation.SPLIT_COLUMNS on slice (5159, 2) (remaining tasks 31)
2025-04-24 21:59:49,021 [DEBUG]  		found 1 col clusters (in 0.10895 secs)
2025-04-24 21:59:49,021 [DEBUG]  OP: Operation.REMOVE_UNINFORMATIVE_FEATURES on slice (5169, 2) (remaining tasks 31)
2025-04-24 21:59:49,022 [DEBUG]  OP: Operation.SPLIT_COLUMNS on slice (5147, 2) (remaining tasks 32)
2025-04-24 21:59:49,130 [DEBUG]  		found 1 col clusters (in 0.10720 secs)
2025-04-24 21:59:49,130 [DEBUG]  OP: Operation.REMOVE_UNINFORMATIVE_FEATURES on slice (5154, 2) (remaining tasks 32)
2025-04-24 21:59:49,131 [DEBUG]  OP: Operation.REMOVE_UNINFORMATIVE_FEATURES on slice (5168, 2) (remaining tasks 33)
2025-04-24 21:59:49,132 [DEBUG]  OP: Operation.SPLIT_COLUMNS on slice (5180, 2) (remaining tasks 34)
2025-04-24 21:59:49,240 [DEBUG]  		found 1 col clusters (in 0.10784 secs)
2025-04-24 21:59:49,241 [DEBUG]  OP: Operation.SPLIT_COLUMNS on slice (5158, 2) (remaining tasks 34)
2025-04-24 21:59:49,353 [DEBUG]  		found 1 col clusters (in 0.11121 secs)
2025-04-24 21:59:49,353 [DEBUG]  OP: Operation.REMOVE_UNINFORMATIVE_FEATURES on slice (5168, 2) (remaining tasks 34)
2025-04-24 21:59:49,354 [DEBUG]  OP: Operation.SPLIT_COLUMNS on slice (5189, 2) (remaining tasks 35)
2025-04-24 21:59:49,461 [DEBUG]  		found 1 col clusters (in 0.10690 secs)
2025-04-24 21:59:49,462 [DEBUG]  OP: Operation.SPLIT_COLUMNS on slice (5178, 2) (remaining tasks 35)
2025-04-24 21:59:49,569 [DEBUG]  		found 1 col clusters (in 0.10705 secs)
2025-04-24 21:59:49,570 [DEBUG]  OP: Operation.SPLIT_COLUMNS on slice (5169, 2) (remaining tasks 35)
2025-04-24 21:59:49,677 [DEBUG]  		found 1 col clusters (in 0.10680 secs)
2025-04-24 21:59:49,678 [DEBUG]  OP: Operation.SPLIT_COLUMNS on slice (5178, 2) (remaining tasks 35)
2025-04-24 21:59:49,785 [DEBUG]  		found 1 col clusters (in 0.10715 secs)
2025-04-24 21:59:49,786 [DEBUG]  OP: Operation.SPLIT_COLUMNS on slice (5159, 2) (remaining tasks 35)
2025-04-24 21:59:49,893 [DEBUG]  		found 1 col clusters (in 0.10702 secs)
2025-04-24 21:59:49,894 [DEBUG]  OP: Operation.SPLIT_COLUMNS on slice (5164, 2) (remaining tasks 35)
2025-04-24 21:59:50,001 [DEBUG]  		found 1 col clusters (in 0.10717 secs)
2025-04-24 21:59:50,002 [DEBUG]  OP: Operation.REMOVE_UNINFORMATIVE_FEATURES on slice (5170, 2) (remaining tasks 35)
2025-04-24 21:59:50,003 [DEBUG]  OP: Operation.SPLIT_COLUMNS on slice (5177, 2) (remaining tasks 36)
2025-04-24 21:59:50,110 [DEBUG]  		found 1 col clusters (in 0.10680 secs)
2025-04-24 21:59:50,111 [DEBUG]  OP: Operation.REMOVE_UNINFORMATIVE_FEATURES on slice (5124, 2) (remaining tasks 36)
2025-04-24 21:59:50,112 [DEBUG]  OP: Operation.SPLIT_COLUMNS on slice (5113, 2) (remaining tasks 37)
2025-04-24 21:59:50,219 [DEBUG]  		found 1 col clusters (in 0.10770 secs)
2025-04-24 21:59:50,220 [DEBUG]  OP: Operation.SPLIT_COLUMNS on slice (5136, 2) (remaining tasks 37)
2025-04-24 21:59:50,328 [DEBUG]  		found 1 col clusters (in 0.10740 secs)
2025-04-24 21:59:50,329 [DEBUG]  OP: Operation.SPLIT_COLUMNS on slice (5123, 2) (remaining tasks 37)
2025-04-24 21:59:50,436 [DEBUG]  		found 1 col clusters (in 0.10740 secs)
2025-04-24 21:59:50,437 [DEBUG]  OP: Operation.SPLIT_COLUMNS on slice (5148, 2) (remaining tasks 37)
2025-04-24 21:59:50,544 [DEBUG]  		found 1 col clusters (in 0.10701 secs)
2025-04-24 21:59:50,545 [DEBUG]  OP: Operation.SPLIT_COLUMNS on slice (5138, 2) (remaining tasks 37)
2025-04-24 21:59:50,652 [DEBUG]  		found 1 col clusters (in 0.10730 secs)
2025-04-24 21:59:50,653 [DEBUG]  OP: Operation.SPLIT_COLUMNS on slice (5136, 2) (remaining tasks 37)
2025-04-24 21:59:50,760 [DEBUG]  		found 1 col clusters (in 0.10722 secs)
2025-04-24 21:59:50,761 [DEBUG]  OP: Operation.REMOVE_UNINFORMATIVE_FEATURES on slice (5124, 2) (remaining tasks 37)
2025-04-24 21:59:50,762 [DEBUG]  OP: Operation.SPLIT_COLUMNS on slice (5146, 2) (remaining tasks 38)
2025-04-24 21:59:50,869 [DEBUG]  		found 1 col clusters (in 0.10701 secs)
2025-04-24 21:59:50,870 [DEBUG]  OP: Operation.SPLIT_COLUMNS on slice (5138, 2) (remaining tasks 38)
2025-04-24 21:59:50,977 [DEBUG]  		found 1 col clusters (in 0.10715 secs)
2025-04-24 21:59:50,978 [DEBUG]  OP: Operation.SPLIT_COLUMNS on slice (5135, 2) (remaining tasks 38)
2025-04-24 21:59:51,085 [DEBUG]  		found 1 col clusters (in 0.10685 secs)
2025-04-24 21:59:51,086 [DEBUG]  OP: Operation.SPLIT_COLUMNS on slice (5124, 2) (remaining tasks 38)
2025-04-24 21:59:51,193 [DEBUG]  		found 1 col clusters (in 0.10702 secs)
2025-04-24 21:59:51,194 [DEBUG]  OP: Operation.SPLIT_COLUMNS on slice (5148, 2) (remaining tasks 38)
2025-04-24 21:59:51,301 [DEBUG]  		found 1 col clusters (in 0.10697 secs)
2025-04-24 21:59:51,302 [DEBUG]  OP: Operation.REMOVE_UNINFORMATIVE_FEATURES on slice (5158, 2) (remaining tasks 38)
2025-04-24 21:59:51,303 [DEBUG]  OP: Operation.SPLIT_COLUMNS on slice (5147, 2) (remaining tasks 39)
2025-04-24 21:59:51,410 [DEBUG]  		found 1 col clusters (in 0.10682 secs)
2025-04-24 21:59:51,411 [DEBUG]  OP: Operation.SPLIT_COLUMNS on slice (5135, 2) (remaining tasks 39)
2025-04-24 21:59:51,521 [DEBUG]  		found 1 col clusters (in 0.11015 secs)
2025-04-24 21:59:51,522 [DEBUG]  OP: Operation.SPLIT_ROWS on slice (5159, 2) (remaining tasks 39)
2025-04-24 21:59:51,578 [DEBUG]  		found 2 row clusters (in 0.05599 secs)
2025-04-24 21:59:51,578 [DEBUG]  OP: Operation.CREATE_LEAF on slice (5169, 1) (remaining tasks 40)
2025-04-24 21:59:51,579 [DEBUG]  		 created leaf IdentityNumericLeaf for scope=[0] (in 0.00043 secs)
2025-04-24 21:59:51,579 [DEBUG]  OP: Operation.CREATE_LEAF on slice (5169, 1) (remaining tasks 39)
2025-04-24 21:59:51,581 [DEBUG]  		 created leaf IdentityNumericLeaf for scope=[2] (in 0.00241 secs)
2025-04-24 21:59:51,582 [DEBUG]  OP: Operation.SPLIT_ROWS on slice (5147, 2) (remaining tasks 38)
2025-04-24 21:59:51,634 [DEBUG]  		found 2 row clusters (in 0.05166 secs)
2025-04-24 21:59:51,634 [DEBUG]  OP: Operation.CREATE_LEAF on slice (5154, 1) (remaining tasks 39)
2025-04-24 21:59:51,634 [DEBUG]  		 created leaf IdentityNumericLeaf for scope=[0] (in 0.00028 secs)
2025-04-24 21:59:51,634 [DEBUG]  OP: Operation.CREATE_LEAF on slice (5154, 1) (remaining tasks 38)
2025-04-24 21:59:51,636 [DEBUG]  		 created leaf IdentityNumericLeaf for scope=[2] (in 0.00133 secs)
2025-04-24 21:59:51,636 [DEBUG]  OP: Operation.CREATE_LEAF on slice (5168, 1) (remaining tasks 37)
2025-04-24 21:59:51,636 [DEBUG]  		 created leaf IdentityNumericLeaf for scope=[0] (in 0.00030 secs)
2025-04-24 21:59:51,636 [DEBUG]  OP: Operation.CREATE_LEAF on slice (5168, 1) (remaining tasks 36)
2025-04-24 21:59:51,638 [DEBUG]  		 created leaf IdentityNumericLeaf for scope=[2] (in 0.00126 secs)
2025-04-24 21:59:51,638 [DEBUG]  OP: Operation.SPLIT_ROWS on slice (5180, 2) (remaining tasks 35)
2025-04-24 21:59:51,672 [DEBUG]  		found 2 row clusters (in 0.03399 secs)
2025-04-24 21:59:51,673 [DEBUG]  OP: Operation.SPLIT_ROWS on slice (5158, 2) (remaining tasks 36)
2025-04-24 21:59:51,707 [DEBUG]  		found 2 row clusters (in 0.03386 secs)
2025-04-24 21:59:51,707 [DEBUG]  OP: Operation.CREATE_LEAF on slice (5168, 1) (remaining tasks 37)
2025-04-24 21:59:51,707 [DEBUG]  		 created leaf IdentityNumericLeaf for scope=[0] (in 0.00028 secs)
2025-04-24 21:59:51,707 [DEBUG]  OP: Operation.CREATE_LEAF on slice (5168, 1) (remaining tasks 36)
2025-04-24 21:59:51,709 [DEBUG]  		 created leaf IdentityNumericLeaf for scope=[2] (in 0.00133 secs)
2025-04-24 21:59:51,709 [DEBUG]  OP: Operation.SPLIT_ROWS on slice (5189, 2) (remaining tasks 35)
2025-04-24 21:59:51,743 [DEBUG]  		found 2 row clusters (in 0.03374 secs)
2025-04-24 21:59:51,743 [DEBUG]  OP: Operation.SPLIT_ROWS on slice (5178, 2) (remaining tasks 36)
2025-04-24 21:59:51,778 [DEBUG]  		found 2 row clusters (in 0.03497 secs)
2025-04-24 21:59:51,779 [DEBUG]  OP: Operation.SPLIT_ROWS on slice (5169, 2) (remaining tasks 37)
2025-04-24 21:59:51,813 [DEBUG]  		found 2 row clusters (in 0.03380 secs)
2025-04-24 21:59:51,813 [DEBUG]  OP: Operation.SPLIT_ROWS on slice (5178, 2) (remaining tasks 38)
2025-04-24 21:59:51,847 [DEBUG]  		found 2 row clusters (in 0.03378 secs)
2025-04-24 21:59:51,847 [DEBUG]  OP: Operation.SPLIT_ROWS on slice (5159, 2) (remaining tasks 39)
2025-04-24 21:59:51,881 [DEBUG]  		found 2 row clusters (in 0.03383 secs)
2025-04-24 21:59:51,882 [DEBUG]  OP: Operation.SPLIT_ROWS on slice (5164, 2) (remaining tasks 40)
2025-04-24 21:59:51,917 [DEBUG]  		found 2 row clusters (in 0.03479 secs)
2025-04-24 21:59:51,917 [DEBUG]  OP: Operation.CREATE_LEAF on slice (5170, 1) (remaining tasks 41)
2025-04-24 21:59:51,917 [DEBUG]  		 created leaf IdentityNumericLeaf for scope=[0] (in 0.00027 secs)
2025-04-24 21:59:51,917 [DEBUG]  OP: Operation.CREATE_LEAF on slice (5170, 1) (remaining tasks 40)
2025-04-24 21:59:51,919 [DEBUG]  		 created leaf IdentityNumericLeaf for scope=[2] (in 0.00134 secs)
2025-04-24 21:59:51,919 [DEBUG]  OP: Operation.SPLIT_ROWS on slice (5177, 2) (remaining tasks 39)
2025-04-24 21:59:51,953 [DEBUG]  		found 2 row clusters (in 0.03387 secs)
2025-04-24 21:59:51,953 [DEBUG]  OP: Operation.CREATE_LEAF on slice (5124, 1) (remaining tasks 40)
2025-04-24 21:59:51,953 [DEBUG]  		 created leaf IdentityNumericLeaf for scope=[0] (in 0.00028 secs)
2025-04-24 21:59:51,953 [DEBUG]  OP: Operation.CREATE_LEAF on slice (5124, 1) (remaining tasks 39)
2025-04-24 21:59:51,955 [DEBUG]  		 created leaf IdentityNumericLeaf for scope=[2] (in 0.00133 secs)
2025-04-24 21:59:51,955 [DEBUG]  OP: Operation.SPLIT_ROWS on slice (5113, 2) (remaining tasks 38)
2025-04-24 21:59:51,990 [DEBUG]  		found 2 row clusters (in 0.03423 secs)
2025-04-24 21:59:51,990 [DEBUG]  OP: Operation.SPLIT_ROWS on slice (5136, 2) (remaining tasks 39)
2025-04-24 21:59:52,024 [DEBUG]  		found 2 row clusters (in 0.03416 secs)
2025-04-24 21:59:52,025 [DEBUG]  OP: Operation.SPLIT_ROWS on slice (5123, 2) (remaining tasks 40)
2025-04-24 21:59:52,059 [DEBUG]  		found 2 row clusters (in 0.03414 secs)
2025-04-24 21:59:52,059 [DEBUG]  OP: Operation.SPLIT_ROWS on slice (5148, 2) (remaining tasks 41)
2025-04-24 21:59:52,093 [DEBUG]  		found 2 row clusters (in 0.03392 secs)
2025-04-24 21:59:52,094 [DEBUG]  OP: Operation.SPLIT_ROWS on slice (5138, 2) (remaining tasks 42)
2025-04-24 21:59:52,128 [DEBUG]  		found 2 row clusters (in 0.03412 secs)
2025-04-24 21:59:52,129 [DEBUG]  OP: Operation.SPLIT_ROWS on slice (5136, 2) (remaining tasks 43)
2025-04-24 21:59:52,163 [DEBUG]  		found 2 row clusters (in 0.03482 secs)
2025-04-24 21:59:52,164 [DEBUG]  OP: Operation.CREATE_LEAF on slice (5124, 1) (remaining tasks 44)
2025-04-24 21:59:52,164 [DEBUG]  		 created leaf IdentityNumericLeaf for scope=[0] (in 0.00027 secs)
2025-04-24 21:59:52,164 [DEBUG]  OP: Operation.CREATE_LEAF on slice (5124, 1) (remaining tasks 43)
2025-04-24 21:59:52,165 [DEBUG]  		 created leaf IdentityNumericLeaf for scope=[2] (in 0.00130 secs)
2025-04-24 21:59:52,166 [DEBUG]  OP: Operation.SPLIT_ROWS on slice (5146, 2) (remaining tasks 42)
2025-04-24 21:59:52,200 [DEBUG]  		found 2 row clusters (in 0.03404 secs)
2025-04-24 21:59:52,200 [DEBUG]  OP: Operation.SPLIT_ROWS on slice (5138, 2) (remaining tasks 43)
2025-04-24 21:59:52,236 [DEBUG]  		found 2 row clusters (in 0.03529 secs)
2025-04-24 21:59:52,236 [DEBUG]  OP: Operation.SPLIT_ROWS on slice (5135, 2) (remaining tasks 44)
2025-04-24 21:59:52,270 [DEBUG]  		found 2 row clusters (in 0.03410 secs)
2025-04-24 21:59:52,271 [DEBUG]  OP: Operation.SPLIT_ROWS on slice (5124, 2) (remaining tasks 45)
2025-04-24 21:59:52,305 [DEBUG]  		found 2 row clusters (in 0.03410 secs)
2025-04-24 21:59:52,305 [DEBUG]  OP: Operation.SPLIT_ROWS on slice (5148, 2) (remaining tasks 46)
2025-04-24 21:59:52,339 [DEBUG]  		found 2 row clusters (in 0.03400 secs)
2025-04-24 21:59:52,340 [DEBUG]  OP: Operation.CREATE_LEAF on slice (5158, 1) (remaining tasks 47)
2025-04-24 21:59:52,340 [DEBUG]  		 created leaf IdentityNumericLeaf for scope=[0] (in 0.00028 secs)
2025-04-24 21:59:52,340 [DEBUG]  OP: Operation.CREATE_LEAF on slice (5158, 1) (remaining tasks 46)
2025-04-24 21:59:52,341 [DEBUG]  		 created leaf IdentityNumericLeaf for scope=[2] (in 0.00133 secs)
2025-04-24 21:59:52,342 [DEBUG]  OP: Operation.SPLIT_ROWS on slice (5147, 2) (remaining tasks 45)
2025-04-24 21:59:52,376 [DEBUG]  		found 2 row clusters (in 0.03382 secs)
2025-04-24 21:59:52,376 [DEBUG]  OP: Operation.SPLIT_ROWS on slice (5135, 2) (remaining tasks 46)
2025-04-24 21:59:52,410 [DEBUG]  		found 2 row clusters (in 0.03406 secs)
2025-04-24 21:59:52,411 [DEBUG]  OP: Operation.SPLIT_COLUMNS on slice (2581, 2) (remaining tasks 47)
2025-04-24 21:59:52,518 [DEBUG]  		found 1 col clusters (in 0.10747 secs)
2025-04-24 21:59:52,519 [DEBUG]  OP: Operation.REMOVE_UNINFORMATIVE_FEATURES on slice (2578, 2) (remaining tasks 47)
2025-04-24 21:59:52,519 [DEBUG]  OP: Operation.REMOVE_UNINFORMATIVE_FEATURES on slice (2575, 2) (remaining tasks 48)
2025-04-24 21:59:52,519 [DEBUG]  OP: Operation.SPLIT_COLUMNS on slice (2572, 2) (remaining tasks 49)
2025-04-24 21:59:52,625 [DEBUG]  		found 1 col clusters (in 0.10516 secs)
2025-04-24 21:59:52,625 [DEBUG]  OP: Operation.REMOVE_UNINFORMATIVE_FEATURES on slice (2593, 2) (remaining tasks 49)
2025-04-24 21:59:52,626 [DEBUG]  OP: Operation.SPLIT_COLUMNS on slice (2587, 2) (remaining tasks 50)
2025-04-24 21:59:52,732 [DEBUG]  		found 1 col clusters (in 0.10612 secs)
2025-04-24 21:59:52,732 [DEBUG]  OP: Operation.SPLIT_COLUMNS on slice (2581, 2) (remaining tasks 50)
2025-04-24 21:59:52,838 [DEBUG]  		found 1 col clusters (in 0.10562 secs)
2025-04-24 21:59:52,839 [DEBUG]  OP: Operation.REMOVE_UNINFORMATIVE_FEATURES on slice (2577, 2) (remaining tasks 50)
2025-04-24 21:59:52,839 [DEBUG]  OP: Operation.REMOVE_UNINFORMATIVE_FEATURES on slice (2597, 2) (remaining tasks 51)
2025-04-24 21:59:52,840 [DEBUG]  OP: Operation.SPLIT_COLUMNS on slice (2592, 2) (remaining tasks 52)
2025-04-24 21:59:52,945 [DEBUG]  		found 1 col clusters (in 0.10566 secs)
2025-04-24 21:59:52,946 [DEBUG]  OP: Operation.REMOVE_UNINFORMATIVE_FEATURES on slice (2587, 2) (remaining tasks 52)
2025-04-24 21:59:52,947 [DEBUG]  OP: Operation.SPLIT_COLUMNS on slice (2591, 2) (remaining tasks 53)
2025-04-24 21:59:53,053 [DEBUG]  		found 1 col clusters (in 0.10604 secs)
2025-04-24 21:59:53,053 [DEBUG]  OP: Operation.REMOVE_UNINFORMATIVE_FEATURES on slice (2586, 2) (remaining tasks 53)
2025-04-24 21:59:53,054 [DEBUG]  OP: Operation.SPLIT_COLUMNS on slice (2583, 2) (remaining tasks 54)
2025-04-24 21:59:53,160 [DEBUG]  		found 1 col clusters (in 0.10622 secs)
2025-04-24 21:59:53,161 [DEBUG]  OP: Operation.REMOVE_UNINFORMATIVE_FEATURES on slice (2591, 2) (remaining tasks 54)
2025-04-24 21:59:53,161 [DEBUG]  OP: Operation.SPLIT_COLUMNS on slice (2587, 2) (remaining tasks 55)
2025-04-24 21:59:53,267 [DEBUG]  		found 1 col clusters (in 0.10605 secs)
2025-04-24 21:59:53,268 [DEBUG]  OP: Operation.REMOVE_UNINFORMATIVE_FEATURES on slice (2582, 2) (remaining tasks 55)
2025-04-24 21:59:53,268 [DEBUG]  OP: Operation.SPLIT_COLUMNS on slice (2577, 2) (remaining tasks 56)
2025-04-24 21:59:53,375 [DEBUG]  		found 1 col clusters (in 0.10622 secs)
2025-04-24 21:59:53,375 [DEBUG]  OP: Operation.SPLIT_COLUMNS on slice (2584, 2) (remaining tasks 56)
2025-04-24 21:59:53,481 [DEBUG]  		found 1 col clusters (in 0.10589 secs)
2025-04-24 21:59:53,482 [DEBUG]  OP: Operation.REMOVE_UNINFORMATIVE_FEATURES on slice (2580, 2) (remaining tasks 56)
2025-04-24 21:59:53,482 [DEBUG]  OP: Operation.REMOVE_UNINFORMATIVE_FEATURES on slice (2591, 2) (remaining tasks 57)
2025-04-24 21:59:53,483 [DEBUG]  OP: Operation.SPLIT_COLUMNS on slice (2586, 2) (remaining tasks 58)
2025-04-24 21:59:53,589 [DEBUG]  		found 1 col clusters (in 0.10591 secs)
2025-04-24 21:59:53,589 [DEBUG]  OP: Operation.REMOVE_UNINFORMATIVE_FEATURES on slice (2559, 2) (remaining tasks 58)
2025-04-24 21:59:53,590 [DEBUG]  OP: Operation.SPLIT_COLUMNS on slice (2554, 2) (remaining tasks 59)
2025-04-24 21:59:53,696 [DEBUG]  		found 1 col clusters (in 0.10602 secs)
2025-04-24 21:59:53,697 [DEBUG]  OP: Operation.REMOVE_UNINFORMATIVE_FEATURES on slice (2572, 2) (remaining tasks 59)
2025-04-24 21:59:53,697 [DEBUG]  OP: Operation.SPLIT_COLUMNS on slice (2564, 2) (remaining tasks 60)
2025-04-24 21:59:53,803 [DEBUG]  		found 1 col clusters (in 0.10604 secs)
2025-04-24 21:59:53,804 [DEBUG]  OP: Operation.REMOVE_UNINFORMATIVE_FEATURES on slice (2564, 2) (remaining tasks 60)
2025-04-24 21:59:53,804 [DEBUG]  OP: Operation.SPLIT_COLUMNS on slice (2559, 2) (remaining tasks 61)
2025-04-24 21:59:53,910 [DEBUG]  		found 1 col clusters (in 0.10605 secs)
2025-04-24 21:59:53,911 [DEBUG]  OP: Operation.REMOVE_UNINFORMATIVE_FEATURES on slice (2576, 2) (remaining tasks 61)
2025-04-24 21:59:53,911 [DEBUG]  OP: Operation.SPLIT_COLUMNS on slice (2572, 2) (remaining tasks 62)
2025-04-24 21:59:54,017 [DEBUG]  		found 1 col clusters (in 0.10566 secs)
2025-04-24 21:59:54,018 [DEBUG]  OP: Operation.SPLIT_COLUMNS on slice (2573, 2) (remaining tasks 62)
2025-04-24 21:59:54,124 [DEBUG]  		found 2 col clusters (in 0.10623 secs)
2025-04-24 21:59:54,125 [DEBUG]  OP: Operation.REMOVE_UNINFORMATIVE_FEATURES on slice (2565, 2) (remaining tasks 63)
2025-04-24 21:59:54,125 [DEBUG]  OP: Operation.SPLIT_COLUMNS on slice (2571, 2) (remaining tasks 64)
2025-04-24 21:59:54,232 [DEBUG]  		found 1 col clusters (in 0.10626 secs)
2025-04-24 21:59:54,232 [DEBUG]  OP: Operation.REMOVE_UNINFORMATIVE_FEATURES on slice (2565, 2) (remaining tasks 64)
2025-04-24 21:59:54,233 [DEBUG]  OP: Operation.SPLIT_COLUMNS on slice (2575, 2) (remaining tasks 65)
2025-04-24 21:59:54,339 [DEBUG]  		found 1 col clusters (in 0.10650 secs)
2025-04-24 21:59:54,340 [DEBUG]  OP: Operation.REMOVE_UNINFORMATIVE_FEATURES on slice (2571, 2) (remaining tasks 65)
2025-04-24 21:59:54,340 [DEBUG]  OP: Operation.SPLIT_COLUMNS on slice (2567, 2) (remaining tasks 66)
2025-04-24 21:59:54,447 [DEBUG]  		found 1 col clusters (in 0.10642 secs)
2025-04-24 21:59:54,447 [DEBUG]  OP: Operation.REMOVE_UNINFORMATIVE_FEATURES on slice (2571, 2) (remaining tasks 66)
2025-04-24 21:59:54,448 [DEBUG]  OP: Operation.REMOVE_UNINFORMATIVE_FEATURES on slice (2570, 2) (remaining tasks 67)
2025-04-24 21:59:54,448 [DEBUG]  OP: Operation.SPLIT_COLUMNS on slice (2565, 2) (remaining tasks 68)
2025-04-24 21:59:54,555 [DEBUG]  		found 1 col clusters (in 0.10635 secs)
2025-04-24 21:59:54,555 [DEBUG]  OP: Operation.SPLIT_COLUMNS on slice (2564, 2) (remaining tasks 68)
2025-04-24 21:59:54,661 [DEBUG]  		found 1 col clusters (in 0.10580 secs)
2025-04-24 21:59:54,662 [DEBUG]  OP: Operation.REMOVE_UNINFORMATIVE_FEATURES on slice (2560, 2) (remaining tasks 68)
2025-04-24 21:59:54,662 [DEBUG]  OP: Operation.SPLIT_COLUMNS on slice (2576, 2) (remaining tasks 69)
2025-04-24 21:59:54,769 [DEBUG]  		found 1 col clusters (in 0.10603 secs)
2025-04-24 21:59:54,769 [DEBUG]  OP: Operation.REMOVE_UNINFORMATIVE_FEATURES on slice (2572, 2) (remaining tasks 69)
2025-04-24 21:59:54,770 [DEBUG]  OP: Operation.REMOVE_UNINFORMATIVE_FEATURES on slice (2576, 2) (remaining tasks 70)
2025-04-24 21:59:54,770 [DEBUG]  OP: Operation.SPLIT_COLUMNS on slice (2571, 2) (remaining tasks 71)
2025-04-24 21:59:54,876 [DEBUG]  		found 1 col clusters (in 0.10586 secs)
2025-04-24 21:59:54,877 [DEBUG]  OP: Operation.REMOVE_UNINFORMATIVE_FEATURES on slice (2570, 2) (remaining tasks 71)
2025-04-24 21:59:54,877 [DEBUG]  OP: Operation.SPLIT_COLUMNS on slice (2565, 2) (remaining tasks 72)
2025-04-24 21:59:54,984 [DEBUG]  		found 1 col clusters (in 0.10634 secs)
2025-04-24 21:59:54,984 [DEBUG]  OP: Operation.SPLIT_ROWS on slice (2581, 2) (remaining tasks 72)
2025-04-24 21:59:55,029 [DEBUG]  		found 2 row clusters (in 0.04499 secs)
2025-04-24 21:59:55,029 [DEBUG]  OP: Operation.CREATE_LEAF on slice (2578, 1) (remaining tasks 73)
2025-04-24 21:59:55,030 [DEBUG]  		 created leaf IdentityNumericLeaf for scope=[0] (in 0.00035 secs)
2025-04-24 21:59:55,030 [DEBUG]  OP: Operation.CREATE_LEAF on slice (2578, 1) (remaining tasks 72)
2025-04-24 21:59:55,031 [DEBUG]  		 created leaf IdentityNumericLeaf for scope=[2] (in 0.00140 secs)
2025-04-24 21:59:55,032 [DEBUG]  OP: Operation.CREATE_LEAF on slice (2575, 1) (remaining tasks 71)
2025-04-24 21:59:55,032 [DEBUG]  		 created leaf IdentityNumericLeaf for scope=[0] (in 0.00032 secs)
2025-04-24 21:59:55,032 [DEBUG]  OP: Operation.CREATE_LEAF on slice (2575, 1) (remaining tasks 70)
2025-04-24 21:59:55,034 [DEBUG]  		 created leaf IdentityNumericLeaf for scope=[2] (in 0.00137 secs)
2025-04-24 21:59:55,034 [DEBUG]  OP: Operation.SPLIT_ROWS on slice (2572, 2) (remaining tasks 69)
2025-04-24 21:59:55,078 [DEBUG]  		found 2 row clusters (in 0.04431 secs)
2025-04-24 21:59:55,079 [DEBUG]  OP: Operation.CREATE_LEAF on slice (2593, 1) (remaining tasks 70)
2025-04-24 21:59:55,079 [DEBUG]  		 created leaf IdentityNumericLeaf for scope=[0] (in 0.00032 secs)
2025-04-24 21:59:55,079 [DEBUG]  OP: Operation.CREATE_LEAF on slice (2593, 1) (remaining tasks 69)
2025-04-24 21:59:55,081 [DEBUG]  		 created leaf IdentityNumericLeaf for scope=[2] (in 0.00139 secs)
2025-04-24 21:59:55,081 [DEBUG]  OP: Operation.SPLIT_ROWS on slice (2587, 2) (remaining tasks 68)
2025-04-24 21:59:55,111 [DEBUG]  		found 2 row clusters (in 0.03022 secs)
2025-04-24 21:59:55,112 [DEBUG]  OP: Operation.SPLIT_ROWS on slice (2581, 2) (remaining tasks 69)
2025-04-24 21:59:55,139 [DEBUG]  		found 2 row clusters (in 0.02696 secs)
2025-04-24 21:59:55,139 [DEBUG]  OP: Operation.CREATE_LEAF on slice (2577, 1) (remaining tasks 70)
2025-04-24 21:59:55,139 [DEBUG]  		 created leaf IdentityNumericLeaf for scope=[0] (in 0.00023 secs)
2025-04-24 21:59:55,139 [DEBUG]  OP: Operation.CREATE_LEAF on slice (2577, 1) (remaining tasks 69)
2025-04-24 21:59:55,140 [DEBUG]  		 created leaf IdentityNumericLeaf for scope=[2] (in 0.00097 secs)
2025-04-24 21:59:55,140 [DEBUG]  OP: Operation.CREATE_LEAF on slice (2597, 1) (remaining tasks 68)
2025-04-24 21:59:55,141 [DEBUG]  		 created leaf IdentityNumericLeaf for scope=[0] (in 0.00022 secs)
2025-04-24 21:59:55,141 [DEBUG]  OP: Operation.CREATE_LEAF on slice (2597, 1) (remaining tasks 67)
2025-04-24 21:59:55,142 [DEBUG]  		 created leaf IdentityNumericLeaf for scope=[2] (in 0.00080 secs)
2025-04-24 21:59:55,142 [DEBUG]  OP: Operation.SPLIT_ROWS on slice (2592, 2) (remaining tasks 66)
2025-04-24 21:59:55,170 [DEBUG]  		found 2 row clusters (in 0.02760 secs)
2025-04-24 21:59:55,170 [DEBUG]  OP: Operation.CREATE_LEAF on slice (2587, 1) (remaining tasks 67)
2025-04-24 21:59:55,170 [DEBUG]  		 created leaf IdentityNumericLeaf for scope=[0] (in 0.00024 secs)
2025-04-24 21:59:55,170 [DEBUG]  OP: Operation.CREATE_LEAF on slice (2587, 1) (remaining tasks 66)
2025-04-24 21:59:55,171 [DEBUG]  		 created leaf IdentityNumericLeaf for scope=[2] (in 0.00080 secs)
2025-04-24 21:59:55,171 [DEBUG]  OP: Operation.SPLIT_ROWS on slice (2591, 2) (remaining tasks 65)
2025-04-24 21:59:55,196 [DEBUG]  		found 2 row clusters (in 0.02456 secs)
2025-04-24 21:59:55,196 [DEBUG]  OP: Operation.CREATE_LEAF on slice (2586, 1) (remaining tasks 66)
2025-04-24 21:59:55,196 [DEBUG]  		 created leaf IdentityNumericLeaf for scope=[0] (in 0.00024 secs)
2025-04-24 21:59:55,196 [DEBUG]  OP: Operation.CREATE_LEAF on slice (2586, 1) (remaining tasks 65)
2025-04-24 21:59:55,197 [DEBUG]  		 created leaf IdentityNumericLeaf for scope=[2] (in 0.00078 secs)
2025-04-24 21:59:55,198 [DEBUG]  OP: Operation.SPLIT_ROWS on slice (2583, 2) (remaining tasks 64)
2025-04-24 21:59:55,225 [DEBUG]  		found 2 row clusters (in 0.02700 secs)
2025-04-24 21:59:55,225 [DEBUG]  OP: Operation.CREATE_LEAF on slice (2591, 1) (remaining tasks 65)
2025-04-24 21:59:55,225 [DEBUG]  		 created leaf IdentityNumericLeaf for scope=[0] (in 0.00023 secs)
2025-04-24 21:59:55,225 [DEBUG]  OP: Operation.CREATE_LEAF on slice (2591, 1) (remaining tasks 64)
2025-04-24 21:59:55,226 [DEBUG]  		 created leaf IdentityNumericLeaf for scope=[2] (in 0.00079 secs)
2025-04-24 21:59:55,226 [DEBUG]  OP: Operation.SPLIT_ROWS on slice (2587, 2) (remaining tasks 63)
2025-04-24 21:59:55,254 [DEBUG]  		found 2 row clusters (in 0.02714 secs)
2025-04-24 21:59:55,254 [DEBUG]  OP: Operation.CREATE_LEAF on slice (2582, 1) (remaining tasks 64)
2025-04-24 21:59:55,254 [DEBUG]  		 created leaf IdentityNumericLeaf for scope=[0] (in 0.00024 secs)
2025-04-24 21:59:55,254 [DEBUG]  OP: Operation.CREATE_LEAF on slice (2582, 1) (remaining tasks 63)
2025-04-24 21:59:55,255 [DEBUG]  		 created leaf IdentityNumericLeaf for scope=[2] (in 0.00079 secs)
2025-04-24 21:59:55,255 [DEBUG]  OP: Operation.SPLIT_ROWS on slice (2577, 2) (remaining tasks 62)
2025-04-24 21:59:55,282 [DEBUG]  		found 2 row clusters (in 0.02690 secs)
2025-04-24 21:59:55,283 [DEBUG]  OP: Operation.SPLIT_ROWS on slice (2584, 2) (remaining tasks 63)
2025-04-24 21:59:55,310 [DEBUG]  		found 2 row clusters (in 0.02674 secs)
2025-04-24 21:59:55,310 [DEBUG]  OP: Operation.CREATE_LEAF on slice (2580, 1) (remaining tasks 64)
2025-04-24 21:59:55,310 [DEBUG]  		 created leaf IdentityNumericLeaf for scope=[0] (in 0.00024 secs)
2025-04-24 21:59:55,310 [DEBUG]  OP: Operation.CREATE_LEAF on slice (2580, 1) (remaining tasks 63)
2025-04-24 21:59:55,311 [DEBUG]  		 created leaf IdentityNumericLeaf for scope=[2] (in 0.00077 secs)
2025-04-24 21:59:55,311 [DEBUG]  OP: Operation.CREATE_LEAF on slice (2591, 1) (remaining tasks 62)
2025-04-24 21:59:55,311 [DEBUG]  		 created leaf IdentityNumericLeaf for scope=[0] (in 0.00022 secs)
2025-04-24 21:59:55,311 [DEBUG]  OP: Operation.CREATE_LEAF on slice (2591, 1) (remaining tasks 61)
2025-04-24 21:59:55,312 [DEBUG]  		 created leaf IdentityNumericLeaf for scope=[2] (in 0.00076 secs)
2025-04-24 21:59:55,312 [DEBUG]  OP: Operation.SPLIT_ROWS on slice (2586, 2) (remaining tasks 60)
2025-04-24 21:59:55,339 [DEBUG]  		found 2 row clusters (in 0.02682 secs)
2025-04-24 21:59:55,339 [DEBUG]  OP: Operation.CREATE_LEAF on slice (2559, 1) (remaining tasks 61)
2025-04-24 21:59:55,340 [DEBUG]  		 created leaf IdentityNumericLeaf for scope=[0] (in 0.00024 secs)
2025-04-24 21:59:55,340 [DEBUG]  OP: Operation.CREATE_LEAF on slice (2559, 1) (remaining tasks 60)
2025-04-24 21:59:55,341 [DEBUG]  		 created leaf IdentityNumericLeaf for scope=[2] (in 0.00098 secs)
2025-04-24 21:59:55,341 [DEBUG]  OP: Operation.SPLIT_ROWS on slice (2554, 2) (remaining tasks 59)
2025-04-24 21:59:55,368 [DEBUG]  		found 2 row clusters (in 0.02658 secs)
2025-04-24 21:59:55,368 [DEBUG]  OP: Operation.CREATE_LEAF on slice (2572, 1) (remaining tasks 60)
2025-04-24 21:59:55,368 [DEBUG]  		 created leaf IdentityNumericLeaf for scope=[0] (in 0.00025 secs)
2025-04-24 21:59:55,369 [DEBUG]  OP: Operation.CREATE_LEAF on slice (2572, 1) (remaining tasks 59)
2025-04-24 21:59:55,369 [DEBUG]  		 created leaf IdentityNumericLeaf for scope=[2] (in 0.00079 secs)
2025-04-24 21:59:55,370 [DEBUG]  OP: Operation.SPLIT_ROWS on slice (2564, 2) (remaining tasks 58)
2025-04-24 21:59:55,396 [DEBUG]  		found 2 row clusters (in 0.02663 secs)
2025-04-24 21:59:55,397 [DEBUG]  OP: Operation.CREATE_LEAF on slice (2564, 1) (remaining tasks 59)
2025-04-24 21:59:55,397 [DEBUG]  		 created leaf IdentityNumericLeaf for scope=[0] (in 0.00024 secs)
2025-04-24 21:59:55,397 [DEBUG]  OP: Operation.CREATE_LEAF on slice (2564, 1) (remaining tasks 58)
2025-04-24 21:59:55,398 [DEBUG]  		 created leaf IdentityNumericLeaf for scope=[2] (in 0.00075 secs)
2025-04-24 21:59:55,398 [DEBUG]  OP: Operation.SPLIT_ROWS on slice (2559, 2) (remaining tasks 57)
2025-04-24 21:59:55,425 [DEBUG]  		found 2 row clusters (in 0.02678 secs)
2025-04-24 21:59:55,425 [DEBUG]  OP: Operation.CREATE_LEAF on slice (2576, 1) (remaining tasks 58)
2025-04-24 21:59:55,425 [DEBUG]  		 created leaf IdentityNumericLeaf for scope=[0] (in 0.00022 secs)
2025-04-24 21:59:55,425 [DEBUG]  OP: Operation.CREATE_LEAF on slice (2576, 1) (remaining tasks 57)
2025-04-24 21:59:55,426 [DEBUG]  		 created leaf IdentityNumericLeaf for scope=[2] (in 0.00080 secs)
2025-04-24 21:59:55,426 [DEBUG]  OP: Operation.SPLIT_ROWS on slice (2572, 2) (remaining tasks 56)
2025-04-24 21:59:55,454 [DEBUG]  		found 2 row clusters (in 0.02710 secs)
2025-04-24 21:59:55,454 [DEBUG]  OP: Operation.CREATE_LEAF on slice (2573, 1) (remaining tasks 57)
2025-04-24 21:59:55,454 [DEBUG]  		 created leaf IdentityNumericLeaf for scope=[0] (in 0.00022 secs)
2025-04-24 21:59:55,454 [DEBUG]  OP: Operation.CREATE_LEAF on slice (2573, 1) (remaining tasks 56)
2025-04-24 21:59:55,455 [DEBUG]  		 created leaf IdentityNumericLeaf for scope=[2] (in 0.00076 secs)
2025-04-24 21:59:55,455 [DEBUG]  OP: Operation.CREATE_LEAF on slice (2565, 1) (remaining tasks 55)
2025-04-24 21:59:55,455 [DEBUG]  		 created leaf IdentityNumericLeaf for scope=[0] (in 0.00022 secs)
2025-04-24 21:59:55,455 [DEBUG]  OP: Operation.CREATE_LEAF on slice (2565, 1) (remaining tasks 54)
2025-04-24 21:59:55,456 [DEBUG]  		 created leaf IdentityNumericLeaf for scope=[2] (in 0.00074 secs)
2025-04-24 21:59:55,456 [DEBUG]  OP: Operation.SPLIT_ROWS on slice (2571, 2) (remaining tasks 53)
2025-04-24 21:59:55,484 [DEBUG]  		found 2 row clusters (in 0.02706 secs)
2025-04-24 21:59:55,484 [DEBUG]  OP: Operation.CREATE_LEAF on slice (2565, 1) (remaining tasks 54)
2025-04-24 21:59:55,484 [DEBUG]  		 created leaf IdentityNumericLeaf for scope=[0] (in 0.00024 secs)
2025-04-24 21:59:55,484 [DEBUG]  OP: Operation.CREATE_LEAF on slice (2565, 1) (remaining tasks 53)
2025-04-24 21:59:55,485 [DEBUG]  		 created leaf IdentityNumericLeaf for scope=[2] (in 0.00076 secs)
2025-04-24 21:59:55,485 [DEBUG]  OP: Operation.SPLIT_ROWS on slice (2575, 2) (remaining tasks 52)
2025-04-24 21:59:55,513 [DEBUG]  		found 2 row clusters (in 0.02746 secs)
2025-04-24 21:59:55,513 [DEBUG]  OP: Operation.CREATE_LEAF on slice (2571, 1) (remaining tasks 53)
2025-04-24 21:59:55,513 [DEBUG]  		 created leaf IdentityNumericLeaf for scope=[0] (in 0.00023 secs)
2025-04-24 21:59:55,513 [DEBUG]  OP: Operation.CREATE_LEAF on slice (2571, 1) (remaining tasks 52)
2025-04-24 21:59:55,514 [DEBUG]  		 created leaf IdentityNumericLeaf for scope=[2] (in 0.00075 secs)
2025-04-24 21:59:55,514 [DEBUG]  OP: Operation.SPLIT_ROWS on slice (2567, 2) (remaining tasks 51)
2025-04-24 21:59:55,542 [DEBUG]  		found 2 row clusters (in 0.02734 secs)
2025-04-24 21:59:55,542 [DEBUG]  OP: Operation.CREATE_LEAF on slice (2571, 1) (remaining tasks 52)
2025-04-24 21:59:55,542 [DEBUG]  		 created leaf IdentityNumericLeaf for scope=[0] (in 0.00021 secs)
2025-04-24 21:59:55,542 [DEBUG]  OP: Operation.CREATE_LEAF on slice (2571, 1) (remaining tasks 51)
2025-04-24 21:59:55,543 [DEBUG]  		 created leaf IdentityNumericLeaf for scope=[2] (in 0.00077 secs)
2025-04-24 21:59:55,543 [DEBUG]  OP: Operation.CREATE_LEAF on slice (2570, 1) (remaining tasks 50)
2025-04-24 21:59:55,543 [DEBUG]  		 created leaf IdentityNumericLeaf for scope=[0] (in 0.00022 secs)
2025-04-24 21:59:55,543 [DEBUG]  OP: Operation.CREATE_LEAF on slice (2570, 1) (remaining tasks 49)
2025-04-24 21:59:55,544 [DEBUG]  		 created leaf IdentityNumericLeaf for scope=[2] (in 0.00076 secs)
2025-04-24 21:59:55,545 [DEBUG]  OP: Operation.SPLIT_ROWS on slice (2565, 2) (remaining tasks 48)
2025-04-24 21:59:55,572 [DEBUG]  		found 2 row clusters (in 0.02756 secs)
2025-04-24 21:59:55,573 [DEBUG]  OP: Operation.SPLIT_ROWS on slice (2564, 2) (remaining tasks 49)
2025-04-24 21:59:55,599 [DEBUG]  		found 2 row clusters (in 0.02668 secs)
2025-04-24 21:59:55,599 [DEBUG]  OP: Operation.CREATE_LEAF on slice (2560, 1) (remaining tasks 50)
2025-04-24 21:59:55,600 [DEBUG]  		 created leaf IdentityNumericLeaf for scope=[0] (in 0.00022 secs)
2025-04-24 21:59:55,600 [DEBUG]  OP: Operation.CREATE_LEAF on slice (2560, 1) (remaining tasks 49)
2025-04-24 21:59:55,601 [DEBUG]  		 created leaf IdentityNumericLeaf for scope=[2] (in 0.00074 secs)
2025-04-24 21:59:55,601 [DEBUG]  OP: Operation.SPLIT_ROWS on slice (2576, 2) (remaining tasks 48)
2025-04-24 21:59:55,628 [DEBUG]  		found 2 row clusters (in 0.02683 secs)
2025-04-24 21:59:55,628 [DEBUG]  OP: Operation.CREATE_LEAF on slice (2572, 1) (remaining tasks 49)
2025-04-24 21:59:55,628 [DEBUG]  		 created leaf IdentityNumericLeaf for scope=[0] (in 0.00022 secs)
2025-04-24 21:59:55,628 [DEBUG]  OP: Operation.CREATE_LEAF on slice (2572, 1) (remaining tasks 48)
2025-04-24 21:59:55,629 [DEBUG]  		 created leaf IdentityNumericLeaf for scope=[2] (in 0.00076 secs)
2025-04-24 21:59:55,629 [DEBUG]  OP: Operation.CREATE_LEAF on slice (2576, 1) (remaining tasks 47)
2025-04-24 21:59:55,629 [DEBUG]  		 created leaf IdentityNumericLeaf for scope=[0] (in 0.00024 secs)
2025-04-24 21:59:55,629 [DEBUG]  OP: Operation.CREATE_LEAF on slice (2576, 1) (remaining tasks 46)
2025-04-24 21:59:55,630 [DEBUG]  		 created leaf IdentityNumericLeaf for scope=[2] (in 0.00078 secs)
2025-04-24 21:59:55,631 [DEBUG]  OP: Operation.SPLIT_ROWS on slice (2571, 2) (remaining tasks 45)
2025-04-24 21:59:55,658 [DEBUG]  		found 2 row clusters (in 0.02732 secs)
2025-04-24 21:59:55,658 [DEBUG]  OP: Operation.CREATE_LEAF on slice (2570, 1) (remaining tasks 46)
2025-04-24 21:59:55,659 [DEBUG]  		 created leaf IdentityNumericLeaf for scope=[0] (in 0.00025 secs)
2025-04-24 21:59:55,659 [DEBUG]  OP: Operation.CREATE_LEAF on slice (2570, 1) (remaining tasks 45)
2025-04-24 21:59:55,659 [DEBUG]  		 created leaf IdentityNumericLeaf for scope=[2] (in 0.00078 secs)
2025-04-24 21:59:55,660 [DEBUG]  OP: Operation.SPLIT_ROWS on slice (2565, 2) (remaining tasks 44)
2025-04-24 21:59:55,687 [DEBUG]  		found 2 row clusters (in 0.02698 secs)
2025-04-24 21:59:55,687 [DEBUG]  OP: Operation.REMOVE_UNINFORMATIVE_FEATURES on slice (1292, 2) (remaining tasks 45)
2025-04-24 21:59:55,687 [DEBUG]  OP: Operation.NAIVE_FACTORIZATION on slice (1289, 2) (remaining tasks 46)
2025-04-24 21:59:55,695 [DEBUG]  		naive factorization 2 columns (in 0.00791 secs)
2025-04-24 21:59:55,696 [DEBUG]  OP: Operation.REMOVE_UNINFORMATIVE_FEATURES on slice (1288, 2) (remaining tasks 45)
2025-04-24 21:59:55,696 [DEBUG]  OP: Operation.NAIVE_FACTORIZATION on slice (1284, 2) (remaining tasks 46)
2025-04-24 21:59:55,709 [DEBUG]  		naive factorization 2 columns (in 0.01295 secs)
2025-04-24 21:59:55,709 [DEBUG]  OP: Operation.REMOVE_UNINFORMATIVE_FEATURES on slice (1295, 2) (remaining tasks 45)
2025-04-24 21:59:55,710 [DEBUG]  OP: Operation.NAIVE_FACTORIZATION on slice (1292, 2) (remaining tasks 46)
2025-04-24 21:59:55,719 [DEBUG]  		naive factorization 2 columns (in 0.00965 secs)
2025-04-24 21:59:55,720 [DEBUG]  OP: Operation.NAIVE_FACTORIZATION on slice (1292, 2) (remaining tasks 45)
2025-04-24 21:59:55,730 [DEBUG]  		naive factorization 2 columns (in 0.00997 secs)
2025-04-24 21:59:55,730 [DEBUG]  OP: Operation.REMOVE_UNINFORMATIVE_FEATURES on slice (1289, 2) (remaining tasks 44)
2025-04-24 21:59:55,730 [DEBUG]  OP: Operation.NAIVE_FACTORIZATION on slice (1297, 2) (remaining tasks 45)
2025-04-24 21:59:55,742 [DEBUG]  		naive factorization 2 columns (in 0.01141 secs)
2025-04-24 21:59:55,742 [DEBUG]  OP: Operation.REMOVE_UNINFORMATIVE_FEATURES on slice (1295, 2) (remaining tasks 44)
2025-04-24 21:59:55,743 [DEBUG]  OP: Operation.REMOVE_UNINFORMATIVE_FEATURES on slice (1297, 2) (remaining tasks 45)
2025-04-24 21:59:55,743 [DEBUG]  OP: Operation.NAIVE_FACTORIZATION on slice (1294, 2) (remaining tasks 46)
2025-04-24 21:59:55,754 [DEBUG]  		naive factorization 2 columns (in 0.01143 secs)
2025-04-24 21:59:55,755 [DEBUG]  OP: Operation.NAIVE_FACTORIZATION on slice (1294, 2) (remaining tasks 45)
2025-04-24 21:59:55,767 [DEBUG]  		naive factorization 2 columns (in 0.01201 secs)
2025-04-24 21:59:55,767 [DEBUG]  OP: Operation.REMOVE_UNINFORMATIVE_FEATURES on slice (1289, 2) (remaining tasks 44)
2025-04-24 21:59:55,768 [DEBUG]  OP: Operation.NAIVE_FACTORIZATION on slice (1294, 2) (remaining tasks 45)
2025-04-24 21:59:55,781 [DEBUG]  		naive factorization 2 columns (in 0.01339 secs)
2025-04-24 21:59:55,782 [DEBUG]  OP: Operation.REMOVE_UNINFORMATIVE_FEATURES on slice (1293, 2) (remaining tasks 44)
2025-04-24 21:59:55,782 [DEBUG]  OP: Operation.NAIVE_FACTORIZATION on slice (1289, 2) (remaining tasks 45)
2025-04-24 21:59:55,793 [DEBUG]  		naive factorization 2 columns (in 0.01113 secs)
2025-04-24 21:59:55,794 [DEBUG]  OP: Operation.REMOVE_UNINFORMATIVE_FEATURES on slice (1288, 2) (remaining tasks 44)
2025-04-24 21:59:55,794 [DEBUG]  OP: Operation.REMOVE_UNINFORMATIVE_FEATURES on slice (1294, 2) (remaining tasks 45)
2025-04-24 21:59:55,795 [DEBUG]  OP: Operation.NAIVE_FACTORIZATION on slice (1290, 2) (remaining tasks 46)
2025-04-24 21:59:55,806 [DEBUG]  		naive factorization 2 columns (in 0.01142 secs)
2025-04-24 21:59:55,807 [DEBUG]  OP: Operation.NAIVE_FACTORIZATION on slice (1294, 2) (remaining tasks 45)
2025-04-24 21:59:55,818 [DEBUG]  		naive factorization 2 columns (in 0.01136 secs)
2025-04-24 21:59:55,819 [DEBUG]  OP: Operation.REMOVE_UNINFORMATIVE_FEATURES on slice (1292, 2) (remaining tasks 44)
2025-04-24 21:59:55,820 [DEBUG]  OP: Operation.REMOVE_UNINFORMATIVE_FEATURES on slice (1276, 2) (remaining tasks 45)
2025-04-24 21:59:55,820 [DEBUG]  OP: Operation.NAIVE_FACTORIZATION on slice (1278, 2) (remaining tasks 46)
2025-04-24 21:59:55,830 [DEBUG]  		naive factorization 2 columns (in 0.00963 secs)
2025-04-24 21:59:55,831 [DEBUG]  OP: Operation.NAIVE_FACTORIZATION on slice (1281, 2) (remaining tasks 45)
2025-04-24 21:59:55,842 [DEBUG]  		naive factorization 2 columns (in 0.01089 secs)
2025-04-24 21:59:55,843 [DEBUG]  OP: Operation.REMOVE_UNINFORMATIVE_FEATURES on slice (1283, 2) (remaining tasks 44)
2025-04-24 21:59:55,843 [DEBUG]  OP: Operation.NAIVE_FACTORIZATION on slice (1278, 2) (remaining tasks 45)
2025-04-24 21:59:55,854 [DEBUG]  		naive factorization 2 columns (in 0.01013 secs)
2025-04-24 21:59:55,854 [DEBUG]  OP: Operation.REMOVE_UNINFORMATIVE_FEATURES on slice (1281, 2) (remaining tasks 44)
2025-04-24 21:59:55,855 [DEBUG]  OP: Operation.NAIVE_FACTORIZATION on slice (1286, 2) (remaining tasks 45)
2025-04-24 21:59:55,866 [DEBUG]  		naive factorization 2 columns (in 0.01037 secs)
2025-04-24 21:59:55,866 [DEBUG]  OP: Operation.REMOVE_UNINFORMATIVE_FEATURES on slice (1286, 2) (remaining tasks 44)
2025-04-24 21:59:55,867 [DEBUG]  OP: Operation.REMOVE_UNINFORMATIVE_FEATURES on slice (1285, 2) (remaining tasks 45)
2025-04-24 21:59:55,868 [DEBUG]  OP: Operation.NAIVE_FACTORIZATION on slice (1286, 2) (remaining tasks 46)
2025-04-24 21:59:55,878 [DEBUG]  		naive factorization 2 columns (in 0.01044 secs)
2025-04-24 21:59:55,879 [DEBUG]  OP: Operation.REMOVE_UNINFORMATIVE_FEATURES on slice (1288, 2) (remaining tasks 45)
2025-04-24 21:59:55,880 [DEBUG]  OP: Operation.NAIVE_FACTORIZATION on slice (1287, 2) (remaining tasks 46)
2025-04-24 21:59:55,889 [DEBUG]  		naive factorization 2 columns (in 0.00918 secs)
2025-04-24 21:59:55,890 [DEBUG]  OP: Operation.REMOVE_UNINFORMATIVE_FEATURES on slice (1284, 2) (remaining tasks 45)
2025-04-24 21:59:55,890 [DEBUG]  OP: Operation.NAIVE_FACTORIZATION on slice (1283, 2) (remaining tasks 46)
2025-04-24 21:59:55,899 [DEBUG]  		naive factorization 2 columns (in 0.00857 secs)
2025-04-24 21:59:55,900 [DEBUG]  OP: Operation.REMOVE_UNINFORMATIVE_FEATURES on slice (1282, 2) (remaining tasks 45)
2025-04-24 21:59:55,900 [DEBUG]  OP: Operation.NAIVE_FACTORIZATION on slice (1283, 2) (remaining tasks 46)
2025-04-24 21:59:55,908 [DEBUG]  		naive factorization 2 columns (in 0.00783 secs)
2025-04-24 21:59:55,909 [DEBUG]  OP: Operation.NAIVE_FACTORIZATION on slice (1281, 2) (remaining tasks 45)
2025-04-24 21:59:55,918 [DEBUG]  		naive factorization 2 columns (in 0.00829 secs)
2025-04-24 21:59:55,918 [DEBUG]  OP: Operation.REMOVE_UNINFORMATIVE_FEATURES on slice (1283, 2) (remaining tasks 44)
2025-04-24 21:59:55,919 [DEBUG]  OP: Operation.REMOVE_UNINFORMATIVE_FEATURES on slice (1289, 2) (remaining tasks 45)
2025-04-24 21:59:55,919 [DEBUG]  OP: Operation.NAIVE_FACTORIZATION on slice (1287, 2) (remaining tasks 46)
2025-04-24 21:59:55,928 [DEBUG]  		naive factorization 2 columns (in 0.00840 secs)
2025-04-24 21:59:55,929 [DEBUG]  OP: Operation.REMOVE_UNINFORMATIVE_FEATURES on slice (1286, 2) (remaining tasks 45)
2025-04-24 21:59:55,929 [DEBUG]  OP: Operation.NAIVE_FACTORIZATION on slice (1285, 2) (remaining tasks 46)
2025-04-24 21:59:55,938 [DEBUG]  		naive factorization 2 columns (in 0.00872 secs)
2025-04-24 21:59:55,939 [DEBUG]  OP: Operation.NAIVE_FACTORIZATION on slice (1282, 2) (remaining tasks 45)
2025-04-24 21:59:55,949 [DEBUG]  		naive factorization 2 columns (in 0.01005 secs)
2025-04-24 21:59:55,950 [DEBUG]  OP: Operation.REMOVE_UNINFORMATIVE_FEATURES on slice (1283, 2) (remaining tasks 44)
2025-04-24 21:59:55,950 [DEBUG]  OP: Operation.CREATE_LEAF on slice (1292, 1) (remaining tasks 45)
2025-04-24 21:59:55,951 [DEBUG]  		 created leaf IdentityNumericLeaf for scope=[0] (in 0.00059 secs)
2025-04-24 21:59:55,951 [DEBUG]  OP: Operation.CREATE_LEAF on slice (1292, 1) (remaining tasks 44)
2025-04-24 21:59:55,953 [DEBUG]  		 created leaf IdentityNumericLeaf for scope=[2] (in 0.00119 secs)
2025-04-24 21:59:55,953 [DEBUG]  OP: Operation.CREATE_LEAF on slice (1288, 1) (remaining tasks 43)
2025-04-24 21:59:55,953 [DEBUG]  		 created leaf IdentityNumericLeaf for scope=[0] (in 0.00050 secs)
2025-04-24 21:59:55,954 [DEBUG]  OP: Operation.CREATE_LEAF on slice (1288, 1) (remaining tasks 42)
2025-04-24 21:59:55,955 [DEBUG]  		 created leaf IdentityNumericLeaf for scope=[2] (in 0.00124 secs)
2025-04-24 21:59:55,955 [DEBUG]  OP: Operation.CREATE_LEAF on slice (1295, 1) (remaining tasks 41)
2025-04-24 21:59:55,956 [DEBUG]  		 created leaf IdentityNumericLeaf for scope=[0] (in 0.00050 secs)
2025-04-24 21:59:55,956 [DEBUG]  OP: Operation.CREATE_LEAF on slice (1295, 1) (remaining tasks 40)
2025-04-24 21:59:55,957 [DEBUG]  		 created leaf IdentityNumericLeaf for scope=[2] (in 0.00121 secs)
2025-04-24 21:59:55,958 [DEBUG]  OP: Operation.CREATE_LEAF on slice (1289, 1) (remaining tasks 39)
2025-04-24 21:59:55,958 [DEBUG]  		 created leaf IdentityNumericLeaf for scope=[0] (in 0.00049 secs)
2025-04-24 21:59:55,959 [DEBUG]  OP: Operation.CREATE_LEAF on slice (1289, 1) (remaining tasks 38)
2025-04-24 21:59:55,960 [DEBUG]  		 created leaf IdentityNumericLeaf for scope=[2] (in 0.00123 secs)
2025-04-24 21:59:55,960 [DEBUG]  OP: Operation.CREATE_LEAF on slice (1295, 1) (remaining tasks 37)
2025-04-24 21:59:55,961 [DEBUG]  		 created leaf IdentityNumericLeaf for scope=[0] (in 0.00048 secs)
2025-04-24 21:59:55,961 [DEBUG]  OP: Operation.CREATE_LEAF on slice (1295, 1) (remaining tasks 36)
2025-04-24 21:59:55,962 [DEBUG]  		 created leaf IdentityNumericLeaf for scope=[2] (in 0.00123 secs)
2025-04-24 21:59:55,963 [DEBUG]  OP: Operation.CREATE_LEAF on slice (1297, 1) (remaining tasks 35)
2025-04-24 21:59:55,963 [DEBUG]  		 created leaf IdentityNumericLeaf for scope=[0] (in 0.00049 secs)
2025-04-24 21:59:55,963 [DEBUG]  OP: Operation.CREATE_LEAF on slice (1297, 1) (remaining tasks 34)
2025-04-24 21:59:55,965 [DEBUG]  		 created leaf IdentityNumericLeaf for scope=[2] (in 0.00122 secs)
2025-04-24 21:59:55,965 [DEBUG]  OP: Operation.CREATE_LEAF on slice (1289, 1) (remaining tasks 33)
2025-04-24 21:59:55,966 [DEBUG]  		 created leaf IdentityNumericLeaf for scope=[0] (in 0.00049 secs)
2025-04-24 21:59:55,966 [DEBUG]  OP: Operation.CREATE_LEAF on slice (1289, 1) (remaining tasks 32)
2025-04-24 21:59:55,967 [DEBUG]  		 created leaf IdentityNumericLeaf for scope=[2] (in 0.00124 secs)
2025-04-24 21:59:55,967 [DEBUG]  OP: Operation.CREATE_LEAF on slice (1293, 1) (remaining tasks 31)
2025-04-24 21:59:55,968 [DEBUG]  		 created leaf IdentityNumericLeaf for scope=[0] (in 0.00049 secs)
2025-04-24 21:59:55,968 [DEBUG]  OP: Operation.CREATE_LEAF on slice (1293, 1) (remaining tasks 30)
2025-04-24 21:59:55,970 [DEBUG]  		 created leaf IdentityNumericLeaf for scope=[2] (in 0.00123 secs)
2025-04-24 21:59:55,970 [DEBUG]  OP: Operation.CREATE_LEAF on slice (1288, 1) (remaining tasks 29)
2025-04-24 21:59:55,971 [DEBUG]  		 created leaf IdentityNumericLeaf for scope=[0] (in 0.00051 secs)
2025-04-24 21:59:55,971 [DEBUG]  OP: Operation.CREATE_LEAF on slice (1288, 1) (remaining tasks 28)
2025-04-24 21:59:55,972 [DEBUG]  		 created leaf IdentityNumericLeaf for scope=[2] (in 0.00152 secs)
2025-04-24 21:59:55,973 [DEBUG]  OP: Operation.CREATE_LEAF on slice (1294, 1) (remaining tasks 27)
2025-04-24 21:59:55,973 [DEBUG]  		 created leaf IdentityNumericLeaf for scope=[0] (in 0.00051 secs)
2025-04-24 21:59:55,974 [DEBUG]  OP: Operation.CREATE_LEAF on slice (1294, 1) (remaining tasks 26)
2025-04-24 21:59:55,975 [DEBUG]  		 created leaf IdentityNumericLeaf for scope=[2] (in 0.00124 secs)
2025-04-24 21:59:55,975 [DEBUG]  OP: Operation.CREATE_LEAF on slice (1292, 1) (remaining tasks 25)
2025-04-24 21:59:55,976 [DEBUG]  		 created leaf IdentityNumericLeaf for scope=[0] (in 0.00049 secs)
2025-04-24 21:59:55,976 [DEBUG]  OP: Operation.CREATE_LEAF on slice (1292, 1) (remaining tasks 24)
2025-04-24 21:59:55,977 [DEBUG]  		 created leaf IdentityNumericLeaf for scope=[2] (in 0.00123 secs)
2025-04-24 21:59:55,978 [DEBUG]  OP: Operation.CREATE_LEAF on slice (1276, 1) (remaining tasks 23)
2025-04-24 21:59:55,978 [DEBUG]  		 created leaf IdentityNumericLeaf for scope=[0] (in 0.00049 secs)
2025-04-24 21:59:55,978 [DEBUG]  OP: Operation.CREATE_LEAF on slice (1276, 1) (remaining tasks 22)
2025-04-24 21:59:55,980 [DEBUG]  		 created leaf IdentityNumericLeaf for scope=[2] (in 0.00121 secs)
2025-04-24 21:59:55,980 [DEBUG]  OP: Operation.CREATE_LEAF on slice (1283, 1) (remaining tasks 21)
2025-04-24 21:59:55,981 [DEBUG]  		 created leaf IdentityNumericLeaf for scope=[0] (in 0.00048 secs)
2025-04-24 21:59:55,981 [DEBUG]  OP: Operation.CREATE_LEAF on slice (1283, 1) (remaining tasks 20)
2025-04-24 21:59:55,982 [DEBUG]  		 created leaf IdentityNumericLeaf for scope=[2] (in 0.00120 secs)
2025-04-24 21:59:55,982 [DEBUG]  OP: Operation.CREATE_LEAF on slice (1281, 1) (remaining tasks 19)
2025-04-24 21:59:55,983 [DEBUG]  		 created leaf IdentityNumericLeaf for scope=[0] (in 0.00049 secs)
2025-04-24 21:59:55,983 [DEBUG]  OP: Operation.CREATE_LEAF on slice (1281, 1) (remaining tasks 18)
2025-04-24 21:59:55,985 [DEBUG]  		 created leaf IdentityNumericLeaf for scope=[2] (in 0.00120 secs)
2025-04-24 21:59:55,985 [DEBUG]  OP: Operation.CREATE_LEAF on slice (1286, 1) (remaining tasks 17)
2025-04-24 21:59:55,985 [DEBUG]  		 created leaf IdentityNumericLeaf for scope=[0] (in 0.00049 secs)
2025-04-24 21:59:55,986 [DEBUG]  OP: Operation.CREATE_LEAF on slice (1286, 1) (remaining tasks 16)
2025-04-24 21:59:55,987 [DEBUG]  		 created leaf IdentityNumericLeaf for scope=[2] (in 0.00125 secs)
2025-04-24 21:59:55,987 [DEBUG]  OP: Operation.CREATE_LEAF on slice (1285, 1) (remaining tasks 15)
2025-04-24 21:59:55,988 [DEBUG]  		 created leaf IdentityNumericLeaf for scope=[0] (in 0.00049 secs)
2025-04-24 21:59:55,988 [DEBUG]  OP: Operation.CREATE_LEAF on slice (1285, 1) (remaining tasks 14)
2025-04-24 21:59:55,989 [DEBUG]  		 created leaf IdentityNumericLeaf for scope=[2] (in 0.00122 secs)
2025-04-24 21:59:55,990 [DEBUG]  OP: Operation.CREATE_LEAF on slice (1288, 1) (remaining tasks 13)
2025-04-24 21:59:55,990 [DEBUG]  		 created leaf IdentityNumericLeaf for scope=[0] (in 0.00049 secs)
2025-04-24 21:59:55,991 [DEBUG]  OP: Operation.CREATE_LEAF on slice (1288, 1) (remaining tasks 12)
2025-04-24 21:59:55,992 [DEBUG]  		 created leaf IdentityNumericLeaf for scope=[2] (in 0.00112 secs)
2025-04-24 21:59:55,992 [DEBUG]  OP: Operation.CREATE_LEAF on slice (1284, 1) (remaining tasks 11)
2025-04-24 21:59:55,993 [DEBUG]  		 created leaf IdentityNumericLeaf for scope=[0] (in 0.00045 secs)
2025-04-24 21:59:55,993 [DEBUG]  OP: Operation.CREATE_LEAF on slice (1284, 1) (remaining tasks 10)
2025-04-24 21:59:55,994 [DEBUG]  		 created leaf IdentityNumericLeaf for scope=[2] (in 0.00112 secs)
2025-04-24 21:59:55,994 [DEBUG]  OP: Operation.CREATE_LEAF on slice (1282, 1) (remaining tasks 9)
2025-04-24 21:59:55,995 [DEBUG]  		 created leaf IdentityNumericLeaf for scope=[0] (in 0.00049 secs)
2025-04-24 21:59:55,995 [DEBUG]  OP: Operation.CREATE_LEAF on slice (1282, 1) (remaining tasks 8)
2025-04-24 21:59:55,996 [DEBUG]  		 created leaf IdentityNumericLeaf for scope=[2] (in 0.00101 secs)
2025-04-24 21:59:55,996 [DEBUG]  OP: Operation.CREATE_LEAF on slice (1283, 1) (remaining tasks 7)
2025-04-24 21:59:55,997 [DEBUG]  		 created leaf IdentityNumericLeaf for scope=[0] (in 0.00041 secs)
2025-04-24 21:59:55,997 [DEBUG]  OP: Operation.CREATE_LEAF on slice (1283, 1) (remaining tasks 6)
2025-04-24 21:59:55,998 [DEBUG]  		 created leaf IdentityNumericLeaf for scope=[2] (in 0.00101 secs)
2025-04-24 21:59:55,998 [DEBUG]  OP: Operation.CREATE_LEAF on slice (1289, 1) (remaining tasks 5)
2025-04-24 21:59:55,999 [DEBUG]  		 created leaf IdentityNumericLeaf for scope=[0] (in 0.00041 secs)
2025-04-24 21:59:55,999 [DEBUG]  OP: Operation.CREATE_LEAF on slice (1289, 1) (remaining tasks 4)
2025-04-24 21:59:56,000 [DEBUG]  		 created leaf IdentityNumericLeaf for scope=[2] (in 0.00093 secs)
2025-04-24 21:59:56,000 [DEBUG]  OP: Operation.CREATE_LEAF on slice (1286, 1) (remaining tasks 3)
2025-04-24 21:59:56,001 [DEBUG]  		 created leaf IdentityNumericLeaf for scope=[0] (in 0.00039 secs)
2025-04-24 21:59:56,001 [DEBUG]  OP: Operation.CREATE_LEAF on slice (1286, 1) (remaining tasks 2)
2025-04-24 21:59:56,002 [DEBUG]  		 created leaf IdentityNumericLeaf for scope=[2] (in 0.00096 secs)
2025-04-24 21:59:56,002 [DEBUG]  OP: Operation.CREATE_LEAF on slice (1283, 1) (remaining tasks 1)
2025-04-24 21:59:56,003 [DEBUG]  		 created leaf IdentityNumericLeaf for scope=[0] (in 0.00041 secs)
2025-04-24 21:59:56,003 [DEBUG]  OP: Operation.CREATE_LEAF on slice (1283, 1) (remaining tasks 0)
2025-04-24 21:59:56,004 [DEBUG]  		 created leaf IdentityNumericLeaf for scope=[2] (in 0.00087 secs)
2025-04-24 22:00:04,959 [DEBUG]  Built SPN in 25.915796232991852 sec
2025-04-24 22:00:04,959 [INFO ]  Saving ensemble to /home/dafn/card/deepcard/collected_temp_benchmarks/spn_ensembles/Localization Data for Person Activity/ensemble_single_conflongdemo_jsi_10000000.pkl
