2025-04-24 21:43:28,476 [INFO ]  Creating naive ensemble.
2025-04-24 21:43:28,476 [INFO ]  Learning SPN for conflongdemo_jsi.
2025-04-24 21:43:28,476 [DEBUG]  generate_join_sample(single_table=conflongdemo_jsi, relationship_list=None, split_condition=None)
2025-04-24 21:43:28,527 [DEBUG]  Using min_instance_slice parameter 1648.6000000000001.
2025-04-24 21:43:28,528 [INFO ]  SPN training phase with 164860 samples
2025-04-24 21:43:28,579 [DEBUG]  Built domains in 0.05021218699403107 sec
2025-04-24 21:43:28,943 [DEBUG]  CACHEDIR=/home/dafn/.cache/matplotlib
2025-04-24 21:43:28,945 [DEBUG]  Using fontManager instance from /home/dafn/.cache/matplotlib/fontlist-v300.json
2025-04-24 21:43:29,039 [DEBUG]  Loaded backend qt5agg version unknown.
2025-04-24 21:43:29,069 [DEBUG]  Loaded backend qt5agg version unknown.
2025-04-24 21:43:29,070 [DEBUG]  Loaded backend qt4agg version unknown.
2025-04-24 21:43:29,078 [DEBUG]  Loaded backend tkagg version unknown.
2025-04-24 21:43:29,078 [DEBUG]  Loaded backend agg version unknown.
2025-04-24 21:43:29,078 [DEBUG]  Loaded backend agg version unknown.
2025-04-24 21:43:29,085 [DEBUG]  OP: Operation.SPLIT_ROWS on slice (164860, 7) (remaining tasks 0)
2025-04-24 21:43:29,590 [DEBUG]  		found 2 row clusters (in 0.50411 secs)
2025-04-24 21:43:29,596 [DEBUG]  OP: Operation.SPLIT_COLUMNS on slice (82687, 7) (remaining tasks 1)
2025-04-24 21:43:30,458 [DEBUG]  		found 1 col clusters (in 0.86168 secs)
2025-04-24 21:43:30,468 [DEBUG]  OP: Operation.SPLIT_COLUMNS on slice (82173, 7) (remaining tasks 1)
2025-04-24 21:43:31,627 [DEBUG]  		found 1 col clusters (in 1.15426 secs)
2025-04-24 21:43:31,637 [DEBUG]  OP: Operation.SPLIT_ROWS on slice (82687, 7) (remaining tasks 1)
2025-04-24 21:43:32,117 [DEBUG]  		found 2 row clusters (in 0.47530 secs)
2025-04-24 21:43:32,124 [DEBUG]  OP: Operation.SPLIT_ROWS on slice (82173, 7) (remaining tasks 2)
2025-04-24 21:43:32,465 [DEBUG]  		found 2 row clusters (in 0.34086 secs)
2025-04-24 21:43:32,469 [DEBUG]  OP: Operation.SPLIT_COLUMNS on slice (41367, 7) (remaining tasks 3)
2025-04-24 21:43:33,518 [DEBUG]  		found 1 col clusters (in 1.04828 secs)
2025-04-24 21:43:33,523 [DEBUG]  OP: Operation.SPLIT_COLUMNS on slice (41320, 7) (remaining tasks 3)
2025-04-24 21:43:34,566 [DEBUG]  		found 1 col clusters (in 1.04289 secs)
2025-04-24 21:43:34,571 [DEBUG]  OP: Operation.SPLIT_COLUMNS on slice (41065, 7) (remaining tasks 3)
2025-04-24 21:43:35,694 [DEBUG]  		found 1 col clusters (in 1.12250 secs)
2025-04-24 21:43:35,701 [DEBUG]  OP: Operation.SPLIT_COLUMNS on slice (41108, 7) (remaining tasks 3)
2025-04-24 21:43:36,691 [DEBUG]  		found 1 col clusters (in 0.99042 secs)
2025-04-24 21:43:36,697 [DEBUG]  OP: Operation.SPLIT_ROWS on slice (41367, 7) (remaining tasks 3)
2025-04-24 21:43:37,076 [DEBUG]  		found 2 row clusters (in 0.37856 secs)
2025-04-24 21:43:37,082 [DEBUG]  OP: Operation.SPLIT_ROWS on slice (41320, 7) (remaining tasks 4)
2025-04-24 21:43:37,284 [DEBUG]  		found 2 row clusters (in 0.20246 secs)
2025-04-24 21:43:37,288 [DEBUG]  OP: Operation.SPLIT_ROWS on slice (41065, 7) (remaining tasks 5)
2025-04-24 21:43:37,488 [DEBUG]  		found 2 row clusters (in 0.20079 secs)
2025-04-24 21:43:37,492 [DEBUG]  OP: Operation.SPLIT_ROWS on slice (41108, 7) (remaining tasks 6)
2025-04-24 21:43:37,690 [DEBUG]  		found 2 row clusters (in 0.19800 secs)
2025-04-24 21:43:37,692 [DEBUG]  OP: Operation.SPLIT_COLUMNS on slice (20694, 7) (remaining tasks 7)
2025-04-24 21:43:38,760 [DEBUG]  		found 1 col clusters (in 1.06786 secs)
2025-04-24 21:43:38,763 [DEBUG]  OP: Operation.SPLIT_COLUMNS on slice (20673, 7) (remaining tasks 7)
2025-04-24 21:43:40,018 [DEBUG]  		found 1 col clusters (in 1.25501 secs)
2025-04-24 21:43:40,021 [DEBUG]  OP: Operation.SPLIT_COLUMNS on slice (20649, 7) (remaining tasks 7)
2025-04-24 21:43:40,930 [DEBUG]  		found 1 col clusters (in 0.90803 secs)
2025-04-24 21:43:40,933 [DEBUG]  OP: Operation.SPLIT_COLUMNS on slice (20671, 7) (remaining tasks 7)
2025-04-24 21:43:42,021 [DEBUG]  		found 1 col clusters (in 1.08821 secs)
2025-04-24 21:43:42,025 [DEBUG]  OP: Operation.SPLIT_COLUMNS on slice (20518, 7) (remaining tasks 7)
2025-04-24 21:43:43,133 [DEBUG]  		found 1 col clusters (in 1.10812 secs)
2025-04-24 21:43:43,136 [DEBUG]  OP: Operation.SPLIT_COLUMNS on slice (20547, 7) (remaining tasks 7)
2025-04-24 21:43:44,381 [DEBUG]  		found 1 col clusters (in 1.24503 secs)
2025-04-24 21:43:44,384 [DEBUG]  OP: Operation.SPLIT_COLUMNS on slice (20543, 7) (remaining tasks 7)
2025-04-24 21:43:45,483 [DEBUG]  		found 1 col clusters (in 1.09790 secs)
2025-04-24 21:43:45,486 [DEBUG]  OP: Operation.SPLIT_COLUMNS on slice (20565, 7) (remaining tasks 7)
2025-04-24 21:43:46,656 [DEBUG]  		found 1 col clusters (in 1.17029 secs)
2025-04-24 21:43:46,659 [DEBUG]  OP: Operation.SPLIT_ROWS on slice (20694, 7) (remaining tasks 7)
2025-04-24 21:43:46,901 [DEBUG]  		found 2 row clusters (in 0.24134 secs)
2025-04-24 21:43:46,903 [DEBUG]  OP: Operation.SPLIT_ROWS on slice (20673, 7) (remaining tasks 8)
2025-04-24 21:43:47,021 [DEBUG]  		found 2 row clusters (in 0.11832 secs)
2025-04-24 21:43:47,023 [DEBUG]  OP: Operation.SPLIT_ROWS on slice (20649, 7) (remaining tasks 9)
2025-04-24 21:43:47,134 [DEBUG]  		found 2 row clusters (in 0.11072 secs)
2025-04-24 21:43:47,136 [DEBUG]  OP: Operation.SPLIT_ROWS on slice (20671, 7) (remaining tasks 10)
2025-04-24 21:43:47,247 [DEBUG]  		found 2 row clusters (in 0.11121 secs)
2025-04-24 21:43:47,249 [DEBUG]  OP: Operation.SPLIT_ROWS on slice (20518, 7) (remaining tasks 11)
2025-04-24 21:43:47,359 [DEBUG]  		found 2 row clusters (in 0.10995 secs)
2025-04-24 21:43:47,361 [DEBUG]  OP: Operation.SPLIT_ROWS on slice (20547, 7) (remaining tasks 12)
2025-04-24 21:43:47,471 [DEBUG]  		found 2 row clusters (in 0.11007 secs)
2025-04-24 21:43:47,473 [DEBUG]  OP: Operation.SPLIT_ROWS on slice (20543, 7) (remaining tasks 13)
2025-04-24 21:43:47,589 [DEBUG]  		found 2 row clusters (in 0.11647 secs)
2025-04-24 21:43:47,591 [DEBUG]  OP: Operation.SPLIT_ROWS on slice (20565, 7) (remaining tasks 14)
2025-04-24 21:43:47,701 [DEBUG]  		found 2 row clusters (in 0.10959 secs)
2025-04-24 21:43:47,702 [DEBUG]  OP: Operation.SPLIT_COLUMNS on slice (10351, 7) (remaining tasks 15)
2025-04-24 21:43:48,586 [DEBUG]  		found 1 col clusters (in 0.88435 secs)
2025-04-24 21:43:48,588 [DEBUG]  OP: Operation.SPLIT_COLUMNS on slice (10343, 7) (remaining tasks 15)
2025-04-24 21:43:49,845 [DEBUG]  		found 1 col clusters (in 1.25626 secs)
2025-04-24 21:43:49,846 [DEBUG]  OP: Operation.SPLIT_COLUMNS on slice (10332, 7) (remaining tasks 15)
2025-04-24 21:43:50,707 [DEBUG]  		found 1 col clusters (in 0.86072 secs)
2025-04-24 21:43:50,709 [DEBUG]  OP: Operation.SPLIT_COLUMNS on slice (10341, 7) (remaining tasks 15)
2025-04-24 21:43:51,716 [DEBUG]  		found 1 col clusters (in 1.00696 secs)
2025-04-24 21:43:51,718 [DEBUG]  OP: Operation.SPLIT_COLUMNS on slice (10329, 7) (remaining tasks 15)
2025-04-24 21:43:52,633 [DEBUG]  		found 1 col clusters (in 0.91477 secs)
2025-04-24 21:43:52,635 [DEBUG]  OP: Operation.SPLIT_COLUMNS on slice (10320, 7) (remaining tasks 15)
2025-04-24 21:43:53,635 [DEBUG]  		found 1 col clusters (in 0.99979 secs)
2025-04-24 21:43:53,637 [DEBUG]  OP: Operation.SPLIT_COLUMNS on slice (10343, 7) (remaining tasks 15)
2025-04-24 21:43:54,786 [DEBUG]  		found 1 col clusters (in 1.14909 secs)
2025-04-24 21:43:54,788 [DEBUG]  OP: Operation.SPLIT_COLUMNS on slice (10328, 7) (remaining tasks 15)
2025-04-24 21:43:55,937 [DEBUG]  		found 1 col clusters (in 1.14858 secs)
2025-04-24 21:43:55,939 [DEBUG]  OP: Operation.SPLIT_COLUMNS on slice (10265, 7) (remaining tasks 15)
2025-04-24 21:43:57,075 [DEBUG]  		found 1 col clusters (in 1.13622 secs)
2025-04-24 21:43:57,077 [DEBUG]  OP: Operation.SPLIT_COLUMNS on slice (10253, 7) (remaining tasks 15)
2025-04-24 21:43:58,319 [DEBUG]  		found 1 col clusters (in 1.24168 secs)
2025-04-24 21:43:58,321 [DEBUG]  OP: Operation.SPLIT_COLUMNS on slice (10281, 7) (remaining tasks 15)
2025-04-24 21:43:59,463 [DEBUG]  		found 1 col clusters (in 1.14186 secs)
2025-04-24 21:43:59,465 [DEBUG]  OP: Operation.SPLIT_COLUMNS on slice (10266, 7) (remaining tasks 15)
2025-04-24 21:44:00,425 [DEBUG]  		found 1 col clusters (in 0.96040 secs)
2025-04-24 21:44:00,427 [DEBUG]  OP: Operation.SPLIT_COLUMNS on slice (10266, 7) (remaining tasks 15)
2025-04-24 21:44:01,469 [DEBUG]  		found 1 col clusters (in 1.04188 secs)
2025-04-24 21:44:01,471 [DEBUG]  OP: Operation.SPLIT_COLUMNS on slice (10277, 7) (remaining tasks 15)
2025-04-24 21:44:02,546 [DEBUG]  		found 1 col clusters (in 1.07461 secs)
2025-04-24 21:44:02,548 [DEBUG]  OP: Operation.SPLIT_COLUMNS on slice (10288, 7) (remaining tasks 15)
2025-04-24 21:44:03,659 [DEBUG]  		found 1 col clusters (in 1.11142 secs)
2025-04-24 21:44:03,661 [DEBUG]  OP: Operation.SPLIT_COLUMNS on slice (10277, 7) (remaining tasks 15)
2025-04-24 21:44:04,858 [DEBUG]  		found 1 col clusters (in 1.19700 secs)
2025-04-24 21:44:04,860 [DEBUG]  OP: Operation.SPLIT_ROWS on slice (10351, 7) (remaining tasks 15)
2025-04-24 21:44:05,077 [DEBUG]  		found 2 row clusters (in 0.21712 secs)
2025-04-24 21:44:05,079 [DEBUG]  OP: Operation.SPLIT_ROWS on slice (10343, 7) (remaining tasks 16)
2025-04-24 21:44:05,181 [DEBUG]  		found 2 row clusters (in 0.10194 secs)
2025-04-24 21:44:05,182 [DEBUG]  OP: Operation.SPLIT_ROWS on slice (10332, 7) (remaining tasks 17)
2025-04-24 21:44:05,261 [DEBUG]  		found 2 row clusters (in 0.07905 secs)
2025-04-24 21:44:05,262 [DEBUG]  OP: Operation.SPLIT_ROWS on slice (10341, 7) (remaining tasks 18)
2025-04-24 21:44:05,335 [DEBUG]  		found 2 row clusters (in 0.07307 secs)
2025-04-24 21:44:05,337 [DEBUG]  OP: Operation.SPLIT_ROWS on slice (10329, 7) (remaining tasks 19)
2025-04-24 21:44:05,416 [DEBUG]  		found 2 row clusters (in 0.07926 secs)
2025-04-24 21:44:05,417 [DEBUG]  OP: Operation.SPLIT_ROWS on slice (10320, 7) (remaining tasks 20)
2025-04-24 21:44:05,496 [DEBUG]  		found 2 row clusters (in 0.07922 secs)
2025-04-24 21:44:05,497 [DEBUG]  OP: Operation.SPLIT_ROWS on slice (10343, 7) (remaining tasks 21)
2025-04-24 21:44:05,576 [DEBUG]  		found 2 row clusters (in 0.07899 secs)
2025-04-24 21:44:05,577 [DEBUG]  OP: Operation.SPLIT_ROWS on slice (10328, 7) (remaining tasks 22)
2025-04-24 21:44:05,657 [DEBUG]  		found 2 row clusters (in 0.07918 secs)
2025-04-24 21:44:05,658 [DEBUG]  OP: Operation.SPLIT_ROWS on slice (10265, 7) (remaining tasks 23)
2025-04-24 21:44:05,738 [DEBUG]  		found 2 row clusters (in 0.08014 secs)
2025-04-24 21:44:05,739 [DEBUG]  OP: Operation.SPLIT_ROWS on slice (10253, 7) (remaining tasks 24)
2025-04-24 21:44:05,819 [DEBUG]  		found 2 row clusters (in 0.07969 secs)
2025-04-24 21:44:05,820 [DEBUG]  OP: Operation.SPLIT_ROWS on slice (10281, 7) (remaining tasks 25)
2025-04-24 21:44:05,900 [DEBUG]  		found 2 row clusters (in 0.07997 secs)
2025-04-24 21:44:05,901 [DEBUG]  OP: Operation.SPLIT_ROWS on slice (10266, 7) (remaining tasks 26)
2025-04-24 21:44:05,981 [DEBUG]  		found 2 row clusters (in 0.07998 secs)
2025-04-24 21:44:05,982 [DEBUG]  OP: Operation.SPLIT_ROWS on slice (10266, 7) (remaining tasks 27)
2025-04-24 21:44:06,056 [DEBUG]  		found 2 row clusters (in 0.07386 secs)
2025-04-24 21:44:06,057 [DEBUG]  OP: Operation.SPLIT_ROWS on slice (10277, 7) (remaining tasks 28)
2025-04-24 21:44:06,137 [DEBUG]  		found 2 row clusters (in 0.08012 secs)
2025-04-24 21:44:06,139 [DEBUG]  OP: Operation.SPLIT_ROWS on slice (10288, 7) (remaining tasks 29)
2025-04-24 21:44:06,218 [DEBUG]  		found 2 row clusters (in 0.07922 secs)
2025-04-24 21:44:06,219 [DEBUG]  OP: Operation.SPLIT_ROWS on slice (10277, 7) (remaining tasks 30)
2025-04-24 21:44:06,299 [DEBUG]  		found 2 row clusters (in 0.08000 secs)
2025-04-24 21:44:06,300 [DEBUG]  OP: Operation.SPLIT_COLUMNS on slice (5179, 7) (remaining tasks 31)
2025-04-24 21:44:07,143 [DEBUG]  		found 1 col clusters (in 0.84280 secs)
2025-04-24 21:44:07,144 [DEBUG]  OP: Operation.SPLIT_COLUMNS on slice (5172, 7) (remaining tasks 31)
2025-04-24 21:44:08,032 [DEBUG]  		found 1 col clusters (in 0.88771 secs)
2025-04-24 21:44:08,033 [DEBUG]  OP: Operation.REMOVE_UNINFORMATIVE_FEATURES on slice (5177, 7) (remaining tasks 31)
2025-04-24 21:44:08,034 [DEBUG]  OP: Operation.SPLIT_COLUMNS on slice (5166, 7) (remaining tasks 32)
2025-04-24 21:44:09,027 [DEBUG]  		found 1 col clusters (in 0.99317 secs)
2025-04-24 21:44:09,029 [DEBUG]  OP: Operation.SPLIT_COLUMNS on slice (5170, 7) (remaining tasks 32)
2025-04-24 21:44:09,941 [DEBUG]  		found 1 col clusters (in 0.91243 secs)
2025-04-24 21:44:09,942 [DEBUG]  OP: Operation.SPLIT_COLUMNS on slice (5162, 7) (remaining tasks 32)
2025-04-24 21:44:10,915 [DEBUG]  		found 1 col clusters (in 0.97235 secs)
2025-04-24 21:44:10,916 [DEBUG]  OP: Operation.SPLIT_COLUMNS on slice (5174, 7) (remaining tasks 32)
2025-04-24 21:44:11,830 [DEBUG]  		found 1 col clusters (in 0.91297 secs)
2025-04-24 21:44:11,831 [DEBUG]  OP: Operation.SPLIT_COLUMNS on slice (5167, 7) (remaining tasks 32)
2025-04-24 21:44:12,766 [DEBUG]  		found 1 col clusters (in 0.93502 secs)
2025-04-24 21:44:12,767 [DEBUG]  OP: Operation.REMOVE_UNINFORMATIVE_FEATURES on slice (5167, 7) (remaining tasks 32)
2025-04-24 21:44:12,768 [DEBUG]  OP: Operation.SPLIT_COLUMNS on slice (5162, 7) (remaining tasks 33)
2025-04-24 21:44:13,726 [DEBUG]  		found 1 col clusters (in 0.95776 secs)
2025-04-24 21:44:13,727 [DEBUG]  OP: Operation.REMOVE_UNINFORMATIVE_FEATURES on slice (5163, 7) (remaining tasks 33)
2025-04-24 21:44:13,728 [DEBUG]  OP: Operation.SPLIT_COLUMNS on slice (5157, 7) (remaining tasks 34)
2025-04-24 21:44:14,605 [DEBUG]  		found 1 col clusters (in 0.87600 secs)
2025-04-24 21:44:14,606 [DEBUG]  OP: Operation.SPLIT_COLUMNS on slice (5175, 7) (remaining tasks 34)
2025-04-24 21:44:15,451 [DEBUG]  		found 1 col clusters (in 0.84450 secs)
2025-04-24 21:44:15,452 [DEBUG]  OP: Operation.REMOVE_UNINFORMATIVE_FEATURES on slice (5168, 7) (remaining tasks 34)
2025-04-24 21:44:15,453 [DEBUG]  OP: Operation.SPLIT_COLUMNS on slice (5169, 7) (remaining tasks 35)
2025-04-24 21:44:16,274 [DEBUG]  		found 1 col clusters (in 0.82034 secs)
2025-04-24 21:44:16,275 [DEBUG]  OP: Operation.REMOVE_UNINFORMATIVE_FEATURES on slice (5159, 7) (remaining tasks 35)
2025-04-24 21:44:16,276 [DEBUG]  OP: Operation.SPLIT_COLUMNS on slice (5129, 7) (remaining tasks 36)
2025-04-24 21:44:17,276 [DEBUG]  		found 1 col clusters (in 0.99979 secs)
2025-04-24 21:44:17,277 [DEBUG]  OP: Operation.SPLIT_COLUMNS on slice (5136, 7) (remaining tasks 36)
2025-04-24 21:44:18,190 [DEBUG]  		found 1 col clusters (in 0.91262 secs)
2025-04-24 21:44:18,191 [DEBUG]  OP: Operation.SPLIT_COLUMNS on slice (5124, 7) (remaining tasks 36)
2025-04-24 21:44:19,064 [DEBUG]  		found 1 col clusters (in 0.87243 secs)
2025-04-24 21:44:19,065 [DEBUG]  OP: Operation.REMOVE_UNINFORMATIVE_FEATURES on slice (5129, 7) (remaining tasks 36)
2025-04-24 21:44:19,066 [DEBUG]  OP: Operation.SPLIT_COLUMNS on slice (5139, 7) (remaining tasks 37)
2025-04-24 21:44:19,889 [DEBUG]  		found 1 col clusters (in 0.82217 secs)
2025-04-24 21:44:19,890 [DEBUG]  OP: Operation.SPLIT_COLUMNS on slice (5142, 7) (remaining tasks 37)
2025-04-24 21:44:20,671 [DEBUG]  		found 1 col clusters (in 0.78034 secs)
2025-04-24 21:44:20,672 [DEBUG]  OP: Operation.REMOVE_UNINFORMATIVE_FEATURES on slice (5130, 7) (remaining tasks 37)
2025-04-24 21:44:20,673 [DEBUG]  OP: Operation.SPLIT_COLUMNS on slice (5136, 7) (remaining tasks 38)
2025-04-24 21:44:21,412 [DEBUG]  		found 1 col clusters (in 0.73868 secs)
2025-04-24 21:44:21,413 [DEBUG]  OP: Operation.SPLIT_COLUMNS on slice (5137, 7) (remaining tasks 38)
2025-04-24 21:44:22,272 [DEBUG]  		found 1 col clusters (in 0.85852 secs)
2025-04-24 21:44:22,273 [DEBUG]  OP: Operation.SPLIT_COLUMNS on slice (5129, 7) (remaining tasks 38)
2025-04-24 21:44:23,113 [DEBUG]  		found 1 col clusters (in 0.83991 secs)
2025-04-24 21:44:23,115 [DEBUG]  OP: Operation.SPLIT_COLUMNS on slice (5136, 7) (remaining tasks 38)
2025-04-24 21:44:23,923 [DEBUG]  		found 1 col clusters (in 0.80788 secs)
2025-04-24 21:44:23,924 [DEBUG]  OP: Operation.SPLIT_COLUMNS on slice (5141, 7) (remaining tasks 38)
2025-04-24 21:44:24,849 [DEBUG]  		found 1 col clusters (in 0.92442 secs)
2025-04-24 21:44:24,850 [DEBUG]  OP: Operation.SPLIT_COLUMNS on slice (5142, 7) (remaining tasks 38)
2025-04-24 21:44:25,741 [DEBUG]  		found 1 col clusters (in 0.89132 secs)
2025-04-24 21:44:25,743 [DEBUG]  OP: Operation.REMOVE_UNINFORMATIVE_FEATURES on slice (5146, 7) (remaining tasks 38)
2025-04-24 21:44:25,744 [DEBUG]  OP: Operation.SPLIT_COLUMNS on slice (5135, 7) (remaining tasks 39)
2025-04-24 21:44:26,504 [DEBUG]  		found 1 col clusters (in 0.75967 secs)
2025-04-24 21:44:26,505 [DEBUG]  OP: Operation.SPLIT_COLUMNS on slice (5142, 7) (remaining tasks 39)
2025-04-24 21:44:27,397 [DEBUG]  		found 1 col clusters (in 0.89136 secs)
2025-04-24 21:44:27,398 [DEBUG]  OP: Operation.SPLIT_ROWS on slice (5179, 7) (remaining tasks 39)
2025-04-24 21:44:27,593 [DEBUG]  		found 2 row clusters (in 0.19487 secs)
2025-04-24 21:44:27,594 [DEBUG]  OP: Operation.SPLIT_ROWS on slice (5172, 7) (remaining tasks 40)
2025-04-24 21:44:27,659 [DEBUG]  		found 2 row clusters (in 0.06463 secs)
2025-04-24 21:44:27,659 [DEBUG]  OP: Operation.CREATE_LEAF on slice (5177, 1) (remaining tasks 41)
2025-04-24 21:44:27,659 [DEBUG]  		 created leaf IdentityNumericLeaf for scope=[0] (in 0.00049 secs)
2025-04-24 21:44:27,660 [DEBUG]  OP: Operation.SPLIT_COLUMNS on slice (5177, 6) (remaining tasks 40)
2025-04-24 21:44:28,241 [DEBUG]  		found 1 col clusters (in 0.58084 secs)
2025-04-24 21:44:28,242 [DEBUG]  OP: Operation.SPLIT_ROWS on slice (5166, 7) (remaining tasks 40)
2025-04-24 21:44:28,420 [DEBUG]  		found 2 row clusters (in 0.17827 secs)
2025-04-24 21:44:28,421 [DEBUG]  OP: Operation.SPLIT_ROWS on slice (5170, 7) (remaining tasks 41)
2025-04-24 21:44:28,479 [DEBUG]  		found 2 row clusters (in 0.05711 secs)
2025-04-24 21:44:28,479 [DEBUG]  OP: Operation.SPLIT_ROWS on slice (5162, 7) (remaining tasks 42)
2025-04-24 21:44:28,529 [DEBUG]  		found 2 row clusters (in 0.05002 secs)
2025-04-24 21:44:28,530 [DEBUG]  OP: Operation.SPLIT_ROWS on slice (5174, 7) (remaining tasks 43)
2025-04-24 21:44:28,580 [DEBUG]  		found 2 row clusters (in 0.04958 secs)
2025-04-24 21:44:28,580 [DEBUG]  OP: Operation.SPLIT_ROWS on slice (5167, 7) (remaining tasks 44)
2025-04-24 21:44:28,632 [DEBUG]  		found 2 row clusters (in 0.05135 secs)
2025-04-24 21:44:28,632 [DEBUG]  OP: Operation.CREATE_LEAF on slice (5167, 1) (remaining tasks 45)
2025-04-24 21:44:28,632 [DEBUG]  		 created leaf IdentityNumericLeaf for scope=[0] (in 0.00039 secs)
2025-04-24 21:44:28,633 [DEBUG]  OP: Operation.SPLIT_COLUMNS on slice (5167, 6) (remaining tasks 44)
2025-04-24 21:44:29,122 [DEBUG]  		found 1 col clusters (in 0.48975 secs)
2025-04-24 21:44:29,124 [DEBUG]  OP: Operation.SPLIT_ROWS on slice (5162, 7) (remaining tasks 44)
2025-04-24 21:44:29,287 [DEBUG]  		found 2 row clusters (in 0.16278 secs)
2025-04-24 21:44:29,287 [DEBUG]  OP: Operation.CREATE_LEAF on slice (5163, 1) (remaining tasks 45)
2025-04-24 21:44:29,287 [DEBUG]  		 created leaf IdentityNumericLeaf for scope=[0] (in 0.00043 secs)
2025-04-24 21:44:29,288 [DEBUG]  OP: Operation.SPLIT_COLUMNS on slice (5163, 6) (remaining tasks 44)
2025-04-24 21:44:29,796 [DEBUG]  		found 1 col clusters (in 0.50833 secs)
2025-04-24 21:44:29,797 [DEBUG]  OP: Operation.SPLIT_ROWS on slice (5157, 7) (remaining tasks 44)
2025-04-24 21:44:29,980 [DEBUG]  		found 2 row clusters (in 0.18224 secs)
2025-04-24 21:44:29,981 [DEBUG]  OP: Operation.SPLIT_ROWS on slice (5175, 7) (remaining tasks 45)
2025-04-24 21:44:30,045 [DEBUG]  		found 2 row clusters (in 0.06417 secs)
2025-04-24 21:44:30,045 [DEBUG]  OP: Operation.CREATE_LEAF on slice (5168, 1) (remaining tasks 46)
2025-04-24 21:44:30,046 [DEBUG]  		 created leaf IdentityNumericLeaf for scope=[0] (in 0.00044 secs)
2025-04-24 21:44:30,046 [DEBUG]  OP: Operation.SPLIT_COLUMNS on slice (5168, 6) (remaining tasks 45)
2025-04-24 21:44:30,393 [DEBUG]  		found 1 col clusters (in 0.34671 secs)
2025-04-24 21:44:30,394 [DEBUG]  OP: Operation.SPLIT_ROWS on slice (5169, 7) (remaining tasks 45)
2025-04-24 21:44:30,610 [DEBUG]  		found 2 row clusters (in 0.21537 secs)
2025-04-24 21:44:30,610 [DEBUG]  OP: Operation.CREATE_LEAF on slice (5159, 1) (remaining tasks 46)
2025-04-24 21:44:30,610 [DEBUG]  		 created leaf IdentityNumericLeaf for scope=[0] (in 0.00035 secs)
2025-04-24 21:44:30,611 [DEBUG]  OP: Operation.SPLIT_COLUMNS on slice (5159, 6) (remaining tasks 45)
2025-04-24 21:44:31,107 [DEBUG]  		found 1 col clusters (in 0.49604 secs)
2025-04-24 21:44:31,108 [DEBUG]  OP: Operation.SPLIT_ROWS on slice (5129, 7) (remaining tasks 45)
2025-04-24 21:44:31,274 [DEBUG]  		found 2 row clusters (in 0.16635 secs)
2025-04-24 21:44:31,275 [DEBUG]  OP: Operation.SPLIT_ROWS on slice (5136, 7) (remaining tasks 46)
2025-04-24 21:44:31,321 [DEBUG]  		found 2 row clusters (in 0.04633 secs)
2025-04-24 21:44:31,322 [DEBUG]  OP: Operation.SPLIT_ROWS on slice (5124, 7) (remaining tasks 47)
2025-04-24 21:44:31,368 [DEBUG]  		found 2 row clusters (in 0.04617 secs)
2025-04-24 21:44:31,368 [DEBUG]  OP: Operation.CREATE_LEAF on slice (5129, 1) (remaining tasks 48)
2025-04-24 21:44:31,369 [DEBUG]  		 created leaf IdentityNumericLeaf for scope=[0] (in 0.00034 secs)
2025-04-24 21:44:31,369 [DEBUG]  OP: Operation.SPLIT_COLUMNS on slice (5129, 6) (remaining tasks 47)
2025-04-24 21:44:32,045 [DEBUG]  		found 1 col clusters (in 0.67632 secs)
2025-04-24 21:44:32,046 [DEBUG]  OP: Operation.SPLIT_ROWS on slice (5139, 7) (remaining tasks 47)
2025-04-24 21:44:32,213 [DEBUG]  		found 2 row clusters (in 0.16589 secs)
2025-04-24 21:44:32,213 [DEBUG]  OP: Operation.SPLIT_ROWS on slice (5142, 7) (remaining tasks 48)
2025-04-24 21:44:32,261 [DEBUG]  		found 2 row clusters (in 0.04727 secs)
2025-04-24 21:44:32,261 [DEBUG]  OP: Operation.CREATE_LEAF on slice (5130, 1) (remaining tasks 49)
2025-04-24 21:44:32,261 [DEBUG]  		 created leaf IdentityNumericLeaf for scope=[0] (in 0.00034 secs)
2025-04-24 21:44:32,261 [DEBUG]  OP: Operation.SPLIT_COLUMNS on slice (5130, 6) (remaining tasks 48)
2025-04-24 21:44:32,746 [DEBUG]  		found 1 col clusters (in 0.48503 secs)
2025-04-24 21:44:32,747 [DEBUG]  OP: Operation.SPLIT_ROWS on slice (5136, 7) (remaining tasks 48)
2025-04-24 21:44:32,947 [DEBUG]  		found 2 row clusters (in 0.19908 secs)
2025-04-24 21:44:32,948 [DEBUG]  OP: Operation.SPLIT_ROWS on slice (5137, 7) (remaining tasks 49)
2025-04-24 21:44:33,015 [DEBUG]  		found 2 row clusters (in 0.06747 secs)
2025-04-24 21:44:33,016 [DEBUG]  OP: Operation.SPLIT_ROWS on slice (5129, 7) (remaining tasks 50)
2025-04-24 21:44:33,069 [DEBUG]  		found 2 row clusters (in 0.05315 secs)
2025-04-24 21:44:33,070 [DEBUG]  OP: Operation.SPLIT_ROWS on slice (5136, 7) (remaining tasks 51)
2025-04-24 21:44:33,120 [DEBUG]  		found 2 row clusters (in 0.04977 secs)
2025-04-24 21:44:33,121 [DEBUG]  OP: Operation.SPLIT_ROWS on slice (5141, 7) (remaining tasks 52)
2025-04-24 21:44:33,170 [DEBUG]  		found 2 row clusters (in 0.04949 secs)
2025-04-24 21:44:33,171 [DEBUG]  OP: Operation.SPLIT_ROWS on slice (5142, 7) (remaining tasks 53)
2025-04-24 21:44:33,220 [DEBUG]  		found 2 row clusters (in 0.04955 secs)
2025-04-24 21:44:33,221 [DEBUG]  OP: Operation.CREATE_LEAF on slice (5146, 1) (remaining tasks 54)
2025-04-24 21:44:33,221 [DEBUG]  		 created leaf IdentityNumericLeaf for scope=[0] (in 0.00038 secs)
2025-04-24 21:44:33,221 [DEBUG]  OP: Operation.SPLIT_COLUMNS on slice (5146, 6) (remaining tasks 53)
2025-04-24 21:44:33,702 [DEBUG]  		found 1 col clusters (in 0.48095 secs)
2025-04-24 21:44:33,703 [DEBUG]  OP: Operation.SPLIT_ROWS on slice (5135, 7) (remaining tasks 53)
2025-04-24 21:44:33,890 [DEBUG]  		found 2 row clusters (in 0.18588 secs)
2025-04-24 21:44:33,890 [DEBUG]  OP: Operation.SPLIT_ROWS on slice (5142, 7) (remaining tasks 54)
2025-04-24 21:44:33,954 [DEBUG]  		found 2 row clusters (in 0.06358 secs)
2025-04-24 21:44:33,955 [DEBUG]  OP: Operation.REMOVE_UNINFORMATIVE_FEATURES on slice (2591, 7) (remaining tasks 55)
2025-04-24 21:44:33,955 [DEBUG]  OP: Operation.SPLIT_COLUMNS on slice (2588, 7) (remaining tasks 56)
2025-04-24 21:44:35,754 [DEBUG]  		found 1 col clusters (in 1.79877 secs)
2025-04-24 21:44:35,755 [DEBUG]  OP: Operation.SPLIT_COLUMNS on slice (2587, 7) (remaining tasks 56)
2025-04-24 21:44:37,601 [DEBUG]  		found 1 col clusters (in 1.84554 secs)
2025-04-24 21:44:37,601 [DEBUG]  OP: Operation.REMOVE_UNINFORMATIVE_FEATURES on slice (2585, 7) (remaining tasks 56)
2025-04-24 21:44:37,602 [DEBUG]  OP: Operation.SPLIT_ROWS on slice (5177, 6) (remaining tasks 57)
2025-04-24 21:44:37,698 [DEBUG]  		found 2 row clusters (in 0.09604 secs)
2025-04-24 21:44:37,699 [DEBUG]  OP: Operation.REMOVE_UNINFORMATIVE_FEATURES on slice (2584, 7) (remaining tasks 58)
2025-04-24 21:44:37,699 [DEBUG]  OP: Operation.SPLIT_COLUMNS on slice (2582, 7) (remaining tasks 59)
2025-04-24 21:44:39,450 [DEBUG]  		found 1 col clusters (in 1.75110 secs)
2025-04-24 21:44:39,451 [DEBUG]  OP: Operation.SPLIT_COLUMNS on slice (2587, 7) (remaining tasks 59)
2025-04-24 21:44:41,213 [DEBUG]  		found 1 col clusters (in 1.76139 secs)
2025-04-24 21:44:41,214 [DEBUG]  OP: Operation.REMOVE_UNINFORMATIVE_FEATURES on slice (2583, 7) (remaining tasks 59)
2025-04-24 21:44:41,215 [DEBUG]  OP: Operation.REMOVE_UNINFORMATIVE_FEATURES on slice (2582, 7) (remaining tasks 60)
2025-04-24 21:44:41,216 [DEBUG]  OP: Operation.SPLIT_COLUMNS on slice (2580, 7) (remaining tasks 61)
2025-04-24 21:44:42,974 [DEBUG]  		found 1 col clusters (in 1.75807 secs)
2025-04-24 21:44:42,975 [DEBUG]  OP: Operation.SPLIT_COLUMNS on slice (2588, 7) (remaining tasks 61)
2025-04-24 21:44:44,692 [DEBUG]  		found 1 col clusters (in 1.71629 secs)
2025-04-24 21:44:44,692 [DEBUG]  OP: Operation.REMOVE_UNINFORMATIVE_FEATURES on slice (2586, 7) (remaining tasks 61)
2025-04-24 21:44:44,693 [DEBUG]  OP: Operation.REMOVE_UNINFORMATIVE_FEATURES on slice (2585, 7) (remaining tasks 62)
2025-04-24 21:44:44,694 [DEBUG]  OP: Operation.SPLIT_COLUMNS on slice (2582, 7) (remaining tasks 63)
2025-04-24 21:44:46,218 [DEBUG]  		found 1 col clusters (in 1.52353 secs)
2025-04-24 21:44:46,219 [DEBUG]  OP: Operation.SPLIT_ROWS on slice (5167, 6) (remaining tasks 63)
2025-04-24 21:44:46,399 [DEBUG]  		found 2 row clusters (in 0.17972 secs)
2025-04-24 21:44:46,399 [DEBUG]  OP: Operation.REMOVE_UNINFORMATIVE_FEATURES on slice (2583, 7) (remaining tasks 64)
2025-04-24 21:44:46,400 [DEBUG]  OP: Operation.SPLIT_COLUMNS on slice (2579, 7) (remaining tasks 65)
2025-04-24 21:44:48,106 [DEBUG]  		found 1 col clusters (in 1.70576 secs)
2025-04-24 21:44:48,107 [DEBUG]  OP: Operation.SPLIT_ROWS on slice (5163, 6) (remaining tasks 65)
2025-04-24 21:44:48,189 [DEBUG]  		found 2 row clusters (in 0.08238 secs)
2025-04-24 21:44:48,190 [DEBUG]  OP: Operation.REMOVE_UNINFORMATIVE_FEATURES on slice (2580, 7) (remaining tasks 66)
2025-04-24 21:44:48,191 [DEBUG]  OP: Operation.SPLIT_COLUMNS on slice (2577, 7) (remaining tasks 67)
2025-04-24 21:44:50,039 [DEBUG]  		found 1 col clusters (in 1.84854 secs)
2025-04-24 21:44:50,040 [DEBUG]  OP: Operation.SPLIT_COLUMNS on slice (2588, 7) (remaining tasks 67)
2025-04-24 21:44:51,685 [DEBUG]  		found 1 col clusters (in 1.64478 secs)
2025-04-24 21:44:51,686 [DEBUG]  OP: Operation.REMOVE_UNINFORMATIVE_FEATURES on slice (2587, 7) (remaining tasks 67)
2025-04-24 21:44:51,687 [DEBUG]  OP: Operation.SPLIT_ROWS on slice (5168, 6) (remaining tasks 68)
2025-04-24 21:44:51,823 [DEBUG]  		found 2 row clusters (in 0.13629 secs)
2025-04-24 21:44:51,824 [DEBUG]  OP: Operation.REMOVE_UNINFORMATIVE_FEATURES on slice (2585, 7) (remaining tasks 69)
2025-04-24 21:44:51,824 [DEBUG]  OP: Operation.SPLIT_COLUMNS on slice (2584, 7) (remaining tasks 70)
2025-04-24 21:44:53,257 [DEBUG]  		found 1 col clusters (in 1.43302 secs)
2025-04-24 21:44:53,258 [DEBUG]  OP: Operation.SPLIT_ROWS on slice (5159, 6) (remaining tasks 70)
2025-04-24 21:44:53,449 [DEBUG]  		found 2 row clusters (in 0.19093 secs)
2025-04-24 21:44:53,450 [DEBUG]  OP: Operation.REMOVE_UNINFORMATIVE_FEATURES on slice (2566, 7) (remaining tasks 71)
2025-04-24 21:44:53,450 [DEBUG]  OP: Operation.SPLIT_COLUMNS on slice (2563, 7) (remaining tasks 72)
2025-04-24 21:44:54,924 [DEBUG]  		found 1 col clusters (in 1.47332 secs)
2025-04-24 21:44:54,924 [DEBUG]  OP: Operation.REMOVE_UNINFORMATIVE_FEATURES on slice (2571, 7) (remaining tasks 72)
2025-04-24 21:44:54,925 [DEBUG]  OP: Operation.SPLIT_COLUMNS on slice (2565, 7) (remaining tasks 73)
2025-04-24 21:44:56,540 [DEBUG]  		found 1 col clusters (in 1.61455 secs)
2025-04-24 21:44:56,541 [DEBUG]  OP: Operation.REMOVE_UNINFORMATIVE_FEATURES on slice (2563, 7) (remaining tasks 73)
2025-04-24 21:44:56,542 [DEBUG]  OP: Operation.SPLIT_COLUMNS on slice (2561, 7) (remaining tasks 74)
2025-04-24 21:44:58,218 [DEBUG]  		found 1 col clusters (in 1.67614 secs)
2025-04-24 21:44:58,219 [DEBUG]  OP: Operation.SPLIT_ROWS on slice (5129, 6) (remaining tasks 74)
2025-04-24 21:44:58,390 [DEBUG]  		found 2 row clusters (in 0.17137 secs)
2025-04-24 21:44:58,391 [DEBUG]  OP: Operation.REMOVE_UNINFORMATIVE_FEATURES on slice (2569, 7) (remaining tasks 75)
2025-04-24 21:44:58,391 [DEBUG]  OP: Operation.SPLIT_COLUMNS on slice (2570, 7) (remaining tasks 76)
2025-04-24 21:45:00,063 [DEBUG]  		found 1 col clusters (in 1.67147 secs)
2025-04-24 21:45:00,064 [DEBUG]  OP: Operation.REMOVE_UNINFORMATIVE_FEATURES on slice (2572, 7) (remaining tasks 76)
2025-04-24 21:45:00,064 [DEBUG]  OP: Operation.SPLIT_COLUMNS on slice (2570, 7) (remaining tasks 77)
2025-04-24 21:45:01,807 [DEBUG]  		found 1 col clusters (in 1.74251 secs)
2025-04-24 21:45:01,808 [DEBUG]  OP: Operation.SPLIT_ROWS on slice (5130, 6) (remaining tasks 77)
2025-04-24 21:45:02,025 [DEBUG]  		found 2 row clusters (in 0.21611 secs)
2025-04-24 21:45:02,025 [DEBUG]  OP: Operation.SPLIT_COLUMNS on slice (2570, 7) (remaining tasks 78)
2025-04-24 21:45:03,741 [DEBUG]  		found 1 col clusters (in 1.71588 secs)
2025-04-24 21:45:03,743 [DEBUG]  OP: Operation.REMOVE_UNINFORMATIVE_FEATURES on slice (2566, 7) (remaining tasks 78)
2025-04-24 21:45:03,743 [DEBUG]  OP: Operation.SPLIT_COLUMNS on slice (2567, 7) (remaining tasks 79)
2025-04-24 21:45:05,242 [DEBUG]  		found 1 col clusters (in 1.49827 secs)
2025-04-24 21:45:05,243 [DEBUG]  OP: Operation.REMOVE_UNINFORMATIVE_FEATURES on slice (2570, 7) (remaining tasks 79)
2025-04-24 21:45:05,243 [DEBUG]  OP: Operation.SPLIT_COLUMNS on slice (2566, 7) (remaining tasks 80)
2025-04-24 21:45:06,861 [DEBUG]  		found 1 col clusters (in 1.61746 secs)
2025-04-24 21:45:06,862 [DEBUG]  OP: Operation.REMOVE_UNINFORMATIVE_FEATURES on slice (2563, 7) (remaining tasks 80)
2025-04-24 21:45:06,863 [DEBUG]  OP: Operation.REMOVE_UNINFORMATIVE_FEATURES on slice (2569, 7) (remaining tasks 81)
2025-04-24 21:45:06,863 [DEBUG]  OP: Operation.SPLIT_COLUMNS on slice (2567, 7) (remaining tasks 82)
2025-04-24 21:45:08,549 [DEBUG]  		found 1 col clusters (in 1.68513 secs)
2025-04-24 21:45:08,550 [DEBUG]  OP: Operation.SPLIT_COLUMNS on slice (2572, 7) (remaining tasks 82)
2025-04-24 21:45:10,391 [DEBUG]  		found 1 col clusters (in 1.84148 secs)
2025-04-24 21:45:10,392 [DEBUG]  OP: Operation.REMOVE_UNINFORMATIVE_FEATURES on slice (2569, 7) (remaining tasks 82)
2025-04-24 21:45:10,393 [DEBUG]  OP: Operation.SPLIT_COLUMNS on slice (2572, 7) (remaining tasks 83)
2025-04-24 21:45:12,116 [DEBUG]  		found 1 col clusters (in 1.72331 secs)
2025-04-24 21:45:12,117 [DEBUG]  OP: Operation.REMOVE_UNINFORMATIVE_FEATURES on slice (2570, 7) (remaining tasks 83)
2025-04-24 21:45:12,118 [DEBUG]  OP: Operation.SPLIT_ROWS on slice (5146, 6) (remaining tasks 84)
2025-04-24 21:45:12,239 [DEBUG]  		found 2 row clusters (in 0.12099 secs)
2025-04-24 21:45:12,239 [DEBUG]  OP: Operation.SPLIT_COLUMNS on slice (2569, 7) (remaining tasks 85)
2025-04-24 21:45:14,066 [DEBUG]  		found 1 col clusters (in 1.82694 secs)
2025-04-24 21:45:14,067 [DEBUG]  OP: Operation.REMOVE_UNINFORMATIVE_FEATURES on slice (2566, 7) (remaining tasks 85)
2025-04-24 21:45:14,068 [DEBUG]  OP: Operation.SPLIT_COLUMNS on slice (2572, 7) (remaining tasks 86)
2025-04-24 21:45:15,768 [DEBUG]  		found 1 col clusters (in 1.69993 secs)
2025-04-24 21:45:15,769 [DEBUG]  OP: Operation.REMOVE_UNINFORMATIVE_FEATURES on slice (2570, 7) (remaining tasks 86)
2025-04-24 21:45:15,769 [DEBUG]  OP: Operation.CREATE_LEAF on slice (2591, 1) (remaining tasks 87)
2025-04-24 21:45:15,770 [DEBUG]  		 created leaf IdentityNumericLeaf for scope=[0] (in 0.00039 secs)
2025-04-24 21:45:15,771 [DEBUG]  OP: Operation.SPLIT_COLUMNS on slice (2591, 6) (remaining tasks 86)
2025-04-24 21:45:16,857 [DEBUG]  		found 1 col clusters (in 1.08659 secs)
2025-04-24 21:45:16,858 [DEBUG]  OP: Operation.SPLIT_ROWS on slice (2588, 7) (remaining tasks 86)
2025-04-24 21:45:17,065 [DEBUG]  		found 2 row clusters (in 0.20619 secs)
2025-04-24 21:45:17,065 [DEBUG]  OP: Operation.SPLIT_ROWS on slice (2587, 7) (remaining tasks 87)
2025-04-24 21:45:17,102 [DEBUG]  		found 2 row clusters (in 0.03652 secs)
2025-04-24 21:45:17,102 [DEBUG]  OP: Operation.CREATE_LEAF on slice (2585, 1) (remaining tasks 88)
2025-04-24 21:45:17,102 [DEBUG]  		 created leaf IdentityNumericLeaf for scope=[0] (in 0.00030 secs)
2025-04-24 21:45:17,103 [DEBUG]  OP: Operation.SPLIT_COLUMNS on slice (2585, 6) (remaining tasks 87)
2025-04-24 21:45:18,019 [DEBUG]  		found 1 col clusters (in 0.91659 secs)
2025-04-24 21:45:18,020 [DEBUG]  OP: Operation.SPLIT_COLUMNS on slice (2586, 6) (remaining tasks 87)
2025-04-24 21:45:19,118 [DEBUG]  		found 1 col clusters (in 1.09811 secs)
2025-04-24 21:45:19,119 [DEBUG]  OP: Operation.SPLIT_COLUMNS on slice (2591, 6) (remaining tasks 87)
2025-04-24 21:45:20,190 [DEBUG]  		found 1 col clusters (in 1.07024 secs)
2025-04-24 21:45:20,190 [DEBUG]  OP: Operation.CREATE_LEAF on slice (2584, 1) (remaining tasks 87)
2025-04-24 21:45:20,191 [DEBUG]  		 created leaf IdentityNumericLeaf for scope=[0] (in 0.00043 secs)
2025-04-24 21:45:20,191 [DEBUG]  OP: Operation.SPLIT_COLUMNS on slice (2584, 6) (remaining tasks 86)
2025-04-24 21:45:21,197 [DEBUG]  		found 1 col clusters (in 1.00488 secs)
2025-04-24 21:45:21,198 [DEBUG]  OP: Operation.SPLIT_ROWS on slice (2582, 7) (remaining tasks 86)
2025-04-24 21:45:21,342 [DEBUG]  		found 2 row clusters (in 0.14411 secs)
2025-04-24 21:45:21,342 [DEBUG]  OP: Operation.SPLIT_ROWS on slice (2587, 7) (remaining tasks 87)
2025-04-24 21:45:21,378 [DEBUG]  		found 2 row clusters (in 0.03588 secs)
2025-04-24 21:45:21,378 [DEBUG]  OP: Operation.CREATE_LEAF on slice (2583, 1) (remaining tasks 88)
2025-04-24 21:45:21,379 [DEBUG]  		 created leaf IdentityNumericLeaf for scope=[0] (in 0.00028 secs)
2025-04-24 21:45:21,379 [DEBUG]  OP: Operation.SPLIT_COLUMNS on slice (2583, 6) (remaining tasks 87)
2025-04-24 21:45:22,244 [DEBUG]  		found 1 col clusters (in 0.86458 secs)
2025-04-24 21:45:22,244 [DEBUG]  OP: Operation.CREATE_LEAF on slice (2582, 1) (remaining tasks 87)
2025-04-24 21:45:22,245 [DEBUG]  		 created leaf IdentityNumericLeaf for scope=[0] (in 0.00041 secs)
2025-04-24 21:45:22,245 [DEBUG]  OP: Operation.SPLIT_COLUMNS on slice (2582, 6) (remaining tasks 86)
2025-04-24 21:45:23,333 [DEBUG]  		found 1 col clusters (in 1.08714 secs)
2025-04-24 21:45:23,334 [DEBUG]  OP: Operation.SPLIT_ROWS on slice (2580, 7) (remaining tasks 86)
2025-04-24 21:45:23,467 [DEBUG]  		found 2 row clusters (in 0.13370 secs)
2025-04-24 21:45:23,468 [DEBUG]  OP: Operation.SPLIT_ROWS on slice (2588, 7) (remaining tasks 87)
2025-04-24 21:45:23,502 [DEBUG]  		found 2 row clusters (in 0.03378 secs)
2025-04-24 21:45:23,502 [DEBUG]  OP: Operation.CREATE_LEAF on slice (2586, 1) (remaining tasks 88)
2025-04-24 21:45:23,502 [DEBUG]  		 created leaf IdentityNumericLeaf for scope=[0] (in 0.00028 secs)
2025-04-24 21:45:23,502 [DEBUG]  OP: Operation.SPLIT_COLUMNS on slice (2586, 6) (remaining tasks 87)
2025-04-24 21:45:24,366 [DEBUG]  		found 1 col clusters (in 0.86325 secs)
2025-04-24 21:45:24,366 [DEBUG]  OP: Operation.CREATE_LEAF on slice (2585, 1) (remaining tasks 87)
2025-04-24 21:45:24,367 [DEBUG]  		 created leaf IdentityNumericLeaf for scope=[0] (in 0.00040 secs)
2025-04-24 21:45:24,367 [DEBUG]  OP: Operation.SPLIT_COLUMNS on slice (2585, 6) (remaining tasks 86)
2025-04-24 21:45:25,421 [DEBUG]  		found 1 col clusters (in 1.05395 secs)
2025-04-24 21:45:25,422 [DEBUG]  OP: Operation.SPLIT_ROWS on slice (2582, 7) (remaining tasks 86)
2025-04-24 21:45:25,613 [DEBUG]  		found 2 row clusters (in 0.19062 secs)
2025-04-24 21:45:25,613 [DEBUG]  OP: Operation.SPLIT_COLUMNS on slice (2582, 6) (remaining tasks 87)
2025-04-24 21:45:26,444 [DEBUG]  		found 1 col clusters (in 0.83017 secs)
2025-04-24 21:45:26,445 [DEBUG]  OP: Operation.SPLIT_COLUMNS on slice (2585, 6) (remaining tasks 87)
2025-04-24 21:45:27,529 [DEBUG]  		found 1 col clusters (in 1.08423 secs)
2025-04-24 21:45:27,530 [DEBUG]  OP: Operation.CREATE_LEAF on slice (2583, 1) (remaining tasks 87)
2025-04-24 21:45:27,530 [DEBUG]  		 created leaf IdentityNumericLeaf for scope=[0] (in 0.00040 secs)
2025-04-24 21:45:27,531 [DEBUG]  OP: Operation.SPLIT_COLUMNS on slice (2583, 6) (remaining tasks 86)
2025-04-24 21:45:28,468 [DEBUG]  		found 1 col clusters (in 0.93680 secs)
2025-04-24 21:45:28,469 [DEBUG]  OP: Operation.SPLIT_ROWS on slice (2579, 7) (remaining tasks 86)
2025-04-24 21:45:28,636 [DEBUG]  		found 2 row clusters (in 0.16731 secs)
2025-04-24 21:45:28,637 [DEBUG]  OP: Operation.SPLIT_COLUMNS on slice (2580, 6) (remaining tasks 87)
2025-04-24 21:45:29,512 [DEBUG]  		found 1 col clusters (in 0.87452 secs)
2025-04-24 21:45:29,512 [DEBUG]  OP: Operation.SPLIT_COLUMNS on slice (2583, 6) (remaining tasks 87)
2025-04-24 21:45:30,428 [DEBUG]  		found 1 col clusters (in 0.91548 secs)
2025-04-24 21:45:30,429 [DEBUG]  OP: Operation.CREATE_LEAF on slice (2580, 1) (remaining tasks 87)
2025-04-24 21:45:30,429 [DEBUG]  		 created leaf IdentityNumericLeaf for scope=[0] (in 0.00041 secs)
2025-04-24 21:45:30,430 [DEBUG]  OP: Operation.SPLIT_COLUMNS on slice (2580, 6) (remaining tasks 86)
2025-04-24 21:45:31,563 [DEBUG]  		found 1 col clusters (in 1.13333 secs)
2025-04-24 21:45:31,564 [DEBUG]  OP: Operation.SPLIT_ROWS on slice (2577, 7) (remaining tasks 86)
2025-04-24 21:45:31,695 [DEBUG]  		found 2 row clusters (in 0.13027 secs)
2025-04-24 21:45:31,695 [DEBUG]  OP: Operation.SPLIT_ROWS on slice (2588, 7) (remaining tasks 87)
2025-04-24 21:45:31,729 [DEBUG]  		found 2 row clusters (in 0.03397 secs)
2025-04-24 21:45:31,729 [DEBUG]  OP: Operation.CREATE_LEAF on slice (2587, 1) (remaining tasks 88)
2025-04-24 21:45:31,729 [DEBUG]  		 created leaf IdentityNumericLeaf for scope=[0] (in 0.00028 secs)
2025-04-24 21:45:31,730 [DEBUG]  OP: Operation.SPLIT_COLUMNS on slice (2587, 6) (remaining tasks 87)
2025-04-24 21:45:32,767 [DEBUG]  		found 1 col clusters (in 1.03740 secs)
2025-04-24 21:45:32,768 [DEBUG]  OP: Operation.SPLIT_COLUMNS on slice (2583, 6) (remaining tasks 87)
2025-04-24 21:45:33,761 [DEBUG]  		found 1 col clusters (in 0.99309 secs)
2025-04-24 21:45:33,762 [DEBUG]  OP: Operation.SPLIT_COLUMNS on slice (2585, 6) (remaining tasks 87)
2025-04-24 21:45:34,698 [DEBUG]  		found 1 col clusters (in 0.93599 secs)
2025-04-24 21:45:34,699 [DEBUG]  OP: Operation.CREATE_LEAF on slice (2585, 1) (remaining tasks 87)
2025-04-24 21:45:34,699 [DEBUG]  		 created leaf IdentityNumericLeaf for scope=[0] (in 0.00039 secs)
2025-04-24 21:45:34,700 [DEBUG]  OP: Operation.SPLIT_COLUMNS on slice (2585, 6) (remaining tasks 86)
2025-04-24 21:45:35,665 [DEBUG]  		found 1 col clusters (in 0.96563 secs)
2025-04-24 21:45:35,666 [DEBUG]  OP: Operation.SPLIT_ROWS on slice (2584, 7) (remaining tasks 86)
2025-04-24 21:45:35,795 [DEBUG]  		found 2 row clusters (in 0.12842 secs)
2025-04-24 21:45:35,796 [DEBUG]  OP: Operation.SPLIT_COLUMNS on slice (2578, 6) (remaining tasks 87)
2025-04-24 21:45:36,852 [DEBUG]  		found 1 col clusters (in 1.05581 secs)
2025-04-24 21:45:36,852 [DEBUG]  OP: Operation.SPLIT_COLUMNS on slice (2581, 6) (remaining tasks 87)
2025-04-24 21:45:37,867 [DEBUG]  		found 1 col clusters (in 1.01424 secs)
2025-04-24 21:45:37,867 [DEBUG]  OP: Operation.CREATE_LEAF on slice (2566, 1) (remaining tasks 87)
2025-04-24 21:45:37,868 [DEBUG]  		 created leaf IdentityNumericLeaf for scope=[0] (in 0.00040 secs)
2025-04-24 21:45:37,868 [DEBUG]  OP: Operation.SPLIT_COLUMNS on slice (2566, 6) (remaining tasks 86)
2025-04-24 21:45:38,933 [DEBUG]  		found 1 col clusters (in 1.06440 secs)
2025-04-24 21:45:38,934 [DEBUG]  OP: Operation.SPLIT_ROWS on slice (2563, 7) (remaining tasks 86)
2025-04-24 21:45:39,125 [DEBUG]  		found 2 row clusters (in 0.19110 secs)
2025-04-24 21:45:39,125 [DEBUG]  OP: Operation.CREATE_LEAF on slice (2571, 1) (remaining tasks 87)
2025-04-24 21:45:39,126 [DEBUG]  		 created leaf IdentityNumericLeaf for scope=[0] (in 0.00027 secs)
2025-04-24 21:45:39,126 [DEBUG]  OP: Operation.SPLIT_COLUMNS on slice (2571, 6) (remaining tasks 86)
2025-04-24 21:45:40,058 [DEBUG]  		found 1 col clusters (in 0.93237 secs)
2025-04-24 21:45:40,059 [DEBUG]  OP: Operation.SPLIT_ROWS on slice (2565, 7) (remaining tasks 86)
2025-04-24 21:45:40,263 [DEBUG]  		found 2 row clusters (in 0.20331 secs)
2025-04-24 21:45:40,263 [DEBUG]  OP: Operation.CREATE_LEAF on slice (2563, 1) (remaining tasks 87)
2025-04-24 21:45:40,264 [DEBUG]  		 created leaf IdentityNumericLeaf for scope=[0] (in 0.00035 secs)
2025-04-24 21:45:40,264 [DEBUG]  OP: Operation.SPLIT_COLUMNS on slice (2563, 6) (remaining tasks 86)
2025-04-24 21:45:41,314 [DEBUG]  		found 1 col clusters (in 1.04960 secs)
2025-04-24 21:45:41,314 [DEBUG]  OP: Operation.SPLIT_ROWS on slice (2561, 7) (remaining tasks 86)
2025-04-24 21:45:41,435 [DEBUG]  		found 2 row clusters (in 0.12060 secs)
2025-04-24 21:45:41,435 [DEBUG]  OP: Operation.SPLIT_COLUMNS on slice (2563, 6) (remaining tasks 87)
2025-04-24 21:45:42,339 [DEBUG]  		found 1 col clusters (in 0.90300 secs)
2025-04-24 21:45:42,339 [DEBUG]  OP: Operation.SPLIT_COLUMNS on slice (2566, 6) (remaining tasks 87)
2025-04-24 21:45:43,416 [DEBUG]  		found 1 col clusters (in 1.07636 secs)
2025-04-24 21:45:43,416 [DEBUG]  OP: Operation.CREATE_LEAF on slice (2569, 1) (remaining tasks 87)
2025-04-24 21:45:43,417 [DEBUG]  		 created leaf IdentityNumericLeaf for scope=[0] (in 0.00039 secs)
2025-04-24 21:45:43,417 [DEBUG]  OP: Operation.SPLIT_COLUMNS on slice (2569, 6) (remaining tasks 86)
2025-04-24 21:45:44,350 [DEBUG]  		found 1 col clusters (in 0.93248 secs)
2025-04-24 21:45:44,350 [DEBUG]  OP: Operation.SPLIT_ROWS on slice (2570, 7) (remaining tasks 86)
2025-04-24 21:45:44,473 [DEBUG]  		found 2 row clusters (in 0.12280 secs)
2025-04-24 21:45:44,474 [DEBUG]  OP: Operation.CREATE_LEAF on slice (2572, 1) (remaining tasks 87)
2025-04-24 21:45:44,474 [DEBUG]  		 created leaf IdentityNumericLeaf for scope=[0] (in 0.00030 secs)
2025-04-24 21:45:44,474 [DEBUG]  OP: Operation.SPLIT_COLUMNS on slice (2572, 6) (remaining tasks 86)
2025-04-24 21:45:45,486 [DEBUG]  		found 1 col clusters (in 1.01159 secs)
2025-04-24 21:45:45,487 [DEBUG]  OP: Operation.SPLIT_ROWS on slice (2570, 7) (remaining tasks 86)
2025-04-24 21:45:45,600 [DEBUG]  		found 2 row clusters (in 0.11352 secs)
2025-04-24 21:45:45,601 [DEBUG]  OP: Operation.SPLIT_COLUMNS on slice (2563, 6) (remaining tasks 87)
2025-04-24 21:45:46,577 [DEBUG]  		found 1 col clusters (in 0.97579 secs)
2025-04-24 21:45:46,577 [DEBUG]  OP: Operation.SPLIT_COLUMNS on slice (2567, 6) (remaining tasks 87)
2025-04-24 21:45:47,553 [DEBUG]  		found 1 col clusters (in 0.97599 secs)
2025-04-24 21:45:47,554 [DEBUG]  OP: Operation.SPLIT_ROWS on slice (2570, 7) (remaining tasks 87)
2025-04-24 21:45:47,738 [DEBUG]  		found 2 row clusters (in 0.18337 secs)
2025-04-24 21:45:47,738 [DEBUG]  OP: Operation.CREATE_LEAF on slice (2566, 1) (remaining tasks 88)
2025-04-24 21:45:47,738 [DEBUG]  		 created leaf IdentityNumericLeaf for scope=[0] (in 0.00035 secs)
2025-04-24 21:45:47,739 [DEBUG]  OP: Operation.SPLIT_COLUMNS on slice (2566, 6) (remaining tasks 87)
2025-04-24 21:45:48,809 [DEBUG]  		found 1 col clusters (in 1.07056 secs)
2025-04-24 21:45:48,810 [DEBUG]  OP: Operation.SPLIT_ROWS on slice (2567, 7) (remaining tasks 87)
2025-04-24 21:45:48,990 [DEBUG]  		found 2 row clusters (in 0.17918 secs)
2025-04-24 21:45:48,990 [DEBUG]  OP: Operation.CREATE_LEAF on slice (2570, 1) (remaining tasks 88)
2025-04-24 21:45:48,990 [DEBUG]  		 created leaf IdentityNumericLeaf for scope=[0] (in 0.00028 secs)
2025-04-24 21:45:48,990 [DEBUG]  OP: Operation.SPLIT_COLUMNS on slice (2570, 6) (remaining tasks 87)
2025-04-24 21:45:49,888 [DEBUG]  		found 1 col clusters (in 0.89735 secs)
2025-04-24 21:45:49,889 [DEBUG]  OP: Operation.SPLIT_ROWS on slice (2566, 7) (remaining tasks 87)
2025-04-24 21:45:50,073 [DEBUG]  		found 2 row clusters (in 0.18406 secs)
2025-04-24 21:45:50,074 [DEBUG]  OP: Operation.CREATE_LEAF on slice (2563, 1) (remaining tasks 88)
2025-04-24 21:45:50,074 [DEBUG]  		 created leaf IdentityNumericLeaf for scope=[0] (in 0.00032 secs)
2025-04-24 21:45:50,074 [DEBUG]  OP: Operation.SPLIT_COLUMNS on slice (2563, 6) (remaining tasks 87)
2025-04-24 21:45:51,033 [DEBUG]  		found 1 col clusters (in 0.95813 secs)
2025-04-24 21:45:51,033 [DEBUG]  OP: Operation.CREATE_LEAF on slice (2569, 1) (remaining tasks 87)
2025-04-24 21:45:51,034 [DEBUG]  		 created leaf IdentityNumericLeaf for scope=[0] (in 0.00040 secs)
2025-04-24 21:45:51,034 [DEBUG]  OP: Operation.SPLIT_COLUMNS on slice (2569, 6) (remaining tasks 86)
2025-04-24 21:45:51,984 [DEBUG]  		found 1 col clusters (in 0.94976 secs)
2025-04-24 21:45:51,985 [DEBUG]  OP: Operation.SPLIT_ROWS on slice (2567, 7) (remaining tasks 86)
2025-04-24 21:45:52,120 [DEBUG]  		found 2 row clusters (in 0.13520 secs)
2025-04-24 21:45:52,121 [DEBUG]  OP: Operation.SPLIT_ROWS on slice (2572, 7) (remaining tasks 87)
2025-04-24 21:45:52,165 [DEBUG]  		found 2 row clusters (in 0.04412 secs)
2025-04-24 21:45:52,165 [DEBUG]  OP: Operation.CREATE_LEAF on slice (2569, 1) (remaining tasks 88)
2025-04-24 21:45:52,166 [DEBUG]  		 created leaf IdentityNumericLeaf for scope=[0] (in 0.00033 secs)
2025-04-24 21:45:52,166 [DEBUG]  OP: Operation.SPLIT_COLUMNS on slice (2569, 6) (remaining tasks 87)
2025-04-24 21:45:53,172 [DEBUG]  		found 1 col clusters (in 1.00626 secs)
2025-04-24 21:45:53,173 [DEBUG]  OP: Operation.SPLIT_ROWS on slice (2572, 7) (remaining tasks 87)
2025-04-24 21:45:53,344 [DEBUG]  		found 2 row clusters (in 0.17038 secs)
2025-04-24 21:45:53,344 [DEBUG]  OP: Operation.CREATE_LEAF on slice (2570, 1) (remaining tasks 88)
2025-04-24 21:45:53,344 [DEBUG]  		 created leaf IdentityNumericLeaf for scope=[0] (in 0.00038 secs)
2025-04-24 21:45:53,345 [DEBUG]  OP: Operation.SPLIT_COLUMNS on slice (2570, 6) (remaining tasks 87)
2025-04-24 21:45:54,304 [DEBUG]  		found 1 col clusters (in 0.95960 secs)
2025-04-24 21:45:54,305 [DEBUG]  OP: Operation.SPLIT_COLUMNS on slice (2572, 6) (remaining tasks 87)
2025-04-24 21:45:55,404 [DEBUG]  		found 1 col clusters (in 1.09893 secs)
2025-04-24 21:45:55,405 [DEBUG]  OP: Operation.SPLIT_COLUMNS on slice (2574, 6) (remaining tasks 87)
2025-04-24 21:45:56,549 [DEBUG]  		found 1 col clusters (in 1.14374 secs)
2025-04-24 21:45:56,550 [DEBUG]  OP: Operation.SPLIT_ROWS on slice (2569, 7) (remaining tasks 87)
2025-04-24 21:45:56,667 [DEBUG]  		found 2 row clusters (in 0.11646 secs)
2025-04-24 21:45:56,667 [DEBUG]  OP: Operation.CREATE_LEAF on slice (2566, 1) (remaining tasks 88)
2025-04-24 21:45:56,667 [DEBUG]  		 created leaf IdentityNumericLeaf for scope=[0] (in 0.00030 secs)
2025-04-24 21:45:56,667 [DEBUG]  OP: Operation.SPLIT_COLUMNS on slice (2566, 6) (remaining tasks 87)
2025-04-24 21:45:57,514 [DEBUG]  		found 1 col clusters (in 0.84712 secs)
2025-04-24 21:45:57,515 [DEBUG]  OP: Operation.SPLIT_ROWS on slice (2572, 7) (remaining tasks 87)
2025-04-24 21:45:57,694 [DEBUG]  		found 2 row clusters (in 0.17879 secs)
2025-04-24 21:45:57,695 [DEBUG]  OP: Operation.CREATE_LEAF on slice (2570, 1) (remaining tasks 88)
2025-04-24 21:45:57,695 [DEBUG]  		 created leaf IdentityNumericLeaf for scope=[0] (in 0.00036 secs)
2025-04-24 21:45:57,695 [DEBUG]  OP: Operation.SPLIT_COLUMNS on slice (2570, 6) (remaining tasks 87)
2025-04-24 21:45:58,554 [DEBUG]  		found 1 col clusters (in 0.85885 secs)
2025-04-24 21:45:58,555 [DEBUG]  OP: Operation.SPLIT_ROWS on slice (2591, 6) (remaining tasks 87)
2025-04-24 21:45:58,700 [DEBUG]  		found 2 row clusters (in 0.14485 secs)
2025-04-24 21:45:58,700 [DEBUG]  OP: Operation.REMOVE_UNINFORMATIVE_FEATURES on slice (1294, 7) (remaining tasks 88)
2025-04-24 21:45:58,701 [DEBUG]  OP: Operation.NAIVE_FACTORIZATION on slice (1294, 7) (remaining tasks 89)
2025-04-24 21:45:58,712 [DEBUG]  		naive factorization 7 columns (in 0.01081 secs)
2025-04-24 21:45:58,712 [DEBUG]  OP: Operation.NAIVE_FACTORIZATION on slice (1294, 7) (remaining tasks 88)
2025-04-24 21:45:58,724 [DEBUG]  		naive factorization 7 columns (in 0.01210 secs)
2025-04-24 21:45:58,725 [DEBUG]  OP: Operation.REMOVE_UNINFORMATIVE_FEATURES on slice (1293, 7) (remaining tasks 87)
2025-04-24 21:45:58,725 [DEBUG]  OP: Operation.SPLIT_ROWS on slice (2585, 6) (remaining tasks 88)
2025-04-24 21:45:58,759 [DEBUG]  		found 2 row clusters (in 0.03357 secs)
2025-04-24 21:45:58,759 [DEBUG]  OP: Operation.SPLIT_ROWS on slice (2586, 6) (remaining tasks 89)
2025-04-24 21:45:58,800 [DEBUG]  		found 2 row clusters (in 0.04065 secs)
2025-04-24 21:45:58,800 [DEBUG]  OP: Operation.SPLIT_ROWS on slice (2591, 6) (remaining tasks 90)
2025-04-24 21:45:58,844 [DEBUG]  		found 2 row clusters (in 0.04332 secs)
2025-04-24 21:45:58,844 [DEBUG]  OP: Operation.SPLIT_ROWS on slice (2584, 6) (remaining tasks 91)
2025-04-24 21:45:58,887 [DEBUG]  		found 2 row clusters (in 0.04294 secs)
2025-04-24 21:45:58,887 [DEBUG]  OP: Operation.NAIVE_FACTORIZATION on slice (1291, 7) (remaining tasks 92)
2025-04-24 21:45:58,902 [DEBUG]  		naive factorization 7 columns (in 0.01460 secs)
2025-04-24 21:45:58,902 [DEBUG]  OP: Operation.REMOVE_UNINFORMATIVE_FEATURES on slice (1291, 7) (remaining tasks 91)
2025-04-24 21:45:58,903 [DEBUG]  OP: Operation.REMOVE_UNINFORMATIVE_FEATURES on slice (1293, 7) (remaining tasks 92)
2025-04-24 21:45:58,903 [DEBUG]  OP: Operation.NAIVE_FACTORIZATION on slice (1294, 7) (remaining tasks 93)
2025-04-24 21:45:58,917 [DEBUG]  		naive factorization 7 columns (in 0.01334 secs)
2025-04-24 21:45:58,917 [DEBUG]  OP: Operation.SPLIT_ROWS on slice (2583, 6) (remaining tasks 92)
2025-04-24 21:45:58,962 [DEBUG]  		found 2 row clusters (in 0.04457 secs)
2025-04-24 21:45:58,962 [DEBUG]  OP: Operation.SPLIT_ROWS on slice (2582, 6) (remaining tasks 93)
2025-04-24 21:45:59,005 [DEBUG]  		found 2 row clusters (in 0.04308 secs)
2025-04-24 21:45:59,006 [DEBUG]  OP: Operation.REMOVE_UNINFORMATIVE_FEATURES on slice (1291, 7) (remaining tasks 94)
2025-04-24 21:45:59,006 [DEBUG]  OP: Operation.NAIVE_FACTORIZATION on slice (1289, 7) (remaining tasks 95)
2025-04-24 21:45:59,020 [DEBUG]  		naive factorization 7 columns (in 0.01423 secs)
2025-04-24 21:45:59,021 [DEBUG]  OP: Operation.REMOVE_UNINFORMATIVE_FEATURES on slice (1294, 7) (remaining tasks 94)
2025-04-24 21:45:59,021 [DEBUG]  OP: Operation.NAIVE_FACTORIZATION on slice (1294, 7) (remaining tasks 95)
2025-04-24 21:45:59,036 [DEBUG]  		naive factorization 7 columns (in 0.01468 secs)
2025-04-24 21:45:59,036 [DEBUG]  OP: Operation.SPLIT_ROWS on slice (2586, 6) (remaining tasks 94)
2025-04-24 21:45:59,081 [DEBUG]  		found 2 row clusters (in 0.04475 secs)
2025-04-24 21:45:59,081 [DEBUG]  OP: Operation.SPLIT_ROWS on slice (2585, 6) (remaining tasks 95)
2025-04-24 21:45:59,124 [DEBUG]  		found 2 row clusters (in 0.04318 secs)
2025-04-24 21:45:59,125 [DEBUG]  OP: Operation.REMOVE_UNINFORMATIVE_FEATURES on slice (1291, 7) (remaining tasks 96)
2025-04-24 21:45:59,125 [DEBUG]  OP: Operation.NAIVE_FACTORIZATION on slice (1291, 7) (remaining tasks 97)
2025-04-24 21:45:59,141 [DEBUG]  		naive factorization 7 columns (in 0.01539 secs)
2025-04-24 21:45:59,141 [DEBUG]  OP: Operation.SPLIT_ROWS on slice (2582, 6) (remaining tasks 96)
2025-04-24 21:45:59,185 [DEBUG]  		found 2 row clusters (in 0.04417 secs)
2025-04-24 21:45:59,186 [DEBUG]  OP: Operation.SPLIT_ROWS on slice (2585, 6) (remaining tasks 97)
2025-04-24 21:45:59,227 [DEBUG]  		found 2 row clusters (in 0.04055 secs)
2025-04-24 21:45:59,227 [DEBUG]  OP: Operation.SPLIT_ROWS on slice (2583, 6) (remaining tasks 98)
2025-04-24 21:45:59,259 [DEBUG]  		found 2 row clusters (in 0.03181 secs)
2025-04-24 21:45:59,259 [DEBUG]  OP: Operation.NAIVE_FACTORIZATION on slice (1290, 7) (remaining tasks 99)
2025-04-24 21:45:59,274 [DEBUG]  		naive factorization 7 columns (in 0.01518 secs)
2025-04-24 21:45:59,275 [DEBUG]  OP: Operation.REMOVE_UNINFORMATIVE_FEATURES on slice (1289, 7) (remaining tasks 98)
2025-04-24 21:45:59,275 [DEBUG]  OP: Operation.SPLIT_ROWS on slice (2580, 6) (remaining tasks 99)
2025-04-24 21:45:59,308 [DEBUG]  		found 2 row clusters (in 0.03326 secs)
2025-04-24 21:45:59,309 [DEBUG]  OP: Operation.SPLIT_ROWS on slice (2583, 6) (remaining tasks 100)
2025-04-24 21:45:59,341 [DEBUG]  		found 2 row clusters (in 0.03271 secs)
2025-04-24 21:45:59,342 [DEBUG]  OP: Operation.SPLIT_ROWS on slice (2580, 6) (remaining tasks 101)
2025-04-24 21:45:59,374 [DEBUG]  		found 2 row clusters (in 0.03235 secs)
2025-04-24 21:45:59,374 [DEBUG]  OP: Operation.REMOVE_UNINFORMATIVE_FEATURES on slice (1289, 7) (remaining tasks 102)
2025-04-24 21:45:59,375 [DEBUG]  OP: Operation.NAIVE_FACTORIZATION on slice (1288, 7) (remaining tasks 103)
2025-04-24 21:45:59,391 [DEBUG]  		naive factorization 7 columns (in 0.01568 secs)
2025-04-24 21:45:59,391 [DEBUG]  OP: Operation.NAIVE_FACTORIZATION on slice (1294, 7) (remaining tasks 102)
2025-04-24 21:45:59,404 [DEBUG]  		naive factorization 7 columns (in 0.01295 secs)
2025-04-24 21:45:59,404 [DEBUG]  OP: Operation.REMOVE_UNINFORMATIVE_FEATURES on slice (1294, 7) (remaining tasks 101)
2025-04-24 21:45:59,405 [DEBUG]  OP: Operation.SPLIT_ROWS on slice (2587, 6) (remaining tasks 102)
2025-04-24 21:45:59,438 [DEBUG]  		found 2 row clusters (in 0.03310 secs)
2025-04-24 21:45:59,438 [DEBUG]  OP: Operation.SPLIT_ROWS on slice (2583, 6) (remaining tasks 103)
2025-04-24 21:45:59,471 [DEBUG]  		found 2 row clusters (in 0.03329 secs)
2025-04-24 21:45:59,472 [DEBUG]  OP: Operation.SPLIT_ROWS on slice (2585, 6) (remaining tasks 104)
2025-04-24 21:45:59,504 [DEBUG]  		found 2 row clusters (in 0.03249 secs)
2025-04-24 21:45:59,505 [DEBUG]  OP: Operation.SPLIT_ROWS on slice (2585, 6) (remaining tasks 105)
2025-04-24 21:45:59,537 [DEBUG]  		found 2 row clusters (in 0.03231 secs)
2025-04-24 21:45:59,537 [DEBUG]  OP: Operation.NAIVE_FACTORIZATION on slice (1291, 7) (remaining tasks 106)
2025-04-24 21:45:59,552 [DEBUG]  		naive factorization 7 columns (in 0.01499 secs)
2025-04-24 21:45:59,553 [DEBUG]  OP: Operation.REMOVE_UNINFORMATIVE_FEATURES on slice (1293, 7) (remaining tasks 105)
2025-04-24 21:45:59,553 [DEBUG]  OP: Operation.SPLIT_ROWS on slice (2578, 6) (remaining tasks 106)
2025-04-24 21:45:59,587 [DEBUG]  		found 2 row clusters (in 0.03377 secs)
2025-04-24 21:45:59,587 [DEBUG]  OP: Operation.SPLIT_ROWS on slice (2581, 6) (remaining tasks 107)
2025-04-24 21:45:59,620 [DEBUG]  		found 2 row clusters (in 0.03271 secs)
2025-04-24 21:45:59,620 [DEBUG]  OP: Operation.SPLIT_ROWS on slice (2566, 6) (remaining tasks 108)
2025-04-24 21:45:59,653 [DEBUG]  		found 2 row clusters (in 0.03213 secs)
2025-04-24 21:45:59,653 [DEBUG]  OP: Operation.NAIVE_FACTORIZATION on slice (1281, 7) (remaining tasks 109)
2025-04-24 21:45:59,666 [DEBUG]  		naive factorization 7 columns (in 0.01314 secs)
2025-04-24 21:45:59,666 [DEBUG]  OP: Operation.REMOVE_UNINFORMATIVE_FEATURES on slice (1282, 7) (remaining tasks 108)
2025-04-24 21:45:59,667 [DEBUG]  OP: Operation.SPLIT_ROWS on slice (2571, 6) (remaining tasks 109)
2025-04-24 21:45:59,699 [DEBUG]  		found 2 row clusters (in 0.03274 secs)
2025-04-24 21:45:59,700 [DEBUG]  OP: Operation.NAIVE_FACTORIZATION on slice (1282, 7) (remaining tasks 110)
2025-04-24 21:45:59,713 [DEBUG]  		naive factorization 7 columns (in 0.01326 secs)
2025-04-24 21:45:59,713 [DEBUG]  OP: Operation.REMOVE_UNINFORMATIVE_FEATURES on slice (1283, 7) (remaining tasks 109)
2025-04-24 21:45:59,714 [DEBUG]  OP: Operation.SPLIT_ROWS on slice (2563, 6) (remaining tasks 110)
2025-04-24 21:45:59,746 [DEBUG]  		found 2 row clusters (in 0.03238 secs)
2025-04-24 21:45:59,746 [DEBUG]  OP: Operation.REMOVE_UNINFORMATIVE_FEATURES on slice (1281, 7) (remaining tasks 111)
2025-04-24 21:45:59,747 [DEBUG]  OP: Operation.NAIVE_FACTORIZATION on slice (1280, 7) (remaining tasks 112)
2025-04-24 21:45:59,758 [DEBUG]  		naive factorization 7 columns (in 0.01155 secs)
2025-04-24 21:45:59,759 [DEBUG]  OP: Operation.SPLIT_ROWS on slice (2563, 6) (remaining tasks 111)
2025-04-24 21:45:59,792 [DEBUG]  		found 2 row clusters (in 0.03285 secs)
2025-04-24 21:45:59,792 [DEBUG]  OP: Operation.SPLIT_ROWS on slice (2566, 6) (remaining tasks 112)
2025-04-24 21:45:59,824 [DEBUG]  		found 2 row clusters (in 0.03186 secs)
2025-04-24 21:45:59,824 [DEBUG]  OP: Operation.SPLIT_ROWS on slice (2569, 6) (remaining tasks 113)
2025-04-24 21:45:59,856 [DEBUG]  		found 2 row clusters (in 0.03155 secs)
2025-04-24 21:45:59,856 [DEBUG]  OP: Operation.REMOVE_UNINFORMATIVE_FEATURES on slice (1285, 7) (remaining tasks 114)
2025-04-24 21:45:59,856 [DEBUG]  OP: Operation.NAIVE_FACTORIZATION on slice (1285, 7) (remaining tasks 115)
2025-04-24 21:45:59,870 [DEBUG]  		naive factorization 7 columns (in 0.01318 secs)
2025-04-24 21:45:59,870 [DEBUG]  OP: Operation.SPLIT_ROWS on slice (2572, 6) (remaining tasks 114)
2025-04-24 21:45:59,903 [DEBUG]  		found 2 row clusters (in 0.03262 secs)
2025-04-24 21:45:59,903 [DEBUG]  OP: Operation.NAIVE_FACTORIZATION on slice (1284, 7) (remaining tasks 115)
2025-04-24 21:45:59,917 [DEBUG]  		naive factorization 7 columns (in 0.01437 secs)
2025-04-24 21:45:59,918 [DEBUG]  OP: Operation.REMOVE_UNINFORMATIVE_FEATURES on slice (1286, 7) (remaining tasks 114)
2025-04-24 21:45:59,918 [DEBUG]  OP: Operation.SPLIT_ROWS on slice (2563, 6) (remaining tasks 115)
2025-04-24 21:45:59,951 [DEBUG]  		found 2 row clusters (in 0.03291 secs)
2025-04-24 21:45:59,951 [DEBUG]  OP: Operation.SPLIT_ROWS on slice (2567, 6) (remaining tasks 116)
2025-04-24 21:45:59,983 [DEBUG]  		found 2 row clusters (in 0.03161 secs)
2025-04-24 21:45:59,983 [DEBUG]  OP: Operation.REMOVE_UNINFORMATIVE_FEATURES on slice (1285, 7) (remaining tasks 117)
2025-04-24 21:45:59,984 [DEBUG]  OP: Operation.NAIVE_FACTORIZATION on slice (1285, 7) (remaining tasks 118)
2025-04-24 21:45:59,997 [DEBUG]  		naive factorization 7 columns (in 0.01321 secs)
2025-04-24 21:45:59,997 [DEBUG]  OP: Operation.SPLIT_ROWS on slice (2566, 6) (remaining tasks 117)
2025-04-24 21:46:00,031 [DEBUG]  		found 2 row clusters (in 0.03413 secs)
2025-04-24 21:46:00,032 [DEBUG]  OP: Operation.REMOVE_UNINFORMATIVE_FEATURES on slice (1283, 7) (remaining tasks 118)
2025-04-24 21:46:00,032 [DEBUG]  OP: Operation.NAIVE_FACTORIZATION on slice (1284, 7) (remaining tasks 119)
2025-04-24 21:46:00,044 [DEBUG]  		naive factorization 7 columns (in 0.01193 secs)
2025-04-24 21:46:00,044 [DEBUG]  OP: Operation.SPLIT_ROWS on slice (2570, 6) (remaining tasks 118)
2025-04-24 21:46:00,077 [DEBUG]  		found 2 row clusters (in 0.03258 secs)
2025-04-24 21:46:00,077 [DEBUG]  OP: Operation.REMOVE_UNINFORMATIVE_FEATURES on slice (1282, 7) (remaining tasks 119)
2025-04-24 21:46:00,077 [DEBUG]  OP: Operation.NAIVE_FACTORIZATION on slice (1284, 7) (remaining tasks 120)
2025-04-24 21:46:00,091 [DEBUG]  		naive factorization 7 columns (in 0.01321 secs)
2025-04-24 21:46:00,091 [DEBUG]  OP: Operation.SPLIT_ROWS on slice (2563, 6) (remaining tasks 119)
2025-04-24 21:46:00,123 [DEBUG]  		found 2 row clusters (in 0.03152 secs)
2025-04-24 21:46:00,123 [DEBUG]  OP: Operation.SPLIT_ROWS on slice (2569, 6) (remaining tasks 120)
2025-04-24 21:46:00,154 [DEBUG]  		found 2 row clusters (in 0.03131 secs)
2025-04-24 21:46:00,155 [DEBUG]  OP: Operation.NAIVE_FACTORIZATION on slice (1283, 7) (remaining tasks 121)
2025-04-24 21:46:00,169 [DEBUG]  		naive factorization 7 columns (in 0.01456 secs)
2025-04-24 21:46:00,170 [DEBUG]  OP: Operation.REMOVE_UNINFORMATIVE_FEATURES on slice (1284, 7) (remaining tasks 120)
2025-04-24 21:46:00,170 [DEBUG]  OP: Operation.REMOVE_UNINFORMATIVE_FEATURES on slice (1287, 7) (remaining tasks 121)
2025-04-24 21:46:00,170 [DEBUG]  OP: Operation.NAIVE_FACTORIZATION on slice (1285, 7) (remaining tasks 122)
2025-04-24 21:46:00,189 [DEBUG]  		naive factorization 7 columns (in 0.01840 secs)
2025-04-24 21:46:00,189 [DEBUG]  OP: Operation.SPLIT_ROWS on slice (2569, 6) (remaining tasks 121)
2025-04-24 21:46:00,221 [DEBUG]  		found 2 row clusters (in 0.03231 secs)
2025-04-24 21:46:00,222 [DEBUG]  OP: Operation.REMOVE_UNINFORMATIVE_FEATURES on slice (1286, 7) (remaining tasks 122)
2025-04-24 21:46:00,222 [DEBUG]  OP: Operation.NAIVE_FACTORIZATION on slice (1286, 7) (remaining tasks 123)
2025-04-24 21:46:00,234 [DEBUG]  		naive factorization 7 columns (in 0.01189 secs)
2025-04-24 21:46:00,234 [DEBUG]  OP: Operation.SPLIT_ROWS on slice (2570, 6) (remaining tasks 122)
2025-04-24 21:46:00,266 [DEBUG]  		found 2 row clusters (in 0.03239 secs)
2025-04-24 21:46:00,267 [DEBUG]  OP: Operation.SPLIT_ROWS on slice (2572, 6) (remaining tasks 123)
2025-04-24 21:46:00,298 [DEBUG]  		found 2 row clusters (in 0.03157 secs)
2025-04-24 21:46:00,299 [DEBUG]  OP: Operation.SPLIT_ROWS on slice (2574, 6) (remaining tasks 124)
2025-04-24 21:46:00,330 [DEBUG]  		found 2 row clusters (in 0.03145 secs)
2025-04-24 21:46:00,331 [DEBUG]  OP: Operation.NAIVE_FACTORIZATION on slice (1284, 7) (remaining tasks 125)
2025-04-24 21:46:00,344 [DEBUG]  		naive factorization 7 columns (in 0.01329 secs)
2025-04-24 21:46:00,344 [DEBUG]  OP: Operation.REMOVE_UNINFORMATIVE_FEATURES on slice (1285, 7) (remaining tasks 124)
2025-04-24 21:46:00,345 [DEBUG]  OP: Operation.SPLIT_ROWS on slice (2566, 6) (remaining tasks 125)
2025-04-24 21:46:00,376 [DEBUG]  		found 2 row clusters (in 0.03159 secs)
2025-04-24 21:46:00,377 [DEBUG]  OP: Operation.REMOVE_UNINFORMATIVE_FEATURES on slice (1286, 7) (remaining tasks 126)
2025-04-24 21:46:00,377 [DEBUG]  OP: Operation.NAIVE_FACTORIZATION on slice (1286, 7) (remaining tasks 127)
2025-04-24 21:46:00,390 [DEBUG]  		naive factorization 7 columns (in 0.01317 secs)
2025-04-24 21:46:00,390 [DEBUG]  OP: Operation.SPLIT_ROWS on slice (2570, 6) (remaining tasks 126)
2025-04-24 21:46:00,422 [DEBUG]  		found 2 row clusters (in 0.03161 secs)
2025-04-24 21:46:00,422 [DEBUG]  OP: Operation.NAIVE_FACTORIZATION on slice (1296, 6) (remaining tasks 127)
2025-04-24 21:46:00,437 [DEBUG]  		naive factorization 6 columns (in 0.01460 secs)
2025-04-24 21:46:00,437 [DEBUG]  OP: Operation.NAIVE_FACTORIZATION on slice (1295, 6) (remaining tasks 126)
2025-04-24 21:46:00,456 [DEBUG]  		naive factorization 6 columns (in 0.01839 secs)
2025-04-24 21:46:00,456 [DEBUG]  OP: Operation.CREATE_LEAF on slice (1294, 1) (remaining tasks 125)
2025-04-24 21:46:00,456 [DEBUG]  		 created leaf IdentityNumericLeaf for scope=[0] (in 0.00025 secs)
2025-04-24 21:46:00,456 [DEBUG]  OP: Operation.NAIVE_FACTORIZATION on slice (1294, 6) (remaining tasks 124)
2025-04-24 21:46:00,470 [DEBUG]  		naive factorization 6 columns (in 0.01364 secs)
2025-04-24 21:46:00,470 [DEBUG]  OP: Operation.CREATE_LEAF on slice (1293, 1) (remaining tasks 123)
2025-04-24 21:46:00,471 [DEBUG]  		 created leaf IdentityNumericLeaf for scope=[0] (in 0.00028 secs)
2025-04-24 21:46:00,471 [DEBUG]  OP: Operation.NAIVE_FACTORIZATION on slice (1293, 6) (remaining tasks 122)
2025-04-24 21:46:00,484 [DEBUG]  		naive factorization 6 columns (in 0.01351 secs)
2025-04-24 21:46:00,485 [DEBUG]  OP: Operation.NAIVE_FACTORIZATION on slice (1293, 6) (remaining tasks 121)
2025-04-24 21:46:00,498 [DEBUG]  		naive factorization 6 columns (in 0.01346 secs)
2025-04-24 21:46:00,499 [DEBUG]  OP: Operation.NAIVE_FACTORIZATION on slice (1292, 6) (remaining tasks 120)
2025-04-24 21:46:00,514 [DEBUG]  		naive factorization 6 columns (in 0.01465 secs)
2025-04-24 21:46:00,514 [DEBUG]  OP: Operation.NAIVE_FACTORIZATION on slice (1293, 6) (remaining tasks 119)
2025-04-24 21:46:00,529 [DEBUG]  		naive factorization 6 columns (in 0.01446 secs)
2025-04-24 21:46:00,529 [DEBUG]  OP: Operation.NAIVE_FACTORIZATION on slice (1293, 6) (remaining tasks 118)
2025-04-24 21:46:00,542 [DEBUG]  		naive factorization 6 columns (in 0.01307 secs)
2025-04-24 21:46:00,543 [DEBUG]  OP: Operation.NAIVE_FACTORIZATION on slice (1298, 6) (remaining tasks 117)
2025-04-24 21:46:00,556 [DEBUG]  		naive factorization 6 columns (in 0.01319 secs)
2025-04-24 21:46:00,557 [DEBUG]  OP: Operation.NAIVE_FACTORIZATION on slice (1293, 6) (remaining tasks 116)
2025-04-24 21:46:00,572 [DEBUG]  		naive factorization 6 columns (in 0.01452 secs)
2025-04-24 21:46:00,573 [DEBUG]  OP: Operation.NAIVE_FACTORIZATION on slice (1292, 6) (remaining tasks 115)
2025-04-24 21:46:00,586 [DEBUG]  		naive factorization 6 columns (in 0.01309 secs)
2025-04-24 21:46:00,587 [DEBUG]  OP: Operation.NAIVE_FACTORIZATION on slice (1292, 6) (remaining tasks 114)
2025-04-24 21:46:00,601 [DEBUG]  		naive factorization 6 columns (in 0.01435 secs)
2025-04-24 21:46:00,601 [DEBUG]  OP: Operation.CREATE_LEAF on slice (1291, 1) (remaining tasks 113)
2025-04-24 21:46:00,602 [DEBUG]  		 created leaf IdentityNumericLeaf for scope=[0] (in 0.00058 secs)
2025-04-24 21:46:00,603 [DEBUG]  OP: Operation.NAIVE_FACTORIZATION on slice (1291, 6) (remaining tasks 112)
2025-04-24 21:46:00,616 [DEBUG]  		naive factorization 6 columns (in 0.01310 secs)
2025-04-24 21:46:00,616 [DEBUG]  OP: Operation.CREATE_LEAF on slice (1293, 1) (remaining tasks 111)
2025-04-24 21:46:00,617 [DEBUG]  		 created leaf IdentityNumericLeaf for scope=[0] (in 0.00058 secs)
2025-04-24 21:46:00,617 [DEBUG]  OP: Operation.NAIVE_FACTORIZATION on slice (1293, 6) (remaining tasks 110)
2025-04-24 21:46:00,631 [DEBUG]  		naive factorization 6 columns (in 0.01351 secs)
2025-04-24 21:46:00,632 [DEBUG]  OP: Operation.NAIVE_FACTORIZATION on slice (1292, 6) (remaining tasks 109)
2025-04-24 21:46:00,647 [DEBUG]  		naive factorization 6 columns (in 0.01449 secs)
2025-04-24 21:46:00,647 [DEBUG]  OP: Operation.NAIVE_FACTORIZATION on slice (1291, 6) (remaining tasks 108)
2025-04-24 21:46:00,662 [DEBUG]  		naive factorization 6 columns (in 0.01474 secs)
2025-04-24 21:46:00,663 [DEBUG]  OP: Operation.NAIVE_FACTORIZATION on slice (1291, 6) (remaining tasks 107)
2025-04-24 21:46:00,677 [DEBUG]  		naive factorization 6 columns (in 0.01407 secs)
2025-04-24 21:46:00,678 [DEBUG]  OP: Operation.NAIVE_FACTORIZATION on slice (1291, 6) (remaining tasks 106)
2025-04-24 21:46:00,693 [DEBUG]  		naive factorization 6 columns (in 0.01460 secs)
2025-04-24 21:46:00,693 [DEBUG]  OP: Operation.CREATE_LEAF on slice (1291, 1) (remaining tasks 105)
2025-04-24 21:46:00,694 [DEBUG]  		 created leaf IdentityNumericLeaf for scope=[0] (in 0.00059 secs)
2025-04-24 21:46:00,694 [DEBUG]  OP: Operation.NAIVE_FACTORIZATION on slice (1291, 6) (remaining tasks 104)
2025-04-24 21:46:00,709 [DEBUG]  		naive factorization 6 columns (in 0.01449 secs)
2025-04-24 21:46:00,709 [DEBUG]  OP: Operation.CREATE_LEAF on slice (1294, 1) (remaining tasks 103)
2025-04-24 21:46:00,710 [DEBUG]  		 created leaf IdentityNumericLeaf for scope=[0] (in 0.00058 secs)
2025-04-24 21:46:00,710 [DEBUG]  OP: Operation.NAIVE_FACTORIZATION on slice (1294, 6) (remaining tasks 102)
2025-04-24 21:46:00,725 [DEBUG]  		naive factorization 6 columns (in 0.01457 secs)
2025-04-24 21:46:00,726 [DEBUG]  OP: Operation.NAIVE_FACTORIZATION on slice (1293, 6) (remaining tasks 101)
2025-04-24 21:46:00,741 [DEBUG]  		naive factorization 6 columns (in 0.01519 secs)
2025-04-24 21:46:00,742 [DEBUG]  OP: Operation.NAIVE_FACTORIZATION on slice (1293, 6) (remaining tasks 100)
2025-04-24 21:46:00,757 [DEBUG]  		naive factorization 6 columns (in 0.01488 secs)
2025-04-24 21:46:00,758 [DEBUG]  OP: Operation.NAIVE_FACTORIZATION on slice (1293, 6) (remaining tasks 99)
2025-04-24 21:46:00,773 [DEBUG]  		naive factorization 6 columns (in 0.01466 secs)
2025-04-24 21:46:00,774 [DEBUG]  OP: Operation.NAIVE_FACTORIZATION on slice (1292, 6) (remaining tasks 98)
2025-04-24 21:46:00,788 [DEBUG]  		naive factorization 6 columns (in 0.01455 secs)
2025-04-24 21:46:00,789 [DEBUG]  OP: Operation.CREATE_LEAF on slice (1291, 1) (remaining tasks 97)
2025-04-24 21:46:00,789 [DEBUG]  		 created leaf IdentityNumericLeaf for scope=[0] (in 0.00060 secs)
2025-04-24 21:46:00,790 [DEBUG]  OP: Operation.NAIVE_FACTORIZATION on slice (1291, 6) (remaining tasks 96)
2025-04-24 21:46:00,805 [DEBUG]  		naive factorization 6 columns (in 0.01498 secs)
2025-04-24 21:46:00,806 [DEBUG]  OP: Operation.NAIVE_FACTORIZATION on slice (1291, 6) (remaining tasks 95)
2025-04-24 21:46:00,821 [DEBUG]  		naive factorization 6 columns (in 0.01471 secs)
2025-04-24 21:46:00,822 [DEBUG]  OP: Operation.NAIVE_FACTORIZATION on slice (1291, 6) (remaining tasks 94)
2025-04-24 21:46:00,837 [DEBUG]  		naive factorization 6 columns (in 0.01546 secs)
2025-04-24 21:46:00,838 [DEBUG]  OP: Operation.NAIVE_FACTORIZATION on slice (1293, 6) (remaining tasks 93)
2025-04-24 21:46:00,853 [DEBUG]  		naive factorization 6 columns (in 0.01466 secs)
2025-04-24 21:46:00,854 [DEBUG]  OP: Operation.NAIVE_FACTORIZATION on slice (1292, 6) (remaining tasks 92)
2025-04-24 21:46:00,869 [DEBUG]  		naive factorization 6 columns (in 0.01483 secs)
2025-04-24 21:46:00,869 [DEBUG]  OP: Operation.NAIVE_FACTORIZATION on slice (1292, 6) (remaining tasks 91)
2025-04-24 21:46:00,885 [DEBUG]  		naive factorization 6 columns (in 0.01482 secs)
2025-04-24 21:46:00,885 [DEBUG]  OP: Operation.NAIVE_FACTORIZATION on slice (1291, 6) (remaining tasks 90)
2025-04-24 21:46:00,900 [DEBUG]  		naive factorization 6 columns (in 0.01490 secs)
2025-04-24 21:46:00,901 [DEBUG]  OP: Operation.CREATE_LEAF on slice (1289, 1) (remaining tasks 89)
2025-04-24 21:46:00,901 [DEBUG]  		 created leaf IdentityNumericLeaf for scope=[0] (in 0.00061 secs)
2025-04-24 21:46:00,902 [DEBUG]  OP: Operation.NAIVE_FACTORIZATION on slice (1289, 6) (remaining tasks 88)
2025-04-24 21:46:00,917 [DEBUG]  		naive factorization 6 columns (in 0.01465 secs)
2025-04-24 21:46:00,918 [DEBUG]  OP: Operation.NAIVE_FACTORIZATION on slice (1290, 6) (remaining tasks 87)
2025-04-24 21:46:00,932 [DEBUG]  		naive factorization 6 columns (in 0.01474 secs)
2025-04-24 21:46:00,933 [DEBUG]  OP: Operation.NAIVE_FACTORIZATION on slice (1290, 6) (remaining tasks 86)
2025-04-24 21:46:00,948 [DEBUG]  		naive factorization 6 columns (in 0.01471 secs)
2025-04-24 21:46:00,949 [DEBUG]  OP: Operation.NAIVE_FACTORIZATION on slice (1291, 6) (remaining tasks 85)
2025-04-24 21:46:00,964 [DEBUG]  		naive factorization 6 columns (in 0.01464 secs)
2025-04-24 21:46:00,964 [DEBUG]  OP: Operation.NAIVE_FACTORIZATION on slice (1292, 6) (remaining tasks 84)
2025-04-24 21:46:00,980 [DEBUG]  		naive factorization 6 columns (in 0.01555 secs)
2025-04-24 21:46:00,981 [DEBUG]  OP: Operation.NAIVE_FACTORIZATION on slice (1291, 6) (remaining tasks 83)
2025-04-24 21:46:00,996 [DEBUG]  		naive factorization 6 columns (in 0.01494 secs)
2025-04-24 21:46:00,997 [DEBUG]  OP: Operation.NAIVE_FACTORIZATION on slice (1289, 6) (remaining tasks 82)
2025-04-24 21:46:01,012 [DEBUG]  		naive factorization 6 columns (in 0.01475 secs)
2025-04-24 21:46:01,012 [DEBUG]  OP: Operation.CREATE_LEAF on slice (1289, 1) (remaining tasks 81)
2025-04-24 21:46:01,013 [DEBUG]  		 created leaf IdentityNumericLeaf for scope=[0] (in 0.00061 secs)
2025-04-24 21:46:01,013 [DEBUG]  OP: Operation.NAIVE_FACTORIZATION on slice (1289, 6) (remaining tasks 80)
2025-04-24 21:46:01,028 [DEBUG]  		naive factorization 6 columns (in 0.01465 secs)
2025-04-24 21:46:01,029 [DEBUG]  OP: Operation.CREATE_LEAF on slice (1294, 1) (remaining tasks 79)
2025-04-24 21:46:01,029 [DEBUG]  		 created leaf IdentityNumericLeaf for scope=[0] (in 0.00060 secs)
2025-04-24 21:46:01,030 [DEBUG]  OP: Operation.NAIVE_FACTORIZATION on slice (1294, 6) (remaining tasks 78)
2025-04-24 21:46:01,045 [DEBUG]  		naive factorization 6 columns (in 0.01461 secs)
2025-04-24 21:46:01,045 [DEBUG]  OP: Operation.NAIVE_FACTORIZATION on slice (1295, 6) (remaining tasks 77)
2025-04-24 21:46:01,061 [DEBUG]  		naive factorization 6 columns (in 0.01582 secs)
2025-04-24 21:46:01,062 [DEBUG]  OP: Operation.NAIVE_FACTORIZATION on slice (1292, 6) (remaining tasks 76)
2025-04-24 21:46:01,078 [DEBUG]  		naive factorization 6 columns (in 0.01527 secs)
2025-04-24 21:46:01,078 [DEBUG]  OP: Operation.NAIVE_FACTORIZATION on slice (1292, 6) (remaining tasks 75)
2025-04-24 21:46:01,093 [DEBUG]  		naive factorization 6 columns (in 0.01473 secs)
2025-04-24 21:46:01,094 [DEBUG]  OP: Operation.NAIVE_FACTORIZATION on slice (1291, 6) (remaining tasks 74)
2025-04-24 21:46:01,109 [DEBUG]  		naive factorization 6 columns (in 0.01452 secs)
2025-04-24 21:46:01,110 [DEBUG]  OP: Operation.NAIVE_FACTORIZATION on slice (1293, 6) (remaining tasks 73)
2025-04-24 21:46:01,124 [DEBUG]  		naive factorization 6 columns (in 0.01473 secs)
2025-04-24 21:46:01,125 [DEBUG]  OP: Operation.NAIVE_FACTORIZATION on slice (1292, 6) (remaining tasks 72)
2025-04-24 21:46:01,140 [DEBUG]  		naive factorization 6 columns (in 0.01465 secs)
2025-04-24 21:46:01,141 [DEBUG]  OP: Operation.NAIVE_FACTORIZATION on slice (1293, 6) (remaining tasks 71)
2025-04-24 21:46:01,156 [DEBUG]  		naive factorization 6 columns (in 0.01449 secs)
2025-04-24 21:46:01,156 [DEBUG]  OP: Operation.NAIVE_FACTORIZATION on slice (1292, 6) (remaining tasks 70)
2025-04-24 21:46:01,171 [DEBUG]  		naive factorization 6 columns (in 0.01456 secs)
2025-04-24 21:46:01,172 [DEBUG]  OP: Operation.CREATE_LEAF on slice (1293, 1) (remaining tasks 69)
2025-04-24 21:46:01,172 [DEBUG]  		 created leaf IdentityNumericLeaf for scope=[0] (in 0.00065 secs)
2025-04-24 21:46:01,173 [DEBUG]  OP: Operation.NAIVE_FACTORIZATION on slice (1293, 6) (remaining tasks 68)
2025-04-24 21:46:01,188 [DEBUG]  		naive factorization 6 columns (in 0.01476 secs)
2025-04-24 21:46:01,189 [DEBUG]  OP: Operation.NAIVE_FACTORIZATION on slice (1289, 6) (remaining tasks 67)
2025-04-24 21:46:01,204 [DEBUG]  		naive factorization 6 columns (in 0.01466 secs)
2025-04-24 21:46:01,204 [DEBUG]  OP: Operation.NAIVE_FACTORIZATION on slice (1289, 6) (remaining tasks 66)
2025-04-24 21:46:01,220 [DEBUG]  		naive factorization 6 columns (in 0.01505 secs)
2025-04-24 21:46:01,220 [DEBUG]  OP: Operation.NAIVE_FACTORIZATION on slice (1291, 6) (remaining tasks 65)
2025-04-24 21:46:01,235 [DEBUG]  		naive factorization 6 columns (in 0.01493 secs)
2025-04-24 21:46:01,236 [DEBUG]  OP: Operation.NAIVE_FACTORIZATION on slice (1290, 6) (remaining tasks 64)
2025-04-24 21:46:01,251 [DEBUG]  		naive factorization 6 columns (in 0.01479 secs)
2025-04-24 21:46:01,252 [DEBUG]  OP: Operation.NAIVE_FACTORIZATION on slice (1282, 6) (remaining tasks 63)
2025-04-24 21:46:01,267 [DEBUG]  		naive factorization 6 columns (in 0.01446 secs)
2025-04-24 21:46:01,267 [DEBUG]  OP: Operation.NAIVE_FACTORIZATION on slice (1284, 6) (remaining tasks 62)
2025-04-24 21:46:01,282 [DEBUG]  		naive factorization 6 columns (in 0.01446 secs)
2025-04-24 21:46:01,282 [DEBUG]  OP: Operation.CREATE_LEAF on slice (1282, 1) (remaining tasks 61)
2025-04-24 21:46:01,283 [DEBUG]  		 created leaf IdentityNumericLeaf for scope=[0] (in 0.00062 secs)
2025-04-24 21:46:01,284 [DEBUG]  OP: Operation.NAIVE_FACTORIZATION on slice (1282, 6) (remaining tasks 60)
2025-04-24 21:46:01,299 [DEBUG]  		naive factorization 6 columns (in 0.01518 secs)
2025-04-24 21:46:01,300 [DEBUG]  OP: Operation.NAIVE_FACTORIZATION on slice (1286, 6) (remaining tasks 59)
2025-04-24 21:46:01,315 [DEBUG]  		naive factorization 6 columns (in 0.01529 secs)
2025-04-24 21:46:01,316 [DEBUG]  OP: Operation.NAIVE_FACTORIZATION on slice (1285, 6) (remaining tasks 58)
2025-04-24 21:46:01,331 [DEBUG]  		naive factorization 6 columns (in 0.01465 secs)
2025-04-24 21:46:01,331 [DEBUG]  OP: Operation.CREATE_LEAF on slice (1283, 1) (remaining tasks 57)
2025-04-24 21:46:01,332 [DEBUG]  		 created leaf IdentityNumericLeaf for scope=[0] (in 0.00068 secs)
2025-04-24 21:46:01,333 [DEBUG]  OP: Operation.NAIVE_FACTORIZATION on slice (1283, 6) (remaining tasks 56)
2025-04-24 21:46:01,347 [DEBUG]  		naive factorization 6 columns (in 0.01461 secs)
2025-04-24 21:46:01,348 [DEBUG]  OP: Operation.NAIVE_FACTORIZATION on slice (1282, 6) (remaining tasks 55)
2025-04-24 21:46:01,363 [DEBUG]  		naive factorization 6 columns (in 0.01452 secs)
2025-04-24 21:46:01,364 [DEBUG]  OP: Operation.NAIVE_FACTORIZATION on slice (1281, 6) (remaining tasks 54)
2025-04-24 21:46:01,379 [DEBUG]  		naive factorization 6 columns (in 0.01498 secs)
2025-04-24 21:46:01,379 [DEBUG]  OP: Operation.CREATE_LEAF on slice (1281, 1) (remaining tasks 53)
2025-04-24 21:46:01,380 [DEBUG]  		 created leaf IdentityNumericLeaf for scope=[0] (in 0.00060 secs)
2025-04-24 21:46:01,380 [DEBUG]  OP: Operation.NAIVE_FACTORIZATION on slice (1281, 6) (remaining tasks 52)
2025-04-24 21:46:01,395 [DEBUG]  		naive factorization 6 columns (in 0.01466 secs)
2025-04-24 21:46:01,396 [DEBUG]  OP: Operation.NAIVE_FACTORIZATION on slice (1281, 6) (remaining tasks 51)
2025-04-24 21:46:01,411 [DEBUG]  		naive factorization 6 columns (in 0.01458 secs)
2025-04-24 21:46:01,411 [DEBUG]  OP: Operation.NAIVE_FACTORIZATION on slice (1282, 6) (remaining tasks 50)
2025-04-24 21:46:01,426 [DEBUG]  		naive factorization 6 columns (in 0.01455 secs)
2025-04-24 21:46:01,427 [DEBUG]  OP: Operation.NAIVE_FACTORIZATION on slice (1282, 6) (remaining tasks 49)
2025-04-24 21:46:01,442 [DEBUG]  		naive factorization 6 columns (in 0.01459 secs)
2025-04-24 21:46:01,443 [DEBUG]  OP: Operation.NAIVE_FACTORIZATION on slice (1284, 6) (remaining tasks 48)
2025-04-24 21:46:01,458 [DEBUG]  		naive factorization 6 columns (in 0.01483 secs)
2025-04-24 21:46:01,458 [DEBUG]  OP: Operation.NAIVE_FACTORIZATION on slice (1284, 6) (remaining tasks 47)
2025-04-24 21:46:01,474 [DEBUG]  		naive factorization 6 columns (in 0.01490 secs)
2025-04-24 21:46:01,474 [DEBUG]  OP: Operation.NAIVE_FACTORIZATION on slice (1285, 6) (remaining tasks 46)
2025-04-24 21:46:01,489 [DEBUG]  		naive factorization 6 columns (in 0.01463 secs)
2025-04-24 21:46:01,489 [DEBUG]  OP: Operation.CREATE_LEAF on slice (1285, 1) (remaining tasks 45)
2025-04-24 21:46:01,490 [DEBUG]  		 created leaf IdentityNumericLeaf for scope=[0] (in 0.00062 secs)
2025-04-24 21:46:01,491 [DEBUG]  OP: Operation.NAIVE_FACTORIZATION on slice (1285, 6) (remaining tasks 44)
2025-04-24 21:46:01,505 [DEBUG]  		naive factorization 6 columns (in 0.01455 secs)
2025-04-24 21:46:01,506 [DEBUG]  OP: Operation.NAIVE_FACTORIZATION on slice (1287, 6) (remaining tasks 43)
2025-04-24 21:46:01,521 [DEBUG]  		naive factorization 6 columns (in 0.01458 secs)
2025-04-24 21:46:01,522 [DEBUG]  OP: Operation.NAIVE_FACTORIZATION on slice (1285, 6) (remaining tasks 42)
2025-04-24 21:46:01,537 [DEBUG]  		naive factorization 6 columns (in 0.01551 secs)
2025-04-24 21:46:01,538 [DEBUG]  OP: Operation.CREATE_LEAF on slice (1286, 1) (remaining tasks 41)
2025-04-24 21:46:01,539 [DEBUG]  		 created leaf IdentityNumericLeaf for scope=[0] (in 0.00066 secs)
2025-04-24 21:46:01,539 [DEBUG]  OP: Operation.NAIVE_FACTORIZATION on slice (1286, 6) (remaining tasks 40)
2025-04-24 21:46:01,555 [DEBUG]  		naive factorization 6 columns (in 0.01514 secs)
2025-04-24 21:46:01,555 [DEBUG]  OP: Operation.NAIVE_FACTORIZATION on slice (1282, 6) (remaining tasks 39)
2025-04-24 21:46:01,570 [DEBUG]  		naive factorization 6 columns (in 0.01461 secs)
2025-04-24 21:46:01,571 [DEBUG]  OP: Operation.NAIVE_FACTORIZATION on slice (1281, 6) (remaining tasks 38)
2025-04-24 21:46:01,586 [DEBUG]  		naive factorization 6 columns (in 0.01461 secs)
2025-04-24 21:46:01,586 [DEBUG]  OP: Operation.NAIVE_FACTORIZATION on slice (1283, 6) (remaining tasks 37)
2025-04-24 21:46:01,601 [DEBUG]  		naive factorization 6 columns (in 0.01460 secs)
2025-04-24 21:46:01,602 [DEBUG]  OP: Operation.NAIVE_FACTORIZATION on slice (1284, 6) (remaining tasks 36)
2025-04-24 21:46:01,617 [DEBUG]  		naive factorization 6 columns (in 0.01464 secs)
2025-04-24 21:46:01,617 [DEBUG]  OP: Operation.CREATE_LEAF on slice (1285, 1) (remaining tasks 35)
2025-04-24 21:46:01,618 [DEBUG]  		 created leaf IdentityNumericLeaf for scope=[0] (in 0.00061 secs)
2025-04-24 21:46:01,618 [DEBUG]  OP: Operation.NAIVE_FACTORIZATION on slice (1285, 6) (remaining tasks 34)
2025-04-24 21:46:01,633 [DEBUG]  		naive factorization 6 columns (in 0.01436 secs)
2025-04-24 21:46:01,634 [DEBUG]  OP: Operation.NAIVE_FACTORIZATION on slice (1282, 6) (remaining tasks 33)
2025-04-24 21:46:01,649 [DEBUG]  		naive factorization 6 columns (in 0.01458 secs)
2025-04-24 21:46:01,649 [DEBUG]  OP: Operation.NAIVE_FACTORIZATION on slice (1284, 6) (remaining tasks 32)
2025-04-24 21:46:01,664 [DEBUG]  		naive factorization 6 columns (in 0.01454 secs)
2025-04-24 21:46:01,664 [DEBUG]  OP: Operation.CREATE_LEAF on slice (1283, 1) (remaining tasks 31)
2025-04-24 21:46:01,665 [DEBUG]  		 created leaf IdentityNumericLeaf for scope=[0] (in 0.00061 secs)
2025-04-24 21:46:01,666 [DEBUG]  OP: Operation.NAIVE_FACTORIZATION on slice (1283, 6) (remaining tasks 30)
2025-04-24 21:46:01,680 [DEBUG]  		naive factorization 6 columns (in 0.01442 secs)
2025-04-24 21:46:01,681 [DEBUG]  OP: Operation.NAIVE_FACTORIZATION on slice (1286, 6) (remaining tasks 29)
2025-04-24 21:46:01,696 [DEBUG]  		naive factorization 6 columns (in 0.01486 secs)
2025-04-24 21:46:01,697 [DEBUG]  OP: Operation.NAIVE_FACTORIZATION on slice (1284, 6) (remaining tasks 28)
2025-04-24 21:46:01,712 [DEBUG]  		naive factorization 6 columns (in 0.01484 secs)
2025-04-24 21:46:01,712 [DEBUG]  OP: Operation.CREATE_LEAF on slice (1282, 1) (remaining tasks 27)
2025-04-24 21:46:01,713 [DEBUG]  		 created leaf IdentityNumericLeaf for scope=[0] (in 0.00061 secs)
2025-04-24 21:46:01,713 [DEBUG]  OP: Operation.NAIVE_FACTORIZATION on slice (1282, 6) (remaining tasks 26)
2025-04-24 21:46:01,728 [DEBUG]  		naive factorization 6 columns (in 0.01459 secs)
2025-04-24 21:46:01,729 [DEBUG]  OP: Operation.NAIVE_FACTORIZATION on slice (1281, 6) (remaining tasks 25)
2025-04-24 21:46:01,744 [DEBUG]  		naive factorization 6 columns (in 0.01469 secs)
2025-04-24 21:46:01,745 [DEBUG]  OP: Operation.NAIVE_FACTORIZATION on slice (1282, 6) (remaining tasks 24)
2025-04-24 21:46:01,760 [DEBUG]  		naive factorization 6 columns (in 0.01457 secs)
2025-04-24 21:46:01,760 [DEBUG]  OP: Operation.NAIVE_FACTORIZATION on slice (1284, 6) (remaining tasks 23)
2025-04-24 21:46:01,776 [DEBUG]  		naive factorization 6 columns (in 0.01526 secs)
2025-04-24 21:46:01,777 [DEBUG]  OP: Operation.NAIVE_FACTORIZATION on slice (1285, 6) (remaining tasks 22)
2025-04-24 21:46:01,792 [DEBUG]  		naive factorization 6 columns (in 0.01525 secs)
2025-04-24 21:46:01,792 [DEBUG]  OP: Operation.CREATE_LEAF on slice (1284, 1) (remaining tasks 21)
2025-04-24 21:46:01,793 [DEBUG]  		 created leaf IdentityNumericLeaf for scope=[0] (in 0.00061 secs)
2025-04-24 21:46:01,794 [DEBUG]  OP: Operation.NAIVE_FACTORIZATION on slice (1284, 6) (remaining tasks 20)
2025-04-24 21:46:01,808 [DEBUG]  		naive factorization 6 columns (in 0.01459 secs)
2025-04-24 21:46:01,809 [DEBUG]  OP: Operation.CREATE_LEAF on slice (1287, 1) (remaining tasks 19)
2025-04-24 21:46:01,809 [DEBUG]  		 created leaf IdentityNumericLeaf for scope=[0] (in 0.00060 secs)
2025-04-24 21:46:01,810 [DEBUG]  OP: Operation.NAIVE_FACTORIZATION on slice (1287, 6) (remaining tasks 18)
2025-04-24 21:46:01,825 [DEBUG]  		naive factorization 6 columns (in 0.01463 secs)
2025-04-24 21:46:01,826 [DEBUG]  OP: Operation.NAIVE_FACTORIZATION on slice (1284, 6) (remaining tasks 17)
2025-04-24 21:46:01,840 [DEBUG]  		naive factorization 6 columns (in 0.01457 secs)
2025-04-24 21:46:01,841 [DEBUG]  OP: Operation.NAIVE_FACTORIZATION on slice (1285, 6) (remaining tasks 16)
2025-04-24 21:46:01,856 [DEBUG]  		naive factorization 6 columns (in 0.01517 secs)
2025-04-24 21:46:01,857 [DEBUG]  OP: Operation.CREATE_LEAF on slice (1286, 1) (remaining tasks 15)
2025-04-24 21:46:01,857 [DEBUG]  		 created leaf IdentityNumericLeaf for scope=[0] (in 0.00060 secs)
2025-04-24 21:46:01,858 [DEBUG]  OP: Operation.NAIVE_FACTORIZATION on slice (1286, 6) (remaining tasks 14)
2025-04-24 21:46:01,873 [DEBUG]  		naive factorization 6 columns (in 0.01472 secs)
2025-04-24 21:46:01,874 [DEBUG]  OP: Operation.NAIVE_FACTORIZATION on slice (1286, 6) (remaining tasks 13)
2025-04-24 21:46:01,888 [DEBUG]  		naive factorization 6 columns (in 0.01465 secs)
2025-04-24 21:46:01,889 [DEBUG]  OP: Operation.NAIVE_FACTORIZATION on slice (1284, 6) (remaining tasks 12)
2025-04-24 21:46:01,904 [DEBUG]  		naive factorization 6 columns (in 0.01463 secs)
2025-04-24 21:46:01,905 [DEBUG]  OP: Operation.NAIVE_FACTORIZATION on slice (1287, 6) (remaining tasks 11)
2025-04-24 21:46:01,920 [DEBUG]  		naive factorization 6 columns (in 0.01458 secs)
2025-04-24 21:46:01,920 [DEBUG]  OP: Operation.NAIVE_FACTORIZATION on slice (1285, 6) (remaining tasks 10)
2025-04-24 21:46:01,935 [DEBUG]  		naive factorization 6 columns (in 0.01492 secs)
2025-04-24 21:46:01,936 [DEBUG]  OP: Operation.NAIVE_FACTORIZATION on slice (1287, 6) (remaining tasks 9)
2025-04-24 21:46:01,951 [DEBUG]  		naive factorization 6 columns (in 0.01493 secs)
2025-04-24 21:46:01,952 [DEBUG]  OP: Operation.NAIVE_FACTORIZATION on slice (1287, 6) (remaining tasks 8)
2025-04-24 21:46:01,967 [DEBUG]  		naive factorization 6 columns (in 0.01456 secs)
2025-04-24 21:46:01,967 [DEBUG]  OP: Operation.CREATE_LEAF on slice (1285, 1) (remaining tasks 7)
2025-04-24 21:46:01,968 [DEBUG]  		 created leaf IdentityNumericLeaf for scope=[0] (in 0.00061 secs)
2025-04-24 21:46:01,968 [DEBUG]  OP: Operation.NAIVE_FACTORIZATION on slice (1285, 6) (remaining tasks 6)
2025-04-24 21:46:01,983 [DEBUG]  		naive factorization 6 columns (in 0.01466 secs)
2025-04-24 21:46:01,984 [DEBUG]  OP: Operation.NAIVE_FACTORIZATION on slice (1282, 6) (remaining tasks 5)
2025-04-24 21:46:01,999 [DEBUG]  		naive factorization 6 columns (in 0.01466 secs)
2025-04-24 21:46:02,000 [DEBUG]  OP: Operation.NAIVE_FACTORIZATION on slice (1284, 6) (remaining tasks 4)
2025-04-24 21:46:02,015 [DEBUG]  		naive factorization 6 columns (in 0.01527 secs)
2025-04-24 21:46:02,015 [DEBUG]  OP: Operation.CREATE_LEAF on slice (1286, 1) (remaining tasks 3)
2025-04-24 21:46:02,016 [DEBUG]  		 created leaf IdentityNumericLeaf for scope=[0] (in 0.00061 secs)
2025-04-24 21:46:02,017 [DEBUG]  OP: Operation.NAIVE_FACTORIZATION on slice (1286, 6) (remaining tasks 2)
2025-04-24 21:46:02,032 [DEBUG]  		naive factorization 6 columns (in 0.01532 secs)
2025-04-24 21:46:02,033 [DEBUG]  OP: Operation.NAIVE_FACTORIZATION on slice (1286, 6) (remaining tasks 1)
2025-04-24 21:46:02,048 [DEBUG]  		naive factorization 6 columns (in 0.01462 secs)
2025-04-24 21:46:02,049 [DEBUG]  OP: Operation.NAIVE_FACTORIZATION on slice (1284, 6) (remaining tasks 0)
2025-04-24 21:46:02,063 [DEBUG]  		naive factorization 6 columns (in 0.01460 secs)
2025-04-24 21:46:10,821 [DEBUG]  Built SPN in 162.2412090949947 sec
2025-04-24 21:46:10,821 [INFO ]  Saving ensemble to /home/dafn/card/deepcard/collected_temp_benchmarks/spn_ensembles/Localization Data for Person Activity/ensemble_single_conflongdemo_jsi_10000000.pkl
