2025-04-24 22:00:12,287 [INFO ]  Creating naive ensemble.
2025-04-24 22:00:12,287 [INFO ]  Learning SPN for conflongdemo_jsi.
2025-04-24 22:00:12,287 [DEBUG]  generate_join_sample(single_table=conflongdemo_jsi, relationship_list=None, split_condition=None)
2025-04-24 22:00:12,338 [DEBUG]  Using min_instance_slice parameter 1648.6000000000001.
2025-04-24 22:00:12,338 [INFO ]  SPN training phase with 164860 samples
2025-04-24 22:00:12,389 [DEBUG]  Built domains in 0.049595380027312785 sec
2025-04-24 22:00:12,758 [DEBUG]  CACHEDIR=/home/dafn/.cache/matplotlib
2025-04-24 22:00:12,760 [DEBUG]  Using fontManager instance from /home/dafn/.cache/matplotlib/fontlist-v300.json
2025-04-24 22:00:12,855 [DEBUG]  Loaded backend qt5agg version unknown.
2025-04-24 22:00:12,886 [DEBUG]  Loaded backend qt5agg version unknown.
2025-04-24 22:00:12,887 [DEBUG]  Loaded backend qt4agg version unknown.
2025-04-24 22:00:12,894 [DEBUG]  Loaded backend tkagg version unknown.
2025-04-24 22:00:12,894 [DEBUG]  Loaded backend agg version unknown.
2025-04-24 22:00:12,894 [DEBUG]  Loaded backend agg version unknown.
2025-04-24 22:00:12,902 [DEBUG]  OP: Operation.SPLIT_ROWS on slice (164860, 7) (remaining tasks 0)
2025-04-24 22:00:13,408 [DEBUG]  		found 2 row clusters (in 0.50676 secs)
2025-04-24 22:00:13,415 [DEBUG]  OP: Operation.SPLIT_COLUMNS on slice (82687, 7) (remaining tasks 1)
2025-04-24 22:00:14,261 [DEBUG]  		found 6 col clusters (in 0.84651 secs)
2025-04-24 22:00:14,271 [DEBUG]  OP: Operation.SPLIT_COLUMNS on slice (82173, 7) (remaining tasks 6)
2025-04-24 22:00:15,135 [DEBUG]  		found 6 col clusters (in 0.86100 secs)
2025-04-24 22:00:15,136 [DEBUG]  OP: Operation.SPLIT_COLUMNS on slice (82687, 2) (remaining tasks 11)
2025-04-24 22:00:15,426 [DEBUG]  		found 1 col clusters (in 0.28963 secs)
2025-04-24 22:00:15,427 [DEBUG]  OP: Operation.CREATE_LEAF on slice (82687, 1) (remaining tasks 11)
2025-04-24 22:00:15,433 [DEBUG]  		 created leaf IdentityNumericLeaf for scope=[1] (in 0.00604 secs)
2025-04-24 22:00:15,433 [DEBUG]  OP: Operation.CREATE_LEAF on slice (82687, 1) (remaining tasks 10)
2025-04-24 22:00:15,476 [DEBUG]  		 created leaf IdentityNumericLeaf for scope=[3] (in 0.04265 secs)
2025-04-24 22:00:15,476 [DEBUG]  OP: Operation.CREATE_LEAF on slice (82687, 1) (remaining tasks 9)
2025-04-24 22:00:15,526 [DEBUG]  		 created leaf IdentityNumericLeaf for scope=[4] (in 0.05006 secs)
2025-04-24 22:00:15,526 [DEBUG]  OP: Operation.CREATE_LEAF on slice (82687, 1) (remaining tasks 8)
2025-04-24 22:00:15,573 [DEBUG]  		 created leaf IdentityNumericLeaf for scope=[5] (in 0.04651 secs)
2025-04-24 22:00:15,573 [DEBUG]  OP: Operation.CREATE_LEAF on slice (82687, 1) (remaining tasks 7)
2025-04-24 22:00:15,576 [DEBUG]  		 created leaf IdentityNumericLeaf for scope=[6] (in 0.00335 secs)
2025-04-24 22:00:15,577 [DEBUG]  OP: Operation.SPLIT_COLUMNS on slice (82173, 2) (remaining tasks 6)
2025-04-24 22:00:15,690 [DEBUG]  		found 1 col clusters (in 0.11223 secs)
2025-04-24 22:00:15,690 [DEBUG]  OP: Operation.CREATE_LEAF on slice (82173, 1) (remaining tasks 6)
2025-04-24 22:00:15,694 [DEBUG]  		 created leaf IdentityNumericLeaf for scope=[1] (in 0.00459 secs)
2025-04-24 22:00:15,695 [DEBUG]  OP: Operation.CREATE_LEAF on slice (82173, 1) (remaining tasks 5)
2025-04-24 22:00:15,743 [DEBUG]  		 created leaf IdentityNumericLeaf for scope=[3] (in 0.04860 secs)
2025-04-24 22:00:15,744 [DEBUG]  OP: Operation.CREATE_LEAF on slice (82173, 1) (remaining tasks 4)
2025-04-24 22:00:15,794 [DEBUG]  		 created leaf IdentityNumericLeaf for scope=[4] (in 0.05058 secs)
2025-04-24 22:00:15,794 [DEBUG]  OP: Operation.CREATE_LEAF on slice (82173, 1) (remaining tasks 3)
2025-04-24 22:00:15,841 [DEBUG]  		 created leaf IdentityNumericLeaf for scope=[5] (in 0.04639 secs)
2025-04-24 22:00:15,841 [DEBUG]  OP: Operation.CREATE_LEAF on slice (82173, 1) (remaining tasks 2)
2025-04-24 22:00:15,845 [DEBUG]  		 created leaf IdentityNumericLeaf for scope=[6] (in 0.00350 secs)
2025-04-24 22:00:15,846 [DEBUG]  OP: Operation.SPLIT_ROWS on slice (82687, 2) (remaining tasks 1)
2025-04-24 22:00:16,134 [DEBUG]  		found 2 row clusters (in 0.28765 secs)
2025-04-24 22:00:16,134 [DEBUG]  OP: Operation.SPLIT_ROWS on slice (82173, 2) (remaining tasks 2)
2025-04-24 22:00:16,407 [DEBUG]  		found 2 row clusters (in 0.27225 secs)
2025-04-24 22:00:16,409 [DEBUG]  OP: Operation.SPLIT_COLUMNS on slice (41303, 2) (remaining tasks 3)
2025-04-24 22:00:16,518 [DEBUG]  		found 1 col clusters (in 0.10887 secs)
2025-04-24 22:00:16,523 [DEBUG]  OP: Operation.SPLIT_COLUMNS on slice (41384, 2) (remaining tasks 3)
2025-04-24 22:00:16,634 [DEBUG]  		found 1 col clusters (in 0.11132 secs)
2025-04-24 22:00:16,638 [DEBUG]  OP: Operation.SPLIT_COLUMNS on slice (41042, 2) (remaining tasks 3)
2025-04-24 22:00:16,750 [DEBUG]  		found 1 col clusters (in 0.11144 secs)
2025-04-24 22:00:16,754 [DEBUG]  OP: Operation.SPLIT_COLUMNS on slice (41131, 2) (remaining tasks 3)
2025-04-24 22:00:16,866 [DEBUG]  		found 1 col clusters (in 0.11151 secs)
2025-04-24 22:00:16,870 [DEBUG]  OP: Operation.SPLIT_ROWS on slice (41303, 2) (remaining tasks 3)
2025-04-24 22:00:17,099 [DEBUG]  		found 2 row clusters (in 0.22823 secs)
2025-04-24 22:00:17,103 [DEBUG]  OP: Operation.SPLIT_ROWS on slice (41384, 2) (remaining tasks 4)
2025-04-24 22:00:17,266 [DEBUG]  		found 2 row clusters (in 0.16273 secs)
2025-04-24 22:00:17,269 [DEBUG]  OP: Operation.SPLIT_ROWS on slice (41042, 2) (remaining tasks 5)
2025-04-24 22:00:17,433 [DEBUG]  		found 2 row clusters (in 0.16433 secs)
2025-04-24 22:00:17,436 [DEBUG]  OP: Operation.SPLIT_ROWS on slice (41131, 2) (remaining tasks 6)
2025-04-24 22:00:17,598 [DEBUG]  		found 2 row clusters (in 0.16185 secs)
2025-04-24 22:00:17,599 [DEBUG]  OP: Operation.SPLIT_COLUMNS on slice (20629, 2) (remaining tasks 7)
2025-04-24 22:00:17,708 [DEBUG]  		found 1 col clusters (in 0.10848 secs)
2025-04-24 22:00:17,710 [DEBUG]  OP: Operation.SPLIT_COLUMNS on slice (20674, 2) (remaining tasks 7)
2025-04-24 22:00:17,822 [DEBUG]  		found 1 col clusters (in 0.11120 secs)
2025-04-24 22:00:17,824 [DEBUG]  OP: Operation.SPLIT_COLUMNS on slice (20714, 2) (remaining tasks 7)
2025-04-24 22:00:17,936 [DEBUG]  		found 1 col clusters (in 0.11134 secs)
2025-04-24 22:00:17,939 [DEBUG]  OP: Operation.SPLIT_COLUMNS on slice (20670, 2) (remaining tasks 7)
2025-04-24 22:00:18,050 [DEBUG]  		found 1 col clusters (in 0.11119 secs)
2025-04-24 22:00:18,052 [DEBUG]  OP: Operation.SPLIT_COLUMNS on slice (20496, 2) (remaining tasks 7)
2025-04-24 22:00:18,164 [DEBUG]  		found 1 col clusters (in 0.11129 secs)
2025-04-24 22:00:18,166 [DEBUG]  OP: Operation.SPLIT_COLUMNS on slice (20546, 2) (remaining tasks 7)
2025-04-24 22:00:18,278 [DEBUG]  		found 1 col clusters (in 0.11127 secs)
2025-04-24 22:00:18,280 [DEBUG]  OP: Operation.SPLIT_COLUMNS on slice (20543, 2) (remaining tasks 7)
2025-04-24 22:00:18,392 [DEBUG]  		found 1 col clusters (in 0.11131 secs)
2025-04-24 22:00:18,394 [DEBUG]  OP: Operation.SPLIT_COLUMNS on slice (20588, 2) (remaining tasks 7)
2025-04-24 22:00:18,506 [DEBUG]  		found 1 col clusters (in 0.11122 secs)
2025-04-24 22:00:18,508 [DEBUG]  OP: Operation.SPLIT_ROWS on slice (20629, 2) (remaining tasks 7)
2025-04-24 22:00:18,632 [DEBUG]  		found 2 row clusters (in 0.12338 secs)
2025-04-24 22:00:18,634 [DEBUG]  OP: Operation.SPLIT_ROWS on slice (20674, 2) (remaining tasks 8)
2025-04-24 22:00:18,755 [DEBUG]  		found 2 row clusters (in 0.12096 secs)
2025-04-24 22:00:18,757 [DEBUG]  OP: Operation.SPLIT_ROWS on slice (20714, 2) (remaining tasks 9)
2025-04-24 22:00:18,855 [DEBUG]  		found 2 row clusters (in 0.09867 secs)
2025-04-24 22:00:18,857 [DEBUG]  OP: Operation.SPLIT_ROWS on slice (20670, 2) (remaining tasks 10)
2025-04-24 22:00:18,954 [DEBUG]  		found 2 row clusters (in 0.09681 secs)
2025-04-24 22:00:18,955 [DEBUG]  OP: Operation.SPLIT_ROWS on slice (20496, 2) (remaining tasks 11)
2025-04-24 22:00:19,046 [DEBUG]  		found 2 row clusters (in 0.09098 secs)
2025-04-24 22:00:19,048 [DEBUG]  OP: Operation.SPLIT_ROWS on slice (20546, 2) (remaining tasks 12)
2025-04-24 22:00:19,137 [DEBUG]  		found 2 row clusters (in 0.08942 secs)
2025-04-24 22:00:19,139 [DEBUG]  OP: Operation.SPLIT_ROWS on slice (20543, 2) (remaining tasks 13)
2025-04-24 22:00:19,235 [DEBUG]  		found 2 row clusters (in 0.09638 secs)
2025-04-24 22:00:19,237 [DEBUG]  OP: Operation.SPLIT_ROWS on slice (20588, 2) (remaining tasks 14)
2025-04-24 22:00:19,327 [DEBUG]  		found 2 row clusters (in 0.08997 secs)
2025-04-24 22:00:19,328 [DEBUG]  OP: Operation.SPLIT_COLUMNS on slice (10328, 2) (remaining tasks 15)
2025-04-24 22:00:19,436 [DEBUG]  		found 1 col clusters (in 0.10841 secs)
2025-04-24 22:00:19,437 [DEBUG]  OP: Operation.SPLIT_COLUMNS on slice (10301, 2) (remaining tasks 15)
2025-04-24 22:00:19,546 [DEBUG]  		found 1 col clusters (in 0.10850 secs)
2025-04-24 22:00:19,547 [DEBUG]  OP: Operation.SPLIT_COLUMNS on slice (10348, 2) (remaining tasks 15)
2025-04-24 22:00:19,656 [DEBUG]  		found 1 col clusters (in 0.10885 secs)
2025-04-24 22:00:19,658 [DEBUG]  OP: Operation.SPLIT_COLUMNS on slice (10326, 2) (remaining tasks 15)
2025-04-24 22:00:19,775 [DEBUG]  		found 1 col clusters (in 0.11637 secs)
2025-04-24 22:00:19,777 [DEBUG]  OP: Operation.SPLIT_COLUMNS on slice (10367, 2) (remaining tasks 15)
2025-04-24 22:00:19,893 [DEBUG]  		found 1 col clusters (in 0.11625 secs)
2025-04-24 22:00:19,894 [DEBUG]  OP: Operation.SPLIT_COLUMNS on slice (10347, 2) (remaining tasks 15)
2025-04-24 22:00:20,003 [DEBUG]  		found 1 col clusters (in 0.10839 secs)
2025-04-24 22:00:20,004 [DEBUG]  OP: Operation.SPLIT_COLUMNS on slice (10323, 2) (remaining tasks 15)
2025-04-24 22:00:20,112 [DEBUG]  		found 1 col clusters (in 0.10843 secs)
2025-04-24 22:00:20,115 [DEBUG]  OP: Operation.SPLIT_COLUMNS on slice (10347, 2) (remaining tasks 15)
2025-04-24 22:00:20,233 [DEBUG]  		found 1 col clusters (in 0.11769 secs)
2025-04-24 22:00:20,233 [DEBUG]  OP: Operation.SPLIT_COLUMNS on slice (10237, 2) (remaining tasks 15)
2025-04-24 22:00:20,342 [DEBUG]  		found 1 col clusters (in 0.10847 secs)
2025-04-24 22:00:20,344 [DEBUG]  OP: Operation.SPLIT_COLUMNS on slice (10259, 2) (remaining tasks 15)
2025-04-24 22:00:20,462 [DEBUG]  		found 1 col clusters (in 0.11728 secs)
2025-04-24 22:00:20,464 [DEBUG]  OP: Operation.SPLIT_COLUMNS on slice (10286, 2) (remaining tasks 15)
2025-04-24 22:00:20,581 [DEBUG]  		found 1 col clusters (in 0.11668 secs)
2025-04-24 22:00:20,582 [DEBUG]  OP: Operation.SPLIT_COLUMNS on slice (10260, 2) (remaining tasks 15)
2025-04-24 22:00:20,690 [DEBUG]  		found 1 col clusters (in 0.10838 secs)
2025-04-24 22:00:20,691 [DEBUG]  OP: Operation.SPLIT_COLUMNS on slice (10284, 2) (remaining tasks 15)
2025-04-24 22:00:20,800 [DEBUG]  		found 1 col clusters (in 0.10887 secs)
2025-04-24 22:00:20,802 [DEBUG]  OP: Operation.SPLIT_COLUMNS on slice (10259, 2) (remaining tasks 15)
2025-04-24 22:00:20,919 [DEBUG]  		found 1 col clusters (in 0.11650 secs)
2025-04-24 22:00:20,922 [DEBUG]  OP: Operation.SPLIT_COLUMNS on slice (10306, 2) (remaining tasks 15)
2025-04-24 22:00:21,037 [DEBUG]  		found 1 col clusters (in 0.11486 secs)
2025-04-24 22:00:21,039 [DEBUG]  OP: Operation.SPLIT_COLUMNS on slice (10282, 2) (remaining tasks 15)
2025-04-24 22:00:21,157 [DEBUG]  		found 1 col clusters (in 0.11787 secs)
2025-04-24 22:00:21,159 [DEBUG]  OP: Operation.SPLIT_ROWS on slice (10328, 2) (remaining tasks 15)
2025-04-24 22:00:21,263 [DEBUG]  		found 2 row clusters (in 0.10424 secs)
2025-04-24 22:00:21,264 [DEBUG]  OP: Operation.SPLIT_ROWS on slice (10301, 2) (remaining tasks 16)
2025-04-24 22:00:21,329 [DEBUG]  		found 2 row clusters (in 0.06457 secs)
2025-04-24 22:00:21,330 [DEBUG]  OP: Operation.SPLIT_ROWS on slice (10348, 2) (remaining tasks 17)
2025-04-24 22:00:21,391 [DEBUG]  		found 2 row clusters (in 0.06062 secs)
2025-04-24 22:00:21,391 [DEBUG]  OP: Operation.SPLIT_ROWS on slice (10326, 2) (remaining tasks 18)
2025-04-24 22:00:21,451 [DEBUG]  		found 2 row clusters (in 0.05990 secs)
2025-04-24 22:00:21,452 [DEBUG]  OP: Operation.SPLIT_ROWS on slice (10367, 2) (remaining tasks 19)
2025-04-24 22:00:21,506 [DEBUG]  		found 2 row clusters (in 0.05376 secs)
2025-04-24 22:00:21,507 [DEBUG]  OP: Operation.SPLIT_ROWS on slice (10347, 2) (remaining tasks 20)
2025-04-24 22:00:21,567 [DEBUG]  		found 2 row clusters (in 0.05970 secs)
2025-04-24 22:00:21,567 [DEBUG]  OP: Operation.SPLIT_ROWS on slice (10323, 2) (remaining tasks 21)
2025-04-24 22:00:21,622 [DEBUG]  		found 2 row clusters (in 0.05472 secs)
2025-04-24 22:00:21,623 [DEBUG]  OP: Operation.SPLIT_ROWS on slice (10347, 2) (remaining tasks 22)
2025-04-24 22:00:21,683 [DEBUG]  		found 2 row clusters (in 0.06004 secs)
2025-04-24 22:00:21,684 [DEBUG]  OP: Operation.SPLIT_ROWS on slice (10237, 2) (remaining tasks 23)
2025-04-24 22:00:21,744 [DEBUG]  		found 2 row clusters (in 0.06025 secs)
2025-04-24 22:00:21,745 [DEBUG]  OP: Operation.SPLIT_ROWS on slice (10259, 2) (remaining tasks 24)
2025-04-24 22:00:21,799 [DEBUG]  		found 2 row clusters (in 0.05374 secs)
2025-04-24 22:00:21,800 [DEBUG]  OP: Operation.SPLIT_ROWS on slice (10286, 2) (remaining tasks 25)
2025-04-24 22:00:21,854 [DEBUG]  		found 2 row clusters (in 0.05402 secs)
2025-04-24 22:00:21,855 [DEBUG]  OP: Operation.SPLIT_ROWS on slice (10260, 2) (remaining tasks 26)
2025-04-24 22:00:21,908 [DEBUG]  		found 2 row clusters (in 0.05362 secs)
2025-04-24 22:00:21,909 [DEBUG]  OP: Operation.SPLIT_ROWS on slice (10284, 2) (remaining tasks 27)
2025-04-24 22:00:21,958 [DEBUG]  		found 2 row clusters (in 0.04940 secs)
2025-04-24 22:00:21,959 [DEBUG]  OP: Operation.SPLIT_ROWS on slice (10259, 2) (remaining tasks 28)
2025-04-24 22:00:22,013 [DEBUG]  		found 2 row clusters (in 0.05346 secs)
2025-04-24 22:00:22,013 [DEBUG]  OP: Operation.SPLIT_ROWS on slice (10306, 2) (remaining tasks 29)
2025-04-24 22:00:22,067 [DEBUG]  		found 2 row clusters (in 0.05377 secs)
2025-04-24 22:00:22,068 [DEBUG]  OP: Operation.SPLIT_ROWS on slice (10282, 2) (remaining tasks 30)
2025-04-24 22:00:22,122 [DEBUG]  		found 2 row clusters (in 0.05363 secs)
2025-04-24 22:00:22,122 [DEBUG]  OP: Operation.SPLIT_COLUMNS on slice (5159, 2) (remaining tasks 31)
2025-04-24 22:00:22,230 [DEBUG]  		found 1 col clusters (in 0.10801 secs)
2025-04-24 22:00:22,231 [DEBUG]  OP: Operation.REMOVE_UNINFORMATIVE_FEATURES on slice (5169, 2) (remaining tasks 31)
2025-04-24 22:00:22,232 [DEBUG]  OP: Operation.SPLIT_COLUMNS on slice (5147, 2) (remaining tasks 32)
2025-04-24 22:00:22,339 [DEBUG]  		found 1 col clusters (in 0.10729 secs)
2025-04-24 22:00:22,341 [DEBUG]  OP: Operation.REMOVE_UNINFORMATIVE_FEATURES on slice (5154, 2) (remaining tasks 32)
2025-04-24 22:00:22,342 [DEBUG]  OP: Operation.REMOVE_UNINFORMATIVE_FEATURES on slice (5168, 2) (remaining tasks 33)
2025-04-24 22:00:22,343 [DEBUG]  OP: Operation.SPLIT_COLUMNS on slice (5180, 2) (remaining tasks 34)
2025-04-24 22:00:22,454 [DEBUG]  		found 1 col clusters (in 0.11120 secs)
2025-04-24 22:00:22,455 [DEBUG]  OP: Operation.SPLIT_COLUMNS on slice (5158, 2) (remaining tasks 34)
2025-04-24 22:00:22,567 [DEBUG]  		found 1 col clusters (in 0.11108 secs)
2025-04-24 22:00:22,568 [DEBUG]  OP: Operation.REMOVE_UNINFORMATIVE_FEATURES on slice (5168, 2) (remaining tasks 34)
2025-04-24 22:00:22,569 [DEBUG]  OP: Operation.SPLIT_COLUMNS on slice (5189, 2) (remaining tasks 35)
2025-04-24 22:00:22,678 [DEBUG]  		found 1 col clusters (in 0.10890 secs)
2025-04-24 22:00:22,679 [DEBUG]  OP: Operation.SPLIT_COLUMNS on slice (5178, 2) (remaining tasks 35)
2025-04-24 22:00:22,786 [DEBUG]  		found 1 col clusters (in 0.10695 secs)
2025-04-24 22:00:22,787 [DEBUG]  OP: Operation.SPLIT_COLUMNS on slice (5169, 2) (remaining tasks 35)
2025-04-24 22:00:22,894 [DEBUG]  		found 1 col clusters (in 0.10691 secs)
2025-04-24 22:00:22,894 [DEBUG]  OP: Operation.SPLIT_COLUMNS on slice (5178, 2) (remaining tasks 35)
2025-04-24 22:00:23,001 [DEBUG]  		found 1 col clusters (in 0.10681 secs)
2025-04-24 22:00:23,002 [DEBUG]  OP: Operation.SPLIT_COLUMNS on slice (5159, 2) (remaining tasks 35)
2025-04-24 22:00:23,110 [DEBUG]  		found 1 col clusters (in 0.10753 secs)
2025-04-24 22:00:23,111 [DEBUG]  OP: Operation.SPLIT_COLUMNS on slice (5164, 2) (remaining tasks 35)
2025-04-24 22:00:23,218 [DEBUG]  		found 1 col clusters (in 0.10689 secs)
2025-04-24 22:00:23,219 [DEBUG]  OP: Operation.REMOVE_UNINFORMATIVE_FEATURES on slice (5170, 2) (remaining tasks 35)
2025-04-24 22:00:23,219 [DEBUG]  OP: Operation.SPLIT_COLUMNS on slice (5177, 2) (remaining tasks 36)
2025-04-24 22:00:23,327 [DEBUG]  		found 1 col clusters (in 0.10716 secs)
2025-04-24 22:00:23,327 [DEBUG]  OP: Operation.REMOVE_UNINFORMATIVE_FEATURES on slice (5124, 2) (remaining tasks 36)
2025-04-24 22:00:23,328 [DEBUG]  OP: Operation.SPLIT_COLUMNS on slice (5113, 2) (remaining tasks 37)
2025-04-24 22:00:23,436 [DEBUG]  		found 1 col clusters (in 0.10748 secs)
2025-04-24 22:00:23,437 [DEBUG]  OP: Operation.SPLIT_COLUMNS on slice (5136, 2) (remaining tasks 37)
2025-04-24 22:00:23,544 [DEBUG]  		found 1 col clusters (in 0.10726 secs)
2025-04-24 22:00:23,545 [DEBUG]  OP: Operation.SPLIT_COLUMNS on slice (5123, 2) (remaining tasks 37)
2025-04-24 22:00:23,652 [DEBUG]  		found 1 col clusters (in 0.10679 secs)
2025-04-24 22:00:23,653 [DEBUG]  OP: Operation.SPLIT_COLUMNS on slice (5148, 2) (remaining tasks 37)
2025-04-24 22:00:23,760 [DEBUG]  		found 1 col clusters (in 0.10734 secs)
2025-04-24 22:00:23,761 [DEBUG]  OP: Operation.SPLIT_COLUMNS on slice (5138, 2) (remaining tasks 37)
2025-04-24 22:00:23,868 [DEBUG]  		found 1 col clusters (in 0.10730 secs)
2025-04-24 22:00:23,869 [DEBUG]  OP: Operation.SPLIT_COLUMNS on slice (5136, 2) (remaining tasks 37)
2025-04-24 22:00:23,976 [DEBUG]  		found 1 col clusters (in 0.10679 secs)
2025-04-24 22:00:23,977 [DEBUG]  OP: Operation.REMOVE_UNINFORMATIVE_FEATURES on slice (5124, 2) (remaining tasks 37)
2025-04-24 22:00:23,978 [DEBUG]  OP: Operation.SPLIT_COLUMNS on slice (5146, 2) (remaining tasks 38)
2025-04-24 22:00:24,085 [DEBUG]  		found 1 col clusters (in 0.10718 secs)
2025-04-24 22:00:24,086 [DEBUG]  OP: Operation.SPLIT_COLUMNS on slice (5138, 2) (remaining tasks 38)
2025-04-24 22:00:24,193 [DEBUG]  		found 1 col clusters (in 0.10765 secs)
2025-04-24 22:00:24,194 [DEBUG]  OP: Operation.SPLIT_COLUMNS on slice (5135, 2) (remaining tasks 38)
2025-04-24 22:00:24,301 [DEBUG]  		found 1 col clusters (in 0.10684 secs)
2025-04-24 22:00:24,302 [DEBUG]  OP: Operation.SPLIT_COLUMNS on slice (5124, 2) (remaining tasks 38)
2025-04-24 22:00:24,409 [DEBUG]  		found 1 col clusters (in 0.10698 secs)
2025-04-24 22:00:24,410 [DEBUG]  OP: Operation.SPLIT_COLUMNS on slice (5148, 2) (remaining tasks 38)
2025-04-24 22:00:24,517 [DEBUG]  		found 1 col clusters (in 0.10705 secs)
2025-04-24 22:00:24,518 [DEBUG]  OP: Operation.REMOVE_UNINFORMATIVE_FEATURES on slice (5158, 2) (remaining tasks 38)
2025-04-24 22:00:24,519 [DEBUG]  OP: Operation.SPLIT_COLUMNS on slice (5147, 2) (remaining tasks 39)
2025-04-24 22:00:24,626 [DEBUG]  		found 1 col clusters (in 0.10677 secs)
2025-04-24 22:00:24,626 [DEBUG]  OP: Operation.SPLIT_COLUMNS on slice (5135, 2) (remaining tasks 39)
2025-04-24 22:00:24,734 [DEBUG]  		found 1 col clusters (in 0.10770 secs)
2025-04-24 22:00:24,735 [DEBUG]  OP: Operation.SPLIT_ROWS on slice (5159, 2) (remaining tasks 39)
2025-04-24 22:00:24,791 [DEBUG]  		found 2 row clusters (in 0.05559 secs)
2025-04-24 22:00:24,791 [DEBUG]  OP: Operation.CREATE_LEAF on slice (5169, 1) (remaining tasks 40)
2025-04-24 22:00:24,791 [DEBUG]  		 created leaf IdentityNumericLeaf for scope=[0] (in 0.00042 secs)
2025-04-24 22:00:24,791 [DEBUG]  OP: Operation.CREATE_LEAF on slice (5169, 1) (remaining tasks 39)
2025-04-24 22:00:24,794 [DEBUG]  		 created leaf IdentityNumericLeaf for scope=[2] (in 0.00243 secs)
2025-04-24 22:00:24,795 [DEBUG]  OP: Operation.SPLIT_ROWS on slice (5147, 2) (remaining tasks 38)
2025-04-24 22:00:24,847 [DEBUG]  		found 2 row clusters (in 0.05243 secs)
2025-04-24 22:00:24,847 [DEBUG]  OP: Operation.CREATE_LEAF on slice (5154, 1) (remaining tasks 39)
2025-04-24 22:00:24,848 [DEBUG]  		 created leaf IdentityNumericLeaf for scope=[0] (in 0.00028 secs)
2025-04-24 22:00:24,848 [DEBUG]  OP: Operation.CREATE_LEAF on slice (5154, 1) (remaining tasks 38)
2025-04-24 22:00:24,849 [DEBUG]  		 created leaf IdentityNumericLeaf for scope=[2] (in 0.00135 secs)
2025-04-24 22:00:24,849 [DEBUG]  OP: Operation.CREATE_LEAF on slice (5168, 1) (remaining tasks 37)
2025-04-24 22:00:24,850 [DEBUG]  		 created leaf IdentityNumericLeaf for scope=[0] (in 0.00029 secs)
2025-04-24 22:00:24,850 [DEBUG]  OP: Operation.CREATE_LEAF on slice (5168, 1) (remaining tasks 36)
2025-04-24 22:00:24,851 [DEBUG]  		 created leaf IdentityNumericLeaf for scope=[2] (in 0.00129 secs)
2025-04-24 22:00:24,852 [DEBUG]  OP: Operation.SPLIT_ROWS on slice (5180, 2) (remaining tasks 35)
2025-04-24 22:00:24,886 [DEBUG]  		found 2 row clusters (in 0.03384 secs)
2025-04-24 22:00:24,886 [DEBUG]  OP: Operation.SPLIT_ROWS on slice (5158, 2) (remaining tasks 36)
2025-04-24 22:00:24,920 [DEBUG]  		found 2 row clusters (in 0.03403 secs)
2025-04-24 22:00:24,920 [DEBUG]  OP: Operation.CREATE_LEAF on slice (5168, 1) (remaining tasks 37)
2025-04-24 22:00:24,920 [DEBUG]  		 created leaf IdentityNumericLeaf for scope=[0] (in 0.00028 secs)
2025-04-24 22:00:24,921 [DEBUG]  OP: Operation.CREATE_LEAF on slice (5168, 1) (remaining tasks 36)
2025-04-24 22:00:24,922 [DEBUG]  		 created leaf IdentityNumericLeaf for scope=[2] (in 0.00135 secs)
2025-04-24 22:00:24,922 [DEBUG]  OP: Operation.SPLIT_ROWS on slice (5189, 2) (remaining tasks 35)
2025-04-24 22:00:24,956 [DEBUG]  		found 2 row clusters (in 0.03366 secs)
2025-04-24 22:00:24,957 [DEBUG]  OP: Operation.SPLIT_ROWS on slice (5178, 2) (remaining tasks 36)
2025-04-24 22:00:24,992 [DEBUG]  		found 2 row clusters (in 0.03497 secs)
2025-04-24 22:00:24,992 [DEBUG]  OP: Operation.SPLIT_ROWS on slice (5169, 2) (remaining tasks 37)
2025-04-24 22:00:25,026 [DEBUG]  		found 2 row clusters (in 0.03383 secs)
2025-04-24 22:00:25,026 [DEBUG]  OP: Operation.SPLIT_ROWS on slice (5178, 2) (remaining tasks 38)
2025-04-24 22:00:25,061 [DEBUG]  		found 2 row clusters (in 0.03446 secs)
2025-04-24 22:00:25,061 [DEBUG]  OP: Operation.SPLIT_ROWS on slice (5159, 2) (remaining tasks 39)
2025-04-24 22:00:25,095 [DEBUG]  		found 2 row clusters (in 0.03386 secs)
2025-04-24 22:00:25,096 [DEBUG]  OP: Operation.SPLIT_ROWS on slice (5164, 2) (remaining tasks 40)
2025-04-24 22:00:25,130 [DEBUG]  		found 2 row clusters (in 0.03434 secs)
2025-04-24 22:00:25,130 [DEBUG]  OP: Operation.CREATE_LEAF on slice (5170, 1) (remaining tasks 41)
2025-04-24 22:00:25,131 [DEBUG]  		 created leaf IdentityNumericLeaf for scope=[0] (in 0.00029 secs)
2025-04-24 22:00:25,131 [DEBUG]  OP: Operation.CREATE_LEAF on slice (5170, 1) (remaining tasks 40)
2025-04-24 22:00:25,132 [DEBUG]  		 created leaf IdentityNumericLeaf for scope=[2] (in 0.00156 secs)
2025-04-24 22:00:25,133 [DEBUG]  OP: Operation.SPLIT_ROWS on slice (5177, 2) (remaining tasks 39)
2025-04-24 22:00:25,167 [DEBUG]  		found 2 row clusters (in 0.03440 secs)
2025-04-24 22:00:25,167 [DEBUG]  OP: Operation.CREATE_LEAF on slice (5124, 1) (remaining tasks 40)
2025-04-24 22:00:25,168 [DEBUG]  		 created leaf IdentityNumericLeaf for scope=[0] (in 0.00029 secs)
2025-04-24 22:00:25,168 [DEBUG]  OP: Operation.CREATE_LEAF on slice (5124, 1) (remaining tasks 39)
2025-04-24 22:00:25,169 [DEBUG]  		 created leaf IdentityNumericLeaf for scope=[2] (in 0.00135 secs)
2025-04-24 22:00:25,170 [DEBUG]  OP: Operation.SPLIT_ROWS on slice (5113, 2) (remaining tasks 38)
2025-04-24 22:00:25,204 [DEBUG]  		found 2 row clusters (in 0.03416 secs)
2025-04-24 22:00:25,204 [DEBUG]  OP: Operation.SPLIT_ROWS on slice (5136, 2) (remaining tasks 39)
2025-04-24 22:00:25,239 [DEBUG]  		found 2 row clusters (in 0.03438 secs)
2025-04-24 22:00:25,239 [DEBUG]  OP: Operation.SPLIT_ROWS on slice (5123, 2) (remaining tasks 40)
2025-04-24 22:00:25,274 [DEBUG]  		found 2 row clusters (in 0.03427 secs)
2025-04-24 22:00:25,274 [DEBUG]  OP: Operation.SPLIT_ROWS on slice (5148, 2) (remaining tasks 41)
2025-04-24 22:00:25,308 [DEBUG]  		found 2 row clusters (in 0.03402 secs)
2025-04-24 22:00:25,309 [DEBUG]  OP: Operation.SPLIT_ROWS on slice (5138, 2) (remaining tasks 42)
2025-04-24 22:00:25,343 [DEBUG]  		found 2 row clusters (in 0.03464 secs)
2025-04-24 22:00:25,344 [DEBUG]  OP: Operation.SPLIT_ROWS on slice (5136, 2) (remaining tasks 43)
2025-04-24 22:00:25,378 [DEBUG]  		found 2 row clusters (in 0.03411 secs)
2025-04-24 22:00:25,378 [DEBUG]  OP: Operation.CREATE_LEAF on slice (5124, 1) (remaining tasks 44)
2025-04-24 22:00:25,378 [DEBUG]  		 created leaf IdentityNumericLeaf for scope=[0] (in 0.00028 secs)
2025-04-24 22:00:25,378 [DEBUG]  OP: Operation.CREATE_LEAF on slice (5124, 1) (remaining tasks 43)
2025-04-24 22:00:25,380 [DEBUG]  		 created leaf IdentityNumericLeaf for scope=[2] (in 0.00136 secs)
2025-04-24 22:00:25,380 [DEBUG]  OP: Operation.SPLIT_ROWS on slice (5146, 2) (remaining tasks 42)
2025-04-24 22:00:25,414 [DEBUG]  		found 2 row clusters (in 0.03390 secs)
2025-04-24 22:00:25,415 [DEBUG]  OP: Operation.SPLIT_ROWS on slice (5138, 2) (remaining tasks 43)
2025-04-24 22:00:25,450 [DEBUG]  		found 2 row clusters (in 0.03565 secs)
2025-04-24 22:00:25,451 [DEBUG]  OP: Operation.SPLIT_ROWS on slice (5135, 2) (remaining tasks 44)
2025-04-24 22:00:25,485 [DEBUG]  		found 2 row clusters (in 0.03413 secs)
2025-04-24 22:00:25,485 [DEBUG]  OP: Operation.SPLIT_ROWS on slice (5124, 2) (remaining tasks 45)
2025-04-24 22:00:25,520 [DEBUG]  		found 2 row clusters (in 0.03426 secs)
2025-04-24 22:00:25,520 [DEBUG]  OP: Operation.SPLIT_ROWS on slice (5148, 2) (remaining tasks 46)
2025-04-24 22:00:25,555 [DEBUG]  		found 2 row clusters (in 0.03426 secs)
2025-04-24 22:00:25,555 [DEBUG]  OP: Operation.CREATE_LEAF on slice (5158, 1) (remaining tasks 47)
2025-04-24 22:00:25,555 [DEBUG]  		 created leaf IdentityNumericLeaf for scope=[0] (in 0.00028 secs)
2025-04-24 22:00:25,555 [DEBUG]  OP: Operation.CREATE_LEAF on slice (5158, 1) (remaining tasks 46)
2025-04-24 22:00:25,556 [DEBUG]  		 created leaf IdentityNumericLeaf for scope=[2] (in 0.00135 secs)
2025-04-24 22:00:25,557 [DEBUG]  OP: Operation.SPLIT_ROWS on slice (5147, 2) (remaining tasks 45)
2025-04-24 22:00:25,591 [DEBUG]  		found 2 row clusters (in 0.03409 secs)
2025-04-24 22:00:25,592 [DEBUG]  OP: Operation.SPLIT_ROWS on slice (5135, 2) (remaining tasks 46)
2025-04-24 22:00:25,626 [DEBUG]  		found 2 row clusters (in 0.03416 secs)
2025-04-24 22:00:25,626 [DEBUG]  OP: Operation.SPLIT_COLUMNS on slice (2581, 2) (remaining tasks 47)
2025-04-24 22:00:25,734 [DEBUG]  		found 1 col clusters (in 0.10741 secs)
2025-04-24 22:00:25,734 [DEBUG]  OP: Operation.REMOVE_UNINFORMATIVE_FEATURES on slice (2578, 2) (remaining tasks 47)
2025-04-24 22:00:25,734 [DEBUG]  OP: Operation.REMOVE_UNINFORMATIVE_FEATURES on slice (2575, 2) (remaining tasks 48)
2025-04-24 22:00:25,735 [DEBUG]  OP: Operation.SPLIT_COLUMNS on slice (2572, 2) (remaining tasks 49)
2025-04-24 22:00:25,840 [DEBUG]  		found 1 col clusters (in 0.10482 secs)
2025-04-24 22:00:25,840 [DEBUG]  OP: Operation.REMOVE_UNINFORMATIVE_FEATURES on slice (2593, 2) (remaining tasks 49)
2025-04-24 22:00:25,841 [DEBUG]  OP: Operation.SPLIT_COLUMNS on slice (2587, 2) (remaining tasks 50)
2025-04-24 22:00:25,946 [DEBUG]  		found 1 col clusters (in 0.10553 secs)
2025-04-24 22:00:25,947 [DEBUG]  OP: Operation.SPLIT_COLUMNS on slice (2581, 2) (remaining tasks 50)
2025-04-24 22:00:26,053 [DEBUG]  		found 1 col clusters (in 0.10573 secs)
2025-04-24 22:00:26,053 [DEBUG]  OP: Operation.REMOVE_UNINFORMATIVE_FEATURES on slice (2577, 2) (remaining tasks 50)
2025-04-24 22:00:26,054 [DEBUG]  OP: Operation.REMOVE_UNINFORMATIVE_FEATURES on slice (2597, 2) (remaining tasks 51)
2025-04-24 22:00:26,054 [DEBUG]  OP: Operation.SPLIT_COLUMNS on slice (2592, 2) (remaining tasks 52)
2025-04-24 22:00:26,160 [DEBUG]  		found 1 col clusters (in 0.10576 secs)
2025-04-24 22:00:26,161 [DEBUG]  OP: Operation.REMOVE_UNINFORMATIVE_FEATURES on slice (2587, 2) (remaining tasks 52)
2025-04-24 22:00:26,161 [DEBUG]  OP: Operation.SPLIT_COLUMNS on slice (2591, 2) (remaining tasks 53)
2025-04-24 22:00:26,268 [DEBUG]  		found 1 col clusters (in 0.10652 secs)
2025-04-24 22:00:26,268 [DEBUG]  OP: Operation.REMOVE_UNINFORMATIVE_FEATURES on slice (2586, 2) (remaining tasks 53)
2025-04-24 22:00:26,269 [DEBUG]  OP: Operation.SPLIT_COLUMNS on slice (2583, 2) (remaining tasks 54)
2025-04-24 22:00:26,375 [DEBUG]  		found 1 col clusters (in 0.10628 secs)
2025-04-24 22:00:26,376 [DEBUG]  OP: Operation.REMOVE_UNINFORMATIVE_FEATURES on slice (2591, 2) (remaining tasks 54)
2025-04-24 22:00:26,376 [DEBUG]  OP: Operation.SPLIT_COLUMNS on slice (2587, 2) (remaining tasks 55)
2025-04-24 22:00:26,483 [DEBUG]  		found 1 col clusters (in 0.10644 secs)
2025-04-24 22:00:26,483 [DEBUG]  OP: Operation.REMOVE_UNINFORMATIVE_FEATURES on slice (2582, 2) (remaining tasks 55)
2025-04-24 22:00:26,484 [DEBUG]  OP: Operation.SPLIT_COLUMNS on slice (2577, 2) (remaining tasks 56)
2025-04-24 22:00:26,590 [DEBUG]  		found 1 col clusters (in 0.10568 secs)
2025-04-24 22:00:26,590 [DEBUG]  OP: Operation.SPLIT_COLUMNS on slice (2584, 2) (remaining tasks 56)
2025-04-24 22:00:26,697 [DEBUG]  		found 1 col clusters (in 0.10609 secs)
2025-04-24 22:00:26,697 [DEBUG]  OP: Operation.REMOVE_UNINFORMATIVE_FEATURES on slice (2580, 2) (remaining tasks 56)
2025-04-24 22:00:26,698 [DEBUG]  OP: Operation.REMOVE_UNINFORMATIVE_FEATURES on slice (2591, 2) (remaining tasks 57)
2025-04-24 22:00:26,698 [DEBUG]  OP: Operation.SPLIT_COLUMNS on slice (2586, 2) (remaining tasks 58)
2025-04-24 22:00:26,804 [DEBUG]  		found 1 col clusters (in 0.10612 secs)
2025-04-24 22:00:26,805 [DEBUG]  OP: Operation.REMOVE_UNINFORMATIVE_FEATURES on slice (2559, 2) (remaining tasks 58)
2025-04-24 22:00:26,805 [DEBUG]  OP: Operation.SPLIT_COLUMNS on slice (2554, 2) (remaining tasks 59)
2025-04-24 22:00:26,912 [DEBUG]  		found 1 col clusters (in 0.10624 secs)
2025-04-24 22:00:26,912 [DEBUG]  OP: Operation.REMOVE_UNINFORMATIVE_FEATURES on slice (2572, 2) (remaining tasks 59)
2025-04-24 22:00:26,913 [DEBUG]  OP: Operation.SPLIT_COLUMNS on slice (2564, 2) (remaining tasks 60)
2025-04-24 22:00:27,019 [DEBUG]  		found 1 col clusters (in 0.10635 secs)
2025-04-24 22:00:27,020 [DEBUG]  OP: Operation.REMOVE_UNINFORMATIVE_FEATURES on slice (2564, 2) (remaining tasks 60)
2025-04-24 22:00:27,020 [DEBUG]  OP: Operation.SPLIT_COLUMNS on slice (2559, 2) (remaining tasks 61)
2025-04-24 22:00:27,126 [DEBUG]  		found 1 col clusters (in 0.10581 secs)
2025-04-24 22:00:27,127 [DEBUG]  OP: Operation.REMOVE_UNINFORMATIVE_FEATURES on slice (2576, 2) (remaining tasks 61)
2025-04-24 22:00:27,127 [DEBUG]  OP: Operation.SPLIT_COLUMNS on slice (2572, 2) (remaining tasks 62)
2025-04-24 22:00:27,233 [DEBUG]  		found 1 col clusters (in 0.10564 secs)
2025-04-24 22:00:27,234 [DEBUG]  OP: Operation.SPLIT_COLUMNS on slice (2573, 2) (remaining tasks 62)
2025-04-24 22:00:27,339 [DEBUG]  		found 2 col clusters (in 0.10573 secs)
2025-04-24 22:00:27,340 [DEBUG]  OP: Operation.REMOVE_UNINFORMATIVE_FEATURES on slice (2565, 2) (remaining tasks 63)
2025-04-24 22:00:27,340 [DEBUG]  OP: Operation.SPLIT_COLUMNS on slice (2571, 2) (remaining tasks 64)
2025-04-24 22:00:27,447 [DEBUG]  		found 1 col clusters (in 0.10651 secs)
2025-04-24 22:00:27,448 [DEBUG]  OP: Operation.REMOVE_UNINFORMATIVE_FEATURES on slice (2565, 2) (remaining tasks 64)
2025-04-24 22:00:27,448 [DEBUG]  OP: Operation.SPLIT_COLUMNS on slice (2575, 2) (remaining tasks 65)
2025-04-24 22:00:27,555 [DEBUG]  		found 1 col clusters (in 0.10641 secs)
2025-04-24 22:00:27,555 [DEBUG]  OP: Operation.REMOVE_UNINFORMATIVE_FEATURES on slice (2571, 2) (remaining tasks 65)
2025-04-24 22:00:27,556 [DEBUG]  OP: Operation.SPLIT_COLUMNS on slice (2567, 2) (remaining tasks 66)
2025-04-24 22:00:27,662 [DEBUG]  		found 2 col clusters (in 0.10570 secs)
2025-04-24 22:00:27,662 [DEBUG]  OP: Operation.REMOVE_UNINFORMATIVE_FEATURES on slice (2571, 2) (remaining tasks 67)
2025-04-24 22:00:27,663 [DEBUG]  OP: Operation.REMOVE_UNINFORMATIVE_FEATURES on slice (2570, 2) (remaining tasks 68)
2025-04-24 22:00:27,663 [DEBUG]  OP: Operation.SPLIT_COLUMNS on slice (2565, 2) (remaining tasks 69)
2025-04-24 22:00:27,769 [DEBUG]  		found 1 col clusters (in 0.10578 secs)
2025-04-24 22:00:27,770 [DEBUG]  OP: Operation.SPLIT_COLUMNS on slice (2564, 2) (remaining tasks 69)
2025-04-24 22:00:27,876 [DEBUG]  		found 1 col clusters (in 0.10611 secs)
2025-04-24 22:00:27,876 [DEBUG]  OP: Operation.REMOVE_UNINFORMATIVE_FEATURES on slice (2560, 2) (remaining tasks 69)
2025-04-24 22:00:27,877 [DEBUG]  OP: Operation.SPLIT_COLUMNS on slice (2576, 2) (remaining tasks 70)
2025-04-24 22:00:27,983 [DEBUG]  		found 1 col clusters (in 0.10630 secs)
2025-04-24 22:00:27,984 [DEBUG]  OP: Operation.REMOVE_UNINFORMATIVE_FEATURES on slice (2572, 2) (remaining tasks 70)
2025-04-24 22:00:27,984 [DEBUG]  OP: Operation.REMOVE_UNINFORMATIVE_FEATURES on slice (2576, 2) (remaining tasks 71)
2025-04-24 22:00:27,985 [DEBUG]  OP: Operation.SPLIT_COLUMNS on slice (2571, 2) (remaining tasks 72)
2025-04-24 22:00:28,091 [DEBUG]  		found 1 col clusters (in 0.10646 secs)
2025-04-24 22:00:28,092 [DEBUG]  OP: Operation.REMOVE_UNINFORMATIVE_FEATURES on slice (2570, 2) (remaining tasks 72)
2025-04-24 22:00:28,093 [DEBUG]  OP: Operation.SPLIT_COLUMNS on slice (2565, 2) (remaining tasks 73)
2025-04-24 22:00:28,199 [DEBUG]  		found 1 col clusters (in 0.10646 secs)
2025-04-24 22:00:28,200 [DEBUG]  OP: Operation.SPLIT_ROWS on slice (2581, 2) (remaining tasks 73)
2025-04-24 22:00:28,244 [DEBUG]  		found 2 row clusters (in 0.04428 secs)
2025-04-24 22:00:28,244 [DEBUG]  OP: Operation.CREATE_LEAF on slice (2578, 1) (remaining tasks 74)
2025-04-24 22:00:28,245 [DEBUG]  		 created leaf IdentityNumericLeaf for scope=[0] (in 0.00035 secs)
2025-04-24 22:00:28,245 [DEBUG]  OP: Operation.CREATE_LEAF on slice (2578, 1) (remaining tasks 73)
2025-04-24 22:00:28,246 [DEBUG]  		 created leaf IdentityNumericLeaf for scope=[2] (in 0.00140 secs)
2025-04-24 22:00:28,246 [DEBUG]  OP: Operation.CREATE_LEAF on slice (2575, 1) (remaining tasks 72)
2025-04-24 22:00:28,247 [DEBUG]  		 created leaf IdentityNumericLeaf for scope=[0] (in 0.00034 secs)
2025-04-24 22:00:28,247 [DEBUG]  OP: Operation.CREATE_LEAF on slice (2575, 1) (remaining tasks 71)
2025-04-24 22:00:28,248 [DEBUG]  		 created leaf IdentityNumericLeaf for scope=[2] (in 0.00137 secs)
2025-04-24 22:00:28,249 [DEBUG]  OP: Operation.SPLIT_ROWS on slice (2572, 2) (remaining tasks 70)
2025-04-24 22:00:28,294 [DEBUG]  		found 2 row clusters (in 0.04475 secs)
2025-04-24 22:00:28,294 [DEBUG]  OP: Operation.CREATE_LEAF on slice (2593, 1) (remaining tasks 71)
2025-04-24 22:00:28,294 [DEBUG]  		 created leaf IdentityNumericLeaf for scope=[0] (in 0.00032 secs)
2025-04-24 22:00:28,294 [DEBUG]  OP: Operation.CREATE_LEAF on slice (2593, 1) (remaining tasks 70)
2025-04-24 22:00:28,296 [DEBUG]  		 created leaf IdentityNumericLeaf for scope=[2] (in 0.00148 secs)
2025-04-24 22:00:28,296 [DEBUG]  OP: Operation.SPLIT_ROWS on slice (2587, 2) (remaining tasks 69)
2025-04-24 22:00:28,327 [DEBUG]  		found 2 row clusters (in 0.03050 secs)
2025-04-24 22:00:28,327 [DEBUG]  OP: Operation.SPLIT_ROWS on slice (2581, 2) (remaining tasks 70)
2025-04-24 22:00:28,355 [DEBUG]  		found 2 row clusters (in 0.02763 secs)
2025-04-24 22:00:28,355 [DEBUG]  OP: Operation.CREATE_LEAF on slice (2577, 1) (remaining tasks 71)
2025-04-24 22:00:28,355 [DEBUG]  		 created leaf IdentityNumericLeaf for scope=[0] (in 0.00022 secs)
2025-04-24 22:00:28,355 [DEBUG]  OP: Operation.CREATE_LEAF on slice (2577, 1) (remaining tasks 70)
2025-04-24 22:00:28,356 [DEBUG]  		 created leaf IdentityNumericLeaf for scope=[2] (in 0.00080 secs)
2025-04-24 22:00:28,356 [DEBUG]  OP: Operation.CREATE_LEAF on slice (2597, 1) (remaining tasks 69)
2025-04-24 22:00:28,357 [DEBUG]  		 created leaf IdentityNumericLeaf for scope=[0] (in 0.00022 secs)
2025-04-24 22:00:28,357 [DEBUG]  OP: Operation.CREATE_LEAF on slice (2597, 1) (remaining tasks 68)
2025-04-24 22:00:28,358 [DEBUG]  		 created leaf IdentityNumericLeaf for scope=[2] (in 0.00081 secs)
2025-04-24 22:00:28,358 [DEBUG]  OP: Operation.SPLIT_ROWS on slice (2592, 2) (remaining tasks 67)
2025-04-24 22:00:28,385 [DEBUG]  		found 2 row clusters (in 0.02746 secs)
2025-04-24 22:00:28,386 [DEBUG]  OP: Operation.CREATE_LEAF on slice (2587, 1) (remaining tasks 68)
2025-04-24 22:00:28,386 [DEBUG]  		 created leaf IdentityNumericLeaf for scope=[0] (in 0.00024 secs)
2025-04-24 22:00:28,386 [DEBUG]  OP: Operation.CREATE_LEAF on slice (2587, 1) (remaining tasks 67)
2025-04-24 22:00:28,387 [DEBUG]  		 created leaf IdentityNumericLeaf for scope=[2] (in 0.00081 secs)
2025-04-24 22:00:28,387 [DEBUG]  OP: Operation.SPLIT_ROWS on slice (2591, 2) (remaining tasks 66)
2025-04-24 22:00:28,411 [DEBUG]  		found 2 row clusters (in 0.02400 secs)
2025-04-24 22:00:28,411 [DEBUG]  OP: Operation.CREATE_LEAF on slice (2586, 1) (remaining tasks 67)
2025-04-24 22:00:28,412 [DEBUG]  		 created leaf IdentityNumericLeaf for scope=[0] (in 0.00025 secs)
2025-04-24 22:00:28,412 [DEBUG]  OP: Operation.CREATE_LEAF on slice (2586, 1) (remaining tasks 66)
2025-04-24 22:00:28,413 [DEBUG]  		 created leaf IdentityNumericLeaf for scope=[2] (in 0.00081 secs)
2025-04-24 22:00:28,413 [DEBUG]  OP: Operation.SPLIT_ROWS on slice (2583, 2) (remaining tasks 65)
2025-04-24 22:00:28,440 [DEBUG]  		found 2 row clusters (in 0.02741 secs)
2025-04-24 22:00:28,440 [DEBUG]  OP: Operation.CREATE_LEAF on slice (2591, 1) (remaining tasks 66)
2025-04-24 22:00:28,441 [DEBUG]  		 created leaf IdentityNumericLeaf for scope=[0] (in 0.00022 secs)
2025-04-24 22:00:28,441 [DEBUG]  OP: Operation.CREATE_LEAF on slice (2591, 1) (remaining tasks 65)
2025-04-24 22:00:28,442 [DEBUG]  		 created leaf IdentityNumericLeaf for scope=[2] (in 0.00080 secs)
2025-04-24 22:00:28,442 [DEBUG]  OP: Operation.SPLIT_ROWS on slice (2587, 2) (remaining tasks 64)
2025-04-24 22:00:28,469 [DEBUG]  		found 2 row clusters (in 0.02745 secs)
2025-04-24 22:00:28,470 [DEBUG]  OP: Operation.CREATE_LEAF on slice (2582, 1) (remaining tasks 65)
2025-04-24 22:00:28,470 [DEBUG]  		 created leaf IdentityNumericLeaf for scope=[0] (in 0.00024 secs)
2025-04-24 22:00:28,470 [DEBUG]  OP: Operation.CREATE_LEAF on slice (2582, 1) (remaining tasks 64)
2025-04-24 22:00:28,471 [DEBUG]  		 created leaf IdentityNumericLeaf for scope=[2] (in 0.00082 secs)
2025-04-24 22:00:28,471 [DEBUG]  OP: Operation.SPLIT_ROWS on slice (2577, 2) (remaining tasks 63)
2025-04-24 22:00:28,498 [DEBUG]  		found 2 row clusters (in 0.02710 secs)
2025-04-24 22:00:28,499 [DEBUG]  OP: Operation.SPLIT_ROWS on slice (2584, 2) (remaining tasks 64)
2025-04-24 22:00:28,526 [DEBUG]  		found 2 row clusters (in 0.02734 secs)
2025-04-24 22:00:28,526 [DEBUG]  OP: Operation.CREATE_LEAF on slice (2580, 1) (remaining tasks 65)
2025-04-24 22:00:28,526 [DEBUG]  		 created leaf IdentityNumericLeaf for scope=[0] (in 0.00022 secs)
2025-04-24 22:00:28,526 [DEBUG]  OP: Operation.CREATE_LEAF on slice (2580, 1) (remaining tasks 64)
2025-04-24 22:00:28,527 [DEBUG]  		 created leaf IdentityNumericLeaf for scope=[2] (in 0.00081 secs)
2025-04-24 22:00:28,527 [DEBUG]  OP: Operation.CREATE_LEAF on slice (2591, 1) (remaining tasks 63)
2025-04-24 22:00:28,528 [DEBUG]  		 created leaf IdentityNumericLeaf for scope=[0] (in 0.00023 secs)
2025-04-24 22:00:28,528 [DEBUG]  OP: Operation.CREATE_LEAF on slice (2591, 1) (remaining tasks 62)
2025-04-24 22:00:28,529 [DEBUG]  		 created leaf IdentityNumericLeaf for scope=[2] (in 0.00078 secs)
2025-04-24 22:00:28,529 [DEBUG]  OP: Operation.SPLIT_ROWS on slice (2586, 2) (remaining tasks 61)
2025-04-24 22:00:28,557 [DEBUG]  		found 2 row clusters (in 0.02779 secs)
2025-04-24 22:00:28,557 [DEBUG]  OP: Operation.CREATE_LEAF on slice (2559, 1) (remaining tasks 62)
2025-04-24 22:00:28,557 [DEBUG]  		 created leaf IdentityNumericLeaf for scope=[0] (in 0.00024 secs)
2025-04-24 22:00:28,557 [DEBUG]  OP: Operation.CREATE_LEAF on slice (2559, 1) (remaining tasks 61)
2025-04-24 22:00:28,558 [DEBUG]  		 created leaf IdentityNumericLeaf for scope=[2] (in 0.00080 secs)
2025-04-24 22:00:28,558 [DEBUG]  OP: Operation.SPLIT_ROWS on slice (2554, 2) (remaining tasks 60)
2025-04-24 22:00:28,586 [DEBUG]  		found 2 row clusters (in 0.02705 secs)
2025-04-24 22:00:28,586 [DEBUG]  OP: Operation.CREATE_LEAF on slice (2572, 1) (remaining tasks 61)
2025-04-24 22:00:28,586 [DEBUG]  		 created leaf IdentityNumericLeaf for scope=[0] (in 0.00024 secs)
2025-04-24 22:00:28,586 [DEBUG]  OP: Operation.CREATE_LEAF on slice (2572, 1) (remaining tasks 60)
2025-04-24 22:00:28,587 [DEBUG]  		 created leaf IdentityNumericLeaf for scope=[2] (in 0.00082 secs)
2025-04-24 22:00:28,587 [DEBUG]  OP: Operation.SPLIT_ROWS on slice (2564, 2) (remaining tasks 59)
2025-04-24 22:00:28,615 [DEBUG]  		found 2 row clusters (in 0.02732 secs)
2025-04-24 22:00:28,615 [DEBUG]  OP: Operation.CREATE_LEAF on slice (2564, 1) (remaining tasks 60)
2025-04-24 22:00:28,615 [DEBUG]  		 created leaf IdentityNumericLeaf for scope=[0] (in 0.00025 secs)
2025-04-24 22:00:28,615 [DEBUG]  OP: Operation.CREATE_LEAF on slice (2564, 1) (remaining tasks 59)
2025-04-24 22:00:28,616 [DEBUG]  		 created leaf IdentityNumericLeaf for scope=[2] (in 0.00080 secs)
2025-04-24 22:00:28,616 [DEBUG]  OP: Operation.SPLIT_ROWS on slice (2559, 2) (remaining tasks 58)
2025-04-24 22:00:28,644 [DEBUG]  		found 2 row clusters (in 0.02735 secs)
2025-04-24 22:00:28,644 [DEBUG]  OP: Operation.CREATE_LEAF on slice (2576, 1) (remaining tasks 59)
2025-04-24 22:00:28,644 [DEBUG]  		 created leaf IdentityNumericLeaf for scope=[0] (in 0.00024 secs)
2025-04-24 22:00:28,644 [DEBUG]  OP: Operation.CREATE_LEAF on slice (2576, 1) (remaining tasks 58)
2025-04-24 22:00:28,645 [DEBUG]  		 created leaf IdentityNumericLeaf for scope=[2] (in 0.00102 secs)
2025-04-24 22:00:28,646 [DEBUG]  OP: Operation.SPLIT_ROWS on slice (2572, 2) (remaining tasks 57)
2025-04-24 22:00:28,673 [DEBUG]  		found 2 row clusters (in 0.02721 secs)
2025-04-24 22:00:28,673 [DEBUG]  OP: Operation.CREATE_LEAF on slice (2573, 1) (remaining tasks 58)
2025-04-24 22:00:28,673 [DEBUG]  		 created leaf IdentityNumericLeaf for scope=[0] (in 0.00024 secs)
2025-04-24 22:00:28,673 [DEBUG]  OP: Operation.CREATE_LEAF on slice (2573, 1) (remaining tasks 57)
2025-04-24 22:00:28,674 [DEBUG]  		 created leaf IdentityNumericLeaf for scope=[2] (in 0.00078 secs)
2025-04-24 22:00:28,674 [DEBUG]  OP: Operation.CREATE_LEAF on slice (2565, 1) (remaining tasks 56)
2025-04-24 22:00:28,675 [DEBUG]  		 created leaf IdentityNumericLeaf for scope=[0] (in 0.00025 secs)
2025-04-24 22:00:28,675 [DEBUG]  OP: Operation.CREATE_LEAF on slice (2565, 1) (remaining tasks 55)
2025-04-24 22:00:28,676 [DEBUG]  		 created leaf IdentityNumericLeaf for scope=[2] (in 0.00079 secs)
2025-04-24 22:00:28,676 [DEBUG]  OP: Operation.SPLIT_ROWS on slice (2571, 2) (remaining tasks 54)
2025-04-24 22:00:28,703 [DEBUG]  		found 2 row clusters (in 0.02718 secs)
2025-04-24 22:00:28,703 [DEBUG]  OP: Operation.CREATE_LEAF on slice (2565, 1) (remaining tasks 55)
2025-04-24 22:00:28,704 [DEBUG]  		 created leaf IdentityNumericLeaf for scope=[0] (in 0.00024 secs)
2025-04-24 22:00:28,704 [DEBUG]  OP: Operation.CREATE_LEAF on slice (2565, 1) (remaining tasks 54)
2025-04-24 22:00:28,704 [DEBUG]  		 created leaf IdentityNumericLeaf for scope=[2] (in 0.00077 secs)
2025-04-24 22:00:28,705 [DEBUG]  OP: Operation.SPLIT_ROWS on slice (2575, 2) (remaining tasks 53)
2025-04-24 22:00:28,732 [DEBUG]  		found 2 row clusters (in 0.02741 secs)
2025-04-24 22:00:28,732 [DEBUG]  OP: Operation.CREATE_LEAF on slice (2571, 1) (remaining tasks 54)
2025-04-24 22:00:28,733 [DEBUG]  		 created leaf IdentityNumericLeaf for scope=[0] (in 0.00022 secs)
2025-04-24 22:00:28,733 [DEBUG]  OP: Operation.CREATE_LEAF on slice (2571, 1) (remaining tasks 53)
2025-04-24 22:00:28,734 [DEBUG]  		 created leaf IdentityNumericLeaf for scope=[2] (in 0.00082 secs)
2025-04-24 22:00:28,734 [DEBUG]  OP: Operation.CREATE_LEAF on slice (2567, 1) (remaining tasks 52)
2025-04-24 22:00:28,734 [DEBUG]  		 created leaf IdentityNumericLeaf for scope=[0] (in 0.00021 secs)
2025-04-24 22:00:28,734 [DEBUG]  OP: Operation.CREATE_LEAF on slice (2567, 1) (remaining tasks 51)
2025-04-24 22:00:28,735 [DEBUG]  		 created leaf IdentityNumericLeaf for scope=[2] (in 0.00089 secs)
2025-04-24 22:00:28,735 [DEBUG]  OP: Operation.CREATE_LEAF on slice (2571, 1) (remaining tasks 50)
2025-04-24 22:00:28,735 [DEBUG]  		 created leaf IdentityNumericLeaf for scope=[0] (in 0.00021 secs)
2025-04-24 22:00:28,735 [DEBUG]  OP: Operation.CREATE_LEAF on slice (2571, 1) (remaining tasks 49)
2025-04-24 22:00:28,736 [DEBUG]  		 created leaf IdentityNumericLeaf for scope=[2] (in 0.00080 secs)
2025-04-24 22:00:28,736 [DEBUG]  OP: Operation.CREATE_LEAF on slice (2570, 1) (remaining tasks 48)
2025-04-24 22:00:28,737 [DEBUG]  		 created leaf IdentityNumericLeaf for scope=[0] (in 0.00024 secs)
2025-04-24 22:00:28,737 [DEBUG]  OP: Operation.CREATE_LEAF on slice (2570, 1) (remaining tasks 47)
2025-04-24 22:00:28,738 [DEBUG]  		 created leaf IdentityNumericLeaf for scope=[2] (in 0.00080 secs)
2025-04-24 22:00:28,738 [DEBUG]  OP: Operation.SPLIT_ROWS on slice (2565, 2) (remaining tasks 46)
2025-04-24 22:00:28,766 [DEBUG]  		found 2 row clusters (in 0.02766 secs)
2025-04-24 22:00:28,766 [DEBUG]  OP: Operation.SPLIT_ROWS on slice (2564, 2) (remaining tasks 47)
2025-04-24 22:00:28,793 [DEBUG]  		found 2 row clusters (in 0.02705 secs)
2025-04-24 22:00:28,793 [DEBUG]  OP: Operation.CREATE_LEAF on slice (2560, 1) (remaining tasks 48)
2025-04-24 22:00:28,793 [DEBUG]  		 created leaf IdentityNumericLeaf for scope=[0] (in 0.00022 secs)
2025-04-24 22:00:28,794 [DEBUG]  OP: Operation.CREATE_LEAF on slice (2560, 1) (remaining tasks 47)
2025-04-24 22:00:28,794 [DEBUG]  		 created leaf IdentityNumericLeaf for scope=[2] (in 0.00077 secs)
2025-04-24 22:00:28,795 [DEBUG]  OP: Operation.SPLIT_ROWS on slice (2576, 2) (remaining tasks 46)
2025-04-24 22:00:28,822 [DEBUG]  		found 2 row clusters (in 0.02715 secs)
2025-04-24 22:00:28,822 [DEBUG]  OP: Operation.CREATE_LEAF on slice (2572, 1) (remaining tasks 47)
2025-04-24 22:00:28,822 [DEBUG]  		 created leaf IdentityNumericLeaf for scope=[0] (in 0.00024 secs)
2025-04-24 22:00:28,822 [DEBUG]  OP: Operation.CREATE_LEAF on slice (2572, 1) (remaining tasks 46)
2025-04-24 22:00:28,823 [DEBUG]  		 created leaf IdentityNumericLeaf for scope=[2] (in 0.00083 secs)
2025-04-24 22:00:28,823 [DEBUG]  OP: Operation.CREATE_LEAF on slice (2576, 1) (remaining tasks 45)
2025-04-24 22:00:28,824 [DEBUG]  		 created leaf IdentityNumericLeaf for scope=[0] (in 0.00023 secs)
2025-04-24 22:00:28,824 [DEBUG]  OP: Operation.CREATE_LEAF on slice (2576, 1) (remaining tasks 44)
2025-04-24 22:00:28,825 [DEBUG]  		 created leaf IdentityNumericLeaf for scope=[2] (in 0.00080 secs)
2025-04-24 22:00:28,825 [DEBUG]  OP: Operation.SPLIT_ROWS on slice (2571, 2) (remaining tasks 43)
2025-04-24 22:00:28,853 [DEBUG]  		found 2 row clusters (in 0.02775 secs)
2025-04-24 22:00:28,853 [DEBUG]  OP: Operation.CREATE_LEAF on slice (2570, 1) (remaining tasks 44)
2025-04-24 22:00:28,853 [DEBUG]  		 created leaf IdentityNumericLeaf for scope=[0] (in 0.00024 secs)
2025-04-24 22:00:28,853 [DEBUG]  OP: Operation.CREATE_LEAF on slice (2570, 1) (remaining tasks 43)
2025-04-24 22:00:28,854 [DEBUG]  		 created leaf IdentityNumericLeaf for scope=[2] (in 0.00078 secs)
2025-04-24 22:00:28,854 [DEBUG]  OP: Operation.SPLIT_ROWS on slice (2565, 2) (remaining tasks 42)
2025-04-24 22:00:28,882 [DEBUG]  		found 2 row clusters (in 0.02715 secs)
2025-04-24 22:00:28,882 [DEBUG]  OP: Operation.REMOVE_UNINFORMATIVE_FEATURES on slice (1292, 2) (remaining tasks 43)
2025-04-24 22:00:28,882 [DEBUG]  OP: Operation.NAIVE_FACTORIZATION on slice (1289, 2) (remaining tasks 44)
2025-04-24 22:00:28,899 [DEBUG]  		naive factorization 2 columns (in 0.01727 secs)
2025-04-24 22:00:28,900 [DEBUG]  OP: Operation.REMOVE_UNINFORMATIVE_FEATURES on slice (1288, 2) (remaining tasks 43)
2025-04-24 22:00:28,900 [DEBUG]  OP: Operation.NAIVE_FACTORIZATION on slice (1284, 2) (remaining tasks 44)
2025-04-24 22:00:28,909 [DEBUG]  		naive factorization 2 columns (in 0.00915 secs)
2025-04-24 22:00:28,909 [DEBUG]  OP: Operation.REMOVE_UNINFORMATIVE_FEATURES on slice (1295, 2) (remaining tasks 43)
2025-04-24 22:00:28,910 [DEBUG]  OP: Operation.NAIVE_FACTORIZATION on slice (1292, 2) (remaining tasks 44)
2025-04-24 22:00:28,921 [DEBUG]  		naive factorization 2 columns (in 0.01103 secs)
2025-04-24 22:00:28,921 [DEBUG]  OP: Operation.NAIVE_FACTORIZATION on slice (1292, 2) (remaining tasks 43)
2025-04-24 22:00:28,933 [DEBUG]  		naive factorization 2 columns (in 0.01216 secs)
2025-04-24 22:00:28,934 [DEBUG]  OP: Operation.REMOVE_UNINFORMATIVE_FEATURES on slice (1289, 2) (remaining tasks 42)
2025-04-24 22:00:28,934 [DEBUG]  OP: Operation.NAIVE_FACTORIZATION on slice (1297, 2) (remaining tasks 43)
2025-04-24 22:00:28,946 [DEBUG]  		naive factorization 2 columns (in 0.01208 secs)
2025-04-24 22:00:28,946 [DEBUG]  OP: Operation.REMOVE_UNINFORMATIVE_FEATURES on slice (1295, 2) (remaining tasks 42)
2025-04-24 22:00:28,947 [DEBUG]  OP: Operation.REMOVE_UNINFORMATIVE_FEATURES on slice (1297, 2) (remaining tasks 43)
2025-04-24 22:00:28,947 [DEBUG]  OP: Operation.NAIVE_FACTORIZATION on slice (1294, 2) (remaining tasks 44)
2025-04-24 22:00:28,956 [DEBUG]  		naive factorization 2 columns (in 0.00905 secs)
2025-04-24 22:00:28,957 [DEBUG]  OP: Operation.NAIVE_FACTORIZATION on slice (1294, 2) (remaining tasks 43)
2025-04-24 22:00:28,969 [DEBUG]  		naive factorization 2 columns (in 0.01274 secs)
2025-04-24 22:00:28,970 [DEBUG]  OP: Operation.REMOVE_UNINFORMATIVE_FEATURES on slice (1289, 2) (remaining tasks 42)
2025-04-24 22:00:28,970 [DEBUG]  OP: Operation.NAIVE_FACTORIZATION on slice (1294, 2) (remaining tasks 43)
2025-04-24 22:00:28,981 [DEBUG]  		naive factorization 2 columns (in 0.01065 secs)
2025-04-24 22:00:28,982 [DEBUG]  OP: Operation.REMOVE_UNINFORMATIVE_FEATURES on slice (1293, 2) (remaining tasks 42)
2025-04-24 22:00:28,982 [DEBUG]  OP: Operation.NAIVE_FACTORIZATION on slice (1289, 2) (remaining tasks 43)
2025-04-24 22:00:28,991 [DEBUG]  		naive factorization 2 columns (in 0.00839 secs)
2025-04-24 22:00:28,991 [DEBUG]  OP: Operation.REMOVE_UNINFORMATIVE_FEATURES on slice (1288, 2) (remaining tasks 42)
2025-04-24 22:00:28,991 [DEBUG]  OP: Operation.REMOVE_UNINFORMATIVE_FEATURES on slice (1294, 2) (remaining tasks 43)
2025-04-24 22:00:28,991 [DEBUG]  OP: Operation.NAIVE_FACTORIZATION on slice (1290, 2) (remaining tasks 44)
2025-04-24 22:00:29,002 [DEBUG]  		naive factorization 2 columns (in 0.01075 secs)
2025-04-24 22:00:29,003 [DEBUG]  OP: Operation.NAIVE_FACTORIZATION on slice (1294, 2) (remaining tasks 43)
2025-04-24 22:00:29,013 [DEBUG]  		naive factorization 2 columns (in 0.00970 secs)
2025-04-24 22:00:29,013 [DEBUG]  OP: Operation.REMOVE_UNINFORMATIVE_FEATURES on slice (1292, 2) (remaining tasks 42)
2025-04-24 22:00:29,014 [DEBUG]  OP: Operation.REMOVE_UNINFORMATIVE_FEATURES on slice (1276, 2) (remaining tasks 43)
2025-04-24 22:00:29,014 [DEBUG]  OP: Operation.NAIVE_FACTORIZATION on slice (1278, 2) (remaining tasks 44)
2025-04-24 22:00:29,025 [DEBUG]  		naive factorization 2 columns (in 0.01048 secs)
2025-04-24 22:00:29,026 [DEBUG]  OP: Operation.NAIVE_FACTORIZATION on slice (1281, 2) (remaining tasks 43)
2025-04-24 22:00:29,036 [DEBUG]  		naive factorization 2 columns (in 0.01075 secs)
2025-04-24 22:00:29,037 [DEBUG]  OP: Operation.REMOVE_UNINFORMATIVE_FEATURES on slice (1283, 2) (remaining tasks 42)
2025-04-24 22:00:29,037 [DEBUG]  OP: Operation.NAIVE_FACTORIZATION on slice (1278, 2) (remaining tasks 43)
2025-04-24 22:00:29,046 [DEBUG]  		naive factorization 2 columns (in 0.00877 secs)
2025-04-24 22:00:29,047 [DEBUG]  OP: Operation.REMOVE_UNINFORMATIVE_FEATURES on slice (1281, 2) (remaining tasks 42)
2025-04-24 22:00:29,047 [DEBUG]  OP: Operation.NAIVE_FACTORIZATION on slice (1286, 2) (remaining tasks 43)
2025-04-24 22:00:29,057 [DEBUG]  		naive factorization 2 columns (in 0.00926 secs)
2025-04-24 22:00:29,057 [DEBUG]  OP: Operation.REMOVE_UNINFORMATIVE_FEATURES on slice (1286, 2) (remaining tasks 42)
2025-04-24 22:00:29,058 [DEBUG]  OP: Operation.REMOVE_UNINFORMATIVE_FEATURES on slice (1285, 2) (remaining tasks 43)
2025-04-24 22:00:29,058 [DEBUG]  OP: Operation.NAIVE_FACTORIZATION on slice (1286, 2) (remaining tasks 44)
2025-04-24 22:00:29,069 [DEBUG]  		naive factorization 2 columns (in 0.01044 secs)
2025-04-24 22:00:29,069 [DEBUG]  OP: Operation.REMOVE_UNINFORMATIVE_FEATURES on slice (1288, 2) (remaining tasks 43)
2025-04-24 22:00:29,070 [DEBUG]  OP: Operation.NAIVE_FACTORIZATION on slice (1287, 2) (remaining tasks 44)
2025-04-24 22:00:29,080 [DEBUG]  		naive factorization 2 columns (in 0.00994 secs)
2025-04-24 22:00:29,081 [DEBUG]  OP: Operation.REMOVE_UNINFORMATIVE_FEATURES on slice (1282, 2) (remaining tasks 43)
2025-04-24 22:00:29,081 [DEBUG]  OP: Operation.NAIVE_FACTORIZATION on slice (1283, 2) (remaining tasks 44)
2025-04-24 22:00:29,089 [DEBUG]  		naive factorization 2 columns (in 0.00773 secs)
2025-04-24 22:00:29,090 [DEBUG]  OP: Operation.NAIVE_FACTORIZATION on slice (1281, 2) (remaining tasks 43)
2025-04-24 22:00:29,099 [DEBUG]  		naive factorization 2 columns (in 0.00852 secs)
2025-04-24 22:00:29,099 [DEBUG]  OP: Operation.REMOVE_UNINFORMATIVE_FEATURES on slice (1283, 2) (remaining tasks 42)
2025-04-24 22:00:29,100 [DEBUG]  OP: Operation.REMOVE_UNINFORMATIVE_FEATURES on slice (1289, 2) (remaining tasks 43)
2025-04-24 22:00:29,100 [DEBUG]  OP: Operation.NAIVE_FACTORIZATION on slice (1287, 2) (remaining tasks 44)
2025-04-24 22:00:29,111 [DEBUG]  		naive factorization 2 columns (in 0.00985 secs)
2025-04-24 22:00:29,111 [DEBUG]  OP: Operation.REMOVE_UNINFORMATIVE_FEATURES on slice (1286, 2) (remaining tasks 43)
2025-04-24 22:00:29,112 [DEBUG]  OP: Operation.NAIVE_FACTORIZATION on slice (1285, 2) (remaining tasks 44)
2025-04-24 22:00:29,118 [DEBUG]  		naive factorization 2 columns (in 0.00650 secs)
2025-04-24 22:00:29,119 [DEBUG]  OP: Operation.NAIVE_FACTORIZATION on slice (1282, 2) (remaining tasks 43)
2025-04-24 22:00:29,129 [DEBUG]  		naive factorization 2 columns (in 0.00983 secs)
2025-04-24 22:00:29,130 [DEBUG]  OP: Operation.REMOVE_UNINFORMATIVE_FEATURES on slice (1283, 2) (remaining tasks 42)
2025-04-24 22:00:29,130 [DEBUG]  OP: Operation.CREATE_LEAF on slice (1292, 1) (remaining tasks 43)
2025-04-24 22:00:29,131 [DEBUG]  		 created leaf IdentityNumericLeaf for scope=[0] (in 0.00059 secs)
2025-04-24 22:00:29,131 [DEBUG]  OP: Operation.CREATE_LEAF on slice (1292, 1) (remaining tasks 42)
2025-04-24 22:00:29,132 [DEBUG]  		 created leaf IdentityNumericLeaf for scope=[2] (in 0.00120 secs)
2025-04-24 22:00:29,133 [DEBUG]  OP: Operation.CREATE_LEAF on slice (1288, 1) (remaining tasks 41)
2025-04-24 22:00:29,133 [DEBUG]  		 created leaf IdentityNumericLeaf for scope=[0] (in 0.00049 secs)
2025-04-24 22:00:29,133 [DEBUG]  OP: Operation.CREATE_LEAF on slice (1288, 1) (remaining tasks 40)
2025-04-24 22:00:29,135 [DEBUG]  		 created leaf IdentityNumericLeaf for scope=[2] (in 0.00125 secs)
2025-04-24 22:00:29,135 [DEBUG]  OP: Operation.CREATE_LEAF on slice (1295, 1) (remaining tasks 39)
2025-04-24 22:00:29,136 [DEBUG]  		 created leaf IdentityNumericLeaf for scope=[0] (in 0.00048 secs)
2025-04-24 22:00:29,136 [DEBUG]  OP: Operation.CREATE_LEAF on slice (1295, 1) (remaining tasks 38)
2025-04-24 22:00:29,137 [DEBUG]  		 created leaf IdentityNumericLeaf for scope=[2] (in 0.00125 secs)
2025-04-24 22:00:29,137 [DEBUG]  OP: Operation.CREATE_LEAF on slice (1289, 1) (remaining tasks 37)
2025-04-24 22:00:29,138 [DEBUG]  		 created leaf IdentityNumericLeaf for scope=[0] (in 0.00048 secs)
2025-04-24 22:00:29,138 [DEBUG]  OP: Operation.CREATE_LEAF on slice (1289, 1) (remaining tasks 36)
2025-04-24 22:00:29,140 [DEBUG]  		 created leaf IdentityNumericLeaf for scope=[2] (in 0.00124 secs)
2025-04-24 22:00:29,140 [DEBUG]  OP: Operation.CREATE_LEAF on slice (1295, 1) (remaining tasks 35)
2025-04-24 22:00:29,140 [DEBUG]  		 created leaf IdentityNumericLeaf for scope=[0] (in 0.00047 secs)
2025-04-24 22:00:29,141 [DEBUG]  OP: Operation.CREATE_LEAF on slice (1295, 1) (remaining tasks 34)
2025-04-24 22:00:29,142 [DEBUG]  		 created leaf IdentityNumericLeaf for scope=[2] (in 0.00122 secs)
2025-04-24 22:00:29,142 [DEBUG]  OP: Operation.CREATE_LEAF on slice (1297, 1) (remaining tasks 33)
2025-04-24 22:00:29,143 [DEBUG]  		 created leaf IdentityNumericLeaf for scope=[0] (in 0.00056 secs)
2025-04-24 22:00:29,143 [DEBUG]  OP: Operation.CREATE_LEAF on slice (1297, 1) (remaining tasks 32)
2025-04-24 22:00:29,145 [DEBUG]  		 created leaf IdentityNumericLeaf for scope=[2] (in 0.00139 secs)
2025-04-24 22:00:29,145 [DEBUG]  OP: Operation.CREATE_LEAF on slice (1289, 1) (remaining tasks 31)
2025-04-24 22:00:29,146 [DEBUG]  		 created leaf IdentityNumericLeaf for scope=[0] (in 0.00049 secs)
2025-04-24 22:00:29,146 [DEBUG]  OP: Operation.CREATE_LEAF on slice (1289, 1) (remaining tasks 30)
2025-04-24 22:00:29,147 [DEBUG]  		 created leaf IdentityNumericLeaf for scope=[2] (in 0.00129 secs)
2025-04-24 22:00:29,147 [DEBUG]  OP: Operation.CREATE_LEAF on slice (1293, 1) (remaining tasks 29)
2025-04-24 22:00:29,148 [DEBUG]  		 created leaf IdentityNumericLeaf for scope=[0] (in 0.00060 secs)
2025-04-24 22:00:29,148 [DEBUG]  OP: Operation.CREATE_LEAF on slice (1293, 1) (remaining tasks 28)
2025-04-24 22:00:29,150 [DEBUG]  		 created leaf IdentityNumericLeaf for scope=[2] (in 0.00127 secs)
2025-04-24 22:00:29,150 [DEBUG]  OP: Operation.CREATE_LEAF on slice (1288, 1) (remaining tasks 27)
2025-04-24 22:00:29,151 [DEBUG]  		 created leaf IdentityNumericLeaf for scope=[0] (in 0.00053 secs)
2025-04-24 22:00:29,151 [DEBUG]  OP: Operation.CREATE_LEAF on slice (1288, 1) (remaining tasks 26)
2025-04-24 22:00:29,152 [DEBUG]  		 created leaf IdentityNumericLeaf for scope=[2] (in 0.00123 secs)
2025-04-24 22:00:29,153 [DEBUG]  OP: Operation.CREATE_LEAF on slice (1294, 1) (remaining tasks 25)
2025-04-24 22:00:29,153 [DEBUG]  		 created leaf IdentityNumericLeaf for scope=[0] (in 0.00048 secs)
2025-04-24 22:00:29,153 [DEBUG]  OP: Operation.CREATE_LEAF on slice (1294, 1) (remaining tasks 24)
2025-04-24 22:00:29,155 [DEBUG]  		 created leaf IdentityNumericLeaf for scope=[2] (in 0.00128 secs)
2025-04-24 22:00:29,155 [DEBUG]  OP: Operation.CREATE_LEAF on slice (1292, 1) (remaining tasks 23)
2025-04-24 22:00:29,156 [DEBUG]  		 created leaf IdentityNumericLeaf for scope=[0] (in 0.00049 secs)
2025-04-24 22:00:29,156 [DEBUG]  OP: Operation.CREATE_LEAF on slice (1292, 1) (remaining tasks 22)
2025-04-24 22:00:29,157 [DEBUG]  		 created leaf IdentityNumericLeaf for scope=[2] (in 0.00123 secs)
2025-04-24 22:00:29,157 [DEBUG]  OP: Operation.CREATE_LEAF on slice (1276, 1) (remaining tasks 21)
2025-04-24 22:00:29,158 [DEBUG]  		 created leaf IdentityNumericLeaf for scope=[0] (in 0.00048 secs)
2025-04-24 22:00:29,158 [DEBUG]  OP: Operation.CREATE_LEAF on slice (1276, 1) (remaining tasks 20)
2025-04-24 22:00:29,160 [DEBUG]  		 created leaf IdentityNumericLeaf for scope=[2] (in 0.00125 secs)
2025-04-24 22:00:29,160 [DEBUG]  OP: Operation.CREATE_LEAF on slice (1283, 1) (remaining tasks 19)
2025-04-24 22:00:29,160 [DEBUG]  		 created leaf IdentityNumericLeaf for scope=[0] (in 0.00048 secs)
2025-04-24 22:00:29,161 [DEBUG]  OP: Operation.CREATE_LEAF on slice (1283, 1) (remaining tasks 18)
2025-04-24 22:00:29,162 [DEBUG]  		 created leaf IdentityNumericLeaf for scope=[2] (in 0.00124 secs)
2025-04-24 22:00:29,162 [DEBUG]  OP: Operation.CREATE_LEAF on slice (1281, 1) (remaining tasks 17)
2025-04-24 22:00:29,163 [DEBUG]  		 created leaf IdentityNumericLeaf for scope=[0] (in 0.00051 secs)
2025-04-24 22:00:29,163 [DEBUG]  OP: Operation.CREATE_LEAF on slice (1281, 1) (remaining tasks 16)
2025-04-24 22:00:29,164 [DEBUG]  		 created leaf IdentityNumericLeaf for scope=[2] (in 0.00124 secs)
2025-04-24 22:00:29,165 [DEBUG]  OP: Operation.CREATE_LEAF on slice (1286, 1) (remaining tasks 15)
2025-04-24 22:00:29,165 [DEBUG]  		 created leaf IdentityNumericLeaf for scope=[0] (in 0.00048 secs)
2025-04-24 22:00:29,165 [DEBUG]  OP: Operation.CREATE_LEAF on slice (1286, 1) (remaining tasks 14)
2025-04-24 22:00:29,167 [DEBUG]  		 created leaf IdentityNumericLeaf for scope=[2] (in 0.00125 secs)
2025-04-24 22:00:29,167 [DEBUG]  OP: Operation.CREATE_LEAF on slice (1285, 1) (remaining tasks 13)
2025-04-24 22:00:29,168 [DEBUG]  		 created leaf IdentityNumericLeaf for scope=[0] (in 0.00048 secs)
2025-04-24 22:00:29,168 [DEBUG]  OP: Operation.CREATE_LEAF on slice (1285, 1) (remaining tasks 12)
2025-04-24 22:00:29,169 [DEBUG]  		 created leaf IdentityNumericLeaf for scope=[2] (in 0.00121 secs)
2025-04-24 22:00:29,169 [DEBUG]  OP: Operation.CREATE_LEAF on slice (1288, 1) (remaining tasks 11)
2025-04-24 22:00:29,170 [DEBUG]  		 created leaf IdentityNumericLeaf for scope=[0] (in 0.00048 secs)
2025-04-24 22:00:29,170 [DEBUG]  OP: Operation.CREATE_LEAF on slice (1288, 1) (remaining tasks 10)
2025-04-24 22:00:29,172 [DEBUG]  		 created leaf IdentityNumericLeaf for scope=[2] (in 0.00121 secs)
2025-04-24 22:00:29,172 [DEBUG]  OP: Operation.CREATE_LEAF on slice (1282, 1) (remaining tasks 9)
2025-04-24 22:00:29,172 [DEBUG]  		 created leaf IdentityNumericLeaf for scope=[0] (in 0.00044 secs)
2025-04-24 22:00:29,172 [DEBUG]  OP: Operation.CREATE_LEAF on slice (1282, 1) (remaining tasks 8)
2025-04-24 22:00:29,174 [DEBUG]  		 created leaf IdentityNumericLeaf for scope=[2] (in 0.00112 secs)
2025-04-24 22:00:29,174 [DEBUG]  OP: Operation.CREATE_LEAF on slice (1283, 1) (remaining tasks 7)
2025-04-24 22:00:29,174 [DEBUG]  		 created leaf IdentityNumericLeaf for scope=[0] (in 0.00046 secs)
2025-04-24 22:00:29,175 [DEBUG]  OP: Operation.CREATE_LEAF on slice (1283, 1) (remaining tasks 6)
2025-04-24 22:00:29,176 [DEBUG]  		 created leaf IdentityNumericLeaf for scope=[2] (in 0.00103 secs)
2025-04-24 22:00:29,176 [DEBUG]  OP: Operation.CREATE_LEAF on slice (1289, 1) (remaining tasks 5)
2025-04-24 22:00:29,177 [DEBUG]  		 created leaf IdentityNumericLeaf for scope=[0] (in 0.00040 secs)
2025-04-24 22:00:29,177 [DEBUG]  OP: Operation.CREATE_LEAF on slice (1289, 1) (remaining tasks 4)
2025-04-24 22:00:29,178 [DEBUG]  		 created leaf IdentityNumericLeaf for scope=[2] (in 0.00105 secs)
2025-04-24 22:00:29,178 [DEBUG]  OP: Operation.CREATE_LEAF on slice (1286, 1) (remaining tasks 3)
2025-04-24 22:00:29,179 [DEBUG]  		 created leaf IdentityNumericLeaf for scope=[0] (in 0.00042 secs)
2025-04-24 22:00:29,179 [DEBUG]  OP: Operation.CREATE_LEAF on slice (1286, 1) (remaining tasks 2)
2025-04-24 22:00:29,180 [DEBUG]  		 created leaf IdentityNumericLeaf for scope=[2] (in 0.00097 secs)
2025-04-24 22:00:29,180 [DEBUG]  OP: Operation.CREATE_LEAF on slice (1283, 1) (remaining tasks 1)
2025-04-24 22:00:29,180 [DEBUG]  		 created leaf IdentityNumericLeaf for scope=[0] (in 0.00037 secs)
2025-04-24 22:00:29,181 [DEBUG]  OP: Operation.CREATE_LEAF on slice (1283, 1) (remaining tasks 0)
2025-04-24 22:00:29,182 [DEBUG]  		 created leaf IdentityNumericLeaf for scope=[2] (in 0.00096 secs)
2025-04-24 22:00:38,495 [DEBUG]  Built SPN in 26.1059137309785 sec
2025-04-24 22:00:38,495 [INFO ]  Saving ensemble to /home/dafn/card/deepcard/collected_temp_benchmarks/spn_ensembles/Localization Data for Person Activity/ensemble_single_conflongdemo_jsi_10000000.pkl
