2025-04-16 14:51:53,984 [INFO ]  Generating HDF files for tables in /home/dafn/card/deepcard/collected_datasets/Iranian Churn and store to path /home/dafn/card/deepcard/collected_temp_benchmarks/gen_single_light/Iranian Churn
2025-04-16 14:51:53,985 [INFO ]  Making target path /home/dafn/card/deepcard/collected_temp_benchmarks/gen_single_light/Iranian Churn
2025-04-16 14:51:53,985 [INFO ]  Preparing hdf file for table customerchurn
2025-04-16 14:51:53,993 [INFO ]  Managing functional dependencies for table customerchurn
2025-04-16 14:51:53,993 [INFO ]  Preparing multipliers for table customerchurn
2025-04-16 14:51:53,994 [INFO ]  Preparing categorical values and null values for table customerchurn
2025-04-16 14:51:53,994 [DEBUG]  		Preparing numerical values for column f1
2025-04-16 14:51:53,995 [DEBUG]  		Preparing numerical values for column f2
2025-04-16 14:51:53,996 [DEBUG]  		Preparing numerical values for column f3
2025-04-16 14:51:53,997 [DEBUG]  		Preparing numerical values for column f4
2025-04-16 14:51:53,998 [DEBUG]  		Preparing numerical values for column f5
2025-04-16 14:51:53,998 [DEBUG]  		Preparing numerical values for column f6
2025-04-16 14:51:53,999 [DEBUG]  		Preparing numerical values for column f7
2025-04-16 14:51:54,000 [DEBUG]  		Preparing numerical values for column f8
2025-04-16 14:51:54,001 [DEBUG]  		Preparing numerical values for column f9
2025-04-16 14:51:54,001 [DEBUG]  		Preparing numerical values for column f10
2025-04-16 14:51:54,002 [DEBUG]  		Preparing numerical values for column f11
2025-04-16 14:51:54,003 [DEBUG]  		Preparing numerical values for column f12
2025-04-16 14:51:54,004 [DEBUG]  		Preparing numerical values for column f13
2025-04-16 14:51:54,005 [DEBUG]  		Preparing numerical values for column f14
2025-04-16 14:51:54,006 [INFO ]  Relevant attributes for table customerchurn are ['f1', 'f2', 'f3', 'f4', 'f5', 'f6', 'f7', 'f8', 'f9', 'f10', 'f11', 'f12', 'f13', 'f14']
2025-04-16 14:51:54,006 [INFO ]  NULL values for table customerchurn are [7.628036507936508, 0.07660793650793651, 32.542004761904764, 0.9429571428571428, 4472.459782539683, 69.46073492063492, 73.17502063492064, 23.50994126984127, 2.8261317460317463, 1.0778777777777777, 1.2483539682539682, 30.998512698412696, 470.97301587301587, 0.15724285714285713]
2025-04-16 14:51:54,037 [INFO ]  Adding table parts without join partners for table customerchurn
2025-04-16 14:51:54,037 [INFO ]  Files successfully created
