2025-04-22 15:21:20,472 [INFO ]  Creating naive ensemble.
2025-04-22 15:21:20,472 [INFO ]  Learning SPN for d_spatial_network.
2025-04-22 15:21:20,472 [DEBUG]  generate_join_sample(single_table=d_spatial_network, relationship_list=None, split_condition=None)
2025-04-22 15:21:20,530 [DEBUG]  Using min_instance_slice parameter 4348.74.
2025-04-22 15:21:20,531 [INFO ]  SPN training phase with 434874 samples
2025-04-22 15:21:20,628 [DEBUG]  Built domains in 0.09536253599799238 sec
2025-04-22 15:21:20,990 [DEBUG]  CACHEDIR=/home/dafn/.cache/matplotlib
2025-04-22 15:21:20,992 [DEBUG]  Using fontManager instance from /home/dafn/.cache/matplotlib/fontlist-v300.json
2025-04-22 15:21:21,086 [DEBUG]  Loaded backend qt5agg version unknown.
2025-04-22 15:21:21,116 [DEBUG]  Loaded backend qt5agg version unknown.
2025-04-22 15:21:21,117 [DEBUG]  Loaded backend qt4agg version unknown.
2025-04-22 15:21:21,123 [DEBUG]  Loaded backend tkagg version unknown.
2025-04-22 15:21:21,124 [DEBUG]  Loaded backend agg version unknown.
2025-04-22 15:21:21,124 [DEBUG]  Loaded backend agg version unknown.
2025-04-22 15:21:21,133 [DEBUG]  OP: Operation.SPLIT_ROWS on slice (434874, 4) (remaining tasks 0)
2025-04-22 15:21:21,549 [DEBUG]  		found 2 row clusters (in 0.41614 secs)
2025-04-22 15:21:21,568 [DEBUG]  OP: Operation.SPLIT_COLUMNS on slice (331380, 4) (remaining tasks 1)
2025-04-22 15:21:21,789 [DEBUG]  		found 3 col clusters (in 0.22031 secs)
2025-04-22 15:21:21,799 [DEBUG]  OP: Operation.SPLIT_COLUMNS on slice (103494, 4) (remaining tasks 3)
2025-04-22 15:21:22,096 [DEBUG]  		found 3 col clusters (in 0.29625 secs)
2025-04-22 15:21:22,096 [DEBUG]  OP: Operation.CREATE_LEAF on slice (331380, 1) (remaining tasks 5)
2025-04-22 15:21:22,202 [DEBUG]  		 created leaf IdentityNumericLeaf for scope=[0] (in 0.10563 secs)
2025-04-22 15:21:22,204 [DEBUG]  OP: Operation.SPLIT_COLUMNS on slice (331380, 2) (remaining tasks 4)
2025-04-22 15:21:22,333 [DEBUG]  		found 1 col clusters (in 0.12883 secs)
2025-04-22 15:21:22,334 [DEBUG]  OP: Operation.CREATE_LEAF on slice (331380, 1) (remaining tasks 4)
2025-04-22 15:21:22,386 [DEBUG]  		Due to histograms leaf size was reduced by 69.82%
2025-04-22 15:21:22,427 [DEBUG]  		 created leaf IdentityNumericLeaf for scope=[3] (in 0.09327 secs)
2025-04-22 15:21:22,427 [DEBUG]  OP: Operation.CREATE_LEAF on slice (103494, 1) (remaining tasks 3)
2025-04-22 15:21:22,438 [DEBUG]  		 created leaf IdentityNumericLeaf for scope=[0] (in 0.01081 secs)
2025-04-22 15:21:22,439 [DEBUG]  OP: Operation.SPLIT_COLUMNS on slice (103494, 2) (remaining tasks 2)
2025-04-22 15:21:22,551 [DEBUG]  		found 1 col clusters (in 0.11222 secs)
2025-04-22 15:21:22,551 [DEBUG]  OP: Operation.CREATE_LEAF on slice (103494, 1) (remaining tasks 2)
2025-04-22 15:21:22,564 [DEBUG]  		Due to histograms leaf size was reduced by 3.38%
2025-04-22 15:21:22,612 [DEBUG]  		 created leaf IdentityNumericLeaf for scope=[3] (in 0.06060 secs)
2025-04-22 15:21:22,616 [DEBUG]  OP: Operation.SPLIT_ROWS on slice (331380, 2) (remaining tasks 1)
2025-04-22 15:21:23,150 [DEBUG]  		found 2 row clusters (in 0.53475 secs)
2025-04-22 15:21:23,151 [DEBUG]  OP: Operation.SPLIT_ROWS on slice (103494, 2) (remaining tasks 2)
2025-04-22 15:21:23,557 [DEBUG]  		found 2 row clusters (in 0.40494 secs)
2025-04-22 15:21:23,563 [DEBUG]  OP: Operation.SPLIT_COLUMNS on slice (114267, 2) (remaining tasks 3)
2025-04-22 15:21:23,673 [DEBUG]  		found 2 col clusters (in 0.11022 secs)
2025-04-22 15:21:23,685 [DEBUG]  OP: Operation.SPLIT_COLUMNS on slice (217113, 2) (remaining tasks 4)
2025-04-22 15:21:23,795 [DEBUG]  		found 1 col clusters (in 0.10996 secs)
2025-04-22 15:21:23,797 [DEBUG]  OP: Operation.SPLIT_COLUMNS on slice (21969, 2) (remaining tasks 4)
2025-04-22 15:21:23,906 [DEBUG]  		found 1 col clusters (in 0.10922 secs)
2025-04-22 15:21:23,911 [DEBUG]  OP: Operation.SPLIT_COLUMNS on slice (81525, 2) (remaining tasks 4)
2025-04-22 15:21:24,021 [DEBUG]  		found 1 col clusters (in 0.10967 secs)
2025-04-22 15:21:24,022 [DEBUG]  OP: Operation.CREATE_LEAF on slice (114267, 1) (remaining tasks 4)
2025-04-22 15:21:24,048 [DEBUG]  		Due to histograms leaf size was reduced by 4.18%
2025-04-22 15:21:24,099 [DEBUG]  		 created leaf IdentityNumericLeaf for scope=[1] (in 0.07712 secs)
2025-04-22 15:21:24,100 [DEBUG]  OP: Operation.CREATE_LEAF on slice (114267, 1) (remaining tasks 3)
2025-04-22 15:21:24,112 [DEBUG]  		Due to histograms leaf size was reduced by 3.43%
2025-04-22 15:21:24,142 [DEBUG]  		 created leaf IdentityNumericLeaf for scope=[2] (in 0.04246 secs)
2025-04-22 15:21:24,153 [DEBUG]  OP: Operation.SPLIT_ROWS on slice (217113, 2) (remaining tasks 2)
2025-04-22 15:21:24,577 [DEBUG]  		found 2 row clusters (in 0.42332 secs)
2025-04-22 15:21:24,578 [DEBUG]  OP: Operation.SPLIT_ROWS on slice (21969, 2) (remaining tasks 3)
2025-04-22 15:21:24,678 [DEBUG]  		found 2 row clusters (in 0.09918 secs)
2025-04-22 15:21:24,682 [DEBUG]  OP: Operation.SPLIT_ROWS on slice (81525, 2) (remaining tasks 4)
2025-04-22 15:21:25,120 [DEBUG]  		found 2 row clusters (in 0.43773 secs)
2025-04-22 15:21:25,127 [DEBUG]  OP: Operation.SPLIT_COLUMNS on slice (120278, 2) (remaining tasks 5)
2025-04-22 15:21:25,237 [DEBUG]  		found 2 col clusters (in 0.10977 secs)
2025-04-22 15:21:25,242 [DEBUG]  OP: Operation.SPLIT_COLUMNS on slice (96835, 2) (remaining tasks 6)
2025-04-22 15:21:25,352 [DEBUG]  		found 1 col clusters (in 0.10994 secs)
2025-04-22 15:21:25,355 [DEBUG]  OP: Operation.SPLIT_COLUMNS on slice (12119, 2) (remaining tasks 6)
2025-04-22 15:21:25,466 [DEBUG]  		found 1 col clusters (in 0.11137 secs)
2025-04-22 15:21:25,468 [DEBUG]  OP: Operation.SPLIT_COLUMNS on slice (9850, 2) (remaining tasks 6)
2025-04-22 15:21:25,585 [DEBUG]  		found 1 col clusters (in 0.11637 secs)
2025-04-22 15:21:25,588 [DEBUG]  OP: Operation.SPLIT_COLUMNS on slice (49854, 2) (remaining tasks 6)
2025-04-22 15:21:25,697 [DEBUG]  		found 1 col clusters (in 0.10916 secs)
2025-04-22 15:21:25,699 [DEBUG]  OP: Operation.SPLIT_COLUMNS on slice (31671, 2) (remaining tasks 6)
2025-04-22 15:21:25,808 [DEBUG]  		found 1 col clusters (in 0.10900 secs)
2025-04-22 15:21:25,809 [DEBUG]  OP: Operation.CREATE_LEAF on slice (120278, 1) (remaining tasks 6)
2025-04-22 15:21:25,820 [DEBUG]  		Due to histograms leaf size was reduced by 7.69%
2025-04-22 15:21:25,850 [DEBUG]  		 created leaf IdentityNumericLeaf for scope=[1] (in 0.04065 secs)
2025-04-22 15:21:25,850 [DEBUG]  OP: Operation.CREATE_LEAF on slice (120278, 1) (remaining tasks 5)
2025-04-22 15:21:25,861 [DEBUG]  		Due to histograms leaf size was reduced by 7.94%
2025-04-22 15:21:25,893 [DEBUG]  		 created leaf IdentityNumericLeaf for scope=[2] (in 0.04299 secs)
2025-04-22 15:21:25,899 [DEBUG]  OP: Operation.SPLIT_ROWS on slice (96835, 2) (remaining tasks 4)
2025-04-22 15:21:26,224 [DEBUG]  		found 2 row clusters (in 0.32497 secs)
2025-04-22 15:21:26,225 [DEBUG]  OP: Operation.SPLIT_ROWS on slice (12119, 2) (remaining tasks 5)
2025-04-22 15:21:26,310 [DEBUG]  		found 2 row clusters (in 0.08457 secs)
2025-04-22 15:21:26,310 [DEBUG]  OP: Operation.SPLIT_ROWS on slice (9850, 2) (remaining tasks 6)
2025-04-22 15:21:26,370 [DEBUG]  		found 2 row clusters (in 0.05923 secs)
2025-04-22 15:21:26,373 [DEBUG]  OP: Operation.SPLIT_ROWS on slice (49854, 2) (remaining tasks 7)
2025-04-22 15:21:26,623 [DEBUG]  		found 2 row clusters (in 0.25063 secs)
2025-04-22 15:21:26,626 [DEBUG]  OP: Operation.SPLIT_ROWS on slice (31671, 2) (remaining tasks 8)
2025-04-22 15:21:26,761 [DEBUG]  		found 2 row clusters (in 0.13531 secs)
2025-04-22 15:21:26,766 [DEBUG]  OP: Operation.SPLIT_COLUMNS on slice (88009, 2) (remaining tasks 9)
2025-04-22 15:21:26,875 [DEBUG]  		found 1 col clusters (in 0.10927 secs)
2025-04-22 15:21:26,876 [DEBUG]  OP: Operation.SPLIT_COLUMNS on slice (8826, 2) (remaining tasks 9)
2025-04-22 15:21:26,986 [DEBUG]  		found 1 col clusters (in 0.10964 secs)
2025-04-22 15:21:26,987 [DEBUG]  OP: Operation.NAIVE_FACTORIZATION on slice (3849, 2) (remaining tasks 9)
2025-04-22 15:21:27,087 [DEBUG]  		naive factorization 2 columns (in 0.10005 secs)
2025-04-22 15:21:27,088 [DEBUG]  OP: Operation.SPLIT_COLUMNS on slice (8270, 2) (remaining tasks 8)
2025-04-22 15:21:27,198 [DEBUG]  		found 1 col clusters (in 0.10922 secs)
2025-04-22 15:21:27,199 [DEBUG]  OP: Operation.SPLIT_COLUMNS on slice (4545, 2) (remaining tasks 8)
2025-04-22 15:21:27,306 [DEBUG]  		found 1 col clusters (in 0.10713 secs)
2025-04-22 15:21:27,307 [DEBUG]  OP: Operation.SPLIT_COLUMNS on slice (5305, 2) (remaining tasks 8)
2025-04-22 15:21:27,412 [DEBUG]  		found 2 col clusters (in 0.10582 secs)
2025-04-22 15:21:27,415 [DEBUG]  OP: Operation.SPLIT_COLUMNS on slice (34386, 2) (remaining tasks 9)
2025-04-22 15:21:27,526 [DEBUG]  		found 1 col clusters (in 0.11113 secs)
2025-04-22 15:21:27,528 [DEBUG]  OP: Operation.SPLIT_COLUMNS on slice (15468, 2) (remaining tasks 9)
2025-04-22 15:21:27,640 [DEBUG]  		found 1 col clusters (in 0.11175 secs)
2025-04-22 15:21:27,642 [DEBUG]  OP: Operation.SPLIT_COLUMNS on slice (13663, 2) (remaining tasks 9)
2025-04-22 15:21:27,754 [DEBUG]  		found 1 col clusters (in 0.11205 secs)
2025-04-22 15:21:27,756 [DEBUG]  OP: Operation.SPLIT_COLUMNS on slice (18008, 2) (remaining tasks 9)
2025-04-22 15:21:27,868 [DEBUG]  		found 1 col clusters (in 0.11170 secs)
2025-04-22 15:21:27,877 [DEBUG]  OP: Operation.SPLIT_ROWS on slice (88009, 2) (remaining tasks 9)
2025-04-22 15:21:28,293 [DEBUG]  		found 2 row clusters (in 0.41626 secs)
2025-04-22 15:21:28,294 [DEBUG]  OP: Operation.SPLIT_ROWS on slice (8826, 2) (remaining tasks 10)
2025-04-22 15:21:28,341 [DEBUG]  		found 2 row clusters (in 0.04715 secs)
2025-04-22 15:21:28,342 [DEBUG]  OP: Operation.SPLIT_ROWS on slice (8270, 2) (remaining tasks 11)
2025-04-22 15:21:28,408 [DEBUG]  		found 2 row clusters (in 0.06565 secs)
2025-04-22 15:21:28,408 [DEBUG]  OP: Operation.SPLIT_ROWS on slice (4545, 2) (remaining tasks 12)
2025-04-22 15:21:28,456 [DEBUG]  		found 2 row clusters (in 0.04700 secs)
2025-04-22 15:21:28,456 [DEBUG]  OP: Operation.CREATE_LEAF on slice (5305, 1) (remaining tasks 13)
2025-04-22 15:21:28,457 [DEBUG]  		 created leaf IdentityNumericLeaf for scope=[1] (in 0.00177 secs)
2025-04-22 15:21:28,458 [DEBUG]  OP: Operation.CREATE_LEAF on slice (5305, 1) (remaining tasks 12)
2025-04-22 15:21:28,459 [DEBUG]  		 created leaf IdentityNumericLeaf for scope=[2] (in 0.00172 secs)
2025-04-22 15:21:28,461 [DEBUG]  OP: Operation.SPLIT_ROWS on slice (34386, 2) (remaining tasks 11)
2025-04-22 15:21:28,598 [DEBUG]  		found 2 row clusters (in 0.13676 secs)
2025-04-22 15:21:28,599 [DEBUG]  OP: Operation.SPLIT_ROWS on slice (15468, 2) (remaining tasks 12)
2025-04-22 15:21:28,668 [DEBUG]  		found 2 row clusters (in 0.06830 secs)
2025-04-22 15:21:28,669 [DEBUG]  OP: Operation.SPLIT_ROWS on slice (13663, 2) (remaining tasks 13)
2025-04-22 15:21:28,722 [DEBUG]  		found 2 row clusters (in 0.05307 secs)
2025-04-22 15:21:28,723 [DEBUG]  OP: Operation.SPLIT_ROWS on slice (18008, 2) (remaining tasks 14)
2025-04-22 15:21:28,802 [DEBUG]  		found 2 row clusters (in 0.07913 secs)
2025-04-22 15:21:28,805 [DEBUG]  OP: Operation.SPLIT_COLUMNS on slice (38408, 2) (remaining tasks 15)
2025-04-22 15:21:28,914 [DEBUG]  		found 1 col clusters (in 0.10923 secs)
2025-04-22 15:21:28,919 [DEBUG]  OP: Operation.SPLIT_COLUMNS on slice (49601, 2) (remaining tasks 15)
2025-04-22 15:21:29,031 [DEBUG]  		found 1 col clusters (in 0.11151 secs)
2025-04-22 15:21:29,031 [DEBUG]  OP: Operation.NAIVE_FACTORIZATION on slice (2959, 2) (remaining tasks 15)
2025-04-22 15:21:29,127 [DEBUG]  		naive factorization 2 columns (in 0.09583 secs)
2025-04-22 15:21:29,128 [DEBUG]  OP: Operation.SPLIT_COLUMNS on slice (5867, 2) (remaining tasks 14)
2025-04-22 15:21:29,235 [DEBUG]  		found 1 col clusters (in 0.10650 secs)
2025-04-22 15:21:29,235 [DEBUG]  OP: Operation.NAIVE_FACTORIZATION on slice (2842, 2) (remaining tasks 14)
2025-04-22 15:21:29,328 [DEBUG]  		naive factorization 2 columns (in 0.09310 secs)
2025-04-22 15:21:29,329 [DEBUG]  OP: Operation.SPLIT_COLUMNS on slice (5428, 2) (remaining tasks 13)
2025-04-22 15:21:29,437 [DEBUG]  		found 1 col clusters (in 0.10787 secs)
2025-04-22 15:21:29,438 [DEBUG]  OP: Operation.NAIVE_FACTORIZATION on slice (2875, 2) (remaining tasks 13)
2025-04-22 15:21:29,534 [DEBUG]  		naive factorization 2 columns (in 0.09597 secs)
2025-04-22 15:21:29,535 [DEBUG]  OP: Operation.NAIVE_FACTORIZATION on slice (1670, 2) (remaining tasks 12)
2025-04-22 15:21:29,547 [DEBUG]  		naive factorization 2 columns (in 0.01261 secs)
2025-04-22 15:21:29,549 [DEBUG]  OP: Operation.SPLIT_COLUMNS on slice (28227, 2) (remaining tasks 11)
2025-04-22 15:21:29,658 [DEBUG]  		found 1 col clusters (in 0.10926 secs)
2025-04-22 15:21:29,660 [DEBUG]  OP: Operation.SPLIT_COLUMNS on slice (6159, 2) (remaining tasks 11)
2025-04-22 15:21:29,768 [DEBUG]  		found 1 col clusters (in 0.10808 secs)
2025-04-22 15:21:29,769 [DEBUG]  OP: Operation.SPLIT_COLUMNS on slice (8713, 2) (remaining tasks 11)
2025-04-22 15:21:29,879 [DEBUG]  		found 1 col clusters (in 0.10942 secs)
2025-04-22 15:21:29,880 [DEBUG]  OP: Operation.SPLIT_COLUMNS on slice (6755, 2) (remaining tasks 11)
2025-04-22 15:21:29,989 [DEBUG]  		found 1 col clusters (in 0.10826 secs)
2025-04-22 15:21:29,990 [DEBUG]  OP: Operation.SPLIT_COLUMNS on slice (7515, 2) (remaining tasks 11)
2025-04-22 15:21:30,099 [DEBUG]  		found 1 col clusters (in 0.10894 secs)
2025-04-22 15:21:30,100 [DEBUG]  OP: Operation.SPLIT_COLUMNS on slice (6148, 2) (remaining tasks 11)
2025-04-22 15:21:30,208 [DEBUG]  		found 1 col clusters (in 0.10804 secs)
2025-04-22 15:21:30,210 [DEBUG]  OP: Operation.SPLIT_COLUMNS on slice (16704, 2) (remaining tasks 11)
2025-04-22 15:21:30,322 [DEBUG]  		found 1 col clusters (in 0.11155 secs)
2025-04-22 15:21:30,322 [DEBUG]  OP: Operation.NAIVE_FACTORIZATION on slice (1304, 2) (remaining tasks 11)
2025-04-22 15:21:30,334 [DEBUG]  		naive factorization 2 columns (in 0.01145 secs)
2025-04-22 15:21:30,338 [DEBUG]  OP: Operation.SPLIT_ROWS on slice (38408, 2) (remaining tasks 10)
2025-04-22 15:21:30,612 [DEBUG]  		found 2 row clusters (in 0.27359 secs)
2025-04-22 15:21:30,615 [DEBUG]  OP: Operation.SPLIT_ROWS on slice (49601, 2) (remaining tasks 11)
2025-04-22 15:21:30,840 [DEBUG]  		found 2 row clusters (in 0.22516 secs)
2025-04-22 15:21:30,841 [DEBUG]  OP: Operation.SPLIT_ROWS on slice (5867, 2) (remaining tasks 12)
2025-04-22 15:21:30,878 [DEBUG]  		found 2 row clusters (in 0.03697 secs)
2025-04-22 15:21:30,878 [DEBUG]  OP: Operation.SPLIT_ROWS on slice (5428, 2) (remaining tasks 13)
2025-04-22 15:21:30,914 [DEBUG]  		found 2 row clusters (in 0.03503 secs)
2025-04-22 15:21:30,915 [DEBUG]  OP: Operation.SPLIT_ROWS on slice (28227, 2) (remaining tasks 14)
2025-04-22 15:21:31,020 [DEBUG]  		found 2 row clusters (in 0.10405 secs)
2025-04-22 15:21:31,020 [DEBUG]  OP: Operation.SPLIT_ROWS on slice (6159, 2) (remaining tasks 15)
2025-04-22 15:21:31,098 [DEBUG]  		found 2 row clusters (in 0.07814 secs)
2025-04-22 15:21:31,099 [DEBUG]  OP: Operation.SPLIT_ROWS on slice (8713, 2) (remaining tasks 16)
2025-04-22 15:21:31,146 [DEBUG]  		found 2 row clusters (in 0.04654 secs)
2025-04-22 15:21:31,146 [DEBUG]  OP: Operation.SPLIT_ROWS on slice (6755, 2) (remaining tasks 17)
2025-04-22 15:21:31,195 [DEBUG]  		found 2 row clusters (in 0.04867 secs)
2025-04-22 15:21:31,196 [DEBUG]  OP: Operation.SPLIT_ROWS on slice (7515, 2) (remaining tasks 18)
2025-04-22 15:21:31,228 [DEBUG]  		found 2 row clusters (in 0.03247 secs)
2025-04-22 15:21:31,229 [DEBUG]  OP: Operation.SPLIT_ROWS on slice (6148, 2) (remaining tasks 19)
2025-04-22 15:21:31,258 [DEBUG]  		found 2 row clusters (in 0.02898 secs)
2025-04-22 15:21:31,259 [DEBUG]  OP: Operation.SPLIT_ROWS on slice (16704, 2) (remaining tasks 20)
2025-04-22 15:21:31,325 [DEBUG]  		found 2 row clusters (in 0.06552 secs)
2025-04-22 15:21:31,326 [DEBUG]  OP: Operation.SPLIT_COLUMNS on slice (15704, 2) (remaining tasks 21)
2025-04-22 15:21:31,435 [DEBUG]  		found 1 col clusters (in 0.10929 secs)
2025-04-22 15:21:31,437 [DEBUG]  OP: Operation.SPLIT_COLUMNS on slice (22704, 2) (remaining tasks 21)
2025-04-22 15:21:31,548 [DEBUG]  		found 2 col clusters (in 0.11132 secs)
2025-04-22 15:21:31,553 [DEBUG]  OP: Operation.SPLIT_COLUMNS on slice (29560, 2) (remaining tasks 22)
2025-04-22 15:21:31,671 [DEBUG]  		found 1 col clusters (in 0.11744 secs)
2025-04-22 15:21:31,672 [DEBUG]  OP: Operation.SPLIT_COLUMNS on slice (20041, 2) (remaining tasks 22)
2025-04-22 15:21:31,782 [DEBUG]  		found 1 col clusters (in 0.10967 secs)
2025-04-22 15:21:31,783 [DEBUG]  OP: Operation.NAIVE_FACTORIZATION on slice (2881, 2) (remaining tasks 22)
2025-04-22 15:21:31,878 [DEBUG]  		naive factorization 2 columns (in 0.09442 secs)
2025-04-22 15:21:31,879 [DEBUG]  OP: Operation.NAIVE_FACTORIZATION on slice (2986, 2) (remaining tasks 21)
2025-04-22 15:21:31,950 [DEBUG]  		naive factorization 2 columns (in 0.07108 secs)
2025-04-22 15:21:31,951 [DEBUG]  OP: Operation.NAIVE_FACTORIZATION on slice (3548, 2) (remaining tasks 20)
2025-04-22 15:21:32,030 [DEBUG]  		naive factorization 2 columns (in 0.07890 secs)
2025-04-22 15:21:32,030 [DEBUG]  OP: Operation.NAIVE_FACTORIZATION on slice (1880, 2) (remaining tasks 19)
2025-04-22 15:21:32,119 [DEBUG]  		naive factorization 2 columns (in 0.08846 secs)
2025-04-22 15:21:32,120 [DEBUG]  OP: Operation.SPLIT_COLUMNS on slice (4640, 2) (remaining tasks 18)
2025-04-22 15:21:32,235 [DEBUG]  		found 1 col clusters (in 0.11462 secs)
2025-04-22 15:21:32,238 [DEBUG]  OP: Operation.SPLIT_COLUMNS on slice (23587, 2) (remaining tasks 18)
2025-04-22 15:21:32,350 [DEBUG]  		found 1 col clusters (in 0.11187 secs)
2025-04-22 15:21:32,351 [DEBUG]  OP: Operation.NAIVE_FACTORIZATION on slice (3701, 2) (remaining tasks 18)
2025-04-22 15:21:32,450 [DEBUG]  		naive factorization 2 columns (in 0.09958 secs)
2025-04-22 15:21:32,451 [DEBUG]  OP: Operation.NAIVE_FACTORIZATION on slice (2458, 2) (remaining tasks 17)
2025-04-22 15:21:32,521 [DEBUG]  		naive factorization 2 columns (in 0.07021 secs)
2025-04-22 15:21:32,522 [DEBUG]  OP: Operation.SPLIT_COLUMNS on slice (5359, 2) (remaining tasks 16)
2025-04-22 15:21:32,630 [DEBUG]  		found 1 col clusters (in 0.10752 secs)
2025-04-22 15:21:32,631 [DEBUG]  OP: Operation.NAIVE_FACTORIZATION on slice (3354, 2) (remaining tasks 16)
2025-04-22 15:21:32,724 [DEBUG]  		naive factorization 2 columns (in 0.09350 secs)
2025-04-22 15:21:32,725 [DEBUG]  OP: Operation.NAIVE_FACTORIZATION on slice (2402, 2) (remaining tasks 15)
2025-04-22 15:21:32,803 [DEBUG]  		naive factorization 2 columns (in 0.07810 secs)
2025-04-22 15:21:32,804 [DEBUG]  OP: Operation.SPLIT_COLUMNS on slice (4353, 2) (remaining tasks 14)
2025-04-22 15:21:32,918 [DEBUG]  		found 1 col clusters (in 0.11400 secs)
2025-04-22 15:21:32,919 [DEBUG]  OP: Operation.SPLIT_COLUMNS on slice (5010, 2) (remaining tasks 14)
2025-04-22 15:21:33,026 [DEBUG]  		found 1 col clusters (in 0.10736 secs)
2025-04-22 15:21:33,027 [DEBUG]  OP: Operation.NAIVE_FACTORIZATION on slice (2505, 2) (remaining tasks 14)
2025-04-22 15:21:33,117 [DEBUG]  		naive factorization 2 columns (in 0.09010 secs)
2025-04-22 15:21:33,118 [DEBUG]  OP: Operation.NAIVE_FACTORIZATION on slice (2516, 2) (remaining tasks 13)
2025-04-22 15:21:33,130 [DEBUG]  		naive factorization 2 columns (in 0.01178 secs)
2025-04-22 15:21:33,130 [DEBUG]  OP: Operation.NAIVE_FACTORIZATION on slice (3632, 2) (remaining tasks 12)
2025-04-22 15:21:33,148 [DEBUG]  		naive factorization 2 columns (in 0.01757 secs)
2025-04-22 15:21:33,150 [DEBUG]  OP: Operation.SPLIT_COLUMNS on slice (12350, 2) (remaining tasks 11)
2025-04-22 15:21:33,264 [DEBUG]  		found 1 col clusters (in 0.11457 secs)
2025-04-22 15:21:33,265 [DEBUG]  OP: Operation.SPLIT_COLUMNS on slice (4354, 2) (remaining tasks 11)
2025-04-22 15:21:33,372 [DEBUG]  		found 1 col clusters (in 0.10703 secs)
2025-04-22 15:21:33,375 [DEBUG]  OP: Operation.SPLIT_ROWS on slice (15704, 2) (remaining tasks 11)
2025-04-22 15:21:33,464 [DEBUG]  		found 2 row clusters (in 0.08962 secs)
2025-04-22 15:21:33,465 [DEBUG]  OP: Operation.CREATE_LEAF on slice (22704, 1) (remaining tasks 12)
2025-04-22 15:21:33,476 [DEBUG]  		 created leaf IdentityNumericLeaf for scope=[1] (in 0.01126 secs)
2025-04-22 15:21:33,476 [DEBUG]  OP: Operation.CREATE_LEAF on slice (22704, 1) (remaining tasks 11)
2025-04-22 15:21:33,485 [DEBUG]  		 created leaf IdentityNumericLeaf for scope=[2] (in 0.00871 secs)
2025-04-22 15:21:33,487 [DEBUG]  OP: Operation.SPLIT_ROWS on slice (29560, 2) (remaining tasks 10)
2025-04-22 15:21:33,594 [DEBUG]  		found 2 row clusters (in 0.10678 secs)
2025-04-22 15:21:33,595 [DEBUG]  OP: Operation.SPLIT_ROWS on slice (20041, 2) (remaining tasks 11)
2025-04-22 15:21:33,707 [DEBUG]  		found 2 row clusters (in 0.11163 secs)
2025-04-22 15:21:33,707 [DEBUG]  OP: Operation.SPLIT_ROWS on slice (4640, 2) (remaining tasks 12)
2025-04-22 15:21:33,756 [DEBUG]  		found 2 row clusters (in 0.04895 secs)
2025-04-22 15:21:33,758 [DEBUG]  OP: Operation.SPLIT_ROWS on slice (23587, 2) (remaining tasks 13)
2025-04-22 15:21:33,889 [DEBUG]  		found 2 row clusters (in 0.13068 secs)
2025-04-22 15:21:33,889 [DEBUG]  OP: Operation.SPLIT_ROWS on slice (5359, 2) (remaining tasks 14)
2025-04-22 15:21:33,953 [DEBUG]  		found 2 row clusters (in 0.06348 secs)
2025-04-22 15:21:33,953 [DEBUG]  OP: Operation.SPLIT_ROWS on slice (4353, 2) (remaining tasks 15)
2025-04-22 15:21:33,986 [DEBUG]  		found 2 row clusters (in 0.03252 secs)
2025-04-22 15:21:33,987 [DEBUG]  OP: Operation.SPLIT_ROWS on slice (5010, 2) (remaining tasks 16)
2025-04-22 15:21:34,022 [DEBUG]  		found 2 row clusters (in 0.03505 secs)
2025-04-22 15:21:34,023 [DEBUG]  OP: Operation.SPLIT_ROWS on slice (12350, 2) (remaining tasks 17)
2025-04-22 15:21:34,086 [DEBUG]  		found 2 row clusters (in 0.06293 secs)
2025-04-22 15:21:34,086 [DEBUG]  OP: Operation.SPLIT_ROWS on slice (4354, 2) (remaining tasks 18)
2025-04-22 15:21:34,109 [DEBUG]  		found 2 row clusters (in 0.02316 secs)
2025-04-22 15:21:34,110 [DEBUG]  OP: Operation.SPLIT_COLUMNS on slice (9928, 2) (remaining tasks 19)
2025-04-22 15:21:34,218 [DEBUG]  		found 2 col clusters (in 0.10784 secs)
2025-04-22 15:21:34,219 [DEBUG]  OP: Operation.SPLIT_COLUMNS on slice (5776, 2) (remaining tasks 20)
2025-04-22 15:21:34,327 [DEBUG]  		found 1 col clusters (in 0.10792 secs)
2025-04-22 15:21:34,329 [DEBUG]  OP: Operation.SPLIT_COLUMNS on slice (14497, 2) (remaining tasks 20)
2025-04-22 15:21:34,440 [DEBUG]  		found 1 col clusters (in 0.11138 secs)
2025-04-22 15:21:34,442 [DEBUG]  OP: Operation.SPLIT_COLUMNS on slice (15063, 2) (remaining tasks 20)
2025-04-22 15:21:34,554 [DEBUG]  		found 2 col clusters (in 0.11144 secs)
2025-04-22 15:21:34,555 [DEBUG]  OP: Operation.SPLIT_COLUMNS on slice (9655, 2) (remaining tasks 21)
2025-04-22 15:21:34,665 [DEBUG]  		found 1 col clusters (in 0.11002 secs)
2025-04-22 15:21:34,667 [DEBUG]  OP: Operation.SPLIT_COLUMNS on slice (10386, 2) (remaining tasks 21)
2025-04-22 15:21:34,778 [DEBUG]  		found 1 col clusters (in 0.11144 secs)
2025-04-22 15:21:34,779 [DEBUG]  OP: Operation.NAIVE_FACTORIZATION on slice (2325, 2) (remaining tasks 21)
2025-04-22 15:21:34,791 [DEBUG]  		naive factorization 2 columns (in 0.01210 secs)
2025-04-22 15:21:34,792 [DEBUG]  OP: Operation.NAIVE_FACTORIZATION on slice (2315, 2) (remaining tasks 20)
2025-04-22 15:21:34,804 [DEBUG]  		naive factorization 2 columns (in 0.01150 secs)
2025-04-22 15:21:34,806 [DEBUG]  OP: Operation.SPLIT_COLUMNS on slice (20626, 2) (remaining tasks 19)
2025-04-22 15:21:34,918 [DEBUG]  		found 1 col clusters (in 0.11185 secs)
2025-04-22 15:21:34,919 [DEBUG]  OP: Operation.NAIVE_FACTORIZATION on slice (2961, 2) (remaining tasks 19)
2025-04-22 15:21:35,022 [DEBUG]  		naive factorization 2 columns (in 0.10300 secs)
2025-04-22 15:21:35,022 [DEBUG]  OP: Operation.NAIVE_FACTORIZATION on slice (890, 2) (remaining tasks 18)
2025-04-22 15:21:35,031 [DEBUG]  		naive factorization 2 columns (in 0.00805 secs)
2025-04-22 15:21:35,032 [DEBUG]  OP: Operation.SPLIT_COLUMNS on slice (4469, 2) (remaining tasks 17)
2025-04-22 15:21:35,138 [DEBUG]  		found 1 col clusters (in 0.10597 secs)
2025-04-22 15:21:35,139 [DEBUG]  OP: Operation.NAIVE_FACTORIZATION on slice (2019, 2) (remaining tasks 17)
2025-04-22 15:21:35,234 [DEBUG]  		naive factorization 2 columns (in 0.09473 secs)
2025-04-22 15:21:35,234 [DEBUG]  OP: Operation.NAIVE_FACTORIZATION on slice (2334, 2) (remaining tasks 16)
2025-04-22 15:21:35,248 [DEBUG]  		naive factorization 2 columns (in 0.01314 secs)
2025-04-22 15:21:35,248 [DEBUG]  OP: Operation.NAIVE_FACTORIZATION on slice (2248, 2) (remaining tasks 15)
2025-04-22 15:21:35,256 [DEBUG]  		naive factorization 2 columns (in 0.00711 secs)
2025-04-22 15:21:35,257 [DEBUG]  OP: Operation.NAIVE_FACTORIZATION on slice (2762, 2) (remaining tasks 14)
2025-04-22 15:21:35,269 [DEBUG]  		naive factorization 2 columns (in 0.01231 secs)
2025-04-22 15:21:35,270 [DEBUG]  OP: Operation.SPLIT_COLUMNS on slice (10022, 2) (remaining tasks 13)
2025-04-22 15:21:35,382 [DEBUG]  		found 1 col clusters (in 0.11197 secs)
2025-04-22 15:21:35,383 [DEBUG]  OP: Operation.NAIVE_FACTORIZATION on slice (2328, 2) (remaining tasks 13)
2025-04-22 15:21:35,395 [DEBUG]  		naive factorization 2 columns (in 0.01218 secs)
2025-04-22 15:21:35,396 [DEBUG]  OP: Operation.NAIVE_FACTORIZATION on slice (1786, 2) (remaining tasks 12)
2025-04-22 15:21:35,405 [DEBUG]  		naive factorization 2 columns (in 0.00907 secs)
2025-04-22 15:21:35,406 [DEBUG]  OP: Operation.NAIVE_FACTORIZATION on slice (2568, 2) (remaining tasks 11)
2025-04-22 15:21:35,419 [DEBUG]  		naive factorization 2 columns (in 0.01272 secs)
2025-04-22 15:21:35,419 [DEBUG]  OP: Operation.CREATE_LEAF on slice (9928, 1) (remaining tasks 10)
2025-04-22 15:21:35,424 [DEBUG]  		 created leaf IdentityNumericLeaf for scope=[1] (in 0.00522 secs)
2025-04-22 15:21:35,424 [DEBUG]  OP: Operation.CREATE_LEAF on slice (9928, 1) (remaining tasks 9)
2025-04-22 15:21:35,430 [DEBUG]  		 created leaf IdentityNumericLeaf for scope=[2] (in 0.00526 secs)
2025-04-22 15:21:35,431 [DEBUG]  OP: Operation.SPLIT_ROWS on slice (5776, 2) (remaining tasks 8)
2025-04-22 15:21:35,503 [DEBUG]  		found 2 row clusters (in 0.07234 secs)
2025-04-22 15:21:35,504 [DEBUG]  OP: Operation.SPLIT_ROWS on slice (14497, 2) (remaining tasks 9)
2025-04-22 15:21:35,585 [DEBUG]  		found 2 row clusters (in 0.08026 secs)
2025-04-22 15:21:35,585 [DEBUG]  OP: Operation.CREATE_LEAF on slice (15063, 1) (remaining tasks 10)
2025-04-22 15:21:35,589 [DEBUG]  		 created leaf IdentityNumericLeaf for scope=[1] (in 0.00434 secs)
2025-04-22 15:21:35,589 [DEBUG]  OP: Operation.CREATE_LEAF on slice (15063, 1) (remaining tasks 9)
2025-04-22 15:21:35,594 [DEBUG]  		 created leaf IdentityNumericLeaf for scope=[2] (in 0.00466 secs)
2025-04-22 15:21:35,595 [DEBUG]  OP: Operation.SPLIT_ROWS on slice (9655, 2) (remaining tasks 8)
2025-04-22 15:21:35,659 [DEBUG]  		found 2 row clusters (in 0.06419 secs)
2025-04-22 15:21:35,660 [DEBUG]  OP: Operation.SPLIT_ROWS on slice (10386, 2) (remaining tasks 9)
2025-04-22 15:21:35,721 [DEBUG]  		found 2 row clusters (in 0.06115 secs)
2025-04-22 15:21:35,722 [DEBUG]  OP: Operation.SPLIT_ROWS on slice (20626, 2) (remaining tasks 10)
2025-04-22 15:21:35,885 [DEBUG]  		found 2 row clusters (in 0.16210 secs)
2025-04-22 15:21:35,885 [DEBUG]  OP: Operation.SPLIT_ROWS on slice (4469, 2) (remaining tasks 11)
2025-04-22 15:21:35,923 [DEBUG]  		found 2 row clusters (in 0.03753 secs)
2025-04-22 15:21:35,924 [DEBUG]  OP: Operation.SPLIT_ROWS on slice (10022, 2) (remaining tasks 12)
2025-04-22 15:21:36,007 [DEBUG]  		found 2 row clusters (in 0.08335 secs)
2025-04-22 15:21:36,007 [DEBUG]  OP: Operation.NAIVE_FACTORIZATION on slice (3794, 2) (remaining tasks 13)
2025-04-22 15:21:36,023 [DEBUG]  		naive factorization 2 columns (in 0.01517 secs)
2025-04-22 15:21:36,023 [DEBUG]  OP: Operation.NAIVE_FACTORIZATION on slice (1982, 2) (remaining tasks 12)
2025-04-22 15:21:36,032 [DEBUG]  		naive factorization 2 columns (in 0.00881 secs)
2025-04-22 15:21:36,033 [DEBUG]  OP: Operation.SPLIT_COLUMNS on slice (8901, 2) (remaining tasks 11)
2025-04-22 15:21:36,144 [DEBUG]  		found 2 col clusters (in 0.11070 secs)
2025-04-22 15:21:36,145 [DEBUG]  OP: Operation.SPLIT_COLUMNS on slice (5596, 2) (remaining tasks 12)
2025-04-22 15:21:36,253 [DEBUG]  		found 2 col clusters (in 0.10792 secs)
2025-04-22 15:21:36,254 [DEBUG]  OP: Operation.NAIVE_FACTORIZATION on slice (3435, 2) (remaining tasks 13)
2025-04-22 15:21:36,270 [DEBUG]  		naive factorization 2 columns (in 0.01564 secs)
2025-04-22 15:21:36,271 [DEBUG]  OP: Operation.SPLIT_COLUMNS on slice (6220, 2) (remaining tasks 12)
2025-04-22 15:21:36,379 [DEBUG]  		found 1 col clusters (in 0.10785 secs)
2025-04-22 15:21:36,380 [DEBUG]  OP: Operation.SPLIT_COLUMNS on slice (5870, 2) (remaining tasks 12)
2025-04-22 15:21:36,492 [DEBUG]  		found 1 col clusters (in 0.11244 secs)
2025-04-22 15:21:36,493 [DEBUG]  OP: Operation.SPLIT_COLUMNS on slice (4516, 2) (remaining tasks 12)
2025-04-22 15:21:36,601 [DEBUG]  		found 1 col clusters (in 0.10735 secs)
2025-04-22 15:21:36,602 [DEBUG]  OP: Operation.SPLIT_COLUMNS on slice (8031, 2) (remaining tasks 12)
2025-04-22 15:21:36,711 [DEBUG]  		found 1 col clusters (in 0.10930 secs)
2025-04-22 15:21:36,713 [DEBUG]  OP: Operation.SPLIT_COLUMNS on slice (12595, 2) (remaining tasks 12)
2025-04-22 15:21:36,825 [DEBUG]  		found 1 col clusters (in 0.11157 secs)
2025-04-22 15:21:36,825 [DEBUG]  OP: Operation.NAIVE_FACTORIZATION on slice (2051, 2) (remaining tasks 12)
2025-04-22 15:21:36,842 [DEBUG]  		naive factorization 2 columns (in 0.01687 secs)
2025-04-22 15:21:36,843 [DEBUG]  OP: Operation.NAIVE_FACTORIZATION on slice (2418, 2) (remaining tasks 11)
2025-04-22 15:21:36,855 [DEBUG]  		naive factorization 2 columns (in 0.01200 secs)
2025-04-22 15:21:36,856 [DEBUG]  OP: Operation.SPLIT_COLUMNS on slice (7887, 2) (remaining tasks 10)
2025-04-22 15:21:36,965 [DEBUG]  		found 1 col clusters (in 0.10915 secs)
2025-04-22 15:21:36,966 [DEBUG]  OP: Operation.NAIVE_FACTORIZATION on slice (2135, 2) (remaining tasks 10)
2025-04-22 15:21:36,985 [DEBUG]  		naive factorization 2 columns (in 0.01899 secs)
2025-04-22 15:21:36,985 [DEBUG]  OP: Operation.CREATE_LEAF on slice (8901, 1) (remaining tasks 9)
2025-04-22 15:21:36,990 [DEBUG]  		 created leaf IdentityNumericLeaf for scope=[1] (in 0.00468 secs)
2025-04-22 15:21:36,990 [DEBUG]  OP: Operation.CREATE_LEAF on slice (8901, 1) (remaining tasks 8)
2025-04-22 15:21:36,995 [DEBUG]  		 created leaf IdentityNumericLeaf for scope=[2] (in 0.00479 secs)
2025-04-22 15:21:36,995 [DEBUG]  OP: Operation.CREATE_LEAF on slice (5596, 1) (remaining tasks 7)
2025-04-22 15:21:36,999 [DEBUG]  		 created leaf IdentityNumericLeaf for scope=[1] (in 0.00332 secs)
2025-04-22 15:21:36,999 [DEBUG]  OP: Operation.CREATE_LEAF on slice (5596, 1) (remaining tasks 6)
2025-04-22 15:21:37,002 [DEBUG]  		 created leaf IdentityNumericLeaf for scope=[2] (in 0.00316 secs)
2025-04-22 15:21:37,003 [DEBUG]  OP: Operation.SPLIT_ROWS on slice (6220, 2) (remaining tasks 5)
2025-04-22 15:21:37,070 [DEBUG]  		found 2 row clusters (in 0.06753 secs)
2025-04-22 15:21:37,071 [DEBUG]  OP: Operation.SPLIT_ROWS on slice (5870, 2) (remaining tasks 6)
2025-04-22 15:21:37,112 [DEBUG]  		found 2 row clusters (in 0.04084 secs)
2025-04-22 15:21:37,113 [DEBUG]  OP: Operation.SPLIT_ROWS on slice (4516, 2) (remaining tasks 7)
2025-04-22 15:21:37,144 [DEBUG]  		found 2 row clusters (in 0.03096 secs)
2025-04-22 15:21:37,144 [DEBUG]  OP: Operation.SPLIT_ROWS on slice (8031, 2) (remaining tasks 8)
2025-04-22 15:21:37,186 [DEBUG]  		found 2 row clusters (in 0.04131 secs)
2025-04-22 15:21:37,187 [DEBUG]  OP: Operation.SPLIT_ROWS on slice (12595, 2) (remaining tasks 9)
2025-04-22 15:21:37,266 [DEBUG]  		found 2 row clusters (in 0.07926 secs)
2025-04-22 15:21:37,267 [DEBUG]  OP: Operation.SPLIT_ROWS on slice (7887, 2) (remaining tasks 10)
2025-04-22 15:21:37,342 [DEBUG]  		found 2 row clusters (in 0.07488 secs)
2025-04-22 15:21:37,342 [DEBUG]  OP: Operation.SPLIT_COLUMNS on slice (4382, 2) (remaining tasks 11)
2025-04-22 15:21:37,449 [DEBUG]  		found 2 col clusters (in 0.10684 secs)
2025-04-22 15:21:37,449 [DEBUG]  OP: Operation.NAIVE_FACTORIZATION on slice (1838, 2) (remaining tasks 12)
2025-04-22 15:21:37,459 [DEBUG]  		naive factorization 2 columns (in 0.00939 secs)
2025-04-22 15:21:37,459 [DEBUG]  OP: Operation.NAIVE_FACTORIZATION on slice (2525, 2) (remaining tasks 11)
2025-04-22 15:21:37,540 [DEBUG]  		naive factorization 2 columns (in 0.08029 secs)
2025-04-22 15:21:37,540 [DEBUG]  OP: Operation.NAIVE_FACTORIZATION on slice (3345, 2) (remaining tasks 10)
2025-04-22 15:21:37,555 [DEBUG]  		naive factorization 2 columns (in 0.01497 secs)
2025-04-22 15:21:37,556 [DEBUG]  OP: Operation.NAIVE_FACTORIZATION on slice (2622, 2) (remaining tasks 9)
2025-04-22 15:21:37,567 [DEBUG]  		naive factorization 2 columns (in 0.01083 secs)
2025-04-22 15:21:37,567 [DEBUG]  OP: Operation.NAIVE_FACTORIZATION on slice (1894, 2) (remaining tasks 8)
2025-04-22 15:21:37,580 [DEBUG]  		naive factorization 2 columns (in 0.01210 secs)
2025-04-22 15:21:37,581 [DEBUG]  OP: Operation.SPLIT_COLUMNS on slice (6327, 2) (remaining tasks 7)
2025-04-22 15:21:37,698 [DEBUG]  		found 1 col clusters (in 0.11646 secs)
2025-04-22 15:21:37,698 [DEBUG]  OP: Operation.NAIVE_FACTORIZATION on slice (1704, 2) (remaining tasks 7)
2025-04-22 15:21:37,713 [DEBUG]  		naive factorization 2 columns (in 0.01515 secs)
2025-04-22 15:21:37,714 [DEBUG]  OP: Operation.SPLIT_COLUMNS on slice (8185, 2) (remaining tasks 6)
2025-04-22 15:21:37,824 [DEBUG]  		found 2 col clusters (in 0.10945 secs)
2025-04-22 15:21:37,825 [DEBUG]  OP: Operation.SPLIT_COLUMNS on slice (4410, 2) (remaining tasks 7)
2025-04-22 15:21:37,932 [DEBUG]  		found 1 col clusters (in 0.10712 secs)
2025-04-22 15:21:37,933 [DEBUG]  OP: Operation.SPLIT_COLUMNS on slice (5843, 2) (remaining tasks 7)
2025-04-22 15:21:38,041 [DEBUG]  		found 2 col clusters (in 0.10837 secs)
2025-04-22 15:21:38,042 [DEBUG]  OP: Operation.NAIVE_FACTORIZATION on slice (2044, 2) (remaining tasks 8)
2025-04-22 15:21:38,052 [DEBUG]  		naive factorization 2 columns (in 0.00973 secs)
2025-04-22 15:21:38,052 [DEBUG]  OP: Operation.CREATE_LEAF on slice (4382, 1) (remaining tasks 7)
2025-04-22 15:21:38,057 [DEBUG]  		 created leaf IdentityNumericLeaf for scope=[1] (in 0.00402 secs)
2025-04-22 15:21:38,057 [DEBUG]  OP: Operation.CREATE_LEAF on slice (4382, 1) (remaining tasks 6)
2025-04-22 15:21:38,061 [DEBUG]  		 created leaf IdentityNumericLeaf for scope=[2] (in 0.00395 secs)
2025-04-22 15:21:38,062 [DEBUG]  OP: Operation.SPLIT_ROWS on slice (6327, 2) (remaining tasks 5)
2025-04-22 15:21:38,122 [DEBUG]  		found 2 row clusters (in 0.05925 secs)
2025-04-22 15:21:38,122 [DEBUG]  OP: Operation.CREATE_LEAF on slice (8185, 1) (remaining tasks 6)
2025-04-22 15:21:38,126 [DEBUG]  		 created leaf IdentityNumericLeaf for scope=[1] (in 0.00364 secs)
2025-04-22 15:21:38,126 [DEBUG]  OP: Operation.CREATE_LEAF on slice (8185, 1) (remaining tasks 5)
2025-04-22 15:21:38,129 [DEBUG]  		 created leaf IdentityNumericLeaf for scope=[2] (in 0.00361 secs)
2025-04-22 15:21:38,130 [DEBUG]  OP: Operation.SPLIT_ROWS on slice (4410, 2) (remaining tasks 4)
2025-04-22 15:21:38,180 [DEBUG]  		found 2 row clusters (in 0.05034 secs)
2025-04-22 15:21:38,180 [DEBUG]  OP: Operation.CREATE_LEAF on slice (5843, 1) (remaining tasks 5)
2025-04-22 15:21:38,182 [DEBUG]  		 created leaf IdentityNumericLeaf for scope=[1] (in 0.00180 secs)
2025-04-22 15:21:38,182 [DEBUG]  OP: Operation.CREATE_LEAF on slice (5843, 1) (remaining tasks 4)
2025-04-22 15:21:38,184 [DEBUG]  		 created leaf IdentityNumericLeaf for scope=[2] (in 0.00184 secs)
2025-04-22 15:21:38,185 [DEBUG]  OP: Operation.NAIVE_FACTORIZATION on slice (3999, 2) (remaining tasks 3)
2025-04-22 15:21:38,198 [DEBUG]  		naive factorization 2 columns (in 0.01351 secs)
2025-04-22 15:21:38,199 [DEBUG]  OP: Operation.NAIVE_FACTORIZATION on slice (2328, 2) (remaining tasks 2)
2025-04-22 15:21:38,206 [DEBUG]  		naive factorization 2 columns (in 0.00690 secs)
2025-04-22 15:21:38,206 [DEBUG]  OP: Operation.NAIVE_FACTORIZATION on slice (3419, 2) (remaining tasks 1)
2025-04-22 15:21:38,221 [DEBUG]  		naive factorization 2 columns (in 0.01455 secs)
2025-04-22 15:21:38,221 [DEBUG]  OP: Operation.NAIVE_FACTORIZATION on slice (991, 2) (remaining tasks 0)
2025-04-22 15:21:38,227 [DEBUG]  		naive factorization 2 columns (in 0.00625 secs)
2025-04-22 15:21:51,696 [DEBUG]  Built SPN in 31.068439490991295 sec
2025-04-22 15:21:51,697 [INFO ]  Saving ensemble to /home/dafn/card/deepcard/collected_temp_benchmarks/spn_ensembles/3D Road Network (North Jutland, Denmark)/ensemble_single_d_spatial_network_10000000.pkl
