2025-04-22 15:16:25,185 [INFO ]  Creating naive ensemble.
2025-04-22 15:16:25,185 [INFO ]  Learning SPN for d_spatial_network.
2025-04-22 15:16:25,185 [DEBUG]  generate_join_sample(single_table=d_spatial_network, relationship_list=None, split_condition=None)
2025-04-22 15:16:25,242 [DEBUG]  Using min_instance_slice parameter 4348.74.
2025-04-22 15:16:25,242 [INFO ]  SPN training phase with 434874 samples
2025-04-22 15:16:25,340 [DEBUG]  Built domains in 0.095973323986982 sec
2025-04-22 15:16:25,703 [DEBUG]  CACHEDIR=/home/dafn/.cache/matplotlib
2025-04-22 15:16:25,704 [DEBUG]  Using fontManager instance from /home/dafn/.cache/matplotlib/fontlist-v300.json
2025-04-22 15:16:25,798 [DEBUG]  Loaded backend qt5agg version unknown.
2025-04-22 15:16:25,828 [DEBUG]  Loaded backend qt5agg version unknown.
2025-04-22 15:16:25,828 [DEBUG]  Loaded backend qt4agg version unknown.
2025-04-22 15:16:25,835 [DEBUG]  Loaded backend tkagg version unknown.
2025-04-22 15:16:25,836 [DEBUG]  Loaded backend agg version unknown.
2025-04-22 15:16:25,836 [DEBUG]  Loaded backend agg version unknown.
2025-04-22 15:16:25,845 [DEBUG]  OP: Operation.SPLIT_ROWS on slice (434874, 4) (remaining tasks 0)
2025-04-22 15:16:26,261 [DEBUG]  		found 2 row clusters (in 0.41647 secs)
2025-04-22 15:16:26,279 [DEBUG]  OP: Operation.SPLIT_COLUMNS on slice (331380, 4) (remaining tasks 1)
2025-04-22 15:16:26,501 [DEBUG]  		found 1 col clusters (in 0.22151 secs)
2025-04-22 15:16:26,511 [DEBUG]  OP: Operation.SPLIT_COLUMNS on slice (103494, 4) (remaining tasks 1)
2025-04-22 15:16:26,849 [DEBUG]  		found 1 col clusters (in 0.33742 secs)
2025-04-22 15:16:26,890 [DEBUG]  OP: Operation.SPLIT_ROWS on slice (331380, 4) (remaining tasks 1)
2025-04-22 15:16:27,321 [DEBUG]  		found 2 row clusters (in 0.42876 secs)
2025-04-22 15:16:27,328 [DEBUG]  OP: Operation.SPLIT_ROWS on slice (103494, 4) (remaining tasks 2)
2025-04-22 15:16:27,581 [DEBUG]  		found 2 row clusters (in 0.25233 secs)
2025-04-22 15:16:27,593 [DEBUG]  OP: Operation.SPLIT_COLUMNS on slice (202798, 4) (remaining tasks 3)
2025-04-22 15:16:27,810 [DEBUG]  		found 1 col clusters (in 0.21700 secs)
2025-04-22 15:16:27,823 [DEBUG]  OP: Operation.SPLIT_COLUMNS on slice (128582, 4) (remaining tasks 3)
2025-04-22 15:16:28,137 [DEBUG]  		found 1 col clusters (in 0.31380 secs)
2025-04-22 15:16:28,146 [DEBUG]  OP: Operation.SPLIT_COLUMNS on slice (81755, 4) (remaining tasks 3)
2025-04-22 15:16:28,467 [DEBUG]  		found 1 col clusters (in 0.32088 secs)
2025-04-22 15:16:28,470 [DEBUG]  OP: Operation.SPLIT_COLUMNS on slice (21739, 4) (remaining tasks 3)
2025-04-22 15:16:28,802 [DEBUG]  		found 1 col clusters (in 0.33180 secs)
2025-04-22 15:16:28,823 [DEBUG]  OP: Operation.SPLIT_ROWS on slice (202798, 4) (remaining tasks 3)
2025-04-22 15:16:29,529 [DEBUG]  		found 2 row clusters (in 0.70530 secs)
2025-04-22 15:16:29,536 [DEBUG]  OP: Operation.SPLIT_ROWS on slice (128582, 4) (remaining tasks 4)
2025-04-22 15:16:29,813 [DEBUG]  		found 2 row clusters (in 0.27681 secs)
2025-04-22 15:16:29,818 [DEBUG]  OP: Operation.SPLIT_ROWS on slice (81755, 4) (remaining tasks 5)
2025-04-22 15:16:30,049 [DEBUG]  		found 2 row clusters (in 0.23079 secs)
2025-04-22 15:16:30,050 [DEBUG]  OP: Operation.SPLIT_ROWS on slice (21739, 4) (remaining tasks 6)
2025-04-22 15:16:30,107 [DEBUG]  		found 2 row clusters (in 0.05653 secs)
2025-04-22 15:16:30,114 [DEBUG]  OP: Operation.SPLIT_COLUMNS on slice (123633, 4) (remaining tasks 7)
2025-04-22 15:16:30,332 [DEBUG]  		found 1 col clusters (in 0.21798 secs)
2025-04-22 15:16:30,340 [DEBUG]  OP: Operation.SPLIT_COLUMNS on slice (79165, 4) (remaining tasks 7)
2025-04-22 15:16:30,664 [DEBUG]  		found 1 col clusters (in 0.32439 secs)
2025-04-22 15:16:30,670 [DEBUG]  OP: Operation.SPLIT_COLUMNS on slice (60555, 4) (remaining tasks 7)
2025-04-22 15:16:30,997 [DEBUG]  		found 1 col clusters (in 0.32667 secs)
2025-04-22 15:16:31,004 [DEBUG]  OP: Operation.SPLIT_COLUMNS on slice (68027, 4) (remaining tasks 7)
2025-04-22 15:16:31,348 [DEBUG]  		found 1 col clusters (in 0.34376 secs)
2025-04-22 15:16:31,352 [DEBUG]  OP: Operation.SPLIT_COLUMNS on slice (40324, 4) (remaining tasks 7)
2025-04-22 15:16:31,703 [DEBUG]  		found 1 col clusters (in 0.35104 secs)
2025-04-22 15:16:31,708 [DEBUG]  OP: Operation.SPLIT_COLUMNS on slice (41431, 4) (remaining tasks 7)
2025-04-22 15:16:32,021 [DEBUG]  		found 1 col clusters (in 0.31337 secs)
2025-04-22 15:16:32,024 [DEBUG]  OP: Operation.SPLIT_COLUMNS on slice (15860, 4) (remaining tasks 7)
2025-04-22 15:16:32,369 [DEBUG]  		found 1 col clusters (in 0.34560 secs)
2025-04-22 15:16:32,371 [DEBUG]  OP: Operation.SPLIT_COLUMNS on slice (5879, 4) (remaining tasks 7)
2025-04-22 15:16:32,725 [DEBUG]  		found 1 col clusters (in 0.35410 secs)
2025-04-22 15:16:32,736 [DEBUG]  OP: Operation.SPLIT_ROWS on slice (123633, 4) (remaining tasks 7)
2025-04-22 15:16:33,213 [DEBUG]  		found 2 row clusters (in 0.47734 secs)
2025-04-22 15:16:33,219 [DEBUG]  OP: Operation.SPLIT_ROWS on slice (79165, 4) (remaining tasks 8)
2025-04-22 15:16:33,425 [DEBUG]  		found 2 row clusters (in 0.20664 secs)
2025-04-22 15:16:33,429 [DEBUG]  OP: Operation.SPLIT_ROWS on slice (60555, 4) (remaining tasks 9)
2025-04-22 15:16:33,679 [DEBUG]  		found 2 row clusters (in 0.24972 secs)
2025-04-22 15:16:33,683 [DEBUG]  OP: Operation.SPLIT_ROWS on slice (68027, 4) (remaining tasks 10)
2025-04-22 15:16:33,883 [DEBUG]  		found 2 row clusters (in 0.19932 secs)
2025-04-22 15:16:33,885 [DEBUG]  OP: Operation.SPLIT_ROWS on slice (40324, 4) (remaining tasks 11)
2025-04-22 15:16:34,008 [DEBUG]  		found 2 row clusters (in 0.12218 secs)
2025-04-22 15:16:34,010 [DEBUG]  OP: Operation.SPLIT_ROWS on slice (41431, 4) (remaining tasks 12)
2025-04-22 15:16:34,100 [DEBUG]  		found 2 row clusters (in 0.08912 secs)
2025-04-22 15:16:34,101 [DEBUG]  OP: Operation.SPLIT_ROWS on slice (15860, 4) (remaining tasks 13)
2025-04-22 15:16:34,148 [DEBUG]  		found 2 row clusters (in 0.04746 secs)
2025-04-22 15:16:34,149 [DEBUG]  OP: Operation.SPLIT_ROWS on slice (5879, 4) (remaining tasks 14)
2025-04-22 15:16:34,178 [DEBUG]  		found 2 row clusters (in 0.02900 secs)
2025-04-22 15:16:34,184 [DEBUG]  OP: Operation.SPLIT_COLUMNS on slice (107287, 4) (remaining tasks 15)
2025-04-22 15:16:34,404 [DEBUG]  		found 1 col clusters (in 0.21915 secs)
2025-04-22 15:16:34,406 [DEBUG]  OP: Operation.SPLIT_COLUMNS on slice (16346, 4) (remaining tasks 15)
2025-04-22 15:16:34,741 [DEBUG]  		found 1 col clusters (in 0.33417 secs)
2025-04-22 15:16:34,744 [DEBUG]  OP: Operation.SPLIT_COLUMNS on slice (31298, 4) (remaining tasks 15)
2025-04-22 15:16:35,058 [DEBUG]  		found 1 col clusters (in 0.31347 secs)
2025-04-22 15:16:35,063 [DEBUG]  OP: Operation.SPLIT_COLUMNS on slice (47867, 4) (remaining tasks 15)
2025-04-22 15:16:35,372 [DEBUG]  		found 1 col clusters (in 0.30823 secs)
2025-04-22 15:16:35,375 [DEBUG]  OP: Operation.SPLIT_COLUMNS on slice (24087, 4) (remaining tasks 15)
2025-04-22 15:16:35,727 [DEBUG]  		found 1 col clusters (in 0.35125 secs)
2025-04-22 15:16:35,731 [DEBUG]  OP: Operation.SPLIT_COLUMNS on slice (36468, 4) (remaining tasks 15)
2025-04-22 15:16:36,076 [DEBUG]  		found 1 col clusters (in 0.34508 secs)
2025-04-22 15:16:36,080 [DEBUG]  OP: Operation.SPLIT_COLUMNS on slice (37653, 4) (remaining tasks 15)
2025-04-22 15:16:36,381 [DEBUG]  		found 1 col clusters (in 0.30056 secs)
2025-04-22 15:16:36,385 [DEBUG]  OP: Operation.SPLIT_COLUMNS on slice (30374, 4) (remaining tasks 15)
2025-04-22 15:16:36,720 [DEBUG]  		found 1 col clusters (in 0.33458 secs)
2025-04-22 15:16:36,723 [DEBUG]  OP: Operation.SPLIT_COLUMNS on slice (24546, 4) (remaining tasks 15)
2025-04-22 15:16:37,059 [DEBUG]  		found 1 col clusters (in 0.33566 secs)
2025-04-22 15:16:37,061 [DEBUG]  OP: Operation.SPLIT_COLUMNS on slice (15778, 4) (remaining tasks 15)
2025-04-22 15:16:37,380 [DEBUG]  		found 1 col clusters (in 0.31887 secs)
2025-04-22 15:16:37,384 [DEBUG]  OP: Operation.SPLIT_COLUMNS on slice (36561, 4) (remaining tasks 15)
2025-04-22 15:16:37,674 [DEBUG]  		found 1 col clusters (in 0.28908 secs)
2025-04-22 15:16:37,675 [DEBUG]  OP: Operation.SPLIT_COLUMNS on slice (4870, 4) (remaining tasks 15)
2025-04-22 15:16:37,942 [DEBUG]  		found 1 col clusters (in 0.26744 secs)
2025-04-22 15:16:37,943 [DEBUG]  OP: Operation.SPLIT_COLUMNS on slice (7131, 4) (remaining tasks 15)
2025-04-22 15:16:38,322 [DEBUG]  		found 1 col clusters (in 0.37808 secs)
2025-04-22 15:16:38,323 [DEBUG]  OP: Operation.SPLIT_COLUMNS on slice (8729, 4) (remaining tasks 15)
2025-04-22 15:16:38,639 [DEBUG]  		found 1 col clusters (in 0.31613 secs)
2025-04-22 15:16:38,640 [DEBUG]  OP: Operation.NAIVE_FACTORIZATION on slice (1777, 4) (remaining tasks 15)
2025-04-22 15:16:38,656 [DEBUG]  		naive factorization 4 columns (in 0.01602 secs)
2025-04-22 15:16:38,657 [DEBUG]  OP: Operation.NAIVE_FACTORIZATION on slice (4102, 4) (remaining tasks 14)
2025-04-22 15:16:38,825 [DEBUG]  		naive factorization 4 columns (in 0.16786 secs)
2025-04-22 15:16:38,833 [DEBUG]  OP: Operation.SPLIT_ROWS on slice (107287, 4) (remaining tasks 13)
2025-04-22 15:16:39,253 [DEBUG]  		found 2 row clusters (in 0.41960 secs)
2025-04-22 15:16:39,254 [DEBUG]  OP: Operation.SPLIT_ROWS on slice (16346, 4) (remaining tasks 14)
2025-04-22 15:16:39,305 [DEBUG]  		found 2 row clusters (in 0.05089 secs)
2025-04-22 15:16:39,308 [DEBUG]  OP: Operation.SPLIT_ROWS on slice (31298, 4) (remaining tasks 15)
2025-04-22 15:16:39,412 [DEBUG]  		found 2 row clusters (in 0.10385 secs)
2025-04-22 15:16:39,415 [DEBUG]  OP: Operation.SPLIT_ROWS on slice (47867, 4) (remaining tasks 16)
2025-04-22 15:16:39,574 [DEBUG]  		found 2 row clusters (in 0.15823 secs)
2025-04-22 15:16:39,575 [DEBUG]  OP: Operation.SPLIT_ROWS on slice (24087, 4) (remaining tasks 17)
2025-04-22 15:16:39,655 [DEBUG]  		found 2 row clusters (in 0.07981 secs)
2025-04-22 15:16:39,658 [DEBUG]  OP: Operation.SPLIT_ROWS on slice (36468, 4) (remaining tasks 18)
2025-04-22 15:16:39,793 [DEBUG]  		found 2 row clusters (in 0.13536 secs)
2025-04-22 15:16:39,796 [DEBUG]  OP: Operation.SPLIT_ROWS on slice (37653, 4) (remaining tasks 19)
2025-04-22 15:16:39,914 [DEBUG]  		found 2 row clusters (in 0.11777 secs)
2025-04-22 15:16:39,916 [DEBUG]  OP: Operation.SPLIT_ROWS on slice (30374, 4) (remaining tasks 20)
2025-04-22 15:16:40,016 [DEBUG]  		found 2 row clusters (in 0.09920 secs)
2025-04-22 15:16:40,017 [DEBUG]  OP: Operation.SPLIT_ROWS on slice (24546, 4) (remaining tasks 21)
2025-04-22 15:16:40,088 [DEBUG]  		found 2 row clusters (in 0.07057 secs)
2025-04-22 15:16:40,089 [DEBUG]  OP: Operation.SPLIT_ROWS on slice (15778, 4) (remaining tasks 22)
2025-04-22 15:16:40,146 [DEBUG]  		found 2 row clusters (in 0.05638 secs)
2025-04-22 15:16:40,148 [DEBUG]  OP: Operation.SPLIT_ROWS on slice (36561, 4) (remaining tasks 23)
2025-04-22 15:16:40,271 [DEBUG]  		found 2 row clusters (in 0.12204 secs)
2025-04-22 15:16:40,271 [DEBUG]  OP: Operation.SPLIT_ROWS on slice (4870, 4) (remaining tasks 24)
2025-04-22 15:16:40,298 [DEBUG]  		found 2 row clusters (in 0.02653 secs)
2025-04-22 15:16:40,299 [DEBUG]  OP: Operation.SPLIT_ROWS on slice (7131, 4) (remaining tasks 25)
2025-04-22 15:16:40,338 [DEBUG]  		found 2 row clusters (in 0.03915 secs)
2025-04-22 15:16:40,339 [DEBUG]  OP: Operation.SPLIT_ROWS on slice (8729, 4) (remaining tasks 26)
2025-04-22 15:16:40,379 [DEBUG]  		found 2 row clusters (in 0.04002 secs)
2025-04-22 15:16:40,382 [DEBUG]  OP: Operation.SPLIT_COLUMNS on slice (51585, 4) (remaining tasks 27)
2025-04-22 15:16:40,598 [DEBUG]  		found 1 col clusters (in 0.21523 secs)
2025-04-22 15:16:40,604 [DEBUG]  OP: Operation.SPLIT_COLUMNS on slice (55702, 4) (remaining tasks 27)
2025-04-22 15:16:40,914 [DEBUG]  		found 1 col clusters (in 0.30922 secs)
2025-04-22 15:16:40,915 [DEBUG]  OP: Operation.SPLIT_COLUMNS on slice (7523, 4) (remaining tasks 27)
2025-04-22 15:16:41,227 [DEBUG]  		found 1 col clusters (in 0.31168 secs)
2025-04-22 15:16:41,229 [DEBUG]  OP: Operation.SPLIT_COLUMNS on slice (8823, 4) (remaining tasks 27)
2025-04-22 15:16:41,527 [DEBUG]  		found 1 col clusters (in 0.29796 secs)
2025-04-22 15:16:41,530 [DEBUG]  OP: Operation.SPLIT_COLUMNS on slice (24000, 4) (remaining tasks 27)
2025-04-22 15:16:41,860 [DEBUG]  		found 1 col clusters (in 0.32947 secs)
2025-04-22 15:16:41,862 [DEBUG]  OP: Operation.SPLIT_COLUMNS on slice (7298, 4) (remaining tasks 27)
2025-04-22 15:16:42,211 [DEBUG]  		found 1 col clusters (in 0.34908 secs)
2025-04-22 15:16:42,215 [DEBUG]  OP: Operation.SPLIT_COLUMNS on slice (25569, 4) (remaining tasks 27)
2025-04-22 15:16:42,578 [DEBUG]  		found 1 col clusters (in 0.36320 secs)
2025-04-22 15:16:42,582 [DEBUG]  OP: Operation.SPLIT_COLUMNS on slice (22298, 4) (remaining tasks 27)
2025-04-22 15:16:42,921 [DEBUG]  		found 1 col clusters (in 0.33909 secs)
2025-04-22 15:16:42,922 [DEBUG]  OP: Operation.SPLIT_COLUMNS on slice (7363, 4) (remaining tasks 27)
2025-04-22 15:16:43,295 [DEBUG]  		found 1 col clusters (in 0.37262 secs)
2025-04-22 15:16:43,298 [DEBUG]  OP: Operation.SPLIT_COLUMNS on slice (16724, 4) (remaining tasks 27)
2025-04-22 15:16:43,632 [DEBUG]  		found 1 col clusters (in 0.33385 secs)
2025-04-22 15:16:43,635 [DEBUG]  OP: Operation.SPLIT_COLUMNS on slice (21569, 4) (remaining tasks 27)
2025-04-22 15:16:43,945 [DEBUG]  		found 1 col clusters (in 0.30968 secs)
2025-04-22 15:16:43,948 [DEBUG]  OP: Operation.SPLIT_COLUMNS on slice (14899, 4) (remaining tasks 27)
2025-04-22 15:16:44,258 [DEBUG]  		found 1 col clusters (in 0.31024 secs)
2025-04-22 15:16:44,261 [DEBUG]  OP: Operation.SPLIT_COLUMNS on slice (24079, 4) (remaining tasks 27)
2025-04-22 15:16:44,595 [DEBUG]  		found 1 col clusters (in 0.33339 secs)
2025-04-22 15:16:44,597 [DEBUG]  OP: Operation.SPLIT_COLUMNS on slice (13574, 4) (remaining tasks 27)
2025-04-22 15:16:44,916 [DEBUG]  		found 1 col clusters (in 0.31904 secs)
2025-04-22 15:16:44,919 [DEBUG]  OP: Operation.SPLIT_COLUMNS on slice (20219, 4) (remaining tasks 27)
2025-04-22 15:16:45,214 [DEBUG]  		found 1 col clusters (in 0.29409 secs)
2025-04-22 15:16:45,215 [DEBUG]  OP: Operation.SPLIT_COLUMNS on slice (10155, 4) (remaining tasks 27)
2025-04-22 15:16:45,539 [DEBUG]  		found 1 col clusters (in 0.32341 secs)
2025-04-22 15:16:45,541 [DEBUG]  OP: Operation.SPLIT_COLUMNS on slice (9961, 4) (remaining tasks 27)
2025-04-22 15:16:45,886 [DEBUG]  		found 1 col clusters (in 0.34554 secs)
2025-04-22 15:16:45,889 [DEBUG]  OP: Operation.SPLIT_COLUMNS on slice (14585, 4) (remaining tasks 27)
2025-04-22 15:16:46,235 [DEBUG]  		found 1 col clusters (in 0.34617 secs)
2025-04-22 15:16:46,237 [DEBUG]  OP: Operation.SPLIT_COLUMNS on slice (10935, 4) (remaining tasks 27)
2025-04-22 15:16:46,546 [DEBUG]  		found 1 col clusters (in 0.30864 secs)
2025-04-22 15:16:46,547 [DEBUG]  OP: Operation.SPLIT_COLUMNS on slice (4843, 4) (remaining tasks 27)
2025-04-22 15:16:46,772 [DEBUG]  		found 1 col clusters (in 0.22466 secs)
2025-04-22 15:16:46,775 [DEBUG]  OP: Operation.SPLIT_COLUMNS on slice (20261, 4) (remaining tasks 27)
2025-04-22 15:16:47,149 [DEBUG]  		found 1 col clusters (in 0.37415 secs)
2025-04-22 15:16:47,152 [DEBUG]  OP: Operation.SPLIT_COLUMNS on slice (16300, 4) (remaining tasks 27)
2025-04-22 15:16:47,476 [DEBUG]  		found 1 col clusters (in 0.32390 secs)
2025-04-22 15:16:47,477 [DEBUG]  OP: Operation.NAIVE_FACTORIZATION on slice (2550, 4) (remaining tasks 27)
2025-04-22 15:16:47,638 [DEBUG]  		naive factorization 4 columns (in 0.16120 secs)
2025-04-22 15:16:47,639 [DEBUG]  OP: Operation.NAIVE_FACTORIZATION on slice (2320, 4) (remaining tasks 26)
2025-04-22 15:16:47,712 [DEBUG]  		naive factorization 4 columns (in 0.07281 secs)
2025-04-22 15:16:47,713 [DEBUG]  OP: Operation.SPLIT_COLUMNS on slice (4753, 4) (remaining tasks 25)
2025-04-22 15:16:47,934 [DEBUG]  		found 1 col clusters (in 0.22076 secs)
2025-04-22 15:16:47,935 [DEBUG]  OP: Operation.NAIVE_FACTORIZATION on slice (2378, 4) (remaining tasks 25)
2025-04-22 15:16:48,076 [DEBUG]  		naive factorization 4 columns (in 0.14134 secs)
2025-04-22 15:16:48,077 [DEBUG]  OP: Operation.SPLIT_COLUMNS on slice (4854, 4) (remaining tasks 24)
2025-04-22 15:16:48,290 [DEBUG]  		found 1 col clusters (in 0.21314 secs)
2025-04-22 15:16:48,291 [DEBUG]  OP: Operation.NAIVE_FACTORIZATION on slice (3875, 4) (remaining tasks 24)
2025-04-22 15:16:48,472 [DEBUG]  		naive factorization 4 columns (in 0.18024 secs)
2025-04-22 15:16:48,475 [DEBUG]  OP: Operation.SPLIT_ROWS on slice (51585, 4) (remaining tasks 23)
2025-04-22 15:16:48,661 [DEBUG]  		found 2 row clusters (in 0.18549 secs)
2025-04-22 15:16:48,664 [DEBUG]  OP: Operation.SPLIT_ROWS on slice (55702, 4) (remaining tasks 24)
2025-04-22 15:16:48,797 [DEBUG]  		found 2 row clusters (in 0.13285 secs)
2025-04-22 15:16:48,798 [DEBUG]  OP: Operation.SPLIT_ROWS on slice (7523, 4) (remaining tasks 25)
2025-04-22 15:16:48,834 [DEBUG]  		found 2 row clusters (in 0.03589 secs)
2025-04-22 15:16:48,835 [DEBUG]  OP: Operation.SPLIT_ROWS on slice (8823, 4) (remaining tasks 26)
2025-04-22 15:16:48,889 [DEBUG]  		found 2 row clusters (in 0.05364 secs)
2025-04-22 15:16:48,891 [DEBUG]  OP: Operation.SPLIT_ROWS on slice (24000, 4) (remaining tasks 27)
2025-04-22 15:16:48,954 [DEBUG]  		found 2 row clusters (in 0.06295 secs)
2025-04-22 15:16:48,954 [DEBUG]  OP: Operation.SPLIT_ROWS on slice (7298, 4) (remaining tasks 28)
2025-04-22 15:16:48,986 [DEBUG]  		found 2 row clusters (in 0.03200 secs)
2025-04-22 15:16:48,988 [DEBUG]  OP: Operation.SPLIT_ROWS on slice (25569, 4) (remaining tasks 29)
2025-04-22 15:16:49,069 [DEBUG]  		found 2 row clusters (in 0.08002 secs)
2025-04-22 15:16:49,070 [DEBUG]  OP: Operation.SPLIT_ROWS on slice (22298, 4) (remaining tasks 30)
2025-04-22 15:16:49,138 [DEBUG]  		found 2 row clusters (in 0.06775 secs)
2025-04-22 15:16:49,139 [DEBUG]  OP: Operation.SPLIT_ROWS on slice (7363, 4) (remaining tasks 31)
2025-04-22 15:16:49,174 [DEBUG]  		found 2 row clusters (in 0.03533 secs)
2025-04-22 15:16:49,176 [DEBUG]  OP: Operation.SPLIT_ROWS on slice (16724, 4) (remaining tasks 32)
2025-04-22 15:16:49,269 [DEBUG]  		found 2 row clusters (in 0.09314 secs)
2025-04-22 15:16:49,271 [DEBUG]  OP: Operation.SPLIT_ROWS on slice (21569, 4) (remaining tasks 33)
2025-04-22 15:16:49,360 [DEBUG]  		found 2 row clusters (in 0.08914 secs)
2025-04-22 15:16:49,361 [DEBUG]  OP: Operation.SPLIT_ROWS on slice (14899, 4) (remaining tasks 34)
2025-04-22 15:16:49,426 [DEBUG]  		found 2 row clusters (in 0.06479 secs)
2025-04-22 15:16:49,428 [DEBUG]  OP: Operation.SPLIT_ROWS on slice (24079, 4) (remaining tasks 35)
2025-04-22 15:16:49,492 [DEBUG]  		found 2 row clusters (in 0.06407 secs)
2025-04-22 15:16:49,493 [DEBUG]  OP: Operation.SPLIT_ROWS on slice (13574, 4) (remaining tasks 36)
2025-04-22 15:16:49,552 [DEBUG]  		found 2 row clusters (in 0.05879 secs)
2025-04-22 15:16:49,554 [DEBUG]  OP: Operation.SPLIT_ROWS on slice (20219, 4) (remaining tasks 37)
2025-04-22 15:16:49,642 [DEBUG]  		found 2 row clusters (in 0.08862 secs)
2025-04-22 15:16:49,643 [DEBUG]  OP: Operation.SPLIT_ROWS on slice (10155, 4) (remaining tasks 38)
2025-04-22 15:16:49,685 [DEBUG]  		found 2 row clusters (in 0.04137 secs)
2025-04-22 15:16:49,686 [DEBUG]  OP: Operation.SPLIT_ROWS on slice (9961, 4) (remaining tasks 39)
2025-04-22 15:16:49,724 [DEBUG]  		found 2 row clusters (in 0.03769 secs)
2025-04-22 15:16:49,725 [DEBUG]  OP: Operation.SPLIT_ROWS on slice (14585, 4) (remaining tasks 40)
2025-04-22 15:16:49,799 [DEBUG]  		found 2 row clusters (in 0.07414 secs)
2025-04-22 15:16:49,800 [DEBUG]  OP: Operation.SPLIT_ROWS on slice (10935, 4) (remaining tasks 41)
2025-04-22 15:16:49,848 [DEBUG]  		found 2 row clusters (in 0.04761 secs)
2025-04-22 15:16:49,848 [DEBUG]  OP: Operation.SPLIT_ROWS on slice (4843, 4) (remaining tasks 42)
2025-04-22 15:16:49,878 [DEBUG]  		found 2 row clusters (in 0.02968 secs)
2025-04-22 15:16:49,880 [DEBUG]  OP: Operation.SPLIT_ROWS on slice (20261, 4) (remaining tasks 43)
2025-04-22 15:16:49,938 [DEBUG]  		found 2 row clusters (in 0.05803 secs)
2025-04-22 15:16:49,939 [DEBUG]  OP: Operation.SPLIT_ROWS on slice (16300, 4) (remaining tasks 44)
2025-04-22 15:16:49,999 [DEBUG]  		found 2 row clusters (in 0.06007 secs)
2025-04-22 15:16:50,000 [DEBUG]  OP: Operation.SPLIT_ROWS on slice (4753, 4) (remaining tasks 45)
2025-04-22 15:16:50,029 [DEBUG]  		found 2 row clusters (in 0.02888 secs)
2025-04-22 15:16:50,029 [DEBUG]  OP: Operation.SPLIT_ROWS on slice (4854, 4) (remaining tasks 46)
2025-04-22 15:16:50,057 [DEBUG]  		found 2 row clusters (in 0.02713 secs)
2025-04-22 15:16:50,059 [DEBUG]  OP: Operation.SPLIT_COLUMNS on slice (31772, 4) (remaining tasks 47)
2025-04-22 15:16:50,274 [DEBUG]  		found 1 col clusters (in 0.21481 secs)
2025-04-22 15:16:50,277 [DEBUG]  OP: Operation.SPLIT_COLUMNS on slice (19813, 4) (remaining tasks 47)
2025-04-22 15:16:50,579 [DEBUG]  		found 1 col clusters (in 0.30167 secs)
2025-04-22 15:16:50,582 [DEBUG]  OP: Operation.SPLIT_COLUMNS on slice (25371, 4) (remaining tasks 47)
2025-04-22 15:16:50,904 [DEBUG]  		found 1 col clusters (in 0.32117 secs)
2025-04-22 15:16:50,908 [DEBUG]  OP: Operation.SPLIT_COLUMNS on slice (30331, 4) (remaining tasks 47)
2025-04-22 15:16:51,240 [DEBUG]  		found 1 col clusters (in 0.33189 secs)
2025-04-22 15:16:51,241 [DEBUG]  OP: Operation.NAIVE_FACTORIZATION on slice (3345, 4) (remaining tasks 47)
2025-04-22 15:16:51,438 [DEBUG]  		naive factorization 4 columns (in 0.19730 secs)
2025-04-22 15:16:51,439 [DEBUG]  OP: Operation.NAIVE_FACTORIZATION on slice (4178, 4) (remaining tasks 46)
2025-04-22 15:16:51,569 [DEBUG]  		naive factorization 4 columns (in 0.12988 secs)
2025-04-22 15:16:51,570 [DEBUG]  OP: Operation.NAIVE_FACTORIZATION on slice (1879, 4) (remaining tasks 45)
2025-04-22 15:16:51,583 [DEBUG]  		naive factorization 4 columns (in 0.01262 secs)
2025-04-22 15:16:51,584 [DEBUG]  OP: Operation.SPLIT_COLUMNS on slice (6944, 4) (remaining tasks 44)
2025-04-22 15:16:51,807 [DEBUG]  		found 1 col clusters (in 0.22237 secs)
2025-04-22 15:16:51,809 [DEBUG]  OP: Operation.SPLIT_COLUMNS on slice (8792, 4) (remaining tasks 44)
2025-04-22 15:16:52,092 [DEBUG]  		found 1 col clusters (in 0.28337 secs)
2025-04-22 15:16:52,095 [DEBUG]  OP: Operation.SPLIT_COLUMNS on slice (15208, 4) (remaining tasks 44)
2025-04-22 15:16:52,402 [DEBUG]  		found 1 col clusters (in 0.30750 secs)
2025-04-22 15:16:52,403 [DEBUG]  OP: Operation.NAIVE_FACTORIZATION on slice (3688, 4) (remaining tasks 44)
2025-04-22 15:16:52,554 [DEBUG]  		naive factorization 4 columns (in 0.15092 secs)
2025-04-22 15:16:52,555 [DEBUG]  OP: Operation.NAIVE_FACTORIZATION on slice (3610, 4) (remaining tasks 43)
2025-04-22 15:16:52,616 [DEBUG]  		naive factorization 4 columns (in 0.06091 secs)
2025-04-22 15:16:52,618 [DEBUG]  OP: Operation.SPLIT_COLUMNS on slice (11898, 4) (remaining tasks 42)
2025-04-22 15:16:52,848 [DEBUG]  		found 1 col clusters (in 0.22933 secs)
2025-04-22 15:16:52,850 [DEBUG]  OP: Operation.SPLIT_COLUMNS on slice (13671, 4) (remaining tasks 42)
2025-04-22 15:16:53,151 [DEBUG]  		found 1 col clusters (in 0.30023 secs)
2025-04-22 15:16:53,153 [DEBUG]  OP: Operation.SPLIT_COLUMNS on slice (13428, 4) (remaining tasks 42)
2025-04-22 15:16:53,485 [DEBUG]  		found 1 col clusters (in 0.33164 secs)
2025-04-22 15:16:53,486 [DEBUG]  OP: Operation.SPLIT_COLUMNS on slice (8870, 4) (remaining tasks 42)
2025-04-22 15:16:53,840 [DEBUG]  		found 1 col clusters (in 0.35296 secs)
2025-04-22 15:16:53,840 [DEBUG]  OP: Operation.NAIVE_FACTORIZATION on slice (2614, 4) (remaining tasks 42)
2025-04-22 15:16:53,967 [DEBUG]  		naive factorization 4 columns (in 0.12628 secs)
2025-04-22 15:16:53,968 [DEBUG]  OP: Operation.SPLIT_COLUMNS on slice (4749, 4) (remaining tasks 41)
2025-04-22 15:16:54,214 [DEBUG]  		found 1 col clusters (in 0.24597 secs)
2025-04-22 15:16:54,215 [DEBUG]  OP: Operation.SPLIT_COLUMNS on slice (4653, 4) (remaining tasks 41)
2025-04-22 15:16:54,559 [DEBUG]  		found 1 col clusters (in 0.34431 secs)
2025-04-22 15:16:54,561 [DEBUG]  OP: Operation.SPLIT_COLUMNS on slice (12071, 4) (remaining tasks 41)
2025-04-22 15:16:54,891 [DEBUG]  		found 1 col clusters (in 0.32938 secs)
2025-04-22 15:16:54,893 [DEBUG]  OP: Operation.SPLIT_COLUMNS on slice (8247, 4) (remaining tasks 41)
2025-04-22 15:16:55,237 [DEBUG]  		found 1 col clusters (in 0.34446 secs)
2025-04-22 15:16:55,240 [DEBUG]  OP: Operation.SPLIT_COLUMNS on slice (13322, 4) (remaining tasks 41)
2025-04-22 15:16:55,601 [DEBUG]  		found 1 col clusters (in 0.36080 secs)
2025-04-22 15:16:55,602 [DEBUG]  OP: Operation.SPLIT_COLUMNS on slice (9157, 4) (remaining tasks 41)
2025-04-22 15:16:55,918 [DEBUG]  		found 1 col clusters (in 0.31564 secs)
2025-04-22 15:16:55,920 [DEBUG]  OP: Operation.SPLIT_COLUMNS on slice (5742, 4) (remaining tasks 41)
2025-04-22 15:16:56,227 [DEBUG]  		found 1 col clusters (in 0.30710 secs)
2025-04-22 15:16:56,229 [DEBUG]  OP: Operation.SPLIT_COLUMNS on slice (15162, 4) (remaining tasks 41)
2025-04-22 15:16:56,524 [DEBUG]  		found 1 col clusters (in 0.29481 secs)
2025-04-22 15:16:56,526 [DEBUG]  OP: Operation.SPLIT_COLUMNS on slice (8917, 4) (remaining tasks 41)
2025-04-22 15:16:56,858 [DEBUG]  		found 1 col clusters (in 0.33234 secs)
2025-04-22 15:16:56,859 [DEBUG]  OP: Operation.SPLIT_COLUMNS on slice (4475, 4) (remaining tasks 41)
2025-04-22 15:16:57,193 [DEBUG]  		found 1 col clusters (in 0.33344 secs)
2025-04-22 15:16:57,194 [DEBUG]  OP: Operation.SPLIT_COLUMNS on slice (9099, 4) (remaining tasks 41)
2025-04-22 15:16:57,502 [DEBUG]  		found 1 col clusters (in 0.30734 secs)
2025-04-22 15:16:57,504 [DEBUG]  OP: Operation.SPLIT_COLUMNS on slice (12219, 4) (remaining tasks 41)
2025-04-22 15:16:57,844 [DEBUG]  		found 1 col clusters (in 0.33952 secs)
2025-04-22 15:16:57,845 [DEBUG]  OP: Operation.SPLIT_COLUMNS on slice (8000, 4) (remaining tasks 41)
2025-04-22 15:16:58,044 [DEBUG]  		found 1 col clusters (in 0.19845 secs)
2025-04-22 15:16:58,045 [DEBUG]  OP: Operation.NAIVE_FACTORIZATION on slice (3903, 4) (remaining tasks 41)
2025-04-22 15:16:58,101 [DEBUG]  		naive factorization 4 columns (in 0.05565 secs)
2025-04-22 15:16:58,102 [DEBUG]  OP: Operation.SPLIT_COLUMNS on slice (6252, 4) (remaining tasks 40)
2025-04-22 15:16:58,223 [DEBUG]  		found 1 col clusters (in 0.12082 secs)
2025-04-22 15:16:58,224 [DEBUG]  OP: Operation.SPLIT_COLUMNS on slice (5672, 4) (remaining tasks 40)
2025-04-22 15:16:58,571 [DEBUG]  		found 1 col clusters (in 0.34595 secs)
2025-04-22 15:16:58,572 [DEBUG]  OP: Operation.NAIVE_FACTORIZATION on slice (4289, 4) (remaining tasks 40)
2025-04-22 15:16:58,748 [DEBUG]  		naive factorization 4 columns (in 0.17600 secs)
2025-04-22 15:16:58,749 [DEBUG]  OP: Operation.SPLIT_COLUMNS on slice (8091, 4) (remaining tasks 39)
2025-04-22 15:16:58,962 [DEBUG]  		found 1 col clusters (in 0.21280 secs)
2025-04-22 15:16:58,963 [DEBUG]  OP: Operation.SPLIT_COLUMNS on slice (6494, 4) (remaining tasks 39)
2025-04-22 15:16:59,258 [DEBUG]  		found 1 col clusters (in 0.29478 secs)
2025-04-22 15:16:59,260 [DEBUG]  OP: Operation.SPLIT_COLUMNS on slice (6501, 4) (remaining tasks 39)
2025-04-22 15:16:59,552 [DEBUG]  		found 1 col clusters (in 0.29197 secs)
2025-04-22 15:16:59,553 [DEBUG]  OP: Operation.SPLIT_COLUMNS on slice (4434, 4) (remaining tasks 39)
2025-04-22 15:16:59,842 [DEBUG]  		found 1 col clusters (in 0.28825 secs)
2025-04-22 15:16:59,843 [DEBUG]  OP: Operation.NAIVE_FACTORIZATION on slice (4099, 4) (remaining tasks 39)
2025-04-22 15:16:59,958 [DEBUG]  		naive factorization 4 columns (in 0.11533 secs)
2025-04-22 15:16:59,958 [DEBUG]  OP: Operation.NAIVE_FACTORIZATION on slice (744, 4) (remaining tasks 38)
2025-04-22 15:16:59,963 [DEBUG]  		naive factorization 4 columns (in 0.00416 secs)
2025-04-22 15:16:59,965 [DEBUG]  OP: Operation.SPLIT_COLUMNS on slice (11989, 4) (remaining tasks 37)
2025-04-22 15:17:00,196 [DEBUG]  		found 1 col clusters (in 0.23121 secs)
2025-04-22 15:17:00,198 [DEBUG]  OP: Operation.SPLIT_COLUMNS on slice (8272, 4) (remaining tasks 37)
2025-04-22 15:17:00,521 [DEBUG]  		found 1 col clusters (in 0.32258 secs)
2025-04-22 15:17:00,523 [DEBUG]  OP: Operation.SPLIT_COLUMNS on slice (10335, 4) (remaining tasks 37)
2025-04-22 15:17:00,844 [DEBUG]  		found 1 col clusters (in 0.32076 secs)
2025-04-22 15:17:00,845 [DEBUG]  OP: Operation.SPLIT_COLUMNS on slice (5965, 4) (remaining tasks 37)
2025-04-22 15:17:01,182 [DEBUG]  		found 1 col clusters (in 0.33645 secs)
2025-04-22 15:17:01,182 [DEBUG]  OP: Operation.NAIVE_FACTORIZATION on slice (1480, 4) (remaining tasks 37)
2025-04-22 15:17:01,197 [DEBUG]  		naive factorization 4 columns (in 0.01428 secs)
2025-04-22 15:17:01,197 [DEBUG]  OP: Operation.NAIVE_FACTORIZATION on slice (3273, 4) (remaining tasks 36)
2025-04-22 15:17:01,223 [DEBUG]  		naive factorization 4 columns (in 0.02517 secs)
2025-04-22 15:17:01,223 [DEBUG]  OP: Operation.NAIVE_FACTORIZATION on slice (2141, 4) (remaining tasks 35)
2025-04-22 15:17:01,236 [DEBUG]  		naive factorization 4 columns (in 0.01224 secs)
2025-04-22 15:17:01,236 [DEBUG]  OP: Operation.NAIVE_FACTORIZATION on slice (2713, 4) (remaining tasks 34)
2025-04-22 15:17:01,252 [DEBUG]  		naive factorization 4 columns (in 0.01577 secs)
2025-04-22 15:17:01,256 [DEBUG]  OP: Operation.SPLIT_ROWS on slice (31772, 4) (remaining tasks 33)
2025-04-22 15:17:01,434 [DEBUG]  		found 2 row clusters (in 0.17722 secs)
2025-04-22 15:17:01,435 [DEBUG]  OP: Operation.SPLIT_ROWS on slice (19813, 4) (remaining tasks 34)
2025-04-22 15:17:01,490 [DEBUG]  		found 2 row clusters (in 0.05514 secs)
2025-04-22 15:17:01,492 [DEBUG]  OP: Operation.SPLIT_ROWS on slice (25371, 4) (remaining tasks 35)
2025-04-22 15:17:01,577 [DEBUG]  		found 2 row clusters (in 0.08443 secs)
2025-04-22 15:17:01,579 [DEBUG]  OP: Operation.SPLIT_ROWS on slice (30331, 4) (remaining tasks 36)
2025-04-22 15:17:01,666 [DEBUG]  		found 2 row clusters (in 0.08728 secs)
2025-04-22 15:17:01,667 [DEBUG]  OP: Operation.SPLIT_ROWS on slice (6944, 4) (remaining tasks 37)
2025-04-22 15:17:01,699 [DEBUG]  		found 2 row clusters (in 0.03208 secs)
2025-04-22 15:17:01,700 [DEBUG]  OP: Operation.SPLIT_ROWS on slice (8792, 4) (remaining tasks 38)
2025-04-22 15:17:01,735 [DEBUG]  		found 2 row clusters (in 0.03501 secs)
2025-04-22 15:17:01,737 [DEBUG]  OP: Operation.SPLIT_ROWS on slice (15208, 4) (remaining tasks 39)
2025-04-22 15:17:01,798 [DEBUG]  		found 2 row clusters (in 0.06159 secs)
2025-04-22 15:17:01,799 [DEBUG]  OP: Operation.SPLIT_ROWS on slice (11898, 4) (remaining tasks 40)
2025-04-22 15:17:01,850 [DEBUG]  		found 2 row clusters (in 0.05097 secs)
2025-04-22 15:17:01,851 [DEBUG]  OP: Operation.SPLIT_ROWS on slice (13671, 4) (remaining tasks 41)
2025-04-22 15:17:01,900 [DEBUG]  		found 2 row clusters (in 0.04852 secs)
2025-04-22 15:17:01,901 [DEBUG]  OP: Operation.SPLIT_ROWS on slice (13428, 4) (remaining tasks 42)
2025-04-22 15:17:01,955 [DEBUG]  		found 2 row clusters (in 0.05360 secs)
2025-04-22 15:17:01,956 [DEBUG]  OP: Operation.SPLIT_ROWS on slice (8870, 4) (remaining tasks 43)
2025-04-22 15:17:01,992 [DEBUG]  		found 2 row clusters (in 0.03638 secs)
2025-04-22 15:17:01,993 [DEBUG]  OP: Operation.SPLIT_ROWS on slice (4749, 4) (remaining tasks 44)
2025-04-22 15:17:02,020 [DEBUG]  		found 2 row clusters (in 0.02726 secs)
2025-04-22 15:17:02,021 [DEBUG]  OP: Operation.SPLIT_ROWS on slice (4653, 4) (remaining tasks 45)
2025-04-22 15:17:02,048 [DEBUG]  		found 2 row clusters (in 0.02688 secs)
2025-04-22 15:17:02,049 [DEBUG]  OP: Operation.SPLIT_ROWS on slice (12071, 4) (remaining tasks 46)
2025-04-22 15:17:02,101 [DEBUG]  		found 2 row clusters (in 0.05241 secs)
2025-04-22 15:17:02,102 [DEBUG]  OP: Operation.SPLIT_ROWS on slice (8247, 4) (remaining tasks 47)
2025-04-22 15:17:02,140 [DEBUG]  		found 2 row clusters (in 0.03776 secs)
2025-04-22 15:17:02,141 [DEBUG]  OP: Operation.SPLIT_ROWS on slice (13322, 4) (remaining tasks 48)
2025-04-22 15:17:02,189 [DEBUG]  		found 2 row clusters (in 0.04840 secs)
2025-04-22 15:17:02,190 [DEBUG]  OP: Operation.SPLIT_ROWS on slice (9157, 4) (remaining tasks 49)
2025-04-22 15:17:02,230 [DEBUG]  		found 2 row clusters (in 0.03923 secs)
2025-04-22 15:17:02,230 [DEBUG]  OP: Operation.SPLIT_ROWS on slice (5742, 4) (remaining tasks 50)
2025-04-22 15:17:02,258 [DEBUG]  		found 2 row clusters (in 0.02761 secs)
2025-04-22 15:17:02,259 [DEBUG]  OP: Operation.SPLIT_ROWS on slice (15162, 4) (remaining tasks 51)
2025-04-22 15:17:02,320 [DEBUG]  		found 2 row clusters (in 0.06120 secs)
2025-04-22 15:17:02,321 [DEBUG]  OP: Operation.SPLIT_ROWS on slice (8917, 4) (remaining tasks 52)
2025-04-22 15:17:02,361 [DEBUG]  		found 2 row clusters (in 0.03989 secs)
2025-04-22 15:17:02,362 [DEBUG]  OP: Operation.SPLIT_ROWS on slice (4475, 4) (remaining tasks 53)
2025-04-22 15:17:02,389 [DEBUG]  		found 2 row clusters (in 0.02696 secs)
2025-04-22 15:17:02,390 [DEBUG]  OP: Operation.SPLIT_ROWS on slice (9099, 4) (remaining tasks 54)
2025-04-22 15:17:02,429 [DEBUG]  		found 2 row clusters (in 0.03963 secs)
2025-04-22 15:17:02,430 [DEBUG]  OP: Operation.SPLIT_ROWS on slice (12219, 4) (remaining tasks 55)
2025-04-22 15:17:02,496 [DEBUG]  		found 2 row clusters (in 0.06495 secs)
2025-04-22 15:17:02,496 [DEBUG]  OP: Operation.SPLIT_ROWS on slice (8000, 4) (remaining tasks 56)
2025-04-22 15:17:02,535 [DEBUG]  		found 2 row clusters (in 0.03857 secs)
2025-04-22 15:17:02,536 [DEBUG]  OP: Operation.SPLIT_ROWS on slice (6252, 4) (remaining tasks 57)
2025-04-22 15:17:02,563 [DEBUG]  		found 2 row clusters (in 0.02776 secs)
2025-04-22 15:17:02,564 [DEBUG]  OP: Operation.SPLIT_ROWS on slice (5672, 4) (remaining tasks 58)
2025-04-22 15:17:02,587 [DEBUG]  		found 2 row clusters (in 0.02333 secs)
2025-04-22 15:17:02,588 [DEBUG]  OP: Operation.SPLIT_ROWS on slice (8091, 4) (remaining tasks 59)
2025-04-22 15:17:02,624 [DEBUG]  		found 2 row clusters (in 0.03591 secs)
2025-04-22 15:17:02,625 [DEBUG]  OP: Operation.SPLIT_ROWS on slice (6494, 4) (remaining tasks 60)
2025-04-22 15:17:02,653 [DEBUG]  		found 2 row clusters (in 0.02767 secs)
2025-04-22 15:17:02,653 [DEBUG]  OP: Operation.SPLIT_ROWS on slice (6501, 4) (remaining tasks 61)
2025-04-22 15:17:02,687 [DEBUG]  		found 2 row clusters (in 0.03351 secs)
2025-04-22 15:17:02,687 [DEBUG]  OP: Operation.SPLIT_ROWS on slice (4434, 4) (remaining tasks 62)
2025-04-22 15:17:02,709 [DEBUG]  		found 2 row clusters (in 0.02108 secs)
2025-04-22 15:17:02,710 [DEBUG]  OP: Operation.SPLIT_ROWS on slice (11989, 4) (remaining tasks 63)
2025-04-22 15:17:02,752 [DEBUG]  		found 2 row clusters (in 0.04214 secs)
2025-04-22 15:17:02,753 [DEBUG]  OP: Operation.SPLIT_ROWS on slice (8272, 4) (remaining tasks 64)
2025-04-22 15:17:02,806 [DEBUG]  		found 2 row clusters (in 0.05289 secs)
2025-04-22 15:17:02,806 [DEBUG]  OP: Operation.SPLIT_ROWS on slice (10335, 4) (remaining tasks 65)
2025-04-22 15:17:02,858 [DEBUG]  		found 2 row clusters (in 0.05126 secs)
2025-04-22 15:17:02,858 [DEBUG]  OP: Operation.SPLIT_ROWS on slice (5965, 4) (remaining tasks 66)
2025-04-22 15:17:02,885 [DEBUG]  		found 2 row clusters (in 0.02634 secs)
2025-04-22 15:17:02,886 [DEBUG]  OP: Operation.SPLIT_COLUMNS on slice (15255, 4) (remaining tasks 67)
2025-04-22 15:17:03,101 [DEBUG]  		found 1 col clusters (in 0.21474 secs)
2025-04-22 15:17:03,103 [DEBUG]  OP: Operation.SPLIT_COLUMNS on slice (16517, 4) (remaining tasks 67)
2025-04-22 15:17:03,442 [DEBUG]  		found 1 col clusters (in 0.33864 secs)
2025-04-22 15:17:03,444 [DEBUG]  OP: Operation.SPLIT_COLUMNS on slice (8113, 4) (remaining tasks 67)
2025-04-22 15:17:03,781 [DEBUG]  		found 1 col clusters (in 0.33665 secs)
2025-04-22 15:17:03,782 [DEBUG]  OP: Operation.SPLIT_COLUMNS on slice (11700, 4) (remaining tasks 67)
2025-04-22 15:17:04,107 [DEBUG]  		found 1 col clusters (in 0.32425 secs)
2025-04-22 15:17:04,109 [DEBUG]  OP: Operation.SPLIT_COLUMNS on slice (13560, 4) (remaining tasks 67)
2025-04-22 15:17:04,439 [DEBUG]  		found 1 col clusters (in 0.33031 secs)
2025-04-22 15:17:04,441 [DEBUG]  OP: Operation.SPLIT_COLUMNS on slice (11811, 4) (remaining tasks 67)
2025-04-22 15:17:04,752 [DEBUG]  		found 1 col clusters (in 0.31095 secs)
2025-04-22 15:17:04,755 [DEBUG]  OP: Operation.SPLIT_COLUMNS on slice (17377, 4) (remaining tasks 67)
2025-04-22 15:17:05,072 [DEBUG]  		found 1 col clusters (in 0.31708 secs)
2025-04-22 15:17:05,074 [DEBUG]  OP: Operation.SPLIT_COLUMNS on slice (12954, 4) (remaining tasks 67)
2025-04-22 15:17:05,423 [DEBUG]  		found 1 col clusters (in 0.34918 secs)
2025-04-22 15:17:05,424 [DEBUG]  OP: Operation.SPLIT_COLUMNS on slice (5548, 4) (remaining tasks 67)
2025-04-22 15:17:05,764 [DEBUG]  		found 1 col clusters (in 0.33934 secs)
2025-04-22 15:17:05,764 [DEBUG]  OP: Operation.NAIVE_FACTORIZATION on slice (1396, 4) (remaining tasks 67)
2025-04-22 15:17:05,778 [DEBUG]  		naive factorization 4 columns (in 0.01355 secs)
2025-04-22 15:17:05,779 [DEBUG]  OP: Operation.SPLIT_COLUMNS on slice (5108, 4) (remaining tasks 66)
2025-04-22 15:17:05,960 [DEBUG]  		found 1 col clusters (in 0.18096 secs)
2025-04-22 15:17:05,961 [DEBUG]  OP: Operation.NAIVE_FACTORIZATION on slice (3684, 4) (remaining tasks 66)
2025-04-22 15:17:05,996 [DEBUG]  		naive factorization 4 columns (in 0.03511 secs)
2025-04-22 15:17:05,998 [DEBUG]  OP: Operation.SPLIT_COLUMNS on slice (11638, 4) (remaining tasks 65)
2025-04-22 15:17:06,342 [DEBUG]  		found 1 col clusters (in 0.34389 secs)
2025-04-22 15:17:06,343 [DEBUG]  OP: Operation.NAIVE_FACTORIZATION on slice (3570, 4) (remaining tasks 65)
2025-04-22 15:17:06,377 [DEBUG]  		naive factorization 4 columns (in 0.03417 secs)
2025-04-22 15:17:06,378 [DEBUG]  OP: Operation.SPLIT_COLUMNS on slice (5650, 4) (remaining tasks 64)
2025-04-22 15:17:06,680 [DEBUG]  		found 1 col clusters (in 0.30221 secs)
2025-04-22 15:17:06,682 [DEBUG]  OP: Operation.SPLIT_COLUMNS on slice (6248, 4) (remaining tasks 64)
2025-04-22 15:17:06,983 [DEBUG]  		found 1 col clusters (in 0.30155 secs)
2025-04-22 15:17:06,984 [DEBUG]  OP: Operation.SPLIT_COLUMNS on slice (4863, 4) (remaining tasks 64)
2025-04-22 15:17:07,274 [DEBUG]  		found 1 col clusters (in 0.29013 secs)
2025-04-22 15:17:07,276 [DEBUG]  OP: Operation.SPLIT_COLUMNS on slice (8808, 4) (remaining tasks 64)
2025-04-22 15:17:07,574 [DEBUG]  		found 1 col clusters (in 0.29729 secs)
2025-04-22 15:17:07,574 [DEBUG]  OP: Operation.SPLIT_COLUMNS on slice (4625, 4) (remaining tasks 64)
2025-04-22 15:17:07,787 [DEBUG]  		found 1 col clusters (in 0.21273 secs)
2025-04-22 15:17:07,789 [DEBUG]  OP: Operation.SPLIT_COLUMNS on slice (8803, 4) (remaining tasks 64)
2025-04-22 15:17:08,184 [DEBUG]  		found 1 col clusters (in 0.39484 secs)
2025-04-22 15:17:08,185 [DEBUG]  OP: Operation.SPLIT_COLUMNS on slice (5649, 4) (remaining tasks 64)
2025-04-22 15:17:08,400 [DEBUG]  		found 1 col clusters (in 0.21469 secs)
2025-04-22 15:17:08,401 [DEBUG]  OP: Operation.NAIVE_FACTORIZATION on slice (3221, 4) (remaining tasks 64)
2025-04-22 15:17:08,594 [DEBUG]  		naive factorization 4 columns (in 0.19358 secs)
2025-04-22 15:17:08,595 [DEBUG]  OP: Operation.NAIVE_FACTORIZATION on slice (3155, 4) (remaining tasks 63)
2025-04-22 15:17:08,656 [DEBUG]  		naive factorization 4 columns (in 0.06041 secs)
2025-04-22 15:17:08,656 [DEBUG]  OP: Operation.NAIVE_FACTORIZATION on slice (1594, 4) (remaining tasks 62)
2025-04-22 15:17:08,668 [DEBUG]  		naive factorization 4 columns (in 0.01100 secs)
2025-04-22 15:17:08,668 [DEBUG]  OP: Operation.NAIVE_FACTORIZATION on slice (1676, 4) (remaining tasks 61)
2025-04-22 15:17:08,681 [DEBUG]  		naive factorization 4 columns (in 0.01285 secs)
2025-04-22 15:17:08,682 [DEBUG]  OP: Operation.NAIVE_FACTORIZATION on slice (2977, 4) (remaining tasks 60)
2025-04-22 15:17:08,704 [DEBUG]  		naive factorization 4 columns (in 0.02187 secs)
2025-04-22 15:17:08,705 [DEBUG]  OP: Operation.NAIVE_FACTORIZATION on slice (4295, 4) (remaining tasks 59)
2025-04-22 15:17:08,796 [DEBUG]  		naive factorization 4 columns (in 0.09041 secs)
2025-04-22 15:17:08,798 [DEBUG]  OP: Operation.SPLIT_COLUMNS on slice (7776, 4) (remaining tasks 58)
2025-04-22 15:17:08,921 [DEBUG]  		found 1 col clusters (in 0.12315 secs)
2025-04-22 15:17:08,922 [DEBUG]  OP: Operation.NAIVE_FACTORIZATION on slice (4323, 4) (remaining tasks 58)
2025-04-22 15:17:08,998 [DEBUG]  		naive factorization 4 columns (in 0.07508 secs)
2025-04-22 15:17:08,999 [DEBUG]  OP: Operation.NAIVE_FACTORIZATION on slice (3924, 4) (remaining tasks 57)
2025-04-22 15:17:09,043 [DEBUG]  		naive factorization 4 columns (in 0.04436 secs)
2025-04-22 15:17:09,044 [DEBUG]  OP: Operation.SPLIT_COLUMNS on slice (4518, 4) (remaining tasks 56)
2025-04-22 15:17:09,311 [DEBUG]  		found 1 col clusters (in 0.26679 secs)
2025-04-22 15:17:09,313 [DEBUG]  OP: Operation.SPLIT_COLUMNS on slice (8804, 4) (remaining tasks 56)
2025-04-22 15:17:09,650 [DEBUG]  		found 1 col clusters (in 0.33743 secs)
2025-04-22 15:17:09,652 [DEBUG]  OP: Operation.SPLIT_COLUMNS on slice (6314, 4) (remaining tasks 56)
2025-04-22 15:17:10,009 [DEBUG]  		found 1 col clusters (in 0.35717 secs)
2025-04-22 15:17:10,010 [DEBUG]  OP: Operation.NAIVE_FACTORIZATION on slice (2843, 4) (remaining tasks 56)
2025-04-22 15:17:10,032 [DEBUG]  		naive factorization 4 columns (in 0.02161 secs)
2025-04-22 15:17:10,033 [DEBUG]  OP: Operation.NAIVE_FACTORIZATION on slice (2689, 4) (remaining tasks 55)
2025-04-22 15:17:10,055 [DEBUG]  		naive factorization 4 columns (in 0.02229 secs)
2025-04-22 15:17:10,056 [DEBUG]  OP: Operation.NAIVE_FACTORIZATION on slice (3053, 4) (remaining tasks 54)
2025-04-22 15:17:10,079 [DEBUG]  		naive factorization 4 columns (in 0.02301 secs)
2025-04-22 15:17:10,080 [DEBUG]  OP: Operation.SPLIT_COLUMNS on slice (6353, 4) (remaining tasks 53)
2025-04-22 15:17:10,305 [DEBUG]  		found 1 col clusters (in 0.22467 secs)
2025-04-22 15:17:10,306 [DEBUG]  OP: Operation.SPLIT_COLUMNS on slice (8809, 4) (remaining tasks 53)
2025-04-22 15:17:10,601 [DEBUG]  		found 1 col clusters (in 0.29471 secs)
2025-04-22 15:17:10,602 [DEBUG]  OP: Operation.SPLIT_COLUMNS on slice (5027, 4) (remaining tasks 53)
2025-04-22 15:17:10,908 [DEBUG]  		found 1 col clusters (in 0.30622 secs)
2025-04-22 15:17:10,910 [DEBUG]  OP: Operation.NAIVE_FACTORIZATION on slice (3890, 4) (remaining tasks 53)
2025-04-22 15:17:10,952 [DEBUG]  		naive factorization 4 columns (in 0.04170 secs)
2025-04-22 15:17:10,952 [DEBUG]  OP: Operation.NAIVE_FACTORIZATION on slice (1615, 4) (remaining tasks 52)
2025-04-22 15:17:10,970 [DEBUG]  		naive factorization 4 columns (in 0.01736 secs)
2025-04-22 15:17:10,971 [DEBUG]  OP: Operation.NAIVE_FACTORIZATION on slice (2860, 4) (remaining tasks 51)
2025-04-22 15:17:10,999 [DEBUG]  		naive factorization 4 columns (in 0.02849 secs)
2025-04-22 15:17:11,000 [DEBUG]  OP: Operation.SPLIT_COLUMNS on slice (5745, 4) (remaining tasks 50)
2025-04-22 15:17:11,113 [DEBUG]  		found 1 col clusters (in 0.11214 secs)
2025-04-22 15:17:11,114 [DEBUG]  OP: Operation.NAIVE_FACTORIZATION on slice (3354, 4) (remaining tasks 50)
2025-04-22 15:17:11,147 [DEBUG]  		naive factorization 4 columns (in 0.03301 secs)
2025-04-22 15:17:11,148 [DEBUG]  OP: Operation.SPLIT_COLUMNS on slice (7226, 4) (remaining tasks 49)
2025-04-22 15:17:11,495 [DEBUG]  		found 1 col clusters (in 0.34683 secs)
2025-04-22 15:17:11,496 [DEBUG]  OP: Operation.SPLIT_COLUMNS on slice (4993, 4) (remaining tasks 49)
2025-04-22 15:17:11,689 [DEBUG]  		found 1 col clusters (in 0.19231 secs)
2025-04-22 15:17:11,690 [DEBUG]  OP: Operation.SPLIT_COLUMNS on slice (4362, 4) (remaining tasks 49)
2025-04-22 15:17:11,951 [DEBUG]  		found 1 col clusters (in 0.26157 secs)
2025-04-22 15:17:11,952 [DEBUG]  OP: Operation.NAIVE_FACTORIZATION on slice (3638, 4) (remaining tasks 49)
2025-04-22 15:17:11,988 [DEBUG]  		naive factorization 4 columns (in 0.03518 secs)
2025-04-22 15:17:11,989 [DEBUG]  OP: Operation.NAIVE_FACTORIZATION on slice (3500, 4) (remaining tasks 48)
2025-04-22 15:17:12,014 [DEBUG]  		naive factorization 4 columns (in 0.02524 secs)
2025-04-22 15:17:12,015 [DEBUG]  OP: Operation.NAIVE_FACTORIZATION on slice (2752, 4) (remaining tasks 47)
2025-04-22 15:17:12,042 [DEBUG]  		naive factorization 4 columns (in 0.02676 secs)
2025-04-22 15:17:12,042 [DEBUG]  OP: Operation.NAIVE_FACTORIZATION on slice (3427, 4) (remaining tasks 46)
2025-04-22 15:17:12,076 [DEBUG]  		naive factorization 4 columns (in 0.03293 secs)
2025-04-22 15:17:12,076 [DEBUG]  OP: Operation.NAIVE_FACTORIZATION on slice (2245, 4) (remaining tasks 45)
2025-04-22 15:17:12,096 [DEBUG]  		naive factorization 4 columns (in 0.01913 secs)
2025-04-22 15:17:12,096 [DEBUG]  OP: Operation.NAIVE_FACTORIZATION on slice (3788, 4) (remaining tasks 44)
2025-04-22 15:17:12,124 [DEBUG]  		naive factorization 4 columns (in 0.02721 secs)
2025-04-22 15:17:12,125 [DEBUG]  OP: Operation.NAIVE_FACTORIZATION on slice (4303, 4) (remaining tasks 43)
2025-04-22 15:17:12,152 [DEBUG]  		naive factorization 4 columns (in 0.02719 secs)
2025-04-22 15:17:12,153 [DEBUG]  OP: Operation.NAIVE_FACTORIZATION on slice (3586, 4) (remaining tasks 42)
2025-04-22 15:17:12,172 [DEBUG]  		naive factorization 4 columns (in 0.01965 secs)
2025-04-22 15:17:12,173 [DEBUG]  OP: Operation.NAIVE_FACTORIZATION on slice (2908, 4) (remaining tasks 41)
2025-04-22 15:17:12,193 [DEBUG]  		naive factorization 4 columns (in 0.02070 secs)
2025-04-22 15:17:12,194 [DEBUG]  OP: Operation.NAIVE_FACTORIZATION on slice (2370, 4) (remaining tasks 40)
2025-04-22 15:17:12,210 [DEBUG]  		naive factorization 4 columns (in 0.01589 secs)
2025-04-22 15:17:12,211 [DEBUG]  OP: Operation.NAIVE_FACTORIZATION on slice (4131, 4) (remaining tasks 39)
2025-04-22 15:17:12,261 [DEBUG]  		naive factorization 4 columns (in 0.05019 secs)
2025-04-22 15:17:12,262 [DEBUG]  OP: Operation.NAIVE_FACTORIZATION on slice (2868, 4) (remaining tasks 38)
2025-04-22 15:17:12,289 [DEBUG]  		naive factorization 4 columns (in 0.02641 secs)
2025-04-22 15:17:12,289 [DEBUG]  OP: Operation.NAIVE_FACTORIZATION on slice (1566, 4) (remaining tasks 37)
2025-04-22 15:17:12,305 [DEBUG]  		naive factorization 4 columns (in 0.01537 secs)
2025-04-22 15:17:12,306 [DEBUG]  OP: Operation.SPLIT_COLUMNS on slice (4353, 4) (remaining tasks 36)
2025-04-22 15:17:12,426 [DEBUG]  		found 1 col clusters (in 0.12017 secs)
2025-04-22 15:17:12,428 [DEBUG]  OP: Operation.SPLIT_COLUMNS on slice (7636, 4) (remaining tasks 36)
2025-04-22 15:17:12,793 [DEBUG]  		found 1 col clusters (in 0.36523 secs)
2025-04-22 15:17:12,794 [DEBUG]  OP: Operation.NAIVE_FACTORIZATION on slice (1466, 4) (remaining tasks 36)
2025-04-22 15:17:12,817 [DEBUG]  		naive factorization 4 columns (in 0.02273 secs)
2025-04-22 15:17:12,818 [DEBUG]  OP: Operation.SPLIT_COLUMNS on slice (6806, 4) (remaining tasks 35)
2025-04-22 15:17:13,103 [DEBUG]  		found 1 col clusters (in 0.28499 secs)
2025-04-22 15:17:13,104 [DEBUG]  OP: Operation.SPLIT_COLUMNS on slice (6256, 4) (remaining tasks 35)
2025-04-22 15:17:13,418 [DEBUG]  		found 1 col clusters (in 0.31331 secs)
2025-04-22 15:17:13,419 [DEBUG]  OP: Operation.NAIVE_FACTORIZATION on slice (4079, 4) (remaining tasks 35)
2025-04-22 15:17:13,464 [DEBUG]  		naive factorization 4 columns (in 0.04509 secs)
2025-04-22 15:17:13,465 [DEBUG]  OP: Operation.NAIVE_FACTORIZATION on slice (3070, 4) (remaining tasks 34)
2025-04-22 15:17:13,497 [DEBUG]  		naive factorization 4 columns (in 0.03190 secs)
2025-04-22 15:17:13,498 [DEBUG]  OP: Operation.NAIVE_FACTORIZATION on slice (2895, 4) (remaining tasks 33)
2025-04-22 15:17:13,523 [DEBUG]  		naive factorization 4 columns (in 0.02544 secs)
2025-04-22 15:17:13,525 [DEBUG]  OP: Operation.SPLIT_ROWS on slice (15255, 4) (remaining tasks 32)
2025-04-22 15:17:13,587 [DEBUG]  		found 2 row clusters (in 0.06175 secs)
2025-04-22 15:17:13,588 [DEBUG]  OP: Operation.SPLIT_ROWS on slice (16517, 4) (remaining tasks 33)
2025-04-22 15:17:13,641 [DEBUG]  		found 2 row clusters (in 0.05284 secs)
2025-04-22 15:17:13,642 [DEBUG]  OP: Operation.SPLIT_ROWS on slice (8113, 4) (remaining tasks 34)
2025-04-22 15:17:13,679 [DEBUG]  		found 2 row clusters (in 0.03665 secs)
2025-04-22 15:17:13,680 [DEBUG]  OP: Operation.SPLIT_ROWS on slice (11700, 4) (remaining tasks 35)
2025-04-22 15:17:13,723 [DEBUG]  		found 2 row clusters (in 0.04299 secs)
2025-04-22 15:17:13,724 [DEBUG]  OP: Operation.SPLIT_ROWS on slice (13560, 4) (remaining tasks 36)
2025-04-22 15:17:13,781 [DEBUG]  		found 2 row clusters (in 0.05753 secs)
2025-04-22 15:17:13,782 [DEBUG]  OP: Operation.SPLIT_ROWS on slice (11811, 4) (remaining tasks 37)
2025-04-22 15:17:13,833 [DEBUG]  		found 2 row clusters (in 0.05031 secs)
2025-04-22 15:17:13,834 [DEBUG]  OP: Operation.SPLIT_ROWS on slice (17377, 4) (remaining tasks 38)
2025-04-22 15:17:13,879 [DEBUG]  		found 2 row clusters (in 0.04460 secs)
2025-04-22 15:17:13,880 [DEBUG]  OP: Operation.SPLIT_ROWS on slice (12954, 4) (remaining tasks 39)
2025-04-22 15:17:13,932 [DEBUG]  		found 2 row clusters (in 0.05221 secs)
2025-04-22 15:17:13,933 [DEBUG]  OP: Operation.SPLIT_ROWS on slice (5548, 4) (remaining tasks 40)
2025-04-22 15:17:13,965 [DEBUG]  		found 2 row clusters (in 0.03254 secs)
2025-04-22 15:17:13,966 [DEBUG]  OP: Operation.SPLIT_ROWS on slice (5108, 4) (remaining tasks 41)
2025-04-22 15:17:13,997 [DEBUG]  		found 2 row clusters (in 0.03050 secs)
2025-04-22 15:17:13,997 [DEBUG]  OP: Operation.SPLIT_ROWS on slice (11638, 4) (remaining tasks 42)
2025-04-22 15:17:14,037 [DEBUG]  		found 2 row clusters (in 0.03931 secs)
2025-04-22 15:17:14,037 [DEBUG]  OP: Operation.SPLIT_ROWS on slice (5650, 4) (remaining tasks 43)
2025-04-22 15:17:14,061 [DEBUG]  		found 2 row clusters (in 0.02361 secs)
2025-04-22 15:17:14,062 [DEBUG]  OP: Operation.SPLIT_ROWS on slice (6248, 4) (remaining tasks 44)
2025-04-22 15:17:14,090 [DEBUG]  		found 2 row clusters (in 0.02833 secs)
2025-04-22 15:17:14,091 [DEBUG]  OP: Operation.SPLIT_ROWS on slice (4863, 4) (remaining tasks 45)
2025-04-22 15:17:14,119 [DEBUG]  		found 2 row clusters (in 0.02860 secs)
2025-04-22 15:17:14,120 [DEBUG]  OP: Operation.SPLIT_ROWS on slice (8808, 4) (remaining tasks 46)
2025-04-22 15:17:14,158 [DEBUG]  		found 2 row clusters (in 0.03772 secs)
2025-04-22 15:17:14,159 [DEBUG]  OP: Operation.SPLIT_ROWS on slice (4625, 4) (remaining tasks 47)
2025-04-22 15:17:14,187 [DEBUG]  		found 2 row clusters (in 0.02791 secs)
2025-04-22 15:17:14,187 [DEBUG]  OP: Operation.SPLIT_ROWS on slice (8803, 4) (remaining tasks 48)
2025-04-22 15:17:14,225 [DEBUG]  		found 2 row clusters (in 0.03788 secs)
2025-04-22 15:17:14,226 [DEBUG]  OP: Operation.SPLIT_ROWS on slice (5649, 4) (remaining tasks 49)
2025-04-22 15:17:14,253 [DEBUG]  		found 2 row clusters (in 0.02702 secs)
2025-04-22 15:17:14,254 [DEBUG]  OP: Operation.SPLIT_ROWS on slice (7776, 4) (remaining tasks 50)
2025-04-22 15:17:14,286 [DEBUG]  		found 2 row clusters (in 0.03187 secs)
2025-04-22 15:17:14,286 [DEBUG]  OP: Operation.SPLIT_ROWS on slice (4518, 4) (remaining tasks 51)
2025-04-22 15:17:14,306 [DEBUG]  		found 2 row clusters (in 0.02010 secs)
2025-04-22 15:17:14,307 [DEBUG]  OP: Operation.SPLIT_ROWS on slice (8804, 4) (remaining tasks 52)
2025-04-22 15:17:14,337 [DEBUG]  		found 2 row clusters (in 0.03009 secs)
2025-04-22 15:17:14,338 [DEBUG]  OP: Operation.SPLIT_ROWS on slice (6314, 4) (remaining tasks 53)
2025-04-22 15:17:14,361 [DEBUG]  		found 2 row clusters (in 0.02358 secs)
2025-04-22 15:17:14,362 [DEBUG]  OP: Operation.SPLIT_ROWS on slice (6353, 4) (remaining tasks 54)
2025-04-22 15:17:14,388 [DEBUG]  		found 2 row clusters (in 0.02627 secs)
2025-04-22 15:17:14,389 [DEBUG]  OP: Operation.SPLIT_ROWS on slice (8809, 4) (remaining tasks 55)
2025-04-22 15:17:14,419 [DEBUG]  		found 2 row clusters (in 0.03023 secs)
2025-04-22 15:17:14,420 [DEBUG]  OP: Operation.SPLIT_ROWS on slice (5027, 4) (remaining tasks 56)
2025-04-22 15:17:14,445 [DEBUG]  		found 2 row clusters (in 0.02492 secs)
2025-04-22 15:17:14,445 [DEBUG]  OP: Operation.SPLIT_ROWS on slice (5745, 4) (remaining tasks 57)
2025-04-22 15:17:14,470 [DEBUG]  		found 2 row clusters (in 0.02404 secs)
2025-04-22 15:17:14,470 [DEBUG]  OP: Operation.SPLIT_ROWS on slice (7226, 4) (remaining tasks 58)
2025-04-22 15:17:14,502 [DEBUG]  		found 2 row clusters (in 0.03170 secs)
2025-04-22 15:17:14,502 [DEBUG]  OP: Operation.SPLIT_ROWS on slice (4993, 4) (remaining tasks 59)
2025-04-22 15:17:14,526 [DEBUG]  		found 2 row clusters (in 0.02366 secs)
2025-04-22 15:17:14,527 [DEBUG]  OP: Operation.SPLIT_ROWS on slice (4362, 4) (remaining tasks 60)
2025-04-22 15:17:14,551 [DEBUG]  		found 2 row clusters (in 0.02427 secs)
2025-04-22 15:17:14,551 [DEBUG]  OP: Operation.SPLIT_ROWS on slice (4353, 4) (remaining tasks 61)
2025-04-22 15:17:14,574 [DEBUG]  		found 2 row clusters (in 0.02233 secs)
2025-04-22 15:17:14,575 [DEBUG]  OP: Operation.SPLIT_ROWS on slice (7636, 4) (remaining tasks 62)
2025-04-22 15:17:14,604 [DEBUG]  		found 2 row clusters (in 0.02923 secs)
2025-04-22 15:17:14,604 [DEBUG]  OP: Operation.SPLIT_ROWS on slice (6806, 4) (remaining tasks 63)
2025-04-22 15:17:14,635 [DEBUG]  		found 2 row clusters (in 0.03014 secs)
2025-04-22 15:17:14,635 [DEBUG]  OP: Operation.SPLIT_ROWS on slice (6256, 4) (remaining tasks 64)
2025-04-22 15:17:14,668 [DEBUG]  		found 2 row clusters (in 0.03315 secs)
2025-04-22 15:17:14,669 [DEBUG]  OP: Operation.SPLIT_COLUMNS on slice (8805, 4) (remaining tasks 65)
2025-04-22 15:17:14,896 [DEBUG]  		found 1 col clusters (in 0.22639 secs)
2025-04-22 15:17:14,897 [DEBUG]  OP: Operation.SPLIT_COLUMNS on slice (6450, 4) (remaining tasks 65)
2025-04-22 15:17:15,128 [DEBUG]  		found 1 col clusters (in 0.23059 secs)
2025-04-22 15:17:15,129 [DEBUG]  OP: Operation.SPLIT_COLUMNS on slice (10742, 4) (remaining tasks 65)
2025-04-22 15:17:15,525 [DEBUG]  		found 1 col clusters (in 0.39590 secs)
2025-04-22 15:17:15,527 [DEBUG]  OP: Operation.SPLIT_COLUMNS on slice (5775, 4) (remaining tasks 65)
2025-04-22 15:17:15,882 [DEBUG]  		found 1 col clusters (in 0.35533 secs)
2025-04-22 15:17:15,883 [DEBUG]  OP: Operation.SPLIT_COLUMNS on slice (5341, 4) (remaining tasks 65)
2025-04-22 15:17:16,082 [DEBUG]  		found 1 col clusters (in 0.19857 secs)
2025-04-22 15:17:16,083 [DEBUG]  OP: Operation.NAIVE_FACTORIZATION on slice (2772, 4) (remaining tasks 65)
2025-04-22 15:17:16,118 [DEBUG]  		naive factorization 4 columns (in 0.03460 secs)
2025-04-22 15:17:16,119 [DEBUG]  OP: Operation.SPLIT_COLUMNS on slice (7448, 4) (remaining tasks 64)
2025-04-22 15:17:16,438 [DEBUG]  		found 1 col clusters (in 0.31871 secs)
2025-04-22 15:17:16,439 [DEBUG]  OP: Operation.NAIVE_FACTORIZATION on slice (4252, 4) (remaining tasks 64)
2025-04-22 15:17:16,513 [DEBUG]  		naive factorization 4 columns (in 0.07423 secs)
2025-04-22 15:17:16,515 [DEBUG]  OP: Operation.SPLIT_COLUMNS on slice (8340, 4) (remaining tasks 63)
2025-04-22 15:17:16,757 [DEBUG]  		found 1 col clusters (in 0.24204 secs)
2025-04-22 15:17:16,758 [DEBUG]  OP: Operation.SPLIT_COLUMNS on slice (5220, 4) (remaining tasks 63)
2025-04-22 15:17:17,092 [DEBUG]  		found 1 col clusters (in 0.33383 secs)
2025-04-22 15:17:17,094 [DEBUG]  OP: Operation.SPLIT_COLUMNS on slice (8808, 4) (remaining tasks 63)
2025-04-22 15:17:17,432 [DEBUG]  		found 1 col clusters (in 0.33788 secs)
2025-04-22 15:17:17,433 [DEBUG]  OP: Operation.NAIVE_FACTORIZATION on slice (3003, 4) (remaining tasks 63)
2025-04-22 15:17:17,462 [DEBUG]  		naive factorization 4 columns (in 0.02961 secs)
2025-04-22 15:17:17,463 [DEBUG]  OP: Operation.SPLIT_COLUMNS on slice (5642, 4) (remaining tasks 62)
2025-04-22 15:17:17,613 [DEBUG]  		found 1 col clusters (in 0.14924 secs)
2025-04-22 15:17:17,615 [DEBUG]  OP: Operation.SPLIT_COLUMNS on slice (11735, 4) (remaining tasks 62)
2025-04-22 15:17:18,007 [DEBUG]  		found 1 col clusters (in 0.39202 secs)
2025-04-22 15:17:18,008 [DEBUG]  OP: Operation.SPLIT_COLUMNS on slice (8105, 4) (remaining tasks 62)
2025-04-22 15:17:18,331 [DEBUG]  		found 1 col clusters (in 0.32286 secs)
2025-04-22 15:17:18,332 [DEBUG]  OP: Operation.SPLIT_COLUMNS on slice (4849, 4) (remaining tasks 62)
2025-04-22 15:17:18,521 [DEBUG]  		found 1 col clusters (in 0.18889 secs)
2025-04-22 15:17:18,522 [DEBUG]  OP: Operation.NAIVE_FACTORIZATION on slice (2979, 4) (remaining tasks 62)
2025-04-22 15:17:18,552 [DEBUG]  		naive factorization 4 columns (in 0.02974 secs)
2025-04-22 15:17:18,553 [DEBUG]  OP: Operation.NAIVE_FACTORIZATION on slice (2569, 4) (remaining tasks 61)
2025-04-22 15:17:18,567 [DEBUG]  		naive factorization 4 columns (in 0.01475 secs)
2025-04-22 15:17:18,568 [DEBUG]  OP: Operation.NAIVE_FACTORIZATION on slice (1346, 4) (remaining tasks 60)
2025-04-22 15:17:18,578 [DEBUG]  		naive factorization 4 columns (in 0.00984 secs)
2025-04-22 15:17:18,579 [DEBUG]  OP: Operation.NAIVE_FACTORIZATION on slice (3762, 4) (remaining tasks 59)
2025-04-22 15:17:18,616 [DEBUG]  		naive factorization 4 columns (in 0.03704 secs)
2025-04-22 15:17:18,617 [DEBUG]  OP: Operation.SPLIT_COLUMNS on slice (10136, 4) (remaining tasks 58)
2025-04-22 15:17:18,909 [DEBUG]  		found 1 col clusters (in 0.29187 secs)
2025-04-22 15:17:18,910 [DEBUG]  OP: Operation.NAIVE_FACTORIZATION on slice (1502, 4) (remaining tasks 58)
2025-04-22 15:17:18,926 [DEBUG]  		naive factorization 4 columns (in 0.01553 secs)
2025-04-22 15:17:18,927 [DEBUG]  OP: Operation.NAIVE_FACTORIZATION on slice (2963, 4) (remaining tasks 57)
2025-04-22 15:17:18,946 [DEBUG]  		naive factorization 4 columns (in 0.01948 secs)
2025-04-22 15:17:18,947 [DEBUG]  OP: Operation.NAIVE_FACTORIZATION on slice (2687, 4) (remaining tasks 56)
2025-04-22 15:17:18,972 [DEBUG]  		naive factorization 4 columns (in 0.02482 secs)
2025-04-22 15:17:18,973 [DEBUG]  OP: Operation.NAIVE_FACTORIZATION on slice (2550, 4) (remaining tasks 55)
2025-04-22 15:17:18,989 [DEBUG]  		naive factorization 4 columns (in 0.01624 secs)
2025-04-22 15:17:18,990 [DEBUG]  OP: Operation.NAIVE_FACTORIZATION on slice (3698, 4) (remaining tasks 54)
2025-04-22 15:17:19,017 [DEBUG]  		naive factorization 4 columns (in 0.02637 secs)
2025-04-22 15:17:19,017 [DEBUG]  OP: Operation.NAIVE_FACTORIZATION on slice (2964, 4) (remaining tasks 53)
2025-04-22 15:17:19,054 [DEBUG]  		naive factorization 4 columns (in 0.03663 secs)
2025-04-22 15:17:19,055 [DEBUG]  OP: Operation.NAIVE_FACTORIZATION on slice (1899, 4) (remaining tasks 52)
2025-04-22 15:17:19,072 [DEBUG]  		naive factorization 4 columns (in 0.01680 secs)
2025-04-22 15:17:19,072 [DEBUG]  OP: Operation.SPLIT_COLUMNS on slice (5143, 4) (remaining tasks 51)
2025-04-22 15:17:19,281 [DEBUG]  		found 1 col clusters (in 0.20875 secs)
2025-04-22 15:17:19,282 [DEBUG]  OP: Operation.NAIVE_FACTORIZATION on slice (3665, 4) (remaining tasks 51)
2025-04-22 15:17:19,319 [DEBUG]  		naive factorization 4 columns (in 0.03660 secs)
2025-04-22 15:17:19,319 [DEBUG]  OP: Operation.NAIVE_FACTORIZATION on slice (2216, 4) (remaining tasks 50)
2025-04-22 15:17:19,332 [DEBUG]  		naive factorization 4 columns (in 0.01318 secs)
2025-04-22 15:17:19,333 [DEBUG]  OP: Operation.NAIVE_FACTORIZATION on slice (2409, 4) (remaining tasks 49)
2025-04-22 15:17:19,359 [DEBUG]  		naive factorization 4 columns (in 0.02590 secs)
2025-04-22 15:17:19,360 [DEBUG]  OP: Operation.SPLIT_COLUMNS on slice (6544, 4) (remaining tasks 48)
2025-04-22 15:17:19,580 [DEBUG]  		found 1 col clusters (in 0.21926 secs)
2025-04-22 15:17:19,581 [DEBUG]  OP: Operation.NAIVE_FACTORIZATION on slice (2259, 4) (remaining tasks 48)
2025-04-22 15:17:19,602 [DEBUG]  		naive factorization 4 columns (in 0.02126 secs)
2025-04-22 15:17:19,603 [DEBUG]  OP: Operation.NAIVE_FACTORIZATION on slice (3753, 4) (remaining tasks 47)
2025-04-22 15:17:19,644 [DEBUG]  		naive factorization 4 columns (in 0.04054 secs)
2025-04-22 15:17:19,644 [DEBUG]  OP: Operation.NAIVE_FACTORIZATION on slice (1896, 4) (remaining tasks 46)
2025-04-22 15:17:19,660 [DEBUG]  		naive factorization 4 columns (in 0.01552 secs)
2025-04-22 15:17:19,661 [DEBUG]  OP: Operation.NAIVE_FACTORIZATION on slice (3140, 4) (remaining tasks 45)
2025-04-22 15:17:19,691 [DEBUG]  		naive factorization 4 columns (in 0.02980 secs)
2025-04-22 15:17:19,692 [DEBUG]  OP: Operation.SPLIT_COLUMNS on slice (4636, 4) (remaining tasks 44)
2025-04-22 15:17:19,908 [DEBUG]  		found 1 col clusters (in 0.21583 secs)
2025-04-22 15:17:19,908 [DEBUG]  OP: Operation.NAIVE_FACTORIZATION on slice (1866, 4) (remaining tasks 44)
2025-04-22 15:17:19,920 [DEBUG]  		naive factorization 4 columns (in 0.01155 secs)
2025-04-22 15:17:19,921 [DEBUG]  OP: Operation.NAIVE_FACTORIZATION on slice (2652, 4) (remaining tasks 43)
2025-04-22 15:17:19,938 [DEBUG]  		naive factorization 4 columns (in 0.01764 secs)
2025-04-22 15:17:19,939 [DEBUG]  OP: Operation.SPLIT_COLUMNS on slice (6727, 4) (remaining tasks 42)
2025-04-22 15:17:20,218 [DEBUG]  		found 1 col clusters (in 0.27854 secs)
2025-04-22 15:17:20,219 [DEBUG]  OP: Operation.NAIVE_FACTORIZATION on slice (2077, 4) (remaining tasks 42)
2025-04-22 15:17:20,234 [DEBUG]  		naive factorization 4 columns (in 0.01461 secs)
2025-04-22 15:17:20,235 [DEBUG]  OP: Operation.NAIVE_FACTORIZATION on slice (4259, 4) (remaining tasks 41)
2025-04-22 15:17:20,303 [DEBUG]  		naive factorization 4 columns (in 0.06852 secs)
2025-04-22 15:17:20,304 [DEBUG]  OP: Operation.NAIVE_FACTORIZATION on slice (2055, 4) (remaining tasks 40)
2025-04-22 15:17:20,318 [DEBUG]  		naive factorization 4 columns (in 0.01355 secs)
2025-04-22 15:17:20,319 [DEBUG]  OP: Operation.SPLIT_COLUMNS on slice (5634, 4) (remaining tasks 39)
2025-04-22 15:17:20,429 [DEBUG]  		found 1 col clusters (in 0.10984 secs)
2025-04-22 15:17:20,430 [DEBUG]  OP: Operation.NAIVE_FACTORIZATION on slice (719, 4) (remaining tasks 39)
2025-04-22 15:17:20,436 [DEBUG]  		naive factorization 4 columns (in 0.00648 secs)
2025-04-22 15:17:20,438 [DEBUG]  OP: Operation.SPLIT_COLUMNS on slice (7391, 4) (remaining tasks 38)
2025-04-22 15:17:20,797 [DEBUG]  		found 1 col clusters (in 0.35883 secs)
2025-04-22 15:17:20,797 [DEBUG]  OP: Operation.NAIVE_FACTORIZATION on slice (1418, 4) (remaining tasks 38)
2025-04-22 15:17:20,811 [DEBUG]  		naive factorization 4 columns (in 0.01396 secs)
2025-04-22 15:17:20,812 [DEBUG]  OP: Operation.NAIVE_FACTORIZATION on slice (2748, 4) (remaining tasks 37)
2025-04-22 15:17:20,840 [DEBUG]  		naive factorization 4 columns (in 0.02804 secs)
2025-04-22 15:17:20,841 [DEBUG]  OP: Operation.NAIVE_FACTORIZATION on slice (2279, 4) (remaining tasks 36)
2025-04-22 15:17:20,861 [DEBUG]  		naive factorization 4 columns (in 0.01971 secs)
2025-04-22 15:17:20,861 [DEBUG]  OP: Operation.NAIVE_FACTORIZATION on slice (2321, 4) (remaining tasks 35)
2025-04-22 15:17:20,879 [DEBUG]  		naive factorization 4 columns (in 0.01740 secs)
2025-04-22 15:17:20,879 [DEBUG]  OP: Operation.NAIVE_FACTORIZATION on slice (3424, 4) (remaining tasks 34)
2025-04-22 15:17:20,910 [DEBUG]  		naive factorization 4 columns (in 0.03072 secs)
2025-04-22 15:17:20,911 [DEBUG]  OP: Operation.NAIVE_FACTORIZATION on slice (3067, 4) (remaining tasks 33)
2025-04-22 15:17:20,920 [DEBUG]  		naive factorization 4 columns (in 0.00920 secs)
2025-04-22 15:17:20,920 [DEBUG]  OP: Operation.NAIVE_FACTORIZATION on slice (4159, 4) (remaining tasks 32)
2025-04-22 15:17:20,967 [DEBUG]  		naive factorization 4 columns (in 0.04624 secs)
2025-04-22 15:17:20,967 [DEBUG]  OP: Operation.NAIVE_FACTORIZATION on slice (2481, 4) (remaining tasks 31)
2025-04-22 15:17:20,981 [DEBUG]  		naive factorization 4 columns (in 0.01333 secs)
2025-04-22 15:17:20,981 [DEBUG]  OP: Operation.NAIVE_FACTORIZATION on slice (2512, 4) (remaining tasks 30)
2025-04-22 15:17:21,000 [DEBUG]  		naive factorization 4 columns (in 0.01906 secs)
2025-04-22 15:17:21,001 [DEBUG]  OP: Operation.NAIVE_FACTORIZATION on slice (2141, 4) (remaining tasks 29)
2025-04-22 15:17:21,018 [DEBUG]  		naive factorization 4 columns (in 0.01725 secs)
2025-04-22 15:17:21,019 [DEBUG]  OP: Operation.NAIVE_FACTORIZATION on slice (2221, 4) (remaining tasks 28)
2025-04-22 15:17:21,038 [DEBUG]  		naive factorization 4 columns (in 0.01911 secs)
2025-04-22 15:17:21,039 [DEBUG]  OP: Operation.NAIVE_FACTORIZATION on slice (2895, 4) (remaining tasks 27)
2025-04-22 15:17:21,062 [DEBUG]  		naive factorization 4 columns (in 0.02230 secs)
2025-04-22 15:17:21,062 [DEBUG]  OP: Operation.NAIVE_FACTORIZATION on slice (1458, 4) (remaining tasks 26)
2025-04-22 15:17:21,077 [DEBUG]  		naive factorization 4 columns (in 0.01414 secs)
2025-04-22 15:17:21,078 [DEBUG]  OP: Operation.SPLIT_COLUMNS on slice (7278, 4) (remaining tasks 25)
2025-04-22 15:17:21,200 [DEBUG]  		found 1 col clusters (in 0.12218 secs)
2025-04-22 15:17:21,201 [DEBUG]  OP: Operation.NAIVE_FACTORIZATION on slice (358, 4) (remaining tasks 25)
2025-04-22 15:17:21,205 [DEBUG]  		naive factorization 4 columns (in 0.00425 secs)
2025-04-22 15:17:21,206 [DEBUG]  OP: Operation.SPLIT_COLUMNS on slice (6429, 4) (remaining tasks 24)
2025-04-22 15:17:21,386 [DEBUG]  		found 1 col clusters (in 0.17944 secs)
2025-04-22 15:17:21,386 [DEBUG]  OP: Operation.NAIVE_FACTORIZATION on slice (377, 4) (remaining tasks 24)
2025-04-22 15:17:21,391 [DEBUG]  		naive factorization 4 columns (in 0.00419 secs)
2025-04-22 15:17:21,391 [DEBUG]  OP: Operation.NAIVE_FACTORIZATION on slice (3175, 4) (remaining tasks 23)
2025-04-22 15:17:21,413 [DEBUG]  		naive factorization 4 columns (in 0.02109 secs)
2025-04-22 15:17:21,413 [DEBUG]  OP: Operation.NAIVE_FACTORIZATION on slice (3081, 4) (remaining tasks 22)
2025-04-22 15:17:21,458 [DEBUG]  		naive factorization 4 columns (in 0.04417 secs)
2025-04-22 15:17:21,459 [DEBUG]  OP: Operation.SPLIT_ROWS on slice (8805, 4) (remaining tasks 21)
2025-04-22 15:17:21,607 [DEBUG]  		found 2 row clusters (in 0.14739 secs)
2025-04-22 15:17:21,608 [DEBUG]  OP: Operation.SPLIT_ROWS on slice (6450, 4) (remaining tasks 22)
2025-04-22 15:17:21,634 [DEBUG]  		found 2 row clusters (in 0.02652 secs)
2025-04-22 15:17:21,635 [DEBUG]  OP: Operation.SPLIT_ROWS on slice (10742, 4) (remaining tasks 23)
2025-04-22 15:17:21,698 [DEBUG]  		found 2 row clusters (in 0.06303 secs)
2025-04-22 15:17:21,699 [DEBUG]  OP: Operation.SPLIT_ROWS on slice (5775, 4) (remaining tasks 24)
2025-04-22 15:17:21,745 [DEBUG]  		found 2 row clusters (in 0.04510 secs)
2025-04-22 15:17:21,746 [DEBUG]  OP: Operation.SPLIT_ROWS on slice (5341, 4) (remaining tasks 25)
2025-04-22 15:17:21,784 [DEBUG]  		found 2 row clusters (in 0.03809 secs)
2025-04-22 15:17:21,785 [DEBUG]  OP: Operation.SPLIT_ROWS on slice (7448, 4) (remaining tasks 26)
2025-04-22 15:17:21,844 [DEBUG]  		found 2 row clusters (in 0.05920 secs)
2025-04-22 15:17:21,845 [DEBUG]  OP: Operation.SPLIT_ROWS on slice (8340, 4) (remaining tasks 27)
2025-04-22 15:17:21,881 [DEBUG]  		found 2 row clusters (in 0.03578 secs)
2025-04-22 15:17:21,882 [DEBUG]  OP: Operation.SPLIT_ROWS on slice (5220, 4) (remaining tasks 28)
2025-04-22 15:17:21,909 [DEBUG]  		found 2 row clusters (in 0.02734 secs)
2025-04-22 15:17:21,910 [DEBUG]  OP: Operation.SPLIT_ROWS on slice (8808, 4) (remaining tasks 29)
2025-04-22 15:17:21,946 [DEBUG]  		found 2 row clusters (in 0.03603 secs)
2025-04-22 15:17:21,947 [DEBUG]  OP: Operation.SPLIT_ROWS on slice (5642, 4) (remaining tasks 30)
2025-04-22 15:17:21,970 [DEBUG]  		found 2 row clusters (in 0.02354 secs)
2025-04-22 15:17:21,971 [DEBUG]  OP: Operation.SPLIT_ROWS on slice (11735, 4) (remaining tasks 31)
2025-04-22 15:17:22,018 [DEBUG]  		found 2 row clusters (in 0.04683 secs)
2025-04-22 15:17:22,019 [DEBUG]  OP: Operation.SPLIT_ROWS on slice (8105, 4) (remaining tasks 32)
2025-04-22 15:17:22,049 [DEBUG]  		found 2 row clusters (in 0.02972 secs)
2025-04-22 15:17:22,049 [DEBUG]  OP: Operation.SPLIT_ROWS on slice (4849, 4) (remaining tasks 33)
2025-04-22 15:17:22,077 [DEBUG]  		found 2 row clusters (in 0.02803 secs)
2025-04-22 15:17:22,078 [DEBUG]  OP: Operation.SPLIT_ROWS on slice (10136, 4) (remaining tasks 34)
2025-04-22 15:17:22,117 [DEBUG]  		found 2 row clusters (in 0.03846 secs)
2025-04-22 15:17:22,117 [DEBUG]  OP: Operation.SPLIT_ROWS on slice (5143, 4) (remaining tasks 35)
2025-04-22 15:17:22,143 [DEBUG]  		found 2 row clusters (in 0.02562 secs)
2025-04-22 15:17:22,144 [DEBUG]  OP: Operation.SPLIT_ROWS on slice (6544, 4) (remaining tasks 36)
2025-04-22 15:17:22,177 [DEBUG]  		found 2 row clusters (in 0.03269 secs)
2025-04-22 15:17:22,177 [DEBUG]  OP: Operation.SPLIT_ROWS on slice (4636, 4) (remaining tasks 37)
2025-04-22 15:17:22,212 [DEBUG]  		found 2 row clusters (in 0.03503 secs)
2025-04-22 15:17:22,213 [DEBUG]  OP: Operation.SPLIT_ROWS on slice (6727, 4) (remaining tasks 38)
2025-04-22 15:17:22,244 [DEBUG]  		found 2 row clusters (in 0.03061 secs)
2025-04-22 15:17:22,244 [DEBUG]  OP: Operation.SPLIT_ROWS on slice (5634, 4) (remaining tasks 39)
2025-04-22 15:17:22,270 [DEBUG]  		found 2 row clusters (in 0.02552 secs)
2025-04-22 15:17:22,271 [DEBUG]  OP: Operation.SPLIT_ROWS on slice (7391, 4) (remaining tasks 40)
2025-04-22 15:17:22,303 [DEBUG]  		found 2 row clusters (in 0.03211 secs)
2025-04-22 15:17:22,304 [DEBUG]  OP: Operation.SPLIT_ROWS on slice (7278, 4) (remaining tasks 41)
2025-04-22 15:17:22,340 [DEBUG]  		found 2 row clusters (in 0.03604 secs)
2025-04-22 15:17:22,340 [DEBUG]  OP: Operation.SPLIT_ROWS on slice (6429, 4) (remaining tasks 42)
2025-04-22 15:17:22,370 [DEBUG]  		found 2 row clusters (in 0.02972 secs)
2025-04-22 15:17:22,371 [DEBUG]  OP: Operation.NAIVE_FACTORIZATION on slice (1392, 4) (remaining tasks 43)
2025-04-22 15:17:22,381 [DEBUG]  		naive factorization 4 columns (in 0.01063 secs)
2025-04-22 15:17:22,382 [DEBUG]  OP: Operation.SPLIT_COLUMNS on slice (7413, 4) (remaining tasks 42)
2025-04-22 15:17:22,595 [DEBUG]  		found 1 col clusters (in 0.21239 secs)
2025-04-22 15:17:22,595 [DEBUG]  OP: Operation.NAIVE_FACTORIZATION on slice (1551, 4) (remaining tasks 42)
2025-04-22 15:17:22,607 [DEBUG]  		naive factorization 4 columns (in 0.01153 secs)
2025-04-22 15:17:22,608 [DEBUG]  OP: Operation.SPLIT_COLUMNS on slice (4899, 4) (remaining tasks 41)
2025-04-22 15:17:22,804 [DEBUG]  		found 1 col clusters (in 0.19546 secs)
2025-04-22 15:17:22,805 [DEBUG]  OP: Operation.SPLIT_COLUMNS on slice (6507, 4) (remaining tasks 41)
2025-04-22 15:17:23,192 [DEBUG]  		found 1 col clusters (in 0.38634 secs)
2025-04-22 15:17:23,192 [DEBUG]  OP: Operation.NAIVE_FACTORIZATION on slice (4235, 4) (remaining tasks 41)
2025-04-22 15:17:23,238 [DEBUG]  		naive factorization 4 columns (in 0.04568 secs)
2025-04-22 15:17:23,239 [DEBUG]  OP: Operation.NAIVE_FACTORIZATION on slice (3553, 4) (remaining tasks 40)
2025-04-22 15:17:23,275 [DEBUG]  		naive factorization 4 columns (in 0.03576 secs)
2025-04-22 15:17:23,275 [DEBUG]  OP: Operation.NAIVE_FACTORIZATION on slice (2222, 4) (remaining tasks 39)
2025-04-22 15:17:23,289 [DEBUG]  		naive factorization 4 columns (in 0.01379 secs)
2025-04-22 15:17:23,290 [DEBUG]  OP: Operation.NAIVE_FACTORIZATION on slice (3951, 4) (remaining tasks 38)
2025-04-22 15:17:23,306 [DEBUG]  		naive factorization 4 columns (in 0.01590 secs)
2025-04-22 15:17:23,306 [DEBUG]  OP: Operation.NAIVE_FACTORIZATION on slice (1390, 4) (remaining tasks 37)
2025-04-22 15:17:23,311 [DEBUG]  		naive factorization 4 columns (in 0.00515 secs)
2025-04-22 15:17:23,312 [DEBUG]  OP: Operation.NAIVE_FACTORIZATION on slice (3636, 4) (remaining tasks 36)
2025-04-22 15:17:23,323 [DEBUG]  		naive factorization 4 columns (in 0.01151 secs)
2025-04-22 15:17:23,324 [DEBUG]  OP: Operation.NAIVE_FACTORIZATION on slice (3812, 4) (remaining tasks 35)
2025-04-22 15:17:23,348 [DEBUG]  		naive factorization 4 columns (in 0.02379 secs)
2025-04-22 15:17:23,348 [DEBUG]  OP: Operation.SPLIT_COLUMNS on slice (5387, 4) (remaining tasks 34)
2025-04-22 15:17:23,559 [DEBUG]  		found 1 col clusters (in 0.21110 secs)
2025-04-22 15:17:23,560 [DEBUG]  OP: Operation.NAIVE_FACTORIZATION on slice (2953, 4) (remaining tasks 34)
2025-04-22 15:17:23,592 [DEBUG]  		naive factorization 4 columns (in 0.03143 secs)
2025-04-22 15:17:23,592 [DEBUG]  OP: Operation.NAIVE_FACTORIZATION on slice (2063, 4) (remaining tasks 33)
2025-04-22 15:17:23,607 [DEBUG]  		naive factorization 4 columns (in 0.01439 secs)
2025-04-22 15:17:23,608 [DEBUG]  OP: Operation.NAIVE_FACTORIZATION on slice (3157, 4) (remaining tasks 32)
2025-04-22 15:17:23,635 [DEBUG]  		naive factorization 4 columns (in 0.02730 secs)
2025-04-22 15:17:23,636 [DEBUG]  OP: Operation.SPLIT_COLUMNS on slice (6178, 4) (remaining tasks 31)
2025-04-22 15:17:23,886 [DEBUG]  		found 1 col clusters (in 0.24934 secs)
2025-04-22 15:17:23,886 [DEBUG]  OP: Operation.NAIVE_FACTORIZATION on slice (2630, 4) (remaining tasks 31)
2025-04-22 15:17:23,913 [DEBUG]  		naive factorization 4 columns (in 0.02596 secs)
2025-04-22 15:17:23,913 [DEBUG]  OP: Operation.NAIVE_FACTORIZATION on slice (1864, 4) (remaining tasks 30)
2025-04-22 15:17:23,930 [DEBUG]  		naive factorization 4 columns (in 0.01629 secs)
2025-04-22 15:17:23,931 [DEBUG]  OP: Operation.NAIVE_FACTORIZATION on slice (3778, 4) (remaining tasks 29)
2025-04-22 15:17:23,956 [DEBUG]  		naive factorization 4 columns (in 0.02522 secs)
2025-04-22 15:17:23,957 [DEBUG]  OP: Operation.SPLIT_COLUMNS on slice (7601, 4) (remaining tasks 28)
2025-04-22 15:17:24,203 [DEBUG]  		found 1 col clusters (in 0.24555 secs)
2025-04-22 15:17:24,204 [DEBUG]  OP: Operation.NAIVE_FACTORIZATION on slice (4134, 4) (remaining tasks 28)
2025-04-22 15:17:24,274 [DEBUG]  		naive factorization 4 columns (in 0.07009 secs)
2025-04-22 15:17:24,275 [DEBUG]  OP: Operation.NAIVE_FACTORIZATION on slice (1204, 4) (remaining tasks 27)
2025-04-22 15:17:24,285 [DEBUG]  		naive factorization 4 columns (in 0.00941 secs)
2025-04-22 15:17:24,286 [DEBUG]  OP: Operation.SPLIT_COLUMNS on slice (6901, 4) (remaining tasks 26)
2025-04-22 15:17:24,552 [DEBUG]  		found 1 col clusters (in 0.26550 secs)
2025-04-22 15:17:24,552 [DEBUG]  OP: Operation.NAIVE_FACTORIZATION on slice (3186, 4) (remaining tasks 26)
2025-04-22 15:17:24,576 [DEBUG]  		naive factorization 4 columns (in 0.02321 secs)
2025-04-22 15:17:24,576 [DEBUG]  OP: Operation.NAIVE_FACTORIZATION on slice (1663, 4) (remaining tasks 25)
2025-04-22 15:17:24,587 [DEBUG]  		naive factorization 4 columns (in 0.01064 secs)
2025-04-22 15:17:24,588 [DEBUG]  OP: Operation.NAIVE_FACTORIZATION on slice (2507, 4) (remaining tasks 24)
2025-04-22 15:17:24,614 [DEBUG]  		naive factorization 4 columns (in 0.02610 secs)
2025-04-22 15:17:24,615 [DEBUG]  OP: Operation.SPLIT_COLUMNS on slice (7629, 4) (remaining tasks 23)
2025-04-22 15:17:24,862 [DEBUG]  		found 1 col clusters (in 0.24649 secs)
2025-04-22 15:17:24,863 [DEBUG]  OP: Operation.NAIVE_FACTORIZATION on slice (3501, 4) (remaining tasks 23)
2025-04-22 15:17:24,900 [DEBUG]  		naive factorization 4 columns (in 0.03618 secs)
2025-04-22 15:17:24,900 [DEBUG]  OP: Operation.NAIVE_FACTORIZATION on slice (1642, 4) (remaining tasks 22)
2025-04-22 15:17:24,912 [DEBUG]  		naive factorization 4 columns (in 0.01141 secs)
2025-04-22 15:17:24,912 [DEBUG]  OP: Operation.SPLIT_COLUMNS on slice (4756, 4) (remaining tasks 21)
2025-04-22 15:17:25,170 [DEBUG]  		found 1 col clusters (in 0.25723 secs)
2025-04-22 15:17:25,171 [DEBUG]  OP: Operation.NAIVE_FACTORIZATION on slice (1788, 4) (remaining tasks 21)
2025-04-22 15:17:25,189 [DEBUG]  		naive factorization 4 columns (in 0.01822 secs)
2025-04-22 15:17:25,190 [DEBUG]  OP: Operation.NAIVE_FACTORIZATION on slice (2381, 4) (remaining tasks 20)
2025-04-22 15:17:25,207 [DEBUG]  		naive factorization 4 columns (in 0.01744 secs)
2025-04-22 15:17:25,208 [DEBUG]  OP: Operation.NAIVE_FACTORIZATION on slice (2255, 4) (remaining tasks 19)
2025-04-22 15:17:25,228 [DEBUG]  		naive factorization 4 columns (in 0.02026 secs)
2025-04-22 15:17:25,229 [DEBUG]  OP: Operation.NAIVE_FACTORIZATION on slice (4223, 4) (remaining tasks 18)
2025-04-22 15:17:25,286 [DEBUG]  		naive factorization 4 columns (in 0.05620 secs)
2025-04-22 15:17:25,286 [DEBUG]  OP: Operation.NAIVE_FACTORIZATION on slice (2504, 4) (remaining tasks 17)
2025-04-22 15:17:25,299 [DEBUG]  		naive factorization 4 columns (in 0.01200 secs)
2025-04-22 15:17:25,299 [DEBUG]  OP: Operation.NAIVE_FACTORIZATION on slice (3129, 4) (remaining tasks 16)
2025-04-22 15:17:25,313 [DEBUG]  		naive factorization 4 columns (in 0.01329 secs)
2025-04-22 15:17:25,313 [DEBUG]  OP: Operation.NAIVE_FACTORIZATION on slice (2505, 4) (remaining tasks 15)
2025-04-22 15:17:25,321 [DEBUG]  		naive factorization 4 columns (in 0.00806 secs)
2025-04-22 15:17:25,322 [DEBUG]  OP: Operation.SPLIT_COLUMNS on slice (4889, 4) (remaining tasks 14)
2025-04-22 15:17:25,536 [DEBUG]  		found 1 col clusters (in 0.21403 secs)
2025-04-22 15:17:25,537 [DEBUG]  OP: Operation.NAIVE_FACTORIZATION on slice (2502, 4) (remaining tasks 14)
2025-04-22 15:17:25,562 [DEBUG]  		naive factorization 4 columns (in 0.02464 secs)
2025-04-22 15:17:25,563 [DEBUG]  OP: Operation.SPLIT_COLUMNS on slice (5611, 4) (remaining tasks 13)
2025-04-22 15:17:25,879 [DEBUG]  		found 1 col clusters (in 0.31606 secs)
2025-04-22 15:17:25,880 [DEBUG]  OP: Operation.NAIVE_FACTORIZATION on slice (1667, 4) (remaining tasks 13)
2025-04-22 15:17:25,897 [DEBUG]  		naive factorization 4 columns (in 0.01673 secs)
2025-04-22 15:17:25,898 [DEBUG]  OP: Operation.NAIVE_FACTORIZATION on slice (4031, 4) (remaining tasks 12)
2025-04-22 15:17:25,947 [DEBUG]  		naive factorization 4 columns (in 0.04879 secs)
2025-04-22 15:17:25,947 [DEBUG]  OP: Operation.NAIVE_FACTORIZATION on slice (2398, 4) (remaining tasks 11)
2025-04-22 15:17:25,969 [DEBUG]  		naive factorization 4 columns (in 0.02110 secs)
2025-04-22 15:17:25,970 [DEBUG]  OP: Operation.SPLIT_ROWS on slice (7413, 4) (remaining tasks 10)
2025-04-22 15:17:26,005 [DEBUG]  		found 2 row clusters (in 0.03546 secs)
2025-04-22 15:17:26,006 [DEBUG]  OP: Operation.SPLIT_ROWS on slice (4899, 4) (remaining tasks 11)
2025-04-22 15:17:26,029 [DEBUG]  		found 2 row clusters (in 0.02283 secs)
2025-04-22 15:17:26,029 [DEBUG]  OP: Operation.SPLIT_ROWS on slice (6507, 4) (remaining tasks 12)
2025-04-22 15:17:26,054 [DEBUG]  		found 2 row clusters (in 0.02472 secs)
2025-04-22 15:17:26,055 [DEBUG]  OP: Operation.SPLIT_ROWS on slice (5387, 4) (remaining tasks 13)
2025-04-22 15:17:26,078 [DEBUG]  		found 2 row clusters (in 0.02313 secs)
2025-04-22 15:17:26,079 [DEBUG]  OP: Operation.SPLIT_ROWS on slice (6178, 4) (remaining tasks 14)
2025-04-22 15:17:26,112 [DEBUG]  		found 2 row clusters (in 0.03365 secs)
2025-04-22 15:17:26,113 [DEBUG]  OP: Operation.SPLIT_ROWS on slice (7601, 4) (remaining tasks 15)
2025-04-22 15:17:26,153 [DEBUG]  		found 2 row clusters (in 0.03986 secs)
2025-04-22 15:17:26,154 [DEBUG]  OP: Operation.SPLIT_ROWS on slice (6901, 4) (remaining tasks 16)
2025-04-22 15:17:26,188 [DEBUG]  		found 2 row clusters (in 0.03407 secs)
2025-04-22 15:17:26,188 [DEBUG]  OP: Operation.SPLIT_ROWS on slice (7629, 4) (remaining tasks 17)
2025-04-22 15:17:26,217 [DEBUG]  		found 2 row clusters (in 0.02846 secs)
2025-04-22 15:17:26,218 [DEBUG]  OP: Operation.SPLIT_ROWS on slice (4756, 4) (remaining tasks 18)
2025-04-22 15:17:26,240 [DEBUG]  		found 2 row clusters (in 0.02192 secs)
2025-04-22 15:17:26,240 [DEBUG]  OP: Operation.SPLIT_ROWS on slice (4889, 4) (remaining tasks 19)
2025-04-22 15:17:26,261 [DEBUG]  		found 2 row clusters (in 0.02130 secs)
2025-04-22 15:17:26,262 [DEBUG]  OP: Operation.SPLIT_ROWS on slice (5611, 4) (remaining tasks 20)
2025-04-22 15:17:26,288 [DEBUG]  		found 2 row clusters (in 0.02566 secs)
2025-04-22 15:17:26,288 [DEBUG]  OP: Operation.SPLIT_COLUMNS on slice (4899, 4) (remaining tasks 21)
2025-04-22 15:17:26,500 [DEBUG]  		found 1 col clusters (in 0.21119 secs)
2025-04-22 15:17:26,500 [DEBUG]  OP: Operation.NAIVE_FACTORIZATION on slice (2514, 4) (remaining tasks 21)
2025-04-22 15:17:26,523 [DEBUG]  		naive factorization 4 columns (in 0.02302 secs)
2025-04-22 15:17:26,524 [DEBUG]  OP: Operation.NAIVE_FACTORIZATION on slice (2250, 4) (remaining tasks 20)
2025-04-22 15:17:26,541 [DEBUG]  		naive factorization 4 columns (in 0.01744 secs)
2025-04-22 15:17:26,542 [DEBUG]  OP: Operation.NAIVE_FACTORIZATION on slice (2649, 4) (remaining tasks 19)
2025-04-22 15:17:26,564 [DEBUG]  		naive factorization 4 columns (in 0.02173 secs)
2025-04-22 15:17:26,565 [DEBUG]  OP: Operation.NAIVE_FACTORIZATION on slice (3126, 4) (remaining tasks 18)
2025-04-22 15:17:26,601 [DEBUG]  		naive factorization 4 columns (in 0.03653 secs)
2025-04-22 15:17:26,602 [DEBUG]  OP: Operation.NAIVE_FACTORIZATION on slice (3381, 4) (remaining tasks 17)
2025-04-22 15:17:26,636 [DEBUG]  		naive factorization 4 columns (in 0.03379 secs)
2025-04-22 15:17:26,637 [DEBUG]  OP: Operation.NAIVE_FACTORIZATION on slice (3314, 4) (remaining tasks 16)
2025-04-22 15:17:26,662 [DEBUG]  		naive factorization 4 columns (in 0.02503 secs)
2025-04-22 15:17:26,663 [DEBUG]  OP: Operation.NAIVE_FACTORIZATION on slice (2073, 4) (remaining tasks 15)
2025-04-22 15:17:26,670 [DEBUG]  		naive factorization 4 columns (in 0.00752 secs)
2025-04-22 15:17:26,671 [DEBUG]  OP: Operation.NAIVE_FACTORIZATION on slice (2839, 4) (remaining tasks 14)
2025-04-22 15:17:26,680 [DEBUG]  		naive factorization 4 columns (in 0.00929 secs)
2025-04-22 15:17:26,680 [DEBUG]  OP: Operation.NAIVE_FACTORIZATION on slice (3339, 4) (remaining tasks 13)
2025-04-22 15:17:26,691 [DEBUG]  		naive factorization 4 columns (in 0.01028 secs)
2025-04-22 15:17:26,691 [DEBUG]  OP: Operation.NAIVE_FACTORIZATION on slice (3064, 4) (remaining tasks 12)
2025-04-22 15:17:26,713 [DEBUG]  		naive factorization 4 columns (in 0.02135 secs)
2025-04-22 15:17:26,713 [DEBUG]  OP: Operation.SPLIT_COLUMNS on slice (4537, 4) (remaining tasks 11)
2025-04-22 15:17:26,824 [DEBUG]  		found 1 col clusters (in 0.11064 secs)
2025-04-22 15:17:26,825 [DEBUG]  OP: Operation.NAIVE_FACTORIZATION on slice (3304, 4) (remaining tasks 11)
2025-04-22 15:17:26,857 [DEBUG]  		naive factorization 4 columns (in 0.03148 secs)
2025-04-22 15:17:26,857 [DEBUG]  OP: Operation.NAIVE_FACTORIZATION on slice (3597, 4) (remaining tasks 10)
2025-04-22 15:17:26,894 [DEBUG]  		naive factorization 4 columns (in 0.03651 secs)
2025-04-22 15:17:26,895 [DEBUG]  OP: Operation.SPLIT_COLUMNS on slice (4780, 4) (remaining tasks 9)
2025-04-22 15:17:27,191 [DEBUG]  		found 1 col clusters (in 0.29531 secs)
2025-04-22 15:17:27,191 [DEBUG]  OP: Operation.NAIVE_FACTORIZATION on slice (2849, 4) (remaining tasks 9)
2025-04-22 15:17:27,220 [DEBUG]  		naive factorization 4 columns (in 0.02856 secs)
2025-04-22 15:17:27,221 [DEBUG]  OP: Operation.NAIVE_FACTORIZATION on slice (2830, 4) (remaining tasks 8)
2025-04-22 15:17:27,259 [DEBUG]  		naive factorization 4 columns (in 0.03793 secs)
2025-04-22 15:17:27,260 [DEBUG]  OP: Operation.NAIVE_FACTORIZATION on slice (1926, 4) (remaining tasks 7)
2025-04-22 15:17:27,281 [DEBUG]  		naive factorization 4 columns (in 0.02072 secs)
2025-04-22 15:17:27,281 [DEBUG]  OP: Operation.NAIVE_FACTORIZATION on slice (3450, 4) (remaining tasks 6)
2025-04-22 15:17:27,296 [DEBUG]  		naive factorization 4 columns (in 0.01472 secs)
2025-04-22 15:17:27,297 [DEBUG]  OP: Operation.NAIVE_FACTORIZATION on slice (1439, 4) (remaining tasks 5)
2025-04-22 15:17:27,302 [DEBUG]  		naive factorization 4 columns (in 0.00493 secs)
2025-04-22 15:17:27,302 [DEBUG]  OP: Operation.NAIVE_FACTORIZATION on slice (2214, 4) (remaining tasks 4)
2025-04-22 15:17:27,318 [DEBUG]  		naive factorization 4 columns (in 0.01554 secs)
2025-04-22 15:17:27,318 [DEBUG]  OP: Operation.NAIVE_FACTORIZATION on slice (3397, 4) (remaining tasks 3)
2025-04-22 15:17:27,346 [DEBUG]  		naive factorization 4 columns (in 0.02807 secs)
2025-04-22 15:17:27,347 [DEBUG]  OP: Operation.SPLIT_ROWS on slice (4899, 4) (remaining tasks 2)
2025-04-22 15:17:27,374 [DEBUG]  		found 2 row clusters (in 0.02695 secs)
2025-04-22 15:17:27,374 [DEBUG]  OP: Operation.SPLIT_ROWS on slice (4537, 4) (remaining tasks 3)
2025-04-22 15:17:27,400 [DEBUG]  		found 2 row clusters (in 0.02517 secs)
2025-04-22 15:17:27,400 [DEBUG]  OP: Operation.SPLIT_ROWS on slice (4780, 4) (remaining tasks 4)
2025-04-22 15:17:27,422 [DEBUG]  		found 2 row clusters (in 0.02206 secs)
2025-04-22 15:17:27,423 [DEBUG]  OP: Operation.NAIVE_FACTORIZATION on slice (2225, 4) (remaining tasks 5)
2025-04-22 15:17:27,441 [DEBUG]  		naive factorization 4 columns (in 0.01834 secs)
2025-04-22 15:17:27,442 [DEBUG]  OP: Operation.NAIVE_FACTORIZATION on slice (2674, 4) (remaining tasks 4)
2025-04-22 15:17:27,466 [DEBUG]  		naive factorization 4 columns (in 0.02418 secs)
2025-04-22 15:17:27,466 [DEBUG]  OP: Operation.NAIVE_FACTORIZATION on slice (3105, 4) (remaining tasks 3)
2025-04-22 15:17:27,496 [DEBUG]  		naive factorization 4 columns (in 0.02923 secs)
2025-04-22 15:17:27,496 [DEBUG]  OP: Operation.NAIVE_FACTORIZATION on slice (1432, 4) (remaining tasks 2)
2025-04-22 15:17:27,510 [DEBUG]  		naive factorization 4 columns (in 0.01308 secs)
2025-04-22 15:17:27,510 [DEBUG]  OP: Operation.NAIVE_FACTORIZATION on slice (3436, 4) (remaining tasks 1)
2025-04-22 15:17:27,540 [DEBUG]  		naive factorization 4 columns (in 0.02931 secs)
2025-04-22 15:17:27,540 [DEBUG]  OP: Operation.NAIVE_FACTORIZATION on slice (1344, 4) (remaining tasks 0)
2025-04-22 15:17:27,554 [DEBUG]  		naive factorization 4 columns (in 0.01380 secs)
2025-04-22 15:17:44,941 [DEBUG]  Built SPN in 79.60047675100213 sec
2025-04-22 15:17:44,941 [INFO ]  Saving ensemble to /home/dafn/card/deepcard/collected_temp_benchmarks/spn_ensembles/3D Road Network (North Jutland, Denmark)/ensemble_single_d_spatial_network_10000000.pkl
