2025-04-22 15:22:37,808 [INFO ]  Creating naive ensemble.
2025-04-22 15:22:37,808 [INFO ]  Learning SPN for d_spatial_network.
2025-04-22 15:22:37,808 [DEBUG]  generate_join_sample(single_table=d_spatial_network, relationship_list=None, split_condition=None)
2025-04-22 15:22:37,866 [DEBUG]  Using min_instance_slice parameter 4348.74.
2025-04-22 15:22:37,867 [INFO ]  SPN training phase with 434874 samples
2025-04-22 15:22:37,963 [DEBUG]  Built domains in 0.09467614399909507 sec
2025-04-22 15:22:38,332 [DEBUG]  CACHEDIR=/home/dafn/.cache/matplotlib
2025-04-22 15:22:38,334 [DEBUG]  Using fontManager instance from /home/dafn/.cache/matplotlib/fontlist-v300.json
2025-04-22 15:22:38,429 [DEBUG]  Loaded backend qt5agg version unknown.
2025-04-22 15:22:38,459 [DEBUG]  Loaded backend qt5agg version unknown.
2025-04-22 15:22:38,460 [DEBUG]  Loaded backend qt4agg version unknown.
2025-04-22 15:22:38,467 [DEBUG]  Loaded backend tkagg version unknown.
2025-04-22 15:22:38,468 [DEBUG]  Loaded backend agg version unknown.
2025-04-22 15:22:38,468 [DEBUG]  Loaded backend agg version unknown.
2025-04-22 15:22:38,477 [DEBUG]  OP: Operation.SPLIT_ROWS on slice (434874, 4) (remaining tasks 0)
2025-04-22 15:22:38,895 [DEBUG]  		found 2 row clusters (in 0.41862 secs)
2025-04-22 15:22:38,915 [DEBUG]  OP: Operation.SPLIT_COLUMNS on slice (331380, 4) (remaining tasks 1)
2025-04-22 15:22:39,138 [DEBUG]  		found 3 col clusters (in 0.22308 secs)
2025-04-22 15:22:39,149 [DEBUG]  OP: Operation.SPLIT_COLUMNS on slice (103494, 4) (remaining tasks 3)
2025-04-22 15:22:39,456 [DEBUG]  		found 3 col clusters (in 0.30649 secs)
2025-04-22 15:22:39,456 [DEBUG]  OP: Operation.CREATE_LEAF on slice (331380, 1) (remaining tasks 5)
2025-04-22 15:22:39,559 [DEBUG]  		 created leaf IdentityNumericLeaf for scope=[0] (in 0.10261 secs)
2025-04-22 15:22:39,562 [DEBUG]  OP: Operation.SPLIT_COLUMNS on slice (331380, 2) (remaining tasks 4)
2025-04-22 15:22:39,707 [DEBUG]  		found 1 col clusters (in 0.14461 secs)
2025-04-22 15:22:39,707 [DEBUG]  OP: Operation.CREATE_LEAF on slice (331380, 1) (remaining tasks 4)
2025-04-22 15:22:39,751 [DEBUG]  		Due to histograms leaf size was reduced by 69.82%
2025-04-22 15:22:39,799 [DEBUG]  		 created leaf IdentityNumericLeaf for scope=[3] (in 0.09213 secs)
2025-04-22 15:22:39,800 [DEBUG]  OP: Operation.CREATE_LEAF on slice (103494, 1) (remaining tasks 3)
2025-04-22 15:22:39,811 [DEBUG]  		 created leaf IdentityNumericLeaf for scope=[0] (in 0.01092 secs)
2025-04-22 15:22:39,812 [DEBUG]  OP: Operation.SPLIT_COLUMNS on slice (103494, 2) (remaining tasks 2)
2025-04-22 15:22:39,924 [DEBUG]  		found 1 col clusters (in 0.11203 secs)
2025-04-22 15:22:39,924 [DEBUG]  OP: Operation.CREATE_LEAF on slice (103494, 1) (remaining tasks 2)
2025-04-22 15:22:39,937 [DEBUG]  		Due to histograms leaf size was reduced by 3.38%
2025-04-22 15:22:39,984 [DEBUG]  		 created leaf IdentityNumericLeaf for scope=[3] (in 0.05927 secs)
2025-04-22 15:22:39,988 [DEBUG]  OP: Operation.SPLIT_ROWS on slice (331380, 2) (remaining tasks 1)
2025-04-22 15:22:40,468 [DEBUG]  		found 2 row clusters (in 0.47931 secs)
2025-04-22 15:22:40,469 [DEBUG]  OP: Operation.SPLIT_ROWS on slice (103494, 2) (remaining tasks 2)
2025-04-22 15:22:40,873 [DEBUG]  		found 2 row clusters (in 0.40384 secs)
2025-04-22 15:22:40,879 [DEBUG]  OP: Operation.SPLIT_COLUMNS on slice (114267, 2) (remaining tasks 3)
2025-04-22 15:22:40,989 [DEBUG]  		found 2 col clusters (in 0.10952 secs)
2025-04-22 15:22:41,009 [DEBUG]  OP: Operation.SPLIT_COLUMNS on slice (217113, 2) (remaining tasks 4)
2025-04-22 15:22:41,121 [DEBUG]  		found 2 col clusters (in 0.11232 secs)
2025-04-22 15:22:41,124 [DEBUG]  OP: Operation.SPLIT_COLUMNS on slice (21969, 2) (remaining tasks 5)
2025-04-22 15:22:41,236 [DEBUG]  		found 2 col clusters (in 0.11186 secs)
2025-04-22 15:22:41,244 [DEBUG]  OP: Operation.SPLIT_COLUMNS on slice (81525, 2) (remaining tasks 6)
2025-04-22 15:22:41,356 [DEBUG]  		found 1 col clusters (in 0.11186 secs)
2025-04-22 15:22:41,357 [DEBUG]  OP: Operation.CREATE_LEAF on slice (114267, 1) (remaining tasks 6)
2025-04-22 15:22:41,369 [DEBUG]  		Due to histograms leaf size was reduced by 4.18%
2025-04-22 15:22:41,416 [DEBUG]  		 created leaf IdentityNumericLeaf for scope=[1] (in 0.05930 secs)
2025-04-22 15:22:41,417 [DEBUG]  OP: Operation.CREATE_LEAF on slice (114267, 1) (remaining tasks 5)
2025-04-22 15:22:41,429 [DEBUG]  		Due to histograms leaf size was reduced by 3.43%
2025-04-22 15:22:41,476 [DEBUG]  		 created leaf IdentityNumericLeaf for scope=[2] (in 0.05935 secs)
2025-04-22 15:22:41,476 [DEBUG]  OP: Operation.CREATE_LEAF on slice (217113, 1) (remaining tasks 4)
2025-04-22 15:22:41,496 [DEBUG]  		Due to histograms leaf size was reduced by 48.94%
2025-04-22 15:22:41,527 [DEBUG]  		 created leaf IdentityNumericLeaf for scope=[1] (in 0.05054 secs)
2025-04-22 15:22:41,527 [DEBUG]  OP: Operation.CREATE_LEAF on slice (217113, 1) (remaining tasks 3)
2025-04-22 15:22:41,547 [DEBUG]  		Due to histograms leaf size was reduced by 48.94%
2025-04-22 15:22:41,578 [DEBUG]  		 created leaf IdentityNumericLeaf for scope=[2] (in 0.05068 secs)
2025-04-22 15:22:41,578 [DEBUG]  OP: Operation.CREATE_LEAF on slice (21969, 1) (remaining tasks 2)
2025-04-22 15:22:41,585 [DEBUG]  		 created leaf IdentityNumericLeaf for scope=[1] (in 0.00710 secs)
2025-04-22 15:22:41,585 [DEBUG]  OP: Operation.CREATE_LEAF on slice (21969, 1) (remaining tasks 1)
2025-04-22 15:22:41,592 [DEBUG]  		 created leaf IdentityNumericLeaf for scope=[2] (in 0.00715 secs)
2025-04-22 15:22:41,597 [DEBUG]  OP: Operation.SPLIT_ROWS on slice (81525, 2) (remaining tasks 0)
2025-04-22 15:22:42,036 [DEBUG]  		found 2 row clusters (in 0.43874 secs)
2025-04-22 15:22:42,039 [DEBUG]  OP: Operation.SPLIT_COLUMNS on slice (49854, 2) (remaining tasks 1)
2025-04-22 15:22:42,148 [DEBUG]  		found 1 col clusters (in 0.10924 secs)
2025-04-22 15:22:42,152 [DEBUG]  OP: Operation.SPLIT_COLUMNS on slice (31671, 2) (remaining tasks 1)
2025-04-22 15:22:42,264 [DEBUG]  		found 1 col clusters (in 0.11152 secs)
2025-04-22 15:22:42,269 [DEBUG]  OP: Operation.SPLIT_ROWS on slice (49854, 2) (remaining tasks 1)
2025-04-22 15:22:42,580 [DEBUG]  		found 2 row clusters (in 0.31126 secs)
2025-04-22 15:22:42,582 [DEBUG]  OP: Operation.SPLIT_ROWS on slice (31671, 2) (remaining tasks 2)
2025-04-22 15:22:42,717 [DEBUG]  		found 2 row clusters (in 0.13455 secs)
2025-04-22 15:22:42,719 [DEBUG]  OP: Operation.SPLIT_COLUMNS on slice (34386, 2) (remaining tasks 3)
2025-04-22 15:22:42,829 [DEBUG]  		found 1 col clusters (in 0.10963 secs)
2025-04-22 15:22:42,830 [DEBUG]  OP: Operation.SPLIT_COLUMNS on slice (15468, 2) (remaining tasks 3)
2025-04-22 15:22:42,942 [DEBUG]  		found 1 col clusters (in 0.11129 secs)
2025-04-22 15:22:42,944 [DEBUG]  OP: Operation.SPLIT_COLUMNS on slice (13663, 2) (remaining tasks 3)
2025-04-22 15:22:43,055 [DEBUG]  		found 1 col clusters (in 0.11138 secs)
2025-04-22 15:22:43,058 [DEBUG]  OP: Operation.SPLIT_COLUMNS on slice (18008, 2) (remaining tasks 3)
2025-04-22 15:22:43,170 [DEBUG]  		found 1 col clusters (in 0.11173 secs)
2025-04-22 15:22:43,173 [DEBUG]  OP: Operation.SPLIT_ROWS on slice (34386, 2) (remaining tasks 3)
2025-04-22 15:22:43,366 [DEBUG]  		found 2 row clusters (in 0.19280 secs)
2025-04-22 15:22:43,368 [DEBUG]  OP: Operation.SPLIT_ROWS on slice (15468, 2) (remaining tasks 4)
2025-04-22 15:22:43,451 [DEBUG]  		found 2 row clusters (in 0.08296 secs)
2025-04-22 15:22:43,453 [DEBUG]  OP: Operation.SPLIT_ROWS on slice (13663, 2) (remaining tasks 5)
2025-04-22 15:22:43,506 [DEBUG]  		found 2 row clusters (in 0.05336 secs)
2025-04-22 15:22:43,507 [DEBUG]  OP: Operation.SPLIT_ROWS on slice (18008, 2) (remaining tasks 6)
2025-04-22 15:22:43,586 [DEBUG]  		found 2 row clusters (in 0.07824 secs)
2025-04-22 15:22:43,587 [DEBUG]  OP: Operation.SPLIT_COLUMNS on slice (28227, 2) (remaining tasks 7)
2025-04-22 15:22:43,696 [DEBUG]  		found 1 col clusters (in 0.10874 secs)
2025-04-22 15:22:43,697 [DEBUG]  OP: Operation.SPLIT_COLUMNS on slice (6159, 2) (remaining tasks 7)
2025-04-22 15:22:43,806 [DEBUG]  		found 2 col clusters (in 0.10830 secs)
2025-04-22 15:22:43,807 [DEBUG]  OP: Operation.SPLIT_COLUMNS on slice (8713, 2) (remaining tasks 8)
2025-04-22 15:22:43,917 [DEBUG]  		found 1 col clusters (in 0.10951 secs)
2025-04-22 15:22:43,918 [DEBUG]  OP: Operation.SPLIT_COLUMNS on slice (6755, 2) (remaining tasks 8)
2025-04-22 15:22:44,027 [DEBUG]  		found 1 col clusters (in 0.10840 secs)
2025-04-22 15:22:44,028 [DEBUG]  OP: Operation.SPLIT_COLUMNS on slice (7515, 2) (remaining tasks 8)
2025-04-22 15:22:44,137 [DEBUG]  		found 1 col clusters (in 0.10910 secs)
2025-04-22 15:22:44,138 [DEBUG]  OP: Operation.SPLIT_COLUMNS on slice (6148, 2) (remaining tasks 8)
2025-04-22 15:22:44,247 [DEBUG]  		found 1 col clusters (in 0.10816 secs)
2025-04-22 15:22:44,249 [DEBUG]  OP: Operation.SPLIT_COLUMNS on slice (16704, 2) (remaining tasks 8)
2025-04-22 15:22:44,361 [DEBUG]  		found 1 col clusters (in 0.11187 secs)
2025-04-22 15:22:44,361 [DEBUG]  OP: Operation.NAIVE_FACTORIZATION on slice (1304, 2) (remaining tasks 8)
2025-04-22 15:22:44,377 [DEBUG]  		naive factorization 2 columns (in 0.01546 secs)
2025-04-22 15:22:44,380 [DEBUG]  OP: Operation.SPLIT_ROWS on slice (28227, 2) (remaining tasks 7)
2025-04-22 15:22:44,509 [DEBUG]  		found 2 row clusters (in 0.12900 secs)
2025-04-22 15:22:44,509 [DEBUG]  OP: Operation.CREATE_LEAF on slice (6159, 1) (remaining tasks 8)
2025-04-22 15:22:44,511 [DEBUG]  		 created leaf IdentityNumericLeaf for scope=[1] (in 0.00228 secs)
2025-04-22 15:22:44,512 [DEBUG]  OP: Operation.CREATE_LEAF on slice (6159, 1) (remaining tasks 7)
2025-04-22 15:22:44,514 [DEBUG]  		 created leaf IdentityNumericLeaf for scope=[2] (in 0.00233 secs)
2025-04-22 15:22:44,515 [DEBUG]  OP: Operation.SPLIT_ROWS on slice (8713, 2) (remaining tasks 6)
2025-04-22 15:22:44,562 [DEBUG]  		found 2 row clusters (in 0.04704 secs)
2025-04-22 15:22:44,562 [DEBUG]  OP: Operation.SPLIT_ROWS on slice (6755, 2) (remaining tasks 7)
2025-04-22 15:22:44,615 [DEBUG]  		found 2 row clusters (in 0.05204 secs)
2025-04-22 15:22:44,615 [DEBUG]  OP: Operation.SPLIT_ROWS on slice (7515, 2) (remaining tasks 8)
2025-04-22 15:22:44,655 [DEBUG]  		found 2 row clusters (in 0.03985 secs)
2025-04-22 15:22:44,656 [DEBUG]  OP: Operation.SPLIT_ROWS on slice (6148, 2) (remaining tasks 9)
2025-04-22 15:22:44,691 [DEBUG]  		found 2 row clusters (in 0.03525 secs)
2025-04-22 15:22:44,692 [DEBUG]  OP: Operation.SPLIT_ROWS on slice (16704, 2) (remaining tasks 10)
2025-04-22 15:22:44,759 [DEBUG]  		found 2 row clusters (in 0.06637 secs)
2025-04-22 15:22:44,759 [DEBUG]  OP: Operation.SPLIT_COLUMNS on slice (4640, 2) (remaining tasks 11)
2025-04-22 15:22:44,866 [DEBUG]  		found 2 col clusters (in 0.10635 secs)
2025-04-22 15:22:44,867 [DEBUG]  OP: Operation.SPLIT_COLUMNS on slice (23587, 2) (remaining tasks 12)
2025-04-22 15:22:44,978 [DEBUG]  		found 2 col clusters (in 0.11001 secs)
2025-04-22 15:22:44,978 [DEBUG]  OP: Operation.SPLIT_COLUMNS on slice (5359, 2) (remaining tasks 13)
2025-04-22 15:22:45,086 [DEBUG]  		found 1 col clusters (in 0.10755 secs)
2025-04-22 15:22:45,087 [DEBUG]  OP: Operation.NAIVE_FACTORIZATION on slice (3354, 2) (remaining tasks 13)
2025-04-22 15:22:45,184 [DEBUG]  		naive factorization 2 columns (in 0.09655 secs)
2025-04-22 15:22:45,184 [DEBUG]  OP: Operation.NAIVE_FACTORIZATION on slice (2402, 2) (remaining tasks 12)
2025-04-22 15:22:45,256 [DEBUG]  		naive factorization 2 columns (in 0.07159 secs)
2025-04-22 15:22:45,257 [DEBUG]  OP: Operation.SPLIT_COLUMNS on slice (4353, 2) (remaining tasks 11)
2025-04-22 15:22:45,371 [DEBUG]  		found 1 col clusters (in 0.11380 secs)
2025-04-22 15:22:45,372 [DEBUG]  OP: Operation.SPLIT_COLUMNS on slice (5010, 2) (remaining tasks 11)
2025-04-22 15:22:45,480 [DEBUG]  		found 2 col clusters (in 0.10797 secs)
2025-04-22 15:22:45,481 [DEBUG]  OP: Operation.NAIVE_FACTORIZATION on slice (2505, 2) (remaining tasks 12)
2025-04-22 15:22:45,573 [DEBUG]  		naive factorization 2 columns (in 0.09231 secs)
2025-04-22 15:22:45,574 [DEBUG]  OP: Operation.NAIVE_FACTORIZATION on slice (2516, 2) (remaining tasks 11)
2025-04-22 15:22:45,647 [DEBUG]  		naive factorization 2 columns (in 0.07285 secs)
2025-04-22 15:22:45,648 [DEBUG]  OP: Operation.NAIVE_FACTORIZATION on slice (3632, 2) (remaining tasks 10)
2025-04-22 15:22:45,753 [DEBUG]  		naive factorization 2 columns (in 0.10528 secs)
2025-04-22 15:22:45,755 [DEBUG]  OP: Operation.SPLIT_COLUMNS on slice (12350, 2) (remaining tasks 9)
2025-04-22 15:22:45,873 [DEBUG]  		found 2 col clusters (in 0.11763 secs)
2025-04-22 15:22:45,874 [DEBUG]  OP: Operation.SPLIT_COLUMNS on slice (4354, 2) (remaining tasks 10)
2025-04-22 15:22:45,981 [DEBUG]  		found 1 col clusters (in 0.10707 secs)
2025-04-22 15:22:45,981 [DEBUG]  OP: Operation.CREATE_LEAF on slice (4640, 1) (remaining tasks 10)
2025-04-22 15:22:45,984 [DEBUG]  		 created leaf IdentityNumericLeaf for scope=[1] (in 0.00262 secs)
2025-04-22 15:22:45,984 [DEBUG]  OP: Operation.CREATE_LEAF on slice (4640, 1) (remaining tasks 9)
2025-04-22 15:22:45,987 [DEBUG]  		 created leaf IdentityNumericLeaf for scope=[2] (in 0.00270 secs)
2025-04-22 15:22:45,987 [DEBUG]  OP: Operation.CREATE_LEAF on slice (23587, 1) (remaining tasks 8)
2025-04-22 15:22:45,999 [DEBUG]  		 created leaf IdentityNumericLeaf for scope=[1] (in 0.01161 secs)
2025-04-22 15:22:45,999 [DEBUG]  OP: Operation.CREATE_LEAF on slice (23587, 1) (remaining tasks 7)
2025-04-22 15:22:46,011 [DEBUG]  		 created leaf IdentityNumericLeaf for scope=[2] (in 0.01160 secs)
2025-04-22 15:22:46,011 [DEBUG]  OP: Operation.SPLIT_ROWS on slice (5359, 2) (remaining tasks 6)
2025-04-22 15:22:46,094 [DEBUG]  		found 2 row clusters (in 0.08261 secs)
2025-04-22 15:22:46,095 [DEBUG]  OP: Operation.SPLIT_ROWS on slice (4353, 2) (remaining tasks 7)
2025-04-22 15:22:46,126 [DEBUG]  		found 2 row clusters (in 0.03170 secs)
2025-04-22 15:22:46,126 [DEBUG]  OP: Operation.CREATE_LEAF on slice (5010, 1) (remaining tasks 8)
2025-04-22 15:22:46,128 [DEBUG]  		 created leaf IdentityNumericLeaf for scope=[1] (in 0.00179 secs)
2025-04-22 15:22:46,128 [DEBUG]  OP: Operation.CREATE_LEAF on slice (5010, 1) (remaining tasks 7)
2025-04-22 15:22:46,130 [DEBUG]  		 created leaf IdentityNumericLeaf for scope=[2] (in 0.00181 secs)
2025-04-22 15:22:46,130 [DEBUG]  OP: Operation.CREATE_LEAF on slice (12350, 1) (remaining tasks 6)
2025-04-22 15:22:46,135 [DEBUG]  		 created leaf IdentityNumericLeaf for scope=[1] (in 0.00408 secs)
2025-04-22 15:22:46,135 [DEBUG]  OP: Operation.CREATE_LEAF on slice (12350, 1) (remaining tasks 5)
2025-04-22 15:22:46,139 [DEBUG]  		 created leaf IdentityNumericLeaf for scope=[2] (in 0.00406 secs)
2025-04-22 15:22:46,139 [DEBUG]  OP: Operation.SPLIT_ROWS on slice (4354, 2) (remaining tasks 4)
2025-04-22 15:22:46,166 [DEBUG]  		found 2 row clusters (in 0.02686 secs)
2025-04-22 15:22:46,167 [DEBUG]  OP: Operation.NAIVE_FACTORIZATION on slice (890, 2) (remaining tasks 5)
2025-04-22 15:22:46,175 [DEBUG]  		naive factorization 2 columns (in 0.00837 secs)
2025-04-22 15:22:46,176 [DEBUG]  OP: Operation.SPLIT_COLUMNS on slice (4469, 2) (remaining tasks 4)
2025-04-22 15:22:46,282 [DEBUG]  		found 1 col clusters (in 0.10609 secs)
2025-04-22 15:22:46,282 [DEBUG]  OP: Operation.NAIVE_FACTORIZATION on slice (2019, 2) (remaining tasks 4)
2025-04-22 15:22:46,372 [DEBUG]  		naive factorization 2 columns (in 0.08968 secs)
2025-04-22 15:22:46,373 [DEBUG]  OP: Operation.NAIVE_FACTORIZATION on slice (2334, 2) (remaining tasks 3)
2025-04-22 15:22:46,461 [DEBUG]  		naive factorization 2 columns (in 0.08802 secs)
2025-04-22 15:22:46,461 [DEBUG]  OP: Operation.NAIVE_FACTORIZATION on slice (1786, 2) (remaining tasks 2)
2025-04-22 15:22:46,476 [DEBUG]  		naive factorization 2 columns (in 0.01483 secs)
2025-04-22 15:22:46,477 [DEBUG]  OP: Operation.NAIVE_FACTORIZATION on slice (2568, 2) (remaining tasks 1)
2025-04-22 15:22:46,568 [DEBUG]  		naive factorization 2 columns (in 0.09028 secs)
2025-04-22 15:22:46,568 [DEBUG]  OP: Operation.SPLIT_ROWS on slice (4469, 2) (remaining tasks 0)
2025-04-22 15:22:46,619 [DEBUG]  		found 2 row clusters (in 0.05081 secs)
2025-04-22 15:22:46,619 [DEBUG]  OP: Operation.NAIVE_FACTORIZATION on slice (2051, 2) (remaining tasks 1)
2025-04-22 15:22:46,713 [DEBUG]  		naive factorization 2 columns (in 0.09363 secs)
2025-04-22 15:22:46,714 [DEBUG]  OP: Operation.NAIVE_FACTORIZATION on slice (2418, 2) (remaining tasks 0)
2025-04-22 15:22:46,811 [DEBUG]  		naive factorization 2 columns (in 0.09693 secs)
2025-04-22 15:22:58,530 [DEBUG]  Built SPN in 20.566957969989744 sec
2025-04-22 15:22:58,530 [INFO ]  Saving ensemble to /home/dafn/card/deepcard/collected_temp_benchmarks/spn_ensembles/3D Road Network (North Jutland, Denmark)/ensemble_single_d_spatial_network_10000000.pkl
