2025-04-22 15:19:31,465 [INFO ]  Creating naive ensemble.
2025-04-22 15:19:31,465 [INFO ]  Learning SPN for d_spatial_network.
2025-04-22 15:19:31,465 [DEBUG]  generate_join_sample(single_table=d_spatial_network, relationship_list=None, split_condition=None)
2025-04-22 15:19:31,523 [DEBUG]  Using min_instance_slice parameter 4348.74.
2025-04-22 15:19:31,523 [INFO ]  SPN training phase with 434874 samples
2025-04-22 15:19:31,619 [DEBUG]  Built domains in 0.0941866169887362 sec
2025-04-22 15:19:31,984 [DEBUG]  CACHEDIR=/home/dafn/.cache/matplotlib
2025-04-22 15:19:31,986 [DEBUG]  Using fontManager instance from /home/dafn/.cache/matplotlib/fontlist-v300.json
2025-04-22 15:19:32,080 [DEBUG]  Loaded backend qt5agg version unknown.
2025-04-22 15:19:32,111 [DEBUG]  Loaded backend qt5agg version unknown.
2025-04-22 15:19:32,111 [DEBUG]  Loaded backend qt4agg version unknown.
2025-04-22 15:19:32,118 [DEBUG]  Loaded backend tkagg version unknown.
2025-04-22 15:19:32,119 [DEBUG]  Loaded backend agg version unknown.
2025-04-22 15:19:32,119 [DEBUG]  Loaded backend agg version unknown.
2025-04-22 15:19:32,128 [DEBUG]  OP: Operation.SPLIT_ROWS on slice (434874, 4) (remaining tasks 0)
2025-04-22 15:19:32,545 [DEBUG]  		found 2 row clusters (in 0.41647 secs)
2025-04-22 15:19:32,564 [DEBUG]  OP: Operation.SPLIT_COLUMNS on slice (331380, 4) (remaining tasks 1)
2025-04-22 15:19:32,796 [DEBUG]  		found 2 col clusters (in 0.23188 secs)
2025-04-22 15:19:32,806 [DEBUG]  OP: Operation.SPLIT_COLUMNS on slice (103494, 4) (remaining tasks 2)
2025-04-22 15:19:33,142 [DEBUG]  		found 3 col clusters (in 0.33504 secs)
2025-04-22 15:19:33,142 [DEBUG]  OP: Operation.CREATE_LEAF on slice (331380, 1) (remaining tasks 4)
2025-04-22 15:19:33,245 [DEBUG]  		 created leaf IdentityNumericLeaf for scope=[0] (in 0.10317 secs)
2025-04-22 15:19:33,250 [DEBUG]  OP: Operation.SPLIT_COLUMNS on slice (331380, 3) (remaining tasks 3)
2025-04-22 15:19:33,383 [DEBUG]  		found 1 col clusters (in 0.13237 secs)
2025-04-22 15:19:33,383 [DEBUG]  OP: Operation.CREATE_LEAF on slice (103494, 1) (remaining tasks 3)
2025-04-22 15:19:33,394 [DEBUG]  		 created leaf IdentityNumericLeaf for scope=[0] (in 0.01121 secs)
2025-04-22 15:19:33,395 [DEBUG]  OP: Operation.SPLIT_COLUMNS on slice (103494, 2) (remaining tasks 2)
2025-04-22 15:19:33,624 [DEBUG]  		found 1 col clusters (in 0.22818 secs)
2025-04-22 15:19:33,624 [DEBUG]  OP: Operation.CREATE_LEAF on slice (103494, 1) (remaining tasks 2)
2025-04-22 15:19:33,634 [DEBUG]  		Due to histograms leaf size was reduced by 3.38%
2025-04-22 15:19:33,672 [DEBUG]  		 created leaf IdentityNumericLeaf for scope=[3] (in 0.04812 secs)
2025-04-22 15:19:33,677 [DEBUG]  OP: Operation.SPLIT_ROWS on slice (331380, 3) (remaining tasks 1)
2025-04-22 15:19:34,200 [DEBUG]  		found 2 row clusters (in 0.52269 secs)
2025-04-22 15:19:34,201 [DEBUG]  OP: Operation.SPLIT_ROWS on slice (103494, 2) (remaining tasks 2)
2025-04-22 15:19:34,608 [DEBUG]  		found 2 row clusters (in 0.40722 secs)
2025-04-22 15:19:34,614 [DEBUG]  OP: Operation.SPLIT_COLUMNS on slice (92840, 3) (remaining tasks 3)
2025-04-22 15:19:34,826 [DEBUG]  		found 1 col clusters (in 0.21264 secs)
2025-04-22 15:19:34,849 [DEBUG]  OP: Operation.SPLIT_COLUMNS on slice (238540, 3) (remaining tasks 3)
2025-04-22 15:19:35,029 [DEBUG]  		found 2 col clusters (in 0.17973 secs)
2025-04-22 15:19:35,032 [DEBUG]  OP: Operation.SPLIT_COLUMNS on slice (21969, 2) (remaining tasks 4)
2025-04-22 15:19:35,271 [DEBUG]  		found 1 col clusters (in 0.23881 secs)
2025-04-22 15:19:35,279 [DEBUG]  OP: Operation.SPLIT_COLUMNS on slice (81525, 2) (remaining tasks 4)
2025-04-22 15:19:35,391 [DEBUG]  		found 1 col clusters (in 0.11222 secs)
2025-04-22 15:19:35,401 [DEBUG]  OP: Operation.SPLIT_ROWS on slice (92840, 3) (remaining tasks 4)
2025-04-22 15:19:35,851 [DEBUG]  		found 2 row clusters (in 0.44979 secs)
2025-04-22 15:19:35,852 [DEBUG]  OP: Operation.SPLIT_COLUMNS on slice (238540, 2) (remaining tasks 5)
2025-04-22 15:19:35,962 [DEBUG]  		found 1 col clusters (in 0.10975 secs)
2025-04-22 15:19:35,962 [DEBUG]  OP: Operation.CREATE_LEAF on slice (238540, 1) (remaining tasks 5)
2025-04-22 15:19:35,993 [DEBUG]  		Due to histograms leaf size was reduced by 58.08%
2025-04-22 15:19:36,041 [DEBUG]  		 created leaf IdentityNumericLeaf for scope=[3] (in 0.07914 secs)
2025-04-22 15:19:36,044 [DEBUG]  OP: Operation.SPLIT_ROWS on slice (21969, 2) (remaining tasks 4)
2025-04-22 15:19:36,178 [DEBUG]  		found 2 row clusters (in 0.13392 secs)
2025-04-22 15:19:36,186 [DEBUG]  OP: Operation.SPLIT_ROWS on slice (81525, 2) (remaining tasks 5)
2025-04-22 15:19:36,631 [DEBUG]  		found 2 row clusters (in 0.44490 secs)
2025-04-22 15:19:36,633 [DEBUG]  OP: Operation.SPLIT_COLUMNS on slice (26537, 3) (remaining tasks 6)
2025-04-22 15:19:36,745 [DEBUG]  		found 2 col clusters (in 0.11190 secs)
2025-04-22 15:19:36,752 [DEBUG]  OP: Operation.SPLIT_COLUMNS on slice (66303, 3) (remaining tasks 7)
2025-04-22 15:19:36,963 [DEBUG]  		found 2 col clusters (in 0.21126 secs)
2025-04-22 15:19:36,965 [DEBUG]  OP: Operation.SPLIT_ROWS on slice (238540, 2) (remaining tasks 8)
2025-04-22 15:19:37,425 [DEBUG]  		found 2 row clusters (in 0.45937 secs)
2025-04-22 15:19:37,426 [DEBUG]  OP: Operation.SPLIT_COLUMNS on slice (12119, 2) (remaining tasks 9)
2025-04-22 15:19:37,535 [DEBUG]  		found 1 col clusters (in 0.10952 secs)
2025-04-22 15:19:37,537 [DEBUG]  OP: Operation.SPLIT_COLUMNS on slice (9850, 2) (remaining tasks 9)
2025-04-22 15:19:37,648 [DEBUG]  		found 1 col clusters (in 0.11040 secs)
2025-04-22 15:19:37,653 [DEBUG]  OP: Operation.SPLIT_COLUMNS on slice (49854, 2) (remaining tasks 9)
2025-04-22 15:19:37,765 [DEBUG]  		found 1 col clusters (in 0.11180 secs)
2025-04-22 15:19:37,768 [DEBUG]  OP: Operation.SPLIT_COLUMNS on slice (31671, 2) (remaining tasks 9)
2025-04-22 15:19:37,881 [DEBUG]  		found 1 col clusters (in 0.11190 secs)
2025-04-22 15:19:37,881 [DEBUG]  OP: Operation.SPLIT_COLUMNS on slice (26537, 2) (remaining tasks 9)
2025-04-22 15:19:37,993 [DEBUG]  		found 1 col clusters (in 0.11180 secs)
2025-04-22 15:19:37,994 [DEBUG]  OP: Operation.CREATE_LEAF on slice (26537, 1) (remaining tasks 9)
2025-04-22 15:19:38,009 [DEBUG]  		 created leaf IdentityNumericLeaf for scope=[3] (in 0.01534 secs)
2025-04-22 15:19:38,010 [DEBUG]  OP: Operation.SPLIT_COLUMNS on slice (66303, 2) (remaining tasks 8)
2025-04-22 15:19:38,122 [DEBUG]  		found 1 col clusters (in 0.11208 secs)
2025-04-22 15:19:38,123 [DEBUG]  OP: Operation.CREATE_LEAF on slice (66303, 1) (remaining tasks 8)
2025-04-22 15:19:38,160 [DEBUG]  		 created leaf IdentityNumericLeaf for scope=[3] (in 0.03768 secs)
2025-04-22 15:19:38,175 [DEBUG]  OP: Operation.SPLIT_COLUMNS on slice (146310, 2) (remaining tasks 7)
2025-04-22 15:19:38,287 [DEBUG]  		found 1 col clusters (in 0.11259 secs)
2025-04-22 15:19:38,297 [DEBUG]  OP: Operation.SPLIT_COLUMNS on slice (92230, 2) (remaining tasks 7)
2025-04-22 15:19:38,409 [DEBUG]  		found 2 col clusters (in 0.11234 secs)
2025-04-22 15:19:38,411 [DEBUG]  OP: Operation.SPLIT_ROWS on slice (12119, 2) (remaining tasks 8)
2025-04-22 15:19:38,531 [DEBUG]  		found 2 row clusters (in 0.11985 secs)
2025-04-22 15:19:38,532 [DEBUG]  OP: Operation.SPLIT_ROWS on slice (9850, 2) (remaining tasks 9)
2025-04-22 15:19:38,592 [DEBUG]  		found 2 row clusters (in 0.06016 secs)
2025-04-22 15:19:38,595 [DEBUG]  OP: Operation.SPLIT_ROWS on slice (49854, 2) (remaining tasks 10)
2025-04-22 15:19:38,896 [DEBUG]  		found 2 row clusters (in 0.30057 secs)
2025-04-22 15:19:38,898 [DEBUG]  OP: Operation.SPLIT_ROWS on slice (31671, 2) (remaining tasks 11)
2025-04-22 15:19:39,033 [DEBUG]  		found 2 row clusters (in 0.13557 secs)
2025-04-22 15:19:39,034 [DEBUG]  OP: Operation.SPLIT_ROWS on slice (26537, 2) (remaining tasks 12)
2025-04-22 15:19:39,093 [DEBUG]  		found 2 row clusters (in 0.05926 secs)
2025-04-22 15:19:39,094 [DEBUG]  OP: Operation.SPLIT_ROWS on slice (66303, 2) (remaining tasks 13)
2025-04-22 15:19:39,504 [DEBUG]  		found 2 row clusters (in 0.41024 secs)
2025-04-22 15:19:39,512 [DEBUG]  OP: Operation.SPLIT_ROWS on slice (146310, 2) (remaining tasks 14)
2025-04-22 15:19:40,036 [DEBUG]  		found 2 row clusters (in 0.52415 secs)
2025-04-22 15:19:40,036 [DEBUG]  OP: Operation.CREATE_LEAF on slice (92230, 1) (remaining tasks 15)
2025-04-22 15:19:40,068 [DEBUG]  		 created leaf IdentityNumericLeaf for scope=[1] (in 0.03095 secs)
2025-04-22 15:19:40,068 [DEBUG]  OP: Operation.CREATE_LEAF on slice (92230, 1) (remaining tasks 14)
2025-04-22 15:19:40,099 [DEBUG]  		 created leaf IdentityNumericLeaf for scope=[2] (in 0.03161 secs)
2025-04-22 15:19:40,100 [DEBUG]  OP: Operation.NAIVE_FACTORIZATION on slice (3849, 2) (remaining tasks 13)
2025-04-22 15:19:40,206 [DEBUG]  		naive factorization 2 columns (in 0.10581 secs)
2025-04-22 15:19:40,207 [DEBUG]  OP: Operation.SPLIT_COLUMNS on slice (8270, 2) (remaining tasks 12)
2025-04-22 15:19:40,314 [DEBUG]  		found 1 col clusters (in 0.10748 secs)
2025-04-22 15:19:40,315 [DEBUG]  OP: Operation.SPLIT_COLUMNS on slice (4545, 2) (remaining tasks 12)
2025-04-22 15:19:40,423 [DEBUG]  		found 1 col clusters (in 0.10739 secs)
2025-04-22 15:19:40,424 [DEBUG]  OP: Operation.SPLIT_COLUMNS on slice (5305, 2) (remaining tasks 12)
2025-04-22 15:19:40,534 [DEBUG]  		found 2 col clusters (in 0.10973 secs)
2025-04-22 15:19:40,537 [DEBUG]  OP: Operation.SPLIT_COLUMNS on slice (34386, 2) (remaining tasks 13)
2025-04-22 15:19:40,650 [DEBUG]  		found 1 col clusters (in 0.11235 secs)
2025-04-22 15:19:40,652 [DEBUG]  OP: Operation.SPLIT_COLUMNS on slice (15468, 2) (remaining tasks 13)
2025-04-22 15:19:40,763 [DEBUG]  		found 1 col clusters (in 0.11147 secs)
2025-04-22 15:19:40,765 [DEBUG]  OP: Operation.SPLIT_COLUMNS on slice (13663, 2) (remaining tasks 13)
2025-04-22 15:19:40,877 [DEBUG]  		found 1 col clusters (in 0.11167 secs)
2025-04-22 15:19:40,879 [DEBUG]  OP: Operation.SPLIT_COLUMNS on slice (18008, 2) (remaining tasks 13)
2025-04-22 15:19:40,991 [DEBUG]  		found 1 col clusters (in 0.11164 secs)
2025-04-22 15:19:40,993 [DEBUG]  OP: Operation.SPLIT_COLUMNS on slice (12878, 2) (remaining tasks 13)
2025-04-22 15:19:41,104 [DEBUG]  		found 1 col clusters (in 0.11143 secs)
2025-04-22 15:19:41,106 [DEBUG]  OP: Operation.SPLIT_COLUMNS on slice (13659, 2) (remaining tasks 13)
2025-04-22 15:19:41,218 [DEBUG]  		found 1 col clusters (in 0.11169 secs)
2025-04-22 15:19:41,222 [DEBUG]  OP: Operation.SPLIT_COLUMNS on slice (42093, 2) (remaining tasks 13)
2025-04-22 15:19:41,334 [DEBUG]  		found 1 col clusters (in 0.11170 secs)
2025-04-22 15:19:41,337 [DEBUG]  OP: Operation.SPLIT_COLUMNS on slice (24210, 2) (remaining tasks 13)
2025-04-22 15:19:41,449 [DEBUG]  		found 1 col clusters (in 0.11199 secs)
2025-04-22 15:19:41,454 [DEBUG]  OP: Operation.SPLIT_COLUMNS on slice (48956, 2) (remaining tasks 13)
2025-04-22 15:19:41,566 [DEBUG]  		found 1 col clusters (in 0.11169 secs)
2025-04-22 15:19:41,576 [DEBUG]  OP: Operation.SPLIT_COLUMNS on slice (97354, 2) (remaining tasks 13)
2025-04-22 15:19:41,688 [DEBUG]  		found 1 col clusters (in 0.11195 secs)
2025-04-22 15:19:41,689 [DEBUG]  OP: Operation.SPLIT_ROWS on slice (8270, 2) (remaining tasks 13)
2025-04-22 15:19:41,791 [DEBUG]  		found 2 row clusters (in 0.10178 secs)
2025-04-22 15:19:41,792 [DEBUG]  OP: Operation.SPLIT_ROWS on slice (4545, 2) (remaining tasks 14)
2025-04-22 15:19:41,837 [DEBUG]  		found 2 row clusters (in 0.04487 secs)
2025-04-22 15:19:41,837 [DEBUG]  OP: Operation.CREATE_LEAF on slice (5305, 1) (remaining tasks 15)
2025-04-22 15:19:41,839 [DEBUG]  		 created leaf IdentityNumericLeaf for scope=[1] (in 0.00167 secs)
2025-04-22 15:19:41,839 [DEBUG]  OP: Operation.CREATE_LEAF on slice (5305, 1) (remaining tasks 14)
2025-04-22 15:19:41,841 [DEBUG]  		 created leaf IdentityNumericLeaf for scope=[2] (in 0.00177 secs)
2025-04-22 15:19:41,843 [DEBUG]  OP: Operation.SPLIT_ROWS on slice (34386, 2) (remaining tasks 13)
2025-04-22 15:19:42,030 [DEBUG]  		found 2 row clusters (in 0.18767 secs)
2025-04-22 15:19:42,032 [DEBUG]  OP: Operation.SPLIT_ROWS on slice (15468, 2) (remaining tasks 14)
2025-04-22 15:19:42,126 [DEBUG]  		found 2 row clusters (in 0.09329 secs)
2025-04-22 15:19:42,128 [DEBUG]  OP: Operation.SPLIT_ROWS on slice (13663, 2) (remaining tasks 15)
2025-04-22 15:19:42,182 [DEBUG]  		found 2 row clusters (in 0.05397 secs)
2025-04-22 15:19:42,183 [DEBUG]  OP: Operation.SPLIT_ROWS on slice (18008, 2) (remaining tasks 16)
2025-04-22 15:19:42,261 [DEBUG]  		found 2 row clusters (in 0.07822 secs)
2025-04-22 15:19:42,262 [DEBUG]  OP: Operation.SPLIT_ROWS on slice (12878, 2) (remaining tasks 17)
2025-04-22 15:19:42,339 [DEBUG]  		found 2 row clusters (in 0.07682 secs)
2025-04-22 15:19:42,340 [DEBUG]  OP: Operation.SPLIT_ROWS on slice (13659, 2) (remaining tasks 18)
2025-04-22 15:19:42,384 [DEBUG]  		found 2 row clusters (in 0.04419 secs)
2025-04-22 15:19:42,387 [DEBUG]  OP: Operation.SPLIT_ROWS on slice (42093, 2) (remaining tasks 19)
2025-04-22 15:19:42,490 [DEBUG]  		found 2 row clusters (in 0.10279 secs)
2025-04-22 15:19:42,491 [DEBUG]  OP: Operation.SPLIT_ROWS on slice (24210, 2) (remaining tasks 20)
2025-04-22 15:19:42,569 [DEBUG]  		found 2 row clusters (in 0.07752 secs)
2025-04-22 15:19:42,572 [DEBUG]  OP: Operation.SPLIT_ROWS on slice (48956, 2) (remaining tasks 21)
2025-04-22 15:19:42,721 [DEBUG]  		found 2 row clusters (in 0.14902 secs)
2025-04-22 15:19:42,726 [DEBUG]  OP: Operation.SPLIT_ROWS on slice (97354, 2) (remaining tasks 22)
2025-04-22 15:19:43,078 [DEBUG]  		found 2 row clusters (in 0.35122 secs)
2025-04-22 15:19:43,078 [DEBUG]  OP: Operation.NAIVE_FACTORIZATION on slice (2842, 2) (remaining tasks 23)
2025-04-22 15:19:43,173 [DEBUG]  		naive factorization 2 columns (in 0.09428 secs)
2025-04-22 15:19:43,173 [DEBUG]  OP: Operation.SPLIT_COLUMNS on slice (5428, 2) (remaining tasks 22)
2025-04-22 15:19:43,280 [DEBUG]  		found 1 col clusters (in 0.10638 secs)
2025-04-22 15:19:43,280 [DEBUG]  OP: Operation.NAIVE_FACTORIZATION on slice (2875, 2) (remaining tasks 22)
2025-04-22 15:19:43,377 [DEBUG]  		naive factorization 2 columns (in 0.09591 secs)
2025-04-22 15:19:43,377 [DEBUG]  OP: Operation.NAIVE_FACTORIZATION on slice (1670, 2) (remaining tasks 21)
2025-04-22 15:19:43,391 [DEBUG]  		naive factorization 2 columns (in 0.01334 secs)
2025-04-22 15:19:43,392 [DEBUG]  OP: Operation.SPLIT_COLUMNS on slice (28227, 2) (remaining tasks 20)
2025-04-22 15:19:43,501 [DEBUG]  		found 1 col clusters (in 0.10911 secs)
2025-04-22 15:19:43,503 [DEBUG]  OP: Operation.SPLIT_COLUMNS on slice (6159, 2) (remaining tasks 20)
2025-04-22 15:19:43,611 [DEBUG]  		found 1 col clusters (in 0.10822 secs)
2025-04-22 15:19:43,612 [DEBUG]  OP: Operation.SPLIT_COLUMNS on slice (8713, 2) (remaining tasks 20)
2025-04-22 15:19:43,722 [DEBUG]  		found 1 col clusters (in 0.10950 secs)
2025-04-22 15:19:43,723 [DEBUG]  OP: Operation.SPLIT_COLUMNS on slice (6755, 2) (remaining tasks 20)
2025-04-22 15:19:43,832 [DEBUG]  		found 1 col clusters (in 0.10848 secs)
2025-04-22 15:19:43,833 [DEBUG]  OP: Operation.SPLIT_COLUMNS on slice (7515, 2) (remaining tasks 20)
2025-04-22 15:19:43,942 [DEBUG]  		found 1 col clusters (in 0.10894 secs)
2025-04-22 15:19:43,943 [DEBUG]  OP: Operation.SPLIT_COLUMNS on slice (6148, 2) (remaining tasks 20)
2025-04-22 15:19:44,051 [DEBUG]  		found 1 col clusters (in 0.10798 secs)
2025-04-22 15:19:44,053 [DEBUG]  OP: Operation.SPLIT_COLUMNS on slice (16704, 2) (remaining tasks 20)
2025-04-22 15:19:44,165 [DEBUG]  		found 1 col clusters (in 0.11174 secs)
2025-04-22 15:19:44,166 [DEBUG]  OP: Operation.NAIVE_FACTORIZATION on slice (1304, 2) (remaining tasks 20)
2025-04-22 15:19:44,177 [DEBUG]  		naive factorization 2 columns (in 0.01122 secs)
2025-04-22 15:19:44,178 [DEBUG]  OP: Operation.SPLIT_COLUMNS on slice (8541, 2) (remaining tasks 19)
2025-04-22 15:19:44,288 [DEBUG]  		found 1 col clusters (in 0.10944 secs)
2025-04-22 15:19:44,289 [DEBUG]  OP: Operation.NAIVE_FACTORIZATION on slice (4337, 2) (remaining tasks 19)
2025-04-22 15:19:44,450 [DEBUG]  		naive factorization 2 columns (in 0.16106 secs)
2025-04-22 15:19:44,451 [DEBUG]  OP: Operation.SPLIT_COLUMNS on slice (12939, 2) (remaining tasks 18)
2025-04-22 15:19:44,562 [DEBUG]  		found 1 col clusters (in 0.11100 secs)
2025-04-22 15:19:44,562 [DEBUG]  OP: Operation.NAIVE_FACTORIZATION on slice (720, 2) (remaining tasks 18)
2025-04-22 15:19:44,569 [DEBUG]  		naive factorization 2 columns (in 0.00639 secs)
2025-04-22 15:19:44,572 [DEBUG]  OP: Operation.SPLIT_COLUMNS on slice (21462, 2) (remaining tasks 17)
2025-04-22 15:19:44,685 [DEBUG]  		found 1 col clusters (in 0.11311 secs)
2025-04-22 15:19:44,687 [DEBUG]  OP: Operation.SPLIT_COLUMNS on slice (20631, 2) (remaining tasks 17)
2025-04-22 15:19:44,799 [DEBUG]  		found 1 col clusters (in 0.11196 secs)
2025-04-22 15:19:44,801 [DEBUG]  OP: Operation.SPLIT_COLUMNS on slice (9551, 2) (remaining tasks 17)
2025-04-22 15:19:44,911 [DEBUG]  		found 1 col clusters (in 0.11019 secs)
2025-04-22 15:19:44,913 [DEBUG]  OP: Operation.SPLIT_COLUMNS on slice (14659, 2) (remaining tasks 17)
2025-04-22 15:19:45,025 [DEBUG]  		found 1 col clusters (in 0.11146 secs)
2025-04-22 15:19:45,029 [DEBUG]  OP: Operation.SPLIT_COLUMNS on slice (40130, 2) (remaining tasks 17)
2025-04-22 15:19:45,142 [DEBUG]  		found 1 col clusters (in 0.11208 secs)
2025-04-22 15:19:45,143 [DEBUG]  OP: Operation.SPLIT_COLUMNS on slice (8826, 2) (remaining tasks 17)
2025-04-22 15:19:45,253 [DEBUG]  		found 1 col clusters (in 0.10950 secs)
2025-04-22 15:19:45,257 [DEBUG]  OP: Operation.SPLIT_COLUMNS on slice (43503, 2) (remaining tasks 17)
2025-04-22 15:19:45,369 [DEBUG]  		found 1 col clusters (in 0.11163 secs)
2025-04-22 15:19:45,375 [DEBUG]  OP: Operation.SPLIT_COLUMNS on slice (53851, 2) (remaining tasks 17)
2025-04-22 15:19:45,487 [DEBUG]  		found 1 col clusters (in 0.11162 secs)
2025-04-22 15:19:45,488 [DEBUG]  OP: Operation.SPLIT_ROWS on slice (5428, 2) (remaining tasks 17)
2025-04-22 15:19:45,550 [DEBUG]  		found 2 row clusters (in 0.06193 secs)
2025-04-22 15:19:45,553 [DEBUG]  OP: Operation.SPLIT_ROWS on slice (28227, 2) (remaining tasks 18)
2025-04-22 15:19:45,704 [DEBUG]  		found 2 row clusters (in 0.15108 secs)
2025-04-22 15:19:45,705 [DEBUG]  OP: Operation.SPLIT_ROWS on slice (6159, 2) (remaining tasks 19)
2025-04-22 15:19:45,791 [DEBUG]  		found 2 row clusters (in 0.08534 secs)
2025-04-22 15:19:45,791 [DEBUG]  OP: Operation.SPLIT_ROWS on slice (8713, 2) (remaining tasks 20)
2025-04-22 15:19:45,838 [DEBUG]  		found 2 row clusters (in 0.04682 secs)
2025-04-22 15:19:45,839 [DEBUG]  OP: Operation.SPLIT_ROWS on slice (6755, 2) (remaining tasks 21)
2025-04-22 15:19:45,888 [DEBUG]  		found 2 row clusters (in 0.04840 secs)
2025-04-22 15:19:45,888 [DEBUG]  OP: Operation.SPLIT_ROWS on slice (7515, 2) (remaining tasks 22)
2025-04-22 15:19:45,920 [DEBUG]  		found 2 row clusters (in 0.03218 secs)
2025-04-22 15:19:45,921 [DEBUG]  OP: Operation.SPLIT_ROWS on slice (6148, 2) (remaining tasks 23)
2025-04-22 15:19:45,951 [DEBUG]  		found 2 row clusters (in 0.03029 secs)
2025-04-22 15:19:45,952 [DEBUG]  OP: Operation.SPLIT_ROWS on slice (16704, 2) (remaining tasks 24)
2025-04-22 15:19:46,020 [DEBUG]  		found 2 row clusters (in 0.06723 secs)
2025-04-22 15:19:46,020 [DEBUG]  OP: Operation.SPLIT_ROWS on slice (8541, 2) (remaining tasks 25)
2025-04-22 15:19:46,085 [DEBUG]  		found 2 row clusters (in 0.06444 secs)
2025-04-22 15:19:46,086 [DEBUG]  OP: Operation.SPLIT_ROWS on slice (12939, 2) (remaining tasks 26)
2025-04-22 15:19:46,183 [DEBUG]  		found 2 row clusters (in 0.09715 secs)
2025-04-22 15:19:46,184 [DEBUG]  OP: Operation.SPLIT_ROWS on slice (21462, 2) (remaining tasks 27)
2025-04-22 15:19:46,285 [DEBUG]  		found 2 row clusters (in 0.10096 secs)
2025-04-22 15:19:46,287 [DEBUG]  OP: Operation.SPLIT_ROWS on slice (20631, 2) (remaining tasks 28)
2025-04-22 15:19:46,382 [DEBUG]  		found 2 row clusters (in 0.09500 secs)
2025-04-22 15:19:46,383 [DEBUG]  OP: Operation.SPLIT_ROWS on slice (9551, 2) (remaining tasks 29)
2025-04-22 15:19:46,441 [DEBUG]  		found 2 row clusters (in 0.05850 secs)
2025-04-22 15:19:46,442 [DEBUG]  OP: Operation.SPLIT_ROWS on slice (14659, 2) (remaining tasks 30)
2025-04-22 15:19:46,559 [DEBUG]  		found 2 row clusters (in 0.11663 secs)
2025-04-22 15:19:46,562 [DEBUG]  OP: Operation.SPLIT_ROWS on slice (40130, 2) (remaining tasks 31)
2025-04-22 15:19:46,708 [DEBUG]  		found 2 row clusters (in 0.14613 secs)
2025-04-22 15:19:46,709 [DEBUG]  OP: Operation.SPLIT_ROWS on slice (8826, 2) (remaining tasks 32)
2025-04-22 15:19:46,757 [DEBUG]  		found 2 row clusters (in 0.04775 secs)
2025-04-22 15:19:46,759 [DEBUG]  OP: Operation.SPLIT_ROWS on slice (43503, 2) (remaining tasks 33)
2025-04-22 15:19:46,928 [DEBUG]  		found 2 row clusters (in 0.16848 secs)
2025-04-22 15:19:46,931 [DEBUG]  OP: Operation.SPLIT_ROWS on slice (53851, 2) (remaining tasks 34)
2025-04-22 15:19:47,209 [DEBUG]  		found 2 row clusters (in 0.27832 secs)
2025-04-22 15:19:47,210 [DEBUG]  OP: Operation.NAIVE_FACTORIZATION on slice (3548, 2) (remaining tasks 35)
2025-04-22 15:19:47,306 [DEBUG]  		naive factorization 2 columns (in 0.09577 secs)
2025-04-22 15:19:47,306 [DEBUG]  OP: Operation.NAIVE_FACTORIZATION on slice (1880, 2) (remaining tasks 34)
2025-04-22 15:19:47,392 [DEBUG]  		naive factorization 2 columns (in 0.08534 secs)
2025-04-22 15:19:47,392 [DEBUG]  OP: Operation.SPLIT_COLUMNS on slice (4640, 2) (remaining tasks 33)
2025-04-22 15:19:47,498 [DEBUG]  		found 1 col clusters (in 0.10532 secs)
2025-04-22 15:19:47,500 [DEBUG]  OP: Operation.SPLIT_COLUMNS on slice (23587, 2) (remaining tasks 33)
2025-04-22 15:19:47,612 [DEBUG]  		found 1 col clusters (in 0.11185 secs)
2025-04-22 15:19:47,613 [DEBUG]  OP: Operation.NAIVE_FACTORIZATION on slice (3701, 2) (remaining tasks 33)
2025-04-22 15:19:47,721 [DEBUG]  		naive factorization 2 columns (in 0.10753 secs)
2025-04-22 15:19:47,722 [DEBUG]  OP: Operation.NAIVE_FACTORIZATION on slice (2458, 2) (remaining tasks 32)
2025-04-22 15:19:47,791 [DEBUG]  		naive factorization 2 columns (in 0.06903 secs)
2025-04-22 15:19:47,792 [DEBUG]  OP: Operation.SPLIT_COLUMNS on slice (5359, 2) (remaining tasks 31)
2025-04-22 15:19:47,907 [DEBUG]  		found 1 col clusters (in 0.11480 secs)
2025-04-22 15:19:47,908 [DEBUG]  OP: Operation.NAIVE_FACTORIZATION on slice (3354, 2) (remaining tasks 31)
2025-04-22 15:19:48,005 [DEBUG]  		naive factorization 2 columns (in 0.09690 secs)
2025-04-22 15:19:48,005 [DEBUG]  OP: Operation.NAIVE_FACTORIZATION on slice (2402, 2) (remaining tasks 30)
2025-04-22 15:19:48,077 [DEBUG]  		naive factorization 2 columns (in 0.07184 secs)
2025-04-22 15:19:48,078 [DEBUG]  OP: Operation.SPLIT_COLUMNS on slice (4353, 2) (remaining tasks 29)
2025-04-22 15:19:48,193 [DEBUG]  		found 1 col clusters (in 0.11430 secs)
2025-04-22 15:19:48,194 [DEBUG]  OP: Operation.SPLIT_COLUMNS on slice (5010, 2) (remaining tasks 29)
2025-04-22 15:19:48,307 [DEBUG]  		found 1 col clusters (in 0.11328 secs)
2025-04-22 15:19:48,308 [DEBUG]  OP: Operation.NAIVE_FACTORIZATION on slice (2505, 2) (remaining tasks 29)
2025-04-22 15:19:48,402 [DEBUG]  		naive factorization 2 columns (in 0.09407 secs)
2025-04-22 15:19:48,403 [DEBUG]  OP: Operation.NAIVE_FACTORIZATION on slice (2516, 2) (remaining tasks 28)
2025-04-22 15:19:48,475 [DEBUG]  		naive factorization 2 columns (in 0.07202 secs)
2025-04-22 15:19:48,476 [DEBUG]  OP: Operation.NAIVE_FACTORIZATION on slice (3632, 2) (remaining tasks 27)
2025-04-22 15:19:48,499 [DEBUG]  		naive factorization 2 columns (in 0.02355 secs)
2025-04-22 15:19:48,501 [DEBUG]  OP: Operation.SPLIT_COLUMNS on slice (12350, 2) (remaining tasks 26)
2025-04-22 15:19:48,622 [DEBUG]  		found 1 col clusters (in 0.12008 secs)
2025-04-22 15:19:48,623 [DEBUG]  OP: Operation.SPLIT_COLUMNS on slice (4354, 2) (remaining tasks 26)
2025-04-22 15:19:48,730 [DEBUG]  		found 1 col clusters (in 0.10702 secs)
2025-04-22 15:19:48,730 [DEBUG]  OP: Operation.NAIVE_FACTORIZATION on slice (3476, 2) (remaining tasks 26)
2025-04-22 15:19:48,748 [DEBUG]  		naive factorization 2 columns (in 0.01727 secs)
2025-04-22 15:19:48,749 [DEBUG]  OP: Operation.SPLIT_COLUMNS on slice (5065, 2) (remaining tasks 25)
2025-04-22 15:19:48,857 [DEBUG]  		found 1 col clusters (in 0.10803 secs)
2025-04-22 15:19:48,858 [DEBUG]  OP: Operation.SPLIT_COLUMNS on slice (12557, 2) (remaining tasks 25)
2025-04-22 15:19:48,974 [DEBUG]  		found 1 col clusters (in 0.11550 secs)
2025-04-22 15:19:48,974 [DEBUG]  OP: Operation.NAIVE_FACTORIZATION on slice (382, 2) (remaining tasks 25)
2025-04-22 15:19:48,977 [DEBUG]  		naive factorization 2 columns (in 0.00312 secs)
2025-04-22 15:19:48,979 [DEBUG]  OP: Operation.SPLIT_COLUMNS on slice (9840, 2) (remaining tasks 24)
2025-04-22 15:19:49,089 [DEBUG]  		found 1 col clusters (in 0.11006 secs)
2025-04-22 15:19:49,091 [DEBUG]  OP: Operation.SPLIT_COLUMNS on slice (11622, 2) (remaining tasks 24)
2025-04-22 15:19:49,203 [DEBUG]  		found 1 col clusters (in 0.11160 secs)
2025-04-22 15:19:49,204 [DEBUG]  OP: Operation.SPLIT_COLUMNS on slice (9996, 2) (remaining tasks 24)
2025-04-22 15:19:49,314 [DEBUG]  		found 1 col clusters (in 0.11016 secs)
2025-04-22 15:19:49,316 [DEBUG]  OP: Operation.SPLIT_COLUMNS on slice (10635, 2) (remaining tasks 24)
2025-04-22 15:19:49,427 [DEBUG]  		found 1 col clusters (in 0.11136 secs)
2025-04-22 15:19:49,428 [DEBUG]  OP: Operation.NAIVE_FACTORIZATION on slice (3177, 2) (remaining tasks 24)
2025-04-22 15:19:49,555 [DEBUG]  		naive factorization 2 columns (in 0.12627 secs)
2025-04-22 15:19:49,555 [DEBUG]  OP: Operation.SPLIT_COLUMNS on slice (6374, 2) (remaining tasks 23)
2025-04-22 15:19:49,662 [DEBUG]  		found 1 col clusters (in 0.10708 secs)
2025-04-22 15:19:49,663 [DEBUG]  OP: Operation.NAIVE_FACTORIZATION on slice (3230, 2) (remaining tasks 23)
2025-04-22 15:19:49,759 [DEBUG]  		naive factorization 2 columns (in 0.09536 secs)
2025-04-22 15:19:49,760 [DEBUG]  OP: Operation.SPLIT_COLUMNS on slice (11429, 2) (remaining tasks 22)
2025-04-22 15:19:49,874 [DEBUG]  		found 2 col clusters (in 0.11322 secs)
2025-04-22 15:19:49,876 [DEBUG]  OP: Operation.SPLIT_COLUMNS on slice (16392, 2) (remaining tasks 23)
2025-04-22 15:19:49,988 [DEBUG]  		found 1 col clusters (in 0.11186 secs)
2025-04-22 15:19:49,991 [DEBUG]  OP: Operation.SPLIT_COLUMNS on slice (23738, 2) (remaining tasks 23)
2025-04-22 15:19:50,103 [DEBUG]  		found 1 col clusters (in 0.11161 secs)
2025-04-22 15:19:50,103 [DEBUG]  OP: Operation.NAIVE_FACTORIZATION on slice (2959, 2) (remaining tasks 23)
2025-04-22 15:19:50,118 [DEBUG]  		naive factorization 2 columns (in 0.01438 secs)
2025-04-22 15:19:50,119 [DEBUG]  OP: Operation.SPLIT_COLUMNS on slice (5867, 2) (remaining tasks 22)
2025-04-22 15:19:50,227 [DEBUG]  		found 1 col clusters (in 0.10801 secs)
2025-04-22 15:19:50,230 [DEBUG]  OP: Operation.SPLIT_COLUMNS on slice (21238, 2) (remaining tasks 22)
2025-04-22 15:19:50,341 [DEBUG]  		found 1 col clusters (in 0.11167 secs)
2025-04-22 15:19:50,344 [DEBUG]  OP: Operation.SPLIT_COLUMNS on slice (22265, 2) (remaining tasks 22)
2025-04-22 15:19:50,456 [DEBUG]  		found 1 col clusters (in 0.11156 secs)
2025-04-22 15:19:50,459 [DEBUG]  OP: Operation.SPLIT_COLUMNS on slice (30260, 2) (remaining tasks 22)
2025-04-22 15:19:50,571 [DEBUG]  		found 1 col clusters (in 0.11147 secs)
2025-04-22 15:19:50,574 [DEBUG]  OP: Operation.SPLIT_COLUMNS on slice (23591, 2) (remaining tasks 22)
2025-04-22 15:19:50,686 [DEBUG]  		found 1 col clusters (in 0.11169 secs)
2025-04-22 15:19:50,687 [DEBUG]  OP: Operation.SPLIT_ROWS on slice (4640, 2) (remaining tasks 22)
2025-04-22 15:19:50,773 [DEBUG]  		found 2 row clusters (in 0.08610 secs)
2025-04-22 15:19:50,776 [DEBUG]  OP: Operation.SPLIT_ROWS on slice (23587, 2) (remaining tasks 23)
2025-04-22 15:19:50,919 [DEBUG]  		found 2 row clusters (in 0.14337 secs)
2025-04-22 15:19:50,920 [DEBUG]  OP: Operation.SPLIT_ROWS on slice (5359, 2) (remaining tasks 24)
2025-04-22 15:19:50,987 [DEBUG]  		found 2 row clusters (in 0.06756 secs)
2025-04-22 15:19:50,988 [DEBUG]  OP: Operation.SPLIT_ROWS on slice (4353, 2) (remaining tasks 25)
2025-04-22 15:19:51,022 [DEBUG]  		found 2 row clusters (in 0.03442 secs)
2025-04-22 15:19:51,023 [DEBUG]  OP: Operation.SPLIT_ROWS on slice (5010, 2) (remaining tasks 26)
2025-04-22 15:19:51,060 [DEBUG]  		found 2 row clusters (in 0.03689 secs)
2025-04-22 15:19:51,061 [DEBUG]  OP: Operation.SPLIT_ROWS on slice (12350, 2) (remaining tasks 27)
2025-04-22 15:19:51,126 [DEBUG]  		found 2 row clusters (in 0.06471 secs)
2025-04-22 15:19:51,126 [DEBUG]  OP: Operation.SPLIT_ROWS on slice (4354, 2) (remaining tasks 28)
2025-04-22 15:19:51,153 [DEBUG]  		found 2 row clusters (in 0.02628 secs)
2025-04-22 15:19:51,153 [DEBUG]  OP: Operation.SPLIT_ROWS on slice (5065, 2) (remaining tasks 29)
2025-04-22 15:19:51,186 [DEBUG]  		found 2 row clusters (in 0.03311 secs)
2025-04-22 15:19:51,187 [DEBUG]  OP: Operation.SPLIT_ROWS on slice (12557, 2) (remaining tasks 30)
2025-04-22 15:19:51,276 [DEBUG]  		found 2 row clusters (in 0.08913 secs)
2025-04-22 15:19:51,277 [DEBUG]  OP: Operation.SPLIT_ROWS on slice (9840, 2) (remaining tasks 31)
2025-04-22 15:19:51,347 [DEBUG]  		found 2 row clusters (in 0.06938 secs)
2025-04-22 15:19:51,348 [DEBUG]  OP: Operation.SPLIT_ROWS on slice (11622, 2) (remaining tasks 32)
2025-04-22 15:19:51,408 [DEBUG]  		found 2 row clusters (in 0.06066 secs)
2025-04-22 15:19:51,409 [DEBUG]  OP: Operation.SPLIT_ROWS on slice (9996, 2) (remaining tasks 33)
2025-04-22 15:19:51,480 [DEBUG]  		found 2 row clusters (in 0.07066 secs)
2025-04-22 15:19:51,481 [DEBUG]  OP: Operation.SPLIT_ROWS on slice (10635, 2) (remaining tasks 34)
2025-04-22 15:19:51,547 [DEBUG]  		found 2 row clusters (in 0.06600 secs)
2025-04-22 15:19:51,547 [DEBUG]  OP: Operation.SPLIT_ROWS on slice (6374, 2) (remaining tasks 35)
2025-04-22 15:19:51,600 [DEBUG]  		found 2 row clusters (in 0.05277 secs)
2025-04-22 15:19:51,600 [DEBUG]  OP: Operation.CREATE_LEAF on slice (11429, 1) (remaining tasks 36)
2025-04-22 15:19:51,603 [DEBUG]  		 created leaf IdentityNumericLeaf for scope=[1] (in 0.00312 secs)
2025-04-22 15:19:51,603 [DEBUG]  OP: Operation.CREATE_LEAF on slice (11429, 1) (remaining tasks 35)
2025-04-22 15:19:51,607 [DEBUG]  		 created leaf IdentityNumericLeaf for scope=[2] (in 0.00331 secs)
2025-04-22 15:19:51,608 [DEBUG]  OP: Operation.SPLIT_ROWS on slice (16392, 2) (remaining tasks 34)
2025-04-22 15:19:51,676 [DEBUG]  		found 2 row clusters (in 0.06784 secs)
2025-04-22 15:19:51,677 [DEBUG]  OP: Operation.SPLIT_ROWS on slice (23738, 2) (remaining tasks 35)
2025-04-22 15:19:51,788 [DEBUG]  		found 2 row clusters (in 0.11052 secs)
2025-04-22 15:19:51,789 [DEBUG]  OP: Operation.SPLIT_ROWS on slice (5867, 2) (remaining tasks 36)
2025-04-22 15:19:51,828 [DEBUG]  		found 2 row clusters (in 0.03977 secs)
2025-04-22 15:19:51,830 [DEBUG]  OP: Operation.SPLIT_ROWS on slice (21238, 2) (remaining tasks 37)
2025-04-22 15:19:51,924 [DEBUG]  		found 2 row clusters (in 0.09421 secs)
2025-04-22 15:19:51,926 [DEBUG]  OP: Operation.SPLIT_ROWS on slice (22265, 2) (remaining tasks 38)
2025-04-22 15:19:52,069 [DEBUG]  		found 2 row clusters (in 0.14324 secs)
2025-04-22 15:19:52,071 [DEBUG]  OP: Operation.SPLIT_ROWS on slice (30260, 2) (remaining tasks 39)
2025-04-22 15:19:52,279 [DEBUG]  		found 2 row clusters (in 0.20782 secs)
2025-04-22 15:19:52,281 [DEBUG]  OP: Operation.SPLIT_ROWS on slice (23591, 2) (remaining tasks 40)
2025-04-22 15:19:52,375 [DEBUG]  		found 2 row clusters (in 0.09419 secs)
2025-04-22 15:19:52,375 [DEBUG]  OP: Operation.NAIVE_FACTORIZATION on slice (2325, 2) (remaining tasks 41)
2025-04-22 15:19:52,464 [DEBUG]  		naive factorization 2 columns (in 0.08810 secs)
2025-04-22 15:19:52,464 [DEBUG]  OP: Operation.NAIVE_FACTORIZATION on slice (2315, 2) (remaining tasks 40)
2025-04-22 15:19:52,475 [DEBUG]  		naive factorization 2 columns (in 0.01035 secs)
2025-04-22 15:19:52,476 [DEBUG]  OP: Operation.SPLIT_COLUMNS on slice (20626, 2) (remaining tasks 39)
2025-04-22 15:19:52,586 [DEBUG]  		found 1 col clusters (in 0.10984 secs)
2025-04-22 15:19:52,587 [DEBUG]  OP: Operation.NAIVE_FACTORIZATION on slice (2961, 2) (remaining tasks 39)
2025-04-22 15:19:52,604 [DEBUG]  		naive factorization 2 columns (in 0.01625 secs)
2025-04-22 15:19:52,604 [DEBUG]  OP: Operation.NAIVE_FACTORIZATION on slice (890, 2) (remaining tasks 38)
2025-04-22 15:19:52,610 [DEBUG]  		naive factorization 2 columns (in 0.00532 secs)
2025-04-22 15:19:52,611 [DEBUG]  OP: Operation.SPLIT_COLUMNS on slice (4469, 2) (remaining tasks 37)
2025-04-22 15:19:52,718 [DEBUG]  		found 1 col clusters (in 0.10762 secs)
2025-04-22 15:19:52,719 [DEBUG]  OP: Operation.NAIVE_FACTORIZATION on slice (2019, 2) (remaining tasks 37)
2025-04-22 15:19:52,728 [DEBUG]  		naive factorization 2 columns (in 0.00941 secs)
2025-04-22 15:19:52,729 [DEBUG]  OP: Operation.NAIVE_FACTORIZATION on slice (2334, 2) (remaining tasks 36)
2025-04-22 15:19:52,740 [DEBUG]  		naive factorization 2 columns (in 0.01070 secs)
2025-04-22 15:19:52,740 [DEBUG]  OP: Operation.NAIVE_FACTORIZATION on slice (2248, 2) (remaining tasks 35)
2025-04-22 15:19:52,750 [DEBUG]  		naive factorization 2 columns (in 0.00984 secs)
2025-04-22 15:19:52,751 [DEBUG]  OP: Operation.NAIVE_FACTORIZATION on slice (2762, 2) (remaining tasks 34)
2025-04-22 15:19:52,763 [DEBUG]  		naive factorization 2 columns (in 0.01193 secs)
2025-04-22 15:19:52,764 [DEBUG]  OP: Operation.SPLIT_COLUMNS on slice (10022, 2) (remaining tasks 33)
2025-04-22 15:19:52,876 [DEBUG]  		found 1 col clusters (in 0.11179 secs)
2025-04-22 15:19:52,876 [DEBUG]  OP: Operation.NAIVE_FACTORIZATION on slice (2328, 2) (remaining tasks 33)
2025-04-22 15:19:52,888 [DEBUG]  		naive factorization 2 columns (in 0.01178 secs)
2025-04-22 15:19:52,889 [DEBUG]  OP: Operation.NAIVE_FACTORIZATION on slice (1786, 2) (remaining tasks 32)
2025-04-22 15:19:52,898 [DEBUG]  		naive factorization 2 columns (in 0.00912 secs)
2025-04-22 15:19:52,899 [DEBUG]  OP: Operation.NAIVE_FACTORIZATION on slice (2568, 2) (remaining tasks 31)
2025-04-22 15:19:52,913 [DEBUG]  		naive factorization 2 columns (in 0.01421 secs)
2025-04-22 15:19:52,914 [DEBUG]  OP: Operation.NAIVE_FACTORIZATION on slice (2757, 2) (remaining tasks 30)
2025-04-22 15:19:52,934 [DEBUG]  		naive factorization 2 columns (in 0.01989 secs)
2025-04-22 15:19:52,935 [DEBUG]  OP: Operation.NAIVE_FACTORIZATION on slice (2308, 2) (remaining tasks 29)
2025-04-22 15:19:52,948 [DEBUG]  		naive factorization 2 columns (in 0.01326 secs)
2025-04-22 15:19:52,949 [DEBUG]  OP: Operation.SPLIT_COLUMNS on slice (5377, 2) (remaining tasks 28)
2025-04-22 15:19:53,057 [DEBUG]  		found 1 col clusters (in 0.10788 secs)
2025-04-22 15:19:53,058 [DEBUG]  OP: Operation.SPLIT_COLUMNS on slice (7180, 2) (remaining tasks 28)
2025-04-22 15:19:53,167 [DEBUG]  		found 1 col clusters (in 0.10887 secs)
2025-04-22 15:19:53,168 [DEBUG]  OP: Operation.NAIVE_FACTORIZATION on slice (2942, 2) (remaining tasks 28)
2025-04-22 15:19:53,183 [DEBUG]  		naive factorization 2 columns (in 0.01518 secs)
2025-04-22 15:19:53,184 [DEBUG]  OP: Operation.SPLIT_COLUMNS on slice (6898, 2) (remaining tasks 27)
2025-04-22 15:19:53,294 [DEBUG]  		found 1 col clusters (in 0.10893 secs)
2025-04-22 15:19:53,295 [DEBUG]  OP: Operation.SPLIT_COLUMNS on slice (6877, 2) (remaining tasks 27)
2025-04-22 15:19:53,404 [DEBUG]  		found 1 col clusters (in 0.10862 secs)
2025-04-22 15:19:53,404 [DEBUG]  OP: Operation.SPLIT_COLUMNS on slice (4745, 2) (remaining tasks 27)
2025-04-22 15:19:53,512 [DEBUG]  		found 1 col clusters (in 0.10716 secs)
2025-04-22 15:19:53,512 [DEBUG]  OP: Operation.SPLIT_COLUMNS on slice (4825, 2) (remaining tasks 27)
2025-04-22 15:19:53,618 [DEBUG]  		found 1 col clusters (in 0.10573 secs)
2025-04-22 15:19:53,619 [DEBUG]  OP: Operation.SPLIT_COLUMNS on slice (5171, 2) (remaining tasks 27)
2025-04-22 15:19:53,727 [DEBUG]  		found 1 col clusters (in 0.10796 secs)
2025-04-22 15:19:53,728 [DEBUG]  OP: Operation.SPLIT_COLUMNS on slice (6130, 2) (remaining tasks 27)
2025-04-22 15:19:53,837 [DEBUG]  		found 1 col clusters (in 0.10827 secs)
2025-04-22 15:19:53,837 [DEBUG]  OP: Operation.SPLIT_COLUMNS on slice (4505, 2) (remaining tasks 27)
2025-04-22 15:19:53,945 [DEBUG]  		found 1 col clusters (in 0.10727 secs)
2025-04-22 15:19:53,945 [DEBUG]  OP: Operation.SPLIT_COLUMNS on slice (5034, 2) (remaining tasks 27)
2025-04-22 15:19:54,053 [DEBUG]  		found 1 col clusters (in 0.10759 secs)
2025-04-22 15:19:54,054 [DEBUG]  OP: Operation.NAIVE_FACTORIZATION on slice (1340, 2) (remaining tasks 27)
2025-04-22 15:19:54,061 [DEBUG]  		naive factorization 2 columns (in 0.00773 secs)
2025-04-22 15:19:54,062 [DEBUG]  OP: Operation.SPLIT_COLUMNS on slice (6203, 2) (remaining tasks 26)
2025-04-22 15:19:54,171 [DEBUG]  		found 1 col clusters (in 0.10863 secs)
2025-04-22 15:19:54,172 [DEBUG]  OP: Operation.SPLIT_COLUMNS on slice (10189, 2) (remaining tasks 26)
2025-04-22 15:19:54,284 [DEBUG]  		found 1 col clusters (in 0.11137 secs)
2025-04-22 15:19:54,285 [DEBUG]  OP: Operation.SPLIT_COLUMNS on slice (8277, 2) (remaining tasks 26)
2025-04-22 15:19:54,395 [DEBUG]  		found 1 col clusters (in 0.10925 secs)
2025-04-22 15:19:54,397 [DEBUG]  OP: Operation.SPLIT_COLUMNS on slice (15461, 2) (remaining tasks 26)
2025-04-22 15:19:54,508 [DEBUG]  		found 1 col clusters (in 0.11152 secs)
2025-04-22 15:19:54,509 [DEBUG]  OP: Operation.NAIVE_FACTORIZATION on slice (2881, 2) (remaining tasks 26)
2025-04-22 15:19:54,523 [DEBUG]  		naive factorization 2 columns (in 0.01461 secs)
2025-04-22 15:19:54,524 [DEBUG]  OP: Operation.NAIVE_FACTORIZATION on slice (2986, 2) (remaining tasks 25)
2025-04-22 15:19:54,540 [DEBUG]  		naive factorization 2 columns (in 0.01533 secs)
2025-04-22 15:19:54,541 [DEBUG]  OP: Operation.SPLIT_COLUMNS on slice (12945, 2) (remaining tasks 24)
2025-04-22 15:19:54,653 [DEBUG]  		found 1 col clusters (in 0.11165 secs)
2025-04-22 15:19:54,655 [DEBUG]  OP: Operation.SPLIT_COLUMNS on slice (8293, 2) (remaining tasks 24)
2025-04-22 15:19:54,764 [DEBUG]  		found 1 col clusters (in 0.10928 secs)
2025-04-22 15:19:54,766 [DEBUG]  OP: Operation.SPLIT_COLUMNS on slice (14119, 2) (remaining tasks 24)
2025-04-22 15:19:54,878 [DEBUG]  		found 1 col clusters (in 0.11186 secs)
2025-04-22 15:19:54,879 [DEBUG]  OP: Operation.SPLIT_COLUMNS on slice (8146, 2) (remaining tasks 24)
2025-04-22 15:19:54,989 [DEBUG]  		found 1 col clusters (in 0.10939 secs)
2025-04-22 15:19:54,991 [DEBUG]  OP: Operation.SPLIT_COLUMNS on slice (23825, 2) (remaining tasks 24)
2025-04-22 15:19:55,103 [DEBUG]  		found 1 col clusters (in 0.11183 secs)
2025-04-22 15:19:55,104 [DEBUG]  OP: Operation.SPLIT_COLUMNS on slice (6435, 2) (remaining tasks 24)
2025-04-22 15:19:55,213 [DEBUG]  		found 1 col clusters (in 0.10829 secs)
2025-04-22 15:19:55,214 [DEBUG]  OP: Operation.SPLIT_COLUMNS on slice (13247, 2) (remaining tasks 24)
2025-04-22 15:19:55,326 [DEBUG]  		found 1 col clusters (in 0.11172 secs)
2025-04-22 15:19:55,328 [DEBUG]  OP: Operation.SPLIT_COLUMNS on slice (10344, 2) (remaining tasks 24)
2025-04-22 15:19:55,440 [DEBUG]  		found 1 col clusters (in 0.11174 secs)
2025-04-22 15:19:55,442 [DEBUG]  OP: Operation.SPLIT_ROWS on slice (20626, 2) (remaining tasks 24)
2025-04-22 15:19:55,651 [DEBUG]  		found 2 row clusters (in 0.20900 secs)
2025-04-22 15:19:55,652 [DEBUG]  OP: Operation.SPLIT_ROWS on slice (4469, 2) (remaining tasks 25)
2025-04-22 15:19:55,702 [DEBUG]  		found 2 row clusters (in 0.05007 secs)
2025-04-22 15:19:55,704 [DEBUG]  OP: Operation.SPLIT_ROWS on slice (10022, 2) (remaining tasks 26)
2025-04-22 15:19:55,796 [DEBUG]  		found 2 row clusters (in 0.09229 secs)
2025-04-22 15:19:55,797 [DEBUG]  OP: Operation.SPLIT_ROWS on slice (5377, 2) (remaining tasks 27)
2025-04-22 15:19:55,841 [DEBUG]  		found 2 row clusters (in 0.04400 secs)
2025-04-22 15:19:55,841 [DEBUG]  OP: Operation.SPLIT_ROWS on slice (7180, 2) (remaining tasks 28)
2025-04-22 15:19:55,901 [DEBUG]  		found 2 row clusters (in 0.05971 secs)
2025-04-22 15:19:55,902 [DEBUG]  OP: Operation.SPLIT_ROWS on slice (6898, 2) (remaining tasks 29)
2025-04-22 15:19:55,949 [DEBUG]  		found 2 row clusters (in 0.04683 secs)
2025-04-22 15:19:55,949 [DEBUG]  OP: Operation.SPLIT_ROWS on slice (6877, 2) (remaining tasks 30)
2025-04-22 15:19:55,990 [DEBUG]  		found 2 row clusters (in 0.04040 secs)
2025-04-22 15:19:55,990 [DEBUG]  OP: Operation.SPLIT_ROWS on slice (4745, 2) (remaining tasks 31)
2025-04-22 15:19:56,026 [DEBUG]  		found 2 row clusters (in 0.03577 secs)
2025-04-22 15:19:56,026 [DEBUG]  OP: Operation.SPLIT_ROWS on slice (4825, 2) (remaining tasks 32)
2025-04-22 15:19:56,069 [DEBUG]  		found 2 row clusters (in 0.04250 secs)
2025-04-22 15:19:56,069 [DEBUG]  OP: Operation.SPLIT_ROWS on slice (5171, 2) (remaining tasks 33)
2025-04-22 15:19:56,100 [DEBUG]  		found 2 row clusters (in 0.03036 secs)
2025-04-22 15:19:56,100 [DEBUG]  OP: Operation.SPLIT_ROWS on slice (6130, 2) (remaining tasks 34)
2025-04-22 15:19:56,138 [DEBUG]  		found 2 row clusters (in 0.03790 secs)
2025-04-22 15:19:56,139 [DEBUG]  OP: Operation.SPLIT_ROWS on slice (4505, 2) (remaining tasks 35)
2025-04-22 15:19:56,172 [DEBUG]  		found 2 row clusters (in 0.03291 secs)
2025-04-22 15:19:56,172 [DEBUG]  OP: Operation.SPLIT_ROWS on slice (5034, 2) (remaining tasks 36)
2025-04-22 15:19:56,223 [DEBUG]  		found 2 row clusters (in 0.05049 secs)
2025-04-22 15:19:56,223 [DEBUG]  OP: Operation.SPLIT_ROWS on slice (6203, 2) (remaining tasks 37)
2025-04-22 15:19:56,267 [DEBUG]  		found 2 row clusters (in 0.04322 secs)
2025-04-22 15:19:56,267 [DEBUG]  OP: Operation.SPLIT_ROWS on slice (10189, 2) (remaining tasks 38)
2025-04-22 15:19:56,308 [DEBUG]  		found 2 row clusters (in 0.04075 secs)
2025-04-22 15:19:56,309 [DEBUG]  OP: Operation.SPLIT_ROWS on slice (8277, 2) (remaining tasks 39)
2025-04-22 15:19:56,367 [DEBUG]  		found 2 row clusters (in 0.05813 secs)
2025-04-22 15:19:56,368 [DEBUG]  OP: Operation.SPLIT_ROWS on slice (15461, 2) (remaining tasks 40)
2025-04-22 15:19:56,424 [DEBUG]  		found 2 row clusters (in 0.05558 secs)
2025-04-22 15:19:56,425 [DEBUG]  OP: Operation.SPLIT_ROWS on slice (12945, 2) (remaining tasks 41)
2025-04-22 15:19:56,477 [DEBUG]  		found 2 row clusters (in 0.05269 secs)
2025-04-22 15:19:56,478 [DEBUG]  OP: Operation.SPLIT_ROWS on slice (8293, 2) (remaining tasks 42)
2025-04-22 15:19:56,551 [DEBUG]  		found 2 row clusters (in 0.07251 secs)
2025-04-22 15:19:56,552 [DEBUG]  OP: Operation.SPLIT_ROWS on slice (14119, 2) (remaining tasks 43)
2025-04-22 15:19:56,623 [DEBUG]  		found 2 row clusters (in 0.07063 secs)
2025-04-22 15:19:56,623 [DEBUG]  OP: Operation.SPLIT_ROWS on slice (8146, 2) (remaining tasks 44)
2025-04-22 15:19:56,695 [DEBUG]  		found 2 row clusters (in 0.07203 secs)
2025-04-22 15:19:56,697 [DEBUG]  OP: Operation.SPLIT_ROWS on slice (23825, 2) (remaining tasks 45)
2025-04-22 15:19:56,876 [DEBUG]  		found 2 row clusters (in 0.17875 secs)
2025-04-22 15:19:56,876 [DEBUG]  OP: Operation.SPLIT_ROWS on slice (6435, 2) (remaining tasks 46)
2025-04-22 15:19:56,920 [DEBUG]  		found 2 row clusters (in 0.04405 secs)
2025-04-22 15:19:56,921 [DEBUG]  OP: Operation.SPLIT_ROWS on slice (13247, 2) (remaining tasks 47)
2025-04-22 15:19:57,012 [DEBUG]  		found 2 row clusters (in 0.08997 secs)
2025-04-22 15:19:57,012 [DEBUG]  OP: Operation.SPLIT_ROWS on slice (10344, 2) (remaining tasks 48)
2025-04-22 15:19:57,069 [DEBUG]  		found 2 row clusters (in 0.05689 secs)
2025-04-22 15:19:57,070 [DEBUG]  OP: Operation.SPLIT_COLUMNS on slice (8031, 2) (remaining tasks 49)
2025-04-22 15:19:57,177 [DEBUG]  		found 1 col clusters (in 0.10718 secs)
2025-04-22 15:19:57,179 [DEBUG]  OP: Operation.SPLIT_COLUMNS on slice (12595, 2) (remaining tasks 49)
2025-04-22 15:19:57,291 [DEBUG]  		found 1 col clusters (in 0.11166 secs)
2025-04-22 15:19:57,292 [DEBUG]  OP: Operation.NAIVE_FACTORIZATION on slice (2051, 2) (remaining tasks 49)
2025-04-22 15:19:57,309 [DEBUG]  		naive factorization 2 columns (in 0.01750 secs)
2025-04-22 15:19:57,310 [DEBUG]  OP: Operation.NAIVE_FACTORIZATION on slice (2418, 2) (remaining tasks 48)
2025-04-22 15:19:57,322 [DEBUG]  		naive factorization 2 columns (in 0.01235 secs)
2025-04-22 15:19:57,324 [DEBUG]  OP: Operation.SPLIT_COLUMNS on slice (7887, 2) (remaining tasks 47)
2025-04-22 15:19:57,433 [DEBUG]  		found 1 col clusters (in 0.10926 secs)
2025-04-22 15:19:57,434 [DEBUG]  OP: Operation.NAIVE_FACTORIZATION on slice (2135, 2) (remaining tasks 47)
2025-04-22 15:19:57,445 [DEBUG]  		naive factorization 2 columns (in 0.01108 secs)
2025-04-22 15:19:57,446 [DEBUG]  OP: Operation.NAIVE_FACTORIZATION on slice (3533, 2) (remaining tasks 46)
2025-04-22 15:19:57,473 [DEBUG]  		naive factorization 2 columns (in 0.02678 secs)
2025-04-22 15:19:57,473 [DEBUG]  OP: Operation.NAIVE_FACTORIZATION on slice (1844, 2) (remaining tasks 45)
2025-04-22 15:19:57,489 [DEBUG]  		naive factorization 2 columns (in 0.01498 secs)
2025-04-22 15:19:57,489 [DEBUG]  OP: Operation.NAIVE_FACTORIZATION on slice (2557, 2) (remaining tasks 44)
2025-04-22 15:19:57,502 [DEBUG]  		naive factorization 2 columns (in 0.01266 secs)
2025-04-22 15:19:57,503 [DEBUG]  OP: Operation.SPLIT_COLUMNS on slice (4623, 2) (remaining tasks 43)
2025-04-22 15:19:57,610 [DEBUG]  		found 1 col clusters (in 0.10751 secs)
2025-04-22 15:19:57,611 [DEBUG]  OP: Operation.NAIVE_FACTORIZATION on slice (4186, 2) (remaining tasks 43)
2025-04-22 15:19:57,629 [DEBUG]  		naive factorization 2 columns (in 0.01819 secs)
2025-04-22 15:19:57,630 [DEBUG]  OP: Operation.NAIVE_FACTORIZATION on slice (2712, 2) (remaining tasks 42)
2025-04-22 15:19:57,641 [DEBUG]  		naive factorization 2 columns (in 0.01116 secs)
2025-04-22 15:19:57,642 [DEBUG]  OP: Operation.SPLIT_COLUMNS on slice (6684, 2) (remaining tasks 41)
2025-04-22 15:19:57,751 [DEBUG]  		found 1 col clusters (in 0.10855 secs)
2025-04-22 15:19:57,751 [DEBUG]  OP: Operation.NAIVE_FACTORIZATION on slice (193, 2) (remaining tasks 41)
2025-04-22 15:19:57,755 [DEBUG]  		naive factorization 2 columns (in 0.00359 secs)
2025-04-22 15:19:57,756 [DEBUG]  OP: Operation.NAIVE_FACTORIZATION on slice (2657, 2) (remaining tasks 40)
2025-04-22 15:19:57,770 [DEBUG]  		naive factorization 2 columns (in 0.01408 secs)
2025-04-22 15:19:57,771 [DEBUG]  OP: Operation.NAIVE_FACTORIZATION on slice (2088, 2) (remaining tasks 39)
2025-04-22 15:19:57,789 [DEBUG]  		naive factorization 2 columns (in 0.01825 secs)
2025-04-22 15:19:57,790 [DEBUG]  OP: Operation.NAIVE_FACTORIZATION on slice (1562, 2) (remaining tasks 38)
2025-04-22 15:19:57,798 [DEBUG]  		naive factorization 2 columns (in 0.00840 secs)
2025-04-22 15:19:57,799 [DEBUG]  OP: Operation.NAIVE_FACTORIZATION on slice (3263, 2) (remaining tasks 37)
2025-04-22 15:19:57,825 [DEBUG]  		naive factorization 2 columns (in 0.02589 secs)
2025-04-22 15:19:57,826 [DEBUG]  OP: Operation.NAIVE_FACTORIZATION on slice (2119, 2) (remaining tasks 36)
2025-04-22 15:19:57,843 [DEBUG]  		naive factorization 2 columns (in 0.01728 secs)
2025-04-22 15:19:57,844 [DEBUG]  OP: Operation.NAIVE_FACTORIZATION on slice (3052, 2) (remaining tasks 35)
2025-04-22 15:19:57,865 [DEBUG]  		naive factorization 2 columns (in 0.02114 secs)
2025-04-22 15:19:57,866 [DEBUG]  OP: Operation.NAIVE_FACTORIZATION on slice (3617, 2) (remaining tasks 34)
2025-04-22 15:19:57,883 [DEBUG]  		naive factorization 2 columns (in 0.01728 secs)
2025-04-22 15:19:57,883 [DEBUG]  OP: Operation.NAIVE_FACTORIZATION on slice (2513, 2) (remaining tasks 33)
2025-04-22 15:19:57,894 [DEBUG]  		naive factorization 2 columns (in 0.01029 secs)
2025-04-22 15:19:57,894 [DEBUG]  OP: Operation.NAIVE_FACTORIZATION on slice (3985, 2) (remaining tasks 32)
2025-04-22 15:19:57,910 [DEBUG]  		naive factorization 2 columns (in 0.01605 secs)
2025-04-22 15:19:57,911 [DEBUG]  OP: Operation.NAIVE_FACTORIZATION on slice (520, 2) (remaining tasks 31)
2025-04-22 15:19:57,916 [DEBUG]  		naive factorization 2 columns (in 0.00440 secs)
2025-04-22 15:19:57,916 [DEBUG]  OP: Operation.NAIVE_FACTORIZATION on slice (1792, 2) (remaining tasks 30)
2025-04-22 15:19:57,924 [DEBUG]  		naive factorization 2 columns (in 0.00718 secs)
2025-04-22 15:19:57,924 [DEBUG]  OP: Operation.NAIVE_FACTORIZATION on slice (3242, 2) (remaining tasks 29)
2025-04-22 15:19:57,938 [DEBUG]  		naive factorization 2 columns (in 0.01325 secs)
2025-04-22 15:19:57,938 [DEBUG]  OP: Operation.NAIVE_FACTORIZATION on slice (4165, 2) (remaining tasks 28)
2025-04-22 15:19:57,959 [DEBUG]  		naive factorization 2 columns (in 0.02028 secs)
2025-04-22 15:19:57,960 [DEBUG]  OP: Operation.NAIVE_FACTORIZATION on slice (2038, 2) (remaining tasks 27)
2025-04-22 15:19:57,984 [DEBUG]  		naive factorization 2 columns (in 0.02422 secs)
2025-04-22 15:19:57,985 [DEBUG]  OP: Operation.NAIVE_FACTORIZATION on slice (3610, 2) (remaining tasks 26)
2025-04-22 15:19:58,012 [DEBUG]  		naive factorization 2 columns (in 0.02711 secs)
2025-04-22 15:19:58,013 [DEBUG]  OP: Operation.SPLIT_COLUMNS on slice (6579, 2) (remaining tasks 25)
2025-04-22 15:19:58,127 [DEBUG]  		found 1 col clusters (in 0.11396 secs)
2025-04-22 15:19:58,128 [DEBUG]  OP: Operation.NAIVE_FACTORIZATION on slice (3771, 2) (remaining tasks 25)
2025-04-22 15:19:58,158 [DEBUG]  		naive factorization 2 columns (in 0.02981 secs)
2025-04-22 15:19:58,159 [DEBUG]  OP: Operation.SPLIT_COLUMNS on slice (4506, 2) (remaining tasks 24)
2025-04-22 15:19:58,267 [DEBUG]  		found 1 col clusters (in 0.10730 secs)
2025-04-22 15:19:58,268 [DEBUG]  OP: Operation.SPLIT_COLUMNS on slice (10029, 2) (remaining tasks 24)
2025-04-22 15:19:58,380 [DEBUG]  		found 1 col clusters (in 0.11179 secs)
2025-04-22 15:19:58,381 [DEBUG]  OP: Operation.SPLIT_COLUMNS on slice (5432, 2) (remaining tasks 24)
2025-04-22 15:19:58,489 [DEBUG]  		found 1 col clusters (in 0.10766 secs)
2025-04-22 15:19:58,489 [DEBUG]  OP: Operation.NAIVE_FACTORIZATION on slice (4183, 2) (remaining tasks 24)
2025-04-22 15:19:58,524 [DEBUG]  		naive factorization 2 columns (in 0.03491 secs)
2025-04-22 15:19:58,526 [DEBUG]  OP: Operation.SPLIT_COLUMNS on slice (8762, 2) (remaining tasks 23)
2025-04-22 15:19:58,638 [DEBUG]  		found 1 col clusters (in 0.11199 secs)
2025-04-22 15:19:58,639 [DEBUG]  OP: Operation.NAIVE_FACTORIZATION on slice (4257, 2) (remaining tasks 23)
2025-04-22 15:19:58,675 [DEBUG]  		naive factorization 2 columns (in 0.03551 secs)
2025-04-22 15:19:58,675 [DEBUG]  OP: Operation.NAIVE_FACTORIZATION on slice (4036, 2) (remaining tasks 22)
2025-04-22 15:19:58,708 [DEBUG]  		naive factorization 2 columns (in 0.03263 secs)
2025-04-22 15:19:58,709 [DEBUG]  OP: Operation.SPLIT_COLUMNS on slice (9082, 2) (remaining tasks 21)
2025-04-22 15:19:58,819 [DEBUG]  		found 1 col clusters (in 0.11008 secs)
2025-04-22 15:19:58,820 [DEBUG]  OP: Operation.SPLIT_COLUMNS on slice (5037, 2) (remaining tasks 21)
2025-04-22 15:19:58,928 [DEBUG]  		found 1 col clusters (in 0.10753 secs)
2025-04-22 15:19:58,929 [DEBUG]  OP: Operation.SPLIT_COLUMNS on slice (4475, 2) (remaining tasks 21)
2025-04-22 15:19:59,036 [DEBUG]  		found 1 col clusters (in 0.10711 secs)
2025-04-22 15:19:59,037 [DEBUG]  OP: Operation.NAIVE_FACTORIZATION on slice (3671, 2) (remaining tasks 21)
2025-04-22 15:19:59,058 [DEBUG]  		naive factorization 2 columns (in 0.02105 secs)
2025-04-22 15:19:59,060 [DEBUG]  OP: Operation.SPLIT_COLUMNS on slice (15291, 2) (remaining tasks 20)
2025-04-22 15:19:59,172 [DEBUG]  		found 1 col clusters (in 0.11166 secs)
2025-04-22 15:19:59,173 [DEBUG]  OP: Operation.SPLIT_COLUMNS on slice (8534, 2) (remaining tasks 20)
2025-04-22 15:19:59,283 [DEBUG]  		found 1 col clusters (in 0.10938 secs)
2025-04-22 15:19:59,284 [DEBUG]  OP: Operation.SPLIT_COLUMNS on slice (5375, 2) (remaining tasks 20)
2025-04-22 15:19:59,391 [DEBUG]  		found 1 col clusters (in 0.10764 secs)
2025-04-22 15:19:59,392 [DEBUG]  OP: Operation.NAIVE_FACTORIZATION on slice (1060, 2) (remaining tasks 20)
2025-04-22 15:19:59,397 [DEBUG]  		naive factorization 2 columns (in 0.00512 secs)
2025-04-22 15:19:59,398 [DEBUG]  OP: Operation.SPLIT_COLUMNS on slice (4364, 2) (remaining tasks 19)
2025-04-22 15:19:59,505 [DEBUG]  		found 1 col clusters (in 0.10685 secs)
2025-04-22 15:19:59,506 [DEBUG]  OP: Operation.SPLIT_COLUMNS on slice (8883, 2) (remaining tasks 19)
2025-04-22 15:19:59,616 [DEBUG]  		found 1 col clusters (in 0.10966 secs)
2025-04-22 15:19:59,617 [DEBUG]  OP: Operation.SPLIT_COLUMNS on slice (5369, 2) (remaining tasks 19)
2025-04-22 15:19:59,724 [DEBUG]  		found 1 col clusters (in 0.10750 secs)
2025-04-22 15:19:59,725 [DEBUG]  OP: Operation.SPLIT_COLUMNS on slice (4975, 2) (remaining tasks 19)
2025-04-22 15:19:59,833 [DEBUG]  		found 1 col clusters (in 0.10755 secs)
2025-04-22 15:19:59,834 [DEBUG]  OP: Operation.SPLIT_ROWS on slice (8031, 2) (remaining tasks 19)
2025-04-22 15:19:59,903 [DEBUG]  		found 2 row clusters (in 0.06907 secs)
2025-04-22 15:19:59,905 [DEBUG]  OP: Operation.SPLIT_ROWS on slice (12595, 2) (remaining tasks 20)
2025-04-22 15:19:59,996 [DEBUG]  		found 2 row clusters (in 0.09140 secs)
2025-04-22 15:19:59,997 [DEBUG]  OP: Operation.SPLIT_ROWS on slice (7887, 2) (remaining tasks 21)
2025-04-22 15:20:00,074 [DEBUG]  		found 2 row clusters (in 0.07768 secs)
2025-04-22 15:20:00,075 [DEBUG]  OP: Operation.SPLIT_ROWS on slice (4623, 2) (remaining tasks 22)
2025-04-22 15:20:00,112 [DEBUG]  		found 2 row clusters (in 0.03712 secs)
2025-04-22 15:20:00,113 [DEBUG]  OP: Operation.SPLIT_ROWS on slice (6684, 2) (remaining tasks 23)
2025-04-22 15:20:00,165 [DEBUG]  		found 2 row clusters (in 0.05188 secs)
2025-04-22 15:20:00,165 [DEBUG]  OP: Operation.SPLIT_ROWS on slice (6579, 2) (remaining tasks 24)
2025-04-22 15:20:00,231 [DEBUG]  		found 2 row clusters (in 0.06559 secs)
2025-04-22 15:20:00,231 [DEBUG]  OP: Operation.SPLIT_ROWS on slice (4506, 2) (remaining tasks 25)
2025-04-22 15:20:00,271 [DEBUG]  		found 2 row clusters (in 0.04002 secs)
2025-04-22 15:20:00,272 [DEBUG]  OP: Operation.SPLIT_ROWS on slice (10029, 2) (remaining tasks 26)
2025-04-22 15:20:00,328 [DEBUG]  		found 2 row clusters (in 0.05566 secs)
2025-04-22 15:20:00,328 [DEBUG]  OP: Operation.SPLIT_ROWS on slice (5432, 2) (remaining tasks 27)
2025-04-22 15:20:00,391 [DEBUG]  		found 2 row clusters (in 0.06235 secs)
2025-04-22 15:20:00,391 [DEBUG]  OP: Operation.SPLIT_ROWS on slice (8762, 2) (remaining tasks 28)
2025-04-22 15:20:00,432 [DEBUG]  		found 2 row clusters (in 0.04043 secs)
2025-04-22 15:20:00,433 [DEBUG]  OP: Operation.SPLIT_ROWS on slice (9082, 2) (remaining tasks 29)
2025-04-22 15:20:00,472 [DEBUG]  		found 2 row clusters (in 0.03965 secs)
2025-04-22 15:20:00,473 [DEBUG]  OP: Operation.SPLIT_ROWS on slice (5037, 2) (remaining tasks 30)
2025-04-22 15:20:00,521 [DEBUG]  		found 2 row clusters (in 0.04865 secs)
2025-04-22 15:20:00,522 [DEBUG]  OP: Operation.SPLIT_ROWS on slice (4475, 2) (remaining tasks 31)
2025-04-22 15:20:00,556 [DEBUG]  		found 2 row clusters (in 0.03395 secs)
2025-04-22 15:20:00,557 [DEBUG]  OP: Operation.SPLIT_ROWS on slice (15291, 2) (remaining tasks 32)
2025-04-22 15:20:00,648 [DEBUG]  		found 2 row clusters (in 0.09087 secs)
2025-04-22 15:20:00,648 [DEBUG]  OP: Operation.SPLIT_ROWS on slice (8534, 2) (remaining tasks 33)
2025-04-22 15:20:00,698 [DEBUG]  		found 2 row clusters (in 0.04958 secs)
2025-04-22 15:20:00,699 [DEBUG]  OP: Operation.SPLIT_ROWS on slice (5375, 2) (remaining tasks 34)
2025-04-22 15:20:00,737 [DEBUG]  		found 2 row clusters (in 0.03786 secs)
2025-04-22 15:20:00,737 [DEBUG]  OP: Operation.SPLIT_ROWS on slice (4364, 2) (remaining tasks 35)
2025-04-22 15:20:00,789 [DEBUG]  		found 2 row clusters (in 0.05190 secs)
2025-04-22 15:20:00,790 [DEBUG]  OP: Operation.SPLIT_ROWS on slice (8883, 2) (remaining tasks 36)
2025-04-22 15:20:00,841 [DEBUG]  		found 2 row clusters (in 0.05103 secs)
2025-04-22 15:20:00,841 [DEBUG]  OP: Operation.SPLIT_ROWS on slice (5369, 2) (remaining tasks 37)
2025-04-22 15:20:00,869 [DEBUG]  		found 2 row clusters (in 0.02758 secs)
2025-04-22 15:20:00,869 [DEBUG]  OP: Operation.SPLIT_ROWS on slice (4975, 2) (remaining tasks 38)
2025-04-22 15:20:00,904 [DEBUG]  		found 2 row clusters (in 0.03455 secs)
2025-04-22 15:20:00,904 [DEBUG]  OP: Operation.SPLIT_COLUMNS on slice (6327, 2) (remaining tasks 39)
2025-04-22 15:20:01,014 [DEBUG]  		found 1 col clusters (in 0.10914 secs)
2025-04-22 15:20:01,014 [DEBUG]  OP: Operation.NAIVE_FACTORIZATION on slice (1704, 2) (remaining tasks 39)
2025-04-22 15:20:01,029 [DEBUG]  		naive factorization 2 columns (in 0.01498 secs)
2025-04-22 15:20:01,030 [DEBUG]  OP: Operation.SPLIT_COLUMNS on slice (8185, 2) (remaining tasks 38)
2025-04-22 15:20:01,138 [DEBUG]  		found 2 col clusters (in 0.10767 secs)
2025-04-22 15:20:01,139 [DEBUG]  OP: Operation.SPLIT_COLUMNS on slice (4410, 2) (remaining tasks 39)
2025-04-22 15:20:01,249 [DEBUG]  		found 1 col clusters (in 0.10950 secs)
2025-04-22 15:20:01,250 [DEBUG]  OP: Operation.SPLIT_COLUMNS on slice (5843, 2) (remaining tasks 39)
2025-04-22 15:20:01,364 [DEBUG]  		found 1 col clusters (in 0.11327 secs)
2025-04-22 15:20:01,364 [DEBUG]  OP: Operation.NAIVE_FACTORIZATION on slice (2044, 2) (remaining tasks 39)
2025-04-22 15:20:01,378 [DEBUG]  		naive factorization 2 columns (in 0.01412 secs)
2025-04-22 15:20:01,379 [DEBUG]  OP: Operation.NAIVE_FACTORIZATION on slice (3938, 2) (remaining tasks 38)
2025-04-22 15:20:01,397 [DEBUG]  		naive factorization 2 columns (in 0.01799 secs)
2025-04-22 15:20:01,397 [DEBUG]  OP: Operation.NAIVE_FACTORIZATION on slice (685, 2) (remaining tasks 37)
2025-04-22 15:20:01,403 [DEBUG]  		naive factorization 2 columns (in 0.00550 secs)
2025-04-22 15:20:01,404 [DEBUG]  OP: Operation.SPLIT_COLUMNS on slice (4838, 2) (remaining tasks 36)
2025-04-22 15:20:01,512 [DEBUG]  		found 1 col clusters (in 0.10807 secs)
2025-04-22 15:20:01,512 [DEBUG]  OP: Operation.NAIVE_FACTORIZATION on slice (1846, 2) (remaining tasks 36)
2025-04-22 15:20:01,523 [DEBUG]  		naive factorization 2 columns (in 0.01022 secs)
2025-04-22 15:20:01,523 [DEBUG]  OP: Operation.NAIVE_FACTORIZATION on slice (1371, 2) (remaining tasks 35)
2025-04-22 15:20:01,531 [DEBUG]  		naive factorization 2 columns (in 0.00822 secs)
2025-04-22 15:20:01,532 [DEBUG]  OP: Operation.SPLIT_COLUMNS on slice (5208, 2) (remaining tasks 34)
2025-04-22 15:20:01,640 [DEBUG]  		found 1 col clusters (in 0.10776 secs)
2025-04-22 15:20:01,641 [DEBUG]  OP: Operation.NAIVE_FACTORIZATION on slice (1952, 2) (remaining tasks 34)
2025-04-22 15:20:01,651 [DEBUG]  		naive factorization 2 columns (in 0.00993 secs)
2025-04-22 15:20:01,652 [DEBUG]  OP: Operation.NAIVE_FACTORIZATION on slice (2554, 2) (remaining tasks 33)
2025-04-22 15:20:01,668 [DEBUG]  		naive factorization 2 columns (in 0.01663 secs)
2025-04-22 15:20:01,670 [DEBUG]  OP: Operation.SPLIT_COLUMNS on slice (7277, 2) (remaining tasks 32)
2025-04-22 15:20:01,783 [DEBUG]  		found 1 col clusters (in 0.11255 secs)
2025-04-22 15:20:01,783 [DEBUG]  OP: Operation.NAIVE_FACTORIZATION on slice (2752, 2) (remaining tasks 32)
2025-04-22 15:20:01,797 [DEBUG]  		naive factorization 2 columns (in 0.01378 secs)
2025-04-22 15:20:01,798 [DEBUG]  OP: Operation.NAIVE_FACTORIZATION on slice (3198, 2) (remaining tasks 31)
2025-04-22 15:20:01,814 [DEBUG]  		naive factorization 2 columns (in 0.01579 secs)
2025-04-22 15:20:01,814 [DEBUG]  OP: Operation.NAIVE_FACTORIZATION on slice (2234, 2) (remaining tasks 30)
2025-04-22 15:20:01,833 [DEBUG]  		naive factorization 2 columns (in 0.01864 secs)
2025-04-22 15:20:01,833 [DEBUG]  OP: Operation.NAIVE_FACTORIZATION on slice (1407, 2) (remaining tasks 29)
2025-04-22 15:20:01,841 [DEBUG]  		naive factorization 2 columns (in 0.00734 secs)
2025-04-22 15:20:01,842 [DEBUG]  OP: Operation.SPLIT_COLUMNS on slice (7355, 2) (remaining tasks 28)
2025-04-22 15:20:01,951 [DEBUG]  		found 1 col clusters (in 0.10906 secs)
2025-04-22 15:20:01,952 [DEBUG]  OP: Operation.NAIVE_FACTORIZATION on slice (3314, 2) (remaining tasks 28)
2025-04-22 15:20:01,980 [DEBUG]  		naive factorization 2 columns (in 0.02789 secs)
2025-04-22 15:20:01,981 [DEBUG]  OP: Operation.SPLIT_COLUMNS on slice (5768, 2) (remaining tasks 27)
2025-04-22 15:20:02,089 [DEBUG]  		found 1 col clusters (in 0.10799 secs)
2025-04-22 15:20:02,089 [DEBUG]  OP: Operation.NAIVE_FACTORIZATION on slice (2322, 2) (remaining tasks 27)
2025-04-22 15:20:02,100 [DEBUG]  		naive factorization 2 columns (in 0.01003 secs)
2025-04-22 15:20:02,100 [DEBUG]  OP: Operation.NAIVE_FACTORIZATION on slice (2715, 2) (remaining tasks 26)
2025-04-22 15:20:02,113 [DEBUG]  		naive factorization 2 columns (in 0.01231 secs)
2025-04-22 15:20:02,113 [DEBUG]  OP: Operation.NAIVE_FACTORIZATION on slice (1943, 2) (remaining tasks 25)
2025-04-22 15:20:02,123 [DEBUG]  		naive factorization 2 columns (in 0.00958 secs)
2025-04-22 15:20:02,123 [DEBUG]  OP: Operation.NAIVE_FACTORIZATION on slice (2532, 2) (remaining tasks 24)
2025-04-22 15:20:02,135 [DEBUG]  		naive factorization 2 columns (in 0.01163 secs)
2025-04-22 15:20:02,136 [DEBUG]  OP: Operation.SPLIT_COLUMNS on slice (8513, 2) (remaining tasks 23)
2025-04-22 15:20:02,247 [DEBUG]  		found 1 col clusters (in 0.11063 secs)
2025-04-22 15:20:02,248 [DEBUG]  OP: Operation.SPLIT_COLUMNS on slice (6778, 2) (remaining tasks 23)
2025-04-22 15:20:02,357 [DEBUG]  		found 1 col clusters (in 0.10850 secs)
2025-04-22 15:20:02,358 [DEBUG]  OP: Operation.SPLIT_COLUMNS on slice (6038, 2) (remaining tasks 23)
2025-04-22 15:20:02,466 [DEBUG]  		found 1 col clusters (in 0.10807 secs)
2025-04-22 15:20:02,466 [DEBUG]  OP: Operation.NAIVE_FACTORIZATION on slice (2496, 2) (remaining tasks 23)
2025-04-22 15:20:02,479 [DEBUG]  		naive factorization 2 columns (in 0.01246 secs)
2025-04-22 15:20:02,480 [DEBUG]  OP: Operation.NAIVE_FACTORIZATION on slice (4110, 2) (remaining tasks 22)
2025-04-22 15:20:02,497 [DEBUG]  		naive factorization 2 columns (in 0.01692 secs)
2025-04-22 15:20:02,497 [DEBUG]  OP: Operation.NAIVE_FACTORIZATION on slice (1265, 2) (remaining tasks 21)
2025-04-22 15:20:02,504 [DEBUG]  		naive factorization 2 columns (in 0.00656 secs)
2025-04-22 15:20:02,504 [DEBUG]  OP: Operation.NAIVE_FACTORIZATION on slice (2527, 2) (remaining tasks 20)
2025-04-22 15:20:02,517 [DEBUG]  		naive factorization 2 columns (in 0.01201 secs)
2025-04-22 15:20:02,517 [DEBUG]  OP: Operation.NAIVE_FACTORIZATION on slice (1837, 2) (remaining tasks 19)
2025-04-22 15:20:02,526 [DEBUG]  		naive factorization 2 columns (in 0.00920 secs)
2025-04-22 15:20:02,527 [DEBUG]  OP: Operation.SPLIT_COLUMNS on slice (4888, 2) (remaining tasks 18)
2025-04-22 15:20:02,637 [DEBUG]  		found 1 col clusters (in 0.10972 secs)
2025-04-22 15:20:02,638 [DEBUG]  OP: Operation.NAIVE_FACTORIZATION on slice (3995, 2) (remaining tasks 18)
2025-04-22 15:20:02,658 [DEBUG]  		naive factorization 2 columns (in 0.01985 secs)
2025-04-22 15:20:02,659 [DEBUG]  OP: Operation.NAIVE_FACTORIZATION on slice (2867, 2) (remaining tasks 17)
2025-04-22 15:20:02,674 [DEBUG]  		naive factorization 2 columns (in 0.01503 secs)
2025-04-22 15:20:02,675 [DEBUG]  OP: Operation.NAIVE_FACTORIZATION on slice (2502, 2) (remaining tasks 16)
2025-04-22 15:20:02,689 [DEBUG]  		naive factorization 2 columns (in 0.01385 secs)
2025-04-22 15:20:02,690 [DEBUG]  OP: Operation.NAIVE_FACTORIZATION on slice (2100, 2) (remaining tasks 15)
2025-04-22 15:20:02,702 [DEBUG]  		naive factorization 2 columns (in 0.01242 secs)
2025-04-22 15:20:02,703 [DEBUG]  OP: Operation.NAIVE_FACTORIZATION on slice (2875, 2) (remaining tasks 14)
2025-04-22 15:20:02,719 [DEBUG]  		naive factorization 2 columns (in 0.01583 secs)
2025-04-22 15:20:02,720 [DEBUG]  OP: Operation.SPLIT_ROWS on slice (6327, 2) (remaining tasks 13)
2025-04-22 15:20:02,797 [DEBUG]  		found 2 row clusters (in 0.07640 secs)
2025-04-22 15:20:02,797 [DEBUG]  OP: Operation.CREATE_LEAF on slice (8185, 1) (remaining tasks 14)
2025-04-22 15:20:02,801 [DEBUG]  		 created leaf IdentityNumericLeaf for scope=[1] (in 0.00337 secs)
2025-04-22 15:20:02,801 [DEBUG]  OP: Operation.CREATE_LEAF on slice (8185, 1) (remaining tasks 13)
2025-04-22 15:20:02,804 [DEBUG]  		 created leaf IdentityNumericLeaf for scope=[2] (in 0.00347 secs)
2025-04-22 15:20:02,805 [DEBUG]  OP: Operation.SPLIT_ROWS on slice (4410, 2) (remaining tasks 12)
2025-04-22 15:20:02,856 [DEBUG]  		found 2 row clusters (in 0.05164 secs)
2025-04-22 15:20:02,857 [DEBUG]  OP: Operation.SPLIT_ROWS on slice (5843, 2) (remaining tasks 13)
2025-04-22 15:20:02,899 [DEBUG]  		found 2 row clusters (in 0.04195 secs)
2025-04-22 15:20:02,900 [DEBUG]  OP: Operation.SPLIT_ROWS on slice (4838, 2) (remaining tasks 14)
2025-04-22 15:20:02,935 [DEBUG]  		found 2 row clusters (in 0.03577 secs)
2025-04-22 15:20:02,936 [DEBUG]  OP: Operation.SPLIT_ROWS on slice (5208, 2) (remaining tasks 15)
2025-04-22 15:20:02,977 [DEBUG]  		found 2 row clusters (in 0.04075 secs)
2025-04-22 15:20:02,977 [DEBUG]  OP: Operation.SPLIT_ROWS on slice (7277, 2) (remaining tasks 16)
2025-04-22 15:20:03,017 [DEBUG]  		found 2 row clusters (in 0.03949 secs)
2025-04-22 15:20:03,017 [DEBUG]  OP: Operation.SPLIT_ROWS on slice (7355, 2) (remaining tasks 17)
2025-04-22 15:20:03,056 [DEBUG]  		found 2 row clusters (in 0.03885 secs)
2025-04-22 15:20:03,057 [DEBUG]  OP: Operation.SPLIT_ROWS on slice (5768, 2) (remaining tasks 18)
2025-04-22 15:20:03,125 [DEBUG]  		found 2 row clusters (in 0.06847 secs)
2025-04-22 15:20:03,126 [DEBUG]  OP: Operation.SPLIT_ROWS on slice (8513, 2) (remaining tasks 19)
2025-04-22 15:20:03,183 [DEBUG]  		found 2 row clusters (in 0.05670 secs)
2025-04-22 15:20:03,183 [DEBUG]  OP: Operation.SPLIT_ROWS on slice (6778, 2) (remaining tasks 20)
2025-04-22 15:20:03,248 [DEBUG]  		found 2 row clusters (in 0.06444 secs)
2025-04-22 15:20:03,248 [DEBUG]  OP: Operation.SPLIT_ROWS on slice (6038, 2) (remaining tasks 21)
2025-04-22 15:20:03,284 [DEBUG]  		found 2 row clusters (in 0.03601 secs)
2025-04-22 15:20:03,285 [DEBUG]  OP: Operation.SPLIT_ROWS on slice (4888, 2) (remaining tasks 22)
2025-04-22 15:20:03,318 [DEBUG]  		found 2 row clusters (in 0.03329 secs)
2025-04-22 15:20:03,319 [DEBUG]  OP: Operation.NAIVE_FACTORIZATION on slice (3999, 2) (remaining tasks 23)
2025-04-22 15:20:03,349 [DEBUG]  		naive factorization 2 columns (in 0.02993 secs)
2025-04-22 15:20:03,349 [DEBUG]  OP: Operation.NAIVE_FACTORIZATION on slice (2328, 2) (remaining tasks 22)
2025-04-22 15:20:03,364 [DEBUG]  		naive factorization 2 columns (in 0.01471 secs)
2025-04-22 15:20:03,365 [DEBUG]  OP: Operation.NAIVE_FACTORIZATION on slice (3419, 2) (remaining tasks 21)
2025-04-22 15:20:03,382 [DEBUG]  		naive factorization 2 columns (in 0.01734 secs)
2025-04-22 15:20:03,382 [DEBUG]  OP: Operation.NAIVE_FACTORIZATION on slice (991, 2) (remaining tasks 20)
2025-04-22 15:20:03,391 [DEBUG]  		naive factorization 2 columns (in 0.00861 secs)
2025-04-22 15:20:03,392 [DEBUG]  OP: Operation.NAIVE_FACTORIZATION on slice (3511, 2) (remaining tasks 19)
2025-04-22 15:20:03,418 [DEBUG]  		naive factorization 2 columns (in 0.02557 secs)
2025-04-22 15:20:03,418 [DEBUG]  OP: Operation.NAIVE_FACTORIZATION on slice (2332, 2) (remaining tasks 18)
2025-04-22 15:20:03,436 [DEBUG]  		naive factorization 2 columns (in 0.01774 secs)
2025-04-22 15:20:03,437 [DEBUG]  OP: Operation.NAIVE_FACTORIZATION on slice (3956, 2) (remaining tasks 17)
2025-04-22 15:20:03,467 [DEBUG]  		naive factorization 2 columns (in 0.03041 secs)
2025-04-22 15:20:03,468 [DEBUG]  OP: Operation.NAIVE_FACTORIZATION on slice (882, 2) (remaining tasks 16)
2025-04-22 15:20:03,476 [DEBUG]  		naive factorization 2 columns (in 0.00817 secs)
2025-04-22 15:20:03,477 [DEBUG]  OP: Operation.NAIVE_FACTORIZATION on slice (3519, 2) (remaining tasks 15)
2025-04-22 15:20:03,505 [DEBUG]  		naive factorization 2 columns (in 0.02708 secs)
2025-04-22 15:20:03,505 [DEBUG]  OP: Operation.NAIVE_FACTORIZATION on slice (1689, 2) (remaining tasks 14)
2025-04-22 15:20:03,519 [DEBUG]  		naive factorization 2 columns (in 0.01365 secs)
2025-04-22 15:20:03,520 [DEBUG]  OP: Operation.NAIVE_FACTORIZATION on slice (2460, 2) (remaining tasks 13)
2025-04-22 15:20:03,539 [DEBUG]  		naive factorization 2 columns (in 0.01899 secs)
2025-04-22 15:20:03,540 [DEBUG]  OP: Operation.SPLIT_COLUMNS on slice (4817, 2) (remaining tasks 12)
2025-04-22 15:20:03,656 [DEBUG]  		found 1 col clusters (in 0.11522 secs)
2025-04-22 15:20:03,657 [DEBUG]  OP: Operation.SPLIT_COLUMNS on slice (6342, 2) (remaining tasks 12)
2025-04-22 15:20:03,770 [DEBUG]  		found 1 col clusters (in 0.11318 secs)
2025-04-22 15:20:03,771 [DEBUG]  OP: Operation.NAIVE_FACTORIZATION on slice (1013, 2) (remaining tasks 12)
2025-04-22 15:20:03,779 [DEBUG]  		naive factorization 2 columns (in 0.00775 secs)
2025-04-22 15:20:03,779 [DEBUG]  OP: Operation.SPLIT_COLUMNS on slice (4817, 2) (remaining tasks 11)
2025-04-22 15:20:03,887 [DEBUG]  		found 1 col clusters (in 0.10787 secs)
2025-04-22 15:20:03,888 [DEBUG]  OP: Operation.NAIVE_FACTORIZATION on slice (951, 2) (remaining tasks 11)
2025-04-22 15:20:03,894 [DEBUG]  		naive factorization 2 columns (in 0.00636 secs)
2025-04-22 15:20:03,895 [DEBUG]  OP: Operation.SPLIT_COLUMNS on slice (4541, 2) (remaining tasks 10)
2025-04-22 15:20:04,003 [DEBUG]  		found 1 col clusters (in 0.10752 secs)
2025-04-22 15:20:04,003 [DEBUG]  OP: Operation.NAIVE_FACTORIZATION on slice (3972, 2) (remaining tasks 10)
2025-04-22 15:20:04,025 [DEBUG]  		naive factorization 2 columns (in 0.02200 secs)
2025-04-22 15:20:04,026 [DEBUG]  OP: Operation.NAIVE_FACTORIZATION on slice (4014, 2) (remaining tasks 9)
2025-04-22 15:20:04,049 [DEBUG]  		naive factorization 2 columns (in 0.02229 secs)
2025-04-22 15:20:04,049 [DEBUG]  OP: Operation.NAIVE_FACTORIZATION on slice (2764, 2) (remaining tasks 8)
2025-04-22 15:20:04,064 [DEBUG]  		naive factorization 2 columns (in 0.01448 secs)
2025-04-22 15:20:04,064 [DEBUG]  OP: Operation.NAIVE_FACTORIZATION on slice (1984, 2) (remaining tasks 7)
2025-04-22 15:20:04,075 [DEBUG]  		naive factorization 2 columns (in 0.01098 secs)
2025-04-22 15:20:04,076 [DEBUG]  OP: Operation.NAIVE_FACTORIZATION on slice (4054, 2) (remaining tasks 6)
2025-04-22 15:20:04,098 [DEBUG]  		naive factorization 2 columns (in 0.02220 secs)
2025-04-22 15:20:04,099 [DEBUG]  OP: Operation.NAIVE_FACTORIZATION on slice (3208, 2) (remaining tasks 5)
2025-04-22 15:20:04,125 [DEBUG]  		naive factorization 2 columns (in 0.02589 secs)
2025-04-22 15:20:04,125 [DEBUG]  OP: Operation.NAIVE_FACTORIZATION on slice (1680, 2) (remaining tasks 4)
2025-04-22 15:20:04,135 [DEBUG]  		naive factorization 2 columns (in 0.00980 secs)
2025-04-22 15:20:04,136 [DEBUG]  OP: Operation.SPLIT_ROWS on slice (4817, 2) (remaining tasks 3)
2025-04-22 15:20:04,212 [DEBUG]  		found 2 row clusters (in 0.07669 secs)
2025-04-22 15:20:04,213 [DEBUG]  OP: Operation.SPLIT_ROWS on slice (6342, 2) (remaining tasks 4)
2025-04-22 15:20:04,261 [DEBUG]  		found 2 row clusters (in 0.04800 secs)
2025-04-22 15:20:04,261 [DEBUG]  OP: Operation.SPLIT_ROWS on slice (4817, 2) (remaining tasks 5)
2025-04-22 15:20:04,290 [DEBUG]  		found 2 row clusters (in 0.02843 secs)
2025-04-22 15:20:04,290 [DEBUG]  OP: Operation.SPLIT_ROWS on slice (4541, 2) (remaining tasks 6)
2025-04-22 15:20:04,324 [DEBUG]  		found 2 row clusters (in 0.03374 secs)
2025-04-22 15:20:04,325 [DEBUG]  OP: Operation.NAIVE_FACTORIZATION on slice (3034, 2) (remaining tasks 7)
2025-04-22 15:20:04,349 [DEBUG]  		naive factorization 2 columns (in 0.02427 secs)
2025-04-22 15:20:04,349 [DEBUG]  OP: Operation.NAIVE_FACTORIZATION on slice (1783, 2) (remaining tasks 6)
2025-04-22 15:20:04,364 [DEBUG]  		naive factorization 2 columns (in 0.01463 secs)
2025-04-22 15:20:04,364 [DEBUG]  OP: Operation.NAIVE_FACTORIZATION on slice (3182, 2) (remaining tasks 5)
2025-04-22 15:20:04,391 [DEBUG]  		naive factorization 2 columns (in 0.02631 secs)
2025-04-22 15:20:04,391 [DEBUG]  OP: Operation.NAIVE_FACTORIZATION on slice (3160, 2) (remaining tasks 4)
2025-04-22 15:20:04,417 [DEBUG]  		naive factorization 2 columns (in 0.02589 secs)
2025-04-22 15:20:04,417 [DEBUG]  OP: Operation.NAIVE_FACTORIZATION on slice (3658, 2) (remaining tasks 3)
2025-04-22 15:20:04,445 [DEBUG]  		naive factorization 2 columns (in 0.02788 secs)
2025-04-22 15:20:04,446 [DEBUG]  OP: Operation.NAIVE_FACTORIZATION on slice (1159, 2) (remaining tasks 2)
2025-04-22 15:20:04,455 [DEBUG]  		naive factorization 2 columns (in 0.00880 secs)
2025-04-22 15:20:04,455 [DEBUG]  OP: Operation.NAIVE_FACTORIZATION on slice (1887, 2) (remaining tasks 1)
2025-04-22 15:20:04,471 [DEBUG]  		naive factorization 2 columns (in 0.01537 secs)
2025-04-22 15:20:04,472 [DEBUG]  OP: Operation.NAIVE_FACTORIZATION on slice (2654, 2) (remaining tasks 0)
2025-04-22 15:20:04,492 [DEBUG]  		naive factorization 2 columns (in 0.01969 secs)
2025-04-22 15:20:20,028 [DEBUG]  Built SPN in 48.40857390699966 sec
2025-04-22 15:20:20,028 [INFO ]  Saving ensemble to /home/dafn/card/deepcard/collected_temp_benchmarks/spn_ensembles/3D Road Network (North Jutland, Denmark)/ensemble_single_d_spatial_network_10000000.pkl
