2025-04-22 15:11:39,517 [INFO ]  Creating naive ensemble.
2025-04-22 15:11:39,517 [INFO ]  Learning SPN for d_spatial_network.
2025-04-22 15:11:39,517 [DEBUG]  generate_join_sample(single_table=d_spatial_network, relationship_list=None, split_condition=None)
2025-04-22 15:11:39,575 [DEBUG]  Using min_instance_slice parameter 4348.74.
2025-04-22 15:11:39,575 [INFO ]  SPN training phase with 434874 samples
2025-04-22 15:11:39,672 [DEBUG]  Built domains in 0.09474144800333306 sec
2025-04-22 15:11:40,037 [DEBUG]  CACHEDIR=/home/dafn/.cache/matplotlib
2025-04-22 15:11:40,039 [DEBUG]  Using fontManager instance from /home/dafn/.cache/matplotlib/fontlist-v300.json
2025-04-22 15:11:40,133 [DEBUG]  Loaded backend qt5agg version unknown.
2025-04-22 15:11:40,164 [DEBUG]  Loaded backend qt5agg version unknown.
2025-04-22 15:11:40,164 [DEBUG]  Loaded backend qt4agg version unknown.
2025-04-22 15:11:40,171 [DEBUG]  Loaded backend tkagg version unknown.
2025-04-22 15:11:40,172 [DEBUG]  Loaded backend agg version unknown.
2025-04-22 15:11:40,172 [DEBUG]  Loaded backend agg version unknown.
2025-04-22 15:11:40,181 [DEBUG]  OP: Operation.SPLIT_ROWS on slice (434874, 4) (remaining tasks 0)
2025-04-22 15:11:40,601 [DEBUG]  		found 2 row clusters (in 0.42011 secs)
2025-04-22 15:11:40,619 [DEBUG]  OP: Operation.SPLIT_COLUMNS on slice (331380, 4) (remaining tasks 1)
2025-04-22 15:11:40,879 [DEBUG]  		found 1 col clusters (in 0.25935 secs)
2025-04-22 15:11:40,889 [DEBUG]  OP: Operation.SPLIT_COLUMNS on slice (103494, 4) (remaining tasks 1)
2025-04-22 15:11:41,271 [DEBUG]  		found 1 col clusters (in 0.37801 secs)
2025-04-22 15:11:41,324 [DEBUG]  OP: Operation.SPLIT_ROWS on slice (331380, 4) (remaining tasks 1)
2025-04-22 15:11:41,763 [DEBUG]  		found 2 row clusters (in 0.43872 secs)
2025-04-22 15:11:41,769 [DEBUG]  OP: Operation.SPLIT_ROWS on slice (103494, 4) (remaining tasks 2)
2025-04-22 15:11:42,020 [DEBUG]  		found 2 row clusters (in 0.25127 secs)
2025-04-22 15:11:42,032 [DEBUG]  OP: Operation.SPLIT_COLUMNS on slice (202798, 4) (remaining tasks 3)
2025-04-22 15:11:42,249 [DEBUG]  		found 1 col clusters (in 0.21730 secs)
2025-04-22 15:11:42,261 [DEBUG]  OP: Operation.SPLIT_COLUMNS on slice (128582, 4) (remaining tasks 3)
2025-04-22 15:11:42,592 [DEBUG]  		found 1 col clusters (in 0.33053 secs)
2025-04-22 15:11:42,600 [DEBUG]  OP: Operation.SPLIT_COLUMNS on slice (81755, 4) (remaining tasks 3)
2025-04-22 15:11:42,954 [DEBUG]  		found 1 col clusters (in 0.35395 secs)
2025-04-22 15:11:42,957 [DEBUG]  OP: Operation.SPLIT_COLUMNS on slice (21739, 4) (remaining tasks 3)
2025-04-22 15:11:43,294 [DEBUG]  		found 1 col clusters (in 0.33757 secs)
2025-04-22 15:11:43,314 [DEBUG]  OP: Operation.SPLIT_ROWS on slice (202798, 4) (remaining tasks 3)
2025-04-22 15:11:44,011 [DEBUG]  		found 2 row clusters (in 0.69691 secs)
2025-04-22 15:11:44,018 [DEBUG]  OP: Operation.SPLIT_ROWS on slice (128582, 4) (remaining tasks 4)
2025-04-22 15:11:44,294 [DEBUG]  		found 2 row clusters (in 0.27585 secs)
2025-04-22 15:11:44,299 [DEBUG]  OP: Operation.SPLIT_ROWS on slice (81755, 4) (remaining tasks 5)
2025-04-22 15:11:44,529 [DEBUG]  		found 2 row clusters (in 0.22993 secs)
2025-04-22 15:11:44,531 [DEBUG]  OP: Operation.SPLIT_ROWS on slice (21739, 4) (remaining tasks 6)
2025-04-22 15:11:44,587 [DEBUG]  		found 2 row clusters (in 0.05639 secs)
2025-04-22 15:11:44,594 [DEBUG]  OP: Operation.SPLIT_COLUMNS on slice (123633, 4) (remaining tasks 7)
2025-04-22 15:11:44,813 [DEBUG]  		found 1 col clusters (in 0.21913 secs)
2025-04-22 15:11:44,821 [DEBUG]  OP: Operation.SPLIT_COLUMNS on slice (79165, 4) (remaining tasks 7)
2025-04-22 15:11:45,179 [DEBUG]  		found 1 col clusters (in 0.35796 secs)
2025-04-22 15:11:45,185 [DEBUG]  OP: Operation.SPLIT_COLUMNS on slice (60555, 4) (remaining tasks 7)
2025-04-22 15:11:45,521 [DEBUG]  		found 1 col clusters (in 0.33568 secs)
2025-04-22 15:11:45,528 [DEBUG]  OP: Operation.SPLIT_COLUMNS on slice (68027, 4) (remaining tasks 7)
2025-04-22 15:11:45,841 [DEBUG]  		found 1 col clusters (in 0.31239 secs)
2025-04-22 15:11:45,845 [DEBUG]  OP: Operation.SPLIT_COLUMNS on slice (40324, 4) (remaining tasks 7)
2025-04-22 15:11:46,160 [DEBUG]  		found 1 col clusters (in 0.31468 secs)
2025-04-22 15:11:46,164 [DEBUG]  OP: Operation.SPLIT_COLUMNS on slice (41431, 4) (remaining tasks 7)
2025-04-22 15:11:46,494 [DEBUG]  		found 1 col clusters (in 0.32949 secs)
2025-04-22 15:11:46,496 [DEBUG]  OP: Operation.SPLIT_COLUMNS on slice (15860, 4) (remaining tasks 7)
2025-04-22 15:11:46,797 [DEBUG]  		found 1 col clusters (in 0.30090 secs)
2025-04-22 15:11:46,798 [DEBUG]  OP: Operation.SPLIT_COLUMNS on slice (5879, 4) (remaining tasks 7)
2025-04-22 15:11:47,065 [DEBUG]  		found 1 col clusters (in 0.26642 secs)
2025-04-22 15:11:47,076 [DEBUG]  OP: Operation.SPLIT_ROWS on slice (123633, 4) (remaining tasks 7)
2025-04-22 15:11:47,615 [DEBUG]  		found 2 row clusters (in 0.53926 secs)
2025-04-22 15:11:47,620 [DEBUG]  OP: Operation.SPLIT_ROWS on slice (79165, 4) (remaining tasks 8)
2025-04-22 15:11:47,826 [DEBUG]  		found 2 row clusters (in 0.20616 secs)
2025-04-22 15:11:47,830 [DEBUG]  OP: Operation.SPLIT_ROWS on slice (60555, 4) (remaining tasks 9)
2025-04-22 15:11:48,079 [DEBUG]  		found 2 row clusters (in 0.24885 secs)
2025-04-22 15:11:48,083 [DEBUG]  OP: Operation.SPLIT_ROWS on slice (68027, 4) (remaining tasks 10)
2025-04-22 15:11:48,283 [DEBUG]  		found 2 row clusters (in 0.19945 secs)
2025-04-22 15:11:48,285 [DEBUG]  OP: Operation.SPLIT_ROWS on slice (40324, 4) (remaining tasks 11)
2025-04-22 15:11:48,407 [DEBUG]  		found 2 row clusters (in 0.12154 secs)
2025-04-22 15:11:48,410 [DEBUG]  OP: Operation.SPLIT_ROWS on slice (41431, 4) (remaining tasks 12)
2025-04-22 15:11:48,498 [DEBUG]  		found 2 row clusters (in 0.08879 secs)
2025-04-22 15:11:48,500 [DEBUG]  OP: Operation.SPLIT_ROWS on slice (15860, 4) (remaining tasks 13)
2025-04-22 15:11:48,547 [DEBUG]  		found 2 row clusters (in 0.04739 secs)
2025-04-22 15:11:48,548 [DEBUG]  OP: Operation.SPLIT_ROWS on slice (5879, 4) (remaining tasks 14)
2025-04-22 15:11:48,577 [DEBUG]  		found 2 row clusters (in 0.02897 secs)
2025-04-22 15:11:48,583 [DEBUG]  OP: Operation.SPLIT_COLUMNS on slice (107287, 4) (remaining tasks 15)
2025-04-22 15:11:48,799 [DEBUG]  		found 1 col clusters (in 0.21570 secs)
2025-04-22 15:11:48,801 [DEBUG]  OP: Operation.SPLIT_COLUMNS on slice (16346, 4) (remaining tasks 15)
2025-04-22 15:11:49,096 [DEBUG]  		found 1 col clusters (in 0.29466 secs)
2025-04-22 15:11:49,100 [DEBUG]  OP: Operation.SPLIT_COLUMNS on slice (31298, 4) (remaining tasks 15)
2025-04-22 15:11:49,421 [DEBUG]  		found 1 col clusters (in 0.32120 secs)
2025-04-22 15:11:49,427 [DEBUG]  OP: Operation.SPLIT_COLUMNS on slice (47867, 4) (remaining tasks 15)
2025-04-22 15:11:49,728 [DEBUG]  		found 1 col clusters (in 0.30078 secs)
2025-04-22 15:11:49,731 [DEBUG]  OP: Operation.SPLIT_COLUMNS on slice (24087, 4) (remaining tasks 15)
2025-04-22 15:11:50,088 [DEBUG]  		found 1 col clusters (in 0.35658 secs)
2025-04-22 15:11:50,092 [DEBUG]  OP: Operation.SPLIT_COLUMNS on slice (36468, 4) (remaining tasks 15)
2025-04-22 15:11:50,426 [DEBUG]  		found 1 col clusters (in 0.33321 secs)
2025-04-22 15:11:50,430 [DEBUG]  OP: Operation.SPLIT_COLUMNS on slice (37653, 4) (remaining tasks 15)
2025-04-22 15:11:50,764 [DEBUG]  		found 1 col clusters (in 0.33428 secs)
2025-04-22 15:11:50,768 [DEBUG]  OP: Operation.SPLIT_COLUMNS on slice (30374, 4) (remaining tasks 15)
2025-04-22 15:11:51,086 [DEBUG]  		found 1 col clusters (in 0.31746 secs)
2025-04-22 15:11:51,089 [DEBUG]  OP: Operation.SPLIT_COLUMNS on slice (24546, 4) (remaining tasks 15)
2025-04-22 15:11:51,384 [DEBUG]  		found 1 col clusters (in 0.29487 secs)
2025-04-22 15:11:51,387 [DEBUG]  OP: Operation.SPLIT_COLUMNS on slice (15778, 4) (remaining tasks 15)
2025-04-22 15:11:51,713 [DEBUG]  		found 1 col clusters (in 0.32625 secs)
2025-04-22 15:11:51,718 [DEBUG]  OP: Operation.SPLIT_COLUMNS on slice (36561, 4) (remaining tasks 15)
2025-04-22 15:11:52,065 [DEBUG]  		found 1 col clusters (in 0.34722 secs)
2025-04-22 15:11:52,066 [DEBUG]  OP: Operation.SPLIT_COLUMNS on slice (4870, 4) (remaining tasks 15)
2025-04-22 15:11:52,397 [DEBUG]  		found 1 col clusters (in 0.33098 secs)
2025-04-22 15:11:52,399 [DEBUG]  OP: Operation.SPLIT_COLUMNS on slice (7131, 4) (remaining tasks 15)
2025-04-22 15:11:52,705 [DEBUG]  		found 1 col clusters (in 0.30619 secs)
2025-04-22 15:11:52,706 [DEBUG]  OP: Operation.SPLIT_COLUMNS on slice (8729, 4) (remaining tasks 15)
2025-04-22 15:11:53,019 [DEBUG]  		found 1 col clusters (in 0.31228 secs)
2025-04-22 15:11:53,019 [DEBUG]  OP: Operation.NAIVE_FACTORIZATION on slice (1777, 4) (remaining tasks 15)
2025-04-22 15:11:53,036 [DEBUG]  		naive factorization 4 columns (in 0.01637 secs)
2025-04-22 15:11:53,037 [DEBUG]  OP: Operation.NAIVE_FACTORIZATION on slice (4102, 4) (remaining tasks 14)
2025-04-22 15:11:53,208 [DEBUG]  		naive factorization 4 columns (in 0.17060 secs)
2025-04-22 15:11:53,213 [DEBUG]  OP: Operation.SPLIT_ROWS on slice (107287, 4) (remaining tasks 13)
2025-04-22 15:11:53,663 [DEBUG]  		found 2 row clusters (in 0.44940 secs)
2025-04-22 15:11:53,664 [DEBUG]  OP: Operation.SPLIT_ROWS on slice (16346, 4) (remaining tasks 14)
2025-04-22 15:11:53,715 [DEBUG]  		found 2 row clusters (in 0.05052 secs)
2025-04-22 15:11:53,717 [DEBUG]  OP: Operation.SPLIT_ROWS on slice (31298, 4) (remaining tasks 15)
2025-04-22 15:11:53,820 [DEBUG]  		found 2 row clusters (in 0.10280 secs)
2025-04-22 15:11:53,823 [DEBUG]  OP: Operation.SPLIT_ROWS on slice (47867, 4) (remaining tasks 16)
2025-04-22 15:11:53,980 [DEBUG]  		found 2 row clusters (in 0.15703 secs)
2025-04-22 15:11:53,982 [DEBUG]  OP: Operation.SPLIT_ROWS on slice (24087, 4) (remaining tasks 17)
2025-04-22 15:11:54,061 [DEBUG]  		found 2 row clusters (in 0.07882 secs)
2025-04-22 15:11:54,063 [DEBUG]  OP: Operation.SPLIT_ROWS on slice (36468, 4) (remaining tasks 18)
2025-04-22 15:11:54,198 [DEBUG]  		found 2 row clusters (in 0.13463 secs)
2025-04-22 15:11:54,200 [DEBUG]  OP: Operation.SPLIT_ROWS on slice (37653, 4) (remaining tasks 19)
2025-04-22 15:11:54,317 [DEBUG]  		found 2 row clusters (in 0.11698 secs)
2025-04-22 15:11:54,319 [DEBUG]  OP: Operation.SPLIT_ROWS on slice (30374, 4) (remaining tasks 20)
2025-04-22 15:11:54,417 [DEBUG]  		found 2 row clusters (in 0.09765 secs)
2025-04-22 15:11:54,419 [DEBUG]  OP: Operation.SPLIT_ROWS on slice (24546, 4) (remaining tasks 21)
2025-04-22 15:11:54,489 [DEBUG]  		found 2 row clusters (in 0.06963 secs)
2025-04-22 15:11:54,490 [DEBUG]  OP: Operation.SPLIT_ROWS on slice (15778, 4) (remaining tasks 22)
2025-04-22 15:11:54,545 [DEBUG]  		found 2 row clusters (in 0.05535 secs)
2025-04-22 15:11:54,548 [DEBUG]  OP: Operation.SPLIT_ROWS on slice (36561, 4) (remaining tasks 23)
2025-04-22 15:11:54,669 [DEBUG]  		found 2 row clusters (in 0.12060 secs)
2025-04-22 15:11:54,669 [DEBUG]  OP: Operation.SPLIT_ROWS on slice (4870, 4) (remaining tasks 24)
2025-04-22 15:11:54,695 [DEBUG]  		found 2 row clusters (in 0.02619 secs)
2025-04-22 15:11:54,696 [DEBUG]  OP: Operation.SPLIT_ROWS on slice (7131, 4) (remaining tasks 25)
2025-04-22 15:11:54,735 [DEBUG]  		found 2 row clusters (in 0.03859 secs)
2025-04-22 15:11:54,735 [DEBUG]  OP: Operation.SPLIT_ROWS on slice (8729, 4) (remaining tasks 26)
2025-04-22 15:11:54,775 [DEBUG]  		found 2 row clusters (in 0.03934 secs)
2025-04-22 15:11:54,778 [DEBUG]  OP: Operation.SPLIT_COLUMNS on slice (51585, 4) (remaining tasks 27)
2025-04-22 15:11:54,998 [DEBUG]  		found 1 col clusters (in 0.21950 secs)
2025-04-22 15:11:55,003 [DEBUG]  OP: Operation.SPLIT_COLUMNS on slice (55702, 4) (remaining tasks 27)
2025-04-22 15:11:55,322 [DEBUG]  		found 1 col clusters (in 0.31887 secs)
2025-04-22 15:11:55,323 [DEBUG]  OP: Operation.SPLIT_COLUMNS on slice (7523, 4) (remaining tasks 27)
2025-04-22 15:11:55,676 [DEBUG]  		found 1 col clusters (in 0.35197 secs)
2025-04-22 15:11:55,677 [DEBUG]  OP: Operation.SPLIT_COLUMNS on slice (8823, 4) (remaining tasks 27)
2025-04-22 15:11:56,015 [DEBUG]  		found 1 col clusters (in 0.33809 secs)
2025-04-22 15:11:56,018 [DEBUG]  OP: Operation.SPLIT_COLUMNS on slice (24000, 4) (remaining tasks 27)
2025-04-22 15:11:56,345 [DEBUG]  		found 1 col clusters (in 0.32632 secs)
2025-04-22 15:11:56,346 [DEBUG]  OP: Operation.SPLIT_COLUMNS on slice (7298, 4) (remaining tasks 27)
2025-04-22 15:11:56,555 [DEBUG]  		found 1 col clusters (in 0.20878 secs)
2025-04-22 15:11:56,558 [DEBUG]  OP: Operation.SPLIT_COLUMNS on slice (25569, 4) (remaining tasks 27)
2025-04-22 15:11:56,943 [DEBUG]  		found 1 col clusters (in 0.38420 secs)
2025-04-22 15:11:56,945 [DEBUG]  OP: Operation.SPLIT_COLUMNS on slice (22298, 4) (remaining tasks 27)
2025-04-22 15:11:57,239 [DEBUG]  		found 1 col clusters (in 0.29409 secs)
2025-04-22 15:11:57,241 [DEBUG]  OP: Operation.SPLIT_COLUMNS on slice (7363, 4) (remaining tasks 27)
2025-04-22 15:11:57,450 [DEBUG]  		found 1 col clusters (in 0.20903 secs)
2025-04-22 15:11:57,452 [DEBUG]  OP: Operation.SPLIT_COLUMNS on slice (16724, 4) (remaining tasks 27)
2025-04-22 15:11:57,836 [DEBUG]  		found 1 col clusters (in 0.38332 secs)
2025-04-22 15:11:57,839 [DEBUG]  OP: Operation.SPLIT_COLUMNS on slice (21569, 4) (remaining tasks 27)
2025-04-22 15:11:58,141 [DEBUG]  		found 1 col clusters (in 0.30197 secs)
2025-04-22 15:11:58,143 [DEBUG]  OP: Operation.SPLIT_COLUMNS on slice (14899, 4) (remaining tasks 27)
2025-04-22 15:11:58,483 [DEBUG]  		found 1 col clusters (in 0.33957 secs)
2025-04-22 15:11:58,486 [DEBUG]  OP: Operation.SPLIT_COLUMNS on slice (24079, 4) (remaining tasks 27)
2025-04-22 15:11:58,818 [DEBUG]  		found 1 col clusters (in 0.33214 secs)
2025-04-22 15:11:58,820 [DEBUG]  OP: Operation.SPLIT_COLUMNS on slice (13574, 4) (remaining tasks 27)
2025-04-22 15:11:59,127 [DEBUG]  		found 1 col clusters (in 0.30668 secs)
2025-04-22 15:11:59,129 [DEBUG]  OP: Operation.SPLIT_COLUMNS on slice (20219, 4) (remaining tasks 27)
2025-04-22 15:11:59,438 [DEBUG]  		found 1 col clusters (in 0.30882 secs)
2025-04-22 15:11:59,440 [DEBUG]  OP: Operation.SPLIT_COLUMNS on slice (10155, 4) (remaining tasks 27)
2025-04-22 15:11:59,781 [DEBUG]  		found 1 col clusters (in 0.34051 secs)
2025-04-22 15:11:59,782 [DEBUG]  OP: Operation.SPLIT_COLUMNS on slice (9961, 4) (remaining tasks 27)
2025-04-22 15:12:00,105 [DEBUG]  		found 1 col clusters (in 0.32269 secs)
2025-04-22 15:12:00,107 [DEBUG]  OP: Operation.SPLIT_COLUMNS on slice (14585, 4) (remaining tasks 27)
2025-04-22 15:12:00,411 [DEBUG]  		found 1 col clusters (in 0.30357 secs)
2025-04-22 15:12:00,413 [DEBUG]  OP: Operation.SPLIT_COLUMNS on slice (10935, 4) (remaining tasks 27)
2025-04-22 15:12:00,759 [DEBUG]  		found 1 col clusters (in 0.34577 secs)
2025-04-22 15:12:00,760 [DEBUG]  OP: Operation.SPLIT_COLUMNS on slice (4843, 4) (remaining tasks 27)
2025-04-22 15:12:00,945 [DEBUG]  		found 1 col clusters (in 0.18505 secs)
2025-04-22 15:12:00,947 [DEBUG]  OP: Operation.SPLIT_COLUMNS on slice (20261, 4) (remaining tasks 27)
2025-04-22 15:12:01,316 [DEBUG]  		found 1 col clusters (in 0.36802 secs)
2025-04-22 15:12:01,318 [DEBUG]  OP: Operation.SPLIT_COLUMNS on slice (16300, 4) (remaining tasks 27)
2025-04-22 15:12:01,657 [DEBUG]  		found 1 col clusters (in 0.33937 secs)
2025-04-22 15:12:01,658 [DEBUG]  OP: Operation.NAIVE_FACTORIZATION on slice (2550, 4) (remaining tasks 27)
2025-04-22 15:12:01,816 [DEBUG]  		naive factorization 4 columns (in 0.15778 secs)
2025-04-22 15:12:01,817 [DEBUG]  OP: Operation.NAIVE_FACTORIZATION on slice (2320, 4) (remaining tasks 26)
2025-04-22 15:12:01,912 [DEBUG]  		naive factorization 4 columns (in 0.09470 secs)
2025-04-22 15:12:01,913 [DEBUG]  OP: Operation.SPLIT_COLUMNS on slice (4753, 4) (remaining tasks 25)
2025-04-22 15:12:02,168 [DEBUG]  		found 1 col clusters (in 0.25489 secs)
2025-04-22 15:12:02,169 [DEBUG]  OP: Operation.NAIVE_FACTORIZATION on slice (2378, 4) (remaining tasks 25)
2025-04-22 15:12:02,327 [DEBUG]  		naive factorization 4 columns (in 0.15774 secs)
2025-04-22 15:12:02,327 [DEBUG]  OP: Operation.SPLIT_COLUMNS on slice (4854, 4) (remaining tasks 24)
2025-04-22 15:12:02,435 [DEBUG]  		found 1 col clusters (in 0.10794 secs)
2025-04-22 15:12:02,436 [DEBUG]  OP: Operation.NAIVE_FACTORIZATION on slice (3875, 4) (remaining tasks 24)
2025-04-22 15:12:02,648 [DEBUG]  		naive factorization 4 columns (in 0.21221 secs)
2025-04-22 15:12:02,653 [DEBUG]  OP: Operation.SPLIT_ROWS on slice (51585, 4) (remaining tasks 23)
2025-04-22 15:12:02,879 [DEBUG]  		found 2 row clusters (in 0.22577 secs)
2025-04-22 15:12:02,882 [DEBUG]  OP: Operation.SPLIT_ROWS on slice (55702, 4) (remaining tasks 24)
2025-04-22 15:12:03,016 [DEBUG]  		found 2 row clusters (in 0.13332 secs)
2025-04-22 15:12:03,016 [DEBUG]  OP: Operation.SPLIT_ROWS on slice (7523, 4) (remaining tasks 25)
2025-04-22 15:12:03,052 [DEBUG]  		found 2 row clusters (in 0.03562 secs)
2025-04-22 15:12:03,053 [DEBUG]  OP: Operation.SPLIT_ROWS on slice (8823, 4) (remaining tasks 26)
2025-04-22 15:12:03,107 [DEBUG]  		found 2 row clusters (in 0.05386 secs)
2025-04-22 15:12:03,109 [DEBUG]  OP: Operation.SPLIT_ROWS on slice (24000, 4) (remaining tasks 27)
2025-04-22 15:12:03,172 [DEBUG]  		found 2 row clusters (in 0.06310 secs)
2025-04-22 15:12:03,172 [DEBUG]  OP: Operation.SPLIT_ROWS on slice (7298, 4) (remaining tasks 28)
2025-04-22 15:12:03,204 [DEBUG]  		found 2 row clusters (in 0.03175 secs)
2025-04-22 15:12:03,206 [DEBUG]  OP: Operation.SPLIT_ROWS on slice (25569, 4) (remaining tasks 29)
2025-04-22 15:12:03,286 [DEBUG]  		found 2 row clusters (in 0.07951 secs)
2025-04-22 15:12:03,287 [DEBUG]  OP: Operation.SPLIT_ROWS on slice (22298, 4) (remaining tasks 30)
2025-04-22 15:12:03,355 [DEBUG]  		found 2 row clusters (in 0.06741 secs)
2025-04-22 15:12:03,355 [DEBUG]  OP: Operation.SPLIT_ROWS on slice (7363, 4) (remaining tasks 31)
2025-04-22 15:12:03,391 [DEBUG]  		found 2 row clusters (in 0.03550 secs)
2025-04-22 15:12:03,392 [DEBUG]  OP: Operation.SPLIT_ROWS on slice (16724, 4) (remaining tasks 32)
2025-04-22 15:12:03,486 [DEBUG]  		found 2 row clusters (in 0.09327 secs)
2025-04-22 15:12:03,487 [DEBUG]  OP: Operation.SPLIT_ROWS on slice (21569, 4) (remaining tasks 33)
2025-04-22 15:12:03,576 [DEBUG]  		found 2 row clusters (in 0.08915 secs)
2025-04-22 15:12:03,578 [DEBUG]  OP: Operation.SPLIT_ROWS on slice (14899, 4) (remaining tasks 34)
2025-04-22 15:12:03,642 [DEBUG]  		found 2 row clusters (in 0.06460 secs)
2025-04-22 15:12:03,644 [DEBUG]  OP: Operation.SPLIT_ROWS on slice (24079, 4) (remaining tasks 35)
2025-04-22 15:12:03,709 [DEBUG]  		found 2 row clusters (in 0.06440 secs)
2025-04-22 15:12:03,710 [DEBUG]  OP: Operation.SPLIT_ROWS on slice (13574, 4) (remaining tasks 36)
2025-04-22 15:12:03,769 [DEBUG]  		found 2 row clusters (in 0.05915 secs)
2025-04-22 15:12:03,772 [DEBUG]  OP: Operation.SPLIT_ROWS on slice (20219, 4) (remaining tasks 37)
2025-04-22 15:12:03,862 [DEBUG]  		found 2 row clusters (in 0.09009 secs)
2025-04-22 15:12:03,863 [DEBUG]  OP: Operation.SPLIT_ROWS on slice (10155, 4) (remaining tasks 38)
2025-04-22 15:12:03,905 [DEBUG]  		found 2 row clusters (in 0.04163 secs)
2025-04-22 15:12:03,906 [DEBUG]  OP: Operation.SPLIT_ROWS on slice (9961, 4) (remaining tasks 39)
2025-04-22 15:12:03,944 [DEBUG]  		found 2 row clusters (in 0.03793 secs)
2025-04-22 15:12:03,945 [DEBUG]  OP: Operation.SPLIT_ROWS on slice (14585, 4) (remaining tasks 40)
2025-04-22 15:12:04,020 [DEBUG]  		found 2 row clusters (in 0.07471 secs)
2025-04-22 15:12:04,020 [DEBUG]  OP: Operation.SPLIT_ROWS on slice (10935, 4) (remaining tasks 41)
2025-04-22 15:12:04,068 [DEBUG]  		found 2 row clusters (in 0.04784 secs)
2025-04-22 15:12:04,069 [DEBUG]  OP: Operation.SPLIT_ROWS on slice (4843, 4) (remaining tasks 42)
2025-04-22 15:12:04,099 [DEBUG]  		found 2 row clusters (in 0.02952 secs)
2025-04-22 15:12:04,100 [DEBUG]  OP: Operation.SPLIT_ROWS on slice (20261, 4) (remaining tasks 43)
2025-04-22 15:12:04,159 [DEBUG]  		found 2 row clusters (in 0.05868 secs)
2025-04-22 15:12:04,160 [DEBUG]  OP: Operation.SPLIT_ROWS on slice (16300, 4) (remaining tasks 44)
2025-04-22 15:12:04,221 [DEBUG]  		found 2 row clusters (in 0.06054 secs)
2025-04-22 15:12:04,221 [DEBUG]  OP: Operation.SPLIT_ROWS on slice (4753, 4) (remaining tasks 45)
2025-04-22 15:12:04,250 [DEBUG]  		found 2 row clusters (in 0.02873 secs)
2025-04-22 15:12:04,251 [DEBUG]  OP: Operation.SPLIT_ROWS on slice (4854, 4) (remaining tasks 46)
2025-04-22 15:12:04,278 [DEBUG]  		found 2 row clusters (in 0.02726 secs)
2025-04-22 15:12:04,280 [DEBUG]  OP: Operation.SPLIT_COLUMNS on slice (31772, 4) (remaining tasks 47)
2025-04-22 15:12:04,499 [DEBUG]  		found 1 col clusters (in 0.21825 secs)
2025-04-22 15:12:04,501 [DEBUG]  OP: Operation.SPLIT_COLUMNS on slice (19813, 4) (remaining tasks 47)
2025-04-22 15:12:04,802 [DEBUG]  		found 1 col clusters (in 0.30049 secs)
2025-04-22 15:12:04,805 [DEBUG]  OP: Operation.SPLIT_COLUMNS on slice (25371, 4) (remaining tasks 47)
2025-04-22 15:12:05,121 [DEBUG]  		found 1 col clusters (in 0.31590 secs)
2025-04-22 15:12:05,124 [DEBUG]  OP: Operation.SPLIT_COLUMNS on slice (30331, 4) (remaining tasks 47)
2025-04-22 15:12:05,475 [DEBUG]  		found 1 col clusters (in 0.35071 secs)
2025-04-22 15:12:05,476 [DEBUG]  OP: Operation.NAIVE_FACTORIZATION on slice (3345, 4) (remaining tasks 47)
2025-04-22 15:12:05,641 [DEBUG]  		naive factorization 4 columns (in 0.16437 secs)
2025-04-22 15:12:05,641 [DEBUG]  OP: Operation.NAIVE_FACTORIZATION on slice (4178, 4) (remaining tasks 46)
2025-04-22 15:12:05,784 [DEBUG]  		naive factorization 4 columns (in 0.14272 secs)
2025-04-22 15:12:05,785 [DEBUG]  OP: Operation.NAIVE_FACTORIZATION on slice (1879, 4) (remaining tasks 45)
2025-04-22 15:12:05,802 [DEBUG]  		naive factorization 4 columns (in 0.01684 secs)
2025-04-22 15:12:05,803 [DEBUG]  OP: Operation.SPLIT_COLUMNS on slice (6944, 4) (remaining tasks 44)
2025-04-22 15:12:06,026 [DEBUG]  		found 1 col clusters (in 0.22291 secs)
2025-04-22 15:12:06,028 [DEBUG]  OP: Operation.SPLIT_COLUMNS on slice (8792, 4) (remaining tasks 44)
2025-04-22 15:12:06,349 [DEBUG]  		found 1 col clusters (in 0.32140 secs)
2025-04-22 15:12:06,351 [DEBUG]  OP: Operation.SPLIT_COLUMNS on slice (15208, 4) (remaining tasks 44)
2025-04-22 15:12:06,700 [DEBUG]  		found 1 col clusters (in 0.34859 secs)
2025-04-22 15:12:06,701 [DEBUG]  OP: Operation.NAIVE_FACTORIZATION on slice (3688, 4) (remaining tasks 44)
2025-04-22 15:12:06,866 [DEBUG]  		naive factorization 4 columns (in 0.16450 secs)
2025-04-22 15:12:06,867 [DEBUG]  OP: Operation.NAIVE_FACTORIZATION on slice (3610, 4) (remaining tasks 43)
2025-04-22 15:12:06,932 [DEBUG]  		naive factorization 4 columns (in 0.06475 secs)
2025-04-22 15:12:06,933 [DEBUG]  OP: Operation.SPLIT_COLUMNS on slice (11898, 4) (remaining tasks 42)
2025-04-22 15:12:07,169 [DEBUG]  		found 1 col clusters (in 0.23537 secs)
2025-04-22 15:12:07,171 [DEBUG]  OP: Operation.SPLIT_COLUMNS on slice (13671, 4) (remaining tasks 42)
2025-04-22 15:12:07,517 [DEBUG]  		found 1 col clusters (in 0.34504 secs)
2025-04-22 15:12:07,518 [DEBUG]  OP: Operation.SPLIT_COLUMNS on slice (13428, 4) (remaining tasks 42)
2025-04-22 15:12:07,853 [DEBUG]  		found 1 col clusters (in 0.33397 secs)
2025-04-22 15:12:07,854 [DEBUG]  OP: Operation.SPLIT_COLUMNS on slice (8870, 4) (remaining tasks 42)
2025-04-22 15:12:08,185 [DEBUG]  		found 1 col clusters (in 0.33087 secs)
2025-04-22 15:12:08,186 [DEBUG]  OP: Operation.NAIVE_FACTORIZATION on slice (2614, 4) (remaining tasks 42)
2025-04-22 15:12:08,305 [DEBUG]  		naive factorization 4 columns (in 0.11893 secs)
2025-04-22 15:12:08,306 [DEBUG]  OP: Operation.SPLIT_COLUMNS on slice (4749, 4) (remaining tasks 41)
2025-04-22 15:12:08,526 [DEBUG]  		found 1 col clusters (in 0.21985 secs)
2025-04-22 15:12:08,527 [DEBUG]  OP: Operation.SPLIT_COLUMNS on slice (4653, 4) (remaining tasks 41)
2025-04-22 15:12:08,860 [DEBUG]  		found 1 col clusters (in 0.33237 secs)
2025-04-22 15:12:08,861 [DEBUG]  OP: Operation.SPLIT_COLUMNS on slice (12071, 4) (remaining tasks 41)
2025-04-22 15:12:09,164 [DEBUG]  		found 1 col clusters (in 0.30252 secs)
2025-04-22 15:12:09,166 [DEBUG]  OP: Operation.SPLIT_COLUMNS on slice (8247, 4) (remaining tasks 41)
2025-04-22 15:12:09,538 [DEBUG]  		found 1 col clusters (in 0.37173 secs)
2025-04-22 15:12:09,539 [DEBUG]  OP: Operation.SPLIT_COLUMNS on slice (13322, 4) (remaining tasks 41)
2025-04-22 15:12:09,839 [DEBUG]  		found 1 col clusters (in 0.29999 secs)
2025-04-22 15:12:09,841 [DEBUG]  OP: Operation.SPLIT_COLUMNS on slice (9157, 4) (remaining tasks 41)
2025-04-22 15:12:10,150 [DEBUG]  		found 1 col clusters (in 0.30835 secs)
2025-04-22 15:12:10,151 [DEBUG]  OP: Operation.SPLIT_COLUMNS on slice (5742, 4) (remaining tasks 41)
2025-04-22 15:12:10,451 [DEBUG]  		found 1 col clusters (in 0.30031 secs)
2025-04-22 15:12:10,453 [DEBUG]  OP: Operation.SPLIT_COLUMNS on slice (15162, 4) (remaining tasks 41)
2025-04-22 15:12:10,747 [DEBUG]  		found 1 col clusters (in 0.29375 secs)
2025-04-22 15:12:10,749 [DEBUG]  OP: Operation.SPLIT_COLUMNS on slice (8917, 4) (remaining tasks 41)
2025-04-22 15:12:11,077 [DEBUG]  		found 1 col clusters (in 0.32839 secs)
2025-04-22 15:12:11,078 [DEBUG]  OP: Operation.SPLIT_COLUMNS on slice (4475, 4) (remaining tasks 41)
2025-04-22 15:12:11,383 [DEBUG]  		found 1 col clusters (in 0.30441 secs)
2025-04-22 15:12:11,384 [DEBUG]  OP: Operation.SPLIT_COLUMNS on slice (9099, 4) (remaining tasks 41)
2025-04-22 15:12:11,695 [DEBUG]  		found 1 col clusters (in 0.30994 secs)
2025-04-22 15:12:11,696 [DEBUG]  OP: Operation.SPLIT_COLUMNS on slice (12219, 4) (remaining tasks 41)
2025-04-22 15:12:12,001 [DEBUG]  		found 1 col clusters (in 0.30431 secs)
2025-04-22 15:12:12,002 [DEBUG]  OP: Operation.SPLIT_COLUMNS on slice (8000, 4) (remaining tasks 41)
2025-04-22 15:12:12,330 [DEBUG]  		found 1 col clusters (in 0.32810 secs)
2025-04-22 15:12:12,331 [DEBUG]  OP: Operation.NAIVE_FACTORIZATION on slice (3903, 4) (remaining tasks 41)
2025-04-22 15:12:12,462 [DEBUG]  		naive factorization 4 columns (in 0.13021 secs)
2025-04-22 15:12:12,463 [DEBUG]  OP: Operation.SPLIT_COLUMNS on slice (6252, 4) (remaining tasks 40)
2025-04-22 15:12:12,676 [DEBUG]  		found 1 col clusters (in 0.21311 secs)
2025-04-22 15:12:12,677 [DEBUG]  OP: Operation.SPLIT_COLUMNS on slice (5672, 4) (remaining tasks 40)
2025-04-22 15:12:13,020 [DEBUG]  		found 1 col clusters (in 0.34224 secs)
2025-04-22 15:12:13,021 [DEBUG]  OP: Operation.NAIVE_FACTORIZATION on slice (4289, 4) (remaining tasks 40)
2025-04-22 15:12:13,170 [DEBUG]  		naive factorization 4 columns (in 0.14889 secs)
2025-04-22 15:12:13,171 [DEBUG]  OP: Operation.SPLIT_COLUMNS on slice (8091, 4) (remaining tasks 39)
2025-04-22 15:12:13,290 [DEBUG]  		found 1 col clusters (in 0.11872 secs)
2025-04-22 15:12:13,292 [DEBUG]  OP: Operation.SPLIT_COLUMNS on slice (6494, 4) (remaining tasks 39)
2025-04-22 15:12:13,478 [DEBUG]  		found 1 col clusters (in 0.18568 secs)
2025-04-22 15:12:13,479 [DEBUG]  OP: Operation.SPLIT_COLUMNS on slice (6501, 4) (remaining tasks 39)
2025-04-22 15:12:13,861 [DEBUG]  		found 1 col clusters (in 0.38149 secs)
2025-04-22 15:12:13,862 [DEBUG]  OP: Operation.SPLIT_COLUMNS on slice (4434, 4) (remaining tasks 39)
2025-04-22 15:12:14,092 [DEBUG]  		found 1 col clusters (in 0.23042 secs)
2025-04-22 15:12:14,093 [DEBUG]  OP: Operation.NAIVE_FACTORIZATION on slice (4099, 4) (remaining tasks 39)
2025-04-22 15:12:14,266 [DEBUG]  		naive factorization 4 columns (in 0.17205 secs)
2025-04-22 15:12:14,266 [DEBUG]  OP: Operation.NAIVE_FACTORIZATION on slice (744, 4) (remaining tasks 38)
2025-04-22 15:12:14,270 [DEBUG]  		naive factorization 4 columns (in 0.00362 secs)
2025-04-22 15:12:14,271 [DEBUG]  OP: Operation.SPLIT_COLUMNS on slice (11989, 4) (remaining tasks 37)
2025-04-22 15:12:14,486 [DEBUG]  		found 1 col clusters (in 0.21461 secs)
2025-04-22 15:12:14,487 [DEBUG]  OP: Operation.SPLIT_COLUMNS on slice (8272, 4) (remaining tasks 37)
2025-04-22 15:12:14,692 [DEBUG]  		found 1 col clusters (in 0.20520 secs)
2025-04-22 15:12:14,694 [DEBUG]  OP: Operation.SPLIT_COLUMNS on slice (10335, 4) (remaining tasks 37)
2025-04-22 15:12:15,080 [DEBUG]  		found 1 col clusters (in 0.38571 secs)
2025-04-22 15:12:15,081 [DEBUG]  OP: Operation.SPLIT_COLUMNS on slice (5965, 4) (remaining tasks 37)
2025-04-22 15:12:15,405 [DEBUG]  		found 1 col clusters (in 0.32339 secs)
2025-04-22 15:12:15,406 [DEBUG]  OP: Operation.NAIVE_FACTORIZATION on slice (1480, 4) (remaining tasks 37)
2025-04-22 15:12:15,417 [DEBUG]  		naive factorization 4 columns (in 0.01078 secs)
2025-04-22 15:12:15,417 [DEBUG]  OP: Operation.NAIVE_FACTORIZATION on slice (3273, 4) (remaining tasks 36)
2025-04-22 15:12:15,444 [DEBUG]  		naive factorization 4 columns (in 0.02708 secs)
2025-04-22 15:12:15,445 [DEBUG]  OP: Operation.NAIVE_FACTORIZATION on slice (2141, 4) (remaining tasks 35)
2025-04-22 15:12:15,457 [DEBUG]  		naive factorization 4 columns (in 0.01212 secs)
2025-04-22 15:12:15,458 [DEBUG]  OP: Operation.NAIVE_FACTORIZATION on slice (2713, 4) (remaining tasks 34)
2025-04-22 15:12:15,479 [DEBUG]  		naive factorization 4 columns (in 0.02070 secs)
2025-04-22 15:12:15,482 [DEBUG]  OP: Operation.SPLIT_ROWS on slice (31772, 4) (remaining tasks 33)
2025-04-22 15:12:15,655 [DEBUG]  		found 2 row clusters (in 0.17311 secs)
2025-04-22 15:12:15,658 [DEBUG]  OP: Operation.SPLIT_ROWS on slice (19813, 4) (remaining tasks 34)
2025-04-22 15:12:15,727 [DEBUG]  		found 2 row clusters (in 0.06884 secs)
2025-04-22 15:12:15,728 [DEBUG]  OP: Operation.SPLIT_ROWS on slice (25371, 4) (remaining tasks 35)
2025-04-22 15:12:15,812 [DEBUG]  		found 2 row clusters (in 0.08385 secs)
2025-04-22 15:12:15,814 [DEBUG]  OP: Operation.SPLIT_ROWS on slice (30331, 4) (remaining tasks 36)
2025-04-22 15:12:15,902 [DEBUG]  		found 2 row clusters (in 0.08737 secs)
2025-04-22 15:12:15,903 [DEBUG]  OP: Operation.SPLIT_ROWS on slice (6944, 4) (remaining tasks 37)
2025-04-22 15:12:15,935 [DEBUG]  		found 2 row clusters (in 0.03178 secs)
2025-04-22 15:12:15,935 [DEBUG]  OP: Operation.SPLIT_ROWS on slice (8792, 4) (remaining tasks 38)
2025-04-22 15:12:15,970 [DEBUG]  		found 2 row clusters (in 0.03497 secs)
2025-04-22 15:12:15,971 [DEBUG]  OP: Operation.SPLIT_ROWS on slice (15208, 4) (remaining tasks 39)
2025-04-22 15:12:16,033 [DEBUG]  		found 2 row clusters (in 0.06124 secs)
2025-04-22 15:12:16,034 [DEBUG]  OP: Operation.SPLIT_ROWS on slice (11898, 4) (remaining tasks 40)
2025-04-22 15:12:16,084 [DEBUG]  		found 2 row clusters (in 0.05061 secs)
2025-04-22 15:12:16,085 [DEBUG]  OP: Operation.SPLIT_ROWS on slice (13671, 4) (remaining tasks 41)
2025-04-22 15:12:16,134 [DEBUG]  		found 2 row clusters (in 0.04852 secs)
2025-04-22 15:12:16,135 [DEBUG]  OP: Operation.SPLIT_ROWS on slice (13428, 4) (remaining tasks 42)
2025-04-22 15:12:16,188 [DEBUG]  		found 2 row clusters (in 0.05318 secs)
2025-04-22 15:12:16,189 [DEBUG]  OP: Operation.SPLIT_ROWS on slice (8870, 4) (remaining tasks 43)
2025-04-22 15:12:16,226 [DEBUG]  		found 2 row clusters (in 0.03646 secs)
2025-04-22 15:12:16,226 [DEBUG]  OP: Operation.SPLIT_ROWS on slice (4749, 4) (remaining tasks 44)
2025-04-22 15:12:16,254 [DEBUG]  		found 2 row clusters (in 0.02727 secs)
2025-04-22 15:12:16,254 [DEBUG]  OP: Operation.SPLIT_ROWS on slice (4653, 4) (remaining tasks 45)
2025-04-22 15:12:16,281 [DEBUG]  		found 2 row clusters (in 0.02684 secs)
2025-04-22 15:12:16,282 [DEBUG]  OP: Operation.SPLIT_ROWS on slice (12071, 4) (remaining tasks 46)
2025-04-22 15:12:16,334 [DEBUG]  		found 2 row clusters (in 0.05213 secs)
2025-04-22 15:12:16,335 [DEBUG]  OP: Operation.SPLIT_ROWS on slice (8247, 4) (remaining tasks 47)
2025-04-22 15:12:16,372 [DEBUG]  		found 2 row clusters (in 0.03746 secs)
2025-04-22 15:12:16,373 [DEBUG]  OP: Operation.SPLIT_ROWS on slice (13322, 4) (remaining tasks 48)
2025-04-22 15:12:16,422 [DEBUG]  		found 2 row clusters (in 0.04815 secs)
2025-04-22 15:12:16,423 [DEBUG]  OP: Operation.SPLIT_ROWS on slice (9157, 4) (remaining tasks 49)
2025-04-22 15:12:16,462 [DEBUG]  		found 2 row clusters (in 0.03888 secs)
2025-04-22 15:12:16,462 [DEBUG]  OP: Operation.SPLIT_ROWS on slice (5742, 4) (remaining tasks 50)
2025-04-22 15:12:16,490 [DEBUG]  		found 2 row clusters (in 0.02737 secs)
2025-04-22 15:12:16,491 [DEBUG]  OP: Operation.SPLIT_ROWS on slice (15162, 4) (remaining tasks 51)
2025-04-22 15:12:16,551 [DEBUG]  		found 2 row clusters (in 0.06064 secs)
2025-04-22 15:12:16,552 [DEBUG]  OP: Operation.SPLIT_ROWS on slice (8917, 4) (remaining tasks 52)
2025-04-22 15:12:16,592 [DEBUG]  		found 2 row clusters (in 0.03936 secs)
2025-04-22 15:12:16,592 [DEBUG]  OP: Operation.SPLIT_ROWS on slice (4475, 4) (remaining tasks 53)
2025-04-22 15:12:16,619 [DEBUG]  		found 2 row clusters (in 0.02672 secs)
2025-04-22 15:12:16,620 [DEBUG]  OP: Operation.SPLIT_ROWS on slice (9099, 4) (remaining tasks 54)
2025-04-22 15:12:16,659 [DEBUG]  		found 2 row clusters (in 0.03918 secs)
2025-04-22 15:12:16,660 [DEBUG]  OP: Operation.SPLIT_ROWS on slice (12219, 4) (remaining tasks 55)
2025-04-22 15:12:16,724 [DEBUG]  		found 2 row clusters (in 0.06415 secs)
2025-04-22 15:12:16,725 [DEBUG]  OP: Operation.SPLIT_ROWS on slice (8000, 4) (remaining tasks 56)
2025-04-22 15:12:16,763 [DEBUG]  		found 2 row clusters (in 0.03820 secs)
2025-04-22 15:12:16,764 [DEBUG]  OP: Operation.SPLIT_ROWS on slice (6252, 4) (remaining tasks 57)
2025-04-22 15:12:16,791 [DEBUG]  		found 2 row clusters (in 0.02757 secs)
2025-04-22 15:12:16,792 [DEBUG]  OP: Operation.SPLIT_ROWS on slice (5672, 4) (remaining tasks 58)
2025-04-22 15:12:16,815 [DEBUG]  		found 2 row clusters (in 0.02332 secs)
2025-04-22 15:12:16,816 [DEBUG]  OP: Operation.SPLIT_ROWS on slice (8091, 4) (remaining tasks 59)
2025-04-22 15:12:16,852 [DEBUG]  		found 2 row clusters (in 0.03603 secs)
2025-04-22 15:12:16,853 [DEBUG]  OP: Operation.SPLIT_ROWS on slice (6494, 4) (remaining tasks 60)
2025-04-22 15:12:16,881 [DEBUG]  		found 2 row clusters (in 0.02761 secs)
2025-04-22 15:12:16,881 [DEBUG]  OP: Operation.SPLIT_ROWS on slice (6501, 4) (remaining tasks 61)
2025-04-22 15:12:16,915 [DEBUG]  		found 2 row clusters (in 0.03371 secs)
2025-04-22 15:12:16,916 [DEBUG]  OP: Operation.SPLIT_ROWS on slice (4434, 4) (remaining tasks 62)
2025-04-22 15:12:16,937 [DEBUG]  		found 2 row clusters (in 0.02112 secs)
2025-04-22 15:12:16,938 [DEBUG]  OP: Operation.SPLIT_ROWS on slice (11989, 4) (remaining tasks 63)
2025-04-22 15:12:16,980 [DEBUG]  		found 2 row clusters (in 0.04181 secs)
2025-04-22 15:12:16,980 [DEBUG]  OP: Operation.SPLIT_ROWS on slice (8272, 4) (remaining tasks 64)
2025-04-22 15:12:17,033 [DEBUG]  		found 2 row clusters (in 0.05247 secs)
2025-04-22 15:12:17,034 [DEBUG]  OP: Operation.SPLIT_ROWS on slice (10335, 4) (remaining tasks 65)
2025-04-22 15:12:17,085 [DEBUG]  		found 2 row clusters (in 0.05099 secs)
2025-04-22 15:12:17,085 [DEBUG]  OP: Operation.SPLIT_ROWS on slice (5965, 4) (remaining tasks 66)
2025-04-22 15:12:17,111 [DEBUG]  		found 2 row clusters (in 0.02600 secs)
2025-04-22 15:12:17,113 [DEBUG]  OP: Operation.SPLIT_COLUMNS on slice (15255, 4) (remaining tasks 67)
2025-04-22 15:12:17,331 [DEBUG]  		found 1 col clusters (in 0.21780 secs)
2025-04-22 15:12:17,333 [DEBUG]  OP: Operation.SPLIT_COLUMNS on slice (16517, 4) (remaining tasks 67)
2025-04-22 15:12:17,715 [DEBUG]  		found 1 col clusters (in 0.38214 secs)
2025-04-22 15:12:17,716 [DEBUG]  OP: Operation.SPLIT_COLUMNS on slice (8113, 4) (remaining tasks 67)
2025-04-22 15:12:18,071 [DEBUG]  		found 1 col clusters (in 0.35423 secs)
2025-04-22 15:12:18,072 [DEBUG]  OP: Operation.SPLIT_COLUMNS on slice (11700, 4) (remaining tasks 67)
2025-04-22 15:12:18,393 [DEBUG]  		found 1 col clusters (in 0.32090 secs)
2025-04-22 15:12:18,395 [DEBUG]  OP: Operation.SPLIT_COLUMNS on slice (13560, 4) (remaining tasks 67)
2025-04-22 15:12:18,739 [DEBUG]  		found 1 col clusters (in 0.34408 secs)
2025-04-22 15:12:18,741 [DEBUG]  OP: Operation.SPLIT_COLUMNS on slice (11811, 4) (remaining tasks 67)
2025-04-22 15:12:19,081 [DEBUG]  		found 1 col clusters (in 0.33939 secs)
2025-04-22 15:12:19,083 [DEBUG]  OP: Operation.SPLIT_COLUMNS on slice (17377, 4) (remaining tasks 67)
2025-04-22 15:12:19,440 [DEBUG]  		found 1 col clusters (in 0.35671 secs)
2025-04-22 15:12:19,442 [DEBUG]  OP: Operation.SPLIT_COLUMNS on slice (12954, 4) (remaining tasks 67)
2025-04-22 15:12:19,791 [DEBUG]  		found 1 col clusters (in 0.34970 secs)
2025-04-22 15:12:19,792 [DEBUG]  OP: Operation.SPLIT_COLUMNS on slice (5548, 4) (remaining tasks 67)
2025-04-22 15:12:20,100 [DEBUG]  		found 1 col clusters (in 0.30698 secs)
2025-04-22 15:12:20,100 [DEBUG]  OP: Operation.NAIVE_FACTORIZATION on slice (1396, 4) (remaining tasks 67)
2025-04-22 15:12:20,109 [DEBUG]  		naive factorization 4 columns (in 0.00860 secs)
2025-04-22 15:12:20,110 [DEBUG]  OP: Operation.SPLIT_COLUMNS on slice (5108, 4) (remaining tasks 66)
2025-04-22 15:12:20,406 [DEBUG]  		found 1 col clusters (in 0.29570 secs)
2025-04-22 15:12:20,406 [DEBUG]  OP: Operation.NAIVE_FACTORIZATION on slice (3684, 4) (remaining tasks 66)
2025-04-22 15:12:20,430 [DEBUG]  		naive factorization 4 columns (in 0.02399 secs)
2025-04-22 15:12:20,432 [DEBUG]  OP: Operation.SPLIT_COLUMNS on slice (11638, 4) (remaining tasks 65)
2025-04-22 15:12:20,700 [DEBUG]  		found 1 col clusters (in 0.26819 secs)
2025-04-22 15:12:20,701 [DEBUG]  OP: Operation.NAIVE_FACTORIZATION on slice (3570, 4) (remaining tasks 65)
2025-04-22 15:12:20,739 [DEBUG]  		naive factorization 4 columns (in 0.03710 secs)
2025-04-22 15:12:20,740 [DEBUG]  OP: Operation.SPLIT_COLUMNS on slice (5650, 4) (remaining tasks 64)
2025-04-22 15:12:21,042 [DEBUG]  		found 1 col clusters (in 0.30212 secs)
2025-04-22 15:12:21,043 [DEBUG]  OP: Operation.SPLIT_COLUMNS on slice (6248, 4) (remaining tasks 64)
2025-04-22 15:12:21,338 [DEBUG]  		found 1 col clusters (in 0.29466 secs)
2025-04-22 15:12:21,339 [DEBUG]  OP: Operation.SPLIT_COLUMNS on slice (4863, 4) (remaining tasks 64)
2025-04-22 15:12:21,514 [DEBUG]  		found 1 col clusters (in 0.17453 secs)
2025-04-22 15:12:21,515 [DEBUG]  OP: Operation.SPLIT_COLUMNS on slice (8808, 4) (remaining tasks 64)
2025-04-22 15:12:21,874 [DEBUG]  		found 1 col clusters (in 0.35828 secs)
2025-04-22 15:12:21,875 [DEBUG]  OP: Operation.SPLIT_COLUMNS on slice (4625, 4) (remaining tasks 64)
2025-04-22 15:12:22,211 [DEBUG]  		found 1 col clusters (in 0.33599 secs)
2025-04-22 15:12:22,212 [DEBUG]  OP: Operation.SPLIT_COLUMNS on slice (8803, 4) (remaining tasks 64)
2025-04-22 15:12:22,512 [DEBUG]  		found 1 col clusters (in 0.29998 secs)
2025-04-22 15:12:22,514 [DEBUG]  OP: Operation.SPLIT_COLUMNS on slice (5649, 4) (remaining tasks 64)
2025-04-22 15:12:22,842 [DEBUG]  		found 1 col clusters (in 0.32796 secs)
2025-04-22 15:12:22,843 [DEBUG]  OP: Operation.NAIVE_FACTORIZATION on slice (3221, 4) (remaining tasks 64)
2025-04-22 15:12:22,978 [DEBUG]  		naive factorization 4 columns (in 0.13478 secs)
2025-04-22 15:12:22,978 [DEBUG]  OP: Operation.NAIVE_FACTORIZATION on slice (3155, 4) (remaining tasks 63)
2025-04-22 15:12:22,988 [DEBUG]  		naive factorization 4 columns (in 0.01032 secs)
2025-04-22 15:12:22,989 [DEBUG]  OP: Operation.NAIVE_FACTORIZATION on slice (1594, 4) (remaining tasks 62)
2025-04-22 15:12:22,995 [DEBUG]  		naive factorization 4 columns (in 0.00573 secs)
2025-04-22 15:12:22,995 [DEBUG]  OP: Operation.NAIVE_FACTORIZATION on slice (1676, 4) (remaining tasks 61)
2025-04-22 15:12:23,004 [DEBUG]  		naive factorization 4 columns (in 0.00862 secs)
2025-04-22 15:12:23,005 [DEBUG]  OP: Operation.NAIVE_FACTORIZATION on slice (2977, 4) (remaining tasks 60)
2025-04-22 15:12:23,024 [DEBUG]  		naive factorization 4 columns (in 0.01950 secs)
2025-04-22 15:12:23,025 [DEBUG]  OP: Operation.NAIVE_FACTORIZATION on slice (4295, 4) (remaining tasks 59)
2025-04-22 15:12:23,054 [DEBUG]  		naive factorization 4 columns (in 0.02847 secs)
2025-04-22 15:12:23,055 [DEBUG]  OP: Operation.SPLIT_COLUMNS on slice (7776, 4) (remaining tasks 58)
2025-04-22 15:12:23,169 [DEBUG]  		found 1 col clusters (in 0.11404 secs)
2025-04-22 15:12:23,170 [DEBUG]  OP: Operation.NAIVE_FACTORIZATION on slice (4323, 4) (remaining tasks 58)
2025-04-22 15:12:23,287 [DEBUG]  		naive factorization 4 columns (in 0.11687 secs)
2025-04-22 15:12:23,287 [DEBUG]  OP: Operation.NAIVE_FACTORIZATION on slice (3924, 4) (remaining tasks 57)
2025-04-22 15:12:23,389 [DEBUG]  		naive factorization 4 columns (in 0.10099 secs)
2025-04-22 15:12:23,390 [DEBUG]  OP: Operation.SPLIT_COLUMNS on slice (4518, 4) (remaining tasks 56)
2025-04-22 15:12:23,599 [DEBUG]  		found 1 col clusters (in 0.20894 secs)
2025-04-22 15:12:23,600 [DEBUG]  OP: Operation.SPLIT_COLUMNS on slice (8804, 4) (remaining tasks 56)
2025-04-22 15:12:23,909 [DEBUG]  		found 1 col clusters (in 0.30933 secs)
2025-04-22 15:12:23,910 [DEBUG]  OP: Operation.SPLIT_COLUMNS on slice (6314, 4) (remaining tasks 56)
2025-04-22 15:12:24,228 [DEBUG]  		found 1 col clusters (in 0.31719 secs)
2025-04-22 15:12:24,229 [DEBUG]  OP: Operation.NAIVE_FACTORIZATION on slice (2843, 4) (remaining tasks 56)
2025-04-22 15:12:24,257 [DEBUG]  		naive factorization 4 columns (in 0.02778 secs)
2025-04-22 15:12:24,257 [DEBUG]  OP: Operation.NAIVE_FACTORIZATION on slice (2689, 4) (remaining tasks 55)
2025-04-22 15:12:24,296 [DEBUG]  		naive factorization 4 columns (in 0.03813 secs)
2025-04-22 15:12:24,296 [DEBUG]  OP: Operation.NAIVE_FACTORIZATION on slice (3053, 4) (remaining tasks 54)
2025-04-22 15:12:24,341 [DEBUG]  		naive factorization 4 columns (in 0.04393 secs)
2025-04-22 15:12:24,342 [DEBUG]  OP: Operation.SPLIT_COLUMNS on slice (6353, 4) (remaining tasks 53)
2025-04-22 15:12:24,553 [DEBUG]  		found 1 col clusters (in 0.21130 secs)
2025-04-22 15:12:24,555 [DEBUG]  OP: Operation.SPLIT_COLUMNS on slice (8809, 4) (remaining tasks 53)
2025-04-22 15:12:24,851 [DEBUG]  		found 1 col clusters (in 0.29587 secs)
2025-04-22 15:12:24,852 [DEBUG]  OP: Operation.SPLIT_COLUMNS on slice (5027, 4) (remaining tasks 53)
2025-04-22 15:12:25,130 [DEBUG]  		found 1 col clusters (in 0.27735 secs)
2025-04-22 15:12:25,131 [DEBUG]  OP: Operation.NAIVE_FACTORIZATION on slice (3890, 4) (remaining tasks 53)
2025-04-22 15:12:25,165 [DEBUG]  		naive factorization 4 columns (in 0.03432 secs)
2025-04-22 15:12:25,166 [DEBUG]  OP: Operation.NAIVE_FACTORIZATION on slice (1615, 4) (remaining tasks 52)
2025-04-22 15:12:25,177 [DEBUG]  		naive factorization 4 columns (in 0.01138 secs)
2025-04-22 15:12:25,178 [DEBUG]  OP: Operation.NAIVE_FACTORIZATION on slice (2860, 4) (remaining tasks 51)
2025-04-22 15:12:25,199 [DEBUG]  		naive factorization 4 columns (in 0.02103 secs)
2025-04-22 15:12:25,200 [DEBUG]  OP: Operation.SPLIT_COLUMNS on slice (5745, 4) (remaining tasks 50)
2025-04-22 15:12:25,320 [DEBUG]  		found 1 col clusters (in 0.11976 secs)
2025-04-22 15:12:25,321 [DEBUG]  OP: Operation.NAIVE_FACTORIZATION on slice (3354, 4) (remaining tasks 50)
2025-04-22 15:12:25,363 [DEBUG]  		naive factorization 4 columns (in 0.04209 secs)
2025-04-22 15:12:25,364 [DEBUG]  OP: Operation.SPLIT_COLUMNS on slice (7226, 4) (remaining tasks 49)
2025-04-22 15:12:25,685 [DEBUG]  		found 1 col clusters (in 0.32036 secs)
2025-04-22 15:12:25,686 [DEBUG]  OP: Operation.SPLIT_COLUMNS on slice (4993, 4) (remaining tasks 49)
2025-04-22 15:12:26,012 [DEBUG]  		found 1 col clusters (in 0.32575 secs)
2025-04-22 15:12:26,013 [DEBUG]  OP: Operation.SPLIT_COLUMNS on slice (4362, 4) (remaining tasks 49)
2025-04-22 15:12:26,224 [DEBUG]  		found 1 col clusters (in 0.21064 secs)
2025-04-22 15:12:26,224 [DEBUG]  OP: Operation.NAIVE_FACTORIZATION on slice (3638, 4) (remaining tasks 49)
2025-04-22 15:12:26,254 [DEBUG]  		naive factorization 4 columns (in 0.02968 secs)
2025-04-22 15:12:26,255 [DEBUG]  OP: Operation.NAIVE_FACTORIZATION on slice (3500, 4) (remaining tasks 48)
2025-04-22 15:12:26,298 [DEBUG]  		naive factorization 4 columns (in 0.04300 secs)
2025-04-22 15:12:26,299 [DEBUG]  OP: Operation.NAIVE_FACTORIZATION on slice (2752, 4) (remaining tasks 47)
2025-04-22 15:12:26,327 [DEBUG]  		naive factorization 4 columns (in 0.02781 secs)
2025-04-22 15:12:26,327 [DEBUG]  OP: Operation.NAIVE_FACTORIZATION on slice (3427, 4) (remaining tasks 46)
2025-04-22 15:12:26,357 [DEBUG]  		naive factorization 4 columns (in 0.02930 secs)
2025-04-22 15:12:26,358 [DEBUG]  OP: Operation.NAIVE_FACTORIZATION on slice (2245, 4) (remaining tasks 45)
2025-04-22 15:12:26,388 [DEBUG]  		naive factorization 4 columns (in 0.03062 secs)
2025-04-22 15:12:26,389 [DEBUG]  OP: Operation.NAIVE_FACTORIZATION on slice (3788, 4) (remaining tasks 44)
2025-04-22 15:12:26,411 [DEBUG]  		naive factorization 4 columns (in 0.02133 secs)
2025-04-22 15:12:26,411 [DEBUG]  OP: Operation.NAIVE_FACTORIZATION on slice (4303, 4) (remaining tasks 43)
2025-04-22 15:12:26,428 [DEBUG]  		naive factorization 4 columns (in 0.01635 secs)
2025-04-22 15:12:26,428 [DEBUG]  OP: Operation.NAIVE_FACTORIZATION on slice (3586, 4) (remaining tasks 42)
2025-04-22 15:12:26,452 [DEBUG]  		naive factorization 4 columns (in 0.02326 secs)
2025-04-22 15:12:26,452 [DEBUG]  OP: Operation.NAIVE_FACTORIZATION on slice (2908, 4) (remaining tasks 41)
2025-04-22 15:12:26,476 [DEBUG]  		naive factorization 4 columns (in 0.02298 secs)
2025-04-22 15:12:26,476 [DEBUG]  OP: Operation.NAIVE_FACTORIZATION on slice (2370, 4) (remaining tasks 40)
2025-04-22 15:12:26,506 [DEBUG]  		naive factorization 4 columns (in 0.02937 secs)
2025-04-22 15:12:26,507 [DEBUG]  OP: Operation.NAIVE_FACTORIZATION on slice (4131, 4) (remaining tasks 39)
2025-04-22 15:12:26,566 [DEBUG]  		naive factorization 4 columns (in 0.05861 secs)
2025-04-22 15:12:26,567 [DEBUG]  OP: Operation.NAIVE_FACTORIZATION on slice (2868, 4) (remaining tasks 38)
2025-04-22 15:12:26,590 [DEBUG]  		naive factorization 4 columns (in 0.02342 secs)
2025-04-22 15:12:26,591 [DEBUG]  OP: Operation.NAIVE_FACTORIZATION on slice (1566, 4) (remaining tasks 37)
2025-04-22 15:12:26,607 [DEBUG]  		naive factorization 4 columns (in 0.01571 secs)
2025-04-22 15:12:26,608 [DEBUG]  OP: Operation.SPLIT_COLUMNS on slice (4353, 4) (remaining tasks 36)
2025-04-22 15:12:26,828 [DEBUG]  		found 1 col clusters (in 0.22034 secs)
2025-04-22 15:12:26,830 [DEBUG]  OP: Operation.SPLIT_COLUMNS on slice (7636, 4) (remaining tasks 36)
2025-04-22 15:12:27,144 [DEBUG]  		found 1 col clusters (in 0.31401 secs)
2025-04-22 15:12:27,144 [DEBUG]  OP: Operation.NAIVE_FACTORIZATION on slice (1466, 4) (remaining tasks 36)
2025-04-22 15:12:27,160 [DEBUG]  		naive factorization 4 columns (in 0.01552 secs)
2025-04-22 15:12:27,161 [DEBUG]  OP: Operation.SPLIT_COLUMNS on slice (6806, 4) (remaining tasks 35)
2025-04-22 15:12:27,370 [DEBUG]  		found 1 col clusters (in 0.20832 secs)
2025-04-22 15:12:27,372 [DEBUG]  OP: Operation.SPLIT_COLUMNS on slice (6256, 4) (remaining tasks 35)
2025-04-22 15:12:27,651 [DEBUG]  		found 1 col clusters (in 0.27875 secs)
2025-04-22 15:12:27,652 [DEBUG]  OP: Operation.NAIVE_FACTORIZATION on slice (4079, 4) (remaining tasks 35)
2025-04-22 15:12:27,702 [DEBUG]  		naive factorization 4 columns (in 0.04981 secs)
2025-04-22 15:12:27,702 [DEBUG]  OP: Operation.NAIVE_FACTORIZATION on slice (3070, 4) (remaining tasks 34)
2025-04-22 15:12:27,726 [DEBUG]  		naive factorization 4 columns (in 0.02333 secs)
2025-04-22 15:12:27,727 [DEBUG]  OP: Operation.NAIVE_FACTORIZATION on slice (2895, 4) (remaining tasks 33)
2025-04-22 15:12:27,744 [DEBUG]  		naive factorization 4 columns (in 0.01754 secs)
2025-04-22 15:12:27,746 [DEBUG]  OP: Operation.SPLIT_ROWS on slice (15255, 4) (remaining tasks 32)
2025-04-22 15:12:27,869 [DEBUG]  		found 2 row clusters (in 0.12314 secs)
2025-04-22 15:12:27,870 [DEBUG]  OP: Operation.SPLIT_ROWS on slice (16517, 4) (remaining tasks 33)
2025-04-22 15:12:27,925 [DEBUG]  		found 2 row clusters (in 0.05435 secs)
2025-04-22 15:12:27,926 [DEBUG]  OP: Operation.SPLIT_ROWS on slice (8113, 4) (remaining tasks 34)
2025-04-22 15:12:27,962 [DEBUG]  		found 2 row clusters (in 0.03648 secs)
2025-04-22 15:12:27,963 [DEBUG]  OP: Operation.SPLIT_ROWS on slice (11700, 4) (remaining tasks 35)
2025-04-22 15:12:28,006 [DEBUG]  		found 2 row clusters (in 0.04314 secs)
2025-04-22 15:12:28,007 [DEBUG]  OP: Operation.SPLIT_ROWS on slice (13560, 4) (remaining tasks 36)
2025-04-22 15:12:28,065 [DEBUG]  		found 2 row clusters (in 0.05760 secs)
2025-04-22 15:12:28,066 [DEBUG]  OP: Operation.SPLIT_ROWS on slice (11811, 4) (remaining tasks 37)
2025-04-22 15:12:28,116 [DEBUG]  		found 2 row clusters (in 0.05031 secs)
2025-04-22 15:12:28,118 [DEBUG]  OP: Operation.SPLIT_ROWS on slice (17377, 4) (remaining tasks 38)
2025-04-22 15:12:28,163 [DEBUG]  		found 2 row clusters (in 0.04474 secs)
2025-04-22 15:12:28,164 [DEBUG]  OP: Operation.SPLIT_ROWS on slice (12954, 4) (remaining tasks 39)
2025-04-22 15:12:28,216 [DEBUG]  		found 2 row clusters (in 0.05188 secs)
2025-04-22 15:12:28,216 [DEBUG]  OP: Operation.SPLIT_ROWS on slice (5548, 4) (remaining tasks 40)
2025-04-22 15:12:28,249 [DEBUG]  		found 2 row clusters (in 0.03247 secs)
2025-04-22 15:12:28,249 [DEBUG]  OP: Operation.SPLIT_ROWS on slice (5108, 4) (remaining tasks 41)
2025-04-22 15:12:28,280 [DEBUG]  		found 2 row clusters (in 0.03082 secs)
2025-04-22 15:12:28,281 [DEBUG]  OP: Operation.SPLIT_ROWS on slice (11638, 4) (remaining tasks 42)
2025-04-22 15:12:28,320 [DEBUG]  		found 2 row clusters (in 0.03902 secs)
2025-04-22 15:12:28,321 [DEBUG]  OP: Operation.SPLIT_ROWS on slice (5650, 4) (remaining tasks 43)
2025-04-22 15:12:28,344 [DEBUG]  		found 2 row clusters (in 0.02354 secs)
2025-04-22 15:12:28,345 [DEBUG]  OP: Operation.SPLIT_ROWS on slice (6248, 4) (remaining tasks 44)
2025-04-22 15:12:28,373 [DEBUG]  		found 2 row clusters (in 0.02835 secs)
2025-04-22 15:12:28,374 [DEBUG]  OP: Operation.SPLIT_ROWS on slice (4863, 4) (remaining tasks 45)
2025-04-22 15:12:28,402 [DEBUG]  		found 2 row clusters (in 0.02819 secs)
2025-04-22 15:12:28,403 [DEBUG]  OP: Operation.SPLIT_ROWS on slice (8808, 4) (remaining tasks 46)
2025-04-22 15:12:28,440 [DEBUG]  		found 2 row clusters (in 0.03713 secs)
2025-04-22 15:12:28,441 [DEBUG]  OP: Operation.SPLIT_ROWS on slice (4625, 4) (remaining tasks 47)
2025-04-22 15:12:28,469 [DEBUG]  		found 2 row clusters (in 0.02797 secs)
2025-04-22 15:12:28,470 [DEBUG]  OP: Operation.SPLIT_ROWS on slice (8803, 4) (remaining tasks 48)
2025-04-22 15:12:28,507 [DEBUG]  		found 2 row clusters (in 0.03767 secs)
2025-04-22 15:12:28,508 [DEBUG]  OP: Operation.SPLIT_ROWS on slice (5649, 4) (remaining tasks 49)
2025-04-22 15:12:28,535 [DEBUG]  		found 2 row clusters (in 0.02720 secs)
2025-04-22 15:12:28,536 [DEBUG]  OP: Operation.SPLIT_ROWS on slice (7776, 4) (remaining tasks 50)
2025-04-22 15:12:28,568 [DEBUG]  		found 2 row clusters (in 0.03181 secs)
2025-04-22 15:12:28,568 [DEBUG]  OP: Operation.SPLIT_ROWS on slice (4518, 4) (remaining tasks 51)
2025-04-22 15:12:28,588 [DEBUG]  		found 2 row clusters (in 0.02017 secs)
2025-04-22 15:12:28,589 [DEBUG]  OP: Operation.SPLIT_ROWS on slice (8804, 4) (remaining tasks 52)
2025-04-22 15:12:28,620 [DEBUG]  		found 2 row clusters (in 0.03036 secs)
2025-04-22 15:12:28,620 [DEBUG]  OP: Operation.SPLIT_ROWS on slice (6314, 4) (remaining tasks 53)
2025-04-22 15:12:28,644 [DEBUG]  		found 2 row clusters (in 0.02370 secs)
2025-04-22 15:12:28,644 [DEBUG]  OP: Operation.SPLIT_ROWS on slice (6353, 4) (remaining tasks 54)
2025-04-22 15:12:28,671 [DEBUG]  		found 2 row clusters (in 0.02656 secs)
2025-04-22 15:12:28,672 [DEBUG]  OP: Operation.SPLIT_ROWS on slice (8809, 4) (remaining tasks 55)
2025-04-22 15:12:28,702 [DEBUG]  		found 2 row clusters (in 0.02988 secs)
2025-04-22 15:12:28,702 [DEBUG]  OP: Operation.SPLIT_ROWS on slice (5027, 4) (remaining tasks 56)
2025-04-22 15:12:28,727 [DEBUG]  		found 2 row clusters (in 0.02471 secs)
2025-04-22 15:12:28,728 [DEBUG]  OP: Operation.SPLIT_ROWS on slice (5745, 4) (remaining tasks 57)
2025-04-22 15:12:28,752 [DEBUG]  		found 2 row clusters (in 0.02401 secs)
2025-04-22 15:12:28,752 [DEBUG]  OP: Operation.SPLIT_ROWS on slice (7226, 4) (remaining tasks 58)
2025-04-22 15:12:28,784 [DEBUG]  		found 2 row clusters (in 0.03185 secs)
2025-04-22 15:12:28,785 [DEBUG]  OP: Operation.SPLIT_ROWS on slice (4993, 4) (remaining tasks 59)
2025-04-22 15:12:28,808 [DEBUG]  		found 2 row clusters (in 0.02342 secs)
2025-04-22 15:12:28,809 [DEBUG]  OP: Operation.SPLIT_ROWS on slice (4362, 4) (remaining tasks 60)
2025-04-22 15:12:28,833 [DEBUG]  		found 2 row clusters (in 0.02417 secs)
2025-04-22 15:12:28,833 [DEBUG]  OP: Operation.SPLIT_ROWS on slice (4353, 4) (remaining tasks 61)
2025-04-22 15:12:28,856 [DEBUG]  		found 2 row clusters (in 0.02252 secs)
2025-04-22 15:12:28,857 [DEBUG]  OP: Operation.SPLIT_ROWS on slice (7636, 4) (remaining tasks 62)
2025-04-22 15:12:28,886 [DEBUG]  		found 2 row clusters (in 0.02931 secs)
2025-04-22 15:12:28,887 [DEBUG]  OP: Operation.SPLIT_ROWS on slice (6806, 4) (remaining tasks 63)
2025-04-22 15:12:28,916 [DEBUG]  		found 2 row clusters (in 0.02936 secs)
2025-04-22 15:12:28,917 [DEBUG]  OP: Operation.SPLIT_ROWS on slice (6256, 4) (remaining tasks 64)
2025-04-22 15:12:28,950 [DEBUG]  		found 2 row clusters (in 0.03289 secs)
2025-04-22 15:12:28,950 [DEBUG]  OP: Operation.SPLIT_COLUMNS on slice (8805, 4) (remaining tasks 65)
2025-04-22 15:12:29,165 [DEBUG]  		found 1 col clusters (in 0.21421 secs)
2025-04-22 15:12:29,166 [DEBUG]  OP: Operation.SPLIT_COLUMNS on slice (6450, 4) (remaining tasks 65)
2025-04-22 15:12:29,484 [DEBUG]  		found 1 col clusters (in 0.31784 secs)
2025-04-22 15:12:29,486 [DEBUG]  OP: Operation.SPLIT_COLUMNS on slice (10742, 4) (remaining tasks 65)
2025-04-22 15:12:29,800 [DEBUG]  		found 1 col clusters (in 0.31349 secs)
2025-04-22 15:12:29,801 [DEBUG]  OP: Operation.SPLIT_COLUMNS on slice (5775, 4) (remaining tasks 65)
2025-04-22 15:12:30,014 [DEBUG]  		found 1 col clusters (in 0.21264 secs)
2025-04-22 15:12:30,015 [DEBUG]  OP: Operation.SPLIT_COLUMNS on slice (5341, 4) (remaining tasks 65)
2025-04-22 15:12:30,357 [DEBUG]  		found 1 col clusters (in 0.34217 secs)
2025-04-22 15:12:30,358 [DEBUG]  OP: Operation.NAIVE_FACTORIZATION on slice (2772, 4) (remaining tasks 65)
2025-04-22 15:12:30,383 [DEBUG]  		naive factorization 4 columns (in 0.02529 secs)
2025-04-22 15:12:30,385 [DEBUG]  OP: Operation.SPLIT_COLUMNS on slice (7448, 4) (remaining tasks 64)
2025-04-22 15:12:30,644 [DEBUG]  		found 1 col clusters (in 0.25867 secs)
2025-04-22 15:12:30,645 [DEBUG]  OP: Operation.NAIVE_FACTORIZATION on slice (4252, 4) (remaining tasks 64)
2025-04-22 15:12:30,716 [DEBUG]  		naive factorization 4 columns (in 0.07108 secs)
2025-04-22 15:12:30,717 [DEBUG]  OP: Operation.SPLIT_COLUMNS on slice (8340, 4) (remaining tasks 63)
2025-04-22 15:12:30,981 [DEBUG]  		found 1 col clusters (in 0.26324 secs)
2025-04-22 15:12:30,982 [DEBUG]  OP: Operation.SPLIT_COLUMNS on slice (5220, 4) (remaining tasks 63)
2025-04-22 15:12:31,276 [DEBUG]  		found 1 col clusters (in 0.29384 secs)
2025-04-22 15:12:31,277 [DEBUG]  OP: Operation.SPLIT_COLUMNS on slice (8808, 4) (remaining tasks 63)
2025-04-22 15:12:31,575 [DEBUG]  		found 1 col clusters (in 0.29823 secs)
2025-04-22 15:12:31,576 [DEBUG]  OP: Operation.NAIVE_FACTORIZATION on slice (3003, 4) (remaining tasks 63)
2025-04-22 15:12:31,619 [DEBUG]  		naive factorization 4 columns (in 0.04208 secs)
2025-04-22 15:12:31,620 [DEBUG]  OP: Operation.SPLIT_COLUMNS on slice (5642, 4) (remaining tasks 62)
2025-04-22 15:12:31,798 [DEBUG]  		found 1 col clusters (in 0.17817 secs)
2025-04-22 15:12:31,800 [DEBUG]  OP: Operation.SPLIT_COLUMNS on slice (11735, 4) (remaining tasks 62)
2025-04-22 15:12:32,183 [DEBUG]  		found 1 col clusters (in 0.38336 secs)
2025-04-22 15:12:32,185 [DEBUG]  OP: Operation.SPLIT_COLUMNS on slice (8105, 4) (remaining tasks 62)
2025-04-22 15:12:32,536 [DEBUG]  		found 1 col clusters (in 0.35158 secs)
2025-04-22 15:12:32,537 [DEBUG]  OP: Operation.SPLIT_COLUMNS on slice (4849, 4) (remaining tasks 62)
2025-04-22 15:12:32,748 [DEBUG]  		found 1 col clusters (in 0.21023 secs)
2025-04-22 15:12:32,749 [DEBUG]  OP: Operation.NAIVE_FACTORIZATION on slice (2979, 4) (remaining tasks 62)
2025-04-22 15:12:32,769 [DEBUG]  		naive factorization 4 columns (in 0.02036 secs)
2025-04-22 15:12:32,770 [DEBUG]  OP: Operation.NAIVE_FACTORIZATION on slice (2569, 4) (remaining tasks 61)
2025-04-22 15:12:32,798 [DEBUG]  		naive factorization 4 columns (in 0.02825 secs)
2025-04-22 15:12:32,799 [DEBUG]  OP: Operation.NAIVE_FACTORIZATION on slice (1346, 4) (remaining tasks 60)
2025-04-22 15:12:32,817 [DEBUG]  		naive factorization 4 columns (in 0.01828 secs)
2025-04-22 15:12:32,818 [DEBUG]  OP: Operation.NAIVE_FACTORIZATION on slice (3762, 4) (remaining tasks 59)
2025-04-22 15:12:32,855 [DEBUG]  		naive factorization 4 columns (in 0.03690 secs)
2025-04-22 15:12:32,857 [DEBUG]  OP: Operation.SPLIT_COLUMNS on slice (10136, 4) (remaining tasks 58)
2025-04-22 15:12:33,139 [DEBUG]  		found 1 col clusters (in 0.28177 secs)
2025-04-22 15:12:33,139 [DEBUG]  OP: Operation.NAIVE_FACTORIZATION on slice (1502, 4) (remaining tasks 58)
2025-04-22 15:12:33,150 [DEBUG]  		naive factorization 4 columns (in 0.01109 secs)
2025-04-22 15:12:33,151 [DEBUG]  OP: Operation.NAIVE_FACTORIZATION on slice (2963, 4) (remaining tasks 57)
2025-04-22 15:12:33,171 [DEBUG]  		naive factorization 4 columns (in 0.02017 secs)
2025-04-22 15:12:33,172 [DEBUG]  OP: Operation.NAIVE_FACTORIZATION on slice (2687, 4) (remaining tasks 56)
2025-04-22 15:12:33,198 [DEBUG]  		naive factorization 4 columns (in 0.02604 secs)
2025-04-22 15:12:33,198 [DEBUG]  OP: Operation.NAIVE_FACTORIZATION on slice (2550, 4) (remaining tasks 55)
2025-04-22 15:12:33,226 [DEBUG]  		naive factorization 4 columns (in 0.02743 secs)
2025-04-22 15:12:33,227 [DEBUG]  OP: Operation.NAIVE_FACTORIZATION on slice (3698, 4) (remaining tasks 54)
2025-04-22 15:12:33,266 [DEBUG]  		naive factorization 4 columns (in 0.03890 secs)
2025-04-22 15:12:33,266 [DEBUG]  OP: Operation.NAIVE_FACTORIZATION on slice (2964, 4) (remaining tasks 53)
2025-04-22 15:12:33,290 [DEBUG]  		naive factorization 4 columns (in 0.02354 secs)
2025-04-22 15:12:33,290 [DEBUG]  OP: Operation.NAIVE_FACTORIZATION on slice (1899, 4) (remaining tasks 52)
2025-04-22 15:12:33,303 [DEBUG]  		naive factorization 4 columns (in 0.01246 secs)
2025-04-22 15:12:33,304 [DEBUG]  OP: Operation.SPLIT_COLUMNS on slice (5143, 4) (remaining tasks 51)
2025-04-22 15:12:33,522 [DEBUG]  		found 1 col clusters (in 0.21797 secs)
2025-04-22 15:12:33,523 [DEBUG]  OP: Operation.NAIVE_FACTORIZATION on slice (3665, 4) (remaining tasks 51)
2025-04-22 15:12:33,547 [DEBUG]  		naive factorization 4 columns (in 0.02362 secs)
2025-04-22 15:12:33,547 [DEBUG]  OP: Operation.NAIVE_FACTORIZATION on slice (2216, 4) (remaining tasks 50)
2025-04-22 15:12:33,569 [DEBUG]  		naive factorization 4 columns (in 0.02153 secs)
2025-04-22 15:12:33,569 [DEBUG]  OP: Operation.NAIVE_FACTORIZATION on slice (2409, 4) (remaining tasks 49)
2025-04-22 15:12:33,601 [DEBUG]  		naive factorization 4 columns (in 0.03145 secs)
2025-04-22 15:12:33,602 [DEBUG]  OP: Operation.SPLIT_COLUMNS on slice (6544, 4) (remaining tasks 48)
2025-04-22 15:12:33,840 [DEBUG]  		found 1 col clusters (in 0.23838 secs)
2025-04-22 15:12:33,841 [DEBUG]  OP: Operation.NAIVE_FACTORIZATION on slice (2259, 4) (remaining tasks 48)
2025-04-22 15:12:33,858 [DEBUG]  		naive factorization 4 columns (in 0.01638 secs)
2025-04-22 15:12:33,859 [DEBUG]  OP: Operation.NAIVE_FACTORIZATION on slice (3753, 4) (remaining tasks 47)
2025-04-22 15:12:33,895 [DEBUG]  		naive factorization 4 columns (in 0.03658 secs)
2025-04-22 15:12:33,896 [DEBUG]  OP: Operation.NAIVE_FACTORIZATION on slice (1896, 4) (remaining tasks 46)
2025-04-22 15:12:33,912 [DEBUG]  		naive factorization 4 columns (in 0.01583 secs)
2025-04-22 15:12:33,913 [DEBUG]  OP: Operation.NAIVE_FACTORIZATION on slice (3140, 4) (remaining tasks 45)
2025-04-22 15:12:33,937 [DEBUG]  		naive factorization 4 columns (in 0.02368 secs)
2025-04-22 15:12:33,938 [DEBUG]  OP: Operation.SPLIT_COLUMNS on slice (4636, 4) (remaining tasks 44)
2025-04-22 15:12:34,179 [DEBUG]  		found 1 col clusters (in 0.24117 secs)
2025-04-22 15:12:34,180 [DEBUG]  OP: Operation.NAIVE_FACTORIZATION on slice (1866, 4) (remaining tasks 44)
2025-04-22 15:12:34,199 [DEBUG]  		naive factorization 4 columns (in 0.01938 secs)
2025-04-22 15:12:34,200 [DEBUG]  OP: Operation.NAIVE_FACTORIZATION on slice (2652, 4) (remaining tasks 43)
2025-04-22 15:12:34,225 [DEBUG]  		naive factorization 4 columns (in 0.02513 secs)
2025-04-22 15:12:34,226 [DEBUG]  OP: Operation.SPLIT_COLUMNS on slice (6727, 4) (remaining tasks 42)
2025-04-22 15:12:34,496 [DEBUG]  		found 1 col clusters (in 0.26996 secs)
2025-04-22 15:12:34,497 [DEBUG]  OP: Operation.NAIVE_FACTORIZATION on slice (2077, 4) (remaining tasks 42)
2025-04-22 15:12:34,518 [DEBUG]  		naive factorization 4 columns (in 0.02122 secs)
2025-04-22 15:12:34,519 [DEBUG]  OP: Operation.NAIVE_FACTORIZATION on slice (4259, 4) (remaining tasks 41)
2025-04-22 15:12:34,591 [DEBUG]  		naive factorization 4 columns (in 0.07221 secs)
2025-04-22 15:12:34,592 [DEBUG]  OP: Operation.NAIVE_FACTORIZATION on slice (2055, 4) (remaining tasks 40)
2025-04-22 15:12:34,611 [DEBUG]  		naive factorization 4 columns (in 0.01886 secs)
2025-04-22 15:12:34,612 [DEBUG]  OP: Operation.SPLIT_COLUMNS on slice (5634, 4) (remaining tasks 39)
2025-04-22 15:12:34,820 [DEBUG]  		found 1 col clusters (in 0.20838 secs)
2025-04-22 15:12:34,821 [DEBUG]  OP: Operation.NAIVE_FACTORIZATION on slice (719, 4) (remaining tasks 39)
2025-04-22 15:12:34,828 [DEBUG]  		naive factorization 4 columns (in 0.00666 secs)
2025-04-22 15:12:34,829 [DEBUG]  OP: Operation.SPLIT_COLUMNS on slice (7391, 4) (remaining tasks 38)
2025-04-22 15:12:35,127 [DEBUG]  		found 1 col clusters (in 0.29791 secs)
2025-04-22 15:12:35,128 [DEBUG]  OP: Operation.NAIVE_FACTORIZATION on slice (1418, 4) (remaining tasks 38)
2025-04-22 15:12:35,145 [DEBUG]  		naive factorization 4 columns (in 0.01668 secs)
2025-04-22 15:12:35,146 [DEBUG]  OP: Operation.NAIVE_FACTORIZATION on slice (2748, 4) (remaining tasks 37)
2025-04-22 15:12:35,175 [DEBUG]  		naive factorization 4 columns (in 0.02929 secs)
2025-04-22 15:12:35,176 [DEBUG]  OP: Operation.NAIVE_FACTORIZATION on slice (2279, 4) (remaining tasks 36)
2025-04-22 15:12:35,192 [DEBUG]  		naive factorization 4 columns (in 0.01570 secs)
2025-04-22 15:12:35,192 [DEBUG]  OP: Operation.NAIVE_FACTORIZATION on slice (2321, 4) (remaining tasks 35)
2025-04-22 15:12:35,209 [DEBUG]  		naive factorization 4 columns (in 0.01649 secs)
2025-04-22 15:12:35,210 [DEBUG]  OP: Operation.NAIVE_FACTORIZATION on slice (3424, 4) (remaining tasks 34)
2025-04-22 15:12:35,241 [DEBUG]  		naive factorization 4 columns (in 0.03083 secs)
2025-04-22 15:12:35,241 [DEBUG]  OP: Operation.NAIVE_FACTORIZATION on slice (3067, 4) (remaining tasks 33)
2025-04-22 15:12:35,265 [DEBUG]  		naive factorization 4 columns (in 0.02294 secs)
2025-04-22 15:12:35,265 [DEBUG]  OP: Operation.NAIVE_FACTORIZATION on slice (4159, 4) (remaining tasks 32)
2025-04-22 15:12:35,284 [DEBUG]  		naive factorization 4 columns (in 0.01820 secs)
2025-04-22 15:12:35,285 [DEBUG]  OP: Operation.NAIVE_FACTORIZATION on slice (2481, 4) (remaining tasks 31)
2025-04-22 15:12:35,295 [DEBUG]  		naive factorization 4 columns (in 0.01021 secs)
2025-04-22 15:12:35,295 [DEBUG]  OP: Operation.NAIVE_FACTORIZATION on slice (2512, 4) (remaining tasks 30)
2025-04-22 15:12:35,312 [DEBUG]  		naive factorization 4 columns (in 0.01650 secs)
2025-04-22 15:12:35,312 [DEBUG]  OP: Operation.NAIVE_FACTORIZATION on slice (2141, 4) (remaining tasks 29)
2025-04-22 15:12:35,323 [DEBUG]  		naive factorization 4 columns (in 0.01058 secs)
2025-04-22 15:12:35,323 [DEBUG]  OP: Operation.NAIVE_FACTORIZATION on slice (2221, 4) (remaining tasks 28)
2025-04-22 15:12:35,332 [DEBUG]  		naive factorization 4 columns (in 0.00814 secs)
2025-04-22 15:12:35,332 [DEBUG]  OP: Operation.NAIVE_FACTORIZATION on slice (2895, 4) (remaining tasks 27)
2025-04-22 15:12:35,352 [DEBUG]  		naive factorization 4 columns (in 0.01990 secs)
2025-04-22 15:12:35,353 [DEBUG]  OP: Operation.NAIVE_FACTORIZATION on slice (1458, 4) (remaining tasks 26)
2025-04-22 15:12:35,363 [DEBUG]  		naive factorization 4 columns (in 0.01024 secs)
2025-04-22 15:12:35,364 [DEBUG]  OP: Operation.SPLIT_COLUMNS on slice (7278, 4) (remaining tasks 25)
2025-04-22 15:12:35,582 [DEBUG]  		found 1 col clusters (in 0.21784 secs)
2025-04-22 15:12:35,583 [DEBUG]  OP: Operation.NAIVE_FACTORIZATION on slice (358, 4) (remaining tasks 25)
2025-04-22 15:12:35,591 [DEBUG]  		naive factorization 4 columns (in 0.00788 secs)
2025-04-22 15:12:35,592 [DEBUG]  OP: Operation.SPLIT_COLUMNS on slice (6429, 4) (remaining tasks 24)
2025-04-22 15:12:35,891 [DEBUG]  		found 1 col clusters (in 0.29869 secs)
2025-04-22 15:12:35,892 [DEBUG]  OP: Operation.NAIVE_FACTORIZATION on slice (377, 4) (remaining tasks 24)
2025-04-22 15:12:35,898 [DEBUG]  		naive factorization 4 columns (in 0.00624 secs)
2025-04-22 15:12:35,899 [DEBUG]  OP: Operation.NAIVE_FACTORIZATION on slice (3175, 4) (remaining tasks 23)
2025-04-22 15:12:35,922 [DEBUG]  		naive factorization 4 columns (in 0.02265 secs)
2025-04-22 15:12:35,922 [DEBUG]  OP: Operation.NAIVE_FACTORIZATION on slice (3081, 4) (remaining tasks 22)
2025-04-22 15:12:35,941 [DEBUG]  		naive factorization 4 columns (in 0.01857 secs)
2025-04-22 15:12:35,942 [DEBUG]  OP: Operation.SPLIT_ROWS on slice (8805, 4) (remaining tasks 21)
2025-04-22 15:12:36,056 [DEBUG]  		found 2 row clusters (in 0.11341 secs)
2025-04-22 15:12:36,057 [DEBUG]  OP: Operation.SPLIT_ROWS on slice (6450, 4) (remaining tasks 22)
2025-04-22 15:12:36,081 [DEBUG]  		found 2 row clusters (in 0.02450 secs)
2025-04-22 15:12:36,082 [DEBUG]  OP: Operation.SPLIT_ROWS on slice (10742, 4) (remaining tasks 23)
2025-04-22 15:12:36,127 [DEBUG]  		found 2 row clusters (in 0.04502 secs)
2025-04-22 15:12:36,128 [DEBUG]  OP: Operation.SPLIT_ROWS on slice (5775, 4) (remaining tasks 24)
2025-04-22 15:12:36,161 [DEBUG]  		found 2 row clusters (in 0.03343 secs)
2025-04-22 15:12:36,162 [DEBUG]  OP: Operation.SPLIT_ROWS on slice (5341, 4) (remaining tasks 25)
2025-04-22 15:12:36,190 [DEBUG]  		found 2 row clusters (in 0.02785 secs)
2025-04-22 15:12:36,190 [DEBUG]  OP: Operation.SPLIT_ROWS on slice (7448, 4) (remaining tasks 26)
2025-04-22 15:12:36,235 [DEBUG]  		found 2 row clusters (in 0.04426 secs)
2025-04-22 15:12:36,235 [DEBUG]  OP: Operation.SPLIT_ROWS on slice (8340, 4) (remaining tasks 27)
2025-04-22 15:12:36,271 [DEBUG]  		found 2 row clusters (in 0.03575 secs)
2025-04-22 15:12:36,272 [DEBUG]  OP: Operation.SPLIT_ROWS on slice (5220, 4) (remaining tasks 28)
2025-04-22 15:12:36,300 [DEBUG]  		found 2 row clusters (in 0.02822 secs)
2025-04-22 15:12:36,301 [DEBUG]  OP: Operation.SPLIT_ROWS on slice (8808, 4) (remaining tasks 29)
2025-04-22 15:12:36,340 [DEBUG]  		found 2 row clusters (in 0.03890 secs)
2025-04-22 15:12:36,340 [DEBUG]  OP: Operation.SPLIT_ROWS on slice (5642, 4) (remaining tasks 30)
2025-04-22 15:12:36,366 [DEBUG]  		found 2 row clusters (in 0.02580 secs)
2025-04-22 15:12:36,367 [DEBUG]  OP: Operation.SPLIT_ROWS on slice (11735, 4) (remaining tasks 31)
2025-04-22 15:12:36,414 [DEBUG]  		found 2 row clusters (in 0.04647 secs)
2025-04-22 15:12:36,415 [DEBUG]  OP: Operation.SPLIT_ROWS on slice (8105, 4) (remaining tasks 32)
2025-04-22 15:12:36,444 [DEBUG]  		found 2 row clusters (in 0.02956 secs)
2025-04-22 15:12:36,445 [DEBUG]  OP: Operation.SPLIT_ROWS on slice (4849, 4) (remaining tasks 33)
2025-04-22 15:12:36,473 [DEBUG]  		found 2 row clusters (in 0.02794 secs)
2025-04-22 15:12:36,474 [DEBUG]  OP: Operation.SPLIT_ROWS on slice (10136, 4) (remaining tasks 34)
2025-04-22 15:12:36,512 [DEBUG]  		found 2 row clusters (in 0.03823 secs)
2025-04-22 15:12:36,512 [DEBUG]  OP: Operation.SPLIT_ROWS on slice (5143, 4) (remaining tasks 35)
2025-04-22 15:12:36,538 [DEBUG]  		found 2 row clusters (in 0.02529 secs)
2025-04-22 15:12:36,538 [DEBUG]  OP: Operation.SPLIT_ROWS on slice (6544, 4) (remaining tasks 36)
2025-04-22 15:12:36,569 [DEBUG]  		found 2 row clusters (in 0.03071 secs)
2025-04-22 15:12:36,570 [DEBUG]  OP: Operation.SPLIT_ROWS on slice (4636, 4) (remaining tasks 37)
2025-04-22 15:12:36,601 [DEBUG]  		found 2 row clusters (in 0.03127 secs)
2025-04-22 15:12:36,602 [DEBUG]  OP: Operation.SPLIT_ROWS on slice (6727, 4) (remaining tasks 38)
2025-04-22 15:12:36,630 [DEBUG]  		found 2 row clusters (in 0.02800 secs)
2025-04-22 15:12:36,630 [DEBUG]  OP: Operation.SPLIT_ROWS on slice (5634, 4) (remaining tasks 39)
2025-04-22 15:12:36,654 [DEBUG]  		found 2 row clusters (in 0.02340 secs)
2025-04-22 15:12:36,655 [DEBUG]  OP: Operation.SPLIT_ROWS on slice (7391, 4) (remaining tasks 40)
2025-04-22 15:12:36,684 [DEBUG]  		found 2 row clusters (in 0.02971 secs)
2025-04-22 15:12:36,685 [DEBUG]  OP: Operation.SPLIT_ROWS on slice (7278, 4) (remaining tasks 41)
2025-04-22 15:12:36,719 [DEBUG]  		found 2 row clusters (in 0.03403 secs)
2025-04-22 15:12:36,720 [DEBUG]  OP: Operation.SPLIT_ROWS on slice (6429, 4) (remaining tasks 42)
2025-04-22 15:12:36,747 [DEBUG]  		found 2 row clusters (in 0.02706 secs)
2025-04-22 15:12:36,747 [DEBUG]  OP: Operation.NAIVE_FACTORIZATION on slice (1392, 4) (remaining tasks 43)
2025-04-22 15:12:36,754 [DEBUG]  		naive factorization 4 columns (in 0.00637 secs)
2025-04-22 15:12:36,754 [DEBUG]  OP: Operation.SPLIT_COLUMNS on slice (7413, 4) (remaining tasks 42)
2025-04-22 15:12:36,865 [DEBUG]  		found 1 col clusters (in 0.11053 secs)
2025-04-22 15:12:36,865 [DEBUG]  OP: Operation.NAIVE_FACTORIZATION on slice (1551, 4) (remaining tasks 42)
2025-04-22 15:12:36,877 [DEBUG]  		naive factorization 4 columns (in 0.01125 secs)
2025-04-22 15:12:36,878 [DEBUG]  OP: Operation.SPLIT_COLUMNS on slice (4899, 4) (remaining tasks 41)
2025-04-22 15:12:37,053 [DEBUG]  		found 1 col clusters (in 0.17484 secs)
2025-04-22 15:12:37,054 [DEBUG]  OP: Operation.SPLIT_COLUMNS on slice (6507, 4) (remaining tasks 41)
2025-04-22 15:12:37,423 [DEBUG]  		found 1 col clusters (in 0.36927 secs)
2025-04-22 15:12:37,424 [DEBUG]  OP: Operation.NAIVE_FACTORIZATION on slice (4235, 4) (remaining tasks 41)
2025-04-22 15:12:37,510 [DEBUG]  		naive factorization 4 columns (in 0.08596 secs)
2025-04-22 15:12:37,511 [DEBUG]  OP: Operation.NAIVE_FACTORIZATION on slice (3553, 4) (remaining tasks 40)
2025-04-22 15:12:37,534 [DEBUG]  		naive factorization 4 columns (in 0.02239 secs)
2025-04-22 15:12:37,534 [DEBUG]  OP: Operation.NAIVE_FACTORIZATION on slice (2222, 4) (remaining tasks 39)
2025-04-22 15:12:37,541 [DEBUG]  		naive factorization 4 columns (in 0.00703 secs)
2025-04-22 15:12:37,542 [DEBUG]  OP: Operation.NAIVE_FACTORIZATION on slice (3951, 4) (remaining tasks 38)
2025-04-22 15:12:37,558 [DEBUG]  		naive factorization 4 columns (in 0.01640 secs)
2025-04-22 15:12:37,559 [DEBUG]  OP: Operation.NAIVE_FACTORIZATION on slice (1390, 4) (remaining tasks 37)
2025-04-22 15:12:37,568 [DEBUG]  		naive factorization 4 columns (in 0.00874 secs)
2025-04-22 15:12:37,569 [DEBUG]  OP: Operation.NAIVE_FACTORIZATION on slice (3636, 4) (remaining tasks 36)
2025-04-22 15:12:37,591 [DEBUG]  		naive factorization 4 columns (in 0.02236 secs)
2025-04-22 15:12:37,592 [DEBUG]  OP: Operation.NAIVE_FACTORIZATION on slice (3812, 4) (remaining tasks 35)
2025-04-22 15:12:37,614 [DEBUG]  		naive factorization 4 columns (in 0.02125 secs)
2025-04-22 15:12:37,615 [DEBUG]  OP: Operation.SPLIT_COLUMNS on slice (5387, 4) (remaining tasks 34)
2025-04-22 15:12:37,836 [DEBUG]  		found 1 col clusters (in 0.22090 secs)
2025-04-22 15:12:37,837 [DEBUG]  OP: Operation.NAIVE_FACTORIZATION on slice (2953, 4) (remaining tasks 34)
2025-04-22 15:12:37,856 [DEBUG]  		naive factorization 4 columns (in 0.01894 secs)
2025-04-22 15:12:37,857 [DEBUG]  OP: Operation.NAIVE_FACTORIZATION on slice (2063, 4) (remaining tasks 33)
2025-04-22 15:12:37,878 [DEBUG]  		naive factorization 4 columns (in 0.02155 secs)
2025-04-22 15:12:37,879 [DEBUG]  OP: Operation.NAIVE_FACTORIZATION on slice (3157, 4) (remaining tasks 32)
2025-04-22 15:12:37,918 [DEBUG]  		naive factorization 4 columns (in 0.03855 secs)
2025-04-22 15:12:37,919 [DEBUG]  OP: Operation.SPLIT_COLUMNS on slice (6178, 4) (remaining tasks 31)
2025-04-22 15:12:38,160 [DEBUG]  		found 1 col clusters (in 0.24090 secs)
2025-04-22 15:12:38,160 [DEBUG]  OP: Operation.NAIVE_FACTORIZATION on slice (2630, 4) (remaining tasks 31)
2025-04-22 15:12:38,189 [DEBUG]  		naive factorization 4 columns (in 0.02805 secs)
2025-04-22 15:12:38,189 [DEBUG]  OP: Operation.NAIVE_FACTORIZATION on slice (1864, 4) (remaining tasks 30)
2025-04-22 15:12:38,207 [DEBUG]  		naive factorization 4 columns (in 0.01763 secs)
2025-04-22 15:12:38,208 [DEBUG]  OP: Operation.NAIVE_FACTORIZATION on slice (3778, 4) (remaining tasks 29)
2025-04-22 15:12:38,244 [DEBUG]  		naive factorization 4 columns (in 0.03600 secs)
2025-04-22 15:12:38,245 [DEBUG]  OP: Operation.SPLIT_COLUMNS on slice (7601, 4) (remaining tasks 28)
2025-04-22 15:12:38,470 [DEBUG]  		found 1 col clusters (in 0.22503 secs)
2025-04-22 15:12:38,471 [DEBUG]  OP: Operation.NAIVE_FACTORIZATION on slice (4134, 4) (remaining tasks 28)
2025-04-22 15:12:38,542 [DEBUG]  		naive factorization 4 columns (in 0.07078 secs)
2025-04-22 15:12:38,543 [DEBUG]  OP: Operation.NAIVE_FACTORIZATION on slice (1204, 4) (remaining tasks 27)
2025-04-22 15:12:38,557 [DEBUG]  		naive factorization 4 columns (in 0.01378 secs)
2025-04-22 15:12:38,558 [DEBUG]  OP: Operation.SPLIT_COLUMNS on slice (6901, 4) (remaining tasks 26)
2025-04-22 15:12:38,783 [DEBUG]  		found 1 col clusters (in 0.22541 secs)
2025-04-22 15:12:38,784 [DEBUG]  OP: Operation.NAIVE_FACTORIZATION on slice (3186, 4) (remaining tasks 26)
2025-04-22 15:12:38,804 [DEBUG]  		naive factorization 4 columns (in 0.01942 secs)
2025-04-22 15:12:38,805 [DEBUG]  OP: Operation.NAIVE_FACTORIZATION on slice (1663, 4) (remaining tasks 25)
2025-04-22 15:12:38,821 [DEBUG]  		naive factorization 4 columns (in 0.01587 secs)
2025-04-22 15:12:38,821 [DEBUG]  OP: Operation.NAIVE_FACTORIZATION on slice (2507, 4) (remaining tasks 24)
2025-04-22 15:12:38,842 [DEBUG]  		naive factorization 4 columns (in 0.02005 secs)
2025-04-22 15:12:38,843 [DEBUG]  OP: Operation.SPLIT_COLUMNS on slice (7629, 4) (remaining tasks 23)
2025-04-22 15:12:39,071 [DEBUG]  		found 1 col clusters (in 0.22852 secs)
2025-04-22 15:12:39,072 [DEBUG]  OP: Operation.NAIVE_FACTORIZATION on slice (3501, 4) (remaining tasks 23)
2025-04-22 15:12:39,121 [DEBUG]  		naive factorization 4 columns (in 0.04795 secs)
2025-04-22 15:12:39,121 [DEBUG]  OP: Operation.NAIVE_FACTORIZATION on slice (1642, 4) (remaining tasks 22)
2025-04-22 15:12:39,132 [DEBUG]  		naive factorization 4 columns (in 0.01097 secs)
2025-04-22 15:12:39,133 [DEBUG]  OP: Operation.SPLIT_COLUMNS on slice (4756, 4) (remaining tasks 21)
2025-04-22 15:12:39,296 [DEBUG]  		found 1 col clusters (in 0.16230 secs)
2025-04-22 15:12:39,297 [DEBUG]  OP: Operation.NAIVE_FACTORIZATION on slice (1788, 4) (remaining tasks 21)
2025-04-22 15:12:39,316 [DEBUG]  		naive factorization 4 columns (in 0.01955 secs)
2025-04-22 15:12:39,317 [DEBUG]  OP: Operation.NAIVE_FACTORIZATION on slice (2381, 4) (remaining tasks 20)
2025-04-22 15:12:39,332 [DEBUG]  		naive factorization 4 columns (in 0.01475 secs)
2025-04-22 15:12:39,333 [DEBUG]  OP: Operation.NAIVE_FACTORIZATION on slice (2255, 4) (remaining tasks 19)
2025-04-22 15:12:39,350 [DEBUG]  		naive factorization 4 columns (in 0.01685 secs)
2025-04-22 15:12:39,351 [DEBUG]  OP: Operation.NAIVE_FACTORIZATION on slice (4223, 4) (remaining tasks 18)
2025-04-22 15:12:39,440 [DEBUG]  		naive factorization 4 columns (in 0.08867 secs)
2025-04-22 15:12:39,440 [DEBUG]  OP: Operation.NAIVE_FACTORIZATION on slice (2504, 4) (remaining tasks 17)
2025-04-22 15:12:39,469 [DEBUG]  		naive factorization 4 columns (in 0.02875 secs)
2025-04-22 15:12:39,470 [DEBUG]  OP: Operation.NAIVE_FACTORIZATION on slice (3129, 4) (remaining tasks 16)
2025-04-22 15:12:39,493 [DEBUG]  		naive factorization 4 columns (in 0.02272 secs)
2025-04-22 15:12:39,494 [DEBUG]  OP: Operation.NAIVE_FACTORIZATION on slice (2505, 4) (remaining tasks 15)
2025-04-22 15:12:39,501 [DEBUG]  		naive factorization 4 columns (in 0.00771 secs)
2025-04-22 15:12:39,502 [DEBUG]  OP: Operation.SPLIT_COLUMNS on slice (4889, 4) (remaining tasks 14)
2025-04-22 15:12:39,710 [DEBUG]  		found 1 col clusters (in 0.20758 secs)
2025-04-22 15:12:39,710 [DEBUG]  OP: Operation.NAIVE_FACTORIZATION on slice (2502, 4) (remaining tasks 14)
2025-04-22 15:12:39,735 [DEBUG]  		naive factorization 4 columns (in 0.02423 secs)
2025-04-22 15:12:39,736 [DEBUG]  OP: Operation.SPLIT_COLUMNS on slice (5611, 4) (remaining tasks 13)
2025-04-22 15:12:39,993 [DEBUG]  		found 1 col clusters (in 0.25673 secs)
2025-04-22 15:12:39,993 [DEBUG]  OP: Operation.NAIVE_FACTORIZATION on slice (1667, 4) (remaining tasks 13)
2025-04-22 15:12:40,010 [DEBUG]  		naive factorization 4 columns (in 0.01684 secs)
2025-04-22 15:12:40,011 [DEBUG]  OP: Operation.NAIVE_FACTORIZATION on slice (4031, 4) (remaining tasks 12)
2025-04-22 15:12:40,062 [DEBUG]  		naive factorization 4 columns (in 0.05012 secs)
2025-04-22 15:12:40,062 [DEBUG]  OP: Operation.NAIVE_FACTORIZATION on slice (2398, 4) (remaining tasks 11)
2025-04-22 15:12:40,089 [DEBUG]  		naive factorization 4 columns (in 0.02628 secs)
2025-04-22 15:12:40,089 [DEBUG]  OP: Operation.SPLIT_ROWS on slice (7413, 4) (remaining tasks 10)
2025-04-22 15:12:40,119 [DEBUG]  		found 2 row clusters (in 0.02978 secs)
2025-04-22 15:12:40,120 [DEBUG]  OP: Operation.SPLIT_ROWS on slice (4899, 4) (remaining tasks 11)
2025-04-22 15:12:40,144 [DEBUG]  		found 2 row clusters (in 0.02355 secs)
2025-04-22 15:12:40,144 [DEBUG]  OP: Operation.SPLIT_ROWS on slice (6507, 4) (remaining tasks 12)
2025-04-22 15:12:40,171 [DEBUG]  		found 2 row clusters (in 0.02671 secs)
2025-04-22 15:12:40,171 [DEBUG]  OP: Operation.SPLIT_ROWS on slice (5387, 4) (remaining tasks 13)
2025-04-22 15:12:40,195 [DEBUG]  		found 2 row clusters (in 0.02388 secs)
2025-04-22 15:12:40,196 [DEBUG]  OP: Operation.SPLIT_ROWS on slice (6178, 4) (remaining tasks 14)
2025-04-22 15:12:40,229 [DEBUG]  		found 2 row clusters (in 0.03306 secs)
2025-04-22 15:12:40,230 [DEBUG]  OP: Operation.SPLIT_ROWS on slice (7601, 4) (remaining tasks 15)
2025-04-22 15:12:40,269 [DEBUG]  		found 2 row clusters (in 0.03933 secs)
2025-04-22 15:12:40,270 [DEBUG]  OP: Operation.SPLIT_ROWS on slice (6901, 4) (remaining tasks 16)
2025-04-22 15:12:40,304 [DEBUG]  		found 2 row clusters (in 0.03403 secs)
2025-04-22 15:12:40,305 [DEBUG]  OP: Operation.SPLIT_ROWS on slice (7629, 4) (remaining tasks 17)
2025-04-22 15:12:40,333 [DEBUG]  		found 2 row clusters (in 0.02835 secs)
2025-04-22 15:12:40,334 [DEBUG]  OP: Operation.SPLIT_ROWS on slice (4756, 4) (remaining tasks 18)
2025-04-22 15:12:40,355 [DEBUG]  		found 2 row clusters (in 0.02177 secs)
2025-04-22 15:12:40,356 [DEBUG]  OP: Operation.SPLIT_ROWS on slice (4889, 4) (remaining tasks 19)
2025-04-22 15:12:40,377 [DEBUG]  		found 2 row clusters (in 0.02137 secs)
2025-04-22 15:12:40,378 [DEBUG]  OP: Operation.SPLIT_ROWS on slice (5611, 4) (remaining tasks 20)
2025-04-22 15:12:40,404 [DEBUG]  		found 2 row clusters (in 0.02580 secs)
2025-04-22 15:12:40,404 [DEBUG]  OP: Operation.SPLIT_COLUMNS on slice (4899, 4) (remaining tasks 21)
2025-04-22 15:12:40,614 [DEBUG]  		found 1 col clusters (in 0.20908 secs)
2025-04-22 15:12:40,614 [DEBUG]  OP: Operation.NAIVE_FACTORIZATION on slice (2514, 4) (remaining tasks 21)
2025-04-22 15:12:40,649 [DEBUG]  		naive factorization 4 columns (in 0.03466 secs)
2025-04-22 15:12:40,650 [DEBUG]  OP: Operation.NAIVE_FACTORIZATION on slice (2250, 4) (remaining tasks 20)
2025-04-22 15:12:40,677 [DEBUG]  		naive factorization 4 columns (in 0.02701 secs)
2025-04-22 15:12:40,677 [DEBUG]  OP: Operation.NAIVE_FACTORIZATION on slice (2649, 4) (remaining tasks 19)
2025-04-22 15:12:40,699 [DEBUG]  		naive factorization 4 columns (in 0.02126 secs)
2025-04-22 15:12:40,699 [DEBUG]  OP: Operation.NAIVE_FACTORIZATION on slice (3126, 4) (remaining tasks 18)
2025-04-22 15:12:40,725 [DEBUG]  		naive factorization 4 columns (in 0.02503 secs)
2025-04-22 15:12:40,725 [DEBUG]  OP: Operation.NAIVE_FACTORIZATION on slice (3381, 4) (remaining tasks 17)
2025-04-22 15:12:40,746 [DEBUG]  		naive factorization 4 columns (in 0.02096 secs)
2025-04-22 15:12:40,747 [DEBUG]  OP: Operation.NAIVE_FACTORIZATION on slice (3314, 4) (remaining tasks 16)
2025-04-22 15:12:40,769 [DEBUG]  		naive factorization 4 columns (in 0.02143 secs)
2025-04-22 15:12:40,769 [DEBUG]  OP: Operation.NAIVE_FACTORIZATION on slice (2073, 4) (remaining tasks 15)
2025-04-22 15:12:40,779 [DEBUG]  		naive factorization 4 columns (in 0.00921 secs)
2025-04-22 15:12:40,780 [DEBUG]  OP: Operation.NAIVE_FACTORIZATION on slice (2839, 4) (remaining tasks 14)
2025-04-22 15:12:40,792 [DEBUG]  		naive factorization 4 columns (in 0.01227 secs)
2025-04-22 15:12:40,792 [DEBUG]  OP: Operation.NAIVE_FACTORIZATION on slice (3339, 4) (remaining tasks 13)
2025-04-22 15:12:40,815 [DEBUG]  		naive factorization 4 columns (in 0.02221 secs)
2025-04-22 15:12:40,815 [DEBUG]  OP: Operation.NAIVE_FACTORIZATION on slice (3064, 4) (remaining tasks 12)
2025-04-22 15:12:40,834 [DEBUG]  		naive factorization 4 columns (in 0.01803 secs)
2025-04-22 15:12:40,834 [DEBUG]  OP: Operation.SPLIT_COLUMNS on slice (4537, 4) (remaining tasks 11)
2025-04-22 15:12:41,064 [DEBUG]  		found 1 col clusters (in 0.22974 secs)
2025-04-22 15:12:41,065 [DEBUG]  OP: Operation.NAIVE_FACTORIZATION on slice (3304, 4) (remaining tasks 11)
2025-04-22 15:12:41,088 [DEBUG]  		naive factorization 4 columns (in 0.02236 secs)
2025-04-22 15:12:41,088 [DEBUG]  OP: Operation.NAIVE_FACTORIZATION on slice (3597, 4) (remaining tasks 10)
2025-04-22 15:12:41,132 [DEBUG]  		naive factorization 4 columns (in 0.04328 secs)
2025-04-22 15:12:41,133 [DEBUG]  OP: Operation.SPLIT_COLUMNS on slice (4780, 4) (remaining tasks 9)
2025-04-22 15:12:41,417 [DEBUG]  		found 1 col clusters (in 0.28372 secs)
2025-04-22 15:12:41,417 [DEBUG]  OP: Operation.NAIVE_FACTORIZATION on slice (2849, 4) (remaining tasks 9)
2025-04-22 15:12:41,447 [DEBUG]  		naive factorization 4 columns (in 0.02905 secs)
2025-04-22 15:12:41,447 [DEBUG]  OP: Operation.NAIVE_FACTORIZATION on slice (2830, 4) (remaining tasks 8)
2025-04-22 15:12:41,476 [DEBUG]  		naive factorization 4 columns (in 0.02852 secs)
2025-04-22 15:12:41,477 [DEBUG]  OP: Operation.NAIVE_FACTORIZATION on slice (1926, 4) (remaining tasks 7)
2025-04-22 15:12:41,498 [DEBUG]  		naive factorization 4 columns (in 0.02060 secs)
2025-04-22 15:12:41,498 [DEBUG]  OP: Operation.NAIVE_FACTORIZATION on slice (3450, 4) (remaining tasks 6)
2025-04-22 15:12:41,527 [DEBUG]  		naive factorization 4 columns (in 0.02859 secs)
2025-04-22 15:12:41,527 [DEBUG]  OP: Operation.NAIVE_FACTORIZATION on slice (1439, 4) (remaining tasks 5)
2025-04-22 15:12:41,532 [DEBUG]  		naive factorization 4 columns (in 0.00487 secs)
2025-04-22 15:12:41,533 [DEBUG]  OP: Operation.NAIVE_FACTORIZATION on slice (2214, 4) (remaining tasks 4)
2025-04-22 15:12:41,540 [DEBUG]  		naive factorization 4 columns (in 0.00734 secs)
2025-04-22 15:12:41,541 [DEBUG]  OP: Operation.NAIVE_FACTORIZATION on slice (3397, 4) (remaining tasks 3)
2025-04-22 15:12:41,555 [DEBUG]  		naive factorization 4 columns (in 0.01437 secs)
2025-04-22 15:12:41,556 [DEBUG]  OP: Operation.SPLIT_ROWS on slice (4899, 4) (remaining tasks 2)
2025-04-22 15:12:41,586 [DEBUG]  		found 2 row clusters (in 0.02979 secs)
2025-04-22 15:12:41,586 [DEBUG]  OP: Operation.SPLIT_ROWS on slice (4537, 4) (remaining tasks 3)
2025-04-22 15:12:41,610 [DEBUG]  		found 2 row clusters (in 0.02330 secs)
2025-04-22 15:12:41,610 [DEBUG]  OP: Operation.SPLIT_ROWS on slice (4780, 4) (remaining tasks 4)
2025-04-22 15:12:41,630 [DEBUG]  		found 2 row clusters (in 0.01986 secs)
2025-04-22 15:12:41,630 [DEBUG]  OP: Operation.NAIVE_FACTORIZATION on slice (2225, 4) (remaining tasks 5)
2025-04-22 15:12:41,648 [DEBUG]  		naive factorization 4 columns (in 0.01738 secs)
2025-04-22 15:12:41,648 [DEBUG]  OP: Operation.NAIVE_FACTORIZATION on slice (2674, 4) (remaining tasks 4)
2025-04-22 15:12:41,670 [DEBUG]  		naive factorization 4 columns (in 0.02128 secs)
2025-04-22 15:12:41,670 [DEBUG]  OP: Operation.NAIVE_FACTORIZATION on slice (3105, 4) (remaining tasks 3)
2025-04-22 15:12:41,694 [DEBUG]  		naive factorization 4 columns (in 0.02420 secs)
2025-04-22 15:12:41,695 [DEBUG]  OP: Operation.NAIVE_FACTORIZATION on slice (1432, 4) (remaining tasks 2)
2025-04-22 15:12:41,709 [DEBUG]  		naive factorization 4 columns (in 0.01460 secs)
2025-04-22 15:12:41,710 [DEBUG]  OP: Operation.NAIVE_FACTORIZATION on slice (3436, 4) (remaining tasks 1)
2025-04-22 15:12:41,739 [DEBUG]  		naive factorization 4 columns (in 0.02841 secs)
2025-04-22 15:12:41,739 [DEBUG]  OP: Operation.NAIVE_FACTORIZATION on slice (1344, 4) (remaining tasks 0)
2025-04-22 15:12:41,758 [DEBUG]  		naive factorization 4 columns (in 0.01806 secs)
2025-04-22 15:12:59,262 [DEBUG]  Built SPN in 79.59025867600576 sec
2025-04-22 15:12:59,263 [INFO ]  Saving ensemble to /home/dafn/card/deepcard/collected_temp_benchmarks/spn_ensembles/3D Road Network (North Jutland, Denmark)/ensemble_single_d_spatial_network_10000000.pkl
