2025-04-22 15:23:05,976 [INFO ]  Creating naive ensemble.
2025-04-22 15:23:05,976 [INFO ]  Learning SPN for d_spatial_network.
2025-04-22 15:23:05,976 [DEBUG]  generate_join_sample(single_table=d_spatial_network, relationship_list=None, split_condition=None)
2025-04-22 15:23:06,033 [DEBUG]  Using min_instance_slice parameter 4348.74.
2025-04-22 15:23:06,033 [INFO ]  SPN training phase with 434874 samples
2025-04-22 15:23:06,129 [DEBUG]  Built domains in 0.09377514300285839 sec
2025-04-22 15:23:06,496 [DEBUG]  CACHEDIR=/home/dafn/.cache/matplotlib
2025-04-22 15:23:06,498 [DEBUG]  Using fontManager instance from /home/dafn/.cache/matplotlib/fontlist-v300.json
2025-04-22 15:23:06,593 [DEBUG]  Loaded backend qt5agg version unknown.
2025-04-22 15:23:06,623 [DEBUG]  Loaded backend qt5agg version unknown.
2025-04-22 15:23:06,624 [DEBUG]  Loaded backend qt4agg version unknown.
2025-04-22 15:23:06,631 [DEBUG]  Loaded backend tkagg version unknown.
2025-04-22 15:23:06,632 [DEBUG]  Loaded backend agg version unknown.
2025-04-22 15:23:06,632 [DEBUG]  Loaded backend agg version unknown.
2025-04-22 15:23:06,641 [DEBUG]  OP: Operation.SPLIT_ROWS on slice (434874, 4) (remaining tasks 0)
2025-04-22 15:23:07,060 [DEBUG]  		found 2 row clusters (in 0.41889 secs)
2025-04-22 15:23:07,078 [DEBUG]  OP: Operation.SPLIT_COLUMNS on slice (331380, 4) (remaining tasks 1)
2025-04-22 15:23:07,301 [DEBUG]  		found 3 col clusters (in 0.22288 secs)
2025-04-22 15:23:07,311 [DEBUG]  OP: Operation.SPLIT_COLUMNS on slice (103494, 4) (remaining tasks 3)
2025-04-22 15:23:07,626 [DEBUG]  		found 4 col clusters (in 0.31451 secs)
2025-04-22 15:23:07,626 [DEBUG]  OP: Operation.CREATE_LEAF on slice (331380, 1) (remaining tasks 6)
2025-04-22 15:23:07,749 [DEBUG]  		 created leaf IdentityNumericLeaf for scope=[0] (in 0.12309 secs)
2025-04-22 15:23:07,752 [DEBUG]  OP: Operation.SPLIT_COLUMNS on slice (331380, 2) (remaining tasks 5)
2025-04-22 15:23:07,886 [DEBUG]  		found 1 col clusters (in 0.13404 secs)
2025-04-22 15:23:07,886 [DEBUG]  OP: Operation.CREATE_LEAF on slice (331380, 1) (remaining tasks 5)
2025-04-22 15:23:07,930 [DEBUG]  		Due to histograms leaf size was reduced by 69.82%
2025-04-22 15:23:07,981 [DEBUG]  		 created leaf IdentityNumericLeaf for scope=[3] (in 0.09425 secs)
2025-04-22 15:23:07,981 [DEBUG]  OP: Operation.CREATE_LEAF on slice (103494, 1) (remaining tasks 4)
2025-04-22 15:23:07,992 [DEBUG]  		 created leaf IdentityNumericLeaf for scope=[0] (in 0.01095 secs)
2025-04-22 15:23:07,992 [DEBUG]  OP: Operation.CREATE_LEAF on slice (103494, 1) (remaining tasks 3)
2025-04-22 15:23:08,034 [DEBUG]  		 created leaf IdentityNumericLeaf for scope=[1] (in 0.04143 secs)
2025-04-22 15:23:08,034 [DEBUG]  OP: Operation.CREATE_LEAF on slice (103494, 1) (remaining tasks 2)
2025-04-22 15:23:08,073 [DEBUG]  		 created leaf IdentityNumericLeaf for scope=[2] (in 0.03877 secs)
2025-04-22 15:23:08,074 [DEBUG]  OP: Operation.CREATE_LEAF on slice (103494, 1) (remaining tasks 1)
2025-04-22 15:23:08,084 [DEBUG]  		Due to histograms leaf size was reduced by 3.38%
2025-04-22 15:23:08,115 [DEBUG]  		 created leaf IdentityNumericLeaf for scope=[3] (in 0.04159 secs)
2025-04-22 15:23:08,118 [DEBUG]  OP: Operation.SPLIT_ROWS on slice (331380, 2) (remaining tasks 0)
2025-04-22 15:23:08,591 [DEBUG]  		found 2 row clusters (in 0.47280 secs)
2025-04-22 15:23:08,598 [DEBUG]  OP: Operation.SPLIT_COLUMNS on slice (114267, 2) (remaining tasks 1)
2025-04-22 15:23:08,707 [DEBUG]  		found 2 col clusters (in 0.10962 secs)
2025-04-22 15:23:08,727 [DEBUG]  OP: Operation.SPLIT_COLUMNS on slice (217113, 2) (remaining tasks 2)
2025-04-22 15:23:08,840 [DEBUG]  		found 2 col clusters (in 0.11216 secs)
2025-04-22 15:23:08,840 [DEBUG]  OP: Operation.CREATE_LEAF on slice (114267, 1) (remaining tasks 3)
2025-04-22 15:23:08,853 [DEBUG]  		Due to histograms leaf size was reduced by 4.18%
2025-04-22 15:23:08,900 [DEBUG]  		 created leaf IdentityNumericLeaf for scope=[1] (in 0.05967 secs)
2025-04-22 15:23:08,900 [DEBUG]  OP: Operation.CREATE_LEAF on slice (114267, 1) (remaining tasks 2)
2025-04-22 15:23:08,913 [DEBUG]  		Due to histograms leaf size was reduced by 3.43%
2025-04-22 15:23:08,960 [DEBUG]  		 created leaf IdentityNumericLeaf for scope=[2] (in 0.05954 secs)
2025-04-22 15:23:08,960 [DEBUG]  OP: Operation.CREATE_LEAF on slice (217113, 1) (remaining tasks 1)
2025-04-22 15:23:08,980 [DEBUG]  		Due to histograms leaf size was reduced by 48.94%
2025-04-22 15:23:09,010 [DEBUG]  		 created leaf IdentityNumericLeaf for scope=[1] (in 0.04985 secs)
2025-04-22 15:23:09,010 [DEBUG]  OP: Operation.CREATE_LEAF on slice (217113, 1) (remaining tasks 0)
2025-04-22 15:23:09,030 [DEBUG]  		Due to histograms leaf size was reduced by 48.94%
2025-04-22 15:23:09,063 [DEBUG]  		 created leaf IdentityNumericLeaf for scope=[2] (in 0.05238 secs)
2025-04-22 15:23:19,905 [DEBUG]  Built SPN in 13.775770316002308 sec
2025-04-22 15:23:19,905 [INFO ]  Saving ensemble to /home/dafn/card/deepcard/collected_temp_benchmarks/spn_ensembles/3D Road Network (North Jutland, Denmark)/ensemble_single_d_spatial_network_10000000.pkl
