2025-04-22 15:20:31,209 [INFO ]  Creating naive ensemble.
2025-04-22 15:20:31,209 [INFO ]  Learning SPN for d_spatial_network.
2025-04-22 15:20:31,210 [DEBUG]  generate_join_sample(single_table=d_spatial_network, relationship_list=None, split_condition=None)
2025-04-22 15:20:31,267 [DEBUG]  Using min_instance_slice parameter 4348.74.
2025-04-22 15:20:31,268 [INFO ]  SPN training phase with 434874 samples
2025-04-22 15:20:31,364 [DEBUG]  Built domains in 0.0947180070070317 sec
2025-04-22 15:20:31,727 [DEBUG]  CACHEDIR=/home/dafn/.cache/matplotlib
2025-04-22 15:20:31,729 [DEBUG]  Using fontManager instance from /home/dafn/.cache/matplotlib/fontlist-v300.json
2025-04-22 15:20:31,823 [DEBUG]  Loaded backend qt5agg version unknown.
2025-04-22 15:20:31,853 [DEBUG]  Loaded backend qt5agg version unknown.
2025-04-22 15:20:31,854 [DEBUG]  Loaded backend qt4agg version unknown.
2025-04-22 15:20:31,861 [DEBUG]  Loaded backend tkagg version unknown.
2025-04-22 15:20:31,861 [DEBUG]  Loaded backend agg version unknown.
2025-04-22 15:20:31,861 [DEBUG]  Loaded backend agg version unknown.
2025-04-22 15:20:31,870 [DEBUG]  OP: Operation.SPLIT_ROWS on slice (434874, 4) (remaining tasks 0)
2025-04-22 15:20:32,287 [DEBUG]  		found 2 row clusters (in 0.41684 secs)
2025-04-22 15:20:32,305 [DEBUG]  OP: Operation.SPLIT_COLUMNS on slice (331380, 4) (remaining tasks 1)
2025-04-22 15:20:32,528 [DEBUG]  		found 3 col clusters (in 0.22312 secs)
2025-04-22 15:20:32,538 [DEBUG]  OP: Operation.SPLIT_COLUMNS on slice (103494, 4) (remaining tasks 3)
2025-04-22 15:20:32,855 [DEBUG]  		found 3 col clusters (in 0.31709 secs)
2025-04-22 15:20:32,855 [DEBUG]  OP: Operation.CREATE_LEAF on slice (331380, 1) (remaining tasks 5)
2025-04-22 15:20:32,946 [DEBUG]  		 created leaf IdentityNumericLeaf for scope=[0] (in 0.09005 secs)
2025-04-22 15:20:32,948 [DEBUG]  OP: Operation.SPLIT_COLUMNS on slice (331380, 2) (remaining tasks 4)
2025-04-22 15:20:33,090 [DEBUG]  		found 1 col clusters (in 0.13652 secs)
2025-04-22 15:20:33,090 [DEBUG]  OP: Operation.CREATE_LEAF on slice (331380, 1) (remaining tasks 4)
2025-04-22 15:20:33,134 [DEBUG]  		Due to histograms leaf size was reduced by 69.82%
2025-04-22 15:20:33,189 [DEBUG]  		 created leaf IdentityNumericLeaf for scope=[3] (in 0.09817 secs)
2025-04-22 15:20:33,189 [DEBUG]  OP: Operation.CREATE_LEAF on slice (103494, 1) (remaining tasks 3)
2025-04-22 15:20:33,201 [DEBUG]  		 created leaf IdentityNumericLeaf for scope=[0] (in 0.01149 secs)
2025-04-22 15:20:33,202 [DEBUG]  OP: Operation.SPLIT_COLUMNS on slice (103494, 2) (remaining tasks 2)
2025-04-22 15:20:33,314 [DEBUG]  		found 1 col clusters (in 0.11192 secs)
2025-04-22 15:20:33,314 [DEBUG]  OP: Operation.CREATE_LEAF on slice (103494, 1) (remaining tasks 2)
2025-04-22 15:20:33,327 [DEBUG]  		Due to histograms leaf size was reduced by 3.38%
2025-04-22 15:20:33,380 [DEBUG]  		 created leaf IdentityNumericLeaf for scope=[3] (in 0.06535 secs)
2025-04-22 15:20:33,384 [DEBUG]  OP: Operation.SPLIT_ROWS on slice (331380, 2) (remaining tasks 1)
2025-04-22 15:20:33,872 [DEBUG]  		found 2 row clusters (in 0.48828 secs)
2025-04-22 15:20:33,873 [DEBUG]  OP: Operation.SPLIT_ROWS on slice (103494, 2) (remaining tasks 2)
2025-04-22 15:20:34,281 [DEBUG]  		found 2 row clusters (in 0.40740 secs)
2025-04-22 15:20:34,287 [DEBUG]  OP: Operation.SPLIT_COLUMNS on slice (114267, 2) (remaining tasks 3)
2025-04-22 15:20:34,397 [DEBUG]  		found 2 col clusters (in 0.10963 secs)
2025-04-22 15:20:34,416 [DEBUG]  OP: Operation.SPLIT_COLUMNS on slice (217113, 2) (remaining tasks 4)
2025-04-22 15:20:34,529 [DEBUG]  		found 1 col clusters (in 0.11233 secs)
2025-04-22 15:20:34,531 [DEBUG]  OP: Operation.SPLIT_COLUMNS on slice (21969, 2) (remaining tasks 4)
2025-04-22 15:20:34,643 [DEBUG]  		found 1 col clusters (in 0.11207 secs)
2025-04-22 15:20:34,652 [DEBUG]  OP: Operation.SPLIT_COLUMNS on slice (81525, 2) (remaining tasks 4)
2025-04-22 15:20:34,764 [DEBUG]  		found 1 col clusters (in 0.11190 secs)
2025-04-22 15:20:34,764 [DEBUG]  OP: Operation.CREATE_LEAF on slice (114267, 1) (remaining tasks 4)
2025-04-22 15:20:34,777 [DEBUG]  		Due to histograms leaf size was reduced by 4.18%
2025-04-22 15:20:34,831 [DEBUG]  		 created leaf IdentityNumericLeaf for scope=[1] (in 0.06694 secs)
2025-04-22 15:20:34,831 [DEBUG]  OP: Operation.CREATE_LEAF on slice (114267, 1) (remaining tasks 3)
2025-04-22 15:20:34,844 [DEBUG]  		Due to histograms leaf size was reduced by 3.43%
2025-04-22 15:20:34,900 [DEBUG]  		 created leaf IdentityNumericLeaf for scope=[2] (in 0.06866 secs)
2025-04-22 15:20:34,920 [DEBUG]  OP: Operation.SPLIT_ROWS on slice (217113, 2) (remaining tasks 2)
2025-04-22 15:20:35,365 [DEBUG]  		found 2 row clusters (in 0.44425 secs)
2025-04-22 15:20:35,366 [DEBUG]  OP: Operation.SPLIT_ROWS on slice (21969, 2) (remaining tasks 3)
2025-04-22 15:20:35,465 [DEBUG]  		found 2 row clusters (in 0.09833 secs)
2025-04-22 15:20:35,469 [DEBUG]  OP: Operation.SPLIT_ROWS on slice (81525, 2) (remaining tasks 4)
2025-04-22 15:20:35,907 [DEBUG]  		found 2 row clusters (in 0.43768 secs)
2025-04-22 15:20:35,914 [DEBUG]  OP: Operation.SPLIT_COLUMNS on slice (120278, 2) (remaining tasks 5)
2025-04-22 15:20:36,023 [DEBUG]  		found 1 col clusters (in 0.10956 secs)
2025-04-22 15:20:36,033 [DEBUG]  OP: Operation.SPLIT_COLUMNS on slice (96835, 2) (remaining tasks 5)
2025-04-22 15:20:36,145 [DEBUG]  		found 1 col clusters (in 0.11208 secs)
2025-04-22 15:20:36,147 [DEBUG]  OP: Operation.SPLIT_COLUMNS on slice (12119, 2) (remaining tasks 5)
2025-04-22 15:20:36,258 [DEBUG]  		found 1 col clusters (in 0.11160 secs)
2025-04-22 15:20:36,260 [DEBUG]  OP: Operation.SPLIT_COLUMNS on slice (9850, 2) (remaining tasks 5)
2025-04-22 15:20:36,370 [DEBUG]  		found 1 col clusters (in 0.11023 secs)
2025-04-22 15:20:36,375 [DEBUG]  OP: Operation.SPLIT_COLUMNS on slice (49854, 2) (remaining tasks 5)
2025-04-22 15:20:36,487 [DEBUG]  		found 1 col clusters (in 0.11157 secs)
2025-04-22 15:20:36,491 [DEBUG]  OP: Operation.SPLIT_COLUMNS on slice (31671, 2) (remaining tasks 5)
2025-04-22 15:20:36,603 [DEBUG]  		found 1 col clusters (in 0.11196 secs)
2025-04-22 15:20:36,614 [DEBUG]  OP: Operation.SPLIT_ROWS on slice (120278, 2) (remaining tasks 5)
2025-04-22 15:20:37,175 [DEBUG]  		found 2 row clusters (in 0.56018 secs)
2025-04-22 15:20:37,180 [DEBUG]  OP: Operation.SPLIT_ROWS on slice (96835, 2) (remaining tasks 6)
2025-04-22 15:20:37,502 [DEBUG]  		found 2 row clusters (in 0.32244 secs)
2025-04-22 15:20:37,503 [DEBUG]  OP: Operation.SPLIT_ROWS on slice (12119, 2) (remaining tasks 7)
2025-04-22 15:20:37,588 [DEBUG]  		found 2 row clusters (in 0.08443 secs)
2025-04-22 15:20:37,589 [DEBUG]  OP: Operation.SPLIT_ROWS on slice (9850, 2) (remaining tasks 8)
2025-04-22 15:20:37,648 [DEBUG]  		found 2 row clusters (in 0.05913 secs)
2025-04-22 15:20:37,651 [DEBUG]  OP: Operation.SPLIT_ROWS on slice (49854, 2) (remaining tasks 9)
2025-04-22 15:20:37,900 [DEBUG]  		found 2 row clusters (in 0.24927 secs)
2025-04-22 15:20:37,902 [DEBUG]  OP: Operation.SPLIT_ROWS on slice (31671, 2) (remaining tasks 10)
2025-04-22 15:20:38,037 [DEBUG]  		found 2 row clusters (in 0.13491 secs)
2025-04-22 15:20:38,042 [DEBUG]  OP: Operation.SPLIT_COLUMNS on slice (81296, 2) (remaining tasks 11)
2025-04-22 15:20:38,151 [DEBUG]  		found 1 col clusters (in 0.10930 secs)
2025-04-22 15:20:38,156 [DEBUG]  OP: Operation.SPLIT_COLUMNS on slice (38982, 2) (remaining tasks 11)
2025-04-22 15:20:38,268 [DEBUG]  		found 1 col clusters (in 0.11212 secs)
2025-04-22 15:20:38,276 [DEBUG]  OP: Operation.SPLIT_COLUMNS on slice (88009, 2) (remaining tasks 11)
2025-04-22 15:20:38,389 [DEBUG]  		found 1 col clusters (in 0.11208 secs)
2025-04-22 15:20:38,390 [DEBUG]  OP: Operation.SPLIT_COLUMNS on slice (8826, 2) (remaining tasks 11)
2025-04-22 15:20:38,500 [DEBUG]  		found 1 col clusters (in 0.10973 secs)
2025-04-22 15:20:38,500 [DEBUG]  OP: Operation.NAIVE_FACTORIZATION on slice (3849, 2) (remaining tasks 11)
2025-04-22 15:20:38,606 [DEBUG]  		naive factorization 2 columns (in 0.10545 secs)
2025-04-22 15:20:38,607 [DEBUG]  OP: Operation.SPLIT_COLUMNS on slice (8270, 2) (remaining tasks 10)
2025-04-22 15:20:38,717 [DEBUG]  		found 1 col clusters (in 0.10922 secs)
2025-04-22 15:20:38,717 [DEBUG]  OP: Operation.SPLIT_COLUMNS on slice (4545, 2) (remaining tasks 10)
2025-04-22 15:20:38,825 [DEBUG]  		found 1 col clusters (in 0.10722 secs)
2025-04-22 15:20:38,826 [DEBUG]  OP: Operation.SPLIT_COLUMNS on slice (5305, 2) (remaining tasks 10)
2025-04-22 15:20:38,933 [DEBUG]  		found 2 col clusters (in 0.10757 secs)
2025-04-22 15:20:38,937 [DEBUG]  OP: Operation.SPLIT_COLUMNS on slice (34386, 2) (remaining tasks 11)
2025-04-22 15:20:39,049 [DEBUG]  		found 1 col clusters (in 0.11187 secs)
2025-04-22 15:20:39,051 [DEBUG]  OP: Operation.SPLIT_COLUMNS on slice (15468, 2) (remaining tasks 11)
2025-04-22 15:20:39,163 [DEBUG]  		found 1 col clusters (in 0.11166 secs)
2025-04-22 15:20:39,165 [DEBUG]  OP: Operation.SPLIT_COLUMNS on slice (13663, 2) (remaining tasks 11)
2025-04-22 15:20:39,277 [DEBUG]  		found 1 col clusters (in 0.11189 secs)
2025-04-22 15:20:39,279 [DEBUG]  OP: Operation.SPLIT_COLUMNS on slice (18008, 2) (remaining tasks 11)
2025-04-22 15:20:39,392 [DEBUG]  		found 1 col clusters (in 0.11190 secs)
2025-04-22 15:20:39,399 [DEBUG]  OP: Operation.SPLIT_ROWS on slice (81296, 2) (remaining tasks 11)
2025-04-22 15:20:39,938 [DEBUG]  		found 2 row clusters (in 0.53907 secs)
2025-04-22 15:20:39,941 [DEBUG]  OP: Operation.SPLIT_ROWS on slice (38982, 2) (remaining tasks 12)
2025-04-22 15:20:40,147 [DEBUG]  		found 2 row clusters (in 0.20586 secs)
2025-04-22 15:20:40,152 [DEBUG]  OP: Operation.SPLIT_ROWS on slice (88009, 2) (remaining tasks 13)
2025-04-22 15:20:40,499 [DEBUG]  		found 2 row clusters (in 0.34774 secs)
2025-04-22 15:20:40,500 [DEBUG]  OP: Operation.SPLIT_ROWS on slice (8826, 2) (remaining tasks 14)
2025-04-22 15:20:40,550 [DEBUG]  		found 2 row clusters (in 0.05004 secs)
2025-04-22 15:20:40,551 [DEBUG]  OP: Operation.SPLIT_ROWS on slice (8270, 2) (remaining tasks 15)
2025-04-22 15:20:40,617 [DEBUG]  		found 2 row clusters (in 0.06578 secs)
2025-04-22 15:20:40,617 [DEBUG]  OP: Operation.SPLIT_ROWS on slice (4545, 2) (remaining tasks 16)
2025-04-22 15:20:40,664 [DEBUG]  		found 2 row clusters (in 0.04659 secs)
2025-04-22 15:20:40,664 [DEBUG]  OP: Operation.CREATE_LEAF on slice (5305, 1) (remaining tasks 17)
2025-04-22 15:20:40,666 [DEBUG]  		 created leaf IdentityNumericLeaf for scope=[1] (in 0.00191 secs)
2025-04-22 15:20:40,666 [DEBUG]  OP: Operation.CREATE_LEAF on slice (5305, 1) (remaining tasks 16)
2025-04-22 15:20:40,668 [DEBUG]  		 created leaf IdentityNumericLeaf for scope=[2] (in 0.00207 secs)
2025-04-22 15:20:40,670 [DEBUG]  OP: Operation.SPLIT_ROWS on slice (34386, 2) (remaining tasks 15)
2025-04-22 15:20:40,808 [DEBUG]  		found 2 row clusters (in 0.13746 secs)
2025-04-22 15:20:40,809 [DEBUG]  OP: Operation.SPLIT_ROWS on slice (15468, 2) (remaining tasks 16)
2025-04-22 15:20:40,877 [DEBUG]  		found 2 row clusters (in 0.06837 secs)
2025-04-22 15:20:40,878 [DEBUG]  OP: Operation.SPLIT_ROWS on slice (13663, 2) (remaining tasks 17)
2025-04-22 15:20:40,932 [DEBUG]  		found 2 row clusters (in 0.05311 secs)
2025-04-22 15:20:40,933 [DEBUG]  OP: Operation.SPLIT_ROWS on slice (18008, 2) (remaining tasks 18)
2025-04-22 15:20:41,013 [DEBUG]  		found 2 row clusters (in 0.08040 secs)
2025-04-22 15:20:41,016 [DEBUG]  OP: Operation.SPLIT_COLUMNS on slice (39748, 2) (remaining tasks 19)
2025-04-22 15:20:41,125 [DEBUG]  		found 2 col clusters (in 0.10928 secs)
2025-04-22 15:20:41,129 [DEBUG]  OP: Operation.SPLIT_COLUMNS on slice (41548, 2) (remaining tasks 20)
2025-04-22 15:20:41,241 [DEBUG]  		found 1 col clusters (in 0.11168 secs)
2025-04-22 15:20:41,244 [DEBUG]  OP: Operation.SPLIT_COLUMNS on slice (19839, 2) (remaining tasks 20)
2025-04-22 15:20:41,356 [DEBUG]  		found 1 col clusters (in 0.11207 secs)
2025-04-22 15:20:41,358 [DEBUG]  OP: Operation.SPLIT_COLUMNS on slice (19143, 2) (remaining tasks 20)
2025-04-22 15:20:41,470 [DEBUG]  		found 1 col clusters (in 0.11185 secs)
2025-04-22 15:20:41,474 [DEBUG]  OP: Operation.SPLIT_COLUMNS on slice (38408, 2) (remaining tasks 20)
2025-04-22 15:20:41,586 [DEBUG]  		found 1 col clusters (in 0.11185 secs)
2025-04-22 15:20:41,591 [DEBUG]  OP: Operation.SPLIT_COLUMNS on slice (49601, 2) (remaining tasks 20)
2025-04-22 15:20:41,703 [DEBUG]  		found 1 col clusters (in 0.11170 secs)
2025-04-22 15:20:41,704 [DEBUG]  OP: Operation.NAIVE_FACTORIZATION on slice (2959, 2) (remaining tasks 20)
2025-04-22 15:20:41,798 [DEBUG]  		naive factorization 2 columns (in 0.09393 secs)
2025-04-22 15:20:41,799 [DEBUG]  OP: Operation.SPLIT_COLUMNS on slice (5867, 2) (remaining tasks 19)
2025-04-22 15:20:41,905 [DEBUG]  		found 1 col clusters (in 0.10649 secs)
2025-04-22 15:20:41,906 [DEBUG]  OP: Operation.NAIVE_FACTORIZATION on slice (2842, 2) (remaining tasks 19)
2025-04-22 15:20:42,001 [DEBUG]  		naive factorization 2 columns (in 0.09479 secs)
2025-04-22 15:20:42,002 [DEBUG]  OP: Operation.SPLIT_COLUMNS on slice (5428, 2) (remaining tasks 18)
2025-04-22 15:20:42,110 [DEBUG]  		found 1 col clusters (in 0.10792 secs)
2025-04-22 15:20:42,111 [DEBUG]  OP: Operation.NAIVE_FACTORIZATION on slice (2875, 2) (remaining tasks 18)
2025-04-22 15:20:42,207 [DEBUG]  		naive factorization 2 columns (in 0.09554 secs)
2025-04-22 15:20:42,207 [DEBUG]  OP: Operation.NAIVE_FACTORIZATION on slice (1670, 2) (remaining tasks 17)
2025-04-22 15:20:42,220 [DEBUG]  		naive factorization 2 columns (in 0.01264 secs)
2025-04-22 15:20:42,221 [DEBUG]  OP: Operation.SPLIT_COLUMNS on slice (28227, 2) (remaining tasks 16)
2025-04-22 15:20:42,332 [DEBUG]  		found 1 col clusters (in 0.11089 secs)
2025-04-22 15:20:42,333 [DEBUG]  OP: Operation.SPLIT_COLUMNS on slice (6159, 2) (remaining tasks 16)
2025-04-22 15:20:42,442 [DEBUG]  		found 1 col clusters (in 0.10814 secs)
2025-04-22 15:20:42,443 [DEBUG]  OP: Operation.SPLIT_COLUMNS on slice (8713, 2) (remaining tasks 16)
2025-04-22 15:20:42,555 [DEBUG]  		found 1 col clusters (in 0.11191 secs)
2025-04-22 15:20:42,556 [DEBUG]  OP: Operation.SPLIT_COLUMNS on slice (6755, 2) (remaining tasks 16)
2025-04-22 15:20:42,665 [DEBUG]  		found 1 col clusters (in 0.10857 secs)
2025-04-22 15:20:42,666 [DEBUG]  OP: Operation.SPLIT_COLUMNS on slice (7515, 2) (remaining tasks 16)
2025-04-22 15:20:42,776 [DEBUG]  		found 1 col clusters (in 0.10911 secs)
2025-04-22 15:20:42,776 [DEBUG]  OP: Operation.SPLIT_COLUMNS on slice (6148, 2) (remaining tasks 16)
2025-04-22 15:20:42,885 [DEBUG]  		found 1 col clusters (in 0.10828 secs)
2025-04-22 15:20:42,888 [DEBUG]  OP: Operation.SPLIT_COLUMNS on slice (16704, 2) (remaining tasks 16)
2025-04-22 15:20:43,004 [DEBUG]  		found 1 col clusters (in 0.11580 secs)
2025-04-22 15:20:43,004 [DEBUG]  OP: Operation.NAIVE_FACTORIZATION on slice (1304, 2) (remaining tasks 16)
2025-04-22 15:20:43,016 [DEBUG]  		naive factorization 2 columns (in 0.01154 secs)
2025-04-22 15:20:43,016 [DEBUG]  OP: Operation.CREATE_LEAF on slice (39748, 1) (remaining tasks 15)
2025-04-22 15:20:43,039 [DEBUG]  		 created leaf IdentityNumericLeaf for scope=[1] (in 0.02279 secs)
2025-04-22 15:20:43,039 [DEBUG]  OP: Operation.CREATE_LEAF on slice (39748, 1) (remaining tasks 14)
2025-04-22 15:20:43,062 [DEBUG]  		 created leaf IdentityNumericLeaf for scope=[2] (in 0.02292 secs)
2025-04-22 15:20:43,066 [DEBUG]  OP: Operation.SPLIT_ROWS on slice (41548, 2) (remaining tasks 13)
2025-04-22 15:20:43,320 [DEBUG]  		found 2 row clusters (in 0.25377 secs)
2025-04-22 15:20:43,322 [DEBUG]  OP: Operation.SPLIT_ROWS on slice (19839, 2) (remaining tasks 14)
2025-04-22 15:20:43,406 [DEBUG]  		found 2 row clusters (in 0.08423 secs)
2025-04-22 15:20:43,407 [DEBUG]  OP: Operation.SPLIT_ROWS on slice (19143, 2) (remaining tasks 15)
2025-04-22 15:20:43,495 [DEBUG]  		found 2 row clusters (in 0.08728 secs)
2025-04-22 15:20:43,497 [DEBUG]  OP: Operation.SPLIT_ROWS on slice (38408, 2) (remaining tasks 16)
2025-04-22 15:20:43,706 [DEBUG]  		found 2 row clusters (in 0.20869 secs)
2025-04-22 15:20:43,709 [DEBUG]  OP: Operation.SPLIT_ROWS on slice (49601, 2) (remaining tasks 17)
2025-04-22 15:20:43,932 [DEBUG]  		found 2 row clusters (in 0.22340 secs)
2025-04-22 15:20:43,933 [DEBUG]  OP: Operation.SPLIT_ROWS on slice (5867, 2) (remaining tasks 18)
2025-04-22 15:20:43,970 [DEBUG]  		found 2 row clusters (in 0.03685 secs)
2025-04-22 15:20:43,970 [DEBUG]  OP: Operation.SPLIT_ROWS on slice (5428, 2) (remaining tasks 19)
2025-04-22 15:20:44,005 [DEBUG]  		found 2 row clusters (in 0.03500 secs)
2025-04-22 15:20:44,007 [DEBUG]  OP: Operation.SPLIT_ROWS on slice (28227, 2) (remaining tasks 20)
2025-04-22 15:20:44,111 [DEBUG]  		found 2 row clusters (in 0.10379 secs)
2025-04-22 15:20:44,112 [DEBUG]  OP: Operation.SPLIT_ROWS on slice (6159, 2) (remaining tasks 21)
2025-04-22 15:20:44,190 [DEBUG]  		found 2 row clusters (in 0.07780 secs)
2025-04-22 15:20:44,190 [DEBUG]  OP: Operation.SPLIT_ROWS on slice (8713, 2) (remaining tasks 22)
2025-04-22 15:20:44,237 [DEBUG]  		found 2 row clusters (in 0.04652 secs)
2025-04-22 15:20:44,238 [DEBUG]  OP: Operation.SPLIT_ROWS on slice (6755, 2) (remaining tasks 23)
2025-04-22 15:20:44,286 [DEBUG]  		found 2 row clusters (in 0.04844 secs)
2025-04-22 15:20:44,287 [DEBUG]  OP: Operation.SPLIT_ROWS on slice (7515, 2) (remaining tasks 24)
2025-04-22 15:20:44,319 [DEBUG]  		found 2 row clusters (in 0.03248 secs)
2025-04-22 15:20:44,320 [DEBUG]  OP: Operation.SPLIT_ROWS on slice (6148, 2) (remaining tasks 25)
2025-04-22 15:20:44,348 [DEBUG]  		found 2 row clusters (in 0.02831 secs)
2025-04-22 15:20:44,349 [DEBUG]  OP: Operation.SPLIT_ROWS on slice (16704, 2) (remaining tasks 26)
2025-04-22 15:20:44,415 [DEBUG]  		found 2 row clusters (in 0.06555 secs)
2025-04-22 15:20:44,416 [DEBUG]  OP: Operation.SPLIT_COLUMNS on slice (12318, 2) (remaining tasks 27)
2025-04-22 15:20:44,525 [DEBUG]  		found 1 col clusters (in 0.10922 secs)
2025-04-22 15:20:44,528 [DEBUG]  OP: Operation.SPLIT_COLUMNS on slice (29230, 2) (remaining tasks 27)
2025-04-22 15:20:44,640 [DEBUG]  		found 1 col clusters (in 0.11204 secs)
2025-04-22 15:20:44,642 [DEBUG]  OP: Operation.SPLIT_COLUMNS on slice (8415, 2) (remaining tasks 27)
2025-04-22 15:20:44,751 [DEBUG]  		found 1 col clusters (in 0.10949 secs)
2025-04-22 15:20:44,753 [DEBUG]  OP: Operation.SPLIT_COLUMNS on slice (11424, 2) (remaining tasks 27)
2025-04-22 15:20:44,865 [DEBUG]  		found 1 col clusters (in 0.11175 secs)
2025-04-22 15:20:44,866 [DEBUG]  OP: Operation.SPLIT_COLUMNS on slice (8701, 2) (remaining tasks 27)
2025-04-22 15:20:44,976 [DEBUG]  		found 1 col clusters (in 0.10963 secs)
2025-04-22 15:20:44,977 [DEBUG]  OP: Operation.SPLIT_COLUMNS on slice (10442, 2) (remaining tasks 27)
2025-04-22 15:20:45,089 [DEBUG]  		found 1 col clusters (in 0.11167 secs)
2025-04-22 15:20:45,091 [DEBUG]  OP: Operation.SPLIT_COLUMNS on slice (15704, 2) (remaining tasks 27)
2025-04-22 15:20:45,203 [DEBUG]  		found 1 col clusters (in 0.11160 secs)
2025-04-22 15:20:45,206 [DEBUG]  OP: Operation.SPLIT_COLUMNS on slice (22704, 2) (remaining tasks 27)
2025-04-22 15:20:45,318 [DEBUG]  		found 2 col clusters (in 0.11151 secs)
2025-04-22 15:20:45,321 [DEBUG]  OP: Operation.SPLIT_COLUMNS on slice (29560, 2) (remaining tasks 28)
2025-04-22 15:20:45,433 [DEBUG]  		found 1 col clusters (in 0.11163 secs)
2025-04-22 15:20:45,435 [DEBUG]  OP: Operation.SPLIT_COLUMNS on slice (20041, 2) (remaining tasks 28)
2025-04-22 15:20:45,548 [DEBUG]  		found 1 col clusters (in 0.11219 secs)
2025-04-22 15:20:45,549 [DEBUG]  OP: Operation.NAIVE_FACTORIZATION on slice (2881, 2) (remaining tasks 28)
2025-04-22 15:20:45,644 [DEBUG]  		naive factorization 2 columns (in 0.09508 secs)
2025-04-22 15:20:45,645 [DEBUG]  OP: Operation.NAIVE_FACTORIZATION on slice (2986, 2) (remaining tasks 27)
2025-04-22 15:20:45,721 [DEBUG]  		naive factorization 2 columns (in 0.07536 secs)
2025-04-22 15:20:45,721 [DEBUG]  OP: Operation.NAIVE_FACTORIZATION on slice (3548, 2) (remaining tasks 26)
2025-04-22 15:20:45,813 [DEBUG]  		naive factorization 2 columns (in 0.09188 secs)
2025-04-22 15:20:45,814 [DEBUG]  OP: Operation.NAIVE_FACTORIZATION on slice (1880, 2) (remaining tasks 25)
2025-04-22 15:20:45,905 [DEBUG]  		naive factorization 2 columns (in 0.09075 secs)
2025-04-22 15:20:45,906 [DEBUG]  OP: Operation.SPLIT_COLUMNS on slice (4640, 2) (remaining tasks 24)
2025-04-22 15:20:46,021 [DEBUG]  		found 1 col clusters (in 0.11482 secs)
2025-04-22 15:20:46,024 [DEBUG]  OP: Operation.SPLIT_COLUMNS on slice (23587, 2) (remaining tasks 24)
2025-04-22 15:20:46,140 [DEBUG]  		found 1 col clusters (in 0.11572 secs)
2025-04-22 15:20:46,141 [DEBUG]  OP: Operation.NAIVE_FACTORIZATION on slice (3701, 2) (remaining tasks 24)
2025-04-22 15:20:46,241 [DEBUG]  		naive factorization 2 columns (in 0.09977 secs)
2025-04-22 15:20:46,242 [DEBUG]  OP: Operation.NAIVE_FACTORIZATION on slice (2458, 2) (remaining tasks 23)
2025-04-22 15:20:46,315 [DEBUG]  		naive factorization 2 columns (in 0.07277 secs)
2025-04-22 15:20:46,316 [DEBUG]  OP: Operation.SPLIT_COLUMNS on slice (5359, 2) (remaining tasks 22)
2025-04-22 15:20:46,424 [DEBUG]  		found 1 col clusters (in 0.10863 secs)
2025-04-22 15:20:46,425 [DEBUG]  OP: Operation.NAIVE_FACTORIZATION on slice (3354, 2) (remaining tasks 22)
2025-04-22 15:20:46,521 [DEBUG]  		naive factorization 2 columns (in 0.09569 secs)
2025-04-22 15:20:46,522 [DEBUG]  OP: Operation.NAIVE_FACTORIZATION on slice (2402, 2) (remaining tasks 21)
2025-04-22 15:20:46,614 [DEBUG]  		naive factorization 2 columns (in 0.09208 secs)
2025-04-22 15:20:46,615 [DEBUG]  OP: Operation.SPLIT_COLUMNS on slice (4353, 2) (remaining tasks 20)
2025-04-22 15:20:46,723 [DEBUG]  		found 1 col clusters (in 0.10835 secs)
2025-04-22 15:20:46,724 [DEBUG]  OP: Operation.SPLIT_COLUMNS on slice (5010, 2) (remaining tasks 20)
2025-04-22 15:20:46,832 [DEBUG]  		found 1 col clusters (in 0.10772 secs)
2025-04-22 15:20:46,832 [DEBUG]  OP: Operation.NAIVE_FACTORIZATION on slice (2505, 2) (remaining tasks 20)
2025-04-22 15:20:46,925 [DEBUG]  		naive factorization 2 columns (in 0.09255 secs)
2025-04-22 15:20:46,926 [DEBUG]  OP: Operation.NAIVE_FACTORIZATION on slice (2516, 2) (remaining tasks 19)
2025-04-22 15:20:46,937 [DEBUG]  		naive factorization 2 columns (in 0.01102 secs)
2025-04-22 15:20:46,937 [DEBUG]  OP: Operation.NAIVE_FACTORIZATION on slice (3632, 2) (remaining tasks 18)
2025-04-22 15:20:46,954 [DEBUG]  		naive factorization 2 columns (in 0.01665 secs)
2025-04-22 15:20:46,956 [DEBUG]  OP: Operation.SPLIT_COLUMNS on slice (12350, 2) (remaining tasks 17)
2025-04-22 15:20:47,076 [DEBUG]  		found 1 col clusters (in 0.11969 secs)
2025-04-22 15:20:47,077 [DEBUG]  OP: Operation.SPLIT_COLUMNS on slice (4354, 2) (remaining tasks 17)
2025-04-22 15:20:47,184 [DEBUG]  		found 1 col clusters (in 0.10730 secs)
2025-04-22 15:20:47,186 [DEBUG]  OP: Operation.SPLIT_ROWS on slice (12318, 2) (remaining tasks 17)
2025-04-22 15:20:47,305 [DEBUG]  		found 2 row clusters (in 0.11920 secs)
2025-04-22 15:20:47,308 [DEBUG]  OP: Operation.SPLIT_ROWS on slice (29230, 2) (remaining tasks 18)
2025-04-22 15:20:47,547 [DEBUG]  		found 2 row clusters (in 0.23927 secs)
2025-04-22 15:20:47,548 [DEBUG]  OP: Operation.SPLIT_ROWS on slice (8415, 2) (remaining tasks 19)
2025-04-22 15:20:47,598 [DEBUG]  		found 2 row clusters (in 0.04947 secs)
2025-04-22 15:20:47,598 [DEBUG]  OP: Operation.SPLIT_ROWS on slice (11424, 2) (remaining tasks 20)
2025-04-22 15:20:47,673 [DEBUG]  		found 2 row clusters (in 0.07410 secs)
2025-04-22 15:20:47,673 [DEBUG]  OP: Operation.SPLIT_ROWS on slice (8701, 2) (remaining tasks 21)
2025-04-22 15:20:47,725 [DEBUG]  		found 2 row clusters (in 0.05157 secs)
2025-04-22 15:20:47,726 [DEBUG]  OP: Operation.SPLIT_ROWS on slice (10442, 2) (remaining tasks 22)
2025-04-22 15:20:47,776 [DEBUG]  		found 2 row clusters (in 0.04996 secs)
2025-04-22 15:20:47,777 [DEBUG]  OP: Operation.SPLIT_ROWS on slice (15704, 2) (remaining tasks 23)
2025-04-22 15:20:47,836 [DEBUG]  		found 2 row clusters (in 0.05858 secs)
2025-04-22 15:20:47,836 [DEBUG]  OP: Operation.CREATE_LEAF on slice (22704, 1) (remaining tasks 24)
2025-04-22 15:20:47,844 [DEBUG]  		 created leaf IdentityNumericLeaf for scope=[1] (in 0.00816 secs)
2025-04-22 15:20:47,844 [DEBUG]  OP: Operation.CREATE_LEAF on slice (22704, 1) (remaining tasks 23)
2025-04-22 15:20:47,852 [DEBUG]  		 created leaf IdentityNumericLeaf for scope=[2] (in 0.00824 secs)
2025-04-22 15:20:47,854 [DEBUG]  OP: Operation.SPLIT_ROWS on slice (29560, 2) (remaining tasks 22)
2025-04-22 15:20:47,961 [DEBUG]  		found 2 row clusters (in 0.10663 secs)
2025-04-22 15:20:47,962 [DEBUG]  OP: Operation.SPLIT_ROWS on slice (20041, 2) (remaining tasks 23)
2025-04-22 15:20:48,075 [DEBUG]  		found 2 row clusters (in 0.11235 secs)
2025-04-22 15:20:48,075 [DEBUG]  OP: Operation.SPLIT_ROWS on slice (4640, 2) (remaining tasks 24)
2025-04-22 15:20:48,126 [DEBUG]  		found 2 row clusters (in 0.05030 secs)
2025-04-22 15:20:48,127 [DEBUG]  OP: Operation.SPLIT_ROWS on slice (23587, 2) (remaining tasks 25)
2025-04-22 15:20:48,258 [DEBUG]  		found 2 row clusters (in 0.13025 secs)
2025-04-22 15:20:48,258 [DEBUG]  OP: Operation.SPLIT_ROWS on slice (5359, 2) (remaining tasks 26)
2025-04-22 15:20:48,321 [DEBUG]  		found 2 row clusters (in 0.06323 secs)
2025-04-22 15:20:48,322 [DEBUG]  OP: Operation.SPLIT_ROWS on slice (4353, 2) (remaining tasks 27)
2025-04-22 15:20:48,354 [DEBUG]  		found 2 row clusters (in 0.03203 secs)
2025-04-22 15:20:48,355 [DEBUG]  OP: Operation.SPLIT_ROWS on slice (5010, 2) (remaining tasks 28)
2025-04-22 15:20:48,390 [DEBUG]  		found 2 row clusters (in 0.03507 secs)
2025-04-22 15:20:48,391 [DEBUG]  OP: Operation.SPLIT_ROWS on slice (12350, 2) (remaining tasks 29)
2025-04-22 15:20:48,454 [DEBUG]  		found 2 row clusters (in 0.06334 secs)
2025-04-22 15:20:48,455 [DEBUG]  OP: Operation.SPLIT_ROWS on slice (4354, 2) (remaining tasks 30)
2025-04-22 15:20:48,480 [DEBUG]  		found 2 row clusters (in 0.02495 secs)
2025-04-22 15:20:48,480 [DEBUG]  OP: Operation.SPLIT_COLUMNS on slice (5928, 2) (remaining tasks 31)
2025-04-22 15:20:48,587 [DEBUG]  		found 1 col clusters (in 0.10690 secs)
2025-04-22 15:20:48,588 [DEBUG]  OP: Operation.SPLIT_COLUMNS on slice (6390, 2) (remaining tasks 31)
2025-04-22 15:20:48,697 [DEBUG]  		found 1 col clusters (in 0.10846 secs)
2025-04-22 15:20:48,699 [DEBUG]  OP: Operation.SPLIT_COLUMNS on slice (18382, 2) (remaining tasks 31)
2025-04-22 15:20:48,811 [DEBUG]  		found 1 col clusters (in 0.11255 secs)
2025-04-22 15:20:48,813 [DEBUG]  OP: Operation.SPLIT_COLUMNS on slice (10848, 2) (remaining tasks 31)
2025-04-22 15:20:48,925 [DEBUG]  		found 1 col clusters (in 0.11173 secs)
2025-04-22 15:20:48,926 [DEBUG]  OP: Operation.SPLIT_COLUMNS on slice (4540, 2) (remaining tasks 31)
2025-04-22 15:20:49,033 [DEBUG]  		found 1 col clusters (in 0.10719 secs)
2025-04-22 15:20:49,034 [DEBUG]  OP: Operation.NAIVE_FACTORIZATION on slice (3875, 2) (remaining tasks 31)
2025-04-22 15:20:49,053 [DEBUG]  		naive factorization 2 columns (in 0.01920 secs)
2025-04-22 15:20:49,054 [DEBUG]  OP: Operation.SPLIT_COLUMNS on slice (7489, 2) (remaining tasks 30)
2025-04-22 15:20:49,163 [DEBUG]  		found 1 col clusters (in 0.10896 secs)
2025-04-22 15:20:49,164 [DEBUG]  OP: Operation.NAIVE_FACTORIZATION on slice (3935, 2) (remaining tasks 30)
2025-04-22 15:20:49,187 [DEBUG]  		naive factorization 2 columns (in 0.02226 secs)
2025-04-22 15:20:49,187 [DEBUG]  OP: Operation.NAIVE_FACTORIZATION on slice (3568, 2) (remaining tasks 29)
2025-04-22 15:20:49,301 [DEBUG]  		naive factorization 2 columns (in 0.11375 secs)
2025-04-22 15:20:49,302 [DEBUG]  OP: Operation.SPLIT_COLUMNS on slice (5133, 2) (remaining tasks 28)
2025-04-22 15:20:49,409 [DEBUG]  		found 1 col clusters (in 0.10704 secs)
2025-04-22 15:20:49,410 [DEBUG]  OP: Operation.SPLIT_COLUMNS on slice (5669, 2) (remaining tasks 28)
2025-04-22 15:20:49,522 [DEBUG]  		found 1 col clusters (in 0.11087 secs)
2025-04-22 15:20:49,522 [DEBUG]  OP: Operation.SPLIT_COLUMNS on slice (4773, 2) (remaining tasks 28)
2025-04-22 15:20:49,630 [DEBUG]  		found 1 col clusters (in 0.10715 secs)
2025-04-22 15:20:49,631 [DEBUG]  OP: Operation.SPLIT_COLUMNS on slice (9928, 2) (remaining tasks 28)
2025-04-22 15:20:49,741 [DEBUG]  		found 1 col clusters (in 0.11041 secs)
2025-04-22 15:20:49,742 [DEBUG]  OP: Operation.SPLIT_COLUMNS on slice (5776, 2) (remaining tasks 28)
2025-04-22 15:20:49,850 [DEBUG]  		found 1 col clusters (in 0.10794 secs)
2025-04-22 15:20:49,852 [DEBUG]  OP: Operation.SPLIT_COLUMNS on slice (14497, 2) (remaining tasks 28)
2025-04-22 15:20:49,964 [DEBUG]  		found 1 col clusters (in 0.11163 secs)
2025-04-22 15:20:49,966 [DEBUG]  OP: Operation.SPLIT_COLUMNS on slice (15063, 2) (remaining tasks 28)
2025-04-22 15:20:50,077 [DEBUG]  		found 2 col clusters (in 0.11137 secs)
2025-04-22 15:20:50,079 [DEBUG]  OP: Operation.SPLIT_COLUMNS on slice (9655, 2) (remaining tasks 29)
2025-04-22 15:20:50,189 [DEBUG]  		found 1 col clusters (in 0.11013 secs)
2025-04-22 15:20:50,191 [DEBUG]  OP: Operation.SPLIT_COLUMNS on slice (10386, 2) (remaining tasks 29)
2025-04-22 15:20:50,302 [DEBUG]  		found 1 col clusters (in 0.11144 secs)
2025-04-22 15:20:50,303 [DEBUG]  OP: Operation.NAIVE_FACTORIZATION on slice (2325, 2) (remaining tasks 29)
2025-04-22 15:20:50,425 [DEBUG]  		naive factorization 2 columns (in 0.12217 secs)
2025-04-22 15:20:50,426 [DEBUG]  OP: Operation.NAIVE_FACTORIZATION on slice (2315, 2) (remaining tasks 28)
2025-04-22 15:20:50,435 [DEBUG]  		naive factorization 2 columns (in 0.00933 secs)
2025-04-22 15:20:50,436 [DEBUG]  OP: Operation.SPLIT_COLUMNS on slice (20626, 2) (remaining tasks 27)
2025-04-22 15:20:50,546 [DEBUG]  		found 1 col clusters (in 0.10927 secs)
2025-04-22 15:20:50,546 [DEBUG]  OP: Operation.NAIVE_FACTORIZATION on slice (2961, 2) (remaining tasks 27)
2025-04-22 15:20:50,563 [DEBUG]  		naive factorization 2 columns (in 0.01616 secs)
2025-04-22 15:20:50,563 [DEBUG]  OP: Operation.NAIVE_FACTORIZATION on slice (890, 2) (remaining tasks 26)
2025-04-22 15:20:50,569 [DEBUG]  		naive factorization 2 columns (in 0.00545 secs)
2025-04-22 15:20:50,570 [DEBUG]  OP: Operation.SPLIT_COLUMNS on slice (4469, 2) (remaining tasks 25)
2025-04-22 15:20:50,677 [DEBUG]  		found 1 col clusters (in 0.10714 secs)
2025-04-22 15:20:50,678 [DEBUG]  OP: Operation.NAIVE_FACTORIZATION on slice (2019, 2) (remaining tasks 25)
2025-04-22 15:20:50,688 [DEBUG]  		naive factorization 2 columns (in 0.01056 secs)
2025-04-22 15:20:50,689 [DEBUG]  OP: Operation.NAIVE_FACTORIZATION on slice (2334, 2) (remaining tasks 24)
2025-04-22 15:20:50,699 [DEBUG]  		naive factorization 2 columns (in 0.00987 secs)
2025-04-22 15:20:50,699 [DEBUG]  OP: Operation.NAIVE_FACTORIZATION on slice (2248, 2) (remaining tasks 23)
2025-04-22 15:20:50,709 [DEBUG]  		naive factorization 2 columns (in 0.00959 secs)
2025-04-22 15:20:50,709 [DEBUG]  OP: Operation.NAIVE_FACTORIZATION on slice (2762, 2) (remaining tasks 22)
2025-04-22 15:20:50,723 [DEBUG]  		naive factorization 2 columns (in 0.01337 secs)
2025-04-22 15:20:50,724 [DEBUG]  OP: Operation.SPLIT_COLUMNS on slice (10022, 2) (remaining tasks 21)
2025-04-22 15:20:50,836 [DEBUG]  		found 1 col clusters (in 0.11199 secs)
2025-04-22 15:20:50,837 [DEBUG]  OP: Operation.NAIVE_FACTORIZATION on slice (2328, 2) (remaining tasks 21)
2025-04-22 15:20:50,849 [DEBUG]  		naive factorization 2 columns (in 0.01206 secs)
2025-04-22 15:20:50,849 [DEBUG]  OP: Operation.NAIVE_FACTORIZATION on slice (1786, 2) (remaining tasks 20)
2025-04-22 15:20:50,859 [DEBUG]  		naive factorization 2 columns (in 0.00923 secs)
2025-04-22 15:20:50,859 [DEBUG]  OP: Operation.NAIVE_FACTORIZATION on slice (2568, 2) (remaining tasks 19)
2025-04-22 15:20:50,882 [DEBUG]  		naive factorization 2 columns (in 0.02237 secs)
2025-04-22 15:20:50,883 [DEBUG]  OP: Operation.SPLIT_ROWS on slice (5928, 2) (remaining tasks 18)
2025-04-22 15:20:50,962 [DEBUG]  		found 2 row clusters (in 0.07839 secs)
2025-04-22 15:20:50,962 [DEBUG]  OP: Operation.SPLIT_ROWS on slice (6390, 2) (remaining tasks 19)
2025-04-22 15:20:50,993 [DEBUG]  		found 2 row clusters (in 0.03072 secs)
2025-04-22 15:20:50,994 [DEBUG]  OP: Operation.SPLIT_ROWS on slice (18382, 2) (remaining tasks 20)
2025-04-22 15:20:51,111 [DEBUG]  		found 2 row clusters (in 0.11699 secs)
2025-04-22 15:20:51,112 [DEBUG]  OP: Operation.SPLIT_ROWS on slice (10848, 2) (remaining tasks 21)
2025-04-22 15:20:51,240 [DEBUG]  		found 2 row clusters (in 0.12847 secs)
2025-04-22 15:20:51,241 [DEBUG]  OP: Operation.SPLIT_ROWS on slice (4540, 2) (remaining tasks 22)
2025-04-22 15:20:51,272 [DEBUG]  		found 2 row clusters (in 0.03124 secs)
2025-04-22 15:20:51,273 [DEBUG]  OP: Operation.SPLIT_ROWS on slice (7489, 2) (remaining tasks 23)
2025-04-22 15:20:51,315 [DEBUG]  		found 2 row clusters (in 0.04232 secs)
2025-04-22 15:20:51,316 [DEBUG]  OP: Operation.SPLIT_ROWS on slice (5133, 2) (remaining tasks 24)
2025-04-22 15:20:51,349 [DEBUG]  		found 2 row clusters (in 0.03263 secs)
2025-04-22 15:20:51,349 [DEBUG]  OP: Operation.SPLIT_ROWS on slice (5669, 2) (remaining tasks 25)
2025-04-22 15:20:51,395 [DEBUG]  		found 2 row clusters (in 0.04628 secs)
2025-04-22 15:20:51,396 [DEBUG]  OP: Operation.SPLIT_ROWS on slice (4773, 2) (remaining tasks 26)
2025-04-22 15:20:51,432 [DEBUG]  		found 2 row clusters (in 0.03603 secs)
2025-04-22 15:20:51,433 [DEBUG]  OP: Operation.SPLIT_ROWS on slice (9928, 2) (remaining tasks 27)
2025-04-22 15:20:51,480 [DEBUG]  		found 2 row clusters (in 0.04685 secs)
2025-04-22 15:20:51,480 [DEBUG]  OP: Operation.SPLIT_ROWS on slice (5776, 2) (remaining tasks 28)
2025-04-22 15:20:51,519 [DEBUG]  		found 2 row clusters (in 0.03887 secs)
2025-04-22 15:20:51,520 [DEBUG]  OP: Operation.SPLIT_ROWS on slice (14497, 2) (remaining tasks 29)
2025-04-22 15:20:51,602 [DEBUG]  		found 2 row clusters (in 0.08230 secs)
2025-04-22 15:20:51,602 [DEBUG]  OP: Operation.CREATE_LEAF on slice (15063, 1) (remaining tasks 30)
2025-04-22 15:20:51,608 [DEBUG]  		 created leaf IdentityNumericLeaf for scope=[1] (in 0.00561 secs)
2025-04-22 15:20:51,608 [DEBUG]  OP: Operation.CREATE_LEAF on slice (15063, 1) (remaining tasks 29)
2025-04-22 15:20:51,614 [DEBUG]  		 created leaf IdentityNumericLeaf for scope=[2] (in 0.00564 secs)
2025-04-22 15:20:51,615 [DEBUG]  OP: Operation.SPLIT_ROWS on slice (9655, 2) (remaining tasks 28)
2025-04-22 15:20:51,680 [DEBUG]  		found 2 row clusters (in 0.06561 secs)
2025-04-22 15:20:51,681 [DEBUG]  OP: Operation.SPLIT_ROWS on slice (10386, 2) (remaining tasks 29)
2025-04-22 15:20:51,742 [DEBUG]  		found 2 row clusters (in 0.06108 secs)
2025-04-22 15:20:51,743 [DEBUG]  OP: Operation.SPLIT_ROWS on slice (20626, 2) (remaining tasks 30)
2025-04-22 15:20:51,905 [DEBUG]  		found 2 row clusters (in 0.16137 secs)
2025-04-22 15:20:51,905 [DEBUG]  OP: Operation.SPLIT_ROWS on slice (4469, 2) (remaining tasks 31)
2025-04-22 15:20:51,943 [DEBUG]  		found 2 row clusters (in 0.03773 secs)
2025-04-22 15:20:51,944 [DEBUG]  OP: Operation.SPLIT_ROWS on slice (10022, 2) (remaining tasks 32)
2025-04-22 15:20:52,028 [DEBUG]  		found 2 row clusters (in 0.08394 secs)
2025-04-22 15:20:52,028 [DEBUG]  OP: Operation.NAIVE_FACTORIZATION on slice (3250, 2) (remaining tasks 33)
2025-04-22 15:20:52,045 [DEBUG]  		naive factorization 2 columns (in 0.01697 secs)
2025-04-22 15:20:52,046 [DEBUG]  OP: Operation.NAIVE_FACTORIZATION on slice (2678, 2) (remaining tasks 32)
2025-04-22 15:20:52,060 [DEBUG]  		naive factorization 2 columns (in 0.01361 secs)
2025-04-22 15:20:52,060 [DEBUG]  OP: Operation.NAIVE_FACTORIZATION on slice (2772, 2) (remaining tasks 31)
2025-04-22 15:20:52,075 [DEBUG]  		naive factorization 2 columns (in 0.01406 secs)
2025-04-22 15:20:52,075 [DEBUG]  OP: Operation.NAIVE_FACTORIZATION on slice (3618, 2) (remaining tasks 30)
2025-04-22 15:20:52,090 [DEBUG]  		naive factorization 2 columns (in 0.01456 secs)
2025-04-22 15:20:52,091 [DEBUG]  OP: Operation.SPLIT_COLUMNS on slice (7025, 2) (remaining tasks 29)
2025-04-22 15:20:52,200 [DEBUG]  		found 1 col clusters (in 0.10932 secs)
2025-04-22 15:20:52,202 [DEBUG]  OP: Operation.SPLIT_COLUMNS on slice (11357, 2) (remaining tasks 29)
2025-04-22 15:20:52,314 [DEBUG]  		found 1 col clusters (in 0.11184 secs)
2025-04-22 15:20:52,314 [DEBUG]  OP: Operation.NAIVE_FACTORIZATION on slice (2378, 2) (remaining tasks 29)
2025-04-22 15:20:52,326 [DEBUG]  		naive factorization 2 columns (in 0.01197 secs)
2025-04-22 15:20:52,328 [DEBUG]  OP: Operation.SPLIT_COLUMNS on slice (8470, 2) (remaining tasks 28)
2025-04-22 15:20:52,437 [DEBUG]  		found 1 col clusters (in 0.10968 secs)
2025-04-22 15:20:52,438 [DEBUG]  OP: Operation.NAIVE_FACTORIZATION on slice (1040, 2) (remaining tasks 28)
2025-04-22 15:20:52,449 [DEBUG]  		naive factorization 2 columns (in 0.01029 secs)
2025-04-22 15:20:52,449 [DEBUG]  OP: Operation.NAIVE_FACTORIZATION on slice (3500, 2) (remaining tasks 27)
2025-04-22 15:20:52,467 [DEBUG]  		naive factorization 2 columns (in 0.01724 secs)
2025-04-22 15:20:52,468 [DEBUG]  OP: Operation.SPLIT_COLUMNS on slice (6206, 2) (remaining tasks 26)
2025-04-22 15:20:52,576 [DEBUG]  		found 1 col clusters (in 0.10850 secs)
2025-04-22 15:20:52,577 [DEBUG]  OP: Operation.NAIVE_FACTORIZATION on slice (1283, 2) (remaining tasks 26)
2025-04-22 15:20:52,583 [DEBUG]  		naive factorization 2 columns (in 0.00620 secs)
2025-04-22 15:20:52,584 [DEBUG]  OP: Operation.NAIVE_FACTORIZATION on slice (3736, 2) (remaining tasks 25)
2025-04-22 15:20:52,601 [DEBUG]  		naive factorization 2 columns (in 0.01639 secs)
2025-04-22 15:20:52,601 [DEBUG]  OP: Operation.NAIVE_FACTORIZATION on slice (1397, 2) (remaining tasks 24)
2025-04-22 15:20:52,609 [DEBUG]  		naive factorization 2 columns (in 0.00717 secs)
2025-04-22 15:20:52,609 [DEBUG]  OP: Operation.NAIVE_FACTORIZATION on slice (3921, 2) (remaining tasks 23)
2025-04-22 15:20:52,630 [DEBUG]  		naive factorization 2 columns (in 0.02023 secs)
2025-04-22 15:20:52,631 [DEBUG]  OP: Operation.NAIVE_FACTORIZATION on slice (1748, 2) (remaining tasks 22)
2025-04-22 15:20:52,640 [DEBUG]  		naive factorization 2 columns (in 0.00971 secs)
2025-04-22 15:20:52,641 [DEBUG]  OP: Operation.NAIVE_FACTORIZATION on slice (3538, 2) (remaining tasks 21)
2025-04-22 15:20:52,660 [DEBUG]  		naive factorization 2 columns (in 0.01877 secs)
2025-04-22 15:20:52,660 [DEBUG]  OP: Operation.NAIVE_FACTORIZATION on slice (1235, 2) (remaining tasks 20)
2025-04-22 15:20:52,668 [DEBUG]  		naive factorization 2 columns (in 0.00759 secs)
2025-04-22 15:20:52,669 [DEBUG]  OP: Operation.NAIVE_FACTORIZATION on slice (2456, 2) (remaining tasks 19)
2025-04-22 15:20:52,685 [DEBUG]  		naive factorization 2 columns (in 0.01602 secs)
2025-04-22 15:20:52,686 [DEBUG]  OP: Operation.SPLIT_COLUMNS on slice (7472, 2) (remaining tasks 18)
2025-04-22 15:20:52,800 [DEBUG]  		found 1 col clusters (in 0.11314 secs)
2025-04-22 15:20:52,800 [DEBUG]  OP: Operation.NAIVE_FACTORIZATION on slice (3794, 2) (remaining tasks 18)
2025-04-22 15:20:52,831 [DEBUG]  		naive factorization 2 columns (in 0.03093 secs)
2025-04-22 15:20:52,832 [DEBUG]  OP: Operation.NAIVE_FACTORIZATION on slice (1982, 2) (remaining tasks 17)
2025-04-22 15:20:52,849 [DEBUG]  		naive factorization 2 columns (in 0.01735 secs)
2025-04-22 15:20:52,850 [DEBUG]  OP: Operation.SPLIT_COLUMNS on slice (8901, 2) (remaining tasks 16)
2025-04-22 15:20:52,960 [DEBUG]  		found 2 col clusters (in 0.10995 secs)
2025-04-22 15:20:52,961 [DEBUG]  OP: Operation.SPLIT_COLUMNS on slice (5596, 2) (remaining tasks 17)
2025-04-22 15:20:53,069 [DEBUG]  		found 1 col clusters (in 0.10787 secs)
2025-04-22 15:20:53,070 [DEBUG]  OP: Operation.NAIVE_FACTORIZATION on slice (3435, 2) (remaining tasks 17)
2025-04-22 15:20:53,089 [DEBUG]  		naive factorization 2 columns (in 0.01873 secs)
2025-04-22 15:20:53,089 [DEBUG]  OP: Operation.SPLIT_COLUMNS on slice (6220, 2) (remaining tasks 16)
2025-04-22 15:20:53,196 [DEBUG]  		found 1 col clusters (in 0.10643 secs)
2025-04-22 15:20:53,197 [DEBUG]  OP: Operation.SPLIT_COLUMNS on slice (5870, 2) (remaining tasks 16)
2025-04-22 15:20:53,305 [DEBUG]  		found 1 col clusters (in 0.10811 secs)
2025-04-22 15:20:53,306 [DEBUG]  OP: Operation.SPLIT_COLUMNS on slice (4516, 2) (remaining tasks 16)
2025-04-22 15:20:53,413 [DEBUG]  		found 1 col clusters (in 0.10722 secs)
2025-04-22 15:20:53,414 [DEBUG]  OP: Operation.SPLIT_COLUMNS on slice (8031, 2) (remaining tasks 16)
2025-04-22 15:20:53,525 [DEBUG]  		found 1 col clusters (in 0.11090 secs)
2025-04-22 15:20:53,527 [DEBUG]  OP: Operation.SPLIT_COLUMNS on slice (12595, 2) (remaining tasks 16)
2025-04-22 15:20:53,639 [DEBUG]  		found 1 col clusters (in 0.11140 secs)
2025-04-22 15:20:53,639 [DEBUG]  OP: Operation.NAIVE_FACTORIZATION on slice (2051, 2) (remaining tasks 16)
2025-04-22 15:20:53,657 [DEBUG]  		naive factorization 2 columns (in 0.01790 secs)
2025-04-22 15:20:53,658 [DEBUG]  OP: Operation.NAIVE_FACTORIZATION on slice (2418, 2) (remaining tasks 15)
2025-04-22 15:20:53,678 [DEBUG]  		naive factorization 2 columns (in 0.01978 secs)
2025-04-22 15:20:53,679 [DEBUG]  OP: Operation.SPLIT_COLUMNS on slice (7887, 2) (remaining tasks 14)
2025-04-22 15:20:53,789 [DEBUG]  		found 1 col clusters (in 0.10920 secs)
2025-04-22 15:20:53,789 [DEBUG]  OP: Operation.NAIVE_FACTORIZATION on slice (2135, 2) (remaining tasks 14)
2025-04-22 15:20:53,809 [DEBUG]  		naive factorization 2 columns (in 0.01929 secs)
2025-04-22 15:20:53,810 [DEBUG]  OP: Operation.SPLIT_ROWS on slice (7025, 2) (remaining tasks 13)
2025-04-22 15:20:53,879 [DEBUG]  		found 2 row clusters (in 0.06939 secs)
2025-04-22 15:20:53,881 [DEBUG]  OP: Operation.SPLIT_ROWS on slice (11357, 2) (remaining tasks 14)
2025-04-22 15:20:54,012 [DEBUG]  		found 2 row clusters (in 0.13141 secs)
2025-04-22 15:20:54,013 [DEBUG]  OP: Operation.SPLIT_ROWS on slice (8470, 2) (remaining tasks 15)
2025-04-22 15:20:54,063 [DEBUG]  		found 2 row clusters (in 0.04985 secs)
2025-04-22 15:20:54,063 [DEBUG]  OP: Operation.SPLIT_ROWS on slice (6206, 2) (remaining tasks 16)
2025-04-22 15:20:54,107 [DEBUG]  		found 2 row clusters (in 0.04363 secs)
2025-04-22 15:20:54,107 [DEBUG]  OP: Operation.SPLIT_ROWS on slice (7472, 2) (remaining tasks 17)
2025-04-22 15:20:54,164 [DEBUG]  		found 2 row clusters (in 0.05682 secs)
2025-04-22 15:20:54,164 [DEBUG]  OP: Operation.CREATE_LEAF on slice (8901, 1) (remaining tasks 18)
2025-04-22 15:20:54,168 [DEBUG]  		 created leaf IdentityNumericLeaf for scope=[1] (in 0.00336 secs)
2025-04-22 15:20:54,168 [DEBUG]  OP: Operation.CREATE_LEAF on slice (8901, 1) (remaining tasks 17)
2025-04-22 15:20:54,171 [DEBUG]  		 created leaf IdentityNumericLeaf for scope=[2] (in 0.00339 secs)
2025-04-22 15:20:54,172 [DEBUG]  OP: Operation.SPLIT_ROWS on slice (5596, 2) (remaining tasks 16)
2025-04-22 15:20:54,233 [DEBUG]  		found 2 row clusters (in 0.06136 secs)
2025-04-22 15:20:54,234 [DEBUG]  OP: Operation.SPLIT_ROWS on slice (6220, 2) (remaining tasks 17)
2025-04-22 15:20:54,278 [DEBUG]  		found 2 row clusters (in 0.04445 secs)
2025-04-22 15:20:54,279 [DEBUG]  OP: Operation.SPLIT_ROWS on slice (5870, 2) (remaining tasks 18)
2025-04-22 15:20:54,319 [DEBUG]  		found 2 row clusters (in 0.03985 secs)
2025-04-22 15:20:54,319 [DEBUG]  OP: Operation.SPLIT_ROWS on slice (4516, 2) (remaining tasks 19)
2025-04-22 15:20:54,352 [DEBUG]  		found 2 row clusters (in 0.03238 secs)
2025-04-22 15:20:54,352 [DEBUG]  OP: Operation.SPLIT_ROWS on slice (8031, 2) (remaining tasks 20)
2025-04-22 15:20:54,396 [DEBUG]  		found 2 row clusters (in 0.04373 secs)
2025-04-22 15:20:54,397 [DEBUG]  OP: Operation.SPLIT_ROWS on slice (12595, 2) (remaining tasks 21)
2025-04-22 15:20:54,478 [DEBUG]  		found 2 row clusters (in 0.08098 secs)
2025-04-22 15:20:54,479 [DEBUG]  OP: Operation.SPLIT_ROWS on slice (7887, 2) (remaining tasks 22)
2025-04-22 15:20:54,554 [DEBUG]  		found 2 row clusters (in 0.07522 secs)
2025-04-22 15:20:54,554 [DEBUG]  OP: Operation.SPLIT_COLUMNS on slice (4782, 2) (remaining tasks 23)
2025-04-22 15:20:54,662 [DEBUG]  		found 1 col clusters (in 0.10744 secs)
2025-04-22 15:20:54,662 [DEBUG]  OP: Operation.NAIVE_FACTORIZATION on slice (2243, 2) (remaining tasks 23)
2025-04-22 15:20:54,673 [DEBUG]  		naive factorization 2 columns (in 0.01043 secs)
2025-04-22 15:20:54,673 [DEBUG]  OP: Operation.NAIVE_FACTORIZATION on slice (841, 2) (remaining tasks 22)
2025-04-22 15:20:54,679 [DEBUG]  		naive factorization 2 columns (in 0.00582 secs)
2025-04-22 15:20:54,680 [DEBUG]  OP: Operation.SPLIT_COLUMNS on slice (10516, 2) (remaining tasks 21)
2025-04-22 15:20:54,794 [DEBUG]  		found 2 col clusters (in 0.11311 secs)
2025-04-22 15:20:54,795 [DEBUG]  OP: Operation.SPLIT_COLUMNS on slice (7476, 2) (remaining tasks 22)
2025-04-22 15:20:54,904 [DEBUG]  		found 1 col clusters (in 0.10896 secs)
2025-04-22 15:20:54,904 [DEBUG]  OP: Operation.NAIVE_FACTORIZATION on slice (994, 2) (remaining tasks 22)
2025-04-22 15:20:54,911 [DEBUG]  		naive factorization 2 columns (in 0.00617 secs)
2025-04-22 15:20:54,911 [DEBUG]  OP: Operation.NAIVE_FACTORIZATION on slice (3188, 2) (remaining tasks 21)
2025-04-22 15:20:54,936 [DEBUG]  		naive factorization 2 columns (in 0.02496 secs)
2025-04-22 15:20:54,937 [DEBUG]  OP: Operation.NAIVE_FACTORIZATION on slice (3018, 2) (remaining tasks 20)
2025-04-22 15:20:54,961 [DEBUG]  		naive factorization 2 columns (in 0.02413 secs)
2025-04-22 15:20:54,962 [DEBUG]  OP: Operation.SPLIT_COLUMNS on slice (4956, 2) (remaining tasks 19)
2025-04-22 15:20:55,070 [DEBUG]  		found 2 col clusters (in 0.10763 secs)
2025-04-22 15:20:55,070 [DEBUG]  OP: Operation.NAIVE_FACTORIZATION on slice (2516, 2) (remaining tasks 20)
2025-04-22 15:20:55,084 [DEBUG]  		naive factorization 2 columns (in 0.01385 secs)
2025-04-22 15:20:55,085 [DEBUG]  OP: Operation.NAIVE_FACTORIZATION on slice (1723, 2) (remaining tasks 19)
2025-04-22 15:20:55,095 [DEBUG]  		naive factorization 2 columns (in 0.01028 secs)
2025-04-22 15:20:55,096 [DEBUG]  OP: Operation.NAIVE_FACTORIZATION on slice (3873, 2) (remaining tasks 18)
2025-04-22 15:20:55,119 [DEBUG]  		naive factorization 2 columns (in 0.02308 secs)
2025-04-22 15:20:55,120 [DEBUG]  OP: Operation.SPLIT_COLUMNS on slice (4382, 2) (remaining tasks 17)
2025-04-22 15:20:55,227 [DEBUG]  		found 1 col clusters (in 0.10736 secs)
2025-04-22 15:20:55,228 [DEBUG]  OP: Operation.NAIVE_FACTORIZATION on slice (1838, 2) (remaining tasks 17)
2025-04-22 15:20:55,239 [DEBUG]  		naive factorization 2 columns (in 0.01079 secs)
2025-04-22 15:20:55,239 [DEBUG]  OP: Operation.NAIVE_FACTORIZATION on slice (2525, 2) (remaining tasks 16)
2025-04-22 15:20:55,260 [DEBUG]  		naive factorization 2 columns (in 0.02084 secs)
2025-04-22 15:20:55,260 [DEBUG]  OP: Operation.NAIVE_FACTORIZATION on slice (3345, 2) (remaining tasks 15)
2025-04-22 15:20:55,281 [DEBUG]  		naive factorization 2 columns (in 0.02004 secs)
2025-04-22 15:20:55,281 [DEBUG]  OP: Operation.NAIVE_FACTORIZATION on slice (2622, 2) (remaining tasks 14)
2025-04-22 15:20:55,302 [DEBUG]  		naive factorization 2 columns (in 0.02115 secs)
2025-04-22 15:20:55,303 [DEBUG]  OP: Operation.NAIVE_FACTORIZATION on slice (1894, 2) (remaining tasks 13)
2025-04-22 15:20:55,314 [DEBUG]  		naive factorization 2 columns (in 0.01137 secs)
2025-04-22 15:20:55,315 [DEBUG]  OP: Operation.SPLIT_COLUMNS on slice (6327, 2) (remaining tasks 12)
2025-04-22 15:20:55,424 [DEBUG]  		found 1 col clusters (in 0.10886 secs)
2025-04-22 15:20:55,425 [DEBUG]  OP: Operation.NAIVE_FACTORIZATION on slice (1704, 2) (remaining tasks 12)
2025-04-22 15:20:55,438 [DEBUG]  		naive factorization 2 columns (in 0.01316 secs)
2025-04-22 15:20:55,439 [DEBUG]  OP: Operation.SPLIT_COLUMNS on slice (8185, 2) (remaining tasks 11)
2025-04-22 15:20:55,549 [DEBUG]  		found 2 col clusters (in 0.11022 secs)
2025-04-22 15:20:55,550 [DEBUG]  OP: Operation.SPLIT_COLUMNS on slice (4410, 2) (remaining tasks 12)
2025-04-22 15:20:55,658 [DEBUG]  		found 1 col clusters (in 0.10725 secs)
2025-04-22 15:20:55,659 [DEBUG]  OP: Operation.SPLIT_COLUMNS on slice (5843, 2) (remaining tasks 12)
2025-04-22 15:20:55,765 [DEBUG]  		found 1 col clusters (in 0.10618 secs)
2025-04-22 15:20:55,765 [DEBUG]  OP: Operation.NAIVE_FACTORIZATION on slice (2044, 2) (remaining tasks 12)
2025-04-22 15:20:55,777 [DEBUG]  		naive factorization 2 columns (in 0.01165 secs)
2025-04-22 15:20:55,778 [DEBUG]  OP: Operation.SPLIT_ROWS on slice (4782, 2) (remaining tasks 11)
2025-04-22 15:20:55,846 [DEBUG]  		found 2 row clusters (in 0.06809 secs)
2025-04-22 15:20:55,846 [DEBUG]  OP: Operation.CREATE_LEAF on slice (10516, 1) (remaining tasks 12)
2025-04-22 15:20:55,852 [DEBUG]  		 created leaf IdentityNumericLeaf for scope=[1] (in 0.00585 secs)
2025-04-22 15:20:55,852 [DEBUG]  OP: Operation.CREATE_LEAF on slice (10516, 1) (remaining tasks 11)
2025-04-22 15:20:55,858 [DEBUG]  		 created leaf IdentityNumericLeaf for scope=[2] (in 0.00592 secs)
2025-04-22 15:20:55,859 [DEBUG]  OP: Operation.SPLIT_ROWS on slice (7476, 2) (remaining tasks 10)
2025-04-22 15:20:55,901 [DEBUG]  		found 2 row clusters (in 0.04117 secs)
2025-04-22 15:20:55,901 [DEBUG]  OP: Operation.CREATE_LEAF on slice (4956, 1) (remaining tasks 11)
2025-04-22 15:20:55,903 [DEBUG]  		 created leaf IdentityNumericLeaf for scope=[1] (in 0.00191 secs)
2025-04-22 15:20:55,903 [DEBUG]  OP: Operation.CREATE_LEAF on slice (4956, 1) (remaining tasks 10)
2025-04-22 15:20:55,905 [DEBUG]  		 created leaf IdentityNumericLeaf for scope=[2] (in 0.00210 secs)
2025-04-22 15:20:55,905 [DEBUG]  OP: Operation.SPLIT_ROWS on slice (4382, 2) (remaining tasks 9)
2025-04-22 15:20:55,950 [DEBUG]  		found 2 row clusters (in 0.04448 secs)
2025-04-22 15:20:55,950 [DEBUG]  OP: Operation.SPLIT_ROWS on slice (6327, 2) (remaining tasks 10)
2025-04-22 15:20:55,988 [DEBUG]  		found 2 row clusters (in 0.03767 secs)
2025-04-22 15:20:55,988 [DEBUG]  OP: Operation.CREATE_LEAF on slice (8185, 1) (remaining tasks 11)
2025-04-22 15:20:55,991 [DEBUG]  		 created leaf IdentityNumericLeaf for scope=[1] (in 0.00280 secs)
2025-04-22 15:20:55,991 [DEBUG]  OP: Operation.CREATE_LEAF on slice (8185, 1) (remaining tasks 10)
2025-04-22 15:20:55,994 [DEBUG]  		 created leaf IdentityNumericLeaf for scope=[2] (in 0.00289 secs)
2025-04-22 15:20:55,995 [DEBUG]  OP: Operation.SPLIT_ROWS on slice (4410, 2) (remaining tasks 9)
2025-04-22 15:20:56,042 [DEBUG]  		found 2 row clusters (in 0.04700 secs)
2025-04-22 15:20:56,042 [DEBUG]  OP: Operation.SPLIT_ROWS on slice (5843, 2) (remaining tasks 10)
2025-04-22 15:20:56,083 [DEBUG]  		found 2 row clusters (in 0.04114 secs)
2025-04-22 15:20:56,084 [DEBUG]  OP: Operation.NAIVE_FACTORIZATION on slice (2627, 2) (remaining tasks 11)
2025-04-22 15:20:56,100 [DEBUG]  		naive factorization 2 columns (in 0.01665 secs)
2025-04-22 15:20:56,101 [DEBUG]  OP: Operation.NAIVE_FACTORIZATION on slice (2155, 2) (remaining tasks 10)
2025-04-22 15:20:56,115 [DEBUG]  		naive factorization 2 columns (in 0.01437 secs)
2025-04-22 15:20:56,116 [DEBUG]  OP: Operation.NAIVE_FACTORIZATION on slice (4309, 2) (remaining tasks 9)
2025-04-22 15:20:56,142 [DEBUG]  		naive factorization 2 columns (in 0.02599 secs)
2025-04-22 15:20:56,142 [DEBUG]  OP: Operation.NAIVE_FACTORIZATION on slice (3167, 2) (remaining tasks 8)
2025-04-22 15:20:56,163 [DEBUG]  		naive factorization 2 columns (in 0.02043 secs)
2025-04-22 15:20:56,163 [DEBUG]  OP: Operation.NAIVE_FACTORIZATION on slice (3577, 2) (remaining tasks 7)
2025-04-22 15:20:56,187 [DEBUG]  		naive factorization 2 columns (in 0.02372 secs)
2025-04-22 15:20:56,187 [DEBUG]  OP: Operation.NAIVE_FACTORIZATION on slice (805, 2) (remaining tasks 6)
2025-04-22 15:20:56,194 [DEBUG]  		naive factorization 2 columns (in 0.00677 secs)
2025-04-22 15:20:56,195 [DEBUG]  OP: Operation.NAIVE_FACTORIZATION on slice (3999, 2) (remaining tasks 5)
2025-04-22 15:20:56,223 [DEBUG]  		naive factorization 2 columns (in 0.02761 secs)
2025-04-22 15:20:56,223 [DEBUG]  OP: Operation.NAIVE_FACTORIZATION on slice (2328, 2) (remaining tasks 4)
2025-04-22 15:20:56,240 [DEBUG]  		naive factorization 2 columns (in 0.01610 secs)
2025-04-22 15:20:56,241 [DEBUG]  OP: Operation.NAIVE_FACTORIZATION on slice (3419, 2) (remaining tasks 3)
2025-04-22 15:20:56,263 [DEBUG]  		naive factorization 2 columns (in 0.02243 secs)
2025-04-22 15:20:56,264 [DEBUG]  OP: Operation.NAIVE_FACTORIZATION on slice (991, 2) (remaining tasks 2)
2025-04-22 15:20:56,272 [DEBUG]  		naive factorization 2 columns (in 0.00823 secs)
2025-04-22 15:20:56,273 [DEBUG]  OP: Operation.NAIVE_FACTORIZATION on slice (3511, 2) (remaining tasks 1)
2025-04-22 15:20:56,300 [DEBUG]  		naive factorization 2 columns (in 0.02663 secs)
2025-04-22 15:20:56,301 [DEBUG]  OP: Operation.NAIVE_FACTORIZATION on slice (2332, 2) (remaining tasks 0)
2025-04-22 15:20:56,318 [DEBUG]  		naive factorization 2 columns (in 0.01646 secs)
2025-04-22 15:21:10,545 [DEBUG]  Built SPN in 39.18102843599627 sec
2025-04-22 15:21:10,546 [INFO ]  Saving ensemble to /home/dafn/card/deepcard/collected_temp_benchmarks/spn_ensembles/3D Road Network (North Jutland, Denmark)/ensemble_single_d_spatial_network_10000000.pkl
