2025-04-24 22:05:19,697 [INFO ]  Creating naive ensemble.
2025-04-24 22:05:19,697 [INFO ]  Learning SPN for dataset.
2025-04-24 22:05:19,697 [DEBUG]  generate_join_sample(single_table=dataset, relationship_list=None, split_condition=None)
2025-04-24 22:05:19,726 [DEBUG]  Using min_instance_slice parameter 357.17.
2025-04-24 22:05:19,726 [INFO ]  SPN training phase with 35717 samples
2025-04-24 22:05:19,730 [DEBUG]  Built domains in 0.0037052439874969423 sec
2025-04-24 22:05:20,086 [DEBUG]  CACHEDIR=/home/dafn/.cache/matplotlib
2025-04-24 22:05:20,088 [DEBUG]  Using fontManager instance from /home/dafn/.cache/matplotlib/fontlist-v300.json
2025-04-24 22:05:20,183 [DEBUG]  Loaded backend qt5agg version unknown.
2025-04-24 22:05:20,213 [DEBUG]  Loaded backend qt5agg version unknown.
2025-04-24 22:05:20,214 [DEBUG]  Loaded backend qt4agg version unknown.
2025-04-24 22:05:20,221 [DEBUG]  Loaded backend tkagg version unknown.
2025-04-24 22:05:20,221 [DEBUG]  Loaded backend agg version unknown.
2025-04-24 22:05:20,221 [DEBUG]  Loaded backend agg version unknown.
2025-04-24 22:05:20,225 [DEBUG]  OP: Operation.SPLIT_ROWS on slice (35717, 4) (remaining tasks 0)
2025-04-24 22:05:20,382 [DEBUG]  		found 2 row clusters (in 0.15670 secs)
2025-04-24 22:05:20,383 [DEBUG]  OP: Operation.SPLIT_COLUMNS on slice (9862, 4) (remaining tasks 1)
2025-04-24 22:05:20,604 [DEBUG]  		found 2 col clusters (in 0.22084 secs)
2025-04-24 22:05:20,609 [DEBUG]  OP: Operation.SPLIT_COLUMNS on slice (25855, 4) (remaining tasks 2)
2025-04-24 22:05:20,964 [DEBUG]  		found 2 col clusters (in 0.35557 secs)
2025-04-24 22:05:20,965 [DEBUG]  OP: Operation.SPLIT_COLUMNS on slice (9862, 3) (remaining tasks 3)
2025-04-24 22:05:21,167 [DEBUG]  		found 1 col clusters (in 0.20155 secs)
2025-04-24 22:05:21,167 [DEBUG]  OP: Operation.CREATE_LEAF on slice (9862, 1) (remaining tasks 3)
2025-04-24 22:05:21,168 [DEBUG]  		 created leaf IdentityNumericLeaf for scope=[3] (in 0.00147 secs)
2025-04-24 22:05:21,169 [DEBUG]  OP: Operation.SPLIT_COLUMNS on slice (25855, 3) (remaining tasks 2)
2025-04-24 22:05:21,448 [DEBUG]  		found 1 col clusters (in 0.27822 secs)
2025-04-24 22:05:21,448 [DEBUG]  OP: Operation.CREATE_LEAF on slice (25855, 1) (remaining tasks 2)
2025-04-24 22:05:21,450 [DEBUG]  		 created leaf IdentityNumericLeaf for scope=[3] (in 0.00238 secs)
2025-04-24 22:05:21,451 [DEBUG]  OP: Operation.SPLIT_ROWS on slice (9862, 3) (remaining tasks 1)
2025-04-24 22:05:21,590 [DEBUG]  		found 2 row clusters (in 0.13913 secs)
2025-04-24 22:05:21,591 [DEBUG]  OP: Operation.SPLIT_ROWS on slice (25855, 3) (remaining tasks 2)
2025-04-24 22:05:21,722 [DEBUG]  		found 2 row clusters (in 0.13104 secs)
2025-04-24 22:05:21,723 [DEBUG]  OP: Operation.SPLIT_COLUMNS on slice (7232, 3) (remaining tasks 3)
2025-04-24 22:05:21,834 [DEBUG]  		found 1 col clusters (in 0.11075 secs)
2025-04-24 22:05:21,835 [DEBUG]  OP: Operation.SPLIT_COLUMNS on slice (2630, 3) (remaining tasks 3)
2025-04-24 22:05:22,028 [DEBUG]  		found 1 col clusters (in 0.19300 secs)
2025-04-24 22:05:22,030 [DEBUG]  OP: Operation.SPLIT_COLUMNS on slice (18346, 3) (remaining tasks 3)
2025-04-24 22:05:22,248 [DEBUG]  		found 1 col clusters (in 0.21774 secs)
2025-04-24 22:05:22,250 [DEBUG]  OP: Operation.SPLIT_COLUMNS on slice (7509, 3) (remaining tasks 3)
2025-04-24 22:05:22,505 [DEBUG]  		found 1 col clusters (in 0.25489 secs)
2025-04-24 22:05:22,507 [DEBUG]  OP: Operation.SPLIT_ROWS on slice (7232, 3) (remaining tasks 3)
2025-04-24 22:05:22,584 [DEBUG]  		found 2 row clusters (in 0.07700 secs)
2025-04-24 22:05:22,587 [DEBUG]  OP: Operation.SPLIT_ROWS on slice (2630, 3) (remaining tasks 4)
2025-04-24 22:05:22,685 [DEBUG]  		found 2 row clusters (in 0.09651 secs)
2025-04-24 22:05:22,686 [DEBUG]  OP: Operation.SPLIT_ROWS on slice (18346, 3) (remaining tasks 5)
2025-04-24 22:05:22,820 [DEBUG]  		found 2 row clusters (in 0.13396 secs)
2025-04-24 22:05:22,821 [DEBUG]  OP: Operation.SPLIT_ROWS on slice (7509, 3) (remaining tasks 6)
2025-04-24 22:05:22,893 [DEBUG]  		found 2 row clusters (in 0.07195 secs)
2025-04-24 22:05:22,893 [DEBUG]  OP: Operation.SPLIT_COLUMNS on slice (2134, 3) (remaining tasks 7)
2025-04-24 22:05:22,999 [DEBUG]  		found 2 col clusters (in 0.10612 secs)
2025-04-24 22:05:23,000 [DEBUG]  OP: Operation.SPLIT_COLUMNS on slice (5098, 3) (remaining tasks 8)
2025-04-24 22:05:23,242 [DEBUG]  		found 1 col clusters (in 0.24127 secs)
2025-04-24 22:05:23,242 [DEBUG]  OP: Operation.SPLIT_COLUMNS on slice (1790, 3) (remaining tasks 8)
2025-04-24 22:05:23,460 [DEBUG]  		found 1 col clusters (in 0.21763 secs)
2025-04-24 22:05:23,461 [DEBUG]  OP: Operation.SPLIT_COLUMNS on slice (840, 3) (remaining tasks 8)
2025-04-24 22:05:23,679 [DEBUG]  		found 1 col clusters (in 0.21801 secs)
2025-04-24 22:05:23,680 [DEBUG]  OP: Operation.SPLIT_COLUMNS on slice (8579, 3) (remaining tasks 8)
2025-04-24 22:05:23,927 [DEBUG]  		found 1 col clusters (in 0.24680 secs)
2025-04-24 22:05:23,929 [DEBUG]  OP: Operation.SPLIT_COLUMNS on slice (9767, 3) (remaining tasks 8)
2025-04-24 22:05:24,171 [DEBUG]  		found 1 col clusters (in 0.24141 secs)
2025-04-24 22:05:24,172 [DEBUG]  OP: Operation.SPLIT_COLUMNS on slice (4240, 3) (remaining tasks 8)
2025-04-24 22:05:24,390 [DEBUG]  		found 1 col clusters (in 0.21808 secs)
2025-04-24 22:05:24,391 [DEBUG]  OP: Operation.SPLIT_COLUMNS on slice (3269, 3) (remaining tasks 8)
2025-04-24 22:05:24,617 [DEBUG]  		found 1 col clusters (in 0.22540 secs)
2025-04-24 22:05:24,617 [DEBUG]  OP: Operation.SPLIT_COLUMNS on slice (2134, 2) (remaining tasks 8)
2025-04-24 22:05:24,846 [DEBUG]  		found 1 col clusters (in 0.22862 secs)
2025-04-24 22:05:24,846 [DEBUG]  OP: Operation.CREATE_LEAF on slice (2134, 1) (remaining tasks 8)
2025-04-24 22:05:24,847 [DEBUG]  		 created leaf IdentityNumericLeaf for scope=[2] (in 0.00129 secs)
2025-04-24 22:05:24,849 [DEBUG]  OP: Operation.SPLIT_ROWS on slice (5098, 3) (remaining tasks 7)
2025-04-24 22:05:24,915 [DEBUG]  		found 2 row clusters (in 0.06611 secs)
2025-04-24 22:05:24,915 [DEBUG]  OP: Operation.SPLIT_ROWS on slice (1790, 3) (remaining tasks 8)
2025-04-24 22:05:24,943 [DEBUG]  		found 2 row clusters (in 0.02809 secs)
2025-04-24 22:05:24,944 [DEBUG]  OP: Operation.SPLIT_ROWS on slice (840, 3) (remaining tasks 9)
2025-04-24 22:05:24,963 [DEBUG]  		found 2 row clusters (in 0.01931 secs)
2025-04-24 22:05:24,964 [DEBUG]  OP: Operation.SPLIT_ROWS on slice (8579, 3) (remaining tasks 10)
2025-04-24 22:05:25,011 [DEBUG]  		found 2 row clusters (in 0.04698 secs)
2025-04-24 22:05:25,012 [DEBUG]  OP: Operation.SPLIT_ROWS on slice (9767, 3) (remaining tasks 11)
2025-04-24 22:05:25,113 [DEBUG]  		found 2 row clusters (in 0.10091 secs)
2025-04-24 22:05:25,113 [DEBUG]  OP: Operation.SPLIT_ROWS on slice (4240, 3) (remaining tasks 12)
2025-04-24 22:05:25,163 [DEBUG]  		found 2 row clusters (in 0.04995 secs)
2025-04-24 22:05:25,164 [DEBUG]  OP: Operation.SPLIT_ROWS on slice (3269, 3) (remaining tasks 13)
2025-04-24 22:05:25,181 [DEBUG]  		found 2 row clusters (in 0.01726 secs)
2025-04-24 22:05:25,181 [DEBUG]  OP: Operation.SPLIT_ROWS on slice (2134, 2) (remaining tasks 14)
2025-04-24 22:05:25,194 [DEBUG]  		found 2 row clusters (in 0.01262 secs)
2025-04-24 22:05:25,195 [DEBUG]  OP: Operation.SPLIT_COLUMNS on slice (2476, 3) (remaining tasks 15)
2025-04-24 22:05:25,301 [DEBUG]  		found 1 col clusters (in 0.10640 secs)
2025-04-24 22:05:25,302 [DEBUG]  OP: Operation.SPLIT_COLUMNS on slice (2622, 3) (remaining tasks 15)
2025-04-24 22:05:25,479 [DEBUG]  		found 1 col clusters (in 0.17751 secs)
2025-04-24 22:05:25,480 [DEBUG]  OP: Operation.REMOVE_UNINFORMATIVE_FEATURES on slice (685, 3) (remaining tasks 15)
2025-04-24 22:05:25,480 [DEBUG]  OP: Operation.SPLIT_COLUMNS on slice (1105, 3) (remaining tasks 17)
2025-04-24 22:05:25,714 [DEBUG]  		found 1 col clusters (in 0.23341 secs)
2025-04-24 22:05:25,714 [DEBUG]  OP: Operation.SPLIT_COLUMNS on slice (436, 3) (remaining tasks 17)
2025-04-24 22:05:25,923 [DEBUG]  		found 1 col clusters (in 0.20834 secs)
2025-04-24 22:05:25,923 [DEBUG]  OP: Operation.REMOVE_UNINFORMATIVE_FEATURES on slice (404, 3) (remaining tasks 17)
2025-04-24 22:05:25,924 [DEBUG]  OP: Operation.SPLIT_COLUMNS on slice (4911, 3) (remaining tasks 19)
2025-04-24 22:05:26,136 [DEBUG]  		found 1 col clusters (in 0.21152 secs)
2025-04-24 22:05:26,136 [DEBUG]  OP: Operation.SPLIT_COLUMNS on slice (3668, 3) (remaining tasks 19)
2025-04-24 22:05:26,358 [DEBUG]  		found 1 col clusters (in 0.22180 secs)
2025-04-24 22:05:26,359 [DEBUG]  OP: Operation.SPLIT_COLUMNS on slice (4274, 3) (remaining tasks 19)
2025-04-24 22:05:26,571 [DEBUG]  		found 1 col clusters (in 0.21166 secs)
2025-04-24 22:05:26,572 [DEBUG]  OP: Operation.SPLIT_COLUMNS on slice (5493, 3) (remaining tasks 19)
2025-04-24 22:05:26,794 [DEBUG]  		found 1 col clusters (in 0.22177 secs)
2025-04-24 22:05:26,795 [DEBUG]  OP: Operation.SPLIT_COLUMNS on slice (1793, 3) (remaining tasks 19)
2025-04-24 22:05:27,015 [DEBUG]  		found 1 col clusters (in 0.22059 secs)
2025-04-24 22:05:27,016 [DEBUG]  OP: Operation.SPLIT_COLUMNS on slice (2447, 3) (remaining tasks 19)
2025-04-24 22:05:27,229 [DEBUG]  		found 1 col clusters (in 0.21314 secs)
2025-04-24 22:05:27,230 [DEBUG]  OP: Operation.SPLIT_COLUMNS on slice (2779, 3) (remaining tasks 19)
2025-04-24 22:05:27,462 [DEBUG]  		found 1 col clusters (in 0.23171 secs)
2025-04-24 22:05:27,462 [DEBUG]  OP: Operation.SPLIT_COLUMNS on slice (490, 3) (remaining tasks 19)
2025-04-24 22:05:27,680 [DEBUG]  		found 1 col clusters (in 0.21818 secs)
2025-04-24 22:05:27,681 [DEBUG]  OP: Operation.NAIVE_FACTORIZATION on slice (909, 2) (remaining tasks 19)
2025-04-24 22:05:27,684 [DEBUG]  		naive factorization 2 columns (in 0.00278 secs)
2025-04-24 22:05:27,684 [DEBUG]  OP: Operation.NAIVE_FACTORIZATION on slice (1225, 2) (remaining tasks 18)
2025-04-24 22:05:27,687 [DEBUG]  		naive factorization 2 columns (in 0.00244 secs)
2025-04-24 22:05:27,688 [DEBUG]  OP: Operation.SPLIT_ROWS on slice (2476, 3) (remaining tasks 17)
2025-04-24 22:05:27,768 [DEBUG]  		found 2 row clusters (in 0.08041 secs)
2025-04-24 22:05:27,769 [DEBUG]  OP: Operation.SPLIT_ROWS on slice (2622, 3) (remaining tasks 18)
2025-04-24 22:05:27,816 [DEBUG]  		found 2 row clusters (in 0.04747 secs)
2025-04-24 22:05:27,816 [DEBUG]  OP: Operation.CREATE_LEAF on slice (685, 1) (remaining tasks 19)
2025-04-24 22:05:27,817 [DEBUG]  		 created leaf IdentityNumericLeaf for scope=[0] (in 0.00019 secs)
2025-04-24 22:05:27,817 [DEBUG]  OP: Operation.CREATE_LEAF on slice (685, 1) (remaining tasks 18)
2025-04-24 22:05:27,817 [DEBUG]  		 created leaf IdentityNumericLeaf for scope=[1] (in 0.00015 secs)
2025-04-24 22:05:27,817 [DEBUG]  OP: Operation.CREATE_LEAF on slice (685, 1) (remaining tasks 17)
2025-04-24 22:05:27,817 [DEBUG]  		 created leaf IdentityNumericLeaf for scope=[2] (in 0.00033 secs)
2025-04-24 22:05:27,818 [DEBUG]  OP: Operation.SPLIT_ROWS on slice (1105, 3) (remaining tasks 16)
2025-04-24 22:05:27,849 [DEBUG]  		found 2 row clusters (in 0.03176 secs)
2025-04-24 22:05:27,850 [DEBUG]  OP: Operation.SPLIT_ROWS on slice (436, 3) (remaining tasks 17)
2025-04-24 22:05:27,860 [DEBUG]  		found 2 row clusters (in 0.01080 secs)
2025-04-24 22:05:27,861 [DEBUG]  OP: Operation.CREATE_LEAF on slice (404, 1) (remaining tasks 18)
2025-04-24 22:05:27,861 [DEBUG]  		 created leaf IdentityNumericLeaf for scope=[0] (in 0.00019 secs)
2025-04-24 22:05:27,861 [DEBUG]  OP: Operation.CREATE_LEAF on slice (404, 1) (remaining tasks 17)
2025-04-24 22:05:27,861 [DEBUG]  		 created leaf IdentityNumericLeaf for scope=[1] (in 0.00014 secs)
2025-04-24 22:05:27,861 [DEBUG]  OP: Operation.CREATE_LEAF on slice (404, 1) (remaining tasks 16)
2025-04-24 22:05:27,861 [DEBUG]  		 created leaf IdentityNumericLeaf for scope=[2] (in 0.00026 secs)
2025-04-24 22:05:27,862 [DEBUG]  OP: Operation.SPLIT_ROWS on slice (4911, 3) (remaining tasks 15)
2025-04-24 22:05:27,912 [DEBUG]  		found 2 row clusters (in 0.05004 secs)
2025-04-24 22:05:27,913 [DEBUG]  OP: Operation.SPLIT_ROWS on slice (3668, 3) (remaining tasks 16)
2025-04-24 22:05:27,976 [DEBUG]  		found 2 row clusters (in 0.06306 secs)
2025-04-24 22:05:27,976 [DEBUG]  OP: Operation.SPLIT_ROWS on slice (4274, 3) (remaining tasks 17)
2025-04-24 22:05:28,009 [DEBUG]  		found 2 row clusters (in 0.03281 secs)
2025-04-24 22:05:28,010 [DEBUG]  OP: Operation.SPLIT_ROWS on slice (5493, 3) (remaining tasks 18)
2025-04-24 22:05:28,049 [DEBUG]  		found 2 row clusters (in 0.03885 secs)
2025-04-24 22:05:28,049 [DEBUG]  OP: Operation.SPLIT_ROWS on slice (1793, 3) (remaining tasks 19)
2025-04-24 22:05:28,082 [DEBUG]  		found 2 row clusters (in 0.03305 secs)
2025-04-24 22:05:28,082 [DEBUG]  OP: Operation.SPLIT_ROWS on slice (2447, 3) (remaining tasks 20)
2025-04-24 22:05:28,141 [DEBUG]  		found 2 row clusters (in 0.05839 secs)
2025-04-24 22:05:28,141 [DEBUG]  OP: Operation.SPLIT_ROWS on slice (2779, 3) (remaining tasks 21)
2025-04-24 22:05:28,173 [DEBUG]  		found 2 row clusters (in 0.03209 secs)
2025-04-24 22:05:28,174 [DEBUG]  OP: Operation.SPLIT_ROWS on slice (490, 3) (remaining tasks 22)
2025-04-24 22:05:28,205 [DEBUG]  		found 2 row clusters (in 0.03118 secs)
2025-04-24 22:05:28,205 [DEBUG]  OP: Operation.SPLIT_COLUMNS on slice (861, 3) (remaining tasks 23)
2025-04-24 22:05:28,313 [DEBUG]  		found 1 col clusters (in 0.10770 secs)
2025-04-24 22:05:28,313 [DEBUG]  OP: Operation.SPLIT_COLUMNS on slice (1615, 3) (remaining tasks 23)
2025-04-24 22:05:28,472 [DEBUG]  		found 2 col clusters (in 0.15812 secs)
2025-04-24 22:05:28,472 [DEBUG]  OP: Operation.SPLIT_COLUMNS on slice (2102, 3) (remaining tasks 24)
2025-04-24 22:05:28,678 [DEBUG]  		found 1 col clusters (in 0.20622 secs)
2025-04-24 22:05:28,679 [DEBUG]  OP: Operation.SPLIT_COLUMNS on slice (520, 3) (remaining tasks 24)
2025-04-24 22:05:28,886 [DEBUG]  		found 1 col clusters (in 0.20726 secs)
2025-04-24 22:05:28,887 [DEBUG]  OP: Operation.REMOVE_UNINFORMATIVE_FEATURES on slice (689, 3) (remaining tasks 24)
2025-04-24 22:05:28,887 [DEBUG]  OP: Operation.SPLIT_COLUMNS on slice (416, 3) (remaining tasks 26)
2025-04-24 22:05:29,092 [DEBUG]  		found 1 col clusters (in 0.20491 secs)
2025-04-24 22:05:29,093 [DEBUG]  OP: Operation.REMOVE_UNINFORMATIVE_FEATURES on slice (231, 3) (remaining tasks 26)
2025-04-24 22:05:29,093 [DEBUG]  OP: Operation.REMOVE_UNINFORMATIVE_FEATURES on slice (205, 3) (remaining tasks 28)
2025-04-24 22:05:29,094 [DEBUG]  OP: Operation.SPLIT_COLUMNS on slice (2079, 3) (remaining tasks 30)
2025-04-24 22:05:29,299 [DEBUG]  		found 1 col clusters (in 0.20446 secs)
2025-04-24 22:05:29,299 [DEBUG]  OP: Operation.SPLIT_COLUMNS on slice (2832, 3) (remaining tasks 30)
2025-04-24 22:05:29,519 [DEBUG]  		found 1 col clusters (in 0.21953 secs)
2025-04-24 22:05:29,520 [DEBUG]  OP: Operation.SPLIT_COLUMNS on slice (1308, 3) (remaining tasks 30)
2025-04-24 22:05:29,740 [DEBUG]  		found 1 col clusters (in 0.21984 secs)
2025-04-24 22:05:29,740 [DEBUG]  OP: Operation.SPLIT_COLUMNS on slice (2360, 3) (remaining tasks 30)
2025-04-24 22:05:29,962 [DEBUG]  		found 1 col clusters (in 0.22145 secs)
2025-04-24 22:05:29,963 [DEBUG]  OP: Operation.SPLIT_COLUMNS on slice (2574, 3) (remaining tasks 30)
2025-04-24 22:05:30,186 [DEBUG]  		found 1 col clusters (in 0.22357 secs)
2025-04-24 22:05:30,187 [DEBUG]  OP: Operation.SPLIT_COLUMNS on slice (1700, 3) (remaining tasks 30)
2025-04-24 22:05:30,415 [DEBUG]  		found 1 col clusters (in 0.22752 secs)
2025-04-24 22:05:30,415 [DEBUG]  OP: Operation.SPLIT_COLUMNS on slice (3166, 3) (remaining tasks 30)
2025-04-24 22:05:30,628 [DEBUG]  		found 1 col clusters (in 0.21248 secs)
2025-04-24 22:05:30,629 [DEBUG]  OP: Operation.SPLIT_COLUMNS on slice (2327, 3) (remaining tasks 30)
2025-04-24 22:05:30,842 [DEBUG]  		found 1 col clusters (in 0.21331 secs)
2025-04-24 22:05:30,843 [DEBUG]  OP: Operation.SPLIT_COLUMNS on slice (1047, 3) (remaining tasks 30)
2025-04-24 22:05:31,050 [DEBUG]  		found 2 col clusters (in 0.20735 secs)
2025-04-24 22:05:31,051 [DEBUG]  OP: Operation.SPLIT_COLUMNS on slice (746, 3) (remaining tasks 31)
2025-04-24 22:05:31,156 [DEBUG]  		found 1 col clusters (in 0.10517 secs)
2025-04-24 22:05:31,156 [DEBUG]  OP: Operation.SPLIT_COLUMNS on slice (1865, 3) (remaining tasks 31)
2025-04-24 22:05:31,368 [DEBUG]  		found 2 col clusters (in 0.21125 secs)
2025-04-24 22:05:31,368 [DEBUG]  OP: Operation.SPLIT_COLUMNS on slice (582, 3) (remaining tasks 32)
2025-04-24 22:05:31,606 [DEBUG]  		found 1 col clusters (in 0.23774 secs)
2025-04-24 22:05:31,607 [DEBUG]  OP: Operation.SPLIT_COLUMNS on slice (1889, 3) (remaining tasks 32)
2025-04-24 22:05:31,813 [DEBUG]  		found 2 col clusters (in 0.20627 secs)
2025-04-24 22:05:31,814 [DEBUG]  OP: Operation.SPLIT_COLUMNS on slice (890, 3) (remaining tasks 33)
2025-04-24 22:05:32,032 [DEBUG]  		found 2 col clusters (in 0.21772 secs)
2025-04-24 22:05:32,032 [DEBUG]  OP: Operation.NAIVE_FACTORIZATION on slice (304, 3) (remaining tasks 34)
2025-04-24 22:05:32,036 [DEBUG]  		naive factorization 3 columns (in 0.00406 secs)
2025-04-24 22:05:32,036 [DEBUG]  OP: Operation.NAIVE_FACTORIZATION on slice (186, 3) (remaining tasks 33)
2025-04-24 22:05:32,040 [DEBUG]  		naive factorization 3 columns (in 0.00353 secs)
2025-04-24 22:05:32,040 [DEBUG]  OP: Operation.SPLIT_ROWS on slice (861, 3) (remaining tasks 32)
2025-04-24 22:05:32,062 [DEBUG]  		found 2 row clusters (in 0.02133 secs)
2025-04-24 22:05:32,062 [DEBUG]  OP: Operation.SPLIT_COLUMNS on slice (1615, 2) (remaining tasks 33)
2025-04-24 22:05:32,239 [DEBUG]  		found 1 col clusters (in 0.17693 secs)
2025-04-24 22:05:32,240 [DEBUG]  OP: Operation.CREATE_LEAF on slice (1615, 1) (remaining tasks 33)
2025-04-24 22:05:32,241 [DEBUG]  		 created leaf IdentityNumericLeaf for scope=[2] (in 0.00093 secs)
2025-04-24 22:05:32,241 [DEBUG]  OP: Operation.SPLIT_ROWS on slice (2102, 3) (remaining tasks 32)
2025-04-24 22:05:32,275 [DEBUG]  		found 2 row clusters (in 0.03312 secs)
2025-04-24 22:05:32,275 [DEBUG]  OP: Operation.SPLIT_ROWS on slice (520, 3) (remaining tasks 33)
2025-04-24 22:05:32,305 [DEBUG]  		found 2 row clusters (in 0.03034 secs)
2025-04-24 22:05:32,306 [DEBUG]  OP: Operation.CREATE_LEAF on slice (689, 1) (remaining tasks 34)
2025-04-24 22:05:32,306 [DEBUG]  		 created leaf IdentityNumericLeaf for scope=[0] (in 0.00029 secs)
2025-04-24 22:05:32,306 [DEBUG]  OP: Operation.CREATE_LEAF on slice (689, 1) (remaining tasks 33)
2025-04-24 22:05:32,306 [DEBUG]  		 created leaf IdentityNumericLeaf for scope=[1] (in 0.00025 secs)
2025-04-24 22:05:32,307 [DEBUG]  OP: Operation.CREATE_LEAF on slice (689, 1) (remaining tasks 32)
2025-04-24 22:05:32,307 [DEBUG]  		 created leaf IdentityNumericLeaf for scope=[2] (in 0.00051 secs)
2025-04-24 22:05:32,307 [DEBUG]  OP: Operation.SPLIT_ROWS on slice (416, 3) (remaining tasks 31)
2025-04-24 22:05:32,323 [DEBUG]  		found 2 row clusters (in 0.01581 secs)
2025-04-24 22:05:32,323 [DEBUG]  OP: Operation.CREATE_LEAF on slice (231, 1) (remaining tasks 32)
2025-04-24 22:05:32,324 [DEBUG]  		 created leaf IdentityNumericLeaf for scope=[0] (in 0.00021 secs)
2025-04-24 22:05:32,324 [DEBUG]  OP: Operation.CREATE_LEAF on slice (231, 1) (remaining tasks 31)
2025-04-24 22:05:32,324 [DEBUG]  		 created leaf IdentityNumericLeaf for scope=[1] (in 0.00020 secs)
2025-04-24 22:05:32,324 [DEBUG]  OP: Operation.CREATE_LEAF on slice (231, 1) (remaining tasks 30)
2025-04-24 22:05:32,325 [DEBUG]  		 created leaf IdentityNumericLeaf for scope=[2] (in 0.00027 secs)
2025-04-24 22:05:32,325 [DEBUG]  OP: Operation.CREATE_LEAF on slice (205, 1) (remaining tasks 29)
2025-04-24 22:05:32,325 [DEBUG]  		 created leaf IdentityNumericLeaf for scope=[0] (in 0.00019 secs)
2025-04-24 22:05:32,325 [DEBUG]  OP: Operation.CREATE_LEAF on slice (205, 1) (remaining tasks 28)
2025-04-24 22:05:32,325 [DEBUG]  		 created leaf IdentityNumericLeaf for scope=[1] (in 0.00018 secs)
2025-04-24 22:05:32,325 [DEBUG]  OP: Operation.CREATE_LEAF on slice (205, 1) (remaining tasks 27)
2025-04-24 22:05:32,326 [DEBUG]  		 created leaf IdentityNumericLeaf for scope=[2] (in 0.00026 secs)
2025-04-24 22:05:32,326 [DEBUG]  OP: Operation.SPLIT_ROWS on slice (2079, 3) (remaining tasks 26)
2025-04-24 22:05:32,356 [DEBUG]  		found 2 row clusters (in 0.02998 secs)
2025-04-24 22:05:32,356 [DEBUG]  OP: Operation.SPLIT_ROWS on slice (2832, 3) (remaining tasks 27)
2025-04-24 22:05:32,384 [DEBUG]  		found 2 row clusters (in 0.02777 secs)
2025-04-24 22:05:32,385 [DEBUG]  OP: Operation.SPLIT_ROWS on slice (1308, 3) (remaining tasks 28)
2025-04-24 22:05:32,405 [DEBUG]  		found 2 row clusters (in 0.02079 secs)
2025-04-24 22:05:32,406 [DEBUG]  OP: Operation.SPLIT_ROWS on slice (2360, 3) (remaining tasks 29)
2025-04-24 22:05:32,430 [DEBUG]  		found 2 row clusters (in 0.02456 secs)
2025-04-24 22:05:32,431 [DEBUG]  OP: Operation.SPLIT_ROWS on slice (2574, 3) (remaining tasks 30)
2025-04-24 22:05:32,457 [DEBUG]  		found 2 row clusters (in 0.02585 secs)
2025-04-24 22:05:32,457 [DEBUG]  OP: Operation.SPLIT_ROWS on slice (1700, 3) (remaining tasks 31)
2025-04-24 22:05:32,483 [DEBUG]  		found 2 row clusters (in 0.02626 secs)
2025-04-24 22:05:32,484 [DEBUG]  OP: Operation.SPLIT_ROWS on slice (3166, 3) (remaining tasks 32)
2025-04-24 22:05:32,519 [DEBUG]  		found 2 row clusters (in 0.03476 secs)
2025-04-24 22:05:32,519 [DEBUG]  OP: Operation.SPLIT_ROWS on slice (2327, 3) (remaining tasks 33)
2025-04-24 22:05:32,549 [DEBUG]  		found 2 row clusters (in 0.02946 secs)
2025-04-24 22:05:32,549 [DEBUG]  OP: Operation.SPLIT_COLUMNS on slice (1047, 2) (remaining tasks 34)
2025-04-24 22:05:32,655 [DEBUG]  		found 1 col clusters (in 0.10642 secs)
2025-04-24 22:05:32,655 [DEBUG]  OP: Operation.CREATE_LEAF on slice (1047, 1) (remaining tasks 34)
2025-04-24 22:05:32,656 [DEBUG]  		 created leaf IdentityNumericLeaf for scope=[2] (in 0.00034 secs)
2025-04-24 22:05:32,656 [DEBUG]  OP: Operation.SPLIT_ROWS on slice (746, 3) (remaining tasks 33)
2025-04-24 22:05:32,679 [DEBUG]  		found 2 row clusters (in 0.02331 secs)
2025-04-24 22:05:32,680 [DEBUG]  OP: Operation.SPLIT_COLUMNS on slice (1865, 2) (remaining tasks 34)
2025-04-24 22:05:32,785 [DEBUG]  		found 1 col clusters (in 0.10527 secs)
2025-04-24 22:05:32,785 [DEBUG]  OP: Operation.CREATE_LEAF on slice (1865, 1) (remaining tasks 34)
2025-04-24 22:05:32,786 [DEBUG]  		 created leaf IdentityNumericLeaf for scope=[2] (in 0.00063 secs)
2025-04-24 22:05:32,786 [DEBUG]  OP: Operation.SPLIT_ROWS on slice (582, 3) (remaining tasks 33)
2025-04-24 22:05:32,821 [DEBUG]  		found 2 row clusters (in 0.03477 secs)
2025-04-24 22:05:32,822 [DEBUG]  OP: Operation.SPLIT_COLUMNS on slice (1889, 2) (remaining tasks 34)
2025-04-24 22:05:32,929 [DEBUG]  		found 1 col clusters (in 0.10751 secs)
2025-04-24 22:05:32,930 [DEBUG]  OP: Operation.CREATE_LEAF on slice (1889, 1) (remaining tasks 34)
2025-04-24 22:05:32,930 [DEBUG]  		 created leaf IdentityNumericLeaf for scope=[2] (in 0.00052 secs)
2025-04-24 22:05:32,930 [DEBUG]  OP: Operation.SPLIT_COLUMNS on slice (890, 2) (remaining tasks 33)
2025-04-24 22:05:33,036 [DEBUG]  		found 1 col clusters (in 0.10532 secs)
2025-04-24 22:05:33,036 [DEBUG]  OP: Operation.CREATE_LEAF on slice (890, 1) (remaining tasks 33)
2025-04-24 22:05:33,037 [DEBUG]  		 created leaf IdentityNumericLeaf for scope=[2] (in 0.00043 secs)
2025-04-24 22:05:33,037 [DEBUG]  OP: Operation.REMOVE_UNINFORMATIVE_FEATURES on slice (68, 3) (remaining tasks 32)
2025-04-24 22:05:33,037 [DEBUG]  OP: Operation.SPLIT_COLUMNS on slice (793, 3) (remaining tasks 34)
2025-04-24 22:05:33,143 [DEBUG]  		found 1 col clusters (in 0.10545 secs)
2025-04-24 22:05:33,143 [DEBUG]  OP: Operation.SPLIT_ROWS on slice (1615, 2) (remaining tasks 34)
2025-04-24 22:05:33,165 [DEBUG]  		found 2 row clusters (in 0.02215 secs)
2025-04-24 22:05:33,165 [DEBUG]  OP: Operation.REMOVE_UNINFORMATIVE_FEATURES on slice (166, 3) (remaining tasks 35)
2025-04-24 22:05:33,166 [DEBUG]  OP: Operation.SPLIT_COLUMNS on slice (1936, 3) (remaining tasks 37)
2025-04-24 22:05:33,373 [DEBUG]  		found 2 col clusters (in 0.20722 secs)
2025-04-24 22:05:33,374 [DEBUG]  OP: Operation.NAIVE_FACTORIZATION on slice (286, 3) (remaining tasks 38)
2025-04-24 22:05:33,378 [DEBUG]  		naive factorization 3 columns (in 0.00388 secs)
2025-04-24 22:05:33,378 [DEBUG]  OP: Operation.NAIVE_FACTORIZATION on slice (234, 3) (remaining tasks 37)
2025-04-24 22:05:33,382 [DEBUG]  		naive factorization 3 columns (in 0.00381 secs)
2025-04-24 22:05:33,383 [DEBUG]  OP: Operation.REMOVE_UNINFORMATIVE_FEATURES on slice (158, 3) (remaining tasks 36)
2025-04-24 22:05:33,383 [DEBUG]  OP: Operation.REMOVE_UNINFORMATIVE_FEATURES on slice (258, 3) (remaining tasks 38)
2025-04-24 22:05:33,384 [DEBUG]  OP: Operation.SPLIT_COLUMNS on slice (1200, 3) (remaining tasks 40)
2025-04-24 22:05:33,581 [DEBUG]  		found 1 col clusters (in 0.19725 secs)
2025-04-24 22:05:33,581 [DEBUG]  OP: Operation.SPLIT_COLUMNS on slice (879, 3) (remaining tasks 40)
2025-04-24 22:05:33,788 [DEBUG]  		found 1 col clusters (in 0.20641 secs)
2025-04-24 22:05:33,788 [DEBUG]  OP: Operation.SPLIT_COLUMNS on slice (1404, 3) (remaining tasks 40)
2025-04-24 22:05:33,997 [DEBUG]  		found 2 col clusters (in 0.20807 secs)
2025-04-24 22:05:33,997 [DEBUG]  OP: Operation.SPLIT_COLUMNS on slice (1428, 3) (remaining tasks 41)
2025-04-24 22:05:34,212 [DEBUG]  		found 1 col clusters (in 0.21521 secs)
2025-04-24 22:05:34,213 [DEBUG]  OP: Operation.SPLIT_COLUMNS on slice (1185, 3) (remaining tasks 41)
2025-04-24 22:05:34,431 [DEBUG]  		found 1 col clusters (in 0.21856 secs)
2025-04-24 22:05:34,432 [DEBUG]  OP: Operation.REMOVE_UNINFORMATIVE_FEATURES on slice (123, 3) (remaining tasks 41)
2025-04-24 22:05:34,432 [DEBUG]  OP: Operation.SPLIT_COLUMNS on slice (1469, 3) (remaining tasks 43)
2025-04-24 22:05:34,647 [DEBUG]  		found 1 col clusters (in 0.21474 secs)
2025-04-24 22:05:34,648 [DEBUG]  OP: Operation.SPLIT_COLUMNS on slice (891, 3) (remaining tasks 43)
2025-04-24 22:05:34,757 [DEBUG]  		found 1 col clusters (in 0.10897 secs)
2025-04-24 22:05:34,758 [DEBUG]  OP: Operation.SPLIT_COLUMNS on slice (1674, 3) (remaining tasks 43)
2025-04-24 22:05:34,987 [DEBUG]  		found 1 col clusters (in 0.22901 secs)
2025-04-24 22:05:34,987 [DEBUG]  OP: Operation.SPLIT_COLUMNS on slice (900, 3) (remaining tasks 43)
2025-04-24 22:05:35,194 [DEBUG]  		found 1 col clusters (in 0.20695 secs)
2025-04-24 22:05:35,195 [DEBUG]  OP: Operation.SPLIT_COLUMNS on slice (747, 3) (remaining tasks 43)
2025-04-24 22:05:35,408 [DEBUG]  		found 1 col clusters (in 0.21313 secs)
2025-04-24 22:05:35,408 [DEBUG]  OP: Operation.SPLIT_COLUMNS on slice (953, 3) (remaining tasks 43)
2025-04-24 22:05:35,618 [DEBUG]  		found 1 col clusters (in 0.20944 secs)
2025-04-24 22:05:35,619 [DEBUG]  OP: Operation.SPLIT_COLUMNS on slice (2092, 3) (remaining tasks 43)
2025-04-24 22:05:35,828 [DEBUG]  		found 1 col clusters (in 0.20901 secs)
2025-04-24 22:05:35,828 [DEBUG]  OP: Operation.SPLIT_COLUMNS on slice (1074, 3) (remaining tasks 43)
2025-04-24 22:05:36,044 [DEBUG]  		found 2 col clusters (in 0.21539 secs)
2025-04-24 22:05:36,044 [DEBUG]  OP: Operation.SPLIT_COLUMNS on slice (1418, 3) (remaining tasks 44)
2025-04-24 22:05:36,254 [DEBUG]  		found 1 col clusters (in 0.20957 secs)
2025-04-24 22:05:36,254 [DEBUG]  OP: Operation.SPLIT_COLUMNS on slice (909, 3) (remaining tasks 44)
2025-04-24 22:05:36,474 [DEBUG]  		found 1 col clusters (in 0.21967 secs)
2025-04-24 22:05:36,474 [DEBUG]  OP: Operation.SPLIT_ROWS on slice (1047, 2) (remaining tasks 44)
2025-04-24 22:05:36,500 [DEBUG]  		found 2 row clusters (in 0.02531 secs)
2025-04-24 22:05:36,501 [DEBUG]  OP: Operation.REMOVE_UNINFORMATIVE_FEATURES on slice (383, 3) (remaining tasks 45)
2025-04-24 22:05:36,501 [DEBUG]  OP: Operation.SPLIT_COLUMNS on slice (363, 3) (remaining tasks 47)
2025-04-24 22:05:36,691 [DEBUG]  		found 1 col clusters (in 0.18884 secs)
2025-04-24 22:05:36,691 [DEBUG]  OP: Operation.SPLIT_ROWS on slice (1865, 2) (remaining tasks 47)
2025-04-24 22:05:36,721 [DEBUG]  		found 2 row clusters (in 0.02941 secs)
2025-04-24 22:05:36,722 [DEBUG]  OP: Operation.NAIVE_FACTORIZATION on slice (159, 3) (remaining tasks 48)
2025-04-24 22:05:36,725 [DEBUG]  		naive factorization 3 columns (in 0.00324 secs)
2025-04-24 22:05:36,726 [DEBUG]  OP: Operation.SPLIT_COLUMNS on slice (423, 3) (remaining tasks 47)
2025-04-24 22:05:36,896 [DEBUG]  		found 2 col clusters (in 0.17027 secs)
2025-04-24 22:05:36,896 [DEBUG]  OP: Operation.SPLIT_ROWS on slice (1889, 2) (remaining tasks 48)
2025-04-24 22:05:36,927 [DEBUG]  		found 2 row clusters (in 0.02996 secs)
2025-04-24 22:05:36,928 [DEBUG]  OP: Operation.SPLIT_ROWS on slice (890, 2) (remaining tasks 49)
2025-04-24 22:05:36,967 [DEBUG]  		found 2 row clusters (in 0.03914 secs)
2025-04-24 22:05:36,967 [DEBUG]  OP: Operation.CREATE_LEAF on slice (68, 1) (remaining tasks 50)
2025-04-24 22:05:36,968 [DEBUG]  		 created leaf IdentityNumericLeaf for scope=[0] (in 0.00024 secs)
2025-04-24 22:05:36,968 [DEBUG]  OP: Operation.CREATE_LEAF on slice (68, 1) (remaining tasks 49)
2025-04-24 22:05:36,971 [DEBUG]  		 created leaf IdentityNumericLeaf for scope=[1] (in 0.00256 secs)
2025-04-24 22:05:36,971 [DEBUG]  OP: Operation.CREATE_LEAF on slice (68, 1) (remaining tasks 48)
2025-04-24 22:05:36,971 [DEBUG]  		 created leaf IdentityNumericLeaf for scope=[2] (in 0.00031 secs)
2025-04-24 22:05:36,971 [DEBUG]  OP: Operation.SPLIT_ROWS on slice (793, 3) (remaining tasks 47)
2025-04-24 22:05:37,022 [DEBUG]  		found 2 row clusters (in 0.05079 secs)
2025-04-24 22:05:37,023 [DEBUG]  OP: Operation.NAIVE_FACTORIZATION on slice (1178, 2) (remaining tasks 48)
2025-04-24 22:05:37,024 [DEBUG]  		naive factorization 2 columns (in 0.00174 secs)
2025-04-24 22:05:37,025 [DEBUG]  OP: Operation.SPLIT_COLUMNS on slice (437, 2) (remaining tasks 47)
2025-04-24 22:05:37,128 [DEBUG]  		found 1 col clusters (in 0.10338 secs)
2025-04-24 22:05:37,128 [DEBUG]  OP: Operation.CREATE_LEAF on slice (166, 1) (remaining tasks 47)
2025-04-24 22:05:37,129 [DEBUG]  		 created leaf IdentityNumericLeaf for scope=[0] (in 0.00024 secs)
2025-04-24 22:05:37,129 [DEBUG]  OP: Operation.CREATE_LEAF on slice (166, 1) (remaining tasks 46)
2025-04-24 22:05:37,129 [DEBUG]  		 created leaf IdentityNumericLeaf for scope=[1] (in 0.00021 secs)
2025-04-24 22:05:37,129 [DEBUG]  OP: Operation.CREATE_LEAF on slice (166, 1) (remaining tasks 45)
2025-04-24 22:05:37,129 [DEBUG]  		 created leaf IdentityNumericLeaf for scope=[2] (in 0.00029 secs)
2025-04-24 22:05:37,130 [DEBUG]  OP: Operation.SPLIT_COLUMNS on slice (1936, 2) (remaining tasks 44)
2025-04-24 22:05:37,236 [DEBUG]  		found 1 col clusters (in 0.10614 secs)
2025-04-24 22:05:37,236 [DEBUG]  OP: Operation.CREATE_LEAF on slice (1936, 1) (remaining tasks 44)
2025-04-24 22:05:37,237 [DEBUG]  		 created leaf IdentityNumericLeaf for scope=[2] (in 0.00064 secs)
2025-04-24 22:05:37,237 [DEBUG]  OP: Operation.CREATE_LEAF on slice (158, 1) (remaining tasks 43)
2025-04-24 22:05:37,237 [DEBUG]  		 created leaf IdentityNumericLeaf for scope=[0] (in 0.00022 secs)
2025-04-24 22:05:37,237 [DEBUG]  OP: Operation.CREATE_LEAF on slice (158, 1) (remaining tasks 42)
2025-04-24 22:05:37,238 [DEBUG]  		 created leaf IdentityNumericLeaf for scope=[1] (in 0.00021 secs)
2025-04-24 22:05:37,238 [DEBUG]  OP: Operation.CREATE_LEAF on slice (158, 1) (remaining tasks 41)
2025-04-24 22:05:37,238 [DEBUG]  		 created leaf IdentityNumericLeaf for scope=[2] (in 0.00029 secs)
2025-04-24 22:05:37,238 [DEBUG]  OP: Operation.CREATE_LEAF on slice (258, 1) (remaining tasks 40)
2025-04-24 22:05:37,239 [DEBUG]  		 created leaf IdentityNumericLeaf for scope=[0] (in 0.00023 secs)
2025-04-24 22:05:37,239 [DEBUG]  OP: Operation.CREATE_LEAF on slice (258, 1) (remaining tasks 39)
2025-04-24 22:05:37,239 [DEBUG]  		 created leaf IdentityNumericLeaf for scope=[1] (in 0.00021 secs)
2025-04-24 22:05:37,239 [DEBUG]  OP: Operation.CREATE_LEAF on slice (258, 1) (remaining tasks 38)
2025-04-24 22:05:37,239 [DEBUG]  		 created leaf IdentityNumericLeaf for scope=[2] (in 0.00035 secs)
2025-04-24 22:05:37,240 [DEBUG]  OP: Operation.SPLIT_ROWS on slice (1200, 3) (remaining tasks 37)
2025-04-24 22:05:37,277 [DEBUG]  		found 2 row clusters (in 0.03664 secs)
2025-04-24 22:05:37,277 [DEBUG]  OP: Operation.SPLIT_ROWS on slice (879, 3) (remaining tasks 38)
2025-04-24 22:05:37,319 [DEBUG]  		found 2 row clusters (in 0.04194 secs)
2025-04-24 22:05:37,319 [DEBUG]  OP: Operation.SPLIT_COLUMNS on slice (1404, 2) (remaining tasks 39)
2025-04-24 22:05:37,425 [DEBUG]  		found 1 col clusters (in 0.10531 secs)
2025-04-24 22:05:37,425 [DEBUG]  OP: Operation.CREATE_LEAF on slice (1404, 1) (remaining tasks 39)
2025-04-24 22:05:37,426 [DEBUG]  		 created leaf IdentityNumericLeaf for scope=[2] (in 0.00041 secs)
2025-04-24 22:05:37,426 [DEBUG]  OP: Operation.SPLIT_ROWS on slice (1428, 3) (remaining tasks 38)
2025-04-24 22:05:37,489 [DEBUG]  		found 2 row clusters (in 0.06245 secs)
2025-04-24 22:05:37,489 [DEBUG]  OP: Operation.SPLIT_ROWS on slice (1185, 3) (remaining tasks 39)
2025-04-24 22:05:37,526 [DEBUG]  		found 2 row clusters (in 0.03699 secs)
2025-04-24 22:05:37,526 [DEBUG]  OP: Operation.CREATE_LEAF on slice (123, 1) (remaining tasks 40)
2025-04-24 22:05:37,527 [DEBUG]  		 created leaf IdentityNumericLeaf for scope=[0] (in 0.00018 secs)
2025-04-24 22:05:37,527 [DEBUG]  OP: Operation.CREATE_LEAF on slice (123, 1) (remaining tasks 39)
2025-04-24 22:05:37,527 [DEBUG]  		 created leaf IdentityNumericLeaf for scope=[1] (in 0.00016 secs)
2025-04-24 22:05:37,527 [DEBUG]  OP: Operation.CREATE_LEAF on slice (123, 1) (remaining tasks 38)
2025-04-24 22:05:37,527 [DEBUG]  		 created leaf IdentityNumericLeaf for scope=[2] (in 0.00018 secs)
2025-04-24 22:05:37,528 [DEBUG]  OP: Operation.SPLIT_ROWS on slice (1469, 3) (remaining tasks 37)
2025-04-24 22:05:37,555 [DEBUG]  		found 2 row clusters (in 0.02726 secs)
2025-04-24 22:05:37,555 [DEBUG]  OP: Operation.SPLIT_ROWS on slice (891, 3) (remaining tasks 38)
2025-04-24 22:05:37,576 [DEBUG]  		found 2 row clusters (in 0.02037 secs)
2025-04-24 22:05:37,576 [DEBUG]  OP: Operation.SPLIT_ROWS on slice (1674, 3) (remaining tasks 39)
2025-04-24 22:05:37,590 [DEBUG]  		found 2 row clusters (in 0.01418 secs)
2025-04-24 22:05:37,590 [DEBUG]  OP: Operation.SPLIT_ROWS on slice (900, 3) (remaining tasks 40)
2025-04-24 22:05:37,603 [DEBUG]  		found 2 row clusters (in 0.01268 secs)
2025-04-24 22:05:37,603 [DEBUG]  OP: Operation.SPLIT_ROWS on slice (747, 3) (remaining tasks 41)
2025-04-24 22:05:37,616 [DEBUG]  		found 2 row clusters (in 0.01257 secs)
2025-04-24 22:05:37,616 [DEBUG]  OP: Operation.SPLIT_ROWS on slice (953, 3) (remaining tasks 42)
2025-04-24 22:05:37,639 [DEBUG]  		found 2 row clusters (in 0.02262 secs)
2025-04-24 22:05:37,639 [DEBUG]  OP: Operation.SPLIT_ROWS on slice (2092, 3) (remaining tasks 43)
2025-04-24 22:05:37,671 [DEBUG]  		found 2 row clusters (in 0.03166 secs)
2025-04-24 22:05:37,671 [DEBUG]  OP: Operation.SPLIT_COLUMNS on slice (1074, 2) (remaining tasks 44)
2025-04-24 22:05:37,778 [DEBUG]  		found 1 col clusters (in 0.10625 secs)
2025-04-24 22:05:37,778 [DEBUG]  OP: Operation.CREATE_LEAF on slice (1074, 1) (remaining tasks 44)
2025-04-24 22:05:37,778 [DEBUG]  		 created leaf IdentityNumericLeaf for scope=[2] (in 0.00042 secs)
2025-04-24 22:05:37,779 [DEBUG]  OP: Operation.SPLIT_ROWS on slice (1418, 3) (remaining tasks 43)
2025-04-24 22:05:37,800 [DEBUG]  		found 2 row clusters (in 0.02142 secs)
2025-04-24 22:05:37,801 [DEBUG]  OP: Operation.SPLIT_ROWS on slice (909, 3) (remaining tasks 44)
2025-04-24 22:05:37,826 [DEBUG]  		found 2 row clusters (in 0.02492 secs)
2025-04-24 22:05:37,826 [DEBUG]  OP: Operation.SPLIT_COLUMNS on slice (747, 2) (remaining tasks 45)
2025-04-24 22:05:37,932 [DEBUG]  		found 1 col clusters (in 0.10522 secs)
2025-04-24 22:05:37,932 [DEBUG]  OP: Operation.NAIVE_FACTORIZATION on slice (300, 2) (remaining tasks 45)
2025-04-24 22:05:37,935 [DEBUG]  		naive factorization 2 columns (in 0.00251 secs)
2025-04-24 22:05:37,935 [DEBUG]  OP: Operation.CREATE_LEAF on slice (383, 1) (remaining tasks 44)
2025-04-24 22:05:37,935 [DEBUG]  		 created leaf IdentityNumericLeaf for scope=[0] (in 0.00021 secs)
2025-04-24 22:05:37,935 [DEBUG]  OP: Operation.CREATE_LEAF on slice (383, 1) (remaining tasks 43)
2025-04-24 22:05:37,935 [DEBUG]  		 created leaf IdentityNumericLeaf for scope=[1] (in 0.00021 secs)
2025-04-24 22:05:37,935 [DEBUG]  OP: Operation.CREATE_LEAF on slice (383, 1) (remaining tasks 42)
2025-04-24 22:05:37,936 [DEBUG]  		 created leaf IdentityNumericLeaf for scope=[2] (in 0.00030 secs)
2025-04-24 22:05:37,936 [DEBUG]  OP: Operation.SPLIT_ROWS on slice (363, 3) (remaining tasks 41)
2025-04-24 22:05:37,953 [DEBUG]  		found 2 row clusters (in 0.01690 secs)
2025-04-24 22:05:37,953 [DEBUG]  OP: Operation.SPLIT_COLUMNS on slice (753, 2) (remaining tasks 42)
2025-04-24 22:05:38,058 [DEBUG]  		found 1 col clusters (in 0.10483 secs)
2025-04-24 22:05:38,059 [DEBUG]  OP: Operation.SPLIT_COLUMNS on slice (1112, 2) (remaining tasks 42)
2025-04-24 22:05:38,164 [DEBUG]  		found 1 col clusters (in 0.10511 secs)
2025-04-24 22:05:38,164 [DEBUG]  OP: Operation.SPLIT_COLUMNS on slice (423, 2) (remaining tasks 42)
2025-04-24 22:05:38,269 [DEBUG]  		found 1 col clusters (in 0.10477 secs)
2025-04-24 22:05:38,269 [DEBUG]  OP: Operation.CREATE_LEAF on slice (423, 1) (remaining tasks 42)
2025-04-24 22:05:38,270 [DEBUG]  		 created leaf IdentityNumericLeaf for scope=[2] (in 0.00034 secs)
2025-04-24 22:05:38,270 [DEBUG]  OP: Operation.SPLIT_COLUMNS on slice (1738, 2) (remaining tasks 41)
2025-04-24 22:05:38,376 [DEBUG]  		found 1 col clusters (in 0.10611 secs)
2025-04-24 22:05:38,377 [DEBUG]  OP: Operation.NAIVE_FACTORIZATION on slice (151, 2) (remaining tasks 41)
2025-04-24 22:05:38,379 [DEBUG]  		naive factorization 2 columns (in 0.00257 secs)
2025-04-24 22:05:38,380 [DEBUG]  OP: Operation.SPLIT_COLUMNS on slice (444, 2) (remaining tasks 40)
2025-04-24 22:05:38,485 [DEBUG]  		found 1 col clusters (in 0.10541 secs)
2025-04-24 22:05:38,485 [DEBUG]  OP: Operation.SPLIT_COLUMNS on slice (446, 2) (remaining tasks 40)
2025-04-24 22:05:38,591 [DEBUG]  		found 1 col clusters (in 0.10523 secs)
2025-04-24 22:05:38,591 [DEBUG]  OP: Operation.NAIVE_FACTORIZATION on slice (356, 3) (remaining tasks 40)
2025-04-24 22:05:38,595 [DEBUG]  		naive factorization 3 columns (in 0.00395 secs)
2025-04-24 22:05:38,595 [DEBUG]  OP: Operation.SPLIT_COLUMNS on slice (437, 3) (remaining tasks 39)
2025-04-24 22:05:38,701 [DEBUG]  		found 1 col clusters (in 0.10532 secs)
2025-04-24 22:05:38,701 [DEBUG]  OP: Operation.SPLIT_ROWS on slice (437, 2) (remaining tasks 39)
2025-04-24 22:05:38,721 [DEBUG]  		found 2 row clusters (in 0.01973 secs)
2025-04-24 22:05:38,721 [DEBUG]  OP: Operation.SPLIT_ROWS on slice (1936, 2) (remaining tasks 40)
2025-04-24 22:05:38,763 [DEBUG]  		found 2 row clusters (in 0.04132 secs)
2025-04-24 22:05:38,763 [DEBUG]  OP: Operation.SPLIT_COLUMNS on slice (651, 3) (remaining tasks 41)
2025-04-24 22:05:38,907 [DEBUG]  		found 1 col clusters (in 0.14349 secs)
2025-04-24 22:05:38,907 [DEBUG]  OP: Operation.SPLIT_COLUMNS on slice (549, 3) (remaining tasks 41)
2025-04-24 22:05:39,012 [DEBUG]  		found 1 col clusters (in 0.10526 secs)
2025-04-24 22:05:39,013 [DEBUG]  OP: Operation.SPLIT_COLUMNS on slice (460, 3) (remaining tasks 41)
2025-04-24 22:05:39,236 [DEBUG]  		found 1 col clusters (in 0.22272 secs)
2025-04-24 22:05:39,236 [DEBUG]  OP: Operation.SPLIT_COLUMNS on slice (419, 3) (remaining tasks 41)
2025-04-24 22:05:39,341 [DEBUG]  		found 1 col clusters (in 0.10525 secs)
2025-04-24 22:05:39,342 [DEBUG]  OP: Operation.SPLIT_ROWS on slice (1404, 2) (remaining tasks 41)
2025-04-24 22:05:39,367 [DEBUG]  		found 2 row clusters (in 0.02532 secs)
2025-04-24 22:05:39,368 [DEBUG]  OP: Operation.SPLIT_COLUMNS on slice (1289, 3) (remaining tasks 42)
2025-04-24 22:05:39,548 [DEBUG]  		found 1 col clusters (in 0.17915 secs)
2025-04-24 22:05:39,548 [DEBUG]  OP: Operation.NAIVE_FACTORIZATION on slice (139, 3) (remaining tasks 42)
2025-04-24 22:05:39,552 [DEBUG]  		naive factorization 3 columns (in 0.00355 secs)
2025-04-24 22:05:39,552 [DEBUG]  OP: Operation.SPLIT_COLUMNS on slice (675, 3) (remaining tasks 41)
2025-04-24 22:05:39,786 [DEBUG]  		found 1 col clusters (in 0.23388 secs)
2025-04-24 22:05:39,787 [DEBUG]  OP: Operation.SPLIT_COLUMNS on slice (510, 3) (remaining tasks 41)
2025-04-24 22:05:40,007 [DEBUG]  		found 1 col clusters (in 0.22026 secs)
2025-04-24 22:05:40,007 [DEBUG]  OP: Operation.SPLIT_COLUMNS on slice (484, 3) (remaining tasks 41)
2025-04-24 22:05:40,213 [DEBUG]  		found 2 col clusters (in 0.20568 secs)
2025-04-24 22:05:40,214 [DEBUG]  OP: Operation.SPLIT_COLUMNS on slice (985, 3) (remaining tasks 42)
2025-04-24 22:05:40,420 [DEBUG]  		found 1 col clusters (in 0.20607 secs)
2025-04-24 22:05:40,420 [DEBUG]  OP: Operation.SPLIT_COLUMNS on slice (375, 3) (remaining tasks 42)
2025-04-24 22:05:40,634 [DEBUG]  		found 2 col clusters (in 0.21342 secs)
2025-04-24 22:05:40,634 [DEBUG]  OP: Operation.SPLIT_COLUMNS on slice (516, 3) (remaining tasks 43)
2025-04-24 22:05:40,837 [DEBUG]  		found 1 col clusters (in 0.20304 secs)
2025-04-24 22:05:40,838 [DEBUG]  OP: Operation.REMOVE_UNINFORMATIVE_FEATURES on slice (829, 3) (remaining tasks 43)
2025-04-24 22:05:40,838 [DEBUG]  OP: Operation.SPLIT_COLUMNS on slice (845, 3) (remaining tasks 45)
2025-04-24 22:05:41,076 [DEBUG]  		found 1 col clusters (in 0.23764 secs)
2025-04-24 22:05:41,076 [DEBUG]  OP: Operation.REMOVE_UNINFORMATIVE_FEATURES on slice (447, 3) (remaining tasks 45)
2025-04-24 22:05:41,076 [DEBUG]  OP: Operation.REMOVE_UNINFORMATIVE_FEATURES on slice (453, 3) (remaining tasks 47)
2025-04-24 22:05:41,077 [DEBUG]  OP: Operation.SPLIT_COLUMNS on slice (537, 3) (remaining tasks 49)
2025-04-24 22:05:41,294 [DEBUG]  		found 2 col clusters (in 0.21707 secs)
2025-04-24 22:05:41,294 [DEBUG]  OP: Operation.REMOVE_UNINFORMATIVE_FEATURES on slice (210, 3) (remaining tasks 50)
2025-04-24 22:05:41,294 [DEBUG]  OP: Operation.SPLIT_COLUMNS on slice (447, 3) (remaining tasks 52)
2025-04-24 22:05:41,500 [DEBUG]  		found 1 col clusters (in 0.20499 secs)
2025-04-24 22:05:41,500 [DEBUG]  OP: Operation.SPLIT_COLUMNS on slice (506, 3) (remaining tasks 52)
2025-04-24 22:05:41,705 [DEBUG]  		found 2 col clusters (in 0.20525 secs)
2025-04-24 22:05:41,706 [DEBUG]  OP: Operation.SPLIT_COLUMNS on slice (909, 3) (remaining tasks 53)
2025-04-24 22:05:41,920 [DEBUG]  		found 1 col clusters (in 0.21391 secs)
2025-04-24 22:05:41,920 [DEBUG]  OP: Operation.SPLIT_COLUMNS on slice (1183, 3) (remaining tasks 53)
2025-04-24 22:05:42,126 [DEBUG]  		found 1 col clusters (in 0.20615 secs)
2025-04-24 22:05:42,127 [DEBUG]  OP: Operation.SPLIT_ROWS on slice (1074, 2) (remaining tasks 53)
2025-04-24 22:05:42,152 [DEBUG]  		found 2 row clusters (in 0.02459 secs)
2025-04-24 22:05:42,152 [DEBUG]  OP: Operation.SPLIT_COLUMNS on slice (752, 3) (remaining tasks 54)
2025-04-24 22:05:42,340 [DEBUG]  		found 1 col clusters (in 0.18813 secs)
2025-04-24 22:05:42,341 [DEBUG]  OP: Operation.SPLIT_COLUMNS on slice (666, 3) (remaining tasks 54)
2025-04-24 22:05:42,546 [DEBUG]  		found 2 col clusters (in 0.20496 secs)
2025-04-24 22:05:42,546 [DEBUG]  OP: Operation.SPLIT_COLUMNS on slice (781, 3) (remaining tasks 55)
2025-04-24 22:05:42,756 [DEBUG]  		found 2 col clusters (in 0.20995 secs)
2025-04-24 22:05:42,756 [DEBUG]  OP: Operation.REMOVE_UNINFORMATIVE_FEATURES on slice (128, 3) (remaining tasks 56)
2025-04-24 22:05:42,757 [DEBUG]  OP: Operation.SPLIT_ROWS on slice (747, 2) (remaining tasks 58)
2025-04-24 22:05:42,793 [DEBUG]  		found 2 row clusters (in 0.03604 secs)
2025-04-24 22:05:42,794 [DEBUG]  OP: Operation.REMOVE_UNINFORMATIVE_FEATURES on slice (195, 3) (remaining tasks 59)
2025-04-24 22:05:42,795 [DEBUG]  OP: Operation.REMOVE_UNINFORMATIVE_FEATURES on slice (168, 3) (remaining tasks 61)
2025-04-24 22:05:42,795 [DEBUG]  OP: Operation.SPLIT_ROWS on slice (753, 2) (remaining tasks 63)
2025-04-24 22:05:42,821 [DEBUG]  		found 2 row clusters (in 0.02483 secs)
2025-04-24 22:05:42,821 [DEBUG]  OP: Operation.SPLIT_ROWS on slice (1112, 2) (remaining tasks 64)
2025-04-24 22:05:42,859 [DEBUG]  		found 2 row clusters (in 0.03748 secs)
2025-04-24 22:05:42,859 [DEBUG]  OP: Operation.SPLIT_ROWS on slice (423, 2) (remaining tasks 65)
2025-04-24 22:05:42,873 [DEBUG]  		found 2 row clusters (in 0.01407 secs)
2025-04-24 22:05:42,874 [DEBUG]  OP: Operation.SPLIT_ROWS on slice (1738, 2) (remaining tasks 66)
2025-04-24 22:05:42,887 [DEBUG]  		found 2 row clusters (in 0.01321 secs)
2025-04-24 22:05:42,887 [DEBUG]  OP: Operation.SPLIT_ROWS on slice (444, 2) (remaining tasks 67)
2025-04-24 22:05:42,898 [DEBUG]  		found 2 row clusters (in 0.01121 secs)
2025-04-24 22:05:42,899 [DEBUG]  OP: Operation.SPLIT_ROWS on slice (446, 2) (remaining tasks 68)
2025-04-24 22:05:42,908 [DEBUG]  		found 2 row clusters (in 0.00904 secs)
2025-04-24 22:05:42,908 [DEBUG]  OP: Operation.SPLIT_ROWS on slice (437, 3) (remaining tasks 69)
2025-04-24 22:05:42,921 [DEBUG]  		found 2 row clusters (in 0.01316 secs)
2025-04-24 22:05:42,921 [DEBUG]  OP: Operation.NAIVE_FACTORIZATION on slice (196, 2) (remaining tasks 70)
2025-04-24 22:05:42,923 [DEBUG]  		naive factorization 2 columns (in 0.00143 secs)
2025-04-24 22:05:42,923 [DEBUG]  OP: Operation.NAIVE_FACTORIZATION on slice (241, 2) (remaining tasks 69)
2025-04-24 22:05:42,925 [DEBUG]  		naive factorization 2 columns (in 0.00182 secs)
2025-04-24 22:05:42,925 [DEBUG]  OP: Operation.SPLIT_COLUMNS on slice (988, 2) (remaining tasks 68)
2025-04-24 22:05:43,032 [DEBUG]  		found 1 col clusters (in 0.10674 secs)
2025-04-24 22:05:43,033 [DEBUG]  OP: Operation.SPLIT_COLUMNS on slice (948, 2) (remaining tasks 68)
2025-04-24 22:05:43,140 [DEBUG]  		found 1 col clusters (in 0.10746 secs)
2025-04-24 22:05:43,141 [DEBUG]  OP: Operation.SPLIT_ROWS on slice (651, 3) (remaining tasks 68)
2025-04-24 22:05:43,160 [DEBUG]  		found 2 row clusters (in 0.01963 secs)
2025-04-24 22:05:43,161 [DEBUG]  OP: Operation.SPLIT_ROWS on slice (549, 3) (remaining tasks 69)
2025-04-24 22:05:43,189 [DEBUG]  		found 2 row clusters (in 0.02802 secs)
2025-04-24 22:05:43,189 [DEBUG]  OP: Operation.SPLIT_ROWS on slice (460, 3) (remaining tasks 70)
2025-04-24 22:05:43,211 [DEBUG]  		found 2 row clusters (in 0.02134 secs)
2025-04-24 22:05:43,211 [DEBUG]  OP: Operation.SPLIT_ROWS on slice (419, 3) (remaining tasks 71)
2025-04-24 22:05:43,234 [DEBUG]  		found 2 row clusters (in 0.02300 secs)
2025-04-24 22:05:43,234 [DEBUG]  OP: Operation.SPLIT_COLUMNS on slice (848, 2) (remaining tasks 72)
2025-04-24 22:05:43,340 [DEBUG]  		found 1 col clusters (in 0.10541 secs)
2025-04-24 22:05:43,340 [DEBUG]  OP: Operation.SPLIT_COLUMNS on slice (556, 2) (remaining tasks 72)
2025-04-24 22:05:43,445 [DEBUG]  		found 1 col clusters (in 0.10492 secs)
2025-04-24 22:05:43,446 [DEBUG]  OP: Operation.SPLIT_ROWS on slice (1289, 3) (remaining tasks 72)
2025-04-24 22:05:43,476 [DEBUG]  		found 2 row clusters (in 0.02984 secs)
2025-04-24 22:05:43,476 [DEBUG]  OP: Operation.SPLIT_ROWS on slice (675, 3) (remaining tasks 73)
2025-04-24 22:05:43,496 [DEBUG]  		found 2 row clusters (in 0.02025 secs)
2025-04-24 22:05:43,497 [DEBUG]  OP: Operation.SPLIT_ROWS on slice (510, 3) (remaining tasks 74)
2025-04-24 22:05:43,517 [DEBUG]  		found 2 row clusters (in 0.02034 secs)
2025-04-24 22:05:43,517 [DEBUG]  OP: Operation.SPLIT_COLUMNS on slice (484, 2) (remaining tasks 75)
2025-04-24 22:05:43,623 [DEBUG]  		found 1 col clusters (in 0.10553 secs)
2025-04-24 22:05:43,623 [DEBUG]  OP: Operation.CREATE_LEAF on slice (484, 1) (remaining tasks 75)
2025-04-24 22:05:43,624 [DEBUG]  		 created leaf IdentityNumericLeaf for scope=[2] (in 0.00036 secs)
2025-04-24 22:05:43,624 [DEBUG]  OP: Operation.SPLIT_ROWS on slice (985, 3) (remaining tasks 74)
2025-04-24 22:05:43,645 [DEBUG]  		found 2 row clusters (in 0.02107 secs)
2025-04-24 22:05:43,645 [DEBUG]  OP: Operation.SPLIT_COLUMNS on slice (375, 2) (remaining tasks 75)
2025-04-24 22:05:43,750 [DEBUG]  		found 1 col clusters (in 0.10488 secs)
2025-04-24 22:05:43,751 [DEBUG]  OP: Operation.CREATE_LEAF on slice (375, 1) (remaining tasks 75)
2025-04-24 22:05:43,751 [DEBUG]  		 created leaf IdentityNumericLeaf for scope=[2] (in 0.00032 secs)
2025-04-24 22:05:43,751 [DEBUG]  OP: Operation.SPLIT_ROWS on slice (516, 3) (remaining tasks 74)
2025-04-24 22:05:43,780 [DEBUG]  		found 2 row clusters (in 0.02897 secs)
2025-04-24 22:05:43,780 [DEBUG]  OP: Operation.CREATE_LEAF on slice (829, 1) (remaining tasks 75)
2025-04-24 22:05:43,781 [DEBUG]  		 created leaf IdentityNumericLeaf for scope=[0] (in 0.00025 secs)
2025-04-24 22:05:43,781 [DEBUG]  OP: Operation.CREATE_LEAF on slice (829, 1) (remaining tasks 74)
2025-04-24 22:05:43,781 [DEBUG]  		 created leaf IdentityNumericLeaf for scope=[1] (in 0.00023 secs)
2025-04-24 22:05:43,781 [DEBUG]  OP: Operation.CREATE_LEAF on slice (829, 1) (remaining tasks 73)
2025-04-24 22:05:43,782 [DEBUG]  		 created leaf IdentityNumericLeaf for scope=[2] (in 0.00032 secs)
2025-04-24 22:05:43,782 [DEBUG]  OP: Operation.SPLIT_ROWS on slice (845, 3) (remaining tasks 72)
2025-04-24 22:05:43,814 [DEBUG]  		found 2 row clusters (in 0.03220 secs)
2025-04-24 22:05:43,815 [DEBUG]  OP: Operation.CREATE_LEAF on slice (447, 1) (remaining tasks 73)
2025-04-24 22:05:43,815 [DEBUG]  		 created leaf IdentityNumericLeaf for scope=[0] (in 0.00023 secs)
2025-04-24 22:05:43,815 [DEBUG]  OP: Operation.CREATE_LEAF on slice (447, 1) (remaining tasks 72)
2025-04-24 22:05:43,815 [DEBUG]  		 created leaf IdentityNumericLeaf for scope=[1] (in 0.00021 secs)
2025-04-24 22:05:43,815 [DEBUG]  OP: Operation.CREATE_LEAF on slice (447, 1) (remaining tasks 71)
2025-04-24 22:05:43,816 [DEBUG]  		 created leaf IdentityNumericLeaf for scope=[2] (in 0.00029 secs)
2025-04-24 22:05:43,816 [DEBUG]  OP: Operation.CREATE_LEAF on slice (453, 1) (remaining tasks 70)
2025-04-24 22:05:43,816 [DEBUG]  		 created leaf IdentityNumericLeaf for scope=[0] (in 0.00022 secs)
2025-04-24 22:05:43,816 [DEBUG]  OP: Operation.CREATE_LEAF on slice (453, 1) (remaining tasks 69)
2025-04-24 22:05:43,817 [DEBUG]  		 created leaf IdentityNumericLeaf for scope=[1] (in 0.00021 secs)
2025-04-24 22:05:43,817 [DEBUG]  OP: Operation.CREATE_LEAF on slice (453, 1) (remaining tasks 68)
2025-04-24 22:05:43,817 [DEBUG]  		 created leaf IdentityNumericLeaf for scope=[2] (in 0.00027 secs)
2025-04-24 22:05:43,817 [DEBUG]  OP: Operation.SPLIT_COLUMNS on slice (537, 2) (remaining tasks 67)
2025-04-24 22:05:43,923 [DEBUG]  		found 1 col clusters (in 0.10550 secs)
2025-04-24 22:05:43,923 [DEBUG]  OP: Operation.CREATE_LEAF on slice (537, 1) (remaining tasks 67)
2025-04-24 22:05:43,923 [DEBUG]  		 created leaf IdentityNumericLeaf for scope=[2] (in 0.00032 secs)
2025-04-24 22:05:43,923 [DEBUG]  OP: Operation.CREATE_LEAF on slice (210, 1) (remaining tasks 66)
2025-04-24 22:05:43,924 [DEBUG]  		 created leaf IdentityNumericLeaf for scope=[0] (in 0.00022 secs)
2025-04-24 22:05:43,924 [DEBUG]  OP: Operation.CREATE_LEAF on slice (210, 1) (remaining tasks 65)
2025-04-24 22:05:43,924 [DEBUG]  		 created leaf IdentityNumericLeaf for scope=[1] (in 0.00021 secs)
2025-04-24 22:05:43,924 [DEBUG]  OP: Operation.CREATE_LEAF on slice (210, 1) (remaining tasks 64)
2025-04-24 22:05:43,925 [DEBUG]  		 created leaf IdentityNumericLeaf for scope=[2] (in 0.00027 secs)
2025-04-24 22:05:43,925 [DEBUG]  OP: Operation.SPLIT_ROWS on slice (447, 3) (remaining tasks 63)
2025-04-24 22:05:43,948 [DEBUG]  		found 2 row clusters (in 0.02253 secs)
2025-04-24 22:05:43,948 [DEBUG]  OP: Operation.SPLIT_COLUMNS on slice (506, 2) (remaining tasks 64)
2025-04-24 22:05:44,053 [DEBUG]  		found 1 col clusters (in 0.10489 secs)
2025-04-24 22:05:44,053 [DEBUG]  OP: Operation.CREATE_LEAF on slice (506, 1) (remaining tasks 64)
2025-04-24 22:05:44,053 [DEBUG]  		 created leaf IdentityNumericLeaf for scope=[2] (in 0.00029 secs)
2025-04-24 22:05:44,054 [DEBUG]  OP: Operation.SPLIT_ROWS on slice (909, 3) (remaining tasks 63)
2025-04-24 22:05:44,090 [DEBUG]  		found 2 row clusters (in 0.03645 secs)
2025-04-24 22:05:44,091 [DEBUG]  OP: Operation.SPLIT_ROWS on slice (1183, 3) (remaining tasks 64)
2025-04-24 22:05:44,137 [DEBUG]  		found 2 row clusters (in 0.04666 secs)
2025-04-24 22:05:44,138 [DEBUG]  OP: Operation.NAIVE_FACTORIZATION on slice (1029, 2) (remaining tasks 65)
2025-04-24 22:05:44,139 [DEBUG]  		naive factorization 2 columns (in 0.00144 secs)
2025-04-24 22:05:44,140 [DEBUG]  OP: Operation.NAIVE_FACTORIZATION on slice (45, 2) (remaining tasks 64)
2025-04-24 22:05:44,141 [DEBUG]  		naive factorization 2 columns (in 0.00120 secs)
2025-04-24 22:05:44,141 [DEBUG]  OP: Operation.SPLIT_ROWS on slice (752, 3) (remaining tasks 63)
2025-04-24 22:05:44,167 [DEBUG]  		found 2 row clusters (in 0.02610 secs)
2025-04-24 22:05:44,168 [DEBUG]  OP: Operation.SPLIT_COLUMNS on slice (666, 2) (remaining tasks 64)
2025-04-24 22:05:44,271 [DEBUG]  		found 1 col clusters (in 0.10383 secs)
2025-04-24 22:05:44,272 [DEBUG]  OP: Operation.CREATE_LEAF on slice (666, 1) (remaining tasks 64)
2025-04-24 22:05:44,272 [DEBUG]  		 created leaf IdentityNumericLeaf for scope=[2] (in 0.00034 secs)
2025-04-24 22:05:44,272 [DEBUG]  OP: Operation.SPLIT_COLUMNS on slice (781, 2) (remaining tasks 63)
2025-04-24 22:05:44,378 [DEBUG]  		found 1 col clusters (in 0.10532 secs)
2025-04-24 22:05:44,378 [DEBUG]  OP: Operation.CREATE_LEAF on slice (781, 1) (remaining tasks 63)
2025-04-24 22:05:44,378 [DEBUG]  		 created leaf IdentityNumericLeaf for scope=[2] (in 0.00037 secs)
2025-04-24 22:05:44,378 [DEBUG]  OP: Operation.CREATE_LEAF on slice (128, 1) (remaining tasks 62)
2025-04-24 22:05:44,379 [DEBUG]  		 created leaf IdentityNumericLeaf for scope=[0] (in 0.00022 secs)
2025-04-24 22:05:44,379 [DEBUG]  OP: Operation.CREATE_LEAF on slice (128, 1) (remaining tasks 61)
2025-04-24 22:05:44,379 [DEBUG]  		 created leaf IdentityNumericLeaf for scope=[1] (in 0.00020 secs)
2025-04-24 22:05:44,379 [DEBUG]  OP: Operation.CREATE_LEAF on slice (128, 1) (remaining tasks 60)
2025-04-24 22:05:44,380 [DEBUG]  		 created leaf IdentityNumericLeaf for scope=[2] (in 0.00027 secs)
2025-04-24 22:05:44,380 [DEBUG]  OP: Operation.SPLIT_COLUMNS on slice (741, 2) (remaining tasks 59)
2025-04-24 22:05:44,485 [DEBUG]  		found 1 col clusters (in 0.10503 secs)
2025-04-24 22:05:44,485 [DEBUG]  OP: Operation.NAIVE_FACTORIZATION on slice (6, 2) (remaining tasks 59)
2025-04-24 22:05:44,487 [DEBUG]  		naive factorization 2 columns (in 0.00128 secs)
2025-04-24 22:05:44,487 [DEBUG]  OP: Operation.CREATE_LEAF on slice (195, 1) (remaining tasks 58)
2025-04-24 22:05:44,487 [DEBUG]  		 created leaf IdentityNumericLeaf for scope=[0] (in 0.00023 secs)
2025-04-24 22:05:44,487 [DEBUG]  OP: Operation.CREATE_LEAF on slice (195, 1) (remaining tasks 57)
2025-04-24 22:05:44,488 [DEBUG]  		 created leaf IdentityNumericLeaf for scope=[1] (in 0.00021 secs)
2025-04-24 22:05:44,488 [DEBUG]  OP: Operation.CREATE_LEAF on slice (195, 1) (remaining tasks 56)
2025-04-24 22:05:44,488 [DEBUG]  		 created leaf IdentityNumericLeaf for scope=[2] (in 0.00026 secs)
2025-04-24 22:05:44,488 [DEBUG]  OP: Operation.CREATE_LEAF on slice (168, 1) (remaining tasks 55)
2025-04-24 22:05:44,488 [DEBUG]  		 created leaf IdentityNumericLeaf for scope=[0] (in 0.00021 secs)
2025-04-24 22:05:44,488 [DEBUG]  OP: Operation.CREATE_LEAF on slice (168, 1) (remaining tasks 54)
2025-04-24 22:05:44,489 [DEBUG]  		 created leaf IdentityNumericLeaf for scope=[1] (in 0.00020 secs)
2025-04-24 22:05:44,489 [DEBUG]  OP: Operation.CREATE_LEAF on slice (168, 1) (remaining tasks 53)
2025-04-24 22:05:44,489 [DEBUG]  		 created leaf IdentityNumericLeaf for scope=[2] (in 0.00026 secs)
2025-04-24 22:05:44,490 [DEBUG]  OP: Operation.NAIVE_FACTORIZATION on slice (723, 2) (remaining tasks 52)
2025-04-24 22:05:44,491 [DEBUG]  		naive factorization 2 columns (in 0.00119 secs)
2025-04-24 22:05:44,491 [DEBUG]  OP: Operation.NAIVE_FACTORIZATION on slice (30, 2) (remaining tasks 51)
2025-04-24 22:05:44,492 [DEBUG]  		naive factorization 2 columns (in 0.00107 secs)
2025-04-24 22:05:44,493 [DEBUG]  OP: Operation.NAIVE_FACTORIZATION on slice (713, 2) (remaining tasks 50)
2025-04-24 22:05:44,494 [DEBUG]  		naive factorization 2 columns (in 0.00139 secs)
2025-04-24 22:05:44,494 [DEBUG]  OP: Operation.NAIVE_FACTORIZATION on slice (399, 2) (remaining tasks 49)
2025-04-24 22:05:44,496 [DEBUG]  		naive factorization 2 columns (in 0.00113 secs)
2025-04-24 22:05:44,496 [DEBUG]  OP: Operation.NAIVE_FACTORIZATION on slice (186, 2) (remaining tasks 48)
2025-04-24 22:05:44,497 [DEBUG]  		naive factorization 2 columns (in 0.00137 secs)
2025-04-24 22:05:44,497 [DEBUG]  OP: Operation.NAIVE_FACTORIZATION on slice (237, 2) (remaining tasks 47)
2025-04-24 22:05:44,499 [DEBUG]  		naive factorization 2 columns (in 0.00132 secs)
2025-04-24 22:05:44,499 [DEBUG]  OP: Operation.SPLIT_COLUMNS on slice (1122, 2) (remaining tasks 46)
2025-04-24 22:05:44,605 [DEBUG]  		found 1 col clusters (in 0.10523 secs)
2025-04-24 22:05:44,605 [DEBUG]  OP: Operation.SPLIT_COLUMNS on slice (616, 2) (remaining tasks 46)
2025-04-24 22:05:44,710 [DEBUG]  		found 1 col clusters (in 0.10473 secs)
2025-04-24 22:05:44,710 [DEBUG]  OP: Operation.SPLIT_COLUMNS on slice (383, 2) (remaining tasks 46)
2025-04-24 22:05:44,815 [DEBUG]  		found 1 col clusters (in 0.10513 secs)
2025-04-24 22:05:44,815 [DEBUG]  OP: Operation.NAIVE_FACTORIZATION on slice (61, 2) (remaining tasks 46)
2025-04-24 22:05:44,817 [DEBUG]  		naive factorization 2 columns (in 0.00125 secs)
2025-04-24 22:05:44,817 [DEBUG]  OP: Operation.NAIVE_FACTORIZATION on slice (376, 2) (remaining tasks 45)
2025-04-24 22:05:44,818 [DEBUG]  		naive factorization 2 columns (in 0.00104 secs)
2025-04-24 22:05:44,818 [DEBUG]  OP: Operation.NAIVE_FACTORIZATION on slice (70, 2) (remaining tasks 44)
2025-04-24 22:05:44,820 [DEBUG]  		naive factorization 2 columns (in 0.00104 secs)
2025-04-24 22:05:44,820 [DEBUG]  OP: Operation.NAIVE_FACTORIZATION on slice (202, 3) (remaining tasks 43)
2025-04-24 22:05:44,822 [DEBUG]  		naive factorization 3 columns (in 0.00244 secs)
2025-04-24 22:05:44,823 [DEBUG]  OP: Operation.NAIVE_FACTORIZATION on slice (235, 3) (remaining tasks 42)
2025-04-24 22:05:44,825 [DEBUG]  		naive factorization 3 columns (in 0.00215 secs)
2025-04-24 22:05:44,825 [DEBUG]  OP: Operation.SPLIT_ROWS on slice (988, 2) (remaining tasks 41)
2025-04-24 22:05:44,841 [DEBUG]  		found 2 row clusters (in 0.01563 secs)
2025-04-24 22:05:44,841 [DEBUG]  OP: Operation.SPLIT_ROWS on slice (948, 2) (remaining tasks 42)
2025-04-24 22:05:44,857 [DEBUG]  		found 2 row clusters (in 0.01546 secs)
2025-04-24 22:05:44,857 [DEBUG]  OP: Operation.SPLIT_COLUMNS on slice (440, 3) (remaining tasks 43)
2025-04-24 22:05:44,963 [DEBUG]  		found 2 col clusters (in 0.10543 secs)
2025-04-24 22:05:44,963 [DEBUG]  OP: Operation.NAIVE_FACTORIZATION on slice (211, 3) (remaining tasks 44)
2025-04-24 22:05:44,965 [DEBUG]  		naive factorization 3 columns (in 0.00220 secs)
2025-04-24 22:05:44,965 [DEBUG]  OP: Operation.NAIVE_FACTORIZATION on slice (262, 3) (remaining tasks 43)
2025-04-24 22:05:44,967 [DEBUG]  		naive factorization 3 columns (in 0.00139 secs)
2025-04-24 22:05:44,967 [DEBUG]  OP: Operation.NAIVE_FACTORIZATION on slice (287, 3) (remaining tasks 42)
2025-04-24 22:05:44,969 [DEBUG]  		naive factorization 3 columns (in 0.00184 secs)
2025-04-24 22:05:44,969 [DEBUG]  OP: Operation.NAIVE_FACTORIZATION on slice (174, 3) (remaining tasks 41)
2025-04-24 22:05:44,971 [DEBUG]  		naive factorization 3 columns (in 0.00124 secs)
2025-04-24 22:05:44,971 [DEBUG]  OP: Operation.NAIVE_FACTORIZATION on slice (286, 3) (remaining tasks 40)
2025-04-24 22:05:44,972 [DEBUG]  		naive factorization 3 columns (in 0.00126 secs)
2025-04-24 22:05:44,972 [DEBUG]  OP: Operation.NAIVE_FACTORIZATION on slice (188, 3) (remaining tasks 39)
2025-04-24 22:05:44,974 [DEBUG]  		naive factorization 3 columns (in 0.00178 secs)
2025-04-24 22:05:44,975 [DEBUG]  OP: Operation.NAIVE_FACTORIZATION on slice (231, 3) (remaining tasks 38)
2025-04-24 22:05:44,977 [DEBUG]  		naive factorization 3 columns (in 0.00197 secs)
2025-04-24 22:05:44,977 [DEBUG]  OP: Operation.SPLIT_ROWS on slice (848, 2) (remaining tasks 37)
2025-04-24 22:05:45,000 [DEBUG]  		found 2 row clusters (in 0.02260 secs)
2025-04-24 22:05:45,000 [DEBUG]  OP: Operation.SPLIT_ROWS on slice (556, 2) (remaining tasks 38)
2025-04-24 22:05:45,054 [DEBUG]  		found 2 row clusters (in 0.05370 secs)
2025-04-24 22:05:45,054 [DEBUG]  OP: Operation.SPLIT_COLUMNS on slice (1110, 3) (remaining tasks 39)
2025-04-24 22:05:45,176 [DEBUG]  		found 2 col clusters (in 0.12163 secs)
2025-04-24 22:05:45,176 [DEBUG]  OP: Operation.NAIVE_FACTORIZATION on slice (179, 3) (remaining tasks 40)
2025-04-24 22:05:45,178 [DEBUG]  		naive factorization 3 columns (in 0.00136 secs)
2025-04-24 22:05:45,178 [DEBUG]  OP: Operation.NAIVE_FACTORIZATION on slice (284, 3) (remaining tasks 39)
2025-04-24 22:05:45,180 [DEBUG]  		naive factorization 3 columns (in 0.00206 secs)
2025-04-24 22:05:45,180 [DEBUG]  OP: Operation.SPLIT_COLUMNS on slice (391, 3) (remaining tasks 38)
2025-04-24 22:05:45,391 [DEBUG]  		found 1 col clusters (in 0.21096 secs)
2025-04-24 22:05:45,392 [DEBUG]  OP: Operation.REMOVE_UNINFORMATIVE_FEATURES on slice (241, 3) (remaining tasks 38)
2025-04-24 22:05:45,392 [DEBUG]  OP: Operation.NAIVE_FACTORIZATION on slice (269, 3) (remaining tasks 40)
2025-04-24 22:05:45,394 [DEBUG]  		naive factorization 3 columns (in 0.00205 secs)
2025-04-24 22:05:45,394 [DEBUG]  OP: Operation.SPLIT_ROWS on slice (484, 2) (remaining tasks 39)
2025-04-24 22:05:45,415 [DEBUG]  		found 2 row clusters (in 0.02026 secs)
2025-04-24 22:05:45,416 [DEBUG]  OP: Operation.REMOVE_UNINFORMATIVE_FEATURES on slice (549, 3) (remaining tasks 40)
2025-04-24 22:05:45,416 [DEBUG]  OP: Operation.SPLIT_COLUMNS on slice (436, 3) (remaining tasks 42)
2025-04-24 22:05:45,604 [DEBUG]  		found 2 col clusters (in 0.18708 secs)
2025-04-24 22:05:45,604 [DEBUG]  OP: Operation.SPLIT_ROWS on slice (375, 2) (remaining tasks 43)
2025-04-24 22:05:45,625 [DEBUG]  		found 2 row clusters (in 0.02132 secs)
2025-04-24 22:05:45,626 [DEBUG]  OP: Operation.SPLIT_COLUMNS on slice (447, 3) (remaining tasks 44)
2025-04-24 22:05:45,811 [DEBUG]  		found 1 col clusters (in 0.18462 secs)
2025-04-24 22:05:45,812 [DEBUG]  OP: Operation.NAIVE_FACTORIZATION on slice (69, 3) (remaining tasks 44)
2025-04-24 22:05:45,813 [DEBUG]  		naive factorization 3 columns (in 0.00172 secs)
2025-04-24 22:05:45,814 [DEBUG]  OP: Operation.REMOVE_UNINFORMATIVE_FEATURES on slice (679, 3) (remaining tasks 43)
2025-04-24 22:05:45,814 [DEBUG]  OP: Operation.NAIVE_FACTORIZATION on slice (166, 3) (remaining tasks 45)
2025-04-24 22:05:45,816 [DEBUG]  		naive factorization 3 columns (in 0.00191 secs)
2025-04-24 22:05:45,816 [DEBUG]  OP: Operation.SPLIT_ROWS on slice (537, 2) (remaining tasks 44)
2025-04-24 22:05:45,838 [DEBUG]  		found 2 row clusters (in 0.02187 secs)
2025-04-24 22:05:45,839 [DEBUG]  OP: Operation.NAIVE_FACTORIZATION on slice (341, 3) (remaining tasks 45)
2025-04-24 22:05:45,841 [DEBUG]  		naive factorization 3 columns (in 0.00128 secs)
2025-04-24 22:05:45,841 [DEBUG]  OP: Operation.NAIVE_FACTORIZATION on slice (106, 3) (remaining tasks 44)
2025-04-24 22:05:45,843 [DEBUG]  		naive factorization 3 columns (in 0.00153 secs)
2025-04-24 22:05:45,843 [DEBUG]  OP: Operation.SPLIT_ROWS on slice (506, 2) (remaining tasks 43)
2025-04-24 22:05:45,873 [DEBUG]  		found 2 row clusters (in 0.02996 secs)
2025-04-24 22:05:45,873 [DEBUG]  OP: Operation.SPLIT_COLUMNS on slice (368, 3) (remaining tasks 44)
2025-04-24 22:05:46,017 [DEBUG]  		found 1 col clusters (in 0.14377 secs)
2025-04-24 22:05:46,018 [DEBUG]  OP: Operation.SPLIT_COLUMNS on slice (541, 3) (remaining tasks 44)
2025-04-24 22:05:46,216 [DEBUG]  		found 2 col clusters (in 0.19868 secs)
2025-04-24 22:05:46,217 [DEBUG]  OP: Operation.SPLIT_COLUMNS on slice (736, 3) (remaining tasks 45)
2025-04-24 22:05:46,427 [DEBUG]  		found 2 col clusters (in 0.20973 secs)
2025-04-24 22:05:46,427 [DEBUG]  OP: Operation.SPLIT_COLUMNS on slice (447, 3) (remaining tasks 46)
2025-04-24 22:05:46,637 [DEBUG]  		found 1 col clusters (in 0.21008 secs)
2025-04-24 22:05:46,638 [DEBUG]  OP: Operation.NAIVE_FACTORIZATION on slice (310, 3) (remaining tasks 46)
2025-04-24 22:05:46,641 [DEBUG]  		naive factorization 3 columns (in 0.00265 secs)
2025-04-24 22:05:46,641 [DEBUG]  OP: Operation.SPLIT_COLUMNS on slice (442, 3) (remaining tasks 45)
2025-04-24 22:05:46,746 [DEBUG]  		found 1 col clusters (in 0.10530 secs)
2025-04-24 22:05:46,747 [DEBUG]  OP: Operation.SPLIT_ROWS on slice (666, 2) (remaining tasks 45)
2025-04-24 22:05:46,772 [DEBUG]  		found 2 row clusters (in 0.02483 secs)
2025-04-24 22:05:46,773 [DEBUG]  OP: Operation.SPLIT_ROWS on slice (781, 2) (remaining tasks 46)
2025-04-24 22:05:46,814 [DEBUG]  		found 2 row clusters (in 0.04017 secs)
2025-04-24 22:05:46,815 [DEBUG]  OP: Operation.SPLIT_ROWS on slice (741, 2) (remaining tasks 47)
2025-04-24 22:05:46,855 [DEBUG]  		found 2 row clusters (in 0.03992 secs)
2025-04-24 22:05:46,856 [DEBUG]  OP: Operation.SPLIT_ROWS on slice (1122, 2) (remaining tasks 48)
2025-04-24 22:05:46,880 [DEBUG]  		found 2 row clusters (in 0.02286 secs)
2025-04-24 22:05:46,880 [DEBUG]  OP: Operation.SPLIT_ROWS on slice (616, 2) (remaining tasks 49)
2025-04-24 22:05:46,890 [DEBUG]  		found 2 row clusters (in 0.00938 secs)
2025-04-24 22:05:46,890 [DEBUG]  OP: Operation.SPLIT_ROWS on slice (383, 2) (remaining tasks 50)
2025-04-24 22:05:46,899 [DEBUG]  		found 2 row clusters (in 0.00884 secs)
2025-04-24 22:05:46,899 [DEBUG]  OP: Operation.NAIVE_FACTORIZATION on slice (795, 2) (remaining tasks 51)
2025-04-24 22:05:46,900 [DEBUG]  		naive factorization 2 columns (in 0.00087 secs)
2025-04-24 22:05:46,900 [DEBUG]  OP: Operation.NAIVE_FACTORIZATION on slice (193, 2) (remaining tasks 50)
2025-04-24 22:05:46,901 [DEBUG]  		naive factorization 2 columns (in 0.00125 secs)
2025-04-24 22:05:46,902 [DEBUG]  OP: Operation.NAIVE_FACTORIZATION on slice (845, 2) (remaining tasks 49)
2025-04-24 22:05:46,903 [DEBUG]  		naive factorization 2 columns (in 0.00086 secs)
2025-04-24 22:05:46,903 [DEBUG]  OP: Operation.NAIVE_FACTORIZATION on slice (103, 2) (remaining tasks 48)
2025-04-24 22:05:46,903 [DEBUG]  		naive factorization 2 columns (in 0.00063 secs)
2025-04-24 22:05:46,904 [DEBUG]  OP: Operation.SPLIT_COLUMNS on slice (440, 2) (remaining tasks 47)
2025-04-24 22:05:47,008 [DEBUG]  		found 1 col clusters (in 0.10424 secs)
2025-04-24 22:05:47,008 [DEBUG]  OP: Operation.CREATE_LEAF on slice (440, 1) (remaining tasks 47)
2025-04-24 22:05:47,008 [DEBUG]  		 created leaf IdentityNumericLeaf for scope=[2] (in 0.00033 secs)
2025-04-24 22:05:47,009 [DEBUG]  OP: Operation.SPLIT_COLUMNS on slice (809, 2) (remaining tasks 46)
2025-04-24 22:05:47,114 [DEBUG]  		found 1 col clusters (in 0.10478 secs)
2025-04-24 22:05:47,114 [DEBUG]  OP: Operation.NAIVE_FACTORIZATION on slice (39, 2) (remaining tasks 46)
2025-04-24 22:05:47,115 [DEBUG]  		naive factorization 2 columns (in 0.00128 secs)
2025-04-24 22:05:47,116 [DEBUG]  OP: Operation.NAIVE_FACTORIZATION on slice (544, 2) (remaining tasks 45)
2025-04-24 22:05:47,117 [DEBUG]  		naive factorization 2 columns (in 0.00121 secs)
2025-04-24 22:05:47,117 [DEBUG]  OP: Operation.NAIVE_FACTORIZATION on slice (12, 2) (remaining tasks 44)
2025-04-24 22:05:47,118 [DEBUG]  		naive factorization 2 columns (in 0.00112 secs)
2025-04-24 22:05:47,119 [DEBUG]  OP: Operation.SPLIT_COLUMNS on slice (1110, 2) (remaining tasks 43)
2025-04-24 22:05:47,224 [DEBUG]  		found 1 col clusters (in 0.10546 secs)
2025-04-24 22:05:47,224 [DEBUG]  OP: Operation.CREATE_LEAF on slice (1110, 1) (remaining tasks 43)
2025-04-24 22:05:47,225 [DEBUG]  		 created leaf IdentityNumericLeaf for scope=[2] (in 0.00041 secs)
2025-04-24 22:05:47,225 [DEBUG]  OP: Operation.SPLIT_ROWS on slice (391, 3) (remaining tasks 42)
2025-04-24 22:05:47,243 [DEBUG]  		found 2 row clusters (in 0.01723 secs)
2025-04-24 22:05:47,243 [DEBUG]  OP: Operation.CREATE_LEAF on slice (241, 1) (remaining tasks 43)
2025-04-24 22:05:47,243 [DEBUG]  		 created leaf IdentityNumericLeaf for scope=[0] (in 0.00023 secs)
2025-04-24 22:05:47,243 [DEBUG]  OP: Operation.CREATE_LEAF on slice (241, 1) (remaining tasks 42)
2025-04-24 22:05:47,243 [DEBUG]  		 created leaf IdentityNumericLeaf for scope=[1] (in 0.00021 secs)
2025-04-24 22:05:47,244 [DEBUG]  OP: Operation.CREATE_LEAF on slice (241, 1) (remaining tasks 41)
2025-04-24 22:05:47,244 [DEBUG]  		 created leaf IdentityNumericLeaf for scope=[2] (in 0.00027 secs)
2025-04-24 22:05:47,244 [DEBUG]  OP: Operation.SPLIT_COLUMNS on slice (459, 2) (remaining tasks 40)
2025-04-24 22:05:47,349 [DEBUG]  		found 1 col clusters (in 0.10489 secs)
2025-04-24 22:05:47,349 [DEBUG]  OP: Operation.NAIVE_FACTORIZATION on slice (25, 2) (remaining tasks 40)
2025-04-24 22:05:47,351 [DEBUG]  		naive factorization 2 columns (in 0.00123 secs)
2025-04-24 22:05:47,351 [DEBUG]  OP: Operation.CREATE_LEAF on slice (549, 1) (remaining tasks 39)
2025-04-24 22:05:47,351 [DEBUG]  		 created leaf IdentityNumericLeaf for scope=[0] (in 0.00025 secs)
2025-04-24 22:05:47,351 [DEBUG]  OP: Operation.CREATE_LEAF on slice (549, 1) (remaining tasks 38)
2025-04-24 22:05:47,352 [DEBUG]  		 created leaf IdentityNumericLeaf for scope=[1] (in 0.00022 secs)
2025-04-24 22:05:47,352 [DEBUG]  OP: Operation.CREATE_LEAF on slice (549, 1) (remaining tasks 37)
2025-04-24 22:05:47,352 [DEBUG]  		 created leaf IdentityNumericLeaf for scope=[2] (in 0.00030 secs)
2025-04-24 22:05:47,352 [DEBUG]  OP: Operation.SPLIT_COLUMNS on slice (436, 2) (remaining tasks 36)
2025-04-24 22:05:47,457 [DEBUG]  		found 1 col clusters (in 0.10471 secs)
2025-04-24 22:05:47,457 [DEBUG]  OP: Operation.CREATE_LEAF on slice (436, 1) (remaining tasks 36)
2025-04-24 22:05:47,458 [DEBUG]  		 created leaf IdentityNumericLeaf for scope=[2] (in 0.00030 secs)
2025-04-24 22:05:47,458 [DEBUG]  OP: Operation.NAIVE_FACTORIZATION on slice (146, 2) (remaining tasks 35)
2025-04-24 22:05:47,459 [DEBUG]  		naive factorization 2 columns (in 0.00127 secs)
2025-04-24 22:05:47,460 [DEBUG]  OP: Operation.NAIVE_FACTORIZATION on slice (229, 2) (remaining tasks 34)
2025-04-24 22:05:47,461 [DEBUG]  		naive factorization 2 columns (in 0.00116 secs)
2025-04-24 22:05:47,461 [DEBUG]  OP: Operation.SPLIT_ROWS on slice (447, 3) (remaining tasks 33)
2025-04-24 22:05:47,492 [DEBUG]  		found 2 row clusters (in 0.03037 secs)
2025-04-24 22:05:47,492 [DEBUG]  OP: Operation.CREATE_LEAF on slice (679, 1) (remaining tasks 34)
2025-04-24 22:05:47,492 [DEBUG]  		 created leaf IdentityNumericLeaf for scope=[0] (in 0.00026 secs)
2025-04-24 22:05:47,492 [DEBUG]  OP: Operation.CREATE_LEAF on slice (679, 1) (remaining tasks 33)
2025-04-24 22:05:47,493 [DEBUG]  		 created leaf IdentityNumericLeaf for scope=[1] (in 0.00022 secs)
2025-04-24 22:05:47,493 [DEBUG]  OP: Operation.CREATE_LEAF on slice (679, 1) (remaining tasks 32)
2025-04-24 22:05:47,493 [DEBUG]  		 created leaf IdentityNumericLeaf for scope=[2] (in 0.00030 secs)
2025-04-24 22:05:47,493 [DEBUG]  OP: Operation.NAIVE_FACTORIZATION on slice (466, 2) (remaining tasks 31)
2025-04-24 22:05:47,494 [DEBUG]  		naive factorization 2 columns (in 0.00093 secs)
2025-04-24 22:05:47,495 [DEBUG]  OP: Operation.NAIVE_FACTORIZATION on slice (71, 2) (remaining tasks 30)
2025-04-24 22:05:47,496 [DEBUG]  		naive factorization 2 columns (in 0.00085 secs)
2025-04-24 22:05:47,496 [DEBUG]  OP: Operation.NAIVE_FACTORIZATION on slice (328, 2) (remaining tasks 29)
2025-04-24 22:05:47,497 [DEBUG]  		naive factorization 2 columns (in 0.00091 secs)
2025-04-24 22:05:47,497 [DEBUG]  OP: Operation.NAIVE_FACTORIZATION on slice (178, 2) (remaining tasks 28)
2025-04-24 22:05:47,498 [DEBUG]  		naive factorization 2 columns (in 0.00092 secs)
2025-04-24 22:05:47,498 [DEBUG]  OP: Operation.SPLIT_ROWS on slice (368, 3) (remaining tasks 27)
2025-04-24 22:05:47,519 [DEBUG]  		found 2 row clusters (in 0.02098 secs)
2025-04-24 22:05:47,520 [DEBUG]  OP: Operation.SPLIT_COLUMNS on slice (541, 2) (remaining tasks 28)
2025-04-24 22:05:47,624 [DEBUG]  		found 1 col clusters (in 0.10415 secs)
2025-04-24 22:05:47,624 [DEBUG]  OP: Operation.CREATE_LEAF on slice (541, 1) (remaining tasks 28)
2025-04-24 22:05:47,624 [DEBUG]  		 created leaf IdentityNumericLeaf for scope=[2] (in 0.00030 secs)
2025-04-24 22:05:47,625 [DEBUG]  OP: Operation.SPLIT_COLUMNS on slice (736, 2) (remaining tasks 27)
2025-04-24 22:05:47,730 [DEBUG]  		found 1 col clusters (in 0.10565 secs)
2025-04-24 22:05:47,731 [DEBUG]  OP: Operation.CREATE_LEAF on slice (736, 1) (remaining tasks 27)
2025-04-24 22:05:47,731 [DEBUG]  		 created leaf IdentityNumericLeaf for scope=[2] (in 0.00032 secs)
2025-04-24 22:05:47,731 [DEBUG]  OP: Operation.SPLIT_ROWS on slice (447, 3) (remaining tasks 26)
2025-04-24 22:05:47,756 [DEBUG]  		found 2 row clusters (in 0.02489 secs)
2025-04-24 22:05:47,757 [DEBUG]  OP: Operation.SPLIT_ROWS on slice (442, 3) (remaining tasks 27)
2025-04-24 22:05:47,781 [DEBUG]  		found 2 row clusters (in 0.02437 secs)
2025-04-24 22:05:47,781 [DEBUG]  OP: Operation.NAIVE_FACTORIZATION on slice (582, 2) (remaining tasks 28)
2025-04-24 22:05:47,782 [DEBUG]  		naive factorization 2 columns (in 0.00095 secs)
2025-04-24 22:05:47,783 [DEBUG]  OP: Operation.NAIVE_FACTORIZATION on slice (84, 2) (remaining tasks 27)
2025-04-24 22:05:47,784 [DEBUG]  		naive factorization 2 columns (in 0.00084 secs)
2025-04-24 22:05:47,784 [DEBUG]  OP: Operation.NAIVE_FACTORIZATION on slice (200, 2) (remaining tasks 26)
2025-04-24 22:05:47,785 [DEBUG]  		naive factorization 2 columns (in 0.00083 secs)
2025-04-24 22:05:47,785 [DEBUG]  OP: Operation.NAIVE_FACTORIZATION on slice (581, 2) (remaining tasks 25)
2025-04-24 22:05:47,786 [DEBUG]  		naive factorization 2 columns (in 0.00082 secs)
2025-04-24 22:05:47,786 [DEBUG]  OP: Operation.NAIVE_FACTORIZATION on slice (44, 2) (remaining tasks 24)
2025-04-24 22:05:47,787 [DEBUG]  		naive factorization 2 columns (in 0.00086 secs)
2025-04-24 22:05:47,787 [DEBUG]  OP: Operation.NAIVE_FACTORIZATION on slice (697, 2) (remaining tasks 23)
2025-04-24 22:05:47,788 [DEBUG]  		naive factorization 2 columns (in 0.00084 secs)
2025-04-24 22:05:47,788 [DEBUG]  OP: Operation.NAIVE_FACTORIZATION on slice (20, 2) (remaining tasks 22)
2025-04-24 22:05:47,789 [DEBUG]  		naive factorization 2 columns (in 0.00078 secs)
2025-04-24 22:05:47,789 [DEBUG]  OP: Operation.NAIVE_FACTORIZATION on slice (1102, 2) (remaining tasks 21)
2025-04-24 22:05:47,790 [DEBUG]  		naive factorization 2 columns (in 0.00085 secs)
2025-04-24 22:05:47,791 [DEBUG]  OP: Operation.NAIVE_FACTORIZATION on slice (336, 2) (remaining tasks 20)
2025-04-24 22:05:47,792 [DEBUG]  		naive factorization 2 columns (in 0.00082 secs)
2025-04-24 22:05:47,792 [DEBUG]  OP: Operation.NAIVE_FACTORIZATION on slice (280, 2) (remaining tasks 19)
2025-04-24 22:05:47,793 [DEBUG]  		naive factorization 2 columns (in 0.00082 secs)
2025-04-24 22:05:47,793 [DEBUG]  OP: Operation.NAIVE_FACTORIZATION on slice (203, 2) (remaining tasks 18)
2025-04-24 22:05:47,794 [DEBUG]  		naive factorization 2 columns (in 0.00075 secs)
2025-04-24 22:05:47,794 [DEBUG]  OP: Operation.NAIVE_FACTORIZATION on slice (180, 2) (remaining tasks 17)
2025-04-24 22:05:47,795 [DEBUG]  		naive factorization 2 columns (in 0.00079 secs)
2025-04-24 22:05:47,795 [DEBUG]  OP: Operation.SPLIT_ROWS on slice (440, 2) (remaining tasks 16)
2025-04-24 22:05:47,808 [DEBUG]  		found 2 row clusters (in 0.01303 secs)
2025-04-24 22:05:47,809 [DEBUG]  OP: Operation.SPLIT_ROWS on slice (809, 2) (remaining tasks 17)
2025-04-24 22:05:47,820 [DEBUG]  		found 2 row clusters (in 0.01137 secs)
2025-04-24 22:05:47,820 [DEBUG]  OP: Operation.SPLIT_ROWS on slice (1110, 2) (remaining tasks 18)
2025-04-24 22:05:47,835 [DEBUG]  		found 2 row clusters (in 0.01412 secs)
2025-04-24 22:05:47,835 [DEBUG]  OP: Operation.REMOVE_UNINFORMATIVE_FEATURES on slice (325, 3) (remaining tasks 19)
2025-04-24 22:05:47,835 [DEBUG]  OP: Operation.NAIVE_FACTORIZATION on slice (66, 3) (remaining tasks 21)
2025-04-24 22:05:47,837 [DEBUG]  		naive factorization 3 columns (in 0.00169 secs)
2025-04-24 22:05:47,837 [DEBUG]  OP: Operation.SPLIT_ROWS on slice (459, 2) (remaining tasks 20)
2025-04-24 22:05:47,846 [DEBUG]  		found 2 row clusters (in 0.00873 secs)
2025-04-24 22:05:47,846 [DEBUG]  OP: Operation.SPLIT_ROWS on slice (436, 2) (remaining tasks 21)
2025-04-24 22:05:47,855 [DEBUG]  		found 2 row clusters (in 0.00868 secs)
2025-04-24 22:05:47,855 [DEBUG]  OP: Operation.NAIVE_FACTORIZATION on slice (233, 3) (remaining tasks 22)
2025-04-24 22:05:47,857 [DEBUG]  		naive factorization 3 columns (in 0.00227 secs)
2025-04-24 22:05:47,858 [DEBUG]  OP: Operation.NAIVE_FACTORIZATION on slice (214, 3) (remaining tasks 21)
2025-04-24 22:05:47,859 [DEBUG]  		naive factorization 3 columns (in 0.00152 secs)
2025-04-24 22:05:47,859 [DEBUG]  OP: Operation.NAIVE_FACTORIZATION on slice (189, 3) (remaining tasks 20)
2025-04-24 22:05:47,861 [DEBUG]  		naive factorization 3 columns (in 0.00188 secs)
2025-04-24 22:05:47,862 [DEBUG]  OP: Operation.NAIVE_FACTORIZATION on slice (179, 3) (remaining tasks 19)
2025-04-24 22:05:47,864 [DEBUG]  		naive factorization 3 columns (in 0.00202 secs)
2025-04-24 22:05:47,864 [DEBUG]  OP: Operation.SPLIT_ROWS on slice (541, 2) (remaining tasks 18)
2025-04-24 22:05:47,875 [DEBUG]  		found 2 row clusters (in 0.01088 secs)
2025-04-24 22:05:47,875 [DEBUG]  OP: Operation.SPLIT_ROWS on slice (736, 2) (remaining tasks 19)
2025-04-24 22:05:47,887 [DEBUG]  		found 2 row clusters (in 0.01188 secs)
2025-04-24 22:05:47,887 [DEBUG]  OP: Operation.NAIVE_FACTORIZATION on slice (266, 3) (remaining tasks 20)
2025-04-24 22:05:47,889 [DEBUG]  		naive factorization 3 columns (in 0.00128 secs)
2025-04-24 22:05:47,889 [DEBUG]  OP: Operation.NAIVE_FACTORIZATION on slice (181, 3) (remaining tasks 19)
2025-04-24 22:05:47,891 [DEBUG]  		naive factorization 3 columns (in 0.00163 secs)
2025-04-24 22:05:47,891 [DEBUG]  OP: Operation.NAIVE_FACTORIZATION on slice (173, 3) (remaining tasks 18)
2025-04-24 22:05:47,893 [DEBUG]  		naive factorization 3 columns (in 0.00174 secs)
2025-04-24 22:05:47,893 [DEBUG]  OP: Operation.NAIVE_FACTORIZATION on slice (269, 3) (remaining tasks 17)
2025-04-24 22:05:47,895 [DEBUG]  		naive factorization 3 columns (in 0.00185 secs)
2025-04-24 22:05:47,895 [DEBUG]  OP: Operation.NAIVE_FACTORIZATION on slice (332, 2) (remaining tasks 16)
2025-04-24 22:05:47,896 [DEBUG]  		naive factorization 2 columns (in 0.00139 secs)
2025-04-24 22:05:47,896 [DEBUG]  OP: Operation.NAIVE_FACTORIZATION on slice (108, 2) (remaining tasks 15)
2025-04-24 22:05:47,898 [DEBUG]  		naive factorization 2 columns (in 0.00139 secs)
2025-04-24 22:05:47,898 [DEBUG]  OP: Operation.NAIVE_FACTORIZATION on slice (483, 2) (remaining tasks 14)
2025-04-24 22:05:47,900 [DEBUG]  		naive factorization 2 columns (in 0.00149 secs)
2025-04-24 22:05:47,900 [DEBUG]  OP: Operation.NAIVE_FACTORIZATION on slice (326, 2) (remaining tasks 13)
2025-04-24 22:05:47,901 [DEBUG]  		naive factorization 2 columns (in 0.00113 secs)
2025-04-24 22:05:47,901 [DEBUG]  OP: Operation.SPLIT_COLUMNS on slice (755, 2) (remaining tasks 12)
2025-04-24 22:05:48,008 [DEBUG]  		found 1 col clusters (in 0.10664 secs)
2025-04-24 22:05:48,008 [DEBUG]  OP: Operation.NAIVE_FACTORIZATION on slice (355, 2) (remaining tasks 12)
2025-04-24 22:05:48,010 [DEBUG]  		naive factorization 2 columns (in 0.00128 secs)
2025-04-24 22:05:48,010 [DEBUG]  OP: Operation.CREATE_LEAF on slice (325, 1) (remaining tasks 11)
2025-04-24 22:05:48,010 [DEBUG]  		 created leaf IdentityNumericLeaf for scope=[0] (in 0.00025 secs)
2025-04-24 22:05:48,010 [DEBUG]  OP: Operation.CREATE_LEAF on slice (325, 1) (remaining tasks 10)
2025-04-24 22:05:48,011 [DEBUG]  		 created leaf IdentityNumericLeaf for scope=[1] (in 0.00022 secs)
2025-04-24 22:05:48,011 [DEBUG]  OP: Operation.CREATE_LEAF on slice (325, 1) (remaining tasks 9)
2025-04-24 22:05:48,011 [DEBUG]  		 created leaf IdentityNumericLeaf for scope=[2] (in 0.00027 secs)
2025-04-24 22:05:48,011 [DEBUG]  OP: Operation.NAIVE_FACTORIZATION on slice (273, 2) (remaining tasks 8)
2025-04-24 22:05:48,012 [DEBUG]  		naive factorization 2 columns (in 0.00110 secs)
2025-04-24 22:05:48,013 [DEBUG]  OP: Operation.NAIVE_FACTORIZATION on slice (186, 2) (remaining tasks 7)
2025-04-24 22:05:48,014 [DEBUG]  		naive factorization 2 columns (in 0.00105 secs)
2025-04-24 22:05:48,014 [DEBUG]  OP: Operation.NAIVE_FACTORIZATION on slice (357, 2) (remaining tasks 6)
2025-04-24 22:05:48,015 [DEBUG]  		naive factorization 2 columns (in 0.00105 secs)
2025-04-24 22:05:48,015 [DEBUG]  OP: Operation.NAIVE_FACTORIZATION on slice (79, 2) (remaining tasks 5)
2025-04-24 22:05:48,017 [DEBUG]  		naive factorization 2 columns (in 0.00101 secs)
2025-04-24 22:05:48,017 [DEBUG]  OP: Operation.SPLIT_COLUMNS on slice (461, 2) (remaining tasks 4)
2025-04-24 22:05:48,122 [DEBUG]  		found 1 col clusters (in 0.10467 secs)
2025-04-24 22:05:48,122 [DEBUG]  OP: Operation.NAIVE_FACTORIZATION on slice (80, 2) (remaining tasks 4)
2025-04-24 22:05:48,123 [DEBUG]  		naive factorization 2 columns (in 0.00121 secs)
2025-04-24 22:05:48,123 [DEBUG]  OP: Operation.SPLIT_COLUMNS on slice (503, 2) (remaining tasks 3)
2025-04-24 22:05:48,229 [DEBUG]  		found 1 col clusters (in 0.10504 secs)
2025-04-24 22:05:48,229 [DEBUG]  OP: Operation.NAIVE_FACTORIZATION on slice (233, 2) (remaining tasks 3)
2025-04-24 22:05:48,231 [DEBUG]  		naive factorization 2 columns (in 0.00162 secs)
2025-04-24 22:05:48,231 [DEBUG]  OP: Operation.SPLIT_ROWS on slice (755, 2) (remaining tasks 2)
2025-04-24 22:05:48,246 [DEBUG]  		found 2 row clusters (in 0.01515 secs)
2025-04-24 22:05:48,246 [DEBUG]  OP: Operation.SPLIT_ROWS on slice (461, 2) (remaining tasks 3)
2025-04-24 22:05:48,261 [DEBUG]  		found 2 row clusters (in 0.01400 secs)
2025-04-24 22:05:48,261 [DEBUG]  OP: Operation.SPLIT_ROWS on slice (503, 2) (remaining tasks 4)
2025-04-24 22:05:48,278 [DEBUG]  		found 2 row clusters (in 0.01714 secs)
2025-04-24 22:05:48,278 [DEBUG]  OP: Operation.NAIVE_FACTORIZATION on slice (295, 2) (remaining tasks 5)
2025-04-24 22:05:48,280 [DEBUG]  		naive factorization 2 columns (in 0.00123 secs)
2025-04-24 22:05:48,280 [DEBUG]  OP: Operation.NAIVE_FACTORIZATION on slice (460, 2) (remaining tasks 4)
2025-04-24 22:05:48,281 [DEBUG]  		naive factorization 2 columns (in 0.00109 secs)
2025-04-24 22:05:48,281 [DEBUG]  OP: Operation.NAIVE_FACTORIZATION on slice (387, 2) (remaining tasks 3)
2025-04-24 22:05:48,283 [DEBUG]  		naive factorization 2 columns (in 0.00109 secs)
2025-04-24 22:05:48,283 [DEBUG]  OP: Operation.NAIVE_FACTORIZATION on slice (74, 2) (remaining tasks 2)
2025-04-24 22:05:48,284 [DEBUG]  		naive factorization 2 columns (in 0.00105 secs)
2025-04-24 22:05:48,284 [DEBUG]  OP: Operation.NAIVE_FACTORIZATION on slice (347, 2) (remaining tasks 1)
2025-04-24 22:05:48,285 [DEBUG]  		naive factorization 2 columns (in 0.00106 secs)
2025-04-24 22:05:48,286 [DEBUG]  OP: Operation.NAIVE_FACTORIZATION on slice (156, 2) (remaining tasks 0)
2025-04-24 22:05:48,287 [DEBUG]  		naive factorization 2 columns (in 0.00109 secs)
2025-04-24 22:05:48,513 [DEBUG]  Built SPN in 28.782812431978527 sec
2025-04-24 22:05:48,513 [INFO ]  Saving ensemble to /home/dafn/card/deepcard/collected_temp_benchmarks/spn_ensembles/Parking Birmingham/ensemble_single_dataset_10000000.pkl
