2025-04-24 22:07:18,496 [INFO ]  Creating naive ensemble.
2025-04-24 22:07:18,496 [INFO ]  Learning SPN for dataset.
2025-04-24 22:07:18,496 [DEBUG]  generate_join_sample(single_table=dataset, relationship_list=None, split_condition=None)
2025-04-24 22:07:18,525 [DEBUG]  Using min_instance_slice parameter 357.17.
2025-04-24 22:07:18,525 [INFO ]  SPN training phase with 35717 samples
2025-04-24 22:07:18,529 [DEBUG]  Built domains in 0.0036406629951670766 sec
2025-04-24 22:07:18,888 [DEBUG]  CACHEDIR=/home/dafn/.cache/matplotlib
2025-04-24 22:07:18,890 [DEBUG]  Using fontManager instance from /home/dafn/.cache/matplotlib/fontlist-v300.json
2025-04-24 22:07:18,984 [DEBUG]  Loaded backend qt5agg version unknown.
2025-04-24 22:07:19,014 [DEBUG]  Loaded backend qt5agg version unknown.
2025-04-24 22:07:19,015 [DEBUG]  Loaded backend qt4agg version unknown.
2025-04-24 22:07:19,022 [DEBUG]  Loaded backend tkagg version unknown.
2025-04-24 22:07:19,023 [DEBUG]  Loaded backend agg version unknown.
2025-04-24 22:07:19,023 [DEBUG]  Loaded backend agg version unknown.
2025-04-24 22:07:19,027 [DEBUG]  OP: Operation.SPLIT_ROWS on slice (35717, 4) (remaining tasks 0)
2025-04-24 22:07:19,183 [DEBUG]  		found 2 row clusters (in 0.15608 secs)
2025-04-24 22:07:19,184 [DEBUG]  OP: Operation.SPLIT_COLUMNS on slice (9862, 4) (remaining tasks 1)
2025-04-24 22:07:19,414 [DEBUG]  		found 2 col clusters (in 0.22931 secs)
2025-04-24 22:07:19,418 [DEBUG]  OP: Operation.SPLIT_COLUMNS on slice (25855, 4) (remaining tasks 2)
2025-04-24 22:07:19,791 [DEBUG]  		found 3 col clusters (in 0.37294 secs)
2025-04-24 22:07:19,791 [DEBUG]  OP: Operation.SPLIT_COLUMNS on slice (9862, 3) (remaining tasks 4)
2025-04-24 22:07:19,990 [DEBUG]  		found 1 col clusters (in 0.19902 secs)
2025-04-24 22:07:19,991 [DEBUG]  OP: Operation.CREATE_LEAF on slice (9862, 1) (remaining tasks 4)
2025-04-24 22:07:19,992 [DEBUG]  		 created leaf IdentityNumericLeaf for scope=[3] (in 0.00144 secs)
2025-04-24 22:07:19,993 [DEBUG]  OP: Operation.SPLIT_COLUMNS on slice (25855, 2) (remaining tasks 3)
2025-04-24 22:07:20,248 [DEBUG]  		found 1 col clusters (in 0.25466 secs)
2025-04-24 22:07:20,248 [DEBUG]  OP: Operation.CREATE_LEAF on slice (25855, 1) (remaining tasks 3)
2025-04-24 22:07:20,253 [DEBUG]  		 created leaf IdentityNumericLeaf for scope=[2] (in 0.00418 secs)
2025-04-24 22:07:20,253 [DEBUG]  OP: Operation.CREATE_LEAF on slice (25855, 1) (remaining tasks 2)
2025-04-24 22:07:20,256 [DEBUG]  		 created leaf IdentityNumericLeaf for scope=[3] (in 0.00322 secs)
2025-04-24 22:07:20,257 [DEBUG]  OP: Operation.SPLIT_ROWS on slice (9862, 3) (remaining tasks 1)
2025-04-24 22:07:20,337 [DEBUG]  		found 2 row clusters (in 0.08048 secs)
2025-04-24 22:07:20,338 [DEBUG]  OP: Operation.SPLIT_ROWS on slice (25855, 2) (remaining tasks 2)
2025-04-24 22:07:20,429 [DEBUG]  		found 2 row clusters (in 0.09157 secs)
2025-04-24 22:07:20,431 [DEBUG]  OP: Operation.SPLIT_COLUMNS on slice (7232, 3) (remaining tasks 3)
2025-04-24 22:07:20,542 [DEBUG]  		found 1 col clusters (in 0.11103 secs)
2025-04-24 22:07:20,543 [DEBUG]  OP: Operation.SPLIT_COLUMNS on slice (2630, 3) (remaining tasks 3)
2025-04-24 22:07:20,736 [DEBUG]  		found 2 col clusters (in 0.19263 secs)
2025-04-24 22:07:20,737 [DEBUG]  OP: Operation.SPLIT_COLUMNS on slice (6690, 2) (remaining tasks 4)
2025-04-24 22:07:20,957 [DEBUG]  		found 1 col clusters (in 0.22002 secs)
2025-04-24 22:07:20,959 [DEBUG]  OP: Operation.SPLIT_COLUMNS on slice (19165, 2) (remaining tasks 4)
2025-04-24 22:07:21,074 [DEBUG]  		found 1 col clusters (in 0.11466 secs)
2025-04-24 22:07:21,076 [DEBUG]  OP: Operation.SPLIT_ROWS on slice (7232, 3) (remaining tasks 4)
2025-04-24 22:07:21,128 [DEBUG]  		found 2 row clusters (in 0.05192 secs)
2025-04-24 22:07:21,128 [DEBUG]  OP: Operation.SPLIT_COLUMNS on slice (2630, 2) (remaining tasks 5)
2025-04-24 22:07:21,234 [DEBUG]  		found 1 col clusters (in 0.10578 secs)
2025-04-24 22:07:21,234 [DEBUG]  OP: Operation.CREATE_LEAF on slice (2630, 1) (remaining tasks 5)
2025-04-24 22:07:21,236 [DEBUG]  		 created leaf IdentityNumericLeaf for scope=[2] (in 0.00125 secs)
2025-04-24 22:07:21,237 [DEBUG]  OP: Operation.SPLIT_ROWS on slice (6690, 2) (remaining tasks 4)
2025-04-24 22:07:21,271 [DEBUG]  		found 2 row clusters (in 0.03412 secs)
2025-04-24 22:07:21,274 [DEBUG]  OP: Operation.SPLIT_ROWS on slice (19165, 2) (remaining tasks 5)
2025-04-24 22:07:21,340 [DEBUG]  		found 2 row clusters (in 0.06581 secs)
2025-04-24 22:07:21,340 [DEBUG]  OP: Operation.SPLIT_COLUMNS on slice (2134, 3) (remaining tasks 6)
2025-04-24 22:07:21,445 [DEBUG]  		found 2 col clusters (in 0.10514 secs)
2025-04-24 22:07:21,446 [DEBUG]  OP: Operation.SPLIT_COLUMNS on slice (5098, 3) (remaining tasks 7)
2025-04-24 22:07:21,672 [DEBUG]  		found 2 col clusters (in 0.22560 secs)
2025-04-24 22:07:21,673 [DEBUG]  OP: Operation.SPLIT_ROWS on slice (2630, 2) (remaining tasks 8)
2025-04-24 22:07:21,697 [DEBUG]  		found 2 row clusters (in 0.02451 secs)
2025-04-24 22:07:21,698 [DEBUG]  OP: Operation.SPLIT_COLUMNS on slice (6200, 2) (remaining tasks 9)
2025-04-24 22:07:21,902 [DEBUG]  		found 1 col clusters (in 0.20396 secs)
2025-04-24 22:07:21,903 [DEBUG]  OP: Operation.SPLIT_COLUMNS on slice (490, 2) (remaining tasks 9)
2025-04-24 22:07:22,008 [DEBUG]  		found 1 col clusters (in 0.10480 secs)
2025-04-24 22:07:22,009 [DEBUG]  OP: Operation.SPLIT_COLUMNS on slice (10098, 2) (remaining tasks 9)
2025-04-24 22:07:22,120 [DEBUG]  		found 1 col clusters (in 0.11077 secs)
2025-04-24 22:07:22,122 [DEBUG]  OP: Operation.SPLIT_COLUMNS on slice (9067, 2) (remaining tasks 9)
2025-04-24 22:07:22,231 [DEBUG]  		found 1 col clusters (in 0.10902 secs)
2025-04-24 22:07:22,231 [DEBUG]  OP: Operation.SPLIT_COLUMNS on slice (2134, 2) (remaining tasks 9)
2025-04-24 22:07:22,337 [DEBUG]  		found 1 col clusters (in 0.10561 secs)
2025-04-24 22:07:22,337 [DEBUG]  OP: Operation.CREATE_LEAF on slice (2134, 1) (remaining tasks 9)
2025-04-24 22:07:22,338 [DEBUG]  		 created leaf IdentityNumericLeaf for scope=[2] (in 0.00058 secs)
2025-04-24 22:07:22,338 [DEBUG]  OP: Operation.SPLIT_COLUMNS on slice (5098, 2) (remaining tasks 8)
2025-04-24 22:07:22,444 [DEBUG]  		found 1 col clusters (in 0.10526 secs)
2025-04-24 22:07:22,444 [DEBUG]  OP: Operation.CREATE_LEAF on slice (5098, 1) (remaining tasks 8)
2025-04-24 22:07:22,446 [DEBUG]  		 created leaf IdentityNumericLeaf for scope=[2] (in 0.00151 secs)
2025-04-24 22:07:22,446 [DEBUG]  OP: Operation.SPLIT_COLUMNS on slice (1336, 2) (remaining tasks 7)
2025-04-24 22:07:22,552 [DEBUG]  		found 1 col clusters (in 0.10565 secs)
2025-04-24 22:07:22,552 [DEBUG]  OP: Operation.NAIVE_FACTORIZATION on slice (1294, 2) (remaining tasks 7)
2025-04-24 22:07:22,555 [DEBUG]  		naive factorization 2 columns (in 0.00275 secs)
2025-04-24 22:07:22,556 [DEBUG]  OP: Operation.SPLIT_ROWS on slice (6200, 2) (remaining tasks 6)
2025-04-24 22:07:22,588 [DEBUG]  		found 2 row clusters (in 0.03144 secs)
2025-04-24 22:07:22,588 [DEBUG]  OP: Operation.SPLIT_ROWS on slice (490, 2) (remaining tasks 7)
2025-04-24 22:07:22,602 [DEBUG]  		found 2 row clusters (in 0.01428 secs)
2025-04-24 22:07:22,604 [DEBUG]  OP: Operation.SPLIT_ROWS on slice (10098, 2) (remaining tasks 8)
2025-04-24 22:07:22,646 [DEBUG]  		found 2 row clusters (in 0.04190 secs)
2025-04-24 22:07:22,647 [DEBUG]  OP: Operation.SPLIT_ROWS on slice (9067, 2) (remaining tasks 9)
2025-04-24 22:07:22,674 [DEBUG]  		found 2 row clusters (in 0.02671 secs)
2025-04-24 22:07:22,674 [DEBUG]  OP: Operation.SPLIT_ROWS on slice (2134, 2) (remaining tasks 10)
2025-04-24 22:07:22,686 [DEBUG]  		found 2 row clusters (in 0.01121 secs)
2025-04-24 22:07:22,686 [DEBUG]  OP: Operation.SPLIT_ROWS on slice (5098, 2) (remaining tasks 11)
2025-04-24 22:07:22,704 [DEBUG]  		found 2 row clusters (in 0.01810 secs)
2025-04-24 22:07:22,704 [DEBUG]  OP: Operation.SPLIT_ROWS on slice (1336, 2) (remaining tasks 12)
2025-04-24 22:07:22,715 [DEBUG]  		found 2 row clusters (in 0.01064 secs)
2025-04-24 22:07:22,716 [DEBUG]  OP: Operation.SPLIT_COLUMNS on slice (5014, 2) (remaining tasks 13)
2025-04-24 22:07:22,822 [DEBUG]  		found 1 col clusters (in 0.10675 secs)
2025-04-24 22:07:22,823 [DEBUG]  OP: Operation.NAIVE_FACTORIZATION on slice (1186, 2) (remaining tasks 13)
2025-04-24 22:07:22,825 [DEBUG]  		naive factorization 2 columns (in 0.00259 secs)
2025-04-24 22:07:22,826 [DEBUG]  OP: Operation.NAIVE_FACTORIZATION on slice (403, 2) (remaining tasks 12)
2025-04-24 22:07:22,828 [DEBUG]  		naive factorization 2 columns (in 0.00240 secs)
2025-04-24 22:07:22,829 [DEBUG]  OP: Operation.NAIVE_FACTORIZATION on slice (87, 2) (remaining tasks 11)
2025-04-24 22:07:22,831 [DEBUG]  		naive factorization 2 columns (in 0.00242 secs)
2025-04-24 22:07:22,832 [DEBUG]  OP: Operation.SPLIT_COLUMNS on slice (3684, 2) (remaining tasks 10)
2025-04-24 22:07:22,941 [DEBUG]  		found 1 col clusters (in 0.10854 secs)
2025-04-24 22:07:22,942 [DEBUG]  OP: Operation.SPLIT_COLUMNS on slice (6414, 2) (remaining tasks 10)
2025-04-24 22:07:23,048 [DEBUG]  		found 1 col clusters (in 0.10626 secs)
2025-04-24 22:07:23,049 [DEBUG]  OP: Operation.SPLIT_COLUMNS on slice (6515, 2) (remaining tasks 10)
2025-04-24 22:07:23,157 [DEBUG]  		found 1 col clusters (in 0.10742 secs)
2025-04-24 22:07:23,158 [DEBUG]  OP: Operation.SPLIT_COLUMNS on slice (2552, 2) (remaining tasks 10)
2025-04-24 22:07:23,264 [DEBUG]  		found 1 col clusters (in 0.10577 secs)
2025-04-24 22:07:23,264 [DEBUG]  OP: Operation.NAIVE_FACTORIZATION on slice (909, 2) (remaining tasks 10)
2025-04-24 22:07:23,267 [DEBUG]  		naive factorization 2 columns (in 0.00287 secs)
2025-04-24 22:07:23,268 [DEBUG]  OP: Operation.NAIVE_FACTORIZATION on slice (1225, 2) (remaining tasks 9)
2025-04-24 22:07:23,270 [DEBUG]  		naive factorization 2 columns (in 0.00242 secs)
2025-04-24 22:07:23,271 [DEBUG]  OP: Operation.SPLIT_COLUMNS on slice (4864, 2) (remaining tasks 8)
2025-04-24 22:07:23,378 [DEBUG]  		found 1 col clusters (in 0.10641 secs)
2025-04-24 22:07:23,378 [DEBUG]  OP: Operation.NAIVE_FACTORIZATION on slice (234, 2) (remaining tasks 8)
2025-04-24 22:07:23,381 [DEBUG]  		naive factorization 2 columns (in 0.00250 secs)
2025-04-24 22:07:23,381 [DEBUG]  OP: Operation.NAIVE_FACTORIZATION on slice (1078, 2) (remaining tasks 7)
2025-04-24 22:07:23,384 [DEBUG]  		naive factorization 2 columns (in 0.00308 secs)
2025-04-24 22:07:23,384 [DEBUG]  OP: Operation.NAIVE_FACTORIZATION on slice (258, 2) (remaining tasks 6)
2025-04-24 22:07:23,387 [DEBUG]  		naive factorization 2 columns (in 0.00225 secs)
2025-04-24 22:07:23,388 [DEBUG]  OP: Operation.SPLIT_ROWS on slice (5014, 2) (remaining tasks 5)
2025-04-24 22:07:23,417 [DEBUG]  		found 2 row clusters (in 0.02946 secs)
2025-04-24 22:07:23,418 [DEBUG]  OP: Operation.SPLIT_ROWS on slice (3684, 2) (remaining tasks 6)
2025-04-24 22:07:23,443 [DEBUG]  		found 2 row clusters (in 0.02537 secs)
2025-04-24 22:07:23,445 [DEBUG]  OP: Operation.SPLIT_ROWS on slice (6414, 2) (remaining tasks 7)
2025-04-24 22:07:23,476 [DEBUG]  		found 2 row clusters (in 0.03126 secs)
2025-04-24 22:07:23,477 [DEBUG]  OP: Operation.SPLIT_ROWS on slice (6515, 2) (remaining tasks 8)
2025-04-24 22:07:23,501 [DEBUG]  		found 2 row clusters (in 0.02381 secs)
2025-04-24 22:07:23,501 [DEBUG]  OP: Operation.SPLIT_ROWS on slice (2552, 2) (remaining tasks 9)
2025-04-24 22:07:23,513 [DEBUG]  		found 2 row clusters (in 0.01127 secs)
2025-04-24 22:07:23,513 [DEBUG]  OP: Operation.SPLIT_ROWS on slice (4864, 2) (remaining tasks 10)
2025-04-24 22:07:23,531 [DEBUG]  		found 2 row clusters (in 0.01802 secs)
2025-04-24 22:07:23,532 [DEBUG]  OP: Operation.SPLIT_COLUMNS on slice (2498, 2) (remaining tasks 11)
2025-04-24 22:07:23,637 [DEBUG]  		found 1 col clusters (in 0.10526 secs)
2025-04-24 22:07:23,637 [DEBUG]  OP: Operation.SPLIT_COLUMNS on slice (2516, 2) (remaining tasks 11)
2025-04-24 22:07:23,744 [DEBUG]  		found 1 col clusters (in 0.10616 secs)
2025-04-24 22:07:23,744 [DEBUG]  OP: Operation.SPLIT_COLUMNS on slice (2480, 2) (remaining tasks 11)
2025-04-24 22:07:23,849 [DEBUG]  		found 1 col clusters (in 0.10453 secs)
2025-04-24 22:07:23,849 [DEBUG]  OP: Operation.NAIVE_FACTORIZATION on slice (1204, 2) (remaining tasks 11)
2025-04-24 22:07:23,852 [DEBUG]  		naive factorization 2 columns (in 0.00245 secs)
2025-04-24 22:07:23,853 [DEBUG]  OP: Operation.SPLIT_COLUMNS on slice (3916, 2) (remaining tasks 10)
2025-04-24 22:07:23,959 [DEBUG]  		found 1 col clusters (in 0.10617 secs)
2025-04-24 22:07:23,959 [DEBUG]  OP: Operation.SPLIT_COLUMNS on slice (2498, 2) (remaining tasks 10)
2025-04-24 22:07:24,065 [DEBUG]  		found 1 col clusters (in 0.10576 secs)
2025-04-24 22:07:24,066 [DEBUG]  OP: Operation.SPLIT_COLUMNS on slice (5203, 2) (remaining tasks 10)
2025-04-24 22:07:24,173 [DEBUG]  		found 1 col clusters (in 0.10697 secs)
2025-04-24 22:07:24,174 [DEBUG]  OP: Operation.NAIVE_FACTORIZATION on slice (1312, 2) (remaining tasks 10)
2025-04-24 22:07:24,177 [DEBUG]  		naive factorization 2 columns (in 0.00268 secs)
2025-04-24 22:07:24,177 [DEBUG]  OP: Operation.NAIVE_FACTORIZATION on slice (1276, 2) (remaining tasks 9)
2025-04-24 22:07:24,179 [DEBUG]  		naive factorization 2 columns (in 0.00226 secs)
2025-04-24 22:07:24,180 [DEBUG]  OP: Operation.NAIVE_FACTORIZATION on slice (1276, 2) (remaining tasks 8)
2025-04-24 22:07:24,182 [DEBUG]  		naive factorization 2 columns (in 0.00228 secs)
2025-04-24 22:07:24,182 [DEBUG]  OP: Operation.SPLIT_COLUMNS on slice (2240, 2) (remaining tasks 7)
2025-04-24 22:07:24,288 [DEBUG]  		found 1 col clusters (in 0.10556 secs)
2025-04-24 22:07:24,289 [DEBUG]  OP: Operation.SPLIT_COLUMNS on slice (2624, 2) (remaining tasks 7)
2025-04-24 22:07:24,395 [DEBUG]  		found 1 col clusters (in 0.10573 secs)
2025-04-24 22:07:24,395 [DEBUG]  OP: Operation.SPLIT_ROWS on slice (2498, 2) (remaining tasks 7)
2025-04-24 22:07:24,414 [DEBUG]  		found 2 row clusters (in 0.01878 secs)
2025-04-24 22:07:24,415 [DEBUG]  OP: Operation.SPLIT_ROWS on slice (2516, 2) (remaining tasks 8)
2025-04-24 22:07:24,434 [DEBUG]  		found 2 row clusters (in 0.01915 secs)
2025-04-24 22:07:24,434 [DEBUG]  OP: Operation.SPLIT_ROWS on slice (2480, 2) (remaining tasks 9)
2025-04-24 22:07:24,453 [DEBUG]  		found 2 row clusters (in 0.01855 secs)
2025-04-24 22:07:24,454 [DEBUG]  OP: Operation.SPLIT_ROWS on slice (3916, 2) (remaining tasks 10)
2025-04-24 22:07:24,480 [DEBUG]  		found 2 row clusters (in 0.02572 secs)
2025-04-24 22:07:24,480 [DEBUG]  OP: Operation.SPLIT_ROWS on slice (2498, 2) (remaining tasks 11)
2025-04-24 22:07:24,499 [DEBUG]  		found 2 row clusters (in 0.01865 secs)
2025-04-24 22:07:24,500 [DEBUG]  OP: Operation.SPLIT_ROWS on slice (5203, 2) (remaining tasks 12)
2025-04-24 22:07:24,526 [DEBUG]  		found 2 row clusters (in 0.02575 secs)
2025-04-24 22:07:24,526 [DEBUG]  OP: Operation.SPLIT_ROWS on slice (2240, 2) (remaining tasks 13)
2025-04-24 22:07:24,541 [DEBUG]  		found 2 row clusters (in 0.01511 secs)
2025-04-24 22:07:24,542 [DEBUG]  OP: Operation.SPLIT_ROWS on slice (2624, 2) (remaining tasks 14)
2025-04-24 22:07:24,557 [DEBUG]  		found 2 row clusters (in 0.01559 secs)
2025-04-24 22:07:24,558 [DEBUG]  OP: Operation.NAIVE_FACTORIZATION on slice (1312, 2) (remaining tasks 15)
2025-04-24 22:07:24,560 [DEBUG]  		naive factorization 2 columns (in 0.00248 secs)
2025-04-24 22:07:24,561 [DEBUG]  OP: Operation.NAIVE_FACTORIZATION on slice (1186, 2) (remaining tasks 14)
2025-04-24 22:07:24,564 [DEBUG]  		naive factorization 2 columns (in 0.00292 secs)
2025-04-24 22:07:24,564 [DEBUG]  OP: Operation.NAIVE_FACTORIZATION on slice (1312, 2) (remaining tasks 13)
2025-04-24 22:07:24,566 [DEBUG]  		naive factorization 2 columns (in 0.00140 secs)
2025-04-24 22:07:24,566 [DEBUG]  OP: Operation.NAIVE_FACTORIZATION on slice (1204, 2) (remaining tasks 12)
2025-04-24 22:07:24,568 [DEBUG]  		naive factorization 2 columns (in 0.00164 secs)
2025-04-24 22:07:24,568 [DEBUG]  OP: Operation.NAIVE_FACTORIZATION on slice (1186, 2) (remaining tasks 11)
2025-04-24 22:07:24,569 [DEBUG]  		naive factorization 2 columns (in 0.00151 secs)
2025-04-24 22:07:24,570 [DEBUG]  OP: Operation.NAIVE_FACTORIZATION on slice (1294, 2) (remaining tasks 10)
2025-04-24 22:07:24,571 [DEBUG]  		naive factorization 2 columns (in 0.00157 secs)
2025-04-24 22:07:24,572 [DEBUG]  OP: Operation.NAIVE_FACTORIZATION on slice (1292, 2) (remaining tasks 9)
2025-04-24 22:07:24,574 [DEBUG]  		naive factorization 2 columns (in 0.00162 secs)
2025-04-24 22:07:24,574 [DEBUG]  OP: Operation.SPLIT_COLUMNS on slice (2624, 2) (remaining tasks 8)
2025-04-24 22:07:24,682 [DEBUG]  		found 1 col clusters (in 0.10786 secs)
2025-04-24 22:07:24,682 [DEBUG]  OP: Operation.NAIVE_FACTORIZATION on slice (1186, 2) (remaining tasks 8)
2025-04-24 22:07:24,684 [DEBUG]  		naive factorization 2 columns (in 0.00106 secs)
2025-04-24 22:07:24,684 [DEBUG]  OP: Operation.NAIVE_FACTORIZATION on slice (1312, 2) (remaining tasks 7)
2025-04-24 22:07:24,685 [DEBUG]  		naive factorization 2 columns (in 0.00098 secs)
2025-04-24 22:07:24,686 [DEBUG]  OP: Operation.SPLIT_COLUMNS on slice (2600, 2) (remaining tasks 6)
2025-04-24 22:07:24,792 [DEBUG]  		found 1 col clusters (in 0.10615 secs)
2025-04-24 22:07:24,792 [DEBUG]  OP: Operation.SPLIT_COLUMNS on slice (2603, 2) (remaining tasks 6)
2025-04-24 22:07:24,899 [DEBUG]  		found 1 col clusters (in 0.10642 secs)
2025-04-24 22:07:24,899 [DEBUG]  OP: Operation.NAIVE_FACTORIZATION on slice (1312, 2) (remaining tasks 6)
2025-04-24 22:07:24,901 [DEBUG]  		naive factorization 2 columns (in 0.00135 secs)
2025-04-24 22:07:24,901 [DEBUG]  OP: Operation.NAIVE_FACTORIZATION on slice (928, 2) (remaining tasks 5)
2025-04-24 22:07:24,902 [DEBUG]  		naive factorization 2 columns (in 0.00107 secs)
2025-04-24 22:07:24,903 [DEBUG]  OP: Operation.NAIVE_FACTORIZATION on slice (1312, 2) (remaining tasks 4)
2025-04-24 22:07:24,904 [DEBUG]  		naive factorization 2 columns (in 0.00097 secs)
2025-04-24 22:07:24,904 [DEBUG]  OP: Operation.NAIVE_FACTORIZATION on slice (1312, 2) (remaining tasks 3)
2025-04-24 22:07:24,906 [DEBUG]  		naive factorization 2 columns (in 0.00151 secs)
2025-04-24 22:07:24,906 [DEBUG]  OP: Operation.SPLIT_ROWS on slice (2624, 2) (remaining tasks 2)
2025-04-24 22:07:24,925 [DEBUG]  		found 2 row clusters (in 0.01887 secs)
2025-04-24 22:07:24,926 [DEBUG]  OP: Operation.SPLIT_ROWS on slice (2600, 2) (remaining tasks 3)
2025-04-24 22:07:24,949 [DEBUG]  		found 2 row clusters (in 0.02271 secs)
2025-04-24 22:07:24,949 [DEBUG]  OP: Operation.SPLIT_ROWS on slice (2603, 2) (remaining tasks 4)
2025-04-24 22:07:24,969 [DEBUG]  		found 2 row clusters (in 0.01944 secs)
2025-04-24 22:07:24,969 [DEBUG]  OP: Operation.NAIVE_FACTORIZATION on slice (1312, 2) (remaining tasks 5)
2025-04-24 22:07:24,970 [DEBUG]  		naive factorization 2 columns (in 0.00096 secs)
2025-04-24 22:07:24,971 [DEBUG]  OP: Operation.NAIVE_FACTORIZATION on slice (1312, 2) (remaining tasks 4)
2025-04-24 22:07:24,972 [DEBUG]  		naive factorization 2 columns (in 0.00096 secs)
2025-04-24 22:07:24,972 [DEBUG]  OP: Operation.SPLIT_COLUMNS on slice (1474, 2) (remaining tasks 3)
2025-04-24 22:07:25,078 [DEBUG]  		found 1 col clusters (in 0.10543 secs)
2025-04-24 22:07:25,078 [DEBUG]  OP: Operation.SPLIT_COLUMNS on slice (1126, 2) (remaining tasks 3)
2025-04-24 22:07:25,183 [DEBUG]  		found 1 col clusters (in 0.10490 secs)
2025-04-24 22:07:25,183 [DEBUG]  OP: Operation.NAIVE_FACTORIZATION on slice (1291, 2) (remaining tasks 3)
2025-04-24 22:07:25,185 [DEBUG]  		naive factorization 2 columns (in 0.00102 secs)
2025-04-24 22:07:25,185 [DEBUG]  OP: Operation.NAIVE_FACTORIZATION on slice (1312, 2) (remaining tasks 2)
2025-04-24 22:07:25,186 [DEBUG]  		naive factorization 2 columns (in 0.00092 secs)
2025-04-24 22:07:25,186 [DEBUG]  OP: Operation.SPLIT_ROWS on slice (1474, 2) (remaining tasks 1)
2025-04-24 22:07:25,203 [DEBUG]  		found 2 row clusters (in 0.01655 secs)
2025-04-24 22:07:25,203 [DEBUG]  OP: Operation.SPLIT_ROWS on slice (1126, 2) (remaining tasks 2)
2025-04-24 22:07:25,219 [DEBUG]  		found 2 row clusters (in 0.01578 secs)
2025-04-24 22:07:25,220 [DEBUG]  OP: Operation.NAIVE_FACTORIZATION on slice (1312, 2) (remaining tasks 3)
2025-04-24 22:07:25,221 [DEBUG]  		naive factorization 2 columns (in 0.00090 secs)
2025-04-24 22:07:25,221 [DEBUG]  OP: Operation.NAIVE_FACTORIZATION on slice (162, 2) (remaining tasks 2)
2025-04-24 22:07:25,222 [DEBUG]  		naive factorization 2 columns (in 0.00123 secs)
2025-04-24 22:07:25,223 [DEBUG]  OP: Operation.NAIVE_FACTORIZATION on slice (1038, 2) (remaining tasks 1)
2025-04-24 22:07:25,224 [DEBUG]  		naive factorization 2 columns (in 0.00086 secs)
2025-04-24 22:07:25,224 [DEBUG]  OP: Operation.NAIVE_FACTORIZATION on slice (88, 2) (remaining tasks 0)
2025-04-24 22:07:25,225 [DEBUG]  		naive factorization 2 columns (in 0.00110 secs)
2025-04-24 22:07:25,373 [DEBUG]  Built SPN in 6.844296174007468 sec
2025-04-24 22:07:25,373 [INFO ]  Saving ensemble to /home/dafn/card/deepcard/collected_temp_benchmarks/spn_ensembles/Parking Birmingham/ensemble_single_dataset_10000000.pkl
