2025-04-22 15:08:01,032 [INFO ]  Creating naive ensemble.
2025-04-22 15:08:01,033 [INFO ]  Learning SPN for data1.
2025-04-22 15:08:01,033 [DEBUG]  generate_join_sample(single_table=data1, relationship_list=None, split_condition=None)
2025-04-22 15:08:01,060 [DEBUG]  Using min_instance_slice parameter 205.20000000000002.
2025-04-22 15:08:01,060 [INFO ]  SPN training phase with 20520 samples
2025-04-22 15:08:01,064 [DEBUG]  Built domains in 0.0038268089992925525 sec
2025-04-22 15:08:01,423 [DEBUG]  CACHEDIR=/home/dafn/.cache/matplotlib
2025-04-22 15:08:01,425 [DEBUG]  Using fontManager instance from /home/dafn/.cache/matplotlib/fontlist-v300.json
2025-04-22 15:08:01,519 [DEBUG]  Loaded backend qt5agg version unknown.
2025-04-22 15:08:01,549 [DEBUG]  Loaded backend qt5agg version unknown.
2025-04-22 15:08:01,550 [DEBUG]  Loaded backend qt4agg version unknown.
2025-04-22 15:08:01,557 [DEBUG]  Loaded backend tkagg version unknown.
2025-04-22 15:08:01,557 [DEBUG]  Loaded backend agg version unknown.
2025-04-22 15:08:01,557 [DEBUG]  Loaded backend agg version unknown.
2025-04-22 15:08:01,561 [DEBUG]  OP: Operation.SPLIT_ROWS on slice (20520, 3) (remaining tasks 0)
2025-04-22 15:08:01,623 [DEBUG]  		found 2 row clusters (in 0.06224 secs)
2025-04-22 15:08:01,624 [DEBUG]  OP: Operation.SPLIT_COLUMNS on slice (10149, 3) (remaining tasks 1)
2025-04-22 15:08:01,740 [DEBUG]  		found 1 col clusters (in 0.11568 secs)
2025-04-22 15:08:01,741 [DEBUG]  OP: Operation.SPLIT_COLUMNS on slice (10371, 3) (remaining tasks 1)
2025-04-22 15:08:01,989 [DEBUG]  		found 1 col clusters (in 0.24752 secs)
2025-04-22 15:08:01,991 [DEBUG]  OP: Operation.SPLIT_ROWS on slice (10149, 3) (remaining tasks 1)
2025-04-22 15:08:02,067 [DEBUG]  		found 2 row clusters (in 0.07573 secs)
2025-04-22 15:08:02,072 [DEBUG]  OP: Operation.SPLIT_ROWS on slice (10371, 3) (remaining tasks 2)
2025-04-22 15:08:02,154 [DEBUG]  		found 2 row clusters (in 0.08103 secs)
2025-04-22 15:08:02,155 [DEBUG]  OP: Operation.SPLIT_COLUMNS on slice (5235, 3) (remaining tasks 3)
2025-04-22 15:08:02,263 [DEBUG]  		found 1 col clusters (in 0.10719 secs)
2025-04-22 15:08:02,263 [DEBUG]  OP: Operation.SPLIT_COLUMNS on slice (4914, 3) (remaining tasks 3)
2025-04-22 15:08:02,463 [DEBUG]  		found 1 col clusters (in 0.19911 secs)
2025-04-22 15:08:02,464 [DEBUG]  OP: Operation.SPLIT_COLUMNS on slice (5917, 3) (remaining tasks 3)
2025-04-22 15:08:02,693 [DEBUG]  		found 1 col clusters (in 0.22852 secs)
2025-04-22 15:08:02,694 [DEBUG]  OP: Operation.SPLIT_COLUMNS on slice (4454, 3) (remaining tasks 3)
2025-04-22 15:08:02,919 [DEBUG]  		found 1 col clusters (in 0.22539 secs)
2025-04-22 15:08:02,921 [DEBUG]  OP: Operation.SPLIT_ROWS on slice (5235, 3) (remaining tasks 3)
2025-04-22 15:08:02,976 [DEBUG]  		found 2 row clusters (in 0.05535 secs)
2025-04-22 15:08:02,979 [DEBUG]  OP: Operation.SPLIT_ROWS on slice (4914, 3) (remaining tasks 4)
2025-04-22 15:08:03,037 [DEBUG]  		found 2 row clusters (in 0.05678 secs)
2025-04-22 15:08:03,038 [DEBUG]  OP: Operation.SPLIT_ROWS on slice (5917, 3) (remaining tasks 5)
2025-04-22 15:08:03,062 [DEBUG]  		found 2 row clusters (in 0.02444 secs)
2025-04-22 15:08:03,063 [DEBUG]  OP: Operation.SPLIT_ROWS on slice (4454, 3) (remaining tasks 6)
2025-04-22 15:08:03,080 [DEBUG]  		found 2 row clusters (in 0.01714 secs)
2025-04-22 15:08:03,080 [DEBUG]  OP: Operation.SPLIT_COLUMNS on slice (2456, 3) (remaining tasks 7)
2025-04-22 15:08:03,186 [DEBUG]  		found 1 col clusters (in 0.10531 secs)
2025-04-22 15:08:03,186 [DEBUG]  OP: Operation.SPLIT_COLUMNS on slice (2779, 3) (remaining tasks 7)
2025-04-22 15:08:03,424 [DEBUG]  		found 1 col clusters (in 0.23785 secs)
2025-04-22 15:08:03,425 [DEBUG]  OP: Operation.SPLIT_COLUMNS on slice (2466, 3) (remaining tasks 7)
2025-04-22 15:08:03,656 [DEBUG]  		found 1 col clusters (in 0.23116 secs)
2025-04-22 15:08:03,657 [DEBUG]  OP: Operation.SPLIT_COLUMNS on slice (2448, 3) (remaining tasks 7)
2025-04-22 15:08:03,764 [DEBUG]  		found 1 col clusters (in 0.10690 secs)
2025-04-22 15:08:03,765 [DEBUG]  OP: Operation.SPLIT_COLUMNS on slice (2860, 3) (remaining tasks 7)
2025-04-22 15:08:03,991 [DEBUG]  		found 1 col clusters (in 0.22600 secs)
2025-04-22 15:08:03,992 [DEBUG]  OP: Operation.SPLIT_COLUMNS on slice (3057, 3) (remaining tasks 7)
2025-04-22 15:08:04,200 [DEBUG]  		found 1 col clusters (in 0.20776 secs)
2025-04-22 15:08:04,201 [DEBUG]  OP: Operation.SPLIT_COLUMNS on slice (2581, 3) (remaining tasks 7)
2025-04-22 15:08:04,438 [DEBUG]  		found 1 col clusters (in 0.23667 secs)
2025-04-22 15:08:04,438 [DEBUG]  OP: Operation.SPLIT_COLUMNS on slice (1873, 3) (remaining tasks 7)
2025-04-22 15:08:04,648 [DEBUG]  		found 1 col clusters (in 0.20960 secs)
2025-04-22 15:08:04,649 [DEBUG]  OP: Operation.SPLIT_ROWS on slice (2456, 3) (remaining tasks 7)
2025-04-22 15:08:04,685 [DEBUG]  		found 2 row clusters (in 0.03618 secs)
2025-04-22 15:08:04,686 [DEBUG]  OP: Operation.SPLIT_ROWS on slice (2779, 3) (remaining tasks 8)
2025-04-22 15:08:04,739 [DEBUG]  		found 2 row clusters (in 0.05281 secs)
2025-04-22 15:08:04,740 [DEBUG]  OP: Operation.SPLIT_ROWS on slice (2466, 3) (remaining tasks 9)
2025-04-22 15:08:04,792 [DEBUG]  		found 2 row clusters (in 0.05255 secs)
2025-04-22 15:08:04,793 [DEBUG]  OP: Operation.SPLIT_ROWS on slice (2448, 3) (remaining tasks 10)
2025-04-22 15:08:04,809 [DEBUG]  		found 2 row clusters (in 0.01590 secs)
2025-04-22 15:08:04,809 [DEBUG]  OP: Operation.SPLIT_ROWS on slice (2860, 3) (remaining tasks 11)
2025-04-22 15:08:04,824 [DEBUG]  		found 2 row clusters (in 0.01450 secs)
2025-04-22 15:08:04,824 [DEBUG]  OP: Operation.SPLIT_ROWS on slice (3057, 3) (remaining tasks 12)
2025-04-22 15:08:04,839 [DEBUG]  		found 2 row clusters (in 0.01471 secs)
2025-04-22 15:08:04,839 [DEBUG]  OP: Operation.SPLIT_ROWS on slice (2581, 3) (remaining tasks 13)
2025-04-22 15:08:04,853 [DEBUG]  		found 2 row clusters (in 0.01400 secs)
2025-04-22 15:08:04,854 [DEBUG]  OP: Operation.SPLIT_ROWS on slice (1873, 3) (remaining tasks 14)
2025-04-22 15:08:04,867 [DEBUG]  		found 2 row clusters (in 0.01320 secs)
2025-04-22 15:08:04,867 [DEBUG]  OP: Operation.SPLIT_COLUMNS on slice (1342, 3) (remaining tasks 15)
2025-04-22 15:08:04,974 [DEBUG]  		found 1 col clusters (in 0.10643 secs)
2025-04-22 15:08:04,974 [DEBUG]  OP: Operation.SPLIT_COLUMNS on slice (1114, 3) (remaining tasks 15)
2025-04-22 15:08:05,188 [DEBUG]  		found 1 col clusters (in 0.21408 secs)
2025-04-22 15:08:05,189 [DEBUG]  OP: Operation.SPLIT_COLUMNS on slice (1503, 3) (remaining tasks 15)
2025-04-22 15:08:05,398 [DEBUG]  		found 1 col clusters (in 0.20949 secs)
2025-04-22 15:08:05,399 [DEBUG]  OP: Operation.SPLIT_COLUMNS on slice (1276, 3) (remaining tasks 15)
2025-04-22 15:08:05,615 [DEBUG]  		found 1 col clusters (in 0.21602 secs)
2025-04-22 15:08:05,615 [DEBUG]  OP: Operation.SPLIT_COLUMNS on slice (1194, 3) (remaining tasks 15)
2025-04-22 15:08:05,842 [DEBUG]  		found 1 col clusters (in 0.22703 secs)
2025-04-22 15:08:05,843 [DEBUG]  OP: Operation.SPLIT_COLUMNS on slice (1272, 3) (remaining tasks 15)
2025-04-22 15:08:06,050 [DEBUG]  		found 1 col clusters (in 0.20739 secs)
2025-04-22 15:08:06,051 [DEBUG]  OP: Operation.SPLIT_COLUMNS on slice (1244, 3) (remaining tasks 15)
2025-04-22 15:08:06,261 [DEBUG]  		found 1 col clusters (in 0.20966 secs)
2025-04-22 15:08:06,261 [DEBUG]  OP: Operation.SPLIT_COLUMNS on slice (1204, 3) (remaining tasks 15)
2025-04-22 15:08:06,478 [DEBUG]  		found 1 col clusters (in 0.21670 secs)
2025-04-22 15:08:06,479 [DEBUG]  OP: Operation.SPLIT_COLUMNS on slice (1603, 3) (remaining tasks 15)
2025-04-22 15:08:06,651 [DEBUG]  		found 1 col clusters (in 0.17261 secs)
2025-04-22 15:08:06,652 [DEBUG]  OP: Operation.SPLIT_COLUMNS on slice (1257, 3) (remaining tasks 15)
2025-04-22 15:08:06,863 [DEBUG]  		found 1 col clusters (in 0.21145 secs)
2025-04-22 15:08:06,864 [DEBUG]  OP: Operation.SPLIT_COLUMNS on slice (1677, 3) (remaining tasks 15)
2025-04-22 15:08:07,079 [DEBUG]  		found 1 col clusters (in 0.21531 secs)
2025-04-22 15:08:07,080 [DEBUG]  OP: Operation.SPLIT_COLUMNS on slice (1380, 3) (remaining tasks 15)
2025-04-22 15:08:07,318 [DEBUG]  		found 1 col clusters (in 0.23840 secs)
2025-04-22 15:08:07,319 [DEBUG]  OP: Operation.SPLIT_COLUMNS on slice (1306, 3) (remaining tasks 15)
2025-04-22 15:08:07,533 [DEBUG]  		found 2 col clusters (in 0.21417 secs)
2025-04-22 15:08:07,533 [DEBUG]  OP: Operation.SPLIT_COLUMNS on slice (1275, 3) (remaining tasks 16)
2025-04-22 15:08:07,743 [DEBUG]  		found 1 col clusters (in 0.20916 secs)
2025-04-22 15:08:07,743 [DEBUG]  OP: Operation.SPLIT_COLUMNS on slice (882, 3) (remaining tasks 16)
2025-04-22 15:08:07,965 [DEBUG]  		found 1 col clusters (in 0.22191 secs)
2025-04-22 15:08:07,966 [DEBUG]  OP: Operation.SPLIT_COLUMNS on slice (991, 3) (remaining tasks 16)
2025-04-22 15:08:08,173 [DEBUG]  		found 2 col clusters (in 0.20734 secs)
2025-04-22 15:08:08,174 [DEBUG]  OP: Operation.SPLIT_ROWS on slice (1342, 3) (remaining tasks 17)
2025-04-22 15:08:08,194 [DEBUG]  		found 2 row clusters (in 0.02031 secs)
2025-04-22 15:08:08,200 [DEBUG]  OP: Operation.SPLIT_ROWS on slice (1114, 3) (remaining tasks 18)
2025-04-22 15:08:08,230 [DEBUG]  		found 2 row clusters (in 0.02964 secs)
2025-04-22 15:08:08,230 [DEBUG]  OP: Operation.SPLIT_ROWS on slice (1503, 3) (remaining tasks 19)
2025-04-22 15:08:08,273 [DEBUG]  		found 2 row clusters (in 0.04232 secs)
2025-04-22 15:08:08,273 [DEBUG]  OP: Operation.SPLIT_ROWS on slice (1276, 3) (remaining tasks 20)
2025-04-22 15:08:08,309 [DEBUG]  		found 2 row clusters (in 0.03529 secs)
2025-04-22 15:08:08,309 [DEBUG]  OP: Operation.SPLIT_ROWS on slice (1194, 3) (remaining tasks 21)
2025-04-22 15:08:08,323 [DEBUG]  		found 2 row clusters (in 0.01371 secs)
2025-04-22 15:08:08,323 [DEBUG]  OP: Operation.SPLIT_ROWS on slice (1272, 3) (remaining tasks 22)
2025-04-22 15:08:08,335 [DEBUG]  		found 2 row clusters (in 0.01230 secs)
2025-04-22 15:08:08,336 [DEBUG]  OP: Operation.SPLIT_ROWS on slice (1244, 3) (remaining tasks 23)
2025-04-22 15:08:08,348 [DEBUG]  		found 2 row clusters (in 0.01200 secs)
2025-04-22 15:08:08,348 [DEBUG]  OP: Operation.SPLIT_ROWS on slice (1204, 3) (remaining tasks 24)
2025-04-22 15:08:08,360 [DEBUG]  		found 2 row clusters (in 0.01172 secs)
2025-04-22 15:08:08,360 [DEBUG]  OP: Operation.SPLIT_ROWS on slice (1603, 3) (remaining tasks 25)
2025-04-22 15:08:08,373 [DEBUG]  		found 2 row clusters (in 0.01274 secs)
2025-04-22 15:08:08,373 [DEBUG]  OP: Operation.SPLIT_ROWS on slice (1257, 3) (remaining tasks 26)
2025-04-22 15:08:08,385 [DEBUG]  		found 2 row clusters (in 0.01184 secs)
2025-04-22 15:08:08,385 [DEBUG]  OP: Operation.SPLIT_ROWS on slice (1677, 3) (remaining tasks 27)
2025-04-22 15:08:08,398 [DEBUG]  		found 2 row clusters (in 0.01258 secs)
2025-04-22 15:08:08,398 [DEBUG]  OP: Operation.SPLIT_ROWS on slice (1380, 3) (remaining tasks 28)
2025-04-22 15:08:08,410 [DEBUG]  		found 2 row clusters (in 0.01212 secs)
2025-04-22 15:08:08,410 [DEBUG]  OP: Operation.CREATE_LEAF on slice (1306, 1) (remaining tasks 29)
2025-04-22 15:08:08,411 [DEBUG]  		 created leaf IdentityNumericLeaf for scope=[0] (in 0.00026 secs)
2025-04-22 15:08:08,411 [DEBUG]  OP: Operation.SPLIT_COLUMNS on slice (1306, 2) (remaining tasks 28)
2025-04-22 15:08:08,517 [DEBUG]  		found 1 col clusters (in 0.10645 secs)
2025-04-22 15:08:08,518 [DEBUG]  OP: Operation.SPLIT_ROWS on slice (1275, 3) (remaining tasks 28)
2025-04-22 15:08:08,533 [DEBUG]  		found 2 row clusters (in 0.01480 secs)
2025-04-22 15:08:08,533 [DEBUG]  OP: Operation.SPLIT_ROWS on slice (882, 3) (remaining tasks 29)
2025-04-22 15:08:08,547 [DEBUG]  		found 2 row clusters (in 0.01405 secs)
2025-04-22 15:08:08,547 [DEBUG]  OP: Operation.CREATE_LEAF on slice (991, 1) (remaining tasks 30)
2025-04-22 15:08:08,548 [DEBUG]  		 created leaf IdentityNumericLeaf for scope=[0] (in 0.00025 secs)
2025-04-22 15:08:08,548 [DEBUG]  OP: Operation.SPLIT_COLUMNS on slice (991, 2) (remaining tasks 29)
2025-04-22 15:08:08,652 [DEBUG]  		found 1 col clusters (in 0.10460 secs)
2025-04-22 15:08:08,653 [DEBUG]  OP: Operation.SPLIT_COLUMNS on slice (662, 3) (remaining tasks 29)
2025-04-22 15:08:08,759 [DEBUG]  		found 1 col clusters (in 0.10584 secs)
2025-04-22 15:08:08,759 [DEBUG]  OP: Operation.SPLIT_COLUMNS on slice (680, 3) (remaining tasks 29)
2025-04-22 15:08:08,962 [DEBUG]  		found 1 col clusters (in 0.20321 secs)
2025-04-22 15:08:08,963 [DEBUG]  OP: Operation.SPLIT_COLUMNS on slice (609, 3) (remaining tasks 29)
2025-04-22 15:08:09,160 [DEBUG]  		found 1 col clusters (in 0.19735 secs)
2025-04-22 15:08:09,161 [DEBUG]  OP: Operation.SPLIT_COLUMNS on slice (505, 3) (remaining tasks 29)
2025-04-22 15:08:09,370 [DEBUG]  		found 1 col clusters (in 0.20906 secs)
2025-04-22 15:08:09,371 [DEBUG]  OP: Operation.SPLIT_COLUMNS on slice (757, 3) (remaining tasks 29)
2025-04-22 15:08:09,575 [DEBUG]  		found 1 col clusters (in 0.20401 secs)
2025-04-22 15:08:09,575 [DEBUG]  OP: Operation.SPLIT_COLUMNS on slice (746, 3) (remaining tasks 29)
2025-04-22 15:08:09,684 [DEBUG]  		found 2 col clusters (in 0.10807 secs)
2025-04-22 15:08:09,684 [DEBUG]  OP: Operation.SPLIT_COLUMNS on slice (728, 3) (remaining tasks 30)
2025-04-22 15:08:09,790 [DEBUG]  		found 1 col clusters (in 0.10579 secs)
2025-04-22 15:08:09,791 [DEBUG]  OP: Operation.SPLIT_COLUMNS on slice (548, 3) (remaining tasks 30)
2025-04-22 15:08:09,896 [DEBUG]  		found 1 col clusters (in 0.10476 secs)
2025-04-22 15:08:09,896 [DEBUG]  OP: Operation.SPLIT_COLUMNS on slice (533, 3) (remaining tasks 30)
2025-04-22 15:08:10,129 [DEBUG]  		found 1 col clusters (in 0.23246 secs)
2025-04-22 15:08:10,129 [DEBUG]  OP: Operation.SPLIT_COLUMNS on slice (661, 3) (remaining tasks 30)
2025-04-22 15:08:10,332 [DEBUG]  		found 1 col clusters (in 0.20303 secs)
2025-04-22 15:08:10,333 [DEBUG]  OP: Operation.SPLIT_COLUMNS on slice (625, 3) (remaining tasks 30)
2025-04-22 15:08:10,540 [DEBUG]  		found 1 col clusters (in 0.20685 secs)
2025-04-22 15:08:10,540 [DEBUG]  OP: Operation.SPLIT_COLUMNS on slice (647, 3) (remaining tasks 30)
2025-04-22 15:08:10,745 [DEBUG]  		found 1 col clusters (in 0.20459 secs)
2025-04-22 15:08:10,745 [DEBUG]  OP: Operation.SPLIT_COLUMNS on slice (611, 3) (remaining tasks 30)
2025-04-22 15:08:10,851 [DEBUG]  		found 1 col clusters (in 0.10550 secs)
2025-04-22 15:08:10,852 [DEBUG]  OP: Operation.SPLIT_COLUMNS on slice (633, 3) (remaining tasks 30)
2025-04-22 15:08:10,956 [DEBUG]  		found 1 col clusters (in 0.10471 secs)
2025-04-22 15:08:10,957 [DEBUG]  OP: Operation.SPLIT_COLUMNS on slice (631, 3) (remaining tasks 30)
2025-04-22 15:08:11,129 [DEBUG]  		found 1 col clusters (in 0.17236 secs)
2025-04-22 15:08:11,130 [DEBUG]  OP: Operation.SPLIT_COLUMNS on slice (573, 3) (remaining tasks 30)
2025-04-22 15:08:11,314 [DEBUG]  		found 1 col clusters (in 0.18372 secs)
2025-04-22 15:08:11,314 [DEBUG]  OP: Operation.SPLIT_COLUMNS on slice (840, 3) (remaining tasks 30)
2025-04-22 15:08:11,523 [DEBUG]  		found 2 col clusters (in 0.20829 secs)
2025-04-22 15:08:11,523 [DEBUG]  OP: Operation.SPLIT_COLUMNS on slice (763, 3) (remaining tasks 31)
2025-04-22 15:08:11,742 [DEBUG]  		found 2 col clusters (in 0.21834 secs)
2025-04-22 15:08:11,742 [DEBUG]  OP: Operation.SPLIT_COLUMNS on slice (720, 3) (remaining tasks 32)
2025-04-22 15:08:11,956 [DEBUG]  		found 2 col clusters (in 0.21391 secs)
2025-04-22 15:08:11,957 [DEBUG]  OP: Operation.SPLIT_COLUMNS on slice (537, 3) (remaining tasks 33)
2025-04-22 15:08:12,165 [DEBUG]  		found 2 col clusters (in 0.20783 secs)
2025-04-22 15:08:12,165 [DEBUG]  OP: Operation.SPLIT_COLUMNS on slice (881, 3) (remaining tasks 34)
2025-04-22 15:08:12,375 [DEBUG]  		found 2 col clusters (in 0.20974 secs)
2025-04-22 15:08:12,375 [DEBUG]  OP: Operation.SPLIT_COLUMNS on slice (796, 3) (remaining tasks 35)
2025-04-22 15:08:12,553 [DEBUG]  		found 1 col clusters (in 0.17770 secs)
2025-04-22 15:08:12,554 [DEBUG]  OP: Operation.SPLIT_COLUMNS on slice (795, 3) (remaining tasks 35)
2025-04-22 15:08:12,660 [DEBUG]  		found 2 col clusters (in 0.10574 secs)
2025-04-22 15:08:12,660 [DEBUG]  OP: Operation.SPLIT_COLUMNS on slice (585, 3) (remaining tasks 36)
2025-04-22 15:08:12,872 [DEBUG]  		found 1 col clusters (in 0.21161 secs)
2025-04-22 15:08:12,872 [DEBUG]  OP: Operation.SPLIT_ROWS on slice (1306, 2) (remaining tasks 36)
2025-04-22 15:08:12,948 [DEBUG]  		found 2 row clusters (in 0.07527 secs)
2025-04-22 15:08:12,948 [DEBUG]  OP: Operation.SPLIT_COLUMNS on slice (704, 3) (remaining tasks 37)
2025-04-22 15:08:13,082 [DEBUG]  		found 2 col clusters (in 0.13329 secs)
2025-04-22 15:08:13,082 [DEBUG]  OP: Operation.SPLIT_COLUMNS on slice (571, 3) (remaining tasks 38)
2025-04-22 15:08:13,294 [DEBUG]  		found 1 col clusters (in 0.21145 secs)
2025-04-22 15:08:13,294 [DEBUG]  OP: Operation.SPLIT_COLUMNS on slice (433, 3) (remaining tasks 38)
2025-04-22 15:08:13,499 [DEBUG]  		found 2 col clusters (in 0.20461 secs)
2025-04-22 15:08:13,499 [DEBUG]  OP: Operation.SPLIT_COLUMNS on slice (449, 3) (remaining tasks 39)
2025-04-22 15:08:13,700 [DEBUG]  		found 1 col clusters (in 0.20077 secs)
2025-04-22 15:08:13,700 [DEBUG]  OP: Operation.SPLIT_ROWS on slice (991, 2) (remaining tasks 39)
2025-04-22 15:08:13,734 [DEBUG]  		found 2 row clusters (in 0.03331 secs)
2025-04-22 15:08:13,734 [DEBUG]  OP: Operation.SPLIT_ROWS on slice (662, 3) (remaining tasks 40)
2025-04-22 15:08:13,752 [DEBUG]  		found 2 row clusters (in 0.01777 secs)
2025-04-22 15:08:13,752 [DEBUG]  OP: Operation.SPLIT_ROWS on slice (680, 3) (remaining tasks 41)
2025-04-22 15:08:13,770 [DEBUG]  		found 2 row clusters (in 0.01773 secs)
2025-04-22 15:08:13,770 [DEBUG]  OP: Operation.SPLIT_ROWS on slice (609, 3) (remaining tasks 42)
2025-04-22 15:08:13,788 [DEBUG]  		found 2 row clusters (in 0.01772 secs)
2025-04-22 15:08:13,788 [DEBUG]  OP: Operation.SPLIT_ROWS on slice (505, 3) (remaining tasks 43)
2025-04-22 15:08:13,806 [DEBUG]  		found 2 row clusters (in 0.01780 secs)
2025-04-22 15:08:13,807 [DEBUG]  OP: Operation.SPLIT_ROWS on slice (757, 3) (remaining tasks 44)
2025-04-22 15:08:13,819 [DEBUG]  		found 2 row clusters (in 0.01266 secs)
2025-04-22 15:08:13,820 [DEBUG]  OP: Operation.SPLIT_COLUMNS on slice (746, 2) (remaining tasks 45)
2025-04-22 15:08:13,925 [DEBUG]  		found 1 col clusters (in 0.10539 secs)
2025-04-22 15:08:13,925 [DEBUG]  OP: Operation.CREATE_LEAF on slice (746, 1) (remaining tasks 45)
2025-04-22 15:08:13,926 [DEBUG]  		 created leaf IdentityNumericLeaf for scope=[2] (in 0.00071 secs)
2025-04-22 15:08:13,926 [DEBUG]  OP: Operation.SPLIT_ROWS on slice (728, 3) (remaining tasks 44)
2025-04-22 15:08:13,944 [DEBUG]  		found 2 row clusters (in 0.01805 secs)
2025-04-22 15:08:13,945 [DEBUG]  OP: Operation.SPLIT_ROWS on slice (548, 3) (remaining tasks 45)
2025-04-22 15:08:13,963 [DEBUG]  		found 2 row clusters (in 0.01766 secs)
2025-04-22 15:08:13,963 [DEBUG]  OP: Operation.SPLIT_ROWS on slice (533, 3) (remaining tasks 46)
2025-04-22 15:08:13,980 [DEBUG]  		found 2 row clusters (in 0.01719 secs)
2025-04-22 15:08:13,981 [DEBUG]  OP: Operation.SPLIT_ROWS on slice (661, 3) (remaining tasks 47)
2025-04-22 15:08:13,999 [DEBUG]  		found 2 row clusters (in 0.01805 secs)
2025-04-22 15:08:13,999 [DEBUG]  OP: Operation.SPLIT_ROWS on slice (625, 3) (remaining tasks 48)
2025-04-22 15:08:14,017 [DEBUG]  		found 2 row clusters (in 0.01801 secs)
2025-04-22 15:08:14,018 [DEBUG]  OP: Operation.SPLIT_ROWS on slice (647, 3) (remaining tasks 49)
2025-04-22 15:08:14,033 [DEBUG]  		found 2 row clusters (in 0.01496 secs)
2025-04-22 15:08:14,033 [DEBUG]  OP: Operation.SPLIT_ROWS on slice (611, 3) (remaining tasks 50)
2025-04-22 15:08:14,044 [DEBUG]  		found 2 row clusters (in 0.01092 secs)
2025-04-22 15:08:14,044 [DEBUG]  OP: Operation.SPLIT_ROWS on slice (633, 3) (remaining tasks 51)
2025-04-22 15:08:14,055 [DEBUG]  		found 2 row clusters (in 0.01090 secs)
2025-04-22 15:08:14,055 [DEBUG]  OP: Operation.SPLIT_ROWS on slice (631, 3) (remaining tasks 52)
2025-04-22 15:08:14,066 [DEBUG]  		found 2 row clusters (in 0.01083 secs)
2025-04-22 15:08:14,066 [DEBUG]  OP: Operation.SPLIT_ROWS on slice (573, 3) (remaining tasks 53)
2025-04-22 15:08:14,077 [DEBUG]  		found 2 row clusters (in 0.01088 secs)
2025-04-22 15:08:14,077 [DEBUG]  OP: Operation.CREATE_LEAF on slice (840, 1) (remaining tasks 54)
2025-04-22 15:08:14,078 [DEBUG]  		 created leaf IdentityNumericLeaf for scope=[0] (in 0.00021 secs)
2025-04-22 15:08:14,078 [DEBUG]  OP: Operation.SPLIT_COLUMNS on slice (840, 2) (remaining tasks 53)
2025-04-22 15:08:14,183 [DEBUG]  		found 1 col clusters (in 0.10555 secs)
2025-04-22 15:08:14,184 [DEBUG]  OP: Operation.CREATE_LEAF on slice (763, 1) (remaining tasks 53)
2025-04-22 15:08:14,184 [DEBUG]  		 created leaf IdentityNumericLeaf for scope=[0] (in 0.00028 secs)
2025-04-22 15:08:14,184 [DEBUG]  OP: Operation.SPLIT_COLUMNS on slice (763, 2) (remaining tasks 52)
2025-04-22 15:08:14,289 [DEBUG]  		found 1 col clusters (in 0.10505 secs)
2025-04-22 15:08:14,289 [DEBUG]  OP: Operation.CREATE_LEAF on slice (720, 1) (remaining tasks 52)
2025-04-22 15:08:14,290 [DEBUG]  		 created leaf IdentityNumericLeaf for scope=[0] (in 0.00028 secs)
2025-04-22 15:08:14,290 [DEBUG]  OP: Operation.SPLIT_COLUMNS on slice (720, 2) (remaining tasks 51)
2025-04-22 15:08:14,396 [DEBUG]  		found 1 col clusters (in 0.10559 secs)
2025-04-22 15:08:14,396 [DEBUG]  OP: Operation.CREATE_LEAF on slice (537, 1) (remaining tasks 51)
2025-04-22 15:08:14,396 [DEBUG]  		 created leaf IdentityNumericLeaf for scope=[0] (in 0.00027 secs)
2025-04-22 15:08:14,397 [DEBUG]  OP: Operation.SPLIT_COLUMNS on slice (537, 2) (remaining tasks 50)
2025-04-22 15:08:14,501 [DEBUG]  		found 1 col clusters (in 0.10485 secs)
2025-04-22 15:08:14,502 [DEBUG]  OP: Operation.CREATE_LEAF on slice (881, 1) (remaining tasks 50)
2025-04-22 15:08:14,502 [DEBUG]  		 created leaf IdentityNumericLeaf for scope=[0] (in 0.00058 secs)
2025-04-22 15:08:14,503 [DEBUG]  OP: Operation.SPLIT_COLUMNS on slice (881, 2) (remaining tasks 49)
2025-04-22 15:08:14,608 [DEBUG]  		found 1 col clusters (in 0.10533 secs)
2025-04-22 15:08:14,608 [DEBUG]  OP: Operation.SPLIT_ROWS on slice (796, 3) (remaining tasks 49)
2025-04-22 15:08:14,624 [DEBUG]  		found 2 row clusters (in 0.01530 secs)
2025-04-22 15:08:14,624 [DEBUG]  OP: Operation.CREATE_LEAF on slice (795, 1) (remaining tasks 50)
2025-04-22 15:08:14,624 [DEBUG]  		 created leaf IdentityNumericLeaf for scope=[0] (in 0.00028 secs)
2025-04-22 15:08:14,624 [DEBUG]  OP: Operation.SPLIT_COLUMNS on slice (795, 2) (remaining tasks 49)
2025-04-22 15:08:14,730 [DEBUG]  		found 1 col clusters (in 0.10501 secs)
2025-04-22 15:08:14,730 [DEBUG]  OP: Operation.SPLIT_ROWS on slice (585, 3) (remaining tasks 49)
2025-04-22 15:08:14,745 [DEBUG]  		found 2 row clusters (in 0.01471 secs)
2025-04-22 15:08:14,745 [DEBUG]  OP: Operation.SPLIT_COLUMNS on slice (878, 2) (remaining tasks 50)
2025-04-22 15:08:14,851 [DEBUG]  		found 1 col clusters (in 0.10573 secs)
2025-04-22 15:08:14,851 [DEBUG]  OP: Operation.SPLIT_COLUMNS on slice (428, 2) (remaining tasks 50)
2025-04-22 15:08:14,956 [DEBUG]  		found 1 col clusters (in 0.10516 secs)
2025-04-22 15:08:14,957 [DEBUG]  OP: Operation.CREATE_LEAF on slice (704, 1) (remaining tasks 50)
2025-04-22 15:08:14,957 [DEBUG]  		 created leaf IdentityNumericLeaf for scope=[0] (in 0.00028 secs)
2025-04-22 15:08:14,957 [DEBUG]  OP: Operation.SPLIT_COLUMNS on slice (704, 2) (remaining tasks 49)
2025-04-22 15:08:15,062 [DEBUG]  		found 1 col clusters (in 0.10502 secs)
2025-04-22 15:08:15,063 [DEBUG]  OP: Operation.SPLIT_ROWS on slice (571, 3) (remaining tasks 49)
2025-04-22 15:08:15,077 [DEBUG]  		found 2 row clusters (in 0.01457 secs)
2025-04-22 15:08:15,078 [DEBUG]  OP: Operation.CREATE_LEAF on slice (433, 1) (remaining tasks 50)
2025-04-22 15:08:15,078 [DEBUG]  		 created leaf IdentityNumericLeaf for scope=[0] (in 0.00027 secs)
2025-04-22 15:08:15,078 [DEBUG]  OP: Operation.SPLIT_COLUMNS on slice (433, 2) (remaining tasks 49)
2025-04-22 15:08:15,183 [DEBUG]  		found 1 col clusters (in 0.10503 secs)
2025-04-22 15:08:15,184 [DEBUG]  OP: Operation.SPLIT_ROWS on slice (449, 3) (remaining tasks 49)
2025-04-22 15:08:15,198 [DEBUG]  		found 2 row clusters (in 0.01428 secs)
2025-04-22 15:08:15,198 [DEBUG]  OP: Operation.SPLIT_COLUMNS on slice (650, 2) (remaining tasks 50)
2025-04-22 15:08:15,304 [DEBUG]  		found 1 col clusters (in 0.10547 secs)
2025-04-22 15:08:15,304 [DEBUG]  OP: Operation.SPLIT_COLUMNS on slice (341, 2) (remaining tasks 50)
2025-04-22 15:08:15,409 [DEBUG]  		found 1 col clusters (in 0.10498 secs)
2025-04-22 15:08:15,410 [DEBUG]  OP: Operation.SPLIT_COLUMNS on slice (327, 3) (remaining tasks 50)
2025-04-22 15:08:15,515 [DEBUG]  		found 1 col clusters (in 0.10568 secs)
2025-04-22 15:08:15,516 [DEBUG]  OP: Operation.SPLIT_COLUMNS on slice (335, 3) (remaining tasks 50)
2025-04-22 15:08:15,715 [DEBUG]  		found 1 col clusters (in 0.19960 secs)
2025-04-22 15:08:15,716 [DEBUG]  OP: Operation.SPLIT_COLUMNS on slice (350, 3) (remaining tasks 50)
2025-04-22 15:08:15,929 [DEBUG]  		found 1 col clusters (in 0.21345 secs)
2025-04-22 15:08:15,930 [DEBUG]  OP: Operation.SPLIT_COLUMNS on slice (330, 3) (remaining tasks 50)
2025-04-22 15:08:16,167 [DEBUG]  		found 1 col clusters (in 0.23742 secs)
2025-04-22 15:08:16,167 [DEBUG]  OP: Operation.SPLIT_COLUMNS on slice (298, 3) (remaining tasks 50)
2025-04-22 15:08:16,373 [DEBUG]  		found 1 col clusters (in 0.20565 secs)
2025-04-22 15:08:16,373 [DEBUG]  OP: Operation.SPLIT_COLUMNS on slice (311, 3) (remaining tasks 50)
2025-04-22 15:08:16,479 [DEBUG]  		found 1 col clusters (in 0.10516 secs)
2025-04-22 15:08:16,479 [DEBUG]  OP: Operation.SPLIT_COLUMNS on slice (250, 3) (remaining tasks 50)
2025-04-22 15:08:16,683 [DEBUG]  		found 1 col clusters (in 0.20350 secs)
2025-04-22 15:08:16,683 [DEBUG]  OP: Operation.SPLIT_COLUMNS on slice (255, 3) (remaining tasks 50)
2025-04-22 15:08:16,898 [DEBUG]  		found 1 col clusters (in 0.21434 secs)
2025-04-22 15:08:16,898 [DEBUG]  OP: Operation.SPLIT_COLUMNS on slice (373, 3) (remaining tasks 50)
2025-04-22 15:08:17,103 [DEBUG]  		found 1 col clusters (in 0.20481 secs)
2025-04-22 15:08:17,103 [DEBUG]  OP: Operation.SPLIT_COLUMNS on slice (384, 3) (remaining tasks 50)
2025-04-22 15:08:17,307 [DEBUG]  		found 1 col clusters (in 0.20347 secs)
2025-04-22 15:08:17,307 [DEBUG]  OP: Operation.SPLIT_ROWS on slice (746, 2) (remaining tasks 50)
2025-04-22 15:08:17,331 [DEBUG]  		found 2 row clusters (in 0.02347 secs)
2025-04-22 15:08:17,332 [DEBUG]  OP: Operation.SPLIT_COLUMNS on slice (363, 3) (remaining tasks 51)
2025-04-22 15:08:17,511 [DEBUG]  		found 1 col clusters (in 0.17926 secs)
2025-04-22 15:08:17,512 [DEBUG]  OP: Operation.SPLIT_COLUMNS on slice (365, 3) (remaining tasks 51)
2025-04-22 15:08:17,717 [DEBUG]  		found 1 col clusters (in 0.20494 secs)
2025-04-22 15:08:17,717 [DEBUG]  OP: Operation.SPLIT_COLUMNS on slice (270, 3) (remaining tasks 51)
2025-04-22 15:08:17,922 [DEBUG]  		found 1 col clusters (in 0.20451 secs)
2025-04-22 15:08:17,922 [DEBUG]  OP: Operation.SPLIT_COLUMNS on slice (278, 3) (remaining tasks 51)
2025-04-22 15:08:18,127 [DEBUG]  		found 1 col clusters (in 0.20538 secs)
2025-04-22 15:08:18,128 [DEBUG]  OP: Operation.SPLIT_COLUMNS on slice (252, 3) (remaining tasks 51)
2025-04-22 15:08:18,334 [DEBUG]  		found 1 col clusters (in 0.20570 secs)
2025-04-22 15:08:18,334 [DEBUG]  OP: Operation.SPLIT_COLUMNS on slice (281, 3) (remaining tasks 51)
2025-04-22 15:08:18,540 [DEBUG]  		found 1 col clusters (in 0.20530 secs)
2025-04-22 15:08:18,540 [DEBUG]  OP: Operation.SPLIT_COLUMNS on slice (320, 3) (remaining tasks 51)
2025-04-22 15:08:18,646 [DEBUG]  		found 1 col clusters (in 0.10572 secs)
2025-04-22 15:08:18,646 [DEBUG]  OP: Operation.SPLIT_COLUMNS on slice (341, 3) (remaining tasks 51)
2025-04-22 15:08:18,818 [DEBUG]  		found 1 col clusters (in 0.17155 secs)
2025-04-22 15:08:18,818 [DEBUG]  OP: Operation.SPLIT_COLUMNS on slice (296, 3) (remaining tasks 51)
2025-04-22 15:08:19,026 [DEBUG]  		found 1 col clusters (in 0.20725 secs)
2025-04-22 15:08:19,026 [DEBUG]  OP: Operation.SPLIT_COLUMNS on slice (329, 3) (remaining tasks 51)
2025-04-22 15:08:19,236 [DEBUG]  		found 1 col clusters (in 0.21014 secs)
2025-04-22 15:08:19,236 [DEBUG]  OP: Operation.SPLIT_COLUMNS on slice (328, 3) (remaining tasks 51)
2025-04-22 15:08:19,440 [DEBUG]  		found 1 col clusters (in 0.20390 secs)
2025-04-22 15:08:19,441 [DEBUG]  OP: Operation.SPLIT_COLUMNS on slice (319, 3) (remaining tasks 51)
2025-04-22 15:08:19,548 [DEBUG]  		found 1 col clusters (in 0.10706 secs)
2025-04-22 15:08:19,548 [DEBUG]  OP: Operation.SPLIT_COLUMNS on slice (287, 3) (remaining tasks 51)
2025-04-22 15:08:19,720 [DEBUG]  		found 1 col clusters (in 0.17126 secs)
2025-04-22 15:08:19,720 [DEBUG]  OP: Operation.SPLIT_COLUMNS on slice (324, 3) (remaining tasks 51)
2025-04-22 15:08:19,928 [DEBUG]  		found 1 col clusters (in 0.20743 secs)
2025-04-22 15:08:19,928 [DEBUG]  OP: Operation.SPLIT_COLUMNS on slice (318, 3) (remaining tasks 51)
2025-04-22 15:08:20,119 [DEBUG]  		found 1 col clusters (in 0.19106 secs)
2025-04-22 15:08:20,119 [DEBUG]  OP: Operation.SPLIT_COLUMNS on slice (315, 3) (remaining tasks 51)
2025-04-22 15:08:20,328 [DEBUG]  		found 1 col clusters (in 0.20798 secs)
2025-04-22 15:08:20,328 [DEBUG]  OP: Operation.SPLIT_COLUMNS on slice (304, 3) (remaining tasks 51)
2025-04-22 15:08:20,551 [DEBUG]  		found 1 col clusters (in 0.22339 secs)
2025-04-22 15:08:20,552 [DEBUG]  OP: Operation.SPLIT_COLUMNS on slice (327, 3) (remaining tasks 51)
2025-04-22 15:08:20,763 [DEBUG]  		found 1 col clusters (in 0.21142 secs)
2025-04-22 15:08:20,764 [DEBUG]  OP: Operation.SPLIT_COLUMNS on slice (253, 3) (remaining tasks 51)
2025-04-22 15:08:20,968 [DEBUG]  		found 1 col clusters (in 0.20395 secs)
2025-04-22 15:08:20,968 [DEBUG]  OP: Operation.SPLIT_COLUMNS on slice (320, 3) (remaining tasks 51)
2025-04-22 15:08:21,170 [DEBUG]  		found 1 col clusters (in 0.20200 secs)
2025-04-22 15:08:21,171 [DEBUG]  OP: Operation.SPLIT_ROWS on slice (840, 2) (remaining tasks 51)
2025-04-22 15:08:21,267 [DEBUG]  		found 2 row clusters (in 0.09598 secs)
2025-04-22 15:08:21,268 [DEBUG]  OP: Operation.SPLIT_ROWS on slice (763, 2) (remaining tasks 52)
2025-04-22 15:08:21,314 [DEBUG]  		found 2 row clusters (in 0.04596 secs)
2025-04-22 15:08:21,314 [DEBUG]  OP: Operation.SPLIT_ROWS on slice (720, 2) (remaining tasks 53)
2025-04-22 15:08:21,351 [DEBUG]  		found 2 row clusters (in 0.03724 secs)
2025-04-22 15:08:21,351 [DEBUG]  OP: Operation.SPLIT_ROWS on slice (537, 2) (remaining tasks 54)
2025-04-22 15:08:21,372 [DEBUG]  		found 2 row clusters (in 0.02083 secs)
2025-04-22 15:08:21,372 [DEBUG]  OP: Operation.SPLIT_ROWS on slice (881, 2) (remaining tasks 55)
2025-04-22 15:08:21,406 [DEBUG]  		found 2 row clusters (in 0.03347 secs)
2025-04-22 15:08:21,406 [DEBUG]  OP: Operation.REMOVE_UNINFORMATIVE_FEATURES on slice (396, 3) (remaining tasks 56)
2025-04-22 15:08:21,406 [DEBUG]  OP: Operation.REMOVE_UNINFORMATIVE_FEATURES on slice (400, 3) (remaining tasks 57)
2025-04-22 15:08:21,407 [DEBUG]  OP: Operation.SPLIT_ROWS on slice (795, 2) (remaining tasks 58)
2025-04-22 15:08:21,439 [DEBUG]  		found 2 row clusters (in 0.03274 secs)
2025-04-22 15:08:21,440 [DEBUG]  OP: Operation.REMOVE_UNINFORMATIVE_FEATURES on slice (276, 3) (remaining tasks 59)
2025-04-22 15:08:21,440 [DEBUG]  OP: Operation.REMOVE_UNINFORMATIVE_FEATURES on slice (309, 3) (remaining tasks 60)
2025-04-22 15:08:21,440 [DEBUG]  OP: Operation.SPLIT_ROWS on slice (878, 2) (remaining tasks 61)
2025-04-22 15:08:21,471 [DEBUG]  		found 2 row clusters (in 0.03051 secs)
2025-04-22 15:08:21,471 [DEBUG]  OP: Operation.SPLIT_ROWS on slice (428, 2) (remaining tasks 62)
2025-04-22 15:08:21,489 [DEBUG]  		found 2 row clusters (in 0.01809 secs)
2025-04-22 15:08:21,489 [DEBUG]  OP: Operation.SPLIT_ROWS on slice (704, 2) (remaining tasks 63)
2025-04-22 15:08:21,511 [DEBUG]  		found 2 row clusters (in 0.02217 secs)
2025-04-22 15:08:21,512 [DEBUG]  OP: Operation.REMOVE_UNINFORMATIVE_FEATURES on slice (239, 3) (remaining tasks 64)
2025-04-22 15:08:21,512 [DEBUG]  OP: Operation.REMOVE_UNINFORMATIVE_FEATURES on slice (332, 3) (remaining tasks 65)
2025-04-22 15:08:21,512 [DEBUG]  OP: Operation.SPLIT_ROWS on slice (433, 2) (remaining tasks 66)
2025-04-22 15:08:21,528 [DEBUG]  		found 2 row clusters (in 0.01645 secs)
2025-04-22 15:08:21,529 [DEBUG]  OP: Operation.REMOVE_UNINFORMATIVE_FEATURES on slice (218, 3) (remaining tasks 67)
2025-04-22 15:08:21,529 [DEBUG]  OP: Operation.REMOVE_UNINFORMATIVE_FEATURES on slice (231, 3) (remaining tasks 68)
2025-04-22 15:08:21,529 [DEBUG]  OP: Operation.SPLIT_ROWS on slice (650, 2) (remaining tasks 69)
2025-04-22 15:08:21,555 [DEBUG]  		found 2 row clusters (in 0.02639 secs)
2025-04-22 15:08:21,556 [DEBUG]  OP: Operation.SPLIT_ROWS on slice (341, 2) (remaining tasks 70)
2025-04-22 15:08:21,573 [DEBUG]  		found 2 row clusters (in 0.01755 secs)
2025-04-22 15:08:21,573 [DEBUG]  OP: Operation.SPLIT_ROWS on slice (327, 3) (remaining tasks 71)
2025-04-22 15:08:21,582 [DEBUG]  		found 2 row clusters (in 0.00892 secs)
2025-04-22 15:08:21,583 [DEBUG]  OP: Operation.SPLIT_ROWS on slice (335, 3) (remaining tasks 72)
2025-04-22 15:08:21,592 [DEBUG]  		found 2 row clusters (in 0.00879 secs)
2025-04-22 15:08:21,592 [DEBUG]  OP: Operation.SPLIT_ROWS on slice (350, 3) (remaining tasks 73)
2025-04-22 15:08:21,601 [DEBUG]  		found 2 row clusters (in 0.00873 secs)
2025-04-22 15:08:21,601 [DEBUG]  OP: Operation.SPLIT_ROWS on slice (330, 3) (remaining tasks 74)
2025-04-22 15:08:21,610 [DEBUG]  		found 2 row clusters (in 0.00882 secs)
2025-04-22 15:08:21,610 [DEBUG]  OP: Operation.SPLIT_ROWS on slice (298, 3) (remaining tasks 75)
2025-04-22 15:08:21,619 [DEBUG]  		found 2 row clusters (in 0.00870 secs)
2025-04-22 15:08:21,619 [DEBUG]  OP: Operation.SPLIT_ROWS on slice (311, 3) (remaining tasks 76)
2025-04-22 15:08:21,628 [DEBUG]  		found 2 row clusters (in 0.00881 secs)
2025-04-22 15:08:21,628 [DEBUG]  OP: Operation.SPLIT_ROWS on slice (250, 3) (remaining tasks 77)
2025-04-22 15:08:21,637 [DEBUG]  		found 2 row clusters (in 0.00934 secs)
2025-04-22 15:08:21,637 [DEBUG]  OP: Operation.SPLIT_ROWS on slice (255, 3) (remaining tasks 78)
2025-04-22 15:08:21,646 [DEBUG]  		found 2 row clusters (in 0.00867 secs)
2025-04-22 15:08:21,646 [DEBUG]  OP: Operation.SPLIT_ROWS on slice (373, 3) (remaining tasks 79)
2025-04-22 15:08:21,656 [DEBUG]  		found 2 row clusters (in 0.00901 secs)
2025-04-22 15:08:21,656 [DEBUG]  OP: Operation.SPLIT_ROWS on slice (384, 3) (remaining tasks 80)
2025-04-22 15:08:21,665 [DEBUG]  		found 2 row clusters (in 0.00892 secs)
2025-04-22 15:08:21,665 [DEBUG]  OP: Operation.SPLIT_COLUMNS on slice (347, 2) (remaining tasks 81)
2025-04-22 15:08:21,772 [DEBUG]  		found 1 col clusters (in 0.10691 secs)
2025-04-22 15:08:21,772 [DEBUG]  OP: Operation.SPLIT_COLUMNS on slice (399, 2) (remaining tasks 81)
2025-04-22 15:08:21,877 [DEBUG]  		found 1 col clusters (in 0.10457 secs)
2025-04-22 15:08:21,877 [DEBUG]  OP: Operation.SPLIT_ROWS on slice (363, 3) (remaining tasks 81)
2025-04-22 15:08:21,901 [DEBUG]  		found 2 row clusters (in 0.02352 secs)
2025-04-22 15:08:21,902 [DEBUG]  OP: Operation.SPLIT_ROWS on slice (365, 3) (remaining tasks 82)
2025-04-22 15:08:21,924 [DEBUG]  		found 2 row clusters (in 0.02263 secs)
2025-04-22 15:08:21,925 [DEBUG]  OP: Operation.SPLIT_ROWS on slice (270, 3) (remaining tasks 83)
2025-04-22 15:08:21,944 [DEBUG]  		found 2 row clusters (in 0.01936 secs)
2025-04-22 15:08:21,945 [DEBUG]  OP: Operation.SPLIT_ROWS on slice (278, 3) (remaining tasks 84)
2025-04-22 15:08:21,963 [DEBUG]  		found 2 row clusters (in 0.01810 secs)
2025-04-22 15:08:21,963 [DEBUG]  OP: Operation.SPLIT_ROWS on slice (252, 3) (remaining tasks 85)
2025-04-22 15:08:21,980 [DEBUG]  		found 2 row clusters (in 0.01662 secs)
2025-04-22 15:08:21,980 [DEBUG]  OP: Operation.SPLIT_ROWS on slice (281, 3) (remaining tasks 86)
2025-04-22 15:08:21,994 [DEBUG]  		found 2 row clusters (in 0.01317 secs)
2025-04-22 15:08:21,994 [DEBUG]  OP: Operation.SPLIT_ROWS on slice (320, 3) (remaining tasks 87)
2025-04-22 15:08:22,005 [DEBUG]  		found 2 row clusters (in 0.01123 secs)
2025-04-22 15:08:22,005 [DEBUG]  OP: Operation.SPLIT_ROWS on slice (341, 3) (remaining tasks 88)
2025-04-22 15:08:22,016 [DEBUG]  		found 2 row clusters (in 0.01070 secs)
2025-04-22 15:08:22,016 [DEBUG]  OP: Operation.SPLIT_ROWS on slice (296, 3) (remaining tasks 89)
2025-04-22 15:08:22,027 [DEBUG]  		found 2 row clusters (in 0.01063 secs)
2025-04-22 15:08:22,027 [DEBUG]  OP: Operation.SPLIT_ROWS on slice (329, 3) (remaining tasks 90)
2025-04-22 15:08:22,038 [DEBUG]  		found 2 row clusters (in 0.01114 secs)
2025-04-22 15:08:22,039 [DEBUG]  OP: Operation.SPLIT_ROWS on slice (328, 3) (remaining tasks 91)
2025-04-22 15:08:22,050 [DEBUG]  		found 2 row clusters (in 0.01089 secs)
2025-04-22 15:08:22,050 [DEBUG]  OP: Operation.SPLIT_ROWS on slice (319, 3) (remaining tasks 92)
2025-04-22 15:08:22,061 [DEBUG]  		found 2 row clusters (in 0.01096 secs)
2025-04-22 15:08:22,061 [DEBUG]  OP: Operation.SPLIT_ROWS on slice (287, 3) (remaining tasks 93)
2025-04-22 15:08:22,072 [DEBUG]  		found 2 row clusters (in 0.01065 secs)
2025-04-22 15:08:22,072 [DEBUG]  OP: Operation.SPLIT_ROWS on slice (324, 3) (remaining tasks 94)
2025-04-22 15:08:22,083 [DEBUG]  		found 2 row clusters (in 0.01075 secs)
2025-04-22 15:08:22,083 [DEBUG]  OP: Operation.SPLIT_ROWS on slice (318, 3) (remaining tasks 95)
2025-04-22 15:08:22,094 [DEBUG]  		found 2 row clusters (in 0.01083 secs)
2025-04-22 15:08:22,094 [DEBUG]  OP: Operation.SPLIT_ROWS on slice (315, 3) (remaining tasks 96)
2025-04-22 15:08:22,105 [DEBUG]  		found 2 row clusters (in 0.01068 secs)
2025-04-22 15:08:22,105 [DEBUG]  OP: Operation.SPLIT_ROWS on slice (304, 3) (remaining tasks 97)
2025-04-22 15:08:22,116 [DEBUG]  		found 2 row clusters (in 0.01062 secs)
2025-04-22 15:08:22,116 [DEBUG]  OP: Operation.SPLIT_ROWS on slice (327, 3) (remaining tasks 98)
2025-04-22 15:08:22,127 [DEBUG]  		found 2 row clusters (in 0.01063 secs)
2025-04-22 15:08:22,127 [DEBUG]  OP: Operation.SPLIT_ROWS on slice (253, 3) (remaining tasks 99)
2025-04-22 15:08:22,138 [DEBUG]  		found 2 row clusters (in 0.01095 secs)
2025-04-22 15:08:22,138 [DEBUG]  OP: Operation.SPLIT_ROWS on slice (320, 3) (remaining tasks 100)
2025-04-22 15:08:22,149 [DEBUG]  		found 2 row clusters (in 0.01091 secs)
2025-04-22 15:08:22,149 [DEBUG]  OP: Operation.SPLIT_COLUMNS on slice (443, 2) (remaining tasks 101)
2025-04-22 15:08:22,256 [DEBUG]  		found 1 col clusters (in 0.10632 secs)
2025-04-22 15:08:22,256 [DEBUG]  OP: Operation.SPLIT_COLUMNS on slice (397, 2) (remaining tasks 101)
2025-04-22 15:08:22,361 [DEBUG]  		found 1 col clusters (in 0.10477 secs)
2025-04-22 15:08:22,361 [DEBUG]  OP: Operation.SPLIT_COLUMNS on slice (567, 2) (remaining tasks 101)
2025-04-22 15:08:22,467 [DEBUG]  		found 1 col clusters (in 0.10541 secs)
2025-04-22 15:08:22,467 [DEBUG]  OP: Operation.NAIVE_FACTORIZATION on slice (196, 2) (remaining tasks 101)
2025-04-22 15:08:22,471 [DEBUG]  		naive factorization 2 columns (in 0.00443 secs)
2025-04-22 15:08:22,472 [DEBUG]  OP: Operation.SPLIT_COLUMNS on slice (283, 2) (remaining tasks 100)
2025-04-22 15:08:22,577 [DEBUG]  		found 1 col clusters (in 0.10482 secs)
2025-04-22 15:08:22,577 [DEBUG]  OP: Operation.SPLIT_COLUMNS on slice (437, 2) (remaining tasks 100)
2025-04-22 15:08:22,682 [DEBUG]  		found 1 col clusters (in 0.10486 secs)
2025-04-22 15:08:22,682 [DEBUG]  OP: Operation.SPLIT_COLUMNS on slice (431, 2) (remaining tasks 100)
2025-04-22 15:08:22,788 [DEBUG]  		found 1 col clusters (in 0.10529 secs)
2025-04-22 15:08:22,788 [DEBUG]  OP: Operation.NAIVE_FACTORIZATION on slice (106, 2) (remaining tasks 100)
2025-04-22 15:08:22,791 [DEBUG]  		naive factorization 2 columns (in 0.00339 secs)
2025-04-22 15:08:22,792 [DEBUG]  OP: Operation.SPLIT_COLUMNS on slice (463, 2) (remaining tasks 99)
2025-04-22 15:08:22,897 [DEBUG]  		found 1 col clusters (in 0.10510 secs)
2025-04-22 15:08:22,897 [DEBUG]  OP: Operation.SPLIT_COLUMNS on slice (418, 2) (remaining tasks 99)
2025-04-22 15:08:23,002 [DEBUG]  		found 1 col clusters (in 0.10469 secs)
2025-04-22 15:08:23,002 [DEBUG]  OP: Operation.CREATE_LEAF on slice (396, 1) (remaining tasks 99)
2025-04-22 15:08:23,002 [DEBUG]  		 created leaf IdentityNumericLeaf for scope=[0] (in 0.00028 secs)
2025-04-22 15:08:23,003 [DEBUG]  OP: Operation.SPLIT_COLUMNS on slice (396, 2) (remaining tasks 98)
2025-04-22 15:08:23,108 [DEBUG]  		found 1 col clusters (in 0.10520 secs)
2025-04-22 15:08:23,108 [DEBUG]  OP: Operation.CREATE_LEAF on slice (400, 1) (remaining tasks 98)
2025-04-22 15:08:23,108 [DEBUG]  		 created leaf IdentityNumericLeaf for scope=[0] (in 0.00027 secs)
2025-04-22 15:08:23,109 [DEBUG]  OP: Operation.SPLIT_COLUMNS on slice (400, 2) (remaining tasks 97)
2025-04-22 15:08:23,213 [DEBUG]  		found 1 col clusters (in 0.10463 secs)
2025-04-22 15:08:23,214 [DEBUG]  OP: Operation.SPLIT_COLUMNS on slice (354, 2) (remaining tasks 97)
2025-04-22 15:08:23,318 [DEBUG]  		found 1 col clusters (in 0.10456 secs)
2025-04-22 15:08:23,319 [DEBUG]  OP: Operation.SPLIT_COLUMNS on slice (441, 2) (remaining tasks 97)
2025-04-22 15:08:23,424 [DEBUG]  		found 1 col clusters (in 0.10527 secs)
2025-04-22 15:08:23,424 [DEBUG]  OP: Operation.CREATE_LEAF on slice (276, 1) (remaining tasks 97)
2025-04-22 15:08:23,425 [DEBUG]  		 created leaf IdentityNumericLeaf for scope=[0] (in 0.00026 secs)
2025-04-22 15:08:23,425 [DEBUG]  OP: Operation.SPLIT_COLUMNS on slice (276, 2) (remaining tasks 96)
2025-04-22 15:08:23,529 [DEBUG]  		found 1 col clusters (in 0.10442 secs)
2025-04-22 15:08:23,529 [DEBUG]  OP: Operation.CREATE_LEAF on slice (309, 1) (remaining tasks 96)
2025-04-22 15:08:23,530 [DEBUG]  		 created leaf IdentityNumericLeaf for scope=[0] (in 0.00026 secs)
2025-04-22 15:08:23,530 [DEBUG]  OP: Operation.SPLIT_COLUMNS on slice (309, 2) (remaining tasks 95)
2025-04-22 15:08:23,635 [DEBUG]  		found 1 col clusters (in 0.10526 secs)
2025-04-22 15:08:23,636 [DEBUG]  OP: Operation.SPLIT_COLUMNS on slice (392, 2) (remaining tasks 95)
2025-04-22 15:08:23,741 [DEBUG]  		found 1 col clusters (in 0.10524 secs)
2025-04-22 15:08:23,741 [DEBUG]  OP: Operation.SPLIT_COLUMNS on slice (486, 2) (remaining tasks 95)
2025-04-22 15:08:23,847 [DEBUG]  		found 1 col clusters (in 0.10555 secs)
2025-04-22 15:08:23,847 [DEBUG]  OP: Operation.NAIVE_FACTORIZATION on slice (135, 2) (remaining tasks 95)
2025-04-22 15:08:23,852 [DEBUG]  		naive factorization 2 columns (in 0.00498 secs)
2025-04-22 15:08:23,853 [DEBUG]  OP: Operation.SPLIT_COLUMNS on slice (293, 2) (remaining tasks 94)
2025-04-22 15:08:23,958 [DEBUG]  		found 1 col clusters (in 0.10478 secs)
2025-04-22 15:08:23,958 [DEBUG]  OP: Operation.NAIVE_FACTORIZATION on slice (205, 2) (remaining tasks 94)
2025-04-22 15:08:23,962 [DEBUG]  		naive factorization 2 columns (in 0.00372 secs)
2025-04-22 15:08:23,962 [DEBUG]  OP: Operation.SPLIT_COLUMNS on slice (499, 2) (remaining tasks 93)
2025-04-22 15:08:24,067 [DEBUG]  		found 1 col clusters (in 0.10484 secs)
2025-04-22 15:08:24,067 [DEBUG]  OP: Operation.CREATE_LEAF on slice (239, 1) (remaining tasks 93)
2025-04-22 15:08:24,067 [DEBUG]  		 created leaf IdentityNumericLeaf for scope=[0] (in 0.00026 secs)
2025-04-22 15:08:24,068 [DEBUG]  OP: Operation.SPLIT_COLUMNS on slice (239, 2) (remaining tasks 92)
2025-04-22 15:08:24,172 [DEBUG]  		found 1 col clusters (in 0.10481 secs)
2025-04-22 15:08:24,173 [DEBUG]  OP: Operation.CREATE_LEAF on slice (332, 1) (remaining tasks 92)
2025-04-22 15:08:24,173 [DEBUG]  		 created leaf IdentityNumericLeaf for scope=[0] (in 0.00026 secs)
2025-04-22 15:08:24,173 [DEBUG]  OP: Operation.SPLIT_COLUMNS on slice (332, 2) (remaining tasks 91)
2025-04-22 15:08:24,279 [DEBUG]  		found 1 col clusters (in 0.10535 secs)
2025-04-22 15:08:24,279 [DEBUG]  OP: Operation.SPLIT_COLUMNS on slice (249, 2) (remaining tasks 91)
2025-04-22 15:08:24,384 [DEBUG]  		found 1 col clusters (in 0.10495 secs)
2025-04-22 15:08:24,384 [DEBUG]  OP: Operation.NAIVE_FACTORIZATION on slice (184, 2) (remaining tasks 91)
2025-04-22 15:08:24,388 [DEBUG]  		naive factorization 2 columns (in 0.00368 secs)
2025-04-22 15:08:24,388 [DEBUG]  OP: Operation.CREATE_LEAF on slice (218, 1) (remaining tasks 90)
2025-04-22 15:08:24,388 [DEBUG]  		 created leaf IdentityNumericLeaf for scope=[0] (in 0.00027 secs)
2025-04-22 15:08:24,389 [DEBUG]  OP: Operation.SPLIT_COLUMNS on slice (218, 2) (remaining tasks 89)
2025-04-22 15:08:24,493 [DEBUG]  		found 1 col clusters (in 0.10454 secs)
2025-04-22 15:08:24,493 [DEBUG]  OP: Operation.CREATE_LEAF on slice (231, 1) (remaining tasks 89)
2025-04-22 15:08:24,494 [DEBUG]  		 created leaf IdentityNumericLeaf for scope=[0] (in 0.00027 secs)
2025-04-22 15:08:24,494 [DEBUG]  OP: Operation.SPLIT_COLUMNS on slice (231, 2) (remaining tasks 88)
2025-04-22 15:08:24,599 [DEBUG]  		found 1 col clusters (in 0.10493 secs)
2025-04-22 15:08:24,599 [DEBUG]  OP: Operation.SPLIT_COLUMNS on slice (274, 2) (remaining tasks 88)
2025-04-22 15:08:24,705 [DEBUG]  		found 1 col clusters (in 0.10503 secs)
2025-04-22 15:08:24,705 [DEBUG]  OP: Operation.SPLIT_COLUMNS on slice (376, 2) (remaining tasks 88)
2025-04-22 15:08:24,810 [DEBUG]  		found 1 col clusters (in 0.10489 secs)
2025-04-22 15:08:24,810 [DEBUG]  OP: Operation.SPLIT_COLUMNS on slice (270, 2) (remaining tasks 88)
2025-04-22 15:08:24,915 [DEBUG]  		found 1 col clusters (in 0.10506 secs)
2025-04-22 15:08:24,916 [DEBUG]  OP: Operation.NAIVE_FACTORIZATION on slice (71, 2) (remaining tasks 88)
2025-04-22 15:08:24,919 [DEBUG]  		naive factorization 2 columns (in 0.00335 secs)
2025-04-22 15:08:24,919 [DEBUG]  OP: Operation.REMOVE_UNINFORMATIVE_FEATURES on slice (151, 3) (remaining tasks 87)
2025-04-22 15:08:24,919 [DEBUG]  OP: Operation.REMOVE_UNINFORMATIVE_FEATURES on slice (176, 3) (remaining tasks 88)
2025-04-22 15:08:24,920 [DEBUG]  OP: Operation.REMOVE_UNINFORMATIVE_FEATURES on slice (156, 3) (remaining tasks 89)
2025-04-22 15:08:24,920 [DEBUG]  OP: Operation.REMOVE_UNINFORMATIVE_FEATURES on slice (179, 3) (remaining tasks 90)
2025-04-22 15:08:24,920 [DEBUG]  OP: Operation.REMOVE_UNINFORMATIVE_FEATURES on slice (167, 3) (remaining tasks 91)
2025-04-22 15:08:24,920 [DEBUG]  OP: Operation.REMOVE_UNINFORMATIVE_FEATURES on slice (183, 3) (remaining tasks 92)
2025-04-22 15:08:24,921 [DEBUG]  OP: Operation.REMOVE_UNINFORMATIVE_FEATURES on slice (157, 3) (remaining tasks 93)
2025-04-22 15:08:24,921 [DEBUG]  OP: Operation.REMOVE_UNINFORMATIVE_FEATURES on slice (173, 3) (remaining tasks 94)
2025-04-22 15:08:24,921 [DEBUG]  OP: Operation.REMOVE_UNINFORMATIVE_FEATURES on slice (137, 3) (remaining tasks 95)
2025-04-22 15:08:24,921 [DEBUG]  OP: Operation.REMOVE_UNINFORMATIVE_FEATURES on slice (161, 3) (remaining tasks 96)
2025-04-22 15:08:24,922 [DEBUG]  OP: Operation.REMOVE_UNINFORMATIVE_FEATURES on slice (137, 3) (remaining tasks 97)
2025-04-22 15:08:24,922 [DEBUG]  OP: Operation.REMOVE_UNINFORMATIVE_FEATURES on slice (174, 3) (remaining tasks 98)
2025-04-22 15:08:24,922 [DEBUG]  OP: Operation.REMOVE_UNINFORMATIVE_FEATURES on slice (159, 3) (remaining tasks 99)
2025-04-22 15:08:24,922 [DEBUG]  OP: Operation.REMOVE_UNINFORMATIVE_FEATURES on slice (91, 3) (remaining tasks 100)
2025-04-22 15:08:24,923 [DEBUG]  OP: Operation.REMOVE_UNINFORMATIVE_FEATURES on slice (113, 3) (remaining tasks 101)
2025-04-22 15:08:24,923 [DEBUG]  OP: Operation.REMOVE_UNINFORMATIVE_FEATURES on slice (142, 3) (remaining tasks 102)
2025-04-22 15:08:24,923 [DEBUG]  OP: Operation.REMOVE_UNINFORMATIVE_FEATURES on slice (184, 3) (remaining tasks 103)
2025-04-22 15:08:24,923 [DEBUG]  OP: Operation.REMOVE_UNINFORMATIVE_FEATURES on slice (189, 3) (remaining tasks 104)
2025-04-22 15:08:24,924 [DEBUG]  OP: Operation.REMOVE_UNINFORMATIVE_FEATURES on slice (197, 3) (remaining tasks 105)
2025-04-22 15:08:24,924 [DEBUG]  OP: Operation.REMOVE_UNINFORMATIVE_FEATURES on slice (187, 3) (remaining tasks 106)
2025-04-22 15:08:24,924 [DEBUG]  OP: Operation.SPLIT_ROWS on slice (347, 2) (remaining tasks 107)
2025-04-22 15:08:24,938 [DEBUG]  		found 2 row clusters (in 0.01402 secs)
2025-04-22 15:08:24,938 [DEBUG]  OP: Operation.SPLIT_ROWS on slice (399, 2) (remaining tasks 108)
2025-04-22 15:08:24,953 [DEBUG]  		found 2 row clusters (in 0.01455 secs)
2025-04-22 15:08:24,953 [DEBUG]  OP: Operation.REMOVE_UNINFORMATIVE_FEATURES on slice (184, 3) (remaining tasks 109)
2025-04-22 15:08:24,954 [DEBUG]  OP: Operation.REMOVE_UNINFORMATIVE_FEATURES on slice (179, 3) (remaining tasks 110)
2025-04-22 15:08:24,954 [DEBUG]  OP: Operation.REMOVE_UNINFORMATIVE_FEATURES on slice (186, 3) (remaining tasks 111)
2025-04-22 15:08:24,954 [DEBUG]  OP: Operation.REMOVE_UNINFORMATIVE_FEATURES on slice (179, 3) (remaining tasks 112)
2025-04-22 15:08:24,954 [DEBUG]  OP: Operation.REMOVE_UNINFORMATIVE_FEATURES on slice (116, 3) (remaining tasks 113)
2025-04-22 15:08:24,955 [DEBUG]  OP: Operation.REMOVE_UNINFORMATIVE_FEATURES on slice (154, 3) (remaining tasks 114)
2025-04-22 15:08:24,955 [DEBUG]  OP: Operation.REMOVE_UNINFORMATIVE_FEATURES on slice (117, 3) (remaining tasks 115)
2025-04-22 15:08:24,955 [DEBUG]  OP: Operation.REMOVE_UNINFORMATIVE_FEATURES on slice (161, 3) (remaining tasks 116)
2025-04-22 15:08:24,955 [DEBUG]  OP: Operation.NAIVE_FACTORIZATION on slice (122, 3) (remaining tasks 117)
2025-04-22 15:08:24,959 [DEBUG]  		naive factorization 3 columns (in 0.00344 secs)
2025-04-22 15:08:24,959 [DEBUG]  OP: Operation.NAIVE_FACTORIZATION on slice (130, 3) (remaining tasks 116)
2025-04-22 15:08:24,963 [DEBUG]  		naive factorization 3 columns (in 0.00335 secs)
2025-04-22 15:08:24,963 [DEBUG]  OP: Operation.NAIVE_FACTORIZATION on slice (126, 3) (remaining tasks 115)
2025-04-22 15:08:24,966 [DEBUG]  		naive factorization 3 columns (in 0.00335 secs)
2025-04-22 15:08:24,967 [DEBUG]  OP: Operation.NAIVE_FACTORIZATION on slice (155, 3) (remaining tasks 114)
2025-04-22 15:08:24,970 [DEBUG]  		naive factorization 3 columns (in 0.00339 secs)
2025-04-22 15:08:24,970 [DEBUG]  OP: Operation.NAIVE_FACTORIZATION on slice (168, 3) (remaining tasks 113)
2025-04-22 15:08:24,974 [DEBUG]  		naive factorization 3 columns (in 0.00364 secs)
2025-04-22 15:08:24,974 [DEBUG]  OP: Operation.NAIVE_FACTORIZATION on slice (152, 3) (remaining tasks 112)
2025-04-22 15:08:24,978 [DEBUG]  		naive factorization 3 columns (in 0.00339 secs)
2025-04-22 15:08:24,978 [DEBUG]  OP: Operation.NAIVE_FACTORIZATION on slice (170, 3) (remaining tasks 111)
2025-04-22 15:08:24,980 [DEBUG]  		naive factorization 3 columns (in 0.00235 secs)
2025-04-22 15:08:24,981 [DEBUG]  OP: Operation.NAIVE_FACTORIZATION on slice (171, 3) (remaining tasks 110)
2025-04-22 15:08:24,983 [DEBUG]  		naive factorization 3 columns (in 0.00251 secs)
2025-04-22 15:08:24,983 [DEBUG]  OP: Operation.NAIVE_FACTORIZATION on slice (111, 3) (remaining tasks 109)
2025-04-22 15:08:24,985 [DEBUG]  		naive factorization 3 columns (in 0.00168 secs)
2025-04-22 15:08:24,985 [DEBUG]  OP: Operation.NAIVE_FACTORIZATION on slice (185, 3) (remaining tasks 108)
2025-04-22 15:08:24,988 [DEBUG]  		naive factorization 3 columns (in 0.00281 secs)
2025-04-22 15:08:24,988 [DEBUG]  OP: Operation.NAIVE_FACTORIZATION on slice (139, 3) (remaining tasks 107)
2025-04-22 15:08:24,990 [DEBUG]  		naive factorization 3 columns (in 0.00174 secs)
2025-04-22 15:08:24,991 [DEBUG]  OP: Operation.NAIVE_FACTORIZATION on slice (190, 3) (remaining tasks 106)
2025-04-22 15:08:24,993 [DEBUG]  		naive factorization 3 columns (in 0.00207 secs)
2025-04-22 15:08:24,993 [DEBUG]  OP: Operation.NAIVE_FACTORIZATION on slice (148, 3) (remaining tasks 105)
2025-04-22 15:08:24,995 [DEBUG]  		naive factorization 3 columns (in 0.00184 secs)
2025-04-22 15:08:24,995 [DEBUG]  OP: Operation.NAIVE_FACTORIZATION on slice (180, 3) (remaining tasks 104)
2025-04-22 15:08:24,997 [DEBUG]  		naive factorization 3 columns (in 0.00198 secs)
2025-04-22 15:08:24,997 [DEBUG]  OP: Operation.NAIVE_FACTORIZATION on slice (137, 3) (remaining tasks 103)
2025-04-22 15:08:25,000 [DEBUG]  		naive factorization 3 columns (in 0.00274 secs)
2025-04-22 15:08:25,000 [DEBUG]  OP: Operation.NAIVE_FACTORIZATION on slice (182, 3) (remaining tasks 102)
2025-04-22 15:08:25,003 [DEBUG]  		naive factorization 3 columns (in 0.00195 secs)
2025-04-22 15:08:25,003 [DEBUG]  OP: Operation.NAIVE_FACTORIZATION on slice (128, 3) (remaining tasks 101)
2025-04-22 15:08:25,005 [DEBUG]  		naive factorization 3 columns (in 0.00180 secs)
2025-04-22 15:08:25,005 [DEBUG]  OP: Operation.NAIVE_FACTORIZATION on slice (159, 3) (remaining tasks 100)
2025-04-22 15:08:25,007 [DEBUG]  		naive factorization 3 columns (in 0.00196 secs)
2025-04-22 15:08:25,007 [DEBUG]  OP: Operation.NAIVE_FACTORIZATION on slice (163, 3) (remaining tasks 99)
2025-04-22 15:08:25,009 [DEBUG]  		naive factorization 3 columns (in 0.00201 secs)
2025-04-22 15:08:25,009 [DEBUG]  OP: Operation.NAIVE_FACTORIZATION on slice (161, 3) (remaining tasks 98)
2025-04-22 15:08:25,012 [DEBUG]  		naive factorization 3 columns (in 0.00300 secs)
2025-04-22 15:08:25,013 [DEBUG]  OP: Operation.NAIVE_FACTORIZATION on slice (156, 3) (remaining tasks 97)
2025-04-22 15:08:25,015 [DEBUG]  		naive factorization 3 columns (in 0.00189 secs)
2025-04-22 15:08:25,015 [DEBUG]  OP: Operation.NAIVE_FACTORIZATION on slice (162, 3) (remaining tasks 96)
2025-04-22 15:08:25,017 [DEBUG]  		naive factorization 3 columns (in 0.00183 secs)
2025-04-22 15:08:25,017 [DEBUG]  OP: Operation.NAIVE_FACTORIZATION on slice (151, 3) (remaining tasks 95)
2025-04-22 15:08:25,019 [DEBUG]  		naive factorization 3 columns (in 0.00166 secs)
2025-04-22 15:08:25,019 [DEBUG]  OP: Operation.NAIVE_FACTORIZATION on slice (164, 3) (remaining tasks 94)
2025-04-22 15:08:25,021 [DEBUG]  		naive factorization 3 columns (in 0.00241 secs)
2025-04-22 15:08:25,022 [DEBUG]  OP: Operation.NAIVE_FACTORIZATION on slice (129, 3) (remaining tasks 93)
2025-04-22 15:08:25,025 [DEBUG]  		naive factorization 3 columns (in 0.00330 secs)
2025-04-22 15:08:25,026 [DEBUG]  OP: Operation.NAIVE_FACTORIZATION on slice (175, 3) (remaining tasks 92)
2025-04-22 15:08:25,029 [DEBUG]  		naive factorization 3 columns (in 0.00281 secs)
2025-04-22 15:08:25,029 [DEBUG]  OP: Operation.NAIVE_FACTORIZATION on slice (136, 3) (remaining tasks 91)
2025-04-22 15:08:25,031 [DEBUG]  		naive factorization 3 columns (in 0.00221 secs)
2025-04-22 15:08:25,031 [DEBUG]  OP: Operation.NAIVE_FACTORIZATION on slice (191, 3) (remaining tasks 90)
2025-04-22 15:08:25,034 [DEBUG]  		naive factorization 3 columns (in 0.00283 secs)
2025-04-22 15:08:25,034 [DEBUG]  OP: Operation.NAIVE_FACTORIZATION on slice (112, 3) (remaining tasks 89)
2025-04-22 15:08:25,037 [DEBUG]  		naive factorization 3 columns (in 0.00238 secs)
2025-04-22 15:08:25,037 [DEBUG]  OP: Operation.NAIVE_FACTORIZATION on slice (141, 3) (remaining tasks 88)
2025-04-22 15:08:25,041 [DEBUG]  		naive factorization 3 columns (in 0.00329 secs)
2025-04-22 15:08:25,041 [DEBUG]  OP: Operation.NAIVE_FACTORIZATION on slice (141, 3) (remaining tasks 87)
2025-04-22 15:08:25,044 [DEBUG]  		naive factorization 3 columns (in 0.00210 secs)
2025-04-22 15:08:25,044 [DEBUG]  OP: Operation.NAIVE_FACTORIZATION on slice (179, 3) (remaining tasks 86)
2025-04-22 15:08:25,047 [DEBUG]  		naive factorization 3 columns (in 0.00299 secs)
2025-04-22 15:08:25,047 [DEBUG]  OP: Operation.SPLIT_ROWS on slice (443, 2) (remaining tasks 85)
2025-04-22 15:08:25,089 [DEBUG]  		found 2 row clusters (in 0.04136 secs)
2025-04-22 15:08:25,089 [DEBUG]  OP: Operation.SPLIT_ROWS on slice (397, 2) (remaining tasks 86)
2025-04-22 15:08:25,112 [DEBUG]  		found 2 row clusters (in 0.02303 secs)
2025-04-22 15:08:25,113 [DEBUG]  OP: Operation.SPLIT_ROWS on slice (567, 2) (remaining tasks 87)
2025-04-22 15:08:25,134 [DEBUG]  		found 2 row clusters (in 0.02110 secs)
2025-04-22 15:08:25,134 [DEBUG]  OP: Operation.SPLIT_ROWS on slice (283, 2) (remaining tasks 88)
2025-04-22 15:08:25,151 [DEBUG]  		found 2 row clusters (in 0.01685 secs)
2025-04-22 15:08:25,151 [DEBUG]  OP: Operation.SPLIT_ROWS on slice (437, 2) (remaining tasks 89)
2025-04-22 15:08:25,172 [DEBUG]  		found 2 row clusters (in 0.02119 secs)
2025-04-22 15:08:25,172 [DEBUG]  OP: Operation.SPLIT_ROWS on slice (431, 2) (remaining tasks 90)
2025-04-22 15:08:25,198 [DEBUG]  		found 2 row clusters (in 0.02541 secs)
2025-04-22 15:08:25,198 [DEBUG]  OP: Operation.SPLIT_ROWS on slice (463, 2) (remaining tasks 91)
2025-04-22 15:08:25,219 [DEBUG]  		found 2 row clusters (in 0.02117 secs)
2025-04-22 15:08:25,220 [DEBUG]  OP: Operation.SPLIT_ROWS on slice (418, 2) (remaining tasks 92)
2025-04-22 15:08:25,237 [DEBUG]  		found 2 row clusters (in 0.01715 secs)
2025-04-22 15:08:25,237 [DEBUG]  OP: Operation.SPLIT_ROWS on slice (396, 2) (remaining tasks 93)
2025-04-22 15:08:25,262 [DEBUG]  		found 2 row clusters (in 0.02466 secs)
2025-04-22 15:08:25,262 [DEBUG]  OP: Operation.SPLIT_ROWS on slice (400, 2) (remaining tasks 94)
2025-04-22 15:08:25,290 [DEBUG]  		found 2 row clusters (in 0.02787 secs)
2025-04-22 15:08:25,290 [DEBUG]  OP: Operation.SPLIT_ROWS on slice (354, 2) (remaining tasks 95)
2025-04-22 15:08:25,312 [DEBUG]  		found 2 row clusters (in 0.02204 secs)
2025-04-22 15:08:25,312 [DEBUG]  OP: Operation.SPLIT_ROWS on slice (441, 2) (remaining tasks 96)
2025-04-22 15:08:25,333 [DEBUG]  		found 2 row clusters (in 0.02056 secs)
2025-04-22 15:08:25,333 [DEBUG]  OP: Operation.SPLIT_ROWS on slice (276, 2) (remaining tasks 97)
2025-04-22 15:08:25,350 [DEBUG]  		found 2 row clusters (in 0.01715 secs)
2025-04-22 15:08:25,351 [DEBUG]  OP: Operation.SPLIT_ROWS on slice (309, 2) (remaining tasks 98)
2025-04-22 15:08:25,374 [DEBUG]  		found 2 row clusters (in 0.02340 secs)
2025-04-22 15:08:25,374 [DEBUG]  OP: Operation.SPLIT_ROWS on slice (392, 2) (remaining tasks 99)
2025-04-22 15:08:25,395 [DEBUG]  		found 2 row clusters (in 0.02084 secs)
2025-04-22 15:08:25,395 [DEBUG]  OP: Operation.SPLIT_ROWS on slice (486, 2) (remaining tasks 100)
2025-04-22 15:08:25,417 [DEBUG]  		found 2 row clusters (in 0.02145 secs)
2025-04-22 15:08:25,417 [DEBUG]  OP: Operation.SPLIT_ROWS on slice (293, 2) (remaining tasks 101)
2025-04-22 15:08:25,436 [DEBUG]  		found 2 row clusters (in 0.01919 secs)
2025-04-22 15:08:25,437 [DEBUG]  OP: Operation.SPLIT_ROWS on slice (499, 2) (remaining tasks 102)
2025-04-22 15:08:25,460 [DEBUG]  		found 2 row clusters (in 0.02325 secs)
2025-04-22 15:08:25,460 [DEBUG]  OP: Operation.SPLIT_ROWS on slice (239, 2) (remaining tasks 103)
2025-04-22 15:08:25,478 [DEBUG]  		found 2 row clusters (in 0.01825 secs)
2025-04-22 15:08:25,479 [DEBUG]  OP: Operation.SPLIT_ROWS on slice (332, 2) (remaining tasks 104)
2025-04-22 15:08:25,498 [DEBUG]  		found 2 row clusters (in 0.01931 secs)
2025-04-22 15:08:25,498 [DEBUG]  OP: Operation.SPLIT_ROWS on slice (249, 2) (remaining tasks 105)
2025-04-22 15:08:25,514 [DEBUG]  		found 2 row clusters (in 0.01553 secs)
2025-04-22 15:08:25,514 [DEBUG]  OP: Operation.SPLIT_ROWS on slice (218, 2) (remaining tasks 106)
2025-04-22 15:08:25,529 [DEBUG]  		found 2 row clusters (in 0.01474 secs)
2025-04-22 15:08:25,529 [DEBUG]  OP: Operation.SPLIT_ROWS on slice (231, 2) (remaining tasks 107)
2025-04-22 15:08:25,545 [DEBUG]  		found 2 row clusters (in 0.01630 secs)
2025-04-22 15:08:25,545 [DEBUG]  OP: Operation.SPLIT_ROWS on slice (274, 2) (remaining tasks 108)
2025-04-22 15:08:25,567 [DEBUG]  		found 2 row clusters (in 0.02168 secs)
2025-04-22 15:08:25,567 [DEBUG]  OP: Operation.SPLIT_ROWS on slice (376, 2) (remaining tasks 109)
2025-04-22 15:08:25,589 [DEBUG]  		found 2 row clusters (in 0.02173 secs)
2025-04-22 15:08:25,589 [DEBUG]  OP: Operation.SPLIT_ROWS on slice (270, 2) (remaining tasks 110)
2025-04-22 15:08:25,610 [DEBUG]  		found 2 row clusters (in 0.02027 secs)
2025-04-22 15:08:25,610 [DEBUG]  OP: Operation.CREATE_LEAF on slice (151, 1) (remaining tasks 111)
2025-04-22 15:08:25,610 [DEBUG]  		 created leaf IdentityNumericLeaf for scope=[0] (in 0.00019 secs)
2025-04-22 15:08:25,610 [DEBUG]  OP: Operation.NAIVE_FACTORIZATION on slice (151, 2) (remaining tasks 110)
2025-04-22 15:08:25,613 [DEBUG]  		naive factorization 2 columns (in 0.00274 secs)
2025-04-22 15:08:25,613 [DEBUG]  OP: Operation.CREATE_LEAF on slice (176, 1) (remaining tasks 109)
2025-04-22 15:08:25,613 [DEBUG]  		 created leaf IdentityNumericLeaf for scope=[0] (in 0.00022 secs)
2025-04-22 15:08:25,614 [DEBUG]  OP: Operation.NAIVE_FACTORIZATION on slice (176, 2) (remaining tasks 108)
2025-04-22 15:08:25,617 [DEBUG]  		naive factorization 2 columns (in 0.00322 secs)
2025-04-22 15:08:25,617 [DEBUG]  OP: Operation.CREATE_LEAF on slice (156, 1) (remaining tasks 107)
2025-04-22 15:08:25,617 [DEBUG]  		 created leaf IdentityNumericLeaf for scope=[0] (in 0.00020 secs)
2025-04-22 15:08:25,617 [DEBUG]  OP: Operation.NAIVE_FACTORIZATION on slice (156, 2) (remaining tasks 106)
2025-04-22 15:08:25,621 [DEBUG]  		naive factorization 2 columns (in 0.00306 secs)
2025-04-22 15:08:25,621 [DEBUG]  OP: Operation.CREATE_LEAF on slice (179, 1) (remaining tasks 105)
2025-04-22 15:08:25,621 [DEBUG]  		 created leaf IdentityNumericLeaf for scope=[0] (in 0.00021 secs)
2025-04-22 15:08:25,621 [DEBUG]  OP: Operation.NAIVE_FACTORIZATION on slice (179, 2) (remaining tasks 104)
2025-04-22 15:08:25,624 [DEBUG]  		naive factorization 2 columns (in 0.00327 secs)
2025-04-22 15:08:25,624 [DEBUG]  OP: Operation.CREATE_LEAF on slice (167, 1) (remaining tasks 103)
2025-04-22 15:08:25,625 [DEBUG]  		 created leaf IdentityNumericLeaf for scope=[0] (in 0.00022 secs)
2025-04-22 15:08:25,625 [DEBUG]  OP: Operation.NAIVE_FACTORIZATION on slice (167, 2) (remaining tasks 102)
2025-04-22 15:08:25,628 [DEBUG]  		naive factorization 2 columns (in 0.00308 secs)
2025-04-22 15:08:25,628 [DEBUG]  OP: Operation.CREATE_LEAF on slice (183, 1) (remaining tasks 101)
2025-04-22 15:08:25,629 [DEBUG]  		 created leaf IdentityNumericLeaf for scope=[0] (in 0.00021 secs)
2025-04-22 15:08:25,629 [DEBUG]  OP: Operation.NAIVE_FACTORIZATION on slice (183, 2) (remaining tasks 100)
2025-04-22 15:08:25,632 [DEBUG]  		naive factorization 2 columns (in 0.00293 secs)
2025-04-22 15:08:25,632 [DEBUG]  OP: Operation.CREATE_LEAF on slice (157, 1) (remaining tasks 99)
2025-04-22 15:08:25,632 [DEBUG]  		 created leaf IdentityNumericLeaf for scope=[0] (in 0.00023 secs)
2025-04-22 15:08:25,632 [DEBUG]  OP: Operation.NAIVE_FACTORIZATION on slice (157, 2) (remaining tasks 98)
2025-04-22 15:08:25,635 [DEBUG]  		naive factorization 2 columns (in 0.00291 secs)
2025-04-22 15:08:25,635 [DEBUG]  OP: Operation.CREATE_LEAF on slice (173, 1) (remaining tasks 97)
2025-04-22 15:08:25,636 [DEBUG]  		 created leaf IdentityNumericLeaf for scope=[0] (in 0.00022 secs)
2025-04-22 15:08:25,636 [DEBUG]  OP: Operation.NAIVE_FACTORIZATION on slice (173, 2) (remaining tasks 96)
2025-04-22 15:08:25,639 [DEBUG]  		naive factorization 2 columns (in 0.00314 secs)
2025-04-22 15:08:25,639 [DEBUG]  OP: Operation.CREATE_LEAF on slice (137, 1) (remaining tasks 95)
2025-04-22 15:08:25,640 [DEBUG]  		 created leaf IdentityNumericLeaf for scope=[0] (in 0.00028 secs)
2025-04-22 15:08:25,640 [DEBUG]  OP: Operation.NAIVE_FACTORIZATION on slice (137, 2) (remaining tasks 94)
2025-04-22 15:08:25,643 [DEBUG]  		naive factorization 2 columns (in 0.00288 secs)
2025-04-22 15:08:25,643 [DEBUG]  OP: Operation.CREATE_LEAF on slice (161, 1) (remaining tasks 93)
2025-04-22 15:08:25,643 [DEBUG]  		 created leaf IdentityNumericLeaf for scope=[0] (in 0.00022 secs)
2025-04-22 15:08:25,643 [DEBUG]  OP: Operation.NAIVE_FACTORIZATION on slice (161, 2) (remaining tasks 92)
2025-04-22 15:08:25,647 [DEBUG]  		naive factorization 2 columns (in 0.00314 secs)
2025-04-22 15:08:25,647 [DEBUG]  OP: Operation.CREATE_LEAF on slice (137, 1) (remaining tasks 91)
2025-04-22 15:08:25,647 [DEBUG]  		 created leaf IdentityNumericLeaf for scope=[0] (in 0.00024 secs)
2025-04-22 15:08:25,647 [DEBUG]  OP: Operation.NAIVE_FACTORIZATION on slice (137, 2) (remaining tasks 90)
2025-04-22 15:08:25,650 [DEBUG]  		naive factorization 2 columns (in 0.00262 secs)
2025-04-22 15:08:25,650 [DEBUG]  OP: Operation.CREATE_LEAF on slice (174, 1) (remaining tasks 89)
2025-04-22 15:08:25,650 [DEBUG]  		 created leaf IdentityNumericLeaf for scope=[0] (in 0.00025 secs)
2025-04-22 15:08:25,650 [DEBUG]  OP: Operation.NAIVE_FACTORIZATION on slice (174, 2) (remaining tasks 88)
2025-04-22 15:08:25,655 [DEBUG]  		naive factorization 2 columns (in 0.00433 secs)
2025-04-22 15:08:25,655 [DEBUG]  OP: Operation.CREATE_LEAF on slice (159, 1) (remaining tasks 87)
2025-04-22 15:08:25,655 [DEBUG]  		 created leaf IdentityNumericLeaf for scope=[0] (in 0.00025 secs)
2025-04-22 15:08:25,656 [DEBUG]  OP: Operation.NAIVE_FACTORIZATION on slice (159, 2) (remaining tasks 86)
2025-04-22 15:08:25,659 [DEBUG]  		naive factorization 2 columns (in 0.00318 secs)
2025-04-22 15:08:25,659 [DEBUG]  OP: Operation.CREATE_LEAF on slice (91, 1) (remaining tasks 85)
2025-04-22 15:08:25,659 [DEBUG]  		 created leaf IdentityNumericLeaf for scope=[0] (in 0.00028 secs)
2025-04-22 15:08:25,660 [DEBUG]  OP: Operation.NAIVE_FACTORIZATION on slice (91, 2) (remaining tasks 84)
2025-04-22 15:08:25,662 [DEBUG]  		naive factorization 2 columns (in 0.00240 secs)
2025-04-22 15:08:25,662 [DEBUG]  OP: Operation.CREATE_LEAF on slice (113, 1) (remaining tasks 83)
2025-04-22 15:08:25,663 [DEBUG]  		 created leaf IdentityNumericLeaf for scope=[0] (in 0.00031 secs)
2025-04-22 15:08:25,663 [DEBUG]  OP: Operation.NAIVE_FACTORIZATION on slice (113, 2) (remaining tasks 82)
2025-04-22 15:08:25,666 [DEBUG]  		naive factorization 2 columns (in 0.00279 secs)
2025-04-22 15:08:25,666 [DEBUG]  OP: Operation.CREATE_LEAF on slice (142, 1) (remaining tasks 81)
2025-04-22 15:08:25,667 [DEBUG]  		 created leaf IdentityNumericLeaf for scope=[0] (in 0.00033 secs)
2025-04-22 15:08:25,667 [DEBUG]  OP: Operation.NAIVE_FACTORIZATION on slice (142, 2) (remaining tasks 80)
2025-04-22 15:08:25,670 [DEBUG]  		naive factorization 2 columns (in 0.00262 secs)
2025-04-22 15:08:25,670 [DEBUG]  OP: Operation.CREATE_LEAF on slice (184, 1) (remaining tasks 79)
2025-04-22 15:08:25,670 [DEBUG]  		 created leaf IdentityNumericLeaf for scope=[0] (in 0.00033 secs)
2025-04-22 15:08:25,670 [DEBUG]  OP: Operation.NAIVE_FACTORIZATION on slice (184, 2) (remaining tasks 78)
2025-04-22 15:08:25,674 [DEBUG]  		naive factorization 2 columns (in 0.00324 secs)
2025-04-22 15:08:25,674 [DEBUG]  OP: Operation.CREATE_LEAF on slice (189, 1) (remaining tasks 77)
2025-04-22 15:08:25,674 [DEBUG]  		 created leaf IdentityNumericLeaf for scope=[0] (in 0.00035 secs)
2025-04-22 15:08:25,675 [DEBUG]  OP: Operation.NAIVE_FACTORIZATION on slice (189, 2) (remaining tasks 76)
2025-04-22 15:08:25,678 [DEBUG]  		naive factorization 2 columns (in 0.00334 secs)
2025-04-22 15:08:25,678 [DEBUG]  OP: Operation.CREATE_LEAF on slice (197, 1) (remaining tasks 75)
2025-04-22 15:08:25,679 [DEBUG]  		 created leaf IdentityNumericLeaf for scope=[0] (in 0.00035 secs)
2025-04-22 15:08:25,679 [DEBUG]  OP: Operation.NAIVE_FACTORIZATION on slice (197, 2) (remaining tasks 74)
2025-04-22 15:08:25,683 [DEBUG]  		naive factorization 2 columns (in 0.00339 secs)
2025-04-22 15:08:25,683 [DEBUG]  OP: Operation.CREATE_LEAF on slice (187, 1) (remaining tasks 73)
2025-04-22 15:08:25,683 [DEBUG]  		 created leaf IdentityNumericLeaf for scope=[0] (in 0.00037 secs)
2025-04-22 15:08:25,684 [DEBUG]  OP: Operation.NAIVE_FACTORIZATION on slice (187, 2) (remaining tasks 72)
2025-04-22 15:08:25,687 [DEBUG]  		naive factorization 2 columns (in 0.00330 secs)
2025-04-22 15:08:25,688 [DEBUG]  OP: Operation.REMOVE_UNINFORMATIVE_FEATURES on slice (175, 2) (remaining tasks 71)
2025-04-22 15:08:25,688 [DEBUG]  OP: Operation.REMOVE_UNINFORMATIVE_FEATURES on slice (172, 2) (remaining tasks 72)
2025-04-22 15:08:25,688 [DEBUG]  OP: Operation.REMOVE_UNINFORMATIVE_FEATURES on slice (205, 2) (remaining tasks 73)
2025-04-22 15:08:25,689 [DEBUG]  OP: Operation.REMOVE_UNINFORMATIVE_FEATURES on slice (194, 2) (remaining tasks 74)
2025-04-22 15:08:25,689 [DEBUG]  OP: Operation.CREATE_LEAF on slice (184, 1) (remaining tasks 75)
2025-04-22 15:08:25,689 [DEBUG]  		 created leaf IdentityNumericLeaf for scope=[0] (in 0.00037 secs)
2025-04-22 15:08:25,689 [DEBUG]  OP: Operation.NAIVE_FACTORIZATION on slice (184, 2) (remaining tasks 74)
2025-04-22 15:08:25,693 [DEBUG]  		naive factorization 2 columns (in 0.00333 secs)
2025-04-22 15:08:25,693 [DEBUG]  OP: Operation.CREATE_LEAF on slice (179, 1) (remaining tasks 73)
2025-04-22 15:08:25,694 [DEBUG]  		 created leaf IdentityNumericLeaf for scope=[0] (in 0.00038 secs)
2025-04-22 15:08:25,694 [DEBUG]  OP: Operation.NAIVE_FACTORIZATION on slice (179, 2) (remaining tasks 72)
2025-04-22 15:08:25,697 [DEBUG]  		naive factorization 2 columns (in 0.00326 secs)
2025-04-22 15:08:25,698 [DEBUG]  OP: Operation.CREATE_LEAF on slice (186, 1) (remaining tasks 71)
2025-04-22 15:08:25,698 [DEBUG]  		 created leaf IdentityNumericLeaf for scope=[0] (in 0.00042 secs)
2025-04-22 15:08:25,699 [DEBUG]  OP: Operation.NAIVE_FACTORIZATION on slice (186, 2) (remaining tasks 70)
2025-04-22 15:08:25,702 [DEBUG]  		naive factorization 2 columns (in 0.00331 secs)
2025-04-22 15:08:25,702 [DEBUG]  OP: Operation.CREATE_LEAF on slice (179, 1) (remaining tasks 69)
2025-04-22 15:08:25,703 [DEBUG]  		 created leaf IdentityNumericLeaf for scope=[0] (in 0.00043 secs)
2025-04-22 15:08:25,703 [DEBUG]  OP: Operation.NAIVE_FACTORIZATION on slice (179, 2) (remaining tasks 68)
2025-04-22 15:08:25,707 [DEBUG]  		naive factorization 2 columns (in 0.00330 secs)
2025-04-22 15:08:25,707 [DEBUG]  OP: Operation.CREATE_LEAF on slice (116, 1) (remaining tasks 67)
2025-04-22 15:08:25,708 [DEBUG]  		 created leaf IdentityNumericLeaf for scope=[0] (in 0.00047 secs)
2025-04-22 15:08:25,708 [DEBUG]  OP: Operation.NAIVE_FACTORIZATION on slice (116, 2) (remaining tasks 66)
2025-04-22 15:08:25,711 [DEBUG]  		naive factorization 2 columns (in 0.00286 secs)
2025-04-22 15:08:25,711 [DEBUG]  OP: Operation.CREATE_LEAF on slice (154, 1) (remaining tasks 65)
2025-04-22 15:08:25,712 [DEBUG]  		 created leaf IdentityNumericLeaf for scope=[0] (in 0.00046 secs)
2025-04-22 15:08:25,712 [DEBUG]  OP: Operation.NAIVE_FACTORIZATION on slice (154, 2) (remaining tasks 64)
2025-04-22 15:08:25,715 [DEBUG]  		naive factorization 2 columns (in 0.00287 secs)
2025-04-22 15:08:25,715 [DEBUG]  OP: Operation.CREATE_LEAF on slice (117, 1) (remaining tasks 63)
2025-04-22 15:08:25,716 [DEBUG]  		 created leaf IdentityNumericLeaf for scope=[0] (in 0.00047 secs)
2025-04-22 15:08:25,716 [DEBUG]  OP: Operation.NAIVE_FACTORIZATION on slice (117, 2) (remaining tasks 62)
2025-04-22 15:08:25,720 [DEBUG]  		naive factorization 2 columns (in 0.00361 secs)
2025-04-22 15:08:25,720 [DEBUG]  OP: Operation.CREATE_LEAF on slice (161, 1) (remaining tasks 61)
2025-04-22 15:08:25,721 [DEBUG]  		 created leaf IdentityNumericLeaf for scope=[0] (in 0.00050 secs)
2025-04-22 15:08:25,722 [DEBUG]  OP: Operation.NAIVE_FACTORIZATION on slice (161, 2) (remaining tasks 60)
2025-04-22 15:08:25,725 [DEBUG]  		naive factorization 2 columns (in 0.00321 secs)
2025-04-22 15:08:25,725 [DEBUG]  OP: Operation.SPLIT_COLUMNS on slice (254, 2) (remaining tasks 59)
2025-04-22 15:08:25,837 [DEBUG]  		found 1 col clusters (in 0.11136 secs)
2025-04-22 15:08:25,837 [DEBUG]  OP: Operation.NAIVE_FACTORIZATION on slice (189, 2) (remaining tasks 59)
2025-04-22 15:08:25,840 [DEBUG]  		naive factorization 2 columns (in 0.00246 secs)
2025-04-22 15:08:25,840 [DEBUG]  OP: Operation.SPLIT_COLUMNS on slice (296, 2) (remaining tasks 58)
2025-04-22 15:08:25,946 [DEBUG]  		found 1 col clusters (in 0.10536 secs)
2025-04-22 15:08:25,946 [DEBUG]  OP: Operation.NAIVE_FACTORIZATION on slice (101, 2) (remaining tasks 58)
2025-04-22 15:08:25,947 [DEBUG]  		naive factorization 2 columns (in 0.00130 secs)
2025-04-22 15:08:25,948 [DEBUG]  OP: Operation.SPLIT_COLUMNS on slice (284, 2) (remaining tasks 57)
2025-04-22 15:08:26,052 [DEBUG]  		found 1 col clusters (in 0.10483 secs)
2025-04-22 15:08:26,053 [DEBUG]  OP: Operation.SPLIT_COLUMNS on slice (283, 2) (remaining tasks 57)
2025-04-22 15:08:26,158 [DEBUG]  		found 1 col clusters (in 0.10482 secs)
2025-04-22 15:08:26,158 [DEBUG]  OP: Operation.NAIVE_FACTORIZATION on slice (200, 2) (remaining tasks 57)
2025-04-22 15:08:26,160 [DEBUG]  		naive factorization 2 columns (in 0.00190 secs)
2025-04-22 15:08:26,160 [DEBUG]  OP: Operation.NAIVE_FACTORIZATION on slice (83, 2) (remaining tasks 56)
2025-04-22 15:08:26,162 [DEBUG]  		naive factorization 2 columns (in 0.00172 secs)
2025-04-22 15:08:26,162 [DEBUG]  OP: Operation.NAIVE_FACTORIZATION on slice (193, 2) (remaining tasks 55)
2025-04-22 15:08:26,165 [DEBUG]  		naive factorization 2 columns (in 0.00239 secs)
2025-04-22 15:08:26,165 [DEBUG]  OP: Operation.SPLIT_COLUMNS on slice (244, 2) (remaining tasks 54)
2025-04-22 15:08:26,270 [DEBUG]  		found 1 col clusters (in 0.10477 secs)
2025-04-22 15:08:26,270 [DEBUG]  OP: Operation.NAIVE_FACTORIZATION on slice (87, 2) (remaining tasks 54)
2025-04-22 15:08:26,272 [DEBUG]  		naive factorization 2 columns (in 0.00171 secs)
2025-04-22 15:08:26,272 [DEBUG]  OP: Operation.SPLIT_COLUMNS on slice (344, 2) (remaining tasks 53)
2025-04-22 15:08:26,377 [DEBUG]  		found 1 col clusters (in 0.10491 secs)
2025-04-22 15:08:26,377 [DEBUG]  OP: Operation.NAIVE_FACTORIZATION on slice (156, 2) (remaining tasks 53)
2025-04-22 15:08:26,381 [DEBUG]  		naive factorization 2 columns (in 0.00350 secs)
2025-04-22 15:08:26,381 [DEBUG]  OP: Operation.SPLIT_COLUMNS on slice (307, 2) (remaining tasks 52)
2025-04-22 15:08:26,487 [DEBUG]  		found 1 col clusters (in 0.10542 secs)
2025-04-22 15:08:26,487 [DEBUG]  OP: Operation.SPLIT_COLUMNS on slice (221, 2) (remaining tasks 52)
2025-04-22 15:08:26,593 [DEBUG]  		found 1 col clusters (in 0.10534 secs)
2025-04-22 15:08:26,593 [DEBUG]  OP: Operation.NAIVE_FACTORIZATION on slice (197, 2) (remaining tasks 52)
2025-04-22 15:08:26,595 [DEBUG]  		naive factorization 2 columns (in 0.00193 secs)
2025-04-22 15:08:26,595 [DEBUG]  OP: Operation.SPLIT_COLUMNS on slice (250, 2) (remaining tasks 51)
2025-04-22 15:08:26,700 [DEBUG]  		found 1 col clusters (in 0.10501 secs)
2025-04-22 15:08:26,700 [DEBUG]  OP: Operation.NAIVE_FACTORIZATION on slice (146, 2) (remaining tasks 51)
2025-04-22 15:08:26,702 [DEBUG]  		naive factorization 2 columns (in 0.00162 secs)
2025-04-22 15:08:26,702 [DEBUG]  OP: Operation.NAIVE_FACTORIZATION on slice (143, 2) (remaining tasks 50)
2025-04-22 15:08:26,705 [DEBUG]  		naive factorization 2 columns (in 0.00208 secs)
2025-04-22 15:08:26,705 [DEBUG]  OP: Operation.SPLIT_COLUMNS on slice (257, 2) (remaining tasks 49)
2025-04-22 15:08:26,810 [DEBUG]  		found 1 col clusters (in 0.10471 secs)
2025-04-22 15:08:26,810 [DEBUG]  OP: Operation.NAIVE_FACTORIZATION on slice (99, 2) (remaining tasks 49)
2025-04-22 15:08:26,812 [DEBUG]  		naive factorization 2 columns (in 0.00193 secs)
2025-04-22 15:08:26,812 [DEBUG]  OP: Operation.SPLIT_COLUMNS on slice (255, 2) (remaining tasks 48)
2025-04-22 15:08:26,917 [DEBUG]  		found 1 col clusters (in 0.10496 secs)
2025-04-22 15:08:26,918 [DEBUG]  OP: Operation.SPLIT_COLUMNS on slice (257, 2) (remaining tasks 48)
2025-04-22 15:08:27,023 [DEBUG]  		found 1 col clusters (in 0.10492 secs)
2025-04-22 15:08:27,023 [DEBUG]  OP: Operation.NAIVE_FACTORIZATION on slice (184, 2) (remaining tasks 48)
2025-04-22 15:08:27,025 [DEBUG]  		naive factorization 2 columns (in 0.00239 secs)
2025-04-22 15:08:27,026 [DEBUG]  OP: Operation.SPLIT_COLUMNS on slice (213, 2) (remaining tasks 47)
2025-04-22 15:08:27,131 [DEBUG]  		found 1 col clusters (in 0.10506 secs)
2025-04-22 15:08:27,131 [DEBUG]  OP: Operation.NAIVE_FACTORIZATION on slice (63, 2) (remaining tasks 47)
2025-04-22 15:08:27,132 [DEBUG]  		naive factorization 2 columns (in 0.00123 secs)
2025-04-22 15:08:27,133 [DEBUG]  OP: Operation.SPLIT_COLUMNS on slice (259, 2) (remaining tasks 46)
2025-04-22 15:08:27,237 [DEBUG]  		found 1 col clusters (in 0.10471 secs)
2025-04-22 15:08:27,238 [DEBUG]  OP: Operation.NAIVE_FACTORIZATION on slice (50, 2) (remaining tasks 46)
2025-04-22 15:08:27,240 [DEBUG]  		naive factorization 2 columns (in 0.00224 secs)
2025-04-22 15:08:27,240 [DEBUG]  OP: Operation.NAIVE_FACTORIZATION on slice (182, 2) (remaining tasks 45)
2025-04-22 15:08:27,243 [DEBUG]  		naive factorization 2 columns (in 0.00241 secs)
2025-04-22 15:08:27,243 [DEBUG]  OP: Operation.SPLIT_COLUMNS on slice (210, 2) (remaining tasks 44)
2025-04-22 15:08:27,348 [DEBUG]  		found 1 col clusters (in 0.10520 secs)
2025-04-22 15:08:27,349 [DEBUG]  OP: Operation.SPLIT_COLUMNS on slice (395, 2) (remaining tasks 44)
2025-04-22 15:08:27,454 [DEBUG]  		found 1 col clusters (in 0.10509 secs)
2025-04-22 15:08:27,454 [DEBUG]  OP: Operation.NAIVE_FACTORIZATION on slice (91, 2) (remaining tasks 44)
2025-04-22 15:08:27,456 [DEBUG]  		naive factorization 2 columns (in 0.00180 secs)
2025-04-22 15:08:27,456 [DEBUG]  OP: Operation.NAIVE_FACTORIZATION on slice (116, 2) (remaining tasks 43)
2025-04-22 15:08:27,458 [DEBUG]  		naive factorization 2 columns (in 0.00144 secs)
2025-04-22 15:08:27,458 [DEBUG]  OP: Operation.NAIVE_FACTORIZATION on slice (177, 2) (remaining tasks 42)
2025-04-22 15:08:27,460 [DEBUG]  		naive factorization 2 columns (in 0.00223 secs)
2025-04-22 15:08:27,460 [DEBUG]  OP: Operation.SPLIT_COLUMNS on slice (255, 2) (remaining tasks 41)
2025-04-22 15:08:27,565 [DEBUG]  		found 1 col clusters (in 0.10485 secs)
2025-04-22 15:08:27,566 [DEBUG]  OP: Operation.SPLIT_COLUMNS on slice (244, 2) (remaining tasks 41)
2025-04-22 15:08:27,671 [DEBUG]  		found 1 col clusters (in 0.10488 secs)
2025-04-22 15:08:27,671 [DEBUG]  OP: Operation.NAIVE_FACTORIZATION on slice (167, 2) (remaining tasks 41)
2025-04-22 15:08:27,673 [DEBUG]  		naive factorization 2 columns (in 0.00235 secs)
2025-04-22 15:08:27,674 [DEBUG]  OP: Operation.NAIVE_FACTORIZATION on slice (72, 2) (remaining tasks 40)
2025-04-22 15:08:27,675 [DEBUG]  		naive factorization 2 columns (in 0.00164 secs)
2025-04-22 15:08:27,675 [DEBUG]  OP: Operation.SPLIT_COLUMNS on slice (233, 2) (remaining tasks 39)
2025-04-22 15:08:27,781 [DEBUG]  		found 1 col clusters (in 0.10508 secs)
2025-04-22 15:08:27,781 [DEBUG]  OP: Operation.NAIVE_FACTORIZATION on slice (99, 2) (remaining tasks 39)
2025-04-22 15:08:27,783 [DEBUG]  		naive factorization 2 columns (in 0.00192 secs)
2025-04-22 15:08:27,783 [DEBUG]  OP: Operation.NAIVE_FACTORIZATION on slice (166, 2) (remaining tasks 38)
2025-04-22 15:08:27,787 [DEBUG]  		naive factorization 2 columns (in 0.00354 secs)
2025-04-22 15:08:27,787 [DEBUG]  OP: Operation.NAIVE_FACTORIZATION on slice (83, 2) (remaining tasks 37)
2025-04-22 15:08:27,788 [DEBUG]  		naive factorization 2 columns (in 0.00125 secs)
2025-04-22 15:08:27,789 [DEBUG]  OP: Operation.NAIVE_FACTORIZATION on slice (159, 2) (remaining tasks 36)
2025-04-22 15:08:27,790 [DEBUG]  		naive factorization 2 columns (in 0.00166 secs)
2025-04-22 15:08:27,791 [DEBUG]  OP: Operation.NAIVE_FACTORIZATION on slice (59, 2) (remaining tasks 35)
2025-04-22 15:08:27,792 [DEBUG]  		naive factorization 2 columns (in 0.00158 secs)
2025-04-22 15:08:27,792 [DEBUG]  OP: Operation.NAIVE_FACTORIZATION on slice (43, 2) (remaining tasks 34)
2025-04-22 15:08:27,794 [DEBUG]  		naive factorization 2 columns (in 0.00152 secs)
2025-04-22 15:08:27,794 [DEBUG]  OP: Operation.NAIVE_FACTORIZATION on slice (188, 2) (remaining tasks 33)
2025-04-22 15:08:27,797 [DEBUG]  		naive factorization 2 columns (in 0.00238 secs)
2025-04-22 15:08:27,797 [DEBUG]  OP: Operation.NAIVE_FACTORIZATION on slice (101, 2) (remaining tasks 32)
2025-04-22 15:08:27,798 [DEBUG]  		naive factorization 2 columns (in 0.00134 secs)
2025-04-22 15:08:27,799 [DEBUG]  OP: Operation.NAIVE_FACTORIZATION on slice (173, 2) (remaining tasks 31)
2025-04-22 15:08:27,802 [DEBUG]  		naive factorization 2 columns (in 0.00366 secs)
2025-04-22 15:08:27,803 [DEBUG]  OP: Operation.SPLIT_COLUMNS on slice (298, 2) (remaining tasks 30)
2025-04-22 15:08:27,908 [DEBUG]  		found 1 col clusters (in 0.10497 secs)
2025-04-22 15:08:27,908 [DEBUG]  OP: Operation.NAIVE_FACTORIZATION on slice (78, 2) (remaining tasks 30)
2025-04-22 15:08:27,910 [DEBUG]  		naive factorization 2 columns (in 0.00172 secs)
2025-04-22 15:08:27,910 [DEBUG]  OP: Operation.NAIVE_FACTORIZATION on slice (149, 2) (remaining tasks 29)
2025-04-22 15:08:27,912 [DEBUG]  		naive factorization 2 columns (in 0.00221 secs)
2025-04-22 15:08:27,912 [DEBUG]  OP: Operation.NAIVE_FACTORIZATION on slice (121, 2) (remaining tasks 28)
2025-04-22 15:08:27,914 [DEBUG]  		naive factorization 2 columns (in 0.00144 secs)
2025-04-22 15:08:27,914 [DEBUG]  OP: Operation.CREATE_LEAF on slice (175, 1) (remaining tasks 27)
2025-04-22 15:08:27,914 [DEBUG]  		 created leaf IdentityNumericLeaf for scope=[0] (in 0.00028 secs)
2025-04-22 15:08:27,915 [DEBUG]  OP: Operation.CREATE_LEAF on slice (175, 1) (remaining tasks 26)
2025-04-22 15:08:27,915 [DEBUG]  		 created leaf IdentityNumericLeaf for scope=[1] (in 0.00034 secs)
2025-04-22 15:08:27,915 [DEBUG]  OP: Operation.CREATE_LEAF on slice (172, 1) (remaining tasks 25)
2025-04-22 15:08:27,915 [DEBUG]  		 created leaf IdentityNumericLeaf for scope=[0] (in 0.00023 secs)
2025-04-22 15:08:27,915 [DEBUG]  OP: Operation.CREATE_LEAF on slice (172, 1) (remaining tasks 24)
2025-04-22 15:08:27,916 [DEBUG]  		 created leaf IdentityNumericLeaf for scope=[1] (in 0.00033 secs)
2025-04-22 15:08:27,916 [DEBUG]  OP: Operation.CREATE_LEAF on slice (205, 1) (remaining tasks 23)
2025-04-22 15:08:27,916 [DEBUG]  		 created leaf IdentityNumericLeaf for scope=[0] (in 0.00023 secs)
2025-04-22 15:08:27,916 [DEBUG]  OP: Operation.CREATE_LEAF on slice (205, 1) (remaining tasks 22)
2025-04-22 15:08:27,917 [DEBUG]  		 created leaf IdentityNumericLeaf for scope=[1] (in 0.00034 secs)
2025-04-22 15:08:27,917 [DEBUG]  OP: Operation.CREATE_LEAF on slice (194, 1) (remaining tasks 21)
2025-04-22 15:08:27,917 [DEBUG]  		 created leaf IdentityNumericLeaf for scope=[0] (in 0.00024 secs)
2025-04-22 15:08:27,917 [DEBUG]  OP: Operation.CREATE_LEAF on slice (194, 1) (remaining tasks 20)
2025-04-22 15:08:27,918 [DEBUG]  		 created leaf IdentityNumericLeaf for scope=[1] (in 0.00034 secs)
2025-04-22 15:08:27,918 [DEBUG]  OP: Operation.SPLIT_ROWS on slice (254, 2) (remaining tasks 19)
2025-04-22 15:08:27,946 [DEBUG]  		found 2 row clusters (in 0.02783 secs)
2025-04-22 15:08:27,946 [DEBUG]  OP: Operation.SPLIT_ROWS on slice (296, 2) (remaining tasks 20)
2025-04-22 15:08:27,974 [DEBUG]  		found 2 row clusters (in 0.02762 secs)
2025-04-22 15:08:27,974 [DEBUG]  OP: Operation.SPLIT_ROWS on slice (284, 2) (remaining tasks 21)
2025-04-22 15:08:28,003 [DEBUG]  		found 2 row clusters (in 0.02900 secs)
2025-04-22 15:08:28,004 [DEBUG]  OP: Operation.SPLIT_ROWS on slice (283, 2) (remaining tasks 22)
2025-04-22 15:08:28,023 [DEBUG]  		found 2 row clusters (in 0.01936 secs)
2025-04-22 15:08:28,023 [DEBUG]  OP: Operation.SPLIT_ROWS on slice (244, 2) (remaining tasks 23)
2025-04-22 15:08:28,044 [DEBUG]  		found 2 row clusters (in 0.02082 secs)
2025-04-22 15:08:28,044 [DEBUG]  OP: Operation.SPLIT_ROWS on slice (344, 2) (remaining tasks 24)
2025-04-22 15:08:28,062 [DEBUG]  		found 2 row clusters (in 0.01780 secs)
2025-04-22 15:08:28,062 [DEBUG]  OP: Operation.SPLIT_ROWS on slice (307, 2) (remaining tasks 25)
2025-04-22 15:08:28,081 [DEBUG]  		found 2 row clusters (in 0.01891 secs)
2025-04-22 15:08:28,082 [DEBUG]  OP: Operation.SPLIT_ROWS on slice (221, 2) (remaining tasks 26)
2025-04-22 15:08:28,100 [DEBUG]  		found 2 row clusters (in 0.01800 secs)
2025-04-22 15:08:28,100 [DEBUG]  OP: Operation.SPLIT_ROWS on slice (250, 2) (remaining tasks 27)
2025-04-22 15:08:28,118 [DEBUG]  		found 2 row clusters (in 0.01842 secs)
2025-04-22 15:08:28,119 [DEBUG]  OP: Operation.SPLIT_ROWS on slice (257, 2) (remaining tasks 28)
2025-04-22 15:08:28,137 [DEBUG]  		found 2 row clusters (in 0.01791 secs)
2025-04-22 15:08:28,137 [DEBUG]  OP: Operation.SPLIT_ROWS on slice (255, 2) (remaining tasks 29)
2025-04-22 15:08:28,156 [DEBUG]  		found 2 row clusters (in 0.01944 secs)
2025-04-22 15:08:28,157 [DEBUG]  OP: Operation.SPLIT_ROWS on slice (257, 2) (remaining tasks 30)
2025-04-22 15:08:28,174 [DEBUG]  		found 2 row clusters (in 0.01753 secs)
2025-04-22 15:08:28,174 [DEBUG]  OP: Operation.SPLIT_ROWS on slice (213, 2) (remaining tasks 31)
2025-04-22 15:08:28,190 [DEBUG]  		found 2 row clusters (in 0.01537 secs)
2025-04-22 15:08:28,190 [DEBUG]  OP: Operation.SPLIT_ROWS on slice (259, 2) (remaining tasks 32)
2025-04-22 15:08:28,218 [DEBUG]  		found 2 row clusters (in 0.02763 secs)
2025-04-22 15:08:28,218 [DEBUG]  OP: Operation.SPLIT_ROWS on slice (210, 2) (remaining tasks 33)
2025-04-22 15:08:28,239 [DEBUG]  		found 2 row clusters (in 0.02150 secs)
2025-04-22 15:08:28,240 [DEBUG]  OP: Operation.SPLIT_ROWS on slice (395, 2) (remaining tasks 34)
2025-04-22 15:08:28,264 [DEBUG]  		found 2 row clusters (in 0.02432 secs)
2025-04-22 15:08:28,264 [DEBUG]  OP: Operation.SPLIT_ROWS on slice (255, 2) (remaining tasks 35)
2025-04-22 15:08:28,281 [DEBUG]  		found 2 row clusters (in 0.01716 secs)
2025-04-22 15:08:28,282 [DEBUG]  OP: Operation.SPLIT_ROWS on slice (244, 2) (remaining tasks 36)
2025-04-22 15:08:28,300 [DEBUG]  		found 2 row clusters (in 0.01799 secs)
2025-04-22 15:08:28,300 [DEBUG]  OP: Operation.SPLIT_ROWS on slice (233, 2) (remaining tasks 37)
2025-04-22 15:08:28,315 [DEBUG]  		found 2 row clusters (in 0.01545 secs)
2025-04-22 15:08:28,316 [DEBUG]  OP: Operation.SPLIT_ROWS on slice (298, 2) (remaining tasks 38)
2025-04-22 15:08:28,348 [DEBUG]  		found 2 row clusters (in 0.03258 secs)
2025-04-22 15:08:28,348 [DEBUG]  OP: Operation.NAIVE_FACTORIZATION on slice (183, 2) (remaining tasks 39)
2025-04-22 15:08:28,351 [DEBUG]  		naive factorization 2 columns (in 0.00268 secs)
2025-04-22 15:08:28,351 [DEBUG]  OP: Operation.NAIVE_FACTORIZATION on slice (71, 2) (remaining tasks 38)
2025-04-22 15:08:28,353 [DEBUG]  		naive factorization 2 columns (in 0.00198 secs)
2025-04-22 15:08:28,354 [DEBUG]  OP: Operation.NAIVE_FACTORIZATION on slice (154, 2) (remaining tasks 37)
2025-04-22 15:08:28,356 [DEBUG]  		naive factorization 2 columns (in 0.00236 secs)
2025-04-22 15:08:28,356 [DEBUG]  OP: Operation.NAIVE_FACTORIZATION on slice (142, 2) (remaining tasks 36)
2025-04-22 15:08:28,358 [DEBUG]  		naive factorization 2 columns (in 0.00212 secs)
2025-04-22 15:08:28,359 [DEBUG]  OP: Operation.SPLIT_COLUMNS on slice (240, 2) (remaining tasks 35)
2025-04-22 15:08:28,466 [DEBUG]  		found 1 col clusters (in 0.10683 secs)
2025-04-22 15:08:28,466 [DEBUG]  OP: Operation.NAIVE_FACTORIZATION on slice (44, 2) (remaining tasks 35)
2025-04-22 15:08:28,468 [DEBUG]  		naive factorization 2 columns (in 0.00234 secs)
2025-04-22 15:08:28,468 [DEBUG]  OP: Operation.NAIVE_FACTORIZATION on slice (155, 2) (remaining tasks 34)
2025-04-22 15:08:28,470 [DEBUG]  		naive factorization 2 columns (in 0.00174 secs)
2025-04-22 15:08:28,470 [DEBUG]  OP: Operation.NAIVE_FACTORIZATION on slice (128, 2) (remaining tasks 33)
2025-04-22 15:08:28,472 [DEBUG]  		naive factorization 2 columns (in 0.00154 secs)
2025-04-22 15:08:28,472 [DEBUG]  OP: Operation.NAIVE_FACTORIZATION on slice (59, 2) (remaining tasks 32)
2025-04-22 15:08:28,474 [DEBUG]  		naive factorization 2 columns (in 0.00161 secs)
2025-04-22 15:08:28,474 [DEBUG]  OP: Operation.NAIVE_FACTORIZATION on slice (185, 2) (remaining tasks 31)
2025-04-22 15:08:28,477 [DEBUG]  		naive factorization 2 columns (in 0.00240 secs)
2025-04-22 15:08:28,477 [DEBUG]  OP: Operation.NAIVE_FACTORIZATION on slice (193, 2) (remaining tasks 30)
2025-04-22 15:08:28,480 [DEBUG]  		naive factorization 2 columns (in 0.00248 secs)
2025-04-22 15:08:28,480 [DEBUG]  OP: Operation.NAIVE_FACTORIZATION on slice (151, 2) (remaining tasks 29)
2025-04-22 15:08:28,482 [DEBUG]  		naive factorization 2 columns (in 0.00170 secs)
2025-04-22 15:08:28,482 [DEBUG]  OP: Operation.NAIVE_FACTORIZATION on slice (86, 2) (remaining tasks 28)
2025-04-22 15:08:28,485 [DEBUG]  		naive factorization 2 columns (in 0.00264 secs)
2025-04-22 15:08:28,485 [DEBUG]  OP: Operation.SPLIT_COLUMNS on slice (221, 2) (remaining tasks 27)
2025-04-22 15:08:28,593 [DEBUG]  		found 1 col clusters (in 0.10753 secs)
2025-04-22 15:08:28,593 [DEBUG]  OP: Operation.NAIVE_FACTORIZATION on slice (60, 2) (remaining tasks 27)
2025-04-22 15:08:28,595 [DEBUG]  		naive factorization 2 columns (in 0.00166 secs)
2025-04-22 15:08:28,595 [DEBUG]  OP: Operation.NAIVE_FACTORIZATION on slice (161, 2) (remaining tasks 26)
2025-04-22 15:08:28,597 [DEBUG]  		naive factorization 2 columns (in 0.00217 secs)
2025-04-22 15:08:28,597 [DEBUG]  OP: Operation.NAIVE_FACTORIZATION on slice (153, 2) (remaining tasks 25)
2025-04-22 15:08:28,601 [DEBUG]  		naive factorization 2 columns (in 0.00317 secs)
2025-04-22 15:08:28,601 [DEBUG]  OP: Operation.NAIVE_FACTORIZATION on slice (97, 2) (remaining tasks 24)
2025-04-22 15:08:28,603 [DEBUG]  		naive factorization 2 columns (in 0.00186 secs)
2025-04-22 15:08:28,603 [DEBUG]  OP: Operation.NAIVE_FACTORIZATION on slice (122, 2) (remaining tasks 23)
2025-04-22 15:08:28,605 [DEBUG]  		naive factorization 2 columns (in 0.00197 secs)
2025-04-22 15:08:28,605 [DEBUG]  OP: Operation.NAIVE_FACTORIZATION on slice (135, 2) (remaining tasks 22)
2025-04-22 15:08:28,607 [DEBUG]  		naive factorization 2 columns (in 0.00201 secs)
2025-04-22 15:08:28,607 [DEBUG]  OP: Operation.NAIVE_FACTORIZATION on slice (191, 2) (remaining tasks 21)
2025-04-22 15:08:28,610 [DEBUG]  		naive factorization 2 columns (in 0.00236 secs)
2025-04-22 15:08:28,610 [DEBUG]  OP: Operation.NAIVE_FACTORIZATION on slice (64, 2) (remaining tasks 20)
2025-04-22 15:08:28,613 [DEBUG]  		naive factorization 2 columns (in 0.00231 secs)
2025-04-22 15:08:28,613 [DEBUG]  OP: Operation.NAIVE_FACTORIZATION on slice (52, 2) (remaining tasks 19)
2025-04-22 15:08:28,614 [DEBUG]  		naive factorization 2 columns (in 0.00102 secs)
2025-04-22 15:08:28,614 [DEBUG]  OP: Operation.NAIVE_FACTORIZATION on slice (205, 2) (remaining tasks 18)
2025-04-22 15:08:28,616 [DEBUG]  		naive factorization 2 columns (in 0.00182 secs)
2025-04-22 15:08:28,616 [DEBUG]  OP: Operation.NAIVE_FACTORIZATION on slice (108, 2) (remaining tasks 17)
2025-04-22 15:08:28,619 [DEBUG]  		naive factorization 2 columns (in 0.00245 secs)
2025-04-22 15:08:28,619 [DEBUG]  OP: Operation.NAIVE_FACTORIZATION on slice (105, 2) (remaining tasks 16)
2025-04-22 15:08:28,620 [DEBUG]  		naive factorization 2 columns (in 0.00131 secs)
2025-04-22 15:08:28,621 [DEBUG]  OP: Operation.NAIVE_FACTORIZATION on slice (96, 2) (remaining tasks 15)
2025-04-22 15:08:28,622 [DEBUG]  		naive factorization 2 columns (in 0.00128 secs)
2025-04-22 15:08:28,622 [DEBUG]  OP: Operation.NAIVE_FACTORIZATION on slice (163, 2) (remaining tasks 14)
2025-04-22 15:08:28,624 [DEBUG]  		naive factorization 2 columns (in 0.00163 secs)
2025-04-22 15:08:28,624 [DEBUG]  OP: Operation.NAIVE_FACTORIZATION on slice (160, 2) (remaining tasks 13)
2025-04-22 15:08:28,626 [DEBUG]  		naive factorization 2 columns (in 0.00160 secs)
2025-04-22 15:08:28,626 [DEBUG]  OP: Operation.NAIVE_FACTORIZATION on slice (50, 2) (remaining tasks 12)
2025-04-22 15:08:28,627 [DEBUG]  		naive factorization 2 columns (in 0.00102 secs)
2025-04-22 15:08:28,627 [DEBUG]  OP: Operation.NAIVE_FACTORIZATION on slice (203, 2) (remaining tasks 11)
2025-04-22 15:08:28,629 [DEBUG]  		naive factorization 2 columns (in 0.00178 secs)
2025-04-22 15:08:28,629 [DEBUG]  OP: Operation.NAIVE_FACTORIZATION on slice (192, 2) (remaining tasks 10)
2025-04-22 15:08:28,633 [DEBUG]  		naive factorization 2 columns (in 0.00392 secs)
2025-04-22 15:08:28,634 [DEBUG]  OP: Operation.NAIVE_FACTORIZATION on slice (187, 2) (remaining tasks 9)
2025-04-22 15:08:28,635 [DEBUG]  		naive factorization 2 columns (in 0.00171 secs)
2025-04-22 15:08:28,636 [DEBUG]  OP: Operation.NAIVE_FACTORIZATION on slice (68, 2) (remaining tasks 8)
2025-04-22 15:08:28,637 [DEBUG]  		naive factorization 2 columns (in 0.00108 secs)
2025-04-22 15:08:28,637 [DEBUG]  OP: Operation.NAIVE_FACTORIZATION on slice (96, 2) (remaining tasks 7)
2025-04-22 15:08:28,638 [DEBUG]  		naive factorization 2 columns (in 0.00125 secs)
2025-04-22 15:08:28,639 [DEBUG]  OP: Operation.NAIVE_FACTORIZATION on slice (148, 2) (remaining tasks 6)
2025-04-22 15:08:28,640 [DEBUG]  		naive factorization 2 columns (in 0.00150 secs)
2025-04-22 15:08:28,640 [DEBUG]  OP: Operation.NAIVE_FACTORIZATION on slice (184, 2) (remaining tasks 5)
2025-04-22 15:08:28,642 [DEBUG]  		naive factorization 2 columns (in 0.00172 secs)
2025-04-22 15:08:28,642 [DEBUG]  OP: Operation.NAIVE_FACTORIZATION on slice (49, 2) (remaining tasks 4)
2025-04-22 15:08:28,643 [DEBUG]  		naive factorization 2 columns (in 0.00100 secs)
2025-04-22 15:08:28,644 [DEBUG]  OP: Operation.NAIVE_FACTORIZATION on slice (174, 2) (remaining tasks 3)
2025-04-22 15:08:28,645 [DEBUG]  		naive factorization 2 columns (in 0.00157 secs)
2025-04-22 15:08:28,646 [DEBUG]  OP: Operation.NAIVE_FACTORIZATION on slice (124, 2) (remaining tasks 2)
2025-04-22 15:08:28,647 [DEBUG]  		naive factorization 2 columns (in 0.00138 secs)
2025-04-22 15:08:28,647 [DEBUG]  OP: Operation.SPLIT_ROWS on slice (240, 2) (remaining tasks 1)
2025-04-22 15:08:28,679 [DEBUG]  		found 2 row clusters (in 0.03174 secs)
2025-04-22 15:08:28,679 [DEBUG]  OP: Operation.SPLIT_ROWS on slice (221, 2) (remaining tasks 2)
2025-04-22 15:08:28,708 [DEBUG]  		found 2 row clusters (in 0.02881 secs)
2025-04-22 15:08:28,708 [DEBUG]  OP: Operation.NAIVE_FACTORIZATION on slice (135, 2) (remaining tasks 3)
2025-04-22 15:08:28,711 [DEBUG]  		naive factorization 2 columns (in 0.00221 secs)
2025-04-22 15:08:28,711 [DEBUG]  OP: Operation.NAIVE_FACTORIZATION on slice (105, 2) (remaining tasks 2)
2025-04-22 15:08:28,713 [DEBUG]  		naive factorization 2 columns (in 0.00180 secs)
2025-04-22 15:08:28,713 [DEBUG]  OP: Operation.NAIVE_FACTORIZATION on slice (95, 2) (remaining tasks 1)
2025-04-22 15:08:28,715 [DEBUG]  		naive factorization 2 columns (in 0.00199 secs)
2025-04-22 15:08:28,715 [DEBUG]  OP: Operation.NAIVE_FACTORIZATION on slice (126, 2) (remaining tasks 0)
2025-04-22 15:08:28,718 [DEBUG]  		naive factorization 2 columns (in 0.00228 secs)
2025-04-22 15:08:29,302 [DEBUG]  Built SPN in 28.238280286997906 sec
2025-04-22 15:08:29,302 [INFO ]  Saving ensemble to /home/dafn/card/deepcard/collected_temp_benchmarks/spn_ensembles/2D elastodynamic metamaterials/ensemble_single_data1_10000000.pkl
