2025-04-22 15:07:22,373 [INFO ]  Creating naive ensemble.
2025-04-22 15:07:22,373 [INFO ]  Learning SPN for data1.
2025-04-22 15:07:22,373 [DEBUG]  generate_join_sample(single_table=data1, relationship_list=None, split_condition=None)
2025-04-22 15:07:22,400 [DEBUG]  Using min_instance_slice parameter 205.20000000000002.
2025-04-22 15:07:22,400 [INFO ]  SPN training phase with 20520 samples
2025-04-22 15:07:22,404 [DEBUG]  Built domains in 0.0036821510002482682 sec
2025-04-22 15:07:22,766 [DEBUG]  CACHEDIR=/home/dafn/.cache/matplotlib
2025-04-22 15:07:22,767 [DEBUG]  Using fontManager instance from /home/dafn/.cache/matplotlib/fontlist-v300.json
2025-04-22 15:07:22,861 [DEBUG]  Loaded backend qt5agg version unknown.
2025-04-22 15:07:22,892 [DEBUG]  Loaded backend qt5agg version unknown.
2025-04-22 15:07:22,893 [DEBUG]  Loaded backend qt4agg version unknown.
2025-04-22 15:07:22,900 [DEBUG]  Loaded backend tkagg version unknown.
2025-04-22 15:07:22,901 [DEBUG]  Loaded backend agg version unknown.
2025-04-22 15:07:22,901 [DEBUG]  Loaded backend agg version unknown.
2025-04-22 15:07:22,904 [DEBUG]  OP: Operation.SPLIT_ROWS on slice (20520, 3) (remaining tasks 0)
2025-04-22 15:07:22,968 [DEBUG]  		found 2 row clusters (in 0.06337 secs)
2025-04-22 15:07:22,969 [DEBUG]  OP: Operation.SPLIT_COLUMNS on slice (10149, 3) (remaining tasks 1)
2025-04-22 15:07:23,084 [DEBUG]  		found 1 col clusters (in 0.11577 secs)
2025-04-22 15:07:23,086 [DEBUG]  OP: Operation.SPLIT_COLUMNS on slice (10371, 3) (remaining tasks 1)
2025-04-22 15:07:23,330 [DEBUG]  		found 1 col clusters (in 0.24373 secs)
2025-04-22 15:07:23,332 [DEBUG]  OP: Operation.SPLIT_ROWS on slice (10149, 3) (remaining tasks 1)
2025-04-22 15:07:23,382 [DEBUG]  		found 2 row clusters (in 0.05024 secs)
2025-04-22 15:07:23,384 [DEBUG]  OP: Operation.SPLIT_ROWS on slice (10371, 3) (remaining tasks 2)
2025-04-22 15:07:23,436 [DEBUG]  		found 2 row clusters (in 0.05184 secs)
2025-04-22 15:07:23,437 [DEBUG]  OP: Operation.SPLIT_COLUMNS on slice (5235, 3) (remaining tasks 3)
2025-04-22 15:07:23,589 [DEBUG]  		found 1 col clusters (in 0.15206 secs)
2025-04-22 15:07:23,590 [DEBUG]  OP: Operation.SPLIT_COLUMNS on slice (4914, 3) (remaining tasks 3)
2025-04-22 15:07:23,736 [DEBUG]  		found 1 col clusters (in 0.14577 secs)
2025-04-22 15:07:23,737 [DEBUG]  OP: Operation.SPLIT_COLUMNS on slice (5917, 3) (remaining tasks 3)
2025-04-22 15:07:23,956 [DEBUG]  		found 1 col clusters (in 0.21914 secs)
2025-04-22 15:07:23,957 [DEBUG]  OP: Operation.SPLIT_COLUMNS on slice (4454, 3) (remaining tasks 3)
2025-04-22 15:07:24,176 [DEBUG]  		found 1 col clusters (in 0.21906 secs)
2025-04-22 15:07:24,177 [DEBUG]  OP: Operation.SPLIT_ROWS on slice (5235, 3) (remaining tasks 3)
2025-04-22 15:07:24,225 [DEBUG]  		found 2 row clusters (in 0.04740 secs)
2025-04-22 15:07:24,227 [DEBUG]  OP: Operation.SPLIT_ROWS on slice (4914, 3) (remaining tasks 4)
2025-04-22 15:07:24,296 [DEBUG]  		found 2 row clusters (in 0.06736 secs)
2025-04-22 15:07:24,298 [DEBUG]  OP: Operation.SPLIT_ROWS on slice (5917, 3) (remaining tasks 5)
2025-04-22 15:07:24,324 [DEBUG]  		found 2 row clusters (in 0.02512 secs)
2025-04-22 15:07:24,324 [DEBUG]  OP: Operation.SPLIT_ROWS on slice (4454, 3) (remaining tasks 6)
2025-04-22 15:07:24,342 [DEBUG]  		found 2 row clusters (in 0.01755 secs)
2025-04-22 15:07:24,342 [DEBUG]  OP: Operation.SPLIT_COLUMNS on slice (2456, 3) (remaining tasks 7)
2025-04-22 15:07:24,448 [DEBUG]  		found 1 col clusters (in 0.10532 secs)
2025-04-22 15:07:24,448 [DEBUG]  OP: Operation.SPLIT_COLUMNS on slice (2779, 3) (remaining tasks 7)
2025-04-22 15:07:24,668 [DEBUG]  		found 1 col clusters (in 0.22001 secs)
2025-04-22 15:07:24,669 [DEBUG]  OP: Operation.SPLIT_COLUMNS on slice (2466, 3) (remaining tasks 7)
2025-04-22 15:07:24,886 [DEBUG]  		found 1 col clusters (in 0.21639 secs)
2025-04-22 15:07:24,886 [DEBUG]  OP: Operation.SPLIT_COLUMNS on slice (2448, 3) (remaining tasks 7)
2025-04-22 15:07:25,103 [DEBUG]  		found 1 col clusters (in 0.21660 secs)
2025-04-22 15:07:25,104 [DEBUG]  OP: Operation.SPLIT_COLUMNS on slice (2860, 3) (remaining tasks 7)
2025-04-22 15:07:25,333 [DEBUG]  		found 1 col clusters (in 0.22917 secs)
2025-04-22 15:07:25,334 [DEBUG]  OP: Operation.SPLIT_COLUMNS on slice (3057, 3) (remaining tasks 7)
2025-04-22 15:07:25,562 [DEBUG]  		found 1 col clusters (in 0.22811 secs)
2025-04-22 15:07:25,563 [DEBUG]  OP: Operation.SPLIT_COLUMNS on slice (2581, 3) (remaining tasks 7)
2025-04-22 15:07:25,781 [DEBUG]  		found 1 col clusters (in 0.21781 secs)
2025-04-22 15:07:25,782 [DEBUG]  OP: Operation.SPLIT_COLUMNS on slice (1873, 3) (remaining tasks 7)
2025-04-22 15:07:26,021 [DEBUG]  		found 1 col clusters (in 0.23931 secs)
2025-04-22 15:07:26,022 [DEBUG]  OP: Operation.SPLIT_ROWS on slice (2456, 3) (remaining tasks 7)
2025-04-22 15:07:26,063 [DEBUG]  		found 2 row clusters (in 0.04091 secs)
2025-04-22 15:07:26,065 [DEBUG]  OP: Operation.SPLIT_ROWS on slice (2779, 3) (remaining tasks 8)
2025-04-22 15:07:26,106 [DEBUG]  		found 2 row clusters (in 0.04051 secs)
2025-04-22 15:07:26,107 [DEBUG]  OP: Operation.SPLIT_ROWS on slice (2466, 3) (remaining tasks 9)
2025-04-22 15:07:26,142 [DEBUG]  		found 2 row clusters (in 0.03514 secs)
2025-04-22 15:07:26,142 [DEBUG]  OP: Operation.SPLIT_ROWS on slice (2448, 3) (remaining tasks 10)
2025-04-22 15:07:26,179 [DEBUG]  		found 2 row clusters (in 0.03616 secs)
2025-04-22 15:07:26,179 [DEBUG]  OP: Operation.SPLIT_ROWS on slice (2860, 3) (remaining tasks 11)
2025-04-22 15:07:26,194 [DEBUG]  		found 2 row clusters (in 0.01492 secs)
2025-04-22 15:07:26,195 [DEBUG]  OP: Operation.SPLIT_ROWS on slice (3057, 3) (remaining tasks 12)
2025-04-22 15:07:26,210 [DEBUG]  		found 2 row clusters (in 0.01503 secs)
2025-04-22 15:07:26,210 [DEBUG]  OP: Operation.SPLIT_ROWS on slice (2581, 3) (remaining tasks 13)
2025-04-22 15:07:26,225 [DEBUG]  		found 2 row clusters (in 0.01453 secs)
2025-04-22 15:07:26,225 [DEBUG]  OP: Operation.SPLIT_ROWS on slice (1873, 3) (remaining tasks 14)
2025-04-22 15:07:26,238 [DEBUG]  		found 2 row clusters (in 0.01307 secs)
2025-04-22 15:07:26,238 [DEBUG]  OP: Operation.SPLIT_COLUMNS on slice (1342, 3) (remaining tasks 15)
2025-04-22 15:07:26,345 [DEBUG]  		found 1 col clusters (in 0.10650 secs)
2025-04-22 15:07:26,345 [DEBUG]  OP: Operation.SPLIT_COLUMNS on slice (1114, 3) (remaining tasks 15)
2025-04-22 15:07:26,560 [DEBUG]  		found 1 col clusters (in 0.21452 secs)
2025-04-22 15:07:26,561 [DEBUG]  OP: Operation.SPLIT_COLUMNS on slice (1503, 3) (remaining tasks 15)
2025-04-22 15:07:26,769 [DEBUG]  		found 1 col clusters (in 0.20774 secs)
2025-04-22 15:07:26,769 [DEBUG]  OP: Operation.SPLIT_COLUMNS on slice (1276, 3) (remaining tasks 15)
2025-04-22 15:07:26,978 [DEBUG]  		found 1 col clusters (in 0.20926 secs)
2025-04-22 15:07:26,979 [DEBUG]  OP: Operation.SPLIT_COLUMNS on slice (1194, 3) (remaining tasks 15)
2025-04-22 15:07:27,190 [DEBUG]  		found 1 col clusters (in 0.21092 secs)
2025-04-22 15:07:27,190 [DEBUG]  OP: Operation.SPLIT_COLUMNS on slice (1272, 3) (remaining tasks 15)
2025-04-22 15:07:27,400 [DEBUG]  		found 1 col clusters (in 0.20969 secs)
2025-04-22 15:07:27,401 [DEBUG]  OP: Operation.SPLIT_COLUMNS on slice (1244, 3) (remaining tasks 15)
2025-04-22 15:07:27,613 [DEBUG]  		found 1 col clusters (in 0.21172 secs)
2025-04-22 15:07:27,613 [DEBUG]  OP: Operation.SPLIT_COLUMNS on slice (1204, 3) (remaining tasks 15)
2025-04-22 15:07:27,830 [DEBUG]  		found 1 col clusters (in 0.21670 secs)
2025-04-22 15:07:27,830 [DEBUG]  OP: Operation.SPLIT_COLUMNS on slice (1603, 3) (remaining tasks 15)
2025-04-22 15:07:28,039 [DEBUG]  		found 1 col clusters (in 0.20891 secs)
2025-04-22 15:07:28,040 [DEBUG]  OP: Operation.SPLIT_COLUMNS on slice (1257, 3) (remaining tasks 15)
2025-04-22 15:07:28,176 [DEBUG]  		found 1 col clusters (in 0.13549 secs)
2025-04-22 15:07:28,176 [DEBUG]  OP: Operation.SPLIT_COLUMNS on slice (1677, 3) (remaining tasks 15)
2025-04-22 15:07:28,385 [DEBUG]  		found 1 col clusters (in 0.20914 secs)
2025-04-22 15:07:28,386 [DEBUG]  OP: Operation.SPLIT_COLUMNS on slice (1380, 3) (remaining tasks 15)
2025-04-22 15:07:28,598 [DEBUG]  		found 1 col clusters (in 0.21197 secs)
2025-04-22 15:07:28,598 [DEBUG]  OP: Operation.SPLIT_COLUMNS on slice (1306, 3) (remaining tasks 15)
2025-04-22 15:07:28,804 [DEBUG]  		found 1 col clusters (in 0.20533 secs)
2025-04-22 15:07:28,804 [DEBUG]  OP: Operation.SPLIT_COLUMNS on slice (1275, 3) (remaining tasks 15)
2025-04-22 15:07:29,019 [DEBUG]  		found 1 col clusters (in 0.21441 secs)
2025-04-22 15:07:29,019 [DEBUG]  OP: Operation.SPLIT_COLUMNS on slice (882, 3) (remaining tasks 15)
2025-04-22 15:07:29,228 [DEBUG]  		found 1 col clusters (in 0.20878 secs)
2025-04-22 15:07:29,229 [DEBUG]  OP: Operation.SPLIT_COLUMNS on slice (991, 3) (remaining tasks 15)
2025-04-22 15:07:29,432 [DEBUG]  		found 1 col clusters (in 0.20380 secs)
2025-04-22 15:07:29,433 [DEBUG]  OP: Operation.SPLIT_ROWS on slice (1342, 3) (remaining tasks 15)
2025-04-22 15:07:29,459 [DEBUG]  		found 2 row clusters (in 0.02550 secs)
2025-04-22 15:07:29,460 [DEBUG]  OP: Operation.SPLIT_ROWS on slice (1114, 3) (remaining tasks 16)
2025-04-22 15:07:29,500 [DEBUG]  		found 2 row clusters (in 0.03971 secs)
2025-04-22 15:07:29,501 [DEBUG]  OP: Operation.SPLIT_ROWS on slice (1503, 3) (remaining tasks 17)
2025-04-22 15:07:29,540 [DEBUG]  		found 2 row clusters (in 0.03849 secs)
2025-04-22 15:07:29,541 [DEBUG]  OP: Operation.SPLIT_ROWS on slice (1276, 3) (remaining tasks 18)
2025-04-22 15:07:29,564 [DEBUG]  		found 2 row clusters (in 0.02338 secs)
2025-04-22 15:07:29,564 [DEBUG]  OP: Operation.SPLIT_ROWS on slice (1194, 3) (remaining tasks 19)
2025-04-22 15:07:29,577 [DEBUG]  		found 2 row clusters (in 0.01204 secs)
2025-04-22 15:07:29,577 [DEBUG]  OP: Operation.SPLIT_ROWS on slice (1272, 3) (remaining tasks 20)
2025-04-22 15:07:29,589 [DEBUG]  		found 2 row clusters (in 0.01219 secs)
2025-04-22 15:07:29,589 [DEBUG]  OP: Operation.SPLIT_ROWS on slice (1244, 3) (remaining tasks 21)
2025-04-22 15:07:29,601 [DEBUG]  		found 2 row clusters (in 0.01180 secs)
2025-04-22 15:07:29,601 [DEBUG]  OP: Operation.SPLIT_ROWS on slice (1204, 3) (remaining tasks 22)
2025-04-22 15:07:29,613 [DEBUG]  		found 2 row clusters (in 0.01177 secs)
2025-04-22 15:07:29,614 [DEBUG]  OP: Operation.SPLIT_ROWS on slice (1603, 3) (remaining tasks 23)
2025-04-22 15:07:29,626 [DEBUG]  		found 2 row clusters (in 0.01253 secs)
2025-04-22 15:07:29,626 [DEBUG]  OP: Operation.SPLIT_ROWS on slice (1257, 3) (remaining tasks 24)
2025-04-22 15:07:29,639 [DEBUG]  		found 2 row clusters (in 0.01226 secs)
2025-04-22 15:07:29,639 [DEBUG]  OP: Operation.SPLIT_ROWS on slice (1677, 3) (remaining tasks 25)
2025-04-22 15:07:29,652 [DEBUG]  		found 2 row clusters (in 0.01267 secs)
2025-04-22 15:07:29,652 [DEBUG]  OP: Operation.SPLIT_ROWS on slice (1380, 3) (remaining tasks 26)
2025-04-22 15:07:29,664 [DEBUG]  		found 2 row clusters (in 0.01202 secs)
2025-04-22 15:07:29,664 [DEBUG]  OP: Operation.SPLIT_ROWS on slice (1306, 3) (remaining tasks 27)
2025-04-22 15:07:29,676 [DEBUG]  		found 2 row clusters (in 0.01176 secs)
2025-04-22 15:07:29,676 [DEBUG]  OP: Operation.SPLIT_ROWS on slice (1275, 3) (remaining tasks 28)
2025-04-22 15:07:29,689 [DEBUG]  		found 2 row clusters (in 0.01190 secs)
2025-04-22 15:07:29,689 [DEBUG]  OP: Operation.SPLIT_ROWS on slice (882, 3) (remaining tasks 29)
2025-04-22 15:07:29,700 [DEBUG]  		found 2 row clusters (in 0.01121 secs)
2025-04-22 15:07:29,700 [DEBUG]  OP: Operation.SPLIT_ROWS on slice (991, 3) (remaining tasks 30)
2025-04-22 15:07:29,712 [DEBUG]  		found 2 row clusters (in 0.01131 secs)
2025-04-22 15:07:29,712 [DEBUG]  OP: Operation.SPLIT_COLUMNS on slice (662, 3) (remaining tasks 31)
2025-04-22 15:07:29,819 [DEBUG]  		found 1 col clusters (in 0.10677 secs)
2025-04-22 15:07:29,819 [DEBUG]  OP: Operation.SPLIT_COLUMNS on slice (680, 3) (remaining tasks 31)
2025-04-22 15:07:30,045 [DEBUG]  		found 1 col clusters (in 0.22526 secs)
2025-04-22 15:07:30,045 [DEBUG]  OP: Operation.SPLIT_COLUMNS on slice (609, 3) (remaining tasks 31)
2025-04-22 15:07:30,265 [DEBUG]  		found 1 col clusters (in 0.21933 secs)
2025-04-22 15:07:30,265 [DEBUG]  OP: Operation.SPLIT_COLUMNS on slice (505, 3) (remaining tasks 31)
2025-04-22 15:07:30,472 [DEBUG]  		found 1 col clusters (in 0.20624 secs)
2025-04-22 15:07:30,472 [DEBUG]  OP: Operation.SPLIT_COLUMNS on slice (757, 3) (remaining tasks 31)
2025-04-22 15:07:30,678 [DEBUG]  		found 1 col clusters (in 0.20587 secs)
2025-04-22 15:07:30,679 [DEBUG]  OP: Operation.SPLIT_COLUMNS on slice (746, 3) (remaining tasks 31)
2025-04-22 15:07:30,917 [DEBUG]  		found 1 col clusters (in 0.23799 secs)
2025-04-22 15:07:30,917 [DEBUG]  OP: Operation.SPLIT_COLUMNS on slice (728, 3) (remaining tasks 31)
2025-04-22 15:07:31,023 [DEBUG]  		found 1 col clusters (in 0.10590 secs)
2025-04-22 15:07:31,024 [DEBUG]  OP: Operation.SPLIT_COLUMNS on slice (548, 3) (remaining tasks 31)
2025-04-22 15:07:31,130 [DEBUG]  		found 1 col clusters (in 0.10567 secs)
2025-04-22 15:07:31,130 [DEBUG]  OP: Operation.SPLIT_COLUMNS on slice (533, 3) (remaining tasks 31)
2025-04-22 15:07:31,344 [DEBUG]  		found 1 col clusters (in 0.21346 secs)
2025-04-22 15:07:31,344 [DEBUG]  OP: Operation.SPLIT_COLUMNS on slice (661, 3) (remaining tasks 31)
2025-04-22 15:07:31,550 [DEBUG]  		found 1 col clusters (in 0.20552 secs)
2025-04-22 15:07:31,550 [DEBUG]  OP: Operation.SPLIT_COLUMNS on slice (625, 3) (remaining tasks 31)
2025-04-22 15:07:31,756 [DEBUG]  		found 1 col clusters (in 0.20591 secs)
2025-04-22 15:07:31,757 [DEBUG]  OP: Operation.SPLIT_COLUMNS on slice (647, 3) (remaining tasks 31)
2025-04-22 15:07:31,964 [DEBUG]  		found 1 col clusters (in 0.20679 secs)
2025-04-22 15:07:31,964 [DEBUG]  OP: Operation.SPLIT_COLUMNS on slice (611, 3) (remaining tasks 31)
2025-04-22 15:07:32,171 [DEBUG]  		found 1 col clusters (in 0.20665 secs)
2025-04-22 15:07:32,171 [DEBUG]  OP: Operation.SPLIT_COLUMNS on slice (633, 3) (remaining tasks 31)
2025-04-22 15:07:32,277 [DEBUG]  		found 1 col clusters (in 0.10574 secs)
2025-04-22 15:07:32,278 [DEBUG]  OP: Operation.SPLIT_COLUMNS on slice (631, 3) (remaining tasks 31)
2025-04-22 15:07:32,483 [DEBUG]  		found 1 col clusters (in 0.20553 secs)
2025-04-22 15:07:32,484 [DEBUG]  OP: Operation.SPLIT_COLUMNS on slice (573, 3) (remaining tasks 31)
2025-04-22 15:07:32,692 [DEBUG]  		found 1 col clusters (in 0.20816 secs)
2025-04-22 15:07:32,692 [DEBUG]  OP: Operation.SPLIT_COLUMNS on slice (840, 3) (remaining tasks 31)
2025-04-22 15:07:32,902 [DEBUG]  		found 2 col clusters (in 0.20966 secs)
2025-04-22 15:07:32,903 [DEBUG]  OP: Operation.SPLIT_COLUMNS on slice (763, 3) (remaining tasks 32)
2025-04-22 15:07:33,012 [DEBUG]  		found 2 col clusters (in 0.10868 secs)
2025-04-22 15:07:33,012 [DEBUG]  OP: Operation.SPLIT_COLUMNS on slice (720, 3) (remaining tasks 33)
2025-04-22 15:07:33,220 [DEBUG]  		found 2 col clusters (in 0.20753 secs)
2025-04-22 15:07:33,220 [DEBUG]  OP: Operation.SPLIT_COLUMNS on slice (537, 3) (remaining tasks 34)
2025-04-22 15:07:33,428 [DEBUG]  		found 1 col clusters (in 0.20815 secs)
2025-04-22 15:07:33,429 [DEBUG]  OP: Operation.SPLIT_COLUMNS on slice (881, 3) (remaining tasks 34)
2025-04-22 15:07:33,645 [DEBUG]  		found 2 col clusters (in 0.21670 secs)
2025-04-22 15:07:33,646 [DEBUG]  OP: Operation.SPLIT_COLUMNS on slice (796, 3) (remaining tasks 35)
2025-04-22 15:07:33,859 [DEBUG]  		found 1 col clusters (in 0.21345 secs)
2025-04-22 15:07:33,860 [DEBUG]  OP: Operation.SPLIT_COLUMNS on slice (795, 3) (remaining tasks 35)
2025-04-22 15:07:34,084 [DEBUG]  		found 2 col clusters (in 0.22407 secs)
2025-04-22 15:07:34,084 [DEBUG]  OP: Operation.SPLIT_COLUMNS on slice (585, 3) (remaining tasks 36)
2025-04-22 15:07:34,304 [DEBUG]  		found 1 col clusters (in 0.21900 secs)
2025-04-22 15:07:34,304 [DEBUG]  OP: Operation.SPLIT_COLUMNS on slice (634, 3) (remaining tasks 36)
2025-04-22 15:07:34,411 [DEBUG]  		found 2 col clusters (in 0.10648 secs)
2025-04-22 15:07:34,411 [DEBUG]  OP: Operation.SPLIT_COLUMNS on slice (672, 3) (remaining tasks 37)
2025-04-22 15:07:34,647 [DEBUG]  		found 2 col clusters (in 0.23556 secs)
2025-04-22 15:07:34,647 [DEBUG]  OP: Operation.SPLIT_COLUMNS on slice (704, 3) (remaining tasks 38)
2025-04-22 15:07:34,753 [DEBUG]  		found 2 col clusters (in 0.10538 secs)
2025-04-22 15:07:34,754 [DEBUG]  OP: Operation.SPLIT_COLUMNS on slice (571, 3) (remaining tasks 39)
2025-04-22 15:07:34,860 [DEBUG]  		found 1 col clusters (in 0.10569 secs)
2025-04-22 15:07:34,860 [DEBUG]  OP: Operation.SPLIT_COLUMNS on slice (433, 3) (remaining tasks 39)
2025-04-22 15:07:35,074 [DEBUG]  		found 1 col clusters (in 0.21347 secs)
2025-04-22 15:07:35,074 [DEBUG]  OP: Operation.SPLIT_COLUMNS on slice (449, 3) (remaining tasks 39)
2025-04-22 15:07:35,279 [DEBUG]  		found 1 col clusters (in 0.20469 secs)
2025-04-22 15:07:35,279 [DEBUG]  OP: Operation.SPLIT_COLUMNS on slice (483, 3) (remaining tasks 39)
2025-04-22 15:07:35,481 [DEBUG]  		found 1 col clusters (in 0.20229 secs)
2025-04-22 15:07:35,482 [DEBUG]  OP: Operation.SPLIT_COLUMNS on slice (508, 3) (remaining tasks 39)
2025-04-22 15:07:35,688 [DEBUG]  		found 1 col clusters (in 0.20633 secs)
2025-04-22 15:07:35,689 [DEBUG]  OP: Operation.SPLIT_ROWS on slice (662, 3) (remaining tasks 39)
2025-04-22 15:07:35,708 [DEBUG]  		found 2 row clusters (in 0.01947 secs)
2025-04-22 15:07:35,709 [DEBUG]  OP: Operation.SPLIT_ROWS on slice (680, 3) (remaining tasks 40)
2025-04-22 15:07:35,747 [DEBUG]  		found 2 row clusters (in 0.03836 secs)
2025-04-22 15:07:35,747 [DEBUG]  OP: Operation.SPLIT_ROWS on slice (609, 3) (remaining tasks 41)
2025-04-22 15:07:35,776 [DEBUG]  		found 2 row clusters (in 0.02818 secs)
2025-04-22 15:07:35,776 [DEBUG]  OP: Operation.SPLIT_ROWS on slice (505, 3) (remaining tasks 42)
2025-04-22 15:07:35,806 [DEBUG]  		found 2 row clusters (in 0.03002 secs)
2025-04-22 15:07:35,807 [DEBUG]  OP: Operation.SPLIT_ROWS on slice (757, 3) (remaining tasks 43)
2025-04-22 15:07:35,828 [DEBUG]  		found 2 row clusters (in 0.02097 secs)
2025-04-22 15:07:35,828 [DEBUG]  OP: Operation.SPLIT_ROWS on slice (746, 3) (remaining tasks 44)
2025-04-22 15:07:35,840 [DEBUG]  		found 2 row clusters (in 0.01180 secs)
2025-04-22 15:07:35,840 [DEBUG]  OP: Operation.SPLIT_ROWS on slice (728, 3) (remaining tasks 45)
2025-04-22 15:07:35,851 [DEBUG]  		found 2 row clusters (in 0.01126 secs)
2025-04-22 15:07:35,852 [DEBUG]  OP: Operation.SPLIT_ROWS on slice (548, 3) (remaining tasks 46)
2025-04-22 15:07:35,863 [DEBUG]  		found 2 row clusters (in 0.01083 secs)
2025-04-22 15:07:35,863 [DEBUG]  OP: Operation.SPLIT_ROWS on slice (533, 3) (remaining tasks 47)
2025-04-22 15:07:35,874 [DEBUG]  		found 2 row clusters (in 0.01127 secs)
2025-04-22 15:07:35,874 [DEBUG]  OP: Operation.SPLIT_ROWS on slice (661, 3) (remaining tasks 48)
2025-04-22 15:07:35,886 [DEBUG]  		found 2 row clusters (in 0.01124 secs)
2025-04-22 15:07:35,886 [DEBUG]  OP: Operation.SPLIT_ROWS on slice (625, 3) (remaining tasks 49)
2025-04-22 15:07:35,897 [DEBUG]  		found 2 row clusters (in 0.01123 secs)
2025-04-22 15:07:35,897 [DEBUG]  OP: Operation.SPLIT_ROWS on slice (647, 3) (remaining tasks 50)
2025-04-22 15:07:35,909 [DEBUG]  		found 2 row clusters (in 0.01149 secs)
2025-04-22 15:07:35,909 [DEBUG]  OP: Operation.SPLIT_ROWS on slice (611, 3) (remaining tasks 51)
2025-04-22 15:07:35,920 [DEBUG]  		found 2 row clusters (in 0.01088 secs)
2025-04-22 15:07:35,920 [DEBUG]  OP: Operation.SPLIT_ROWS on slice (633, 3) (remaining tasks 52)
2025-04-22 15:07:35,931 [DEBUG]  		found 2 row clusters (in 0.01090 secs)
2025-04-22 15:07:35,932 [DEBUG]  OP: Operation.SPLIT_ROWS on slice (631, 3) (remaining tasks 53)
2025-04-22 15:07:35,942 [DEBUG]  		found 2 row clusters (in 0.01085 secs)
2025-04-22 15:07:35,943 [DEBUG]  OP: Operation.SPLIT_ROWS on slice (573, 3) (remaining tasks 54)
2025-04-22 15:07:35,954 [DEBUG]  		found 2 row clusters (in 0.01077 secs)
2025-04-22 15:07:35,954 [DEBUG]  OP: Operation.CREATE_LEAF on slice (840, 1) (remaining tasks 55)
2025-04-22 15:07:35,954 [DEBUG]  		 created leaf IdentityNumericLeaf for scope=[0] (in 0.00023 secs)
2025-04-22 15:07:35,954 [DEBUG]  OP: Operation.SPLIT_COLUMNS on slice (840, 2) (remaining tasks 54)
2025-04-22 15:07:36,061 [DEBUG]  		found 1 col clusters (in 0.10666 secs)
2025-04-22 15:07:36,061 [DEBUG]  OP: Operation.CREATE_LEAF on slice (763, 1) (remaining tasks 54)
2025-04-22 15:07:36,061 [DEBUG]  		 created leaf IdentityNumericLeaf for scope=[0] (in 0.00029 secs)
2025-04-22 15:07:36,062 [DEBUG]  OP: Operation.SPLIT_COLUMNS on slice (763, 2) (remaining tasks 53)
2025-04-22 15:07:36,168 [DEBUG]  		found 1 col clusters (in 0.10583 secs)
2025-04-22 15:07:36,168 [DEBUG]  OP: Operation.CREATE_LEAF on slice (720, 1) (remaining tasks 53)
2025-04-22 15:07:36,168 [DEBUG]  		 created leaf IdentityNumericLeaf for scope=[0] (in 0.00029 secs)
2025-04-22 15:07:36,168 [DEBUG]  OP: Operation.SPLIT_COLUMNS on slice (720, 2) (remaining tasks 52)
2025-04-22 15:07:36,273 [DEBUG]  		found 1 col clusters (in 0.10476 secs)
2025-04-22 15:07:36,274 [DEBUG]  OP: Operation.SPLIT_ROWS on slice (537, 3) (remaining tasks 52)
2025-04-22 15:07:36,288 [DEBUG]  		found 2 row clusters (in 0.01477 secs)
2025-04-22 15:07:36,289 [DEBUG]  OP: Operation.CREATE_LEAF on slice (881, 1) (remaining tasks 53)
2025-04-22 15:07:36,289 [DEBUG]  		 created leaf IdentityNumericLeaf for scope=[0] (in 0.00029 secs)
2025-04-22 15:07:36,289 [DEBUG]  OP: Operation.SPLIT_COLUMNS on slice (881, 2) (remaining tasks 52)
2025-04-22 15:07:36,395 [DEBUG]  		found 1 col clusters (in 0.10582 secs)
2025-04-22 15:07:36,395 [DEBUG]  OP: Operation.SPLIT_ROWS on slice (796, 3) (remaining tasks 52)
2025-04-22 15:07:36,411 [DEBUG]  		found 2 row clusters (in 0.01555 secs)
2025-04-22 15:07:36,411 [DEBUG]  OP: Operation.CREATE_LEAF on slice (795, 1) (remaining tasks 53)
2025-04-22 15:07:36,412 [DEBUG]  		 created leaf IdentityNumericLeaf for scope=[0] (in 0.00028 secs)
2025-04-22 15:07:36,412 [DEBUG]  OP: Operation.SPLIT_COLUMNS on slice (795, 2) (remaining tasks 52)
2025-04-22 15:07:36,517 [DEBUG]  		found 1 col clusters (in 0.10498 secs)
2025-04-22 15:07:36,517 [DEBUG]  OP: Operation.SPLIT_ROWS on slice (585, 3) (remaining tasks 52)
2025-04-22 15:07:36,532 [DEBUG]  		found 2 row clusters (in 0.01480 secs)
2025-04-22 15:07:36,532 [DEBUG]  OP: Operation.CREATE_LEAF on slice (634, 1) (remaining tasks 53)
2025-04-22 15:07:36,533 [DEBUG]  		 created leaf IdentityNumericLeaf for scope=[0] (in 0.00028 secs)
2025-04-22 15:07:36,533 [DEBUG]  OP: Operation.SPLIT_COLUMNS on slice (634, 2) (remaining tasks 52)
2025-04-22 15:07:36,639 [DEBUG]  		found 1 col clusters (in 0.10554 secs)
2025-04-22 15:07:36,639 [DEBUG]  OP: Operation.CREATE_LEAF on slice (672, 1) (remaining tasks 52)
2025-04-22 15:07:36,639 [DEBUG]  		 created leaf IdentityNumericLeaf for scope=[0] (in 0.00028 secs)
2025-04-22 15:07:36,639 [DEBUG]  OP: Operation.SPLIT_COLUMNS on slice (672, 2) (remaining tasks 51)
2025-04-22 15:07:36,745 [DEBUG]  		found 1 col clusters (in 0.10557 secs)
2025-04-22 15:07:36,745 [DEBUG]  OP: Operation.CREATE_LEAF on slice (704, 1) (remaining tasks 51)
2025-04-22 15:07:36,746 [DEBUG]  		 created leaf IdentityNumericLeaf for scope=[0] (in 0.00028 secs)
2025-04-22 15:07:36,746 [DEBUG]  OP: Operation.SPLIT_COLUMNS on slice (704, 2) (remaining tasks 50)
2025-04-22 15:07:36,851 [DEBUG]  		found 1 col clusters (in 0.10465 secs)
2025-04-22 15:07:36,851 [DEBUG]  OP: Operation.SPLIT_ROWS on slice (571, 3) (remaining tasks 50)
2025-04-22 15:07:36,866 [DEBUG]  		found 2 row clusters (in 0.01498 secs)
2025-04-22 15:07:36,866 [DEBUG]  OP: Operation.SPLIT_ROWS on slice (433, 3) (remaining tasks 51)
2025-04-22 15:07:36,881 [DEBUG]  		found 2 row clusters (in 0.01445 secs)
2025-04-22 15:07:36,881 [DEBUG]  OP: Operation.SPLIT_ROWS on slice (449, 3) (remaining tasks 52)
2025-04-22 15:07:36,896 [DEBUG]  		found 2 row clusters (in 0.01420 secs)
2025-04-22 15:07:36,896 [DEBUG]  OP: Operation.SPLIT_ROWS on slice (483, 3) (remaining tasks 53)
2025-04-22 15:07:36,911 [DEBUG]  		found 2 row clusters (in 0.01476 secs)
2025-04-22 15:07:36,911 [DEBUG]  OP: Operation.SPLIT_ROWS on slice (508, 3) (remaining tasks 54)
2025-04-22 15:07:36,926 [DEBUG]  		found 2 row clusters (in 0.01473 secs)
2025-04-22 15:07:36,926 [DEBUG]  OP: Operation.SPLIT_COLUMNS on slice (327, 3) (remaining tasks 55)
2025-04-22 15:07:37,032 [DEBUG]  		found 1 col clusters (in 0.10535 secs)
2025-04-22 15:07:37,032 [DEBUG]  OP: Operation.SPLIT_COLUMNS on slice (335, 3) (remaining tasks 55)
2025-04-22 15:07:37,246 [DEBUG]  		found 1 col clusters (in 0.21347 secs)
2025-04-22 15:07:37,246 [DEBUG]  OP: Operation.SPLIT_COLUMNS on slice (350, 3) (remaining tasks 55)
2025-04-22 15:07:37,451 [DEBUG]  		found 1 col clusters (in 0.20549 secs)
2025-04-22 15:07:37,452 [DEBUG]  OP: Operation.SPLIT_COLUMNS on slice (330, 3) (remaining tasks 55)
2025-04-22 15:07:37,654 [DEBUG]  		found 1 col clusters (in 0.20253 secs)
2025-04-22 15:07:37,655 [DEBUG]  OP: Operation.SPLIT_COLUMNS on slice (298, 3) (remaining tasks 55)
2025-04-22 15:07:37,883 [DEBUG]  		found 1 col clusters (in 0.22776 secs)
2025-04-22 15:07:37,883 [DEBUG]  OP: Operation.SPLIT_COLUMNS on slice (311, 3) (remaining tasks 55)
2025-04-22 15:07:38,089 [DEBUG]  		found 1 col clusters (in 0.20551 secs)
2025-04-22 15:07:38,089 [DEBUG]  OP: Operation.SPLIT_COLUMNS on slice (250, 3) (remaining tasks 55)
2025-04-22 15:07:38,300 [DEBUG]  		found 1 col clusters (in 0.21141 secs)
2025-04-22 15:07:38,301 [DEBUG]  OP: Operation.SPLIT_COLUMNS on slice (255, 3) (remaining tasks 55)
2025-04-22 15:07:38,406 [DEBUG]  		found 1 col clusters (in 0.10493 secs)
2025-04-22 15:07:38,406 [DEBUG]  OP: Operation.SPLIT_COLUMNS on slice (373, 3) (remaining tasks 55)
2025-04-22 15:07:38,511 [DEBUG]  		found 1 col clusters (in 0.10513 secs)
2025-04-22 15:07:38,512 [DEBUG]  OP: Operation.SPLIT_COLUMNS on slice (384, 3) (remaining tasks 55)
2025-04-22 15:07:38,725 [DEBUG]  		found 1 col clusters (in 0.21276 secs)
2025-04-22 15:07:38,725 [DEBUG]  OP: Operation.SPLIT_COLUMNS on slice (347, 3) (remaining tasks 55)
2025-04-22 15:07:38,930 [DEBUG]  		found 1 col clusters (in 0.20433 secs)
2025-04-22 15:07:38,930 [DEBUG]  OP: Operation.SPLIT_COLUMNS on slice (399, 3) (remaining tasks 55)
2025-04-22 15:07:39,135 [DEBUG]  		found 1 col clusters (in 0.20460 secs)
2025-04-22 15:07:39,135 [DEBUG]  OP: Operation.SPLIT_COLUMNS on slice (363, 3) (remaining tasks 55)
2025-04-22 15:07:39,240 [DEBUG]  		found 1 col clusters (in 0.10502 secs)
2025-04-22 15:07:39,241 [DEBUG]  OP: Operation.SPLIT_COLUMNS on slice (365, 3) (remaining tasks 55)
2025-04-22 15:07:39,444 [DEBUG]  		found 1 col clusters (in 0.20330 secs)
2025-04-22 15:07:39,445 [DEBUG]  OP: Operation.SPLIT_COLUMNS on slice (270, 3) (remaining tasks 55)
2025-04-22 15:07:39,648 [DEBUG]  		found 1 col clusters (in 0.20363 secs)
2025-04-22 15:07:39,649 [DEBUG]  OP: Operation.SPLIT_COLUMNS on slice (278, 3) (remaining tasks 55)
2025-04-22 15:07:39,853 [DEBUG]  		found 1 col clusters (in 0.20380 secs)
2025-04-22 15:07:39,853 [DEBUG]  OP: Operation.SPLIT_COLUMNS on slice (252, 3) (remaining tasks 55)
2025-04-22 15:07:39,959 [DEBUG]  		found 1 col clusters (in 0.10503 secs)
2025-04-22 15:07:39,959 [DEBUG]  OP: Operation.SPLIT_COLUMNS on slice (281, 3) (remaining tasks 55)
2025-04-22 15:07:40,162 [DEBUG]  		found 1 col clusters (in 0.20336 secs)
2025-04-22 15:07:40,163 [DEBUG]  OP: Operation.SPLIT_COLUMNS on slice (320, 3) (remaining tasks 55)
2025-04-22 15:07:40,268 [DEBUG]  		found 1 col clusters (in 0.10502 secs)
2025-04-22 15:07:40,269 [DEBUG]  OP: Operation.SPLIT_COLUMNS on slice (341, 3) (remaining tasks 55)
2025-04-22 15:07:40,471 [DEBUG]  		found 1 col clusters (in 0.20268 secs)
2025-04-22 15:07:40,472 [DEBUG]  OP: Operation.SPLIT_COLUMNS on slice (296, 3) (remaining tasks 55)
2025-04-22 15:07:40,580 [DEBUG]  		found 1 col clusters (in 0.10780 secs)
2025-04-22 15:07:40,580 [DEBUG]  OP: Operation.SPLIT_COLUMNS on slice (329, 3) (remaining tasks 55)
2025-04-22 15:07:40,784 [DEBUG]  		found 1 col clusters (in 0.20348 secs)
2025-04-22 15:07:40,784 [DEBUG]  OP: Operation.SPLIT_COLUMNS on slice (328, 3) (remaining tasks 55)
2025-04-22 15:07:40,889 [DEBUG]  		found 1 col clusters (in 0.10513 secs)
2025-04-22 15:07:40,890 [DEBUG]  OP: Operation.SPLIT_COLUMNS on slice (319, 3) (remaining tasks 55)
2025-04-22 15:07:41,093 [DEBUG]  		found 1 col clusters (in 0.20360 secs)
2025-04-22 15:07:41,094 [DEBUG]  OP: Operation.SPLIT_COLUMNS on slice (287, 3) (remaining tasks 55)
2025-04-22 15:07:41,298 [DEBUG]  		found 1 col clusters (in 0.20393 secs)
2025-04-22 15:07:41,298 [DEBUG]  OP: Operation.SPLIT_COLUMNS on slice (324, 3) (remaining tasks 55)
2025-04-22 15:07:41,511 [DEBUG]  		found 1 col clusters (in 0.21235 secs)
2025-04-22 15:07:41,511 [DEBUG]  OP: Operation.SPLIT_COLUMNS on slice (318, 3) (remaining tasks 55)
2025-04-22 15:07:41,617 [DEBUG]  		found 1 col clusters (in 0.10511 secs)
2025-04-22 15:07:41,617 [DEBUG]  OP: Operation.SPLIT_COLUMNS on slice (315, 3) (remaining tasks 55)
2025-04-22 15:07:41,820 [DEBUG]  		found 1 col clusters (in 0.20273 secs)
2025-04-22 15:07:41,821 [DEBUG]  OP: Operation.SPLIT_COLUMNS on slice (304, 3) (remaining tasks 55)
2025-04-22 15:07:42,024 [DEBUG]  		found 1 col clusters (in 0.20335 secs)
2025-04-22 15:07:42,025 [DEBUG]  OP: Operation.SPLIT_COLUMNS on slice (327, 3) (remaining tasks 55)
2025-04-22 15:07:42,130 [DEBUG]  		found 1 col clusters (in 0.10503 secs)
2025-04-22 15:07:42,130 [DEBUG]  OP: Operation.SPLIT_COLUMNS on slice (253, 3) (remaining tasks 55)
2025-04-22 15:07:42,334 [DEBUG]  		found 1 col clusters (in 0.20313 secs)
2025-04-22 15:07:42,334 [DEBUG]  OP: Operation.SPLIT_COLUMNS on slice (320, 3) (remaining tasks 55)
2025-04-22 15:07:42,522 [DEBUG]  		found 1 col clusters (in 0.18736 secs)
2025-04-22 15:07:42,522 [DEBUG]  OP: Operation.SPLIT_ROWS on slice (840, 2) (remaining tasks 55)
2025-04-22 15:07:42,618 [DEBUG]  		found 2 row clusters (in 0.09648 secs)
2025-04-22 15:07:42,619 [DEBUG]  OP: Operation.SPLIT_ROWS on slice (763, 2) (remaining tasks 56)
2025-04-22 15:07:42,671 [DEBUG]  		found 2 row clusters (in 0.05236 secs)
2025-04-22 15:07:42,672 [DEBUG]  OP: Operation.SPLIT_ROWS on slice (720, 2) (remaining tasks 57)
2025-04-22 15:07:42,708 [DEBUG]  		found 2 row clusters (in 0.03668 secs)
2025-04-22 15:07:42,709 [DEBUG]  OP: Operation.REMOVE_UNINFORMATIVE_FEATURES on slice (260, 3) (remaining tasks 58)
2025-04-22 15:07:42,709 [DEBUG]  OP: Operation.REMOVE_UNINFORMATIVE_FEATURES on slice (277, 3) (remaining tasks 59)
2025-04-22 15:07:42,709 [DEBUG]  OP: Operation.SPLIT_ROWS on slice (881, 2) (remaining tasks 60)
2025-04-22 15:07:42,742 [DEBUG]  		found 2 row clusters (in 0.03303 secs)
2025-04-22 15:07:42,742 [DEBUG]  OP: Operation.REMOVE_UNINFORMATIVE_FEATURES on slice (396, 3) (remaining tasks 61)
2025-04-22 15:07:42,742 [DEBUG]  OP: Operation.REMOVE_UNINFORMATIVE_FEATURES on slice (400, 3) (remaining tasks 62)
2025-04-22 15:07:42,743 [DEBUG]  OP: Operation.SPLIT_ROWS on slice (795, 2) (remaining tasks 63)
2025-04-22 15:07:42,775 [DEBUG]  		found 2 row clusters (in 0.03209 secs)
2025-04-22 15:07:42,775 [DEBUG]  OP: Operation.REMOVE_UNINFORMATIVE_FEATURES on slice (276, 3) (remaining tasks 64)
2025-04-22 15:07:42,775 [DEBUG]  OP: Operation.REMOVE_UNINFORMATIVE_FEATURES on slice (309, 3) (remaining tasks 65)
2025-04-22 15:07:42,775 [DEBUG]  OP: Operation.SPLIT_ROWS on slice (634, 2) (remaining tasks 66)
2025-04-22 15:07:42,807 [DEBUG]  		found 2 row clusters (in 0.03133 secs)
2025-04-22 15:07:42,807 [DEBUG]  OP: Operation.SPLIT_ROWS on slice (672, 2) (remaining tasks 67)
2025-04-22 15:07:42,826 [DEBUG]  		found 2 row clusters (in 0.01934 secs)
2025-04-22 15:07:42,826 [DEBUG]  OP: Operation.SPLIT_ROWS on slice (704, 2) (remaining tasks 68)
2025-04-22 15:07:42,849 [DEBUG]  		found 2 row clusters (in 0.02253 secs)
2025-04-22 15:07:42,849 [DEBUG]  OP: Operation.REMOVE_UNINFORMATIVE_FEATURES on slice (239, 3) (remaining tasks 69)
2025-04-22 15:07:42,849 [DEBUG]  OP: Operation.REMOVE_UNINFORMATIVE_FEATURES on slice (332, 3) (remaining tasks 70)
2025-04-22 15:07:42,850 [DEBUG]  OP: Operation.REMOVE_UNINFORMATIVE_FEATURES on slice (227, 3) (remaining tasks 71)
2025-04-22 15:07:42,850 [DEBUG]  OP: Operation.REMOVE_UNINFORMATIVE_FEATURES on slice (206, 3) (remaining tasks 72)
2025-04-22 15:07:42,850 [DEBUG]  OP: Operation.REMOVE_UNINFORMATIVE_FEATURES on slice (218, 3) (remaining tasks 73)
2025-04-22 15:07:42,850 [DEBUG]  OP: Operation.REMOVE_UNINFORMATIVE_FEATURES on slice (231, 3) (remaining tasks 74)
2025-04-22 15:07:42,850 [DEBUG]  OP: Operation.REMOVE_UNINFORMATIVE_FEATURES on slice (249, 3) (remaining tasks 75)
2025-04-22 15:07:42,850 [DEBUG]  OP: Operation.REMOVE_UNINFORMATIVE_FEATURES on slice (234, 3) (remaining tasks 76)
2025-04-22 15:07:42,851 [DEBUG]  OP: Operation.REMOVE_UNINFORMATIVE_FEATURES on slice (262, 3) (remaining tasks 77)
2025-04-22 15:07:42,851 [DEBUG]  OP: Operation.REMOVE_UNINFORMATIVE_FEATURES on slice (246, 3) (remaining tasks 78)
2025-04-22 15:07:42,851 [DEBUG]  OP: Operation.SPLIT_ROWS on slice (327, 3) (remaining tasks 79)
2025-04-22 15:07:42,860 [DEBUG]  		found 2 row clusters (in 0.00886 secs)
2025-04-22 15:07:42,860 [DEBUG]  OP: Operation.SPLIT_ROWS on slice (335, 3) (remaining tasks 80)
2025-04-22 15:07:42,869 [DEBUG]  		found 2 row clusters (in 0.00885 secs)
2025-04-22 15:07:42,869 [DEBUG]  OP: Operation.SPLIT_ROWS on slice (350, 3) (remaining tasks 81)
2025-04-22 15:07:42,878 [DEBUG]  		found 2 row clusters (in 0.00889 secs)
2025-04-22 15:07:42,878 [DEBUG]  OP: Operation.SPLIT_ROWS on slice (330, 3) (remaining tasks 82)
2025-04-22 15:07:42,887 [DEBUG]  		found 2 row clusters (in 0.00881 secs)
2025-04-22 15:07:42,887 [DEBUG]  OP: Operation.SPLIT_ROWS on slice (298, 3) (remaining tasks 83)
2025-04-22 15:07:42,896 [DEBUG]  		found 2 row clusters (in 0.00886 secs)
2025-04-22 15:07:42,897 [DEBUG]  OP: Operation.SPLIT_ROWS on slice (311, 3) (remaining tasks 84)
2025-04-22 15:07:42,906 [DEBUG]  		found 2 row clusters (in 0.00892 secs)
2025-04-22 15:07:42,906 [DEBUG]  OP: Operation.SPLIT_ROWS on slice (250, 3) (remaining tasks 85)
2025-04-22 15:07:42,915 [DEBUG]  		found 2 row clusters (in 0.00896 secs)
2025-04-22 15:07:42,915 [DEBUG]  OP: Operation.SPLIT_ROWS on slice (255, 3) (remaining tasks 86)
2025-04-22 15:07:42,924 [DEBUG]  		found 2 row clusters (in 0.00881 secs)
2025-04-22 15:07:42,924 [DEBUG]  OP: Operation.SPLIT_ROWS on slice (373, 3) (remaining tasks 87)
2025-04-22 15:07:42,933 [DEBUG]  		found 2 row clusters (in 0.00903 secs)
2025-04-22 15:07:42,933 [DEBUG]  OP: Operation.SPLIT_ROWS on slice (384, 3) (remaining tasks 88)
2025-04-22 15:07:42,943 [DEBUG]  		found 2 row clusters (in 0.00909 secs)
2025-04-22 15:07:42,943 [DEBUG]  OP: Operation.SPLIT_ROWS on slice (347, 3) (remaining tasks 89)
2025-04-22 15:07:42,952 [DEBUG]  		found 2 row clusters (in 0.00919 secs)
2025-04-22 15:07:42,952 [DEBUG]  OP: Operation.SPLIT_ROWS on slice (399, 3) (remaining tasks 90)
2025-04-22 15:07:42,961 [DEBUG]  		found 2 row clusters (in 0.00902 secs)
2025-04-22 15:07:42,962 [DEBUG]  OP: Operation.SPLIT_ROWS on slice (363, 3) (remaining tasks 91)
2025-04-22 15:07:42,971 [DEBUG]  		found 2 row clusters (in 0.00893 secs)
2025-04-22 15:07:42,971 [DEBUG]  OP: Operation.SPLIT_ROWS on slice (365, 3) (remaining tasks 92)
2025-04-22 15:07:42,980 [DEBUG]  		found 2 row clusters (in 0.00893 secs)
2025-04-22 15:07:42,980 [DEBUG]  OP: Operation.SPLIT_ROWS on slice (270, 3) (remaining tasks 93)
2025-04-22 15:07:42,989 [DEBUG]  		found 2 row clusters (in 0.00882 secs)
2025-04-22 15:07:42,989 [DEBUG]  OP: Operation.SPLIT_ROWS on slice (278, 3) (remaining tasks 94)
2025-04-22 15:07:42,998 [DEBUG]  		found 2 row clusters (in 0.00883 secs)
2025-04-22 15:07:42,998 [DEBUG]  OP: Operation.SPLIT_ROWS on slice (252, 3) (remaining tasks 95)
2025-04-22 15:07:43,009 [DEBUG]  		found 2 row clusters (in 0.01050 secs)
2025-04-22 15:07:43,009 [DEBUG]  OP: Operation.SPLIT_ROWS on slice (281, 3) (remaining tasks 96)
2025-04-22 15:07:43,020 [DEBUG]  		found 2 row clusters (in 0.01106 secs)
2025-04-22 15:07:43,020 [DEBUG]  OP: Operation.SPLIT_ROWS on slice (320, 3) (remaining tasks 97)
2025-04-22 15:07:43,031 [DEBUG]  		found 2 row clusters (in 0.01081 secs)
2025-04-22 15:07:43,031 [DEBUG]  OP: Operation.SPLIT_ROWS on slice (341, 3) (remaining tasks 98)
2025-04-22 15:07:43,042 [DEBUG]  		found 2 row clusters (in 0.01084 secs)
2025-04-22 15:07:43,042 [DEBUG]  OP: Operation.SPLIT_ROWS on slice (296, 3) (remaining tasks 99)
2025-04-22 15:07:43,054 [DEBUG]  		found 2 row clusters (in 0.01167 secs)
2025-04-22 15:07:43,054 [DEBUG]  OP: Operation.SPLIT_ROWS on slice (329, 3) (remaining tasks 100)
2025-04-22 15:07:43,067 [DEBUG]  		found 2 row clusters (in 0.01202 secs)
2025-04-22 15:07:43,067 [DEBUG]  OP: Operation.SPLIT_ROWS on slice (328, 3) (remaining tasks 101)
2025-04-22 15:07:43,079 [DEBUG]  		found 2 row clusters (in 0.01194 secs)
2025-04-22 15:07:43,079 [DEBUG]  OP: Operation.SPLIT_ROWS on slice (319, 3) (remaining tasks 102)
2025-04-22 15:07:43,091 [DEBUG]  		found 2 row clusters (in 0.01199 secs)
2025-04-22 15:07:43,091 [DEBUG]  OP: Operation.SPLIT_ROWS on slice (287, 3) (remaining tasks 103)
2025-04-22 15:07:43,103 [DEBUG]  		found 2 row clusters (in 0.01189 secs)
2025-04-22 15:07:43,103 [DEBUG]  OP: Operation.SPLIT_ROWS on slice (324, 3) (remaining tasks 104)
2025-04-22 15:07:43,116 [DEBUG]  		found 2 row clusters (in 0.01215 secs)
2025-04-22 15:07:43,116 [DEBUG]  OP: Operation.SPLIT_ROWS on slice (318, 3) (remaining tasks 105)
2025-04-22 15:07:43,128 [DEBUG]  		found 2 row clusters (in 0.01198 secs)
2025-04-22 15:07:43,128 [DEBUG]  OP: Operation.SPLIT_ROWS on slice (315, 3) (remaining tasks 106)
2025-04-22 15:07:43,140 [DEBUG]  		found 2 row clusters (in 0.01205 secs)
2025-04-22 15:07:43,141 [DEBUG]  OP: Operation.SPLIT_ROWS on slice (304, 3) (remaining tasks 107)
2025-04-22 15:07:43,152 [DEBUG]  		found 2 row clusters (in 0.01165 secs)
2025-04-22 15:07:43,152 [DEBUG]  OP: Operation.SPLIT_ROWS on slice (327, 3) (remaining tasks 108)
2025-04-22 15:07:43,163 [DEBUG]  		found 2 row clusters (in 0.01052 secs)
2025-04-22 15:07:43,163 [DEBUG]  OP: Operation.SPLIT_ROWS on slice (253, 3) (remaining tasks 109)
2025-04-22 15:07:43,174 [DEBUG]  		found 2 row clusters (in 0.01023 secs)
2025-04-22 15:07:43,174 [DEBUG]  OP: Operation.SPLIT_ROWS on slice (320, 3) (remaining tasks 110)
2025-04-22 15:07:43,184 [DEBUG]  		found 2 row clusters (in 0.01051 secs)
2025-04-22 15:07:43,185 [DEBUG]  OP: Operation.SPLIT_COLUMNS on slice (443, 2) (remaining tasks 111)
2025-04-22 15:07:43,292 [DEBUG]  		found 1 col clusters (in 0.10699 secs)
2025-04-22 15:07:43,292 [DEBUG]  OP: Operation.SPLIT_COLUMNS on slice (397, 2) (remaining tasks 111)
2025-04-22 15:07:43,396 [DEBUG]  		found 1 col clusters (in 0.10421 secs)
2025-04-22 15:07:43,396 [DEBUG]  OP: Operation.SPLIT_COLUMNS on slice (567, 2) (remaining tasks 111)
2025-04-22 15:07:43,501 [DEBUG]  		found 1 col clusters (in 0.10482 secs)
2025-04-22 15:07:43,502 [DEBUG]  OP: Operation.NAIVE_FACTORIZATION on slice (196, 2) (remaining tasks 111)
2025-04-22 15:07:43,506 [DEBUG]  		naive factorization 2 columns (in 0.00379 secs)
2025-04-22 15:07:43,506 [DEBUG]  OP: Operation.SPLIT_COLUMNS on slice (283, 2) (remaining tasks 110)
2025-04-22 15:07:43,611 [DEBUG]  		found 1 col clusters (in 0.10483 secs)
2025-04-22 15:07:43,611 [DEBUG]  OP: Operation.SPLIT_COLUMNS on slice (437, 2) (remaining tasks 110)
2025-04-22 15:07:43,716 [DEBUG]  		found 1 col clusters (in 0.10520 secs)
2025-04-22 15:07:43,717 [DEBUG]  OP: Operation.CREATE_LEAF on slice (260, 1) (remaining tasks 110)
2025-04-22 15:07:43,717 [DEBUG]  		 created leaf IdentityNumericLeaf for scope=[0] (in 0.00036 secs)
2025-04-22 15:07:43,717 [DEBUG]  OP: Operation.SPLIT_COLUMNS on slice (260, 2) (remaining tasks 109)
2025-04-22 15:07:43,823 [DEBUG]  		found 1 col clusters (in 0.10531 secs)
2025-04-22 15:07:43,823 [DEBUG]  OP: Operation.CREATE_LEAF on slice (277, 1) (remaining tasks 109)
2025-04-22 15:07:43,823 [DEBUG]  		 created leaf IdentityNumericLeaf for scope=[0] (in 0.00026 secs)
2025-04-22 15:07:43,824 [DEBUG]  OP: Operation.SPLIT_COLUMNS on slice (277, 2) (remaining tasks 108)
2025-04-22 15:07:43,929 [DEBUG]  		found 1 col clusters (in 0.10498 secs)
2025-04-22 15:07:43,929 [DEBUG]  OP: Operation.SPLIT_COLUMNS on slice (463, 2) (remaining tasks 108)
2025-04-22 15:07:44,034 [DEBUG]  		found 1 col clusters (in 0.10475 secs)
2025-04-22 15:07:44,034 [DEBUG]  OP: Operation.SPLIT_COLUMNS on slice (418, 2) (remaining tasks 108)
2025-04-22 15:07:44,139 [DEBUG]  		found 1 col clusters (in 0.10469 secs)
2025-04-22 15:07:44,139 [DEBUG]  OP: Operation.CREATE_LEAF on slice (396, 1) (remaining tasks 108)
2025-04-22 15:07:44,139 [DEBUG]  		 created leaf IdentityNumericLeaf for scope=[0] (in 0.00027 secs)
2025-04-22 15:07:44,140 [DEBUG]  OP: Operation.SPLIT_COLUMNS on slice (396, 2) (remaining tasks 107)
2025-04-22 15:07:44,245 [DEBUG]  		found 1 col clusters (in 0.10498 secs)
2025-04-22 15:07:44,245 [DEBUG]  OP: Operation.CREATE_LEAF on slice (400, 1) (remaining tasks 107)
2025-04-22 15:07:44,245 [DEBUG]  		 created leaf IdentityNumericLeaf for scope=[0] (in 0.00026 secs)
2025-04-22 15:07:44,245 [DEBUG]  OP: Operation.SPLIT_COLUMNS on slice (400, 2) (remaining tasks 106)
2025-04-22 15:07:44,350 [DEBUG]  		found 1 col clusters (in 0.10458 secs)
2025-04-22 15:07:44,350 [DEBUG]  OP: Operation.SPLIT_COLUMNS on slice (354, 2) (remaining tasks 106)
2025-04-22 15:07:44,455 [DEBUG]  		found 1 col clusters (in 0.10473 secs)
2025-04-22 15:07:44,456 [DEBUG]  OP: Operation.SPLIT_COLUMNS on slice (441, 2) (remaining tasks 106)
2025-04-22 15:07:44,561 [DEBUG]  		found 1 col clusters (in 0.10498 secs)
2025-04-22 15:07:44,561 [DEBUG]  OP: Operation.CREATE_LEAF on slice (276, 1) (remaining tasks 106)
2025-04-22 15:07:44,561 [DEBUG]  		 created leaf IdentityNumericLeaf for scope=[0] (in 0.00026 secs)
2025-04-22 15:07:44,561 [DEBUG]  OP: Operation.SPLIT_COLUMNS on slice (276, 2) (remaining tasks 105)
2025-04-22 15:07:44,666 [DEBUG]  		found 1 col clusters (in 0.10448 secs)
2025-04-22 15:07:44,666 [DEBUG]  OP: Operation.CREATE_LEAF on slice (309, 1) (remaining tasks 105)
2025-04-22 15:07:44,666 [DEBUG]  		 created leaf IdentityNumericLeaf for scope=[0] (in 0.00026 secs)
2025-04-22 15:07:44,667 [DEBUG]  OP: Operation.SPLIT_COLUMNS on slice (309, 2) (remaining tasks 104)
2025-04-22 15:07:44,772 [DEBUG]  		found 1 col clusters (in 0.10496 secs)
2025-04-22 15:07:44,772 [DEBUG]  OP: Operation.SPLIT_COLUMNS on slice (404, 2) (remaining tasks 104)
2025-04-22 15:07:44,877 [DEBUG]  		found 1 col clusters (in 0.10480 secs)
2025-04-22 15:07:44,877 [DEBUG]  OP: Operation.SPLIT_COLUMNS on slice (230, 2) (remaining tasks 104)
2025-04-22 15:07:44,982 [DEBUG]  		found 1 col clusters (in 0.10459 secs)
2025-04-22 15:07:44,982 [DEBUG]  OP: Operation.NAIVE_FACTORIZATION on slice (188, 2) (remaining tasks 104)
2025-04-22 15:07:44,986 [DEBUG]  		naive factorization 2 columns (in 0.00399 secs)
2025-04-22 15:07:44,987 [DEBUG]  OP: Operation.SPLIT_COLUMNS on slice (484, 2) (remaining tasks 103)
2025-04-22 15:07:45,092 [DEBUG]  		found 1 col clusters (in 0.10501 secs)
2025-04-22 15:07:45,092 [DEBUG]  OP: Operation.NAIVE_FACTORIZATION on slice (205, 2) (remaining tasks 103)
2025-04-22 15:07:45,096 [DEBUG]  		naive factorization 2 columns (in 0.00394 secs)
2025-04-22 15:07:45,096 [DEBUG]  OP: Operation.SPLIT_COLUMNS on slice (499, 2) (remaining tasks 102)
2025-04-22 15:07:45,201 [DEBUG]  		found 1 col clusters (in 0.10478 secs)
2025-04-22 15:07:45,201 [DEBUG]  OP: Operation.CREATE_LEAF on slice (239, 1) (remaining tasks 102)
2025-04-22 15:07:45,202 [DEBUG]  		 created leaf IdentityNumericLeaf for scope=[0] (in 0.00026 secs)
2025-04-22 15:07:45,202 [DEBUG]  OP: Operation.SPLIT_COLUMNS on slice (239, 2) (remaining tasks 101)
2025-04-22 15:07:45,307 [DEBUG]  		found 1 col clusters (in 0.10482 secs)
2025-04-22 15:07:45,307 [DEBUG]  OP: Operation.CREATE_LEAF on slice (332, 1) (remaining tasks 101)
2025-04-22 15:07:45,307 [DEBUG]  		 created leaf IdentityNumericLeaf for scope=[0] (in 0.00026 secs)
2025-04-22 15:07:45,308 [DEBUG]  OP: Operation.SPLIT_COLUMNS on slice (332, 2) (remaining tasks 100)
2025-04-22 15:07:45,413 [DEBUG]  		found 1 col clusters (in 0.10496 secs)
2025-04-22 15:07:45,413 [DEBUG]  OP: Operation.CREATE_LEAF on slice (227, 1) (remaining tasks 100)
2025-04-22 15:07:45,413 [DEBUG]  		 created leaf IdentityNumericLeaf for scope=[0] (in 0.00027 secs)
2025-04-22 15:07:45,413 [DEBUG]  OP: Operation.SPLIT_COLUMNS on slice (227, 2) (remaining tasks 99)
2025-04-22 15:07:45,518 [DEBUG]  		found 1 col clusters (in 0.10455 secs)
2025-04-22 15:07:45,518 [DEBUG]  OP: Operation.CREATE_LEAF on slice (206, 1) (remaining tasks 99)
2025-04-22 15:07:45,519 [DEBUG]  		 created leaf IdentityNumericLeaf for scope=[0] (in 0.00026 secs)
2025-04-22 15:07:45,519 [DEBUG]  OP: Operation.SPLIT_COLUMNS on slice (206, 2) (remaining tasks 98)
2025-04-22 15:07:45,624 [DEBUG]  		found 1 col clusters (in 0.10485 secs)
2025-04-22 15:07:45,624 [DEBUG]  OP: Operation.CREATE_LEAF on slice (218, 1) (remaining tasks 98)
2025-04-22 15:07:45,624 [DEBUG]  		 created leaf IdentityNumericLeaf for scope=[0] (in 0.00025 secs)
2025-04-22 15:07:45,625 [DEBUG]  OP: Operation.SPLIT_COLUMNS on slice (218, 2) (remaining tasks 97)
2025-04-22 15:07:45,729 [DEBUG]  		found 1 col clusters (in 0.10457 secs)
2025-04-22 15:07:45,729 [DEBUG]  OP: Operation.CREATE_LEAF on slice (231, 1) (remaining tasks 97)
2025-04-22 15:07:45,730 [DEBUG]  		 created leaf IdentityNumericLeaf for scope=[0] (in 0.00025 secs)
2025-04-22 15:07:45,730 [DEBUG]  OP: Operation.SPLIT_COLUMNS on slice (231, 2) (remaining tasks 96)
2025-04-22 15:07:45,835 [DEBUG]  		found 1 col clusters (in 0.10457 secs)
2025-04-22 15:07:45,835 [DEBUG]  OP: Operation.CREATE_LEAF on slice (249, 1) (remaining tasks 96)
2025-04-22 15:07:45,835 [DEBUG]  		 created leaf IdentityNumericLeaf for scope=[0] (in 0.00025 secs)
2025-04-22 15:07:45,835 [DEBUG]  OP: Operation.SPLIT_COLUMNS on slice (249, 2) (remaining tasks 95)
2025-04-22 15:07:45,941 [DEBUG]  		found 1 col clusters (in 0.10498 secs)
2025-04-22 15:07:45,941 [DEBUG]  OP: Operation.CREATE_LEAF on slice (234, 1) (remaining tasks 95)
2025-04-22 15:07:45,941 [DEBUG]  		 created leaf IdentityNumericLeaf for scope=[0] (in 0.00027 secs)
2025-04-22 15:07:45,941 [DEBUG]  OP: Operation.SPLIT_COLUMNS on slice (234, 2) (remaining tasks 94)
2025-04-22 15:07:46,046 [DEBUG]  		found 1 col clusters (in 0.10445 secs)
2025-04-22 15:07:46,046 [DEBUG]  OP: Operation.CREATE_LEAF on slice (262, 1) (remaining tasks 94)
2025-04-22 15:07:46,046 [DEBUG]  		 created leaf IdentityNumericLeaf for scope=[0] (in 0.00026 secs)
2025-04-22 15:07:46,046 [DEBUG]  OP: Operation.SPLIT_COLUMNS on slice (262, 2) (remaining tasks 93)
2025-04-22 15:07:46,151 [DEBUG]  		found 1 col clusters (in 0.10470 secs)
2025-04-22 15:07:46,151 [DEBUG]  OP: Operation.CREATE_LEAF on slice (246, 1) (remaining tasks 93)
2025-04-22 15:07:46,152 [DEBUG]  		 created leaf IdentityNumericLeaf for scope=[0] (in 0.00026 secs)
2025-04-22 15:07:46,152 [DEBUG]  OP: Operation.SPLIT_COLUMNS on slice (246, 2) (remaining tasks 92)
2025-04-22 15:07:46,257 [DEBUG]  		found 1 col clusters (in 0.10485 secs)
2025-04-22 15:07:46,257 [DEBUG]  OP: Operation.REMOVE_UNINFORMATIVE_FEATURES on slice (151, 3) (remaining tasks 92)
2025-04-22 15:07:46,258 [DEBUG]  OP: Operation.REMOVE_UNINFORMATIVE_FEATURES on slice (176, 3) (remaining tasks 93)
2025-04-22 15:07:46,258 [DEBUG]  OP: Operation.REMOVE_UNINFORMATIVE_FEATURES on slice (156, 3) (remaining tasks 94)
2025-04-22 15:07:46,258 [DEBUG]  OP: Operation.REMOVE_UNINFORMATIVE_FEATURES on slice (179, 3) (remaining tasks 95)
2025-04-22 15:07:46,258 [DEBUG]  OP: Operation.REMOVE_UNINFORMATIVE_FEATURES on slice (167, 3) (remaining tasks 96)
2025-04-22 15:07:46,259 [DEBUG]  OP: Operation.REMOVE_UNINFORMATIVE_FEATURES on slice (183, 3) (remaining tasks 97)
2025-04-22 15:07:46,259 [DEBUG]  OP: Operation.REMOVE_UNINFORMATIVE_FEATURES on slice (157, 3) (remaining tasks 98)
2025-04-22 15:07:46,259 [DEBUG]  OP: Operation.REMOVE_UNINFORMATIVE_FEATURES on slice (173, 3) (remaining tasks 99)
2025-04-22 15:07:46,259 [DEBUG]  OP: Operation.REMOVE_UNINFORMATIVE_FEATURES on slice (137, 3) (remaining tasks 100)
2025-04-22 15:07:46,260 [DEBUG]  OP: Operation.REMOVE_UNINFORMATIVE_FEATURES on slice (161, 3) (remaining tasks 101)
2025-04-22 15:07:46,260 [DEBUG]  OP: Operation.REMOVE_UNINFORMATIVE_FEATURES on slice (137, 3) (remaining tasks 102)
2025-04-22 15:07:46,260 [DEBUG]  OP: Operation.REMOVE_UNINFORMATIVE_FEATURES on slice (174, 3) (remaining tasks 103)
2025-04-22 15:07:46,260 [DEBUG]  OP: Operation.REMOVE_UNINFORMATIVE_FEATURES on slice (159, 3) (remaining tasks 104)
2025-04-22 15:07:46,261 [DEBUG]  OP: Operation.REMOVE_UNINFORMATIVE_FEATURES on slice (91, 3) (remaining tasks 105)
2025-04-22 15:07:46,261 [DEBUG]  OP: Operation.REMOVE_UNINFORMATIVE_FEATURES on slice (113, 3) (remaining tasks 106)
2025-04-22 15:07:46,261 [DEBUG]  OP: Operation.REMOVE_UNINFORMATIVE_FEATURES on slice (142, 3) (remaining tasks 107)
2025-04-22 15:07:46,261 [DEBUG]  OP: Operation.REMOVE_UNINFORMATIVE_FEATURES on slice (184, 3) (remaining tasks 108)
2025-04-22 15:07:46,262 [DEBUG]  OP: Operation.REMOVE_UNINFORMATIVE_FEATURES on slice (189, 3) (remaining tasks 109)
2025-04-22 15:07:46,262 [DEBUG]  OP: Operation.REMOVE_UNINFORMATIVE_FEATURES on slice (197, 3) (remaining tasks 110)
2025-04-22 15:07:46,262 [DEBUG]  OP: Operation.REMOVE_UNINFORMATIVE_FEATURES on slice (187, 3) (remaining tasks 111)
2025-04-22 15:07:46,262 [DEBUG]  OP: Operation.REMOVE_UNINFORMATIVE_FEATURES on slice (175, 3) (remaining tasks 112)
2025-04-22 15:07:46,262 [DEBUG]  OP: Operation.REMOVE_UNINFORMATIVE_FEATURES on slice (172, 3) (remaining tasks 113)
2025-04-22 15:07:46,263 [DEBUG]  OP: Operation.REMOVE_UNINFORMATIVE_FEATURES on slice (205, 3) (remaining tasks 114)
2025-04-22 15:07:46,263 [DEBUG]  OP: Operation.REMOVE_UNINFORMATIVE_FEATURES on slice (194, 3) (remaining tasks 115)
2025-04-22 15:07:46,263 [DEBUG]  OP: Operation.REMOVE_UNINFORMATIVE_FEATURES on slice (184, 3) (remaining tasks 116)
2025-04-22 15:07:46,263 [DEBUG]  OP: Operation.REMOVE_UNINFORMATIVE_FEATURES on slice (179, 3) (remaining tasks 117)
2025-04-22 15:07:46,264 [DEBUG]  OP: Operation.REMOVE_UNINFORMATIVE_FEATURES on slice (186, 3) (remaining tasks 118)
2025-04-22 15:07:46,264 [DEBUG]  OP: Operation.REMOVE_UNINFORMATIVE_FEATURES on slice (179, 3) (remaining tasks 119)
2025-04-22 15:07:46,264 [DEBUG]  OP: Operation.REMOVE_UNINFORMATIVE_FEATURES on slice (116, 3) (remaining tasks 120)
2025-04-22 15:07:46,264 [DEBUG]  OP: Operation.REMOVE_UNINFORMATIVE_FEATURES on slice (154, 3) (remaining tasks 121)
2025-04-22 15:07:46,265 [DEBUG]  OP: Operation.REMOVE_UNINFORMATIVE_FEATURES on slice (117, 3) (remaining tasks 122)
2025-04-22 15:07:46,265 [DEBUG]  OP: Operation.REMOVE_UNINFORMATIVE_FEATURES on slice (161, 3) (remaining tasks 123)
2025-04-22 15:07:46,265 [DEBUG]  OP: Operation.NAIVE_FACTORIZATION on slice (122, 3) (remaining tasks 124)
2025-04-22 15:07:46,269 [DEBUG]  		naive factorization 3 columns (in 0.00390 secs)
2025-04-22 15:07:46,269 [DEBUG]  OP: Operation.NAIVE_FACTORIZATION on slice (130, 3) (remaining tasks 123)
2025-04-22 15:07:46,273 [DEBUG]  		naive factorization 3 columns (in 0.00366 secs)
2025-04-22 15:07:46,273 [DEBUG]  OP: Operation.NAIVE_FACTORIZATION on slice (126, 3) (remaining tasks 122)
2025-04-22 15:07:46,277 [DEBUG]  		naive factorization 3 columns (in 0.00379 secs)
2025-04-22 15:07:46,277 [DEBUG]  OP: Operation.NAIVE_FACTORIZATION on slice (155, 3) (remaining tasks 121)
2025-04-22 15:07:46,281 [DEBUG]  		naive factorization 3 columns (in 0.00338 secs)
2025-04-22 15:07:46,281 [DEBUG]  OP: Operation.NAIVE_FACTORIZATION on slice (168, 3) (remaining tasks 120)
2025-04-22 15:07:46,285 [DEBUG]  		naive factorization 3 columns (in 0.00340 secs)
2025-04-22 15:07:46,285 [DEBUG]  OP: Operation.NAIVE_FACTORIZATION on slice (152, 3) (remaining tasks 119)
2025-04-22 15:07:46,288 [DEBUG]  		naive factorization 3 columns (in 0.00329 secs)
2025-04-22 15:07:46,288 [DEBUG]  OP: Operation.NAIVE_FACTORIZATION on slice (170, 3) (remaining tasks 118)
2025-04-22 15:07:46,292 [DEBUG]  		naive factorization 3 columns (in 0.00339 secs)
2025-04-22 15:07:46,292 [DEBUG]  OP: Operation.NAIVE_FACTORIZATION on slice (171, 3) (remaining tasks 117)
2025-04-22 15:07:46,296 [DEBUG]  		naive factorization 3 columns (in 0.00336 secs)
2025-04-22 15:07:46,296 [DEBUG]  OP: Operation.NAIVE_FACTORIZATION on slice (111, 3) (remaining tasks 116)
2025-04-22 15:07:46,298 [DEBUG]  		naive factorization 3 columns (in 0.00183 secs)
2025-04-22 15:07:46,298 [DEBUG]  OP: Operation.NAIVE_FACTORIZATION on slice (185, 3) (remaining tasks 115)
2025-04-22 15:07:46,301 [DEBUG]  		naive factorization 3 columns (in 0.00268 secs)
2025-04-22 15:07:46,301 [DEBUG]  OP: Operation.NAIVE_FACTORIZATION on slice (139, 3) (remaining tasks 114)
2025-04-22 15:07:46,303 [DEBUG]  		naive factorization 3 columns (in 0.00206 secs)
2025-04-22 15:07:46,303 [DEBUG]  OP: Operation.NAIVE_FACTORIZATION on slice (190, 3) (remaining tasks 113)
2025-04-22 15:07:46,306 [DEBUG]  		naive factorization 3 columns (in 0.00230 secs)
2025-04-22 15:07:46,306 [DEBUG]  OP: Operation.NAIVE_FACTORIZATION on slice (148, 3) (remaining tasks 112)
2025-04-22 15:07:46,309 [DEBUG]  		naive factorization 3 columns (in 0.00233 secs)
2025-04-22 15:07:46,309 [DEBUG]  OP: Operation.NAIVE_FACTORIZATION on slice (180, 3) (remaining tasks 111)
2025-04-22 15:07:46,311 [DEBUG]  		naive factorization 3 columns (in 0.00218 secs)
2025-04-22 15:07:46,311 [DEBUG]  OP: Operation.NAIVE_FACTORIZATION on slice (137, 3) (remaining tasks 110)
2025-04-22 15:07:46,313 [DEBUG]  		naive factorization 3 columns (in 0.00187 secs)
2025-04-22 15:07:46,313 [DEBUG]  OP: Operation.NAIVE_FACTORIZATION on slice (182, 3) (remaining tasks 109)
2025-04-22 15:07:46,316 [DEBUG]  		naive factorization 3 columns (in 0.00212 secs)
2025-04-22 15:07:46,316 [DEBUG]  OP: Operation.NAIVE_FACTORIZATION on slice (128, 3) (remaining tasks 108)
2025-04-22 15:07:46,318 [DEBUG]  		naive factorization 3 columns (in 0.00171 secs)
2025-04-22 15:07:46,318 [DEBUG]  OP: Operation.NAIVE_FACTORIZATION on slice (159, 3) (remaining tasks 107)
2025-04-22 15:07:46,320 [DEBUG]  		naive factorization 3 columns (in 0.00220 secs)
2025-04-22 15:07:46,320 [DEBUG]  OP: Operation.NAIVE_FACTORIZATION on slice (163, 3) (remaining tasks 106)
2025-04-22 15:07:46,323 [DEBUG]  		naive factorization 3 columns (in 0.00226 secs)
2025-04-22 15:07:46,323 [DEBUG]  OP: Operation.NAIVE_FACTORIZATION on slice (161, 3) (remaining tasks 105)
2025-04-22 15:07:46,325 [DEBUG]  		naive factorization 3 columns (in 0.00209 secs)
2025-04-22 15:07:46,326 [DEBUG]  OP: Operation.NAIVE_FACTORIZATION on slice (156, 3) (remaining tasks 104)
2025-04-22 15:07:46,328 [DEBUG]  		naive factorization 3 columns (in 0.00214 secs)
2025-04-22 15:07:46,328 [DEBUG]  OP: Operation.NAIVE_FACTORIZATION on slice (162, 3) (remaining tasks 103)
2025-04-22 15:07:46,330 [DEBUG]  		naive factorization 3 columns (in 0.00215 secs)
2025-04-22 15:07:46,331 [DEBUG]  OP: Operation.NAIVE_FACTORIZATION on slice (151, 3) (remaining tasks 102)
2025-04-22 15:07:46,333 [DEBUG]  		naive factorization 3 columns (in 0.00251 secs)
2025-04-22 15:07:46,333 [DEBUG]  OP: Operation.NAIVE_FACTORIZATION on slice (164, 3) (remaining tasks 101)
2025-04-22 15:07:46,336 [DEBUG]  		naive factorization 3 columns (in 0.00233 secs)
2025-04-22 15:07:46,336 [DEBUG]  OP: Operation.NAIVE_FACTORIZATION on slice (129, 3) (remaining tasks 100)
2025-04-22 15:07:46,338 [DEBUG]  		naive factorization 3 columns (in 0.00233 secs)
2025-04-22 15:07:46,339 [DEBUG]  OP: Operation.NAIVE_FACTORIZATION on slice (175, 3) (remaining tasks 99)
2025-04-22 15:07:46,341 [DEBUG]  		naive factorization 3 columns (in 0.00231 secs)
2025-04-22 15:07:46,341 [DEBUG]  OP: Operation.NAIVE_FACTORIZATION on slice (136, 3) (remaining tasks 98)
2025-04-22 15:07:46,343 [DEBUG]  		naive factorization 3 columns (in 0.00170 secs)
2025-04-22 15:07:46,343 [DEBUG]  OP: Operation.NAIVE_FACTORIZATION on slice (191, 3) (remaining tasks 97)
2025-04-22 15:07:46,346 [DEBUG]  		naive factorization 3 columns (in 0.00263 secs)
2025-04-22 15:07:46,346 [DEBUG]  OP: Operation.NAIVE_FACTORIZATION on slice (112, 3) (remaining tasks 96)
2025-04-22 15:07:46,348 [DEBUG]  		naive factorization 3 columns (in 0.00186 secs)
2025-04-22 15:07:46,349 [DEBUG]  OP: Operation.NAIVE_FACTORIZATION on slice (141, 3) (remaining tasks 95)
2025-04-22 15:07:46,351 [DEBUG]  		naive factorization 3 columns (in 0.00192 secs)
2025-04-22 15:07:46,351 [DEBUG]  OP: Operation.NAIVE_FACTORIZATION on slice (141, 3) (remaining tasks 94)
2025-04-22 15:07:46,353 [DEBUG]  		naive factorization 3 columns (in 0.00194 secs)
2025-04-22 15:07:46,353 [DEBUG]  OP: Operation.NAIVE_FACTORIZATION on slice (179, 3) (remaining tasks 93)
2025-04-22 15:07:46,355 [DEBUG]  		naive factorization 3 columns (in 0.00227 secs)
2025-04-22 15:07:46,356 [DEBUG]  OP: Operation.SPLIT_ROWS on slice (443, 2) (remaining tasks 92)
2025-04-22 15:07:46,377 [DEBUG]  		found 2 row clusters (in 0.02086 secs)
2025-04-22 15:07:46,377 [DEBUG]  OP: Operation.SPLIT_ROWS on slice (397, 2) (remaining tasks 93)
2025-04-22 15:07:46,395 [DEBUG]  		found 2 row clusters (in 0.01826 secs)
2025-04-22 15:07:46,395 [DEBUG]  OP: Operation.SPLIT_ROWS on slice (567, 2) (remaining tasks 94)
2025-04-22 15:07:46,416 [DEBUG]  		found 2 row clusters (in 0.02091 secs)
2025-04-22 15:07:46,417 [DEBUG]  OP: Operation.SPLIT_ROWS on slice (283, 2) (remaining tasks 95)
2025-04-22 15:07:46,432 [DEBUG]  		found 2 row clusters (in 0.01559 secs)
2025-04-22 15:07:46,432 [DEBUG]  OP: Operation.SPLIT_ROWS on slice (437, 2) (remaining tasks 96)
2025-04-22 15:07:46,452 [DEBUG]  		found 2 row clusters (in 0.01993 secs)
2025-04-22 15:07:46,453 [DEBUG]  OP: Operation.SPLIT_ROWS on slice (260, 2) (remaining tasks 97)
2025-04-22 15:07:46,468 [DEBUG]  		found 2 row clusters (in 0.01534 secs)
2025-04-22 15:07:46,468 [DEBUG]  OP: Operation.SPLIT_ROWS on slice (277, 2) (remaining tasks 98)
2025-04-22 15:07:46,482 [DEBUG]  		found 2 row clusters (in 0.01376 secs)
2025-04-22 15:07:46,482 [DEBUG]  OP: Operation.SPLIT_ROWS on slice (463, 2) (remaining tasks 99)
2025-04-22 15:07:46,503 [DEBUG]  		found 2 row clusters (in 0.02107 secs)
2025-04-22 15:07:46,504 [DEBUG]  OP: Operation.SPLIT_ROWS on slice (418, 2) (remaining tasks 100)
2025-04-22 15:07:46,523 [DEBUG]  		found 2 row clusters (in 0.01897 secs)
2025-04-22 15:07:46,523 [DEBUG]  OP: Operation.SPLIT_ROWS on slice (396, 2) (remaining tasks 101)
2025-04-22 15:07:46,556 [DEBUG]  		found 2 row clusters (in 0.03261 secs)
2025-04-22 15:07:46,556 [DEBUG]  OP: Operation.SPLIT_ROWS on slice (400, 2) (remaining tasks 102)
2025-04-22 15:07:46,595 [DEBUG]  		found 2 row clusters (in 0.03896 secs)
2025-04-22 15:07:46,595 [DEBUG]  OP: Operation.SPLIT_ROWS on slice (354, 2) (remaining tasks 103)
2025-04-22 15:07:46,620 [DEBUG]  		found 2 row clusters (in 0.02463 secs)
2025-04-22 15:07:46,620 [DEBUG]  OP: Operation.SPLIT_ROWS on slice (441, 2) (remaining tasks 104)
2025-04-22 15:07:46,642 [DEBUG]  		found 2 row clusters (in 0.02180 secs)
2025-04-22 15:07:46,642 [DEBUG]  OP: Operation.SPLIT_ROWS on slice (276, 2) (remaining tasks 105)
2025-04-22 15:07:46,661 [DEBUG]  		found 2 row clusters (in 0.01854 secs)
2025-04-22 15:07:46,661 [DEBUG]  OP: Operation.SPLIT_ROWS on slice (309, 2) (remaining tasks 106)
2025-04-22 15:07:46,684 [DEBUG]  		found 2 row clusters (in 0.02308 secs)
2025-04-22 15:07:46,684 [DEBUG]  OP: Operation.SPLIT_ROWS on slice (404, 2) (remaining tasks 107)
2025-04-22 15:07:46,709 [DEBUG]  		found 2 row clusters (in 0.02471 secs)
2025-04-22 15:07:46,709 [DEBUG]  OP: Operation.SPLIT_ROWS on slice (230, 2) (remaining tasks 108)
2025-04-22 15:07:46,723 [DEBUG]  		found 2 row clusters (in 0.01395 secs)
2025-04-22 15:07:46,723 [DEBUG]  OP: Operation.SPLIT_ROWS on slice (484, 2) (remaining tasks 109)
2025-04-22 15:07:46,744 [DEBUG]  		found 2 row clusters (in 0.02031 secs)
2025-04-22 15:07:46,744 [DEBUG]  OP: Operation.SPLIT_ROWS on slice (499, 2) (remaining tasks 110)
2025-04-22 15:07:46,767 [DEBUG]  		found 2 row clusters (in 0.02285 secs)
2025-04-22 15:07:46,767 [DEBUG]  OP: Operation.SPLIT_ROWS on slice (239, 2) (remaining tasks 111)
2025-04-22 15:07:46,785 [DEBUG]  		found 2 row clusters (in 0.01841 secs)
2025-04-22 15:07:46,786 [DEBUG]  OP: Operation.SPLIT_ROWS on slice (332, 2) (remaining tasks 112)
2025-04-22 15:07:46,805 [DEBUG]  		found 2 row clusters (in 0.01890 secs)
2025-04-22 15:07:46,805 [DEBUG]  OP: Operation.SPLIT_ROWS on slice (227, 2) (remaining tasks 113)
2025-04-22 15:07:46,819 [DEBUG]  		found 2 row clusters (in 0.01439 secs)
2025-04-22 15:07:46,819 [DEBUG]  OP: Operation.SPLIT_ROWS on slice (206, 2) (remaining tasks 114)
2025-04-22 15:07:46,834 [DEBUG]  		found 2 row clusters (in 0.01474 secs)
2025-04-22 15:07:46,834 [DEBUG]  OP: Operation.SPLIT_ROWS on slice (218, 2) (remaining tasks 115)
2025-04-22 15:07:46,849 [DEBUG]  		found 2 row clusters (in 0.01453 secs)
2025-04-22 15:07:46,849 [DEBUG]  OP: Operation.SPLIT_ROWS on slice (231, 2) (remaining tasks 116)
2025-04-22 15:07:46,866 [DEBUG]  		found 2 row clusters (in 0.01644 secs)
2025-04-22 15:07:46,866 [DEBUG]  OP: Operation.SPLIT_ROWS on slice (249, 2) (remaining tasks 117)
2025-04-22 15:07:46,880 [DEBUG]  		found 2 row clusters (in 0.01387 secs)
2025-04-22 15:07:46,880 [DEBUG]  OP: Operation.SPLIT_ROWS on slice (234, 2) (remaining tasks 118)
2025-04-22 15:07:46,894 [DEBUG]  		found 2 row clusters (in 0.01387 secs)
2025-04-22 15:07:46,894 [DEBUG]  OP: Operation.SPLIT_ROWS on slice (262, 2) (remaining tasks 119)
2025-04-22 15:07:46,912 [DEBUG]  		found 2 row clusters (in 0.01821 secs)
2025-04-22 15:07:46,913 [DEBUG]  OP: Operation.SPLIT_ROWS on slice (246, 2) (remaining tasks 120)
2025-04-22 15:07:46,932 [DEBUG]  		found 2 row clusters (in 0.01953 secs)
2025-04-22 15:07:46,932 [DEBUG]  OP: Operation.CREATE_LEAF on slice (151, 1) (remaining tasks 121)
2025-04-22 15:07:46,932 [DEBUG]  		 created leaf IdentityNumericLeaf for scope=[0] (in 0.00019 secs)
2025-04-22 15:07:46,933 [DEBUG]  OP: Operation.NAIVE_FACTORIZATION on slice (151, 2) (remaining tasks 120)
2025-04-22 15:07:46,936 [DEBUG]  		naive factorization 2 columns (in 0.00288 secs)
2025-04-22 15:07:46,936 [DEBUG]  OP: Operation.CREATE_LEAF on slice (176, 1) (remaining tasks 119)
2025-04-22 15:07:46,936 [DEBUG]  		 created leaf IdentityNumericLeaf for scope=[0] (in 0.00020 secs)
2025-04-22 15:07:46,936 [DEBUG]  OP: Operation.NAIVE_FACTORIZATION on slice (176, 2) (remaining tasks 118)
2025-04-22 15:07:46,939 [DEBUG]  		naive factorization 2 columns (in 0.00319 secs)
2025-04-22 15:07:46,939 [DEBUG]  OP: Operation.CREATE_LEAF on slice (156, 1) (remaining tasks 117)
2025-04-22 15:07:46,940 [DEBUG]  		 created leaf IdentityNumericLeaf for scope=[0] (in 0.00020 secs)
2025-04-22 15:07:46,940 [DEBUG]  OP: Operation.NAIVE_FACTORIZATION on slice (156, 2) (remaining tasks 116)
2025-04-22 15:07:46,943 [DEBUG]  		naive factorization 2 columns (in 0.00263 secs)
2025-04-22 15:07:46,943 [DEBUG]  OP: Operation.CREATE_LEAF on slice (179, 1) (remaining tasks 115)
2025-04-22 15:07:46,943 [DEBUG]  		 created leaf IdentityNumericLeaf for scope=[0] (in 0.00020 secs)
2025-04-22 15:07:46,943 [DEBUG]  OP: Operation.NAIVE_FACTORIZATION on slice (179, 2) (remaining tasks 114)
2025-04-22 15:07:46,946 [DEBUG]  		naive factorization 2 columns (in 0.00264 secs)
2025-04-22 15:07:46,946 [DEBUG]  OP: Operation.CREATE_LEAF on slice (167, 1) (remaining tasks 113)
2025-04-22 15:07:46,946 [DEBUG]  		 created leaf IdentityNumericLeaf for scope=[0] (in 0.00022 secs)
2025-04-22 15:07:46,946 [DEBUG]  OP: Operation.NAIVE_FACTORIZATION on slice (167, 2) (remaining tasks 112)
2025-04-22 15:07:46,949 [DEBUG]  		naive factorization 2 columns (in 0.00306 secs)
2025-04-22 15:07:46,950 [DEBUG]  OP: Operation.CREATE_LEAF on slice (183, 1) (remaining tasks 111)
2025-04-22 15:07:46,950 [DEBUG]  		 created leaf IdentityNumericLeaf for scope=[0] (in 0.00021 secs)
2025-04-22 15:07:46,950 [DEBUG]  OP: Operation.NAIVE_FACTORIZATION on slice (183, 2) (remaining tasks 110)
2025-04-22 15:07:46,953 [DEBUG]  		naive factorization 2 columns (in 0.00284 secs)
2025-04-22 15:07:46,953 [DEBUG]  OP: Operation.CREATE_LEAF on slice (157, 1) (remaining tasks 109)
2025-04-22 15:07:46,953 [DEBUG]  		 created leaf IdentityNumericLeaf for scope=[0] (in 0.00020 secs)
2025-04-22 15:07:46,953 [DEBUG]  OP: Operation.NAIVE_FACTORIZATION on slice (157, 2) (remaining tasks 108)
2025-04-22 15:07:46,956 [DEBUG]  		naive factorization 2 columns (in 0.00260 secs)
2025-04-22 15:07:46,956 [DEBUG]  OP: Operation.CREATE_LEAF on slice (173, 1) (remaining tasks 107)
2025-04-22 15:07:46,957 [DEBUG]  		 created leaf IdentityNumericLeaf for scope=[0] (in 0.00026 secs)
2025-04-22 15:07:46,957 [DEBUG]  OP: Operation.NAIVE_FACTORIZATION on slice (173, 2) (remaining tasks 106)
2025-04-22 15:07:46,960 [DEBUG]  		naive factorization 2 columns (in 0.00297 secs)
2025-04-22 15:07:46,960 [DEBUG]  OP: Operation.CREATE_LEAF on slice (137, 1) (remaining tasks 105)
2025-04-22 15:07:46,960 [DEBUG]  		 created leaf IdentityNumericLeaf for scope=[0] (in 0.00044 secs)
2025-04-22 15:07:46,961 [DEBUG]  OP: Operation.NAIVE_FACTORIZATION on slice (137, 2) (remaining tasks 104)
2025-04-22 15:07:46,963 [DEBUG]  		naive factorization 2 columns (in 0.00256 secs)
2025-04-22 15:07:46,963 [DEBUG]  OP: Operation.CREATE_LEAF on slice (161, 1) (remaining tasks 103)
2025-04-22 15:07:46,964 [DEBUG]  		 created leaf IdentityNumericLeaf for scope=[0] (in 0.00020 secs)
2025-04-22 15:07:46,964 [DEBUG]  OP: Operation.NAIVE_FACTORIZATION on slice (161, 2) (remaining tasks 102)
2025-04-22 15:07:46,966 [DEBUG]  		naive factorization 2 columns (in 0.00236 secs)
2025-04-22 15:07:46,966 [DEBUG]  OP: Operation.CREATE_LEAF on slice (137, 1) (remaining tasks 101)
2025-04-22 15:07:46,967 [DEBUG]  		 created leaf IdentityNumericLeaf for scope=[0] (in 0.00027 secs)
2025-04-22 15:07:46,967 [DEBUG]  OP: Operation.NAIVE_FACTORIZATION on slice (137, 2) (remaining tasks 100)
2025-04-22 15:07:46,970 [DEBUG]  		naive factorization 2 columns (in 0.00268 secs)
2025-04-22 15:07:46,970 [DEBUG]  OP: Operation.CREATE_LEAF on slice (174, 1) (remaining tasks 99)
2025-04-22 15:07:46,970 [DEBUG]  		 created leaf IdentityNumericLeaf for scope=[0] (in 0.00027 secs)
2025-04-22 15:07:46,970 [DEBUG]  OP: Operation.NAIVE_FACTORIZATION on slice (174, 2) (remaining tasks 98)
2025-04-22 15:07:46,973 [DEBUG]  		naive factorization 2 columns (in 0.00264 secs)
2025-04-22 15:07:46,973 [DEBUG]  OP: Operation.CREATE_LEAF on slice (159, 1) (remaining tasks 97)
2025-04-22 15:07:46,973 [DEBUG]  		 created leaf IdentityNumericLeaf for scope=[0] (in 0.00026 secs)
2025-04-22 15:07:46,974 [DEBUG]  OP: Operation.NAIVE_FACTORIZATION on slice (159, 2) (remaining tasks 96)
2025-04-22 15:07:46,976 [DEBUG]  		naive factorization 2 columns (in 0.00236 secs)
2025-04-22 15:07:46,976 [DEBUG]  OP: Operation.CREATE_LEAF on slice (91, 1) (remaining tasks 95)
2025-04-22 15:07:46,977 [DEBUG]  		 created leaf IdentityNumericLeaf for scope=[0] (in 0.00028 secs)
2025-04-22 15:07:46,977 [DEBUG]  OP: Operation.NAIVE_FACTORIZATION on slice (91, 2) (remaining tasks 94)
2025-04-22 15:07:46,979 [DEBUG]  		naive factorization 2 columns (in 0.00230 secs)
2025-04-22 15:07:46,979 [DEBUG]  OP: Operation.CREATE_LEAF on slice (113, 1) (remaining tasks 93)
2025-04-22 15:07:46,980 [DEBUG]  		 created leaf IdentityNumericLeaf for scope=[0] (in 0.00027 secs)
2025-04-22 15:07:46,980 [DEBUG]  OP: Operation.NAIVE_FACTORIZATION on slice (113, 2) (remaining tasks 92)
2025-04-22 15:07:46,983 [DEBUG]  		naive factorization 2 columns (in 0.00249 secs)
2025-04-22 15:07:46,983 [DEBUG]  OP: Operation.CREATE_LEAF on slice (142, 1) (remaining tasks 91)
2025-04-22 15:07:46,983 [DEBUG]  		 created leaf IdentityNumericLeaf for scope=[0] (in 0.00030 secs)
2025-04-22 15:07:46,983 [DEBUG]  OP: Operation.NAIVE_FACTORIZATION on slice (142, 2) (remaining tasks 90)
2025-04-22 15:07:46,986 [DEBUG]  		naive factorization 2 columns (in 0.00252 secs)
2025-04-22 15:07:46,986 [DEBUG]  OP: Operation.CREATE_LEAF on slice (184, 1) (remaining tasks 89)
2025-04-22 15:07:46,987 [DEBUG]  		 created leaf IdentityNumericLeaf for scope=[0] (in 0.00031 secs)
2025-04-22 15:07:46,987 [DEBUG]  OP: Operation.NAIVE_FACTORIZATION on slice (184, 2) (remaining tasks 88)
2025-04-22 15:07:46,990 [DEBUG]  		naive factorization 2 columns (in 0.00283 secs)
2025-04-22 15:07:46,990 [DEBUG]  OP: Operation.CREATE_LEAF on slice (189, 1) (remaining tasks 87)
2025-04-22 15:07:46,990 [DEBUG]  		 created leaf IdentityNumericLeaf for scope=[0] (in 0.00032 secs)
2025-04-22 15:07:46,991 [DEBUG]  OP: Operation.NAIVE_FACTORIZATION on slice (189, 2) (remaining tasks 86)
2025-04-22 15:07:46,994 [DEBUG]  		naive factorization 2 columns (in 0.00301 secs)
2025-04-22 15:07:46,994 [DEBUG]  OP: Operation.CREATE_LEAF on slice (197, 1) (remaining tasks 85)
2025-04-22 15:07:46,994 [DEBUG]  		 created leaf IdentityNumericLeaf for scope=[0] (in 0.00022 secs)
2025-04-22 15:07:46,994 [DEBUG]  OP: Operation.NAIVE_FACTORIZATION on slice (197, 2) (remaining tasks 84)
2025-04-22 15:07:46,997 [DEBUG]  		naive factorization 2 columns (in 0.00287 secs)
2025-04-22 15:07:46,997 [DEBUG]  OP: Operation.CREATE_LEAF on slice (187, 1) (remaining tasks 83)
2025-04-22 15:07:46,998 [DEBUG]  		 created leaf IdentityNumericLeaf for scope=[0] (in 0.00035 secs)
2025-04-22 15:07:46,998 [DEBUG]  OP: Operation.NAIVE_FACTORIZATION on slice (187, 2) (remaining tasks 82)
2025-04-22 15:07:47,001 [DEBUG]  		naive factorization 2 columns (in 0.00304 secs)
2025-04-22 15:07:47,001 [DEBUG]  OP: Operation.CREATE_LEAF on slice (175, 1) (remaining tasks 81)
2025-04-22 15:07:47,002 [DEBUG]  		 created leaf IdentityNumericLeaf for scope=[0] (in 0.00036 secs)
2025-04-22 15:07:47,002 [DEBUG]  OP: Operation.NAIVE_FACTORIZATION on slice (175, 2) (remaining tasks 80)
2025-04-22 15:07:47,005 [DEBUG]  		naive factorization 2 columns (in 0.00294 secs)
2025-04-22 15:07:47,005 [DEBUG]  OP: Operation.CREATE_LEAF on slice (172, 1) (remaining tasks 79)
2025-04-22 15:07:47,006 [DEBUG]  		 created leaf IdentityNumericLeaf for scope=[0] (in 0.00024 secs)
2025-04-22 15:07:47,006 [DEBUG]  OP: Operation.NAIVE_FACTORIZATION on slice (172, 2) (remaining tasks 78)
2025-04-22 15:07:47,009 [DEBUG]  		naive factorization 2 columns (in 0.00287 secs)
2025-04-22 15:07:47,009 [DEBUG]  OP: Operation.CREATE_LEAF on slice (205, 1) (remaining tasks 77)
2025-04-22 15:07:47,009 [DEBUG]  		 created leaf IdentityNumericLeaf for scope=[0] (in 0.00036 secs)
2025-04-22 15:07:47,010 [DEBUG]  OP: Operation.NAIVE_FACTORIZATION on slice (205, 2) (remaining tasks 76)
2025-04-22 15:07:47,013 [DEBUG]  		naive factorization 2 columns (in 0.00310 secs)
2025-04-22 15:07:47,013 [DEBUG]  OP: Operation.CREATE_LEAF on slice (194, 1) (remaining tasks 75)
2025-04-22 15:07:47,014 [DEBUG]  		 created leaf IdentityNumericLeaf for scope=[0] (in 0.00039 secs)
2025-04-22 15:07:47,014 [DEBUG]  OP: Operation.NAIVE_FACTORIZATION on slice (194, 2) (remaining tasks 74)
2025-04-22 15:07:47,017 [DEBUG]  		naive factorization 2 columns (in 0.00283 secs)
2025-04-22 15:07:47,017 [DEBUG]  OP: Operation.CREATE_LEAF on slice (184, 1) (remaining tasks 73)
2025-04-22 15:07:47,017 [DEBUG]  		 created leaf IdentityNumericLeaf for scope=[0] (in 0.00021 secs)
2025-04-22 15:07:47,018 [DEBUG]  OP: Operation.NAIVE_FACTORIZATION on slice (184, 2) (remaining tasks 72)
2025-04-22 15:07:47,021 [DEBUG]  		naive factorization 2 columns (in 0.00287 secs)
2025-04-22 15:07:47,021 [DEBUG]  OP: Operation.CREATE_LEAF on slice (179, 1) (remaining tasks 71)
2025-04-22 15:07:47,021 [DEBUG]  		 created leaf IdentityNumericLeaf for scope=[0] (in 0.00037 secs)
2025-04-22 15:07:47,022 [DEBUG]  OP: Operation.NAIVE_FACTORIZATION on slice (179, 2) (remaining tasks 70)
2025-04-22 15:07:47,024 [DEBUG]  		naive factorization 2 columns (in 0.00274 secs)
2025-04-22 15:07:47,024 [DEBUG]  OP: Operation.CREATE_LEAF on slice (186, 1) (remaining tasks 69)
2025-04-22 15:07:47,025 [DEBUG]  		 created leaf IdentityNumericLeaf for scope=[0] (in 0.00038 secs)
2025-04-22 15:07:47,025 [DEBUG]  OP: Operation.NAIVE_FACTORIZATION on slice (186, 2) (remaining tasks 68)
2025-04-22 15:07:47,028 [DEBUG]  		naive factorization 2 columns (in 0.00269 secs)
2025-04-22 15:07:47,028 [DEBUG]  OP: Operation.CREATE_LEAF on slice (179, 1) (remaining tasks 67)
2025-04-22 15:07:47,029 [DEBUG]  		 created leaf IdentityNumericLeaf for scope=[0] (in 0.00042 secs)
2025-04-22 15:07:47,029 [DEBUG]  OP: Operation.NAIVE_FACTORIZATION on slice (179, 2) (remaining tasks 66)
2025-04-22 15:07:47,032 [DEBUG]  		naive factorization 2 columns (in 0.00267 secs)
2025-04-22 15:07:47,032 [DEBUG]  OP: Operation.CREATE_LEAF on slice (116, 1) (remaining tasks 65)
2025-04-22 15:07:47,033 [DEBUG]  		 created leaf IdentityNumericLeaf for scope=[0] (in 0.00021 secs)
2025-04-22 15:07:47,033 [DEBUG]  OP: Operation.NAIVE_FACTORIZATION on slice (116, 2) (remaining tasks 64)
2025-04-22 15:07:47,035 [DEBUG]  		naive factorization 2 columns (in 0.00252 secs)
2025-04-22 15:07:47,036 [DEBUG]  OP: Operation.CREATE_LEAF on slice (154, 1) (remaining tasks 63)
2025-04-22 15:07:47,036 [DEBUG]  		 created leaf IdentityNumericLeaf for scope=[0] (in 0.00037 secs)
2025-04-22 15:07:47,036 [DEBUG]  OP: Operation.NAIVE_FACTORIZATION on slice (154, 2) (remaining tasks 62)
2025-04-22 15:07:47,039 [DEBUG]  		naive factorization 2 columns (in 0.00226 secs)
2025-04-22 15:07:47,039 [DEBUG]  OP: Operation.CREATE_LEAF on slice (117, 1) (remaining tasks 61)
2025-04-22 15:07:47,039 [DEBUG]  		 created leaf IdentityNumericLeaf for scope=[0] (in 0.00038 secs)
2025-04-22 15:07:47,040 [DEBUG]  OP: Operation.NAIVE_FACTORIZATION on slice (117, 2) (remaining tasks 60)
2025-04-22 15:07:47,042 [DEBUG]  		naive factorization 2 columns (in 0.00247 secs)
2025-04-22 15:07:47,043 [DEBUG]  OP: Operation.CREATE_LEAF on slice (161, 1) (remaining tasks 59)
2025-04-22 15:07:47,043 [DEBUG]  		 created leaf IdentityNumericLeaf for scope=[0] (in 0.00043 secs)
2025-04-22 15:07:47,043 [DEBUG]  OP: Operation.NAIVE_FACTORIZATION on slice (161, 2) (remaining tasks 58)
2025-04-22 15:07:47,047 [DEBUG]  		naive factorization 2 columns (in 0.00313 secs)
2025-04-22 15:07:47,047 [DEBUG]  OP: Operation.SPLIT_COLUMNS on slice (254, 2) (remaining tasks 57)
2025-04-22 15:07:47,157 [DEBUG]  		found 1 col clusters (in 0.11006 secs)
2025-04-22 15:07:47,157 [DEBUG]  OP: Operation.NAIVE_FACTORIZATION on slice (189, 2) (remaining tasks 57)
2025-04-22 15:07:47,160 [DEBUG]  		naive factorization 2 columns (in 0.00250 secs)
2025-04-22 15:07:47,160 [DEBUG]  OP: Operation.SPLIT_COLUMNS on slice (296, 2) (remaining tasks 56)
2025-04-22 15:07:47,265 [DEBUG]  		found 1 col clusters (in 0.10493 secs)
2025-04-22 15:07:47,266 [DEBUG]  OP: Operation.NAIVE_FACTORIZATION on slice (101, 2) (remaining tasks 56)
2025-04-22 15:07:47,267 [DEBUG]  		naive factorization 2 columns (in 0.00144 secs)
2025-04-22 15:07:47,267 [DEBUG]  OP: Operation.SPLIT_COLUMNS on slice (284, 2) (remaining tasks 55)
2025-04-22 15:07:47,372 [DEBUG]  		found 1 col clusters (in 0.10500 secs)
2025-04-22 15:07:47,373 [DEBUG]  OP: Operation.SPLIT_COLUMNS on slice (283, 2) (remaining tasks 55)
2025-04-22 15:07:47,477 [DEBUG]  		found 1 col clusters (in 0.10461 secs)
2025-04-22 15:07:47,478 [DEBUG]  OP: Operation.NAIVE_FACTORIZATION on slice (200, 2) (remaining tasks 55)
2025-04-22 15:07:47,480 [DEBUG]  		naive factorization 2 columns (in 0.00257 secs)
2025-04-22 15:07:47,481 [DEBUG]  OP: Operation.NAIVE_FACTORIZATION on slice (83, 2) (remaining tasks 54)
2025-04-22 15:07:47,482 [DEBUG]  		naive factorization 2 columns (in 0.00173 secs)
2025-04-22 15:07:47,483 [DEBUG]  OP: Operation.NAIVE_FACTORIZATION on slice (193, 2) (remaining tasks 53)
2025-04-22 15:07:47,485 [DEBUG]  		naive factorization 2 columns (in 0.00183 secs)
2025-04-22 15:07:47,485 [DEBUG]  OP: Operation.SPLIT_COLUMNS on slice (244, 2) (remaining tasks 52)
2025-04-22 15:07:47,590 [DEBUG]  		found 1 col clusters (in 0.10530 secs)
2025-04-22 15:07:47,591 [DEBUG]  OP: Operation.NAIVE_FACTORIZATION on slice (201, 2) (remaining tasks 52)
2025-04-22 15:07:47,592 [DEBUG]  		naive factorization 2 columns (in 0.00185 secs)
2025-04-22 15:07:47,593 [DEBUG]  OP: Operation.NAIVE_FACTORIZATION on slice (59, 2) (remaining tasks 51)
2025-04-22 15:07:47,594 [DEBUG]  		naive factorization 2 columns (in 0.00161 secs)
2025-04-22 15:07:47,595 [DEBUG]  OP: Operation.NAIVE_FACTORIZATION on slice (50, 2) (remaining tasks 50)
2025-04-22 15:07:47,596 [DEBUG]  		naive factorization 2 columns (in 0.00106 secs)
2025-04-22 15:07:47,596 [DEBUG]  OP: Operation.SPLIT_COLUMNS on slice (227, 2) (remaining tasks 49)
2025-04-22 15:07:47,701 [DEBUG]  		found 1 col clusters (in 0.10483 secs)
2025-04-22 15:07:47,701 [DEBUG]  OP: Operation.NAIVE_FACTORIZATION on slice (156, 2) (remaining tasks 49)
2025-04-22 15:07:47,703 [DEBUG]  		naive factorization 2 columns (in 0.00169 secs)
2025-04-22 15:07:47,703 [DEBUG]  OP: Operation.SPLIT_COLUMNS on slice (307, 2) (remaining tasks 48)
2025-04-22 15:07:47,808 [DEBUG]  		found 1 col clusters (in 0.10501 secs)
2025-04-22 15:07:47,809 [DEBUG]  OP: Operation.SPLIT_COLUMNS on slice (221, 2) (remaining tasks 48)
2025-04-22 15:07:47,913 [DEBUG]  		found 1 col clusters (in 0.10460 secs)
2025-04-22 15:07:47,914 [DEBUG]  OP: Operation.NAIVE_FACTORIZATION on slice (197, 2) (remaining tasks 48)
2025-04-22 15:07:47,916 [DEBUG]  		naive factorization 2 columns (in 0.00190 secs)
2025-04-22 15:07:47,916 [DEBUG]  OP: Operation.SPLIT_COLUMNS on slice (250, 2) (remaining tasks 47)
2025-04-22 15:07:48,021 [DEBUG]  		found 1 col clusters (in 0.10531 secs)
2025-04-22 15:07:48,022 [DEBUG]  OP: Operation.NAIVE_FACTORIZATION on slice (146, 2) (remaining tasks 47)
2025-04-22 15:07:48,023 [DEBUG]  		naive factorization 2 columns (in 0.00162 secs)
2025-04-22 15:07:48,024 [DEBUG]  OP: Operation.NAIVE_FACTORIZATION on slice (143, 2) (remaining tasks 46)
2025-04-22 15:07:48,025 [DEBUG]  		naive factorization 2 columns (in 0.00156 secs)
2025-04-22 15:07:48,025 [DEBUG]  OP: Operation.SPLIT_COLUMNS on slice (257, 2) (remaining tasks 45)
2025-04-22 15:07:48,131 [DEBUG]  		found 1 col clusters (in 0.10527 secs)
2025-04-22 15:07:48,131 [DEBUG]  OP: Operation.NAIVE_FACTORIZATION on slice (99, 2) (remaining tasks 45)
2025-04-22 15:07:48,133 [DEBUG]  		naive factorization 2 columns (in 0.00197 secs)
2025-04-22 15:07:48,133 [DEBUG]  OP: Operation.SPLIT_COLUMNS on slice (255, 2) (remaining tasks 44)
2025-04-22 15:07:48,239 [DEBUG]  		found 1 col clusters (in 0.10531 secs)
2025-04-22 15:07:48,239 [DEBUG]  OP: Operation.SPLIT_COLUMNS on slice (257, 2) (remaining tasks 44)
2025-04-22 15:07:48,344 [DEBUG]  		found 1 col clusters (in 0.10449 secs)
2025-04-22 15:07:48,344 [DEBUG]  OP: Operation.NAIVE_FACTORIZATION on slice (184, 2) (remaining tasks 44)
2025-04-22 15:07:48,346 [DEBUG]  		naive factorization 2 columns (in 0.00204 secs)
2025-04-22 15:07:48,346 [DEBUG]  OP: Operation.SPLIT_COLUMNS on slice (213, 2) (remaining tasks 43)
2025-04-22 15:07:48,452 [DEBUG]  		found 1 col clusters (in 0.10551 secs)
2025-04-22 15:07:48,452 [DEBUG]  OP: Operation.NAIVE_FACTORIZATION on slice (63, 2) (remaining tasks 43)
2025-04-22 15:07:48,454 [DEBUG]  		naive factorization 2 columns (in 0.00142 secs)
2025-04-22 15:07:48,454 [DEBUG]  OP: Operation.SPLIT_COLUMNS on slice (259, 2) (remaining tasks 42)
2025-04-22 15:07:48,559 [DEBUG]  		found 1 col clusters (in 0.10523 secs)
2025-04-22 15:07:48,560 [DEBUG]  OP: Operation.NAIVE_FACTORIZATION on slice (50, 2) (remaining tasks 42)
2025-04-22 15:07:48,561 [DEBUG]  		naive factorization 2 columns (in 0.00136 secs)
2025-04-22 15:07:48,561 [DEBUG]  OP: Operation.SPLIT_COLUMNS on slice (229, 2) (remaining tasks 41)
2025-04-22 15:07:48,666 [DEBUG]  		found 1 col clusters (in 0.10466 secs)
2025-04-22 15:07:48,666 [DEBUG]  OP: Operation.NAIVE_FACTORIZATION on slice (175, 2) (remaining tasks 41)
2025-04-22 15:07:48,668 [DEBUG]  		naive factorization 2 columns (in 0.00196 secs)
2025-04-22 15:07:48,668 [DEBUG]  OP: Operation.NAIVE_FACTORIZATION on slice (161, 2) (remaining tasks 40)
2025-04-22 15:07:48,671 [DEBUG]  		naive factorization 2 columns (in 0.00244 secs)
2025-04-22 15:07:48,671 [DEBUG]  OP: Operation.NAIVE_FACTORIZATION on slice (69, 2) (remaining tasks 39)
2025-04-22 15:07:48,673 [DEBUG]  		naive factorization 2 columns (in 0.00186 secs)
2025-04-22 15:07:48,673 [DEBUG]  OP: Operation.SPLIT_COLUMNS on slice (236, 2) (remaining tasks 38)
2025-04-22 15:07:48,778 [DEBUG]  		found 1 col clusters (in 0.10464 secs)
2025-04-22 15:07:48,778 [DEBUG]  OP: Operation.SPLIT_COLUMNS on slice (248, 2) (remaining tasks 38)
2025-04-22 15:07:48,883 [DEBUG]  		found 1 col clusters (in 0.10470 secs)
2025-04-22 15:07:48,883 [DEBUG]  OP: Operation.SPLIT_COLUMNS on slice (255, 2) (remaining tasks 38)
2025-04-22 15:07:48,989 [DEBUG]  		found 1 col clusters (in 0.10538 secs)
2025-04-22 15:07:48,989 [DEBUG]  OP: Operation.SPLIT_COLUMNS on slice (244, 2) (remaining tasks 38)
2025-04-22 15:07:49,094 [DEBUG]  		found 1 col clusters (in 0.10449 secs)
2025-04-22 15:07:49,094 [DEBUG]  OP: Operation.NAIVE_FACTORIZATION on slice (167, 2) (remaining tasks 38)
2025-04-22 15:07:49,096 [DEBUG]  		naive factorization 2 columns (in 0.00194 secs)
2025-04-22 15:07:49,096 [DEBUG]  OP: Operation.NAIVE_FACTORIZATION on slice (72, 2) (remaining tasks 37)
2025-04-22 15:07:49,098 [DEBUG]  		naive factorization 2 columns (in 0.00145 secs)
2025-04-22 15:07:49,098 [DEBUG]  OP: Operation.SPLIT_COLUMNS on slice (233, 2) (remaining tasks 36)
2025-04-22 15:07:49,203 [DEBUG]  		found 1 col clusters (in 0.10516 secs)
2025-04-22 15:07:49,204 [DEBUG]  OP: Operation.NAIVE_FACTORIZATION on slice (99, 2) (remaining tasks 36)
2025-04-22 15:07:49,206 [DEBUG]  		naive factorization 2 columns (in 0.00221 secs)
2025-04-22 15:07:49,206 [DEBUG]  OP: Operation.NAIVE_FACTORIZATION on slice (131, 2) (remaining tasks 35)
2025-04-22 15:07:49,208 [DEBUG]  		naive factorization 2 columns (in 0.00173 secs)
2025-04-22 15:07:49,208 [DEBUG]  OP: Operation.NAIVE_FACTORIZATION on slice (96, 2) (remaining tasks 34)
2025-04-22 15:07:49,210 [DEBUG]  		naive factorization 2 columns (in 0.00159 secs)
2025-04-22 15:07:49,210 [DEBUG]  OP: Operation.NAIVE_FACTORIZATION on slice (91, 2) (remaining tasks 33)
2025-04-22 15:07:49,212 [DEBUG]  		naive factorization 2 columns (in 0.00156 secs)
2025-04-22 15:07:49,212 [DEBUG]  OP: Operation.NAIVE_FACTORIZATION on slice (115, 2) (remaining tasks 32)
2025-04-22 15:07:49,214 [DEBUG]  		naive factorization 2 columns (in 0.00155 secs)
2025-04-22 15:07:49,214 [DEBUG]  OP: Operation.NAIVE_FACTORIZATION on slice (159, 2) (remaining tasks 31)
2025-04-22 15:07:49,216 [DEBUG]  		naive factorization 2 columns (in 0.00175 secs)
2025-04-22 15:07:49,216 [DEBUG]  OP: Operation.NAIVE_FACTORIZATION on slice (59, 2) (remaining tasks 30)
2025-04-22 15:07:49,218 [DEBUG]  		naive factorization 2 columns (in 0.00138 secs)
2025-04-22 15:07:49,218 [DEBUG]  OP: Operation.NAIVE_FACTORIZATION on slice (43, 2) (remaining tasks 29)
2025-04-22 15:07:49,219 [DEBUG]  		naive factorization 2 columns (in 0.00124 secs)
2025-04-22 15:07:49,219 [DEBUG]  OP: Operation.NAIVE_FACTORIZATION on slice (188, 2) (remaining tasks 28)
2025-04-22 15:07:49,221 [DEBUG]  		naive factorization 2 columns (in 0.00191 secs)
2025-04-22 15:07:49,222 [DEBUG]  OP: Operation.NAIVE_FACTORIZATION on slice (161, 2) (remaining tasks 27)
2025-04-22 15:07:49,223 [DEBUG]  		naive factorization 2 columns (in 0.00170 secs)
2025-04-22 15:07:49,224 [DEBUG]  OP: Operation.NAIVE_FACTORIZATION on slice (88, 2) (remaining tasks 26)
2025-04-22 15:07:49,225 [DEBUG]  		naive factorization 2 columns (in 0.00137 secs)
2025-04-22 15:07:49,225 [DEBUG]  OP: Operation.NAIVE_FACTORIZATION on slice (87, 2) (remaining tasks 25)
2025-04-22 15:07:49,227 [DEBUG]  		naive factorization 2 columns (in 0.00196 secs)
2025-04-22 15:07:49,227 [DEBUG]  OP: Operation.NAIVE_FACTORIZATION on slice (147, 2) (remaining tasks 24)
2025-04-22 15:07:49,230 [DEBUG]  		naive factorization 2 columns (in 0.00233 secs)
2025-04-22 15:07:49,230 [DEBUG]  OP: Operation.NAIVE_FACTORIZATION on slice (174, 2) (remaining tasks 23)
2025-04-22 15:07:49,232 [DEBUG]  		naive factorization 2 columns (in 0.00188 secs)
2025-04-22 15:07:49,232 [DEBUG]  OP: Operation.NAIVE_FACTORIZATION on slice (88, 2) (remaining tasks 22)
2025-04-22 15:07:49,234 [DEBUG]  		naive factorization 2 columns (in 0.00151 secs)
2025-04-22 15:07:49,234 [DEBUG]  OP: Operation.NAIVE_FACTORIZATION on slice (167, 2) (remaining tasks 21)
2025-04-22 15:07:49,237 [DEBUG]  		naive factorization 2 columns (in 0.00246 secs)
2025-04-22 15:07:49,237 [DEBUG]  OP: Operation.NAIVE_FACTORIZATION on slice (79, 2) (remaining tasks 20)
2025-04-22 15:07:49,238 [DEBUG]  		naive factorization 2 columns (in 0.00140 secs)
2025-04-22 15:07:49,239 [DEBUG]  OP: Operation.SPLIT_ROWS on slice (254, 2) (remaining tasks 19)
2025-04-22 15:07:49,265 [DEBUG]  		found 2 row clusters (in 0.02652 secs)
2025-04-22 15:07:49,266 [DEBUG]  OP: Operation.SPLIT_ROWS on slice (296, 2) (remaining tasks 20)
2025-04-22 15:07:49,293 [DEBUG]  		found 2 row clusters (in 0.02737 secs)
2025-04-22 15:07:49,293 [DEBUG]  OP: Operation.SPLIT_ROWS on slice (284, 2) (remaining tasks 21)
2025-04-22 15:07:49,316 [DEBUG]  		found 2 row clusters (in 0.02201 secs)
2025-04-22 15:07:49,316 [DEBUG]  OP: Operation.SPLIT_ROWS on slice (283, 2) (remaining tasks 22)
2025-04-22 15:07:49,335 [DEBUG]  		found 2 row clusters (in 0.01957 secs)
2025-04-22 15:07:49,336 [DEBUG]  OP: Operation.SPLIT_ROWS on slice (244, 2) (remaining tasks 23)
2025-04-22 15:07:49,360 [DEBUG]  		found 2 row clusters (in 0.02417 secs)
2025-04-22 15:07:49,360 [DEBUG]  OP: Operation.SPLIT_ROWS on slice (227, 2) (remaining tasks 24)
2025-04-22 15:07:49,380 [DEBUG]  		found 2 row clusters (in 0.02002 secs)
2025-04-22 15:07:49,380 [DEBUG]  OP: Operation.SPLIT_ROWS on slice (307, 2) (remaining tasks 25)
2025-04-22 15:07:49,402 [DEBUG]  		found 2 row clusters (in 0.02157 secs)
2025-04-22 15:07:49,402 [DEBUG]  OP: Operation.SPLIT_ROWS on slice (221, 2) (remaining tasks 26)
2025-04-22 15:07:49,423 [DEBUG]  		found 2 row clusters (in 0.02101 secs)
2025-04-22 15:07:49,424 [DEBUG]  OP: Operation.SPLIT_ROWS on slice (250, 2) (remaining tasks 27)
2025-04-22 15:07:49,445 [DEBUG]  		found 2 row clusters (in 0.02155 secs)
2025-04-22 15:07:49,445 [DEBUG]  OP: Operation.SPLIT_ROWS on slice (257, 2) (remaining tasks 28)
2025-04-22 15:07:49,465 [DEBUG]  		found 2 row clusters (in 0.01978 secs)
2025-04-22 15:07:49,466 [DEBUG]  OP: Operation.SPLIT_ROWS on slice (255, 2) (remaining tasks 29)
2025-04-22 15:07:49,485 [DEBUG]  		found 2 row clusters (in 0.01944 secs)
2025-04-22 15:07:49,485 [DEBUG]  OP: Operation.SPLIT_ROWS on slice (257, 2) (remaining tasks 30)
2025-04-22 15:07:49,503 [DEBUG]  		found 2 row clusters (in 0.01748 secs)
2025-04-22 15:07:49,503 [DEBUG]  OP: Operation.SPLIT_ROWS on slice (213, 2) (remaining tasks 31)
2025-04-22 15:07:49,518 [DEBUG]  		found 2 row clusters (in 0.01525 secs)
2025-04-22 15:07:49,518 [DEBUG]  OP: Operation.SPLIT_ROWS on slice (259, 2) (remaining tasks 32)
2025-04-22 15:07:49,547 [DEBUG]  		found 2 row clusters (in 0.02826 secs)
2025-04-22 15:07:49,547 [DEBUG]  OP: Operation.SPLIT_ROWS on slice (229, 2) (remaining tasks 33)
2025-04-22 15:07:49,566 [DEBUG]  		found 2 row clusters (in 0.01916 secs)
2025-04-22 15:07:49,566 [DEBUG]  OP: Operation.SPLIT_ROWS on slice (236, 2) (remaining tasks 34)
2025-04-22 15:07:49,586 [DEBUG]  		found 2 row clusters (in 0.01987 secs)
2025-04-22 15:07:49,587 [DEBUG]  OP: Operation.SPLIT_ROWS on slice (248, 2) (remaining tasks 35)
2025-04-22 15:07:49,608 [DEBUG]  		found 2 row clusters (in 0.02125 secs)
2025-04-22 15:07:49,608 [DEBUG]  OP: Operation.SPLIT_ROWS on slice (255, 2) (remaining tasks 36)
2025-04-22 15:07:49,625 [DEBUG]  		found 2 row clusters (in 0.01701 secs)
2025-04-22 15:07:49,625 [DEBUG]  OP: Operation.SPLIT_ROWS on slice (244, 2) (remaining tasks 37)
2025-04-22 15:07:49,644 [DEBUG]  		found 2 row clusters (in 0.01823 secs)
2025-04-22 15:07:49,644 [DEBUG]  OP: Operation.SPLIT_ROWS on slice (233, 2) (remaining tasks 38)
2025-04-22 15:07:49,660 [DEBUG]  		found 2 row clusters (in 0.01587 secs)
2025-04-22 15:07:49,660 [DEBUG]  OP: Operation.NAIVE_FACTORIZATION on slice (183, 2) (remaining tasks 39)
2025-04-22 15:07:49,663 [DEBUG]  		naive factorization 2 columns (in 0.00293 secs)
2025-04-22 15:07:49,663 [DEBUG]  OP: Operation.NAIVE_FACTORIZATION on slice (71, 2) (remaining tasks 38)
2025-04-22 15:07:49,665 [DEBUG]  		naive factorization 2 columns (in 0.00181 secs)
2025-04-22 15:07:49,665 [DEBUG]  OP: Operation.NAIVE_FACTORIZATION on slice (154, 2) (remaining tasks 37)
2025-04-22 15:07:49,668 [DEBUG]  		naive factorization 2 columns (in 0.00274 secs)
2025-04-22 15:07:49,668 [DEBUG]  OP: Operation.NAIVE_FACTORIZATION on slice (142, 2) (remaining tasks 36)
2025-04-22 15:07:49,671 [DEBUG]  		naive factorization 2 columns (in 0.00248 secs)
2025-04-22 15:07:49,671 [DEBUG]  OP: Operation.SPLIT_COLUMNS on slice (240, 2) (remaining tasks 35)
2025-04-22 15:07:49,778 [DEBUG]  		found 1 col clusters (in 0.10692 secs)
2025-04-22 15:07:49,778 [DEBUG]  OP: Operation.NAIVE_FACTORIZATION on slice (44, 2) (remaining tasks 35)
2025-04-22 15:07:49,780 [DEBUG]  		naive factorization 2 columns (in 0.00136 secs)
2025-04-22 15:07:49,780 [DEBUG]  OP: Operation.NAIVE_FACTORIZATION on slice (155, 2) (remaining tasks 34)
2025-04-22 15:07:49,782 [DEBUG]  		naive factorization 2 columns (in 0.00189 secs)
2025-04-22 15:07:49,782 [DEBUG]  OP: Operation.NAIVE_FACTORIZATION on slice (128, 2) (remaining tasks 33)
2025-04-22 15:07:49,784 [DEBUG]  		naive factorization 2 columns (in 0.00172 secs)
2025-04-22 15:07:49,784 [DEBUG]  OP: Operation.NAIVE_FACTORIZATION on slice (59, 2) (remaining tasks 32)
2025-04-22 15:07:49,786 [DEBUG]  		naive factorization 2 columns (in 0.00143 secs)
2025-04-22 15:07:49,786 [DEBUG]  OP: Operation.NAIVE_FACTORIZATION on slice (185, 2) (remaining tasks 31)
2025-04-22 15:07:49,788 [DEBUG]  		naive factorization 2 columns (in 0.00202 secs)
2025-04-22 15:07:49,789 [DEBUG]  OP: Operation.NAIVE_FACTORIZATION on slice (177, 2) (remaining tasks 30)
2025-04-22 15:07:49,791 [DEBUG]  		naive factorization 2 columns (in 0.00270 secs)
2025-04-22 15:07:49,792 [DEBUG]  OP: Operation.NAIVE_FACTORIZATION on slice (50, 2) (remaining tasks 29)
2025-04-22 15:07:49,793 [DEBUG]  		naive factorization 2 columns (in 0.00175 secs)
2025-04-22 15:07:49,794 [DEBUG]  OP: Operation.NAIVE_FACTORIZATION on slice (86, 2) (remaining tasks 28)
2025-04-22 15:07:49,795 [DEBUG]  		naive factorization 2 columns (in 0.00143 secs)
2025-04-22 15:07:49,795 [DEBUG]  OP: Operation.SPLIT_COLUMNS on slice (221, 2) (remaining tasks 27)
2025-04-22 15:07:49,901 [DEBUG]  		found 1 col clusters (in 0.10506 secs)
2025-04-22 15:07:49,901 [DEBUG]  OP: Operation.NAIVE_FACTORIZATION on slice (60, 2) (remaining tasks 27)
2025-04-22 15:07:49,902 [DEBUG]  		naive factorization 2 columns (in 0.00142 secs)
2025-04-22 15:07:49,903 [DEBUG]  OP: Operation.NAIVE_FACTORIZATION on slice (161, 2) (remaining tasks 26)
2025-04-22 15:07:49,905 [DEBUG]  		naive factorization 2 columns (in 0.00236 secs)
2025-04-22 15:07:49,905 [DEBUG]  OP: Operation.NAIVE_FACTORIZATION on slice (153, 2) (remaining tasks 25)
2025-04-22 15:07:49,907 [DEBUG]  		naive factorization 2 columns (in 0.00179 secs)
2025-04-22 15:07:49,907 [DEBUG]  OP: Operation.NAIVE_FACTORIZATION on slice (97, 2) (remaining tasks 24)
2025-04-22 15:07:49,909 [DEBUG]  		naive factorization 2 columns (in 0.00137 secs)
2025-04-22 15:07:49,909 [DEBUG]  OP: Operation.NAIVE_FACTORIZATION on slice (122, 2) (remaining tasks 23)
2025-04-22 15:07:49,911 [DEBUG]  		naive factorization 2 columns (in 0.00151 secs)
2025-04-22 15:07:49,911 [DEBUG]  OP: Operation.NAIVE_FACTORIZATION on slice (135, 2) (remaining tasks 22)
2025-04-22 15:07:49,913 [DEBUG]  		naive factorization 2 columns (in 0.00159 secs)
2025-04-22 15:07:49,913 [DEBUG]  OP: Operation.NAIVE_FACTORIZATION on slice (191, 2) (remaining tasks 21)
2025-04-22 15:07:49,915 [DEBUG]  		naive factorization 2 columns (in 0.00203 secs)
2025-04-22 15:07:49,915 [DEBUG]  OP: Operation.NAIVE_FACTORIZATION on slice (64, 2) (remaining tasks 20)
2025-04-22 15:07:49,916 [DEBUG]  		naive factorization 2 columns (in 0.00123 secs)
2025-04-22 15:07:49,917 [DEBUG]  OP: Operation.NAIVE_FACTORIZATION on slice (52, 2) (remaining tasks 19)
2025-04-22 15:07:49,918 [DEBUG]  		naive factorization 2 columns (in 0.00113 secs)
2025-04-22 15:07:49,918 [DEBUG]  OP: Operation.NAIVE_FACTORIZATION on slice (205, 2) (remaining tasks 18)
2025-04-22 15:07:49,920 [DEBUG]  		naive factorization 2 columns (in 0.00189 secs)
2025-04-22 15:07:49,920 [DEBUG]  OP: Operation.NAIVE_FACTORIZATION on slice (108, 2) (remaining tasks 17)
2025-04-22 15:07:49,922 [DEBUG]  		naive factorization 2 columns (in 0.00162 secs)
2025-04-22 15:07:49,922 [DEBUG]  OP: Operation.NAIVE_FACTORIZATION on slice (105, 2) (remaining tasks 16)
2025-04-22 15:07:49,924 [DEBUG]  		naive factorization 2 columns (in 0.00156 secs)
2025-04-22 15:07:49,924 [DEBUG]  OP: Operation.NAIVE_FACTORIZATION on slice (96, 2) (remaining tasks 15)
2025-04-22 15:07:49,926 [DEBUG]  		naive factorization 2 columns (in 0.00192 secs)
2025-04-22 15:07:49,926 [DEBUG]  OP: Operation.NAIVE_FACTORIZATION on slice (163, 2) (remaining tasks 14)
2025-04-22 15:07:49,929 [DEBUG]  		naive factorization 2 columns (in 0.00243 secs)
2025-04-22 15:07:49,929 [DEBUG]  OP: Operation.NAIVE_FACTORIZATION on slice (55, 2) (remaining tasks 13)
2025-04-22 15:07:49,930 [DEBUG]  		naive factorization 2 columns (in 0.00126 secs)
2025-04-22 15:07:49,931 [DEBUG]  OP: Operation.NAIVE_FACTORIZATION on slice (174, 2) (remaining tasks 12)
2025-04-22 15:07:49,933 [DEBUG]  		naive factorization 2 columns (in 0.00177 secs)
2025-04-22 15:07:49,933 [DEBUG]  OP: Operation.NAIVE_FACTORIZATION on slice (202, 2) (remaining tasks 11)
2025-04-22 15:07:49,936 [DEBUG]  		naive factorization 2 columns (in 0.00284 secs)
2025-04-22 15:07:49,936 [DEBUG]  OP: Operation.NAIVE_FACTORIZATION on slice (34, 2) (remaining tasks 10)
2025-04-22 15:07:49,937 [DEBUG]  		naive factorization 2 columns (in 0.00114 secs)
2025-04-22 15:07:49,937 [DEBUG]  OP: Operation.SPLIT_COLUMNS on slice (225, 2) (remaining tasks 9)
2025-04-22 15:07:50,043 [DEBUG]  		found 1 col clusters (in 0.10532 secs)
2025-04-22 15:07:50,043 [DEBUG]  OP: Operation.NAIVE_FACTORIZATION on slice (23, 2) (remaining tasks 9)
2025-04-22 15:07:50,044 [DEBUG]  		naive factorization 2 columns (in 0.00116 secs)
2025-04-22 15:07:50,045 [DEBUG]  OP: Operation.NAIVE_FACTORIZATION on slice (187, 2) (remaining tasks 8)
2025-04-22 15:07:50,047 [DEBUG]  		naive factorization 2 columns (in 0.00183 secs)
2025-04-22 15:07:50,047 [DEBUG]  OP: Operation.NAIVE_FACTORIZATION on slice (68, 2) (remaining tasks 7)
2025-04-22 15:07:50,048 [DEBUG]  		naive factorization 2 columns (in 0.00121 secs)
2025-04-22 15:07:50,048 [DEBUG]  OP: Operation.NAIVE_FACTORIZATION on slice (96, 2) (remaining tasks 6)
2025-04-22 15:07:50,050 [DEBUG]  		naive factorization 2 columns (in 0.00135 secs)
2025-04-22 15:07:50,050 [DEBUG]  OP: Operation.NAIVE_FACTORIZATION on slice (148, 2) (remaining tasks 5)
2025-04-22 15:07:50,052 [DEBUG]  		naive factorization 2 columns (in 0.00160 secs)
2025-04-22 15:07:50,052 [DEBUG]  OP: Operation.NAIVE_FACTORIZATION on slice (184, 2) (remaining tasks 4)
2025-04-22 15:07:50,054 [DEBUG]  		naive factorization 2 columns (in 0.00188 secs)
2025-04-22 15:07:50,054 [DEBUG]  OP: Operation.NAIVE_FACTORIZATION on slice (49, 2) (remaining tasks 3)
2025-04-22 15:07:50,055 [DEBUG]  		naive factorization 2 columns (in 0.00119 secs)
2025-04-22 15:07:50,056 [DEBUG]  OP: Operation.SPLIT_ROWS on slice (240, 2) (remaining tasks 2)
2025-04-22 15:07:50,087 [DEBUG]  		found 2 row clusters (in 0.03078 secs)
2025-04-22 15:07:50,087 [DEBUG]  OP: Operation.SPLIT_ROWS on slice (221, 2) (remaining tasks 3)
2025-04-22 15:07:50,124 [DEBUG]  		found 2 row clusters (in 0.03661 secs)
2025-04-22 15:07:50,124 [DEBUG]  OP: Operation.SPLIT_ROWS on slice (225, 2) (remaining tasks 4)
2025-04-22 15:07:50,148 [DEBUG]  		found 2 row clusters (in 0.02424 secs)
2025-04-22 15:07:50,148 [DEBUG]  OP: Operation.NAIVE_FACTORIZATION on slice (135, 2) (remaining tasks 5)
2025-04-22 15:07:50,150 [DEBUG]  		naive factorization 2 columns (in 0.00190 secs)
2025-04-22 15:07:50,150 [DEBUG]  OP: Operation.NAIVE_FACTORIZATION on slice (105, 2) (remaining tasks 4)
2025-04-22 15:07:50,153 [DEBUG]  		naive factorization 2 columns (in 0.00213 secs)
2025-04-22 15:07:50,153 [DEBUG]  OP: Operation.NAIVE_FACTORIZATION on slice (95, 2) (remaining tasks 3)
2025-04-22 15:07:50,155 [DEBUG]  		naive factorization 2 columns (in 0.00217 secs)
2025-04-22 15:07:50,155 [DEBUG]  OP: Operation.NAIVE_FACTORIZATION on slice (126, 2) (remaining tasks 2)
2025-04-22 15:07:50,158 [DEBUG]  		naive factorization 2 columns (in 0.00249 secs)
2025-04-22 15:07:50,158 [DEBUG]  OP: Operation.NAIVE_FACTORIZATION on slice (118, 2) (remaining tasks 1)
2025-04-22 15:07:50,160 [DEBUG]  		naive factorization 2 columns (in 0.00202 secs)
2025-04-22 15:07:50,161 [DEBUG]  OP: Operation.NAIVE_FACTORIZATION on slice (107, 2) (remaining tasks 0)
2025-04-22 15:07:50,163 [DEBUG]  		naive factorization 2 columns (in 0.00235 secs)
2025-04-22 15:07:50,748 [DEBUG]  Built SPN in 28.344166609997046 sec
2025-04-22 15:07:50,748 [INFO ]  Saving ensemble to /home/dafn/card/deepcard/collected_temp_benchmarks/spn_ensembles/2D elastodynamic metamaterials/ensemble_single_data1_10000000.pkl
