2025-04-24 22:07:43,684 [INFO ]  Creating naive ensemble.
2025-04-24 22:07:43,684 [INFO ]  Learning SPN for dataset.
2025-04-24 22:07:43,684 [DEBUG]  generate_join_sample(single_table=dataset, relationship_list=None, split_condition=None)
2025-04-24 22:07:43,713 [DEBUG]  Using min_instance_slice parameter 357.17.
2025-04-24 22:07:43,713 [INFO ]  SPN training phase with 35717 samples
2025-04-24 22:07:43,716 [DEBUG]  Built domains in 0.0036320670042186975 sec
2025-04-24 22:07:44,076 [DEBUG]  CACHEDIR=/home/dafn/.cache/matplotlib
2025-04-24 22:07:44,078 [DEBUG]  Using fontManager instance from /home/dafn/.cache/matplotlib/fontlist-v300.json
2025-04-24 22:07:44,172 [DEBUG]  Loaded backend qt5agg version unknown.
2025-04-24 22:07:44,202 [DEBUG]  Loaded backend qt5agg version unknown.
2025-04-24 22:07:44,202 [DEBUG]  Loaded backend qt4agg version unknown.
2025-04-24 22:07:44,209 [DEBUG]  Loaded backend tkagg version unknown.
2025-04-24 22:07:44,210 [DEBUG]  Loaded backend agg version unknown.
2025-04-24 22:07:44,210 [DEBUG]  Loaded backend agg version unknown.
2025-04-24 22:07:44,214 [DEBUG]  OP: Operation.SPLIT_ROWS on slice (35717, 4) (remaining tasks 0)
2025-04-24 22:07:44,371 [DEBUG]  		found 2 row clusters (in 0.15658 secs)
2025-04-24 22:07:44,372 [DEBUG]  OP: Operation.SPLIT_COLUMNS on slice (9862, 4) (remaining tasks 1)
2025-04-24 22:07:44,614 [DEBUG]  		found 3 col clusters (in 0.24195 secs)
2025-04-24 22:07:44,618 [DEBUG]  OP: Operation.SPLIT_COLUMNS on slice (25855, 4) (remaining tasks 3)
2025-04-24 22:07:44,980 [DEBUG]  		found 3 col clusters (in 0.36138 secs)
2025-04-24 22:07:44,980 [DEBUG]  OP: Operation.SPLIT_COLUMNS on slice (9862, 2) (remaining tasks 5)
2025-04-24 22:07:45,224 [DEBUG]  		found 1 col clusters (in 0.24327 secs)
2025-04-24 22:07:45,224 [DEBUG]  OP: Operation.CREATE_LEAF on slice (9862, 1) (remaining tasks 5)
2025-04-24 22:07:45,226 [DEBUG]  		 created leaf IdentityNumericLeaf for scope=[2] (in 0.00181 secs)
2025-04-24 22:07:45,226 [DEBUG]  OP: Operation.CREATE_LEAF on slice (9862, 1) (remaining tasks 4)
2025-04-24 22:07:45,227 [DEBUG]  		 created leaf IdentityNumericLeaf for scope=[3] (in 0.00105 secs)
2025-04-24 22:07:45,228 [DEBUG]  OP: Operation.SPLIT_COLUMNS on slice (25855, 2) (remaining tasks 3)
2025-04-24 22:07:45,338 [DEBUG]  		found 1 col clusters (in 0.11055 secs)
2025-04-24 22:07:45,339 [DEBUG]  OP: Operation.CREATE_LEAF on slice (25855, 1) (remaining tasks 3)
2025-04-24 22:07:45,341 [DEBUG]  		 created leaf IdentityNumericLeaf for scope=[2] (in 0.00269 secs)
2025-04-24 22:07:45,342 [DEBUG]  OP: Operation.CREATE_LEAF on slice (25855, 1) (remaining tasks 2)
2025-04-24 22:07:45,344 [DEBUG]  		 created leaf IdentityNumericLeaf for scope=[3] (in 0.00247 secs)
2025-04-24 22:07:45,345 [DEBUG]  OP: Operation.SPLIT_ROWS on slice (9862, 2) (remaining tasks 1)
2025-04-24 22:07:45,391 [DEBUG]  		found 2 row clusters (in 0.04676 secs)
2025-04-24 22:07:45,392 [DEBUG]  OP: Operation.SPLIT_ROWS on slice (25855, 2) (remaining tasks 2)
2025-04-24 22:07:45,481 [DEBUG]  		found 2 row clusters (in 0.08869 secs)
2025-04-24 22:07:45,481 [DEBUG]  OP: Operation.SPLIT_COLUMNS on slice (2606, 2) (remaining tasks 3)
2025-04-24 22:07:45,587 [DEBUG]  		found 1 col clusters (in 0.10584 secs)
2025-04-24 22:07:45,588 [DEBUG]  OP: Operation.SPLIT_COLUMNS on slice (7256, 2) (remaining tasks 3)
2025-04-24 22:07:45,697 [DEBUG]  		found 1 col clusters (in 0.10805 secs)
2025-04-24 22:07:45,698 [DEBUG]  OP: Operation.SPLIT_COLUMNS on slice (6690, 2) (remaining tasks 3)
2025-04-24 22:07:45,806 [DEBUG]  		found 1 col clusters (in 0.10771 secs)
2025-04-24 22:07:45,808 [DEBUG]  OP: Operation.SPLIT_COLUMNS on slice (19165, 2) (remaining tasks 3)
2025-04-24 22:07:45,919 [DEBUG]  		found 1 col clusters (in 0.11048 secs)
2025-04-24 22:07:45,920 [DEBUG]  OP: Operation.SPLIT_ROWS on slice (2606, 2) (remaining tasks 3)
2025-04-24 22:07:45,939 [DEBUG]  		found 2 row clusters (in 0.01936 secs)
2025-04-24 22:07:45,940 [DEBUG]  OP: Operation.SPLIT_ROWS on slice (7256, 2) (remaining tasks 4)
2025-04-24 22:07:45,974 [DEBUG]  		found 2 row clusters (in 0.03347 secs)
2025-04-24 22:07:45,975 [DEBUG]  OP: Operation.SPLIT_ROWS on slice (6690, 2) (remaining tasks 5)
2025-04-24 22:07:46,009 [DEBUG]  		found 2 row clusters (in 0.03349 secs)
2025-04-24 22:07:46,011 [DEBUG]  OP: Operation.SPLIT_ROWS on slice (19165, 2) (remaining tasks 6)
2025-04-24 22:07:46,066 [DEBUG]  		found 2 row clusters (in 0.05439 secs)
2025-04-24 22:07:46,066 [DEBUG]  OP: Operation.NAIVE_FACTORIZATION on slice (1312, 2) (remaining tasks 7)
2025-04-24 22:07:46,069 [DEBUG]  		naive factorization 2 columns (in 0.00275 secs)
2025-04-24 22:07:46,069 [DEBUG]  OP: Operation.NAIVE_FACTORIZATION on slice (1294, 2) (remaining tasks 6)
2025-04-24 22:07:46,072 [DEBUG]  		naive factorization 2 columns (in 0.00244 secs)
2025-04-24 22:07:46,072 [DEBUG]  OP: Operation.SPLIT_COLUMNS on slice (2134, 2) (remaining tasks 5)
2025-04-24 22:07:46,177 [DEBUG]  		found 1 col clusters (in 0.10476 secs)
2025-04-24 22:07:46,178 [DEBUG]  OP: Operation.SPLIT_COLUMNS on slice (5122, 2) (remaining tasks 5)
2025-04-24 22:07:46,286 [DEBUG]  		found 1 col clusters (in 0.10763 secs)
2025-04-24 22:07:46,287 [DEBUG]  OP: Operation.SPLIT_COLUMNS on slice (6200, 2) (remaining tasks 5)
2025-04-24 22:07:46,399 [DEBUG]  		found 1 col clusters (in 0.11178 secs)
2025-04-24 22:07:46,400 [DEBUG]  OP: Operation.SPLIT_COLUMNS on slice (490, 2) (remaining tasks 5)
2025-04-24 22:07:46,507 [DEBUG]  		found 1 col clusters (in 0.10744 secs)
2025-04-24 22:07:46,509 [DEBUG]  OP: Operation.SPLIT_COLUMNS on slice (10098, 2) (remaining tasks 5)
2025-04-24 22:07:46,619 [DEBUG]  		found 1 col clusters (in 0.11058 secs)
2025-04-24 22:07:46,621 [DEBUG]  OP: Operation.SPLIT_COLUMNS on slice (9067, 2) (remaining tasks 5)
2025-04-24 22:07:46,730 [DEBUG]  		found 1 col clusters (in 0.10887 secs)
2025-04-24 22:07:46,731 [DEBUG]  OP: Operation.SPLIT_ROWS on slice (2134, 2) (remaining tasks 5)
2025-04-24 22:07:46,749 [DEBUG]  		found 2 row clusters (in 0.01867 secs)
2025-04-24 22:07:46,750 [DEBUG]  OP: Operation.SPLIT_ROWS on slice (5122, 2) (remaining tasks 6)
2025-04-24 22:07:46,780 [DEBUG]  		found 2 row clusters (in 0.02943 secs)
2025-04-24 22:07:46,781 [DEBUG]  OP: Operation.SPLIT_ROWS on slice (6200, 2) (remaining tasks 7)
2025-04-24 22:07:46,813 [DEBUG]  		found 2 row clusters (in 0.03169 secs)
2025-04-24 22:07:46,813 [DEBUG]  OP: Operation.SPLIT_ROWS on slice (490, 2) (remaining tasks 8)
2025-04-24 22:07:46,827 [DEBUG]  		found 2 row clusters (in 0.01419 secs)
2025-04-24 22:07:46,829 [DEBUG]  OP: Operation.SPLIT_ROWS on slice (10098, 2) (remaining tasks 9)
2025-04-24 22:07:46,862 [DEBUG]  		found 2 row clusters (in 0.03352 secs)
2025-04-24 22:07:46,863 [DEBUG]  OP: Operation.SPLIT_ROWS on slice (9067, 2) (remaining tasks 10)
2025-04-24 22:07:46,888 [DEBUG]  		found 2 row clusters (in 0.02472 secs)
2025-04-24 22:07:46,888 [DEBUG]  OP: Operation.NAIVE_FACTORIZATION on slice (909, 2) (remaining tasks 11)
2025-04-24 22:07:46,892 [DEBUG]  		naive factorization 2 columns (in 0.00349 secs)
2025-04-24 22:07:46,892 [DEBUG]  OP: Operation.NAIVE_FACTORIZATION on slice (1225, 2) (remaining tasks 10)
2025-04-24 22:07:46,895 [DEBUG]  		naive factorization 2 columns (in 0.00233 secs)
2025-04-24 22:07:46,895 [DEBUG]  OP: Operation.SPLIT_COLUMNS on slice (2498, 2) (remaining tasks 9)
2025-04-24 22:07:47,003 [DEBUG]  		found 1 col clusters (in 0.10815 secs)
2025-04-24 22:07:47,005 [DEBUG]  OP: Operation.SPLIT_COLUMNS on slice (2624, 2) (remaining tasks 9)
2025-04-24 22:07:47,113 [DEBUG]  		found 1 col clusters (in 0.10814 secs)
2025-04-24 22:07:47,113 [DEBUG]  OP: Operation.SPLIT_COLUMNS on slice (5014, 2) (remaining tasks 9)
2025-04-24 22:07:47,219 [DEBUG]  		found 1 col clusters (in 0.10561 secs)
2025-04-24 22:07:47,220 [DEBUG]  OP: Operation.NAIVE_FACTORIZATION on slice (1186, 2) (remaining tasks 9)
2025-04-24 22:07:47,223 [DEBUG]  		naive factorization 2 columns (in 0.00302 secs)
2025-04-24 22:07:47,223 [DEBUG]  OP: Operation.NAIVE_FACTORIZATION on slice (403, 2) (remaining tasks 8)
2025-04-24 22:07:47,227 [DEBUG]  		naive factorization 2 columns (in 0.00332 secs)
2025-04-24 22:07:47,227 [DEBUG]  OP: Operation.NAIVE_FACTORIZATION on slice (87, 2) (remaining tasks 7)
2025-04-24 22:07:47,230 [DEBUG]  		naive factorization 2 columns (in 0.00247 secs)
2025-04-24 22:07:47,231 [DEBUG]  OP: Operation.SPLIT_COLUMNS on slice (3684, 2) (remaining tasks 6)
2025-04-24 22:07:47,337 [DEBUG]  		found 1 col clusters (in 0.10623 secs)
2025-04-24 22:07:47,338 [DEBUG]  OP: Operation.SPLIT_COLUMNS on slice (6414, 2) (remaining tasks 6)
2025-04-24 22:07:47,446 [DEBUG]  		found 1 col clusters (in 0.10811 secs)
2025-04-24 22:07:47,447 [DEBUG]  OP: Operation.SPLIT_COLUMNS on slice (6515, 2) (remaining tasks 6)
2025-04-24 22:07:47,555 [DEBUG]  		found 1 col clusters (in 0.10770 secs)
2025-04-24 22:07:47,556 [DEBUG]  OP: Operation.SPLIT_COLUMNS on slice (2552, 2) (remaining tasks 6)
2025-04-24 22:07:47,662 [DEBUG]  		found 1 col clusters (in 0.10580 secs)
2025-04-24 22:07:47,663 [DEBUG]  OP: Operation.SPLIT_ROWS on slice (2498, 2) (remaining tasks 6)
2025-04-24 22:07:47,684 [DEBUG]  		found 2 row clusters (in 0.02077 secs)
2025-04-24 22:07:47,684 [DEBUG]  OP: Operation.SPLIT_ROWS on slice (2624, 2) (remaining tasks 7)
2025-04-24 22:07:47,698 [DEBUG]  		found 2 row clusters (in 0.01400 secs)
2025-04-24 22:07:47,699 [DEBUG]  OP: Operation.SPLIT_ROWS on slice (5014, 2) (remaining tasks 8)
2025-04-24 22:07:47,721 [DEBUG]  		found 2 row clusters (in 0.02186 secs)
2025-04-24 22:07:47,721 [DEBUG]  OP: Operation.SPLIT_ROWS on slice (3684, 2) (remaining tasks 9)
2025-04-24 22:07:47,740 [DEBUG]  		found 2 row clusters (in 0.01921 secs)
2025-04-24 22:07:47,741 [DEBUG]  OP: Operation.SPLIT_ROWS on slice (6414, 2) (remaining tasks 10)
2025-04-24 22:07:47,765 [DEBUG]  		found 2 row clusters (in 0.02425 secs)
2025-04-24 22:07:47,766 [DEBUG]  OP: Operation.SPLIT_ROWS on slice (6515, 2) (remaining tasks 11)
2025-04-24 22:07:47,788 [DEBUG]  		found 2 row clusters (in 0.02194 secs)
2025-04-24 22:07:47,788 [DEBUG]  OP: Operation.SPLIT_ROWS on slice (2552, 2) (remaining tasks 12)
2025-04-24 22:07:47,801 [DEBUG]  		found 2 row clusters (in 0.01244 secs)
2025-04-24 22:07:47,801 [DEBUG]  OP: Operation.NAIVE_FACTORIZATION on slice (1312, 2) (remaining tasks 13)
2025-04-24 22:07:47,804 [DEBUG]  		naive factorization 2 columns (in 0.00287 secs)
2025-04-24 22:07:47,804 [DEBUG]  OP: Operation.NAIVE_FACTORIZATION on slice (1186, 2) (remaining tasks 12)
2025-04-24 22:07:47,807 [DEBUG]  		naive factorization 2 columns (in 0.00265 secs)
2025-04-24 22:07:47,807 [DEBUG]  OP: Operation.NAIVE_FACTORIZATION on slice (1312, 2) (remaining tasks 11)
2025-04-24 22:07:47,810 [DEBUG]  		naive factorization 2 columns (in 0.00255 secs)
2025-04-24 22:07:47,810 [DEBUG]  OP: Operation.NAIVE_FACTORIZATION on slice (1312, 2) (remaining tasks 10)
2025-04-24 22:07:47,813 [DEBUG]  		naive factorization 2 columns (in 0.00257 secs)
2025-04-24 22:07:47,813 [DEBUG]  OP: Operation.SPLIT_COLUMNS on slice (2498, 2) (remaining tasks 9)
2025-04-24 22:07:47,920 [DEBUG]  		found 1 col clusters (in 0.10680 secs)
2025-04-24 22:07:47,921 [DEBUG]  OP: Operation.SPLIT_COLUMNS on slice (2516, 2) (remaining tasks 9)
2025-04-24 22:07:48,027 [DEBUG]  		found 1 col clusters (in 0.10588 secs)
2025-04-24 22:07:48,027 [DEBUG]  OP: Operation.SPLIT_COLUMNS on slice (2480, 2) (remaining tasks 9)
2025-04-24 22:07:48,134 [DEBUG]  		found 1 col clusters (in 0.10662 secs)
2025-04-24 22:07:48,134 [DEBUG]  OP: Operation.NAIVE_FACTORIZATION on slice (1204, 2) (remaining tasks 9)
2025-04-24 22:07:48,137 [DEBUG]  		naive factorization 2 columns (in 0.00259 secs)
2025-04-24 22:07:48,138 [DEBUG]  OP: Operation.SPLIT_COLUMNS on slice (3916, 2) (remaining tasks 8)
2025-04-24 22:07:48,245 [DEBUG]  		found 1 col clusters (in 0.10677 secs)
2025-04-24 22:07:48,245 [DEBUG]  OP: Operation.SPLIT_COLUMNS on slice (2498, 2) (remaining tasks 8)
2025-04-24 22:07:48,352 [DEBUG]  		found 1 col clusters (in 0.10641 secs)
2025-04-24 22:07:48,353 [DEBUG]  OP: Operation.SPLIT_COLUMNS on slice (5203, 2) (remaining tasks 8)
2025-04-24 22:07:48,460 [DEBUG]  		found 1 col clusters (in 0.10723 secs)
2025-04-24 22:07:48,461 [DEBUG]  OP: Operation.NAIVE_FACTORIZATION on slice (1312, 2) (remaining tasks 8)
2025-04-24 22:07:48,463 [DEBUG]  		naive factorization 2 columns (in 0.00262 secs)
2025-04-24 22:07:48,464 [DEBUG]  OP: Operation.NAIVE_FACTORIZATION on slice (1276, 2) (remaining tasks 7)
2025-04-24 22:07:48,466 [DEBUG]  		naive factorization 2 columns (in 0.00248 secs)
2025-04-24 22:07:48,467 [DEBUG]  OP: Operation.NAIVE_FACTORIZATION on slice (1276, 2) (remaining tasks 6)
2025-04-24 22:07:48,469 [DEBUG]  		naive factorization 2 columns (in 0.00210 secs)
2025-04-24 22:07:48,469 [DEBUG]  OP: Operation.SPLIT_ROWS on slice (2498, 2) (remaining tasks 5)
2025-04-24 22:07:48,489 [DEBUG]  		found 2 row clusters (in 0.01908 secs)
2025-04-24 22:07:48,489 [DEBUG]  OP: Operation.SPLIT_ROWS on slice (2516, 2) (remaining tasks 6)
2025-04-24 22:07:48,508 [DEBUG]  		found 2 row clusters (in 0.01895 secs)
2025-04-24 22:07:48,509 [DEBUG]  OP: Operation.SPLIT_ROWS on slice (2480, 2) (remaining tasks 7)
2025-04-24 22:07:48,528 [DEBUG]  		found 2 row clusters (in 0.01871 secs)
2025-04-24 22:07:48,528 [DEBUG]  OP: Operation.SPLIT_ROWS on slice (3916, 2) (remaining tasks 8)
2025-04-24 22:07:48,555 [DEBUG]  		found 2 row clusters (in 0.02696 secs)
2025-04-24 22:07:48,556 [DEBUG]  OP: Operation.SPLIT_ROWS on slice (2498, 2) (remaining tasks 9)
2025-04-24 22:07:48,573 [DEBUG]  		found 2 row clusters (in 0.01699 secs)
2025-04-24 22:07:48,573 [DEBUG]  OP: Operation.SPLIT_ROWS on slice (5203, 2) (remaining tasks 10)
2025-04-24 22:07:48,593 [DEBUG]  		found 2 row clusters (in 0.01901 secs)
2025-04-24 22:07:48,593 [DEBUG]  OP: Operation.NAIVE_FACTORIZATION on slice (1312, 2) (remaining tasks 11)
2025-04-24 22:07:48,595 [DEBUG]  		naive factorization 2 columns (in 0.00160 secs)
2025-04-24 22:07:48,595 [DEBUG]  OP: Operation.NAIVE_FACTORIZATION on slice (1186, 2) (remaining tasks 10)
2025-04-24 22:07:48,596 [DEBUG]  		naive factorization 2 columns (in 0.00122 secs)
2025-04-24 22:07:48,596 [DEBUG]  OP: Operation.NAIVE_FACTORIZATION on slice (1312, 2) (remaining tasks 9)
2025-04-24 22:07:48,598 [DEBUG]  		naive factorization 2 columns (in 0.00158 secs)
2025-04-24 22:07:48,598 [DEBUG]  OP: Operation.NAIVE_FACTORIZATION on slice (1204, 2) (remaining tasks 8)
2025-04-24 22:07:48,599 [DEBUG]  		naive factorization 2 columns (in 0.00108 secs)
2025-04-24 22:07:48,599 [DEBUG]  OP: Operation.NAIVE_FACTORIZATION on slice (1186, 2) (remaining tasks 7)
2025-04-24 22:07:48,601 [DEBUG]  		naive factorization 2 columns (in 0.00137 secs)
2025-04-24 22:07:48,601 [DEBUG]  OP: Operation.NAIVE_FACTORIZATION on slice (1294, 2) (remaining tasks 6)
2025-04-24 22:07:48,603 [DEBUG]  		naive factorization 2 columns (in 0.00135 secs)
2025-04-24 22:07:48,603 [DEBUG]  OP: Operation.NAIVE_FACTORIZATION on slice (1292, 2) (remaining tasks 5)
2025-04-24 22:07:48,604 [DEBUG]  		naive factorization 2 columns (in 0.00110 secs)
2025-04-24 22:07:48,604 [DEBUG]  OP: Operation.SPLIT_COLUMNS on slice (2624, 2) (remaining tasks 4)
2025-04-24 22:07:48,711 [DEBUG]  		found 1 col clusters (in 0.10689 secs)
2025-04-24 22:07:48,712 [DEBUG]  OP: Operation.NAIVE_FACTORIZATION on slice (1186, 2) (remaining tasks 4)
2025-04-24 22:07:48,713 [DEBUG]  		naive factorization 2 columns (in 0.00145 secs)
2025-04-24 22:07:48,714 [DEBUG]  OP: Operation.NAIVE_FACTORIZATION on slice (1312, 2) (remaining tasks 3)
2025-04-24 22:07:48,715 [DEBUG]  		naive factorization 2 columns (in 0.00121 secs)
2025-04-24 22:07:48,716 [DEBUG]  OP: Operation.SPLIT_COLUMNS on slice (2600, 2) (remaining tasks 2)
2025-04-24 22:07:48,822 [DEBUG]  		found 1 col clusters (in 0.10625 secs)
2025-04-24 22:07:48,823 [DEBUG]  OP: Operation.SPLIT_COLUMNS on slice (2603, 2) (remaining tasks 2)
2025-04-24 22:07:48,929 [DEBUG]  		found 1 col clusters (in 0.10597 secs)
2025-04-24 22:07:48,929 [DEBUG]  OP: Operation.SPLIT_ROWS on slice (2624, 2) (remaining tasks 2)
2025-04-24 22:07:48,948 [DEBUG]  		found 2 row clusters (in 0.01859 secs)
2025-04-24 22:07:48,949 [DEBUG]  OP: Operation.SPLIT_ROWS on slice (2600, 2) (remaining tasks 3)
2025-04-24 22:07:48,973 [DEBUG]  		found 2 row clusters (in 0.02410 secs)
2025-04-24 22:07:48,973 [DEBUG]  OP: Operation.SPLIT_ROWS on slice (2603, 2) (remaining tasks 4)
2025-04-24 22:07:48,989 [DEBUG]  		found 2 row clusters (in 0.01529 secs)
2025-04-24 22:07:48,989 [DEBUG]  OP: Operation.NAIVE_FACTORIZATION on slice (1312, 2) (remaining tasks 5)
2025-04-24 22:07:48,990 [DEBUG]  		naive factorization 2 columns (in 0.00102 secs)
2025-04-24 22:07:48,990 [DEBUG]  OP: Operation.NAIVE_FACTORIZATION on slice (1312, 2) (remaining tasks 4)
2025-04-24 22:07:48,992 [DEBUG]  		naive factorization 2 columns (in 0.00097 secs)
2025-04-24 22:07:48,992 [DEBUG]  OP: Operation.SPLIT_COLUMNS on slice (1474, 2) (remaining tasks 3)
2025-04-24 22:07:49,097 [DEBUG]  		found 1 col clusters (in 0.10470 secs)
2025-04-24 22:07:49,097 [DEBUG]  OP: Operation.SPLIT_COLUMNS on slice (1126, 2) (remaining tasks 3)
2025-04-24 22:07:49,203 [DEBUG]  		found 1 col clusters (in 0.10543 secs)
2025-04-24 22:07:49,203 [DEBUG]  OP: Operation.NAIVE_FACTORIZATION on slice (1291, 2) (remaining tasks 3)
2025-04-24 22:07:49,204 [DEBUG]  		naive factorization 2 columns (in 0.00098 secs)
2025-04-24 22:07:49,204 [DEBUG]  OP: Operation.NAIVE_FACTORIZATION on slice (1312, 2) (remaining tasks 2)
2025-04-24 22:07:49,206 [DEBUG]  		naive factorization 2 columns (in 0.00112 secs)
2025-04-24 22:07:49,206 [DEBUG]  OP: Operation.SPLIT_ROWS on slice (1474, 2) (remaining tasks 1)
2025-04-24 22:07:49,223 [DEBUG]  		found 2 row clusters (in 0.01678 secs)
2025-04-24 22:07:49,223 [DEBUG]  OP: Operation.SPLIT_ROWS on slice (1126, 2) (remaining tasks 2)
2025-04-24 22:07:49,239 [DEBUG]  		found 2 row clusters (in 0.01598 secs)
2025-04-24 22:07:49,240 [DEBUG]  OP: Operation.NAIVE_FACTORIZATION on slice (1312, 2) (remaining tasks 3)
2025-04-24 22:07:49,241 [DEBUG]  		naive factorization 2 columns (in 0.00100 secs)
2025-04-24 22:07:49,241 [DEBUG]  OP: Operation.NAIVE_FACTORIZATION on slice (162, 2) (remaining tasks 2)
2025-04-24 22:07:49,242 [DEBUG]  		naive factorization 2 columns (in 0.00098 secs)
2025-04-24 22:07:49,243 [DEBUG]  OP: Operation.NAIVE_FACTORIZATION on slice (1038, 2) (remaining tasks 1)
2025-04-24 22:07:49,244 [DEBUG]  		naive factorization 2 columns (in 0.00087 secs)
2025-04-24 22:07:49,244 [DEBUG]  OP: Operation.NAIVE_FACTORIZATION on slice (88, 2) (remaining tasks 0)
2025-04-24 22:07:49,245 [DEBUG]  		naive factorization 2 columns (in 0.00085 secs)
2025-04-24 22:07:49,376 [DEBUG]  Built SPN in 5.659401222015731 sec
2025-04-24 22:07:49,376 [INFO ]  Saving ensemble to /home/dafn/card/deepcard/collected_temp_benchmarks/spn_ensembles/Parking Birmingham/ensemble_single_dataset_10000000.pkl
