2025-04-16 14:52:51,919 [INFO ]  Generating HDF files for tables in /home/dafn/card/deepcard/collected_datasets/Single Elder Home Monitoring Gas and Position and store to path /home/dafn/card/deepcard/collected_temp_benchmarks/gen_single_light/Single Elder Home Monitoring Gas and Position
2025-04-16 14:52:51,919 [INFO ]  Removing target path /home/dafn/card/deepcard/collected_temp_benchmarks/gen_single_light/Single Elder Home Monitoring Gas and Position
2025-04-16 14:52:51,921 [INFO ]  Making target path /home/dafn/card/deepcard/collected_temp_benchmarks/gen_single_light/Single Elder Home Monitoring Gas and Position
2025-04-16 14:52:51,921 [INFO ]  Preparing hdf file for table database_gas
2025-04-16 14:52:52,255 [INFO ]  Managing functional dependencies for table database_gas
2025-04-16 14:52:52,264 [INFO ]  Preparing multipliers for table database_gas
2025-04-16 14:52:52,264 [INFO ]  Preparing categorical values and null values for table database_gas
2025-04-16 14:52:52,265 [DEBUG]  		Preparing numerical values for column f1
2025-04-16 14:52:52,271 [DEBUG]  		Preparing numerical values for column f2
2025-04-16 14:52:52,276 [DEBUG]  		Preparing numerical values for column f3
2025-04-16 14:52:52,282 [DEBUG]  		Preparing numerical values for column f4
2025-04-16 14:52:52,287 [DEBUG]  		Preparing numerical values for column f5
2025-04-16 14:52:52,293 [DEBUG]  		Preparing numerical values for column f6
2025-04-16 14:52:52,298 [DEBUG]  		Preparing numerical values for column f7
2025-04-16 14:52:52,304 [DEBUG]  		Preparing numerical values for column f8
2025-04-16 14:52:52,309 [DEBUG]  		Preparing numerical values for column f9
2025-04-16 14:52:52,315 [DEBUG]  		Preparing numerical values for column f10
2025-04-16 14:52:52,320 [INFO ]  Relevant attributes for table database_gas are ['f1', 'f2', 'f3', 'f4', 'f5', 'f6', 'f7', 'f8', 'f9', 'f10']
2025-04-16 14:52:52,320 [INFO ]  NULL values for table database_gas are [208076.0001, 20.115851009844935, 52.23654628297766, 102.4595151670179, 539.086623466129, 500.2895127880851, 718.7088609605121, 672.7889420845218, 609.4468515553174, 120.12441004942895]
2025-04-16 14:52:52,571 [INFO ]  Adding table parts without join partners for table database_gas
2025-04-16 14:52:52,572 [INFO ]  Files successfully created
