2025-04-22 15:09:39,544 [INFO ]  Creating naive ensemble.
2025-04-22 15:09:39,544 [INFO ]  Learning SPN for data1.
2025-04-22 15:09:39,544 [DEBUG]  generate_join_sample(single_table=data1, relationship_list=None, split_condition=None)
2025-04-22 15:09:39,571 [DEBUG]  Using min_instance_slice parameter 205.20000000000002.
2025-04-22 15:09:39,571 [INFO ]  SPN training phase with 20520 samples
2025-04-22 15:09:39,575 [DEBUG]  Built domains in 0.003577698997105472 sec
2025-04-22 15:09:39,929 [DEBUG]  CACHEDIR=/home/dafn/.cache/matplotlib
2025-04-22 15:09:39,931 [DEBUG]  Using fontManager instance from /home/dafn/.cache/matplotlib/fontlist-v300.json
2025-04-22 15:09:40,024 [DEBUG]  Loaded backend qt5agg version unknown.
2025-04-22 15:09:40,055 [DEBUG]  Loaded backend qt5agg version unknown.
2025-04-22 15:09:40,056 [DEBUG]  Loaded backend qt4agg version unknown.
2025-04-22 15:09:40,062 [DEBUG]  Loaded backend tkagg version unknown.
2025-04-22 15:09:40,063 [DEBUG]  Loaded backend agg version unknown.
2025-04-22 15:09:40,063 [DEBUG]  Loaded backend agg version unknown.
2025-04-22 15:09:40,066 [DEBUG]  OP: Operation.SPLIT_ROWS on slice (20520, 3) (remaining tasks 0)
2025-04-22 15:09:40,127 [DEBUG]  		found 2 row clusters (in 0.06044 secs)
2025-04-22 15:09:40,128 [DEBUG]  OP: Operation.SPLIT_COLUMNS on slice (10149, 3) (remaining tasks 1)
2025-04-22 15:09:40,244 [DEBUG]  		found 3 col clusters (in 0.11580 secs)
2025-04-22 15:09:40,245 [DEBUG]  OP: Operation.SPLIT_COLUMNS on slice (10371, 3) (remaining tasks 3)
2025-04-22 15:09:40,427 [DEBUG]  		found 3 col clusters (in 0.18142 secs)
2025-04-22 15:09:40,427 [DEBUG]  OP: Operation.CREATE_LEAF on slice (10149, 1) (remaining tasks 5)
2025-04-22 15:09:40,429 [DEBUG]  		 created leaf IdentityNumericLeaf for scope=[0] (in 0.00134 secs)
2025-04-22 15:09:40,429 [DEBUG]  OP: Operation.CREATE_LEAF on slice (10149, 1) (remaining tasks 4)
2025-04-22 15:09:40,434 [DEBUG]  		 created leaf IdentityNumericLeaf for scope=[1] (in 0.00503 secs)
2025-04-22 15:09:40,434 [DEBUG]  OP: Operation.CREATE_LEAF on slice (10149, 1) (remaining tasks 3)
2025-04-22 15:09:40,439 [DEBUG]  		 created leaf IdentityNumericLeaf for scope=[2] (in 0.00505 secs)
2025-04-22 15:09:40,440 [DEBUG]  OP: Operation.CREATE_LEAF on slice (10371, 1) (remaining tasks 2)
2025-04-22 15:09:40,440 [DEBUG]  		 created leaf IdentityNumericLeaf for scope=[0] (in 0.00065 secs)
2025-04-22 15:09:40,440 [DEBUG]  OP: Operation.CREATE_LEAF on slice (10371, 1) (remaining tasks 1)
2025-04-22 15:09:40,446 [DEBUG]  		 created leaf IdentityNumericLeaf for scope=[1] (in 0.00497 secs)
2025-04-22 15:09:40,449 [DEBUG]  OP: Operation.CREATE_LEAF on slice (10371, 1) (remaining tasks 0)
2025-04-22 15:09:40,454 [DEBUG]  		 created leaf IdentityNumericLeaf for scope=[2] (in 0.00496 secs)
2025-04-22 15:09:40,967 [DEBUG]  Built SPN in 1.3921594739949796 sec
2025-04-22 15:09:40,967 [INFO ]  Saving ensemble to /home/dafn/card/deepcard/collected_temp_benchmarks/spn_ensembles/2D elastodynamic metamaterials/ensemble_single_data1_10000000.pkl
