2025-04-24 22:03:13,919 [INFO ]  Creating naive ensemble.
2025-04-24 22:03:13,919 [INFO ]  Learning SPN for dataset.
2025-04-24 22:03:13,919 [DEBUG]  generate_join_sample(single_table=dataset, relationship_list=None, split_condition=None)
2025-04-24 22:03:13,948 [DEBUG]  Using min_instance_slice parameter 357.17.
2025-04-24 22:03:13,948 [INFO ]  SPN training phase with 35717 samples
2025-04-24 22:03:13,952 [DEBUG]  Built domains in 0.0037123110378161073 sec
2025-04-24 22:03:14,309 [DEBUG]  CACHEDIR=/home/dafn/.cache/matplotlib
2025-04-24 22:03:14,311 [DEBUG]  Using fontManager instance from /home/dafn/.cache/matplotlib/fontlist-v300.json
2025-04-24 22:03:14,406 [DEBUG]  Loaded backend qt5agg version unknown.
2025-04-24 22:03:14,437 [DEBUG]  Loaded backend qt5agg version unknown.
2025-04-24 22:03:14,438 [DEBUG]  Loaded backend qt4agg version unknown.
2025-04-24 22:03:14,445 [DEBUG]  Loaded backend tkagg version unknown.
2025-04-24 22:03:14,445 [DEBUG]  Loaded backend agg version unknown.
2025-04-24 22:03:14,446 [DEBUG]  Loaded backend agg version unknown.
2025-04-24 22:03:14,450 [DEBUG]  OP: Operation.SPLIT_ROWS on slice (35717, 4) (remaining tasks 0)
2025-04-24 22:03:14,606 [DEBUG]  		found 2 row clusters (in 0.15673 secs)
2025-04-24 22:03:14,608 [DEBUG]  OP: Operation.SPLIT_COLUMNS on slice (9862, 4) (remaining tasks 1)
2025-04-24 22:03:14,948 [DEBUG]  		found 2 col clusters (in 0.34075 secs)
2025-04-24 22:03:14,953 [DEBUG]  OP: Operation.SPLIT_COLUMNS on slice (25855, 4) (remaining tasks 2)
2025-04-24 22:03:15,241 [DEBUG]  		found 2 col clusters (in 0.28785 secs)
2025-04-24 22:03:15,242 [DEBUG]  OP: Operation.SPLIT_COLUMNS on slice (9862, 3) (remaining tasks 3)
2025-04-24 22:03:15,459 [DEBUG]  		found 1 col clusters (in 0.21663 secs)
2025-04-24 22:03:15,459 [DEBUG]  OP: Operation.CREATE_LEAF on slice (9862, 1) (remaining tasks 3)
2025-04-24 22:03:15,460 [DEBUG]  		 created leaf IdentityNumericLeaf for scope=[3] (in 0.00146 secs)
2025-04-24 22:03:15,461 [DEBUG]  OP: Operation.SPLIT_COLUMNS on slice (25855, 3) (remaining tasks 2)
2025-04-24 22:03:15,708 [DEBUG]  		found 1 col clusters (in 0.24673 secs)
2025-04-24 22:03:15,708 [DEBUG]  OP: Operation.CREATE_LEAF on slice (25855, 1) (remaining tasks 2)
2025-04-24 22:03:15,711 [DEBUG]  		 created leaf IdentityNumericLeaf for scope=[3] (in 0.00237 secs)
2025-04-24 22:03:15,711 [DEBUG]  OP: Operation.SPLIT_ROWS on slice (9862, 3) (remaining tasks 1)
2025-04-24 22:03:15,864 [DEBUG]  		found 2 row clusters (in 0.15183 secs)
2025-04-24 22:03:15,864 [DEBUG]  OP: Operation.SPLIT_ROWS on slice (25855, 3) (remaining tasks 2)
2025-04-24 22:03:15,959 [DEBUG]  		found 2 row clusters (in 0.09495 secs)
2025-04-24 22:03:15,960 [DEBUG]  OP: Operation.SPLIT_COLUMNS on slice (7232, 3) (remaining tasks 3)
2025-04-24 22:03:16,069 [DEBUG]  		found 1 col clusters (in 0.10882 secs)
2025-04-24 22:03:16,070 [DEBUG]  OP: Operation.SPLIT_COLUMNS on slice (2630, 3) (remaining tasks 3)
2025-04-24 22:03:16,264 [DEBUG]  		found 1 col clusters (in 0.19430 secs)
2025-04-24 22:03:16,267 [DEBUG]  OP: Operation.SPLIT_COLUMNS on slice (18346, 3) (remaining tasks 3)
2025-04-24 22:03:16,484 [DEBUG]  		found 1 col clusters (in 0.21665 secs)
2025-04-24 22:03:16,485 [DEBUG]  OP: Operation.SPLIT_COLUMNS on slice (7509, 3) (remaining tasks 3)
2025-04-24 22:03:16,723 [DEBUG]  		found 1 col clusters (in 0.23733 secs)
2025-04-24 22:03:16,724 [DEBUG]  OP: Operation.SPLIT_ROWS on slice (7232, 3) (remaining tasks 3)
2025-04-24 22:03:16,794 [DEBUG]  		found 2 row clusters (in 0.06964 secs)
2025-04-24 22:03:16,795 [DEBUG]  OP: Operation.SPLIT_ROWS on slice (2630, 3) (remaining tasks 4)
2025-04-24 22:03:16,876 [DEBUG]  		found 2 row clusters (in 0.08085 secs)
2025-04-24 22:03:16,877 [DEBUG]  OP: Operation.SPLIT_ROWS on slice (18346, 3) (remaining tasks 5)
2025-04-24 22:03:17,013 [DEBUG]  		found 2 row clusters (in 0.13541 secs)
2025-04-24 22:03:17,014 [DEBUG]  OP: Operation.SPLIT_ROWS on slice (7509, 3) (remaining tasks 6)
2025-04-24 22:03:17,085 [DEBUG]  		found 2 row clusters (in 0.07150 secs)
2025-04-24 22:03:17,086 [DEBUG]  OP: Operation.SPLIT_COLUMNS on slice (2134, 3) (remaining tasks 7)
2025-04-24 22:03:17,191 [DEBUG]  		found 1 col clusters (in 0.10523 secs)
2025-04-24 22:03:17,192 [DEBUG]  OP: Operation.SPLIT_COLUMNS on slice (5098, 3) (remaining tasks 7)
2025-04-24 22:03:17,379 [DEBUG]  		found 1 col clusters (in 0.18674 secs)
2025-04-24 22:03:17,380 [DEBUG]  OP: Operation.SPLIT_COLUMNS on slice (1790, 3) (remaining tasks 7)
2025-04-24 22:03:17,604 [DEBUG]  		found 1 col clusters (in 0.22475 secs)
2025-04-24 22:03:17,605 [DEBUG]  OP: Operation.SPLIT_COLUMNS on slice (840, 3) (remaining tasks 7)
2025-04-24 22:03:17,833 [DEBUG]  		found 1 col clusters (in 0.22817 secs)
2025-04-24 22:03:17,834 [DEBUG]  OP: Operation.SPLIT_COLUMNS on slice (8579, 3) (remaining tasks 7)
2025-04-24 22:03:18,039 [DEBUG]  		found 1 col clusters (in 0.20425 secs)
2025-04-24 22:03:18,041 [DEBUG]  OP: Operation.SPLIT_COLUMNS on slice (9767, 3) (remaining tasks 7)
2025-04-24 22:03:18,280 [DEBUG]  		found 1 col clusters (in 0.23884 secs)
2025-04-24 22:03:18,280 [DEBUG]  OP: Operation.SPLIT_COLUMNS on slice (4240, 3) (remaining tasks 7)
2025-04-24 22:03:18,517 [DEBUG]  		found 1 col clusters (in 0.23681 secs)
2025-04-24 22:03:18,518 [DEBUG]  OP: Operation.SPLIT_COLUMNS on slice (3269, 3) (remaining tasks 7)
2025-04-24 22:03:18,748 [DEBUG]  		found 1 col clusters (in 0.22990 secs)
2025-04-24 22:03:18,749 [DEBUG]  OP: Operation.SPLIT_ROWS on slice (2134, 3) (remaining tasks 7)
2025-04-24 22:03:18,836 [DEBUG]  		found 2 row clusters (in 0.08721 secs)
2025-04-24 22:03:18,837 [DEBUG]  OP: Operation.SPLIT_ROWS on slice (5098, 3) (remaining tasks 8)
2025-04-24 22:03:18,915 [DEBUG]  		found 2 row clusters (in 0.07770 secs)
2025-04-24 22:03:18,915 [DEBUG]  OP: Operation.SPLIT_ROWS on slice (1790, 3) (remaining tasks 9)
2025-04-24 22:03:18,939 [DEBUG]  		found 2 row clusters (in 0.02320 secs)
2025-04-24 22:03:18,939 [DEBUG]  OP: Operation.SPLIT_ROWS on slice (840, 3) (remaining tasks 10)
2025-04-24 22:03:18,957 [DEBUG]  		found 2 row clusters (in 0.01789 secs)
2025-04-24 22:03:18,958 [DEBUG]  OP: Operation.SPLIT_ROWS on slice (8579, 3) (remaining tasks 11)
2025-04-24 22:03:19,003 [DEBUG]  		found 2 row clusters (in 0.04512 secs)
2025-04-24 22:03:19,004 [DEBUG]  OP: Operation.SPLIT_ROWS on slice (9767, 3) (remaining tasks 12)
2025-04-24 22:03:19,142 [DEBUG]  		found 2 row clusters (in 0.13778 secs)
2025-04-24 22:03:19,142 [DEBUG]  OP: Operation.SPLIT_ROWS on slice (4240, 3) (remaining tasks 13)
2025-04-24 22:03:19,193 [DEBUG]  		found 2 row clusters (in 0.05098 secs)
2025-04-24 22:03:19,194 [DEBUG]  OP: Operation.SPLIT_ROWS on slice (3269, 3) (remaining tasks 14)
2025-04-24 22:03:19,212 [DEBUG]  		found 2 row clusters (in 0.01783 secs)
2025-04-24 22:03:19,212 [DEBUG]  OP: Operation.SPLIT_COLUMNS on slice (1324, 3) (remaining tasks 15)
2025-04-24 22:03:19,418 [DEBUG]  		found 2 col clusters (in 0.20601 secs)
2025-04-24 22:03:19,419 [DEBUG]  OP: Operation.SPLIT_COLUMNS on slice (810, 3) (remaining tasks 16)
2025-04-24 22:03:19,617 [DEBUG]  		found 1 col clusters (in 0.19830 secs)
2025-04-24 22:03:19,618 [DEBUG]  OP: Operation.SPLIT_COLUMNS on slice (2476, 3) (remaining tasks 16)
2025-04-24 22:03:19,831 [DEBUG]  		found 1 col clusters (in 0.21274 secs)
2025-04-24 22:03:19,831 [DEBUG]  OP: Operation.SPLIT_COLUMNS on slice (2622, 3) (remaining tasks 16)
2025-04-24 22:03:20,071 [DEBUG]  		found 1 col clusters (in 0.23931 secs)
2025-04-24 22:03:20,071 [DEBUG]  OP: Operation.REMOVE_UNINFORMATIVE_FEATURES on slice (685, 3) (remaining tasks 16)
2025-04-24 22:03:20,071 [DEBUG]  OP: Operation.SPLIT_COLUMNS on slice (1105, 3) (remaining tasks 18)
2025-04-24 22:03:20,310 [DEBUG]  		found 1 col clusters (in 0.23812 secs)
2025-04-24 22:03:20,310 [DEBUG]  OP: Operation.SPLIT_COLUMNS on slice (436, 3) (remaining tasks 18)
2025-04-24 22:03:20,548 [DEBUG]  		found 1 col clusters (in 0.23760 secs)
2025-04-24 22:03:20,548 [DEBUG]  OP: Operation.REMOVE_UNINFORMATIVE_FEATURES on slice (404, 3) (remaining tasks 18)
2025-04-24 22:03:20,549 [DEBUG]  OP: Operation.SPLIT_COLUMNS on slice (4911, 3) (remaining tasks 20)
2025-04-24 22:03:20,760 [DEBUG]  		found 1 col clusters (in 0.21079 secs)
2025-04-24 22:03:20,761 [DEBUG]  OP: Operation.SPLIT_COLUMNS on slice (3668, 3) (remaining tasks 20)
2025-04-24 22:03:20,983 [DEBUG]  		found 1 col clusters (in 0.22187 secs)
2025-04-24 22:03:20,984 [DEBUG]  OP: Operation.SPLIT_COLUMNS on slice (4274, 3) (remaining tasks 20)
2025-04-24 22:03:21,195 [DEBUG]  		found 1 col clusters (in 0.21021 secs)
2025-04-24 22:03:21,196 [DEBUG]  OP: Operation.SPLIT_COLUMNS on slice (5493, 3) (remaining tasks 20)
2025-04-24 22:03:21,417 [DEBUG]  		found 1 col clusters (in 0.22132 secs)
2025-04-24 22:03:21,418 [DEBUG]  OP: Operation.SPLIT_COLUMNS on slice (1793, 3) (remaining tasks 20)
2025-04-24 22:03:21,633 [DEBUG]  		found 1 col clusters (in 0.21489 secs)
2025-04-24 22:03:21,634 [DEBUG]  OP: Operation.SPLIT_COLUMNS on slice (2447, 3) (remaining tasks 20)
2025-04-24 22:03:21,849 [DEBUG]  		found 1 col clusters (in 0.21465 secs)
2025-04-24 22:03:21,849 [DEBUG]  OP: Operation.SPLIT_COLUMNS on slice (2779, 3) (remaining tasks 20)
2025-04-24 22:03:22,064 [DEBUG]  		found 1 col clusters (in 0.21492 secs)
2025-04-24 22:03:22,065 [DEBUG]  OP: Operation.SPLIT_COLUMNS on slice (490, 3) (remaining tasks 20)
2025-04-24 22:03:22,279 [DEBUG]  		found 1 col clusters (in 0.21394 secs)
2025-04-24 22:03:22,279 [DEBUG]  OP: Operation.SPLIT_COLUMNS on slice (1324, 2) (remaining tasks 20)
2025-04-24 22:03:22,500 [DEBUG]  		found 1 col clusters (in 0.22094 secs)
2025-04-24 22:03:22,501 [DEBUG]  OP: Operation.CREATE_LEAF on slice (1324, 1) (remaining tasks 20)
2025-04-24 22:03:22,501 [DEBUG]  		 created leaf IdentityNumericLeaf for scope=[2] (in 0.00046 secs)
2025-04-24 22:03:22,501 [DEBUG]  OP: Operation.SPLIT_ROWS on slice (810, 3) (remaining tasks 19)
2025-04-24 22:03:22,568 [DEBUG]  		found 2 row clusters (in 0.06607 secs)
2025-04-24 22:03:22,568 [DEBUG]  OP: Operation.SPLIT_ROWS on slice (2476, 3) (remaining tasks 20)
2025-04-24 22:03:22,605 [DEBUG]  		found 2 row clusters (in 0.03661 secs)
2025-04-24 22:03:22,605 [DEBUG]  OP: Operation.SPLIT_ROWS on slice (2622, 3) (remaining tasks 21)
2025-04-24 22:03:22,631 [DEBUG]  		found 2 row clusters (in 0.02578 secs)
2025-04-24 22:03:22,631 [DEBUG]  OP: Operation.CREATE_LEAF on slice (685, 1) (remaining tasks 22)
2025-04-24 22:03:22,631 [DEBUG]  		 created leaf IdentityNumericLeaf for scope=[0] (in 0.00019 secs)
2025-04-24 22:03:22,632 [DEBUG]  OP: Operation.CREATE_LEAF on slice (685, 1) (remaining tasks 21)
2025-04-24 22:03:22,632 [DEBUG]  		 created leaf IdentityNumericLeaf for scope=[1] (in 0.00017 secs)
2025-04-24 22:03:22,632 [DEBUG]  OP: Operation.CREATE_LEAF on slice (685, 1) (remaining tasks 20)
2025-04-24 22:03:22,632 [DEBUG]  		 created leaf IdentityNumericLeaf for scope=[2] (in 0.00034 secs)
2025-04-24 22:03:22,632 [DEBUG]  OP: Operation.SPLIT_ROWS on slice (1105, 3) (remaining tasks 19)
2025-04-24 22:03:22,664 [DEBUG]  		found 2 row clusters (in 0.03187 secs)
2025-04-24 22:03:22,665 [DEBUG]  OP: Operation.SPLIT_ROWS on slice (436, 3) (remaining tasks 20)
2025-04-24 22:03:22,675 [DEBUG]  		found 2 row clusters (in 0.01073 secs)
2025-04-24 22:03:22,676 [DEBUG]  OP: Operation.CREATE_LEAF on slice (404, 1) (remaining tasks 21)
2025-04-24 22:03:22,676 [DEBUG]  		 created leaf IdentityNumericLeaf for scope=[0] (in 0.00018 secs)
2025-04-24 22:03:22,676 [DEBUG]  OP: Operation.CREATE_LEAF on slice (404, 1) (remaining tasks 20)
2025-04-24 22:03:22,676 [DEBUG]  		 created leaf IdentityNumericLeaf for scope=[1] (in 0.00014 secs)
2025-04-24 22:03:22,676 [DEBUG]  OP: Operation.CREATE_LEAF on slice (404, 1) (remaining tasks 19)
2025-04-24 22:03:22,676 [DEBUG]  		 created leaf IdentityNumericLeaf for scope=[2] (in 0.00026 secs)
2025-04-24 22:03:22,677 [DEBUG]  OP: Operation.SPLIT_ROWS on slice (4911, 3) (remaining tasks 18)
2025-04-24 22:03:22,726 [DEBUG]  		found 2 row clusters (in 0.04875 secs)
2025-04-24 22:03:22,726 [DEBUG]  OP: Operation.SPLIT_ROWS on slice (3668, 3) (remaining tasks 19)
2025-04-24 22:03:22,789 [DEBUG]  		found 2 row clusters (in 0.06252 secs)
2025-04-24 22:03:22,789 [DEBUG]  OP: Operation.SPLIT_ROWS on slice (4274, 3) (remaining tasks 20)
2025-04-24 22:03:22,823 [DEBUG]  		found 2 row clusters (in 0.03360 secs)
2025-04-24 22:03:22,824 [DEBUG]  OP: Operation.SPLIT_ROWS on slice (5493, 3) (remaining tasks 21)
2025-04-24 22:03:22,862 [DEBUG]  		found 2 row clusters (in 0.03803 secs)
2025-04-24 22:03:22,862 [DEBUG]  OP: Operation.SPLIT_ROWS on slice (1793, 3) (remaining tasks 22)
2025-04-24 22:03:22,893 [DEBUG]  		found 2 row clusters (in 0.03110 secs)
2025-04-24 22:03:22,894 [DEBUG]  OP: Operation.SPLIT_ROWS on slice (2447, 3) (remaining tasks 23)
2025-04-24 22:03:22,952 [DEBUG]  		found 2 row clusters (in 0.05816 secs)
2025-04-24 22:03:22,952 [DEBUG]  OP: Operation.SPLIT_ROWS on slice (2779, 3) (remaining tasks 24)
2025-04-24 22:03:22,983 [DEBUG]  		found 2 row clusters (in 0.03080 secs)
2025-04-24 22:03:22,983 [DEBUG]  OP: Operation.SPLIT_ROWS on slice (490, 3) (remaining tasks 25)
2025-04-24 22:03:23,012 [DEBUG]  		found 2 row clusters (in 0.02844 secs)
2025-04-24 22:03:23,012 [DEBUG]  OP: Operation.SPLIT_ROWS on slice (1324, 2) (remaining tasks 26)
2025-04-24 22:03:23,022 [DEBUG]  		found 2 row clusters (in 0.01017 secs)
2025-04-24 22:03:23,022 [DEBUG]  OP: Operation.SPLIT_COLUMNS on slice (534, 3) (remaining tasks 27)
2025-04-24 22:03:23,130 [DEBUG]  		found 2 col clusters (in 0.10794 secs)
2025-04-24 22:03:23,131 [DEBUG]  OP: Operation.NAIVE_FACTORIZATION on slice (276, 3) (remaining tasks 28)
2025-04-24 22:03:23,135 [DEBUG]  		naive factorization 3 columns (in 0.00390 secs)
2025-04-24 22:03:23,135 [DEBUG]  OP: Operation.SPLIT_COLUMNS on slice (861, 3) (remaining tasks 27)
2025-04-24 22:03:23,282 [DEBUG]  		found 1 col clusters (in 0.14668 secs)
2025-04-24 22:03:23,282 [DEBUG]  OP: Operation.SPLIT_COLUMNS on slice (1615, 3) (remaining tasks 27)
2025-04-24 22:03:23,487 [DEBUG]  		found 1 col clusters (in 0.20484 secs)
2025-04-24 22:03:23,488 [DEBUG]  OP: Operation.SPLIT_COLUMNS on slice (2102, 3) (remaining tasks 27)
2025-04-24 22:03:23,595 [DEBUG]  		found 1 col clusters (in 0.10659 secs)
2025-04-24 22:03:23,595 [DEBUG]  OP: Operation.SPLIT_COLUMNS on slice (520, 3) (remaining tasks 27)
2025-04-24 22:03:23,833 [DEBUG]  		found 1 col clusters (in 0.23779 secs)
2025-04-24 22:03:23,834 [DEBUG]  OP: Operation.REMOVE_UNINFORMATIVE_FEATURES on slice (689, 3) (remaining tasks 27)
2025-04-24 22:03:23,834 [DEBUG]  OP: Operation.SPLIT_COLUMNS on slice (416, 3) (remaining tasks 29)
2025-04-24 22:03:23,939 [DEBUG]  		found 1 col clusters (in 0.10499 secs)
2025-04-24 22:03:23,940 [DEBUG]  OP: Operation.REMOVE_UNINFORMATIVE_FEATURES on slice (231, 3) (remaining tasks 29)
2025-04-24 22:03:23,940 [DEBUG]  OP: Operation.REMOVE_UNINFORMATIVE_FEATURES on slice (205, 3) (remaining tasks 31)
2025-04-24 22:03:23,941 [DEBUG]  OP: Operation.SPLIT_COLUMNS on slice (2079, 3) (remaining tasks 33)
2025-04-24 22:03:24,145 [DEBUG]  		found 1 col clusters (in 0.20375 secs)
2025-04-24 22:03:24,146 [DEBUG]  OP: Operation.SPLIT_COLUMNS on slice (2832, 3) (remaining tasks 33)
2025-04-24 22:03:24,368 [DEBUG]  		found 1 col clusters (in 0.22202 secs)
2025-04-24 22:03:24,368 [DEBUG]  OP: Operation.SPLIT_COLUMNS on slice (1308, 3) (remaining tasks 33)
2025-04-24 22:03:24,581 [DEBUG]  		found 1 col clusters (in 0.21284 secs)
2025-04-24 22:03:24,582 [DEBUG]  OP: Operation.SPLIT_COLUMNS on slice (2360, 3) (remaining tasks 33)
2025-04-24 22:03:24,793 [DEBUG]  		found 1 col clusters (in 0.21115 secs)
2025-04-24 22:03:24,794 [DEBUG]  OP: Operation.SPLIT_COLUMNS on slice (2574, 3) (remaining tasks 33)
2025-04-24 22:03:25,005 [DEBUG]  		found 1 col clusters (in 0.21134 secs)
2025-04-24 22:03:25,006 [DEBUG]  OP: Operation.SPLIT_COLUMNS on slice (1700, 3) (remaining tasks 33)
2025-04-24 22:03:25,227 [DEBUG]  		found 1 col clusters (in 0.22116 secs)
2025-04-24 22:03:25,228 [DEBUG]  OP: Operation.SPLIT_COLUMNS on slice (3166, 3) (remaining tasks 33)
2025-04-24 22:03:25,467 [DEBUG]  		found 1 col clusters (in 0.23949 secs)
2025-04-24 22:03:25,468 [DEBUG]  OP: Operation.SPLIT_COLUMNS on slice (2327, 3) (remaining tasks 33)
2025-04-24 22:03:25,678 [DEBUG]  		found 1 col clusters (in 0.20967 secs)
2025-04-24 22:03:25,678 [DEBUG]  OP: Operation.SPLIT_COLUMNS on slice (1047, 3) (remaining tasks 33)
2025-04-24 22:03:25,906 [DEBUG]  		found 1 col clusters (in 0.22724 secs)
2025-04-24 22:03:25,906 [DEBUG]  OP: Operation.SPLIT_COLUMNS on slice (746, 3) (remaining tasks 33)
2025-04-24 22:03:26,129 [DEBUG]  		found 1 col clusters (in 0.22294 secs)
2025-04-24 22:03:26,130 [DEBUG]  OP: Operation.SPLIT_COLUMNS on slice (1865, 3) (remaining tasks 33)
2025-04-24 22:03:26,337 [DEBUG]  		found 1 col clusters (in 0.20694 secs)
2025-04-24 22:03:26,337 [DEBUG]  OP: Operation.SPLIT_COLUMNS on slice (582, 3) (remaining tasks 33)
2025-04-24 22:03:26,444 [DEBUG]  		found 1 col clusters (in 0.10706 secs)
2025-04-24 22:03:26,445 [DEBUG]  OP: Operation.SPLIT_COLUMNS on slice (1889, 3) (remaining tasks 33)
2025-04-24 22:03:26,657 [DEBUG]  		found 1 col clusters (in 0.21156 secs)
2025-04-24 22:03:26,657 [DEBUG]  OP: Operation.SPLIT_COLUMNS on slice (890, 3) (remaining tasks 33)
2025-04-24 22:03:26,867 [DEBUG]  		found 1 col clusters (in 0.20976 secs)
2025-04-24 22:03:26,867 [DEBUG]  OP: Operation.NAIVE_FACTORIZATION on slice (304, 3) (remaining tasks 33)
2025-04-24 22:03:26,871 [DEBUG]  		naive factorization 3 columns (in 0.00407 secs)
2025-04-24 22:03:26,872 [DEBUG]  OP: Operation.NAIVE_FACTORIZATION on slice (186, 3) (remaining tasks 32)
2025-04-24 22:03:26,875 [DEBUG]  		naive factorization 3 columns (in 0.00353 secs)
2025-04-24 22:03:26,876 [DEBUG]  OP: Operation.NAIVE_FACTORIZATION on slice (646, 2) (remaining tasks 31)
2025-04-24 22:03:26,878 [DEBUG]  		naive factorization 2 columns (in 0.00252 secs)
2025-04-24 22:03:26,879 [DEBUG]  OP: Operation.NAIVE_FACTORIZATION on slice (678, 2) (remaining tasks 30)
2025-04-24 22:03:26,881 [DEBUG]  		naive factorization 2 columns (in 0.00249 secs)
2025-04-24 22:03:26,881 [DEBUG]  OP: Operation.SPLIT_COLUMNS on slice (534, 2) (remaining tasks 29)
2025-04-24 22:03:27,073 [DEBUG]  		found 1 col clusters (in 0.19095 secs)
2025-04-24 22:03:27,073 [DEBUG]  OP: Operation.CREATE_LEAF on slice (534, 1) (remaining tasks 29)
2025-04-24 22:03:27,074 [DEBUG]  		 created leaf IdentityNumericLeaf for scope=[2] (in 0.00065 secs)
2025-04-24 22:03:27,074 [DEBUG]  OP: Operation.SPLIT_ROWS on slice (861, 3) (remaining tasks 28)
2025-04-24 22:03:27,101 [DEBUG]  		found 2 row clusters (in 0.02629 secs)
2025-04-24 22:03:27,101 [DEBUG]  OP: Operation.SPLIT_ROWS on slice (1615, 3) (remaining tasks 29)
2025-04-24 22:03:27,136 [DEBUG]  		found 2 row clusters (in 0.03468 secs)
2025-04-24 22:03:27,136 [DEBUG]  OP: Operation.SPLIT_ROWS on slice (2102, 3) (remaining tasks 30)
2025-04-24 22:03:27,157 [DEBUG]  		found 2 row clusters (in 0.02084 secs)
2025-04-24 22:03:27,157 [DEBUG]  OP: Operation.SPLIT_ROWS on slice (520, 3) (remaining tasks 31)
2025-04-24 22:03:27,183 [DEBUG]  		found 2 row clusters (in 0.02564 secs)
2025-04-24 22:03:27,183 [DEBUG]  OP: Operation.CREATE_LEAF on slice (689, 1) (remaining tasks 32)
2025-04-24 22:03:27,184 [DEBUG]  		 created leaf IdentityNumericLeaf for scope=[0] (in 0.00018 secs)
2025-04-24 22:03:27,184 [DEBUG]  OP: Operation.CREATE_LEAF on slice (689, 1) (remaining tasks 31)
2025-04-24 22:03:27,184 [DEBUG]  		 created leaf IdentityNumericLeaf for scope=[1] (in 0.00016 secs)
2025-04-24 22:03:27,184 [DEBUG]  OP: Operation.CREATE_LEAF on slice (689, 1) (remaining tasks 30)
2025-04-24 22:03:27,184 [DEBUG]  		 created leaf IdentityNumericLeaf for scope=[2] (in 0.00030 secs)
2025-04-24 22:03:27,184 [DEBUG]  OP: Operation.SPLIT_ROWS on slice (416, 3) (remaining tasks 29)
2025-04-24 22:03:27,195 [DEBUG]  		found 2 row clusters (in 0.01077 secs)
2025-04-24 22:03:27,195 [DEBUG]  OP: Operation.CREATE_LEAF on slice (231, 1) (remaining tasks 30)
2025-04-24 22:03:27,196 [DEBUG]  		 created leaf IdentityNumericLeaf for scope=[0] (in 0.00016 secs)
2025-04-24 22:03:27,196 [DEBUG]  OP: Operation.CREATE_LEAF on slice (231, 1) (remaining tasks 29)
2025-04-24 22:03:27,196 [DEBUG]  		 created leaf IdentityNumericLeaf for scope=[1] (in 0.00014 secs)
2025-04-24 22:03:27,196 [DEBUG]  OP: Operation.CREATE_LEAF on slice (231, 1) (remaining tasks 28)
2025-04-24 22:03:27,196 [DEBUG]  		 created leaf IdentityNumericLeaf for scope=[2] (in 0.00021 secs)
2025-04-24 22:03:27,196 [DEBUG]  OP: Operation.CREATE_LEAF on slice (205, 1) (remaining tasks 27)
2025-04-24 22:03:27,197 [DEBUG]  		 created leaf IdentityNumericLeaf for scope=[0] (in 0.00016 secs)
2025-04-24 22:03:27,197 [DEBUG]  OP: Operation.CREATE_LEAF on slice (205, 1) (remaining tasks 26)
2025-04-24 22:03:27,197 [DEBUG]  		 created leaf IdentityNumericLeaf for scope=[1] (in 0.00014 secs)
2025-04-24 22:03:27,197 [DEBUG]  OP: Operation.CREATE_LEAF on slice (205, 1) (remaining tasks 25)
2025-04-24 22:03:27,197 [DEBUG]  		 created leaf IdentityNumericLeaf for scope=[2] (in 0.00020 secs)
2025-04-24 22:03:27,197 [DEBUG]  OP: Operation.SPLIT_ROWS on slice (2079, 3) (remaining tasks 24)
2025-04-24 22:03:27,224 [DEBUG]  		found 2 row clusters (in 0.02617 secs)
2025-04-24 22:03:27,224 [DEBUG]  OP: Operation.SPLIT_ROWS on slice (2832, 3) (remaining tasks 25)
2025-04-24 22:03:27,252 [DEBUG]  		found 2 row clusters (in 0.02836 secs)
2025-04-24 22:03:27,253 [DEBUG]  OP: Operation.SPLIT_ROWS on slice (1308, 3) (remaining tasks 26)
2025-04-24 22:03:27,273 [DEBUG]  		found 2 row clusters (in 0.02004 secs)
2025-04-24 22:03:27,273 [DEBUG]  OP: Operation.SPLIT_ROWS on slice (2360, 3) (remaining tasks 27)
2025-04-24 22:03:27,298 [DEBUG]  		found 2 row clusters (in 0.02467 secs)
2025-04-24 22:03:27,298 [DEBUG]  OP: Operation.SPLIT_ROWS on slice (2574, 3) (remaining tasks 28)
2025-04-24 22:03:27,324 [DEBUG]  		found 2 row clusters (in 0.02590 secs)
2025-04-24 22:03:27,325 [DEBUG]  OP: Operation.SPLIT_ROWS on slice (1700, 3) (remaining tasks 29)
2025-04-24 22:03:27,351 [DEBUG]  		found 2 row clusters (in 0.02631 secs)
2025-04-24 22:03:27,351 [DEBUG]  OP: Operation.SPLIT_ROWS on slice (3166, 3) (remaining tasks 30)
2025-04-24 22:03:27,386 [DEBUG]  		found 2 row clusters (in 0.03466 secs)
2025-04-24 22:03:27,386 [DEBUG]  OP: Operation.SPLIT_ROWS on slice (2327, 3) (remaining tasks 31)
2025-04-24 22:03:27,416 [DEBUG]  		found 2 row clusters (in 0.02959 secs)
2025-04-24 22:03:27,416 [DEBUG]  OP: Operation.SPLIT_ROWS on slice (1047, 3) (remaining tasks 32)
2025-04-24 22:03:27,440 [DEBUG]  		found 2 row clusters (in 0.02308 secs)
2025-04-24 22:03:27,440 [DEBUG]  OP: Operation.SPLIT_ROWS on slice (746, 3) (remaining tasks 33)
2025-04-24 22:03:27,459 [DEBUG]  		found 2 row clusters (in 0.01921 secs)
2025-04-24 22:03:27,459 [DEBUG]  OP: Operation.SPLIT_ROWS on slice (1865, 3) (remaining tasks 34)
2025-04-24 22:03:27,486 [DEBUG]  		found 2 row clusters (in 0.02685 secs)
2025-04-24 22:03:27,487 [DEBUG]  OP: Operation.SPLIT_ROWS on slice (582, 3) (remaining tasks 35)
2025-04-24 22:03:27,503 [DEBUG]  		found 2 row clusters (in 0.01635 secs)
2025-04-24 22:03:27,503 [DEBUG]  OP: Operation.SPLIT_ROWS on slice (1889, 3) (remaining tasks 36)
2025-04-24 22:03:27,526 [DEBUG]  		found 2 row clusters (in 0.02294 secs)
2025-04-24 22:03:27,527 [DEBUG]  OP: Operation.SPLIT_ROWS on slice (890, 3) (remaining tasks 37)
2025-04-24 22:03:27,547 [DEBUG]  		found 2 row clusters (in 0.02041 secs)
2025-04-24 22:03:27,547 [DEBUG]  OP: Operation.SPLIT_ROWS on slice (534, 2) (remaining tasks 38)
2025-04-24 22:03:27,556 [DEBUG]  		found 2 row clusters (in 0.00895 secs)
2025-04-24 22:03:27,557 [DEBUG]  OP: Operation.REMOVE_UNINFORMATIVE_FEATURES on slice (68, 3) (remaining tasks 39)
2025-04-24 22:03:27,557 [DEBUG]  OP: Operation.SPLIT_COLUMNS on slice (793, 3) (remaining tasks 41)
2025-04-24 22:03:27,664 [DEBUG]  		found 1 col clusters (in 0.10724 secs)
2025-04-24 22:03:27,665 [DEBUG]  OP: Operation.SPLIT_COLUMNS on slice (1011, 3) (remaining tasks 41)
2025-04-24 22:03:27,887 [DEBUG]  		found 2 col clusters (in 0.22196 secs)
2025-04-24 22:03:27,887 [DEBUG]  OP: Operation.SPLIT_COLUMNS on slice (604, 3) (remaining tasks 42)
2025-04-24 22:03:28,098 [DEBUG]  		found 1 col clusters (in 0.21033 secs)
2025-04-24 22:03:28,098 [DEBUG]  OP: Operation.REMOVE_UNINFORMATIVE_FEATURES on slice (166, 3) (remaining tasks 42)
2025-04-24 22:03:28,098 [DEBUG]  OP: Operation.SPLIT_COLUMNS on slice (1936, 3) (remaining tasks 44)
2025-04-24 22:03:28,308 [DEBUG]  		found 1 col clusters (in 0.20932 secs)
2025-04-24 22:03:28,308 [DEBUG]  OP: Operation.NAIVE_FACTORIZATION on slice (286, 3) (remaining tasks 44)
2025-04-24 22:03:28,312 [DEBUG]  		naive factorization 3 columns (in 0.00389 secs)
2025-04-24 22:03:28,312 [DEBUG]  OP: Operation.NAIVE_FACTORIZATION on slice (234, 3) (remaining tasks 43)
2025-04-24 22:03:28,316 [DEBUG]  		naive factorization 3 columns (in 0.00371 secs)
2025-04-24 22:03:28,317 [DEBUG]  OP: Operation.REMOVE_UNINFORMATIVE_FEATURES on slice (158, 3) (remaining tasks 42)
2025-04-24 22:03:28,317 [DEBUG]  OP: Operation.REMOVE_UNINFORMATIVE_FEATURES on slice (258, 3) (remaining tasks 44)
2025-04-24 22:03:28,317 [DEBUG]  OP: Operation.SPLIT_COLUMNS on slice (1200, 3) (remaining tasks 46)
2025-04-24 22:03:28,536 [DEBUG]  		found 1 col clusters (in 0.21837 secs)
2025-04-24 22:03:28,536 [DEBUG]  OP: Operation.SPLIT_COLUMNS on slice (879, 3) (remaining tasks 46)
2025-04-24 22:03:28,741 [DEBUG]  		found 1 col clusters (in 0.20505 secs)
2025-04-24 22:03:28,742 [DEBUG]  OP: Operation.SPLIT_COLUMNS on slice (1404, 3) (remaining tasks 46)
2025-04-24 22:03:28,951 [DEBUG]  		found 1 col clusters (in 0.20908 secs)
2025-04-24 22:03:28,952 [DEBUG]  OP: Operation.SPLIT_COLUMNS on slice (1428, 3) (remaining tasks 46)
2025-04-24 22:03:29,058 [DEBUG]  		found 1 col clusters (in 0.10587 secs)
2025-04-24 22:03:29,058 [DEBUG]  OP: Operation.SPLIT_COLUMNS on slice (1185, 3) (remaining tasks 46)
2025-04-24 22:03:29,164 [DEBUG]  		found 1 col clusters (in 0.10544 secs)
2025-04-24 22:03:29,164 [DEBUG]  OP: Operation.REMOVE_UNINFORMATIVE_FEATURES on slice (123, 3) (remaining tasks 46)
2025-04-24 22:03:29,164 [DEBUG]  OP: Operation.SPLIT_COLUMNS on slice (1469, 3) (remaining tasks 48)
2025-04-24 22:03:29,269 [DEBUG]  		found 1 col clusters (in 0.10470 secs)
2025-04-24 22:03:29,270 [DEBUG]  OP: Operation.SPLIT_COLUMNS on slice (891, 3) (remaining tasks 48)
2025-04-24 22:03:29,500 [DEBUG]  		found 1 col clusters (in 0.22997 secs)
2025-04-24 22:03:29,501 [DEBUG]  OP: Operation.SPLIT_COLUMNS on slice (1674, 3) (remaining tasks 48)
2025-04-24 22:03:29,706 [DEBUG]  		found 1 col clusters (in 0.20545 secs)
2025-04-24 22:03:29,707 [DEBUG]  OP: Operation.SPLIT_COLUMNS on slice (900, 3) (remaining tasks 48)
2025-04-24 22:03:29,882 [DEBUG]  		found 1 col clusters (in 0.17506 secs)
2025-04-24 22:03:29,883 [DEBUG]  OP: Operation.SPLIT_COLUMNS on slice (747, 3) (remaining tasks 48)
2025-04-24 22:03:29,988 [DEBUG]  		found 1 col clusters (in 0.10505 secs)
2025-04-24 22:03:29,988 [DEBUG]  OP: Operation.SPLIT_COLUMNS on slice (953, 3) (remaining tasks 48)
2025-04-24 22:03:30,203 [DEBUG]  		found 1 col clusters (in 0.21495 secs)
2025-04-24 22:03:30,204 [DEBUG]  OP: Operation.SPLIT_COLUMNS on slice (2092, 3) (remaining tasks 48)
2025-04-24 22:03:30,309 [DEBUG]  		found 1 col clusters (in 0.10503 secs)
2025-04-24 22:03:30,310 [DEBUG]  OP: Operation.SPLIT_COLUMNS on slice (1074, 3) (remaining tasks 48)
2025-04-24 22:03:30,528 [DEBUG]  		found 1 col clusters (in 0.21817 secs)
2025-04-24 22:03:30,529 [DEBUG]  OP: Operation.SPLIT_COLUMNS on slice (1418, 3) (remaining tasks 48)
2025-04-24 22:03:30,745 [DEBUG]  		found 1 col clusters (in 0.21626 secs)
2025-04-24 22:03:30,745 [DEBUG]  OP: Operation.SPLIT_COLUMNS on slice (909, 3) (remaining tasks 48)
2025-04-24 22:03:30,961 [DEBUG]  		found 1 col clusters (in 0.21552 secs)
2025-04-24 22:03:30,961 [DEBUG]  OP: Operation.SPLIT_COLUMNS on slice (575, 3) (remaining tasks 48)
2025-04-24 22:03:31,167 [DEBUG]  		found 2 col clusters (in 0.20562 secs)
2025-04-24 22:03:31,168 [DEBUG]  OP: Operation.SPLIT_COLUMNS on slice (472, 3) (remaining tasks 49)
2025-04-24 22:03:31,374 [DEBUG]  		found 1 col clusters (in 0.20588 secs)
2025-04-24 22:03:31,374 [DEBUG]  OP: Operation.REMOVE_UNINFORMATIVE_FEATURES on slice (383, 3) (remaining tasks 49)
2025-04-24 22:03:31,374 [DEBUG]  OP: Operation.SPLIT_COLUMNS on slice (363, 3) (remaining tasks 51)
2025-04-24 22:03:31,578 [DEBUG]  		found 1 col clusters (in 0.20360 secs)
2025-04-24 22:03:31,578 [DEBUG]  OP: Operation.SPLIT_COLUMNS on slice (1010, 3) (remaining tasks 51)
2025-04-24 22:03:31,785 [DEBUG]  		found 1 col clusters (in 0.20604 secs)
2025-04-24 22:03:31,785 [DEBUG]  OP: Operation.SPLIT_COLUMNS on slice (855, 3) (remaining tasks 51)
2025-04-24 22:03:31,992 [DEBUG]  		found 1 col clusters (in 0.20733 secs)
2025-04-24 22:03:31,993 [DEBUG]  OP: Operation.NAIVE_FACTORIZATION on slice (159, 3) (remaining tasks 51)
2025-04-24 22:03:31,996 [DEBUG]  		naive factorization 3 columns (in 0.00345 secs)
2025-04-24 22:03:31,996 [DEBUG]  OP: Operation.SPLIT_COLUMNS on slice (423, 3) (remaining tasks 50)
2025-04-24 22:03:32,202 [DEBUG]  		found 1 col clusters (in 0.20530 secs)
2025-04-24 22:03:32,202 [DEBUG]  OP: Operation.SPLIT_COLUMNS on slice (1738, 3) (remaining tasks 50)
2025-04-24 22:03:32,406 [DEBUG]  		found 1 col clusters (in 0.20322 secs)
2025-04-24 22:03:32,406 [DEBUG]  OP: Operation.REMOVE_UNINFORMATIVE_FEATURES on slice (151, 3) (remaining tasks 50)
2025-04-24 22:03:32,406 [DEBUG]  OP: Operation.SPLIT_COLUMNS on slice (420, 3) (remaining tasks 52)
2025-04-24 22:03:32,618 [DEBUG]  		found 2 col clusters (in 0.21116 secs)
2025-04-24 22:03:32,618 [DEBUG]  OP: Operation.SPLIT_COLUMNS on slice (470, 3) (remaining tasks 53)
2025-04-24 22:03:32,822 [DEBUG]  		found 1 col clusters (in 0.20389 secs)
2025-04-24 22:03:32,822 [DEBUG]  OP: Operation.NAIVE_FACTORIZATION on slice (300, 2) (remaining tasks 53)
2025-04-24 22:03:32,825 [DEBUG]  		naive factorization 2 columns (in 0.00265 secs)
2025-04-24 22:03:32,825 [DEBUG]  OP: Operation.NAIVE_FACTORIZATION on slice (234, 2) (remaining tasks 52)
2025-04-24 22:03:32,828 [DEBUG]  		naive factorization 2 columns (in 0.00249 secs)
2025-04-24 22:03:32,828 [DEBUG]  OP: Operation.CREATE_LEAF on slice (68, 1) (remaining tasks 51)
2025-04-24 22:03:32,828 [DEBUG]  		 created leaf IdentityNumericLeaf for scope=[0] (in 0.00025 secs)
2025-04-24 22:03:32,828 [DEBUG]  OP: Operation.CREATE_LEAF on slice (68, 1) (remaining tasks 50)
2025-04-24 22:03:32,829 [DEBUG]  		 created leaf IdentityNumericLeaf for scope=[1] (in 0.00021 secs)
2025-04-24 22:03:32,829 [DEBUG]  OP: Operation.CREATE_LEAF on slice (68, 1) (remaining tasks 49)
2025-04-24 22:03:32,829 [DEBUG]  		 created leaf IdentityNumericLeaf for scope=[2] (in 0.00029 secs)
2025-04-24 22:03:32,830 [DEBUG]  OP: Operation.SPLIT_ROWS on slice (793, 3) (remaining tasks 48)
2025-04-24 22:03:32,887 [DEBUG]  		found 2 row clusters (in 0.05714 secs)
2025-04-24 22:03:32,887 [DEBUG]  OP: Operation.SPLIT_COLUMNS on slice (1011, 2) (remaining tasks 49)
2025-04-24 22:03:33,027 [DEBUG]  		found 1 col clusters (in 0.13953 secs)
2025-04-24 22:03:33,027 [DEBUG]  OP: Operation.CREATE_LEAF on slice (1011, 1) (remaining tasks 49)
2025-04-24 22:03:33,028 [DEBUG]  		 created leaf IdentityNumericLeaf for scope=[2] (in 0.00057 secs)
2025-04-24 22:03:33,028 [DEBUG]  OP: Operation.SPLIT_ROWS on slice (604, 3) (remaining tasks 48)
2025-04-24 22:03:33,055 [DEBUG]  		found 2 row clusters (in 0.02637 secs)
2025-04-24 22:03:33,055 [DEBUG]  OP: Operation.CREATE_LEAF on slice (166, 1) (remaining tasks 49)
2025-04-24 22:03:33,055 [DEBUG]  		 created leaf IdentityNumericLeaf for scope=[0] (in 0.00033 secs)
2025-04-24 22:03:33,056 [DEBUG]  OP: Operation.CREATE_LEAF on slice (166, 1) (remaining tasks 48)
2025-04-24 22:03:33,056 [DEBUG]  		 created leaf IdentityNumericLeaf for scope=[1] (in 0.00028 secs)
2025-04-24 22:03:33,056 [DEBUG]  OP: Operation.CREATE_LEAF on slice (166, 1) (remaining tasks 47)
2025-04-24 22:03:33,057 [DEBUG]  		 created leaf IdentityNumericLeaf for scope=[2] (in 0.00037 secs)
2025-04-24 22:03:33,057 [DEBUG]  OP: Operation.SPLIT_ROWS on slice (1936, 3) (remaining tasks 46)
2025-04-24 22:03:33,112 [DEBUG]  		found 2 row clusters (in 0.05486 secs)
2025-04-24 22:03:33,112 [DEBUG]  OP: Operation.CREATE_LEAF on slice (158, 1) (remaining tasks 47)
2025-04-24 22:03:33,113 [DEBUG]  		 created leaf IdentityNumericLeaf for scope=[0] (in 0.00021 secs)
2025-04-24 22:03:33,113 [DEBUG]  OP: Operation.CREATE_LEAF on slice (158, 1) (remaining tasks 46)
2025-04-24 22:03:33,113 [DEBUG]  		 created leaf IdentityNumericLeaf for scope=[1] (in 0.00017 secs)
2025-04-24 22:03:33,113 [DEBUG]  OP: Operation.CREATE_LEAF on slice (158, 1) (remaining tasks 45)
2025-04-24 22:03:33,113 [DEBUG]  		 created leaf IdentityNumericLeaf for scope=[2] (in 0.00022 secs)
2025-04-24 22:03:33,113 [DEBUG]  OP: Operation.CREATE_LEAF on slice (258, 1) (remaining tasks 44)
2025-04-24 22:03:33,114 [DEBUG]  		 created leaf IdentityNumericLeaf for scope=[0] (in 0.00017 secs)
2025-04-24 22:03:33,114 [DEBUG]  OP: Operation.CREATE_LEAF on slice (258, 1) (remaining tasks 43)
2025-04-24 22:03:33,114 [DEBUG]  		 created leaf IdentityNumericLeaf for scope=[1] (in 0.00016 secs)
2025-04-24 22:03:33,114 [DEBUG]  OP: Operation.CREATE_LEAF on slice (258, 1) (remaining tasks 42)
2025-04-24 22:03:33,114 [DEBUG]  		 created leaf IdentityNumericLeaf for scope=[2] (in 0.00024 secs)
2025-04-24 22:03:33,115 [DEBUG]  OP: Operation.SPLIT_ROWS on slice (1200, 3) (remaining tasks 41)
2025-04-24 22:03:33,141 [DEBUG]  		found 2 row clusters (in 0.02593 secs)
2025-04-24 22:03:33,141 [DEBUG]  OP: Operation.SPLIT_ROWS on slice (879, 3) (remaining tasks 42)
2025-04-24 22:03:33,167 [DEBUG]  		found 2 row clusters (in 0.02635 secs)
2025-04-24 22:03:33,168 [DEBUG]  OP: Operation.SPLIT_ROWS on slice (1404, 3) (remaining tasks 43)
2025-04-24 22:03:33,194 [DEBUG]  		found 2 row clusters (in 0.02635 secs)
2025-04-24 22:03:33,194 [DEBUG]  OP: Operation.SPLIT_ROWS on slice (1428, 3) (remaining tasks 44)
2025-04-24 22:03:33,234 [DEBUG]  		found 2 row clusters (in 0.03973 secs)
2025-04-24 22:03:33,234 [DEBUG]  OP: Operation.SPLIT_ROWS on slice (1185, 3) (remaining tasks 45)
2025-04-24 22:03:33,257 [DEBUG]  		found 2 row clusters (in 0.02285 secs)
2025-04-24 22:03:33,257 [DEBUG]  OP: Operation.CREATE_LEAF on slice (123, 1) (remaining tasks 46)
2025-04-24 22:03:33,258 [DEBUG]  		 created leaf IdentityNumericLeaf for scope=[0] (in 0.00016 secs)
2025-04-24 22:03:33,258 [DEBUG]  OP: Operation.CREATE_LEAF on slice (123, 1) (remaining tasks 45)
2025-04-24 22:03:33,258 [DEBUG]  		 created leaf IdentityNumericLeaf for scope=[1] (in 0.00014 secs)
2025-04-24 22:03:33,258 [DEBUG]  OP: Operation.CREATE_LEAF on slice (123, 1) (remaining tasks 44)
2025-04-24 22:03:33,258 [DEBUG]  		 created leaf IdentityNumericLeaf for scope=[2] (in 0.00015 secs)
2025-04-24 22:03:33,258 [DEBUG]  OP: Operation.SPLIT_ROWS on slice (1469, 3) (remaining tasks 43)
2025-04-24 22:03:33,286 [DEBUG]  		found 2 row clusters (in 0.02803 secs)
2025-04-24 22:03:33,287 [DEBUG]  OP: Operation.SPLIT_ROWS on slice (891, 3) (remaining tasks 44)
2025-04-24 22:03:33,308 [DEBUG]  		found 2 row clusters (in 0.02070 secs)
2025-04-24 22:03:33,308 [DEBUG]  OP: Operation.SPLIT_ROWS on slice (1674, 3) (remaining tasks 45)
2025-04-24 22:03:33,322 [DEBUG]  		found 2 row clusters (in 0.01410 secs)
2025-04-24 22:03:33,322 [DEBUG]  OP: Operation.SPLIT_ROWS on slice (900, 3) (remaining tasks 46)
2025-04-24 22:03:33,335 [DEBUG]  		found 2 row clusters (in 0.01274 secs)
2025-04-24 22:03:33,335 [DEBUG]  OP: Operation.SPLIT_ROWS on slice (747, 3) (remaining tasks 47)
2025-04-24 22:03:33,348 [DEBUG]  		found 2 row clusters (in 0.01268 secs)
2025-04-24 22:03:33,348 [DEBUG]  OP: Operation.SPLIT_ROWS on slice (953, 3) (remaining tasks 48)
2025-04-24 22:03:33,371 [DEBUG]  		found 2 row clusters (in 0.02243 secs)
2025-04-24 22:03:33,371 [DEBUG]  OP: Operation.SPLIT_ROWS on slice (2092, 3) (remaining tasks 49)
2025-04-24 22:03:33,403 [DEBUG]  		found 2 row clusters (in 0.03167 secs)
2025-04-24 22:03:33,403 [DEBUG]  OP: Operation.SPLIT_ROWS on slice (1074, 3) (remaining tasks 50)
2025-04-24 22:03:33,427 [DEBUG]  		found 2 row clusters (in 0.02345 secs)
2025-04-24 22:03:33,427 [DEBUG]  OP: Operation.SPLIT_ROWS on slice (1418, 3) (remaining tasks 51)
2025-04-24 22:03:33,440 [DEBUG]  		found 2 row clusters (in 0.01334 secs)
2025-04-24 22:03:33,441 [DEBUG]  OP: Operation.SPLIT_ROWS on slice (909, 3) (remaining tasks 52)
2025-04-24 22:03:33,456 [DEBUG]  		found 2 row clusters (in 0.01544 secs)
2025-04-24 22:03:33,456 [DEBUG]  OP: Operation.SPLIT_COLUMNS on slice (575, 2) (remaining tasks 53)
2025-04-24 22:03:33,563 [DEBUG]  		found 1 col clusters (in 0.10666 secs)
2025-04-24 22:03:33,563 [DEBUG]  OP: Operation.CREATE_LEAF on slice (575, 1) (remaining tasks 53)
2025-04-24 22:03:33,564 [DEBUG]  		 created leaf IdentityNumericLeaf for scope=[2] (in 0.00062 secs)
2025-04-24 22:03:33,565 [DEBUG]  OP: Operation.SPLIT_ROWS on slice (472, 3) (remaining tasks 52)
2025-04-24 22:03:33,579 [DEBUG]  		found 2 row clusters (in 0.01438 secs)
2025-04-24 22:03:33,579 [DEBUG]  OP: Operation.CREATE_LEAF on slice (383, 1) (remaining tasks 53)
2025-04-24 22:03:33,580 [DEBUG]  		 created leaf IdentityNumericLeaf for scope=[0] (in 0.00022 secs)
2025-04-24 22:03:33,580 [DEBUG]  OP: Operation.CREATE_LEAF on slice (383, 1) (remaining tasks 52)
2025-04-24 22:03:33,580 [DEBUG]  		 created leaf IdentityNumericLeaf for scope=[1] (in 0.00016 secs)
2025-04-24 22:03:33,580 [DEBUG]  OP: Operation.CREATE_LEAF on slice (383, 1) (remaining tasks 51)
2025-04-24 22:03:33,580 [DEBUG]  		 created leaf IdentityNumericLeaf for scope=[2] (in 0.00021 secs)
2025-04-24 22:03:33,581 [DEBUG]  OP: Operation.SPLIT_ROWS on slice (363, 3) (remaining tasks 50)
2025-04-24 22:03:33,594 [DEBUG]  		found 2 row clusters (in 0.01308 secs)
2025-04-24 22:03:33,594 [DEBUG]  OP: Operation.SPLIT_ROWS on slice (1010, 3) (remaining tasks 51)
2025-04-24 22:03:33,611 [DEBUG]  		found 2 row clusters (in 0.01726 secs)
2025-04-24 22:03:33,612 [DEBUG]  OP: Operation.SPLIT_ROWS on slice (855, 3) (remaining tasks 52)
2025-04-24 22:03:33,634 [DEBUG]  		found 2 row clusters (in 0.02180 secs)
2025-04-24 22:03:33,634 [DEBUG]  OP: Operation.SPLIT_ROWS on slice (423, 3) (remaining tasks 53)
2025-04-24 22:03:33,650 [DEBUG]  		found 2 row clusters (in 0.01641 secs)
2025-04-24 22:03:33,651 [DEBUG]  OP: Operation.SPLIT_ROWS on slice (1738, 3) (remaining tasks 54)
2025-04-24 22:03:33,678 [DEBUG]  		found 2 row clusters (in 0.02742 secs)
2025-04-24 22:03:33,678 [DEBUG]  OP: Operation.CREATE_LEAF on slice (151, 1) (remaining tasks 55)
2025-04-24 22:03:33,679 [DEBUG]  		 created leaf IdentityNumericLeaf for scope=[0] (in 0.00019 secs)
2025-04-24 22:03:33,679 [DEBUG]  OP: Operation.CREATE_LEAF on slice (151, 1) (remaining tasks 54)
2025-04-24 22:03:33,679 [DEBUG]  		 created leaf IdentityNumericLeaf for scope=[1] (in 0.00014 secs)
2025-04-24 22:03:33,679 [DEBUG]  OP: Operation.CREATE_LEAF on slice (151, 1) (remaining tasks 53)
2025-04-24 22:03:33,679 [DEBUG]  		 created leaf IdentityNumericLeaf for scope=[2] (in 0.00018 secs)
2025-04-24 22:03:33,679 [DEBUG]  OP: Operation.SPLIT_COLUMNS on slice (420, 2) (remaining tasks 52)
2025-04-24 22:03:33,784 [DEBUG]  		found 1 col clusters (in 0.10438 secs)
2025-04-24 22:03:33,784 [DEBUG]  OP: Operation.CREATE_LEAF on slice (420, 1) (remaining tasks 52)
2025-04-24 22:03:33,784 [DEBUG]  		 created leaf IdentityNumericLeaf for scope=[2] (in 0.00037 secs)
2025-04-24 22:03:33,785 [DEBUG]  OP: Operation.SPLIT_ROWS on slice (470, 3) (remaining tasks 51)
2025-04-24 22:03:33,810 [DEBUG]  		found 2 row clusters (in 0.02488 secs)
2025-04-24 22:03:33,810 [DEBUG]  OP: Operation.NAIVE_FACTORIZATION on slice (356, 3) (remaining tasks 52)
2025-04-24 22:03:33,814 [DEBUG]  		naive factorization 3 columns (in 0.00422 secs)
2025-04-24 22:03:33,815 [DEBUG]  OP: Operation.SPLIT_COLUMNS on slice (437, 3) (remaining tasks 51)
2025-04-24 22:03:33,920 [DEBUG]  		found 1 col clusters (in 0.10573 secs)
2025-04-24 22:03:33,921 [DEBUG]  OP: Operation.SPLIT_ROWS on slice (1011, 2) (remaining tasks 51)
2025-04-24 22:03:33,941 [DEBUG]  		found 2 row clusters (in 0.02044 secs)
2025-04-24 22:03:33,942 [DEBUG]  OP: Operation.NAIVE_FACTORIZATION on slice (283, 3) (remaining tasks 52)
2025-04-24 22:03:33,946 [DEBUG]  		naive factorization 3 columns (in 0.00438 secs)
2025-04-24 22:03:33,946 [DEBUG]  OP: Operation.REMOVE_UNINFORMATIVE_FEATURES on slice (321, 3) (remaining tasks 51)
2025-04-24 22:03:33,947 [DEBUG]  OP: Operation.SPLIT_COLUMNS on slice (981, 3) (remaining tasks 53)
2025-04-24 22:03:34,125 [DEBUG]  		found 1 col clusters (in 0.17860 secs)
2025-04-24 22:03:34,126 [DEBUG]  OP: Operation.SPLIT_COLUMNS on slice (955, 3) (remaining tasks 53)
2025-04-24 22:03:34,332 [DEBUG]  		found 1 col clusters (in 0.20588 secs)
2025-04-24 22:03:34,332 [DEBUG]  OP: Operation.SPLIT_COLUMNS on slice (651, 3) (remaining tasks 53)
2025-04-24 22:03:34,570 [DEBUG]  		found 1 col clusters (in 0.23780 secs)
2025-04-24 22:03:34,571 [DEBUG]  OP: Operation.SPLIT_COLUMNS on slice (549, 3) (remaining tasks 53)
2025-04-24 22:03:34,676 [DEBUG]  		found 1 col clusters (in 0.10579 secs)
2025-04-24 22:03:34,677 [DEBUG]  OP: Operation.SPLIT_COLUMNS on slice (460, 3) (remaining tasks 53)
2025-04-24 22:03:34,889 [DEBUG]  		found 1 col clusters (in 0.21168 secs)
2025-04-24 22:03:34,889 [DEBUG]  OP: Operation.SPLIT_COLUMNS on slice (419, 3) (remaining tasks 53)
2025-04-24 22:03:35,095 [DEBUG]  		found 1 col clusters (in 0.20553 secs)
2025-04-24 22:03:35,095 [DEBUG]  OP: Operation.SPLIT_COLUMNS on slice (676, 3) (remaining tasks 53)
2025-04-24 22:03:35,308 [DEBUG]  		found 1 col clusters (in 0.21259 secs)
2025-04-24 22:03:35,308 [DEBUG]  OP: Operation.SPLIT_COLUMNS on slice (728, 3) (remaining tasks 53)
2025-04-24 22:03:35,513 [DEBUG]  		found 1 col clusters (in 0.20498 secs)
2025-04-24 22:03:35,514 [DEBUG]  OP: Operation.SPLIT_COLUMNS on slice (1289, 3) (remaining tasks 53)
2025-04-24 22:03:35,722 [DEBUG]  		found 1 col clusters (in 0.20761 secs)
2025-04-24 22:03:35,722 [DEBUG]  OP: Operation.NAIVE_FACTORIZATION on slice (139, 3) (remaining tasks 53)
2025-04-24 22:03:35,724 [DEBUG]  		naive factorization 3 columns (in 0.00178 secs)
2025-04-24 22:03:35,724 [DEBUG]  OP: Operation.SPLIT_COLUMNS on slice (675, 3) (remaining tasks 52)
2025-04-24 22:03:35,931 [DEBUG]  		found 1 col clusters (in 0.20677 secs)
2025-04-24 22:03:35,931 [DEBUG]  OP: Operation.SPLIT_COLUMNS on slice (510, 3) (remaining tasks 52)
2025-04-24 22:03:36,146 [DEBUG]  		found 1 col clusters (in 0.21425 secs)
2025-04-24 22:03:36,146 [DEBUG]  OP: Operation.SPLIT_COLUMNS on slice (484, 3) (remaining tasks 52)
2025-04-24 22:03:36,352 [DEBUG]  		found 1 col clusters (in 0.20547 secs)
2025-04-24 22:03:36,352 [DEBUG]  OP: Operation.SPLIT_COLUMNS on slice (985, 3) (remaining tasks 52)
2025-04-24 22:03:36,556 [DEBUG]  		found 1 col clusters (in 0.20378 secs)
2025-04-24 22:03:36,557 [DEBUG]  OP: Operation.SPLIT_COLUMNS on slice (375, 3) (remaining tasks 52)
2025-04-24 22:03:36,764 [DEBUG]  		found 1 col clusters (in 0.20681 secs)
2025-04-24 22:03:36,764 [DEBUG]  OP: Operation.SPLIT_COLUMNS on slice (516, 3) (remaining tasks 52)
2025-04-24 22:03:36,968 [DEBUG]  		found 1 col clusters (in 0.20427 secs)
2025-04-24 22:03:36,969 [DEBUG]  OP: Operation.REMOVE_UNINFORMATIVE_FEATURES on slice (829, 3) (remaining tasks 52)
2025-04-24 22:03:36,969 [DEBUG]  OP: Operation.SPLIT_COLUMNS on slice (845, 3) (remaining tasks 54)
2025-04-24 22:03:37,141 [DEBUG]  		found 1 col clusters (in 0.17183 secs)
2025-04-24 22:03:37,141 [DEBUG]  OP: Operation.REMOVE_UNINFORMATIVE_FEATURES on slice (447, 3) (remaining tasks 54)
2025-04-24 22:03:37,142 [DEBUG]  OP: Operation.REMOVE_UNINFORMATIVE_FEATURES on slice (453, 3) (remaining tasks 56)
2025-04-24 22:03:37,142 [DEBUG]  OP: Operation.SPLIT_COLUMNS on slice (537, 3) (remaining tasks 58)
2025-04-24 22:03:37,349 [DEBUG]  		found 1 col clusters (in 0.20730 secs)
2025-04-24 22:03:37,350 [DEBUG]  OP: Operation.REMOVE_UNINFORMATIVE_FEATURES on slice (210, 3) (remaining tasks 58)
2025-04-24 22:03:37,350 [DEBUG]  OP: Operation.SPLIT_COLUMNS on slice (447, 3) (remaining tasks 60)
2025-04-24 22:03:37,559 [DEBUG]  		found 1 col clusters (in 0.20865 secs)
2025-04-24 22:03:37,559 [DEBUG]  OP: Operation.SPLIT_COLUMNS on slice (506, 3) (remaining tasks 60)
2025-04-24 22:03:37,764 [DEBUG]  		found 1 col clusters (in 0.20522 secs)
2025-04-24 22:03:37,765 [DEBUG]  OP: Operation.SPLIT_COLUMNS on slice (909, 3) (remaining tasks 60)
2025-04-24 22:03:37,976 [DEBUG]  		found 1 col clusters (in 0.21090 secs)
2025-04-24 22:03:37,976 [DEBUG]  OP: Operation.SPLIT_COLUMNS on slice (1183, 3) (remaining tasks 60)
2025-04-24 22:03:38,215 [DEBUG]  		found 1 col clusters (in 0.23815 secs)
2025-04-24 22:03:38,215 [DEBUG]  OP: Operation.REMOVE_UNINFORMATIVE_FEATURES on slice (594, 3) (remaining tasks 60)
2025-04-24 22:03:38,215 [DEBUG]  OP: Operation.SPLIT_COLUMNS on slice (480, 3) (remaining tasks 62)
2025-04-24 22:03:38,441 [DEBUG]  		found 1 col clusters (in 0.22534 secs)
2025-04-24 22:03:38,441 [DEBUG]  OP: Operation.SPLIT_COLUMNS on slice (752, 3) (remaining tasks 62)
2025-04-24 22:03:38,646 [DEBUG]  		found 1 col clusters (in 0.20479 secs)
2025-04-24 22:03:38,647 [DEBUG]  OP: Operation.SPLIT_COLUMNS on slice (666, 3) (remaining tasks 62)
2025-04-24 22:03:38,852 [DEBUG]  		found 2 col clusters (in 0.20519 secs)
2025-04-24 22:03:38,853 [DEBUG]  OP: Operation.SPLIT_COLUMNS on slice (781, 3) (remaining tasks 63)
2025-04-24 22:03:38,958 [DEBUG]  		found 1 col clusters (in 0.10547 secs)
2025-04-24 22:03:38,959 [DEBUG]  OP: Operation.REMOVE_UNINFORMATIVE_FEATURES on slice (128, 3) (remaining tasks 63)
2025-04-24 22:03:38,959 [DEBUG]  OP: Operation.SPLIT_ROWS on slice (575, 2) (remaining tasks 65)
2025-04-24 22:03:38,994 [DEBUG]  		found 2 row clusters (in 0.03450 secs)
2025-04-24 22:03:38,995 [DEBUG]  OP: Operation.REMOVE_UNINFORMATIVE_FEATURES on slice (155, 3) (remaining tasks 66)
2025-04-24 22:03:38,995 [DEBUG]  OP: Operation.NAIVE_FACTORIZATION on slice (317, 3) (remaining tasks 68)
2025-04-24 22:03:38,998 [DEBUG]  		naive factorization 3 columns (in 0.00217 secs)
2025-04-24 22:03:38,998 [DEBUG]  OP: Operation.REMOVE_UNINFORMATIVE_FEATURES on slice (195, 3) (remaining tasks 67)
2025-04-24 22:03:38,999 [DEBUG]  OP: Operation.REMOVE_UNINFORMATIVE_FEATURES on slice (168, 3) (remaining tasks 69)
2025-04-24 22:03:38,999 [DEBUG]  OP: Operation.SPLIT_COLUMNS on slice (536, 3) (remaining tasks 71)
2025-04-24 22:03:39,177 [DEBUG]  		found 2 col clusters (in 0.17815 secs)
2025-04-24 22:03:39,178 [DEBUG]  OP: Operation.SPLIT_COLUMNS on slice (474, 3) (remaining tasks 72)
2025-04-24 22:03:39,388 [DEBUG]  		found 2 col clusters (in 0.20998 secs)
2025-04-24 22:03:39,388 [DEBUG]  OP: Operation.NAIVE_FACTORIZATION on slice (217, 3) (remaining tasks 73)
2025-04-24 22:03:39,391 [DEBUG]  		naive factorization 3 columns (in 0.00192 secs)
2025-04-24 22:03:39,391 [DEBUG]  OP: Operation.SPLIT_COLUMNS on slice (638, 3) (remaining tasks 72)
2025-04-24 22:03:39,593 [DEBUG]  		found 2 col clusters (in 0.20185 secs)
2025-04-24 22:03:39,593 [DEBUG]  OP: Operation.NAIVE_FACTORIZATION on slice (186, 3) (remaining tasks 73)
2025-04-24 22:03:39,595 [DEBUG]  		naive factorization 3 columns (in 0.00220 secs)
2025-04-24 22:03:39,596 [DEBUG]  OP: Operation.NAIVE_FACTORIZATION on slice (237, 3) (remaining tasks 72)
2025-04-24 22:03:39,598 [DEBUG]  		naive factorization 3 columns (in 0.00227 secs)
2025-04-24 22:03:39,598 [DEBUG]  OP: Operation.SPLIT_COLUMNS on slice (1056, 3) (remaining tasks 71)
2025-04-24 22:03:39,771 [DEBUG]  		found 1 col clusters (in 0.17217 secs)
2025-04-24 22:03:39,771 [DEBUG]  OP: Operation.SPLIT_COLUMNS on slice (682, 3) (remaining tasks 71)
2025-04-24 22:03:39,986 [DEBUG]  		found 1 col clusters (in 0.21437 secs)
2025-04-24 22:03:39,986 [DEBUG]  OP: Operation.SPLIT_ROWS on slice (420, 2) (remaining tasks 71)
2025-04-24 22:03:40,002 [DEBUG]  		found 2 row clusters (in 0.01625 secs)
2025-04-24 22:03:40,003 [DEBUG]  OP: Operation.SPLIT_COLUMNS on slice (409, 3) (remaining tasks 72)
2025-04-24 22:03:40,197 [DEBUG]  		found 1 col clusters (in 0.19351 secs)
2025-04-24 22:03:40,197 [DEBUG]  OP: Operation.REMOVE_UNINFORMATIVE_FEATURES on slice (61, 3) (remaining tasks 72)
2025-04-24 22:03:40,197 [DEBUG]  OP: Operation.SPLIT_ROWS on slice (437, 3) (remaining tasks 74)
2025-04-24 22:03:40,220 [DEBUG]  		found 2 row clusters (in 0.02307 secs)
2025-04-24 22:03:40,221 [DEBUG]  OP: Operation.NAIVE_FACTORIZATION on slice (154, 2) (remaining tasks 75)
2025-04-24 22:03:40,226 [DEBUG]  		naive factorization 2 columns (in 0.00554 secs)
2025-04-24 22:03:40,227 [DEBUG]  OP: Operation.NAIVE_FACTORIZATION on slice (857, 2) (remaining tasks 74)
2025-04-24 22:03:40,228 [DEBUG]  		naive factorization 2 columns (in 0.00137 secs)
2025-04-24 22:03:40,228 [DEBUG]  OP: Operation.CREATE_LEAF on slice (321, 1) (remaining tasks 73)
2025-04-24 22:03:40,229 [DEBUG]  		 created leaf IdentityNumericLeaf for scope=[0] (in 0.00025 secs)
2025-04-24 22:03:40,229 [DEBUG]  OP: Operation.CREATE_LEAF on slice (321, 1) (remaining tasks 72)
2025-04-24 22:03:40,229 [DEBUG]  		 created leaf IdentityNumericLeaf for scope=[1] (in 0.00021 secs)
2025-04-24 22:03:40,229 [DEBUG]  OP: Operation.CREATE_LEAF on slice (321, 1) (remaining tasks 71)
2025-04-24 22:03:40,230 [DEBUG]  		 created leaf IdentityNumericLeaf for scope=[2] (in 0.00033 secs)
2025-04-24 22:03:40,230 [DEBUG]  OP: Operation.SPLIT_ROWS on slice (981, 3) (remaining tasks 70)
2025-04-24 22:03:40,271 [DEBUG]  		found 2 row clusters (in 0.04130 secs)
2025-04-24 22:03:40,272 [DEBUG]  OP: Operation.SPLIT_ROWS on slice (955, 3) (remaining tasks 71)
2025-04-24 22:03:40,308 [DEBUG]  		found 2 row clusters (in 0.03606 secs)
2025-04-24 22:03:40,308 [DEBUG]  OP: Operation.SPLIT_ROWS on slice (651, 3) (remaining tasks 72)
2025-04-24 22:03:40,322 [DEBUG]  		found 2 row clusters (in 0.01328 secs)
2025-04-24 22:03:40,322 [DEBUG]  OP: Operation.SPLIT_ROWS on slice (549, 3) (remaining tasks 73)
2025-04-24 22:03:40,341 [DEBUG]  		found 2 row clusters (in 0.01874 secs)
2025-04-24 22:03:40,341 [DEBUG]  OP: Operation.SPLIT_ROWS on slice (460, 3) (remaining tasks 74)
2025-04-24 22:03:40,355 [DEBUG]  		found 2 row clusters (in 0.01346 secs)
2025-04-24 22:03:40,355 [DEBUG]  OP: Operation.SPLIT_ROWS on slice (419, 3) (remaining tasks 75)
2025-04-24 22:03:40,369 [DEBUG]  		found 2 row clusters (in 0.01410 secs)
2025-04-24 22:03:40,369 [DEBUG]  OP: Operation.SPLIT_ROWS on slice (676, 3) (remaining tasks 76)
2025-04-24 22:03:40,394 [DEBUG]  		found 2 row clusters (in 0.02482 secs)
2025-04-24 22:03:40,394 [DEBUG]  OP: Operation.SPLIT_ROWS on slice (728, 3) (remaining tasks 77)
2025-04-24 22:03:40,413 [DEBUG]  		found 2 row clusters (in 0.01822 secs)
2025-04-24 22:03:40,413 [DEBUG]  OP: Operation.SPLIT_ROWS on slice (1289, 3) (remaining tasks 78)
2025-04-24 22:03:40,432 [DEBUG]  		found 2 row clusters (in 0.01868 secs)
2025-04-24 22:03:40,432 [DEBUG]  OP: Operation.SPLIT_ROWS on slice (675, 3) (remaining tasks 79)
2025-04-24 22:03:40,444 [DEBUG]  		found 2 row clusters (in 0.01254 secs)
2025-04-24 22:03:40,445 [DEBUG]  OP: Operation.SPLIT_ROWS on slice (510, 3) (remaining tasks 80)
2025-04-24 22:03:40,457 [DEBUG]  		found 2 row clusters (in 0.01263 secs)
2025-04-24 22:03:40,458 [DEBUG]  OP: Operation.SPLIT_ROWS on slice (484, 3) (remaining tasks 81)
2025-04-24 22:03:40,475 [DEBUG]  		found 2 row clusters (in 0.01737 secs)
2025-04-24 22:03:40,475 [DEBUG]  OP: Operation.SPLIT_ROWS on slice (985, 3) (remaining tasks 82)
2025-04-24 22:03:40,488 [DEBUG]  		found 2 row clusters (in 0.01286 secs)
2025-04-24 22:03:40,488 [DEBUG]  OP: Operation.SPLIT_ROWS on slice (375, 3) (remaining tasks 83)
2025-04-24 22:03:40,506 [DEBUG]  		found 2 row clusters (in 0.01722 secs)
2025-04-24 22:03:40,506 [DEBUG]  OP: Operation.SPLIT_ROWS on slice (516, 3) (remaining tasks 84)
2025-04-24 22:03:40,524 [DEBUG]  		found 2 row clusters (in 0.01769 secs)
2025-04-24 22:03:40,524 [DEBUG]  OP: Operation.CREATE_LEAF on slice (829, 1) (remaining tasks 85)
2025-04-24 22:03:40,524 [DEBUG]  		 created leaf IdentityNumericLeaf for scope=[0] (in 0.00017 secs)
2025-04-24 22:03:40,524 [DEBUG]  OP: Operation.CREATE_LEAF on slice (829, 1) (remaining tasks 84)
2025-04-24 22:03:40,524 [DEBUG]  		 created leaf IdentityNumericLeaf for scope=[1] (in 0.00017 secs)
2025-04-24 22:03:40,524 [DEBUG]  OP: Operation.CREATE_LEAF on slice (829, 1) (remaining tasks 83)
2025-04-24 22:03:40,525 [DEBUG]  		 created leaf IdentityNumericLeaf for scope=[2] (in 0.00047 secs)
2025-04-24 22:03:40,525 [DEBUG]  OP: Operation.SPLIT_ROWS on slice (845, 3) (remaining tasks 82)
2025-04-24 22:03:40,545 [DEBUG]  		found 2 row clusters (in 0.01990 secs)
2025-04-24 22:03:40,545 [DEBUG]  OP: Operation.CREATE_LEAF on slice (447, 1) (remaining tasks 83)
2025-04-24 22:03:40,545 [DEBUG]  		 created leaf IdentityNumericLeaf for scope=[0] (in 0.00016 secs)
2025-04-24 22:03:40,546 [DEBUG]  OP: Operation.CREATE_LEAF on slice (447, 1) (remaining tasks 82)
2025-04-24 22:03:40,546 [DEBUG]  		 created leaf IdentityNumericLeaf for scope=[1] (in 0.00016 secs)
2025-04-24 22:03:40,546 [DEBUG]  OP: Operation.CREATE_LEAF on slice (447, 1) (remaining tasks 81)
2025-04-24 22:03:40,546 [DEBUG]  		 created leaf IdentityNumericLeaf for scope=[2] (in 0.00018 secs)
2025-04-24 22:03:40,546 [DEBUG]  OP: Operation.CREATE_LEAF on slice (453, 1) (remaining tasks 80)
2025-04-24 22:03:40,546 [DEBUG]  		 created leaf IdentityNumericLeaf for scope=[0] (in 0.00016 secs)
2025-04-24 22:03:40,546 [DEBUG]  OP: Operation.CREATE_LEAF on slice (453, 1) (remaining tasks 79)
2025-04-24 22:03:40,547 [DEBUG]  		 created leaf IdentityNumericLeaf for scope=[1] (in 0.00015 secs)
2025-04-24 22:03:40,547 [DEBUG]  OP: Operation.CREATE_LEAF on slice (453, 1) (remaining tasks 78)
2025-04-24 22:03:40,547 [DEBUG]  		 created leaf IdentityNumericLeaf for scope=[2] (in 0.00018 secs)
2025-04-24 22:03:40,547 [DEBUG]  OP: Operation.SPLIT_ROWS on slice (537, 3) (remaining tasks 77)
2025-04-24 22:03:40,567 [DEBUG]  		found 2 row clusters (in 0.01979 secs)
2025-04-24 22:03:40,567 [DEBUG]  OP: Operation.CREATE_LEAF on slice (210, 1) (remaining tasks 78)
2025-04-24 22:03:40,567 [DEBUG]  		 created leaf IdentityNumericLeaf for scope=[0] (in 0.00016 secs)
2025-04-24 22:03:40,567 [DEBUG]  OP: Operation.CREATE_LEAF on slice (210, 1) (remaining tasks 77)
2025-04-24 22:03:40,568 [DEBUG]  		 created leaf IdentityNumericLeaf for scope=[1] (in 0.00014 secs)
2025-04-24 22:03:40,568 [DEBUG]  OP: Operation.CREATE_LEAF on slice (210, 1) (remaining tasks 76)
2025-04-24 22:03:40,568 [DEBUG]  		 created leaf IdentityNumericLeaf for scope=[2] (in 0.00017 secs)
2025-04-24 22:03:40,568 [DEBUG]  OP: Operation.SPLIT_ROWS on slice (447, 3) (remaining tasks 75)
2025-04-24 22:03:40,582 [DEBUG]  		found 2 row clusters (in 0.01362 secs)
2025-04-24 22:03:40,582 [DEBUG]  OP: Operation.SPLIT_ROWS on slice (506, 3) (remaining tasks 76)
2025-04-24 22:03:40,597 [DEBUG]  		found 2 row clusters (in 0.01446 secs)
2025-04-24 22:03:40,597 [DEBUG]  OP: Operation.SPLIT_ROWS on slice (909, 3) (remaining tasks 77)
2025-04-24 22:03:40,620 [DEBUG]  		found 2 row clusters (in 0.02278 secs)
2025-04-24 22:03:40,620 [DEBUG]  OP: Operation.SPLIT_ROWS on slice (1183, 3) (remaining tasks 78)
2025-04-24 22:03:40,649 [DEBUG]  		found 2 row clusters (in 0.02939 secs)
2025-04-24 22:03:40,649 [DEBUG]  OP: Operation.CREATE_LEAF on slice (594, 1) (remaining tasks 79)
2025-04-24 22:03:40,650 [DEBUG]  		 created leaf IdentityNumericLeaf for scope=[0] (in 0.00017 secs)
2025-04-24 22:03:40,650 [DEBUG]  OP: Operation.CREATE_LEAF on slice (594, 1) (remaining tasks 78)
2025-04-24 22:03:40,650 [DEBUG]  		 created leaf IdentityNumericLeaf for scope=[1] (in 0.00015 secs)
2025-04-24 22:03:40,650 [DEBUG]  OP: Operation.CREATE_LEAF on slice (594, 1) (remaining tasks 77)
2025-04-24 22:03:40,650 [DEBUG]  		 created leaf IdentityNumericLeaf for scope=[2] (in 0.00019 secs)
2025-04-24 22:03:40,650 [DEBUG]  OP: Operation.SPLIT_ROWS on slice (480, 3) (remaining tasks 76)
2025-04-24 22:03:40,664 [DEBUG]  		found 2 row clusters (in 0.01341 secs)
2025-04-24 22:03:40,664 [DEBUG]  OP: Operation.SPLIT_ROWS on slice (752, 3) (remaining tasks 77)
2025-04-24 22:03:40,684 [DEBUG]  		found 2 row clusters (in 0.01975 secs)
2025-04-24 22:03:40,684 [DEBUG]  OP: Operation.SPLIT_COLUMNS on slice (666, 2) (remaining tasks 78)
2025-04-24 22:03:40,792 [DEBUG]  		found 1 col clusters (in 0.10739 secs)
2025-04-24 22:03:40,792 [DEBUG]  OP: Operation.CREATE_LEAF on slice (666, 1) (remaining tasks 78)
2025-04-24 22:03:40,792 [DEBUG]  		 created leaf IdentityNumericLeaf for scope=[2] (in 0.00034 secs)
2025-04-24 22:03:40,793 [DEBUG]  OP: Operation.SPLIT_ROWS on slice (781, 3) (remaining tasks 77)
2025-04-24 22:03:40,823 [DEBUG]  		found 2 row clusters (in 0.03014 secs)
2025-04-24 22:03:40,823 [DEBUG]  OP: Operation.CREATE_LEAF on slice (128, 1) (remaining tasks 78)
2025-04-24 22:03:40,823 [DEBUG]  		 created leaf IdentityNumericLeaf for scope=[0] (in 0.00022 secs)
2025-04-24 22:03:40,823 [DEBUG]  OP: Operation.CREATE_LEAF on slice (128, 1) (remaining tasks 77)
2025-04-24 22:03:40,824 [DEBUG]  		 created leaf IdentityNumericLeaf for scope=[1] (in 0.00021 secs)
2025-04-24 22:03:40,824 [DEBUG]  OP: Operation.CREATE_LEAF on slice (128, 1) (remaining tasks 76)
2025-04-24 22:03:40,824 [DEBUG]  		 created leaf IdentityNumericLeaf for scope=[2] (in 0.00027 secs)
2025-04-24 22:03:40,824 [DEBUG]  OP: Operation.SPLIT_COLUMNS on slice (430, 2) (remaining tasks 75)
2025-04-24 22:03:40,931 [DEBUG]  		found 1 col clusters (in 0.10607 secs)
2025-04-24 22:03:40,931 [DEBUG]  OP: Operation.NAIVE_FACTORIZATION on slice (145, 2) (remaining tasks 75)
2025-04-24 22:03:40,932 [DEBUG]  		naive factorization 2 columns (in 0.00132 secs)
2025-04-24 22:03:40,932 [DEBUG]  OP: Operation.CREATE_LEAF on slice (155, 1) (remaining tasks 74)
2025-04-24 22:03:40,933 [DEBUG]  		 created leaf IdentityNumericLeaf for scope=[0] (in 0.00023 secs)
2025-04-24 22:03:40,933 [DEBUG]  OP: Operation.CREATE_LEAF on slice (155, 1) (remaining tasks 73)
2025-04-24 22:03:40,933 [DEBUG]  		 created leaf IdentityNumericLeaf for scope=[1] (in 0.00021 secs)
2025-04-24 22:03:40,933 [DEBUG]  OP: Operation.CREATE_LEAF on slice (155, 1) (remaining tasks 72)
2025-04-24 22:03:40,934 [DEBUG]  		 created leaf IdentityNumericLeaf for scope=[2] (in 0.00027 secs)
2025-04-24 22:03:40,934 [DEBUG]  OP: Operation.CREATE_LEAF on slice (195, 1) (remaining tasks 71)
2025-04-24 22:03:40,934 [DEBUG]  		 created leaf IdentityNumericLeaf for scope=[0] (in 0.00021 secs)
2025-04-24 22:03:40,934 [DEBUG]  OP: Operation.CREATE_LEAF on slice (195, 1) (remaining tasks 70)
2025-04-24 22:03:40,934 [DEBUG]  		 created leaf IdentityNumericLeaf for scope=[1] (in 0.00020 secs)
2025-04-24 22:03:40,934 [DEBUG]  OP: Operation.CREATE_LEAF on slice (195, 1) (remaining tasks 69)
2025-04-24 22:03:40,935 [DEBUG]  		 created leaf IdentityNumericLeaf for scope=[2] (in 0.00025 secs)
2025-04-24 22:03:40,935 [DEBUG]  OP: Operation.CREATE_LEAF on slice (168, 1) (remaining tasks 68)
2025-04-24 22:03:40,935 [DEBUG]  		 created leaf IdentityNumericLeaf for scope=[0] (in 0.00021 secs)
2025-04-24 22:03:40,935 [DEBUG]  OP: Operation.CREATE_LEAF on slice (168, 1) (remaining tasks 67)
2025-04-24 22:03:40,936 [DEBUG]  		 created leaf IdentityNumericLeaf for scope=[1] (in 0.00020 secs)
2025-04-24 22:03:40,936 [DEBUG]  OP: Operation.CREATE_LEAF on slice (168, 1) (remaining tasks 66)
2025-04-24 22:03:40,936 [DEBUG]  		 created leaf IdentityNumericLeaf for scope=[2] (in 0.00026 secs)
2025-04-24 22:03:40,936 [DEBUG]  OP: Operation.SPLIT_COLUMNS on slice (536, 2) (remaining tasks 65)
2025-04-24 22:03:41,041 [DEBUG]  		found 1 col clusters (in 0.10496 secs)
2025-04-24 22:03:41,041 [DEBUG]  OP: Operation.CREATE_LEAF on slice (536, 1) (remaining tasks 65)
2025-04-24 22:03:41,042 [DEBUG]  		 created leaf IdentityNumericLeaf for scope=[2] (in 0.00035 secs)
2025-04-24 22:03:41,042 [DEBUG]  OP: Operation.SPLIT_COLUMNS on slice (474, 2) (remaining tasks 64)
2025-04-24 22:03:41,148 [DEBUG]  		found 1 col clusters (in 0.10537 secs)
2025-04-24 22:03:41,148 [DEBUG]  OP: Operation.CREATE_LEAF on slice (474, 1) (remaining tasks 64)
2025-04-24 22:03:41,148 [DEBUG]  		 created leaf IdentityNumericLeaf for scope=[2] (in 0.00033 secs)
2025-04-24 22:03:41,149 [DEBUG]  OP: Operation.SPLIT_COLUMNS on slice (638, 2) (remaining tasks 63)
2025-04-24 22:03:41,254 [DEBUG]  		found 1 col clusters (in 0.10479 secs)
2025-04-24 22:03:41,254 [DEBUG]  OP: Operation.CREATE_LEAF on slice (638, 1) (remaining tasks 63)
2025-04-24 22:03:41,254 [DEBUG]  		 created leaf IdentityNumericLeaf for scope=[2] (in 0.00037 secs)
2025-04-24 22:03:41,255 [DEBUG]  OP: Operation.SPLIT_ROWS on slice (1056, 3) (remaining tasks 62)
2025-04-24 22:03:41,290 [DEBUG]  		found 2 row clusters (in 0.03522 secs)
2025-04-24 22:03:41,290 [DEBUG]  OP: Operation.SPLIT_ROWS on slice (682, 3) (remaining tasks 63)
2025-04-24 22:03:41,327 [DEBUG]  		found 2 row clusters (in 0.03626 secs)
2025-04-24 22:03:41,327 [DEBUG]  OP: Operation.NAIVE_FACTORIZATION on slice (376, 2) (remaining tasks 64)
2025-04-24 22:03:41,329 [DEBUG]  		naive factorization 2 columns (in 0.00165 secs)
2025-04-24 22:03:41,329 [DEBUG]  OP: Operation.NAIVE_FACTORIZATION on slice (44, 2) (remaining tasks 63)
2025-04-24 22:03:41,330 [DEBUG]  		naive factorization 2 columns (in 0.00113 secs)
2025-04-24 22:03:41,330 [DEBUG]  OP: Operation.SPLIT_ROWS on slice (409, 3) (remaining tasks 62)
2025-04-24 22:03:41,360 [DEBUG]  		found 2 row clusters (in 0.02993 secs)
2025-04-24 22:03:41,360 [DEBUG]  OP: Operation.CREATE_LEAF on slice (61, 1) (remaining tasks 63)
2025-04-24 22:03:41,361 [DEBUG]  		 created leaf IdentityNumericLeaf for scope=[0] (in 0.00016 secs)
2025-04-24 22:03:41,361 [DEBUG]  OP: Operation.CREATE_LEAF on slice (61, 1) (remaining tasks 62)
2025-04-24 22:03:41,361 [DEBUG]  		 created leaf IdentityNumericLeaf for scope=[1] (in 0.00014 secs)
2025-04-24 22:03:41,361 [DEBUG]  OP: Operation.CREATE_LEAF on slice (61, 1) (remaining tasks 61)
2025-04-24 22:03:41,361 [DEBUG]  		 created leaf IdentityNumericLeaf for scope=[2] (in 0.00018 secs)
2025-04-24 22:03:41,361 [DEBUG]  OP: Operation.NAIVE_FACTORIZATION on slice (202, 3) (remaining tasks 60)
2025-04-24 22:03:41,363 [DEBUG]  		naive factorization 3 columns (in 0.00181 secs)
2025-04-24 22:03:41,364 [DEBUG]  OP: Operation.NAIVE_FACTORIZATION on slice (235, 3) (remaining tasks 59)
2025-04-24 22:03:41,366 [DEBUG]  		naive factorization 3 columns (in 0.00274 secs)
2025-04-24 22:03:41,367 [DEBUG]  OP: Operation.NAIVE_FACTORIZATION on slice (340, 3) (remaining tasks 58)
2025-04-24 22:03:41,369 [DEBUG]  		naive factorization 3 columns (in 0.00202 secs)
2025-04-24 22:03:41,369 [DEBUG]  OP: Operation.SPLIT_COLUMNS on slice (641, 3) (remaining tasks 57)
2025-04-24 22:03:41,475 [DEBUG]  		found 1 col clusters (in 0.10546 secs)
2025-04-24 22:03:41,475 [DEBUG]  OP: Operation.SPLIT_COLUMNS on slice (648, 3) (remaining tasks 57)
2025-04-24 22:03:41,679 [DEBUG]  		found 2 col clusters (in 0.20369 secs)
2025-04-24 22:03:41,679 [DEBUG]  OP: Operation.NAIVE_FACTORIZATION on slice (307, 3) (remaining tasks 58)
2025-04-24 22:03:41,682 [DEBUG]  		naive factorization 3 columns (in 0.00249 secs)
2025-04-24 22:03:41,682 [DEBUG]  OP: Operation.SPLIT_COLUMNS on slice (440, 3) (remaining tasks 57)
2025-04-24 22:03:41,891 [DEBUG]  		found 1 col clusters (in 0.20834 secs)
2025-04-24 22:03:41,891 [DEBUG]  OP: Operation.NAIVE_FACTORIZATION on slice (211, 3) (remaining tasks 57)
2025-04-24 22:03:41,893 [DEBUG]  		naive factorization 3 columns (in 0.00203 secs)
2025-04-24 22:03:41,894 [DEBUG]  OP: Operation.NAIVE_FACTORIZATION on slice (262, 3) (remaining tasks 56)
2025-04-24 22:03:41,895 [DEBUG]  		naive factorization 3 columns (in 0.00141 secs)
2025-04-24 22:03:41,895 [DEBUG]  OP: Operation.NAIVE_FACTORIZATION on slice (287, 3) (remaining tasks 55)
2025-04-24 22:03:41,897 [DEBUG]  		naive factorization 3 columns (in 0.00180 secs)
2025-04-24 22:03:41,897 [DEBUG]  OP: Operation.NAIVE_FACTORIZATION on slice (174, 3) (remaining tasks 54)
2025-04-24 22:03:41,899 [DEBUG]  		naive factorization 3 columns (in 0.00172 secs)
2025-04-24 22:03:41,900 [DEBUG]  OP: Operation.NAIVE_FACTORIZATION on slice (286, 3) (remaining tasks 53)
2025-04-24 22:03:41,902 [DEBUG]  		naive factorization 3 columns (in 0.00189 secs)
2025-04-24 22:03:41,902 [DEBUG]  OP: Operation.NAIVE_FACTORIZATION on slice (188, 3) (remaining tasks 52)
2025-04-24 22:03:41,904 [DEBUG]  		naive factorization 3 columns (in 0.00234 secs)
2025-04-24 22:03:41,904 [DEBUG]  OP: Operation.NAIVE_FACTORIZATION on slice (231, 3) (remaining tasks 51)
2025-04-24 22:03:41,906 [DEBUG]  		naive factorization 3 columns (in 0.00158 secs)
2025-04-24 22:03:41,906 [DEBUG]  OP: Operation.SPLIT_COLUMNS on slice (428, 3) (remaining tasks 50)
2025-04-24 22:03:42,099 [DEBUG]  		found 1 col clusters (in 0.19310 secs)
2025-04-24 22:03:42,100 [DEBUG]  OP: Operation.NAIVE_FACTORIZATION on slice (248, 3) (remaining tasks 50)
2025-04-24 22:03:42,102 [DEBUG]  		naive factorization 3 columns (in 0.00181 secs)
2025-04-24 22:03:42,102 [DEBUG]  OP: Operation.SPLIT_COLUMNS on slice (689, 3) (remaining tasks 49)
2025-04-24 22:03:42,304 [DEBUG]  		found 2 col clusters (in 0.20206 secs)
2025-04-24 22:03:42,304 [DEBUG]  OP: Operation.REMOVE_UNINFORMATIVE_FEATURES on slice (39, 3) (remaining tasks 50)
2025-04-24 22:03:42,305 [DEBUG]  OP: Operation.SPLIT_COLUMNS on slice (1110, 3) (remaining tasks 52)
2025-04-24 22:03:42,512 [DEBUG]  		found 1 col clusters (in 0.20674 secs)
2025-04-24 22:03:42,512 [DEBUG]  OP: Operation.NAIVE_FACTORIZATION on slice (179, 3) (remaining tasks 52)
2025-04-24 22:03:42,514 [DEBUG]  		naive factorization 3 columns (in 0.00157 secs)
2025-04-24 22:03:42,514 [DEBUG]  OP: Operation.NAIVE_FACTORIZATION on slice (284, 3) (remaining tasks 51)
2025-04-24 22:03:42,516 [DEBUG]  		naive factorization 3 columns (in 0.00211 secs)
2025-04-24 22:03:42,516 [DEBUG]  OP: Operation.SPLIT_COLUMNS on slice (391, 3) (remaining tasks 50)
2025-04-24 22:03:42,721 [DEBUG]  		found 1 col clusters (in 0.20439 secs)
2025-04-24 22:03:42,721 [DEBUG]  OP: Operation.REMOVE_UNINFORMATIVE_FEATURES on slice (241, 3) (remaining tasks 50)
2025-04-24 22:03:42,722 [DEBUG]  OP: Operation.NAIVE_FACTORIZATION on slice (269, 3) (remaining tasks 52)
2025-04-24 22:03:42,724 [DEBUG]  		naive factorization 3 columns (in 0.00234 secs)
2025-04-24 22:03:42,724 [DEBUG]  OP: Operation.NAIVE_FACTORIZATION on slice (289, 3) (remaining tasks 51)
2025-04-24 22:03:42,726 [DEBUG]  		naive factorization 3 columns (in 0.00199 secs)
2025-04-24 22:03:42,727 [DEBUG]  OP: Operation.NAIVE_FACTORIZATION on slice (195, 3) (remaining tasks 50)
2025-04-24 22:03:42,730 [DEBUG]  		naive factorization 3 columns (in 0.00248 secs)
2025-04-24 22:03:42,730 [DEBUG]  OP: Operation.REMOVE_UNINFORMATIVE_FEATURES on slice (549, 3) (remaining tasks 49)
2025-04-24 22:03:42,730 [DEBUG]  OP: Operation.SPLIT_COLUMNS on slice (436, 3) (remaining tasks 51)
2025-04-24 22:03:42,925 [DEBUG]  		found 2 col clusters (in 0.19452 secs)
2025-04-24 22:03:42,925 [DEBUG]  OP: Operation.NAIVE_FACTORIZATION on slice (182, 3) (remaining tasks 52)
2025-04-24 22:03:42,927 [DEBUG]  		naive factorization 3 columns (in 0.00175 secs)
2025-04-24 22:03:42,928 [DEBUG]  OP: Operation.NAIVE_FACTORIZATION on slice (193, 3) (remaining tasks 51)
2025-04-24 22:03:42,929 [DEBUG]  		naive factorization 3 columns (in 0.00167 secs)
2025-04-24 22:03:42,930 [DEBUG]  OP: Operation.SPLIT_COLUMNS on slice (447, 3) (remaining tasks 50)
2025-04-24 22:03:43,131 [DEBUG]  		found 1 col clusters (in 0.20127 secs)
2025-04-24 22:03:43,131 [DEBUG]  OP: Operation.NAIVE_FACTORIZATION on slice (69, 3) (remaining tasks 50)
2025-04-24 22:03:43,133 [DEBUG]  		naive factorization 3 columns (in 0.00188 secs)
2025-04-24 22:03:43,134 [DEBUG]  OP: Operation.REMOVE_UNINFORMATIVE_FEATURES on slice (679, 3) (remaining tasks 49)
2025-04-24 22:03:43,134 [DEBUG]  OP: Operation.NAIVE_FACTORIZATION on slice (166, 3) (remaining tasks 51)
2025-04-24 22:03:43,136 [DEBUG]  		naive factorization 3 columns (in 0.00198 secs)
2025-04-24 22:03:43,137 [DEBUG]  OP: Operation.NAIVE_FACTORIZATION on slice (314, 3) (remaining tasks 50)
2025-04-24 22:03:43,139 [DEBUG]  		naive factorization 3 columns (in 0.00164 secs)
2025-04-24 22:03:43,139 [DEBUG]  OP: Operation.NAIVE_FACTORIZATION on slice (223, 3) (remaining tasks 49)
2025-04-24 22:03:43,141 [DEBUG]  		naive factorization 3 columns (in 0.00162 secs)
2025-04-24 22:03:43,141 [DEBUG]  OP: Operation.NAIVE_FACTORIZATION on slice (341, 3) (remaining tasks 48)
2025-04-24 22:03:43,144 [DEBUG]  		naive factorization 3 columns (in 0.00233 secs)
2025-04-24 22:03:43,144 [DEBUG]  OP: Operation.NAIVE_FACTORIZATION on slice (106, 3) (remaining tasks 47)
2025-04-24 22:03:43,145 [DEBUG]  		naive factorization 3 columns (in 0.00150 secs)
2025-04-24 22:03:43,146 [DEBUG]  OP: Operation.NAIVE_FACTORIZATION on slice (328, 3) (remaining tasks 46)
2025-04-24 22:03:43,148 [DEBUG]  		naive factorization 3 columns (in 0.00179 secs)
2025-04-24 22:03:43,148 [DEBUG]  OP: Operation.NAIVE_FACTORIZATION on slice (178, 3) (remaining tasks 45)
2025-04-24 22:03:43,150 [DEBUG]  		naive factorization 3 columns (in 0.00177 secs)
2025-04-24 22:03:43,150 [DEBUG]  OP: Operation.SPLIT_COLUMNS on slice (368, 3) (remaining tasks 44)
2025-04-24 22:03:43,342 [DEBUG]  		found 1 col clusters (in 0.19188 secs)
2025-04-24 22:03:43,342 [DEBUG]  OP: Operation.SPLIT_COLUMNS on slice (541, 3) (remaining tasks 44)
2025-04-24 22:03:43,563 [DEBUG]  		found 2 col clusters (in 0.22100 secs)
2025-04-24 22:03:43,564 [DEBUG]  OP: Operation.SPLIT_COLUMNS on slice (736, 3) (remaining tasks 45)
2025-04-24 22:03:43,768 [DEBUG]  		found 1 col clusters (in 0.20393 secs)
2025-04-24 22:03:43,768 [DEBUG]  OP: Operation.SPLIT_COLUMNS on slice (447, 3) (remaining tasks 45)
2025-04-24 22:03:43,876 [DEBUG]  		found 1 col clusters (in 0.10727 secs)
2025-04-24 22:03:43,876 [DEBUG]  OP: Operation.NAIVE_FACTORIZATION on slice (273, 3) (remaining tasks 45)
2025-04-24 22:03:43,878 [DEBUG]  		naive factorization 3 columns (in 0.00174 secs)
2025-04-24 22:03:43,878 [DEBUG]  OP: Operation.REMOVE_UNINFORMATIVE_FEATURES on slice (207, 3) (remaining tasks 44)
2025-04-24 22:03:43,878 [DEBUG]  OP: Operation.NAIVE_FACTORIZATION on slice (310, 3) (remaining tasks 46)
2025-04-24 22:03:43,880 [DEBUG]  		naive factorization 3 columns (in 0.00178 secs)
2025-04-24 22:03:43,881 [DEBUG]  OP: Operation.SPLIT_COLUMNS on slice (442, 3) (remaining tasks 45)
2025-04-24 22:03:44,052 [DEBUG]  		found 1 col clusters (in 0.17163 secs)
2025-04-24 22:03:44,053 [DEBUG]  OP: Operation.SPLIT_ROWS on slice (666, 2) (remaining tasks 45)
2025-04-24 22:03:44,069 [DEBUG]  		found 2 row clusters (in 0.01652 secs)
2025-04-24 22:03:44,070 [DEBUG]  OP: Operation.SPLIT_COLUMNS on slice (359, 3) (remaining tasks 46)
2025-04-24 22:03:44,262 [DEBUG]  		found 1 col clusters (in 0.19146 secs)
2025-04-24 22:03:44,263 [DEBUG]  OP: Operation.SPLIT_COLUMNS on slice (422, 3) (remaining tasks 46)
2025-04-24 22:03:44,368 [DEBUG]  		found 1 col clusters (in 0.10517 secs)
2025-04-24 22:03:44,369 [DEBUG]  OP: Operation.SPLIT_ROWS on slice (430, 2) (remaining tasks 46)
2025-04-24 22:03:44,405 [DEBUG]  		found 2 row clusters (in 0.03591 secs)
2025-04-24 22:03:44,406 [DEBUG]  OP: Operation.SPLIT_ROWS on slice (536, 2) (remaining tasks 47)
2025-04-24 22:03:44,446 [DEBUG]  		found 2 row clusters (in 0.03941 secs)
2025-04-24 22:03:44,447 [DEBUG]  OP: Operation.SPLIT_ROWS on slice (474, 2) (remaining tasks 48)
2025-04-24 22:03:44,485 [DEBUG]  		found 2 row clusters (in 0.03772 secs)
2025-04-24 22:03:44,486 [DEBUG]  OP: Operation.SPLIT_ROWS on slice (638, 2) (remaining tasks 49)
2025-04-24 22:03:44,509 [DEBUG]  		found 2 row clusters (in 0.02304 secs)
2025-04-24 22:03:44,509 [DEBUG]  OP: Operation.SPLIT_COLUMNS on slice (741, 3) (remaining tasks 50)
2025-04-24 22:03:44,613 [DEBUG]  		found 1 col clusters (in 0.10397 secs)
2025-04-24 22:03:44,614 [DEBUG]  OP: Operation.NAIVE_FACTORIZATION on slice (315, 3) (remaining tasks 50)
2025-04-24 22:03:44,616 [DEBUG]  		naive factorization 3 columns (in 0.00247 secs)
2025-04-24 22:03:44,616 [DEBUG]  OP: Operation.NAIVE_FACTORIZATION on slice (301, 3) (remaining tasks 49)
2025-04-24 22:03:44,619 [DEBUG]  		naive factorization 3 columns (in 0.00233 secs)
2025-04-24 22:03:44,619 [DEBUG]  OP: Operation.REMOVE_UNINFORMATIVE_FEATURES on slice (381, 3) (remaining tasks 48)
2025-04-24 22:03:44,619 [DEBUG]  OP: Operation.NAIVE_FACTORIZATION on slice (173, 3) (remaining tasks 50)
2025-04-24 22:03:44,621 [DEBUG]  		naive factorization 3 columns (in 0.00184 secs)
2025-04-24 22:03:44,621 [DEBUG]  OP: Operation.NAIVE_FACTORIZATION on slice (236, 3) (remaining tasks 49)
2025-04-24 22:03:44,624 [DEBUG]  		naive factorization 3 columns (in 0.00214 secs)
2025-04-24 22:03:44,624 [DEBUG]  OP: Operation.SPLIT_ROWS on slice (641, 3) (remaining tasks 48)
2025-04-24 22:03:44,670 [DEBUG]  		found 2 row clusters (in 0.04569 secs)
2025-04-24 22:03:44,670 [DEBUG]  OP: Operation.SPLIT_COLUMNS on slice (648, 2) (remaining tasks 49)
2025-04-24 22:03:44,828 [DEBUG]  		found 1 col clusters (in 0.15777 secs)
2025-04-24 22:03:44,828 [DEBUG]  OP: Operation.CREATE_LEAF on slice (648, 1) (remaining tasks 49)
2025-04-24 22:03:44,829 [DEBUG]  		 created leaf IdentityNumericLeaf for scope=[2] (in 0.00069 secs)
2025-04-24 22:03:44,830 [DEBUG]  OP: Operation.SPLIT_ROWS on slice (440, 3) (remaining tasks 48)
2025-04-24 22:03:44,868 [DEBUG]  		found 2 row clusters (in 0.03846 secs)
2025-04-24 22:03:44,868 [DEBUG]  OP: Operation.SPLIT_ROWS on slice (428, 3) (remaining tasks 49)
2025-04-24 22:03:44,884 [DEBUG]  		found 2 row clusters (in 0.01529 secs)
2025-04-24 22:03:44,884 [DEBUG]  OP: Operation.SPLIT_COLUMNS on slice (689, 2) (remaining tasks 50)
2025-04-24 22:03:44,988 [DEBUG]  		found 1 col clusters (in 0.10407 secs)
2025-04-24 22:03:44,988 [DEBUG]  OP: Operation.CREATE_LEAF on slice (689, 1) (remaining tasks 50)
2025-04-24 22:03:44,989 [DEBUG]  		 created leaf IdentityNumericLeaf for scope=[2] (in 0.00032 secs)
2025-04-24 22:03:44,989 [DEBUG]  OP: Operation.CREATE_LEAF on slice (39, 1) (remaining tasks 49)
2025-04-24 22:03:44,989 [DEBUG]  		 created leaf IdentityNumericLeaf for scope=[0] (in 0.00021 secs)
2025-04-24 22:03:44,989 [DEBUG]  OP: Operation.CREATE_LEAF on slice (39, 1) (remaining tasks 48)
2025-04-24 22:03:44,990 [DEBUG]  		 created leaf IdentityNumericLeaf for scope=[1] (in 0.00020 secs)
2025-04-24 22:03:44,990 [DEBUG]  OP: Operation.CREATE_LEAF on slice (39, 1) (remaining tasks 47)
2025-04-24 22:03:44,990 [DEBUG]  		 created leaf IdentityNumericLeaf for scope=[2] (in 0.00021 secs)
2025-04-24 22:03:44,990 [DEBUG]  OP: Operation.SPLIT_ROWS on slice (1110, 3) (remaining tasks 46)
2025-04-24 22:03:45,024 [DEBUG]  		found 2 row clusters (in 0.03399 secs)
2025-04-24 22:03:45,025 [DEBUG]  OP: Operation.SPLIT_ROWS on slice (391, 3) (remaining tasks 47)
2025-04-24 22:03:45,042 [DEBUG]  		found 2 row clusters (in 0.01728 secs)
2025-04-24 22:03:45,042 [DEBUG]  OP: Operation.CREATE_LEAF on slice (241, 1) (remaining tasks 48)
2025-04-24 22:03:45,043 [DEBUG]  		 created leaf IdentityNumericLeaf for scope=[0] (in 0.00024 secs)
2025-04-24 22:03:45,043 [DEBUG]  OP: Operation.CREATE_LEAF on slice (241, 1) (remaining tasks 47)
2025-04-24 22:03:45,043 [DEBUG]  		 created leaf IdentityNumericLeaf for scope=[1] (in 0.00021 secs)
2025-04-24 22:03:45,043 [DEBUG]  OP: Operation.CREATE_LEAF on slice (241, 1) (remaining tasks 46)
2025-04-24 22:03:45,043 [DEBUG]  		 created leaf IdentityNumericLeaf for scope=[2] (in 0.00027 secs)
2025-04-24 22:03:45,044 [DEBUG]  OP: Operation.CREATE_LEAF on slice (549, 1) (remaining tasks 45)
2025-04-24 22:03:45,044 [DEBUG]  		 created leaf IdentityNumericLeaf for scope=[0] (in 0.00021 secs)
2025-04-24 22:03:45,044 [DEBUG]  OP: Operation.CREATE_LEAF on slice (549, 1) (remaining tasks 44)
2025-04-24 22:03:45,044 [DEBUG]  		 created leaf IdentityNumericLeaf for scope=[1] (in 0.00021 secs)
2025-04-24 22:03:45,044 [DEBUG]  OP: Operation.CREATE_LEAF on slice (549, 1) (remaining tasks 43)
2025-04-24 22:03:45,045 [DEBUG]  		 created leaf IdentityNumericLeaf for scope=[2] (in 0.00029 secs)
2025-04-24 22:03:45,045 [DEBUG]  OP: Operation.SPLIT_COLUMNS on slice (436, 2) (remaining tasks 42)
2025-04-24 22:03:45,150 [DEBUG]  		found 1 col clusters (in 0.10468 secs)
2025-04-24 22:03:45,150 [DEBUG]  OP: Operation.CREATE_LEAF on slice (436, 1) (remaining tasks 42)
2025-04-24 22:03:45,150 [DEBUG]  		 created leaf IdentityNumericLeaf for scope=[2] (in 0.00030 secs)
2025-04-24 22:03:45,151 [DEBUG]  OP: Operation.SPLIT_ROWS on slice (447, 3) (remaining tasks 41)
2025-04-24 22:03:45,180 [DEBUG]  		found 2 row clusters (in 0.02972 secs)
2025-04-24 22:03:45,181 [DEBUG]  OP: Operation.CREATE_LEAF on slice (679, 1) (remaining tasks 42)
2025-04-24 22:03:45,181 [DEBUG]  		 created leaf IdentityNumericLeaf for scope=[0] (in 0.00023 secs)
2025-04-24 22:03:45,181 [DEBUG]  OP: Operation.CREATE_LEAF on slice (679, 1) (remaining tasks 41)
2025-04-24 22:03:45,181 [DEBUG]  		 created leaf IdentityNumericLeaf for scope=[1] (in 0.00022 secs)
2025-04-24 22:03:45,181 [DEBUG]  OP: Operation.CREATE_LEAF on slice (679, 1) (remaining tasks 40)
2025-04-24 22:03:45,182 [DEBUG]  		 created leaf IdentityNumericLeaf for scope=[2] (in 0.00030 secs)
2025-04-24 22:03:45,182 [DEBUG]  OP: Operation.SPLIT_ROWS on slice (368, 3) (remaining tasks 39)
2025-04-24 22:03:45,208 [DEBUG]  		found 2 row clusters (in 0.02625 secs)
2025-04-24 22:03:45,209 [DEBUG]  OP: Operation.SPLIT_COLUMNS on slice (541, 2) (remaining tasks 40)
2025-04-24 22:03:45,313 [DEBUG]  		found 1 col clusters (in 0.10461 secs)
2025-04-24 22:03:45,314 [DEBUG]  OP: Operation.CREATE_LEAF on slice (541, 1) (remaining tasks 40)
2025-04-24 22:03:45,314 [DEBUG]  		 created leaf IdentityNumericLeaf for scope=[2] (in 0.00032 secs)
2025-04-24 22:03:45,314 [DEBUG]  OP: Operation.SPLIT_ROWS on slice (736, 3) (remaining tasks 39)
2025-04-24 22:03:45,349 [DEBUG]  		found 2 row clusters (in 0.03437 secs)
2025-04-24 22:03:45,349 [DEBUG]  OP: Operation.SPLIT_ROWS on slice (447, 3) (remaining tasks 40)
2025-04-24 22:03:45,374 [DEBUG]  		found 2 row clusters (in 0.02523 secs)
2025-04-24 22:03:45,375 [DEBUG]  OP: Operation.CREATE_LEAF on slice (207, 1) (remaining tasks 41)
2025-04-24 22:03:45,375 [DEBUG]  		 created leaf IdentityNumericLeaf for scope=[0] (in 0.00022 secs)
2025-04-24 22:03:45,375 [DEBUG]  OP: Operation.CREATE_LEAF on slice (207, 1) (remaining tasks 40)
2025-04-24 22:03:45,375 [DEBUG]  		 created leaf IdentityNumericLeaf for scope=[1] (in 0.00021 secs)
2025-04-24 22:03:45,375 [DEBUG]  OP: Operation.CREATE_LEAF on slice (207, 1) (remaining tasks 39)
2025-04-24 22:03:45,376 [DEBUG]  		 created leaf IdentityNumericLeaf for scope=[2] (in 0.00027 secs)
2025-04-24 22:03:45,376 [DEBUG]  OP: Operation.SPLIT_ROWS on slice (442, 3) (remaining tasks 38)
2025-04-24 22:03:45,405 [DEBUG]  		found 2 row clusters (in 0.02905 secs)
2025-04-24 22:03:45,406 [DEBUG]  OP: Operation.NAIVE_FACTORIZATION on slice (582, 2) (remaining tasks 39)
2025-04-24 22:03:45,407 [DEBUG]  		naive factorization 2 columns (in 0.00129 secs)
2025-04-24 22:03:45,407 [DEBUG]  OP: Operation.NAIVE_FACTORIZATION on slice (84, 2) (remaining tasks 38)
2025-04-24 22:03:45,408 [DEBUG]  		naive factorization 2 columns (in 0.00110 secs)
2025-04-24 22:03:45,409 [DEBUG]  OP: Operation.SPLIT_ROWS on slice (359, 3) (remaining tasks 37)
2025-04-24 22:03:45,428 [DEBUG]  		found 2 row clusters (in 0.01930 secs)
2025-04-24 22:03:45,428 [DEBUG]  OP: Operation.SPLIT_ROWS on slice (422, 3) (remaining tasks 38)
2025-04-24 22:03:45,447 [DEBUG]  		found 2 row clusters (in 0.01895 secs)
2025-04-24 22:03:45,447 [DEBUG]  OP: Operation.SPLIT_COLUMNS on slice (424, 2) (remaining tasks 39)
2025-04-24 22:03:45,553 [DEBUG]  		found 1 col clusters (in 0.10537 secs)
2025-04-24 22:03:45,553 [DEBUG]  OP: Operation.NAIVE_FACTORIZATION on slice (6, 2) (remaining tasks 39)
2025-04-24 22:03:45,554 [DEBUG]  		naive factorization 2 columns (in 0.00096 secs)
2025-04-24 22:03:45,554 [DEBUG]  OP: Operation.NAIVE_FACTORIZATION on slice (529, 2) (remaining tasks 38)
2025-04-24 22:03:45,555 [DEBUG]  		naive factorization 2 columns (in 0.00090 secs)
2025-04-24 22:03:45,556 [DEBUG]  OP: Operation.NAIVE_FACTORIZATION on slice (7, 2) (remaining tasks 37)
2025-04-24 22:03:45,556 [DEBUG]  		naive factorization 2 columns (in 0.00084 secs)
2025-04-24 22:03:45,557 [DEBUG]  OP: Operation.NAIVE_FACTORIZATION on slice (346, 2) (remaining tasks 36)
2025-04-24 22:03:45,558 [DEBUG]  		naive factorization 2 columns (in 0.00083 secs)
2025-04-24 22:03:45,558 [DEBUG]  OP: Operation.NAIVE_FACTORIZATION on slice (128, 2) (remaining tasks 35)
2025-04-24 22:03:45,559 [DEBUG]  		naive factorization 2 columns (in 0.00081 secs)
2025-04-24 22:03:45,559 [DEBUG]  OP: Operation.NAIVE_FACTORIZATION on slice (271, 2) (remaining tasks 34)
2025-04-24 22:03:45,560 [DEBUG]  		naive factorization 2 columns (in 0.00087 secs)
2025-04-24 22:03:45,560 [DEBUG]  OP: Operation.NAIVE_FACTORIZATION on slice (367, 2) (remaining tasks 33)
2025-04-24 22:03:45,561 [DEBUG]  		naive factorization 2 columns (in 0.00086 secs)
2025-04-24 22:03:45,562 [DEBUG]  OP: Operation.SPLIT_ROWS on slice (741, 3) (remaining tasks 32)
2025-04-24 22:03:45,610 [DEBUG]  		found 2 row clusters (in 0.04774 secs)
2025-04-24 22:03:45,610 [DEBUG]  OP: Operation.CREATE_LEAF on slice (381, 1) (remaining tasks 33)
2025-04-24 22:03:45,610 [DEBUG]  		 created leaf IdentityNumericLeaf for scope=[0] (in 0.00026 secs)
2025-04-24 22:03:45,610 [DEBUG]  OP: Operation.CREATE_LEAF on slice (381, 1) (remaining tasks 32)
2025-04-24 22:03:45,611 [DEBUG]  		 created leaf IdentityNumericLeaf for scope=[1] (in 0.00024 secs)
2025-04-24 22:03:45,611 [DEBUG]  OP: Operation.CREATE_LEAF on slice (381, 1) (remaining tasks 31)
2025-04-24 22:03:45,611 [DEBUG]  		 created leaf IdentityNumericLeaf for scope=[2] (in 0.00028 secs)
2025-04-24 22:03:45,611 [DEBUG]  OP: Operation.NAIVE_FACTORIZATION on slice (350, 3) (remaining tasks 30)
2025-04-24 22:03:45,613 [DEBUG]  		naive factorization 3 columns (in 0.00172 secs)
2025-04-24 22:03:45,613 [DEBUG]  OP: Operation.NAIVE_FACTORIZATION on slice (291, 3) (remaining tasks 29)
2025-04-24 22:03:45,615 [DEBUG]  		naive factorization 3 columns (in 0.00184 secs)
2025-04-24 22:03:45,616 [DEBUG]  OP: Operation.SPLIT_ROWS on slice (648, 2) (remaining tasks 28)
2025-04-24 22:03:45,632 [DEBUG]  		found 2 row clusters (in 0.01567 secs)
2025-04-24 22:03:45,632 [DEBUG]  OP: Operation.NAIVE_FACTORIZATION on slice (210, 3) (remaining tasks 29)
2025-04-24 22:03:45,633 [DEBUG]  		naive factorization 3 columns (in 0.00130 secs)
2025-04-24 22:03:45,634 [DEBUG]  OP: Operation.NAIVE_FACTORIZATION on slice (230, 3) (remaining tasks 28)
2025-04-24 22:03:45,635 [DEBUG]  		naive factorization 3 columns (in 0.00126 secs)
2025-04-24 22:03:45,635 [DEBUG]  OP: Operation.NAIVE_FACTORIZATION on slice (247, 3) (remaining tasks 27)
2025-04-24 22:03:45,637 [DEBUG]  		naive factorization 3 columns (in 0.00137 secs)
2025-04-24 22:03:45,637 [DEBUG]  OP: Operation.NAIVE_FACTORIZATION on slice (181, 3) (remaining tasks 26)
2025-04-24 22:03:45,639 [DEBUG]  		naive factorization 3 columns (in 0.00139 secs)
2025-04-24 22:03:45,639 [DEBUG]  OP: Operation.SPLIT_ROWS on slice (689, 2) (remaining tasks 25)
2025-04-24 22:03:45,660 [DEBUG]  		found 2 row clusters (in 0.02066 secs)
2025-04-24 22:03:45,660 [DEBUG]  OP: Operation.SPLIT_COLUMNS on slice (590, 3) (remaining tasks 26)
2025-04-24 22:03:45,766 [DEBUG]  		found 1 col clusters (in 0.10612 secs)
2025-04-24 22:03:45,767 [DEBUG]  OP: Operation.SPLIT_COLUMNS on slice (520, 3) (remaining tasks 26)
2025-04-24 22:03:45,997 [DEBUG]  		found 1 col clusters (in 0.23019 secs)
2025-04-24 22:03:45,997 [DEBUG]  OP: Operation.REMOVE_UNINFORMATIVE_FEATURES on slice (325, 3) (remaining tasks 26)
2025-04-24 22:03:45,998 [DEBUG]  OP: Operation.NAIVE_FACTORIZATION on slice (66, 3) (remaining tasks 28)
2025-04-24 22:03:45,999 [DEBUG]  		naive factorization 3 columns (in 0.00165 secs)
2025-04-24 22:03:46,000 [DEBUG]  OP: Operation.SPLIT_ROWS on slice (436, 2) (remaining tasks 27)
2025-04-24 22:03:46,016 [DEBUG]  		found 2 row clusters (in 0.01581 secs)
2025-04-24 22:03:46,016 [DEBUG]  OP: Operation.NAIVE_FACTORIZATION on slice (233, 3) (remaining tasks 28)
2025-04-24 22:03:46,018 [DEBUG]  		naive factorization 3 columns (in 0.00195 secs)
2025-04-24 22:03:46,018 [DEBUG]  OP: Operation.NAIVE_FACTORIZATION on slice (214, 3) (remaining tasks 27)
2025-04-24 22:03:46,020 [DEBUG]  		naive factorization 3 columns (in 0.00176 secs)
2025-04-24 22:03:46,020 [DEBUG]  OP: Operation.NAIVE_FACTORIZATION on slice (189, 3) (remaining tasks 26)
2025-04-24 22:03:46,022 [DEBUG]  		naive factorization 3 columns (in 0.00143 secs)
2025-04-24 22:03:46,022 [DEBUG]  OP: Operation.NAIVE_FACTORIZATION on slice (179, 3) (remaining tasks 25)
2025-04-24 22:03:46,023 [DEBUG]  		naive factorization 3 columns (in 0.00121 secs)
2025-04-24 22:03:46,024 [DEBUG]  OP: Operation.SPLIT_ROWS on slice (541, 2) (remaining tasks 24)
2025-04-24 22:03:46,056 [DEBUG]  		found 2 row clusters (in 0.03226 secs)
2025-04-24 22:03:46,056 [DEBUG]  OP: Operation.SPLIT_COLUMNS on slice (376, 3) (remaining tasks 25)
2025-04-24 22:03:46,202 [DEBUG]  		found 2 col clusters (in 0.14578 secs)
2025-04-24 22:03:46,203 [DEBUG]  OP: Operation.SPLIT_COLUMNS on slice (360, 3) (remaining tasks 26)
2025-04-24 22:03:46,405 [DEBUG]  		found 1 col clusters (in 0.20234 secs)
2025-04-24 22:03:46,406 [DEBUG]  OP: Operation.NAIVE_FACTORIZATION on slice (266, 3) (remaining tasks 26)
2025-04-24 22:03:46,408 [DEBUG]  		naive factorization 3 columns (in 0.00170 secs)
2025-04-24 22:03:46,408 [DEBUG]  OP: Operation.NAIVE_FACTORIZATION on slice (181, 3) (remaining tasks 25)
2025-04-24 22:03:46,410 [DEBUG]  		naive factorization 3 columns (in 0.00161 secs)
2025-04-24 22:03:46,410 [DEBUG]  OP: Operation.NAIVE_FACTORIZATION on slice (173, 3) (remaining tasks 24)
2025-04-24 22:03:46,411 [DEBUG]  		naive factorization 3 columns (in 0.00161 secs)
2025-04-24 22:03:46,412 [DEBUG]  OP: Operation.NAIVE_FACTORIZATION on slice (269, 3) (remaining tasks 23)
2025-04-24 22:03:46,414 [DEBUG]  		naive factorization 3 columns (in 0.00175 secs)
2025-04-24 22:03:46,414 [DEBUG]  OP: Operation.REMOVE_UNINFORMATIVE_FEATURES on slice (147, 3) (remaining tasks 22)
2025-04-24 22:03:46,414 [DEBUG]  OP: Operation.NAIVE_FACTORIZATION on slice (212, 3) (remaining tasks 24)
2025-04-24 22:03:46,415 [DEBUG]  		naive factorization 3 columns (in 0.00109 secs)
2025-04-24 22:03:46,415 [DEBUG]  OP: Operation.NAIVE_FACTORIZATION on slice (199, 3) (remaining tasks 23)
2025-04-24 22:03:46,417 [DEBUG]  		naive factorization 3 columns (in 0.00127 secs)
2025-04-24 22:03:46,417 [DEBUG]  OP: Operation.NAIVE_FACTORIZATION on slice (223, 3) (remaining tasks 22)
2025-04-24 22:03:46,419 [DEBUG]  		naive factorization 3 columns (in 0.00148 secs)
2025-04-24 22:03:46,419 [DEBUG]  OP: Operation.SPLIT_ROWS on slice (424, 2) (remaining tasks 21)
2025-04-24 22:03:46,433 [DEBUG]  		found 2 row clusters (in 0.01425 secs)
2025-04-24 22:03:46,433 [DEBUG]  OP: Operation.SPLIT_COLUMNS on slice (386, 3) (remaining tasks 22)
2025-04-24 22:03:46,610 [DEBUG]  		found 2 col clusters (in 0.17625 secs)
2025-04-24 22:03:46,610 [DEBUG]  OP: Operation.NAIVE_FACTORIZATION on slice (355, 3) (remaining tasks 23)
2025-04-24 22:03:46,612 [DEBUG]  		naive factorization 3 columns (in 0.00187 secs)
2025-04-24 22:03:46,612 [DEBUG]  OP: Operation.NAIVE_FACTORIZATION on slice (571, 2) (remaining tasks 22)
2025-04-24 22:03:46,614 [DEBUG]  		naive factorization 2 columns (in 0.00110 secs)
2025-04-24 22:03:46,614 [DEBUG]  OP: Operation.NAIVE_FACTORIZATION on slice (77, 2) (remaining tasks 21)
2025-04-24 22:03:46,615 [DEBUG]  		naive factorization 2 columns (in 0.00125 secs)
2025-04-24 22:03:46,615 [DEBUG]  OP: Operation.SPLIT_COLUMNS on slice (491, 2) (remaining tasks 20)
2025-04-24 22:03:46,814 [DEBUG]  		found 1 col clusters (in 0.19894 secs)
2025-04-24 22:03:46,815 [DEBUG]  OP: Operation.NAIVE_FACTORIZATION on slice (198, 2) (remaining tasks 20)
2025-04-24 22:03:46,817 [DEBUG]  		naive factorization 2 columns (in 0.00136 secs)
2025-04-24 22:03:46,817 [DEBUG]  OP: Operation.SPLIT_ROWS on slice (590, 3) (remaining tasks 19)
2025-04-24 22:03:46,858 [DEBUG]  		found 2 row clusters (in 0.04082 secs)
2025-04-24 22:03:46,859 [DEBUG]  OP: Operation.SPLIT_ROWS on slice (520, 3) (remaining tasks 20)
2025-04-24 22:03:46,893 [DEBUG]  		found 2 row clusters (in 0.03451 secs)
2025-04-24 22:03:46,893 [DEBUG]  OP: Operation.CREATE_LEAF on slice (325, 1) (remaining tasks 21)
2025-04-24 22:03:46,894 [DEBUG]  		 created leaf IdentityNumericLeaf for scope=[0] (in 0.00022 secs)
2025-04-24 22:03:46,894 [DEBUG]  OP: Operation.CREATE_LEAF on slice (325, 1) (remaining tasks 20)
2025-04-24 22:03:46,894 [DEBUG]  		 created leaf IdentityNumericLeaf for scope=[1] (in 0.00019 secs)
2025-04-24 22:03:46,894 [DEBUG]  OP: Operation.CREATE_LEAF on slice (325, 1) (remaining tasks 19)
2025-04-24 22:03:46,895 [DEBUG]  		 created leaf IdentityNumericLeaf for scope=[2] (in 0.00023 secs)
2025-04-24 22:03:46,895 [DEBUG]  OP: Operation.NAIVE_FACTORIZATION on slice (357, 2) (remaining tasks 18)
2025-04-24 22:03:46,896 [DEBUG]  		naive factorization 2 columns (in 0.00089 secs)
2025-04-24 22:03:46,896 [DEBUG]  OP: Operation.NAIVE_FACTORIZATION on slice (79, 2) (remaining tasks 17)
2025-04-24 22:03:46,897 [DEBUG]  		naive factorization 2 columns (in 0.00124 secs)
2025-04-24 22:03:46,898 [DEBUG]  OP: Operation.SPLIT_COLUMNS on slice (461, 2) (remaining tasks 16)
2025-04-24 22:03:47,003 [DEBUG]  		found 1 col clusters (in 0.10553 secs)
2025-04-24 22:03:47,004 [DEBUG]  OP: Operation.NAIVE_FACTORIZATION on slice (80, 2) (remaining tasks 16)
2025-04-24 22:03:47,005 [DEBUG]  		naive factorization 2 columns (in 0.00134 secs)
2025-04-24 22:03:47,005 [DEBUG]  OP: Operation.SPLIT_COLUMNS on slice (376, 2) (remaining tasks 15)
2025-04-24 22:03:47,111 [DEBUG]  		found 1 col clusters (in 0.10557 secs)
2025-04-24 22:03:47,111 [DEBUG]  OP: Operation.CREATE_LEAF on slice (376, 1) (remaining tasks 15)
2025-04-24 22:03:47,112 [DEBUG]  		 created leaf IdentityNumericLeaf for scope=[2] (in 0.00029 secs)
2025-04-24 22:03:47,112 [DEBUG]  OP: Operation.SPLIT_ROWS on slice (360, 3) (remaining tasks 14)
2025-04-24 22:03:47,138 [DEBUG]  		found 2 row clusters (in 0.02633 secs)
2025-04-24 22:03:47,138 [DEBUG]  OP: Operation.CREATE_LEAF on slice (147, 1) (remaining tasks 15)
2025-04-24 22:03:47,139 [DEBUG]  		 created leaf IdentityNumericLeaf for scope=[0] (in 0.00024 secs)
2025-04-24 22:03:47,139 [DEBUG]  OP: Operation.CREATE_LEAF on slice (147, 1) (remaining tasks 14)
2025-04-24 22:03:47,139 [DEBUG]  		 created leaf IdentityNumericLeaf for scope=[1] (in 0.00020 secs)
2025-04-24 22:03:47,139 [DEBUG]  OP: Operation.CREATE_LEAF on slice (147, 1) (remaining tasks 13)
2025-04-24 22:03:47,140 [DEBUG]  		 created leaf IdentityNumericLeaf for scope=[2] (in 0.00024 secs)
2025-04-24 22:03:47,140 [DEBUG]  OP: Operation.NAIVE_FACTORIZATION on slice (422, 2) (remaining tasks 12)
2025-04-24 22:03:47,141 [DEBUG]  		naive factorization 2 columns (in 0.00142 secs)
2025-04-24 22:03:47,142 [DEBUG]  OP: Operation.NAIVE_FACTORIZATION on slice (2, 2) (remaining tasks 11)
2025-04-24 22:03:47,142 [DEBUG]  		naive factorization 2 columns (in 0.00080 secs)
2025-04-24 22:03:47,143 [DEBUG]  OP: Operation.SPLIT_COLUMNS on slice (386, 2) (remaining tasks 10)
2025-04-24 22:03:47,247 [DEBUG]  		found 1 col clusters (in 0.10469 secs)
2025-04-24 22:03:47,248 [DEBUG]  OP: Operation.CREATE_LEAF on slice (386, 1) (remaining tasks 10)
2025-04-24 22:03:47,248 [DEBUG]  		 created leaf IdentityNumericLeaf for scope=[2] (in 0.00029 secs)
2025-04-24 22:03:47,248 [DEBUG]  OP: Operation.SPLIT_ROWS on slice (491, 2) (remaining tasks 9)
2025-04-24 22:03:47,263 [DEBUG]  		found 2 row clusters (in 0.01467 secs)
2025-04-24 22:03:47,263 [DEBUG]  OP: Operation.NAIVE_FACTORIZATION on slice (170, 3) (remaining tasks 10)
2025-04-24 22:03:47,265 [DEBUG]  		naive factorization 3 columns (in 0.00182 secs)
2025-04-24 22:03:47,265 [DEBUG]  OP: Operation.SPLIT_COLUMNS on slice (420, 3) (remaining tasks 9)
2025-04-24 22:03:47,371 [DEBUG]  		found 2 col clusters (in 0.10511 secs)
2025-04-24 22:03:47,371 [DEBUG]  OP: Operation.NAIVE_FACTORIZATION on slice (209, 3) (remaining tasks 10)
2025-04-24 22:03:47,373 [DEBUG]  		naive factorization 3 columns (in 0.00158 secs)
2025-04-24 22:03:47,373 [DEBUG]  OP: Operation.NAIVE_FACTORIZATION on slice (311, 3) (remaining tasks 9)
2025-04-24 22:03:47,375 [DEBUG]  		naive factorization 3 columns (in 0.00200 secs)
2025-04-24 22:03:47,375 [DEBUG]  OP: Operation.SPLIT_ROWS on slice (461, 2) (remaining tasks 8)
2025-04-24 22:03:47,391 [DEBUG]  		found 2 row clusters (in 0.01500 secs)
2025-04-24 22:03:47,391 [DEBUG]  OP: Operation.SPLIT_ROWS on slice (376, 2) (remaining tasks 9)
2025-04-24 22:03:47,425 [DEBUG]  		found 2 row clusters (in 0.03423 secs)
2025-04-24 22:03:47,426 [DEBUG]  OP: Operation.NAIVE_FACTORIZATION on slice (196, 3) (remaining tasks 10)
2025-04-24 22:03:47,428 [DEBUG]  		naive factorization 3 columns (in 0.00231 secs)
2025-04-24 22:03:47,428 [DEBUG]  OP: Operation.NAIVE_FACTORIZATION on slice (164, 3) (remaining tasks 9)
2025-04-24 22:03:47,430 [DEBUG]  		naive factorization 3 columns (in 0.00124 secs)
2025-04-24 22:03:47,430 [DEBUG]  OP: Operation.SPLIT_ROWS on slice (386, 2) (remaining tasks 8)
2025-04-24 22:03:47,452 [DEBUG]  		found 2 row clusters (in 0.02171 secs)
2025-04-24 22:03:47,452 [DEBUG]  OP: Operation.NAIVE_FACTORIZATION on slice (269, 2) (remaining tasks 9)
2025-04-24 22:03:47,460 [DEBUG]  		naive factorization 2 columns (in 0.00748 secs)
2025-04-24 22:03:47,460 [DEBUG]  OP: Operation.NAIVE_FACTORIZATION on slice (222, 2) (remaining tasks 8)
2025-04-24 22:03:47,461 [DEBUG]  		naive factorization 2 columns (in 0.00087 secs)
2025-04-24 22:03:47,461 [DEBUG]  OP: Operation.SPLIT_COLUMNS on slice (420, 2) (remaining tasks 7)
2025-04-24 22:03:47,586 [DEBUG]  		found 1 col clusters (in 0.12479 secs)
2025-04-24 22:03:47,586 [DEBUG]  OP: Operation.CREATE_LEAF on slice (420, 1) (remaining tasks 7)
2025-04-24 22:03:47,586 [DEBUG]  		 created leaf IdentityNumericLeaf for scope=[2] (in 0.00030 secs)
2025-04-24 22:03:47,587 [DEBUG]  OP: Operation.NAIVE_FACTORIZATION on slice (387, 2) (remaining tasks 6)
2025-04-24 22:03:47,588 [DEBUG]  		naive factorization 2 columns (in 0.00127 secs)
2025-04-24 22:03:47,588 [DEBUG]  OP: Operation.NAIVE_FACTORIZATION on slice (74, 2) (remaining tasks 5)
2025-04-24 22:03:47,589 [DEBUG]  		naive factorization 2 columns (in 0.00114 secs)
2025-04-24 22:03:47,590 [DEBUG]  OP: Operation.NAIVE_FACTORIZATION on slice (299, 2) (remaining tasks 4)
2025-04-24 22:03:47,591 [DEBUG]  		naive factorization 2 columns (in 0.00150 secs)
2025-04-24 22:03:47,591 [DEBUG]  OP: Operation.NAIVE_FACTORIZATION on slice (77, 2) (remaining tasks 3)
2025-04-24 22:03:47,593 [DEBUG]  		naive factorization 2 columns (in 0.00114 secs)
2025-04-24 22:03:47,593 [DEBUG]  OP: Operation.NAIVE_FACTORIZATION on slice (385, 2) (remaining tasks 2)
2025-04-24 22:03:47,594 [DEBUG]  		naive factorization 2 columns (in 0.00095 secs)
2025-04-24 22:03:47,594 [DEBUG]  OP: Operation.NAIVE_FACTORIZATION on slice (1, 2) (remaining tasks 1)
2025-04-24 22:03:47,595 [DEBUG]  		naive factorization 2 columns (in 0.00122 secs)
2025-04-24 22:03:47,596 [DEBUG]  OP: Operation.SPLIT_ROWS on slice (420, 2) (remaining tasks 0)
2025-04-24 22:03:47,610 [DEBUG]  		found 2 row clusters (in 0.01428 secs)
2025-04-24 22:03:47,610 [DEBUG]  OP: Operation.NAIVE_FACTORIZATION on slice (169, 2) (remaining tasks 1)
2025-04-24 22:03:47,612 [DEBUG]  		naive factorization 2 columns (in 0.00143 secs)
2025-04-24 22:03:47,612 [DEBUG]  OP: Operation.NAIVE_FACTORIZATION on slice (251, 2) (remaining tasks 0)
2025-04-24 22:03:47,613 [DEBUG]  		naive factorization 2 columns (in 0.00116 secs)
2025-04-24 22:03:47,879 [DEBUG]  Built SPN in 33.92657580599189 sec
2025-04-24 22:03:47,879 [INFO ]  Saving ensemble to /home/dafn/card/deepcard/collected_temp_benchmarks/spn_ensembles/Parking Birmingham/ensemble_single_dataset_10000000.pkl
