2025-04-17 19:10:43,815 [INFO ]  Creating naive ensemble.
2025-04-17 19:10:43,815 [INFO ]  Learning SPN for diabetes_012_health_indicators_brfss2015.
2025-04-17 19:10:43,815 [DEBUG]  generate_join_sample(single_table=diabetes_012_health_indicators_brfss2015, relationship_list=None, split_condition=None)
2025-04-17 19:10:43,918 [DEBUG]  Using min_instance_slice parameter 2536.8.
2025-04-17 19:10:43,918 [INFO ]  SPN training phase with 253680 samples
2025-04-17 19:10:44,084 [DEBUG]  Built domains in 0.16603532899171114 sec
2025-04-17 19:10:44,510 [DEBUG]  CACHEDIR=/home/dafn/.cache/matplotlib
2025-04-17 19:10:44,513 [DEBUG]  Using fontManager instance from /home/dafn/.cache/matplotlib/fontlist-v300.json
2025-04-17 19:10:44,617 [DEBUG]  Loaded backend qt5agg version unknown.
2025-04-17 19:10:44,651 [DEBUG]  Loaded backend qt5agg version unknown.
2025-04-17 19:10:44,652 [DEBUG]  Loaded backend qt4agg version unknown.
2025-04-17 19:10:44,659 [DEBUG]  Loaded backend tkagg version unknown.
2025-04-17 19:10:44,660 [DEBUG]  Loaded backend agg version unknown.
2025-04-17 19:10:44,660 [DEBUG]  Loaded backend agg version unknown.
2025-04-17 19:10:44,684 [DEBUG]  OP: Operation.SPLIT_ROWS on slice (253680, 22) (remaining tasks 0)
2025-04-17 19:10:45,704 [DEBUG]  		found 2 row clusters (in 1.02049 secs)
2025-04-17 19:10:45,737 [DEBUG]  OP: Operation.SPLIT_COLUMNS on slice (221790, 22) (remaining tasks 1)
2025-04-17 19:10:58,295 [DEBUG]  		found 21 col clusters (in 12.55792 secs)
2025-04-17 19:10:58,300 [DEBUG]  OP: Operation.SPLIT_COLUMNS on slice (31890, 22) (remaining tasks 21)
2025-04-17 19:11:08,521 [DEBUG]  		found 22 col clusters (in 10.22001 secs)
2025-04-17 19:11:08,521 [DEBUG]  OP: Operation.CREATE_LEAF on slice (221790, 1) (remaining tasks 42)
2025-04-17 19:11:08,589 [DEBUG]  		 created leaf IdentityNumericLeaf for scope=[0] (in 0.06838 secs)
2025-04-17 19:11:08,590 [DEBUG]  OP: Operation.CREATE_LEAF on slice (221790, 1) (remaining tasks 41)
2025-04-17 19:11:08,626 [DEBUG]  		 created leaf IdentityNumericLeaf for scope=[1] (in 0.03652 secs)
2025-04-17 19:11:08,626 [DEBUG]  OP: Operation.CREATE_LEAF on slice (221790, 1) (remaining tasks 40)
2025-04-17 19:11:08,635 [DEBUG]  		 created leaf IdentityNumericLeaf for scope=[2] (in 0.00889 secs)
2025-04-17 19:11:08,636 [DEBUG]  OP: Operation.CREATE_LEAF on slice (221790, 1) (remaining tasks 39)
2025-04-17 19:11:08,642 [DEBUG]  		 created leaf IdentityNumericLeaf for scope=[3] (in 0.00632 secs)
2025-04-17 19:11:08,642 [DEBUG]  OP: Operation.CREATE_LEAF on slice (221790, 1) (remaining tasks 38)
2025-04-17 19:11:08,653 [DEBUG]  		 created leaf IdentityNumericLeaf for scope=[4] (in 0.01044 secs)
2025-04-17 19:11:08,653 [DEBUG]  OP: Operation.CREATE_LEAF on slice (221790, 1) (remaining tasks 37)
2025-04-17 19:11:08,660 [DEBUG]  		 created leaf IdentityNumericLeaf for scope=[5] (in 0.00729 secs)
2025-04-17 19:11:08,660 [DEBUG]  OP: Operation.CREATE_LEAF on slice (221790, 1) (remaining tasks 36)
2025-04-17 19:11:08,666 [DEBUG]  		 created leaf IdentityNumericLeaf for scope=[6] (in 0.00546 secs)
2025-04-17 19:11:08,666 [DEBUG]  OP: Operation.CREATE_LEAF on slice (221790, 1) (remaining tasks 35)
2025-04-17 19:11:08,672 [DEBUG]  		 created leaf IdentityNumericLeaf for scope=[7] (in 0.00588 secs)
2025-04-17 19:11:08,672 [DEBUG]  OP: Operation.CREATE_LEAF on slice (221790, 1) (remaining tasks 34)
2025-04-17 19:11:08,679 [DEBUG]  		 created leaf IdentityNumericLeaf for scope=[8] (in 0.00640 secs)
2025-04-17 19:11:08,679 [DEBUG]  OP: Operation.CREATE_LEAF on slice (221790, 1) (remaining tasks 33)
2025-04-17 19:11:08,686 [DEBUG]  		 created leaf IdentityNumericLeaf for scope=[9] (in 0.00713 secs)
2025-04-17 19:11:08,686 [DEBUG]  OP: Operation.CREATE_LEAF on slice (221790, 1) (remaining tasks 32)
2025-04-17 19:11:08,692 [DEBUG]  		 created leaf IdentityNumericLeaf for scope=[10] (in 0.00622 secs)
2025-04-17 19:11:08,692 [DEBUG]  OP: Operation.CREATE_LEAF on slice (221790, 1) (remaining tasks 31)
2025-04-17 19:11:08,698 [DEBUG]  		 created leaf IdentityNumericLeaf for scope=[11] (in 0.00571 secs)
2025-04-17 19:11:08,698 [DEBUG]  OP: Operation.CREATE_LEAF on slice (221790, 1) (remaining tasks 30)
2025-04-17 19:11:08,704 [DEBUG]  		 created leaf IdentityNumericLeaf for scope=[12] (in 0.00571 secs)
2025-04-17 19:11:08,704 [DEBUG]  OP: Operation.CREATE_LEAF on slice (221790, 1) (remaining tasks 29)
2025-04-17 19:11:08,710 [DEBUG]  		 created leaf IdentityNumericLeaf for scope=[13] (in 0.00597 secs)
2025-04-17 19:11:08,710 [DEBUG]  OP: Operation.CREATE_LEAF on slice (221790, 1) (remaining tasks 28)
2025-04-17 19:11:08,719 [DEBUG]  		 created leaf IdentityNumericLeaf for scope=[14] (in 0.00861 secs)
2025-04-17 19:11:08,719 [DEBUG]  OP: Operation.CREATE_LEAF on slice (221790, 1) (remaining tasks 27)
2025-04-17 19:11:08,727 [DEBUG]  		 created leaf IdentityNumericLeaf for scope=[15] (in 0.00772 secs)
2025-04-17 19:11:08,727 [DEBUG]  OP: Operation.CREATE_LEAF on slice (221790, 1) (remaining tasks 26)
2025-04-17 19:11:08,735 [DEBUG]  		 created leaf IdentityNumericLeaf for scope=[16] (in 0.00760 secs)
2025-04-17 19:11:08,735 [DEBUG]  OP: Operation.CREATE_LEAF on slice (221790, 1) (remaining tasks 25)
2025-04-17 19:11:08,741 [DEBUG]  		 created leaf IdentityNumericLeaf for scope=[17] (in 0.00619 secs)
2025-04-17 19:11:08,741 [DEBUG]  OP: Operation.CREATE_LEAF on slice (221790, 1) (remaining tasks 24)
2025-04-17 19:11:08,749 [DEBUG]  		 created leaf IdentityNumericLeaf for scope=[18] (in 0.00743 secs)
2025-04-17 19:11:08,749 [DEBUG]  OP: Operation.CREATE_LEAF on slice (221790, 1) (remaining tasks 23)
2025-04-17 19:11:08,759 [DEBUG]  		 created leaf IdentityNumericLeaf for scope=[19] (in 0.00966 secs)
2025-04-17 19:11:08,760 [DEBUG]  OP: Operation.SPLIT_COLUMNS on slice (221790, 2) (remaining tasks 22)
2025-04-17 19:11:08,870 [DEBUG]  		found 1 col clusters (in 0.10969 secs)
2025-04-17 19:11:08,870 [DEBUG]  OP: Operation.CREATE_LEAF on slice (31890, 1) (remaining tasks 22)
2025-04-17 19:11:08,872 [DEBUG]  		 created leaf IdentityNumericLeaf for scope=[0] (in 0.00178 secs)
2025-04-17 19:11:08,872 [DEBUG]  OP: Operation.CREATE_LEAF on slice (31890, 1) (remaining tasks 21)
2025-04-17 19:11:08,874 [DEBUG]  		 created leaf IdentityNumericLeaf for scope=[1] (in 0.00175 secs)
2025-04-17 19:11:08,874 [DEBUG]  OP: Operation.CREATE_LEAF on slice (31890, 1) (remaining tasks 20)
2025-04-17 19:11:08,876 [DEBUG]  		 created leaf IdentityNumericLeaf for scope=[2] (in 0.00173 secs)
2025-04-17 19:11:08,876 [DEBUG]  OP: Operation.CREATE_LEAF on slice (31890, 1) (remaining tasks 19)
2025-04-17 19:11:08,878 [DEBUG]  		 created leaf IdentityNumericLeaf for scope=[3] (in 0.00134 secs)
2025-04-17 19:11:08,878 [DEBUG]  OP: Operation.CREATE_LEAF on slice (31890, 1) (remaining tasks 18)
2025-04-17 19:11:08,881 [DEBUG]  		 created leaf IdentityNumericLeaf for scope=[4] (in 0.00255 secs)
2025-04-17 19:11:08,881 [DEBUG]  OP: Operation.CREATE_LEAF on slice (31890, 1) (remaining tasks 17)
2025-04-17 19:11:08,883 [DEBUG]  		 created leaf IdentityNumericLeaf for scope=[5] (in 0.00182 secs)
2025-04-17 19:11:08,887 [DEBUG]  OP: Operation.CREATE_LEAF on slice (31890, 1) (remaining tasks 16)
2025-04-17 19:11:08,889 [DEBUG]  		 created leaf IdentityNumericLeaf for scope=[6] (in 0.00145 secs)
2025-04-17 19:11:08,889 [DEBUG]  OP: Operation.CREATE_LEAF on slice (31890, 1) (remaining tasks 15)
2025-04-17 19:11:08,891 [DEBUG]  		 created leaf IdentityNumericLeaf for scope=[7] (in 0.00160 secs)
2025-04-17 19:11:08,893 [DEBUG]  OP: Operation.CREATE_LEAF on slice (31890, 1) (remaining tasks 14)
2025-04-17 19:11:08,895 [DEBUG]  		 created leaf IdentityNumericLeaf for scope=[8] (in 0.00182 secs)
2025-04-17 19:11:08,907 [DEBUG]  OP: Operation.CREATE_LEAF on slice (31890, 1) (remaining tasks 13)
2025-04-17 19:11:08,909 [DEBUG]  		 created leaf IdentityNumericLeaf for scope=[9] (in 0.00179 secs)
2025-04-17 19:11:08,909 [DEBUG]  OP: Operation.CREATE_LEAF on slice (31890, 1) (remaining tasks 12)
2025-04-17 19:11:08,911 [DEBUG]  		 created leaf IdentityNumericLeaf for scope=[10] (in 0.00159 secs)
2025-04-17 19:11:08,911 [DEBUG]  OP: Operation.CREATE_LEAF on slice (31890, 1) (remaining tasks 11)
2025-04-17 19:11:08,913 [DEBUG]  		 created leaf IdentityNumericLeaf for scope=[11] (in 0.00142 secs)
2025-04-17 19:11:08,913 [DEBUG]  OP: Operation.CREATE_LEAF on slice (31890, 1) (remaining tasks 10)
2025-04-17 19:11:08,914 [DEBUG]  		 created leaf IdentityNumericLeaf for scope=[12] (in 0.00140 secs)
2025-04-17 19:11:08,914 [DEBUG]  OP: Operation.CREATE_LEAF on slice (31890, 1) (remaining tasks 9)
2025-04-17 19:11:08,916 [DEBUG]  		 created leaf IdentityNumericLeaf for scope=[13] (in 0.00165 secs)
2025-04-17 19:11:08,916 [DEBUG]  OP: Operation.CREATE_LEAF on slice (31890, 1) (remaining tasks 8)
2025-04-17 19:11:08,918 [DEBUG]  		 created leaf IdentityNumericLeaf for scope=[14] (in 0.00203 secs)
2025-04-17 19:11:08,918 [DEBUG]  OP: Operation.CREATE_LEAF on slice (31890, 1) (remaining tasks 7)
2025-04-17 19:11:08,921 [DEBUG]  		 created leaf IdentityNumericLeaf for scope=[15] (in 0.00225 secs)
2025-04-17 19:11:08,921 [DEBUG]  OP: Operation.CREATE_LEAF on slice (31890, 1) (remaining tasks 6)
2025-04-17 19:11:08,923 [DEBUG]  		 created leaf IdentityNumericLeaf for scope=[16] (in 0.00212 secs)
2025-04-17 19:11:08,923 [DEBUG]  OP: Operation.CREATE_LEAF on slice (31890, 1) (remaining tasks 5)
2025-04-17 19:11:08,925 [DEBUG]  		 created leaf IdentityNumericLeaf for scope=[17] (in 0.00175 secs)
2025-04-17 19:11:08,925 [DEBUG]  OP: Operation.CREATE_LEAF on slice (31890, 1) (remaining tasks 4)
2025-04-17 19:11:08,929 [DEBUG]  		 created leaf IdentityNumericLeaf for scope=[18] (in 0.00344 secs)
2025-04-17 19:11:08,929 [DEBUG]  OP: Operation.CREATE_LEAF on slice (31890, 1) (remaining tasks 3)
2025-04-17 19:11:08,931 [DEBUG]  		 created leaf IdentityNumericLeaf for scope=[19] (in 0.00225 secs)
2025-04-17 19:11:08,931 [DEBUG]  OP: Operation.CREATE_LEAF on slice (31890, 1) (remaining tasks 2)
2025-04-17 19:11:08,934 [DEBUG]  		 created leaf IdentityNumericLeaf for scope=[20] (in 0.00219 secs)
2025-04-17 19:11:08,934 [DEBUG]  OP: Operation.CREATE_LEAF on slice (31890, 1) (remaining tasks 1)
2025-04-17 19:11:08,942 [DEBUG]  		 created leaf IdentityNumericLeaf for scope=[21] (in 0.00818 secs)
2025-04-17 19:11:08,944 [DEBUG]  OP: Operation.SPLIT_ROWS on slice (221790, 2) (remaining tasks 0)
2025-04-17 19:11:09,351 [DEBUG]  		found 2 row clusters (in 0.40726 secs)
2025-04-17 19:11:09,358 [DEBUG]  OP: Operation.SPLIT_COLUMNS on slice (64471, 2) (remaining tasks 1)
2025-04-17 19:11:09,470 [DEBUG]  		found 2 col clusters (in 0.11210 secs)
2025-04-17 19:11:09,490 [DEBUG]  OP: Operation.SPLIT_COLUMNS on slice (157319, 2) (remaining tasks 2)
2025-04-17 19:11:09,693 [DEBUG]  		found 2 col clusters (in 0.19745 secs)
2025-04-17 19:11:09,693 [DEBUG]  OP: Operation.CREATE_LEAF on slice (64471, 1) (remaining tasks 3)
2025-04-17 19:11:09,697 [DEBUG]  		 created leaf IdentityNumericLeaf for scope=[20] (in 0.00397 secs)
2025-04-17 19:11:09,697 [DEBUG]  OP: Operation.CREATE_LEAF on slice (64471, 1) (remaining tasks 2)
2025-04-17 19:11:09,701 [DEBUG]  		 created leaf IdentityNumericLeaf for scope=[21] (in 0.00409 secs)
2025-04-17 19:11:09,701 [DEBUG]  OP: Operation.CREATE_LEAF on slice (157319, 1) (remaining tasks 1)
2025-04-17 19:11:09,708 [DEBUG]  		 created leaf IdentityNumericLeaf for scope=[20] (in 0.00680 secs)
2025-04-17 19:11:09,709 [DEBUG]  OP: Operation.CREATE_LEAF on slice (157319, 1) (remaining tasks 0)
2025-04-17 19:11:09,715 [DEBUG]  		 created leaf IdentityNumericLeaf for scope=[21] (in 0.00640 secs)
2025-04-17 19:11:09,724 [DEBUG]  Built SPN in 25.640118359588087 sec
2025-04-17 19:11:09,725 [INFO ]  Saving ensemble to /home/dafn/card/deepcard/collected_temp_benchmarks/spn_ensembles/Diabetes Health Indicators Dataset/ensemble_single_diabetes_012_health_indicators_brfss2015_10000000.pkl
