2025-04-17 18:07:23,990 [INFO ]  Creating naive ensemble.
2025-04-17 18:07:23,990 [INFO ]  Learning SPN for diabetes_binary_5050split_health_indicators_brfss2015.
2025-04-17 18:07:23,990 [DEBUG]  generate_join_sample(single_table=diabetes_binary_5050split_health_indicators_brfss2015, relationship_list=None, split_condition=None)
2025-04-17 18:07:24,033 [DEBUG]  Using min_instance_slice parameter 706.92.
2025-04-17 18:07:24,033 [INFO ]  SPN training phase with 70692 samples
2025-04-17 18:07:24,076 [DEBUG]  Built domains in 0.0429237075150013 sec
2025-04-17 18:07:24,442 [DEBUG]  CACHEDIR=/home/dafn/.cache/matplotlib
2025-04-17 18:07:24,444 [DEBUG]  Using fontManager instance from /home/dafn/.cache/matplotlib/fontlist-v300.json
2025-04-17 18:07:24,538 [DEBUG]  Loaded backend qt5agg version unknown.
2025-04-17 18:07:24,570 [DEBUG]  Loaded backend qt5agg version unknown.
2025-04-17 18:07:24,570 [DEBUG]  Loaded backend qt4agg version unknown.
2025-04-17 18:07:24,577 [DEBUG]  Loaded backend tkagg version unknown.
2025-04-17 18:07:24,578 [DEBUG]  Loaded backend agg version unknown.
2025-04-17 18:07:24,578 [DEBUG]  Loaded backend agg version unknown.
2025-04-17 18:07:24,586 [DEBUG]  OP: Operation.SPLIT_ROWS on slice (70692, 22) (remaining tasks 0)
2025-04-17 18:07:25,235 [DEBUG]  		found 2 row clusters (in 0.64820 secs)
2025-04-17 18:07:25,243 [DEBUG]  OP: Operation.SPLIT_COLUMNS on slice (58044, 22) (remaining tasks 1)
2025-04-17 18:07:33,263 [DEBUG]  		found 18 col clusters (in 8.02010 secs)
2025-04-17 18:07:33,283 [DEBUG]  OP: Operation.SPLIT_COLUMNS on slice (12648, 22) (remaining tasks 18)
2025-04-17 18:07:43,961 [DEBUG]  		found 21 col clusters (in 10.67201 secs)
2025-04-17 18:07:43,962 [DEBUG]  OP: Operation.SPLIT_COLUMNS on slice (58044, 4) (remaining tasks 38)
2025-04-17 18:07:44,292 [DEBUG]  		found 1 col clusters (in 0.32932 secs)
2025-04-17 18:07:44,292 [DEBUG]  OP: Operation.CREATE_LEAF on slice (58044, 1) (remaining tasks 38)
2025-04-17 18:07:44,296 [DEBUG]  		 created leaf IdentityNumericLeaf for scope=[2] (in 0.00327 secs)
2025-04-17 18:07:44,296 [DEBUG]  OP: Operation.CREATE_LEAF on slice (58044, 1) (remaining tasks 37)
2025-04-17 18:07:44,298 [DEBUG]  		 created leaf IdentityNumericLeaf for scope=[3] (in 0.00229 secs)
2025-04-17 18:07:44,299 [DEBUG]  OP: Operation.CREATE_LEAF on slice (58044, 1) (remaining tasks 36)
2025-04-17 18:07:44,303 [DEBUG]  		 created leaf IdentityNumericLeaf for scope=[4] (in 0.00443 secs)
2025-04-17 18:07:44,303 [DEBUG]  OP: Operation.CREATE_LEAF on slice (58044, 1) (remaining tasks 35)
2025-04-17 18:07:44,307 [DEBUG]  		 created leaf IdentityNumericLeaf for scope=[5] (in 0.00319 secs)
2025-04-17 18:07:44,307 [DEBUG]  OP: Operation.CREATE_LEAF on slice (58044, 1) (remaining tasks 34)
2025-04-17 18:07:44,310 [DEBUG]  		 created leaf IdentityNumericLeaf for scope=[6] (in 0.00233 secs)
2025-04-17 18:07:44,311 [DEBUG]  OP: Operation.CREATE_LEAF on slice (58044, 1) (remaining tasks 33)
2025-04-17 18:07:44,314 [DEBUG]  		 created leaf IdentityNumericLeaf for scope=[7] (in 0.00251 secs)
2025-04-17 18:07:44,317 [DEBUG]  OP: Operation.CREATE_LEAF on slice (58044, 1) (remaining tasks 32)
2025-04-17 18:07:44,320 [DEBUG]  		 created leaf IdentityNumericLeaf for scope=[8] (in 0.00285 secs)
2025-04-17 18:07:44,323 [DEBUG]  OP: Operation.CREATE_LEAF on slice (58044, 1) (remaining tasks 31)
2025-04-17 18:07:44,327 [DEBUG]  		 created leaf IdentityNumericLeaf for scope=[9] (in 0.00308 secs)
2025-04-17 18:07:44,330 [DEBUG]  OP: Operation.CREATE_LEAF on slice (58044, 1) (remaining tasks 30)
2025-04-17 18:07:44,333 [DEBUG]  		 created leaf IdentityNumericLeaf for scope=[10] (in 0.00260 secs)
2025-04-17 18:07:44,345 [DEBUG]  OP: Operation.CREATE_LEAF on slice (58044, 1) (remaining tasks 29)
2025-04-17 18:07:44,348 [DEBUG]  		 created leaf IdentityNumericLeaf for scope=[11] (in 0.00228 secs)
2025-04-17 18:07:44,353 [DEBUG]  OP: Operation.CREATE_LEAF on slice (58044, 1) (remaining tasks 28)
2025-04-17 18:07:44,355 [DEBUG]  		 created leaf IdentityNumericLeaf for scope=[12] (in 0.00229 secs)
2025-04-17 18:07:44,360 [DEBUG]  OP: Operation.CREATE_LEAF on slice (58044, 1) (remaining tasks 27)
2025-04-17 18:07:44,363 [DEBUG]  		 created leaf IdentityNumericLeaf for scope=[13] (in 0.00239 secs)
2025-04-17 18:07:44,368 [DEBUG]  OP: Operation.CREATE_LEAF on slice (58044, 1) (remaining tasks 26)
2025-04-17 18:07:44,372 [DEBUG]  		 created leaf IdentityNumericLeaf for scope=[15] (in 0.00310 secs)
2025-04-17 18:07:44,379 [DEBUG]  OP: Operation.CREATE_LEAF on slice (58044, 1) (remaining tasks 25)
2025-04-17 18:07:44,382 [DEBUG]  		 created leaf IdentityNumericLeaf for scope=[16] (in 0.00315 secs)
2025-04-17 18:07:44,389 [DEBUG]  OP: Operation.CREATE_LEAF on slice (58044, 1) (remaining tasks 24)
2025-04-17 18:07:44,392 [DEBUG]  		 created leaf IdentityNumericLeaf for scope=[17] (in 0.00275 secs)
2025-04-17 18:07:44,398 [DEBUG]  OP: Operation.CREATE_LEAF on slice (58044, 1) (remaining tasks 23)
2025-04-17 18:07:44,401 [DEBUG]  		 created leaf IdentityNumericLeaf for scope=[18] (in 0.00313 secs)
2025-04-17 18:07:44,402 [DEBUG]  OP: Operation.SPLIT_COLUMNS on slice (58044, 2) (remaining tasks 22)
2025-04-17 18:07:44,539 [DEBUG]  		found 1 col clusters (in 0.13673 secs)
2025-04-17 18:07:44,539 [DEBUG]  OP: Operation.CREATE_LEAF on slice (12648, 1) (remaining tasks 22)
2025-04-17 18:07:44,540 [DEBUG]  		 created leaf IdentityNumericLeaf for scope=[0] (in 0.00071 secs)
2025-04-17 18:07:44,540 [DEBUG]  OP: Operation.CREATE_LEAF on slice (12648, 1) (remaining tasks 21)
2025-04-17 18:07:44,541 [DEBUG]  		 created leaf IdentityNumericLeaf for scope=[1] (in 0.00085 secs)
2025-04-17 18:07:44,541 [DEBUG]  OP: Operation.CREATE_LEAF on slice (12648, 1) (remaining tasks 20)
2025-04-17 18:07:44,542 [DEBUG]  		 created leaf IdentityNumericLeaf for scope=[2] (in 0.00083 secs)
2025-04-17 18:07:44,542 [DEBUG]  OP: Operation.CREATE_LEAF on slice (12648, 1) (remaining tasks 19)
2025-04-17 18:07:44,543 [DEBUG]  		 created leaf IdentityNumericLeaf for scope=[3] (in 0.00066 secs)
2025-04-17 18:07:44,543 [DEBUG]  OP: Operation.CREATE_LEAF on slice (12648, 1) (remaining tasks 18)
2025-04-17 18:07:44,544 [DEBUG]  		 created leaf IdentityNumericLeaf for scope=[4] (in 0.00128 secs)
2025-04-17 18:07:44,544 [DEBUG]  OP: Operation.CREATE_LEAF on slice (12648, 1) (remaining tasks 17)
2025-04-17 18:07:44,545 [DEBUG]  		 created leaf IdentityNumericLeaf for scope=[5] (in 0.00085 secs)
2025-04-17 18:07:44,545 [DEBUG]  OP: Operation.CREATE_LEAF on slice (12648, 1) (remaining tasks 16)
2025-04-17 18:07:44,546 [DEBUG]  		 created leaf IdentityNumericLeaf for scope=[6] (in 0.00075 secs)
2025-04-17 18:07:44,546 [DEBUG]  OP: Operation.CREATE_LEAF on slice (12648, 1) (remaining tasks 15)
2025-04-17 18:07:44,547 [DEBUG]  		 created leaf IdentityNumericLeaf for scope=[7] (in 0.00087 secs)
2025-04-17 18:07:44,547 [DEBUG]  OP: Operation.CREATE_LEAF on slice (12648, 1) (remaining tasks 14)
2025-04-17 18:07:44,548 [DEBUG]  		 created leaf IdentityNumericLeaf for scope=[8] (in 0.00088 secs)
2025-04-17 18:07:44,548 [DEBUG]  OP: Operation.CREATE_LEAF on slice (12648, 1) (remaining tasks 13)
2025-04-17 18:07:44,549 [DEBUG]  		 created leaf IdentityNumericLeaf for scope=[9] (in 0.00090 secs)
2025-04-17 18:07:44,550 [DEBUG]  OP: Operation.CREATE_LEAF on slice (12648, 1) (remaining tasks 12)
2025-04-17 18:07:44,550 [DEBUG]  		 created leaf IdentityNumericLeaf for scope=[10] (in 0.00078 secs)
2025-04-17 18:07:44,551 [DEBUG]  OP: Operation.CREATE_LEAF on slice (12648, 1) (remaining tasks 11)
2025-04-17 18:07:44,551 [DEBUG]  		 created leaf IdentityNumericLeaf for scope=[11] (in 0.00067 secs)
2025-04-17 18:07:44,551 [DEBUG]  OP: Operation.CREATE_LEAF on slice (12648, 1) (remaining tasks 10)
2025-04-17 18:07:44,552 [DEBUG]  		 created leaf IdentityNumericLeaf for scope=[12] (in 0.00069 secs)
2025-04-17 18:07:44,552 [DEBUG]  OP: Operation.CREATE_LEAF on slice (12648, 1) (remaining tasks 9)
2025-04-17 18:07:44,553 [DEBUG]  		 created leaf IdentityNumericLeaf for scope=[13] (in 0.00080 secs)
2025-04-17 18:07:44,553 [DEBUG]  OP: Operation.CREATE_LEAF on slice (12648, 1) (remaining tasks 8)
2025-04-17 18:07:44,554 [DEBUG]  		 created leaf IdentityNumericLeaf for scope=[14] (in 0.00095 secs)
2025-04-17 18:07:44,555 [DEBUG]  OP: Operation.CREATE_LEAF on slice (12648, 1) (remaining tasks 7)
2025-04-17 18:07:44,556 [DEBUG]  		 created leaf IdentityNumericLeaf for scope=[15] (in 0.00107 secs)
2025-04-17 18:07:44,556 [DEBUG]  OP: Operation.CREATE_LEAF on slice (12648, 1) (remaining tasks 6)
2025-04-17 18:07:44,557 [DEBUG]  		 created leaf IdentityNumericLeaf for scope=[16] (in 0.00097 secs)
2025-04-17 18:07:44,557 [DEBUG]  OP: Operation.CREATE_LEAF on slice (12648, 1) (remaining tasks 5)
2025-04-17 18:07:44,558 [DEBUG]  		 created leaf IdentityNumericLeaf for scope=[17] (in 0.00085 secs)
2025-04-17 18:07:44,558 [DEBUG]  OP: Operation.CREATE_LEAF on slice (12648, 1) (remaining tasks 4)
2025-04-17 18:07:44,559 [DEBUG]  		 created leaf IdentityNumericLeaf for scope=[18] (in 0.00081 secs)
2025-04-17 18:07:44,559 [DEBUG]  OP: Operation.CREATE_LEAF on slice (12648, 1) (remaining tasks 3)
2025-04-17 18:07:44,560 [DEBUG]  		 created leaf IdentityNumericLeaf for scope=[19] (in 0.00110 secs)
2025-04-17 18:07:44,561 [DEBUG]  OP: Operation.SPLIT_COLUMNS on slice (12648, 2) (remaining tasks 2)
2025-04-17 18:07:44,672 [DEBUG]  		found 1 col clusters (in 0.11111 secs)
2025-04-17 18:07:44,673 [DEBUG]  OP: Operation.SPLIT_ROWS on slice (58044, 4) (remaining tasks 2)
2025-04-17 18:07:44,876 [DEBUG]  		found 2 row clusters (in 0.20315 secs)
2025-04-17 18:07:44,877 [DEBUG]  OP: Operation.SPLIT_ROWS on slice (58044, 2) (remaining tasks 3)
2025-04-17 18:07:45,055 [DEBUG]  		found 2 row clusters (in 0.17828 secs)
2025-04-17 18:07:45,055 [DEBUG]  OP: Operation.SPLIT_ROWS on slice (12648, 2) (remaining tasks 4)
2025-04-17 18:07:45,116 [DEBUG]  		found 2 row clusters (in 0.06022 secs)
2025-04-17 18:07:45,119 [DEBUG]  OP: Operation.SPLIT_COLUMNS on slice (39111, 4) (remaining tasks 5)
2025-04-17 18:07:45,333 [DEBUG]  		found 3 col clusters (in 0.21400 secs)
2025-04-17 18:07:45,335 [DEBUG]  OP: Operation.SPLIT_COLUMNS on slice (18933, 4) (remaining tasks 7)
2025-04-17 18:07:45,657 [DEBUG]  		found 2 col clusters (in 0.32144 secs)
2025-04-17 18:07:45,661 [DEBUG]  OP: Operation.SPLIT_COLUMNS on slice (37816, 2) (remaining tasks 8)
2025-04-17 18:07:45,848 [DEBUG]  		found 2 col clusters (in 0.18652 secs)
2025-04-17 18:07:45,850 [DEBUG]  OP: Operation.SPLIT_COLUMNS on slice (20228, 2) (remaining tasks 9)
2025-04-17 18:07:45,961 [DEBUG]  		found 2 col clusters (in 0.11091 secs)
2025-04-17 18:07:45,962 [DEBUG]  OP: Operation.SPLIT_COLUMNS on slice (6588, 2) (remaining tasks 10)
2025-04-17 18:07:46,071 [DEBUG]  		found 2 col clusters (in 0.10813 secs)
2025-04-17 18:07:46,072 [DEBUG]  OP: Operation.SPLIT_COLUMNS on slice (6060, 2) (remaining tasks 11)
2025-04-17 18:07:46,180 [DEBUG]  		found 2 col clusters (in 0.10764 secs)
2025-04-17 18:07:46,180 [DEBUG]  OP: Operation.SPLIT_COLUMNS on slice (39111, 2) (remaining tasks 12)
2025-04-17 18:07:46,290 [DEBUG]  		found 1 col clusters (in 0.11009 secs)
2025-04-17 18:07:46,291 [DEBUG]  OP: Operation.CREATE_LEAF on slice (39111, 1) (remaining tasks 12)
2025-04-17 18:07:46,293 [DEBUG]  		 created leaf IdentityNumericLeaf for scope=[1] (in 0.00203 secs)
2025-04-17 18:07:46,293 [DEBUG]  OP: Operation.CREATE_LEAF on slice (39111, 1) (remaining tasks 11)
2025-04-17 18:07:46,296 [DEBUG]  		 created leaf IdentityNumericLeaf for scope=[19] (in 0.00272 secs)
2025-04-17 18:07:46,296 [DEBUG]  OP: Operation.SPLIT_COLUMNS on slice (18933, 3) (remaining tasks 10)
2025-04-17 18:07:46,410 [DEBUG]  		found 1 col clusters (in 0.11345 secs)
2025-04-17 18:07:46,410 [DEBUG]  OP: Operation.CREATE_LEAF on slice (18933, 1) (remaining tasks 10)
2025-04-17 18:07:46,412 [DEBUG]  		 created leaf IdentityNumericLeaf for scope=[19] (in 0.00141 secs)
2025-04-17 18:07:46,412 [DEBUG]  OP: Operation.CREATE_LEAF on slice (37816, 1) (remaining tasks 9)
2025-04-17 18:07:46,415 [DEBUG]  		 created leaf IdentityNumericLeaf for scope=[20] (in 0.00225 secs)
2025-04-17 18:07:46,415 [DEBUG]  OP: Operation.CREATE_LEAF on slice (37816, 1) (remaining tasks 8)
2025-04-17 18:07:46,418 [DEBUG]  		 created leaf IdentityNumericLeaf for scope=[21] (in 0.00230 secs)
2025-04-17 18:07:46,418 [DEBUG]  OP: Operation.CREATE_LEAF on slice (20228, 1) (remaining tasks 7)
2025-04-17 18:07:46,419 [DEBUG]  		 created leaf IdentityNumericLeaf for scope=[20] (in 0.00143 secs)
2025-04-17 18:07:46,420 [DEBUG]  OP: Operation.CREATE_LEAF on slice (20228, 1) (remaining tasks 6)
2025-04-17 18:07:46,421 [DEBUG]  		 created leaf IdentityNumericLeaf for scope=[21] (in 0.00139 secs)
2025-04-17 18:07:46,421 [DEBUG]  OP: Operation.CREATE_LEAF on slice (6588, 1) (remaining tasks 5)
2025-04-17 18:07:46,422 [DEBUG]  		 created leaf IdentityNumericLeaf for scope=[20] (in 0.00066 secs)
2025-04-17 18:07:46,423 [DEBUG]  OP: Operation.CREATE_LEAF on slice (6588, 1) (remaining tasks 4)
2025-04-17 18:07:46,423 [DEBUG]  		 created leaf IdentityNumericLeaf for scope=[21] (in 0.00066 secs)
2025-04-17 18:07:46,424 [DEBUG]  OP: Operation.CREATE_LEAF on slice (6060, 1) (remaining tasks 3)
2025-04-17 18:07:46,425 [DEBUG]  		 created leaf IdentityNumericLeaf for scope=[20] (in 0.00076 secs)
2025-04-17 18:07:46,425 [DEBUG]  OP: Operation.CREATE_LEAF on slice (6060, 1) (remaining tasks 2)
2025-04-17 18:07:46,426 [DEBUG]  		 created leaf IdentityNumericLeaf for scope=[21] (in 0.00061 secs)
2025-04-17 18:07:46,426 [DEBUG]  OP: Operation.SPLIT_ROWS on slice (39111, 2) (remaining tasks 1)
2025-04-17 18:07:46,610 [DEBUG]  		found 2 row clusters (in 0.18333 secs)
2025-04-17 18:07:46,610 [DEBUG]  OP: Operation.SPLIT_ROWS on slice (18933, 3) (remaining tasks 2)
2025-04-17 18:07:46,678 [DEBUG]  		found 2 row clusters (in 0.06799 secs)
2025-04-17 18:07:46,680 [DEBUG]  OP: Operation.SPLIT_COLUMNS on slice (16705, 2) (remaining tasks 3)
2025-04-17 18:07:46,789 [DEBUG]  		found 2 col clusters (in 0.10884 secs)
2025-04-17 18:07:46,791 [DEBUG]  OP: Operation.SPLIT_COLUMNS on slice (22406, 2) (remaining tasks 4)
2025-04-17 18:07:46,902 [DEBUG]  		found 2 col clusters (in 0.11032 secs)
2025-04-17 18:07:46,903 [DEBUG]  OP: Operation.SPLIT_COLUMNS on slice (10635, 3) (remaining tasks 5)
2025-04-17 18:07:47,017 [DEBUG]  		found 3 col clusters (in 0.11335 secs)
2025-04-17 18:07:47,018 [DEBUG]  OP: Operation.SPLIT_COLUMNS on slice (8298, 3) (remaining tasks 7)
2025-04-17 18:07:47,196 [DEBUG]  		found 3 col clusters (in 0.17811 secs)
2025-04-17 18:07:47,197 [DEBUG]  OP: Operation.CREATE_LEAF on slice (16705, 1) (remaining tasks 9)
2025-04-17 18:07:47,198 [DEBUG]  		 created leaf IdentityNumericLeaf for scope=[0] (in 0.00091 secs)
2025-04-17 18:07:47,198 [DEBUG]  OP: Operation.CREATE_LEAF on slice (16705, 1) (remaining tasks 8)
2025-04-17 18:07:47,199 [DEBUG]  		 created leaf IdentityNumericLeaf for scope=[14] (in 0.00104 secs)
2025-04-17 18:07:47,200 [DEBUG]  OP: Operation.CREATE_LEAF on slice (22406, 1) (remaining tasks 7)
2025-04-17 18:07:47,201 [DEBUG]  		 created leaf IdentityNumericLeaf for scope=[0] (in 0.00097 secs)
2025-04-17 18:07:47,201 [DEBUG]  OP: Operation.CREATE_LEAF on slice (22406, 1) (remaining tasks 6)
2025-04-17 18:07:47,202 [DEBUG]  		 created leaf IdentityNumericLeaf for scope=[14] (in 0.00129 secs)
2025-04-17 18:07:47,203 [DEBUG]  OP: Operation.CREATE_LEAF on slice (10635, 1) (remaining tasks 5)
2025-04-17 18:07:47,203 [DEBUG]  		 created leaf IdentityNumericLeaf for scope=[0] (in 0.00064 secs)
2025-04-17 18:07:47,204 [DEBUG]  OP: Operation.CREATE_LEAF on slice (10635, 1) (remaining tasks 4)
2025-04-17 18:07:47,205 [DEBUG]  		 created leaf IdentityNumericLeaf for scope=[1] (in 0.00073 secs)
2025-04-17 18:07:47,205 [DEBUG]  OP: Operation.CREATE_LEAF on slice (10635, 1) (remaining tasks 3)
2025-04-17 18:07:47,206 [DEBUG]  		 created leaf IdentityNumericLeaf for scope=[14] (in 0.00075 secs)
2025-04-17 18:07:47,206 [DEBUG]  OP: Operation.CREATE_LEAF on slice (8298, 1) (remaining tasks 2)
2025-04-17 18:07:47,207 [DEBUG]  		 created leaf IdentityNumericLeaf for scope=[0] (in 0.00059 secs)
2025-04-17 18:07:47,207 [DEBUG]  OP: Operation.CREATE_LEAF on slice (8298, 1) (remaining tasks 1)
2025-04-17 18:07:47,208 [DEBUG]  		 created leaf IdentityNumericLeaf for scope=[1] (in 0.00069 secs)
2025-04-17 18:07:47,208 [DEBUG]  OP: Operation.CREATE_LEAF on slice (8298, 1) (remaining tasks 0)
2025-04-17 18:07:47,209 [DEBUG]  		 created leaf IdentityNumericLeaf for scope=[14] (in 0.00063 secs)
2025-04-17 18:07:47,224 [DEBUG]  Built SPN in 23.14780209492892 sec
2025-04-17 18:07:47,224 [INFO ]  Saving ensemble to /home/dafn/card/deepcard/collected_temp_benchmarks/spn_ensembles/Diabetes Health Indicators Dataset/ensemble_single_diabetes_binary_5050split_health_indicators_brfss2015_10000000.pkl
