2025-04-17 12:05:23,501 [INFO ]  Creating naive ensemble.
2025-04-17 12:05:23,501 [INFO ]  Learning SPN for diabetes_binary_health_indicators_brfss2015.
2025-04-17 12:05:23,501 [DEBUG]  generate_join_sample(single_table=diabetes_binary_health_indicators_brfss2015, relationship_list=None, split_condition=None)
2025-04-17 12:05:23,598 [DEBUG]  Using min_instance_slice parameter 2536.8.
2025-04-17 12:05:23,598 [INFO ]  SPN training phase with 253680 samples
2025-04-17 12:05:23,751 [DEBUG]  Built domains in 0.15242536924779415 sec
2025-04-17 12:05:24,126 [DEBUG]  CACHEDIR=/home/dafn/.cache/matplotlib
2025-04-17 12:05:24,128 [DEBUG]  Using fontManager instance from /home/dafn/.cache/matplotlib/fontlist-v300.json
2025-04-17 12:05:24,222 [DEBUG]  Loaded backend qt5agg version unknown.
2025-04-17 12:05:24,252 [DEBUG]  Loaded backend qt5agg version unknown.
2025-04-17 12:05:24,253 [DEBUG]  Loaded backend qt4agg version unknown.
2025-04-17 12:05:24,260 [DEBUG]  Loaded backend tkagg version unknown.
2025-04-17 12:05:24,261 [DEBUG]  Loaded backend agg version unknown.
2025-04-17 12:05:24,261 [DEBUG]  Loaded backend agg version unknown.
2025-04-17 12:05:24,283 [DEBUG]  OP: Operation.SPLIT_ROWS on slice (253680, 22) (remaining tasks 0)
2025-04-17 12:05:25,232 [DEBUG]  		found 2 row clusters (in 0.94822 secs)
2025-04-17 12:05:25,263 [DEBUG]  OP: Operation.SPLIT_COLUMNS on slice (221788, 22) (remaining tasks 1)
2025-04-17 12:05:33,978 [DEBUG]  		found 22 col clusters (in 8.71491 secs)
2025-04-17 12:05:33,983 [DEBUG]  OP: Operation.SPLIT_COLUMNS on slice (31892, 22) (remaining tasks 22)
2025-04-17 12:05:43,541 [DEBUG]  		found 22 col clusters (in 9.55807 secs)
2025-04-17 12:05:43,546 [DEBUG]  OP: Operation.CREATE_LEAF on slice (221788, 1) (remaining tasks 43)
2025-04-17 12:05:43,587 [DEBUG]  		 created leaf IdentityNumericLeaf for scope=[0] (in 0.03951 secs)
2025-04-17 12:05:43,634 [DEBUG]  OP: Operation.CREATE_LEAF on slice (221788, 1) (remaining tasks 42)
2025-04-17 12:05:43,667 [DEBUG]  		 created leaf IdentityNumericLeaf for scope=[1] (in 0.03139 secs)
2025-04-17 12:05:43,667 [DEBUG]  OP: Operation.CREATE_LEAF on slice (221788, 1) (remaining tasks 41)
2025-04-17 12:05:43,678 [DEBUG]  		 created leaf IdentityNumericLeaf for scope=[2] (in 0.01038 secs)
2025-04-17 12:05:43,678 [DEBUG]  OP: Operation.CREATE_LEAF on slice (221788, 1) (remaining tasks 40)
2025-04-17 12:05:43,684 [DEBUG]  		 created leaf IdentityNumericLeaf for scope=[3] (in 0.00585 secs)
2025-04-17 12:05:43,684 [DEBUG]  OP: Operation.CREATE_LEAF on slice (221788, 1) (remaining tasks 39)
2025-04-17 12:05:43,694 [DEBUG]  		 created leaf IdentityNumericLeaf for scope=[4] (in 0.00982 secs)
2025-04-17 12:05:43,694 [DEBUG]  OP: Operation.CREATE_LEAF on slice (221788, 1) (remaining tasks 38)
2025-04-17 12:05:43,701 [DEBUG]  		 created leaf IdentityNumericLeaf for scope=[5] (in 0.00712 secs)
2025-04-17 12:05:43,701 [DEBUG]  OP: Operation.CREATE_LEAF on slice (221788, 1) (remaining tasks 37)
2025-04-17 12:05:43,706 [DEBUG]  		 created leaf IdentityNumericLeaf for scope=[6] (in 0.00518 secs)
2025-04-17 12:05:43,706 [DEBUG]  OP: Operation.CREATE_LEAF on slice (221788, 1) (remaining tasks 36)
2025-04-17 12:05:43,712 [DEBUG]  		 created leaf IdentityNumericLeaf for scope=[7] (in 0.00564 secs)
2025-04-17 12:05:43,712 [DEBUG]  OP: Operation.CREATE_LEAF on slice (221788, 1) (remaining tasks 35)
2025-04-17 12:05:43,718 [DEBUG]  		 created leaf IdentityNumericLeaf for scope=[8] (in 0.00608 secs)
2025-04-17 12:05:43,718 [DEBUG]  OP: Operation.CREATE_LEAF on slice (221788, 1) (remaining tasks 34)
2025-04-17 12:05:43,725 [DEBUG]  		 created leaf IdentityNumericLeaf for scope=[9] (in 0.00650 secs)
2025-04-17 12:05:43,725 [DEBUG]  OP: Operation.CREATE_LEAF on slice (221788, 1) (remaining tasks 33)
2025-04-17 12:05:43,731 [DEBUG]  		 created leaf IdentityNumericLeaf for scope=[10] (in 0.00580 secs)
2025-04-17 12:05:43,731 [DEBUG]  OP: Operation.CREATE_LEAF on slice (221788, 1) (remaining tasks 32)
2025-04-17 12:05:43,737 [DEBUG]  		 created leaf IdentityNumericLeaf for scope=[11] (in 0.00559 secs)
2025-04-17 12:05:43,737 [DEBUG]  OP: Operation.CREATE_LEAF on slice (221788, 1) (remaining tasks 31)
2025-04-17 12:05:43,742 [DEBUG]  		 created leaf IdentityNumericLeaf for scope=[12] (in 0.00528 secs)
2025-04-17 12:05:43,742 [DEBUG]  OP: Operation.CREATE_LEAF on slice (221788, 1) (remaining tasks 30)
2025-04-17 12:05:43,748 [DEBUG]  		 created leaf IdentityNumericLeaf for scope=[13] (in 0.00561 secs)
2025-04-17 12:05:43,748 [DEBUG]  OP: Operation.CREATE_LEAF on slice (221788, 1) (remaining tasks 29)
2025-04-17 12:05:43,756 [DEBUG]  		 created leaf IdentityNumericLeaf for scope=[14] (in 0.00762 secs)
2025-04-17 12:05:43,756 [DEBUG]  OP: Operation.CREATE_LEAF on slice (221788, 1) (remaining tasks 28)
2025-04-17 12:05:43,763 [DEBUG]  		 created leaf IdentityNumericLeaf for scope=[15] (in 0.00713 secs)
2025-04-17 12:05:43,763 [DEBUG]  OP: Operation.CREATE_LEAF on slice (221788, 1) (remaining tasks 27)
2025-04-17 12:05:43,770 [DEBUG]  		 created leaf IdentityNumericLeaf for scope=[16] (in 0.00702 secs)
2025-04-17 12:05:43,770 [DEBUG]  OP: Operation.CREATE_LEAF on slice (221788, 1) (remaining tasks 26)
2025-04-17 12:05:43,776 [DEBUG]  		 created leaf IdentityNumericLeaf for scope=[17] (in 0.00589 secs)
2025-04-17 12:05:43,776 [DEBUG]  OP: Operation.CREATE_LEAF on slice (221788, 1) (remaining tasks 25)
2025-04-17 12:05:43,783 [DEBUG]  		 created leaf IdentityNumericLeaf for scope=[18] (in 0.00691 secs)
2025-04-17 12:05:43,783 [DEBUG]  OP: Operation.CREATE_LEAF on slice (221788, 1) (remaining tasks 24)
2025-04-17 12:05:43,792 [DEBUG]  		 created leaf IdentityNumericLeaf for scope=[19] (in 0.00868 secs)
2025-04-17 12:05:43,792 [DEBUG]  OP: Operation.CREATE_LEAF on slice (221788, 1) (remaining tasks 23)
2025-04-17 12:05:43,800 [DEBUG]  		 created leaf IdentityNumericLeaf for scope=[20] (in 0.00775 secs)
2025-04-17 12:05:43,800 [DEBUG]  OP: Operation.CREATE_LEAF on slice (221788, 1) (remaining tasks 22)
2025-04-17 12:05:43,809 [DEBUG]  		 created leaf IdentityNumericLeaf for scope=[21] (in 0.00837 secs)
2025-04-17 12:05:43,809 [DEBUG]  OP: Operation.CREATE_LEAF on slice (31892, 1) (remaining tasks 21)
2025-04-17 12:05:43,810 [DEBUG]  		 created leaf IdentityNumericLeaf for scope=[0] (in 0.00124 secs)
2025-04-17 12:05:43,810 [DEBUG]  OP: Operation.CREATE_LEAF on slice (31892, 1) (remaining tasks 20)
2025-04-17 12:05:43,811 [DEBUG]  		 created leaf IdentityNumericLeaf for scope=[1] (in 0.00125 secs)
2025-04-17 12:05:43,811 [DEBUG]  OP: Operation.CREATE_LEAF on slice (31892, 1) (remaining tasks 19)
2025-04-17 12:05:43,813 [DEBUG]  		 created leaf IdentityNumericLeaf for scope=[2] (in 0.00124 secs)
2025-04-17 12:05:43,813 [DEBUG]  OP: Operation.CREATE_LEAF on slice (31892, 1) (remaining tasks 18)
2025-04-17 12:05:43,814 [DEBUG]  		 created leaf IdentityNumericLeaf for scope=[3] (in 0.00093 secs)
2025-04-17 12:05:43,814 [DEBUG]  OP: Operation.CREATE_LEAF on slice (31892, 1) (remaining tasks 17)
2025-04-17 12:05:43,816 [DEBUG]  		 created leaf IdentityNumericLeaf for scope=[4] (in 0.00183 secs)
2025-04-17 12:05:43,816 [DEBUG]  OP: Operation.CREATE_LEAF on slice (31892, 1) (remaining tasks 16)
2025-04-17 12:05:43,817 [DEBUG]  		 created leaf IdentityNumericLeaf for scope=[5] (in 0.00129 secs)
2025-04-17 12:05:43,817 [DEBUG]  OP: Operation.CREATE_LEAF on slice (31892, 1) (remaining tasks 15)
2025-04-17 12:05:43,819 [DEBUG]  		 created leaf IdentityNumericLeaf for scope=[6] (in 0.00104 secs)
2025-04-17 12:05:43,819 [DEBUG]  OP: Operation.CREATE_LEAF on slice (31892, 1) (remaining tasks 14)
2025-04-17 12:05:43,820 [DEBUG]  		 created leaf IdentityNumericLeaf for scope=[7] (in 0.00118 secs)
2025-04-17 12:05:43,820 [DEBUG]  OP: Operation.CREATE_LEAF on slice (31892, 1) (remaining tasks 13)
2025-04-17 12:05:43,821 [DEBUG]  		 created leaf IdentityNumericLeaf for scope=[8] (in 0.00132 secs)
2025-04-17 12:05:43,821 [DEBUG]  OP: Operation.CREATE_LEAF on slice (31892, 1) (remaining tasks 12)
2025-04-17 12:05:43,823 [DEBUG]  		 created leaf IdentityNumericLeaf for scope=[9] (in 0.00121 secs)
2025-04-17 12:05:43,823 [DEBUG]  OP: Operation.CREATE_LEAF on slice (31892, 1) (remaining tasks 11)
2025-04-17 12:05:43,824 [DEBUG]  		 created leaf IdentityNumericLeaf for scope=[10] (in 0.00112 secs)
2025-04-17 12:05:43,824 [DEBUG]  OP: Operation.CREATE_LEAF on slice (31892, 1) (remaining tasks 10)
2025-04-17 12:05:43,825 [DEBUG]  		 created leaf IdentityNumericLeaf for scope=[11] (in 0.00095 secs)
2025-04-17 12:05:43,825 [DEBUG]  OP: Operation.CREATE_LEAF on slice (31892, 1) (remaining tasks 9)
2025-04-17 12:05:43,826 [DEBUG]  		 created leaf IdentityNumericLeaf for scope=[12] (in 0.00098 secs)
2025-04-17 12:05:43,826 [DEBUG]  OP: Operation.CREATE_LEAF on slice (31892, 1) (remaining tasks 8)
2025-04-17 12:05:43,828 [DEBUG]  		 created leaf IdentityNumericLeaf for scope=[13] (in 0.00112 secs)
2025-04-17 12:05:43,828 [DEBUG]  OP: Operation.CREATE_LEAF on slice (31892, 1) (remaining tasks 7)
2025-04-17 12:05:43,829 [DEBUG]  		 created leaf IdentityNumericLeaf for scope=[14] (in 0.00147 secs)
2025-04-17 12:05:43,829 [DEBUG]  OP: Operation.CREATE_LEAF on slice (31892, 1) (remaining tasks 6)
2025-04-17 12:05:43,831 [DEBUG]  		 created leaf IdentityNumericLeaf for scope=[15] (in 0.00155 secs)
2025-04-17 12:05:43,831 [DEBUG]  OP: Operation.CREATE_LEAF on slice (31892, 1) (remaining tasks 5)
2025-04-17 12:05:43,832 [DEBUG]  		 created leaf IdentityNumericLeaf for scope=[16] (in 0.00143 secs)
2025-04-17 12:05:43,833 [DEBUG]  OP: Operation.CREATE_LEAF on slice (31892, 1) (remaining tasks 4)
2025-04-17 12:05:43,834 [DEBUG]  		 created leaf IdentityNumericLeaf for scope=[17] (in 0.00122 secs)
2025-04-17 12:05:43,834 [DEBUG]  OP: Operation.CREATE_LEAF on slice (31892, 1) (remaining tasks 3)
2025-04-17 12:05:43,835 [DEBUG]  		 created leaf IdentityNumericLeaf for scope=[18] (in 0.00126 secs)
2025-04-17 12:05:43,835 [DEBUG]  OP: Operation.CREATE_LEAF on slice (31892, 1) (remaining tasks 2)
2025-04-17 12:05:43,837 [DEBUG]  		 created leaf IdentityNumericLeaf for scope=[19] (in 0.00157 secs)
2025-04-17 12:05:43,837 [DEBUG]  OP: Operation.CREATE_LEAF on slice (31892, 1) (remaining tasks 1)
2025-04-17 12:05:43,839 [DEBUG]  		 created leaf IdentityNumericLeaf for scope=[20] (in 0.00150 secs)
2025-04-17 12:05:43,839 [DEBUG]  OP: Operation.CREATE_LEAF on slice (31892, 1) (remaining tasks 0)
2025-04-17 12:05:43,840 [DEBUG]  		 created leaf IdentityNumericLeaf for scope=[21] (in 0.00164 secs)
2025-04-17 12:05:43,851 [DEBUG]  Built SPN in 20.099643977358937 sec
2025-04-17 12:05:43,851 [INFO ]  Saving ensemble to /home/dafn/card/deepcard/collected_temp_benchmarks/spn_ensembles/Diabetes Health Indicators Dataset/ensemble_single_diabetes_binary_health_indicators_brfss2015_10000000.pkl
