2025-04-17 19:09:39,062 [INFO ]  Creating naive ensemble.
2025-04-17 19:09:39,062 [INFO ]  Learning SPN for diabetes_012_health_indicators_brfss2015.
2025-04-17 19:09:39,063 [DEBUG]  generate_join_sample(single_table=diabetes_012_health_indicators_brfss2015, relationship_list=None, split_condition=None)
2025-04-17 19:09:39,162 [DEBUG]  Using min_instance_slice parameter 2536.8.
2025-04-17 19:09:39,163 [INFO ]  SPN training phase with 253680 samples
2025-04-17 19:09:39,323 [DEBUG]  Built domains in 0.16079434007406235 sec
2025-04-17 19:09:39,717 [DEBUG]  CACHEDIR=/home/dafn/.cache/matplotlib
2025-04-17 19:09:39,719 [DEBUG]  Using fontManager instance from /home/dafn/.cache/matplotlib/fontlist-v300.json
2025-04-17 19:09:39,817 [DEBUG]  Loaded backend qt5agg version unknown.
2025-04-17 19:09:39,850 [DEBUG]  Loaded backend qt5agg version unknown.
2025-04-17 19:09:39,851 [DEBUG]  Loaded backend qt4agg version unknown.
2025-04-17 19:09:39,858 [DEBUG]  Loaded backend tkagg version unknown.
2025-04-17 19:09:39,858 [DEBUG]  Loaded backend agg version unknown.
2025-04-17 19:09:39,858 [DEBUG]  Loaded backend agg version unknown.
2025-04-17 19:09:39,881 [DEBUG]  OP: Operation.SPLIT_ROWS on slice (253680, 22) (remaining tasks 0)
2025-04-17 19:09:40,888 [DEBUG]  		found 2 row clusters (in 1.00632 secs)
2025-04-17 19:09:40,919 [DEBUG]  OP: Operation.SPLIT_COLUMNS on slice (221790, 22) (remaining tasks 1)
2025-04-17 19:09:52,230 [DEBUG]  		found 21 col clusters (in 11.31097 secs)
2025-04-17 19:09:52,235 [DEBUG]  OP: Operation.SPLIT_COLUMNS on slice (31890, 22) (remaining tasks 21)
2025-04-17 19:10:04,369 [DEBUG]  		found 21 col clusters (in 12.13340 secs)
2025-04-17 19:10:04,377 [DEBUG]  OP: Operation.CREATE_LEAF on slice (221790, 1) (remaining tasks 41)
2025-04-17 19:10:04,468 [DEBUG]  		 created leaf IdentityNumericLeaf for scope=[0] (in 0.09011 secs)
2025-04-17 19:10:04,470 [DEBUG]  OP: Operation.CREATE_LEAF on slice (221790, 1) (remaining tasks 40)
2025-04-17 19:10:04,511 [DEBUG]  		 created leaf IdentityNumericLeaf for scope=[1] (in 0.04025 secs)
2025-04-17 19:10:04,514 [DEBUG]  OP: Operation.CREATE_LEAF on slice (221790, 1) (remaining tasks 39)
2025-04-17 19:10:04,521 [DEBUG]  		 created leaf IdentityNumericLeaf for scope=[2] (in 0.00725 secs)
2025-04-17 19:10:04,522 [DEBUG]  OP: Operation.CREATE_LEAF on slice (221790, 1) (remaining tasks 38)
2025-04-17 19:10:04,527 [DEBUG]  		 created leaf IdentityNumericLeaf for scope=[3] (in 0.00550 secs)
2025-04-17 19:10:04,527 [DEBUG]  OP: Operation.CREATE_LEAF on slice (221790, 1) (remaining tasks 37)
2025-04-17 19:10:04,538 [DEBUG]  		 created leaf IdentityNumericLeaf for scope=[4] (in 0.01020 secs)
2025-04-17 19:10:04,538 [DEBUG]  OP: Operation.CREATE_LEAF on slice (221790, 1) (remaining tasks 36)
2025-04-17 19:10:04,545 [DEBUG]  		 created leaf IdentityNumericLeaf for scope=[5] (in 0.00705 secs)
2025-04-17 19:10:04,545 [DEBUG]  OP: Operation.CREATE_LEAF on slice (221790, 1) (remaining tasks 35)
2025-04-17 19:10:04,550 [DEBUG]  		 created leaf IdentityNumericLeaf for scope=[6] (in 0.00544 secs)
2025-04-17 19:10:04,550 [DEBUG]  OP: Operation.CREATE_LEAF on slice (221790, 1) (remaining tasks 34)
2025-04-17 19:10:04,557 [DEBUG]  		 created leaf IdentityNumericLeaf for scope=[7] (in 0.00597 secs)
2025-04-17 19:10:04,557 [DEBUG]  OP: Operation.CREATE_LEAF on slice (221790, 1) (remaining tasks 33)
2025-04-17 19:10:04,563 [DEBUG]  		 created leaf IdentityNumericLeaf for scope=[8] (in 0.00661 secs)
2025-04-17 19:10:04,563 [DEBUG]  OP: Operation.CREATE_LEAF on slice (221790, 1) (remaining tasks 32)
2025-04-17 19:10:04,571 [DEBUG]  		 created leaf IdentityNumericLeaf for scope=[9] (in 0.00731 secs)
2025-04-17 19:10:04,571 [DEBUG]  OP: Operation.CREATE_LEAF on slice (221790, 1) (remaining tasks 31)
2025-04-17 19:10:04,577 [DEBUG]  		 created leaf IdentityNumericLeaf for scope=[10] (in 0.00605 secs)
2025-04-17 19:10:04,577 [DEBUG]  OP: Operation.CREATE_LEAF on slice (221790, 1) (remaining tasks 30)
2025-04-17 19:10:04,583 [DEBUG]  		 created leaf IdentityNumericLeaf for scope=[11] (in 0.00580 secs)
2025-04-17 19:10:04,583 [DEBUG]  OP: Operation.CREATE_LEAF on slice (221790, 1) (remaining tasks 29)
2025-04-17 19:10:04,589 [DEBUG]  		 created leaf IdentityNumericLeaf for scope=[12] (in 0.00563 secs)
2025-04-17 19:10:04,589 [DEBUG]  OP: Operation.CREATE_LEAF on slice (221790, 1) (remaining tasks 28)
2025-04-17 19:10:04,595 [DEBUG]  		 created leaf IdentityNumericLeaf for scope=[13] (in 0.00581 secs)
2025-04-17 19:10:04,595 [DEBUG]  OP: Operation.CREATE_LEAF on slice (221790, 1) (remaining tasks 27)
2025-04-17 19:10:04,603 [DEBUG]  		 created leaf IdentityNumericLeaf for scope=[14] (in 0.00810 secs)
2025-04-17 19:10:04,603 [DEBUG]  OP: Operation.CREATE_LEAF on slice (221790, 1) (remaining tasks 26)
2025-04-17 19:10:04,611 [DEBUG]  		 created leaf IdentityNumericLeaf for scope=[15] (in 0.00732 secs)
2025-04-17 19:10:04,611 [DEBUG]  OP: Operation.CREATE_LEAF on slice (221790, 1) (remaining tasks 25)
2025-04-17 19:10:04,618 [DEBUG]  		 created leaf IdentityNumericLeaf for scope=[16] (in 0.00740 secs)
2025-04-17 19:10:04,618 [DEBUG]  OP: Operation.CREATE_LEAF on slice (221790, 1) (remaining tasks 24)
2025-04-17 19:10:04,624 [DEBUG]  		 created leaf IdentityNumericLeaf for scope=[17] (in 0.00606 secs)
2025-04-17 19:10:04,624 [DEBUG]  OP: Operation.CREATE_LEAF on slice (221790, 1) (remaining tasks 23)
2025-04-17 19:10:04,632 [DEBUG]  		 created leaf IdentityNumericLeaf for scope=[18] (in 0.00724 secs)
2025-04-17 19:10:04,632 [DEBUG]  OP: Operation.CREATE_LEAF on slice (221790, 1) (remaining tasks 22)
2025-04-17 19:10:04,641 [DEBUG]  		 created leaf IdentityNumericLeaf for scope=[19] (in 0.00929 secs)
2025-04-17 19:10:04,643 [DEBUG]  OP: Operation.SPLIT_COLUMNS on slice (221790, 2) (remaining tasks 21)
2025-04-17 19:10:04,753 [DEBUG]  		found 1 col clusters (in 0.11017 secs)
2025-04-17 19:10:04,753 [DEBUG]  OP: Operation.CREATE_LEAF on slice (31890, 1) (remaining tasks 21)
2025-04-17 19:10:04,755 [DEBUG]  		 created leaf IdentityNumericLeaf for scope=[0] (in 0.00176 secs)
2025-04-17 19:10:04,755 [DEBUG]  OP: Operation.CREATE_LEAF on slice (31890, 1) (remaining tasks 20)
2025-04-17 19:10:04,757 [DEBUG]  		 created leaf IdentityNumericLeaf for scope=[1] (in 0.00170 secs)
2025-04-17 19:10:04,758 [DEBUG]  OP: Operation.CREATE_LEAF on slice (31890, 1) (remaining tasks 19)
2025-04-17 19:10:04,759 [DEBUG]  		 created leaf IdentityNumericLeaf for scope=[2] (in 0.00170 secs)
2025-04-17 19:10:04,760 [DEBUG]  OP: Operation.CREATE_LEAF on slice (31890, 1) (remaining tasks 18)
2025-04-17 19:10:04,761 [DEBUG]  		 created leaf IdentityNumericLeaf for scope=[3] (in 0.00132 secs)
2025-04-17 19:10:04,761 [DEBUG]  OP: Operation.CREATE_LEAF on slice (31890, 1) (remaining tasks 17)
2025-04-17 19:10:04,764 [DEBUG]  		 created leaf IdentityNumericLeaf for scope=[4] (in 0.00258 secs)
2025-04-17 19:10:04,764 [DEBUG]  OP: Operation.CREATE_LEAF on slice (31890, 1) (remaining tasks 16)
2025-04-17 19:10:04,766 [DEBUG]  		 created leaf IdentityNumericLeaf for scope=[5] (in 0.00179 secs)
2025-04-17 19:10:04,767 [DEBUG]  OP: Operation.CREATE_LEAF on slice (31890, 1) (remaining tasks 15)
2025-04-17 19:10:04,768 [DEBUG]  		 created leaf IdentityNumericLeaf for scope=[6] (in 0.00154 secs)
2025-04-17 19:10:04,769 [DEBUG]  OP: Operation.CREATE_LEAF on slice (31890, 1) (remaining tasks 14)
2025-04-17 19:10:04,771 [DEBUG]  		 created leaf IdentityNumericLeaf for scope=[7] (in 0.00183 secs)
2025-04-17 19:10:04,771 [DEBUG]  OP: Operation.CREATE_LEAF on slice (31890, 1) (remaining tasks 13)
2025-04-17 19:10:04,773 [DEBUG]  		 created leaf IdentityNumericLeaf for scope=[8] (in 0.00187 secs)
2025-04-17 19:10:04,773 [DEBUG]  OP: Operation.CREATE_LEAF on slice (31890, 1) (remaining tasks 12)
2025-04-17 19:10:04,775 [DEBUG]  		 created leaf IdentityNumericLeaf for scope=[9] (in 0.00171 secs)
2025-04-17 19:10:04,775 [DEBUG]  OP: Operation.CREATE_LEAF on slice (31890, 1) (remaining tasks 11)
2025-04-17 19:10:04,777 [DEBUG]  		 created leaf IdentityNumericLeaf for scope=[10] (in 0.00156 secs)
2025-04-17 19:10:04,777 [DEBUG]  OP: Operation.CREATE_LEAF on slice (31890, 1) (remaining tasks 10)
2025-04-17 19:10:04,779 [DEBUG]  		 created leaf IdentityNumericLeaf for scope=[11] (in 0.00133 secs)
2025-04-17 19:10:04,779 [DEBUG]  OP: Operation.CREATE_LEAF on slice (31890, 1) (remaining tasks 9)
2025-04-17 19:10:04,781 [DEBUG]  		 created leaf IdentityNumericLeaf for scope=[12] (in 0.00137 secs)
2025-04-17 19:10:04,781 [DEBUG]  OP: Operation.CREATE_LEAF on slice (31890, 1) (remaining tasks 8)
2025-04-17 19:10:04,783 [DEBUG]  		 created leaf IdentityNumericLeaf for scope=[13] (in 0.00161 secs)
2025-04-17 19:10:04,783 [DEBUG]  OP: Operation.CREATE_LEAF on slice (31890, 1) (remaining tasks 7)
2025-04-17 19:10:04,785 [DEBUG]  		 created leaf IdentityNumericLeaf for scope=[14] (in 0.00203 secs)
2025-04-17 19:10:04,785 [DEBUG]  OP: Operation.CREATE_LEAF on slice (31890, 1) (remaining tasks 6)
2025-04-17 19:10:04,788 [DEBUG]  		 created leaf IdentityNumericLeaf for scope=[15] (in 0.00229 secs)
2025-04-17 19:10:04,788 [DEBUG]  OP: Operation.CREATE_LEAF on slice (31890, 1) (remaining tasks 5)
2025-04-17 19:10:04,790 [DEBUG]  		 created leaf IdentityNumericLeaf for scope=[16] (in 0.00208 secs)
2025-04-17 19:10:04,790 [DEBUG]  OP: Operation.CREATE_LEAF on slice (31890, 1) (remaining tasks 4)
2025-04-17 19:10:04,792 [DEBUG]  		 created leaf IdentityNumericLeaf for scope=[17] (in 0.00174 secs)
2025-04-17 19:10:04,793 [DEBUG]  OP: Operation.CREATE_LEAF on slice (31890, 1) (remaining tasks 3)
2025-04-17 19:10:04,795 [DEBUG]  		 created leaf IdentityNumericLeaf for scope=[18] (in 0.00177 secs)
2025-04-17 19:10:04,795 [DEBUG]  OP: Operation.CREATE_LEAF on slice (31890, 1) (remaining tasks 2)
2025-04-17 19:10:04,797 [DEBUG]  		 created leaf IdentityNumericLeaf for scope=[19] (in 0.00220 secs)
2025-04-17 19:10:04,798 [DEBUG]  OP: Operation.SPLIT_COLUMNS on slice (31890, 2) (remaining tasks 1)
2025-04-17 19:10:04,937 [DEBUG]  		found 1 col clusters (in 0.13866 secs)
2025-04-17 19:10:04,939 [DEBUG]  OP: Operation.SPLIT_ROWS on slice (221790, 2) (remaining tasks 1)
2025-04-17 19:10:05,299 [DEBUG]  		found 2 row clusters (in 0.36046 secs)
2025-04-17 19:10:05,300 [DEBUG]  OP: Operation.SPLIT_ROWS on slice (31890, 2) (remaining tasks 2)
2025-04-17 19:10:05,415 [DEBUG]  		found 2 row clusters (in 0.11486 secs)
2025-04-17 19:10:05,419 [DEBUG]  OP: Operation.SPLIT_COLUMNS on slice (64471, 2) (remaining tasks 3)
2025-04-17 19:10:05,527 [DEBUG]  		found 2 col clusters (in 0.10855 secs)
2025-04-17 19:10:05,548 [DEBUG]  OP: Operation.SPLIT_COLUMNS on slice (157319, 2) (remaining tasks 4)
2025-04-17 19:10:05,749 [DEBUG]  		found 2 col clusters (in 0.20123 secs)
2025-04-17 19:10:05,752 [DEBUG]  OP: Operation.SPLIT_COLUMNS on slice (15563, 2) (remaining tasks 5)
2025-04-17 19:10:05,975 [DEBUG]  		found 2 col clusters (in 0.22357 secs)
2025-04-17 19:10:05,977 [DEBUG]  OP: Operation.SPLIT_COLUMNS on slice (16327, 2) (remaining tasks 6)
2025-04-17 19:10:06,089 [DEBUG]  		found 2 col clusters (in 0.11111 secs)
2025-04-17 19:10:06,089 [DEBUG]  OP: Operation.CREATE_LEAF on slice (64471, 1) (remaining tasks 7)
2025-04-17 19:10:06,093 [DEBUG]  		 created leaf IdentityNumericLeaf for scope=[20] (in 0.00386 secs)
2025-04-17 19:10:06,093 [DEBUG]  OP: Operation.CREATE_LEAF on slice (64471, 1) (remaining tasks 6)
2025-04-17 19:10:06,098 [DEBUG]  		 created leaf IdentityNumericLeaf for scope=[21] (in 0.00397 secs)
2025-04-17 19:10:06,098 [DEBUG]  OP: Operation.CREATE_LEAF on slice (157319, 1) (remaining tasks 5)
2025-04-17 19:10:06,106 [DEBUG]  		 created leaf IdentityNumericLeaf for scope=[20] (in 0.00849 secs)
2025-04-17 19:10:06,109 [DEBUG]  OP: Operation.CREATE_LEAF on slice (157319, 1) (remaining tasks 4)
2025-04-17 19:10:06,117 [DEBUG]  		 created leaf IdentityNumericLeaf for scope=[21] (in 0.00814 secs)
2025-04-17 19:10:06,126 [DEBUG]  OP: Operation.CREATE_LEAF on slice (15563, 1) (remaining tasks 3)
2025-04-17 19:10:06,127 [DEBUG]  		 created leaf IdentityNumericLeaf for scope=[20] (in 0.00110 secs)
2025-04-17 19:10:06,127 [DEBUG]  OP: Operation.CREATE_LEAF on slice (15563, 1) (remaining tasks 2)
2025-04-17 19:10:06,128 [DEBUG]  		 created leaf IdentityNumericLeaf for scope=[21] (in 0.00120 secs)
2025-04-17 19:10:06,128 [DEBUG]  OP: Operation.CREATE_LEAF on slice (16327, 1) (remaining tasks 1)
2025-04-17 19:10:06,130 [DEBUG]  		 created leaf IdentityNumericLeaf for scope=[20] (in 0.00119 secs)
2025-04-17 19:10:06,130 [DEBUG]  OP: Operation.CREATE_LEAF on slice (16327, 1) (remaining tasks 0)
2025-04-17 19:10:06,131 [DEBUG]  		 created leaf IdentityNumericLeaf for scope=[21] (in 0.00126 secs)
2025-04-17 19:10:06,167 [DEBUG]  Built SPN in 26.843680235557258 sec
2025-04-17 19:10:06,169 [INFO ]  Saving ensemble to /home/dafn/card/deepcard/collected_temp_benchmarks/spn_ensembles/Diabetes Health Indicators Dataset/ensemble_single_diabetes_012_health_indicators_brfss2015_10000000.pkl
