2025-04-16 16:30:10,460 [INFO ]  Generating HDF files for tables in /home/dafn/card/deepcard/collected_datasets/Diabetes Health Indicators Dataset and store to path /home/dafn/card/deepcard/collected_temp_benchmarks/gen_single_light/Diabetes Health Indicators Dataset
2025-04-16 16:30:10,460 [INFO ]  Preparing hdf file for table diabetes_012_health_indicators_brfss2015
2025-04-16 16:30:10,937 [INFO ]  Managing functional dependencies for table diabetes_012_health_indicators_brfss2015
2025-04-16 16:30:10,950 [INFO ]  Preparing multipliers for table diabetes_012_health_indicators_brfss2015
2025-04-16 16:30:10,950 [INFO ]  Preparing categorical values and null values for table diabetes_012_health_indicators_brfss2015
2025-04-16 16:30:10,951 [DEBUG]  		Preparing numerical values for column f1
2025-04-16 16:30:10,956 [DEBUG]  		Preparing numerical values for column f2
2025-04-16 16:30:10,960 [DEBUG]  		Preparing numerical values for column f3
2025-04-16 16:30:10,964 [DEBUG]  		Preparing numerical values for column f4
2025-04-16 16:30:10,967 [DEBUG]  		Preparing numerical values for column f5
2025-04-16 16:30:10,971 [DEBUG]  		Preparing numerical values for column f6
2025-04-16 16:30:10,975 [DEBUG]  		Preparing numerical values for column f7
2025-04-16 16:30:10,979 [DEBUG]  		Preparing numerical values for column f8
2025-04-16 16:30:10,983 [DEBUG]  		Preparing numerical values for column f9
2025-04-16 16:30:10,987 [DEBUG]  		Preparing numerical values for column f10
2025-04-16 16:30:10,990 [DEBUG]  		Preparing numerical values for column f11
2025-04-16 16:30:10,994 [DEBUG]  		Preparing numerical values for column f12
2025-04-16 16:30:10,998 [DEBUG]  		Preparing numerical values for column f13
2025-04-16 16:30:11,002 [DEBUG]  		Preparing numerical values for column f14
2025-04-16 16:30:11,006 [DEBUG]  		Preparing numerical values for column f15
2025-04-16 16:30:11,010 [DEBUG]  		Preparing numerical values for column f16
2025-04-16 16:30:11,013 [DEBUG]  		Preparing numerical values for column f17
2025-04-16 16:30:11,017 [DEBUG]  		Preparing numerical values for column f18
2025-04-16 16:30:11,021 [DEBUG]  		Preparing numerical values for column f19
2025-04-16 16:30:11,025 [DEBUG]  		Preparing numerical values for column f20
2025-04-16 16:30:11,029 [DEBUG]  		Preparing numerical values for column f21
2025-04-16 16:30:11,032 [DEBUG]  		Preparing numerical values for column f22
2025-04-16 16:30:11,036 [INFO ]  Relevant attributes for table diabetes_012_health_indicators_brfss2015 are ['f1', 'f2', 'f3', 'f4', 'f5', 'f6', 'f7', 'f8', 'f9', 'f10', 'f11', 'f12', 'f13', 'f14', 'f15', 'f16', 'f17', 'f18', 'f19', 'f20', 'f21', 'f22']
2025-04-16 16:30:11,036 [INFO ]  NULL values for table diabetes_012_health_indicators_brfss2015 are [0.29702131819615263, 0.4291011037527594, 0.4242209397666351, 0.9627695048880479, 28.382463607694735, 0.44326855881425414, 0.04067079785556607, 0.09428558814254179, 0.7566436770734783, 0.6343557552822453, 0.811519899085462, 0.05629678334910123, 0.9511525070955534, 0.08427691579943236, 2.5114923052664775, 3.1848721538946707, 4.242180573951434, 0.16832374645222326, 0.44044216335540837, 8.032219205298013, 5.050533617155471, 6.053974960580258]
2025-04-16 16:30:11,223 [INFO ]  Adding table parts without join partners for table diabetes_012_health_indicators_brfss2015
2025-04-16 16:30:11,223 [INFO ]  Files successfully created
