2025-04-17 19:13:04,066 [INFO ]  Creating naive ensemble.
2025-04-17 19:13:04,066 [INFO ]  Learning SPN for diabetes_012_health_indicators_brfss2015.
2025-04-17 19:13:04,066 [DEBUG]  generate_join_sample(single_table=diabetes_012_health_indicators_brfss2015, relationship_list=None, split_condition=None)
2025-04-17 19:13:04,172 [DEBUG]  Using min_instance_slice parameter 2536.8.
2025-04-17 19:13:04,172 [INFO ]  SPN training phase with 253680 samples
2025-04-17 19:13:04,340 [DEBUG]  Built domains in 0.16831628512591124 sec
2025-04-17 19:13:04,790 [DEBUG]  CACHEDIR=/home/dafn/.cache/matplotlib
2025-04-17 19:13:04,792 [DEBUG]  Using fontManager instance from /home/dafn/.cache/matplotlib/fontlist-v300.json
2025-04-17 19:13:04,898 [DEBUG]  Loaded backend qt5agg version unknown.
2025-04-17 19:13:04,932 [DEBUG]  Loaded backend qt5agg version unknown.
2025-04-17 19:13:04,932 [DEBUG]  Loaded backend qt4agg version unknown.
2025-04-17 19:13:04,940 [DEBUG]  Loaded backend tkagg version unknown.
2025-04-17 19:13:04,940 [DEBUG]  Loaded backend agg version unknown.
2025-04-17 19:13:04,940 [DEBUG]  Loaded backend agg version unknown.
2025-04-17 19:13:04,965 [DEBUG]  OP: Operation.SPLIT_ROWS on slice (253680, 22) (remaining tasks 0)
2025-04-17 19:13:05,991 [DEBUG]  		found 2 row clusters (in 1.02552 secs)
2025-04-17 19:13:06,023 [DEBUG]  OP: Operation.SPLIT_COLUMNS on slice (221790, 22) (remaining tasks 1)
2025-04-17 19:13:15,825 [DEBUG]  		found 22 col clusters (in 9.80256 secs)
2025-04-17 19:13:15,830 [DEBUG]  OP: Operation.SPLIT_COLUMNS on slice (31890, 22) (remaining tasks 22)
2025-04-17 19:13:26,474 [DEBUG]  		found 22 col clusters (in 10.64401 secs)
2025-04-17 19:13:26,481 [DEBUG]  OP: Operation.CREATE_LEAF on slice (221790, 1) (remaining tasks 43)
2025-04-17 19:13:26,530 [DEBUG]  		 created leaf IdentityNumericLeaf for scope=[0] (in 0.04759 secs)
2025-04-17 19:13:26,556 [DEBUG]  OP: Operation.CREATE_LEAF on slice (221790, 1) (remaining tasks 42)
2025-04-17 19:13:26,583 [DEBUG]  		 created leaf IdentityNumericLeaf for scope=[1] (in 0.02621 secs)
2025-04-17 19:13:26,584 [DEBUG]  OP: Operation.CREATE_LEAF on slice (221790, 1) (remaining tasks 41)
2025-04-17 19:13:26,596 [DEBUG]  		 created leaf IdentityNumericLeaf for scope=[2] (in 0.01197 secs)
2025-04-17 19:13:26,596 [DEBUG]  OP: Operation.CREATE_LEAF on slice (221790, 1) (remaining tasks 40)
2025-04-17 19:13:26,602 [DEBUG]  		 created leaf IdentityNumericLeaf for scope=[3] (in 0.00568 secs)
2025-04-17 19:13:26,602 [DEBUG]  OP: Operation.CREATE_LEAF on slice (221790, 1) (remaining tasks 39)
2025-04-17 19:13:26,613 [DEBUG]  		 created leaf IdentityNumericLeaf for scope=[4] (in 0.01085 secs)
2025-04-17 19:13:26,613 [DEBUG]  OP: Operation.CREATE_LEAF on slice (221790, 1) (remaining tasks 38)
2025-04-17 19:13:26,620 [DEBUG]  		 created leaf IdentityNumericLeaf for scope=[5] (in 0.00765 secs)
2025-04-17 19:13:26,621 [DEBUG]  OP: Operation.CREATE_LEAF on slice (221790, 1) (remaining tasks 37)
2025-04-17 19:13:26,626 [DEBUG]  		 created leaf IdentityNumericLeaf for scope=[6] (in 0.00569 secs)
2025-04-17 19:13:26,626 [DEBUG]  OP: Operation.CREATE_LEAF on slice (221790, 1) (remaining tasks 36)
2025-04-17 19:13:26,633 [DEBUG]  		 created leaf IdentityNumericLeaf for scope=[7] (in 0.00617 secs)
2025-04-17 19:13:26,633 [DEBUG]  OP: Operation.CREATE_LEAF on slice (221790, 1) (remaining tasks 35)
2025-04-17 19:13:26,640 [DEBUG]  		 created leaf IdentityNumericLeaf for scope=[8] (in 0.00678 secs)
2025-04-17 19:13:26,640 [DEBUG]  OP: Operation.CREATE_LEAF on slice (221790, 1) (remaining tasks 34)
2025-04-17 19:13:26,647 [DEBUG]  		 created leaf IdentityNumericLeaf for scope=[9] (in 0.00729 secs)
2025-04-17 19:13:26,647 [DEBUG]  OP: Operation.CREATE_LEAF on slice (221790, 1) (remaining tasks 33)
2025-04-17 19:13:26,654 [DEBUG]  		 created leaf IdentityNumericLeaf for scope=[10] (in 0.00632 secs)
2025-04-17 19:13:26,654 [DEBUG]  OP: Operation.CREATE_LEAF on slice (221790, 1) (remaining tasks 32)
2025-04-17 19:13:26,660 [DEBUG]  		 created leaf IdentityNumericLeaf for scope=[11] (in 0.00608 secs)
2025-04-17 19:13:26,660 [DEBUG]  OP: Operation.CREATE_LEAF on slice (221790, 1) (remaining tasks 31)
2025-04-17 19:13:26,666 [DEBUG]  		 created leaf IdentityNumericLeaf for scope=[12] (in 0.00590 secs)
2025-04-17 19:13:26,666 [DEBUG]  OP: Operation.CREATE_LEAF on slice (221790, 1) (remaining tasks 30)
2025-04-17 19:13:26,673 [DEBUG]  		 created leaf IdentityNumericLeaf for scope=[13] (in 0.00636 secs)
2025-04-17 19:13:26,673 [DEBUG]  OP: Operation.CREATE_LEAF on slice (221790, 1) (remaining tasks 29)
2025-04-17 19:13:26,681 [DEBUG]  		 created leaf IdentityNumericLeaf for scope=[14] (in 0.00848 secs)
2025-04-17 19:13:26,681 [DEBUG]  OP: Operation.CREATE_LEAF on slice (221790, 1) (remaining tasks 28)
2025-04-17 19:13:26,689 [DEBUG]  		 created leaf IdentityNumericLeaf for scope=[15] (in 0.00767 secs)
2025-04-17 19:13:26,689 [DEBUG]  OP: Operation.CREATE_LEAF on slice (221790, 1) (remaining tasks 27)
2025-04-17 19:13:26,697 [DEBUG]  		 created leaf IdentityNumericLeaf for scope=[16] (in 0.00769 secs)
2025-04-17 19:13:26,697 [DEBUG]  OP: Operation.CREATE_LEAF on slice (221790, 1) (remaining tasks 26)
2025-04-17 19:13:26,704 [DEBUG]  		 created leaf IdentityNumericLeaf for scope=[17] (in 0.00643 secs)
2025-04-17 19:13:26,704 [DEBUG]  OP: Operation.CREATE_LEAF on slice (221790, 1) (remaining tasks 25)
2025-04-17 19:13:26,711 [DEBUG]  		 created leaf IdentityNumericLeaf for scope=[18] (in 0.00758 secs)
2025-04-17 19:13:26,711 [DEBUG]  OP: Operation.CREATE_LEAF on slice (221790, 1) (remaining tasks 24)
2025-04-17 19:13:26,721 [DEBUG]  		 created leaf IdentityNumericLeaf for scope=[19] (in 0.00984 secs)
2025-04-17 19:13:26,721 [DEBUG]  OP: Operation.CREATE_LEAF on slice (221790, 1) (remaining tasks 23)
2025-04-17 19:13:26,730 [DEBUG]  		 created leaf IdentityNumericLeaf for scope=[20] (in 0.00840 secs)
2025-04-17 19:13:26,730 [DEBUG]  OP: Operation.CREATE_LEAF on slice (221790, 1) (remaining tasks 22)
2025-04-17 19:13:26,739 [DEBUG]  		 created leaf IdentityNumericLeaf for scope=[21] (in 0.00918 secs)
2025-04-17 19:13:26,739 [DEBUG]  OP: Operation.CREATE_LEAF on slice (31890, 1) (remaining tasks 21)
2025-04-17 19:13:26,741 [DEBUG]  		 created leaf IdentityNumericLeaf for scope=[0] (in 0.00135 secs)
2025-04-17 19:13:26,741 [DEBUG]  OP: Operation.CREATE_LEAF on slice (31890, 1) (remaining tasks 20)
2025-04-17 19:13:26,742 [DEBUG]  		 created leaf IdentityNumericLeaf for scope=[1] (in 0.00127 secs)
2025-04-17 19:13:26,742 [DEBUG]  OP: Operation.CREATE_LEAF on slice (31890, 1) (remaining tasks 19)
2025-04-17 19:13:26,744 [DEBUG]  		 created leaf IdentityNumericLeaf for scope=[2] (in 0.00130 secs)
2025-04-17 19:13:26,744 [DEBUG]  OP: Operation.CREATE_LEAF on slice (31890, 1) (remaining tasks 18)
2025-04-17 19:13:26,745 [DEBUG]  		 created leaf IdentityNumericLeaf for scope=[3] (in 0.00096 secs)
2025-04-17 19:13:26,745 [DEBUG]  OP: Operation.CREATE_LEAF on slice (31890, 1) (remaining tasks 17)
2025-04-17 19:13:26,747 [DEBUG]  		 created leaf IdentityNumericLeaf for scope=[4] (in 0.00178 secs)
2025-04-17 19:13:26,747 [DEBUG]  OP: Operation.CREATE_LEAF on slice (31890, 1) (remaining tasks 16)
2025-04-17 19:13:26,749 [DEBUG]  		 created leaf IdentityNumericLeaf for scope=[5] (in 0.00147 secs)
2025-04-17 19:13:26,749 [DEBUG]  OP: Operation.CREATE_LEAF on slice (31890, 1) (remaining tasks 15)
2025-04-17 19:13:26,750 [DEBUG]  		 created leaf IdentityNumericLeaf for scope=[6] (in 0.00114 secs)
2025-04-17 19:13:26,750 [DEBUG]  OP: Operation.CREATE_LEAF on slice (31890, 1) (remaining tasks 14)
2025-04-17 19:13:26,751 [DEBUG]  		 created leaf IdentityNumericLeaf for scope=[7] (in 0.00118 secs)
2025-04-17 19:13:26,751 [DEBUG]  OP: Operation.CREATE_LEAF on slice (31890, 1) (remaining tasks 13)
2025-04-17 19:13:26,753 [DEBUG]  		 created leaf IdentityNumericLeaf for scope=[8] (in 0.00146 secs)
2025-04-17 19:13:26,753 [DEBUG]  OP: Operation.CREATE_LEAF on slice (31890, 1) (remaining tasks 12)
2025-04-17 19:13:26,754 [DEBUG]  		 created leaf IdentityNumericLeaf for scope=[9] (in 0.00133 secs)
2025-04-17 19:13:26,754 [DEBUG]  OP: Operation.CREATE_LEAF on slice (31890, 1) (remaining tasks 11)
2025-04-17 19:13:26,756 [DEBUG]  		 created leaf IdentityNumericLeaf for scope=[10] (in 0.00124 secs)
2025-04-17 19:13:26,756 [DEBUG]  OP: Operation.CREATE_LEAF on slice (31890, 1) (remaining tasks 10)
2025-04-17 19:13:26,757 [DEBUG]  		 created leaf IdentityNumericLeaf for scope=[11] (in 0.00099 secs)
2025-04-17 19:13:26,757 [DEBUG]  OP: Operation.CREATE_LEAF on slice (31890, 1) (remaining tasks 9)
2025-04-17 19:13:26,758 [DEBUG]  		 created leaf IdentityNumericLeaf for scope=[12] (in 0.00099 secs)
2025-04-17 19:13:26,758 [DEBUG]  OP: Operation.CREATE_LEAF on slice (31890, 1) (remaining tasks 8)
2025-04-17 19:13:26,760 [DEBUG]  		 created leaf IdentityNumericLeaf for scope=[13] (in 0.00131 secs)
2025-04-17 19:13:26,760 [DEBUG]  OP: Operation.CREATE_LEAF on slice (31890, 1) (remaining tasks 7)
2025-04-17 19:13:26,761 [DEBUG]  		 created leaf IdentityNumericLeaf for scope=[14] (in 0.00147 secs)
2025-04-17 19:13:26,761 [DEBUG]  OP: Operation.CREATE_LEAF on slice (31890, 1) (remaining tasks 6)
2025-04-17 19:13:26,763 [DEBUG]  		 created leaf IdentityNumericLeaf for scope=[15] (in 0.00170 secs)
2025-04-17 19:13:26,763 [DEBUG]  OP: Operation.CREATE_LEAF on slice (31890, 1) (remaining tasks 5)
2025-04-17 19:13:26,765 [DEBUG]  		 created leaf IdentityNumericLeaf for scope=[16] (in 0.00167 secs)
2025-04-17 19:13:26,765 [DEBUG]  OP: Operation.CREATE_LEAF on slice (31890, 1) (remaining tasks 4)
2025-04-17 19:13:26,767 [DEBUG]  		 created leaf IdentityNumericLeaf for scope=[17] (in 0.00132 secs)
2025-04-17 19:13:26,767 [DEBUG]  OP: Operation.CREATE_LEAF on slice (31890, 1) (remaining tasks 3)
2025-04-17 19:13:26,768 [DEBUG]  		 created leaf IdentityNumericLeaf for scope=[18] (in 0.00143 secs)
2025-04-17 19:13:26,768 [DEBUG]  OP: Operation.CREATE_LEAF on slice (31890, 1) (remaining tasks 2)
2025-04-17 19:13:26,770 [DEBUG]  		 created leaf IdentityNumericLeaf for scope=[19] (in 0.00160 secs)
2025-04-17 19:13:26,770 [DEBUG]  OP: Operation.CREATE_LEAF on slice (31890, 1) (remaining tasks 1)
2025-04-17 19:13:26,772 [DEBUG]  		 created leaf IdentityNumericLeaf for scope=[20] (in 0.00156 secs)
2025-04-17 19:13:26,772 [DEBUG]  OP: Operation.CREATE_LEAF on slice (31890, 1) (remaining tasks 0)
2025-04-17 19:13:26,774 [DEBUG]  		 created leaf IdentityNumericLeaf for scope=[21] (in 0.00170 secs)
2025-04-17 19:13:26,785 [DEBUG]  Built SPN in 22.444544224999845 sec
2025-04-17 19:13:26,785 [INFO ]  Saving ensemble to /home/dafn/card/deepcard/collected_temp_benchmarks/spn_ensembles/Diabetes Health Indicators Dataset/ensemble_single_diabetes_012_health_indicators_brfss2015_10000000.pkl
