2025-04-17 18:10:01,984 [INFO ]  Creating naive ensemble.
2025-04-17 18:10:01,984 [INFO ]  Learning SPN for diabetes_binary_5050split_health_indicators_brfss2015.
2025-04-17 18:10:01,984 [DEBUG]  generate_join_sample(single_table=diabetes_binary_5050split_health_indicators_brfss2015, relationship_list=None, split_condition=None)
2025-04-17 18:10:02,027 [DEBUG]  Using min_instance_slice parameter 706.92.
2025-04-17 18:10:02,027 [INFO ]  SPN training phase with 70692 samples
2025-04-17 18:10:02,070 [DEBUG]  Built domains in 0.04277403838932514 sec
2025-04-17 18:10:02,434 [DEBUG]  CACHEDIR=/home/dafn/.cache/matplotlib
2025-04-17 18:10:02,436 [DEBUG]  Using fontManager instance from /home/dafn/.cache/matplotlib/fontlist-v300.json
2025-04-17 18:10:02,530 [DEBUG]  Loaded backend qt5agg version unknown.
2025-04-17 18:10:02,561 [DEBUG]  Loaded backend qt5agg version unknown.
2025-04-17 18:10:02,562 [DEBUG]  Loaded backend qt4agg version unknown.
2025-04-17 18:10:02,569 [DEBUG]  Loaded backend tkagg version unknown.
2025-04-17 18:10:02,569 [DEBUG]  Loaded backend agg version unknown.
2025-04-17 18:10:02,569 [DEBUG]  Loaded backend agg version unknown.
2025-04-17 18:10:02,578 [DEBUG]  OP: Operation.SPLIT_ROWS on slice (70692, 22) (remaining tasks 0)
2025-04-17 18:10:03,228 [DEBUG]  		found 2 row clusters (in 0.64996 secs)
2025-04-17 18:10:03,236 [DEBUG]  OP: Operation.SPLIT_COLUMNS on slice (58044, 22) (remaining tasks 1)
2025-04-17 18:10:13,847 [DEBUG]  		found 22 col clusters (in 10.61014 secs)
2025-04-17 18:10:13,873 [DEBUG]  OP: Operation.SPLIT_COLUMNS on slice (12648, 22) (remaining tasks 22)
2025-04-17 18:10:23,661 [DEBUG]  		found 22 col clusters (in 9.78743 secs)
2025-04-17 18:10:23,661 [DEBUG]  OP: Operation.CREATE_LEAF on slice (58044, 1) (remaining tasks 43)
2025-04-17 18:10:23,664 [DEBUG]  		 created leaf IdentityNumericLeaf for scope=[0] (in 0.00269 secs)
2025-04-17 18:10:23,664 [DEBUG]  OP: Operation.CREATE_LEAF on slice (58044, 1) (remaining tasks 42)
2025-04-17 18:10:23,689 [DEBUG]  		 created leaf IdentityNumericLeaf for scope=[1] (in 0.02443 secs)
2025-04-17 18:10:23,692 [DEBUG]  OP: Operation.CREATE_LEAF on slice (58044, 1) (remaining tasks 41)
2025-04-17 18:10:23,696 [DEBUG]  		 created leaf IdentityNumericLeaf for scope=[2] (in 0.00315 secs)
2025-04-17 18:10:23,730 [DEBUG]  OP: Operation.CREATE_LEAF on slice (58044, 1) (remaining tasks 40)
2025-04-17 18:10:23,734 [DEBUG]  		 created leaf IdentityNumericLeaf for scope=[3] (in 0.00226 secs)
2025-04-17 18:10:23,763 [DEBUG]  OP: Operation.CREATE_LEAF on slice (58044, 1) (remaining tasks 39)
2025-04-17 18:10:23,769 [DEBUG]  		 created leaf IdentityNumericLeaf for scope=[4] (in 0.00434 secs)
2025-04-17 18:10:23,817 [DEBUG]  OP: Operation.CREATE_LEAF on slice (58044, 1) (remaining tasks 38)
2025-04-17 18:10:23,821 [DEBUG]  		 created leaf IdentityNumericLeaf for scope=[5] (in 0.00299 secs)
2025-04-17 18:10:23,833 [DEBUG]  OP: Operation.CREATE_LEAF on slice (58044, 1) (remaining tasks 37)
2025-04-17 18:10:23,835 [DEBUG]  		 created leaf IdentityNumericLeaf for scope=[6] (in 0.00232 secs)
2025-04-17 18:10:23,836 [DEBUG]  OP: Operation.CREATE_LEAF on slice (58044, 1) (remaining tasks 36)
2025-04-17 18:10:23,838 [DEBUG]  		 created leaf IdentityNumericLeaf for scope=[7] (in 0.00237 secs)
2025-04-17 18:10:23,838 [DEBUG]  OP: Operation.CREATE_LEAF on slice (58044, 1) (remaining tasks 35)
2025-04-17 18:10:23,840 [DEBUG]  		 created leaf IdentityNumericLeaf for scope=[8] (in 0.00195 secs)
2025-04-17 18:10:23,841 [DEBUG]  OP: Operation.CREATE_LEAF on slice (58044, 1) (remaining tasks 34)
2025-04-17 18:10:23,843 [DEBUG]  		 created leaf IdentityNumericLeaf for scope=[9] (in 0.00206 secs)
2025-04-17 18:10:23,843 [DEBUG]  OP: Operation.CREATE_LEAF on slice (58044, 1) (remaining tasks 33)
2025-04-17 18:10:23,845 [DEBUG]  		 created leaf IdentityNumericLeaf for scope=[10] (in 0.00173 secs)
2025-04-17 18:10:23,845 [DEBUG]  OP: Operation.CREATE_LEAF on slice (58044, 1) (remaining tasks 32)
2025-04-17 18:10:23,847 [DEBUG]  		 created leaf IdentityNumericLeaf for scope=[11] (in 0.00148 secs)
2025-04-17 18:10:23,847 [DEBUG]  OP: Operation.CREATE_LEAF on slice (58044, 1) (remaining tasks 31)
2025-04-17 18:10:23,848 [DEBUG]  		 created leaf IdentityNumericLeaf for scope=[12] (in 0.00156 secs)
2025-04-17 18:10:23,849 [DEBUG]  OP: Operation.CREATE_LEAF on slice (58044, 1) (remaining tasks 30)
2025-04-17 18:10:23,850 [DEBUG]  		 created leaf IdentityNumericLeaf for scope=[13] (in 0.00155 secs)
2025-04-17 18:10:23,850 [DEBUG]  OP: Operation.CREATE_LEAF on slice (58044, 1) (remaining tasks 29)
2025-04-17 18:10:23,853 [DEBUG]  		 created leaf IdentityNumericLeaf for scope=[14] (in 0.00238 secs)
2025-04-17 18:10:23,853 [DEBUG]  OP: Operation.CREATE_LEAF on slice (58044, 1) (remaining tasks 28)
2025-04-17 18:10:23,855 [DEBUG]  		 created leaf IdentityNumericLeaf for scope=[15] (in 0.00207 secs)
2025-04-17 18:10:23,856 [DEBUG]  OP: Operation.CREATE_LEAF on slice (58044, 1) (remaining tasks 27)
2025-04-17 18:10:23,858 [DEBUG]  		 created leaf IdentityNumericLeaf for scope=[16] (in 0.00208 secs)
2025-04-17 18:10:23,858 [DEBUG]  OP: Operation.CREATE_LEAF on slice (58044, 1) (remaining tasks 26)
2025-04-17 18:10:23,860 [DEBUG]  		 created leaf IdentityNumericLeaf for scope=[17] (in 0.00190 secs)
2025-04-17 18:10:23,860 [DEBUG]  OP: Operation.CREATE_LEAF on slice (58044, 1) (remaining tasks 25)
2025-04-17 18:10:23,862 [DEBUG]  		 created leaf IdentityNumericLeaf for scope=[18] (in 0.00203 secs)
2025-04-17 18:10:23,862 [DEBUG]  OP: Operation.CREATE_LEAF on slice (58044, 1) (remaining tasks 24)
2025-04-17 18:10:23,865 [DEBUG]  		 created leaf IdentityNumericLeaf for scope=[19] (in 0.00273 secs)
2025-04-17 18:10:23,865 [DEBUG]  OP: Operation.CREATE_LEAF on slice (58044, 1) (remaining tasks 23)
2025-04-17 18:10:23,868 [DEBUG]  		 created leaf IdentityNumericLeaf for scope=[20] (in 0.00227 secs)
2025-04-17 18:10:23,868 [DEBUG]  OP: Operation.CREATE_LEAF on slice (58044, 1) (remaining tasks 22)
2025-04-17 18:10:23,870 [DEBUG]  		 created leaf IdentityNumericLeaf for scope=[21] (in 0.00250 secs)
2025-04-17 18:10:23,870 [DEBUG]  OP: Operation.CREATE_LEAF on slice (12648, 1) (remaining tasks 21)
2025-04-17 18:10:23,871 [DEBUG]  		 created leaf IdentityNumericLeaf for scope=[0] (in 0.00046 secs)
2025-04-17 18:10:23,871 [DEBUG]  OP: Operation.CREATE_LEAF on slice (12648, 1) (remaining tasks 20)
2025-04-17 18:10:23,872 [DEBUG]  		 created leaf IdentityNumericLeaf for scope=[1] (in 0.00057 secs)
2025-04-17 18:10:23,872 [DEBUG]  OP: Operation.CREATE_LEAF on slice (12648, 1) (remaining tasks 19)
2025-04-17 18:10:23,872 [DEBUG]  		 created leaf IdentityNumericLeaf for scope=[2] (in 0.00057 secs)
2025-04-17 18:10:23,872 [DEBUG]  OP: Operation.CREATE_LEAF on slice (12648, 1) (remaining tasks 18)
2025-04-17 18:10:23,873 [DEBUG]  		 created leaf IdentityNumericLeaf for scope=[3] (in 0.00043 secs)
2025-04-17 18:10:23,873 [DEBUG]  OP: Operation.CREATE_LEAF on slice (12648, 1) (remaining tasks 17)
2025-04-17 18:10:23,874 [DEBUG]  		 created leaf IdentityNumericLeaf for scope=[4] (in 0.00091 secs)
2025-04-17 18:10:23,874 [DEBUG]  OP: Operation.CREATE_LEAF on slice (12648, 1) (remaining tasks 16)
2025-04-17 18:10:23,875 [DEBUG]  		 created leaf IdentityNumericLeaf for scope=[5] (in 0.00058 secs)
2025-04-17 18:10:23,875 [DEBUG]  OP: Operation.CREATE_LEAF on slice (12648, 1) (remaining tasks 15)
2025-04-17 18:10:23,875 [DEBUG]  		 created leaf IdentityNumericLeaf for scope=[6] (in 0.00054 secs)
2025-04-17 18:10:23,875 [DEBUG]  OP: Operation.CREATE_LEAF on slice (12648, 1) (remaining tasks 14)
2025-04-17 18:10:23,876 [DEBUG]  		 created leaf IdentityNumericLeaf for scope=[7] (in 0.00059 secs)
2025-04-17 18:10:23,876 [DEBUG]  OP: Operation.CREATE_LEAF on slice (12648, 1) (remaining tasks 13)
2025-04-17 18:10:23,877 [DEBUG]  		 created leaf IdentityNumericLeaf for scope=[8] (in 0.00060 secs)
2025-04-17 18:10:23,877 [DEBUG]  OP: Operation.CREATE_LEAF on slice (12648, 1) (remaining tasks 12)
2025-04-17 18:10:23,878 [DEBUG]  		 created leaf IdentityNumericLeaf for scope=[9] (in 0.00063 secs)
2025-04-17 18:10:23,878 [DEBUG]  OP: Operation.CREATE_LEAF on slice (12648, 1) (remaining tasks 11)
2025-04-17 18:10:23,878 [DEBUG]  		 created leaf IdentityNumericLeaf for scope=[10] (in 0.00052 secs)
2025-04-17 18:10:23,878 [DEBUG]  OP: Operation.CREATE_LEAF on slice (12648, 1) (remaining tasks 10)
2025-04-17 18:10:23,879 [DEBUG]  		 created leaf IdentityNumericLeaf for scope=[11] (in 0.00045 secs)
2025-04-17 18:10:23,879 [DEBUG]  OP: Operation.CREATE_LEAF on slice (12648, 1) (remaining tasks 9)
2025-04-17 18:10:23,880 [DEBUG]  		 created leaf IdentityNumericLeaf for scope=[12] (in 0.00047 secs)
2025-04-17 18:10:23,880 [DEBUG]  OP: Operation.CREATE_LEAF on slice (12648, 1) (remaining tasks 8)
2025-04-17 18:10:23,880 [DEBUG]  		 created leaf IdentityNumericLeaf for scope=[13] (in 0.00055 secs)
2025-04-17 18:10:23,880 [DEBUG]  OP: Operation.CREATE_LEAF on slice (12648, 1) (remaining tasks 7)
2025-04-17 18:10:23,881 [DEBUG]  		 created leaf IdentityNumericLeaf for scope=[14] (in 0.00066 secs)
2025-04-17 18:10:23,881 [DEBUG]  OP: Operation.CREATE_LEAF on slice (12648, 1) (remaining tasks 6)
2025-04-17 18:10:23,882 [DEBUG]  		 created leaf IdentityNumericLeaf for scope=[15] (in 0.00076 secs)
2025-04-17 18:10:23,882 [DEBUG]  OP: Operation.CREATE_LEAF on slice (12648, 1) (remaining tasks 5)
2025-04-17 18:10:23,883 [DEBUG]  		 created leaf IdentityNumericLeaf for scope=[16] (in 0.00068 secs)
2025-04-17 18:10:23,883 [DEBUG]  OP: Operation.CREATE_LEAF on slice (12648, 1) (remaining tasks 4)
2025-04-17 18:10:23,884 [DEBUG]  		 created leaf IdentityNumericLeaf for scope=[17] (in 0.00057 secs)
2025-04-17 18:10:23,884 [DEBUG]  OP: Operation.CREATE_LEAF on slice (12648, 1) (remaining tasks 3)
2025-04-17 18:10:23,884 [DEBUG]  		 created leaf IdentityNumericLeaf for scope=[18] (in 0.00057 secs)
2025-04-17 18:10:23,884 [DEBUG]  OP: Operation.CREATE_LEAF on slice (12648, 1) (remaining tasks 2)
2025-04-17 18:10:23,885 [DEBUG]  		 created leaf IdentityNumericLeaf for scope=[19] (in 0.00081 secs)
2025-04-17 18:10:23,885 [DEBUG]  OP: Operation.CREATE_LEAF on slice (12648, 1) (remaining tasks 1)
2025-04-17 18:10:23,886 [DEBUG]  		 created leaf IdentityNumericLeaf for scope=[20] (in 0.00071 secs)
2025-04-17 18:10:23,886 [DEBUG]  OP: Operation.CREATE_LEAF on slice (12648, 1) (remaining tasks 0)
2025-04-17 18:10:23,887 [DEBUG]  		 created leaf IdentityNumericLeaf for scope=[21] (in 0.00080 secs)
2025-04-17 18:10:23,894 [DEBUG]  Built SPN in 21.8238627333194 sec
2025-04-17 18:10:23,894 [INFO ]  Saving ensemble to /home/dafn/card/deepcard/collected_temp_benchmarks/spn_ensembles/Diabetes Health Indicators Dataset/ensemble_single_diabetes_binary_5050split_health_indicators_brfss2015_10000000.pkl
