2025-04-17 13:30:09,833 [INFO ]  Creating naive ensemble.
2025-04-17 13:30:09,833 [INFO ]  Learning SPN for diabetes_binary_5050split_health_indicators_brfss2015.
2025-04-17 13:30:09,833 [DEBUG]  generate_join_sample(single_table=diabetes_binary_5050split_health_indicators_brfss2015, relationship_list=None, split_condition=None)
2025-04-17 13:30:09,877 [DEBUG]  Using min_instance_slice parameter 706.92.
2025-04-17 13:30:09,877 [INFO ]  SPN training phase with 70692 samples
2025-04-17 13:30:09,921 [DEBUG]  Built domains in 0.04359618108719587 sec
2025-04-17 13:30:10,287 [DEBUG]  CACHEDIR=/home/dafn/.cache/matplotlib
2025-04-17 13:30:10,289 [DEBUG]  Using fontManager instance from /home/dafn/.cache/matplotlib/fontlist-v300.json
2025-04-17 13:30:10,386 [DEBUG]  Loaded backend qt5agg version unknown.
2025-04-17 13:30:10,418 [DEBUG]  Loaded backend qt5agg version unknown.
2025-04-17 13:30:10,419 [DEBUG]  Loaded backend qt4agg version unknown.
2025-04-17 13:30:10,426 [DEBUG]  Loaded backend tkagg version unknown.
2025-04-17 13:30:10,426 [DEBUG]  Loaded backend agg version unknown.
2025-04-17 13:30:10,427 [DEBUG]  Loaded backend agg version unknown.
2025-04-17 13:30:10,435 [DEBUG]  OP: Operation.SPLIT_ROWS on slice (70692, 22) (remaining tasks 0)
2025-04-17 13:30:11,088 [DEBUG]  		found 2 row clusters (in 0.65227 secs)
2025-04-17 13:30:11,097 [DEBUG]  OP: Operation.SPLIT_COLUMNS on slice (58044, 22) (remaining tasks 1)
2025-04-17 13:30:19,260 [DEBUG]  		found 18 col clusters (in 8.16285 secs)
2025-04-17 13:30:19,269 [DEBUG]  OP: Operation.SPLIT_COLUMNS on slice (12648, 22) (remaining tasks 18)
2025-04-17 13:30:28,285 [DEBUG]  		found 21 col clusters (in 8.99725 secs)
2025-04-17 13:30:28,286 [DEBUG]  OP: Operation.SPLIT_COLUMNS on slice (58044, 4) (remaining tasks 38)
2025-04-17 13:30:28,658 [DEBUG]  		found 1 col clusters (in 0.37191 secs)
2025-04-17 13:30:28,658 [DEBUG]  OP: Operation.CREATE_LEAF on slice (58044, 1) (remaining tasks 38)
2025-04-17 13:30:28,662 [DEBUG]  		 created leaf IdentityNumericLeaf for scope=[2] (in 0.00320 secs)
2025-04-17 13:30:28,662 [DEBUG]  OP: Operation.CREATE_LEAF on slice (58044, 1) (remaining tasks 37)
2025-04-17 13:30:28,665 [DEBUG]  		 created leaf IdentityNumericLeaf for scope=[3] (in 0.00230 secs)
2025-04-17 13:30:28,665 [DEBUG]  OP: Operation.CREATE_LEAF on slice (58044, 1) (remaining tasks 36)
2025-04-17 13:30:28,669 [DEBUG]  		 created leaf IdentityNumericLeaf for scope=[4] (in 0.00436 secs)
2025-04-17 13:30:28,670 [DEBUG]  OP: Operation.CREATE_LEAF on slice (58044, 1) (remaining tasks 35)
2025-04-17 13:30:28,673 [DEBUG]  		 created leaf IdentityNumericLeaf for scope=[5] (in 0.00299 secs)
2025-04-17 13:30:28,673 [DEBUG]  OP: Operation.CREATE_LEAF on slice (58044, 1) (remaining tasks 34)
2025-04-17 13:30:28,676 [DEBUG]  		 created leaf IdentityNumericLeaf for scope=[6] (in 0.00234 secs)
2025-04-17 13:30:28,676 [DEBUG]  OP: Operation.CREATE_LEAF on slice (58044, 1) (remaining tasks 33)
2025-04-17 13:30:28,679 [DEBUG]  		 created leaf IdentityNumericLeaf for scope=[7] (in 0.00256 secs)
2025-04-17 13:30:28,679 [DEBUG]  OP: Operation.CREATE_LEAF on slice (58044, 1) (remaining tasks 32)
2025-04-17 13:30:28,682 [DEBUG]  		 created leaf IdentityNumericLeaf for scope=[8] (in 0.00281 secs)
2025-04-17 13:30:28,682 [DEBUG]  OP: Operation.CREATE_LEAF on slice (58044, 1) (remaining tasks 31)
2025-04-17 13:30:28,686 [DEBUG]  		 created leaf IdentityNumericLeaf for scope=[9] (in 0.00349 secs)
2025-04-17 13:30:28,686 [DEBUG]  OP: Operation.CREATE_LEAF on slice (58044, 1) (remaining tasks 30)
2025-04-17 13:30:28,689 [DEBUG]  		 created leaf IdentityNumericLeaf for scope=[10] (in 0.00266 secs)
2025-04-17 13:30:28,689 [DEBUG]  OP: Operation.CREATE_LEAF on slice (58044, 1) (remaining tasks 29)
2025-04-17 13:30:28,692 [DEBUG]  		 created leaf IdentityNumericLeaf for scope=[11] (in 0.00233 secs)
2025-04-17 13:30:28,692 [DEBUG]  OP: Operation.CREATE_LEAF on slice (58044, 1) (remaining tasks 28)
2025-04-17 13:30:28,694 [DEBUG]  		 created leaf IdentityNumericLeaf for scope=[12] (in 0.00233 secs)
2025-04-17 13:30:28,694 [DEBUG]  OP: Operation.CREATE_LEAF on slice (58044, 1) (remaining tasks 27)
2025-04-17 13:30:28,697 [DEBUG]  		 created leaf IdentityNumericLeaf for scope=[13] (in 0.00244 secs)
2025-04-17 13:30:28,697 [DEBUG]  OP: Operation.CREATE_LEAF on slice (58044, 1) (remaining tasks 26)
2025-04-17 13:30:28,701 [DEBUG]  		 created leaf IdentityNumericLeaf for scope=[15] (in 0.00320 secs)
2025-04-17 13:30:28,701 [DEBUG]  OP: Operation.CREATE_LEAF on slice (58044, 1) (remaining tasks 25)
2025-04-17 13:30:28,704 [DEBUG]  		 created leaf IdentityNumericLeaf for scope=[16] (in 0.00327 secs)
2025-04-17 13:30:28,705 [DEBUG]  OP: Operation.CREATE_LEAF on slice (58044, 1) (remaining tasks 24)
2025-04-17 13:30:28,708 [DEBUG]  		 created leaf IdentityNumericLeaf for scope=[17] (in 0.00287 secs)
2025-04-17 13:30:28,708 [DEBUG]  OP: Operation.CREATE_LEAF on slice (58044, 1) (remaining tasks 23)
2025-04-17 13:30:28,711 [DEBUG]  		 created leaf IdentityNumericLeaf for scope=[18] (in 0.00321 secs)
2025-04-17 13:30:28,712 [DEBUG]  OP: Operation.SPLIT_COLUMNS on slice (58044, 2) (remaining tasks 22)
2025-04-17 13:30:28,919 [DEBUG]  		found 1 col clusters (in 0.20714 secs)
2025-04-17 13:30:28,920 [DEBUG]  OP: Operation.CREATE_LEAF on slice (12648, 1) (remaining tasks 22)
2025-04-17 13:30:28,921 [DEBUG]  		 created leaf IdentityNumericLeaf for scope=[0] (in 0.00064 secs)
2025-04-17 13:30:28,921 [DEBUG]  OP: Operation.CREATE_LEAF on slice (12648, 1) (remaining tasks 21)
2025-04-17 13:30:28,922 [DEBUG]  		 created leaf IdentityNumericLeaf for scope=[1] (in 0.00081 secs)
2025-04-17 13:30:28,922 [DEBUG]  OP: Operation.CREATE_LEAF on slice (12648, 1) (remaining tasks 20)
2025-04-17 13:30:28,923 [DEBUG]  		 created leaf IdentityNumericLeaf for scope=[2] (in 0.00081 secs)
2025-04-17 13:30:28,923 [DEBUG]  OP: Operation.CREATE_LEAF on slice (12648, 1) (remaining tasks 19)
2025-04-17 13:30:28,924 [DEBUG]  		 created leaf IdentityNumericLeaf for scope=[3] (in 0.00067 secs)
2025-04-17 13:30:28,924 [DEBUG]  OP: Operation.CREATE_LEAF on slice (12648, 1) (remaining tasks 18)
2025-04-17 13:30:28,926 [DEBUG]  		 created leaf IdentityNumericLeaf for scope=[4] (in 0.00122 secs)
2025-04-17 13:30:28,926 [DEBUG]  OP: Operation.CREATE_LEAF on slice (12648, 1) (remaining tasks 17)
2025-04-17 13:30:28,926 [DEBUG]  		 created leaf IdentityNumericLeaf for scope=[5] (in 0.00076 secs)
2025-04-17 13:30:28,927 [DEBUG]  OP: Operation.CREATE_LEAF on slice (12648, 1) (remaining tasks 16)
2025-04-17 13:30:28,927 [DEBUG]  		 created leaf IdentityNumericLeaf for scope=[6] (in 0.00074 secs)
2025-04-17 13:30:28,928 [DEBUG]  OP: Operation.CREATE_LEAF on slice (12648, 1) (remaining tasks 15)
2025-04-17 13:30:28,928 [DEBUG]  		 created leaf IdentityNumericLeaf for scope=[7] (in 0.00086 secs)
2025-04-17 13:30:28,929 [DEBUG]  OP: Operation.CREATE_LEAF on slice (12648, 1) (remaining tasks 14)
2025-04-17 13:30:28,929 [DEBUG]  		 created leaf IdentityNumericLeaf for scope=[8] (in 0.00079 secs)
2025-04-17 13:30:28,930 [DEBUG]  OP: Operation.CREATE_LEAF on slice (12648, 1) (remaining tasks 13)
2025-04-17 13:30:28,930 [DEBUG]  		 created leaf IdentityNumericLeaf for scope=[9] (in 0.00081 secs)
2025-04-17 13:30:28,931 [DEBUG]  OP: Operation.CREATE_LEAF on slice (12648, 1) (remaining tasks 12)
2025-04-17 13:30:28,931 [DEBUG]  		 created leaf IdentityNumericLeaf for scope=[10] (in 0.00074 secs)
2025-04-17 13:30:28,931 [DEBUG]  OP: Operation.CREATE_LEAF on slice (12648, 1) (remaining tasks 11)
2025-04-17 13:30:28,932 [DEBUG]  		 created leaf IdentityNumericLeaf for scope=[11] (in 0.00061 secs)
2025-04-17 13:30:28,932 [DEBUG]  OP: Operation.CREATE_LEAF on slice (12648, 1) (remaining tasks 10)
2025-04-17 13:30:28,933 [DEBUG]  		 created leaf IdentityNumericLeaf for scope=[12] (in 0.00063 secs)
2025-04-17 13:30:28,933 [DEBUG]  OP: Operation.CREATE_LEAF on slice (12648, 1) (remaining tasks 9)
2025-04-17 13:30:28,934 [DEBUG]  		 created leaf IdentityNumericLeaf for scope=[13] (in 0.00074 secs)
2025-04-17 13:30:28,934 [DEBUG]  OP: Operation.CREATE_LEAF on slice (12648, 1) (remaining tasks 8)
2025-04-17 13:30:28,935 [DEBUG]  		 created leaf IdentityNumericLeaf for scope=[14] (in 0.00088 secs)
2025-04-17 13:30:28,935 [DEBUG]  OP: Operation.CREATE_LEAF on slice (12648, 1) (remaining tasks 7)
2025-04-17 13:30:28,936 [DEBUG]  		 created leaf IdentityNumericLeaf for scope=[15] (in 0.00097 secs)
2025-04-17 13:30:28,936 [DEBUG]  OP: Operation.CREATE_LEAF on slice (12648, 1) (remaining tasks 6)
2025-04-17 13:30:28,937 [DEBUG]  		 created leaf IdentityNumericLeaf for scope=[16] (in 0.00090 secs)
2025-04-17 13:30:28,937 [DEBUG]  OP: Operation.CREATE_LEAF on slice (12648, 1) (remaining tasks 5)
2025-04-17 13:30:28,938 [DEBUG]  		 created leaf IdentityNumericLeaf for scope=[17] (in 0.00078 secs)
2025-04-17 13:30:28,938 [DEBUG]  OP: Operation.CREATE_LEAF on slice (12648, 1) (remaining tasks 4)
2025-04-17 13:30:28,939 [DEBUG]  		 created leaf IdentityNumericLeaf for scope=[18] (in 0.00076 secs)
2025-04-17 13:30:28,939 [DEBUG]  OP: Operation.CREATE_LEAF on slice (12648, 1) (remaining tasks 3)
2025-04-17 13:30:28,940 [DEBUG]  		 created leaf IdentityNumericLeaf for scope=[19] (in 0.00103 secs)
2025-04-17 13:30:28,941 [DEBUG]  OP: Operation.SPLIT_COLUMNS on slice (12648, 2) (remaining tasks 2)
2025-04-17 13:30:29,052 [DEBUG]  		found 1 col clusters (in 0.11099 secs)
2025-04-17 13:30:29,053 [DEBUG]  OP: Operation.SPLIT_ROWS on slice (58044, 4) (remaining tasks 2)
2025-04-17 13:30:29,275 [DEBUG]  		found 2 row clusters (in 0.22252 secs)
2025-04-17 13:30:29,276 [DEBUG]  OP: Operation.SPLIT_ROWS on slice (58044, 2) (remaining tasks 3)
2025-04-17 13:30:29,448 [DEBUG]  		found 2 row clusters (in 0.17225 secs)
2025-04-17 13:30:29,449 [DEBUG]  OP: Operation.SPLIT_ROWS on slice (12648, 2) (remaining tasks 4)
2025-04-17 13:30:29,509 [DEBUG]  		found 2 row clusters (in 0.06054 secs)
2025-04-17 13:30:29,512 [DEBUG]  OP: Operation.SPLIT_COLUMNS on slice (39111, 4) (remaining tasks 5)
2025-04-17 13:30:29,725 [DEBUG]  		found 3 col clusters (in 0.21342 secs)
2025-04-17 13:30:29,728 [DEBUG]  OP: Operation.SPLIT_COLUMNS on slice (18933, 4) (remaining tasks 7)
2025-04-17 13:30:30,082 [DEBUG]  		found 2 col clusters (in 0.35455 secs)
2025-04-17 13:30:30,087 [DEBUG]  OP: Operation.SPLIT_COLUMNS on slice (37816, 2) (remaining tasks 8)
2025-04-17 13:30:30,276 [DEBUG]  		found 2 col clusters (in 0.18906 secs)
2025-04-17 13:30:30,278 [DEBUG]  OP: Operation.SPLIT_COLUMNS on slice (20228, 2) (remaining tasks 9)
2025-04-17 13:30:30,389 [DEBUG]  		found 2 col clusters (in 0.11091 secs)
2025-04-17 13:30:30,390 [DEBUG]  OP: Operation.SPLIT_COLUMNS on slice (6588, 2) (remaining tasks 10)
2025-04-17 13:30:30,499 [DEBUG]  		found 2 col clusters (in 0.10833 secs)
2025-04-17 13:30:30,501 [DEBUG]  OP: Operation.SPLIT_COLUMNS on slice (6060, 2) (remaining tasks 11)
2025-04-17 13:30:30,609 [DEBUG]  		found 2 col clusters (in 0.10790 secs)
2025-04-17 13:30:30,609 [DEBUG]  OP: Operation.SPLIT_COLUMNS on slice (39111, 2) (remaining tasks 12)
2025-04-17 13:30:30,720 [DEBUG]  		found 1 col clusters (in 0.11106 secs)
2025-04-17 13:30:30,721 [DEBUG]  OP: Operation.CREATE_LEAF on slice (39111, 1) (remaining tasks 12)
2025-04-17 13:30:30,723 [DEBUG]  		 created leaf IdentityNumericLeaf for scope=[1] (in 0.00240 secs)
2025-04-17 13:30:30,723 [DEBUG]  OP: Operation.CREATE_LEAF on slice (39111, 1) (remaining tasks 11)
2025-04-17 13:30:30,726 [DEBUG]  		 created leaf IdentityNumericLeaf for scope=[19] (in 0.00273 secs)
2025-04-17 13:30:30,727 [DEBUG]  OP: Operation.SPLIT_COLUMNS on slice (18933, 3) (remaining tasks 10)
2025-04-17 13:30:30,841 [DEBUG]  		found 1 col clusters (in 0.11376 secs)
2025-04-17 13:30:30,841 [DEBUG]  OP: Operation.CREATE_LEAF on slice (18933, 1) (remaining tasks 10)
2025-04-17 13:30:30,843 [DEBUG]  		 created leaf IdentityNumericLeaf for scope=[19] (in 0.00141 secs)
2025-04-17 13:30:30,843 [DEBUG]  OP: Operation.CREATE_LEAF on slice (37816, 1) (remaining tasks 9)
2025-04-17 13:30:30,846 [DEBUG]  		 created leaf IdentityNumericLeaf for scope=[20] (in 0.00236 secs)
2025-04-17 13:30:30,846 [DEBUG]  OP: Operation.CREATE_LEAF on slice (37816, 1) (remaining tasks 8)
2025-04-17 13:30:30,848 [DEBUG]  		 created leaf IdentityNumericLeaf for scope=[21] (in 0.00232 secs)
2025-04-17 13:30:30,849 [DEBUG]  OP: Operation.CREATE_LEAF on slice (20228, 1) (remaining tasks 7)
2025-04-17 13:30:30,850 [DEBUG]  		 created leaf IdentityNumericLeaf for scope=[20] (in 0.00138 secs)
2025-04-17 13:30:30,850 [DEBUG]  OP: Operation.CREATE_LEAF on slice (20228, 1) (remaining tasks 6)
2025-04-17 13:30:30,852 [DEBUG]  		 created leaf IdentityNumericLeaf for scope=[21] (in 0.00141 secs)
2025-04-17 13:30:30,852 [DEBUG]  OP: Operation.CREATE_LEAF on slice (6588, 1) (remaining tasks 5)
2025-04-17 13:30:30,853 [DEBUG]  		 created leaf IdentityNumericLeaf for scope=[20] (in 0.00066 secs)
2025-04-17 13:30:30,855 [DEBUG]  OP: Operation.CREATE_LEAF on slice (6588, 1) (remaining tasks 4)
2025-04-17 13:30:30,856 [DEBUG]  		 created leaf IdentityNumericLeaf for scope=[21] (in 0.00083 secs)
2025-04-17 13:30:30,857 [DEBUG]  OP: Operation.CREATE_LEAF on slice (6060, 1) (remaining tasks 3)
2025-04-17 13:30:30,858 [DEBUG]  		 created leaf IdentityNumericLeaf for scope=[20] (in 0.00057 secs)
2025-04-17 13:30:30,860 [DEBUG]  OP: Operation.CREATE_LEAF on slice (6060, 1) (remaining tasks 2)
2025-04-17 13:30:30,861 [DEBUG]  		 created leaf IdentityNumericLeaf for scope=[21] (in 0.00058 secs)
2025-04-17 13:30:30,861 [DEBUG]  OP: Operation.SPLIT_ROWS on slice (39111, 2) (remaining tasks 1)
2025-04-17 13:30:31,076 [DEBUG]  		found 2 row clusters (in 0.21500 secs)
2025-04-17 13:30:31,076 [DEBUG]  OP: Operation.SPLIT_ROWS on slice (18933, 3) (remaining tasks 2)
2025-04-17 13:30:31,145 [DEBUG]  		found 2 row clusters (in 0.06828 secs)
2025-04-17 13:30:31,146 [DEBUG]  OP: Operation.SPLIT_COLUMNS on slice (16705, 2) (remaining tasks 3)
2025-04-17 13:30:31,254 [DEBUG]  		found 2 col clusters (in 0.10809 secs)
2025-04-17 13:30:31,257 [DEBUG]  OP: Operation.SPLIT_COLUMNS on slice (22406, 2) (remaining tasks 4)
2025-04-17 13:30:31,368 [DEBUG]  		found 2 col clusters (in 0.11033 secs)
2025-04-17 13:30:31,369 [DEBUG]  OP: Operation.SPLIT_COLUMNS on slice (10635, 3) (remaining tasks 5)
2025-04-17 13:30:31,483 [DEBUG]  		found 3 col clusters (in 0.11328 secs)
2025-04-17 13:30:31,484 [DEBUG]  OP: Operation.SPLIT_COLUMNS on slice (8298, 3) (remaining tasks 7)
2025-04-17 13:30:31,653 [DEBUG]  		found 3 col clusters (in 0.16845 secs)
2025-04-17 13:30:31,653 [DEBUG]  OP: Operation.CREATE_LEAF on slice (16705, 1) (remaining tasks 9)
2025-04-17 13:30:31,654 [DEBUG]  		 created leaf IdentityNumericLeaf for scope=[0] (in 0.00095 secs)
2025-04-17 13:30:31,655 [DEBUG]  OP: Operation.CREATE_LEAF on slice (16705, 1) (remaining tasks 8)
2025-04-17 13:30:31,656 [DEBUG]  		 created leaf IdentityNumericLeaf for scope=[14] (in 0.00104 secs)
2025-04-17 13:30:31,656 [DEBUG]  OP: Operation.CREATE_LEAF on slice (22406, 1) (remaining tasks 7)
2025-04-17 13:30:31,657 [DEBUG]  		 created leaf IdentityNumericLeaf for scope=[0] (in 0.00097 secs)
2025-04-17 13:30:31,658 [DEBUG]  OP: Operation.CREATE_LEAF on slice (22406, 1) (remaining tasks 6)
2025-04-17 13:30:31,659 [DEBUG]  		 created leaf IdentityNumericLeaf for scope=[14] (in 0.00127 secs)
2025-04-17 13:30:31,659 [DEBUG]  OP: Operation.CREATE_LEAF on slice (10635, 1) (remaining tasks 5)
2025-04-17 13:30:31,660 [DEBUG]  		 created leaf IdentityNumericLeaf for scope=[0] (in 0.00064 secs)
2025-04-17 13:30:31,660 [DEBUG]  OP: Operation.CREATE_LEAF on slice (10635, 1) (remaining tasks 4)
2025-04-17 13:30:31,661 [DEBUG]  		 created leaf IdentityNumericLeaf for scope=[1] (in 0.00074 secs)
2025-04-17 13:30:31,662 [DEBUG]  OP: Operation.CREATE_LEAF on slice (10635, 1) (remaining tasks 3)
2025-04-17 13:30:31,662 [DEBUG]  		 created leaf IdentityNumericLeaf for scope=[14] (in 0.00075 secs)
2025-04-17 13:30:31,663 [DEBUG]  OP: Operation.CREATE_LEAF on slice (8298, 1) (remaining tasks 2)
2025-04-17 13:30:31,663 [DEBUG]  		 created leaf IdentityNumericLeaf for scope=[0] (in 0.00060 secs)
2025-04-17 13:30:31,664 [DEBUG]  OP: Operation.CREATE_LEAF on slice (8298, 1) (remaining tasks 1)
2025-04-17 13:30:31,664 [DEBUG]  		 created leaf IdentityNumericLeaf for scope=[1] (in 0.00068 secs)
2025-04-17 13:30:31,665 [DEBUG]  OP: Operation.CREATE_LEAF on slice (8298, 1) (remaining tasks 0)
2025-04-17 13:30:31,666 [DEBUG]  		 created leaf IdentityNumericLeaf for scope=[14] (in 0.00063 secs)
2025-04-17 13:30:31,688 [DEBUG]  Built SPN in 21.76677787862718 sec
2025-04-17 13:30:31,688 [INFO ]  Saving ensemble to /home/dafn/card/deepcard/collected_temp_benchmarks/spn_ensembles/Diabetes Health Indicators Dataset/ensemble_single_diabetes_binary_5050split_health_indicators_brfss2015_10000000.pkl
