2025-04-17 12:03:33,402 [INFO ]  Creating naive ensemble.
2025-04-17 12:03:33,402 [INFO ]  Learning SPN for diabetes_binary_health_indicators_brfss2015.
2025-04-17 12:03:33,402 [DEBUG]  generate_join_sample(single_table=diabetes_binary_health_indicators_brfss2015, relationship_list=None, split_condition=None)
2025-04-17 12:03:33,502 [DEBUG]  Using min_instance_slice parameter 2536.8.
2025-04-17 12:03:33,502 [INFO ]  SPN training phase with 253680 samples
2025-04-17 12:03:33,654 [DEBUG]  Built domains in 0.15197720006108284 sec
2025-04-17 12:03:34,026 [DEBUG]  CACHEDIR=/home/dafn/.cache/matplotlib
2025-04-17 12:03:34,028 [DEBUG]  Using fontManager instance from /home/dafn/.cache/matplotlib/fontlist-v300.json
2025-04-17 12:03:34,124 [DEBUG]  Loaded backend qt5agg version unknown.
2025-04-17 12:03:34,155 [DEBUG]  Loaded backend qt5agg version unknown.
2025-04-17 12:03:34,156 [DEBUG]  Loaded backend qt4agg version unknown.
2025-04-17 12:03:34,163 [DEBUG]  Loaded backend tkagg version unknown.
2025-04-17 12:03:34,163 [DEBUG]  Loaded backend agg version unknown.
2025-04-17 12:03:34,164 [DEBUG]  Loaded backend agg version unknown.
2025-04-17 12:03:34,186 [DEBUG]  OP: Operation.SPLIT_ROWS on slice (253680, 22) (remaining tasks 0)
2025-04-17 12:03:35,129 [DEBUG]  		found 2 row clusters (in 0.94303 secs)
2025-04-17 12:03:35,161 [DEBUG]  OP: Operation.SPLIT_COLUMNS on slice (221788, 22) (remaining tasks 1)
2025-04-17 12:03:43,329 [DEBUG]  		found 20 col clusters (in 8.16819 secs)
2025-04-17 12:03:43,334 [DEBUG]  OP: Operation.SPLIT_COLUMNS on slice (31892, 22) (remaining tasks 20)
2025-04-17 12:03:53,720 [DEBUG]  		found 20 col clusters (in 10.38581 secs)
2025-04-17 12:03:53,723 [DEBUG]  OP: Operation.CREATE_LEAF on slice (221788, 1) (remaining tasks 39)
2025-04-17 12:03:53,804 [DEBUG]  		 created leaf IdentityNumericLeaf for scope=[0] (in 0.07891 secs)
2025-04-17 12:03:53,809 [DEBUG]  OP: Operation.SPLIT_COLUMNS on slice (221788, 2) (remaining tasks 38)
2025-04-17 12:03:53,979 [DEBUG]  		found 1 col clusters (in 0.16535 secs)
2025-04-17 12:03:53,979 [DEBUG]  OP: Operation.CREATE_LEAF on slice (221788, 1) (remaining tasks 38)
2025-04-17 12:03:53,991 [DEBUG]  		 created leaf IdentityNumericLeaf for scope=[2] (in 0.01135 secs)
2025-04-17 12:03:53,991 [DEBUG]  OP: Operation.CREATE_LEAF on slice (221788, 1) (remaining tasks 37)
2025-04-17 12:03:54,000 [DEBUG]  		 created leaf IdentityNumericLeaf for scope=[3] (in 0.00867 secs)
2025-04-17 12:03:54,000 [DEBUG]  OP: Operation.CREATE_LEAF on slice (221788, 1) (remaining tasks 36)
2025-04-17 12:03:54,016 [DEBUG]  		 created leaf IdentityNumericLeaf for scope=[4] (in 0.01564 secs)
2025-04-17 12:03:54,016 [DEBUG]  OP: Operation.CREATE_LEAF on slice (221788, 1) (remaining tasks 35)
2025-04-17 12:03:54,028 [DEBUG]  		 created leaf IdentityNumericLeaf for scope=[5] (in 0.01156 secs)
2025-04-17 12:03:54,028 [DEBUG]  OP: Operation.CREATE_LEAF on slice (221788, 1) (remaining tasks 34)
2025-04-17 12:03:54,037 [DEBUG]  		 created leaf IdentityNumericLeaf for scope=[6] (in 0.00870 secs)
2025-04-17 12:03:54,038 [DEBUG]  OP: Operation.CREATE_LEAF on slice (221788, 1) (remaining tasks 33)
2025-04-17 12:03:54,047 [DEBUG]  		 created leaf IdentityNumericLeaf for scope=[7] (in 0.00930 secs)
2025-04-17 12:03:54,047 [DEBUG]  OP: Operation.CREATE_LEAF on slice (221788, 1) (remaining tasks 32)
2025-04-17 12:03:54,058 [DEBUG]  		 created leaf IdentityNumericLeaf for scope=[8] (in 0.01039 secs)
2025-04-17 12:03:54,058 [DEBUG]  OP: Operation.CREATE_LEAF on slice (221788, 1) (remaining tasks 31)
2025-04-17 12:03:54,069 [DEBUG]  		 created leaf IdentityNumericLeaf for scope=[9] (in 0.01066 secs)
2025-04-17 12:03:54,069 [DEBUG]  OP: Operation.CREATE_LEAF on slice (221788, 1) (remaining tasks 30)
2025-04-17 12:03:54,079 [DEBUG]  		 created leaf IdentityNumericLeaf for scope=[10] (in 0.00973 secs)
2025-04-17 12:03:54,079 [DEBUG]  OP: Operation.CREATE_LEAF on slice (221788, 1) (remaining tasks 29)
2025-04-17 12:03:54,089 [DEBUG]  		 created leaf IdentityNumericLeaf for scope=[11] (in 0.00925 secs)
2025-04-17 12:03:54,089 [DEBUG]  OP: Operation.CREATE_LEAF on slice (221788, 1) (remaining tasks 28)
2025-04-17 12:03:54,098 [DEBUG]  		 created leaf IdentityNumericLeaf for scope=[12] (in 0.00904 secs)
2025-04-17 12:03:54,099 [DEBUG]  OP: Operation.CREATE_LEAF on slice (221788, 1) (remaining tasks 27)
2025-04-17 12:03:54,106 [DEBUG]  		 created leaf IdentityNumericLeaf for scope=[13] (in 0.00681 secs)
2025-04-17 12:03:54,106 [DEBUG]  OP: Operation.CREATE_LEAF on slice (221788, 1) (remaining tasks 26)
2025-04-17 12:03:54,114 [DEBUG]  		 created leaf IdentityNumericLeaf for scope=[14] (in 0.00773 secs)
2025-04-17 12:03:54,114 [DEBUG]  OP: Operation.CREATE_LEAF on slice (221788, 1) (remaining tasks 25)
2025-04-17 12:03:54,121 [DEBUG]  		 created leaf IdentityNumericLeaf for scope=[15] (in 0.00740 secs)
2025-04-17 12:03:54,121 [DEBUG]  OP: Operation.CREATE_LEAF on slice (221788, 1) (remaining tasks 24)
2025-04-17 12:03:54,128 [DEBUG]  		 created leaf IdentityNumericLeaf for scope=[16] (in 0.00713 secs)
2025-04-17 12:03:54,128 [DEBUG]  OP: Operation.CREATE_LEAF on slice (221788, 1) (remaining tasks 23)
2025-04-17 12:03:54,134 [DEBUG]  		 created leaf IdentityNumericLeaf for scope=[17] (in 0.00586 secs)
2025-04-17 12:03:54,134 [DEBUG]  OP: Operation.CREATE_LEAF on slice (221788, 1) (remaining tasks 22)
2025-04-17 12:03:54,141 [DEBUG]  		 created leaf IdentityNumericLeaf for scope=[18] (in 0.00697 secs)
2025-04-17 12:03:54,143 [DEBUG]  OP: Operation.SPLIT_COLUMNS on slice (221788, 2) (remaining tasks 21)
2025-04-17 12:03:54,252 [DEBUG]  		found 1 col clusters (in 0.10916 secs)
2025-04-17 12:03:54,252 [DEBUG]  OP: Operation.CREATE_LEAF on slice (31892, 1) (remaining tasks 21)
2025-04-17 12:03:54,254 [DEBUG]  		 created leaf IdentityNumericLeaf for scope=[0] (in 0.00167 secs)
2025-04-17 12:03:54,254 [DEBUG]  OP: Operation.CREATE_LEAF on slice (31892, 1) (remaining tasks 20)
2025-04-17 12:03:54,256 [DEBUG]  		 created leaf IdentityNumericLeaf for scope=[1] (in 0.00178 secs)
2025-04-17 12:03:54,256 [DEBUG]  OP: Operation.CREATE_LEAF on slice (31892, 1) (remaining tasks 19)
2025-04-17 12:03:54,258 [DEBUG]  		 created leaf IdentityNumericLeaf for scope=[2] (in 0.00171 secs)
2025-04-17 12:03:54,258 [DEBUG]  OP: Operation.CREATE_LEAF on slice (31892, 1) (remaining tasks 18)
2025-04-17 12:03:54,260 [DEBUG]  		 created leaf IdentityNumericLeaf for scope=[3] (in 0.00140 secs)
2025-04-17 12:03:54,260 [DEBUG]  OP: Operation.CREATE_LEAF on slice (31892, 1) (remaining tasks 17)
2025-04-17 12:03:54,263 [DEBUG]  		 created leaf IdentityNumericLeaf for scope=[4] (in 0.00261 secs)
2025-04-17 12:03:54,263 [DEBUG]  OP: Operation.CREATE_LEAF on slice (31892, 1) (remaining tasks 16)
2025-04-17 12:03:54,265 [DEBUG]  		 created leaf IdentityNumericLeaf for scope=[5] (in 0.00182 secs)
2025-04-17 12:03:54,265 [DEBUG]  OP: Operation.CREATE_LEAF on slice (31892, 1) (remaining tasks 15)
2025-04-17 12:03:54,266 [DEBUG]  		 created leaf IdentityNumericLeaf for scope=[6] (in 0.00149 secs)
2025-04-17 12:03:54,267 [DEBUG]  OP: Operation.CREATE_LEAF on slice (31892, 1) (remaining tasks 14)
2025-04-17 12:03:54,268 [DEBUG]  		 created leaf IdentityNumericLeaf for scope=[7] (in 0.00167 secs)
2025-04-17 12:03:54,269 [DEBUG]  OP: Operation.CREATE_LEAF on slice (31892, 1) (remaining tasks 13)
2025-04-17 12:03:54,271 [DEBUG]  		 created leaf IdentityNumericLeaf for scope=[8] (in 0.00186 secs)
2025-04-17 12:03:54,271 [DEBUG]  OP: Operation.CREATE_LEAF on slice (31892, 1) (remaining tasks 12)
2025-04-17 12:03:54,273 [DEBUG]  		 created leaf IdentityNumericLeaf for scope=[9] (in 0.00178 secs)
2025-04-17 12:03:54,273 [DEBUG]  OP: Operation.CREATE_LEAF on slice (31892, 1) (remaining tasks 11)
2025-04-17 12:03:54,274 [DEBUG]  		 created leaf IdentityNumericLeaf for scope=[10] (in 0.00159 secs)
2025-04-17 12:03:54,275 [DEBUG]  OP: Operation.CREATE_LEAF on slice (31892, 1) (remaining tasks 10)
2025-04-17 12:03:54,276 [DEBUG]  		 created leaf IdentityNumericLeaf for scope=[11] (in 0.00136 secs)
2025-04-17 12:03:54,276 [DEBUG]  OP: Operation.CREATE_LEAF on slice (31892, 1) (remaining tasks 9)
2025-04-17 12:03:54,278 [DEBUG]  		 created leaf IdentityNumericLeaf for scope=[12] (in 0.00139 secs)
2025-04-17 12:03:54,278 [DEBUG]  OP: Operation.CREATE_LEAF on slice (31892, 1) (remaining tasks 8)
2025-04-17 12:03:54,280 [DEBUG]  		 created leaf IdentityNumericLeaf for scope=[13] (in 0.00159 secs)
2025-04-17 12:03:54,280 [DEBUG]  OP: Operation.CREATE_LEAF on slice (31892, 1) (remaining tasks 7)
2025-04-17 12:03:54,282 [DEBUG]  		 created leaf IdentityNumericLeaf for scope=[14] (in 0.00208 secs)
2025-04-17 12:03:54,282 [DEBUG]  OP: Operation.SPLIT_COLUMNS on slice (31892, 2) (remaining tasks 6)
2025-04-17 12:03:54,393 [DEBUG]  		found 1 col clusters (in 0.11090 secs)
2025-04-17 12:03:54,394 [DEBUG]  OP: Operation.CREATE_LEAF on slice (31892, 1) (remaining tasks 6)
2025-04-17 12:03:54,395 [DEBUG]  		 created leaf IdentityNumericLeaf for scope=[17] (in 0.00181 secs)
2025-04-17 12:03:54,396 [DEBUG]  OP: Operation.CREATE_LEAF on slice (31892, 1) (remaining tasks 5)
2025-04-17 12:03:54,397 [DEBUG]  		 created leaf IdentityNumericLeaf for scope=[18] (in 0.00175 secs)
2025-04-17 12:03:54,398 [DEBUG]  OP: Operation.CREATE_LEAF on slice (31892, 1) (remaining tasks 4)
2025-04-17 12:03:54,400 [DEBUG]  		 created leaf IdentityNumericLeaf for scope=[19] (in 0.00222 secs)
2025-04-17 12:03:54,400 [DEBUG]  OP: Operation.SPLIT_COLUMNS on slice (31892, 2) (remaining tasks 3)
2025-04-17 12:03:54,512 [DEBUG]  		found 1 col clusters (in 0.11096 secs)
2025-04-17 12:03:54,513 [DEBUG]  OP: Operation.SPLIT_ROWS on slice (221788, 2) (remaining tasks 3)
2025-04-17 12:03:54,777 [DEBUG]  		found 2 row clusters (in 0.26322 secs)
2025-04-17 12:03:54,778 [DEBUG]  OP: Operation.SPLIT_ROWS on slice (221788, 2) (remaining tasks 4)
2025-04-17 12:03:55,107 [DEBUG]  		found 2 row clusters (in 0.32873 secs)
2025-04-17 12:03:55,107 [DEBUG]  OP: Operation.SPLIT_ROWS on slice (31892, 2) (remaining tasks 5)
2025-04-17 12:03:55,217 [DEBUG]  		found 2 row clusters (in 0.10925 secs)
2025-04-17 12:03:55,217 [DEBUG]  OP: Operation.SPLIT_ROWS on slice (31892, 2) (remaining tasks 6)
2025-04-17 12:03:55,342 [DEBUG]  		found 2 row clusters (in 0.12522 secs)
2025-04-17 12:03:55,348 [DEBUG]  OP: Operation.SPLIT_COLUMNS on slice (90580, 2) (remaining tasks 7)
2025-04-17 12:03:55,456 [DEBUG]  		found 2 col clusters (in 0.10842 secs)
2025-04-17 12:03:55,469 [DEBUG]  OP: Operation.SPLIT_COLUMNS on slice (131208, 2) (remaining tasks 8)
2025-04-17 12:03:55,580 [DEBUG]  		found 2 col clusters (in 0.11114 secs)
2025-04-17 12:03:55,587 [DEBUG]  OP: Operation.SPLIT_COLUMNS on slice (64472, 2) (remaining tasks 9)
2025-04-17 12:03:55,698 [DEBUG]  		found 2 col clusters (in 0.11088 secs)
2025-04-17 12:03:55,713 [DEBUG]  OP: Operation.SPLIT_COLUMNS on slice (157316, 2) (remaining tasks 10)
2025-04-17 12:03:55,825 [DEBUG]  		found 2 col clusters (in 0.11130 secs)
2025-04-17 12:03:55,826 [DEBUG]  OP: Operation.SPLIT_COLUMNS on slice (11959, 2) (remaining tasks 11)
2025-04-17 12:03:55,937 [DEBUG]  		found 1 col clusters (in 0.11084 secs)
2025-04-17 12:03:55,940 [DEBUG]  OP: Operation.SPLIT_COLUMNS on slice (19933, 2) (remaining tasks 11)
2025-04-17 12:03:56,051 [DEBUG]  		found 1 col clusters (in 0.11073 secs)
2025-04-17 12:03:56,053 [DEBUG]  OP: Operation.SPLIT_COLUMNS on slice (15564, 2) (remaining tasks 11)
2025-04-17 12:03:56,163 [DEBUG]  		found 2 col clusters (in 0.11056 secs)
2025-04-17 12:03:56,165 [DEBUG]  OP: Operation.SPLIT_COLUMNS on slice (16328, 2) (remaining tasks 12)
2025-04-17 12:03:56,276 [DEBUG]  		found 2 col clusters (in 0.11067 secs)
2025-04-17 12:03:56,276 [DEBUG]  OP: Operation.CREATE_LEAF on slice (90580, 1) (remaining tasks 13)
2025-04-17 12:03:56,281 [DEBUG]  		 created leaf IdentityNumericLeaf for scope=[1] (in 0.00460 secs)
2025-04-17 12:03:56,281 [DEBUG]  OP: Operation.CREATE_LEAF on slice (90580, 1) (remaining tasks 12)
2025-04-17 12:03:56,287 [DEBUG]  		 created leaf IdentityNumericLeaf for scope=[19] (in 0.00561 secs)
2025-04-17 12:03:56,287 [DEBUG]  OP: Operation.CREATE_LEAF on slice (131208, 1) (remaining tasks 11)
2025-04-17 12:03:56,294 [DEBUG]  		 created leaf IdentityNumericLeaf for scope=[1] (in 0.00684 secs)
2025-04-17 12:03:56,294 [DEBUG]  OP: Operation.CREATE_LEAF on slice (131208, 1) (remaining tasks 10)
2025-04-17 12:03:56,303 [DEBUG]  		 created leaf IdentityNumericLeaf for scope=[19] (in 0.00859 secs)
2025-04-17 12:03:56,303 [DEBUG]  OP: Operation.CREATE_LEAF on slice (64472, 1) (remaining tasks 9)
2025-04-17 12:03:56,307 [DEBUG]  		 created leaf IdentityNumericLeaf for scope=[20] (in 0.00399 secs)
2025-04-17 12:03:56,307 [DEBUG]  OP: Operation.CREATE_LEAF on slice (64472, 1) (remaining tasks 8)
2025-04-17 12:03:56,311 [DEBUG]  		 created leaf IdentityNumericLeaf for scope=[21] (in 0.00391 secs)
2025-04-17 12:03:56,311 [DEBUG]  OP: Operation.CREATE_LEAF on slice (157316, 1) (remaining tasks 7)
2025-04-17 12:03:56,320 [DEBUG]  		 created leaf IdentityNumericLeaf for scope=[20] (in 0.00876 secs)
2025-04-17 12:03:56,320 [DEBUG]  OP: Operation.CREATE_LEAF on slice (157316, 1) (remaining tasks 6)
2025-04-17 12:03:56,329 [DEBUG]  		 created leaf IdentityNumericLeaf for scope=[21] (in 0.00853 secs)
2025-04-17 12:03:56,331 [DEBUG]  OP: Operation.SPLIT_ROWS on slice (11959, 2) (remaining tasks 5)
2025-04-17 12:03:56,393 [DEBUG]  		found 2 row clusters (in 0.06283 secs)
2025-04-17 12:03:56,395 [DEBUG]  OP: Operation.SPLIT_ROWS on slice (19933, 2) (remaining tasks 6)
2025-04-17 12:03:56,496 [DEBUG]  		found 2 row clusters (in 0.10056 secs)
2025-04-17 12:03:56,496 [DEBUG]  OP: Operation.CREATE_LEAF on slice (15564, 1) (remaining tasks 7)
2025-04-17 12:03:56,497 [DEBUG]  		 created leaf IdentityNumericLeaf for scope=[20] (in 0.00109 secs)
2025-04-17 12:03:56,502 [DEBUG]  OP: Operation.CREATE_LEAF on slice (15564, 1) (remaining tasks 6)
2025-04-17 12:03:56,503 [DEBUG]  		 created leaf IdentityNumericLeaf for scope=[21] (in 0.00118 secs)
2025-04-17 12:03:56,504 [DEBUG]  OP: Operation.CREATE_LEAF on slice (16328, 1) (remaining tasks 5)
2025-04-17 12:03:56,506 [DEBUG]  		 created leaf IdentityNumericLeaf for scope=[20] (in 0.00212 secs)
2025-04-17 12:03:56,506 [DEBUG]  OP: Operation.CREATE_LEAF on slice (16328, 1) (remaining tasks 4)
2025-04-17 12:03:56,508 [DEBUG]  		 created leaf IdentityNumericLeaf for scope=[21] (in 0.00178 secs)
2025-04-17 12:03:56,509 [DEBUG]  OP: Operation.SPLIT_COLUMNS on slice (7035, 2) (remaining tasks 3)
2025-04-17 12:03:56,617 [DEBUG]  		found 1 col clusters (in 0.10847 secs)
2025-04-17 12:03:56,618 [DEBUG]  OP: Operation.SPLIT_COLUMNS on slice (4924, 2) (remaining tasks 3)
2025-04-17 12:03:56,726 [DEBUG]  		found 1 col clusters (in 0.10729 secs)
2025-04-17 12:03:56,727 [DEBUG]  OP: Operation.SPLIT_COLUMNS on slice (15204, 2) (remaining tasks 3)
2025-04-17 12:03:56,838 [DEBUG]  		found 2 col clusters (in 0.11082 secs)
2025-04-17 12:03:56,839 [DEBUG]  OP: Operation.SPLIT_COLUMNS on slice (4729, 2) (remaining tasks 4)
2025-04-17 12:03:56,946 [DEBUG]  		found 1 col clusters (in 0.10712 secs)
2025-04-17 12:03:56,947 [DEBUG]  OP: Operation.SPLIT_ROWS on slice (7035, 2) (remaining tasks 4)
2025-04-17 12:03:56,993 [DEBUG]  		found 2 row clusters (in 0.04508 secs)
2025-04-17 12:03:56,993 [DEBUG]  OP: Operation.SPLIT_ROWS on slice (4924, 2) (remaining tasks 5)
2025-04-17 12:03:57,038 [DEBUG]  		found 2 row clusters (in 0.04470 secs)
2025-04-17 12:03:57,038 [DEBUG]  OP: Operation.CREATE_LEAF on slice (15204, 1) (remaining tasks 6)
2025-04-17 12:03:57,039 [DEBUG]  		 created leaf IdentityNumericLeaf for scope=[15] (in 0.00102 secs)
2025-04-17 12:03:57,040 [DEBUG]  OP: Operation.CREATE_LEAF on slice (15204, 1) (remaining tasks 5)
2025-04-17 12:03:57,041 [DEBUG]  		 created leaf IdentityNumericLeaf for scope=[16] (in 0.00085 secs)
2025-04-17 12:03:57,041 [DEBUG]  OP: Operation.SPLIT_ROWS on slice (4729, 2) (remaining tasks 4)
2025-04-17 12:03:57,076 [DEBUG]  		found 2 row clusters (in 0.03414 secs)
2025-04-17 12:03:57,076 [DEBUG]  OP: Operation.SPLIT_COLUMNS on slice (6096, 2) (remaining tasks 5)
2025-04-17 12:03:57,181 [DEBUG]  		found 2 col clusters (in 0.10534 secs)
2025-04-17 12:03:57,182 [DEBUG]  OP: Operation.NAIVE_FACTORIZATION on slice (939, 2) (remaining tasks 6)
2025-04-17 12:03:57,186 [DEBUG]  		naive factorization 2 columns (in 0.00357 secs)
2025-04-17 12:03:57,186 [DEBUG]  OP: Operation.NAIVE_FACTORIZATION on slice (2314, 2) (remaining tasks 5)
2025-04-17 12:03:57,190 [DEBUG]  		naive factorization 2 columns (in 0.00343 secs)
2025-04-17 12:03:57,190 [DEBUG]  OP: Operation.SPLIT_COLUMNS on slice (2610, 2) (remaining tasks 4)
2025-04-17 12:03:57,296 [DEBUG]  		found 2 col clusters (in 0.10596 secs)
2025-04-17 12:03:57,297 [DEBUG]  OP: Operation.SPLIT_COLUMNS on slice (3035, 2) (remaining tasks 5)
2025-04-17 12:03:57,403 [DEBUG]  		found 2 col clusters (in 0.10647 secs)
2025-04-17 12:03:57,404 [DEBUG]  OP: Operation.NAIVE_FACTORIZATION on slice (1694, 2) (remaining tasks 6)
2025-04-17 12:03:57,408 [DEBUG]  		naive factorization 2 columns (in 0.00396 secs)
2025-04-17 12:03:57,408 [DEBUG]  OP: Operation.CREATE_LEAF on slice (6096, 1) (remaining tasks 5)
2025-04-17 12:03:57,408 [DEBUG]  		 created leaf IdentityNumericLeaf for scope=[15] (in 0.00049 secs)
2025-04-17 12:03:57,409 [DEBUG]  OP: Operation.CREATE_LEAF on slice (6096, 1) (remaining tasks 4)
2025-04-17 12:03:57,409 [DEBUG]  		 created leaf IdentityNumericLeaf for scope=[16] (in 0.00053 secs)
2025-04-17 12:03:57,409 [DEBUG]  OP: Operation.CREATE_LEAF on slice (2610, 1) (remaining tasks 3)
2025-04-17 12:03:57,410 [DEBUG]  		 created leaf IdentityNumericLeaf for scope=[15] (in 0.00035 secs)
2025-04-17 12:03:57,410 [DEBUG]  OP: Operation.CREATE_LEAF on slice (2610, 1) (remaining tasks 2)
2025-04-17 12:03:57,410 [DEBUG]  		 created leaf IdentityNumericLeaf for scope=[16] (in 0.00039 secs)
2025-04-17 12:03:57,410 [DEBUG]  OP: Operation.CREATE_LEAF on slice (3035, 1) (remaining tasks 1)
2025-04-17 12:03:57,411 [DEBUG]  		 created leaf IdentityNumericLeaf for scope=[15] (in 0.00041 secs)
2025-04-17 12:03:57,411 [DEBUG]  OP: Operation.CREATE_LEAF on slice (3035, 1) (remaining tasks 0)
2025-04-17 12:03:57,412 [DEBUG]  		 created leaf IdentityNumericLeaf for scope=[16] (in 0.00041 secs)
2025-04-17 12:03:57,432 [DEBUG]  Built SPN in 23.778102546930313 sec
2025-04-17 12:03:57,432 [INFO ]  Saving ensemble to /home/dafn/card/deepcard/collected_temp_benchmarks/spn_ensembles/Diabetes Health Indicators Dataset/ensemble_single_diabetes_binary_health_indicators_brfss2015_10000000.pkl
