2025-04-17 18:09:10,175 [INFO ]  Creating naive ensemble.
2025-04-17 18:09:10,175 [INFO ]  Learning SPN for diabetes_binary_5050split_health_indicators_brfss2015.
2025-04-17 18:09:10,175 [DEBUG]  generate_join_sample(single_table=diabetes_binary_5050split_health_indicators_brfss2015, relationship_list=None, split_condition=None)
2025-04-17 18:09:10,219 [DEBUG]  Using min_instance_slice parameter 706.92.
2025-04-17 18:09:10,219 [INFO ]  SPN training phase with 70692 samples
2025-04-17 18:09:10,262 [DEBUG]  Built domains in 0.04305538721382618 sec
2025-04-17 18:09:10,641 [DEBUG]  CACHEDIR=/home/dafn/.cache/matplotlib
2025-04-17 18:09:10,643 [DEBUG]  Using fontManager instance from /home/dafn/.cache/matplotlib/fontlist-v300.json
2025-04-17 18:09:10,739 [DEBUG]  Loaded backend qt5agg version unknown.
2025-04-17 18:09:10,771 [DEBUG]  Loaded backend qt5agg version unknown.
2025-04-17 18:09:10,772 [DEBUG]  Loaded backend qt4agg version unknown.
2025-04-17 18:09:10,779 [DEBUG]  Loaded backend tkagg version unknown.
2025-04-17 18:09:10,779 [DEBUG]  Loaded backend agg version unknown.
2025-04-17 18:09:10,780 [DEBUG]  Loaded backend agg version unknown.
2025-04-17 18:09:10,789 [DEBUG]  OP: Operation.SPLIT_ROWS on slice (70692, 22) (remaining tasks 0)
2025-04-17 18:09:11,446 [DEBUG]  		found 2 row clusters (in 0.65713 secs)
2025-04-17 18:09:11,454 [DEBUG]  OP: Operation.SPLIT_COLUMNS on slice (58044, 22) (remaining tasks 1)
2025-04-17 18:09:21,232 [DEBUG]  		found 22 col clusters (in 9.77704 secs)
2025-04-17 18:09:21,269 [DEBUG]  OP: Operation.SPLIT_COLUMNS on slice (12648, 22) (remaining tasks 22)
2025-04-17 18:09:33,008 [DEBUG]  		found 22 col clusters (in 11.71064 secs)
2025-04-17 18:09:33,009 [DEBUG]  OP: Operation.CREATE_LEAF on slice (58044, 1) (remaining tasks 43)
2025-04-17 18:09:33,011 [DEBUG]  		 created leaf IdentityNumericLeaf for scope=[0] (in 0.00262 secs)
2025-04-17 18:09:33,012 [DEBUG]  OP: Operation.CREATE_LEAF on slice (58044, 1) (remaining tasks 42)
2025-04-17 18:09:33,015 [DEBUG]  		 created leaf IdentityNumericLeaf for scope=[1] (in 0.00318 secs)
2025-04-17 18:09:33,015 [DEBUG]  OP: Operation.CREATE_LEAF on slice (58044, 1) (remaining tasks 41)
2025-04-17 18:09:33,018 [DEBUG]  		 created leaf IdentityNumericLeaf for scope=[2] (in 0.00312 secs)
2025-04-17 18:09:33,018 [DEBUG]  OP: Operation.CREATE_LEAF on slice (58044, 1) (remaining tasks 40)
2025-04-17 18:09:33,047 [DEBUG]  		 created leaf IdentityNumericLeaf for scope=[3] (in 0.02894 secs)
2025-04-17 18:09:33,048 [DEBUG]  OP: Operation.CREATE_LEAF on slice (58044, 1) (remaining tasks 39)
2025-04-17 18:09:33,074 [DEBUG]  		 created leaf IdentityNumericLeaf for scope=[4] (in 0.02588 secs)
2025-04-17 18:09:33,074 [DEBUG]  OP: Operation.CREATE_LEAF on slice (58044, 1) (remaining tasks 38)
2025-04-17 18:09:33,077 [DEBUG]  		 created leaf IdentityNumericLeaf for scope=[5] (in 0.00301 secs)
2025-04-17 18:09:33,077 [DEBUG]  OP: Operation.CREATE_LEAF on slice (58044, 1) (remaining tasks 37)
2025-04-17 18:09:33,103 [DEBUG]  		 created leaf IdentityNumericLeaf for scope=[6] (in 0.02594 secs)
2025-04-17 18:09:33,103 [DEBUG]  OP: Operation.CREATE_LEAF on slice (58044, 1) (remaining tasks 36)
2025-04-17 18:09:33,106 [DEBUG]  		 created leaf IdentityNumericLeaf for scope=[7] (in 0.00245 secs)
2025-04-17 18:09:33,106 [DEBUG]  OP: Operation.CREATE_LEAF on slice (58044, 1) (remaining tasks 35)
2025-04-17 18:09:33,108 [DEBUG]  		 created leaf IdentityNumericLeaf for scope=[8] (in 0.00250 secs)
2025-04-17 18:09:33,109 [DEBUG]  OP: Operation.CREATE_LEAF on slice (58044, 1) (remaining tasks 34)
2025-04-17 18:09:33,111 [DEBUG]  		 created leaf IdentityNumericLeaf for scope=[9] (in 0.00222 secs)
2025-04-17 18:09:33,111 [DEBUG]  OP: Operation.CREATE_LEAF on slice (58044, 1) (remaining tasks 33)
2025-04-17 18:09:33,113 [DEBUG]  		 created leaf IdentityNumericLeaf for scope=[10] (in 0.00190 secs)
2025-04-17 18:09:33,113 [DEBUG]  OP: Operation.CREATE_LEAF on slice (58044, 1) (remaining tasks 32)
2025-04-17 18:09:33,115 [DEBUG]  		 created leaf IdentityNumericLeaf for scope=[11] (in 0.00168 secs)
2025-04-17 18:09:33,115 [DEBUG]  OP: Operation.CREATE_LEAF on slice (58044, 1) (remaining tasks 31)
2025-04-17 18:09:33,117 [DEBUG]  		 created leaf IdentityNumericLeaf for scope=[12] (in 0.00168 secs)
2025-04-17 18:09:33,117 [DEBUG]  OP: Operation.CREATE_LEAF on slice (58044, 1) (remaining tasks 30)
2025-04-17 18:09:33,119 [DEBUG]  		 created leaf IdentityNumericLeaf for scope=[13] (in 0.00176 secs)
2025-04-17 18:09:33,119 [DEBUG]  OP: Operation.CREATE_LEAF on slice (58044, 1) (remaining tasks 29)
2025-04-17 18:09:33,121 [DEBUG]  		 created leaf IdentityNumericLeaf for scope=[14] (in 0.00258 secs)
2025-04-17 18:09:33,121 [DEBUG]  OP: Operation.CREATE_LEAF on slice (58044, 1) (remaining tasks 28)
2025-04-17 18:09:33,124 [DEBUG]  		 created leaf IdentityNumericLeaf for scope=[15] (in 0.00232 secs)
2025-04-17 18:09:33,124 [DEBUG]  OP: Operation.CREATE_LEAF on slice (58044, 1) (remaining tasks 27)
2025-04-17 18:09:33,126 [DEBUG]  		 created leaf IdentityNumericLeaf for scope=[16] (in 0.00217 secs)
2025-04-17 18:09:33,126 [DEBUG]  OP: Operation.CREATE_LEAF on slice (58044, 1) (remaining tasks 26)
2025-04-17 18:09:33,128 [DEBUG]  		 created leaf IdentityNumericLeaf for scope=[17] (in 0.00189 secs)
2025-04-17 18:09:33,128 [DEBUG]  OP: Operation.CREATE_LEAF on slice (58044, 1) (remaining tasks 25)
2025-04-17 18:09:33,130 [DEBUG]  		 created leaf IdentityNumericLeaf for scope=[18] (in 0.00208 secs)
2025-04-17 18:09:33,131 [DEBUG]  OP: Operation.CREATE_LEAF on slice (58044, 1) (remaining tasks 24)
2025-04-17 18:09:33,133 [DEBUG]  		 created leaf IdentityNumericLeaf for scope=[19] (in 0.00276 secs)
2025-04-17 18:09:33,133 [DEBUG]  OP: Operation.CREATE_LEAF on slice (58044, 1) (remaining tasks 23)
2025-04-17 18:09:33,136 [DEBUG]  		 created leaf IdentityNumericLeaf for scope=[20] (in 0.00224 secs)
2025-04-17 18:09:33,136 [DEBUG]  OP: Operation.CREATE_LEAF on slice (58044, 1) (remaining tasks 22)
2025-04-17 18:09:33,138 [DEBUG]  		 created leaf IdentityNumericLeaf for scope=[21] (in 0.00247 secs)
2025-04-17 18:09:33,138 [DEBUG]  OP: Operation.CREATE_LEAF on slice (12648, 1) (remaining tasks 21)
2025-04-17 18:09:33,139 [DEBUG]  		 created leaf IdentityNumericLeaf for scope=[0] (in 0.00043 secs)
2025-04-17 18:09:33,139 [DEBUG]  OP: Operation.CREATE_LEAF on slice (12648, 1) (remaining tasks 20)
2025-04-17 18:09:33,140 [DEBUG]  		 created leaf IdentityNumericLeaf for scope=[1] (in 0.00055 secs)
2025-04-17 18:09:33,140 [DEBUG]  OP: Operation.CREATE_LEAF on slice (12648, 1) (remaining tasks 19)
2025-04-17 18:09:33,140 [DEBUG]  		 created leaf IdentityNumericLeaf for scope=[2] (in 0.00056 secs)
2025-04-17 18:09:33,141 [DEBUG]  OP: Operation.CREATE_LEAF on slice (12648, 1) (remaining tasks 18)
2025-04-17 18:09:33,141 [DEBUG]  		 created leaf IdentityNumericLeaf for scope=[3] (in 0.00044 secs)
2025-04-17 18:09:33,141 [DEBUG]  OP: Operation.CREATE_LEAF on slice (12648, 1) (remaining tasks 17)
2025-04-17 18:09:33,142 [DEBUG]  		 created leaf IdentityNumericLeaf for scope=[4] (in 0.00087 secs)
2025-04-17 18:09:33,142 [DEBUG]  OP: Operation.CREATE_LEAF on slice (12648, 1) (remaining tasks 16)
2025-04-17 18:09:33,143 [DEBUG]  		 created leaf IdentityNumericLeaf for scope=[5] (in 0.00055 secs)
2025-04-17 18:09:33,143 [DEBUG]  OP: Operation.CREATE_LEAF on slice (12648, 1) (remaining tasks 15)
2025-04-17 18:09:33,143 [DEBUG]  		 created leaf IdentityNumericLeaf for scope=[6] (in 0.00055 secs)
2025-04-17 18:09:33,144 [DEBUG]  OP: Operation.CREATE_LEAF on slice (12648, 1) (remaining tasks 14)
2025-04-17 18:09:33,144 [DEBUG]  		 created leaf IdentityNumericLeaf for scope=[7] (in 0.00056 secs)
2025-04-17 18:09:33,144 [DEBUG]  OP: Operation.CREATE_LEAF on slice (12648, 1) (remaining tasks 13)
2025-04-17 18:09:33,145 [DEBUG]  		 created leaf IdentityNumericLeaf for scope=[8] (in 0.00061 secs)
2025-04-17 18:09:33,145 [DEBUG]  OP: Operation.CREATE_LEAF on slice (12648, 1) (remaining tasks 12)
2025-04-17 18:09:33,146 [DEBUG]  		 created leaf IdentityNumericLeaf for scope=[9] (in 0.00061 secs)
2025-04-17 18:09:33,146 [DEBUG]  OP: Operation.CREATE_LEAF on slice (12648, 1) (remaining tasks 11)
2025-04-17 18:09:33,146 [DEBUG]  		 created leaf IdentityNumericLeaf for scope=[10] (in 0.00052 secs)
2025-04-17 18:09:33,146 [DEBUG]  OP: Operation.CREATE_LEAF on slice (12648, 1) (remaining tasks 10)
2025-04-17 18:09:33,147 [DEBUG]  		 created leaf IdentityNumericLeaf for scope=[11] (in 0.00043 secs)
2025-04-17 18:09:33,147 [DEBUG]  OP: Operation.CREATE_LEAF on slice (12648, 1) (remaining tasks 9)
2025-04-17 18:09:33,148 [DEBUG]  		 created leaf IdentityNumericLeaf for scope=[12] (in 0.00049 secs)
2025-04-17 18:09:33,148 [DEBUG]  OP: Operation.CREATE_LEAF on slice (12648, 1) (remaining tasks 8)
2025-04-17 18:09:33,148 [DEBUG]  		 created leaf IdentityNumericLeaf for scope=[13] (in 0.00055 secs)
2025-04-17 18:09:33,148 [DEBUG]  OP: Operation.CREATE_LEAF on slice (12648, 1) (remaining tasks 7)
2025-04-17 18:09:33,149 [DEBUG]  		 created leaf IdentityNumericLeaf for scope=[14] (in 0.00064 secs)
2025-04-17 18:09:33,149 [DEBUG]  OP: Operation.CREATE_LEAF on slice (12648, 1) (remaining tasks 6)
2025-04-17 18:09:33,150 [DEBUG]  		 created leaf IdentityNumericLeaf for scope=[15] (in 0.00072 secs)
2025-04-17 18:09:33,150 [DEBUG]  OP: Operation.CREATE_LEAF on slice (12648, 1) (remaining tasks 5)
2025-04-17 18:09:33,151 [DEBUG]  		 created leaf IdentityNumericLeaf for scope=[16] (in 0.00066 secs)
2025-04-17 18:09:33,151 [DEBUG]  OP: Operation.CREATE_LEAF on slice (12648, 1) (remaining tasks 4)
2025-04-17 18:09:33,151 [DEBUG]  		 created leaf IdentityNumericLeaf for scope=[17] (in 0.00055 secs)
2025-04-17 18:09:33,151 [DEBUG]  OP: Operation.CREATE_LEAF on slice (12648, 1) (remaining tasks 3)
2025-04-17 18:09:33,152 [DEBUG]  		 created leaf IdentityNumericLeaf for scope=[18] (in 0.00058 secs)
2025-04-17 18:09:33,152 [DEBUG]  OP: Operation.CREATE_LEAF on slice (12648, 1) (remaining tasks 2)
2025-04-17 18:09:33,153 [DEBUG]  		 created leaf IdentityNumericLeaf for scope=[19] (in 0.00078 secs)
2025-04-17 18:09:33,153 [DEBUG]  OP: Operation.CREATE_LEAF on slice (12648, 1) (remaining tasks 1)
2025-04-17 18:09:33,154 [DEBUG]  		 created leaf IdentityNumericLeaf for scope=[20] (in 0.00069 secs)
2025-04-17 18:09:33,154 [DEBUG]  OP: Operation.CREATE_LEAF on slice (12648, 1) (remaining tasks 0)
2025-04-17 18:09:33,155 [DEBUG]  		 created leaf IdentityNumericLeaf for scope=[21] (in 0.00075 secs)
2025-04-17 18:09:33,162 [DEBUG]  Built SPN in 22.899205879308283 sec
2025-04-17 18:09:33,162 [INFO ]  Saving ensemble to /home/dafn/card/deepcard/collected_temp_benchmarks/spn_ensembles/Diabetes Health Indicators Dataset/ensemble_single_diabetes_binary_5050split_health_indicators_brfss2015_10000000.pkl
