2025-04-17 19:07:42,238 [INFO ]  Creating naive ensemble.
2025-04-17 19:07:42,238 [INFO ]  Learning SPN for diabetes_012_health_indicators_brfss2015.
2025-04-17 19:07:42,238 [DEBUG]  generate_join_sample(single_table=diabetes_012_health_indicators_brfss2015, relationship_list=None, split_condition=None)
2025-04-17 19:07:42,345 [DEBUG]  Using min_instance_slice parameter 2536.8.
2025-04-17 19:07:42,345 [INFO ]  SPN training phase with 253680 samples
2025-04-17 19:07:42,512 [DEBUG]  Built domains in 0.16688542999327183 sec
2025-04-17 19:07:42,924 [DEBUG]  CACHEDIR=/home/dafn/.cache/matplotlib
2025-04-17 19:07:42,926 [DEBUG]  Using fontManager instance from /home/dafn/.cache/matplotlib/fontlist-v300.json
2025-04-17 19:07:43,029 [DEBUG]  Loaded backend qt5agg version unknown.
2025-04-17 19:07:43,064 [DEBUG]  Loaded backend qt5agg version unknown.
2025-04-17 19:07:43,065 [DEBUG]  Loaded backend qt4agg version unknown.
2025-04-17 19:07:43,072 [DEBUG]  Loaded backend tkagg version unknown.
2025-04-17 19:07:43,072 [DEBUG]  Loaded backend agg version unknown.
2025-04-17 19:07:43,072 [DEBUG]  Loaded backend agg version unknown.
2025-04-17 19:07:43,097 [DEBUG]  OP: Operation.SPLIT_ROWS on slice (253680, 22) (remaining tasks 0)
2025-04-17 19:07:44,130 [DEBUG]  		found 2 row clusters (in 1.03353 secs)
2025-04-17 19:07:44,162 [DEBUG]  OP: Operation.SPLIT_COLUMNS on slice (221790, 22) (remaining tasks 1)
2025-04-17 19:07:53,807 [DEBUG]  		found 13 col clusters (in 9.64410 secs)
2025-04-17 19:07:53,812 [DEBUG]  OP: Operation.SPLIT_COLUMNS on slice (31890, 22) (remaining tasks 13)
2025-04-17 19:08:04,510 [DEBUG]  		found 11 col clusters (in 10.69834 secs)
2025-04-17 19:08:04,526 [DEBUG]  OP: Operation.SPLIT_COLUMNS on slice (221790, 9) (remaining tasks 23)
2025-04-17 19:08:07,476 [DEBUG]  		found 1 col clusters (in 2.94942 secs)
2025-04-17 19:08:07,476 [DEBUG]  OP: Operation.CREATE_LEAF on slice (221790, 1) (remaining tasks 23)
2025-04-17 19:08:07,486 [DEBUG]  		 created leaf IdentityNumericLeaf for scope=[3] (in 0.00898 secs)
2025-04-17 19:08:07,486 [DEBUG]  OP: Operation.CREATE_LEAF on slice (221790, 1) (remaining tasks 22)
2025-04-17 19:08:07,582 [DEBUG]  		 created leaf IdentityNumericLeaf for scope=[4] (in 0.09598 secs)
2025-04-17 19:08:07,582 [DEBUG]  OP: Operation.CREATE_LEAF on slice (221790, 1) (remaining tasks 21)
2025-04-17 19:08:07,603 [DEBUG]  		 created leaf IdentityNumericLeaf for scope=[5] (in 0.02072 secs)
2025-04-17 19:08:07,606 [DEBUG]  OP: Operation.CREATE_LEAF on slice (221790, 1) (remaining tasks 20)
2025-04-17 19:08:07,612 [DEBUG]  		 created leaf IdentityNumericLeaf for scope=[6] (in 0.00663 secs)
2025-04-17 19:08:07,612 [DEBUG]  OP: Operation.CREATE_LEAF on slice (221790, 1) (remaining tasks 19)
2025-04-17 19:08:07,620 [DEBUG]  		 created leaf IdentityNumericLeaf for scope=[7] (in 0.00717 secs)
2025-04-17 19:08:07,620 [DEBUG]  OP: Operation.CREATE_LEAF on slice (221790, 1) (remaining tasks 18)
2025-04-17 19:08:07,628 [DEBUG]  		 created leaf IdentityNumericLeaf for scope=[8] (in 0.00797 secs)
2025-04-17 19:08:07,629 [DEBUG]  OP: Operation.SPLIT_COLUMNS on slice (221790, 2) (remaining tasks 17)
2025-04-17 19:08:07,739 [DEBUG]  		found 1 col clusters (in 0.10913 secs)
2025-04-17 19:08:07,739 [DEBUG]  OP: Operation.CREATE_LEAF on slice (221790, 1) (remaining tasks 17)
2025-04-17 19:08:07,748 [DEBUG]  		 created leaf IdentityNumericLeaf for scope=[11] (in 0.00917 secs)
2025-04-17 19:08:07,748 [DEBUG]  OP: Operation.CREATE_LEAF on slice (221790, 1) (remaining tasks 16)
2025-04-17 19:08:07,757 [DEBUG]  		 created leaf IdentityNumericLeaf for scope=[12] (in 0.00890 secs)
2025-04-17 19:08:07,757 [DEBUG]  OP: Operation.CREATE_LEAF on slice (221790, 1) (remaining tasks 15)
2025-04-17 19:08:07,767 [DEBUG]  		 created leaf IdentityNumericLeaf for scope=[13] (in 0.00929 secs)
2025-04-17 19:08:07,767 [DEBUG]  OP: Operation.CREATE_LEAF on slice (221790, 1) (remaining tasks 14)
2025-04-17 19:08:07,779 [DEBUG]  		 created leaf IdentityNumericLeaf for scope=[15] (in 0.01179 secs)
2025-04-17 19:08:07,779 [DEBUG]  OP: Operation.CREATE_LEAF on slice (221790, 1) (remaining tasks 13)
2025-04-17 19:08:07,791 [DEBUG]  		 created leaf IdentityNumericLeaf for scope=[18] (in 0.01173 secs)
2025-04-17 19:08:07,792 [DEBUG]  OP: Operation.SPLIT_COLUMNS on slice (31890, 7) (remaining tasks 12)
2025-04-17 19:08:09,076 [DEBUG]  		found 1 col clusters (in 1.28379 secs)
2025-04-17 19:08:09,076 [DEBUG]  OP: Operation.CREATE_LEAF on slice (31890, 1) (remaining tasks 12)
2025-04-17 19:08:09,078 [DEBUG]  		 created leaf IdentityNumericLeaf for scope=[3] (in 0.00135 secs)
2025-04-17 19:08:09,078 [DEBUG]  OP: Operation.CREATE_LEAF on slice (31890, 1) (remaining tasks 11)
2025-04-17 19:08:09,080 [DEBUG]  		 created leaf IdentityNumericLeaf for scope=[5] (in 0.00182 secs)
2025-04-17 19:08:09,081 [DEBUG]  OP: Operation.CREATE_LEAF on slice (31890, 1) (remaining tasks 10)
2025-04-17 19:08:09,082 [DEBUG]  		 created leaf IdentityNumericLeaf for scope=[6] (in 0.00149 secs)
2025-04-17 19:08:09,082 [DEBUG]  OP: Operation.CREATE_LEAF on slice (31890, 1) (remaining tasks 9)
2025-04-17 19:08:09,084 [DEBUG]  		 created leaf IdentityNumericLeaf for scope=[7] (in 0.00160 secs)
2025-04-17 19:08:09,084 [DEBUG]  OP: Operation.CREATE_LEAF on slice (31890, 1) (remaining tasks 8)
2025-04-17 19:08:09,087 [DEBUG]  		 created leaf IdentityNumericLeaf for scope=[8] (in 0.00190 secs)
2025-04-17 19:08:09,087 [DEBUG]  OP: Operation.SPLIT_COLUMNS on slice (31890, 2) (remaining tasks 7)
2025-04-17 19:08:09,326 [DEBUG]  		found 1 col clusters (in 0.23837 secs)
2025-04-17 19:08:09,326 [DEBUG]  OP: Operation.CREATE_LEAF on slice (31890, 1) (remaining tasks 7)
2025-04-17 19:08:09,328 [DEBUG]  		 created leaf IdentityNumericLeaf for scope=[11] (in 0.00158 secs)
2025-04-17 19:08:09,328 [DEBUG]  OP: Operation.SPLIT_COLUMNS on slice (31890, 2) (remaining tasks 6)
2025-04-17 19:08:09,474 [DEBUG]  		found 1 col clusters (in 0.14512 secs)
2025-04-17 19:08:09,474 [DEBUG]  OP: Operation.SPLIT_COLUMNS on slice (31890, 4) (remaining tasks 6)
2025-04-17 19:08:09,783 [DEBUG]  		found 1 col clusters (in 0.30855 secs)
2025-04-17 19:08:09,784 [DEBUG]  OP: Operation.CREATE_LEAF on slice (31890, 1) (remaining tasks 6)
2025-04-17 19:08:09,785 [DEBUG]  		 created leaf IdentityNumericLeaf for scope=[18] (in 0.00179 secs)
2025-04-17 19:08:09,793 [DEBUG]  OP: Operation.SPLIT_ROWS on slice (221790, 9) (remaining tasks 5)
2025-04-17 19:08:10,732 [DEBUG]  		found 2 row clusters (in 0.93951 secs)
2025-04-17 19:08:10,734 [DEBUG]  OP: Operation.SPLIT_ROWS on slice (221790, 2) (remaining tasks 6)
2025-04-17 19:08:10,938 [DEBUG]  		found 2 row clusters (in 0.20412 secs)
2025-04-17 19:08:10,939 [DEBUG]  OP: Operation.SPLIT_ROWS on slice (31890, 7) (remaining tasks 7)
2025-04-17 19:08:11,111 [DEBUG]  		found 2 row clusters (in 0.17133 secs)
2025-04-17 19:08:11,111 [DEBUG]  OP: Operation.SPLIT_ROWS on slice (31890, 2) (remaining tasks 8)
2025-04-17 19:08:11,188 [DEBUG]  		found 2 row clusters (in 0.07638 secs)
2025-04-17 19:08:11,188 [DEBUG]  OP: Operation.SPLIT_ROWS on slice (31890, 2) (remaining tasks 9)
2025-04-17 19:08:11,253 [DEBUG]  		found 2 row clusters (in 0.06476 secs)
2025-04-17 19:08:11,254 [DEBUG]  OP: Operation.SPLIT_ROWS on slice (31890, 4) (remaining tasks 10)
2025-04-17 19:08:11,396 [DEBUG]  		found 2 row clusters (in 0.14196 secs)
2025-04-17 19:08:11,403 [DEBUG]  OP: Operation.SPLIT_COLUMNS on slice (87130, 9) (remaining tasks 11)
2025-04-17 19:08:13,975 [DEBUG]  		found 5 col clusters (in 2.57171 secs)
2025-04-17 19:08:14,027 [DEBUG]  OP: Operation.SPLIT_COLUMNS on slice (134660, 9) (remaining tasks 15)
2025-04-17 19:08:16,307 [DEBUG]  		found 2 col clusters (in 2.27612 secs)
2025-04-17 19:08:16,315 [DEBUG]  OP: Operation.REMOVE_UNINFORMATIVE_FEATURES on slice (79214, 2) (remaining tasks 16)
2025-04-17 19:08:16,422 [DEBUG]  OP: Operation.REMOVE_UNINFORMATIVE_FEATURES on slice (142576, 2) (remaining tasks 17)
2025-04-17 19:08:16,434 [DEBUG]  OP: Operation.SPLIT_COLUMNS on slice (19924, 7) (remaining tasks 18)
2025-04-17 19:08:17,665 [DEBUG]  		found 4 col clusters (in 1.21777 secs)
2025-04-17 19:08:17,667 [DEBUG]  OP: Operation.SPLIT_COLUMNS on slice (11966, 7) (remaining tasks 21)
2025-04-17 19:08:19,107 [DEBUG]  		found 2 col clusters (in 1.43998 secs)
2025-04-17 19:08:19,109 [DEBUG]  OP: Operation.REMOVE_UNINFORMATIVE_FEATURES on slice (18322, 2) (remaining tasks 22)
2025-04-17 19:08:19,111 [DEBUG]  OP: Operation.REMOVE_UNINFORMATIVE_FEATURES on slice (13568, 2) (remaining tasks 23)
2025-04-17 19:08:19,113 [DEBUG]  OP: Operation.REMOVE_UNINFORMATIVE_FEATURES on slice (25642, 2) (remaining tasks 24)
2025-04-17 19:08:19,114 [DEBUG]  OP: Operation.REMOVE_UNINFORMATIVE_FEATURES on slice (6248, 2) (remaining tasks 25)
2025-04-17 19:08:19,116 [DEBUG]  OP: Operation.SPLIT_COLUMNS on slice (15609, 4) (remaining tasks 26)
2025-04-17 19:08:19,476 [DEBUG]  		found 3 col clusters (in 0.35991 secs)
2025-04-17 19:08:19,478 [DEBUG]  OP: Operation.SPLIT_COLUMNS on slice (16281, 4) (remaining tasks 28)
2025-04-17 19:08:19,813 [DEBUG]  		found 2 col clusters (in 0.33436 secs)
2025-04-17 19:08:19,814 [DEBUG]  OP: Operation.SPLIT_COLUMNS on slice (87130, 3) (remaining tasks 29)
2025-04-17 19:08:20,055 [DEBUG]  		found 1 col clusters (in 0.24105 secs)
2025-04-17 19:08:20,056 [DEBUG]  OP: Operation.CREATE_LEAF on slice (87130, 1) (remaining tasks 29)
2025-04-17 19:08:20,060 [DEBUG]  		 created leaf IdentityNumericLeaf for scope=[2] (in 0.00426 secs)
2025-04-17 19:08:20,060 [DEBUG]  OP: Operation.CREATE_LEAF on slice (87130, 1) (remaining tasks 28)
2025-04-17 19:08:20,065 [DEBUG]  		 created leaf IdentityNumericLeaf for scope=[16] (in 0.00461 secs)
2025-04-17 19:08:20,065 [DEBUG]  OP: Operation.CREATE_LEAF on slice (87130, 1) (remaining tasks 27)
2025-04-17 19:08:20,069 [DEBUG]  		 created leaf IdentityNumericLeaf for scope=[17] (in 0.00359 secs)
2025-04-17 19:08:20,070 [DEBUG]  OP: Operation.SPLIT_COLUMNS on slice (87130, 3) (remaining tasks 26)
2025-04-17 19:08:20,321 [DEBUG]  		found 1 col clusters (in 0.25105 secs)
2025-04-17 19:08:20,325 [DEBUG]  OP: Operation.SPLIT_COLUMNS on slice (134660, 8) (remaining tasks 26)
2025-04-17 19:08:22,382 [DEBUG]  		found 1 col clusters (in 2.05688 secs)
2025-04-17 19:08:22,382 [DEBUG]  OP: Operation.CREATE_LEAF on slice (134660, 1) (remaining tasks 26)
2025-04-17 19:08:22,389 [DEBUG]  		 created leaf IdentityNumericLeaf for scope=[2] (in 0.00720 secs)
2025-04-17 19:08:22,390 [DEBUG]  OP: Operation.CREATE_LEAF on slice (79214, 1) (remaining tasks 25)
2025-04-17 19:08:22,393 [DEBUG]  		 created leaf IdentityNumericLeaf for scope=[9] (in 0.00330 secs)
2025-04-17 19:08:22,393 [DEBUG]  OP: Operation.CREATE_LEAF on slice (79214, 1) (remaining tasks 24)
2025-04-17 19:08:22,434 [DEBUG]  		 created leaf IdentityNumericLeaf for scope=[10] (in 0.04095 secs)
2025-04-17 19:08:22,434 [DEBUG]  OP: Operation.CREATE_LEAF on slice (142576, 1) (remaining tasks 23)
2025-04-17 19:08:22,474 [DEBUG]  		 created leaf IdentityNumericLeaf for scope=[9] (in 0.03956 secs)
2025-04-17 19:08:22,507 [DEBUG]  OP: Operation.CREATE_LEAF on slice (142576, 1) (remaining tasks 22)
2025-04-17 19:08:22,514 [DEBUG]  		 created leaf IdentityNumericLeaf for scope=[10] (in 0.00594 secs)
2025-04-17 19:08:22,540 [DEBUG]  OP: Operation.SPLIT_COLUMNS on slice (19924, 2) (remaining tasks 21)
2025-04-17 19:08:22,662 [DEBUG]  		found 1 col clusters (in 0.12085 secs)
2025-04-17 19:08:22,662 [DEBUG]  OP: Operation.SPLIT_COLUMNS on slice (19924, 2) (remaining tasks 21)
2025-04-17 19:08:22,797 [DEBUG]  		found 1 col clusters (in 0.13399 secs)
2025-04-17 19:08:22,797 [DEBUG]  OP: Operation.SPLIT_COLUMNS on slice (19924, 2) (remaining tasks 21)
2025-04-17 19:08:23,019 [DEBUG]  		found 1 col clusters (in 0.22118 secs)
2025-04-17 19:08:23,019 [DEBUG]  OP: Operation.CREATE_LEAF on slice (19924, 1) (remaining tasks 21)
2025-04-17 19:08:23,020 [DEBUG]  		 created leaf IdentityNumericLeaf for scope=[19] (in 0.00134 secs)
2025-04-17 19:08:23,021 [DEBUG]  OP: Operation.SPLIT_COLUMNS on slice (11966, 5) (remaining tasks 20)
2025-04-17 19:08:23,560 [DEBUG]  		found 1 col clusters (in 0.53959 secs)
2025-04-17 19:08:23,561 [DEBUG]  OP: Operation.SPLIT_COLUMNS on slice (11966, 2) (remaining tasks 20)
2025-04-17 19:08:23,805 [DEBUG]  		found 1 col clusters (in 0.24372 secs)
2025-04-17 19:08:23,805 [DEBUG]  OP: Operation.CREATE_LEAF on slice (18322, 1) (remaining tasks 20)
2025-04-17 19:08:23,806 [DEBUG]  		 created leaf IdentityNumericLeaf for scope=[9] (in 0.00091 secs)
2025-04-17 19:08:23,806 [DEBUG]  OP: Operation.CREATE_LEAF on slice (18322, 1) (remaining tasks 19)
2025-04-17 19:08:23,807 [DEBUG]  		 created leaf IdentityNumericLeaf for scope=[10] (in 0.00091 secs)
2025-04-17 19:08:23,807 [DEBUG]  OP: Operation.CREATE_LEAF on slice (13568, 1) (remaining tasks 18)
2025-04-17 19:08:23,808 [DEBUG]  		 created leaf IdentityNumericLeaf for scope=[9] (in 0.00062 secs)
2025-04-17 19:08:23,808 [DEBUG]  OP: Operation.CREATE_LEAF on slice (13568, 1) (remaining tasks 17)
2025-04-17 19:08:23,809 [DEBUG]  		 created leaf IdentityNumericLeaf for scope=[10] (in 0.00081 secs)
2025-04-17 19:08:23,809 [DEBUG]  OP: Operation.CREATE_LEAF on slice (25642, 1) (remaining tasks 16)
2025-04-17 19:08:23,810 [DEBUG]  		 created leaf IdentityNumericLeaf for scope=[13] (in 0.00107 secs)
2025-04-17 19:08:23,810 [DEBUG]  OP: Operation.CREATE_LEAF on slice (25642, 1) (remaining tasks 15)
2025-04-17 19:08:23,812 [DEBUG]  		 created leaf IdentityNumericLeaf for scope=[12] (in 0.00109 secs)
2025-04-17 19:08:23,812 [DEBUG]  OP: Operation.CREATE_LEAF on slice (6248, 1) (remaining tasks 14)
2025-04-17 19:08:23,812 [DEBUG]  		 created leaf IdentityNumericLeaf for scope=[13] (in 0.00040 secs)
2025-04-17 19:08:23,812 [DEBUG]  OP: Operation.CREATE_LEAF on slice (6248, 1) (remaining tasks 13)
2025-04-17 19:08:23,813 [DEBUG]  		 created leaf IdentityNumericLeaf for scope=[12] (in 0.00044 secs)
2025-04-17 19:08:23,813 [DEBUG]  OP: Operation.SPLIT_COLUMNS on slice (15609, 2) (remaining tasks 12)
2025-04-17 19:08:24,005 [DEBUG]  		found 1 col clusters (in 0.19144 secs)
2025-04-17 19:08:24,005 [DEBUG]  OP: Operation.CREATE_LEAF on slice (15609, 1) (remaining tasks 12)
2025-04-17 19:08:24,006 [DEBUG]  		 created leaf IdentityNumericLeaf for scope=[20] (in 0.00118 secs)
2025-04-17 19:08:24,006 [DEBUG]  OP: Operation.CREATE_LEAF on slice (15609, 1) (remaining tasks 11)
2025-04-17 19:08:24,008 [DEBUG]  		 created leaf IdentityNumericLeaf for scope=[21] (in 0.00118 secs)
2025-04-17 19:08:24,008 [DEBUG]  OP: Operation.SPLIT_COLUMNS on slice (16281, 2) (remaining tasks 10)
2025-04-17 19:08:24,233 [DEBUG]  		found 1 col clusters (in 0.22456 secs)
2025-04-17 19:08:24,233 [DEBUG]  OP: Operation.SPLIT_COLUMNS on slice (16281, 2) (remaining tasks 10)
2025-04-17 19:08:24,391 [DEBUG]  		found 1 col clusters (in 0.15804 secs)
2025-04-17 19:08:24,393 [DEBUG]  OP: Operation.SPLIT_ROWS on slice (87130, 3) (remaining tasks 10)
2025-04-17 19:08:24,694 [DEBUG]  		found 2 row clusters (in 0.30129 secs)
2025-04-17 19:08:24,695 [DEBUG]  OP: Operation.SPLIT_ROWS on slice (87130, 3) (remaining tasks 11)
2025-04-17 19:08:25,058 [DEBUG]  		found 2 row clusters (in 0.36237 secs)
2025-04-17 19:08:25,061 [DEBUG]  OP: Operation.SPLIT_ROWS on slice (134660, 8) (remaining tasks 12)
2025-04-17 19:08:25,702 [DEBUG]  		found 2 row clusters (in 0.64000 secs)
2025-04-17 19:08:25,702 [DEBUG]  OP: Operation.SPLIT_ROWS on slice (19924, 2) (remaining tasks 13)
2025-04-17 19:08:25,789 [DEBUG]  		found 2 row clusters (in 0.08683 secs)
2025-04-17 19:08:25,789 [DEBUG]  OP: Operation.SPLIT_ROWS on slice (19924, 2) (remaining tasks 14)
2025-04-17 19:08:25,845 [DEBUG]  		found 2 row clusters (in 0.05513 secs)
2025-04-17 19:08:25,845 [DEBUG]  OP: Operation.SPLIT_ROWS on slice (19924, 2) (remaining tasks 15)
2025-04-17 19:08:25,933 [DEBUG]  		found 2 row clusters (in 0.08845 secs)
2025-04-17 19:08:25,934 [DEBUG]  OP: Operation.SPLIT_ROWS on slice (11966, 5) (remaining tasks 16)
2025-04-17 19:08:26,012 [DEBUG]  		found 2 row clusters (in 0.07833 secs)
2025-04-17 19:08:26,013 [DEBUG]  OP: Operation.SPLIT_ROWS on slice (11966, 2) (remaining tasks 17)
2025-04-17 19:08:26,070 [DEBUG]  		found 2 row clusters (in 0.05724 secs)
2025-04-17 19:08:26,070 [DEBUG]  OP: Operation.SPLIT_ROWS on slice (15609, 2) (remaining tasks 18)
2025-04-17 19:08:26,120 [DEBUG]  		found 2 row clusters (in 0.04968 secs)
2025-04-17 19:08:26,120 [DEBUG]  OP: Operation.SPLIT_ROWS on slice (16281, 2) (remaining tasks 19)
2025-04-17 19:08:26,175 [DEBUG]  		found 2 row clusters (in 0.05480 secs)
2025-04-17 19:08:26,176 [DEBUG]  OP: Operation.SPLIT_ROWS on slice (16281, 2) (remaining tasks 20)
2025-04-17 19:08:26,245 [DEBUG]  		found 2 row clusters (in 0.06873 secs)
2025-04-17 19:08:26,248 [DEBUG]  OP: Operation.SPLIT_COLUMNS on slice (57800, 3) (remaining tasks 21)
2025-04-17 19:08:26,459 [DEBUG]  		found 3 col clusters (in 0.21039 secs)
2025-04-17 19:08:26,462 [DEBUG]  OP: Operation.SPLIT_COLUMNS on slice (29330, 3) (remaining tasks 23)
2025-04-17 19:08:26,656 [DEBUG]  		found 3 col clusters (in 0.19349 secs)
2025-04-17 19:08:26,660 [DEBUG]  OP: Operation.SPLIT_COLUMNS on slice (28441, 3) (remaining tasks 25)
2025-04-17 19:08:26,812 [DEBUG]  		found 1 col clusters (in 0.15261 secs)
2025-04-17 19:08:26,819 [DEBUG]  OP: Operation.SPLIT_COLUMNS on slice (58689, 3) (remaining tasks 25)
2025-04-17 19:08:27,049 [DEBUG]  		found 1 col clusters (in 0.22989 secs)
2025-04-17 19:08:27,052 [DEBUG]  OP: Operation.SPLIT_COLUMNS on slice (17016, 8) (remaining tasks 25)
2025-04-17 19:08:28,899 [DEBUG]  		found 4 col clusters (in 1.84778 secs)
2025-04-17 19:08:28,915 [DEBUG]  OP: Operation.SPLIT_COLUMNS on slice (117644, 8) (remaining tasks 28)
2025-04-17 19:08:30,954 [DEBUG]  		found 2 col clusters (in 2.01360 secs)
2025-04-17 19:08:30,956 [DEBUG]  OP: Operation.SPLIT_COLUMNS on slice (15180, 2) (remaining tasks 29)
2025-04-17 19:08:31,135 [DEBUG]  		found 2 col clusters (in 0.17851 secs)
2025-04-17 19:08:31,136 [DEBUG]  OP: Operation.SPLIT_COLUMNS on slice (4744, 2) (remaining tasks 30)
2025-04-17 19:08:31,263 [DEBUG]  		found 2 col clusters (in 0.12718 secs)
2025-04-17 19:08:31,265 [DEBUG]  OP: Operation.REMOVE_UNINFORMATIVE_FEATURES on slice (8785, 2) (remaining tasks 31)
2025-04-17 19:08:31,266 [DEBUG]  OP: Operation.REMOVE_UNINFORMATIVE_FEATURES on slice (11139, 2) (remaining tasks 32)
2025-04-17 19:08:31,267 [DEBUG]  OP: Operation.SPLIT_COLUMNS on slice (4732, 2) (remaining tasks 33)
2025-04-17 19:08:31,376 [DEBUG]  		found 1 col clusters (in 0.10814 secs)
2025-04-17 19:08:31,378 [DEBUG]  OP: Operation.SPLIT_COLUMNS on slice (15192, 2) (remaining tasks 33)
2025-04-17 19:08:31,493 [DEBUG]  		found 2 col clusters (in 0.11538 secs)
2025-04-17 19:08:31,494 [DEBUG]  OP: Operation.SPLIT_COLUMNS on slice (3356, 5) (remaining tasks 34)
2025-04-17 19:08:31,911 [DEBUG]  		found 2 col clusters (in 0.41661 secs)
2025-04-17 19:08:31,912 [DEBUG]  OP: Operation.SPLIT_COLUMNS on slice (8610, 5) (remaining tasks 35)
2025-04-17 19:08:32,341 [DEBUG]  		found 3 col clusters (in 0.42812 secs)
2025-04-17 19:08:32,342 [DEBUG]  OP: Operation.SPLIT_COLUMNS on slice (7047, 2) (remaining tasks 37)
2025-04-17 19:08:32,542 [DEBUG]  		found 1 col clusters (in 0.19991 secs)
2025-04-17 19:08:32,543 [DEBUG]  OP: Operation.SPLIT_COLUMNS on slice (4919, 2) (remaining tasks 37)
2025-04-17 19:08:32,651 [DEBUG]  		found 1 col clusters (in 0.10780 secs)
2025-04-17 19:08:32,653 [DEBUG]  OP: Operation.SPLIT_COLUMNS on slice (12274, 2) (remaining tasks 37)
2025-04-17 19:08:32,794 [DEBUG]  		found 2 col clusters (in 0.14078 secs)
2025-04-17 19:08:32,795 [DEBUG]  OP: Operation.SPLIT_COLUMNS on slice (3335, 2) (remaining tasks 38)
2025-04-17 19:08:32,961 [DEBUG]  		found 2 col clusters (in 0.16598 secs)
2025-04-17 19:08:32,963 [DEBUG]  OP: Operation.SPLIT_COLUMNS on slice (9752, 2) (remaining tasks 39)
2025-04-17 19:08:33,083 [DEBUG]  		found 2 col clusters (in 0.12025 secs)
2025-04-17 19:08:33,084 [DEBUG]  OP: Operation.SPLIT_COLUMNS on slice (6529, 2) (remaining tasks 40)
2025-04-17 19:08:33,298 [DEBUG]  		found 2 col clusters (in 0.21363 secs)
2025-04-17 19:08:33,299 [DEBUG]  OP: Operation.SPLIT_COLUMNS on slice (8312, 2) (remaining tasks 41)
2025-04-17 19:08:33,523 [DEBUG]  		found 2 col clusters (in 0.22382 secs)
2025-04-17 19:08:33,524 [DEBUG]  OP: Operation.SPLIT_COLUMNS on slice (7969, 2) (remaining tasks 42)
2025-04-17 19:08:33,634 [DEBUG]  		found 1 col clusters (in 0.10967 secs)
2025-04-17 19:08:33,634 [DEBUG]  OP: Operation.CREATE_LEAF on slice (57800, 1) (remaining tasks 42)
2025-04-17 19:08:33,637 [DEBUG]  		 created leaf IdentityNumericLeaf for scope=[0] (in 0.00235 secs)
2025-04-17 19:08:33,637 [DEBUG]  OP: Operation.CREATE_LEAF on slice (57800, 1) (remaining tasks 41)
2025-04-17 19:08:33,640 [DEBUG]  		 created leaf IdentityNumericLeaf for scope=[1] (in 0.00271 secs)
2025-04-17 19:08:33,640 [DEBUG]  OP: Operation.CREATE_LEAF on slice (57800, 1) (remaining tasks 40)
2025-04-17 19:08:33,643 [DEBUG]  		 created leaf IdentityNumericLeaf for scope=[14] (in 0.00295 secs)
2025-04-17 19:08:33,643 [DEBUG]  OP: Operation.CREATE_LEAF on slice (29330, 1) (remaining tasks 39)
2025-04-17 19:08:33,644 [DEBUG]  		 created leaf IdentityNumericLeaf for scope=[0] (in 0.00143 secs)
2025-04-17 19:08:33,645 [DEBUG]  OP: Operation.CREATE_LEAF on slice (29330, 1) (remaining tasks 38)
2025-04-17 19:08:33,646 [DEBUG]  		 created leaf IdentityNumericLeaf for scope=[1] (in 0.00163 secs)
2025-04-17 19:08:33,646 [DEBUG]  OP: Operation.CREATE_LEAF on slice (29330, 1) (remaining tasks 37)
2025-04-17 19:08:33,648 [DEBUG]  		 created leaf IdentityNumericLeaf for scope=[14] (in 0.00151 secs)
2025-04-17 19:08:33,651 [DEBUG]  OP: Operation.SPLIT_ROWS on slice (28441, 3) (remaining tasks 36)
2025-04-17 19:08:33,869 [DEBUG]  		found 2 row clusters (in 0.21736 secs)
2025-04-17 19:08:33,875 [DEBUG]  OP: Operation.SPLIT_ROWS on slice (58689, 3) (remaining tasks 37)
2025-04-17 19:08:34,142 [DEBUG]  		found 2 row clusters (in 0.26677 secs)
2025-04-17 19:08:34,142 [DEBUG]  OP: Operation.SPLIT_COLUMNS on slice (17016, 5) (remaining tasks 38)
2025-04-17 19:08:34,460 [DEBUG]  		found 1 col clusters (in 0.31704 secs)
2025-04-17 19:08:34,460 [DEBUG]  OP: Operation.CREATE_LEAF on slice (17016, 1) (remaining tasks 38)
2025-04-17 19:08:34,461 [DEBUG]  		 created leaf IdentityNumericLeaf for scope=[1] (in 0.00110 secs)
2025-04-17 19:08:34,461 [DEBUG]  OP: Operation.CREATE_LEAF on slice (17016, 1) (remaining tasks 37)
2025-04-17 19:08:34,463 [DEBUG]  		 created leaf IdentityNumericLeaf for scope=[16] (in 0.00132 secs)
2025-04-17 19:08:34,463 [DEBUG]  OP: Operation.CREATE_LEAF on slice (17016, 1) (remaining tasks 36)
2025-04-17 19:08:34,464 [DEBUG]  		 created leaf IdentityNumericLeaf for scope=[19] (in 0.00138 secs)
2025-04-17 19:08:34,467 [DEBUG]  OP: Operation.SPLIT_COLUMNS on slice (117644, 7) (remaining tasks 35)
2025-04-17 19:08:35,549 [DEBUG]  		found 1 col clusters (in 1.08189 secs)
2025-04-17 19:08:35,550 [DEBUG]  OP: Operation.CREATE_LEAF on slice (117644, 1) (remaining tasks 35)
2025-04-17 19:08:35,556 [DEBUG]  		 created leaf IdentityNumericLeaf for scope=[16] (in 0.00559 secs)
2025-04-17 19:08:35,556 [DEBUG]  OP: Operation.CREATE_LEAF on slice (15180, 1) (remaining tasks 34)
2025-04-17 19:08:35,557 [DEBUG]  		 created leaf IdentityNumericLeaf for scope=[0] (in 0.00095 secs)
2025-04-17 19:08:35,557 [DEBUG]  OP: Operation.CREATE_LEAF on slice (15180, 1) (remaining tasks 33)
2025-04-17 19:08:35,559 [DEBUG]  		 created leaf IdentityNumericLeaf for scope=[4] (in 0.00131 secs)
2025-04-17 19:08:35,559 [DEBUG]  OP: Operation.CREATE_LEAF on slice (4744, 1) (remaining tasks 32)
2025-04-17 19:08:35,560 [DEBUG]  		 created leaf IdentityNumericLeaf for scope=[0] (in 0.00049 secs)
2025-04-17 19:08:35,560 [DEBUG]  OP: Operation.CREATE_LEAF on slice (4744, 1) (remaining tasks 31)
2025-04-17 19:08:35,561 [DEBUG]  		 created leaf IdentityNumericLeaf for scope=[4] (in 0.00068 secs)
2025-04-17 19:08:35,562 [DEBUG]  OP: Operation.CREATE_LEAF on slice (8785, 1) (remaining tasks 30)
2025-04-17 19:08:35,563 [DEBUG]  		 created leaf IdentityNumericLeaf for scope=[2] (in 0.00050 secs)
2025-04-17 19:08:35,566 [DEBUG]  OP: Operation.CREATE_LEAF on slice (8785, 1) (remaining tasks 29)
2025-04-17 19:08:35,568 [DEBUG]  		 created leaf IdentityNumericLeaf for scope=[1] (in 0.00063 secs)
2025-04-17 19:08:35,572 [DEBUG]  OP: Operation.CREATE_LEAF on slice (11139, 1) (remaining tasks 28)
2025-04-17 19:08:35,573 [DEBUG]  		 created leaf IdentityNumericLeaf for scope=[2] (in 0.00060 secs)
2025-04-17 19:08:35,576 [DEBUG]  OP: Operation.CREATE_LEAF on slice (11139, 1) (remaining tasks 27)
2025-04-17 19:08:35,578 [DEBUG]  		 created leaf IdentityNumericLeaf for scope=[1] (in 0.00071 secs)
2025-04-17 19:08:35,582 [DEBUG]  OP: Operation.SPLIT_ROWS on slice (4732, 2) (remaining tasks 26)
2025-04-17 19:08:35,683 [DEBUG]  		found 2 row clusters (in 0.09846 secs)
2025-04-17 19:08:35,683 [DEBUG]  OP: Operation.CREATE_LEAF on slice (15192, 1) (remaining tasks 27)
2025-04-17 19:08:35,684 [DEBUG]  		 created leaf IdentityNumericLeaf for scope=[15] (in 0.00091 secs)
2025-04-17 19:08:35,684 [DEBUG]  OP: Operation.CREATE_LEAF on slice (15192, 1) (remaining tasks 26)
2025-04-17 19:08:35,685 [DEBUG]  		 created leaf IdentityNumericLeaf for scope=[16] (in 0.00081 secs)
2025-04-17 19:08:35,685 [DEBUG]  OP: Operation.SPLIT_COLUMNS on slice (3356, 4) (remaining tasks 25)
2025-04-17 19:08:35,794 [DEBUG]  		found 1 col clusters (in 0.10911 secs)
2025-04-17 19:08:35,795 [DEBUG]  OP: Operation.CREATE_LEAF on slice (3356, 1) (remaining tasks 25)
2025-04-17 19:08:35,795 [DEBUG]  		 created leaf IdentityNumericLeaf for scope=[4] (in 0.00061 secs)
2025-04-17 19:08:35,796 [DEBUG]  OP: Operation.CREATE_LEAF on slice (8610, 1) (remaining tasks 24)
2025-04-17 19:08:35,797 [DEBUG]  		 created leaf IdentityNumericLeaf for scope=[0] (in 0.00066 secs)
2025-04-17 19:08:35,797 [DEBUG]  OP: Operation.SPLIT_COLUMNS on slice (8610, 3) (remaining tasks 23)
2025-04-17 19:08:36,030 [DEBUG]  		found 1 col clusters (in 0.23254 secs)
2025-04-17 19:08:36,030 [DEBUG]  OP: Operation.CREATE_LEAF on slice (8610, 1) (remaining tasks 23)
2025-04-17 19:08:36,031 [DEBUG]  		 created leaf IdentityNumericLeaf for scope=[4] (in 0.00077 secs)
2025-04-17 19:08:36,031 [DEBUG]  OP: Operation.SPLIT_ROWS on slice (7047, 2) (remaining tasks 22)
2025-04-17 19:08:36,096 [DEBUG]  		found 2 row clusters (in 0.06460 secs)
2025-04-17 19:08:36,097 [DEBUG]  OP: Operation.SPLIT_ROWS on slice (4919, 2) (remaining tasks 23)
2025-04-17 19:08:36,151 [DEBUG]  		found 2 row clusters (in 0.05407 secs)
2025-04-17 19:08:36,152 [DEBUG]  OP: Operation.CREATE_LEAF on slice (12274, 1) (remaining tasks 24)
2025-04-17 19:08:36,153 [DEBUG]  		 created leaf IdentityNumericLeaf for scope=[14] (in 0.00086 secs)
2025-04-17 19:08:36,153 [DEBUG]  OP: Operation.CREATE_LEAF on slice (12274, 1) (remaining tasks 23)
2025-04-17 19:08:36,154 [DEBUG]  		 created leaf IdentityNumericLeaf for scope=[17] (in 0.00079 secs)
2025-04-17 19:08:36,154 [DEBUG]  OP: Operation.CREATE_LEAF on slice (3335, 1) (remaining tasks 22)
2025-04-17 19:08:36,155 [DEBUG]  		 created leaf IdentityNumericLeaf for scope=[14] (in 0.00041 secs)
2025-04-17 19:08:36,155 [DEBUG]  OP: Operation.CREATE_LEAF on slice (3335, 1) (remaining tasks 21)
2025-04-17 19:08:36,155 [DEBUG]  		 created leaf IdentityNumericLeaf for scope=[17] (in 0.00041 secs)
2025-04-17 19:08:36,156 [DEBUG]  OP: Operation.CREATE_LEAF on slice (9752, 1) (remaining tasks 20)
2025-04-17 19:08:36,157 [DEBUG]  		 created leaf IdentityNumericLeaf for scope=[14] (in 0.00074 secs)
2025-04-17 19:08:36,157 [DEBUG]  OP: Operation.CREATE_LEAF on slice (9752, 1) (remaining tasks 19)
2025-04-17 19:08:36,158 [DEBUG]  		 created leaf IdentityNumericLeaf for scope=[17] (in 0.00072 secs)
2025-04-17 19:08:36,158 [DEBUG]  OP: Operation.CREATE_LEAF on slice (6529, 1) (remaining tasks 18)
2025-04-17 19:08:36,159 [DEBUG]  		 created leaf IdentityNumericLeaf for scope=[14] (in 0.00058 secs)
2025-04-17 19:08:36,159 [DEBUG]  OP: Operation.CREATE_LEAF on slice (6529, 1) (remaining tasks 17)
2025-04-17 19:08:36,160 [DEBUG]  		 created leaf IdentityNumericLeaf for scope=[17] (in 0.00057 secs)
2025-04-17 19:08:36,160 [DEBUG]  OP: Operation.CREATE_LEAF on slice (8312, 1) (remaining tasks 16)
2025-04-17 19:08:36,161 [DEBUG]  		 created leaf IdentityNumericLeaf for scope=[20] (in 0.00071 secs)
2025-04-17 19:08:36,161 [DEBUG]  OP: Operation.CREATE_LEAF on slice (8312, 1) (remaining tasks 15)
2025-04-17 19:08:36,162 [DEBUG]  		 created leaf IdentityNumericLeaf for scope=[21] (in 0.00067 secs)
2025-04-17 19:08:36,163 [DEBUG]  OP: Operation.SPLIT_ROWS on slice (7969, 2) (remaining tasks 14)
2025-04-17 19:08:36,208 [DEBUG]  		found 2 row clusters (in 0.04453 secs)
2025-04-17 19:08:36,210 [DEBUG]  OP: Operation.SPLIT_COLUMNS on slice (16189, 3) (remaining tasks 15)
2025-04-17 19:08:36,324 [DEBUG]  		found 1 col clusters (in 0.11434 secs)
2025-04-17 19:08:36,326 [DEBUG]  OP: Operation.SPLIT_COLUMNS on slice (12252, 3) (remaining tasks 15)
2025-04-17 19:08:36,571 [DEBUG]  		found 2 col clusters (in 0.24444 secs)
2025-04-17 19:08:36,574 [DEBUG]  OP: Operation.SPLIT_COLUMNS on slice (24558, 3) (remaining tasks 16)
2025-04-17 19:08:36,831 [DEBUG]  		found 2 col clusters (in 0.25709 secs)
2025-04-17 19:08:36,835 [DEBUG]  OP: Operation.SPLIT_COLUMNS on slice (34131, 3) (remaining tasks 17)
2025-04-17 19:08:37,082 [DEBUG]  		found 1 col clusters (in 0.24700 secs)
2025-04-17 19:08:37,083 [DEBUG]  OP: Operation.SPLIT_ROWS on slice (17016, 5) (remaining tasks 17)
2025-04-17 19:08:37,315 [DEBUG]  		found 2 row clusters (in 0.23176 secs)
2025-04-17 19:08:37,318 [DEBUG]  OP: Operation.SPLIT_ROWS on slice (117644, 7) (remaining tasks 18)
2025-04-17 19:08:38,369 [DEBUG]  		found 2 row clusters (in 1.05041 secs)
2025-04-17 19:08:38,369 [DEBUG]  OP: Operation.NAIVE_FACTORIZATION on slice (1697, 2) (remaining tasks 19)
2025-04-17 19:08:38,373 [DEBUG]  		naive factorization 2 columns (in 0.00370 secs)
2025-04-17 19:08:38,374 [DEBUG]  OP: Operation.SPLIT_COLUMNS on slice (3035, 2) (remaining tasks 18)
2025-04-17 19:08:38,481 [DEBUG]  		found 1 col clusters (in 0.10716 secs)
2025-04-17 19:08:38,481 [DEBUG]  OP: Operation.SPLIT_ROWS on slice (3356, 4) (remaining tasks 18)
2025-04-17 19:08:38,542 [DEBUG]  		found 2 row clusters (in 0.06067 secs)
2025-04-17 19:08:38,543 [DEBUG]  OP: Operation.SPLIT_ROWS on slice (8610, 3) (remaining tasks 19)
2025-04-17 19:08:38,590 [DEBUG]  		found 2 row clusters (in 0.04743 secs)
2025-04-17 19:08:38,591 [DEBUG]  OP: Operation.NAIVE_FACTORIZATION on slice (1344, 2) (remaining tasks 20)
2025-04-17 19:08:38,594 [DEBUG]  		naive factorization 2 columns (in 0.00293 secs)
2025-04-17 19:08:38,594 [DEBUG]  OP: Operation.SPLIT_COLUMNS on slice (5703, 2) (remaining tasks 19)
2025-04-17 19:08:38,701 [DEBUG]  		found 1 col clusters (in 0.10661 secs)
2025-04-17 19:08:38,702 [DEBUG]  OP: Operation.SPLIT_COLUMNS on slice (2609, 2) (remaining tasks 19)
2025-04-17 19:08:38,808 [DEBUG]  		found 2 col clusters (in 0.10673 secs)
2025-04-17 19:08:38,809 [DEBUG]  OP: Operation.NAIVE_FACTORIZATION on slice (2310, 2) (remaining tasks 20)
2025-04-17 19:08:38,812 [DEBUG]  		naive factorization 2 columns (in 0.00319 secs)
2025-04-17 19:08:38,813 [DEBUG]  OP: Operation.SPLIT_COLUMNS on slice (4690, 2) (remaining tasks 19)
2025-04-17 19:08:38,920 [DEBUG]  		found 2 col clusters (in 0.10721 secs)
2025-04-17 19:08:38,921 [DEBUG]  OP: Operation.SPLIT_COLUMNS on slice (3279, 2) (remaining tasks 20)
2025-04-17 19:08:39,028 [DEBUG]  		found 1 col clusters (in 0.10693 secs)
2025-04-17 19:08:39,030 [DEBUG]  OP: Operation.SPLIT_ROWS on slice (16189, 3) (remaining tasks 20)
2025-04-17 19:08:39,170 [DEBUG]  		found 2 row clusters (in 0.14004 secs)
2025-04-17 19:08:39,171 [DEBUG]  OP: Operation.SPLIT_COLUMNS on slice (12252, 2) (remaining tasks 21)
2025-04-17 19:08:39,282 [DEBUG]  		found 1 col clusters (in 0.11090 secs)
2025-04-17 19:08:39,282 [DEBUG]  OP: Operation.CREATE_LEAF on slice (12252, 1) (remaining tasks 21)
2025-04-17 19:08:39,283 [DEBUG]  		 created leaf IdentityNumericLeaf for scope=[20] (in 0.00104 secs)
2025-04-17 19:08:39,284 [DEBUG]  OP: Operation.SPLIT_COLUMNS on slice (24558, 2) (remaining tasks 20)
2025-04-17 19:08:39,507 [DEBUG]  		found 1 col clusters (in 0.22323 secs)
2025-04-17 19:08:39,507 [DEBUG]  OP: Operation.CREATE_LEAF on slice (24558, 1) (remaining tasks 20)
2025-04-17 19:08:39,509 [DEBUG]  		 created leaf IdentityNumericLeaf for scope=[20] (in 0.00153 secs)
2025-04-17 19:08:39,513 [DEBUG]  OP: Operation.SPLIT_ROWS on slice (34131, 3) (remaining tasks 19)
2025-04-17 19:08:39,656 [DEBUG]  		found 2 row clusters (in 0.14270 secs)
2025-04-17 19:08:39,657 [DEBUG]  OP: Operation.SPLIT_COLUMNS on slice (10431, 5) (remaining tasks 20)
2025-04-17 19:08:40,048 [DEBUG]  		found 3 col clusters (in 0.39123 secs)
2025-04-17 19:08:40,050 [DEBUG]  OP: Operation.SPLIT_COLUMNS on slice (6585, 5) (remaining tasks 22)
2025-04-17 19:08:40,631 [DEBUG]  		found 5 col clusters (in 0.58063 secs)
2025-04-17 19:08:40,640 [DEBUG]  OP: Operation.SPLIT_COLUMNS on slice (76275, 7) (remaining tasks 26)
2025-04-17 19:08:41,703 [DEBUG]  		found 5 col clusters (in 1.06214 secs)
2025-04-17 19:08:41,708 [DEBUG]  OP: Operation.SPLIT_COLUMNS on slice (41369, 7) (remaining tasks 30)
2025-04-17 19:08:42,857 [DEBUG]  		found 5 col clusters (in 1.14914 secs)
2025-04-17 19:08:42,858 [DEBUG]  OP: Operation.SPLIT_ROWS on slice (3035, 2) (remaining tasks 34)
2025-04-17 19:08:43,027 [DEBUG]  		found 2 row clusters (in 0.16803 secs)
2025-04-17 19:08:43,027 [DEBUG]  OP: Operation.NAIVE_FACTORIZATION on slice (1660, 4) (remaining tasks 35)
2025-04-17 19:08:43,030 [DEBUG]  		naive factorization 4 columns (in 0.00299 secs)
2025-04-17 19:08:43,031 [DEBUG]  OP: Operation.NAIVE_FACTORIZATION on slice (1696, 4) (remaining tasks 34)
2025-04-17 19:08:43,034 [DEBUG]  		naive factorization 4 columns (in 0.00340 secs)
2025-04-17 19:08:43,035 [DEBUG]  OP: Operation.SPLIT_COLUMNS on slice (3320, 3) (remaining tasks 33)
2025-04-17 19:08:43,140 [DEBUG]  		found 1 col clusters (in 0.10543 secs)
2025-04-17 19:08:43,141 [DEBUG]  OP: Operation.SPLIT_COLUMNS on slice (5290, 3) (remaining tasks 33)
2025-04-17 19:08:43,331 [DEBUG]  		found 3 col clusters (in 0.18967 secs)
2025-04-17 19:08:43,332 [DEBUG]  OP: Operation.SPLIT_ROWS on slice (5703, 2) (remaining tasks 35)
2025-04-17 19:08:43,387 [DEBUG]  		found 2 row clusters (in 0.05407 secs)
2025-04-17 19:08:43,389 [DEBUG]  OP: Operation.CREATE_LEAF on slice (2609, 1) (remaining tasks 36)
2025-04-17 19:08:43,389 [DEBUG]  		 created leaf IdentityNumericLeaf for scope=[15] (in 0.00039 secs)
2025-04-17 19:08:43,389 [DEBUG]  OP: Operation.CREATE_LEAF on slice (2609, 1) (remaining tasks 35)
2025-04-17 19:08:43,390 [DEBUG]  		 created leaf IdentityNumericLeaf for scope=[16] (in 0.00042 secs)
2025-04-17 19:08:43,390 [DEBUG]  OP: Operation.CREATE_LEAF on slice (4690, 1) (remaining tasks 34)
2025-04-17 19:08:43,391 [DEBUG]  		 created leaf IdentityNumericLeaf for scope=[20] (in 0.00048 secs)
2025-04-17 19:08:43,391 [DEBUG]  OP: Operation.CREATE_LEAF on slice (4690, 1) (remaining tasks 33)
2025-04-17 19:08:43,391 [DEBUG]  		 created leaf IdentityNumericLeaf for scope=[21] (in 0.00050 secs)
2025-04-17 19:08:43,392 [DEBUG]  OP: Operation.SPLIT_ROWS on slice (3279, 2) (remaining tasks 32)
2025-04-17 19:08:43,442 [DEBUG]  		found 2 row clusters (in 0.05024 secs)
2025-04-17 19:08:43,454 [DEBUG]  OP: Operation.SPLIT_COLUMNS on slice (8565, 3) (remaining tasks 33)
2025-04-17 19:08:43,599 [DEBUG]  		found 1 col clusters (in 0.14466 secs)
2025-04-17 19:08:43,600 [DEBUG]  OP: Operation.SPLIT_COLUMNS on slice (7624, 3) (remaining tasks 33)
2025-04-17 19:08:43,826 [DEBUG]  		found 1 col clusters (in 0.22658 secs)
2025-04-17 19:08:43,827 [DEBUG]  OP: Operation.SPLIT_ROWS on slice (12252, 2) (remaining tasks 33)
2025-04-17 19:08:43,996 [DEBUG]  		found 2 row clusters (in 0.16871 secs)
2025-04-17 19:08:43,997 [DEBUG]  OP: Operation.SPLIT_ROWS on slice (24558, 2) (remaining tasks 34)
2025-04-17 19:08:44,095 [DEBUG]  		found 2 row clusters (in 0.09841 secs)
2025-04-17 19:08:44,098 [DEBUG]  OP: Operation.SPLIT_COLUMNS on slice (25098, 3) (remaining tasks 35)
2025-04-17 19:08:44,214 [DEBUG]  		found 3 col clusters (in 0.11556 secs)
2025-04-17 19:08:44,216 [DEBUG]  OP: Operation.SPLIT_COLUMNS on slice (9033, 3) (remaining tasks 37)
2025-04-17 19:08:44,462 [DEBUG]  		found 1 col clusters (in 0.24592 secs)
2025-04-17 19:08:44,462 [DEBUG]  OP: Operation.CREATE_LEAF on slice (10431, 1) (remaining tasks 37)
2025-04-17 19:08:44,463 [DEBUG]  		 created leaf IdentityNumericLeaf for scope=[0] (in 0.00074 secs)
2025-04-17 19:08:44,464 [DEBUG]  OP: Operation.SPLIT_COLUMNS on slice (10431, 2) (remaining tasks 36)
2025-04-17 19:08:44,726 [DEBUG]  		found 1 col clusters (in 0.26203 secs)
2025-04-17 19:08:44,726 [DEBUG]  OP: Operation.SPLIT_COLUMNS on slice (10431, 2) (remaining tasks 36)
2025-04-17 19:08:44,943 [DEBUG]  		found 1 col clusters (in 0.21683 secs)
2025-04-17 19:08:44,944 [DEBUG]  OP: Operation.CREATE_LEAF on slice (6585, 1) (remaining tasks 36)
2025-04-17 19:08:44,944 [DEBUG]  		 created leaf IdentityNumericLeaf for scope=[0] (in 0.00051 secs)
2025-04-17 19:08:44,944 [DEBUG]  OP: Operation.CREATE_LEAF on slice (6585, 1) (remaining tasks 35)
2025-04-17 19:08:44,945 [DEBUG]  		 created leaf IdentityNumericLeaf for scope=[14] (in 0.00054 secs)
2025-04-17 19:08:44,945 [DEBUG]  OP: Operation.CREATE_LEAF on slice (6585, 1) (remaining tasks 34)
2025-04-17 19:08:44,946 [DEBUG]  		 created leaf IdentityNumericLeaf for scope=[17] (in 0.00046 secs)
2025-04-17 19:08:44,946 [DEBUG]  OP: Operation.CREATE_LEAF on slice (6585, 1) (remaining tasks 33)
2025-04-17 19:08:44,946 [DEBUG]  		 created leaf IdentityNumericLeaf for scope=[20] (in 0.00052 secs)
2025-04-17 19:08:44,947 [DEBUG]  OP: Operation.CREATE_LEAF on slice (6585, 1) (remaining tasks 32)
2025-04-17 19:08:44,947 [DEBUG]  		 created leaf IdentityNumericLeaf for scope=[21] (in 0.00054 secs)
2025-04-17 19:08:44,948 [DEBUG]  OP: Operation.SPLIT_COLUMNS on slice (76275, 2) (remaining tasks 31)
2025-04-17 19:08:45,169 [DEBUG]  		found 1 col clusters (in 0.22093 secs)
2025-04-17 19:08:45,169 [DEBUG]  OP: Operation.CREATE_LEAF on slice (76275, 1) (remaining tasks 31)
2025-04-17 19:08:45,173 [DEBUG]  		 created leaf IdentityNumericLeaf for scope=[1] (in 0.00423 secs)
2025-04-17 19:08:45,174 [DEBUG]  OP: Operation.CREATE_LEAF on slice (76275, 1) (remaining tasks 30)
2025-04-17 19:08:45,177 [DEBUG]  		 created leaf IdentityNumericLeaf for scope=[17] (in 0.00335 secs)
2025-04-17 19:08:45,177 [DEBUG]  OP: Operation.CREATE_LEAF on slice (76275, 1) (remaining tasks 29)
2025-04-17 19:08:45,182 [DEBUG]  		 created leaf IdentityNumericLeaf for scope=[19] (in 0.00481 secs)
2025-04-17 19:08:45,183 [DEBUG]  OP: Operation.SPLIT_COLUMNS on slice (76275, 2) (remaining tasks 28)
2025-04-17 19:08:45,384 [DEBUG]  		found 1 col clusters (in 0.20117 secs)
2025-04-17 19:08:45,384 [DEBUG]  OP: Operation.CREATE_LEAF on slice (41369, 1) (remaining tasks 28)
2025-04-17 19:08:45,386 [DEBUG]  		 created leaf IdentityNumericLeaf for scope=[0] (in 0.00198 secs)
2025-04-17 19:08:45,387 [DEBUG]  OP: Operation.CREATE_LEAF on slice (41369, 1) (remaining tasks 27)
2025-04-17 19:08:45,389 [DEBUG]  		 created leaf IdentityNumericLeaf for scope=[1] (in 0.00223 secs)
2025-04-17 19:08:45,389 [DEBUG]  OP: Operation.SPLIT_COLUMNS on slice (41369, 2) (remaining tasks 26)
2025-04-17 19:08:45,507 [DEBUG]  		found 1 col clusters (in 0.11715 secs)
2025-04-17 19:08:45,507 [DEBUG]  OP: Operation.SPLIT_COLUMNS on slice (41369, 2) (remaining tasks 26)
2025-04-17 19:08:45,722 [DEBUG]  		found 1 col clusters (in 0.21473 secs)
2025-04-17 19:08:45,722 [DEBUG]  OP: Operation.CREATE_LEAF on slice (41369, 1) (remaining tasks 26)
2025-04-17 19:08:45,725 [DEBUG]  		 created leaf IdentityNumericLeaf for scope=[20] (in 0.00208 secs)
2025-04-17 19:08:45,725 [DEBUG]  OP: Operation.NAIVE_FACTORIZATION on slice (2438, 2) (remaining tasks 25)
2025-04-17 19:08:45,728 [DEBUG]  		naive factorization 2 columns (in 0.00326 secs)
2025-04-17 19:08:45,729 [DEBUG]  OP: Operation.NAIVE_FACTORIZATION on slice (597, 2) (remaining tasks 24)
2025-04-17 19:08:45,731 [DEBUG]  		naive factorization 2 columns (in 0.00272 secs)
2025-04-17 19:08:45,732 [DEBUG]  OP: Operation.SPLIT_ROWS on slice (3320, 3) (remaining tasks 23)
2025-04-17 19:08:45,756 [DEBUG]  		found 2 row clusters (in 0.02364 secs)
2025-04-17 19:08:45,756 [DEBUG]  OP: Operation.CREATE_LEAF on slice (5290, 1) (remaining tasks 24)
2025-04-17 19:08:45,756 [DEBUG]  		 created leaf IdentityNumericLeaf for scope=[1] (in 0.00038 secs)
2025-04-17 19:08:45,756 [DEBUG]  OP: Operation.CREATE_LEAF on slice (5290, 1) (remaining tasks 23)
2025-04-17 19:08:45,757 [DEBUG]  		 created leaf IdentityNumericLeaf for scope=[2] (in 0.00038 secs)
2025-04-17 19:08:45,757 [DEBUG]  OP: Operation.CREATE_LEAF on slice (5290, 1) (remaining tasks 22)
2025-04-17 19:08:45,757 [DEBUG]  		 created leaf IdentityNumericLeaf for scope=[19] (in 0.00043 secs)
2025-04-17 19:08:45,758 [DEBUG]  OP: Operation.SPLIT_COLUMNS on slice (5167, 2) (remaining tasks 21)
2025-04-17 19:08:45,864 [DEBUG]  		found 1 col clusters (in 0.10572 secs)
2025-04-17 19:08:45,864 [DEBUG]  OP: Operation.NAIVE_FACTORIZATION on slice (536, 2) (remaining tasks 21)
2025-04-17 19:08:45,867 [DEBUG]  		naive factorization 2 columns (in 0.00299 secs)
2025-04-17 19:08:45,868 [DEBUG]  OP: Operation.REMOVE_UNINFORMATIVE_FEATURES on slice (1618, 2) (remaining tasks 20)
2025-04-17 19:08:45,868 [DEBUG]  OP: Operation.NAIVE_FACTORIZATION on slice (1661, 2) (remaining tasks 21)
2025-04-17 19:08:45,871 [DEBUG]  		naive factorization 2 columns (in 0.00290 secs)
2025-04-17 19:08:45,873 [DEBUG]  OP: Operation.SPLIT_ROWS on slice (8565, 3) (remaining tasks 20)
2025-04-17 19:08:45,943 [DEBUG]  		found 2 row clusters (in 0.07058 secs)
2025-04-17 19:08:45,944 [DEBUG]  OP: Operation.SPLIT_ROWS on slice (7624, 3) (remaining tasks 21)
2025-04-17 19:08:45,987 [DEBUG]  		found 2 row clusters (in 0.04201 secs)
2025-04-17 19:08:45,987 [DEBUG]  OP: Operation.SPLIT_COLUMNS on slice (4933, 2) (remaining tasks 22)
2025-04-17 19:08:46,093 [DEBUG]  		found 1 col clusters (in 0.10610 secs)
2025-04-17 19:08:46,094 [DEBUG]  OP: Operation.SPLIT_COLUMNS on slice (7319, 2) (remaining tasks 22)
2025-04-17 19:08:46,201 [DEBUG]  		found 1 col clusters (in 0.10688 secs)
2025-04-17 19:08:46,203 [DEBUG]  OP: Operation.SPLIT_COLUMNS on slice (12772, 2) (remaining tasks 22)
2025-04-17 19:08:46,320 [DEBUG]  		found 1 col clusters (in 0.11670 secs)
2025-04-17 19:08:46,322 [DEBUG]  OP: Operation.REMOVE_UNINFORMATIVE_FEATURES on slice (11786, 2) (remaining tasks 22)
2025-04-17 19:08:46,322 [DEBUG]  OP: Operation.CREATE_LEAF on slice (25098, 1) (remaining tasks 23)
2025-04-17 19:08:46,324 [DEBUG]  		 created leaf IdentityNumericLeaf for scope=[19] (in 0.00147 secs)
2025-04-17 19:08:46,324 [DEBUG]  OP: Operation.CREATE_LEAF on slice (25098, 1) (remaining tasks 22)
2025-04-17 19:08:46,325 [DEBUG]  		 created leaf IdentityNumericLeaf for scope=[20] (in 0.00154 secs)
2025-04-17 19:08:46,326 [DEBUG]  OP: Operation.CREATE_LEAF on slice (25098, 1) (remaining tasks 21)
2025-04-17 19:08:46,327 [DEBUG]  		 created leaf IdentityNumericLeaf for scope=[21] (in 0.00134 secs)
2025-04-17 19:08:46,328 [DEBUG]  OP: Operation.SPLIT_ROWS on slice (9033, 3) (remaining tasks 20)
2025-04-17 19:08:46,434 [DEBUG]  		found 2 row clusters (in 0.10525 secs)
2025-04-17 19:08:46,434 [DEBUG]  OP: Operation.SPLIT_ROWS on slice (10431, 2) (remaining tasks 21)
2025-04-17 19:08:46,468 [DEBUG]  		found 2 row clusters (in 0.03404 secs)
2025-04-17 19:08:46,468 [DEBUG]  OP: Operation.SPLIT_ROWS on slice (10431, 2) (remaining tasks 22)
2025-04-17 19:08:46,513 [DEBUG]  		found 2 row clusters (in 0.04465 secs)
2025-04-17 19:08:46,514 [DEBUG]  OP: Operation.SPLIT_ROWS on slice (76275, 2) (remaining tasks 23)
2025-04-17 19:08:46,657 [DEBUG]  		found 2 row clusters (in 0.14273 secs)
2025-04-17 19:08:46,657 [DEBUG]  OP: Operation.SPLIT_ROWS on slice (76275, 2) (remaining tasks 24)
2025-04-17 19:08:46,866 [DEBUG]  		found 2 row clusters (in 0.20847 secs)
2025-04-17 19:08:46,866 [DEBUG]  OP: Operation.SPLIT_ROWS on slice (41369, 2) (remaining tasks 25)
2025-04-17 19:08:46,960 [DEBUG]  		found 2 row clusters (in 0.09365 secs)
2025-04-17 19:08:46,961 [DEBUG]  OP: Operation.SPLIT_ROWS on slice (41369, 2) (remaining tasks 26)
2025-04-17 19:08:47,123 [DEBUG]  		found 2 row clusters (in 0.16258 secs)
2025-04-17 19:08:47,124 [DEBUG]  OP: Operation.NAIVE_FACTORIZATION on slice (2458, 3) (remaining tasks 27)
2025-04-17 19:08:47,127 [DEBUG]  		naive factorization 3 columns (in 0.00348 secs)
2025-04-17 19:08:47,128 [DEBUG]  OP: Operation.NAIVE_FACTORIZATION on slice (862, 3) (remaining tasks 26)
2025-04-17 19:08:47,131 [DEBUG]  		naive factorization 3 columns (in 0.00282 secs)
2025-04-17 19:08:47,131 [DEBUG]  OP: Operation.SPLIT_ROWS on slice (5167, 2) (remaining tasks 25)
2025-04-17 19:08:47,153 [DEBUG]  		found 2 row clusters (in 0.02189 secs)
2025-04-17 19:08:47,153 [DEBUG]  OP: Operation.CREATE_LEAF on slice (1618, 1) (remaining tasks 26)
2025-04-17 19:08:47,154 [DEBUG]  		 created leaf IdentityNumericLeaf for scope=[21] (in 0.00026 secs)
2025-04-17 19:08:47,154 [DEBUG]  OP: Operation.CREATE_LEAF on slice (1618, 1) (remaining tasks 25)
2025-04-17 19:08:47,154 [DEBUG]  		 created leaf IdentityNumericLeaf for scope=[20] (in 0.00024 secs)
2025-04-17 19:08:47,154 [DEBUG]  OP: Operation.SPLIT_COLUMNS on slice (4459, 3) (remaining tasks 24)
2025-04-17 19:08:47,261 [DEBUG]  		found 1 col clusters (in 0.10668 secs)
2025-04-17 19:08:47,262 [DEBUG]  OP: Operation.SPLIT_COLUMNS on slice (4106, 3) (remaining tasks 24)
2025-04-17 19:08:47,451 [DEBUG]  		found 1 col clusters (in 0.18887 secs)
2025-04-17 19:08:47,452 [DEBUG]  OP: Operation.SPLIT_COLUMNS on slice (3021, 3) (remaining tasks 24)
2025-04-17 19:08:47,684 [DEBUG]  		found 1 col clusters (in 0.23199 secs)
2025-04-17 19:08:47,685 [DEBUG]  OP: Operation.SPLIT_COLUMNS on slice (4603, 3) (remaining tasks 24)
2025-04-17 19:08:47,894 [DEBUG]  		found 1 col clusters (in 0.20864 secs)
2025-04-17 19:08:47,895 [DEBUG]  OP: Operation.SPLIT_ROWS on slice (4933, 2) (remaining tasks 24)
2025-04-17 19:08:47,951 [DEBUG]  		found 2 row clusters (in 0.05632 secs)
2025-04-17 19:08:47,952 [DEBUG]  OP: Operation.SPLIT_ROWS on slice (7319, 2) (remaining tasks 25)
2025-04-17 19:08:48,035 [DEBUG]  		found 2 row clusters (in 0.08259 secs)
2025-04-17 19:08:48,036 [DEBUG]  OP: Operation.SPLIT_ROWS on slice (12772, 2) (remaining tasks 26)
2025-04-17 19:08:48,072 [DEBUG]  		found 2 row clusters (in 0.03531 secs)
2025-04-17 19:08:48,072 [DEBUG]  OP: Operation.CREATE_LEAF on slice (11786, 1) (remaining tasks 27)
2025-04-17 19:08:48,072 [DEBUG]  		 created leaf IdentityNumericLeaf for scope=[19] (in 0.00048 secs)
2025-04-17 19:08:48,072 [DEBUG]  OP: Operation.CREATE_LEAF on slice (11786, 1) (remaining tasks 26)
2025-04-17 19:08:48,073 [DEBUG]  		 created leaf IdentityNumericLeaf for scope=[21] (in 0.00059 secs)
2025-04-17 19:08:48,073 [DEBUG]  OP: Operation.SPLIT_COLUMNS on slice (5503, 3) (remaining tasks 25)
2025-04-17 19:08:48,181 [DEBUG]  		found 1 col clusters (in 0.10749 secs)
2025-04-17 19:08:48,182 [DEBUG]  OP: Operation.SPLIT_COLUMNS on slice (3530, 3) (remaining tasks 25)
2025-04-17 19:08:48,369 [DEBUG]  		found 1 col clusters (in 0.18700 secs)
2025-04-17 19:08:48,370 [DEBUG]  OP: Operation.SPLIT_COLUMNS on slice (6672, 2) (remaining tasks 25)
2025-04-17 19:08:48,595 [DEBUG]  		found 2 col clusters (in 0.22444 secs)
2025-04-17 19:08:48,595 [DEBUG]  OP: Operation.SPLIT_COLUMNS on slice (3759, 2) (remaining tasks 26)
2025-04-17 19:08:48,701 [DEBUG]  		found 2 col clusters (in 0.10583 secs)
2025-04-17 19:08:48,703 [DEBUG]  OP: Operation.SPLIT_COLUMNS on slice (4453, 2) (remaining tasks 27)
2025-04-17 19:08:48,810 [DEBUG]  		found 1 col clusters (in 0.10719 secs)
2025-04-17 19:08:48,811 [DEBUG]  OP: Operation.SPLIT_COLUMNS on slice (5978, 2) (remaining tasks 27)
2025-04-17 19:08:48,920 [DEBUG]  		found 1 col clusters (in 0.10826 secs)
2025-04-17 19:08:48,925 [DEBUG]  OP: Operation.SPLIT_COLUMNS on slice (51549, 2) (remaining tasks 27)
2025-04-17 19:08:49,040 [DEBUG]  		found 2 col clusters (in 0.11517 secs)
2025-04-17 19:08:49,043 [DEBUG]  OP: Operation.SPLIT_COLUMNS on slice (24726, 2) (remaining tasks 28)
2025-04-17 19:08:49,254 [DEBUG]  		found 2 col clusters (in 0.21101 secs)
2025-04-17 19:08:49,257 [DEBUG]  OP: Operation.SPLIT_COLUMNS on slice (49193, 2) (remaining tasks 29)
2025-04-17 19:08:49,477 [DEBUG]  		found 1 col clusters (in 0.21892 secs)
2025-04-17 19:08:49,479 [DEBUG]  OP: Operation.SPLIT_COLUMNS on slice (27082, 2) (remaining tasks 29)
2025-04-17 19:08:49,595 [DEBUG]  		found 1 col clusters (in 0.11546 secs)
2025-04-17 19:08:49,597 [DEBUG]  OP: Operation.SPLIT_COLUMNS on slice (17169, 2) (remaining tasks 29)
2025-04-17 19:08:49,814 [DEBUG]  		found 2 col clusters (in 0.21632 secs)
2025-04-17 19:08:49,817 [DEBUG]  OP: Operation.SPLIT_COLUMNS on slice (24200, 2) (remaining tasks 30)
2025-04-17 19:08:49,928 [DEBUG]  		found 2 col clusters (in 0.11145 secs)
2025-04-17 19:08:49,931 [DEBUG]  OP: Operation.SPLIT_COLUMNS on slice (22005, 2) (remaining tasks 31)
2025-04-17 19:08:50,147 [DEBUG]  		found 1 col clusters (in 0.21577 secs)
2025-04-17 19:08:50,149 [DEBUG]  OP: Operation.SPLIT_COLUMNS on slice (19364, 2) (remaining tasks 31)
2025-04-17 19:08:50,374 [DEBUG]  		found 1 col clusters (in 0.22462 secs)
2025-04-17 19:08:50,375 [DEBUG]  OP: Operation.SPLIT_COLUMNS on slice (4918, 2) (remaining tasks 31)
2025-04-17 19:08:50,482 [DEBUG]  		found 1 col clusters (in 0.10753 secs)
2025-04-17 19:08:50,483 [DEBUG]  OP: Operation.NAIVE_FACTORIZATION on slice (249, 2) (remaining tasks 31)
2025-04-17 19:08:50,486 [DEBUG]  		naive factorization 2 columns (in 0.00303 secs)
2025-04-17 19:08:50,486 [DEBUG]  OP: Operation.SPLIT_ROWS on slice (4459, 3) (remaining tasks 30)
2025-04-17 19:08:50,526 [DEBUG]  		found 2 row clusters (in 0.03939 secs)
2025-04-17 19:08:50,527 [DEBUG]  OP: Operation.SPLIT_ROWS on slice (4106, 3) (remaining tasks 31)
2025-04-17 19:08:50,559 [DEBUG]  		found 2 row clusters (in 0.03197 secs)
2025-04-17 19:08:50,559 [DEBUG]  OP: Operation.SPLIT_ROWS on slice (3021, 3) (remaining tasks 32)
2025-04-17 19:08:50,590 [DEBUG]  		found 2 row clusters (in 0.03056 secs)
2025-04-17 19:08:50,591 [DEBUG]  OP: Operation.SPLIT_ROWS on slice (4603, 3) (remaining tasks 33)
2025-04-17 19:08:50,615 [DEBUG]  		found 2 row clusters (in 0.02380 secs)
2025-04-17 19:08:50,615 [DEBUG]  OP: Operation.SPLIT_COLUMNS on slice (2545, 2) (remaining tasks 34)
2025-04-17 19:08:50,721 [DEBUG]  		found 1 col clusters (in 0.10575 secs)
2025-04-17 19:08:50,721 [DEBUG]  OP: Operation.NAIVE_FACTORIZATION on slice (2388, 2) (remaining tasks 34)
2025-04-17 19:08:50,723 [DEBUG]  		naive factorization 2 columns (in 0.00200 secs)
2025-04-17 19:08:50,724 [DEBUG]  OP: Operation.NAIVE_FACTORIZATION on slice (2432, 2) (remaining tasks 33)
2025-04-17 19:08:50,726 [DEBUG]  		naive factorization 2 columns (in 0.00192 secs)
2025-04-17 19:08:50,727 [DEBUG]  OP: Operation.SPLIT_COLUMNS on slice (4887, 2) (remaining tasks 32)
2025-04-17 19:08:50,836 [DEBUG]  		found 1 col clusters (in 0.10857 secs)
2025-04-17 19:08:50,837 [DEBUG]  OP: Operation.REMOVE_UNINFORMATIVE_FEATURES on slice (8533, 2) (remaining tasks 32)
2025-04-17 19:08:50,838 [DEBUG]  OP: Operation.NAIVE_FACTORIZATION on slice (4239, 2) (remaining tasks 33)
2025-04-17 19:08:50,840 [DEBUG]  		naive factorization 2 columns (in 0.00191 secs)
2025-04-17 19:08:50,841 [DEBUG]  OP: Operation.SPLIT_ROWS on slice (5503, 3) (remaining tasks 32)
2025-04-17 19:08:50,886 [DEBUG]  		found 2 row clusters (in 0.04512 secs)
2025-04-17 19:08:50,887 [DEBUG]  OP: Operation.SPLIT_ROWS on slice (3530, 3) (remaining tasks 33)
2025-04-17 19:08:50,919 [DEBUG]  		found 2 row clusters (in 0.03268 secs)
2025-04-17 19:08:50,920 [DEBUG]  OP: Operation.CREATE_LEAF on slice (6672, 1) (remaining tasks 34)
2025-04-17 19:08:50,920 [DEBUG]  		 created leaf IdentityNumericLeaf for scope=[14] (in 0.00057 secs)
2025-04-17 19:08:50,920 [DEBUG]  OP: Operation.CREATE_LEAF on slice (6672, 1) (remaining tasks 33)
2025-04-17 19:08:50,921 [DEBUG]  		 created leaf IdentityNumericLeaf for scope=[17] (in 0.00054 secs)
2025-04-17 19:08:50,921 [DEBUG]  OP: Operation.CREATE_LEAF on slice (3759, 1) (remaining tasks 32)
2025-04-17 19:08:50,922 [DEBUG]  		 created leaf IdentityNumericLeaf for scope=[14] (in 0.00039 secs)
2025-04-17 19:08:50,922 [DEBUG]  OP: Operation.CREATE_LEAF on slice (3759, 1) (remaining tasks 31)
2025-04-17 19:08:50,922 [DEBUG]  		 created leaf IdentityNumericLeaf for scope=[17] (in 0.00036 secs)
2025-04-17 19:08:50,923 [DEBUG]  OP: Operation.SPLIT_ROWS on slice (4453, 2) (remaining tasks 30)
2025-04-17 19:08:50,953 [DEBUG]  		found 2 row clusters (in 0.03000 secs)
2025-04-17 19:08:50,953 [DEBUG]  OP: Operation.SPLIT_ROWS on slice (5978, 2) (remaining tasks 31)
2025-04-17 19:08:50,977 [DEBUG]  		found 2 row clusters (in 0.02316 secs)
2025-04-17 19:08:50,977 [DEBUG]  OP: Operation.CREATE_LEAF on slice (51549, 1) (remaining tasks 32)
2025-04-17 19:08:50,978 [DEBUG]  		 created leaf IdentityNumericLeaf for scope=[0] (in 0.00139 secs)
2025-04-17 19:08:50,978 [DEBUG]  OP: Operation.CREATE_LEAF on slice (51549, 1) (remaining tasks 31)
2025-04-17 19:08:50,980 [DEBUG]  		 created leaf IdentityNumericLeaf for scope=[14] (in 0.00175 secs)
2025-04-17 19:08:50,980 [DEBUG]  OP: Operation.CREATE_LEAF on slice (24726, 1) (remaining tasks 30)
2025-04-17 19:08:50,981 [DEBUG]  		 created leaf IdentityNumericLeaf for scope=[0] (in 0.00097 secs)
2025-04-17 19:08:50,981 [DEBUG]  OP: Operation.CREATE_LEAF on slice (24726, 1) (remaining tasks 29)
2025-04-17 19:08:50,982 [DEBUG]  		 created leaf IdentityNumericLeaf for scope=[14] (in 0.00089 secs)
2025-04-17 19:08:50,985 [DEBUG]  OP: Operation.SPLIT_ROWS on slice (49193, 2) (remaining tasks 28)
2025-04-17 19:08:51,115 [DEBUG]  		found 2 row clusters (in 0.13001 secs)
2025-04-17 19:08:51,118 [DEBUG]  OP: Operation.SPLIT_ROWS on slice (27082, 2) (remaining tasks 29)
2025-04-17 19:08:51,222 [DEBUG]  		found 2 row clusters (in 0.10375 secs)
2025-04-17 19:08:51,222 [DEBUG]  OP: Operation.CREATE_LEAF on slice (17169, 1) (remaining tasks 30)
2025-04-17 19:08:51,224 [DEBUG]  		 created leaf IdentityNumericLeaf for scope=[14] (in 0.00101 secs)
2025-04-17 19:08:51,224 [DEBUG]  OP: Operation.CREATE_LEAF on slice (17169, 1) (remaining tasks 29)
2025-04-17 19:08:51,225 [DEBUG]  		 created leaf IdentityNumericLeaf for scope=[17] (in 0.00091 secs)
2025-04-17 19:08:51,225 [DEBUG]  OP: Operation.CREATE_LEAF on slice (24200, 1) (remaining tasks 28)
2025-04-17 19:08:51,226 [DEBUG]  		 created leaf IdentityNumericLeaf for scope=[14] (in 0.00144 secs)
2025-04-17 19:08:51,227 [DEBUG]  OP: Operation.CREATE_LEAF on slice (24200, 1) (remaining tasks 27)
2025-04-17 19:08:51,228 [DEBUG]  		 created leaf IdentityNumericLeaf for scope=[17] (in 0.00143 secs)
2025-04-17 19:08:51,231 [DEBUG]  OP: Operation.SPLIT_ROWS on slice (22005, 2) (remaining tasks 26)
2025-04-17 19:08:51,321 [DEBUG]  		found 2 row clusters (in 0.09007 secs)
2025-04-17 19:08:51,323 [DEBUG]  OP: Operation.SPLIT_ROWS on slice (19364, 2) (remaining tasks 27)
2025-04-17 19:08:51,415 [DEBUG]  		found 2 row clusters (in 0.09193 secs)
2025-04-17 19:08:51,416 [DEBUG]  OP: Operation.SPLIT_ROWS on slice (4918, 2) (remaining tasks 28)
2025-04-17 19:08:51,453 [DEBUG]  		found 2 row clusters (in 0.03717 secs)
2025-04-17 19:08:51,454 [DEBUG]  OP: Operation.NAIVE_FACTORIZATION on slice (2347, 3) (remaining tasks 29)
2025-04-17 19:08:51,456 [DEBUG]  		naive factorization 3 columns (in 0.00157 secs)
2025-04-17 19:08:51,456 [DEBUG]  OP: Operation.NAIVE_FACTORIZATION on slice (2112, 3) (remaining tasks 28)
2025-04-17 19:08:51,458 [DEBUG]  		naive factorization 3 columns (in 0.00140 secs)
2025-04-17 19:08:51,458 [DEBUG]  OP: Operation.NAIVE_FACTORIZATION on slice (2362, 3) (remaining tasks 27)
2025-04-17 19:08:51,460 [DEBUG]  		naive factorization 3 columns (in 0.00160 secs)
2025-04-17 19:08:51,460 [DEBUG]  OP: Operation.REMOVE_UNINFORMATIVE_FEATURES on slice (1744, 3) (remaining tasks 26)
2025-04-17 19:08:51,461 [DEBUG]  OP: Operation.NAIVE_FACTORIZATION on slice (1567, 3) (remaining tasks 27)
2025-04-17 19:08:51,462 [DEBUG]  		naive factorization 3 columns (in 0.00136 secs)
2025-04-17 19:08:51,462 [DEBUG]  OP: Operation.REMOVE_UNINFORMATIVE_FEATURES on slice (1454, 3) (remaining tasks 26)
2025-04-17 19:08:51,463 [DEBUG]  OP: Operation.REMOVE_UNINFORMATIVE_FEATURES on slice (1638, 3) (remaining tasks 27)
2025-04-17 19:08:51,463 [DEBUG]  OP: Operation.REMOVE_UNINFORMATIVE_FEATURES on slice (2965, 3) (remaining tasks 29)
2025-04-17 19:08:51,464 [DEBUG]  OP: Operation.SPLIT_ROWS on slice (2545, 2) (remaining tasks 30)
2025-04-17 19:08:51,490 [DEBUG]  		found 2 row clusters (in 0.02566 secs)
2025-04-17 19:08:51,490 [DEBUG]  OP: Operation.SPLIT_ROWS on slice (4887, 2) (remaining tasks 31)
2025-04-17 19:08:51,523 [DEBUG]  		found 2 row clusters (in 0.03219 secs)
2025-04-17 19:08:51,523 [DEBUG]  OP: Operation.CREATE_LEAF on slice (8533, 1) (remaining tasks 32)
2025-04-17 19:08:51,524 [DEBUG]  		 created leaf IdentityNumericLeaf for scope=[19] (in 0.00053 secs)
2025-04-17 19:08:51,524 [DEBUG]  OP: Operation.CREATE_LEAF on slice (8533, 1) (remaining tasks 31)
2025-04-17 19:08:51,524 [DEBUG]  		 created leaf IdentityNumericLeaf for scope=[21] (in 0.00063 secs)
2025-04-17 19:08:51,525 [DEBUG]  OP: Operation.NAIVE_FACTORIZATION on slice (2308, 3) (remaining tasks 30)
2025-04-17 19:08:51,527 [DEBUG]  		naive factorization 3 columns (in 0.00152 secs)
2025-04-17 19:08:51,527 [DEBUG]  OP: Operation.SPLIT_COLUMNS on slice (3195, 3) (remaining tasks 29)
2025-04-17 19:08:51,634 [DEBUG]  		found 2 col clusters (in 0.10716 secs)
2025-04-17 19:08:51,635 [DEBUG]  OP: Operation.NAIVE_FACTORIZATION on slice (1798, 3) (remaining tasks 30)
2025-04-17 19:08:51,637 [DEBUG]  		naive factorization 3 columns (in 0.00152 secs)
2025-04-17 19:08:51,637 [DEBUG]  OP: Operation.NAIVE_FACTORIZATION on slice (1732, 3) (remaining tasks 29)
2025-04-17 19:08:51,639 [DEBUG]  		naive factorization 3 columns (in 0.00225 secs)
2025-04-17 19:08:51,640 [DEBUG]  OP: Operation.SPLIT_COLUMNS on slice (2671, 2) (remaining tasks 28)
2025-04-17 19:08:51,878 [DEBUG]  		found 2 col clusters (in 0.23822 secs)
2025-04-17 19:08:51,879 [DEBUG]  OP: Operation.NAIVE_FACTORIZATION on slice (1782, 2) (remaining tasks 29)
2025-04-17 19:08:51,881 [DEBUG]  		naive factorization 2 columns (in 0.00186 secs)
2025-04-17 19:08:51,881 [DEBUG]  OP: Operation.REMOVE_UNINFORMATIVE_FEATURES on slice (3738, 2) (remaining tasks 28)
2025-04-17 19:08:51,882 [DEBUG]  OP: Operation.NAIVE_FACTORIZATION on slice (2240, 2) (remaining tasks 29)
2025-04-17 19:08:51,884 [DEBUG]  		naive factorization 2 columns (in 0.00160 secs)
2025-04-17 19:08:51,887 [DEBUG]  OP: Operation.REMOVE_UNINFORMATIVE_FEATURES on slice (36419, 2) (remaining tasks 28)
2025-04-17 19:08:51,889 [DEBUG]  OP: Operation.REMOVE_UNINFORMATIVE_FEATURES on slice (12774, 2) (remaining tasks 29)
2025-04-17 19:08:51,890 [DEBUG]  OP: Operation.SPLIT_COLUMNS on slice (11764, 2) (remaining tasks 30)
2025-04-17 19:08:52,002 [DEBUG]  		found 2 col clusters (in 0.11118 secs)
2025-04-17 19:08:52,004 [DEBUG]  OP: Operation.SPLIT_COLUMNS on slice (15318, 2) (remaining tasks 31)
2025-04-17 19:08:52,222 [DEBUG]  		found 1 col clusters (in 0.21857 secs)
2025-04-17 19:08:52,224 [DEBUG]  OP: Operation.SPLIT_COLUMNS on slice (10546, 2) (remaining tasks 31)
2025-04-17 19:08:52,443 [DEBUG]  		found 1 col clusters (in 0.21892 secs)
2025-04-17 19:08:52,444 [DEBUG]  OP: Operation.SPLIT_COLUMNS on slice (11459, 2) (remaining tasks 31)
2025-04-17 19:08:52,555 [DEBUG]  		found 2 col clusters (in 0.11068 secs)
2025-04-17 19:08:52,556 [DEBUG]  OP: Operation.SPLIT_COLUMNS on slice (9660, 2) (remaining tasks 32)
2025-04-17 19:08:52,771 [DEBUG]  		found 1 col clusters (in 0.21420 secs)
2025-04-17 19:08:52,771 [DEBUG]  OP: Operation.SPLIT_COLUMNS on slice (9704, 2) (remaining tasks 32)
2025-04-17 19:08:52,984 [DEBUG]  		found 2 col clusters (in 0.21260 secs)
2025-04-17 19:08:52,985 [DEBUG]  OP: Operation.SPLIT_COLUMNS on slice (4699, 2) (remaining tasks 33)
2025-04-17 19:08:53,093 [DEBUG]  		found 2 col clusters (in 0.10755 secs)
2025-04-17 19:08:53,093 [DEBUG]  OP: Operation.NAIVE_FACTORIZATION on slice (219, 2) (remaining tasks 34)
2025-04-17 19:08:53,095 [DEBUG]  		naive factorization 2 columns (in 0.00170 secs)
2025-04-17 19:08:53,095 [DEBUG]  OP: Operation.CREATE_LEAF on slice (1744, 1) (remaining tasks 33)
2025-04-17 19:08:53,095 [DEBUG]  		 created leaf IdentityNumericLeaf for scope=[20] (in 0.00036 secs)
2025-04-17 19:08:53,096 [DEBUG]  OP: Operation.NAIVE_FACTORIZATION on slice (1744, 2) (remaining tasks 32)
2025-04-17 19:08:53,097 [DEBUG]  		naive factorization 2 columns (in 0.00123 secs)
2025-04-17 19:08:53,097 [DEBUG]  OP: Operation.CREATE_LEAF on slice (1454, 1) (remaining tasks 31)
2025-04-17 19:08:53,097 [DEBUG]  		 created leaf IdentityNumericLeaf for scope=[19] (in 0.00031 secs)
2025-04-17 19:08:53,098 [DEBUG]  OP: Operation.NAIVE_FACTORIZATION on slice (1454, 2) (remaining tasks 30)
2025-04-17 19:08:53,099 [DEBUG]  		naive factorization 2 columns (in 0.00118 secs)
2025-04-17 19:08:53,099 [DEBUG]  OP: Operation.CREATE_LEAF on slice (1638, 1) (remaining tasks 29)
2025-04-17 19:08:53,099 [DEBUG]  		 created leaf IdentityNumericLeaf for scope=[19] (in 0.00031 secs)
2025-04-17 19:08:53,100 [DEBUG]  OP: Operation.CREATE_LEAF on slice (1638, 1) (remaining tasks 28)
2025-04-17 19:08:53,100 [DEBUG]  		 created leaf IdentityNumericLeaf for scope=[21] (in 0.00028 secs)
2025-04-17 19:08:53,100 [DEBUG]  OP: Operation.CREATE_LEAF on slice (1638, 1) (remaining tasks 27)
2025-04-17 19:08:53,100 [DEBUG]  		 created leaf IdentityNumericLeaf for scope=[20] (in 0.00031 secs)
2025-04-17 19:08:53,101 [DEBUG]  OP: Operation.CREATE_LEAF on slice (2965, 1) (remaining tasks 26)
2025-04-17 19:08:53,101 [DEBUG]  		 created leaf IdentityNumericLeaf for scope=[20] (in 0.00032 secs)
2025-04-17 19:08:53,101 [DEBUG]  OP: Operation.SPLIT_COLUMNS on slice (2965, 2) (remaining tasks 25)
2025-04-17 19:08:53,209 [DEBUG]  		found 2 col clusters (in 0.10723 secs)
2025-04-17 19:08:53,209 [DEBUG]  OP: Operation.NAIVE_FACTORIZATION on slice (916, 2) (remaining tasks 26)
2025-04-17 19:08:53,210 [DEBUG]  		naive factorization 2 columns (in 0.00136 secs)
2025-04-17 19:08:53,211 [DEBUG]  OP: Operation.NAIVE_FACTORIZATION on slice (1629, 2) (remaining tasks 25)
2025-04-17 19:08:53,212 [DEBUG]  		naive factorization 2 columns (in 0.00134 secs)
2025-04-17 19:08:53,213 [DEBUG]  OP: Operation.NAIVE_FACTORIZATION on slice (2318, 2) (remaining tasks 24)
2025-04-17 19:08:53,214 [DEBUG]  		naive factorization 2 columns (in 0.00122 secs)
2025-04-17 19:08:53,215 [DEBUG]  OP: Operation.SPLIT_COLUMNS on slice (2569, 2) (remaining tasks 23)
2025-04-17 19:08:53,321 [DEBUG]  		found 1 col clusters (in 0.10663 secs)
2025-04-17 19:08:53,321 [DEBUG]  OP: Operation.CREATE_LEAF on slice (3195, 1) (remaining tasks 23)
2025-04-17 19:08:53,322 [DEBUG]  		 created leaf IdentityNumericLeaf for scope=[19] (in 0.00045 secs)
2025-04-17 19:08:53,322 [DEBUG]  OP: Operation.SPLIT_COLUMNS on slice (3195, 2) (remaining tasks 22)
2025-04-17 19:08:53,429 [DEBUG]  		found 1 col clusters (in 0.10677 secs)
2025-04-17 19:08:53,429 [DEBUG]  OP: Operation.CREATE_LEAF on slice (2671, 1) (remaining tasks 22)
2025-04-17 19:08:53,430 [DEBUG]  		 created leaf IdentityNumericLeaf for scope=[20] (in 0.00042 secs)
2025-04-17 19:08:53,430 [DEBUG]  OP: Operation.CREATE_LEAF on slice (2671, 1) (remaining tasks 21)
2025-04-17 19:08:53,430 [DEBUG]  		 created leaf IdentityNumericLeaf for scope=[21] (in 0.00036 secs)
2025-04-17 19:08:53,431 [DEBUG]  OP: Operation.CREATE_LEAF on slice (3738, 1) (remaining tasks 20)
2025-04-17 19:08:53,431 [DEBUG]  		 created leaf IdentityNumericLeaf for scope=[20] (in 0.00036 secs)
2025-04-17 19:08:53,431 [DEBUG]  OP: Operation.CREATE_LEAF on slice (3738, 1) (remaining tasks 19)
2025-04-17 19:08:53,432 [DEBUG]  		 created leaf IdentityNumericLeaf for scope=[21] (in 0.00041 secs)
2025-04-17 19:08:53,432 [DEBUG]  OP: Operation.CREATE_LEAF on slice (36419, 1) (remaining tasks 18)
2025-04-17 19:08:53,433 [DEBUG]  		 created leaf IdentityNumericLeaf for scope=[20] (in 0.00153 secs)
2025-04-17 19:08:53,434 [DEBUG]  OP: Operation.CREATE_LEAF on slice (36419, 1) (remaining tasks 17)
2025-04-17 19:08:53,435 [DEBUG]  		 created leaf IdentityNumericLeaf for scope=[21] (in 0.00184 secs)
2025-04-17 19:08:53,436 [DEBUG]  OP: Operation.CREATE_LEAF on slice (12774, 1) (remaining tasks 16)
2025-04-17 19:08:53,436 [DEBUG]  		 created leaf IdentityNumericLeaf for scope=[21] (in 0.00071 secs)
2025-04-17 19:08:53,436 [DEBUG]  OP: Operation.CREATE_LEAF on slice (12774, 1) (remaining tasks 15)
2025-04-17 19:08:53,437 [DEBUG]  		 created leaf IdentityNumericLeaf for scope=[20] (in 0.00090 secs)
2025-04-17 19:08:53,438 [DEBUG]  OP: Operation.CREATE_LEAF on slice (11764, 1) (remaining tasks 14)
2025-04-17 19:08:53,439 [DEBUG]  		 created leaf IdentityNumericLeaf for scope=[20] (in 0.00087 secs)
2025-04-17 19:08:53,439 [DEBUG]  OP: Operation.CREATE_LEAF on slice (11764, 1) (remaining tasks 13)
2025-04-17 19:08:53,440 [DEBUG]  		 created leaf IdentityNumericLeaf for scope=[21] (in 0.00074 secs)
2025-04-17 19:08:53,441 [DEBUG]  OP: Operation.SPLIT_ROWS on slice (15318, 2) (remaining tasks 12)
2025-04-17 19:08:53,504 [DEBUG]  		found 2 row clusters (in 0.06207 secs)
2025-04-17 19:08:53,505 [DEBUG]  OP: Operation.SPLIT_ROWS on slice (10546, 2) (remaining tasks 13)
2025-04-17 19:08:53,548 [DEBUG]  		found 2 row clusters (in 0.04339 secs)
2025-04-17 19:08:53,549 [DEBUG]  OP: Operation.CREATE_LEAF on slice (11459, 1) (remaining tasks 14)
2025-04-17 19:08:53,549 [DEBUG]  		 created leaf IdentityNumericLeaf for scope=[19] (in 0.00066 secs)
2025-04-17 19:08:53,549 [DEBUG]  OP: Operation.CREATE_LEAF on slice (11459, 1) (remaining tasks 13)
2025-04-17 19:08:53,550 [DEBUG]  		 created leaf IdentityNumericLeaf for scope=[21] (in 0.00064 secs)
2025-04-17 19:08:53,551 [DEBUG]  OP: Operation.SPLIT_ROWS on slice (9660, 2) (remaining tasks 12)
2025-04-17 19:08:53,593 [DEBUG]  		found 2 row clusters (in 0.04245 secs)
2025-04-17 19:08:53,593 [DEBUG]  OP: Operation.CREATE_LEAF on slice (9704, 1) (remaining tasks 13)
2025-04-17 19:08:53,594 [DEBUG]  		 created leaf IdentityNumericLeaf for scope=[19] (in 0.00060 secs)
2025-04-17 19:08:53,594 [DEBUG]  OP: Operation.CREATE_LEAF on slice (9704, 1) (remaining tasks 12)
2025-04-17 19:08:53,595 [DEBUG]  		 created leaf IdentityNumericLeaf for scope=[21] (in 0.00058 secs)
2025-04-17 19:08:53,595 [DEBUG]  OP: Operation.CREATE_LEAF on slice (4699, 1) (remaining tasks 11)
2025-04-17 19:08:53,595 [DEBUG]  		 created leaf IdentityNumericLeaf for scope=[15] (in 0.00031 secs)
2025-04-17 19:08:53,595 [DEBUG]  OP: Operation.CREATE_LEAF on slice (4699, 1) (remaining tasks 10)
2025-04-17 19:08:53,596 [DEBUG]  		 created leaf IdentityNumericLeaf for scope=[16] (in 0.00030 secs)
2025-04-17 19:08:53,596 [DEBUG]  OP: Operation.CREATE_LEAF on slice (2965, 1) (remaining tasks 9)
2025-04-17 19:08:53,596 [DEBUG]  		 created leaf IdentityNumericLeaf for scope=[19] (in 0.00028 secs)
2025-04-17 19:08:53,596 [DEBUG]  OP: Operation.CREATE_LEAF on slice (2965, 1) (remaining tasks 8)
2025-04-17 19:08:53,597 [DEBUG]  		 created leaf IdentityNumericLeaf for scope=[21] (in 0.00028 secs)
2025-04-17 19:08:53,597 [DEBUG]  OP: Operation.SPLIT_ROWS on slice (2569, 2) (remaining tasks 7)
2025-04-17 19:08:53,616 [DEBUG]  		found 2 row clusters (in 0.01864 secs)
2025-04-17 19:08:53,616 [DEBUG]  OP: Operation.SPLIT_ROWS on slice (3195, 2) (remaining tasks 8)
2025-04-17 19:08:53,636 [DEBUG]  		found 2 row clusters (in 0.01945 secs)
2025-04-17 19:08:53,636 [DEBUG]  OP: Operation.SPLIT_COLUMNS on slice (8972, 2) (remaining tasks 9)
2025-04-17 19:08:53,744 [DEBUG]  		found 1 col clusters (in 0.10750 secs)
2025-04-17 19:08:53,745 [DEBUG]  OP: Operation.NAIVE_FACTORIZATION on slice (6346, 2) (remaining tasks 9)
2025-04-17 19:08:53,747 [DEBUG]  		naive factorization 2 columns (in 0.00161 secs)
2025-04-17 19:08:53,747 [DEBUG]  OP: Operation.SPLIT_COLUMNS on slice (3556, 2) (remaining tasks 8)
2025-04-17 19:08:53,940 [DEBUG]  		found 1 col clusters (in 0.19284 secs)
2025-04-17 19:08:53,941 [DEBUG]  OP: Operation.SPLIT_COLUMNS on slice (6990, 2) (remaining tasks 8)
2025-04-17 19:08:54,058 [DEBUG]  		found 1 col clusters (in 0.11665 secs)
2025-04-17 19:08:54,059 [DEBUG]  OP: Operation.SPLIT_COLUMNS on slice (6268, 2) (remaining tasks 8)
2025-04-17 19:08:54,251 [DEBUG]  		found 1 col clusters (in 0.19132 secs)
2025-04-17 19:08:54,251 [DEBUG]  OP: Operation.SPLIT_COLUMNS on slice (3392, 2) (remaining tasks 8)
2025-04-17 19:08:54,358 [DEBUG]  		found 2 col clusters (in 0.10660 secs)
2025-04-17 19:08:54,359 [DEBUG]  OP: Operation.REMOVE_UNINFORMATIVE_FEATURES on slice (1517, 2) (remaining tasks 9)
2025-04-17 19:08:54,359 [DEBUG]  OP: Operation.REMOVE_UNINFORMATIVE_FEATURES on slice (1052, 2) (remaining tasks 10)
2025-04-17 19:08:54,359 [DEBUG]  OP: Operation.REMOVE_UNINFORMATIVE_FEATURES on slice (1826, 2) (remaining tasks 11)
2025-04-17 19:08:54,360 [DEBUG]  OP: Operation.NAIVE_FACTORIZATION on slice (1369, 2) (remaining tasks 12)
2025-04-17 19:08:54,361 [DEBUG]  		naive factorization 2 columns (in 0.00133 secs)
2025-04-17 19:08:54,362 [DEBUG]  OP: Operation.SPLIT_ROWS on slice (8972, 2) (remaining tasks 11)
2025-04-17 19:08:54,403 [DEBUG]  		found 2 row clusters (in 0.04023 secs)
2025-04-17 19:08:54,403 [DEBUG]  OP: Operation.SPLIT_ROWS on slice (3556, 2) (remaining tasks 12)
2025-04-17 19:08:54,430 [DEBUG]  		found 2 row clusters (in 0.02715 secs)
2025-04-17 19:08:54,431 [DEBUG]  OP: Operation.SPLIT_ROWS on slice (6990, 2) (remaining tasks 13)
2025-04-17 19:08:54,467 [DEBUG]  		found 2 row clusters (in 0.03567 secs)
2025-04-17 19:08:54,468 [DEBUG]  OP: Operation.SPLIT_ROWS on slice (6268, 2) (remaining tasks 14)
2025-04-17 19:08:54,496 [DEBUG]  		found 2 row clusters (in 0.02774 secs)
2025-04-17 19:08:54,496 [DEBUG]  OP: Operation.CREATE_LEAF on slice (3392, 1) (remaining tasks 15)
2025-04-17 19:08:54,496 [DEBUG]  		 created leaf IdentityNumericLeaf for scope=[19] (in 0.00032 secs)
2025-04-17 19:08:54,496 [DEBUG]  OP: Operation.CREATE_LEAF on slice (3392, 1) (remaining tasks 14)
2025-04-17 19:08:54,497 [DEBUG]  		 created leaf IdentityNumericLeaf for scope=[21] (in 0.00031 secs)
2025-04-17 19:08:54,497 [DEBUG]  OP: Operation.CREATE_LEAF on slice (1517, 1) (remaining tasks 13)
2025-04-17 19:08:54,497 [DEBUG]  		 created leaf IdentityNumericLeaf for scope=[21] (in 0.00020 secs)
2025-04-17 19:08:54,497 [DEBUG]  OP: Operation.CREATE_LEAF on slice (1517, 1) (remaining tasks 12)
2025-04-17 19:08:54,497 [DEBUG]  		 created leaf IdentityNumericLeaf for scope=[19] (in 0.00022 secs)
2025-04-17 19:08:54,497 [DEBUG]  OP: Operation.CREATE_LEAF on slice (1052, 1) (remaining tasks 11)
2025-04-17 19:08:54,498 [DEBUG]  		 created leaf IdentityNumericLeaf for scope=[21] (in 0.00018 secs)
2025-04-17 19:08:54,498 [DEBUG]  OP: Operation.CREATE_LEAF on slice (1052, 1) (remaining tasks 10)
2025-04-17 19:08:54,498 [DEBUG]  		 created leaf IdentityNumericLeaf for scope=[19] (in 0.00020 secs)
2025-04-17 19:08:54,498 [DEBUG]  OP: Operation.CREATE_LEAF on slice (1826, 1) (remaining tasks 9)
2025-04-17 19:08:54,498 [DEBUG]  		 created leaf IdentityNumericLeaf for scope=[20] (in 0.00020 secs)
2025-04-17 19:08:54,498 [DEBUG]  OP: Operation.CREATE_LEAF on slice (1826, 1) (remaining tasks 8)
2025-04-17 19:08:54,499 [DEBUG]  		 created leaf IdentityNumericLeaf for scope=[21] (in 0.00023 secs)
2025-04-17 19:08:54,499 [DEBUG]  OP: Operation.SPLIT_COLUMNS on slice (5275, 2) (remaining tasks 7)
2025-04-17 19:08:54,606 [DEBUG]  		found 1 col clusters (in 0.10699 secs)
2025-04-17 19:08:54,607 [DEBUG]  OP: Operation.REMOVE_UNINFORMATIVE_FEATURES on slice (3697, 2) (remaining tasks 7)
2025-04-17 19:08:54,607 [DEBUG]  OP: Operation.NAIVE_FACTORIZATION on slice (1377, 2) (remaining tasks 8)
2025-04-17 19:08:54,609 [DEBUG]  		naive factorization 2 columns (in 0.00125 secs)
2025-04-17 19:08:54,609 [DEBUG]  OP: Operation.NAIVE_FACTORIZATION on slice (2179, 2) (remaining tasks 7)
2025-04-17 19:08:54,610 [DEBUG]  		naive factorization 2 columns (in 0.00118 secs)
2025-04-17 19:08:54,611 [DEBUG]  OP: Operation.SPLIT_COLUMNS on slice (4199, 2) (remaining tasks 6)
2025-04-17 19:08:54,719 [DEBUG]  		found 1 col clusters (in 0.10724 secs)
2025-04-17 19:08:54,719 [DEBUG]  OP: Operation.REMOVE_UNINFORMATIVE_FEATURES on slice (2791, 2) (remaining tasks 6)
2025-04-17 19:08:54,719 [DEBUG]  OP: Operation.SPLIT_COLUMNS on slice (3135, 2) (remaining tasks 7)
2025-04-17 19:08:54,825 [DEBUG]  		found 1 col clusters (in 0.10548 secs)
2025-04-17 19:08:54,826 [DEBUG]  OP: Operation.SPLIT_COLUMNS on slice (3133, 2) (remaining tasks 7)
2025-04-17 19:08:54,936 [DEBUG]  		found 1 col clusters (in 0.11000 secs)
2025-04-17 19:08:54,937 [DEBUG]  OP: Operation.SPLIT_ROWS on slice (5275, 2) (remaining tasks 7)
2025-04-17 19:08:54,971 [DEBUG]  		found 2 row clusters (in 0.03391 secs)
2025-04-17 19:08:54,972 [DEBUG]  OP: Operation.CREATE_LEAF on slice (3697, 1) (remaining tasks 8)
2025-04-17 19:08:54,972 [DEBUG]  		 created leaf IdentityNumericLeaf for scope=[21] (in 0.00039 secs)
2025-04-17 19:08:54,972 [DEBUG]  OP: Operation.CREATE_LEAF on slice (3697, 1) (remaining tasks 7)
2025-04-17 19:08:54,973 [DEBUG]  		 created leaf IdentityNumericLeaf for scope=[20] (in 0.00038 secs)
2025-04-17 19:08:54,973 [DEBUG]  OP: Operation.SPLIT_ROWS on slice (4199, 2) (remaining tasks 6)
2025-04-17 19:08:55,003 [DEBUG]  		found 2 row clusters (in 0.02971 secs)
2025-04-17 19:08:55,003 [DEBUG]  OP: Operation.CREATE_LEAF on slice (2791, 1) (remaining tasks 7)
2025-04-17 19:08:55,004 [DEBUG]  		 created leaf IdentityNumericLeaf for scope=[19] (in 0.00034 secs)
2025-04-17 19:08:55,004 [DEBUG]  OP: Operation.CREATE_LEAF on slice (2791, 1) (remaining tasks 6)
2025-04-17 19:08:55,004 [DEBUG]  		 created leaf IdentityNumericLeaf for scope=[21] (in 0.00038 secs)
2025-04-17 19:08:55,005 [DEBUG]  OP: Operation.SPLIT_ROWS on slice (3135, 2) (remaining tasks 5)
2025-04-17 19:08:55,032 [DEBUG]  		found 2 row clusters (in 0.02730 secs)
2025-04-17 19:08:55,033 [DEBUG]  OP: Operation.SPLIT_ROWS on slice (3133, 2) (remaining tasks 6)
2025-04-17 19:08:55,056 [DEBUG]  		found 2 row clusters (in 0.02336 secs)
2025-04-17 19:08:55,057 [DEBUG]  OP: Operation.NAIVE_FACTORIZATION on slice (4699, 2) (remaining tasks 7)
2025-04-17 19:08:55,059 [DEBUG]  		naive factorization 2 columns (in 0.00195 secs)
2025-04-17 19:08:55,059 [DEBUG]  OP: Operation.NAIVE_FACTORIZATION on slice (576, 2) (remaining tasks 6)
2025-04-17 19:08:55,061 [DEBUG]  		naive factorization 2 columns (in 0.00130 secs)
2025-04-17 19:08:55,061 [DEBUG]  OP: Operation.NAIVE_FACTORIZATION on slice (1743, 2) (remaining tasks 5)
2025-04-17 19:08:55,062 [DEBUG]  		naive factorization 2 columns (in 0.00122 secs)
2025-04-17 19:08:55,063 [DEBUG]  OP: Operation.REMOVE_UNINFORMATIVE_FEATURES on slice (2456, 2) (remaining tasks 4)
2025-04-17 19:08:55,063 [DEBUG]  OP: Operation.NAIVE_FACTORIZATION on slice (2053, 2) (remaining tasks 5)
2025-04-17 19:08:55,065 [DEBUG]  		naive factorization 2 columns (in 0.00163 secs)
2025-04-17 19:08:55,065 [DEBUG]  OP: Operation.REMOVE_UNINFORMATIVE_FEATURES on slice (1082, 2) (remaining tasks 4)
2025-04-17 19:08:55,066 [DEBUG]  OP: Operation.REMOVE_UNINFORMATIVE_FEATURES on slice (1835, 2) (remaining tasks 5)
2025-04-17 19:08:55,066 [DEBUG]  OP: Operation.NAIVE_FACTORIZATION on slice (1298, 2) (remaining tasks 6)
2025-04-17 19:08:55,068 [DEBUG]  		naive factorization 2 columns (in 0.00150 secs)
2025-04-17 19:08:55,068 [DEBUG]  OP: Operation.CREATE_LEAF on slice (2456, 1) (remaining tasks 5)
2025-04-17 19:08:55,068 [DEBUG]  		 created leaf IdentityNumericLeaf for scope=[19] (in 0.00033 secs)
2025-04-17 19:08:55,068 [DEBUG]  OP: Operation.CREATE_LEAF on slice (2456, 1) (remaining tasks 4)
2025-04-17 19:08:55,069 [DEBUG]  		 created leaf IdentityNumericLeaf for scope=[21] (in 0.00032 secs)
2025-04-17 19:08:55,069 [DEBUG]  OP: Operation.CREATE_LEAF on slice (1082, 1) (remaining tasks 3)
2025-04-17 19:08:55,069 [DEBUG]  		 created leaf IdentityNumericLeaf for scope=[21] (in 0.00028 secs)
2025-04-17 19:08:55,069 [DEBUG]  OP: Operation.CREATE_LEAF on slice (1082, 1) (remaining tasks 2)
2025-04-17 19:08:55,070 [DEBUG]  		 created leaf IdentityNumericLeaf for scope=[19] (in 0.00027 secs)
2025-04-17 19:08:55,070 [DEBUG]  OP: Operation.CREATE_LEAF on slice (1835, 1) (remaining tasks 1)
2025-04-17 19:08:55,070 [DEBUG]  		 created leaf IdentityNumericLeaf for scope=[19] (in 0.00029 secs)
2025-04-17 19:08:55,070 [DEBUG]  OP: Operation.CREATE_LEAF on slice (1835, 1) (remaining tasks 0)
2025-04-17 19:08:55,071 [DEBUG]  		 created leaf IdentityNumericLeaf for scope=[21] (in 0.00031 secs)
2025-04-17 19:08:55,119 [DEBUG]  Built SPN in 72.60669232252985 sec
2025-04-17 19:08:55,119 [INFO ]  Saving ensemble to /home/dafn/card/deepcard/collected_temp_benchmarks/spn_ensembles/Diabetes Health Indicators Dataset/ensemble_single_diabetes_012_health_indicators_brfss2015_10000000.pkl
