2025-04-17 16:32:02,297 [INFO ]  Creating naive ensemble.
2025-04-17 16:32:02,297 [INFO ]  Learning SPN for diabetes_binary_health_indicators_brfss2015.
2025-04-17 16:32:02,298 [DEBUG]  generate_join_sample(single_table=diabetes_binary_health_indicators_brfss2015, relationship_list=None, split_condition=None)
2025-04-17 16:32:02,397 [DEBUG]  Using min_instance_slice parameter 2536.8.
2025-04-17 16:32:02,398 [INFO ]  SPN training phase with 253680 samples
2025-04-17 16:32:02,553 [DEBUG]  Built domains in 0.15579435415565968 sec
2025-04-17 16:32:02,949 [DEBUG]  CACHEDIR=/home/dafn/.cache/matplotlib
2025-04-17 16:32:02,951 [DEBUG]  Using fontManager instance from /home/dafn/.cache/matplotlib/fontlist-v300.json
2025-04-17 16:32:03,049 [DEBUG]  Loaded backend qt5agg version unknown.
2025-04-17 16:32:03,081 [DEBUG]  Loaded backend qt5agg version unknown.
2025-04-17 16:32:03,082 [DEBUG]  Loaded backend qt4agg version unknown.
2025-04-17 16:32:03,089 [DEBUG]  Loaded backend tkagg version unknown.
2025-04-17 16:32:03,090 [DEBUG]  Loaded backend agg version unknown.
2025-04-17 16:32:03,090 [DEBUG]  Loaded backend agg version unknown.
2025-04-17 16:32:03,113 [DEBUG]  OP: Operation.SPLIT_ROWS on slice (253680, 22) (remaining tasks 0)
2025-04-17 16:32:04,405 [DEBUG]  		found 2 row clusters (in 1.29183 secs)
2025-04-17 16:32:04,449 [DEBUG]  OP: Operation.SPLIT_COLUMNS on slice (221788, 22) (remaining tasks 1)
2025-04-17 16:32:18,126 [DEBUG]  		found 22 col clusters (in 13.67692 secs)
2025-04-17 16:32:18,134 [DEBUG]  OP: Operation.SPLIT_COLUMNS on slice (31892, 22) (remaining tasks 22)
2025-04-17 16:32:33,615 [DEBUG]  		found 22 col clusters (in 15.48051 secs)
2025-04-17 16:32:33,615 [DEBUG]  OP: Operation.CREATE_LEAF on slice (221788, 1) (remaining tasks 43)
2025-04-17 16:32:33,692 [DEBUG]  		 created leaf IdentityNumericLeaf for scope=[0] (in 0.07585 secs)
2025-04-17 16:32:33,692 [DEBUG]  OP: Operation.CREATE_LEAF on slice (221788, 1) (remaining tasks 42)
2025-04-17 16:32:33,750 [DEBUG]  		 created leaf IdentityNumericLeaf for scope=[1] (in 0.05792 secs)
2025-04-17 16:32:33,750 [DEBUG]  OP: Operation.CREATE_LEAF on slice (221788, 1) (remaining tasks 41)
2025-04-17 16:32:33,775 [DEBUG]  		 created leaf IdentityNumericLeaf for scope=[2] (in 0.02472 secs)
2025-04-17 16:32:33,785 [DEBUG]  OP: Operation.CREATE_LEAF on slice (221788, 1) (remaining tasks 40)
2025-04-17 16:32:33,794 [DEBUG]  		 created leaf IdentityNumericLeaf for scope=[3] (in 0.00896 secs)
2025-04-17 16:32:33,794 [DEBUG]  OP: Operation.CREATE_LEAF on slice (221788, 1) (remaining tasks 39)
2025-04-17 16:32:33,810 [DEBUG]  		 created leaf IdentityNumericLeaf for scope=[4] (in 0.01606 secs)
2025-04-17 16:32:33,811 [DEBUG]  OP: Operation.CREATE_LEAF on slice (221788, 1) (remaining tasks 38)
2025-04-17 16:32:33,823 [DEBUG]  		 created leaf IdentityNumericLeaf for scope=[5] (in 0.01196 secs)
2025-04-17 16:32:33,823 [DEBUG]  OP: Operation.CREATE_LEAF on slice (221788, 1) (remaining tasks 37)
2025-04-17 16:32:33,832 [DEBUG]  		 created leaf IdentityNumericLeaf for scope=[6] (in 0.00924 secs)
2025-04-17 16:32:33,832 [DEBUG]  OP: Operation.CREATE_LEAF on slice (221788, 1) (remaining tasks 36)
2025-04-17 16:32:33,842 [DEBUG]  		 created leaf IdentityNumericLeaf for scope=[7] (in 0.00960 secs)
2025-04-17 16:32:33,842 [DEBUG]  OP: Operation.CREATE_LEAF on slice (221788, 1) (remaining tasks 35)
2025-04-17 16:32:33,853 [DEBUG]  		 created leaf IdentityNumericLeaf for scope=[8] (in 0.01048 secs)
2025-04-17 16:32:33,853 [DEBUG]  OP: Operation.CREATE_LEAF on slice (221788, 1) (remaining tasks 34)
2025-04-17 16:32:33,864 [DEBUG]  		 created leaf IdentityNumericLeaf for scope=[9] (in 0.01113 secs)
2025-04-17 16:32:33,864 [DEBUG]  OP: Operation.CREATE_LEAF on slice (221788, 1) (remaining tasks 33)
2025-04-17 16:32:33,875 [DEBUG]  		 created leaf IdentityNumericLeaf for scope=[10] (in 0.00995 secs)
2025-04-17 16:32:33,875 [DEBUG]  OP: Operation.CREATE_LEAF on slice (221788, 1) (remaining tasks 32)
2025-04-17 16:32:33,884 [DEBUG]  		 created leaf IdentityNumericLeaf for scope=[11] (in 0.00944 secs)
2025-04-17 16:32:33,884 [DEBUG]  OP: Operation.CREATE_LEAF on slice (221788, 1) (remaining tasks 31)
2025-04-17 16:32:33,894 [DEBUG]  		 created leaf IdentityNumericLeaf for scope=[12] (in 0.00928 secs)
2025-04-17 16:32:33,894 [DEBUG]  OP: Operation.CREATE_LEAF on slice (221788, 1) (remaining tasks 30)
2025-04-17 16:32:33,902 [DEBUG]  		 created leaf IdentityNumericLeaf for scope=[13] (in 0.00755 secs)
2025-04-17 16:32:33,902 [DEBUG]  OP: Operation.CREATE_LEAF on slice (221788, 1) (remaining tasks 29)
2025-04-17 16:32:33,912 [DEBUG]  		 created leaf IdentityNumericLeaf for scope=[14] (in 0.01008 secs)
2025-04-17 16:32:33,912 [DEBUG]  OP: Operation.CREATE_LEAF on slice (221788, 1) (remaining tasks 28)
2025-04-17 16:32:33,922 [DEBUG]  		 created leaf IdentityNumericLeaf for scope=[15] (in 0.00944 secs)
2025-04-17 16:32:33,922 [DEBUG]  OP: Operation.CREATE_LEAF on slice (221788, 1) (remaining tasks 27)
2025-04-17 16:32:33,931 [DEBUG]  		 created leaf IdentityNumericLeaf for scope=[16] (in 0.00916 secs)
2025-04-17 16:32:33,931 [DEBUG]  OP: Operation.CREATE_LEAF on slice (221788, 1) (remaining tasks 26)
2025-04-17 16:32:33,939 [DEBUG]  		 created leaf IdentityNumericLeaf for scope=[17] (in 0.00746 secs)
2025-04-17 16:32:33,939 [DEBUG]  OP: Operation.CREATE_LEAF on slice (221788, 1) (remaining tasks 25)
2025-04-17 16:32:33,948 [DEBUG]  		 created leaf IdentityNumericLeaf for scope=[18] (in 0.00900 secs)
2025-04-17 16:32:33,948 [DEBUG]  OP: Operation.CREATE_LEAF on slice (221788, 1) (remaining tasks 24)
2025-04-17 16:32:33,959 [DEBUG]  		 created leaf IdentityNumericLeaf for scope=[19] (in 0.01143 secs)
2025-04-17 16:32:33,960 [DEBUG]  OP: Operation.CREATE_LEAF on slice (221788, 1) (remaining tasks 23)
2025-04-17 16:32:33,970 [DEBUG]  		 created leaf IdentityNumericLeaf for scope=[20] (in 0.01015 secs)
2025-04-17 16:32:33,970 [DEBUG]  OP: Operation.CREATE_LEAF on slice (221788, 1) (remaining tasks 22)
2025-04-17 16:32:33,981 [DEBUG]  		 created leaf IdentityNumericLeaf for scope=[21] (in 0.01106 secs)
2025-04-17 16:32:33,981 [DEBUG]  OP: Operation.CREATE_LEAF on slice (31892, 1) (remaining tasks 21)
2025-04-17 16:32:33,983 [DEBUG]  		 created leaf IdentityNumericLeaf for scope=[0] (in 0.00138 secs)
2025-04-17 16:32:33,983 [DEBUG]  OP: Operation.CREATE_LEAF on slice (31892, 1) (remaining tasks 20)
2025-04-17 16:32:33,984 [DEBUG]  		 created leaf IdentityNumericLeaf for scope=[1] (in 0.00143 secs)
2025-04-17 16:32:33,984 [DEBUG]  OP: Operation.CREATE_LEAF on slice (31892, 1) (remaining tasks 19)
2025-04-17 16:32:33,986 [DEBUG]  		 created leaf IdentityNumericLeaf for scope=[2] (in 0.00137 secs)
2025-04-17 16:32:33,986 [DEBUG]  OP: Operation.CREATE_LEAF on slice (31892, 1) (remaining tasks 18)
2025-04-17 16:32:33,987 [DEBUG]  		 created leaf IdentityNumericLeaf for scope=[3] (in 0.00105 secs)
2025-04-17 16:32:33,987 [DEBUG]  OP: Operation.CREATE_LEAF on slice (31892, 1) (remaining tasks 17)
2025-04-17 16:32:33,989 [DEBUG]  		 created leaf IdentityNumericLeaf for scope=[4] (in 0.00215 secs)
2025-04-17 16:32:33,989 [DEBUG]  OP: Operation.CREATE_LEAF on slice (31892, 1) (remaining tasks 16)
2025-04-17 16:32:33,991 [DEBUG]  		 created leaf IdentityNumericLeaf for scope=[5] (in 0.00147 secs)
2025-04-17 16:32:33,991 [DEBUG]  OP: Operation.CREATE_LEAF on slice (31892, 1) (remaining tasks 15)
2025-04-17 16:32:33,992 [DEBUG]  		 created leaf IdentityNumericLeaf for scope=[6] (in 0.00119 secs)
2025-04-17 16:32:33,992 [DEBUG]  OP: Operation.CREATE_LEAF on slice (31892, 1) (remaining tasks 14)
2025-04-17 16:32:33,994 [DEBUG]  		 created leaf IdentityNumericLeaf for scope=[7] (in 0.00132 secs)
2025-04-17 16:32:33,994 [DEBUG]  OP: Operation.CREATE_LEAF on slice (31892, 1) (remaining tasks 13)
2025-04-17 16:32:33,996 [DEBUG]  		 created leaf IdentityNumericLeaf for scope=[8] (in 0.00151 secs)
2025-04-17 16:32:33,996 [DEBUG]  OP: Operation.CREATE_LEAF on slice (31892, 1) (remaining tasks 12)
2025-04-17 16:32:33,997 [DEBUG]  		 created leaf IdentityNumericLeaf for scope=[9] (in 0.00141 secs)
2025-04-17 16:32:33,997 [DEBUG]  OP: Operation.CREATE_LEAF on slice (31892, 1) (remaining tasks 11)
2025-04-17 16:32:33,999 [DEBUG]  		 created leaf IdentityNumericLeaf for scope=[10] (in 0.00126 secs)
2025-04-17 16:32:33,999 [DEBUG]  OP: Operation.CREATE_LEAF on slice (31892, 1) (remaining tasks 10)
2025-04-17 16:32:34,000 [DEBUG]  		 created leaf IdentityNumericLeaf for scope=[11] (in 0.00108 secs)
2025-04-17 16:32:34,000 [DEBUG]  OP: Operation.CREATE_LEAF on slice (31892, 1) (remaining tasks 9)
2025-04-17 16:32:34,001 [DEBUG]  		 created leaf IdentityNumericLeaf for scope=[12] (in 0.00110 secs)
2025-04-17 16:32:34,001 [DEBUG]  OP: Operation.CREATE_LEAF on slice (31892, 1) (remaining tasks 8)
2025-04-17 16:32:34,003 [DEBUG]  		 created leaf IdentityNumericLeaf for scope=[13] (in 0.00126 secs)
2025-04-17 16:32:34,003 [DEBUG]  OP: Operation.CREATE_LEAF on slice (31892, 1) (remaining tasks 7)
2025-04-17 16:32:34,004 [DEBUG]  		 created leaf IdentityNumericLeaf for scope=[14] (in 0.00171 secs)
2025-04-17 16:32:34,004 [DEBUG]  OP: Operation.CREATE_LEAF on slice (31892, 1) (remaining tasks 6)
2025-04-17 16:32:34,006 [DEBUG]  		 created leaf IdentityNumericLeaf for scope=[15] (in 0.00183 secs)
2025-04-17 16:32:34,006 [DEBUG]  OP: Operation.CREATE_LEAF on slice (31892, 1) (remaining tasks 5)
2025-04-17 16:32:34,008 [DEBUG]  		 created leaf IdentityNumericLeaf for scope=[16] (in 0.00162 secs)
2025-04-17 16:32:34,008 [DEBUG]  OP: Operation.CREATE_LEAF on slice (31892, 1) (remaining tasks 4)
2025-04-17 16:32:34,010 [DEBUG]  		 created leaf IdentityNumericLeaf for scope=[17] (in 0.00142 secs)
2025-04-17 16:32:34,010 [DEBUG]  OP: Operation.CREATE_LEAF on slice (31892, 1) (remaining tasks 3)
2025-04-17 16:32:34,011 [DEBUG]  		 created leaf IdentityNumericLeaf for scope=[18] (in 0.00141 secs)
2025-04-17 16:32:34,011 [DEBUG]  OP: Operation.CREATE_LEAF on slice (31892, 1) (remaining tasks 2)
2025-04-17 16:32:34,013 [DEBUG]  		 created leaf IdentityNumericLeaf for scope=[19] (in 0.00183 secs)
2025-04-17 16:32:34,013 [DEBUG]  OP: Operation.CREATE_LEAF on slice (31892, 1) (remaining tasks 1)
2025-04-17 16:32:34,015 [DEBUG]  		 created leaf IdentityNumericLeaf for scope=[20] (in 0.00170 secs)
2025-04-17 16:32:34,015 [DEBUG]  OP: Operation.CREATE_LEAF on slice (31892, 1) (remaining tasks 0)
2025-04-17 16:32:34,017 [DEBUG]  		 created leaf IdentityNumericLeaf for scope=[21] (in 0.00189 secs)
2025-04-17 16:32:34,029 [DEBUG]  Built SPN in 31.475174030289054 sec
2025-04-17 16:32:34,029 [INFO ]  Saving ensemble to /home/dafn/card/deepcard/collected_temp_benchmarks/spn_ensembles/Diabetes Health Indicators Dataset/ensemble_single_diabetes_binary_health_indicators_brfss2015_10000000.pkl
