2025-04-17 12:06:14,829 [INFO ]  Creating naive ensemble.
2025-04-17 12:06:14,829 [INFO ]  Learning SPN for diabetes_binary_health_indicators_brfss2015.
2025-04-17 12:06:14,829 [DEBUG]  generate_join_sample(single_table=diabetes_binary_health_indicators_brfss2015, relationship_list=None, split_condition=None)
2025-04-17 12:06:14,927 [DEBUG]  Using min_instance_slice parameter 2536.8.
2025-04-17 12:06:14,927 [INFO ]  SPN training phase with 253680 samples
2025-04-17 12:06:15,079 [DEBUG]  Built domains in 0.1520936917513609 sec
2025-04-17 12:06:15,463 [DEBUG]  CACHEDIR=/home/dafn/.cache/matplotlib
2025-04-17 12:06:15,465 [DEBUG]  Using fontManager instance from /home/dafn/.cache/matplotlib/fontlist-v300.json
2025-04-17 12:06:15,558 [DEBUG]  Loaded backend qt5agg version unknown.
2025-04-17 12:06:15,590 [DEBUG]  Loaded backend qt5agg version unknown.
2025-04-17 12:06:15,590 [DEBUG]  Loaded backend qt4agg version unknown.
2025-04-17 12:06:15,597 [DEBUG]  Loaded backend tkagg version unknown.
2025-04-17 12:06:15,598 [DEBUG]  Loaded backend agg version unknown.
2025-04-17 12:06:15,598 [DEBUG]  Loaded backend agg version unknown.
2025-04-17 12:06:15,621 [DEBUG]  OP: Operation.SPLIT_ROWS on slice (253680, 22) (remaining tasks 0)
2025-04-17 12:06:16,570 [DEBUG]  		found 2 row clusters (in 0.94919 secs)
2025-04-17 12:06:16,601 [DEBUG]  OP: Operation.SPLIT_COLUMNS on slice (221788, 22) (remaining tasks 1)
2025-04-17 12:06:26,831 [DEBUG]  		found 22 col clusters (in 10.22959 secs)
2025-04-17 12:06:26,836 [DEBUG]  OP: Operation.SPLIT_COLUMNS on slice (31892, 22) (remaining tasks 22)
2025-04-17 12:06:36,689 [DEBUG]  		found 22 col clusters (in 9.85219 secs)
2025-04-17 12:06:36,695 [DEBUG]  OP: Operation.CREATE_LEAF on slice (221788, 1) (remaining tasks 43)
2025-04-17 12:06:36,747 [DEBUG]  		 created leaf IdentityNumericLeaf for scope=[0] (in 0.05074 secs)
2025-04-17 12:06:36,762 [DEBUG]  OP: Operation.CREATE_LEAF on slice (221788, 1) (remaining tasks 42)
2025-04-17 12:06:36,819 [DEBUG]  		 created leaf IdentityNumericLeaf for scope=[1] (in 0.05607 secs)
2025-04-17 12:06:36,819 [DEBUG]  OP: Operation.CREATE_LEAF on slice (221788, 1) (remaining tasks 41)
2025-04-17 12:06:36,830 [DEBUG]  		 created leaf IdentityNumericLeaf for scope=[2] (in 0.01046 secs)
2025-04-17 12:06:36,830 [DEBUG]  OP: Operation.CREATE_LEAF on slice (221788, 1) (remaining tasks 40)
2025-04-17 12:06:36,836 [DEBUG]  		 created leaf IdentityNumericLeaf for scope=[3] (in 0.00551 secs)
2025-04-17 12:06:36,836 [DEBUG]  OP: Operation.CREATE_LEAF on slice (221788, 1) (remaining tasks 39)
2025-04-17 12:06:36,846 [DEBUG]  		 created leaf IdentityNumericLeaf for scope=[4] (in 0.00971 secs)
2025-04-17 12:06:36,846 [DEBUG]  OP: Operation.CREATE_LEAF on slice (221788, 1) (remaining tasks 38)
2025-04-17 12:06:36,853 [DEBUG]  		 created leaf IdentityNumericLeaf for scope=[5] (in 0.00686 secs)
2025-04-17 12:06:36,853 [DEBUG]  OP: Operation.CREATE_LEAF on slice (221788, 1) (remaining tasks 37)
2025-04-17 12:06:36,858 [DEBUG]  		 created leaf IdentityNumericLeaf for scope=[6] (in 0.00524 secs)
2025-04-17 12:06:36,858 [DEBUG]  OP: Operation.CREATE_LEAF on slice (221788, 1) (remaining tasks 36)
2025-04-17 12:06:36,864 [DEBUG]  		 created leaf IdentityNumericLeaf for scope=[7] (in 0.00573 secs)
2025-04-17 12:06:36,864 [DEBUG]  OP: Operation.CREATE_LEAF on slice (221788, 1) (remaining tasks 35)
2025-04-17 12:06:36,870 [DEBUG]  		 created leaf IdentityNumericLeaf for scope=[8] (in 0.00612 secs)
2025-04-17 12:06:36,870 [DEBUG]  OP: Operation.CREATE_LEAF on slice (221788, 1) (remaining tasks 34)
2025-04-17 12:06:36,877 [DEBUG]  		 created leaf IdentityNumericLeaf for scope=[9] (in 0.00640 secs)
2025-04-17 12:06:36,877 [DEBUG]  OP: Operation.CREATE_LEAF on slice (221788, 1) (remaining tasks 33)
2025-04-17 12:06:36,883 [DEBUG]  		 created leaf IdentityNumericLeaf for scope=[10] (in 0.00584 secs)
2025-04-17 12:06:36,883 [DEBUG]  OP: Operation.CREATE_LEAF on slice (221788, 1) (remaining tasks 32)
2025-04-17 12:06:36,889 [DEBUG]  		 created leaf IdentityNumericLeaf for scope=[11] (in 0.00557 secs)
2025-04-17 12:06:36,889 [DEBUG]  OP: Operation.CREATE_LEAF on slice (221788, 1) (remaining tasks 31)
2025-04-17 12:06:36,894 [DEBUG]  		 created leaf IdentityNumericLeaf for scope=[12] (in 0.00532 secs)
2025-04-17 12:06:36,894 [DEBUG]  OP: Operation.CREATE_LEAF on slice (221788, 1) (remaining tasks 30)
2025-04-17 12:06:36,900 [DEBUG]  		 created leaf IdentityNumericLeaf for scope=[13] (in 0.00560 secs)
2025-04-17 12:06:36,900 [DEBUG]  OP: Operation.CREATE_LEAF on slice (221788, 1) (remaining tasks 29)
2025-04-17 12:06:36,908 [DEBUG]  		 created leaf IdentityNumericLeaf for scope=[14] (in 0.00793 secs)
2025-04-17 12:06:36,908 [DEBUG]  OP: Operation.CREATE_LEAF on slice (221788, 1) (remaining tasks 28)
2025-04-17 12:06:36,916 [DEBUG]  		 created leaf IdentityNumericLeaf for scope=[15] (in 0.00750 secs)
2025-04-17 12:06:36,916 [DEBUG]  OP: Operation.CREATE_LEAF on slice (221788, 1) (remaining tasks 27)
2025-04-17 12:06:36,923 [DEBUG]  		 created leaf IdentityNumericLeaf for scope=[16] (in 0.00705 secs)
2025-04-17 12:06:36,923 [DEBUG]  OP: Operation.CREATE_LEAF on slice (221788, 1) (remaining tasks 26)
2025-04-17 12:06:36,929 [DEBUG]  		 created leaf IdentityNumericLeaf for scope=[17] (in 0.00579 secs)
2025-04-17 12:06:36,929 [DEBUG]  OP: Operation.CREATE_LEAF on slice (221788, 1) (remaining tasks 25)
2025-04-17 12:06:36,936 [DEBUG]  		 created leaf IdentityNumericLeaf for scope=[18] (in 0.00689 secs)
2025-04-17 12:06:36,936 [DEBUG]  OP: Operation.CREATE_LEAF on slice (221788, 1) (remaining tasks 24)
2025-04-17 12:06:36,945 [DEBUG]  		 created leaf IdentityNumericLeaf for scope=[19] (in 0.00875 secs)
2025-04-17 12:06:36,945 [DEBUG]  OP: Operation.CREATE_LEAF on slice (221788, 1) (remaining tasks 23)
2025-04-17 12:06:36,953 [DEBUG]  		 created leaf IdentityNumericLeaf for scope=[20] (in 0.00771 secs)
2025-04-17 12:06:36,953 [DEBUG]  OP: Operation.CREATE_LEAF on slice (221788, 1) (remaining tasks 22)
2025-04-17 12:06:36,961 [DEBUG]  		 created leaf IdentityNumericLeaf for scope=[21] (in 0.00831 secs)
2025-04-17 12:06:36,961 [DEBUG]  OP: Operation.CREATE_LEAF on slice (31892, 1) (remaining tasks 21)
2025-04-17 12:06:36,963 [DEBUG]  		 created leaf IdentityNumericLeaf for scope=[0] (in 0.00120 secs)
2025-04-17 12:06:36,963 [DEBUG]  OP: Operation.CREATE_LEAF on slice (31892, 1) (remaining tasks 20)
2025-04-17 12:06:36,964 [DEBUG]  		 created leaf IdentityNumericLeaf for scope=[1] (in 0.00130 secs)
2025-04-17 12:06:36,964 [DEBUG]  OP: Operation.CREATE_LEAF on slice (31892, 1) (remaining tasks 19)
2025-04-17 12:06:36,966 [DEBUG]  		 created leaf IdentityNumericLeaf for scope=[2] (in 0.00119 secs)
2025-04-17 12:06:36,966 [DEBUG]  OP: Operation.CREATE_LEAF on slice (31892, 1) (remaining tasks 18)
2025-04-17 12:06:36,967 [DEBUG]  		 created leaf IdentityNumericLeaf for scope=[3] (in 0.00092 secs)
2025-04-17 12:06:36,967 [DEBUG]  OP: Operation.CREATE_LEAF on slice (31892, 1) (remaining tasks 17)
2025-04-17 12:06:36,969 [DEBUG]  		 created leaf IdentityNumericLeaf for scope=[4] (in 0.00176 secs)
2025-04-17 12:06:36,969 [DEBUG]  OP: Operation.CREATE_LEAF on slice (31892, 1) (remaining tasks 16)
2025-04-17 12:06:36,970 [DEBUG]  		 created leaf IdentityNumericLeaf for scope=[5] (in 0.00126 secs)
2025-04-17 12:06:36,970 [DEBUG]  OP: Operation.CREATE_LEAF on slice (31892, 1) (remaining tasks 15)
2025-04-17 12:06:36,971 [DEBUG]  		 created leaf IdentityNumericLeaf for scope=[6] (in 0.00111 secs)
2025-04-17 12:06:36,972 [DEBUG]  OP: Operation.CREATE_LEAF on slice (31892, 1) (remaining tasks 14)
2025-04-17 12:06:36,973 [DEBUG]  		 created leaf IdentityNumericLeaf for scope=[7] (in 0.00114 secs)
2025-04-17 12:06:36,973 [DEBUG]  OP: Operation.CREATE_LEAF on slice (31892, 1) (remaining tasks 13)
2025-04-17 12:06:36,974 [DEBUG]  		 created leaf IdentityNumericLeaf for scope=[8] (in 0.00132 secs)
2025-04-17 12:06:36,974 [DEBUG]  OP: Operation.CREATE_LEAF on slice (31892, 1) (remaining tasks 12)
2025-04-17 12:06:36,976 [DEBUG]  		 created leaf IdentityNumericLeaf for scope=[9] (in 0.00127 secs)
2025-04-17 12:06:36,976 [DEBUG]  OP: Operation.CREATE_LEAF on slice (31892, 1) (remaining tasks 11)
2025-04-17 12:06:36,977 [DEBUG]  		 created leaf IdentityNumericLeaf for scope=[10] (in 0.00108 secs)
2025-04-17 12:06:36,977 [DEBUG]  OP: Operation.CREATE_LEAF on slice (31892, 1) (remaining tasks 10)
2025-04-17 12:06:36,978 [DEBUG]  		 created leaf IdentityNumericLeaf for scope=[11] (in 0.00096 secs)
2025-04-17 12:06:36,978 [DEBUG]  OP: Operation.CREATE_LEAF on slice (31892, 1) (remaining tasks 9)
2025-04-17 12:06:36,979 [DEBUG]  		 created leaf IdentityNumericLeaf for scope=[12] (in 0.00099 secs)
2025-04-17 12:06:36,979 [DEBUG]  OP: Operation.CREATE_LEAF on slice (31892, 1) (remaining tasks 8)
2025-04-17 12:06:36,980 [DEBUG]  		 created leaf IdentityNumericLeaf for scope=[13] (in 0.00112 secs)
2025-04-17 12:06:36,981 [DEBUG]  OP: Operation.CREATE_LEAF on slice (31892, 1) (remaining tasks 7)
2025-04-17 12:06:36,982 [DEBUG]  		 created leaf IdentityNumericLeaf for scope=[14] (in 0.00144 secs)
2025-04-17 12:06:36,982 [DEBUG]  OP: Operation.CREATE_LEAF on slice (31892, 1) (remaining tasks 6)
2025-04-17 12:06:36,984 [DEBUG]  		 created leaf IdentityNumericLeaf for scope=[15] (in 0.00161 secs)
2025-04-17 12:06:36,984 [DEBUG]  OP: Operation.CREATE_LEAF on slice (31892, 1) (remaining tasks 5)
2025-04-17 12:06:36,985 [DEBUG]  		 created leaf IdentityNumericLeaf for scope=[16] (in 0.00143 secs)
2025-04-17 12:06:36,986 [DEBUG]  OP: Operation.CREATE_LEAF on slice (31892, 1) (remaining tasks 4)
2025-04-17 12:06:36,987 [DEBUG]  		 created leaf IdentityNumericLeaf for scope=[17] (in 0.00128 secs)
2025-04-17 12:06:36,987 [DEBUG]  OP: Operation.CREATE_LEAF on slice (31892, 1) (remaining tasks 3)
2025-04-17 12:06:36,988 [DEBUG]  		 created leaf IdentityNumericLeaf for scope=[18] (in 0.00123 secs)
2025-04-17 12:06:36,988 [DEBUG]  OP: Operation.CREATE_LEAF on slice (31892, 1) (remaining tasks 2)
2025-04-17 12:06:36,990 [DEBUG]  		 created leaf IdentityNumericLeaf for scope=[19] (in 0.00157 secs)
2025-04-17 12:06:36,990 [DEBUG]  OP: Operation.CREATE_LEAF on slice (31892, 1) (remaining tasks 1)
2025-04-17 12:06:36,992 [DEBUG]  		 created leaf IdentityNumericLeaf for scope=[20] (in 0.00148 secs)
2025-04-17 12:06:36,992 [DEBUG]  OP: Operation.CREATE_LEAF on slice (31892, 1) (remaining tasks 0)
2025-04-17 12:06:36,993 [DEBUG]  		 created leaf IdentityNumericLeaf for scope=[21] (in 0.00161 secs)
2025-04-17 12:06:37,004 [DEBUG]  Built SPN in 21.924743620678782 sec
2025-04-17 12:06:37,004 [INFO ]  Saving ensemble to /home/dafn/card/deepcard/collected_temp_benchmarks/spn_ensembles/Diabetes Health Indicators Dataset/ensemble_single_diabetes_binary_health_indicators_brfss2015_10000000.pkl
