2025-04-17 12:04:02,367 [INFO ]  Creating naive ensemble.
2025-04-17 12:04:02,367 [INFO ]  Learning SPN for diabetes_binary_health_indicators_brfss2015.
2025-04-17 12:04:02,367 [DEBUG]  generate_join_sample(single_table=diabetes_binary_health_indicators_brfss2015, relationship_list=None, split_condition=None)
2025-04-17 12:04:02,467 [DEBUG]  Using min_instance_slice parameter 2536.8.
2025-04-17 12:04:02,467 [INFO ]  SPN training phase with 253680 samples
2025-04-17 12:04:02,620 [DEBUG]  Built domains in 0.1533187748864293 sec
2025-04-17 12:04:02,995 [DEBUG]  CACHEDIR=/home/dafn/.cache/matplotlib
2025-04-17 12:04:02,996 [DEBUG]  Using fontManager instance from /home/dafn/.cache/matplotlib/fontlist-v300.json
2025-04-17 12:04:03,092 [DEBUG]  Loaded backend qt5agg version unknown.
2025-04-17 12:04:03,124 [DEBUG]  Loaded backend qt5agg version unknown.
2025-04-17 12:04:03,125 [DEBUG]  Loaded backend qt4agg version unknown.
2025-04-17 12:04:03,131 [DEBUG]  Loaded backend tkagg version unknown.
2025-04-17 12:04:03,132 [DEBUG]  Loaded backend agg version unknown.
2025-04-17 12:04:03,132 [DEBUG]  Loaded backend agg version unknown.
2025-04-17 12:04:03,155 [DEBUG]  OP: Operation.SPLIT_ROWS on slice (253680, 22) (remaining tasks 0)
2025-04-17 12:04:04,100 [DEBUG]  		found 2 row clusters (in 0.94512 secs)
2025-04-17 12:04:04,131 [DEBUG]  OP: Operation.SPLIT_COLUMNS on slice (221788, 22) (remaining tasks 1)
2025-04-17 12:04:14,482 [DEBUG]  		found 21 col clusters (in 10.35022 secs)
2025-04-17 12:04:14,491 [DEBUG]  OP: Operation.SPLIT_COLUMNS on slice (31892, 22) (remaining tasks 21)
2025-04-17 12:04:23,773 [DEBUG]  		found 21 col clusters (in 9.28242 secs)
2025-04-17 12:04:23,774 [DEBUG]  OP: Operation.CREATE_LEAF on slice (221788, 1) (remaining tasks 41)
2025-04-17 12:04:23,837 [DEBUG]  		 created leaf IdentityNumericLeaf for scope=[0] (in 0.06340 secs)
2025-04-17 12:04:23,837 [DEBUG]  OP: Operation.CREATE_LEAF on slice (221788, 1) (remaining tasks 40)
2025-04-17 12:04:23,889 [DEBUG]  		 created leaf IdentityNumericLeaf for scope=[1] (in 0.05190 secs)
2025-04-17 12:04:23,889 [DEBUG]  OP: Operation.CREATE_LEAF on slice (221788, 1) (remaining tasks 39)
2025-04-17 12:04:23,896 [DEBUG]  		 created leaf IdentityNumericLeaf for scope=[2] (in 0.00686 secs)
2025-04-17 12:04:23,896 [DEBUG]  OP: Operation.CREATE_LEAF on slice (221788, 1) (remaining tasks 38)
2025-04-17 12:04:23,902 [DEBUG]  		 created leaf IdentityNumericLeaf for scope=[3] (in 0.00524 secs)
2025-04-17 12:04:23,902 [DEBUG]  OP: Operation.CREATE_LEAF on slice (221788, 1) (remaining tasks 37)
2025-04-17 12:04:23,911 [DEBUG]  		 created leaf IdentityNumericLeaf for scope=[4] (in 0.00943 secs)
2025-04-17 12:04:23,911 [DEBUG]  OP: Operation.CREATE_LEAF on slice (221788, 1) (remaining tasks 36)
2025-04-17 12:04:23,918 [DEBUG]  		 created leaf IdentityNumericLeaf for scope=[5] (in 0.00685 secs)
2025-04-17 12:04:23,918 [DEBUG]  OP: Operation.CREATE_LEAF on slice (221788, 1) (remaining tasks 35)
2025-04-17 12:04:23,924 [DEBUG]  		 created leaf IdentityNumericLeaf for scope=[6] (in 0.00527 secs)
2025-04-17 12:04:23,924 [DEBUG]  OP: Operation.CREATE_LEAF on slice (221788, 1) (remaining tasks 34)
2025-04-17 12:04:23,930 [DEBUG]  		 created leaf IdentityNumericLeaf for scope=[7] (in 0.00555 secs)
2025-04-17 12:04:23,930 [DEBUG]  OP: Operation.CREATE_LEAF on slice (221788, 1) (remaining tasks 33)
2025-04-17 12:04:23,936 [DEBUG]  		 created leaf IdentityNumericLeaf for scope=[8] (in 0.00603 secs)
2025-04-17 12:04:23,936 [DEBUG]  OP: Operation.CREATE_LEAF on slice (221788, 1) (remaining tasks 32)
2025-04-17 12:04:23,942 [DEBUG]  		 created leaf IdentityNumericLeaf for scope=[9] (in 0.00623 secs)
2025-04-17 12:04:23,942 [DEBUG]  OP: Operation.CREATE_LEAF on slice (221788, 1) (remaining tasks 31)
2025-04-17 12:04:23,948 [DEBUG]  		 created leaf IdentityNumericLeaf for scope=[10] (in 0.00594 secs)
2025-04-17 12:04:23,948 [DEBUG]  OP: Operation.CREATE_LEAF on slice (221788, 1) (remaining tasks 30)
2025-04-17 12:04:23,954 [DEBUG]  		 created leaf IdentityNumericLeaf for scope=[11] (in 0.00547 secs)
2025-04-17 12:04:23,954 [DEBUG]  OP: Operation.CREATE_LEAF on slice (221788, 1) (remaining tasks 29)
2025-04-17 12:04:23,959 [DEBUG]  		 created leaf IdentityNumericLeaf for scope=[12] (in 0.00534 secs)
2025-04-17 12:04:23,960 [DEBUG]  OP: Operation.CREATE_LEAF on slice (221788, 1) (remaining tasks 28)
2025-04-17 12:04:23,965 [DEBUG]  		 created leaf IdentityNumericLeaf for scope=[13] (in 0.00556 secs)
2025-04-17 12:04:23,965 [DEBUG]  OP: Operation.CREATE_LEAF on slice (221788, 1) (remaining tasks 27)
2025-04-17 12:04:23,973 [DEBUG]  		 created leaf IdentityNumericLeaf for scope=[14] (in 0.00763 secs)
2025-04-17 12:04:23,973 [DEBUG]  OP: Operation.CREATE_LEAF on slice (221788, 1) (remaining tasks 26)
2025-04-17 12:04:23,980 [DEBUG]  		 created leaf IdentityNumericLeaf for scope=[15] (in 0.00729 secs)
2025-04-17 12:04:23,981 [DEBUG]  OP: Operation.CREATE_LEAF on slice (221788, 1) (remaining tasks 25)
2025-04-17 12:04:23,988 [DEBUG]  		 created leaf IdentityNumericLeaf for scope=[16] (in 0.00692 secs)
2025-04-17 12:04:23,988 [DEBUG]  OP: Operation.CREATE_LEAF on slice (221788, 1) (remaining tasks 24)
2025-04-17 12:04:23,994 [DEBUG]  		 created leaf IdentityNumericLeaf for scope=[17] (in 0.00589 secs)
2025-04-17 12:04:23,994 [DEBUG]  OP: Operation.CREATE_LEAF on slice (221788, 1) (remaining tasks 23)
2025-04-17 12:04:24,001 [DEBUG]  		 created leaf IdentityNumericLeaf for scope=[18] (in 0.00681 secs)
2025-04-17 12:04:24,001 [DEBUG]  OP: Operation.CREATE_LEAF on slice (221788, 1) (remaining tasks 22)
2025-04-17 12:04:24,009 [DEBUG]  		 created leaf IdentityNumericLeaf for scope=[19] (in 0.00866 secs)
2025-04-17 12:04:24,011 [DEBUG]  OP: Operation.SPLIT_COLUMNS on slice (221788, 2) (remaining tasks 21)
2025-04-17 12:04:24,120 [DEBUG]  		found 1 col clusters (in 0.10921 secs)
2025-04-17 12:04:24,120 [DEBUG]  OP: Operation.CREATE_LEAF on slice (31892, 1) (remaining tasks 21)
2025-04-17 12:04:24,122 [DEBUG]  		 created leaf IdentityNumericLeaf for scope=[0] (in 0.00131 secs)
2025-04-17 12:04:24,122 [DEBUG]  OP: Operation.CREATE_LEAF on slice (31892, 1) (remaining tasks 20)
2025-04-17 12:04:24,123 [DEBUG]  		 created leaf IdentityNumericLeaf for scope=[1] (in 0.00146 secs)
2025-04-17 12:04:24,123 [DEBUG]  OP: Operation.CREATE_LEAF on slice (31892, 1) (remaining tasks 19)
2025-04-17 12:04:24,125 [DEBUG]  		 created leaf IdentityNumericLeaf for scope=[2] (in 0.00139 secs)
2025-04-17 12:04:24,125 [DEBUG]  OP: Operation.CREATE_LEAF on slice (31892, 1) (remaining tasks 18)
2025-04-17 12:04:24,126 [DEBUG]  		 created leaf IdentityNumericLeaf for scope=[3] (in 0.00110 secs)
2025-04-17 12:04:24,126 [DEBUG]  OP: Operation.CREATE_LEAF on slice (31892, 1) (remaining tasks 17)
2025-04-17 12:04:24,129 [DEBUG]  		 created leaf IdentityNumericLeaf for scope=[4] (in 0.00218 secs)
2025-04-17 12:04:24,129 [DEBUG]  OP: Operation.CREATE_LEAF on slice (31892, 1) (remaining tasks 16)
2025-04-17 12:04:24,130 [DEBUG]  		 created leaf IdentityNumericLeaf for scope=[5] (in 0.00146 secs)
2025-04-17 12:04:24,130 [DEBUG]  OP: Operation.CREATE_LEAF on slice (31892, 1) (remaining tasks 15)
2025-04-17 12:04:24,132 [DEBUG]  		 created leaf IdentityNumericLeaf for scope=[6] (in 0.00121 secs)
2025-04-17 12:04:24,132 [DEBUG]  OP: Operation.CREATE_LEAF on slice (31892, 1) (remaining tasks 14)
2025-04-17 12:04:24,133 [DEBUG]  		 created leaf IdentityNumericLeaf for scope=[7] (in 0.00133 secs)
2025-04-17 12:04:24,133 [DEBUG]  OP: Operation.CREATE_LEAF on slice (31892, 1) (remaining tasks 13)
2025-04-17 12:04:24,135 [DEBUG]  		 created leaf IdentityNumericLeaf for scope=[8] (in 0.00154 secs)
2025-04-17 12:04:24,135 [DEBUG]  OP: Operation.CREATE_LEAF on slice (31892, 1) (remaining tasks 12)
2025-04-17 12:04:24,137 [DEBUG]  		 created leaf IdentityNumericLeaf for scope=[9] (in 0.00143 secs)
2025-04-17 12:04:24,137 [DEBUG]  OP: Operation.CREATE_LEAF on slice (31892, 1) (remaining tasks 11)
2025-04-17 12:04:24,138 [DEBUG]  		 created leaf IdentityNumericLeaf for scope=[10] (in 0.00127 secs)
2025-04-17 12:04:24,138 [DEBUG]  OP: Operation.CREATE_LEAF on slice (31892, 1) (remaining tasks 10)
2025-04-17 12:04:24,139 [DEBUG]  		 created leaf IdentityNumericLeaf for scope=[11] (in 0.00109 secs)
2025-04-17 12:04:24,140 [DEBUG]  OP: Operation.CREATE_LEAF on slice (31892, 1) (remaining tasks 9)
2025-04-17 12:04:24,141 [DEBUG]  		 created leaf IdentityNumericLeaf for scope=[12] (in 0.00112 secs)
2025-04-17 12:04:24,141 [DEBUG]  OP: Operation.CREATE_LEAF on slice (31892, 1) (remaining tasks 8)
2025-04-17 12:04:24,142 [DEBUG]  		 created leaf IdentityNumericLeaf for scope=[13] (in 0.00127 secs)
2025-04-17 12:04:24,142 [DEBUG]  OP: Operation.CREATE_LEAF on slice (31892, 1) (remaining tasks 7)
2025-04-17 12:04:24,144 [DEBUG]  		 created leaf IdentityNumericLeaf for scope=[14] (in 0.00178 secs)
2025-04-17 12:04:24,144 [DEBUG]  OP: Operation.CREATE_LEAF on slice (31892, 1) (remaining tasks 6)
2025-04-17 12:04:24,146 [DEBUG]  		 created leaf IdentityNumericLeaf for scope=[15] (in 0.00184 secs)
2025-04-17 12:04:24,146 [DEBUG]  OP: Operation.CREATE_LEAF on slice (31892, 1) (remaining tasks 5)
2025-04-17 12:04:24,148 [DEBUG]  		 created leaf IdentityNumericLeaf for scope=[16] (in 0.00164 secs)
2025-04-17 12:04:24,148 [DEBUG]  OP: Operation.CREATE_LEAF on slice (31892, 1) (remaining tasks 4)
2025-04-17 12:04:24,150 [DEBUG]  		 created leaf IdentityNumericLeaf for scope=[17] (in 0.00144 secs)
2025-04-17 12:04:24,150 [DEBUG]  OP: Operation.CREATE_LEAF on slice (31892, 1) (remaining tasks 3)
2025-04-17 12:04:24,151 [DEBUG]  		 created leaf IdentityNumericLeaf for scope=[18] (in 0.00145 secs)
2025-04-17 12:04:24,152 [DEBUG]  OP: Operation.CREATE_LEAF on slice (31892, 1) (remaining tasks 2)
2025-04-17 12:04:24,153 [DEBUG]  		 created leaf IdentityNumericLeaf for scope=[19] (in 0.00185 secs)
2025-04-17 12:04:24,154 [DEBUG]  OP: Operation.SPLIT_COLUMNS on slice (31892, 2) (remaining tasks 1)
2025-04-17 12:04:24,262 [DEBUG]  		found 1 col clusters (in 0.10839 secs)
2025-04-17 12:04:24,264 [DEBUG]  OP: Operation.SPLIT_ROWS on slice (221788, 2) (remaining tasks 1)
2025-04-17 12:04:24,662 [DEBUG]  		found 2 row clusters (in 0.39752 secs)
2025-04-17 12:04:24,662 [DEBUG]  OP: Operation.SPLIT_ROWS on slice (31892, 2) (remaining tasks 2)
2025-04-17 12:04:24,787 [DEBUG]  		found 2 row clusters (in 0.12522 secs)
2025-04-17 12:04:24,791 [DEBUG]  OP: Operation.SPLIT_COLUMNS on slice (64472, 2) (remaining tasks 3)
2025-04-17 12:04:24,899 [DEBUG]  		found 2 col clusters (in 0.10833 secs)
2025-04-17 12:04:24,914 [DEBUG]  OP: Operation.SPLIT_COLUMNS on slice (157316, 2) (remaining tasks 4)
2025-04-17 12:04:25,026 [DEBUG]  		found 2 col clusters (in 0.11134 secs)
2025-04-17 12:04:25,028 [DEBUG]  OP: Operation.SPLIT_COLUMNS on slice (15564, 2) (remaining tasks 5)
2025-04-17 12:04:25,139 [DEBUG]  		found 2 col clusters (in 0.11088 secs)
2025-04-17 12:04:25,142 [DEBUG]  OP: Operation.SPLIT_COLUMNS on slice (16328, 2) (remaining tasks 6)
2025-04-17 12:04:25,253 [DEBUG]  		found 2 col clusters (in 0.11108 secs)
2025-04-17 12:04:25,253 [DEBUG]  OP: Operation.CREATE_LEAF on slice (64472, 1) (remaining tasks 7)
2025-04-17 12:04:25,257 [DEBUG]  		 created leaf IdentityNumericLeaf for scope=[20] (in 0.00384 secs)
2025-04-17 12:04:25,257 [DEBUG]  OP: Operation.CREATE_LEAF on slice (64472, 1) (remaining tasks 6)
2025-04-17 12:04:25,261 [DEBUG]  		 created leaf IdentityNumericLeaf for scope=[21] (in 0.00378 secs)
2025-04-17 12:04:25,261 [DEBUG]  OP: Operation.CREATE_LEAF on slice (157316, 1) (remaining tasks 5)
2025-04-17 12:04:25,270 [DEBUG]  		 created leaf IdentityNumericLeaf for scope=[20] (in 0.00847 secs)
2025-04-17 12:04:25,270 [DEBUG]  OP: Operation.CREATE_LEAF on slice (157316, 1) (remaining tasks 4)
2025-04-17 12:04:25,278 [DEBUG]  		 created leaf IdentityNumericLeaf for scope=[21] (in 0.00825 secs)
2025-04-17 12:04:25,278 [DEBUG]  OP: Operation.CREATE_LEAF on slice (15564, 1) (remaining tasks 3)
2025-04-17 12:04:25,280 [DEBUG]  		 created leaf IdentityNumericLeaf for scope=[20] (in 0.00117 secs)
2025-04-17 12:04:25,280 [DEBUG]  OP: Operation.CREATE_LEAF on slice (15564, 1) (remaining tasks 2)
2025-04-17 12:04:25,281 [DEBUG]  		 created leaf IdentityNumericLeaf for scope=[21] (in 0.00119 secs)
2025-04-17 12:04:25,281 [DEBUG]  OP: Operation.CREATE_LEAF on slice (16328, 1) (remaining tasks 1)
2025-04-17 12:04:25,282 [DEBUG]  		 created leaf IdentityNumericLeaf for scope=[20] (in 0.00114 secs)
2025-04-17 12:04:25,283 [DEBUG]  OP: Operation.CREATE_LEAF on slice (16328, 1) (remaining tasks 0)
2025-04-17 12:04:25,284 [DEBUG]  		 created leaf IdentityNumericLeaf for scope=[21] (in 0.00121 secs)
2025-04-17 12:04:25,300 [DEBUG]  Built SPN in 22.679276691749692 sec
2025-04-17 12:04:25,300 [INFO ]  Saving ensemble to /home/dafn/card/deepcard/collected_temp_benchmarks/spn_ensembles/Diabetes Health Indicators Dataset/ensemble_single_diabetes_binary_health_indicators_brfss2015_10000000.pkl
