2025-04-17 18:08:18,054 [INFO ]  Creating naive ensemble.
2025-04-17 18:08:18,054 [INFO ]  Learning SPN for diabetes_binary_5050split_health_indicators_brfss2015.
2025-04-17 18:08:18,054 [DEBUG]  generate_join_sample(single_table=diabetes_binary_5050split_health_indicators_brfss2015, relationship_list=None, split_condition=None)
2025-04-17 18:08:18,097 [DEBUG]  Using min_instance_slice parameter 706.92.
2025-04-17 18:08:18,097 [INFO ]  SPN training phase with 70692 samples
2025-04-17 18:08:18,139 [DEBUG]  Built domains in 0.04242060240358114 sec
2025-04-17 18:08:18,509 [DEBUG]  CACHEDIR=/home/dafn/.cache/matplotlib
2025-04-17 18:08:18,511 [DEBUG]  Using fontManager instance from /home/dafn/.cache/matplotlib/fontlist-v300.json
2025-04-17 18:08:18,605 [DEBUG]  Loaded backend qt5agg version unknown.
2025-04-17 18:08:18,636 [DEBUG]  Loaded backend qt5agg version unknown.
2025-04-17 18:08:18,637 [DEBUG]  Loaded backend qt4agg version unknown.
2025-04-17 18:08:18,644 [DEBUG]  Loaded backend tkagg version unknown.
2025-04-17 18:08:18,645 [DEBUG]  Loaded backend agg version unknown.
2025-04-17 18:08:18,645 [DEBUG]  Loaded backend agg version unknown.
2025-04-17 18:08:18,653 [DEBUG]  OP: Operation.SPLIT_ROWS on slice (70692, 22) (remaining tasks 0)
2025-04-17 18:08:19,314 [DEBUG]  		found 2 row clusters (in 0.66093 secs)
2025-04-17 18:08:19,323 [DEBUG]  OP: Operation.SPLIT_COLUMNS on slice (58044, 22) (remaining tasks 1)
2025-04-17 18:08:28,217 [DEBUG]  		found 21 col clusters (in 8.89408 secs)
2025-04-17 18:08:28,232 [DEBUG]  OP: Operation.SPLIT_COLUMNS on slice (12648, 22) (remaining tasks 21)
2025-04-17 18:08:38,292 [DEBUG]  		found 22 col clusters (in 10.04994 secs)
2025-04-17 18:08:38,292 [DEBUG]  OP: Operation.CREATE_LEAF on slice (58044, 1) (remaining tasks 42)
2025-04-17 18:08:38,295 [DEBUG]  		 created leaf IdentityNumericLeaf for scope=[0] (in 0.00270 secs)
2025-04-17 18:08:38,295 [DEBUG]  OP: Operation.CREATE_LEAF on slice (58044, 1) (remaining tasks 41)
2025-04-17 18:08:38,298 [DEBUG]  		 created leaf IdentityNumericLeaf for scope=[1] (in 0.00315 secs)
2025-04-17 18:08:38,315 [DEBUG]  OP: Operation.CREATE_LEAF on slice (58044, 1) (remaining tasks 40)
2025-04-17 18:08:38,341 [DEBUG]  		 created leaf IdentityNumericLeaf for scope=[2] (in 0.02442 secs)
2025-04-17 18:08:38,343 [DEBUG]  OP: Operation.CREATE_LEAF on slice (58044, 1) (remaining tasks 39)
2025-04-17 18:08:38,346 [DEBUG]  		 created leaf IdentityNumericLeaf for scope=[3] (in 0.00230 secs)
2025-04-17 18:08:38,346 [DEBUG]  OP: Operation.CREATE_LEAF on slice (58044, 1) (remaining tasks 38)
2025-04-17 18:08:38,369 [DEBUG]  		 created leaf IdentityNumericLeaf for scope=[4] (in 0.02323 secs)
2025-04-17 18:08:38,369 [DEBUG]  OP: Operation.CREATE_LEAF on slice (58044, 1) (remaining tasks 37)
2025-04-17 18:08:38,398 [DEBUG]  		 created leaf IdentityNumericLeaf for scope=[5] (in 0.02884 secs)
2025-04-17 18:08:38,403 [DEBUG]  OP: Operation.CREATE_LEAF on slice (58044, 1) (remaining tasks 36)
2025-04-17 18:08:38,406 [DEBUG]  		 created leaf IdentityNumericLeaf for scope=[6] (in 0.00231 secs)
2025-04-17 18:08:38,410 [DEBUG]  OP: Operation.CREATE_LEAF on slice (58044, 1) (remaining tasks 35)
2025-04-17 18:08:38,412 [DEBUG]  		 created leaf IdentityNumericLeaf for scope=[7] (in 0.00249 secs)
2025-04-17 18:08:38,413 [DEBUG]  OP: Operation.CREATE_LEAF on slice (58044, 1) (remaining tasks 34)
2025-04-17 18:08:38,415 [DEBUG]  		 created leaf IdentityNumericLeaf for scope=[8] (in 0.00222 secs)
2025-04-17 18:08:38,415 [DEBUG]  OP: Operation.CREATE_LEAF on slice (58044, 1) (remaining tasks 33)
2025-04-17 18:08:38,417 [DEBUG]  		 created leaf IdentityNumericLeaf for scope=[9] (in 0.00231 secs)
2025-04-17 18:08:38,418 [DEBUG]  OP: Operation.CREATE_LEAF on slice (58044, 1) (remaining tasks 32)
2025-04-17 18:08:38,420 [DEBUG]  		 created leaf IdentityNumericLeaf for scope=[10] (in 0.00191 secs)
2025-04-17 18:08:38,420 [DEBUG]  OP: Operation.CREATE_LEAF on slice (58044, 1) (remaining tasks 31)
2025-04-17 18:08:38,421 [DEBUG]  		 created leaf IdentityNumericLeaf for scope=[11] (in 0.00171 secs)
2025-04-17 18:08:38,422 [DEBUG]  OP: Operation.CREATE_LEAF on slice (58044, 1) (remaining tasks 30)
2025-04-17 18:08:38,423 [DEBUG]  		 created leaf IdentityNumericLeaf for scope=[12] (in 0.00164 secs)
2025-04-17 18:08:38,423 [DEBUG]  OP: Operation.CREATE_LEAF on slice (58044, 1) (remaining tasks 29)
2025-04-17 18:08:38,425 [DEBUG]  		 created leaf IdentityNumericLeaf for scope=[13] (in 0.00158 secs)
2025-04-17 18:08:38,425 [DEBUG]  OP: Operation.CREATE_LEAF on slice (58044, 1) (remaining tasks 28)
2025-04-17 18:08:38,428 [DEBUG]  		 created leaf IdentityNumericLeaf for scope=[14] (in 0.00237 secs)
2025-04-17 18:08:38,428 [DEBUG]  OP: Operation.CREATE_LEAF on slice (58044, 1) (remaining tasks 27)
2025-04-17 18:08:38,430 [DEBUG]  		 created leaf IdentityNumericLeaf for scope=[15] (in 0.00206 secs)
2025-04-17 18:08:38,430 [DEBUG]  OP: Operation.CREATE_LEAF on slice (58044, 1) (remaining tasks 26)
2025-04-17 18:08:38,432 [DEBUG]  		 created leaf IdentityNumericLeaf for scope=[16] (in 0.00208 secs)
2025-04-17 18:08:38,432 [DEBUG]  OP: Operation.CREATE_LEAF on slice (58044, 1) (remaining tasks 25)
2025-04-17 18:08:38,434 [DEBUG]  		 created leaf IdentityNumericLeaf for scope=[17] (in 0.00174 secs)
2025-04-17 18:08:38,434 [DEBUG]  OP: Operation.CREATE_LEAF on slice (58044, 1) (remaining tasks 24)
2025-04-17 18:08:38,436 [DEBUG]  		 created leaf IdentityNumericLeaf for scope=[18] (in 0.00217 secs)
2025-04-17 18:08:38,437 [DEBUG]  OP: Operation.CREATE_LEAF on slice (58044, 1) (remaining tasks 23)
2025-04-17 18:08:38,439 [DEBUG]  		 created leaf IdentityNumericLeaf for scope=[19] (in 0.00274 secs)
2025-04-17 18:08:38,440 [DEBUG]  OP: Operation.SPLIT_COLUMNS on slice (58044, 2) (remaining tasks 22)
2025-04-17 18:08:38,551 [DEBUG]  		found 1 col clusters (in 0.11087 secs)
2025-04-17 18:08:38,551 [DEBUG]  OP: Operation.CREATE_LEAF on slice (12648, 1) (remaining tasks 22)
2025-04-17 18:08:38,553 [DEBUG]  		 created leaf IdentityNumericLeaf for scope=[0] (in 0.00117 secs)
2025-04-17 18:08:38,553 [DEBUG]  OP: Operation.CREATE_LEAF on slice (12648, 1) (remaining tasks 21)
2025-04-17 18:08:38,555 [DEBUG]  		 created leaf IdentityNumericLeaf for scope=[1] (in 0.00145 secs)
2025-04-17 18:08:38,555 [DEBUG]  OP: Operation.CREATE_LEAF on slice (12648, 1) (remaining tasks 20)
2025-04-17 18:08:38,556 [DEBUG]  		 created leaf IdentityNumericLeaf for scope=[2] (in 0.00151 secs)
2025-04-17 18:08:38,557 [DEBUG]  OP: Operation.CREATE_LEAF on slice (12648, 1) (remaining tasks 19)
2025-04-17 18:08:38,558 [DEBUG]  		 created leaf IdentityNumericLeaf for scope=[3] (in 0.00119 secs)
2025-04-17 18:08:38,558 [DEBUG]  OP: Operation.CREATE_LEAF on slice (12648, 1) (remaining tasks 18)
2025-04-17 18:08:38,561 [DEBUG]  		 created leaf IdentityNumericLeaf for scope=[4] (in 0.00236 secs)
2025-04-17 18:08:38,561 [DEBUG]  OP: Operation.CREATE_LEAF on slice (12648, 1) (remaining tasks 17)
2025-04-17 18:08:38,563 [DEBUG]  		 created leaf IdentityNumericLeaf for scope=[5] (in 0.00152 secs)
2025-04-17 18:08:38,563 [DEBUG]  OP: Operation.CREATE_LEAF on slice (12648, 1) (remaining tasks 16)
2025-04-17 18:08:38,565 [DEBUG]  		 created leaf IdentityNumericLeaf for scope=[6] (in 0.00141 secs)
2025-04-17 18:08:38,565 [DEBUG]  OP: Operation.CREATE_LEAF on slice (12648, 1) (remaining tasks 15)
2025-04-17 18:08:38,567 [DEBUG]  		 created leaf IdentityNumericLeaf for scope=[7] (in 0.00154 secs)
2025-04-17 18:08:38,567 [DEBUG]  OP: Operation.CREATE_LEAF on slice (12648, 1) (remaining tasks 14)
2025-04-17 18:08:38,569 [DEBUG]  		 created leaf IdentityNumericLeaf for scope=[8] (in 0.00158 secs)
2025-04-17 18:08:38,569 [DEBUG]  OP: Operation.CREATE_LEAF on slice (12648, 1) (remaining tasks 13)
2025-04-17 18:08:38,571 [DEBUG]  		 created leaf IdentityNumericLeaf for scope=[9] (in 0.00161 secs)
2025-04-17 18:08:38,571 [DEBUG]  OP: Operation.CREATE_LEAF on slice (12648, 1) (remaining tasks 12)
2025-04-17 18:08:38,573 [DEBUG]  		 created leaf IdentityNumericLeaf for scope=[10] (in 0.00147 secs)
2025-04-17 18:08:38,573 [DEBUG]  OP: Operation.CREATE_LEAF on slice (12648, 1) (remaining tasks 11)
2025-04-17 18:08:38,574 [DEBUG]  		 created leaf IdentityNumericLeaf for scope=[11] (in 0.00119 secs)
2025-04-17 18:08:38,575 [DEBUG]  OP: Operation.CREATE_LEAF on slice (12648, 1) (remaining tasks 10)
2025-04-17 18:08:38,576 [DEBUG]  		 created leaf IdentityNumericLeaf for scope=[12] (in 0.00127 secs)
2025-04-17 18:08:38,576 [DEBUG]  OP: Operation.CREATE_LEAF on slice (12648, 1) (remaining tasks 9)
2025-04-17 18:08:38,578 [DEBUG]  		 created leaf IdentityNumericLeaf for scope=[13] (in 0.00148 secs)
2025-04-17 18:08:38,578 [DEBUG]  OP: Operation.CREATE_LEAF on slice (12648, 1) (remaining tasks 8)
2025-04-17 18:08:38,580 [DEBUG]  		 created leaf IdentityNumericLeaf for scope=[14] (in 0.00177 secs)
2025-04-17 18:08:38,580 [DEBUG]  OP: Operation.CREATE_LEAF on slice (12648, 1) (remaining tasks 7)
2025-04-17 18:08:38,583 [DEBUG]  		 created leaf IdentityNumericLeaf for scope=[15] (in 0.00197 secs)
2025-04-17 18:08:38,583 [DEBUG]  OP: Operation.CREATE_LEAF on slice (12648, 1) (remaining tasks 6)
2025-04-17 18:08:38,585 [DEBUG]  		 created leaf IdentityNumericLeaf for scope=[16] (in 0.00186 secs)
2025-04-17 18:08:38,585 [DEBUG]  OP: Operation.CREATE_LEAF on slice (12648, 1) (remaining tasks 5)
2025-04-17 18:08:38,587 [DEBUG]  		 created leaf IdentityNumericLeaf for scope=[17] (in 0.00147 secs)
2025-04-17 18:08:38,587 [DEBUG]  OP: Operation.CREATE_LEAF on slice (12648, 1) (remaining tasks 4)
2025-04-17 18:08:38,589 [DEBUG]  		 created leaf IdentityNumericLeaf for scope=[18] (in 0.00157 secs)
2025-04-17 18:08:38,589 [DEBUG]  OP: Operation.CREATE_LEAF on slice (12648, 1) (remaining tasks 3)
2025-04-17 18:08:38,591 [DEBUG]  		 created leaf IdentityNumericLeaf for scope=[19] (in 0.00217 secs)
2025-04-17 18:08:38,592 [DEBUG]  OP: Operation.CREATE_LEAF on slice (12648, 1) (remaining tasks 2)
2025-04-17 18:08:38,594 [DEBUG]  		 created leaf IdentityNumericLeaf for scope=[20] (in 0.00171 secs)
2025-04-17 18:08:38,594 [DEBUG]  OP: Operation.CREATE_LEAF on slice (12648, 1) (remaining tasks 1)
2025-04-17 18:08:38,596 [DEBUG]  		 created leaf IdentityNumericLeaf for scope=[21] (in 0.00189 secs)
2025-04-17 18:08:38,597 [DEBUG]  OP: Operation.SPLIT_ROWS on slice (58044, 2) (remaining tasks 0)
2025-04-17 18:08:38,789 [DEBUG]  		found 2 row clusters (in 0.19251 secs)
2025-04-17 18:08:38,792 [DEBUG]  OP: Operation.SPLIT_COLUMNS on slice (37816, 2) (remaining tasks 1)
2025-04-17 18:08:38,901 [DEBUG]  		found 2 col clusters (in 0.10901 secs)
2025-04-17 18:08:38,903 [DEBUG]  OP: Operation.SPLIT_COLUMNS on slice (20228, 2) (remaining tasks 2)
2025-04-17 18:08:39,014 [DEBUG]  		found 2 col clusters (in 0.11098 secs)
2025-04-17 18:08:39,015 [DEBUG]  OP: Operation.CREATE_LEAF on slice (37816, 1) (remaining tasks 3)
2025-04-17 18:08:39,017 [DEBUG]  		 created leaf IdentityNumericLeaf for scope=[20] (in 0.00231 secs)
2025-04-17 18:08:39,017 [DEBUG]  OP: Operation.CREATE_LEAF on slice (37816, 1) (remaining tasks 2)
2025-04-17 18:08:39,020 [DEBUG]  		 created leaf IdentityNumericLeaf for scope=[21] (in 0.00235 secs)
2025-04-17 18:08:39,020 [DEBUG]  OP: Operation.CREATE_LEAF on slice (20228, 1) (remaining tasks 1)
2025-04-17 18:08:39,021 [DEBUG]  		 created leaf IdentityNumericLeaf for scope=[20] (in 0.00138 secs)
2025-04-17 18:08:39,021 [DEBUG]  OP: Operation.CREATE_LEAF on slice (20228, 1) (remaining tasks 0)
2025-04-17 18:08:39,023 [DEBUG]  		 created leaf IdentityNumericLeaf for scope=[21] (in 0.00141 secs)
2025-04-17 18:08:39,039 [DEBUG]  Built SPN in 20.899479412473738 sec
2025-04-17 18:08:39,039 [INFO ]  Saving ensemble to /home/dafn/card/deepcard/collected_temp_benchmarks/spn_ensembles/Diabetes Health Indicators Dataset/ensemble_single_diabetes_binary_5050split_health_indicators_brfss2015_10000000.pkl
