2025-04-16 14:51:59,898 [INFO ]  Generating HDF files for tables in /home/dafn/card/deepcard/collected_datasets/Gas sensor array under dynamic gas mixtures and store to path /home/dafn/card/deepcard/collected_temp_benchmarks/gen_single_light/Gas sensor array under dynamic gas mixtures
2025-04-16 14:51:59,899 [INFO ]  Making target path /home/dafn/card/deepcard/collected_temp_benchmarks/gen_single_light/Gas sensor array under dynamic gas mixtures
2025-04-16 14:51:59,899 [INFO ]  Preparing hdf file for table ethylene_co
2025-04-16 14:52:01,844 [INFO ]  Managing functional dependencies for table ethylene_co
2025-04-16 14:52:01,886 [INFO ]  Preparing multipliers for table ethylene_co
2025-04-16 14:52:01,887 [INFO ]  Preparing categorical values and null values for table ethylene_co
2025-04-16 14:52:01,887 [DEBUG]  		Preparing numerical values for column f1
2025-04-16 14:52:01,901 [DEBUG]  		Preparing numerical values for column f2
2025-04-16 14:52:01,913 [DEBUG]  		Preparing numerical values for column f3
2025-04-16 14:52:01,926 [DEBUG]  		Preparing numerical values for column f4
2025-04-16 14:52:01,940 [DEBUG]  		Preparing numerical values for column f5
2025-04-16 14:52:01,954 [DEBUG]  		Preparing numerical values for column f6
2025-04-16 14:52:01,967 [DEBUG]  		Preparing numerical values for column f7
2025-04-16 14:52:01,980 [DEBUG]  		Preparing numerical values for column f8
2025-04-16 14:52:01,994 [DEBUG]  		Preparing numerical values for column f9
2025-04-16 14:52:02,007 [DEBUG]  		Preparing numerical values for column f10
2025-04-16 14:52:02,021 [DEBUG]  		Preparing numerical values for column f11
2025-04-16 14:52:02,034 [DEBUG]  		Preparing numerical values for column f12
2025-04-16 14:52:02,048 [DEBUG]  		Preparing numerical values for column f13
2025-04-16 14:52:02,061 [DEBUG]  		Preparing numerical values for column f14
2025-04-16 14:52:02,074 [DEBUG]  		Preparing numerical values for column f15
2025-04-16 14:52:02,088 [DEBUG]  		Preparing numerical values for column f16
2025-04-16 14:52:02,101 [DEBUG]  		Preparing numerical values for column f17
2025-04-16 14:52:02,114 [DEBUG]  		Preparing numerical values for column f18
2025-04-16 14:52:02,128 [DEBUG]  		Preparing numerical values for column f19
2025-04-16 14:52:02,142 [INFO ]  Relevant attributes for table ethylene_co are ['f1', 'f2', 'f3', 'f4', 'f5', 'f6', 'f7', 'f8', 'f9', 'f10', 'f11', 'f12', 'f13', 'f14', 'f15', 'f16', 'f17', 'f18', 'f19']
2025-04-16 14:52:02,142 [INFO ]  NULL values for table ethylene_co are [5243.162146560374, 167.62362670669555, 4.9971458193262315, 2412.7338689721764, 1551.0412974250771, 4283.0338302625, 4744.437524609589, 2129.226017297286, 2496.021999330043, 5061.655311405956, 5318.447560458241, 839.8204550342131, 978.7247859118327, 4483.228810268698, 3733.403319073505, 1082.4156177359748, 1159.811587962234, 4838.725865090718, 4091.9147627852094]
2025-04-16 14:52:02,813 [INFO ]  Adding table parts without join partners for table ethylene_co
2025-04-16 14:52:02,813 [INFO ]  Files successfully created
