2025-04-21 23:29:21,070 [INFO ]  Creating naive ensemble.
2025-04-21 23:29:21,070 [INFO ]  Learning SPN for gt_2015.
2025-04-21 23:29:21,070 [DEBUG]  generate_join_sample(single_table=gt_2015, relationship_list=None, split_condition=None)
2025-04-21 23:29:21,097 [DEBUG]  Using min_instance_slice parameter 73.84.
2025-04-21 23:29:21,097 [INFO ]  SPN training phase with 7384 samples
2025-04-21 23:29:21,103 [DEBUG]  Built domains in 0.005775956000434235 sec
2025-04-21 23:29:21,454 [DEBUG]  CACHEDIR=/home/dafn/.cache/matplotlib
2025-04-21 23:29:21,456 [DEBUG]  Using fontManager instance from /home/dafn/.cache/matplotlib/fontlist-v300.json
2025-04-21 23:29:21,548 [DEBUG]  Loaded backend qt5agg version unknown.
2025-04-21 23:29:21,578 [DEBUG]  Loaded backend qt5agg version unknown.
2025-04-21 23:29:21,578 [DEBUG]  Loaded backend qt4agg version unknown.
2025-04-21 23:29:21,585 [DEBUG]  Loaded backend tkagg version unknown.
2025-04-21 23:29:21,586 [DEBUG]  Loaded backend agg version unknown.
2025-04-21 23:29:21,586 [DEBUG]  Loaded backend agg version unknown.
2025-04-21 23:29:21,589 [DEBUG]  OP: Operation.SPLIT_ROWS on slice (7384, 11) (remaining tasks 0)
2025-04-21 23:29:21,779 [DEBUG]  		found 2 row clusters (in 0.18989 secs)
2025-04-21 23:29:21,780 [DEBUG]  OP: Operation.SPLIT_COLUMNS on slice (3600, 11) (remaining tasks 1)
2025-04-21 23:29:23,706 [DEBUG]  		found 1 col clusters (in 1.92647 secs)
2025-04-21 23:29:23,707 [DEBUG]  OP: Operation.SPLIT_COLUMNS on slice (3784, 11) (remaining tasks 1)
2025-04-21 23:29:25,691 [DEBUG]  		found 1 col clusters (in 1.98298 secs)
2025-04-21 23:29:25,692 [DEBUG]  OP: Operation.SPLIT_ROWS on slice (3600, 11) (remaining tasks 1)
2025-04-21 23:29:25,941 [DEBUG]  		found 2 row clusters (in 0.24888 secs)
2025-04-21 23:29:25,942 [DEBUG]  OP: Operation.SPLIT_ROWS on slice (3784, 11) (remaining tasks 2)
2025-04-21 23:29:26,002 [DEBUG]  		found 2 row clusters (in 0.06012 secs)
2025-04-21 23:29:26,002 [DEBUG]  OP: Operation.SPLIT_COLUMNS on slice (2098, 11) (remaining tasks 3)
2025-04-21 23:29:31,966 [DEBUG]  		found 1 col clusters (in 5.96369 secs)
2025-04-21 23:29:31,967 [DEBUG]  OP: Operation.SPLIT_COLUMNS on slice (1502, 11) (remaining tasks 3)
2025-04-21 23:29:37,145 [DEBUG]  		found 1 col clusters (in 5.17840 secs)
2025-04-21 23:29:37,146 [DEBUG]  OP: Operation.SPLIT_COLUMNS on slice (1451, 11) (remaining tasks 3)
2025-04-21 23:29:40,929 [DEBUG]  		found 1 col clusters (in 3.78234 secs)
2025-04-21 23:29:40,929 [DEBUG]  OP: Operation.SPLIT_COLUMNS on slice (2333, 11) (remaining tasks 3)
2025-04-21 23:29:46,519 [DEBUG]  		found 1 col clusters (in 5.58924 secs)
2025-04-21 23:29:46,520 [DEBUG]  OP: Operation.SPLIT_ROWS on slice (2098, 11) (remaining tasks 3)
2025-04-21 23:29:46,657 [DEBUG]  		found 2 row clusters (in 0.13700 secs)
2025-04-21 23:29:46,657 [DEBUG]  OP: Operation.SPLIT_ROWS on slice (1502, 11) (remaining tasks 4)
2025-04-21 23:29:46,699 [DEBUG]  		found 2 row clusters (in 0.04158 secs)
2025-04-21 23:29:46,699 [DEBUG]  OP: Operation.SPLIT_ROWS on slice (1451, 11) (remaining tasks 5)
2025-04-21 23:29:46,755 [DEBUG]  		found 2 row clusters (in 0.05558 secs)
2025-04-21 23:29:46,756 [DEBUG]  OP: Operation.SPLIT_ROWS on slice (2333, 11) (remaining tasks 6)
2025-04-21 23:29:46,814 [DEBUG]  		found 2 row clusters (in 0.05799 secs)
2025-04-21 23:29:46,814 [DEBUG]  OP: Operation.SPLIT_COLUMNS on slice (1148, 11) (remaining tasks 7)
2025-04-21 23:29:50,420 [DEBUG]  		found 1 col clusters (in 3.60633 secs)
2025-04-21 23:29:50,421 [DEBUG]  OP: Operation.SPLIT_COLUMNS on slice (950, 11) (remaining tasks 7)
2025-04-21 23:29:52,763 [DEBUG]  		found 1 col clusters (in 2.34142 secs)
2025-04-21 23:29:52,763 [DEBUG]  OP: Operation.SPLIT_COLUMNS on slice (889, 11) (remaining tasks 7)
2025-04-21 23:29:54,802 [DEBUG]  		found 1 col clusters (in 2.03857 secs)
2025-04-21 23:29:54,803 [DEBUG]  OP: Operation.SPLIT_COLUMNS on slice (613, 11) (remaining tasks 7)
2025-04-21 23:29:55,891 [DEBUG]  		found 1 col clusters (in 1.08823 secs)
2025-04-21 23:29:55,892 [DEBUG]  OP: Operation.SPLIT_COLUMNS on slice (570, 11) (remaining tasks 7)
2025-04-21 23:29:57,280 [DEBUG]  		found 1 col clusters (in 1.38842 secs)
2025-04-21 23:29:57,281 [DEBUG]  OP: Operation.SPLIT_COLUMNS on slice (881, 11) (remaining tasks 7)
2025-04-21 23:29:59,397 [DEBUG]  		found 1 col clusters (in 2.11580 secs)
2025-04-21 23:29:59,398 [DEBUG]  OP: Operation.SPLIT_COLUMNS on slice (1187, 11) (remaining tasks 7)
2025-04-21 23:30:02,668 [DEBUG]  		found 1 col clusters (in 3.26954 secs)
2025-04-21 23:30:02,668 [DEBUG]  OP: Operation.SPLIT_COLUMNS on slice (1146, 11) (remaining tasks 7)
2025-04-21 23:30:06,185 [DEBUG]  		found 1 col clusters (in 3.51655 secs)
2025-04-21 23:30:06,186 [DEBUG]  OP: Operation.SPLIT_ROWS on slice (1148, 11) (remaining tasks 7)
2025-04-21 23:30:06,265 [DEBUG]  		found 2 row clusters (in 0.07869 secs)
2025-04-21 23:30:06,265 [DEBUG]  OP: Operation.SPLIT_ROWS on slice (950, 11) (remaining tasks 8)
2025-04-21 23:30:06,305 [DEBUG]  		found 2 row clusters (in 0.03937 secs)
2025-04-21 23:30:06,305 [DEBUG]  OP: Operation.SPLIT_ROWS on slice (889, 11) (remaining tasks 9)
2025-04-21 23:30:06,336 [DEBUG]  		found 2 row clusters (in 0.03062 secs)
2025-04-21 23:30:06,336 [DEBUG]  OP: Operation.SPLIT_ROWS on slice (613, 11) (remaining tasks 10)
2025-04-21 23:30:06,368 [DEBUG]  		found 2 row clusters (in 0.03196 secs)
2025-04-21 23:30:06,368 [DEBUG]  OP: Operation.SPLIT_ROWS on slice (570, 11) (remaining tasks 11)
2025-04-21 23:30:06,390 [DEBUG]  		found 2 row clusters (in 0.02185 secs)
2025-04-21 23:30:06,391 [DEBUG]  OP: Operation.SPLIT_ROWS on slice (881, 11) (remaining tasks 12)
2025-04-21 23:30:06,423 [DEBUG]  		found 2 row clusters (in 0.03257 secs)
2025-04-21 23:30:06,424 [DEBUG]  OP: Operation.SPLIT_ROWS on slice (1187, 11) (remaining tasks 13)
2025-04-21 23:30:06,460 [DEBUG]  		found 2 row clusters (in 0.03610 secs)
2025-04-21 23:30:06,460 [DEBUG]  OP: Operation.SPLIT_ROWS on slice (1146, 11) (remaining tasks 14)
2025-04-21 23:30:06,504 [DEBUG]  		found 2 row clusters (in 0.04358 secs)
2025-04-21 23:30:06,504 [DEBUG]  OP: Operation.SPLIT_COLUMNS on slice (618, 11) (remaining tasks 15)
2025-04-21 23:30:07,375 [DEBUG]  		found 1 col clusters (in 0.87114 secs)
2025-04-21 23:30:07,376 [DEBUG]  OP: Operation.SPLIT_COLUMNS on slice (530, 11) (remaining tasks 15)
2025-04-21 23:30:09,464 [DEBUG]  		found 1 col clusters (in 2.08842 secs)
2025-04-21 23:30:09,465 [DEBUG]  OP: Operation.SPLIT_COLUMNS on slice (586, 11) (remaining tasks 15)
2025-04-21 23:30:10,467 [DEBUG]  		found 1 col clusters (in 1.00178 secs)
2025-04-21 23:30:10,467 [DEBUG]  OP: Operation.SPLIT_COLUMNS on slice (364, 11) (remaining tasks 15)
2025-04-21 23:30:12,792 [DEBUG]  		found 1 col clusters (in 2.32457 secs)
2025-04-21 23:30:12,793 [DEBUG]  OP: Operation.SPLIT_COLUMNS on slice (713, 11) (remaining tasks 15)
2025-04-21 23:30:13,863 [DEBUG]  		found 1 col clusters (in 1.07062 secs)
2025-04-21 23:30:13,864 [DEBUG]  OP: Operation.SPLIT_COLUMNS on slice (176, 11) (remaining tasks 15)
2025-04-21 23:30:14,185 [DEBUG]  		found 1 col clusters (in 0.32153 secs)
2025-04-21 23:30:14,186 [DEBUG]  OP: Operation.SPLIT_COLUMNS on slice (270, 11) (remaining tasks 15)
2025-04-21 23:30:16,016 [DEBUG]  		found 1 col clusters (in 1.82986 secs)
2025-04-21 23:30:16,016 [DEBUG]  OP: Operation.SPLIT_COLUMNS on slice (343, 11) (remaining tasks 15)
2025-04-21 23:30:17,954 [DEBUG]  		found 1 col clusters (in 1.93740 secs)
2025-04-21 23:30:17,954 [DEBUG]  OP: Operation.SPLIT_COLUMNS on slice (375, 11) (remaining tasks 15)
2025-04-21 23:30:20,184 [DEBUG]  		found 1 col clusters (in 2.22914 secs)
2025-04-21 23:30:20,184 [DEBUG]  OP: Operation.SPLIT_COLUMNS on slice (195, 11) (remaining tasks 15)
2025-04-21 23:30:21,608 [DEBUG]  		found 1 col clusters (in 1.42340 secs)
2025-04-21 23:30:21,608 [DEBUG]  OP: Operation.SPLIT_COLUMNS on slice (233, 11) (remaining tasks 15)
2025-04-21 23:30:23,508 [DEBUG]  		found 1 col clusters (in 1.89942 secs)
2025-04-21 23:30:23,508 [DEBUG]  OP: Operation.SPLIT_COLUMNS on slice (648, 11) (remaining tasks 15)
2025-04-21 23:30:25,111 [DEBUG]  		found 1 col clusters (in 1.60273 secs)
2025-04-21 23:30:25,112 [DEBUG]  OP: Operation.SPLIT_COLUMNS on slice (370, 11) (remaining tasks 15)
2025-04-21 23:30:27,233 [DEBUG]  		found 1 col clusters (in 2.12065 secs)
2025-04-21 23:30:27,233 [DEBUG]  OP: Operation.SPLIT_COLUMNS on slice (817, 11) (remaining tasks 15)
2025-04-21 23:30:29,437 [DEBUG]  		found 1 col clusters (in 2.20387 secs)
2025-04-21 23:30:29,438 [DEBUG]  OP: Operation.SPLIT_COLUMNS on slice (735, 11) (remaining tasks 15)
2025-04-21 23:30:30,445 [DEBUG]  		found 1 col clusters (in 1.00675 secs)
2025-04-21 23:30:30,446 [DEBUG]  OP: Operation.SPLIT_COLUMNS on slice (411, 11) (remaining tasks 15)
2025-04-21 23:30:31,777 [DEBUG]  		found 1 col clusters (in 1.33173 secs)
2025-04-21 23:30:31,778 [DEBUG]  OP: Operation.SPLIT_ROWS on slice (618, 11) (remaining tasks 15)
2025-04-21 23:30:31,926 [DEBUG]  		found 2 row clusters (in 0.14803 secs)
2025-04-21 23:30:31,927 [DEBUG]  OP: Operation.SPLIT_ROWS on slice (530, 11) (remaining tasks 16)
2025-04-21 23:30:31,968 [DEBUG]  		found 2 row clusters (in 0.04094 secs)
2025-04-21 23:30:31,968 [DEBUG]  OP: Operation.SPLIT_ROWS on slice (586, 11) (remaining tasks 17)
2025-04-21 23:30:32,009 [DEBUG]  		found 2 row clusters (in 0.04133 secs)
2025-04-21 23:30:32,010 [DEBUG]  OP: Operation.SPLIT_ROWS on slice (364, 11) (remaining tasks 18)
2025-04-21 23:30:32,031 [DEBUG]  		found 2 row clusters (in 0.02164 secs)
2025-04-21 23:30:32,032 [DEBUG]  OP: Operation.SPLIT_ROWS on slice (713, 11) (remaining tasks 19)
2025-04-21 23:30:32,069 [DEBUG]  		found 2 row clusters (in 0.03777 secs)
2025-04-21 23:30:32,070 [DEBUG]  OP: Operation.SPLIT_ROWS on slice (176, 11) (remaining tasks 20)
2025-04-21 23:30:32,091 [DEBUG]  		found 2 row clusters (in 0.02128 secs)
2025-04-21 23:30:32,091 [DEBUG]  OP: Operation.SPLIT_ROWS on slice (270, 11) (remaining tasks 21)
2025-04-21 23:30:32,119 [DEBUG]  		found 2 row clusters (in 0.02823 secs)
2025-04-21 23:30:32,120 [DEBUG]  OP: Operation.SPLIT_ROWS on slice (343, 11) (remaining tasks 22)
2025-04-21 23:30:32,145 [DEBUG]  		found 2 row clusters (in 0.02479 secs)
2025-04-21 23:30:32,145 [DEBUG]  OP: Operation.SPLIT_ROWS on slice (375, 11) (remaining tasks 23)
2025-04-21 23:30:32,178 [DEBUG]  		found 2 row clusters (in 0.03275 secs)
2025-04-21 23:30:32,178 [DEBUG]  OP: Operation.SPLIT_ROWS on slice (195, 11) (remaining tasks 24)
2025-04-21 23:30:32,199 [DEBUG]  		found 2 row clusters (in 0.02118 secs)
2025-04-21 23:30:32,199 [DEBUG]  OP: Operation.SPLIT_ROWS on slice (233, 11) (remaining tasks 25)
2025-04-21 23:30:32,222 [DEBUG]  		found 2 row clusters (in 0.02243 secs)
2025-04-21 23:30:32,222 [DEBUG]  OP: Operation.SPLIT_ROWS on slice (648, 11) (remaining tasks 26)
2025-04-21 23:30:32,260 [DEBUG]  		found 2 row clusters (in 0.03811 secs)
2025-04-21 23:30:32,260 [DEBUG]  OP: Operation.SPLIT_ROWS on slice (370, 11) (remaining tasks 27)
2025-04-21 23:30:32,287 [DEBUG]  		found 2 row clusters (in 0.02675 secs)
2025-04-21 23:30:32,287 [DEBUG]  OP: Operation.SPLIT_ROWS on slice (817, 11) (remaining tasks 28)
2025-04-21 23:30:32,317 [DEBUG]  		found 2 row clusters (in 0.03003 secs)
2025-04-21 23:30:32,318 [DEBUG]  OP: Operation.SPLIT_ROWS on slice (735, 11) (remaining tasks 29)
2025-04-21 23:30:32,352 [DEBUG]  		found 2 row clusters (in 0.03432 secs)
2025-04-21 23:30:32,352 [DEBUG]  OP: Operation.SPLIT_ROWS on slice (411, 11) (remaining tasks 30)
2025-04-21 23:30:32,383 [DEBUG]  		found 2 row clusters (in 0.03015 secs)
2025-04-21 23:30:32,383 [DEBUG]  OP: Operation.SPLIT_COLUMNS on slice (388, 11) (remaining tasks 31)
2025-04-21 23:30:34,563 [DEBUG]  		found 1 col clusters (in 2.18050 secs)
2025-04-21 23:30:34,564 [DEBUG]  OP: Operation.SPLIT_COLUMNS on slice (230, 11) (remaining tasks 31)
2025-04-21 23:30:36,328 [DEBUG]  		found 1 col clusters (in 1.76369 secs)
2025-04-21 23:30:36,328 [DEBUG]  OP: Operation.SPLIT_COLUMNS on slice (466, 11) (remaining tasks 31)
2025-04-21 23:30:38,880 [DEBUG]  		found 1 col clusters (in 2.55091 secs)
2025-04-21 23:30:38,880 [DEBUG]  OP: Operation.NAIVE_FACTORIZATION on slice (64, 11) (remaining tasks 31)
2025-04-21 23:30:38,890 [DEBUG]  		naive factorization 11 columns (in 0.00921 secs)
2025-04-21 23:30:38,890 [DEBUG]  OP: Operation.SPLIT_COLUMNS on slice (359, 11) (remaining tasks 30)
2025-04-21 23:30:40,329 [DEBUG]  		found 1 col clusters (in 1.43844 secs)
2025-04-21 23:30:40,329 [DEBUG]  OP: Operation.SPLIT_COLUMNS on slice (227, 11) (remaining tasks 30)
2025-04-21 23:30:41,927 [DEBUG]  		found 1 col clusters (in 1.59817 secs)
2025-04-21 23:30:41,928 [DEBUG]  OP: Operation.SPLIT_COLUMNS on slice (215, 11) (remaining tasks 30)
2025-04-21 23:30:43,487 [DEBUG]  		found 1 col clusters (in 1.55909 secs)
2025-04-21 23:30:43,488 [DEBUG]  OP: Operation.SPLIT_COLUMNS on slice (149, 11) (remaining tasks 30)
2025-04-21 23:30:43,847 [DEBUG]  		found 1 col clusters (in 0.35889 secs)
2025-04-21 23:30:43,847 [DEBUG]  OP: Operation.SPLIT_COLUMNS on slice (379, 11) (remaining tasks 30)
2025-04-21 23:30:45,770 [DEBUG]  		found 1 col clusters (in 1.92317 secs)
2025-04-21 23:30:45,771 [DEBUG]  OP: Operation.SPLIT_COLUMNS on slice (334, 11) (remaining tasks 30)
2025-04-21 23:30:47,535 [DEBUG]  		found 1 col clusters (in 1.76376 secs)
2025-04-21 23:30:47,536 [DEBUG]  OP: Operation.NAIVE_FACTORIZATION on slice (60, 11) (remaining tasks 30)
2025-04-21 23:30:47,544 [DEBUG]  		naive factorization 11 columns (in 0.00820 secs)
2025-04-21 23:30:47,545 [DEBUG]  OP: Operation.SPLIT_COLUMNS on slice (116, 11) (remaining tasks 29)
2025-04-21 23:30:47,771 [DEBUG]  		found 1 col clusters (in 0.22660 secs)
2025-04-21 23:30:47,772 [DEBUG]  OP: Operation.NAIVE_FACTORIZATION on slice (70, 11) (remaining tasks 29)
2025-04-21 23:30:47,779 [DEBUG]  		naive factorization 11 columns (in 0.00714 secs)
2025-04-21 23:30:47,779 [DEBUG]  OP: Operation.SPLIT_COLUMNS on slice (200, 11) (remaining tasks 28)
2025-04-21 23:30:48,964 [DEBUG]  		found 1 col clusters (in 1.18497 secs)
2025-04-21 23:30:48,965 [DEBUG]  OP: Operation.SPLIT_COLUMNS on slice (179, 11) (remaining tasks 28)
2025-04-21 23:30:49,367 [DEBUG]  		found 1 col clusters (in 0.40166 secs)
2025-04-21 23:30:49,367 [DEBUG]  OP: Operation.SPLIT_COLUMNS on slice (164, 11) (remaining tasks 28)
2025-04-21 23:30:49,713 [DEBUG]  		found 1 col clusters (in 0.34564 secs)
2025-04-21 23:30:49,713 [DEBUG]  OP: Operation.SPLIT_COLUMNS on slice (263, 11) (remaining tasks 28)
2025-04-21 23:30:51,436 [DEBUG]  		found 1 col clusters (in 1.72243 secs)
2025-04-21 23:30:51,436 [DEBUG]  OP: Operation.SPLIT_COLUMNS on slice (112, 11) (remaining tasks 28)
2025-04-21 23:30:51,744 [DEBUG]  		found 1 col clusters (in 0.30765 secs)
2025-04-21 23:30:51,745 [DEBUG]  OP: Operation.SPLIT_COLUMNS on slice (84, 11) (remaining tasks 28)
2025-04-21 23:30:51,969 [DEBUG]  		found 1 col clusters (in 0.22376 secs)
2025-04-21 23:30:51,969 [DEBUG]  OP: Operation.SPLIT_COLUMNS on slice (111, 11) (remaining tasks 28)
2025-04-21 23:30:52,286 [DEBUG]  		found 1 col clusters (in 0.31620 secs)
2025-04-21 23:30:52,286 [DEBUG]  OP: Operation.SPLIT_COLUMNS on slice (125, 11) (remaining tasks 28)
2025-04-21 23:30:52,512 [DEBUG]  		found 1 col clusters (in 0.22554 secs)
2025-04-21 23:30:52,512 [DEBUG]  OP: Operation.SPLIT_COLUMNS on slice (108, 11) (remaining tasks 28)
2025-04-21 23:30:52,730 [DEBUG]  		found 1 col clusters (in 0.21735 secs)
2025-04-21 23:30:52,731 [DEBUG]  OP: Operation.SPLIT_COLUMNS on slice (282, 11) (remaining tasks 28)
2025-04-21 23:30:54,453 [DEBUG]  		found 1 col clusters (in 1.72269 secs)
2025-04-21 23:30:54,454 [DEBUG]  OP: Operation.SPLIT_COLUMNS on slice (366, 11) (remaining tasks 28)
2025-04-21 23:30:56,611 [DEBUG]  		found 1 col clusters (in 2.15653 secs)
2025-04-21 23:30:56,611 [DEBUG]  OP: Operation.SPLIT_COLUMNS on slice (282, 11) (remaining tasks 28)
2025-04-21 23:30:58,469 [DEBUG]  		found 1 col clusters (in 1.85706 secs)
2025-04-21 23:30:58,469 [DEBUG]  OP: Operation.SPLIT_COLUMNS on slice (88, 11) (remaining tasks 28)
2025-04-21 23:30:58,751 [DEBUG]  		found 1 col clusters (in 0.28182 secs)
2025-04-21 23:30:58,752 [DEBUG]  OP: Operation.SPLIT_COLUMNS on slice (661, 11) (remaining tasks 28)
2025-04-21 23:30:59,905 [DEBUG]  		found 1 col clusters (in 1.15340 secs)
2025-04-21 23:30:59,906 [DEBUG]  OP: Operation.SPLIT_COLUMNS on slice (156, 11) (remaining tasks 28)
2025-04-21 23:31:00,234 [DEBUG]  		found 1 col clusters (in 0.32792 secs)
2025-04-21 23:31:00,235 [DEBUG]  OP: Operation.SPLIT_COLUMNS on slice (436, 11) (remaining tasks 28)
2025-04-21 23:31:02,379 [DEBUG]  		found 1 col clusters (in 2.14400 secs)
2025-04-21 23:31:02,379 [DEBUG]  OP: Operation.SPLIT_COLUMNS on slice (299, 11) (remaining tasks 28)
2025-04-21 23:31:04,188 [DEBUG]  		found 1 col clusters (in 1.80854 secs)
2025-04-21 23:31:04,188 [DEBUG]  OP: Operation.SPLIT_COLUMNS on slice (127, 11) (remaining tasks 28)
2025-04-21 23:31:04,396 [DEBUG]  		found 1 col clusters (in 0.20760 secs)
2025-04-21 23:31:04,397 [DEBUG]  OP: Operation.SPLIT_COLUMNS on slice (284, 11) (remaining tasks 28)
2025-04-21 23:31:06,326 [DEBUG]  		found 1 col clusters (in 1.92944 secs)
2025-04-21 23:31:06,326 [DEBUG]  OP: Operation.SPLIT_ROWS on slice (388, 11) (remaining tasks 28)
2025-04-21 23:31:06,429 [DEBUG]  		found 2 row clusters (in 0.10254 secs)
2025-04-21 23:31:06,430 [DEBUG]  OP: Operation.SPLIT_ROWS on slice (230, 11) (remaining tasks 29)
2025-04-21 23:31:06,479 [DEBUG]  		found 2 row clusters (in 0.04853 secs)
2025-04-21 23:31:06,479 [DEBUG]  OP: Operation.SPLIT_ROWS on slice (466, 11) (remaining tasks 30)
2025-04-21 23:31:06,502 [DEBUG]  		found 2 row clusters (in 0.02242 secs)
2025-04-21 23:31:06,502 [DEBUG]  OP: Operation.SPLIT_ROWS on slice (359, 11) (remaining tasks 31)
2025-04-21 23:31:06,524 [DEBUG]  		found 2 row clusters (in 0.02217 secs)
2025-04-21 23:31:06,524 [DEBUG]  OP: Operation.SPLIT_ROWS on slice (227, 11) (remaining tasks 32)
2025-04-21 23:31:06,547 [DEBUG]  		found 2 row clusters (in 0.02196 secs)
2025-04-21 23:31:06,547 [DEBUG]  OP: Operation.SPLIT_ROWS on slice (215, 11) (remaining tasks 33)
2025-04-21 23:31:06,569 [DEBUG]  		found 2 row clusters (in 0.02265 secs)
2025-04-21 23:31:06,570 [DEBUG]  OP: Operation.SPLIT_ROWS on slice (149, 11) (remaining tasks 34)
2025-04-21 23:31:06,592 [DEBUG]  		found 2 row clusters (in 0.02192 secs)
2025-04-21 23:31:06,592 [DEBUG]  OP: Operation.SPLIT_ROWS on slice (379, 11) (remaining tasks 35)
2025-04-21 23:31:06,618 [DEBUG]  		found 2 row clusters (in 0.02636 secs)
2025-04-21 23:31:06,618 [DEBUG]  OP: Operation.SPLIT_ROWS on slice (334, 11) (remaining tasks 36)
2025-04-21 23:31:06,642 [DEBUG]  		found 2 row clusters (in 0.02329 secs)
2025-04-21 23:31:06,642 [DEBUG]  OP: Operation.SPLIT_ROWS on slice (116, 11) (remaining tasks 37)
2025-04-21 23:31:06,664 [DEBUG]  		found 2 row clusters (in 0.02212 secs)
2025-04-21 23:31:06,664 [DEBUG]  OP: Operation.SPLIT_ROWS on slice (200, 11) (remaining tasks 38)
2025-04-21 23:31:06,683 [DEBUG]  		found 2 row clusters (in 0.01862 secs)
2025-04-21 23:31:06,683 [DEBUG]  OP: Operation.SPLIT_ROWS on slice (179, 11) (remaining tasks 39)
2025-04-21 23:31:06,699 [DEBUG]  		found 2 row clusters (in 0.01607 secs)
2025-04-21 23:31:06,700 [DEBUG]  OP: Operation.SPLIT_ROWS on slice (164, 11) (remaining tasks 40)
2025-04-21 23:31:06,714 [DEBUG]  		found 2 row clusters (in 0.01387 secs)
2025-04-21 23:31:06,714 [DEBUG]  OP: Operation.SPLIT_ROWS on slice (263, 11) (remaining tasks 41)
2025-04-21 23:31:06,738 [DEBUG]  		found 2 row clusters (in 0.02404 secs)
2025-04-21 23:31:06,738 [DEBUG]  OP: Operation.SPLIT_ROWS on slice (112, 11) (remaining tasks 42)
2025-04-21 23:31:06,759 [DEBUG]  		found 2 row clusters (in 0.02123 secs)
2025-04-21 23:31:06,759 [DEBUG]  OP: Operation.SPLIT_ROWS on slice (84, 11) (remaining tasks 43)
2025-04-21 23:31:06,774 [DEBUG]  		found 2 row clusters (in 0.01461 secs)
2025-04-21 23:31:06,774 [DEBUG]  OP: Operation.SPLIT_ROWS on slice (111, 11) (remaining tasks 44)
2025-04-21 23:31:06,791 [DEBUG]  		found 2 row clusters (in 0.01697 secs)
2025-04-21 23:31:06,792 [DEBUG]  OP: Operation.SPLIT_ROWS on slice (125, 11) (remaining tasks 45)
2025-04-21 23:31:06,806 [DEBUG]  		found 2 row clusters (in 0.01462 secs)
2025-04-21 23:31:06,806 [DEBUG]  OP: Operation.SPLIT_ROWS on slice (108, 11) (remaining tasks 46)
2025-04-21 23:31:06,821 [DEBUG]  		found 2 row clusters (in 0.01488 secs)
2025-04-21 23:31:06,822 [DEBUG]  OP: Operation.SPLIT_ROWS on slice (282, 11) (remaining tasks 47)
2025-04-21 23:31:06,853 [DEBUG]  		found 2 row clusters (in 0.03125 secs)
2025-04-21 23:31:06,853 [DEBUG]  OP: Operation.SPLIT_ROWS on slice (366, 11) (remaining tasks 48)
2025-04-21 23:31:06,876 [DEBUG]  		found 2 row clusters (in 0.02251 secs)
2025-04-21 23:31:06,876 [DEBUG]  OP: Operation.SPLIT_ROWS on slice (282, 11) (remaining tasks 49)
2025-04-21 23:31:06,902 [DEBUG]  		found 2 row clusters (in 0.02635 secs)
2025-04-21 23:31:06,903 [DEBUG]  OP: Operation.SPLIT_ROWS on slice (88, 11) (remaining tasks 50)
2025-04-21 23:31:06,918 [DEBUG]  		found 2 row clusters (in 0.01544 secs)
2025-04-21 23:31:06,918 [DEBUG]  OP: Operation.SPLIT_ROWS on slice (661, 11) (remaining tasks 51)
2025-04-21 23:31:06,954 [DEBUG]  		found 2 row clusters (in 0.03521 secs)
2025-04-21 23:31:06,954 [DEBUG]  OP: Operation.SPLIT_ROWS on slice (156, 11) (remaining tasks 52)
2025-04-21 23:31:06,975 [DEBUG]  		found 2 row clusters (in 0.02107 secs)
2025-04-21 23:31:06,975 [DEBUG]  OP: Operation.SPLIT_ROWS on slice (436, 11) (remaining tasks 53)
2025-04-21 23:31:06,997 [DEBUG]  		found 2 row clusters (in 0.02140 secs)
2025-04-21 23:31:06,997 [DEBUG]  OP: Operation.SPLIT_ROWS on slice (299, 11) (remaining tasks 54)
2025-04-21 23:31:07,022 [DEBUG]  		found 2 row clusters (in 0.02536 secs)
2025-04-21 23:31:07,022 [DEBUG]  OP: Operation.SPLIT_ROWS on slice (127, 11) (remaining tasks 55)
2025-04-21 23:31:07,044 [DEBUG]  		found 2 row clusters (in 0.02109 secs)
2025-04-21 23:31:07,044 [DEBUG]  OP: Operation.SPLIT_ROWS on slice (284, 11) (remaining tasks 56)
2025-04-21 23:31:07,068 [DEBUG]  		found 2 row clusters (in 0.02445 secs)
2025-04-21 23:31:07,068 [DEBUG]  OP: Operation.SPLIT_COLUMNS on slice (189, 11) (remaining tasks 57)
2025-04-21 23:31:07,382 [DEBUG]  		found 1 col clusters (in 0.31357 secs)
2025-04-21 23:31:07,383 [DEBUG]  OP: Operation.SPLIT_COLUMNS on slice (199, 11) (remaining tasks 57)
2025-04-21 23:31:08,876 [DEBUG]  		found 1 col clusters (in 1.49253 secs)
2025-04-21 23:31:08,876 [DEBUG]  OP: Operation.SPLIT_COLUMNS on slice (114, 11) (remaining tasks 57)
2025-04-21 23:31:09,199 [DEBUG]  		found 1 col clusters (in 0.32318 secs)
2025-04-21 23:31:09,200 [DEBUG]  OP: Operation.SPLIT_COLUMNS on slice (116, 11) (remaining tasks 57)
2025-04-21 23:31:09,519 [DEBUG]  		found 1 col clusters (in 0.31886 secs)
2025-04-21 23:31:09,520 [DEBUG]  OP: Operation.SPLIT_COLUMNS on slice (364, 11) (remaining tasks 57)
2025-04-21 23:31:11,598 [DEBUG]  		found 1 col clusters (in 2.07810 secs)
2025-04-21 23:31:11,598 [DEBUG]  OP: Operation.SPLIT_COLUMNS on slice (102, 11) (remaining tasks 57)
2025-04-21 23:31:11,858 [DEBUG]  		found 1 col clusters (in 0.25943 secs)
2025-04-21 23:31:11,858 [DEBUG]  OP: Operation.SPLIT_COLUMNS on slice (203, 11) (remaining tasks 57)
2025-04-21 23:31:13,273 [DEBUG]  		found 1 col clusters (in 1.41385 secs)
2025-04-21 23:31:13,273 [DEBUG]  OP: Operation.SPLIT_COLUMNS on slice (156, 11) (remaining tasks 57)
2025-04-21 23:31:13,607 [DEBUG]  		found 1 col clusters (in 0.33342 secs)
2025-04-21 23:31:13,607 [DEBUG]  OP: Operation.SPLIT_COLUMNS on slice (94, 11) (remaining tasks 57)
2025-04-21 23:31:13,938 [DEBUG]  		found 1 col clusters (in 0.33041 secs)
2025-04-21 23:31:13,938 [DEBUG]  OP: Operation.SPLIT_COLUMNS on slice (133, 11) (remaining tasks 57)
2025-04-21 23:31:14,255 [DEBUG]  		found 1 col clusters (in 0.31695 secs)
2025-04-21 23:31:14,256 [DEBUG]  OP: Operation.SPLIT_COLUMNS on slice (147, 11) (remaining tasks 57)
2025-04-21 23:31:14,523 [DEBUG]  		found 1 col clusters (in 0.26748 secs)
2025-04-21 23:31:14,524 [DEBUG]  OP: Operation.NAIVE_FACTORIZATION on slice (68, 11) (remaining tasks 57)
2025-04-21 23:31:14,533 [DEBUG]  		naive factorization 11 columns (in 0.00892 secs)
2025-04-21 23:31:14,533 [DEBUG]  OP: Operation.NAIVE_FACTORIZATION on slice (67, 11) (remaining tasks 56)
2025-04-21 23:31:14,541 [DEBUG]  		naive factorization 11 columns (in 0.00775 secs)
2025-04-21 23:31:14,542 [DEBUG]  OP: Operation.SPLIT_COLUMNS on slice (82, 11) (remaining tasks 55)
2025-04-21 23:31:14,831 [DEBUG]  		found 1 col clusters (in 0.28928 secs)
2025-04-21 23:31:14,832 [DEBUG]  OP: Operation.SPLIT_COLUMNS on slice (244, 11) (remaining tasks 55)
2025-04-21 23:31:16,554 [DEBUG]  		found 1 col clusters (in 1.72209 secs)
2025-04-21 23:31:16,554 [DEBUG]  OP: Operation.SPLIT_COLUMNS on slice (135, 11) (remaining tasks 55)
2025-04-21 23:31:16,955 [DEBUG]  		found 1 col clusters (in 0.40069 secs)
2025-04-21 23:31:16,956 [DEBUG]  OP: Operation.SPLIT_COLUMNS on slice (179, 11) (remaining tasks 55)
2025-04-21 23:31:17,309 [DEBUG]  		found 1 col clusters (in 0.35315 secs)
2025-04-21 23:31:17,309 [DEBUG]  OP: Operation.SPLIT_COLUMNS on slice (155, 11) (remaining tasks 55)
2025-04-21 23:31:17,663 [DEBUG]  		found 1 col clusters (in 0.35359 secs)
2025-04-21 23:31:17,664 [DEBUG]  OP: Operation.SPLIT_COLUMNS on slice (85, 11) (remaining tasks 55)
2025-04-21 23:31:17,907 [DEBUG]  		found 1 col clusters (in 0.24296 secs)
2025-04-21 23:31:17,907 [DEBUG]  OP: Operation.NAIVE_FACTORIZATION on slice (31, 11) (remaining tasks 55)
2025-04-21 23:31:17,912 [DEBUG]  		naive factorization 11 columns (in 0.00446 secs)
2025-04-21 23:31:17,913 [DEBUG]  OP: Operation.SPLIT_COLUMNS on slice (124, 11) (remaining tasks 54)
2025-04-21 23:31:18,128 [DEBUG]  		found 1 col clusters (in 0.21559 secs)
2025-04-21 23:31:18,129 [DEBUG]  OP: Operation.SPLIT_COLUMNS on slice (76, 11) (remaining tasks 54)
2025-04-21 23:31:18,360 [DEBUG]  		found 1 col clusters (in 0.23132 secs)
2025-04-21 23:31:18,361 [DEBUG]  OP: Operation.SPLIT_COLUMNS on slice (93, 11) (remaining tasks 54)
2025-04-21 23:31:18,590 [DEBUG]  		found 1 col clusters (in 0.22917 secs)
2025-04-21 23:31:18,591 [DEBUG]  OP: Operation.SPLIT_COLUMNS on slice (86, 11) (remaining tasks 54)
2025-04-21 23:31:18,810 [DEBUG]  		found 1 col clusters (in 0.21904 secs)
2025-04-21 23:31:18,810 [DEBUG]  OP: Operation.NAIVE_FACTORIZATION on slice (14, 11) (remaining tasks 54)
2025-04-21 23:31:18,817 [DEBUG]  		naive factorization 11 columns (in 0.00605 secs)
2025-04-21 23:31:18,817 [DEBUG]  OP: Operation.SPLIT_COLUMNS on slice (150, 11) (remaining tasks 53)
2025-04-21 23:31:19,138 [DEBUG]  		found 1 col clusters (in 0.32095 secs)
2025-04-21 23:31:19,139 [DEBUG]  OP: Operation.SPLIT_COLUMNS on slice (88, 11) (remaining tasks 53)
2025-04-21 23:31:19,397 [DEBUG]  		found 1 col clusters (in 0.25771 secs)
2025-04-21 23:31:19,397 [DEBUG]  OP: Operation.SPLIT_COLUMNS on slice (175, 11) (remaining tasks 53)
2025-04-21 23:31:19,728 [DEBUG]  		found 1 col clusters (in 0.33019 secs)
2025-04-21 23:31:19,728 [DEBUG]  OP: Operation.SPLIT_COLUMNS on slice (76, 11) (remaining tasks 53)
2025-04-21 23:31:20,012 [DEBUG]  		found 1 col clusters (in 0.28317 secs)
2025-04-21 23:31:20,012 [DEBUG]  OP: Operation.NAIVE_FACTORIZATION on slice (36, 11) (remaining tasks 53)
2025-04-21 23:31:20,016 [DEBUG]  		naive factorization 11 columns (in 0.00390 secs)
2025-04-21 23:31:20,017 [DEBUG]  OP: Operation.NAIVE_FACTORIZATION on slice (53, 11) (remaining tasks 52)
2025-04-21 23:31:20,024 [DEBUG]  		naive factorization 11 columns (in 0.00685 secs)
2025-04-21 23:31:20,024 [DEBUG]  OP: Operation.NAIVE_FACTORIZATION on slice (31, 11) (remaining tasks 51)
2025-04-21 23:31:20,029 [DEBUG]  		naive factorization 11 columns (in 0.00449 secs)
2025-04-21 23:31:20,029 [DEBUG]  OP: Operation.NAIVE_FACTORIZATION on slice (41, 11) (remaining tasks 50)
2025-04-21 23:31:20,034 [DEBUG]  		naive factorization 11 columns (in 0.00429 secs)
2025-04-21 23:31:20,034 [DEBUG]  OP: Operation.NAIVE_FACTORIZATION on slice (70, 11) (remaining tasks 49)
2025-04-21 23:31:20,040 [DEBUG]  		naive factorization 11 columns (in 0.00516 secs)
2025-04-21 23:31:20,040 [DEBUG]  OP: Operation.SPLIT_COLUMNS on slice (98, 11) (remaining tasks 48)
2025-04-21 23:31:20,266 [DEBUG]  		found 1 col clusters (in 0.22571 secs)
2025-04-21 23:31:20,266 [DEBUG]  OP: Operation.NAIVE_FACTORIZATION on slice (27, 11) (remaining tasks 48)
2025-04-21 23:31:20,270 [DEBUG]  		naive factorization 11 columns (in 0.00372 secs)
2025-04-21 23:31:20,271 [DEBUG]  OP: Operation.SPLIT_COLUMNS on slice (86, 11) (remaining tasks 47)
2025-04-21 23:31:20,497 [DEBUG]  		found 1 col clusters (in 0.22578 secs)
2025-04-21 23:31:20,497 [DEBUG]  OP: Operation.NAIVE_FACTORIZATION on slice (22, 11) (remaining tasks 47)
2025-04-21 23:31:20,501 [DEBUG]  		naive factorization 11 columns (in 0.00362 secs)
2025-04-21 23:31:20,502 [DEBUG]  OP: Operation.SPLIT_COLUMNS on slice (129, 11) (remaining tasks 46)
2025-04-21 23:31:20,819 [DEBUG]  		found 1 col clusters (in 0.31663 secs)
2025-04-21 23:31:20,819 [DEBUG]  OP: Operation.SPLIT_COLUMNS on slice (153, 11) (remaining tasks 46)
2025-04-21 23:31:21,072 [DEBUG]  		found 1 col clusters (in 0.25292 secs)
2025-04-21 23:31:21,073 [DEBUG]  OP: Operation.SPLIT_COLUMNS on slice (206, 11) (remaining tasks 46)
2025-04-21 23:31:22,523 [DEBUG]  		found 1 col clusters (in 1.44964 secs)
2025-04-21 23:31:22,523 [DEBUG]  OP: Operation.SPLIT_COLUMNS on slice (160, 11) (remaining tasks 46)
2025-04-21 23:31:22,969 [DEBUG]  		found 1 col clusters (in 0.44530 secs)
2025-04-21 23:31:22,969 [DEBUG]  OP: Operation.SPLIT_COLUMNS on slice (238, 11) (remaining tasks 46)
2025-04-21 23:31:24,432 [DEBUG]  		found 1 col clusters (in 1.46345 secs)
2025-04-21 23:31:24,433 [DEBUG]  OP: Operation.NAIVE_FACTORIZATION on slice (44, 11) (remaining tasks 46)
2025-04-21 23:31:24,442 [DEBUG]  		naive factorization 11 columns (in 0.00830 secs)
2025-04-21 23:31:24,442 [DEBUG]  OP: Operation.NAIVE_FACTORIZATION on slice (49, 11) (remaining tasks 45)
2025-04-21 23:31:24,450 [DEBUG]  		naive factorization 11 columns (in 0.00805 secs)
2025-04-21 23:31:24,451 [DEBUG]  OP: Operation.NAIVE_FACTORIZATION on slice (39, 11) (remaining tasks 44)
2025-04-21 23:31:24,459 [DEBUG]  		naive factorization 11 columns (in 0.00781 secs)
2025-04-21 23:31:24,459 [DEBUG]  OP: Operation.SPLIT_COLUMNS on slice (444, 11) (remaining tasks 43)
2025-04-21 23:31:26,549 [DEBUG]  		found 1 col clusters (in 2.08929 secs)
2025-04-21 23:31:26,549 [DEBUG]  OP: Operation.SPLIT_COLUMNS on slice (217, 11) (remaining tasks 43)
2025-04-21 23:31:28,278 [DEBUG]  		found 1 col clusters (in 1.72878 secs)
2025-04-21 23:31:28,279 [DEBUG]  OP: Operation.NAIVE_FACTORIZATION on slice (59, 11) (remaining tasks 43)
2025-04-21 23:31:28,286 [DEBUG]  		naive factorization 11 columns (in 0.00667 secs)
2025-04-21 23:31:28,286 [DEBUG]  OP: Operation.SPLIT_COLUMNS on slice (97, 11) (remaining tasks 42)
2025-04-21 23:31:28,642 [DEBUG]  		found 1 col clusters (in 0.35583 secs)
2025-04-21 23:31:28,643 [DEBUG]  OP: Operation.SPLIT_COLUMNS on slice (316, 11) (remaining tasks 42)
2025-04-21 23:31:30,640 [DEBUG]  		found 1 col clusters (in 1.99666 secs)
2025-04-21 23:31:30,640 [DEBUG]  OP: Operation.SPLIT_COLUMNS on slice (120, 11) (remaining tasks 42)
2025-04-21 23:31:30,863 [DEBUG]  		found 1 col clusters (in 0.22304 secs)
2025-04-21 23:31:30,864 [DEBUG]  OP: Operation.SPLIT_COLUMNS on slice (139, 11) (remaining tasks 42)
2025-04-21 23:31:31,085 [DEBUG]  		found 1 col clusters (in 0.22088 secs)
2025-04-21 23:31:31,086 [DEBUG]  OP: Operation.SPLIT_COLUMNS on slice (160, 11) (remaining tasks 42)
2025-04-21 23:31:31,357 [DEBUG]  		found 1 col clusters (in 0.27164 secs)
2025-04-21 23:31:31,358 [DEBUG]  OP: Operation.NAIVE_FACTORIZATION on slice (62, 11) (remaining tasks 42)
2025-04-21 23:31:31,365 [DEBUG]  		naive factorization 11 columns (in 0.00668 secs)
2025-04-21 23:31:31,365 [DEBUG]  OP: Operation.NAIVE_FACTORIZATION on slice (65, 11) (remaining tasks 41)
2025-04-21 23:31:31,372 [DEBUG]  		naive factorization 11 columns (in 0.00643 secs)
2025-04-21 23:31:31,372 [DEBUG]  OP: Operation.SPLIT_COLUMNS on slice (206, 11) (remaining tasks 40)
2025-04-21 23:31:32,923 [DEBUG]  		found 1 col clusters (in 1.55130 secs)
2025-04-21 23:31:32,924 [DEBUG]  OP: Operation.SPLIT_COLUMNS on slice (78, 11) (remaining tasks 40)
2025-04-21 23:31:33,250 [DEBUG]  		found 1 col clusters (in 0.32598 secs)
2025-04-21 23:31:33,251 [DEBUG]  OP: Operation.SPLIT_ROWS on slice (189, 11) (remaining tasks 40)
2025-04-21 23:31:33,295 [DEBUG]  		found 2 row clusters (in 0.04411 secs)
2025-04-21 23:31:33,295 [DEBUG]  OP: Operation.SPLIT_ROWS on slice (199, 11) (remaining tasks 41)
2025-04-21 23:31:33,342 [DEBUG]  		found 2 row clusters (in 0.04651 secs)
2025-04-21 23:31:33,342 [DEBUG]  OP: Operation.SPLIT_ROWS on slice (114, 11) (remaining tasks 42)
2025-04-21 23:31:33,369 [DEBUG]  		found 2 row clusters (in 0.02674 secs)
2025-04-21 23:31:33,369 [DEBUG]  OP: Operation.SPLIT_ROWS on slice (116, 11) (remaining tasks 43)
2025-04-21 23:31:33,390 [DEBUG]  		found 2 row clusters (in 0.02020 secs)
2025-04-21 23:31:33,390 [DEBUG]  OP: Operation.SPLIT_ROWS on slice (364, 11) (remaining tasks 44)
2025-04-21 23:31:33,431 [DEBUG]  		found 2 row clusters (in 0.04150 secs)
2025-04-21 23:31:33,432 [DEBUG]  OP: Operation.SPLIT_ROWS on slice (102, 11) (remaining tasks 45)
2025-04-21 23:31:33,450 [DEBUG]  		found 2 row clusters (in 0.01835 secs)
2025-04-21 23:31:33,450 [DEBUG]  OP: Operation.SPLIT_ROWS on slice (203, 11) (remaining tasks 46)
2025-04-21 23:31:33,470 [DEBUG]  		found 2 row clusters (in 0.01927 secs)
2025-04-21 23:31:33,470 [DEBUG]  OP: Operation.SPLIT_ROWS on slice (156, 11) (remaining tasks 47)
2025-04-21 23:31:33,493 [DEBUG]  		found 2 row clusters (in 0.02314 secs)
2025-04-21 23:31:33,493 [DEBUG]  OP: Operation.SPLIT_ROWS on slice (94, 11) (remaining tasks 48)
2025-04-21 23:31:33,512 [DEBUG]  		found 2 row clusters (in 0.01873 secs)
2025-04-21 23:31:33,512 [DEBUG]  OP: Operation.SPLIT_ROWS on slice (133, 11) (remaining tasks 49)
2025-04-21 23:31:33,533 [DEBUG]  		found 2 row clusters (in 0.02077 secs)
2025-04-21 23:31:33,533 [DEBUG]  OP: Operation.SPLIT_ROWS on slice (147, 11) (remaining tasks 50)
2025-04-21 23:31:33,561 [DEBUG]  		found 2 row clusters (in 0.02753 secs)
2025-04-21 23:31:33,561 [DEBUG]  OP: Operation.SPLIT_ROWS on slice (82, 11) (remaining tasks 51)
2025-04-21 23:31:33,577 [DEBUG]  		found 2 row clusters (in 0.01574 secs)
2025-04-21 23:31:33,577 [DEBUG]  OP: Operation.SPLIT_ROWS on slice (244, 11) (remaining tasks 52)
2025-04-21 23:31:33,601 [DEBUG]  		found 2 row clusters (in 0.02439 secs)
2025-04-21 23:31:33,602 [DEBUG]  OP: Operation.SPLIT_ROWS on slice (135, 11) (remaining tasks 53)
2025-04-21 23:31:33,618 [DEBUG]  		found 2 row clusters (in 0.01676 secs)
2025-04-21 23:31:33,619 [DEBUG]  OP: Operation.SPLIT_ROWS on slice (179, 11) (remaining tasks 54)
2025-04-21 23:31:33,637 [DEBUG]  		found 2 row clusters (in 0.01813 secs)
2025-04-21 23:31:33,637 [DEBUG]  OP: Operation.SPLIT_ROWS on slice (155, 11) (remaining tasks 55)
2025-04-21 23:31:33,653 [DEBUG]  		found 2 row clusters (in 0.01560 secs)
2025-04-21 23:31:33,653 [DEBUG]  OP: Operation.SPLIT_ROWS on slice (85, 11) (remaining tasks 56)
2025-04-21 23:31:33,673 [DEBUG]  		found 2 row clusters (in 0.01966 secs)
2025-04-21 23:31:33,673 [DEBUG]  OP: Operation.SPLIT_ROWS on slice (124, 11) (remaining tasks 57)
2025-04-21 23:31:33,691 [DEBUG]  		found 2 row clusters (in 0.01787 secs)
2025-04-21 23:31:33,691 [DEBUG]  OP: Operation.SPLIT_ROWS on slice (76, 11) (remaining tasks 58)
2025-04-21 23:31:33,705 [DEBUG]  		found 2 row clusters (in 0.01382 secs)
2025-04-21 23:31:33,705 [DEBUG]  OP: Operation.SPLIT_ROWS on slice (93, 11) (remaining tasks 59)
2025-04-21 23:31:33,721 [DEBUG]  		found 2 row clusters (in 0.01605 secs)
2025-04-21 23:31:33,721 [DEBUG]  OP: Operation.SPLIT_ROWS on slice (86, 11) (remaining tasks 60)
2025-04-21 23:31:33,739 [DEBUG]  		found 2 row clusters (in 0.01804 secs)
2025-04-21 23:31:33,740 [DEBUG]  OP: Operation.SPLIT_ROWS on slice (150, 11) (remaining tasks 61)
2025-04-21 23:31:33,754 [DEBUG]  		found 2 row clusters (in 0.01447 secs)
2025-04-21 23:31:33,754 [DEBUG]  OP: Operation.SPLIT_ROWS on slice (88, 11) (remaining tasks 62)
2025-04-21 23:31:33,770 [DEBUG]  		found 2 row clusters (in 0.01564 secs)
2025-04-21 23:31:33,770 [DEBUG]  OP: Operation.SPLIT_ROWS on slice (175, 11) (remaining tasks 63)
2025-04-21 23:31:33,795 [DEBUG]  		found 2 row clusters (in 0.02430 secs)
2025-04-21 23:31:33,795 [DEBUG]  OP: Operation.SPLIT_ROWS on slice (76, 11) (remaining tasks 64)
2025-04-21 23:31:33,813 [DEBUG]  		found 2 row clusters (in 0.01777 secs)
2025-04-21 23:31:33,813 [DEBUG]  OP: Operation.SPLIT_ROWS on slice (98, 11) (remaining tasks 65)
2025-04-21 23:31:33,832 [DEBUG]  		found 2 row clusters (in 0.01928 secs)
2025-04-21 23:31:33,832 [DEBUG]  OP: Operation.SPLIT_ROWS on slice (86, 11) (remaining tasks 66)
2025-04-21 23:31:33,850 [DEBUG]  		found 2 row clusters (in 0.01729 secs)
2025-04-21 23:31:33,850 [DEBUG]  OP: Operation.SPLIT_ROWS on slice (129, 11) (remaining tasks 67)
2025-04-21 23:31:33,870 [DEBUG]  		found 2 row clusters (in 0.02021 secs)
2025-04-21 23:31:33,870 [DEBUG]  OP: Operation.SPLIT_ROWS on slice (153, 11) (remaining tasks 68)
2025-04-21 23:31:33,889 [DEBUG]  		found 2 row clusters (in 0.01817 secs)
2025-04-21 23:31:33,889 [DEBUG]  OP: Operation.SPLIT_ROWS on slice (206, 11) (remaining tasks 69)
2025-04-21 23:31:33,912 [DEBUG]  		found 2 row clusters (in 0.02318 secs)
2025-04-21 23:31:33,912 [DEBUG]  OP: Operation.SPLIT_ROWS on slice (160, 11) (remaining tasks 70)
2025-04-21 23:31:33,933 [DEBUG]  		found 2 row clusters (in 0.02064 secs)
2025-04-21 23:31:33,933 [DEBUG]  OP: Operation.SPLIT_ROWS on slice (238, 11) (remaining tasks 71)
2025-04-21 23:31:33,956 [DEBUG]  		found 2 row clusters (in 0.02243 secs)
2025-04-21 23:31:33,956 [DEBUG]  OP: Operation.SPLIT_ROWS on slice (444, 11) (remaining tasks 72)
2025-04-21 23:31:33,977 [DEBUG]  		found 2 row clusters (in 0.02093 secs)
2025-04-21 23:31:33,977 [DEBUG]  OP: Operation.SPLIT_ROWS on slice (217, 11) (remaining tasks 73)
2025-04-21 23:31:33,997 [DEBUG]  		found 2 row clusters (in 0.01982 secs)
2025-04-21 23:31:33,997 [DEBUG]  OP: Operation.SPLIT_ROWS on slice (97, 11) (remaining tasks 74)
2025-04-21 23:31:34,013 [DEBUG]  		found 2 row clusters (in 0.01629 secs)
2025-04-21 23:31:34,014 [DEBUG]  OP: Operation.SPLIT_ROWS on slice (316, 11) (remaining tasks 75)
2025-04-21 23:31:34,044 [DEBUG]  		found 2 row clusters (in 0.02982 secs)
2025-04-21 23:31:34,044 [DEBUG]  OP: Operation.SPLIT_ROWS on slice (120, 11) (remaining tasks 76)
2025-04-21 23:31:34,063 [DEBUG]  		found 2 row clusters (in 0.01872 secs)
2025-04-21 23:31:34,063 [DEBUG]  OP: Operation.SPLIT_ROWS on slice (139, 11) (remaining tasks 77)
2025-04-21 23:31:34,083 [DEBUG]  		found 2 row clusters (in 0.02071 secs)
2025-04-21 23:31:34,084 [DEBUG]  OP: Operation.SPLIT_ROWS on slice (160, 11) (remaining tasks 78)
2025-04-21 23:31:34,103 [DEBUG]  		found 2 row clusters (in 0.01921 secs)
2025-04-21 23:31:34,103 [DEBUG]  OP: Operation.SPLIT_ROWS on slice (206, 11) (remaining tasks 79)
2025-04-21 23:31:34,129 [DEBUG]  		found 2 row clusters (in 0.02568 secs)
2025-04-21 23:31:34,129 [DEBUG]  OP: Operation.SPLIT_ROWS on slice (78, 11) (remaining tasks 80)
2025-04-21 23:31:34,144 [DEBUG]  		found 2 row clusters (in 0.01436 secs)
2025-04-21 23:31:34,144 [DEBUG]  OP: Operation.SPLIT_COLUMNS on slice (147, 11) (remaining tasks 81)
2025-04-21 23:31:34,360 [DEBUG]  		found 1 col clusters (in 0.21594 secs)
2025-04-21 23:31:34,360 [DEBUG]  OP: Operation.NAIVE_FACTORIZATION on slice (42, 11) (remaining tasks 81)
2025-04-21 23:31:34,366 [DEBUG]  		naive factorization 11 columns (in 0.00576 secs)
2025-04-21 23:31:34,366 [DEBUG]  OP: Operation.SPLIT_COLUMNS on slice (141, 11) (remaining tasks 80)
2025-04-21 23:31:34,768 [DEBUG]  		found 1 col clusters (in 0.40182 secs)
2025-04-21 23:31:34,768 [DEBUG]  OP: Operation.NAIVE_FACTORIZATION on slice (58, 11) (remaining tasks 80)
2025-04-21 23:31:34,774 [DEBUG]  		naive factorization 11 columns (in 0.00575 secs)
2025-04-21 23:31:34,774 [DEBUG]  OP: Operation.SPLIT_COLUMNS on slice (76, 11) (remaining tasks 79)
2025-04-21 23:31:35,010 [DEBUG]  		found 1 col clusters (in 0.23564 secs)
2025-04-21 23:31:35,011 [DEBUG]  OP: Operation.NAIVE_FACTORIZATION on slice (38, 11) (remaining tasks 79)
2025-04-21 23:31:35,015 [DEBUG]  		naive factorization 11 columns (in 0.00368 secs)
2025-04-21 23:31:35,015 [DEBUG]  OP: Operation.NAIVE_FACTORIZATION on slice (49, 11) (remaining tasks 78)
2025-04-21 23:31:35,019 [DEBUG]  		naive factorization 11 columns (in 0.00390 secs)
2025-04-21 23:31:35,020 [DEBUG]  OP: Operation.NAIVE_FACTORIZATION on slice (67, 11) (remaining tasks 77)
2025-04-21 23:31:35,026 [DEBUG]  		naive factorization 11 columns (in 0.00544 secs)
2025-04-21 23:31:35,026 [DEBUG]  OP: Operation.SPLIT_COLUMNS on slice (176, 11) (remaining tasks 76)
2025-04-21 23:31:35,349 [DEBUG]  		found 1 col clusters (in 0.32227 secs)
2025-04-21 23:31:35,349 [DEBUG]  OP: Operation.SPLIT_COLUMNS on slice (188, 11) (remaining tasks 76)
2025-04-21 23:31:35,732 [DEBUG]  		found 1 col clusters (in 0.38303 secs)
2025-04-21 23:31:35,733 [DEBUG]  OP: Operation.NAIVE_FACTORIZATION on slice (29, 11) (remaining tasks 76)
2025-04-21 23:31:35,738 [DEBUG]  		naive factorization 11 columns (in 0.00435 secs)
2025-04-21 23:31:35,738 [DEBUG]  OP: Operation.NAIVE_FACTORIZATION on slice (73, 11) (remaining tasks 75)
2025-04-21 23:31:35,744 [DEBUG]  		naive factorization 11 columns (in 0.00532 secs)
2025-04-21 23:31:35,744 [DEBUG]  OP: Operation.SPLIT_COLUMNS on slice (103, 11) (remaining tasks 74)
2025-04-21 23:31:36,003 [DEBUG]  		found 1 col clusters (in 0.25925 secs)
2025-04-21 23:31:36,004 [DEBUG]  OP: Operation.SPLIT_COLUMNS on slice (100, 11) (remaining tasks 74)
2025-04-21 23:31:36,220 [DEBUG]  		found 1 col clusters (in 0.21542 secs)
2025-04-21 23:31:36,220 [DEBUG]  OP: Operation.SPLIT_COLUMNS on slice (78, 11) (remaining tasks 74)
2025-04-21 23:31:36,440 [DEBUG]  		found 1 col clusters (in 0.21997 secs)
2025-04-21 23:31:36,441 [DEBUG]  OP: Operation.SPLIT_COLUMNS on slice (78, 11) (remaining tasks 74)
2025-04-21 23:31:36,658 [DEBUG]  		found 1 col clusters (in 0.21681 secs)
2025-04-21 23:31:36,658 [DEBUG]  OP: Operation.NAIVE_FACTORIZATION on slice (64, 11) (remaining tasks 74)
2025-04-21 23:31:36,662 [DEBUG]  		naive factorization 11 columns (in 0.00402 secs)
2025-04-21 23:31:36,663 [DEBUG]  OP: Operation.NAIVE_FACTORIZATION on slice (30, 11) (remaining tasks 73)
2025-04-21 23:31:36,668 [DEBUG]  		naive factorization 11 columns (in 0.00457 secs)
2025-04-21 23:31:36,668 [DEBUG]  OP: Operation.NAIVE_FACTORIZATION on slice (49, 11) (remaining tasks 72)
2025-04-21 23:31:36,672 [DEBUG]  		naive factorization 11 columns (in 0.00381 secs)
2025-04-21 23:31:36,673 [DEBUG]  OP: Operation.SPLIT_COLUMNS on slice (84, 11) (remaining tasks 71)
2025-04-21 23:31:36,893 [DEBUG]  		found 1 col clusters (in 0.21988 secs)
2025-04-21 23:31:36,893 [DEBUG]  OP: Operation.SPLIT_COLUMNS on slice (103, 11) (remaining tasks 71)
2025-04-21 23:31:37,112 [DEBUG]  		found 1 col clusters (in 0.21830 secs)
2025-04-21 23:31:37,112 [DEBUG]  OP: Operation.NAIVE_FACTORIZATION on slice (44, 11) (remaining tasks 71)
2025-04-21 23:31:37,116 [DEBUG]  		naive factorization 11 columns (in 0.00381 secs)
2025-04-21 23:31:37,117 [DEBUG]  OP: Operation.NAIVE_FACTORIZATION on slice (26, 11) (remaining tasks 70)
2025-04-21 23:31:37,121 [DEBUG]  		naive factorization 11 columns (in 0.00359 secs)
2025-04-21 23:31:37,121 [DEBUG]  OP: Operation.NAIVE_FACTORIZATION on slice (56, 11) (remaining tasks 69)
2025-04-21 23:31:37,125 [DEBUG]  		naive factorization 11 columns (in 0.00372 secs)
2025-04-21 23:31:37,125 [DEBUG]  OP: Operation.SPLIT_COLUMNS on slice (105, 11) (remaining tasks 68)
2025-04-21 23:31:37,349 [DEBUG]  		found 1 col clusters (in 0.22299 secs)
2025-04-21 23:31:37,349 [DEBUG]  OP: Operation.SPLIT_COLUMNS on slice (139, 11) (remaining tasks 68)
2025-04-21 23:31:37,669 [DEBUG]  		found 1 col clusters (in 0.31931 secs)
2025-04-21 23:31:37,669 [DEBUG]  OP: Operation.SPLIT_COLUMNS on slice (86, 11) (remaining tasks 68)
2025-04-21 23:31:37,917 [DEBUG]  		found 1 col clusters (in 0.24798 secs)
2025-04-21 23:31:37,917 [DEBUG]  OP: Operation.NAIVE_FACTORIZATION on slice (49, 11) (remaining tasks 68)
2025-04-21 23:31:37,922 [DEBUG]  		naive factorization 11 columns (in 0.00418 secs)
2025-04-21 23:31:37,922 [DEBUG]  OP: Operation.NAIVE_FACTORIZATION on slice (38, 11) (remaining tasks 67)
2025-04-21 23:31:37,925 [DEBUG]  		naive factorization 11 columns (in 0.00279 secs)
2025-04-21 23:31:37,926 [DEBUG]  OP: Operation.SPLIT_COLUMNS on slice (141, 11) (remaining tasks 66)
2025-04-21 23:31:38,152 [DEBUG]  		found 1 col clusters (in 0.22592 secs)
2025-04-21 23:31:38,152 [DEBUG]  OP: Operation.NAIVE_FACTORIZATION on slice (15, 11) (remaining tasks 66)
2025-04-21 23:31:38,157 [DEBUG]  		naive factorization 11 columns (in 0.00414 secs)
2025-04-21 23:31:38,157 [DEBUG]  OP: Operation.SPLIT_COLUMNS on slice (140, 11) (remaining tasks 65)
2025-04-21 23:31:38,474 [DEBUG]  		found 1 col clusters (in 0.31721 secs)
2025-04-21 23:31:38,475 [DEBUG]  OP: Operation.NAIVE_FACTORIZATION on slice (42, 11) (remaining tasks 65)
2025-04-21 23:31:38,480 [DEBUG]  		naive factorization 11 columns (in 0.00528 secs)
2025-04-21 23:31:38,480 [DEBUG]  OP: Operation.NAIVE_FACTORIZATION on slice (43, 11) (remaining tasks 64)
2025-04-21 23:31:38,486 [DEBUG]  		naive factorization 11 columns (in 0.00542 secs)
2025-04-21 23:31:38,486 [DEBUG]  OP: Operation.NAIVE_FACTORIZATION on slice (64, 11) (remaining tasks 63)
2025-04-21 23:31:38,491 [DEBUG]  		naive factorization 11 columns (in 0.00441 secs)
2025-04-21 23:31:38,491 [DEBUG]  OP: Operation.NAIVE_FACTORIZATION on slice (60, 11) (remaining tasks 62)
2025-04-21 23:31:38,497 [DEBUG]  		naive factorization 11 columns (in 0.00522 secs)
2025-04-21 23:31:38,497 [DEBUG]  OP: Operation.NAIVE_FACTORIZATION on slice (71, 11) (remaining tasks 61)
2025-04-21 23:31:38,504 [DEBUG]  		naive factorization 11 columns (in 0.00704 secs)
2025-04-21 23:31:38,504 [DEBUG]  OP: Operation.NAIVE_FACTORIZATION on slice (5, 11) (remaining tasks 60)
2025-04-21 23:31:38,508 [DEBUG]  		naive factorization 11 columns (in 0.00313 secs)
2025-04-21 23:31:38,508 [DEBUG]  OP: Operation.NAIVE_FACTORIZATION on slice (59, 11) (remaining tasks 59)
2025-04-21 23:31:38,514 [DEBUG]  		naive factorization 11 columns (in 0.00548 secs)
2025-04-21 23:31:38,514 [DEBUG]  OP: Operation.NAIVE_FACTORIZATION on slice (34, 11) (remaining tasks 58)
2025-04-21 23:31:38,519 [DEBUG]  		naive factorization 11 columns (in 0.00448 secs)
2025-04-21 23:31:38,519 [DEBUG]  OP: Operation.NAIVE_FACTORIZATION on slice (68, 11) (remaining tasks 57)
2025-04-21 23:31:38,526 [DEBUG]  		naive factorization 11 columns (in 0.00608 secs)
2025-04-21 23:31:38,526 [DEBUG]  OP: Operation.NAIVE_FACTORIZATION on slice (18, 11) (remaining tasks 56)
2025-04-21 23:31:38,532 [DEBUG]  		naive factorization 11 columns (in 0.00537 secs)
2025-04-21 23:31:38,532 [DEBUG]  OP: Operation.SPLIT_COLUMNS on slice (106, 11) (remaining tasks 55)
2025-04-21 23:31:38,822 [DEBUG]  		found 1 col clusters (in 0.29024 secs)
2025-04-21 23:31:38,823 [DEBUG]  OP: Operation.NAIVE_FACTORIZATION on slice (44, 11) (remaining tasks 55)
2025-04-21 23:31:38,827 [DEBUG]  		naive factorization 11 columns (in 0.00442 secs)
2025-04-21 23:31:38,828 [DEBUG]  OP: Operation.NAIVE_FACTORIZATION on slice (66, 11) (remaining tasks 54)
2025-04-21 23:31:38,832 [DEBUG]  		naive factorization 11 columns (in 0.00413 secs)
2025-04-21 23:31:38,833 [DEBUG]  OP: Operation.NAIVE_FACTORIZATION on slice (22, 11) (remaining tasks 53)
2025-04-21 23:31:38,837 [DEBUG]  		naive factorization 11 columns (in 0.00351 secs)
2025-04-21 23:31:38,837 [DEBUG]  OP: Operation.SPLIT_COLUMNS on slice (95, 11) (remaining tasks 52)
2025-04-21 23:31:39,056 [DEBUG]  		found 1 col clusters (in 0.21864 secs)
2025-04-21 23:31:39,056 [DEBUG]  OP: Operation.SPLIT_COLUMNS on slice (80, 11) (remaining tasks 52)
2025-04-21 23:31:39,273 [DEBUG]  		found 1 col clusters (in 0.21632 secs)
2025-04-21 23:31:39,273 [DEBUG]  OP: Operation.NAIVE_FACTORIZATION on slice (40, 11) (remaining tasks 52)
2025-04-21 23:31:39,277 [DEBUG]  		naive factorization 11 columns (in 0.00375 secs)
2025-04-21 23:31:39,278 [DEBUG]  OP: Operation.NAIVE_FACTORIZATION on slice (36, 11) (remaining tasks 51)
2025-04-21 23:31:39,282 [DEBUG]  		naive factorization 11 columns (in 0.00371 secs)
2025-04-21 23:31:39,282 [DEBUG]  OP: Operation.NAIVE_FACTORIZATION on slice (45, 11) (remaining tasks 50)
2025-04-21 23:31:39,286 [DEBUG]  		naive factorization 11 columns (in 0.00383 secs)
2025-04-21 23:31:39,287 [DEBUG]  OP: Operation.NAIVE_FACTORIZATION on slice (53, 11) (remaining tasks 49)
2025-04-21 23:31:39,291 [DEBUG]  		naive factorization 11 columns (in 0.00385 secs)
2025-04-21 23:31:39,291 [DEBUG]  OP: Operation.NAIVE_FACTORIZATION on slice (61, 11) (remaining tasks 48)
2025-04-21 23:31:39,295 [DEBUG]  		naive factorization 11 columns (in 0.00394 secs)
2025-04-21 23:31:39,296 [DEBUG]  OP: Operation.NAIVE_FACTORIZATION on slice (25, 11) (remaining tasks 47)
2025-04-21 23:31:39,300 [DEBUG]  		naive factorization 11 columns (in 0.00354 secs)
2025-04-21 23:31:39,300 [DEBUG]  OP: Operation.NAIVE_FACTORIZATION on slice (62, 11) (remaining tasks 46)
2025-04-21 23:31:39,304 [DEBUG]  		naive factorization 11 columns (in 0.00405 secs)
2025-04-21 23:31:39,305 [DEBUG]  OP: Operation.NAIVE_FACTORIZATION on slice (67, 11) (remaining tasks 45)
2025-04-21 23:31:39,309 [DEBUG]  		naive factorization 11 columns (in 0.00404 secs)
2025-04-21 23:31:39,310 [DEBUG]  OP: Operation.SPLIT_COLUMNS on slice (95, 11) (remaining tasks 44)
2025-04-21 23:31:39,535 [DEBUG]  		found 1 col clusters (in 0.22541 secs)
2025-04-21 23:31:39,536 [DEBUG]  OP: Operation.NAIVE_FACTORIZATION on slice (58, 11) (remaining tasks 44)
2025-04-21 23:31:39,540 [DEBUG]  		naive factorization 11 columns (in 0.00397 secs)
2025-04-21 23:31:39,541 [DEBUG]  OP: Operation.SPLIT_COLUMNS on slice (99, 11) (remaining tasks 43)
2025-04-21 23:31:39,756 [DEBUG]  		found 1 col clusters (in 0.21540 secs)
2025-04-21 23:31:39,757 [DEBUG]  OP: Operation.SPLIT_COLUMNS on slice (107, 11) (remaining tasks 43)
2025-04-21 23:31:39,975 [DEBUG]  		found 1 col clusters (in 0.21856 secs)
2025-04-21 23:31:39,976 [DEBUG]  OP: Operation.SPLIT_COLUMNS on slice (112, 11) (remaining tasks 43)
2025-04-21 23:31:40,192 [DEBUG]  		found 1 col clusters (in 0.21577 secs)
2025-04-21 23:31:40,192 [DEBUG]  OP: Operation.NAIVE_FACTORIZATION on slice (48, 11) (remaining tasks 43)
2025-04-21 23:31:40,197 [DEBUG]  		naive factorization 11 columns (in 0.00401 secs)
2025-04-21 23:31:40,197 [DEBUG]  OP: Operation.SPLIT_COLUMNS on slice (114, 11) (remaining tasks 42)
2025-04-21 23:31:40,416 [DEBUG]  		found 1 col clusters (in 0.21879 secs)
2025-04-21 23:31:40,417 [DEBUG]  OP: Operation.SPLIT_COLUMNS on slice (124, 11) (remaining tasks 42)
2025-04-21 23:31:40,633 [DEBUG]  		found 1 col clusters (in 0.21660 secs)
2025-04-21 23:31:40,634 [DEBUG]  OP: Operation.SPLIT_COLUMNS on slice (258, 11) (remaining tasks 42)
2025-04-21 23:31:42,375 [DEBUG]  		found 1 col clusters (in 1.74139 secs)
2025-04-21 23:31:42,376 [DEBUG]  OP: Operation.SPLIT_COLUMNS on slice (186, 11) (remaining tasks 42)
2025-04-21 23:31:42,805 [DEBUG]  		found 1 col clusters (in 0.42832 secs)
2025-04-21 23:31:42,805 [DEBUG]  OP: Operation.SPLIT_COLUMNS on slice (117, 11) (remaining tasks 42)
2025-04-21 23:31:43,065 [DEBUG]  		found 1 col clusters (in 0.25970 secs)
2025-04-21 23:31:43,065 [DEBUG]  OP: Operation.SPLIT_COLUMNS on slice (100, 11) (remaining tasks 42)
2025-04-21 23:31:43,288 [DEBUG]  		found 1 col clusters (in 0.22255 secs)
2025-04-21 23:31:43,289 [DEBUG]  OP: Operation.NAIVE_FACTORIZATION on slice (63, 11) (remaining tasks 42)
2025-04-21 23:31:43,293 [DEBUG]  		naive factorization 11 columns (in 0.00378 secs)
2025-04-21 23:31:43,293 [DEBUG]  OP: Operation.NAIVE_FACTORIZATION on slice (34, 11) (remaining tasks 41)
2025-04-21 23:31:43,297 [DEBUG]  		naive factorization 11 columns (in 0.00368 secs)
2025-04-21 23:31:43,298 [DEBUG]  OP: Operation.SPLIT_COLUMNS on slice (127, 11) (remaining tasks 40)
2025-04-21 23:31:43,526 [DEBUG]  		found 1 col clusters (in 0.22810 secs)
2025-04-21 23:31:43,527 [DEBUG]  OP: Operation.SPLIT_COLUMNS on slice (189, 11) (remaining tasks 40)
2025-04-21 23:31:43,846 [DEBUG]  		found 1 col clusters (in 0.31954 secs)
2025-04-21 23:31:43,847 [DEBUG]  OP: Operation.NAIVE_FACTORIZATION on slice (53, 11) (remaining tasks 40)
2025-04-21 23:31:43,853 [DEBUG]  		naive factorization 11 columns (in 0.00576 secs)
2025-04-21 23:31:43,853 [DEBUG]  OP: Operation.NAIVE_FACTORIZATION on slice (67, 11) (remaining tasks 39)
2025-04-21 23:31:43,859 [DEBUG]  		naive factorization 11 columns (in 0.00588 secs)
2025-04-21 23:31:43,859 [DEBUG]  OP: Operation.SPLIT_COLUMNS on slice (82, 11) (remaining tasks 38)
2025-04-21 23:31:44,136 [DEBUG]  		found 1 col clusters (in 0.27667 secs)
2025-04-21 23:31:44,137 [DEBUG]  OP: Operation.NAIVE_FACTORIZATION on slice (57, 11) (remaining tasks 38)
2025-04-21 23:31:44,141 [DEBUG]  		naive factorization 11 columns (in 0.00405 secs)
2025-04-21 23:31:44,142 [DEBUG]  OP: Operation.SPLIT_COLUMNS on slice (118, 11) (remaining tasks 37)
2025-04-21 23:31:44,360 [DEBUG]  		found 1 col clusters (in 0.21790 secs)
2025-04-21 23:31:44,360 [DEBUG]  OP: Operation.NAIVE_FACTORIZATION on slice (42, 11) (remaining tasks 37)
2025-04-21 23:31:44,365 [DEBUG]  		naive factorization 11 columns (in 0.00393 secs)
2025-04-21 23:31:44,365 [DEBUG]  OP: Operation.SPLIT_COLUMNS on slice (89, 11) (remaining tasks 36)
2025-04-21 23:31:44,583 [DEBUG]  		found 1 col clusters (in 0.21723 secs)
2025-04-21 23:31:44,583 [DEBUG]  OP: Operation.SPLIT_COLUMNS on slice (117, 11) (remaining tasks 36)
2025-04-21 23:31:44,810 [DEBUG]  		found 1 col clusters (in 0.22709 secs)
2025-04-21 23:31:44,811 [DEBUG]  OP: Operation.NAIVE_FACTORIZATION on slice (25, 11) (remaining tasks 36)
2025-04-21 23:31:44,815 [DEBUG]  		naive factorization 11 columns (in 0.00353 secs)
2025-04-21 23:31:44,815 [DEBUG]  OP: Operation.NAIVE_FACTORIZATION on slice (53, 11) (remaining tasks 35)
2025-04-21 23:31:44,819 [DEBUG]  		naive factorization 11 columns (in 0.00363 secs)
2025-04-21 23:31:44,819 [DEBUG]  OP: Operation.SPLIT_ROWS on slice (147, 11) (remaining tasks 34)
2025-04-21 23:31:44,889 [DEBUG]  		found 2 row clusters (in 0.06882 secs)
2025-04-21 23:31:44,889 [DEBUG]  OP: Operation.SPLIT_ROWS on slice (141, 11) (remaining tasks 35)
2025-04-21 23:31:44,933 [DEBUG]  		found 2 row clusters (in 0.04424 secs)
2025-04-21 23:31:44,934 [DEBUG]  OP: Operation.SPLIT_ROWS on slice (76, 11) (remaining tasks 36)
2025-04-21 23:31:44,957 [DEBUG]  		found 2 row clusters (in 0.02371 secs)
2025-04-21 23:31:44,958 [DEBUG]  OP: Operation.SPLIT_ROWS on slice (176, 11) (remaining tasks 37)
2025-04-21 23:31:44,977 [DEBUG]  		found 2 row clusters (in 0.01977 secs)
2025-04-21 23:31:44,978 [DEBUG]  OP: Operation.SPLIT_ROWS on slice (188, 11) (remaining tasks 38)
2025-04-21 23:31:45,000 [DEBUG]  		found 2 row clusters (in 0.02264 secs)
2025-04-21 23:31:45,001 [DEBUG]  OP: Operation.SPLIT_ROWS on slice (103, 11) (remaining tasks 39)
2025-04-21 23:31:45,022 [DEBUG]  		found 2 row clusters (in 0.02156 secs)
2025-04-21 23:31:45,022 [DEBUG]  OP: Operation.SPLIT_ROWS on slice (100, 11) (remaining tasks 40)
2025-04-21 23:31:45,039 [DEBUG]  		found 2 row clusters (in 0.01632 secs)
2025-04-21 23:31:45,039 [DEBUG]  OP: Operation.SPLIT_ROWS on slice (78, 11) (remaining tasks 41)
2025-04-21 23:31:45,057 [DEBUG]  		found 2 row clusters (in 0.01809 secs)
2025-04-21 23:31:45,057 [DEBUG]  OP: Operation.SPLIT_ROWS on slice (78, 11) (remaining tasks 42)
2025-04-21 23:31:45,076 [DEBUG]  		found 2 row clusters (in 0.01897 secs)
2025-04-21 23:31:45,077 [DEBUG]  OP: Operation.SPLIT_ROWS on slice (84, 11) (remaining tasks 43)
2025-04-21 23:31:45,099 [DEBUG]  		found 2 row clusters (in 0.02185 secs)
2025-04-21 23:31:45,099 [DEBUG]  OP: Operation.SPLIT_ROWS on slice (103, 11) (remaining tasks 44)
2025-04-21 23:31:45,120 [DEBUG]  		found 2 row clusters (in 0.02075 secs)
2025-04-21 23:31:45,120 [DEBUG]  OP: Operation.SPLIT_ROWS on slice (105, 11) (remaining tasks 45)
2025-04-21 23:31:45,143 [DEBUG]  		found 2 row clusters (in 0.02309 secs)
2025-04-21 23:31:45,143 [DEBUG]  OP: Operation.SPLIT_ROWS on slice (139, 11) (remaining tasks 46)
2025-04-21 23:31:45,164 [DEBUG]  		found 2 row clusters (in 0.02066 secs)
2025-04-21 23:31:45,164 [DEBUG]  OP: Operation.SPLIT_ROWS on slice (86, 11) (remaining tasks 47)
2025-04-21 23:31:45,185 [DEBUG]  		found 2 row clusters (in 0.02090 secs)
2025-04-21 23:31:45,185 [DEBUG]  OP: Operation.SPLIT_ROWS on slice (141, 11) (remaining tasks 48)
2025-04-21 23:31:45,215 [DEBUG]  		found 2 row clusters (in 0.02993 secs)
2025-04-21 23:31:45,216 [DEBUG]  OP: Operation.SPLIT_ROWS on slice (140, 11) (remaining tasks 49)
2025-04-21 23:31:45,235 [DEBUG]  		found 2 row clusters (in 0.01917 secs)
2025-04-21 23:31:45,235 [DEBUG]  OP: Operation.SPLIT_ROWS on slice (106, 11) (remaining tasks 50)
2025-04-21 23:31:45,262 [DEBUG]  		found 2 row clusters (in 0.02643 secs)
2025-04-21 23:31:45,262 [DEBUG]  OP: Operation.SPLIT_ROWS on slice (95, 11) (remaining tasks 51)
2025-04-21 23:31:45,283 [DEBUG]  		found 2 row clusters (in 0.02152 secs)
2025-04-21 23:31:45,284 [DEBUG]  OP: Operation.SPLIT_ROWS on slice (80, 11) (remaining tasks 52)
2025-04-21 23:31:45,304 [DEBUG]  		found 2 row clusters (in 0.02068 secs)
2025-04-21 23:31:45,305 [DEBUG]  OP: Operation.SPLIT_ROWS on slice (95, 11) (remaining tasks 53)
2025-04-21 23:31:45,322 [DEBUG]  		found 2 row clusters (in 0.01781 secs)
2025-04-21 23:31:45,323 [DEBUG]  OP: Operation.SPLIT_ROWS on slice (99, 11) (remaining tasks 54)
2025-04-21 23:31:45,345 [DEBUG]  		found 2 row clusters (in 0.02252 secs)
2025-04-21 23:31:45,345 [DEBUG]  OP: Operation.SPLIT_ROWS on slice (107, 11) (remaining tasks 55)
2025-04-21 23:31:45,370 [DEBUG]  		found 2 row clusters (in 0.02412 secs)
2025-04-21 23:31:45,370 [DEBUG]  OP: Operation.SPLIT_ROWS on slice (112, 11) (remaining tasks 56)
2025-04-21 23:31:45,395 [DEBUG]  		found 2 row clusters (in 0.02489 secs)
2025-04-21 23:31:45,395 [DEBUG]  OP: Operation.SPLIT_ROWS on slice (114, 11) (remaining tasks 57)
2025-04-21 23:31:45,417 [DEBUG]  		found 2 row clusters (in 0.02196 secs)
2025-04-21 23:31:45,417 [DEBUG]  OP: Operation.SPLIT_ROWS on slice (124, 11) (remaining tasks 58)
2025-04-21 23:31:45,446 [DEBUG]  		found 2 row clusters (in 0.02837 secs)
2025-04-21 23:31:45,446 [DEBUG]  OP: Operation.SPLIT_ROWS on slice (258, 11) (remaining tasks 59)
2025-04-21 23:31:45,476 [DEBUG]  		found 2 row clusters (in 0.03008 secs)
2025-04-21 23:31:45,476 [DEBUG]  OP: Operation.SPLIT_ROWS on slice (186, 11) (remaining tasks 60)
2025-04-21 23:31:45,503 [DEBUG]  		found 2 row clusters (in 0.02664 secs)
2025-04-21 23:31:45,503 [DEBUG]  OP: Operation.SPLIT_ROWS on slice (117, 11) (remaining tasks 61)
2025-04-21 23:31:45,528 [DEBUG]  		found 2 row clusters (in 0.02432 secs)
2025-04-21 23:31:45,528 [DEBUG]  OP: Operation.SPLIT_ROWS on slice (100, 11) (remaining tasks 62)
2025-04-21 23:31:45,553 [DEBUG]  		found 2 row clusters (in 0.02517 secs)
2025-04-21 23:31:45,553 [DEBUG]  OP: Operation.SPLIT_ROWS on slice (127, 11) (remaining tasks 63)
2025-04-21 23:31:45,579 [DEBUG]  		found 2 row clusters (in 0.02599 secs)
2025-04-21 23:31:45,580 [DEBUG]  OP: Operation.SPLIT_ROWS on slice (189, 11) (remaining tasks 64)
2025-04-21 23:31:45,604 [DEBUG]  		found 2 row clusters (in 0.02401 secs)
2025-04-21 23:31:45,604 [DEBUG]  OP: Operation.SPLIT_ROWS on slice (82, 11) (remaining tasks 65)
2025-04-21 23:31:45,621 [DEBUG]  		found 2 row clusters (in 0.01729 secs)
2025-04-21 23:31:45,621 [DEBUG]  OP: Operation.SPLIT_ROWS on slice (118, 11) (remaining tasks 66)
2025-04-21 23:31:45,637 [DEBUG]  		found 2 row clusters (in 0.01552 secs)
2025-04-21 23:31:45,637 [DEBUG]  OP: Operation.SPLIT_ROWS on slice (89, 11) (remaining tasks 67)
2025-04-21 23:31:45,656 [DEBUG]  		found 2 row clusters (in 0.01846 secs)
2025-04-21 23:31:45,656 [DEBUG]  OP: Operation.SPLIT_ROWS on slice (117, 11) (remaining tasks 68)
2025-04-21 23:31:45,674 [DEBUG]  		found 2 row clusters (in 0.01768 secs)
2025-04-21 23:31:45,674 [DEBUG]  OP: Operation.SPLIT_COLUMNS on slice (110, 11) (remaining tasks 69)
2025-04-21 23:31:45,893 [DEBUG]  		found 1 col clusters (in 0.21896 secs)
2025-04-21 23:31:45,893 [DEBUG]  OP: Operation.NAIVE_FACTORIZATION on slice (37, 11) (remaining tasks 69)
2025-04-21 23:31:45,897 [DEBUG]  		naive factorization 11 columns (in 0.00377 secs)
2025-04-21 23:31:45,898 [DEBUG]  OP: Operation.SPLIT_COLUMNS on slice (74, 11) (remaining tasks 68)
2025-04-21 23:31:46,124 [DEBUG]  		found 1 col clusters (in 0.22587 secs)
2025-04-21 23:31:46,124 [DEBUG]  OP: Operation.NAIVE_FACTORIZATION on slice (67, 11) (remaining tasks 68)
2025-04-21 23:31:46,129 [DEBUG]  		naive factorization 11 columns (in 0.00403 secs)
2025-04-21 23:31:46,129 [DEBUG]  OP: Operation.NAIVE_FACTORIZATION on slice (31, 11) (remaining tasks 67)
2025-04-21 23:31:46,133 [DEBUG]  		naive factorization 11 columns (in 0.00373 secs)
2025-04-21 23:31:46,134 [DEBUG]  OP: Operation.NAIVE_FACTORIZATION on slice (45, 11) (remaining tasks 66)
2025-04-21 23:31:46,138 [DEBUG]  		naive factorization 11 columns (in 0.00391 secs)
2025-04-21 23:31:46,138 [DEBUG]  OP: Operation.SPLIT_COLUMNS on slice (110, 11) (remaining tasks 65)
2025-04-21 23:31:46,357 [DEBUG]  		found 1 col clusters (in 0.21801 secs)
2025-04-21 23:31:46,357 [DEBUG]  OP: Operation.NAIVE_FACTORIZATION on slice (66, 11) (remaining tasks 65)
2025-04-21 23:31:46,361 [DEBUG]  		naive factorization 11 columns (in 0.00405 secs)
2025-04-21 23:31:46,362 [DEBUG]  OP: Operation.NAIVE_FACTORIZATION on slice (71, 11) (remaining tasks 64)
2025-04-21 23:31:46,367 [DEBUG]  		naive factorization 11 columns (in 0.00550 secs)
2025-04-21 23:31:46,368 [DEBUG]  OP: Operation.SPLIT_COLUMNS on slice (117, 11) (remaining tasks 63)
2025-04-21 23:31:46,586 [DEBUG]  		found 1 col clusters (in 0.21826 secs)
2025-04-21 23:31:46,587 [DEBUG]  OP: Operation.NAIVE_FACTORIZATION on slice (58, 11) (remaining tasks 63)
2025-04-21 23:31:46,592 [DEBUG]  		naive factorization 11 columns (in 0.00444 secs)
2025-04-21 23:31:46,592 [DEBUG]  OP: Operation.NAIVE_FACTORIZATION on slice (45, 11) (remaining tasks 62)
2025-04-21 23:31:46,596 [DEBUG]  		naive factorization 11 columns (in 0.00371 secs)
2025-04-21 23:31:46,597 [DEBUG]  OP: Operation.NAIVE_FACTORIZATION on slice (57, 11) (remaining tasks 61)
2025-04-21 23:31:46,601 [DEBUG]  		naive factorization 11 columns (in 0.00389 secs)
2025-04-21 23:31:46,601 [DEBUG]  OP: Operation.NAIVE_FACTORIZATION on slice (43, 11) (remaining tasks 60)
2025-04-21 23:31:46,605 [DEBUG]  		naive factorization 11 columns (in 0.00414 secs)
2025-04-21 23:31:46,606 [DEBUG]  OP: Operation.NAIVE_FACTORIZATION on slice (49, 11) (remaining tasks 59)
2025-04-21 23:31:46,610 [DEBUG]  		naive factorization 11 columns (in 0.00386 secs)
2025-04-21 23:31:46,611 [DEBUG]  OP: Operation.NAIVE_FACTORIZATION on slice (29, 11) (remaining tasks 58)
2025-04-21 23:31:46,614 [DEBUG]  		naive factorization 11 columns (in 0.00361 secs)
2025-04-21 23:31:46,615 [DEBUG]  OP: Operation.NAIVE_FACTORIZATION on slice (35, 11) (remaining tasks 57)
2025-04-21 23:31:46,619 [DEBUG]  		naive factorization 11 columns (in 0.00372 secs)
2025-04-21 23:31:46,619 [DEBUG]  OP: Operation.NAIVE_FACTORIZATION on slice (43, 11) (remaining tasks 56)
2025-04-21 23:31:46,624 [DEBUG]  		naive factorization 11 columns (in 0.00428 secs)
2025-04-21 23:31:46,624 [DEBUG]  OP: Operation.NAIVE_FACTORIZATION on slice (63, 11) (remaining tasks 55)
2025-04-21 23:31:46,628 [DEBUG]  		naive factorization 11 columns (in 0.00382 secs)
2025-04-21 23:31:46,629 [DEBUG]  OP: Operation.NAIVE_FACTORIZATION on slice (21, 11) (remaining tasks 54)
2025-04-21 23:31:46,633 [DEBUG]  		naive factorization 11 columns (in 0.00355 secs)
2025-04-21 23:31:46,633 [DEBUG]  OP: Operation.NAIVE_FACTORIZATION on slice (36, 11) (remaining tasks 53)
2025-04-21 23:31:46,637 [DEBUG]  		naive factorization 11 columns (in 0.00354 secs)
2025-04-21 23:31:46,637 [DEBUG]  OP: Operation.NAIVE_FACTORIZATION on slice (67, 11) (remaining tasks 52)
2025-04-21 23:31:46,643 [DEBUG]  		naive factorization 11 columns (in 0.00494 secs)
2025-04-21 23:31:46,643 [DEBUG]  OP: Operation.NAIVE_FACTORIZATION on slice (60, 11) (remaining tasks 51)
2025-04-21 23:31:46,647 [DEBUG]  		naive factorization 11 columns (in 0.00396 secs)
2025-04-21 23:31:46,648 [DEBUG]  OP: Operation.NAIVE_FACTORIZATION on slice (45, 11) (remaining tasks 50)
2025-04-21 23:31:46,652 [DEBUG]  		naive factorization 11 columns (in 0.00412 secs)
2025-04-21 23:31:46,653 [DEBUG]  OP: Operation.SPLIT_COLUMNS on slice (94, 11) (remaining tasks 49)
2025-04-21 23:31:46,889 [DEBUG]  		found 1 col clusters (in 0.23664 secs)
2025-04-21 23:31:46,890 [DEBUG]  OP: Operation.NAIVE_FACTORIZATION on slice (45, 11) (remaining tasks 49)
2025-04-21 23:31:46,894 [DEBUG]  		naive factorization 11 columns (in 0.00383 secs)
2025-04-21 23:31:46,895 [DEBUG]  OP: Operation.NAIVE_FACTORIZATION on slice (41, 11) (remaining tasks 48)
2025-04-21 23:31:46,899 [DEBUG]  		naive factorization 11 columns (in 0.00371 secs)
2025-04-21 23:31:46,899 [DEBUG]  OP: Operation.NAIVE_FACTORIZATION on slice (45, 11) (remaining tasks 47)
2025-04-21 23:31:46,904 [DEBUG]  		naive factorization 11 columns (in 0.00435 secs)
2025-04-21 23:31:46,904 [DEBUG]  OP: Operation.NAIVE_FACTORIZATION on slice (64, 11) (remaining tasks 46)
2025-04-21 23:31:46,908 [DEBUG]  		naive factorization 11 columns (in 0.00404 secs)
2025-04-21 23:31:46,909 [DEBUG]  OP: Operation.SPLIT_COLUMNS on slice (77, 11) (remaining tasks 45)
2025-04-21 23:31:47,125 [DEBUG]  		found 1 col clusters (in 0.21588 secs)
2025-04-21 23:31:47,125 [DEBUG]  OP: Operation.SPLIT_COLUMNS on slice (78, 11) (remaining tasks 45)
2025-04-21 23:31:47,342 [DEBUG]  		found 1 col clusters (in 0.21687 secs)
2025-04-21 23:31:47,343 [DEBUG]  OP: Operation.NAIVE_FACTORIZATION on slice (62, 11) (remaining tasks 45)
2025-04-21 23:31:47,347 [DEBUG]  		naive factorization 11 columns (in 0.00396 secs)
2025-04-21 23:31:47,348 [DEBUG]  OP: Operation.NAIVE_FACTORIZATION on slice (36, 11) (remaining tasks 44)
2025-04-21 23:31:47,352 [DEBUG]  		naive factorization 11 columns (in 0.00396 secs)
2025-04-21 23:31:47,352 [DEBUG]  OP: Operation.NAIVE_FACTORIZATION on slice (70, 11) (remaining tasks 43)
2025-04-21 23:31:47,357 [DEBUG]  		naive factorization 11 columns (in 0.00464 secs)
2025-04-21 23:31:47,358 [DEBUG]  OP: Operation.NAIVE_FACTORIZATION on slice (46, 11) (remaining tasks 42)
2025-04-21 23:31:47,362 [DEBUG]  		naive factorization 11 columns (in 0.00388 secs)
2025-04-21 23:31:47,362 [DEBUG]  OP: Operation.NAIVE_FACTORIZATION on slice (49, 11) (remaining tasks 41)
2025-04-21 23:31:47,366 [DEBUG]  		naive factorization 11 columns (in 0.00390 secs)
2025-04-21 23:31:47,367 [DEBUG]  OP: Operation.NAIVE_FACTORIZATION on slice (36, 11) (remaining tasks 40)
2025-04-21 23:31:47,371 [DEBUG]  		naive factorization 11 columns (in 0.00408 secs)
2025-04-21 23:31:47,372 [DEBUG]  OP: Operation.NAIVE_FACTORIZATION on slice (44, 11) (remaining tasks 39)
2025-04-21 23:31:47,376 [DEBUG]  		naive factorization 11 columns (in 0.00383 secs)
2025-04-21 23:31:47,376 [DEBUG]  OP: Operation.NAIVE_FACTORIZATION on slice (11, 11) (remaining tasks 38)
2025-04-21 23:31:47,380 [DEBUG]  		naive factorization 11 columns (in 0.00345 secs)
2025-04-21 23:31:47,380 [DEBUG]  OP: Operation.SPLIT_COLUMNS on slice (84, 11) (remaining tasks 37)
2025-04-21 23:31:47,606 [DEBUG]  		found 1 col clusters (in 0.22572 secs)
2025-04-21 23:31:47,607 [DEBUG]  OP: Operation.NAIVE_FACTORIZATION on slice (57, 11) (remaining tasks 37)
2025-04-21 23:31:47,611 [DEBUG]  		naive factorization 11 columns (in 0.00421 secs)
2025-04-21 23:31:47,612 [DEBUG]  OP: Operation.NAIVE_FACTORIZATION on slice (42, 11) (remaining tasks 36)
2025-04-21 23:31:47,616 [DEBUG]  		naive factorization 11 columns (in 0.00383 secs)
2025-04-21 23:31:47,616 [DEBUG]  OP: Operation.NAIVE_FACTORIZATION on slice (66, 11) (remaining tasks 35)
2025-04-21 23:31:47,622 [DEBUG]  		naive factorization 11 columns (in 0.00497 secs)
2025-04-21 23:31:47,622 [DEBUG]  OP: Operation.NAIVE_FACTORIZATION on slice (41, 11) (remaining tasks 34)
2025-04-21 23:31:47,626 [DEBUG]  		naive factorization 11 columns (in 0.00377 secs)
2025-04-21 23:31:47,627 [DEBUG]  OP: Operation.NAIVE_FACTORIZATION on slice (71, 11) (remaining tasks 33)
2025-04-21 23:31:47,631 [DEBUG]  		naive factorization 11 columns (in 0.00407 secs)
2025-04-21 23:31:47,631 [DEBUG]  OP: Operation.NAIVE_FACTORIZATION on slice (41, 11) (remaining tasks 32)
2025-04-21 23:31:47,635 [DEBUG]  		naive factorization 11 columns (in 0.00369 secs)
2025-04-21 23:31:47,636 [DEBUG]  OP: Operation.SPLIT_COLUMNS on slice (75, 11) (remaining tasks 31)
2025-04-21 23:31:47,963 [DEBUG]  		found 1 col clusters (in 0.32750 secs)
2025-04-21 23:31:47,964 [DEBUG]  OP: Operation.NAIVE_FACTORIZATION on slice (39, 11) (remaining tasks 31)
2025-04-21 23:31:47,969 [DEBUG]  		naive factorization 11 columns (in 0.00438 secs)
2025-04-21 23:31:47,969 [DEBUG]  OP: Operation.SPLIT_COLUMNS on slice (82, 11) (remaining tasks 30)
2025-04-21 23:31:48,296 [DEBUG]  		found 1 col clusters (in 0.32641 secs)
2025-04-21 23:31:48,296 [DEBUG]  OP: Operation.NAIVE_FACTORIZATION on slice (42, 11) (remaining tasks 30)
2025-04-21 23:31:48,300 [DEBUG]  		naive factorization 11 columns (in 0.00389 secs)
2025-04-21 23:31:48,301 [DEBUG]  OP: Operation.SPLIT_COLUMNS on slice (144, 11) (remaining tasks 29)
2025-04-21 23:31:48,632 [DEBUG]  		found 1 col clusters (in 0.33062 secs)
2025-04-21 23:31:48,632 [DEBUG]  OP: Operation.SPLIT_COLUMNS on slice (114, 11) (remaining tasks 29)
2025-04-21 23:31:48,875 [DEBUG]  		found 1 col clusters (in 0.24286 secs)
2025-04-21 23:31:48,876 [DEBUG]  OP: Operation.NAIVE_FACTORIZATION on slice (61, 11) (remaining tasks 29)
2025-04-21 23:31:48,881 [DEBUG]  		naive factorization 11 columns (in 0.00481 secs)
2025-04-21 23:31:48,881 [DEBUG]  OP: Operation.SPLIT_COLUMNS on slice (125, 11) (remaining tasks 28)
2025-04-21 23:31:49,098 [DEBUG]  		found 1 col clusters (in 0.21700 secs)
2025-04-21 23:31:49,099 [DEBUG]  OP: Operation.SPLIT_COLUMNS on slice (89, 11) (remaining tasks 28)
2025-04-21 23:31:49,317 [DEBUG]  		found 1 col clusters (in 0.21813 secs)
2025-04-21 23:31:49,318 [DEBUG]  OP: Operation.NAIVE_FACTORIZATION on slice (28, 11) (remaining tasks 28)
2025-04-21 23:31:49,322 [DEBUG]  		naive factorization 11 columns (in 0.00429 secs)
2025-04-21 23:31:49,323 [DEBUG]  OP: Operation.SPLIT_COLUMNS on slice (85, 11) (remaining tasks 27)
2025-04-21 23:31:49,543 [DEBUG]  		found 1 col clusters (in 0.22050 secs)
2025-04-21 23:31:49,544 [DEBUG]  OP: Operation.NAIVE_FACTORIZATION on slice (15, 11) (remaining tasks 27)
2025-04-21 23:31:49,547 [DEBUG]  		naive factorization 11 columns (in 0.00344 secs)
2025-04-21 23:31:49,548 [DEBUG]  OP: Operation.SPLIT_COLUMNS on slice (77, 11) (remaining tasks 26)
2025-04-21 23:31:49,764 [DEBUG]  		found 1 col clusters (in 0.21623 secs)
2025-04-21 23:31:49,765 [DEBUG]  OP: Operation.NAIVE_FACTORIZATION on slice (50, 11) (remaining tasks 26)
2025-04-21 23:31:49,769 [DEBUG]  		naive factorization 11 columns (in 0.00444 secs)
2025-04-21 23:31:49,770 [DEBUG]  OP: Operation.NAIVE_FACTORIZATION on slice (56, 11) (remaining tasks 25)
2025-04-21 23:31:49,774 [DEBUG]  		naive factorization 11 columns (in 0.00437 secs)
2025-04-21 23:31:49,775 [DEBUG]  OP: Operation.SPLIT_COLUMNS on slice (133, 11) (remaining tasks 24)
2025-04-21 23:31:50,096 [DEBUG]  		found 1 col clusters (in 0.32075 secs)
2025-04-21 23:31:50,096 [DEBUG]  OP: Operation.NAIVE_FACTORIZATION on slice (35, 11) (remaining tasks 24)
2025-04-21 23:31:50,100 [DEBUG]  		naive factorization 11 columns (in 0.00381 secs)
2025-04-21 23:31:50,101 [DEBUG]  OP: Operation.NAIVE_FACTORIZATION on slice (47, 11) (remaining tasks 23)
2025-04-21 23:31:50,105 [DEBUG]  		naive factorization 11 columns (in 0.00434 secs)
2025-04-21 23:31:50,105 [DEBUG]  OP: Operation.SPLIT_COLUMNS on slice (85, 11) (remaining tasks 22)
2025-04-21 23:31:50,340 [DEBUG]  		found 1 col clusters (in 0.23388 secs)
2025-04-21 23:31:50,340 [DEBUG]  OP: Operation.NAIVE_FACTORIZATION on slice (33, 11) (remaining tasks 22)
2025-04-21 23:31:50,343 [DEBUG]  		naive factorization 11 columns (in 0.00324 secs)
2025-04-21 23:31:50,344 [DEBUG]  OP: Operation.NAIVE_FACTORIZATION on slice (28, 11) (remaining tasks 21)
2025-04-21 23:31:50,348 [DEBUG]  		naive factorization 11 columns (in 0.00365 secs)
2025-04-21 23:31:50,348 [DEBUG]  OP: Operation.NAIVE_FACTORIZATION on slice (61, 11) (remaining tasks 20)
2025-04-21 23:31:50,354 [DEBUG]  		naive factorization 11 columns (in 0.00500 secs)
2025-04-21 23:31:50,354 [DEBUG]  OP: Operation.SPLIT_COLUMNS on slice (92, 11) (remaining tasks 19)
2025-04-21 23:31:50,572 [DEBUG]  		found 1 col clusters (in 0.21767 secs)
2025-04-21 23:31:50,572 [DEBUG]  OP: Operation.NAIVE_FACTORIZATION on slice (25, 11) (remaining tasks 19)
2025-04-21 23:31:50,577 [DEBUG]  		naive factorization 11 columns (in 0.00490 secs)
2025-04-21 23:31:50,578 [DEBUG]  OP: Operation.SPLIT_ROWS on slice (110, 11) (remaining tasks 18)
2025-04-21 23:31:50,624 [DEBUG]  		found 2 row clusters (in 0.04542 secs)
2025-04-21 23:31:50,624 [DEBUG]  OP: Operation.SPLIT_ROWS on slice (74, 11) (remaining tasks 19)
2025-04-21 23:31:50,651 [DEBUG]  		found 2 row clusters (in 0.02708 secs)
2025-04-21 23:31:50,652 [DEBUG]  OP: Operation.SPLIT_ROWS on slice (110, 11) (remaining tasks 20)
2025-04-21 23:31:50,685 [DEBUG]  		found 2 row clusters (in 0.03320 secs)
2025-04-21 23:31:50,685 [DEBUG]  OP: Operation.SPLIT_ROWS on slice (117, 11) (remaining tasks 21)
2025-04-21 23:31:50,712 [DEBUG]  		found 2 row clusters (in 0.02692 secs)
2025-04-21 23:31:50,712 [DEBUG]  OP: Operation.SPLIT_ROWS on slice (94, 11) (remaining tasks 22)
2025-04-21 23:31:50,731 [DEBUG]  		found 2 row clusters (in 0.01811 secs)
2025-04-21 23:31:50,731 [DEBUG]  OP: Operation.SPLIT_ROWS on slice (77, 11) (remaining tasks 23)
2025-04-21 23:31:50,750 [DEBUG]  		found 2 row clusters (in 0.01959 secs)
2025-04-21 23:31:50,751 [DEBUG]  OP: Operation.SPLIT_ROWS on slice (78, 11) (remaining tasks 24)
2025-04-21 23:31:50,769 [DEBUG]  		found 2 row clusters (in 0.01869 secs)
2025-04-21 23:31:50,770 [DEBUG]  OP: Operation.SPLIT_ROWS on slice (84, 11) (remaining tasks 25)
2025-04-21 23:31:50,786 [DEBUG]  		found 2 row clusters (in 0.01642 secs)
2025-04-21 23:31:50,786 [DEBUG]  OP: Operation.SPLIT_ROWS on slice (75, 11) (remaining tasks 26)
2025-04-21 23:31:50,804 [DEBUG]  		found 2 row clusters (in 0.01750 secs)
2025-04-21 23:31:50,804 [DEBUG]  OP: Operation.SPLIT_ROWS on slice (82, 11) (remaining tasks 27)
2025-04-21 23:31:50,822 [DEBUG]  		found 2 row clusters (in 0.01796 secs)
2025-04-21 23:31:50,822 [DEBUG]  OP: Operation.SPLIT_ROWS on slice (144, 11) (remaining tasks 28)
2025-04-21 23:31:50,847 [DEBUG]  		found 2 row clusters (in 0.02491 secs)
2025-04-21 23:31:50,847 [DEBUG]  OP: Operation.SPLIT_ROWS on slice (114, 11) (remaining tasks 29)
2025-04-21 23:31:50,864 [DEBUG]  		found 2 row clusters (in 0.01660 secs)
2025-04-21 23:31:50,864 [DEBUG]  OP: Operation.SPLIT_ROWS on slice (125, 11) (remaining tasks 30)
2025-04-21 23:31:50,884 [DEBUG]  		found 2 row clusters (in 0.01979 secs)
2025-04-21 23:31:50,884 [DEBUG]  OP: Operation.SPLIT_ROWS on slice (89, 11) (remaining tasks 31)
2025-04-21 23:31:50,904 [DEBUG]  		found 2 row clusters (in 0.01948 secs)
2025-04-21 23:31:50,904 [DEBUG]  OP: Operation.SPLIT_ROWS on slice (85, 11) (remaining tasks 32)
2025-04-21 23:31:50,922 [DEBUG]  		found 2 row clusters (in 0.01780 secs)
2025-04-21 23:31:50,922 [DEBUG]  OP: Operation.SPLIT_ROWS on slice (77, 11) (remaining tasks 33)
2025-04-21 23:31:50,941 [DEBUG]  		found 2 row clusters (in 0.01850 secs)
2025-04-21 23:31:50,941 [DEBUG]  OP: Operation.SPLIT_ROWS on slice (133, 11) (remaining tasks 34)
2025-04-21 23:31:50,962 [DEBUG]  		found 2 row clusters (in 0.02065 secs)
2025-04-21 23:31:50,962 [DEBUG]  OP: Operation.SPLIT_ROWS on slice (85, 11) (remaining tasks 35)
2025-04-21 23:31:50,980 [DEBUG]  		found 2 row clusters (in 0.01794 secs)
2025-04-21 23:31:50,980 [DEBUG]  OP: Operation.SPLIT_ROWS on slice (92, 11) (remaining tasks 36)
2025-04-21 23:31:50,997 [DEBUG]  		found 2 row clusters (in 0.01741 secs)
2025-04-21 23:31:50,998 [DEBUG]  OP: Operation.NAIVE_FACTORIZATION on slice (55, 11) (remaining tasks 37)
2025-04-21 23:31:51,001 [DEBUG]  		naive factorization 11 columns (in 0.00383 secs)
2025-04-21 23:31:51,002 [DEBUG]  OP: Operation.NAIVE_FACTORIZATION on slice (55, 11) (remaining tasks 36)
2025-04-21 23:31:51,006 [DEBUG]  		naive factorization 11 columns (in 0.00423 secs)
2025-04-21 23:31:51,006 [DEBUG]  OP: Operation.NAIVE_FACTORIZATION on slice (34, 11) (remaining tasks 35)
2025-04-21 23:31:51,011 [DEBUG]  		naive factorization 11 columns (in 0.00435 secs)
2025-04-21 23:31:51,011 [DEBUG]  OP: Operation.NAIVE_FACTORIZATION on slice (40, 11) (remaining tasks 34)
2025-04-21 23:31:51,015 [DEBUG]  		naive factorization 11 columns (in 0.00427 secs)
2025-04-21 23:31:51,015 [DEBUG]  OP: Operation.NAIVE_FACTORIZATION on slice (50, 11) (remaining tasks 33)
2025-04-21 23:31:51,020 [DEBUG]  		naive factorization 11 columns (in 0.00404 secs)
2025-04-21 23:31:51,020 [DEBUG]  OP: Operation.NAIVE_FACTORIZATION on slice (60, 11) (remaining tasks 32)
2025-04-21 23:31:51,025 [DEBUG]  		naive factorization 11 columns (in 0.00479 secs)
2025-04-21 23:31:51,025 [DEBUG]  OP: Operation.NAIVE_FACTORIZATION on slice (38, 11) (remaining tasks 31)
2025-04-21 23:31:51,030 [DEBUG]  		naive factorization 11 columns (in 0.00447 secs)
2025-04-21 23:31:51,030 [DEBUG]  OP: Operation.SPLIT_COLUMNS on slice (79, 11) (remaining tasks 30)
2025-04-21 23:31:51,244 [DEBUG]  		found 1 col clusters (in 0.21425 secs)
2025-04-21 23:31:51,245 [DEBUG]  OP: Operation.NAIVE_FACTORIZATION on slice (29, 11) (remaining tasks 30)
2025-04-21 23:31:51,249 [DEBUG]  		naive factorization 11 columns (in 0.00460 secs)
2025-04-21 23:31:51,250 [DEBUG]  OP: Operation.NAIVE_FACTORIZATION on slice (65, 11) (remaining tasks 29)
2025-04-21 23:31:51,254 [DEBUG]  		naive factorization 11 columns (in 0.00383 secs)
2025-04-21 23:31:51,254 [DEBUG]  OP: Operation.NAIVE_FACTORIZATION on slice (29, 11) (remaining tasks 28)
2025-04-21 23:31:51,259 [DEBUG]  		naive factorization 11 columns (in 0.00443 secs)
2025-04-21 23:31:51,260 [DEBUG]  OP: Operation.NAIVE_FACTORIZATION on slice (48, 11) (remaining tasks 27)
2025-04-21 23:31:51,265 [DEBUG]  		naive factorization 11 columns (in 0.00532 secs)
2025-04-21 23:31:51,266 [DEBUG]  OP: Operation.NAIVE_FACTORIZATION on slice (36, 11) (remaining tasks 26)
2025-04-21 23:31:51,270 [DEBUG]  		naive factorization 11 columns (in 0.00377 secs)
2025-04-21 23:31:51,270 [DEBUG]  OP: Operation.NAIVE_FACTORIZATION on slice (42, 11) (remaining tasks 25)
2025-04-21 23:31:51,275 [DEBUG]  		naive factorization 11 columns (in 0.00471 secs)
2025-04-21 23:31:51,275 [DEBUG]  OP: Operation.NAIVE_FACTORIZATION on slice (37, 11) (remaining tasks 24)
2025-04-21 23:31:51,280 [DEBUG]  		naive factorization 11 columns (in 0.00408 secs)
2025-04-21 23:31:51,280 [DEBUG]  OP: Operation.NAIVE_FACTORIZATION on slice (47, 11) (remaining tasks 23)
2025-04-21 23:31:51,284 [DEBUG]  		naive factorization 11 columns (in 0.00399 secs)
2025-04-21 23:31:51,285 [DEBUG]  OP: Operation.NAIVE_FACTORIZATION on slice (44, 11) (remaining tasks 22)
2025-04-21 23:31:51,290 [DEBUG]  		naive factorization 11 columns (in 0.00469 secs)
2025-04-21 23:31:51,290 [DEBUG]  OP: Operation.NAIVE_FACTORIZATION on slice (31, 11) (remaining tasks 21)
2025-04-21 23:31:51,294 [DEBUG]  		naive factorization 11 columns (in 0.00382 secs)
2025-04-21 23:31:51,295 [DEBUG]  OP: Operation.NAIVE_FACTORIZATION on slice (71, 11) (remaining tasks 20)
2025-04-21 23:31:51,300 [DEBUG]  		naive factorization 11 columns (in 0.00485 secs)
2025-04-21 23:31:51,301 [DEBUG]  OP: Operation.NAIVE_FACTORIZATION on slice (11, 11) (remaining tasks 19)
2025-04-21 23:31:51,305 [DEBUG]  		naive factorization 11 columns (in 0.00409 secs)
2025-04-21 23:31:51,305 [DEBUG]  OP: Operation.SPLIT_COLUMNS on slice (75, 11) (remaining tasks 18)
2025-04-21 23:31:51,531 [DEBUG]  		found 1 col clusters (in 0.22499 secs)
2025-04-21 23:31:51,531 [DEBUG]  OP: Operation.NAIVE_FACTORIZATION on slice (69, 11) (remaining tasks 18)
2025-04-21 23:31:51,535 [DEBUG]  		naive factorization 11 columns (in 0.00412 secs)
2025-04-21 23:31:51,536 [DEBUG]  OP: Operation.NAIVE_FACTORIZATION on slice (41, 11) (remaining tasks 17)
2025-04-21 23:31:51,541 [DEBUG]  		naive factorization 11 columns (in 0.00446 secs)
2025-04-21 23:31:51,541 [DEBUG]  OP: Operation.NAIVE_FACTORIZATION on slice (73, 11) (remaining tasks 16)
2025-04-21 23:31:51,545 [DEBUG]  		naive factorization 11 columns (in 0.00398 secs)
2025-04-21 23:31:51,546 [DEBUG]  OP: Operation.NAIVE_FACTORIZATION on slice (61, 11) (remaining tasks 15)
2025-04-21 23:31:51,551 [DEBUG]  		naive factorization 11 columns (in 0.00472 secs)
2025-04-21 23:31:51,551 [DEBUG]  OP: Operation.NAIVE_FACTORIZATION on slice (64, 11) (remaining tasks 14)
2025-04-21 23:31:51,556 [DEBUG]  		naive factorization 11 columns (in 0.00478 secs)
2025-04-21 23:31:51,557 [DEBUG]  OP: Operation.NAIVE_FACTORIZATION on slice (37, 11) (remaining tasks 13)
2025-04-21 23:31:51,560 [DEBUG]  		naive factorization 11 columns (in 0.00367 secs)
2025-04-21 23:31:51,561 [DEBUG]  OP: Operation.NAIVE_FACTORIZATION on slice (52, 11) (remaining tasks 12)
2025-04-21 23:31:51,565 [DEBUG]  		naive factorization 11 columns (in 0.00434 secs)
2025-04-21 23:31:51,566 [DEBUG]  OP: Operation.NAIVE_FACTORIZATION on slice (55, 11) (remaining tasks 11)
2025-04-21 23:31:51,571 [DEBUG]  		naive factorization 11 columns (in 0.00474 secs)
2025-04-21 23:31:51,571 [DEBUG]  OP: Operation.NAIVE_FACTORIZATION on slice (30, 11) (remaining tasks 10)
2025-04-21 23:31:51,575 [DEBUG]  		naive factorization 11 columns (in 0.00357 secs)
2025-04-21 23:31:51,576 [DEBUG]  OP: Operation.NAIVE_FACTORIZATION on slice (47, 11) (remaining tasks 9)
2025-04-21 23:31:51,580 [DEBUG]  		naive factorization 11 columns (in 0.00434 secs)
2025-04-21 23:31:51,581 [DEBUG]  OP: Operation.NAIVE_FACTORIZATION on slice (30, 11) (remaining tasks 8)
2025-04-21 23:31:51,585 [DEBUG]  		naive factorization 11 columns (in 0.00353 secs)
2025-04-21 23:31:51,585 [DEBUG]  OP: Operation.NAIVE_FACTORIZATION on slice (54, 11) (remaining tasks 7)
2025-04-21 23:31:51,589 [DEBUG]  		naive factorization 11 columns (in 0.00381 secs)
2025-04-21 23:31:51,590 [DEBUG]  OP: Operation.SPLIT_COLUMNS on slice (79, 11) (remaining tasks 6)
2025-04-21 23:31:51,820 [DEBUG]  		found 1 col clusters (in 0.23025 secs)
2025-04-21 23:31:51,820 [DEBUG]  OP: Operation.NAIVE_FACTORIZATION on slice (44, 11) (remaining tasks 6)
2025-04-21 23:31:51,825 [DEBUG]  		naive factorization 11 columns (in 0.00437 secs)
2025-04-21 23:31:51,826 [DEBUG]  OP: Operation.NAIVE_FACTORIZATION on slice (41, 11) (remaining tasks 5)
2025-04-21 23:31:51,830 [DEBUG]  		naive factorization 11 columns (in 0.00457 secs)
2025-04-21 23:31:51,831 [DEBUG]  OP: Operation.NAIVE_FACTORIZATION on slice (53, 11) (remaining tasks 4)
2025-04-21 23:31:51,836 [DEBUG]  		naive factorization 11 columns (in 0.00445 secs)
2025-04-21 23:31:51,836 [DEBUG]  OP: Operation.NAIVE_FACTORIZATION on slice (39, 11) (remaining tasks 3)
2025-04-21 23:31:51,841 [DEBUG]  		naive factorization 11 columns (in 0.00453 secs)
2025-04-21 23:31:51,842 [DEBUG]  OP: Operation.SPLIT_ROWS on slice (79, 11) (remaining tasks 2)
2025-04-21 23:31:51,889 [DEBUG]  		found 2 row clusters (in 0.04716 secs)
2025-04-21 23:31:51,889 [DEBUG]  OP: Operation.SPLIT_ROWS on slice (75, 11) (remaining tasks 3)
2025-04-21 23:31:51,922 [DEBUG]  		found 2 row clusters (in 0.03278 secs)
2025-04-21 23:31:51,923 [DEBUG]  OP: Operation.SPLIT_ROWS on slice (79, 11) (remaining tasks 4)
2025-04-21 23:31:51,954 [DEBUG]  		found 2 row clusters (in 0.03151 secs)
2025-04-21 23:31:51,954 [DEBUG]  OP: Operation.NAIVE_FACTORIZATION on slice (38, 11) (remaining tasks 5)
2025-04-21 23:31:51,958 [DEBUG]  		naive factorization 11 columns (in 0.00339 secs)
2025-04-21 23:31:51,958 [DEBUG]  OP: Operation.NAIVE_FACTORIZATION on slice (41, 11) (remaining tasks 4)
2025-04-21 23:31:51,961 [DEBUG]  		naive factorization 11 columns (in 0.00298 secs)
2025-04-21 23:31:51,962 [DEBUG]  OP: Operation.NAIVE_FACTORIZATION on slice (46, 11) (remaining tasks 3)
2025-04-21 23:31:51,965 [DEBUG]  		naive factorization 11 columns (in 0.00344 secs)
2025-04-21 23:31:51,966 [DEBUG]  OP: Operation.NAIVE_FACTORIZATION on slice (29, 11) (remaining tasks 2)
2025-04-21 23:31:51,969 [DEBUG]  		naive factorization 11 columns (in 0.00327 secs)
2025-04-21 23:31:51,969 [DEBUG]  OP: Operation.NAIVE_FACTORIZATION on slice (31, 11) (remaining tasks 1)
2025-04-21 23:31:51,972 [DEBUG]  		naive factorization 11 columns (in 0.00285 secs)
2025-04-21 23:31:51,973 [DEBUG]  OP: Operation.NAIVE_FACTORIZATION on slice (48, 11) (remaining tasks 0)
2025-04-21 23:31:51,976 [DEBUG]  		naive factorization 11 columns (in 0.00315 secs)
2025-04-21 23:31:53,188 [DEBUG]  Built SPN in 152.08469218499886 sec
2025-04-21 23:31:53,188 [INFO ]  Saving ensemble to /home/dafn/card/deepcard/collected_temp_benchmarks/spn_ensembles/Gas Turbine CO and NOx Emission Data Set/ensemble_single_gt_2015_10000000.pkl
