2025-04-16 16:30:31,816 [INFO ]  Generating HDF files for tables in /home/dafn/card/deepcard/collected_datasets/Gas Turbine CO and NOx Emission Data Set and store to path /home/dafn/card/deepcard/collected_temp_benchmarks/gen_single_light/Gas Turbine CO and NOx Emission Data Set
2025-04-16 16:30:31,816 [INFO ]  Preparing hdf file for table gt_2014
2025-04-16 16:30:31,829 [INFO ]  Managing functional dependencies for table gt_2014
2025-04-16 16:30:31,830 [INFO ]  Preparing multipliers for table gt_2014
2025-04-16 16:30:31,830 [INFO ]  Preparing categorical values and null values for table gt_2014
2025-04-16 16:30:31,830 [DEBUG]  		Preparing numerical values for column f1
2025-04-16 16:30:31,831 [DEBUG]  		Preparing numerical values for column f2
2025-04-16 16:30:31,833 [DEBUG]  		Preparing numerical values for column f3
2025-04-16 16:30:31,834 [DEBUG]  		Preparing numerical values for column f4
2025-04-16 16:30:31,835 [DEBUG]  		Preparing numerical values for column f5
2025-04-16 16:30:31,836 [DEBUG]  		Preparing numerical values for column f6
2025-04-16 16:30:31,837 [DEBUG]  		Preparing numerical values for column f7
2025-04-16 16:30:31,838 [DEBUG]  		Preparing numerical values for column f8
2025-04-16 16:30:31,839 [DEBUG]  		Preparing numerical values for column f9
2025-04-16 16:30:31,840 [DEBUG]  		Preparing numerical values for column f10
2025-04-16 16:30:31,841 [DEBUG]  		Preparing numerical values for column f11
2025-04-16 16:30:31,842 [INFO ]  Relevant attributes for table gt_2014 are ['f1', 'f2', 'f3', 'f4', 'f5', 'f6', 'f7', 'f8', 'f9', 'f10', 'f11']
2025-04-16 16:30:31,842 [INFO ]  NULL values for table gt_2014 are [18.217170592344228, 1012.3843609667505, 82.14402581726742, 3.9145994551550714, 25.74209343392009, 1078.836953869796, 547.6383537021514, 132.90807848561053, 12.023957404302877, 2.0812026312517466, 60.066985861972626]
2025-04-16 16:30:31,874 [INFO ]  Adding table parts without join partners for table gt_2014
2025-04-16 16:30:31,874 [INFO ]  Files successfully created
