2025-04-21 22:37:25,269 [INFO ]  Creating naive ensemble.
2025-04-21 22:37:25,269 [INFO ]  Learning SPN for gt_2012.
2025-04-21 22:37:25,269 [DEBUG]  generate_join_sample(single_table=gt_2012, relationship_list=None, split_condition=None)
2025-04-21 22:37:25,296 [DEBUG]  Using min_instance_slice parameter 76.28.
2025-04-21 22:37:25,296 [INFO ]  SPN training phase with 7628 samples
2025-04-21 22:37:25,302 [DEBUG]  Built domains in 0.005882875000679633 sec
2025-04-21 22:37:25,653 [DEBUG]  CACHEDIR=/home/dafn/.cache/matplotlib
2025-04-21 22:37:25,655 [DEBUG]  Using fontManager instance from /home/dafn/.cache/matplotlib/fontlist-v300.json
2025-04-21 22:37:25,748 [DEBUG]  Loaded backend qt5agg version unknown.
2025-04-21 22:37:25,778 [DEBUG]  Loaded backend qt5agg version unknown.
2025-04-21 22:37:25,778 [DEBUG]  Loaded backend qt4agg version unknown.
2025-04-21 22:37:25,785 [DEBUG]  Loaded backend tkagg version unknown.
2025-04-21 22:37:25,786 [DEBUG]  Loaded backend agg version unknown.
2025-04-21 22:37:25,786 [DEBUG]  Loaded backend agg version unknown.
2025-04-21 22:37:25,789 [DEBUG]  OP: Operation.SPLIT_ROWS on slice (7628, 11) (remaining tasks 0)
2025-04-21 22:37:25,871 [DEBUG]  		found 2 row clusters (in 0.08156 secs)
2025-04-21 22:37:25,872 [DEBUG]  OP: Operation.SPLIT_COLUMNS on slice (5748, 11) (remaining tasks 1)
2025-04-21 22:37:27,687 [DEBUG]  		found 1 col clusters (in 1.81555 secs)
2025-04-21 22:37:27,688 [DEBUG]  OP: Operation.SPLIT_COLUMNS on slice (1880, 11) (remaining tasks 1)
2025-04-21 22:37:33,352 [DEBUG]  		found 1 col clusters (in 5.66330 secs)
2025-04-21 22:37:33,353 [DEBUG]  OP: Operation.SPLIT_ROWS on slice (5748, 11) (remaining tasks 1)
2025-04-21 22:37:33,510 [DEBUG]  		found 2 row clusters (in 0.15666 secs)
2025-04-21 22:37:33,510 [DEBUG]  OP: Operation.SPLIT_ROWS on slice (1880, 11) (remaining tasks 2)
2025-04-21 22:37:33,555 [DEBUG]  		found 2 row clusters (in 0.04463 secs)
2025-04-21 22:37:33,555 [DEBUG]  OP: Operation.SPLIT_COLUMNS on slice (1210, 11) (remaining tasks 3)
2025-04-21 22:37:36,382 [DEBUG]  		found 1 col clusters (in 2.82595 secs)
2025-04-21 22:37:36,383 [DEBUG]  OP: Operation.SPLIT_COLUMNS on slice (4538, 11) (remaining tasks 3)
2025-04-21 22:37:38,842 [DEBUG]  		found 1 col clusters (in 2.45820 secs)
2025-04-21 22:37:38,843 [DEBUG]  OP: Operation.SPLIT_COLUMNS on slice (1406, 11) (remaining tasks 3)
2025-04-21 22:37:42,001 [DEBUG]  		found 1 col clusters (in 3.15766 secs)
2025-04-21 22:37:42,001 [DEBUG]  OP: Operation.SPLIT_COLUMNS on slice (474, 11) (remaining tasks 3)
2025-04-21 22:37:44,195 [DEBUG]  		found 1 col clusters (in 2.19343 secs)
2025-04-21 22:37:44,196 [DEBUG]  OP: Operation.SPLIT_ROWS on slice (1210, 11) (remaining tasks 3)
2025-04-21 22:37:44,308 [DEBUG]  		found 2 row clusters (in 0.11202 secs)
2025-04-21 22:37:44,309 [DEBUG]  OP: Operation.SPLIT_ROWS on slice (4538, 11) (remaining tasks 4)
2025-04-21 22:37:44,396 [DEBUG]  		found 2 row clusters (in 0.08691 secs)
2025-04-21 22:37:44,397 [DEBUG]  OP: Operation.SPLIT_ROWS on slice (1406, 11) (remaining tasks 5)
2025-04-21 22:37:44,449 [DEBUG]  		found 2 row clusters (in 0.05200 secs)
2025-04-21 22:37:44,449 [DEBUG]  OP: Operation.SPLIT_ROWS on slice (474, 11) (remaining tasks 6)
2025-04-21 22:37:44,494 [DEBUG]  		found 2 row clusters (in 0.04450 secs)
2025-04-21 22:37:44,494 [DEBUG]  OP: Operation.SPLIT_COLUMNS on slice (506, 11) (remaining tasks 7)
2025-04-21 22:37:46,027 [DEBUG]  		found 1 col clusters (in 1.53323 secs)
2025-04-21 22:37:46,028 [DEBUG]  OP: Operation.SPLIT_COLUMNS on slice (704, 11) (remaining tasks 7)
2025-04-21 22:37:46,931 [DEBUG]  		found 1 col clusters (in 0.90318 secs)
2025-04-21 22:37:46,932 [DEBUG]  OP: Operation.SPLIT_COLUMNS on slice (1861, 11) (remaining tasks 7)
2025-04-21 22:37:52,557 [DEBUG]  		found 1 col clusters (in 5.62439 secs)
2025-04-21 22:37:52,558 [DEBUG]  OP: Operation.SPLIT_COLUMNS on slice (2677, 11) (remaining tasks 7)
2025-04-21 22:37:58,550 [DEBUG]  		found 1 col clusters (in 5.99166 secs)
2025-04-21 22:37:58,550 [DEBUG]  OP: Operation.SPLIT_COLUMNS on slice (1019, 11) (remaining tasks 7)
2025-04-21 22:38:01,723 [DEBUG]  		found 1 col clusters (in 3.17243 secs)
2025-04-21 22:38:01,724 [DEBUG]  OP: Operation.SPLIT_COLUMNS on slice (387, 11) (remaining tasks 7)
2025-04-21 22:38:03,911 [DEBUG]  		found 1 col clusters (in 2.18753 secs)
2025-04-21 22:38:03,912 [DEBUG]  OP: Operation.SPLIT_COLUMNS on slice (287, 11) (remaining tasks 7)
2025-04-21 22:38:05,673 [DEBUG]  		found 1 col clusters (in 1.76148 secs)
2025-04-21 22:38:05,674 [DEBUG]  OP: Operation.SPLIT_COLUMNS on slice (187, 11) (remaining tasks 7)
2025-04-21 22:38:06,015 [DEBUG]  		found 1 col clusters (in 0.34077 secs)
2025-04-21 22:38:06,015 [DEBUG]  OP: Operation.SPLIT_ROWS on slice (506, 11) (remaining tasks 7)
2025-04-21 22:38:06,067 [DEBUG]  		found 2 row clusters (in 0.05139 secs)
2025-04-21 22:38:06,067 [DEBUG]  OP: Operation.SPLIT_ROWS on slice (704, 11) (remaining tasks 8)
2025-04-21 22:38:06,116 [DEBUG]  		found 2 row clusters (in 0.04908 secs)
2025-04-21 22:38:06,117 [DEBUG]  OP: Operation.SPLIT_ROWS on slice (1861, 11) (remaining tasks 9)
2025-04-21 22:38:06,162 [DEBUG]  		found 2 row clusters (in 0.04461 secs)
2025-04-21 22:38:06,162 [DEBUG]  OP: Operation.SPLIT_ROWS on slice (2677, 11) (remaining tasks 10)
2025-04-21 22:38:06,219 [DEBUG]  		found 2 row clusters (in 0.05685 secs)
2025-04-21 22:38:06,219 [DEBUG]  OP: Operation.SPLIT_ROWS on slice (1019, 11) (remaining tasks 11)
2025-04-21 22:38:06,254 [DEBUG]  		found 2 row clusters (in 0.03432 secs)
2025-04-21 22:38:06,254 [DEBUG]  OP: Operation.SPLIT_ROWS on slice (387, 11) (remaining tasks 12)
2025-04-21 22:38:06,282 [DEBUG]  		found 2 row clusters (in 0.02844 secs)
2025-04-21 22:38:06,283 [DEBUG]  OP: Operation.SPLIT_ROWS on slice (287, 11) (remaining tasks 13)
2025-04-21 22:38:06,310 [DEBUG]  		found 2 row clusters (in 0.02761 secs)
2025-04-21 22:38:06,311 [DEBUG]  OP: Operation.SPLIT_ROWS on slice (187, 11) (remaining tasks 14)
2025-04-21 22:38:06,330 [DEBUG]  		found 2 row clusters (in 0.01914 secs)
2025-04-21 22:38:06,330 [DEBUG]  OP: Operation.SPLIT_COLUMNS on slice (293, 11) (remaining tasks 15)
2025-04-21 22:38:08,103 [DEBUG]  		found 1 col clusters (in 1.77315 secs)
2025-04-21 22:38:08,104 [DEBUG]  OP: Operation.SPLIT_COLUMNS on slice (213, 11) (remaining tasks 15)
2025-04-21 22:38:09,629 [DEBUG]  		found 1 col clusters (in 1.52550 secs)
2025-04-21 22:38:09,630 [DEBUG]  OP: Operation.SPLIT_COLUMNS on slice (375, 11) (remaining tasks 15)
2025-04-21 22:38:11,566 [DEBUG]  		found 1 col clusters (in 1.93653 secs)
2025-04-21 22:38:11,567 [DEBUG]  OP: Operation.SPLIT_COLUMNS on slice (329, 11) (remaining tasks 15)
2025-04-21 22:38:13,566 [DEBUG]  		found 1 col clusters (in 1.99841 secs)
2025-04-21 22:38:13,566 [DEBUG]  OP: Operation.SPLIT_COLUMNS on slice (1150, 11) (remaining tasks 15)
2025-04-21 22:38:17,197 [DEBUG]  		found 1 col clusters (in 3.63007 secs)
2025-04-21 22:38:17,197 [DEBUG]  OP: Operation.SPLIT_COLUMNS on slice (711, 11) (remaining tasks 15)
2025-04-21 22:38:18,640 [DEBUG]  		found 1 col clusters (in 1.44243 secs)
2025-04-21 22:38:18,641 [DEBUG]  OP: Operation.SPLIT_COLUMNS on slice (985, 11) (remaining tasks 15)
2025-04-21 22:38:21,495 [DEBUG]  		found 1 col clusters (in 2.85361 secs)
2025-04-21 22:38:21,495 [DEBUG]  OP: Operation.SPLIT_COLUMNS on slice (1692, 11) (remaining tasks 15)
2025-04-21 22:38:26,890 [DEBUG]  		found 1 col clusters (in 5.39465 secs)
2025-04-21 22:38:26,891 [DEBUG]  OP: Operation.SPLIT_COLUMNS on slice (597, 11) (remaining tasks 15)
2025-04-21 22:38:27,950 [DEBUG]  		found 2 col clusters (in 1.05966 secs)
2025-04-21 22:38:27,951 [DEBUG]  OP: Operation.SPLIT_COLUMNS on slice (422, 11) (remaining tasks 16)
2025-04-21 22:38:30,065 [DEBUG]  		found 1 col clusters (in 2.11324 secs)
2025-04-21 22:38:30,065 [DEBUG]  OP: Operation.SPLIT_COLUMNS on slice (168, 11) (remaining tasks 16)
2025-04-21 22:38:30,455 [DEBUG]  		found 1 col clusters (in 0.38972 secs)
2025-04-21 22:38:30,455 [DEBUG]  OP: Operation.SPLIT_COLUMNS on slice (219, 11) (remaining tasks 16)
2025-04-21 22:38:31,869 [DEBUG]  		found 1 col clusters (in 1.41397 secs)
2025-04-21 22:38:31,870 [DEBUG]  OP: Operation.SPLIT_COLUMNS on slice (234, 11) (remaining tasks 16)
2025-04-21 22:38:33,525 [DEBUG]  		found 1 col clusters (in 1.65490 secs)
2025-04-21 22:38:33,526 [DEBUG]  OP: Operation.NAIVE_FACTORIZATION on slice (53, 11) (remaining tasks 16)
2025-04-21 22:38:33,534 [DEBUG]  		naive factorization 11 columns (in 0.00862 secs)
2025-04-21 22:38:33,535 [DEBUG]  OP: Operation.SPLIT_COLUMNS on slice (146, 11) (remaining tasks 15)
2025-04-21 22:38:33,877 [DEBUG]  		found 1 col clusters (in 0.34204 secs)
2025-04-21 22:38:33,878 [DEBUG]  OP: Operation.NAIVE_FACTORIZATION on slice (41, 11) (remaining tasks 15)
2025-04-21 22:38:33,884 [DEBUG]  		naive factorization 11 columns (in 0.00579 secs)
2025-04-21 22:38:33,884 [DEBUG]  OP: Operation.SPLIT_ROWS on slice (293, 11) (remaining tasks 14)
2025-04-21 22:38:33,943 [DEBUG]  		found 2 row clusters (in 0.05901 secs)
2025-04-21 22:38:33,944 [DEBUG]  OP: Operation.SPLIT_ROWS on slice (213, 11) (remaining tasks 15)
2025-04-21 22:38:33,975 [DEBUG]  		found 2 row clusters (in 0.03103 secs)
2025-04-21 22:38:33,975 [DEBUG]  OP: Operation.SPLIT_ROWS on slice (375, 11) (remaining tasks 16)
2025-04-21 22:38:34,004 [DEBUG]  		found 2 row clusters (in 0.02831 secs)
2025-04-21 22:38:34,004 [DEBUG]  OP: Operation.SPLIT_ROWS on slice (329, 11) (remaining tasks 17)
2025-04-21 22:38:34,035 [DEBUG]  		found 2 row clusters (in 0.03114 secs)
2025-04-21 22:38:34,035 [DEBUG]  OP: Operation.SPLIT_ROWS on slice (1150, 11) (remaining tasks 18)
2025-04-21 22:38:34,081 [DEBUG]  		found 2 row clusters (in 0.04512 secs)
2025-04-21 22:38:34,081 [DEBUG]  OP: Operation.SPLIT_ROWS on slice (711, 11) (remaining tasks 19)
2025-04-21 22:38:34,112 [DEBUG]  		found 2 row clusters (in 0.03108 secs)
2025-04-21 22:38:34,112 [DEBUG]  OP: Operation.SPLIT_ROWS on slice (985, 11) (remaining tasks 20)
2025-04-21 22:38:34,151 [DEBUG]  		found 2 row clusters (in 0.03849 secs)
2025-04-21 22:38:34,151 [DEBUG]  OP: Operation.SPLIT_ROWS on slice (1692, 11) (remaining tasks 21)
2025-04-21 22:38:34,213 [DEBUG]  		found 2 row clusters (in 0.06170 secs)
2025-04-21 22:38:34,213 [DEBUG]  OP: Operation.SPLIT_COLUMNS on slice (597, 10) (remaining tasks 22)
2025-04-21 22:38:35,112 [DEBUG]  		found 1 col clusters (in 0.89888 secs)
2025-04-21 22:38:35,113 [DEBUG]  OP: Operation.CREATE_LEAF on slice (597, 1) (remaining tasks 22)
2025-04-21 22:38:35,113 [DEBUG]  		 created leaf IdentityNumericLeaf for scope=[6] (in 0.00044 secs)
2025-04-21 22:38:35,114 [DEBUG]  OP: Operation.SPLIT_ROWS on slice (422, 11) (remaining tasks 21)
2025-04-21 22:38:35,229 [DEBUG]  		found 2 row clusters (in 0.11478 secs)
2025-04-21 22:38:35,229 [DEBUG]  OP: Operation.SPLIT_ROWS on slice (168, 11) (remaining tasks 22)
2025-04-21 22:38:35,249 [DEBUG]  		found 2 row clusters (in 0.01987 secs)
2025-04-21 22:38:35,249 [DEBUG]  OP: Operation.SPLIT_ROWS on slice (219, 11) (remaining tasks 23)
2025-04-21 22:38:35,269 [DEBUG]  		found 2 row clusters (in 0.01964 secs)
2025-04-21 22:38:35,269 [DEBUG]  OP: Operation.SPLIT_ROWS on slice (234, 11) (remaining tasks 24)
2025-04-21 22:38:35,295 [DEBUG]  		found 2 row clusters (in 0.02638 secs)
2025-04-21 22:38:35,296 [DEBUG]  OP: Operation.SPLIT_ROWS on slice (146, 11) (remaining tasks 25)
2025-04-21 22:38:35,315 [DEBUG]  		found 2 row clusters (in 0.01986 secs)
2025-04-21 22:38:35,316 [DEBUG]  OP: Operation.SPLIT_COLUMNS on slice (174, 11) (remaining tasks 26)
2025-04-21 22:38:35,630 [DEBUG]  		found 1 col clusters (in 0.31381 secs)
2025-04-21 22:38:35,630 [DEBUG]  OP: Operation.SPLIT_COLUMNS on slice (119, 11) (remaining tasks 26)
2025-04-21 22:38:35,897 [DEBUG]  		found 1 col clusters (in 0.26727 secs)
2025-04-21 22:38:35,898 [DEBUG]  OP: Operation.NAIVE_FACTORIZATION on slice (68, 11) (remaining tasks 26)
2025-04-21 22:38:35,906 [DEBUG]  		naive factorization 11 columns (in 0.00778 secs)
2025-04-21 22:38:35,906 [DEBUG]  OP: Operation.SPLIT_COLUMNS on slice (145, 11) (remaining tasks 25)
2025-04-21 22:38:36,125 [DEBUG]  		found 1 col clusters (in 0.21823 secs)
2025-04-21 22:38:36,125 [DEBUG]  OP: Operation.SPLIT_COLUMNS on slice (172, 11) (remaining tasks 25)
2025-04-21 22:38:36,563 [DEBUG]  		found 1 col clusters (in 0.43818 secs)
2025-04-21 22:38:36,564 [DEBUG]  OP: Operation.SPLIT_COLUMNS on slice (203, 11) (remaining tasks 25)
2025-04-21 22:38:38,075 [DEBUG]  		found 1 col clusters (in 1.51071 secs)
2025-04-21 22:38:38,075 [DEBUG]  OP: Operation.SPLIT_COLUMNS on slice (165, 11) (remaining tasks 25)
2025-04-21 22:38:38,501 [DEBUG]  		found 1 col clusters (in 0.42598 secs)
2025-04-21 22:38:38,502 [DEBUG]  OP: Operation.SPLIT_COLUMNS on slice (164, 11) (remaining tasks 25)
2025-04-21 22:38:38,894 [DEBUG]  		found 1 col clusters (in 0.39212 secs)
2025-04-21 22:38:38,895 [DEBUG]  OP: Operation.SPLIT_COLUMNS on slice (751, 11) (remaining tasks 25)
2025-04-21 22:38:41,668 [DEBUG]  		found 1 col clusters (in 2.77287 secs)
2025-04-21 22:38:41,669 [DEBUG]  OP: Operation.SPLIT_COLUMNS on slice (399, 11) (remaining tasks 25)
2025-04-21 22:38:43,670 [DEBUG]  		found 1 col clusters (in 2.00074 secs)
2025-04-21 22:38:43,671 [DEBUG]  OP: Operation.SPLIT_COLUMNS on slice (598, 11) (remaining tasks 25)
2025-04-21 22:38:44,327 [DEBUG]  		found 1 col clusters (in 0.65627 secs)
2025-04-21 22:38:44,328 [DEBUG]  OP: Operation.SPLIT_COLUMNS on slice (113, 11) (remaining tasks 25)
2025-04-21 22:38:44,677 [DEBUG]  		found 1 col clusters (in 0.34864 secs)
2025-04-21 22:38:44,677 [DEBUG]  OP: Operation.SPLIT_COLUMNS on slice (482, 11) (remaining tasks 25)
2025-04-21 22:38:46,353 [DEBUG]  		found 1 col clusters (in 1.67608 secs)
2025-04-21 22:38:46,354 [DEBUG]  OP: Operation.SPLIT_COLUMNS on slice (503, 11) (remaining tasks 25)
2025-04-21 22:38:48,086 [DEBUG]  		found 1 col clusters (in 1.73199 secs)
2025-04-21 22:38:48,087 [DEBUG]  OP: Operation.SPLIT_COLUMNS on slice (846, 11) (remaining tasks 25)
2025-04-21 22:38:50,859 [DEBUG]  		found 1 col clusters (in 2.77150 secs)
2025-04-21 22:38:50,859 [DEBUG]  OP: Operation.SPLIT_COLUMNS on slice (846, 11) (remaining tasks 25)
2025-04-21 22:38:53,549 [DEBUG]  		found 1 col clusters (in 2.68958 secs)
2025-04-21 22:38:53,549 [DEBUG]  OP: Operation.SPLIT_ROWS on slice (597, 10) (remaining tasks 25)
2025-04-21 22:38:53,719 [DEBUG]  		found 2 row clusters (in 0.16966 secs)
2025-04-21 22:38:53,720 [DEBUG]  OP: Operation.SPLIT_COLUMNS on slice (347, 11) (remaining tasks 26)
2025-04-21 22:38:55,375 [DEBUG]  		found 1 col clusters (in 1.65553 secs)
2025-04-21 22:38:55,376 [DEBUG]  OP: Operation.NAIVE_FACTORIZATION on slice (75, 11) (remaining tasks 26)
2025-04-21 22:38:55,383 [DEBUG]  		naive factorization 11 columns (in 0.00666 secs)
2025-04-21 22:38:55,383 [DEBUG]  OP: Operation.SPLIT_COLUMNS on slice (84, 11) (remaining tasks 25)
2025-04-21 22:38:55,690 [DEBUG]  		found 1 col clusters (in 0.30683 secs)
2025-04-21 22:38:55,691 [DEBUG]  OP: Operation.SPLIT_COLUMNS on slice (84, 11) (remaining tasks 25)
2025-04-21 22:38:55,906 [DEBUG]  		found 1 col clusters (in 0.21526 secs)
2025-04-21 22:38:55,907 [DEBUG]  OP: Operation.SPLIT_COLUMNS on slice (139, 11) (remaining tasks 25)
2025-04-21 22:38:56,230 [DEBUG]  		found 1 col clusters (in 0.32283 secs)
2025-04-21 22:38:56,230 [DEBUG]  OP: Operation.SPLIT_COLUMNS on slice (80, 11) (remaining tasks 25)
2025-04-21 22:38:56,482 [DEBUG]  		found 1 col clusters (in 0.25128 secs)
2025-04-21 22:38:56,482 [DEBUG]  OP: Operation.SPLIT_COLUMNS on slice (160, 11) (remaining tasks 25)
2025-04-21 22:38:56,699 [DEBUG]  		found 1 col clusters (in 0.21604 secs)
2025-04-21 22:38:56,699 [DEBUG]  OP: Operation.NAIVE_FACTORIZATION on slice (74, 11) (remaining tasks 25)
2025-04-21 22:38:56,708 [DEBUG]  		naive factorization 11 columns (in 0.00886 secs)
2025-04-21 22:38:56,708 [DEBUG]  OP: Operation.SPLIT_COLUMNS on slice (80, 11) (remaining tasks 24)
2025-04-21 22:38:57,070 [DEBUG]  		found 1 col clusters (in 0.36118 secs)
2025-04-21 22:38:57,070 [DEBUG]  OP: Operation.NAIVE_FACTORIZATION on slice (66, 11) (remaining tasks 24)
2025-04-21 22:38:57,074 [DEBUG]  		naive factorization 11 columns (in 0.00393 secs)
2025-04-21 22:38:57,075 [DEBUG]  OP: Operation.SPLIT_ROWS on slice (174, 11) (remaining tasks 23)
2025-04-21 22:38:57,134 [DEBUG]  		found 2 row clusters (in 0.05904 secs)
2025-04-21 22:38:57,134 [DEBUG]  OP: Operation.SPLIT_ROWS on slice (119, 11) (remaining tasks 24)
2025-04-21 22:38:57,160 [DEBUG]  		found 2 row clusters (in 0.02568 secs)
2025-04-21 22:38:57,160 [DEBUG]  OP: Operation.SPLIT_ROWS on slice (145, 11) (remaining tasks 25)
2025-04-21 22:38:57,182 [DEBUG]  		found 2 row clusters (in 0.02141 secs)
2025-04-21 22:38:57,182 [DEBUG]  OP: Operation.SPLIT_ROWS on slice (172, 11) (remaining tasks 26)
2025-04-21 22:38:57,203 [DEBUG]  		found 2 row clusters (in 0.02064 secs)
2025-04-21 22:38:57,203 [DEBUG]  OP: Operation.SPLIT_ROWS on slice (203, 11) (remaining tasks 27)
2025-04-21 22:38:57,222 [DEBUG]  		found 2 row clusters (in 0.01922 secs)
2025-04-21 22:38:57,223 [DEBUG]  OP: Operation.SPLIT_ROWS on slice (165, 11) (remaining tasks 28)
2025-04-21 22:38:57,246 [DEBUG]  		found 2 row clusters (in 0.02349 secs)
2025-04-21 22:38:57,246 [DEBUG]  OP: Operation.SPLIT_ROWS on slice (164, 11) (remaining tasks 29)
2025-04-21 22:38:57,267 [DEBUG]  		found 2 row clusters (in 0.02063 secs)
2025-04-21 22:38:57,267 [DEBUG]  OP: Operation.SPLIT_ROWS on slice (751, 11) (remaining tasks 30)
2025-04-21 22:38:57,299 [DEBUG]  		found 2 row clusters (in 0.03199 secs)
2025-04-21 22:38:57,300 [DEBUG]  OP: Operation.SPLIT_ROWS on slice (399, 11) (remaining tasks 31)
2025-04-21 22:38:57,323 [DEBUG]  		found 2 row clusters (in 0.02310 secs)
2025-04-21 22:38:57,323 [DEBUG]  OP: Operation.SPLIT_ROWS on slice (598, 11) (remaining tasks 32)
2025-04-21 22:38:57,356 [DEBUG]  		found 2 row clusters (in 0.03305 secs)
2025-04-21 22:38:57,356 [DEBUG]  OP: Operation.SPLIT_ROWS on slice (113, 11) (remaining tasks 33)
2025-04-21 22:38:57,373 [DEBUG]  		found 2 row clusters (in 0.01628 secs)
2025-04-21 22:38:57,373 [DEBUG]  OP: Operation.SPLIT_ROWS on slice (482, 11) (remaining tasks 34)
2025-04-21 22:38:57,400 [DEBUG]  		found 2 row clusters (in 0.02698 secs)
2025-04-21 22:38:57,400 [DEBUG]  OP: Operation.SPLIT_ROWS on slice (503, 11) (remaining tasks 35)
2025-04-21 22:38:57,429 [DEBUG]  		found 2 row clusters (in 0.02865 secs)
2025-04-21 22:38:57,429 [DEBUG]  OP: Operation.SPLIT_ROWS on slice (846, 11) (remaining tasks 36)
2025-04-21 22:38:57,473 [DEBUG]  		found 2 row clusters (in 0.04336 secs)
2025-04-21 22:38:57,473 [DEBUG]  OP: Operation.SPLIT_ROWS on slice (846, 11) (remaining tasks 37)
2025-04-21 22:38:57,518 [DEBUG]  		found 2 row clusters (in 0.04493 secs)
2025-04-21 22:38:57,518 [DEBUG]  OP: Operation.SPLIT_COLUMNS on slice (492, 10) (remaining tasks 38)
2025-04-21 22:38:59,248 [DEBUG]  		found 1 col clusters (in 1.72952 secs)
2025-04-21 22:38:59,248 [DEBUG]  OP: Operation.SPLIT_COLUMNS on slice (105, 10) (remaining tasks 38)
2025-04-21 22:38:59,599 [DEBUG]  		found 1 col clusters (in 0.35040 secs)
2025-04-21 22:38:59,599 [DEBUG]  OP: Operation.SPLIT_ROWS on slice (347, 11) (remaining tasks 38)
2025-04-21 22:38:59,683 [DEBUG]  		found 2 row clusters (in 0.08394 secs)
2025-04-21 22:38:59,684 [DEBUG]  OP: Operation.SPLIT_ROWS on slice (84, 11) (remaining tasks 39)
2025-04-21 22:38:59,708 [DEBUG]  		found 2 row clusters (in 0.02437 secs)
2025-04-21 22:38:59,708 [DEBUG]  OP: Operation.SPLIT_ROWS on slice (84, 11) (remaining tasks 40)
2025-04-21 22:38:59,730 [DEBUG]  		found 2 row clusters (in 0.02142 secs)
2025-04-21 22:38:59,730 [DEBUG]  OP: Operation.SPLIT_ROWS on slice (139, 11) (remaining tasks 41)
2025-04-21 22:38:59,750 [DEBUG]  		found 2 row clusters (in 0.02003 secs)
2025-04-21 22:38:59,750 [DEBUG]  OP: Operation.SPLIT_ROWS on slice (80, 11) (remaining tasks 42)
2025-04-21 22:38:59,765 [DEBUG]  		found 2 row clusters (in 0.01458 secs)
2025-04-21 22:38:59,765 [DEBUG]  OP: Operation.SPLIT_ROWS on slice (160, 11) (remaining tasks 43)
2025-04-21 22:38:59,788 [DEBUG]  		found 2 row clusters (in 0.02274 secs)
2025-04-21 22:38:59,788 [DEBUG]  OP: Operation.SPLIT_ROWS on slice (80, 11) (remaining tasks 44)
2025-04-21 22:38:59,808 [DEBUG]  		found 2 row clusters (in 0.02002 secs)
2025-04-21 22:38:59,809 [DEBUG]  OP: Operation.SPLIT_COLUMNS on slice (155, 11) (remaining tasks 45)
2025-04-21 22:39:00,122 [DEBUG]  		found 1 col clusters (in 0.31294 secs)
2025-04-21 22:39:00,122 [DEBUG]  OP: Operation.NAIVE_FACTORIZATION on slice (19, 11) (remaining tasks 45)
2025-04-21 22:39:00,129 [DEBUG]  		naive factorization 11 columns (in 0.00664 secs)
2025-04-21 22:39:00,129 [DEBUG]  OP: Operation.NAIVE_FACTORIZATION on slice (72, 11) (remaining tasks 44)
2025-04-21 22:39:00,139 [DEBUG]  		naive factorization 11 columns (in 0.00931 secs)
2025-04-21 22:39:00,139 [DEBUG]  OP: Operation.NAIVE_FACTORIZATION on slice (47, 11) (remaining tasks 43)
2025-04-21 22:39:00,144 [DEBUG]  		naive factorization 11 columns (in 0.00475 secs)
2025-04-21 22:39:00,144 [DEBUG]  OP: Operation.NAIVE_FACTORIZATION on slice (67, 11) (remaining tasks 42)
2025-04-21 22:39:00,150 [DEBUG]  		naive factorization 11 columns (in 0.00502 secs)
2025-04-21 22:39:00,150 [DEBUG]  OP: Operation.SPLIT_COLUMNS on slice (78, 11) (remaining tasks 41)
2025-04-21 22:39:00,361 [DEBUG]  		found 1 col clusters (in 0.21122 secs)
2025-04-21 22:39:00,362 [DEBUG]  OP: Operation.SPLIT_COLUMNS on slice (83, 11) (remaining tasks 41)
2025-04-21 22:39:00,585 [DEBUG]  		found 1 col clusters (in 0.22304 secs)
2025-04-21 22:39:00,586 [DEBUG]  OP: Operation.SPLIT_COLUMNS on slice (89, 11) (remaining tasks 41)
2025-04-21 22:39:00,804 [DEBUG]  		found 1 col clusters (in 0.21798 secs)
2025-04-21 22:39:00,804 [DEBUG]  OP: Operation.SPLIT_COLUMNS on slice (167, 11) (remaining tasks 41)
2025-04-21 22:39:01,127 [DEBUG]  		found 1 col clusters (in 0.32219 secs)
2025-04-21 22:39:01,128 [DEBUG]  OP: Operation.NAIVE_FACTORIZATION on slice (36, 11) (remaining tasks 41)
2025-04-21 22:39:01,133 [DEBUG]  		naive factorization 11 columns (in 0.00558 secs)
2025-04-21 22:39:01,134 [DEBUG]  OP: Operation.SPLIT_COLUMNS on slice (110, 11) (remaining tasks 40)
2025-04-21 22:39:01,381 [DEBUG]  		found 1 col clusters (in 0.24666 secs)
2025-04-21 22:39:01,381 [DEBUG]  OP: Operation.NAIVE_FACTORIZATION on slice (55, 11) (remaining tasks 40)
2025-04-21 22:39:01,389 [DEBUG]  		naive factorization 11 columns (in 0.00709 secs)
2025-04-21 22:39:01,389 [DEBUG]  OP: Operation.SPLIT_COLUMNS on slice (106, 11) (remaining tasks 39)
2025-04-21 22:39:01,606 [DEBUG]  		found 1 col clusters (in 0.21645 secs)
2025-04-21 22:39:01,606 [DEBUG]  OP: Operation.NAIVE_FACTORIZATION on slice (58, 11) (remaining tasks 39)
2025-04-21 22:39:01,610 [DEBUG]  		naive factorization 11 columns (in 0.00390 secs)
2025-04-21 22:39:01,611 [DEBUG]  OP: Operation.SPLIT_COLUMNS on slice (684, 11) (remaining tasks 38)
2025-04-21 22:39:02,190 [DEBUG]  		found 2 col clusters (in 0.57858 secs)
2025-04-21 22:39:02,190 [DEBUG]  OP: Operation.NAIVE_FACTORIZATION on slice (67, 11) (remaining tasks 39)
2025-04-21 22:39:02,198 [DEBUG]  		naive factorization 11 columns (in 0.00714 secs)
2025-04-21 22:39:02,198 [DEBUG]  OP: Operation.SPLIT_COLUMNS on slice (206, 11) (remaining tasks 38)
2025-04-21 22:39:03,961 [DEBUG]  		found 1 col clusters (in 1.76212 secs)
2025-04-21 22:39:03,961 [DEBUG]  OP: Operation.SPLIT_COLUMNS on slice (193, 11) (remaining tasks 38)
2025-04-21 22:39:05,271 [DEBUG]  		found 1 col clusters (in 1.30966 secs)
2025-04-21 22:39:05,271 [DEBUG]  OP: Operation.SPLIT_COLUMNS on slice (432, 11) (remaining tasks 38)
2025-04-21 22:39:06,866 [DEBUG]  		found 1 col clusters (in 1.59422 secs)
2025-04-21 22:39:06,867 [DEBUG]  OP: Operation.SPLIT_COLUMNS on slice (166, 11) (remaining tasks 38)
2025-04-21 22:39:07,298 [DEBUG]  		found 1 col clusters (in 0.43108 secs)
2025-04-21 22:39:07,298 [DEBUG]  OP: Operation.NAIVE_FACTORIZATION on slice (51, 11) (remaining tasks 38)
2025-04-21 22:39:07,304 [DEBUG]  		naive factorization 11 columns (in 0.00510 secs)
2025-04-21 22:39:07,304 [DEBUG]  OP: Operation.NAIVE_FACTORIZATION on slice (62, 11) (remaining tasks 37)
2025-04-21 22:39:07,309 [DEBUG]  		naive factorization 11 columns (in 0.00458 secs)
2025-04-21 22:39:07,309 [DEBUG]  OP: Operation.SPLIT_COLUMNS on slice (253, 11) (remaining tasks 36)
2025-04-21 22:39:08,922 [DEBUG]  		found 1 col clusters (in 1.61306 secs)
2025-04-21 22:39:08,923 [DEBUG]  OP: Operation.SPLIT_COLUMNS on slice (229, 11) (remaining tasks 36)
2025-04-21 22:39:10,446 [DEBUG]  		found 1 col clusters (in 1.52301 secs)
2025-04-21 22:39:10,446 [DEBUG]  OP: Operation.SPLIT_COLUMNS on slice (290, 11) (remaining tasks 36)
2025-04-21 22:39:12,312 [DEBUG]  		found 1 col clusters (in 1.86499 secs)
2025-04-21 22:39:12,312 [DEBUG]  OP: Operation.SPLIT_COLUMNS on slice (213, 11) (remaining tasks 36)
2025-04-21 22:39:13,805 [DEBUG]  		found 1 col clusters (in 1.49329 secs)
2025-04-21 22:39:13,806 [DEBUG]  OP: Operation.SPLIT_COLUMNS on slice (399, 11) (remaining tasks 36)
2025-04-21 22:39:15,889 [DEBUG]  		found 1 col clusters (in 2.08261 secs)
2025-04-21 22:39:15,889 [DEBUG]  OP: Operation.SPLIT_COLUMNS on slice (447, 11) (remaining tasks 36)
2025-04-21 22:39:17,954 [DEBUG]  		found 1 col clusters (in 2.06461 secs)
2025-04-21 22:39:17,955 [DEBUG]  OP: Operation.SPLIT_COLUMNS on slice (349, 11) (remaining tasks 36)
2025-04-21 22:39:19,417 [DEBUG]  		found 1 col clusters (in 1.46179 secs)
2025-04-21 22:39:19,418 [DEBUG]  OP: Operation.SPLIT_COLUMNS on slice (497, 11) (remaining tasks 36)
2025-04-21 22:39:21,645 [DEBUG]  		found 1 col clusters (in 2.22694 secs)
2025-04-21 22:39:21,645 [DEBUG]  OP: Operation.SPLIT_ROWS on slice (492, 10) (remaining tasks 36)
2025-04-21 22:39:21,720 [DEBUG]  		found 2 row clusters (in 0.07401 secs)
2025-04-21 22:39:21,720 [DEBUG]  OP: Operation.SPLIT_ROWS on slice (105, 10) (remaining tasks 37)
2025-04-21 22:39:21,748 [DEBUG]  		found 2 row clusters (in 0.02773 secs)
2025-04-21 22:39:21,748 [DEBUG]  OP: Operation.SPLIT_COLUMNS on slice (147, 11) (remaining tasks 38)
2025-04-21 22:39:22,056 [DEBUG]  		found 1 col clusters (in 0.30833 secs)
2025-04-21 22:39:22,057 [DEBUG]  OP: Operation.SPLIT_COLUMNS on slice (200, 11) (remaining tasks 38)
2025-04-21 22:39:23,353 [DEBUG]  		found 1 col clusters (in 1.29600 secs)
2025-04-21 22:39:23,354 [DEBUG]  OP: Operation.NAIVE_FACTORIZATION on slice (24, 11) (remaining tasks 38)
2025-04-21 22:39:23,359 [DEBUG]  		naive factorization 11 columns (in 0.00491 secs)
2025-04-21 22:39:23,360 [DEBUG]  OP: Operation.NAIVE_FACTORIZATION on slice (60, 11) (remaining tasks 37)
2025-04-21 22:39:23,366 [DEBUG]  		naive factorization 11 columns (in 0.00593 secs)
2025-04-21 22:39:23,366 [DEBUG]  OP: Operation.SPLIT_COLUMNS on slice (82, 11) (remaining tasks 36)
2025-04-21 22:39:23,708 [DEBUG]  		found 1 col clusters (in 0.34181 secs)
2025-04-21 22:39:23,709 [DEBUG]  OP: Operation.NAIVE_FACTORIZATION on slice (2, 11) (remaining tasks 36)
2025-04-21 22:39:23,712 [DEBUG]  		naive factorization 11 columns (in 0.00366 secs)
2025-04-21 22:39:23,713 [DEBUG]  OP: Operation.SPLIT_COLUMNS on slice (116, 11) (remaining tasks 35)
2025-04-21 22:39:23,930 [DEBUG]  		found 1 col clusters (in 0.21682 secs)
2025-04-21 22:39:23,930 [DEBUG]  OP: Operation.NAIVE_FACTORIZATION on slice (23, 11) (remaining tasks 35)
2025-04-21 22:39:23,935 [DEBUG]  		naive factorization 11 columns (in 0.00444 secs)
2025-04-21 22:39:23,936 [DEBUG]  OP: Operation.NAIVE_FACTORIZATION on slice (48, 11) (remaining tasks 34)
2025-04-21 22:39:23,941 [DEBUG]  		naive factorization 11 columns (in 0.00459 secs)
2025-04-21 22:39:23,941 [DEBUG]  OP: Operation.NAIVE_FACTORIZATION on slice (32, 11) (remaining tasks 33)
2025-04-21 22:39:23,945 [DEBUG]  		naive factorization 11 columns (in 0.00428 secs)
2025-04-21 22:39:23,946 [DEBUG]  OP: Operation.SPLIT_COLUMNS on slice (85, 11) (remaining tasks 32)
2025-04-21 22:39:24,164 [DEBUG]  		found 1 col clusters (in 0.21765 secs)
2025-04-21 22:39:24,164 [DEBUG]  OP: Operation.NAIVE_FACTORIZATION on slice (75, 11) (remaining tasks 32)
2025-04-21 22:39:24,170 [DEBUG]  		naive factorization 11 columns (in 0.00501 secs)
2025-04-21 22:39:24,170 [DEBUG]  OP: Operation.NAIVE_FACTORIZATION on slice (52, 11) (remaining tasks 31)
2025-04-21 22:39:24,174 [DEBUG]  		naive factorization 11 columns (in 0.00396 secs)
2025-04-21 22:39:24,175 [DEBUG]  OP: Operation.NAIVE_FACTORIZATION on slice (28, 11) (remaining tasks 30)
2025-04-21 22:39:24,179 [DEBUG]  		naive factorization 11 columns (in 0.00377 secs)
2025-04-21 22:39:24,179 [DEBUG]  OP: Operation.SPLIT_ROWS on slice (155, 11) (remaining tasks 29)
2025-04-21 22:39:24,235 [DEBUG]  		found 2 row clusters (in 0.05516 secs)
2025-04-21 22:39:24,235 [DEBUG]  OP: Operation.SPLIT_ROWS on slice (78, 11) (remaining tasks 30)
2025-04-21 22:39:24,264 [DEBUG]  		found 2 row clusters (in 0.02917 secs)
2025-04-21 22:39:24,265 [DEBUG]  OP: Operation.SPLIT_ROWS on slice (83, 11) (remaining tasks 31)
2025-04-21 22:39:24,291 [DEBUG]  		found 2 row clusters (in 0.02633 secs)
2025-04-21 22:39:24,291 [DEBUG]  OP: Operation.SPLIT_ROWS on slice (89, 11) (remaining tasks 32)
2025-04-21 22:39:24,311 [DEBUG]  		found 2 row clusters (in 0.01932 secs)
2025-04-21 22:39:24,311 [DEBUG]  OP: Operation.SPLIT_ROWS on slice (167, 11) (remaining tasks 33)
2025-04-21 22:39:24,330 [DEBUG]  		found 2 row clusters (in 0.01864 secs)
2025-04-21 22:39:24,330 [DEBUG]  OP: Operation.SPLIT_ROWS on slice (110, 11) (remaining tasks 34)
2025-04-21 22:39:24,356 [DEBUG]  		found 2 row clusters (in 0.02658 secs)
2025-04-21 22:39:24,357 [DEBUG]  OP: Operation.SPLIT_ROWS on slice (106, 11) (remaining tasks 35)
2025-04-21 22:39:24,372 [DEBUG]  		found 2 row clusters (in 0.01543 secs)
2025-04-21 22:39:24,372 [DEBUG]  OP: Operation.SPLIT_COLUMNS on slice (684, 10) (remaining tasks 36)
2025-04-21 22:39:25,659 [DEBUG]  		found 2 col clusters (in 1.28638 secs)
2025-04-21 22:39:25,659 [DEBUG]  OP: Operation.CREATE_LEAF on slice (684, 1) (remaining tasks 37)
2025-04-21 22:39:25,660 [DEBUG]  		 created leaf IdentityNumericLeaf for scope=[6] (in 0.00042 secs)
2025-04-21 22:39:25,660 [DEBUG]  OP: Operation.SPLIT_ROWS on slice (206, 11) (remaining tasks 36)
2025-04-21 22:39:25,776 [DEBUG]  		found 2 row clusters (in 0.11536 secs)
2025-04-21 22:39:25,776 [DEBUG]  OP: Operation.SPLIT_ROWS on slice (193, 11) (remaining tasks 37)
2025-04-21 22:39:25,826 [DEBUG]  		found 2 row clusters (in 0.04991 secs)
2025-04-21 22:39:25,827 [DEBUG]  OP: Operation.SPLIT_ROWS on slice (432, 11) (remaining tasks 38)
2025-04-21 22:39:25,857 [DEBUG]  		found 2 row clusters (in 0.02966 secs)
2025-04-21 22:39:25,857 [DEBUG]  OP: Operation.SPLIT_ROWS on slice (166, 11) (remaining tasks 39)
2025-04-21 22:39:25,877 [DEBUG]  		found 2 row clusters (in 0.02015 secs)
2025-04-21 22:39:25,877 [DEBUG]  OP: Operation.SPLIT_ROWS on slice (253, 11) (remaining tasks 40)
2025-04-21 22:39:25,896 [DEBUG]  		found 2 row clusters (in 0.01860 secs)
2025-04-21 22:39:25,896 [DEBUG]  OP: Operation.SPLIT_ROWS on slice (229, 11) (remaining tasks 41)
2025-04-21 22:39:25,916 [DEBUG]  		found 2 row clusters (in 0.02032 secs)
2025-04-21 22:39:25,917 [DEBUG]  OP: Operation.SPLIT_ROWS on slice (290, 11) (remaining tasks 42)
2025-04-21 22:39:25,949 [DEBUG]  		found 2 row clusters (in 0.03214 secs)
2025-04-21 22:39:25,949 [DEBUG]  OP: Operation.SPLIT_ROWS on slice (213, 11) (remaining tasks 43)
2025-04-21 22:39:25,972 [DEBUG]  		found 2 row clusters (in 0.02319 secs)
2025-04-21 22:39:25,972 [DEBUG]  OP: Operation.SPLIT_ROWS on slice (399, 11) (remaining tasks 44)
2025-04-21 22:39:26,005 [DEBUG]  		found 2 row clusters (in 0.03241 secs)
2025-04-21 22:39:26,005 [DEBUG]  OP: Operation.SPLIT_ROWS on slice (447, 11) (remaining tasks 45)
2025-04-21 22:39:26,037 [DEBUG]  		found 2 row clusters (in 0.03195 secs)
2025-04-21 22:39:26,037 [DEBUG]  OP: Operation.SPLIT_ROWS on slice (349, 11) (remaining tasks 46)
2025-04-21 22:39:26,065 [DEBUG]  		found 2 row clusters (in 0.02764 secs)
2025-04-21 22:39:26,065 [DEBUG]  OP: Operation.SPLIT_ROWS on slice (497, 11) (remaining tasks 47)
2025-04-21 22:39:26,093 [DEBUG]  		found 2 row clusters (in 0.02720 secs)
2025-04-21 22:39:26,093 [DEBUG]  OP: Operation.SPLIT_COLUMNS on slice (324, 10) (remaining tasks 48)
2025-04-21 22:39:27,703 [DEBUG]  		found 1 col clusters (in 1.61063 secs)
2025-04-21 22:39:27,704 [DEBUG]  OP: Operation.SPLIT_COLUMNS on slice (168, 10) (remaining tasks 48)
2025-04-21 22:39:27,966 [DEBUG]  		found 1 col clusters (in 0.26194 secs)
2025-04-21 22:39:27,967 [DEBUG]  OP: Operation.NAIVE_FACTORIZATION on slice (60, 10) (remaining tasks 48)
2025-04-21 22:39:27,972 [DEBUG]  		naive factorization 10 columns (in 0.00529 secs)
2025-04-21 22:39:27,973 [DEBUG]  OP: Operation.NAIVE_FACTORIZATION on slice (45, 10) (remaining tasks 47)
2025-04-21 22:39:27,978 [DEBUG]  		naive factorization 10 columns (in 0.00534 secs)
2025-04-21 22:39:27,979 [DEBUG]  OP: Operation.SPLIT_ROWS on slice (147, 11) (remaining tasks 46)
2025-04-21 22:39:28,052 [DEBUG]  		found 2 row clusters (in 0.07321 secs)
2025-04-21 22:39:28,053 [DEBUG]  OP: Operation.SPLIT_ROWS on slice (200, 11) (remaining tasks 47)
2025-04-21 22:39:28,108 [DEBUG]  		found 2 row clusters (in 0.05474 secs)
2025-04-21 22:39:28,108 [DEBUG]  OP: Operation.SPLIT_ROWS on slice (82, 11) (remaining tasks 48)
2025-04-21 22:39:28,137 [DEBUG]  		found 2 row clusters (in 0.02895 secs)
2025-04-21 22:39:28,137 [DEBUG]  OP: Operation.SPLIT_ROWS on slice (116, 11) (remaining tasks 49)
2025-04-21 22:39:28,158 [DEBUG]  		found 2 row clusters (in 0.02078 secs)
2025-04-21 22:39:28,158 [DEBUG]  OP: Operation.SPLIT_ROWS on slice (85, 11) (remaining tasks 50)
2025-04-21 22:39:28,178 [DEBUG]  		found 2 row clusters (in 0.01938 secs)
2025-04-21 22:39:28,178 [DEBUG]  OP: Operation.NAIVE_FACTORIZATION on slice (53, 11) (remaining tasks 51)
2025-04-21 22:39:28,180 [DEBUG]  		naive factorization 11 columns (in 0.00203 secs)
2025-04-21 22:39:28,180 [DEBUG]  OP: Operation.SPLIT_COLUMNS on slice (102, 11) (remaining tasks 50)
2025-04-21 22:39:28,392 [DEBUG]  		found 1 col clusters (in 0.21190 secs)
2025-04-21 22:39:28,393 [DEBUG]  OP: Operation.NAIVE_FACTORIZATION on slice (73, 11) (remaining tasks 50)
2025-04-21 22:39:28,398 [DEBUG]  		naive factorization 11 columns (in 0.00479 secs)
2025-04-21 22:39:28,398 [DEBUG]  OP: Operation.NAIVE_FACTORIZATION on slice (5, 11) (remaining tasks 49)
2025-04-21 22:39:28,402 [DEBUG]  		naive factorization 11 columns (in 0.00350 secs)
2025-04-21 22:39:28,402 [DEBUG]  OP: Operation.NAIVE_FACTORIZATION on slice (72, 11) (remaining tasks 48)
2025-04-21 22:39:28,407 [DEBUG]  		naive factorization 11 columns (in 0.00412 secs)
2025-04-21 22:39:28,407 [DEBUG]  OP: Operation.NAIVE_FACTORIZATION on slice (11, 11) (remaining tasks 47)
2025-04-21 22:39:28,411 [DEBUG]  		naive factorization 11 columns (in 0.00337 secs)
2025-04-21 22:39:28,411 [DEBUG]  OP: Operation.NAIVE_FACTORIZATION on slice (45, 11) (remaining tasks 46)
2025-04-21 22:39:28,415 [DEBUG]  		naive factorization 11 columns (in 0.00366 secs)
2025-04-21 22:39:28,416 [DEBUG]  OP: Operation.NAIVE_FACTORIZATION on slice (44, 11) (remaining tasks 45)
2025-04-21 22:39:28,420 [DEBUG]  		naive factorization 11 columns (in 0.00365 secs)
2025-04-21 22:39:28,420 [DEBUG]  OP: Operation.SPLIT_COLUMNS on slice (96, 11) (remaining tasks 44)
2025-04-21 22:39:28,637 [DEBUG]  		found 1 col clusters (in 0.21714 secs)
2025-04-21 22:39:28,638 [DEBUG]  OP: Operation.NAIVE_FACTORIZATION on slice (71, 11) (remaining tasks 44)
2025-04-21 22:39:28,642 [DEBUG]  		naive factorization 11 columns (in 0.00393 secs)
2025-04-21 22:39:28,643 [DEBUG]  OP: Operation.NAIVE_FACTORIZATION on slice (40, 11) (remaining tasks 43)
2025-04-21 22:39:28,647 [DEBUG]  		naive factorization 11 columns (in 0.00410 secs)
2025-04-21 22:39:28,647 [DEBUG]  OP: Operation.NAIVE_FACTORIZATION on slice (70, 11) (remaining tasks 42)
2025-04-21 22:39:28,652 [DEBUG]  		naive factorization 11 columns (in 0.00396 secs)
2025-04-21 22:39:28,652 [DEBUG]  OP: Operation.NAIVE_FACTORIZATION on slice (42, 11) (remaining tasks 41)
2025-04-21 22:39:28,656 [DEBUG]  		naive factorization 11 columns (in 0.00380 secs)
2025-04-21 22:39:28,657 [DEBUG]  OP: Operation.NAIVE_FACTORIZATION on slice (64, 11) (remaining tasks 40)
2025-04-21 22:39:28,661 [DEBUG]  		naive factorization 11 columns (in 0.00409 secs)
2025-04-21 22:39:28,661 [DEBUG]  OP: Operation.SPLIT_COLUMNS on slice (684, 9) (remaining tasks 39)
2025-04-21 22:39:29,392 [DEBUG]  		found 1 col clusters (in 0.73022 secs)
2025-04-21 22:39:29,392 [DEBUG]  OP: Operation.CREATE_LEAF on slice (684, 1) (remaining tasks 39)
2025-04-21 22:39:29,393 [DEBUG]  		 created leaf IdentityNumericLeaf for scope=[2] (in 0.00070 secs)
2025-04-21 22:39:29,394 [DEBUG]  OP: Operation.SPLIT_COLUMNS on slice (136, 11) (remaining tasks 38)
2025-04-21 22:39:29,696 [DEBUG]  		found 1 col clusters (in 0.30220 secs)
2025-04-21 22:39:29,697 [DEBUG]  OP: Operation.NAIVE_FACTORIZATION on slice (70, 11) (remaining tasks 38)
2025-04-21 22:39:29,702 [DEBUG]  		naive factorization 11 columns (in 0.00451 secs)
2025-04-21 22:39:29,702 [DEBUG]  OP: Operation.SPLIT_COLUMNS on slice (165, 11) (remaining tasks 37)
2025-04-21 22:39:30,191 [DEBUG]  		found 1 col clusters (in 0.48885 secs)
2025-04-21 22:39:30,192 [DEBUG]  OP: Operation.NAIVE_FACTORIZATION on slice (28, 11) (remaining tasks 37)
2025-04-21 22:39:30,197 [DEBUG]  		naive factorization 11 columns (in 0.00480 secs)
2025-04-21 22:39:30,197 [DEBUG]  OP: Operation.SPLIT_COLUMNS on slice (221, 11) (remaining tasks 36)
2025-04-21 22:39:31,700 [DEBUG]  		found 1 col clusters (in 1.50250 secs)
2025-04-21 22:39:31,700 [DEBUG]  OP: Operation.SPLIT_COLUMNS on slice (211, 11) (remaining tasks 36)
2025-04-21 22:39:33,203 [DEBUG]  		found 1 col clusters (in 1.50294 secs)
2025-04-21 22:39:33,204 [DEBUG]  OP: Operation.NAIVE_FACTORIZATION on slice (21, 11) (remaining tasks 36)
2025-04-21 22:39:33,209 [DEBUG]  		naive factorization 11 columns (in 0.00497 secs)
2025-04-21 22:39:33,209 [DEBUG]  OP: Operation.SPLIT_COLUMNS on slice (145, 11) (remaining tasks 35)
2025-04-21 22:39:33,587 [DEBUG]  		found 1 col clusters (in 0.37719 secs)
2025-04-21 22:39:33,588 [DEBUG]  OP: Operation.SPLIT_COLUMNS on slice (108, 11) (remaining tasks 35)
2025-04-21 22:39:33,907 [DEBUG]  		found 1 col clusters (in 0.31938 secs)
2025-04-21 22:39:33,908 [DEBUG]  OP: Operation.SPLIT_COLUMNS on slice (145, 11) (remaining tasks 35)
2025-04-21 22:39:34,233 [DEBUG]  		found 1 col clusters (in 0.32490 secs)
2025-04-21 22:39:34,233 [DEBUG]  OP: Operation.SPLIT_COLUMNS on slice (102, 11) (remaining tasks 35)
2025-04-21 22:39:34,450 [DEBUG]  		found 1 col clusters (in 0.21593 secs)
2025-04-21 22:39:34,450 [DEBUG]  OP: Operation.SPLIT_COLUMNS on slice (127, 11) (remaining tasks 35)
2025-04-21 22:39:34,665 [DEBUG]  		found 1 col clusters (in 0.21459 secs)
2025-04-21 22:39:34,665 [DEBUG]  OP: Operation.SPLIT_COLUMNS on slice (126, 11) (remaining tasks 35)
2025-04-21 22:39:34,881 [DEBUG]  		found 1 col clusters (in 0.21542 secs)
2025-04-21 22:39:34,881 [DEBUG]  OP: Operation.SPLIT_COLUMNS on slice (164, 11) (remaining tasks 35)
2025-04-21 22:39:35,205 [DEBUG]  		found 1 col clusters (in 0.32362 secs)
2025-04-21 22:39:35,206 [DEBUG]  OP: Operation.SPLIT_COLUMNS on slice (117, 11) (remaining tasks 35)
2025-04-21 22:39:35,451 [DEBUG]  		found 1 col clusters (in 0.24523 secs)
2025-04-21 22:39:35,452 [DEBUG]  OP: Operation.SPLIT_COLUMNS on slice (96, 11) (remaining tasks 35)
2025-04-21 22:39:35,675 [DEBUG]  		found 1 col clusters (in 0.22350 secs)
2025-04-21 22:39:35,676 [DEBUG]  OP: Operation.SPLIT_COLUMNS on slice (174, 11) (remaining tasks 35)
2025-04-21 22:39:35,998 [DEBUG]  		found 1 col clusters (in 0.32170 secs)
2025-04-21 22:39:35,998 [DEBUG]  OP: Operation.SPLIT_COLUMNS on slice (225, 11) (remaining tasks 35)
2025-04-21 22:39:37,711 [DEBUG]  		found 1 col clusters (in 1.71199 secs)
2025-04-21 22:39:37,711 [DEBUG]  OP: Operation.SPLIT_COLUMNS on slice (231, 11) (remaining tasks 35)
2025-04-21 22:39:39,406 [DEBUG]  		found 1 col clusters (in 1.69508 secs)
2025-04-21 22:39:39,407 [DEBUG]  OP: Operation.SPLIT_COLUMNS on slice (216, 11) (remaining tasks 35)
2025-04-21 22:39:40,948 [DEBUG]  		found 1 col clusters (in 1.54144 secs)
2025-04-21 22:39:40,949 [DEBUG]  OP: Operation.NAIVE_FACTORIZATION on slice (22, 11) (remaining tasks 35)
2025-04-21 22:39:40,955 [DEBUG]  		naive factorization 11 columns (in 0.00530 secs)
2025-04-21 22:39:40,955 [DEBUG]  OP: Operation.SPLIT_COLUMNS on slice (327, 11) (remaining tasks 34)
2025-04-21 22:39:42,559 [DEBUG]  		found 1 col clusters (in 1.60418 secs)
2025-04-21 22:39:42,560 [DEBUG]  OP: Operation.SPLIT_COLUMNS on slice (322, 11) (remaining tasks 34)
2025-04-21 22:39:44,498 [DEBUG]  		found 1 col clusters (in 1.93769 secs)
2025-04-21 22:39:44,499 [DEBUG]  OP: Operation.SPLIT_COLUMNS on slice (175, 11) (remaining tasks 34)
2025-04-21 22:39:44,914 [DEBUG]  		found 1 col clusters (in 0.41483 secs)
2025-04-21 22:39:44,914 [DEBUG]  OP: Operation.SPLIT_ROWS on slice (324, 10) (remaining tasks 34)
2025-04-21 22:39:45,037 [DEBUG]  		found 2 row clusters (in 0.12234 secs)
2025-04-21 22:39:45,037 [DEBUG]  OP: Operation.SPLIT_ROWS on slice (168, 10) (remaining tasks 35)
2025-04-21 22:39:45,065 [DEBUG]  		found 2 row clusters (in 0.02798 secs)
2025-04-21 22:39:45,065 [DEBUG]  OP: Operation.NAIVE_FACTORIZATION on slice (61, 11) (remaining tasks 36)
2025-04-21 22:39:45,068 [DEBUG]  		naive factorization 11 columns (in 0.00285 secs)
2025-04-21 22:39:45,068 [DEBUG]  OP: Operation.SPLIT_COLUMNS on slice (86, 11) (remaining tasks 35)
2025-04-21 22:39:45,276 [DEBUG]  		found 1 col clusters (in 0.20744 secs)
2025-04-21 22:39:45,276 [DEBUG]  OP: Operation.SPLIT_COLUMNS on slice (93, 11) (remaining tasks 35)
2025-04-21 22:39:45,493 [DEBUG]  		found 1 col clusters (in 0.21662 secs)
2025-04-21 22:39:45,494 [DEBUG]  OP: Operation.SPLIT_COLUMNS on slice (107, 11) (remaining tasks 35)
2025-04-21 22:39:45,711 [DEBUG]  		found 1 col clusters (in 0.21743 secs)
2025-04-21 22:39:45,712 [DEBUG]  OP: Operation.NAIVE_FACTORIZATION on slice (21, 11) (remaining tasks 35)
2025-04-21 22:39:45,717 [DEBUG]  		naive factorization 11 columns (in 0.00447 secs)
2025-04-21 22:39:45,717 [DEBUG]  OP: Operation.NAIVE_FACTORIZATION on slice (61, 11) (remaining tasks 34)
2025-04-21 22:39:45,721 [DEBUG]  		naive factorization 11 columns (in 0.00391 secs)
2025-04-21 22:39:45,722 [DEBUG]  OP: Operation.NAIVE_FACTORIZATION on slice (57, 11) (remaining tasks 33)
2025-04-21 22:39:45,726 [DEBUG]  		naive factorization 11 columns (in 0.00407 secs)
2025-04-21 22:39:45,726 [DEBUG]  OP: Operation.NAIVE_FACTORIZATION on slice (59, 11) (remaining tasks 32)
2025-04-21 22:39:45,732 [DEBUG]  		naive factorization 11 columns (in 0.00494 secs)
2025-04-21 22:39:45,732 [DEBUG]  OP: Operation.NAIVE_FACTORIZATION on slice (67, 11) (remaining tasks 31)
2025-04-21 22:39:45,736 [DEBUG]  		naive factorization 11 columns (in 0.00411 secs)
2025-04-21 22:39:45,737 [DEBUG]  OP: Operation.NAIVE_FACTORIZATION on slice (18, 11) (remaining tasks 30)
2025-04-21 22:39:45,741 [DEBUG]  		naive factorization 11 columns (in 0.00382 secs)
2025-04-21 22:39:45,741 [DEBUG]  OP: Operation.SPLIT_ROWS on slice (102, 11) (remaining tasks 29)
2025-04-21 22:39:45,786 [DEBUG]  		found 2 row clusters (in 0.04458 secs)
2025-04-21 22:39:45,787 [DEBUG]  OP: Operation.SPLIT_ROWS on slice (96, 11) (remaining tasks 30)
2025-04-21 22:39:45,814 [DEBUG]  		found 2 row clusters (in 0.02716 secs)
2025-04-21 22:39:45,814 [DEBUG]  OP: Operation.SPLIT_ROWS on slice (684, 9) (remaining tasks 31)
2025-04-21 22:39:45,860 [DEBUG]  		found 2 row clusters (in 0.04544 secs)
2025-04-21 22:39:45,860 [DEBUG]  OP: Operation.SPLIT_ROWS on slice (136, 11) (remaining tasks 32)
2025-04-21 22:39:45,879 [DEBUG]  		found 2 row clusters (in 0.01903 secs)
2025-04-21 22:39:45,879 [DEBUG]  OP: Operation.SPLIT_ROWS on slice (165, 11) (remaining tasks 33)
2025-04-21 22:39:45,898 [DEBUG]  		found 2 row clusters (in 0.01892 secs)
2025-04-21 22:39:45,899 [DEBUG]  OP: Operation.SPLIT_ROWS on slice (221, 11) (remaining tasks 34)
2025-04-21 22:39:45,923 [DEBUG]  		found 2 row clusters (in 0.02420 secs)
2025-04-21 22:39:45,923 [DEBUG]  OP: Operation.SPLIT_ROWS on slice (211, 11) (remaining tasks 35)
2025-04-21 22:39:45,947 [DEBUG]  		found 2 row clusters (in 0.02419 secs)
2025-04-21 22:39:45,947 [DEBUG]  OP: Operation.SPLIT_ROWS on slice (145, 11) (remaining tasks 36)
2025-04-21 22:39:45,963 [DEBUG]  		found 2 row clusters (in 0.01516 secs)
2025-04-21 22:39:45,963 [DEBUG]  OP: Operation.SPLIT_ROWS on slice (108, 11) (remaining tasks 37)
2025-04-21 22:39:45,982 [DEBUG]  		found 2 row clusters (in 0.01859 secs)
2025-04-21 22:39:45,982 [DEBUG]  OP: Operation.SPLIT_ROWS on slice (145, 11) (remaining tasks 38)
2025-04-21 22:39:46,000 [DEBUG]  		found 2 row clusters (in 0.01847 secs)
2025-04-21 22:39:46,001 [DEBUG]  OP: Operation.SPLIT_ROWS on slice (102, 11) (remaining tasks 39)
2025-04-21 22:39:46,013 [DEBUG]  		found 2 row clusters (in 0.01276 secs)
2025-04-21 22:39:46,014 [DEBUG]  OP: Operation.SPLIT_ROWS on slice (127, 11) (remaining tasks 40)
2025-04-21 22:39:46,031 [DEBUG]  		found 2 row clusters (in 0.01722 secs)
2025-04-21 22:39:46,031 [DEBUG]  OP: Operation.SPLIT_ROWS on slice (126, 11) (remaining tasks 41)
2025-04-21 22:39:46,045 [DEBUG]  		found 2 row clusters (in 0.01400 secs)
2025-04-21 22:39:46,045 [DEBUG]  OP: Operation.SPLIT_ROWS on slice (164, 11) (remaining tasks 42)
2025-04-21 22:39:46,063 [DEBUG]  		found 2 row clusters (in 0.01791 secs)
2025-04-21 22:39:46,063 [DEBUG]  OP: Operation.SPLIT_ROWS on slice (117, 11) (remaining tasks 43)
2025-04-21 22:39:46,079 [DEBUG]  		found 2 row clusters (in 0.01561 secs)
2025-04-21 22:39:46,079 [DEBUG]  OP: Operation.SPLIT_ROWS on slice (96, 11) (remaining tasks 44)
2025-04-21 22:39:46,096 [DEBUG]  		found 2 row clusters (in 0.01662 secs)
2025-04-21 22:39:46,096 [DEBUG]  OP: Operation.SPLIT_ROWS on slice (174, 11) (remaining tasks 45)
2025-04-21 22:39:46,121 [DEBUG]  		found 2 row clusters (in 0.02455 secs)
2025-04-21 22:39:46,121 [DEBUG]  OP: Operation.SPLIT_ROWS on slice (225, 11) (remaining tasks 46)
2025-04-21 22:39:46,144 [DEBUG]  		found 2 row clusters (in 0.02281 secs)
2025-04-21 22:39:46,144 [DEBUG]  OP: Operation.SPLIT_ROWS on slice (231, 11) (remaining tasks 47)
2025-04-21 22:39:46,166 [DEBUG]  		found 2 row clusters (in 0.02179 secs)
2025-04-21 22:39:46,166 [DEBUG]  OP: Operation.SPLIT_ROWS on slice (216, 11) (remaining tasks 48)
2025-04-21 22:39:46,186 [DEBUG]  		found 2 row clusters (in 0.02000 secs)
2025-04-21 22:39:46,186 [DEBUG]  OP: Operation.SPLIT_ROWS on slice (327, 11) (remaining tasks 49)
2025-04-21 22:39:46,211 [DEBUG]  		found 2 row clusters (in 0.02460 secs)
2025-04-21 22:39:46,211 [DEBUG]  OP: Operation.SPLIT_ROWS on slice (322, 11) (remaining tasks 50)
2025-04-21 22:39:46,235 [DEBUG]  		found 2 row clusters (in 0.02390 secs)
2025-04-21 22:39:46,235 [DEBUG]  OP: Operation.SPLIT_ROWS on slice (175, 11) (remaining tasks 51)
2025-04-21 22:39:46,253 [DEBUG]  		found 2 row clusters (in 0.01709 secs)
2025-04-21 22:39:46,253 [DEBUG]  OP: Operation.SPLIT_COLUMNS on slice (141, 10) (remaining tasks 52)
2025-04-21 22:39:46,469 [DEBUG]  		found 1 col clusters (in 0.21623 secs)
2025-04-21 22:39:46,469 [DEBUG]  OP: Operation.SPLIT_COLUMNS on slice (183, 10) (remaining tasks 52)
2025-04-21 22:39:46,859 [DEBUG]  		found 1 col clusters (in 0.38888 secs)
2025-04-21 22:39:46,859 [DEBUG]  OP: Operation.SPLIT_COLUMNS on slice (117, 10) (remaining tasks 52)
2025-04-21 22:39:47,069 [DEBUG]  		found 1 col clusters (in 0.20968 secs)
2025-04-21 22:39:47,069 [DEBUG]  OP: Operation.NAIVE_FACTORIZATION on slice (51, 10) (remaining tasks 52)
2025-04-21 22:39:47,073 [DEBUG]  		naive factorization 10 columns (in 0.00350 secs)
2025-04-21 22:39:47,074 [DEBUG]  OP: Operation.SPLIT_ROWS on slice (86, 11) (remaining tasks 51)
2025-04-21 22:39:47,120 [DEBUG]  		found 2 row clusters (in 0.04625 secs)
2025-04-21 22:39:47,120 [DEBUG]  OP: Operation.SPLIT_ROWS on slice (93, 11) (remaining tasks 52)
2025-04-21 22:39:47,153 [DEBUG]  		found 2 row clusters (in 0.03234 secs)
2025-04-21 22:39:47,153 [DEBUG]  OP: Operation.SPLIT_ROWS on slice (107, 11) (remaining tasks 53)
2025-04-21 22:39:47,178 [DEBUG]  		found 2 row clusters (in 0.02462 secs)
2025-04-21 22:39:47,178 [DEBUG]  OP: Operation.NAIVE_FACTORIZATION on slice (48, 11) (remaining tasks 54)
2025-04-21 22:39:47,182 [DEBUG]  		naive factorization 11 columns (in 0.00410 secs)
2025-04-21 22:39:47,183 [DEBUG]  OP: Operation.NAIVE_FACTORIZATION on slice (54, 11) (remaining tasks 53)
2025-04-21 22:39:47,187 [DEBUG]  		naive factorization 11 columns (in 0.00388 secs)
2025-04-21 22:39:47,187 [DEBUG]  OP: Operation.NAIVE_FACTORIZATION on slice (44, 11) (remaining tasks 52)
2025-04-21 22:39:47,191 [DEBUG]  		naive factorization 11 columns (in 0.00387 secs)
2025-04-21 22:39:47,191 [DEBUG]  OP: Operation.NAIVE_FACTORIZATION on slice (52, 11) (remaining tasks 51)
2025-04-21 22:39:47,195 [DEBUG]  		naive factorization 11 columns (in 0.00425 secs)
2025-04-21 22:39:47,196 [DEBUG]  OP: Operation.SPLIT_COLUMNS on slice (465, 9) (remaining tasks 50)
2025-04-21 22:39:48,465 [DEBUG]  		found 1 col clusters (in 1.26929 secs)
2025-04-21 22:39:48,466 [DEBUG]  OP: Operation.SPLIT_COLUMNS on slice (219, 9) (remaining tasks 50)
2025-04-21 22:39:49,527 [DEBUG]  		found 1 col clusters (in 1.06115 secs)
2025-04-21 22:39:49,528 [DEBUG]  OP: Operation.NAIVE_FACTORIZATION on slice (70, 11) (remaining tasks 50)
2025-04-21 22:39:49,533 [DEBUG]  		naive factorization 11 columns (in 0.00428 secs)
2025-04-21 22:39:49,533 [DEBUG]  OP: Operation.NAIVE_FACTORIZATION on slice (66, 11) (remaining tasks 49)
2025-04-21 22:39:49,539 [DEBUG]  		naive factorization 11 columns (in 0.00618 secs)
2025-04-21 22:39:49,540 [DEBUG]  OP: Operation.NAIVE_FACTORIZATION on slice (19, 11) (remaining tasks 48)
2025-04-21 22:39:49,543 [DEBUG]  		naive factorization 11 columns (in 0.00339 secs)
2025-04-21 22:39:49,544 [DEBUG]  OP: Operation.SPLIT_COLUMNS on slice (146, 11) (remaining tasks 47)
2025-04-21 22:39:49,843 [DEBUG]  		found 1 col clusters (in 0.29900 secs)
2025-04-21 22:39:49,844 [DEBUG]  OP: Operation.SPLIT_COLUMNS on slice (215, 11) (remaining tasks 47)
2025-04-21 22:39:51,192 [DEBUG]  		found 1 col clusters (in 1.34841 secs)
2025-04-21 22:39:51,193 [DEBUG]  OP: Operation.NAIVE_FACTORIZATION on slice (6, 11) (remaining tasks 47)
2025-04-21 22:39:51,197 [DEBUG]  		naive factorization 11 columns (in 0.00445 secs)
2025-04-21 22:39:51,198 [DEBUG]  OP: Operation.SPLIT_COLUMNS on slice (169, 11) (remaining tasks 46)
2025-04-21 22:39:51,592 [DEBUG]  		found 1 col clusters (in 0.39417 secs)
2025-04-21 22:39:51,592 [DEBUG]  OP: Operation.NAIVE_FACTORIZATION on slice (42, 11) (remaining tasks 46)
2025-04-21 22:39:51,598 [DEBUG]  		naive factorization 11 columns (in 0.00522 secs)
2025-04-21 22:39:51,598 [DEBUG]  OP: Operation.NAIVE_FACTORIZATION on slice (50, 11) (remaining tasks 45)
2025-04-21 22:39:51,603 [DEBUG]  		naive factorization 11 columns (in 0.00508 secs)
2025-04-21 22:39:51,603 [DEBUG]  OP: Operation.SPLIT_COLUMNS on slice (95, 11) (remaining tasks 44)
2025-04-21 22:39:51,861 [DEBUG]  		found 1 col clusters (in 0.25745 secs)
2025-04-21 22:39:51,862 [DEBUG]  OP: Operation.NAIVE_FACTORIZATION on slice (67, 11) (remaining tasks 44)
2025-04-21 22:39:51,866 [DEBUG]  		naive factorization 11 columns (in 0.00445 secs)
2025-04-21 22:39:51,867 [DEBUG]  OP: Operation.NAIVE_FACTORIZATION on slice (41, 11) (remaining tasks 43)
2025-04-21 22:39:51,871 [DEBUG]  		naive factorization 11 columns (in 0.00366 secs)
2025-04-21 22:39:51,871 [DEBUG]  OP: Operation.SPLIT_COLUMNS on slice (80, 11) (remaining tasks 42)
2025-04-21 22:39:52,088 [DEBUG]  		found 1 col clusters (in 0.21674 secs)
2025-04-21 22:39:52,089 [DEBUG]  OP: Operation.NAIVE_FACTORIZATION on slice (65, 11) (remaining tasks 42)
2025-04-21 22:39:52,093 [DEBUG]  		naive factorization 11 columns (in 0.00406 secs)
2025-04-21 22:39:52,093 [DEBUG]  OP: Operation.SPLIT_COLUMNS on slice (79, 11) (remaining tasks 41)
2025-04-21 22:39:52,312 [DEBUG]  		found 1 col clusters (in 0.21817 secs)
2025-04-21 22:39:52,312 [DEBUG]  OP: Operation.NAIVE_FACTORIZATION on slice (23, 11) (remaining tasks 41)
2025-04-21 22:39:52,316 [DEBUG]  		naive factorization 11 columns (in 0.00378 secs)
2025-04-21 22:39:52,317 [DEBUG]  OP: Operation.SPLIT_COLUMNS on slice (119, 11) (remaining tasks 40)
2025-04-21 22:39:52,537 [DEBUG]  		found 1 col clusters (in 0.21970 secs)
2025-04-21 22:39:52,537 [DEBUG]  OP: Operation.NAIVE_FACTORIZATION on slice (8, 11) (remaining tasks 40)
2025-04-21 22:39:52,541 [DEBUG]  		naive factorization 11 columns (in 0.00339 secs)
2025-04-21 22:39:52,541 [DEBUG]  OP: Operation.SPLIT_COLUMNS on slice (123, 11) (remaining tasks 39)
2025-04-21 22:39:52,782 [DEBUG]  		found 1 col clusters (in 0.24038 secs)
2025-04-21 22:39:52,782 [DEBUG]  OP: Operation.NAIVE_FACTORIZATION on slice (3, 11) (remaining tasks 39)
2025-04-21 22:39:52,786 [DEBUG]  		naive factorization 11 columns (in 0.00358 secs)
2025-04-21 22:39:52,787 [DEBUG]  OP: Operation.NAIVE_FACTORIZATION on slice (69, 11) (remaining tasks 38)
2025-04-21 22:39:52,792 [DEBUG]  		naive factorization 11 columns (in 0.00513 secs)
2025-04-21 22:39:52,793 [DEBUG]  OP: Operation.SPLIT_COLUMNS on slice (95, 11) (remaining tasks 37)
2025-04-21 22:39:53,013 [DEBUG]  		found 1 col clusters (in 0.22025 secs)
2025-04-21 22:39:53,014 [DEBUG]  OP: Operation.NAIVE_FACTORIZATION on slice (18, 11) (remaining tasks 37)
2025-04-21 22:39:53,017 [DEBUG]  		naive factorization 11 columns (in 0.00343 secs)
2025-04-21 22:39:53,018 [DEBUG]  OP: Operation.SPLIT_COLUMNS on slice (99, 11) (remaining tasks 36)
2025-04-21 22:39:53,255 [DEBUG]  		found 1 col clusters (in 0.23705 secs)
2025-04-21 22:39:53,255 [DEBUG]  OP: Operation.NAIVE_FACTORIZATION on slice (49, 11) (remaining tasks 36)
2025-04-21 22:39:53,260 [DEBUG]  		naive factorization 11 columns (in 0.00406 secs)
2025-04-21 22:39:53,260 [DEBUG]  OP: Operation.NAIVE_FACTORIZATION on slice (47, 11) (remaining tasks 35)
2025-04-21 22:39:53,264 [DEBUG]  		naive factorization 11 columns (in 0.00372 secs)
2025-04-21 22:39:53,265 [DEBUG]  OP: Operation.SPLIT_COLUMNS on slice (157, 11) (remaining tasks 34)
2025-04-21 22:39:53,489 [DEBUG]  		found 1 col clusters (in 0.22409 secs)
2025-04-21 22:39:53,489 [DEBUG]  OP: Operation.NAIVE_FACTORIZATION on slice (17, 11) (remaining tasks 34)
2025-04-21 22:39:53,494 [DEBUG]  		naive factorization 11 columns (in 0.00446 secs)
2025-04-21 22:39:53,494 [DEBUG]  OP: Operation.SPLIT_COLUMNS on slice (138, 11) (remaining tasks 33)
2025-04-21 22:39:53,797 [DEBUG]  		found 1 col clusters (in 0.30217 secs)
2025-04-21 22:39:53,797 [DEBUG]  OP: Operation.SPLIT_COLUMNS on slice (87, 11) (remaining tasks 33)
2025-04-21 22:39:54,156 [DEBUG]  		found 1 col clusters (in 0.35850 secs)
2025-04-21 22:39:54,156 [DEBUG]  OP: Operation.SPLIT_COLUMNS on slice (115, 11) (remaining tasks 33)
2025-04-21 22:39:54,376 [DEBUG]  		found 1 col clusters (in 0.21955 secs)
2025-04-21 22:39:54,377 [DEBUG]  OP: Operation.SPLIT_COLUMNS on slice (116, 11) (remaining tasks 33)
2025-04-21 22:39:54,604 [DEBUG]  		found 1 col clusters (in 0.22736 secs)
2025-04-21 22:39:54,605 [DEBUG]  OP: Operation.SPLIT_COLUMNS on slice (187, 11) (remaining tasks 33)
2025-04-21 22:39:54,927 [DEBUG]  		found 1 col clusters (in 0.32214 secs)
2025-04-21 22:39:54,927 [DEBUG]  OP: Operation.NAIVE_FACTORIZATION on slice (29, 11) (remaining tasks 33)
2025-04-21 22:39:54,931 [DEBUG]  		naive factorization 11 columns (in 0.00368 secs)
2025-04-21 22:39:54,931 [DEBUG]  OP: Operation.SPLIT_COLUMNS on slice (214, 11) (remaining tasks 32)
2025-04-21 22:39:56,310 [DEBUG]  		found 1 col clusters (in 1.37847 secs)
2025-04-21 22:39:56,310 [DEBUG]  OP: Operation.SPLIT_COLUMNS on slice (113, 11) (remaining tasks 32)
2025-04-21 22:39:56,644 [DEBUG]  		found 1 col clusters (in 0.33371 secs)
2025-04-21 22:39:56,645 [DEBUG]  OP: Operation.SPLIT_COLUMNS on slice (170, 11) (remaining tasks 32)
2025-04-21 22:39:56,963 [DEBUG]  		found 1 col clusters (in 0.31806 secs)
2025-04-21 22:39:56,963 [DEBUG]  OP: Operation.SPLIT_COLUMNS on slice (152, 11) (remaining tasks 32)
2025-04-21 22:39:57,244 [DEBUG]  		found 1 col clusters (in 0.28004 secs)
2025-04-21 22:39:57,244 [DEBUG]  OP: Operation.SPLIT_COLUMNS on slice (77, 11) (remaining tasks 32)
2025-04-21 22:39:57,547 [DEBUG]  		found 1 col clusters (in 0.30286 secs)
2025-04-21 22:39:57,548 [DEBUG]  OP: Operation.SPLIT_COLUMNS on slice (98, 11) (remaining tasks 32)
2025-04-21 22:39:57,770 [DEBUG]  		found 1 col clusters (in 0.22175 secs)
2025-04-21 22:39:57,770 [DEBUG]  OP: Operation.SPLIT_ROWS on slice (141, 10) (remaining tasks 32)
2025-04-21 22:39:57,831 [DEBUG]  		found 2 row clusters (in 0.06013 secs)
2025-04-21 22:39:57,831 [DEBUG]  OP: Operation.SPLIT_ROWS on slice (183, 10) (remaining tasks 33)
2025-04-21 22:39:57,869 [DEBUG]  		found 2 row clusters (in 0.03743 secs)
2025-04-21 22:39:57,869 [DEBUG]  OP: Operation.SPLIT_ROWS on slice (117, 10) (remaining tasks 34)
2025-04-21 22:39:57,890 [DEBUG]  		found 2 row clusters (in 0.02100 secs)
2025-04-21 22:39:57,890 [DEBUG]  OP: Operation.NAIVE_FACTORIZATION on slice (21, 11) (remaining tasks 35)
2025-04-21 22:39:57,896 [DEBUG]  		naive factorization 11 columns (in 0.00557 secs)
2025-04-21 22:39:57,896 [DEBUG]  OP: Operation.NAIVE_FACTORIZATION on slice (65, 11) (remaining tasks 34)
2025-04-21 22:39:57,900 [DEBUG]  		naive factorization 11 columns (in 0.00356 secs)
2025-04-21 22:39:57,900 [DEBUG]  OP: Operation.NAIVE_FACTORIZATION on slice (47, 11) (remaining tasks 33)
2025-04-21 22:39:57,904 [DEBUG]  		naive factorization 11 columns (in 0.00378 secs)
2025-04-21 22:39:57,905 [DEBUG]  OP: Operation.NAIVE_FACTORIZATION on slice (46, 11) (remaining tasks 32)
2025-04-21 22:39:57,909 [DEBUG]  		naive factorization 11 columns (in 0.00418 secs)
2025-04-21 22:39:57,910 [DEBUG]  OP: Operation.NAIVE_FACTORIZATION on slice (68, 11) (remaining tasks 31)
2025-04-21 22:39:57,914 [DEBUG]  		naive factorization 11 columns (in 0.00483 secs)
2025-04-21 22:39:57,915 [DEBUG]  OP: Operation.NAIVE_FACTORIZATION on slice (39, 11) (remaining tasks 30)
2025-04-21 22:39:57,919 [DEBUG]  		naive factorization 11 columns (in 0.00395 secs)
2025-04-21 22:39:57,920 [DEBUG]  OP: Operation.SPLIT_ROWS on slice (465, 9) (remaining tasks 29)
2025-04-21 22:39:57,962 [DEBUG]  		found 2 row clusters (in 0.04194 secs)
2025-04-21 22:39:57,962 [DEBUG]  OP: Operation.SPLIT_ROWS on slice (219, 9) (remaining tasks 30)
2025-04-21 22:39:57,978 [DEBUG]  		found 2 row clusters (in 0.01586 secs)
2025-04-21 22:39:57,978 [DEBUG]  OP: Operation.SPLIT_ROWS on slice (146, 11) (remaining tasks 31)
2025-04-21 22:39:57,999 [DEBUG]  		found 2 row clusters (in 0.02064 secs)
2025-04-21 22:39:57,999 [DEBUG]  OP: Operation.SPLIT_ROWS on slice (215, 11) (remaining tasks 32)
2025-04-21 22:39:58,023 [DEBUG]  		found 2 row clusters (in 0.02398 secs)
2025-04-21 22:39:58,023 [DEBUG]  OP: Operation.SPLIT_ROWS on slice (169, 11) (remaining tasks 33)
2025-04-21 22:39:58,051 [DEBUG]  		found 2 row clusters (in 0.02763 secs)
2025-04-21 22:39:58,051 [DEBUG]  OP: Operation.SPLIT_ROWS on slice (95, 11) (remaining tasks 34)
2025-04-21 22:39:58,069 [DEBUG]  		found 2 row clusters (in 0.01743 secs)
2025-04-21 22:39:58,069 [DEBUG]  OP: Operation.SPLIT_ROWS on slice (80, 11) (remaining tasks 35)
2025-04-21 22:39:58,083 [DEBUG]  		found 2 row clusters (in 0.01408 secs)
2025-04-21 22:39:58,083 [DEBUG]  OP: Operation.SPLIT_ROWS on slice (79, 11) (remaining tasks 36)
2025-04-21 22:39:58,100 [DEBUG]  		found 2 row clusters (in 0.01700 secs)
2025-04-21 22:39:58,100 [DEBUG]  OP: Operation.SPLIT_ROWS on slice (119, 11) (remaining tasks 37)
2025-04-21 22:39:58,123 [DEBUG]  		found 2 row clusters (in 0.02289 secs)
2025-04-21 22:39:58,124 [DEBUG]  OP: Operation.SPLIT_ROWS on slice (123, 11) (remaining tasks 38)
2025-04-21 22:39:58,141 [DEBUG]  		found 2 row clusters (in 0.01733 secs)
2025-04-21 22:39:58,141 [DEBUG]  OP: Operation.SPLIT_ROWS on slice (95, 11) (remaining tasks 39)
2025-04-21 22:39:58,158 [DEBUG]  		found 2 row clusters (in 0.01626 secs)
2025-04-21 22:39:58,158 [DEBUG]  OP: Operation.SPLIT_ROWS on slice (99, 11) (remaining tasks 40)
2025-04-21 22:39:58,177 [DEBUG]  		found 2 row clusters (in 0.01933 secs)
2025-04-21 22:39:58,177 [DEBUG]  OP: Operation.SPLIT_ROWS on slice (157, 11) (remaining tasks 41)
2025-04-21 22:39:58,195 [DEBUG]  		found 2 row clusters (in 0.01806 secs)
2025-04-21 22:39:58,196 [DEBUG]  OP: Operation.SPLIT_ROWS on slice (138, 11) (remaining tasks 42)
2025-04-21 22:39:58,214 [DEBUG]  		found 2 row clusters (in 0.01819 secs)
2025-04-21 22:39:58,214 [DEBUG]  OP: Operation.SPLIT_ROWS on slice (87, 11) (remaining tasks 43)
2025-04-21 22:39:58,229 [DEBUG]  		found 2 row clusters (in 0.01522 secs)
2025-04-21 22:39:58,230 [DEBUG]  OP: Operation.SPLIT_ROWS on slice (115, 11) (remaining tasks 44)
2025-04-21 22:39:58,247 [DEBUG]  		found 2 row clusters (in 0.01751 secs)
2025-04-21 22:39:58,247 [DEBUG]  OP: Operation.SPLIT_ROWS on slice (116, 11) (remaining tasks 45)
2025-04-21 22:39:58,261 [DEBUG]  		found 2 row clusters (in 0.01353 secs)
2025-04-21 22:39:58,261 [DEBUG]  OP: Operation.SPLIT_ROWS on slice (187, 11) (remaining tasks 46)
2025-04-21 22:39:58,290 [DEBUG]  		found 2 row clusters (in 0.02832 secs)
2025-04-21 22:39:58,290 [DEBUG]  OP: Operation.SPLIT_ROWS on slice (214, 11) (remaining tasks 47)
2025-04-21 22:39:58,318 [DEBUG]  		found 2 row clusters (in 0.02786 secs)
2025-04-21 22:39:58,318 [DEBUG]  OP: Operation.SPLIT_ROWS on slice (113, 11) (remaining tasks 48)
2025-04-21 22:39:58,336 [DEBUG]  		found 2 row clusters (in 0.01798 secs)
2025-04-21 22:39:58,336 [DEBUG]  OP: Operation.SPLIT_ROWS on slice (170, 11) (remaining tasks 49)
2025-04-21 22:39:58,356 [DEBUG]  		found 2 row clusters (in 0.01992 secs)
2025-04-21 22:39:58,356 [DEBUG]  OP: Operation.SPLIT_ROWS on slice (152, 11) (remaining tasks 50)
2025-04-21 22:39:58,376 [DEBUG]  		found 2 row clusters (in 0.02000 secs)
2025-04-21 22:39:58,377 [DEBUG]  OP: Operation.SPLIT_ROWS on slice (77, 11) (remaining tasks 51)
2025-04-21 22:39:58,391 [DEBUG]  		found 2 row clusters (in 0.01453 secs)
2025-04-21 22:39:58,391 [DEBUG]  OP: Operation.SPLIT_ROWS on slice (98, 11) (remaining tasks 52)
2025-04-21 22:39:58,407 [DEBUG]  		found 2 row clusters (in 0.01518 secs)
2025-04-21 22:39:58,407 [DEBUG]  OP: Operation.NAIVE_FACTORIZATION on slice (76, 10) (remaining tasks 53)
2025-04-21 22:39:58,412 [DEBUG]  		naive factorization 10 columns (in 0.00478 secs)
2025-04-21 22:39:58,412 [DEBUG]  OP: Operation.NAIVE_FACTORIZATION on slice (65, 10) (remaining tasks 52)
2025-04-21 22:39:58,417 [DEBUG]  		naive factorization 10 columns (in 0.00465 secs)
2025-04-21 22:39:58,417 [DEBUG]  OP: Operation.SPLIT_COLUMNS on slice (132, 10) (remaining tasks 51)
2025-04-21 22:39:58,627 [DEBUG]  		found 1 col clusters (in 0.21054 secs)
2025-04-21 22:39:58,628 [DEBUG]  OP: Operation.NAIVE_FACTORIZATION on slice (51, 10) (remaining tasks 51)
2025-04-21 22:39:58,632 [DEBUG]  		naive factorization 10 columns (in 0.00388 secs)
2025-04-21 22:39:58,632 [DEBUG]  OP: Operation.NAIVE_FACTORIZATION on slice (64, 10) (remaining tasks 50)
2025-04-21 22:39:58,636 [DEBUG]  		naive factorization 10 columns (in 0.00408 secs)
2025-04-21 22:39:58,636 [DEBUG]  OP: Operation.NAIVE_FACTORIZATION on slice (53, 10) (remaining tasks 49)
2025-04-21 22:39:58,640 [DEBUG]  		naive factorization 10 columns (in 0.00299 secs)
2025-04-21 22:39:58,640 [DEBUG]  OP: Operation.SPLIT_COLUMNS on slice (225, 9) (remaining tasks 48)
2025-04-21 22:39:59,706 [DEBUG]  		found 1 col clusters (in 1.06571 secs)
2025-04-21 22:39:59,711 [DEBUG]  OP: Operation.SPLIT_COLUMNS on slice (240, 9) (remaining tasks 48)
2025-04-21 22:40:00,736 [DEBUG]  		found 1 col clusters (in 1.02488 secs)
2025-04-21 22:40:00,737 [DEBUG]  OP: Operation.SPLIT_COLUMNS on slice (193, 9) (remaining tasks 48)
2025-04-21 22:40:01,700 [DEBUG]  		found 1 col clusters (in 0.96327 secs)
2025-04-21 22:40:01,701 [DEBUG]  OP: Operation.NAIVE_FACTORIZATION on slice (26, 9) (remaining tasks 48)
2025-04-21 22:40:01,706 [DEBUG]  		naive factorization 9 columns (in 0.00519 secs)
2025-04-21 22:40:01,706 [DEBUG]  OP: Operation.NAIVE_FACTORIZATION on slice (59, 11) (remaining tasks 47)
2025-04-21 22:40:01,713 [DEBUG]  		naive factorization 11 columns (in 0.00629 secs)
2025-04-21 22:40:01,713 [DEBUG]  OP: Operation.SPLIT_COLUMNS on slice (87, 11) (remaining tasks 46)
2025-04-21 22:40:01,996 [DEBUG]  		found 1 col clusters (in 0.28298 secs)
2025-04-21 22:40:01,997 [DEBUG]  OP: Operation.SPLIT_COLUMNS on slice (84, 11) (remaining tasks 46)
2025-04-21 22:40:02,221 [DEBUG]  		found 1 col clusters (in 0.22462 secs)
2025-04-21 22:40:02,222 [DEBUG]  OP: Operation.SPLIT_COLUMNS on slice (131, 11) (remaining tasks 46)
2025-04-21 22:40:02,538 [DEBUG]  		found 1 col clusters (in 0.31601 secs)
2025-04-21 22:40:02,539 [DEBUG]  OP: Operation.SPLIT_COLUMNS on slice (114, 11) (remaining tasks 46)
2025-04-21 22:40:02,773 [DEBUG]  		found 1 col clusters (in 0.23419 secs)
2025-04-21 22:40:02,774 [DEBUG]  OP: Operation.NAIVE_FACTORIZATION on slice (55, 11) (remaining tasks 46)
2025-04-21 22:40:02,778 [DEBUG]  		naive factorization 11 columns (in 0.00394 secs)
2025-04-21 22:40:02,778 [DEBUG]  OP: Operation.NAIVE_FACTORIZATION on slice (50, 11) (remaining tasks 45)
2025-04-21 22:40:02,783 [DEBUG]  		naive factorization 11 columns (in 0.00466 secs)
2025-04-21 22:40:02,784 [DEBUG]  OP: Operation.NAIVE_FACTORIZATION on slice (45, 11) (remaining tasks 44)
2025-04-21 22:40:02,788 [DEBUG]  		naive factorization 11 columns (in 0.00379 secs)
2025-04-21 22:40:02,788 [DEBUG]  OP: Operation.NAIVE_FACTORIZATION on slice (23, 11) (remaining tasks 43)
2025-04-21 22:40:02,793 [DEBUG]  		naive factorization 11 columns (in 0.00457 secs)
2025-04-21 22:40:02,794 [DEBUG]  OP: Operation.NAIVE_FACTORIZATION on slice (57, 11) (remaining tasks 42)
2025-04-21 22:40:02,798 [DEBUG]  		naive factorization 11 columns (in 0.00385 secs)
2025-04-21 22:40:02,798 [DEBUG]  OP: Operation.NAIVE_FACTORIZATION on slice (31, 11) (remaining tasks 41)
2025-04-21 22:40:02,802 [DEBUG]  		naive factorization 11 columns (in 0.00368 secs)
2025-04-21 22:40:02,802 [DEBUG]  OP: Operation.NAIVE_FACTORIZATION on slice (48, 11) (remaining tasks 40)
2025-04-21 22:40:02,807 [DEBUG]  		naive factorization 11 columns (in 0.00464 secs)
2025-04-21 22:40:02,808 [DEBUG]  OP: Operation.NAIVE_FACTORIZATION on slice (64, 11) (remaining tasks 39)
2025-04-21 22:40:02,812 [DEBUG]  		naive factorization 11 columns (in 0.00410 secs)
2025-04-21 22:40:02,813 [DEBUG]  OP: Operation.NAIVE_FACTORIZATION on slice (55, 11) (remaining tasks 38)
2025-04-21 22:40:02,817 [DEBUG]  		naive factorization 11 columns (in 0.00460 secs)
2025-04-21 22:40:02,818 [DEBUG]  OP: Operation.SPLIT_COLUMNS on slice (100, 11) (remaining tasks 37)
2025-04-21 22:40:03,043 [DEBUG]  		found 1 col clusters (in 0.22462 secs)
2025-04-21 22:40:03,043 [DEBUG]  OP: Operation.NAIVE_FACTORIZATION on slice (23, 11) (remaining tasks 37)
2025-04-21 22:40:03,047 [DEBUG]  		naive factorization 11 columns (in 0.00353 secs)
2025-04-21 22:40:03,048 [DEBUG]  OP: Operation.NAIVE_FACTORIZATION on slice (54, 11) (remaining tasks 36)
2025-04-21 22:40:03,052 [DEBUG]  		naive factorization 11 columns (in 0.00388 secs)
2025-04-21 22:40:03,052 [DEBUG]  OP: Operation.NAIVE_FACTORIZATION on slice (41, 11) (remaining tasks 35)
2025-04-21 22:40:03,057 [DEBUG]  		naive factorization 11 columns (in 0.00481 secs)
2025-04-21 22:40:03,058 [DEBUG]  OP: Operation.NAIVE_FACTORIZATION on slice (39, 11) (remaining tasks 34)
2025-04-21 22:40:03,062 [DEBUG]  		naive factorization 11 columns (in 0.00375 secs)
2025-04-21 22:40:03,062 [DEBUG]  OP: Operation.NAIVE_FACTORIZATION on slice (60, 11) (remaining tasks 33)
2025-04-21 22:40:03,066 [DEBUG]  		naive factorization 11 columns (in 0.00394 secs)
2025-04-21 22:40:03,067 [DEBUG]  OP: Operation.NAIVE_FACTORIZATION on slice (66, 11) (remaining tasks 32)
2025-04-21 22:40:03,072 [DEBUG]  		naive factorization 11 columns (in 0.00468 secs)
2025-04-21 22:40:03,072 [DEBUG]  OP: Operation.SPLIT_COLUMNS on slice (91, 11) (remaining tasks 31)
2025-04-21 22:40:03,304 [DEBUG]  		found 1 col clusters (in 0.23124 secs)
2025-04-21 22:40:03,304 [DEBUG]  OP: Operation.NAIVE_FACTORIZATION on slice (70, 11) (remaining tasks 31)
2025-04-21 22:40:03,308 [DEBUG]  		naive factorization 11 columns (in 0.00400 secs)
2025-04-21 22:40:03,309 [DEBUG]  OP: Operation.NAIVE_FACTORIZATION on slice (68, 11) (remaining tasks 30)
2025-04-21 22:40:03,313 [DEBUG]  		naive factorization 11 columns (in 0.00400 secs)
2025-04-21 22:40:03,314 [DEBUG]  OP: Operation.SPLIT_COLUMNS on slice (83, 11) (remaining tasks 29)
2025-04-21 22:40:03,531 [DEBUG]  		found 1 col clusters (in 0.21717 secs)
2025-04-21 22:40:03,531 [DEBUG]  OP: Operation.NAIVE_FACTORIZATION on slice (4, 11) (remaining tasks 29)
2025-04-21 22:40:03,536 [DEBUG]  		naive factorization 11 columns (in 0.00423 secs)
2025-04-21 22:40:03,536 [DEBUG]  OP: Operation.NAIVE_FACTORIZATION on slice (67, 11) (remaining tasks 28)
2025-04-21 22:40:03,541 [DEBUG]  		naive factorization 11 columns (in 0.00409 secs)
2025-04-21 22:40:03,541 [DEBUG]  OP: Operation.NAIVE_FACTORIZATION on slice (48, 11) (remaining tasks 27)
2025-04-21 22:40:03,545 [DEBUG]  		naive factorization 11 columns (in 0.00384 secs)
2025-04-21 22:40:03,546 [DEBUG]  OP: Operation.NAIVE_FACTORIZATION on slice (10, 11) (remaining tasks 26)
2025-04-21 22:40:03,551 [DEBUG]  		naive factorization 11 columns (in 0.00512 secs)
2025-04-21 22:40:03,552 [DEBUG]  OP: Operation.SPLIT_COLUMNS on slice (106, 11) (remaining tasks 25)
2025-04-21 22:40:03,768 [DEBUG]  		found 1 col clusters (in 0.21609 secs)
2025-04-21 22:40:03,768 [DEBUG]  OP: Operation.SPLIT_COLUMNS on slice (158, 11) (remaining tasks 25)
2025-04-21 22:40:04,093 [DEBUG]  		found 1 col clusters (in 0.32400 secs)
2025-04-21 22:40:04,093 [DEBUG]  OP: Operation.NAIVE_FACTORIZATION on slice (29, 11) (remaining tasks 25)
2025-04-21 22:40:04,098 [DEBUG]  		naive factorization 11 columns (in 0.00448 secs)
2025-04-21 22:40:04,098 [DEBUG]  OP: Operation.SPLIT_COLUMNS on slice (100, 11) (remaining tasks 24)
2025-04-21 22:40:04,354 [DEBUG]  		found 1 col clusters (in 0.25593 secs)
2025-04-21 22:40:04,354 [DEBUG]  OP: Operation.SPLIT_COLUMNS on slice (114, 11) (remaining tasks 24)
2025-04-21 22:40:04,570 [DEBUG]  		found 1 col clusters (in 0.21524 secs)
2025-04-21 22:40:04,570 [DEBUG]  OP: Operation.NAIVE_FACTORIZATION on slice (52, 11) (remaining tasks 24)
2025-04-21 22:40:04,574 [DEBUG]  		naive factorization 11 columns (in 0.00330 secs)
2025-04-21 22:40:04,575 [DEBUG]  OP: Operation.NAIVE_FACTORIZATION on slice (61, 11) (remaining tasks 23)
2025-04-21 22:40:04,579 [DEBUG]  		naive factorization 11 columns (in 0.00401 secs)
2025-04-21 22:40:04,579 [DEBUG]  OP: Operation.SPLIT_COLUMNS on slice (156, 11) (remaining tasks 22)
2025-04-21 22:40:04,902 [DEBUG]  		found 1 col clusters (in 0.32235 secs)
2025-04-21 22:40:04,902 [DEBUG]  OP: Operation.NAIVE_FACTORIZATION on slice (14, 11) (remaining tasks 22)
2025-04-21 22:40:04,906 [DEBUG]  		naive factorization 11 columns (in 0.00380 secs)
2025-04-21 22:40:04,907 [DEBUG]  OP: Operation.SPLIT_COLUMNS on slice (122, 11) (remaining tasks 21)
2025-04-21 22:40:05,170 [DEBUG]  		found 1 col clusters (in 0.26335 secs)
2025-04-21 22:40:05,171 [DEBUG]  OP: Operation.NAIVE_FACTORIZATION on slice (30, 11) (remaining tasks 21)
2025-04-21 22:40:05,175 [DEBUG]  		naive factorization 11 columns (in 0.00380 secs)
2025-04-21 22:40:05,175 [DEBUG]  OP: Operation.NAIVE_FACTORIZATION on slice (40, 11) (remaining tasks 20)
2025-04-21 22:40:05,180 [DEBUG]  		naive factorization 11 columns (in 0.00467 secs)
2025-04-21 22:40:05,181 [DEBUG]  OP: Operation.NAIVE_FACTORIZATION on slice (37, 11) (remaining tasks 19)
2025-04-21 22:40:05,185 [DEBUG]  		naive factorization 11 columns (in 0.00382 secs)
2025-04-21 22:40:05,185 [DEBUG]  OP: Operation.NAIVE_FACTORIZATION on slice (38, 11) (remaining tasks 18)
2025-04-21 22:40:05,189 [DEBUG]  		naive factorization 11 columns (in 0.00363 secs)
2025-04-21 22:40:05,189 [DEBUG]  OP: Operation.NAIVE_FACTORIZATION on slice (60, 11) (remaining tasks 17)
2025-04-21 22:40:05,195 [DEBUG]  		naive factorization 11 columns (in 0.00536 secs)
2025-04-21 22:40:05,196 [DEBUG]  OP: Operation.SPLIT_ROWS on slice (132, 10) (remaining tasks 16)
2025-04-21 22:40:05,238 [DEBUG]  		found 2 row clusters (in 0.04195 secs)
2025-04-21 22:40:05,238 [DEBUG]  OP: Operation.SPLIT_ROWS on slice (225, 9) (remaining tasks 17)
2025-04-21 22:40:05,282 [DEBUG]  		found 2 row clusters (in 0.04406 secs)
2025-04-21 22:40:05,283 [DEBUG]  OP: Operation.SPLIT_ROWS on slice (240, 9) (remaining tasks 18)
2025-04-21 22:40:05,317 [DEBUG]  		found 2 row clusters (in 0.03425 secs)
2025-04-21 22:40:05,317 [DEBUG]  OP: Operation.SPLIT_ROWS on slice (193, 9) (remaining tasks 19)
2025-04-21 22:40:05,353 [DEBUG]  		found 2 row clusters (in 0.03578 secs)
2025-04-21 22:40:05,353 [DEBUG]  OP: Operation.SPLIT_ROWS on slice (87, 11) (remaining tasks 20)
2025-04-21 22:40:05,368 [DEBUG]  		found 2 row clusters (in 0.01501 secs)
2025-04-21 22:40:05,368 [DEBUG]  OP: Operation.SPLIT_ROWS on slice (84, 11) (remaining tasks 21)
2025-04-21 22:40:05,386 [DEBUG]  		found 2 row clusters (in 0.01750 secs)
2025-04-21 22:40:05,386 [DEBUG]  OP: Operation.SPLIT_ROWS on slice (131, 11) (remaining tasks 22)
2025-04-21 22:40:05,406 [DEBUG]  		found 2 row clusters (in 0.01982 secs)
2025-04-21 22:40:05,406 [DEBUG]  OP: Operation.SPLIT_ROWS on slice (114, 11) (remaining tasks 23)
2025-04-21 22:40:05,425 [DEBUG]  		found 2 row clusters (in 0.01814 secs)
2025-04-21 22:40:05,425 [DEBUG]  OP: Operation.SPLIT_ROWS on slice (100, 11) (remaining tasks 24)
2025-04-21 22:40:05,441 [DEBUG]  		found 2 row clusters (in 0.01640 secs)
2025-04-21 22:40:05,441 [DEBUG]  OP: Operation.SPLIT_ROWS on slice (91, 11) (remaining tasks 25)
2025-04-21 22:40:05,463 [DEBUG]  		found 2 row clusters (in 0.02194 secs)
2025-04-21 22:40:05,464 [DEBUG]  OP: Operation.SPLIT_ROWS on slice (83, 11) (remaining tasks 26)
2025-04-21 22:40:05,479 [DEBUG]  		found 2 row clusters (in 0.01527 secs)
2025-04-21 22:40:05,479 [DEBUG]  OP: Operation.SPLIT_ROWS on slice (106, 11) (remaining tasks 27)
2025-04-21 22:40:05,495 [DEBUG]  		found 2 row clusters (in 0.01574 secs)
2025-04-21 22:40:05,495 [DEBUG]  OP: Operation.SPLIT_ROWS on slice (158, 11) (remaining tasks 28)
2025-04-21 22:40:05,514 [DEBUG]  		found 2 row clusters (in 0.01902 secs)
2025-04-21 22:40:05,514 [DEBUG]  OP: Operation.SPLIT_ROWS on slice (100, 11) (remaining tasks 29)
2025-04-21 22:40:05,536 [DEBUG]  		found 2 row clusters (in 0.02107 secs)
2025-04-21 22:40:05,536 [DEBUG]  OP: Operation.SPLIT_ROWS on slice (114, 11) (remaining tasks 30)
2025-04-21 22:40:05,555 [DEBUG]  		found 2 row clusters (in 0.01958 secs)
2025-04-21 22:40:05,556 [DEBUG]  OP: Operation.SPLIT_ROWS on slice (156, 11) (remaining tasks 31)
2025-04-21 22:40:05,583 [DEBUG]  		found 2 row clusters (in 0.02700 secs)
2025-04-21 22:40:05,583 [DEBUG]  OP: Operation.SPLIT_ROWS on slice (122, 11) (remaining tasks 32)
2025-04-21 22:40:05,599 [DEBUG]  		found 2 row clusters (in 0.01577 secs)
2025-04-21 22:40:05,599 [DEBUG]  OP: Operation.NAIVE_FACTORIZATION on slice (63, 10) (remaining tasks 33)
2025-04-21 22:40:05,602 [DEBUG]  		naive factorization 10 columns (in 0.00313 secs)
2025-04-21 22:40:05,602 [DEBUG]  OP: Operation.NAIVE_FACTORIZATION on slice (69, 10) (remaining tasks 32)
2025-04-21 22:40:05,606 [DEBUG]  		naive factorization 10 columns (in 0.00361 secs)
2025-04-21 22:40:05,606 [DEBUG]  OP: Operation.SPLIT_COLUMNS on slice (89, 9) (remaining tasks 31)
2025-04-21 22:40:05,816 [DEBUG]  		found 1 col clusters (in 0.20983 secs)
2025-04-21 22:40:05,817 [DEBUG]  OP: Operation.SPLIT_COLUMNS on slice (136, 9) (remaining tasks 31)
2025-04-21 22:40:06,033 [DEBUG]  		found 1 col clusters (in 0.21600 secs)
2025-04-21 22:40:06,033 [DEBUG]  OP: Operation.SPLIT_COLUMNS on slice (94, 9) (remaining tasks 31)
2025-04-21 22:40:06,204 [DEBUG]  		found 1 col clusters (in 0.17013 secs)
2025-04-21 22:40:06,204 [DEBUG]  OP: Operation.SPLIT_COLUMNS on slice (146, 9) (remaining tasks 31)
2025-04-21 22:40:06,421 [DEBUG]  		found 1 col clusters (in 0.21691 secs)
2025-04-21 22:40:06,422 [DEBUG]  OP: Operation.SPLIT_COLUMNS on slice (77, 9) (remaining tasks 31)
2025-04-21 22:40:06,589 [DEBUG]  		found 1 col clusters (in 0.16686 secs)
2025-04-21 22:40:06,589 [DEBUG]  OP: Operation.SPLIT_COLUMNS on slice (116, 9) (remaining tasks 31)
2025-04-21 22:40:06,697 [DEBUG]  		found 1 col clusters (in 0.10774 secs)
2025-04-21 22:40:06,697 [DEBUG]  OP: Operation.NAIVE_FACTORIZATION on slice (48, 11) (remaining tasks 31)
2025-04-21 22:40:06,702 [DEBUG]  		naive factorization 11 columns (in 0.00469 secs)
2025-04-21 22:40:06,703 [DEBUG]  OP: Operation.NAIVE_FACTORIZATION on slice (39, 11) (remaining tasks 30)
2025-04-21 22:40:06,707 [DEBUG]  		naive factorization 11 columns (in 0.00358 secs)
2025-04-21 22:40:06,707 [DEBUG]  OP: Operation.NAIVE_FACTORIZATION on slice (26, 11) (remaining tasks 29)
2025-04-21 22:40:06,711 [DEBUG]  		naive factorization 11 columns (in 0.00357 secs)
2025-04-21 22:40:06,711 [DEBUG]  OP: Operation.NAIVE_FACTORIZATION on slice (58, 11) (remaining tasks 28)
2025-04-21 22:40:06,717 [DEBUG]  		naive factorization 11 columns (in 0.00502 secs)
2025-04-21 22:40:06,717 [DEBUG]  OP: Operation.NAIVE_FACTORIZATION on slice (71, 11) (remaining tasks 27)
2025-04-21 22:40:06,721 [DEBUG]  		naive factorization 11 columns (in 0.00377 secs)
2025-04-21 22:40:06,722 [DEBUG]  OP: Operation.NAIVE_FACTORIZATION on slice (60, 11) (remaining tasks 26)
2025-04-21 22:40:06,725 [DEBUG]  		naive factorization 11 columns (in 0.00372 secs)
2025-04-21 22:40:06,726 [DEBUG]  OP: Operation.NAIVE_FACTORIZATION on slice (55, 11) (remaining tasks 25)
2025-04-21 22:40:06,731 [DEBUG]  		naive factorization 11 columns (in 0.00497 secs)
2025-04-21 22:40:06,732 [DEBUG]  OP: Operation.NAIVE_FACTORIZATION on slice (59, 11) (remaining tasks 24)
2025-04-21 22:40:06,736 [DEBUG]  		naive factorization 11 columns (in 0.00383 secs)
2025-04-21 22:40:06,736 [DEBUG]  OP: Operation.NAIVE_FACTORIZATION on slice (9, 11) (remaining tasks 23)
2025-04-21 22:40:06,740 [DEBUG]  		naive factorization 11 columns (in 0.00353 secs)
2025-04-21 22:40:06,740 [DEBUG]  OP: Operation.SPLIT_COLUMNS on slice (91, 11) (remaining tasks 22)
2025-04-21 22:40:06,962 [DEBUG]  		found 1 col clusters (in 0.22104 secs)
2025-04-21 22:40:06,962 [DEBUG]  OP: Operation.NAIVE_FACTORIZATION on slice (36, 11) (remaining tasks 22)
2025-04-21 22:40:06,966 [DEBUG]  		naive factorization 11 columns (in 0.00389 secs)
2025-04-21 22:40:06,967 [DEBUG]  OP: Operation.NAIVE_FACTORIZATION on slice (55, 11) (remaining tasks 21)
2025-04-21 22:40:06,971 [DEBUG]  		naive factorization 11 columns (in 0.00417 secs)
2025-04-21 22:40:06,972 [DEBUG]  OP: Operation.SPLIT_COLUMNS on slice (79, 11) (remaining tasks 20)
2025-04-21 22:40:07,199 [DEBUG]  		found 1 col clusters (in 0.22692 secs)
2025-04-21 22:40:07,199 [DEBUG]  OP: Operation.NAIVE_FACTORIZATION on slice (4, 11) (remaining tasks 20)
2025-04-21 22:40:07,203 [DEBUG]  		naive factorization 11 columns (in 0.00353 secs)
2025-04-21 22:40:07,203 [DEBUG]  OP: Operation.NAIVE_FACTORIZATION on slice (61, 11) (remaining tasks 19)
2025-04-21 22:40:07,208 [DEBUG]  		naive factorization 11 columns (in 0.00452 secs)
2025-04-21 22:40:07,209 [DEBUG]  OP: Operation.NAIVE_FACTORIZATION on slice (45, 11) (remaining tasks 18)
2025-04-21 22:40:07,213 [DEBUG]  		naive factorization 11 columns (in 0.00397 secs)
2025-04-21 22:40:07,213 [DEBUG]  OP: Operation.SPLIT_COLUMNS on slice (84, 11) (remaining tasks 17)
2025-04-21 22:40:07,442 [DEBUG]  		found 1 col clusters (in 0.22873 secs)
2025-04-21 22:40:07,443 [DEBUG]  OP: Operation.NAIVE_FACTORIZATION on slice (74, 11) (remaining tasks 17)
2025-04-21 22:40:07,447 [DEBUG]  		naive factorization 11 columns (in 0.00412 secs)
2025-04-21 22:40:07,448 [DEBUG]  OP: Operation.NAIVE_FACTORIZATION on slice (63, 11) (remaining tasks 16)
2025-04-21 22:40:07,453 [DEBUG]  		naive factorization 11 columns (in 0.00492 secs)
2025-04-21 22:40:07,453 [DEBUG]  OP: Operation.NAIVE_FACTORIZATION on slice (37, 11) (remaining tasks 15)
2025-04-21 22:40:07,458 [DEBUG]  		naive factorization 11 columns (in 0.00434 secs)
2025-04-21 22:40:07,458 [DEBUG]  OP: Operation.NAIVE_FACTORIZATION on slice (56, 11) (remaining tasks 14)
2025-04-21 22:40:07,463 [DEBUG]  		naive factorization 11 columns (in 0.00397 secs)
2025-04-21 22:40:07,463 [DEBUG]  OP: Operation.NAIVE_FACTORIZATION on slice (58, 11) (remaining tasks 13)
2025-04-21 22:40:07,469 [DEBUG]  		naive factorization 11 columns (in 0.00565 secs)
2025-04-21 22:40:07,470 [DEBUG]  OP: Operation.NAIVE_FACTORIZATION on slice (75, 11) (remaining tasks 12)
2025-04-21 22:40:07,474 [DEBUG]  		naive factorization 11 columns (in 0.00461 secs)
2025-04-21 22:40:07,475 [DEBUG]  OP: Operation.SPLIT_COLUMNS on slice (81, 11) (remaining tasks 11)
2025-04-21 22:40:07,705 [DEBUG]  		found 1 col clusters (in 0.23018 secs)
2025-04-21 22:40:07,706 [DEBUG]  OP: Operation.SPLIT_COLUMNS on slice (85, 11) (remaining tasks 11)
2025-04-21 22:40:07,924 [DEBUG]  		found 1 col clusters (in 0.21810 secs)
2025-04-21 22:40:07,925 [DEBUG]  OP: Operation.NAIVE_FACTORIZATION on slice (37, 11) (remaining tasks 11)
2025-04-21 22:40:07,929 [DEBUG]  		naive factorization 11 columns (in 0.00415 secs)
2025-04-21 22:40:07,929 [DEBUG]  OP: Operation.SPLIT_ROWS on slice (89, 9) (remaining tasks 10)
2025-04-21 22:40:07,980 [DEBUG]  		found 2 row clusters (in 0.04997 secs)
2025-04-21 22:40:07,980 [DEBUG]  OP: Operation.SPLIT_ROWS on slice (136, 9) (remaining tasks 11)
2025-04-21 22:40:08,018 [DEBUG]  		found 2 row clusters (in 0.03767 secs)
2025-04-21 22:40:08,018 [DEBUG]  OP: Operation.SPLIT_ROWS on slice (94, 9) (remaining tasks 12)
2025-04-21 22:40:08,037 [DEBUG]  		found 2 row clusters (in 0.01813 secs)
2025-04-21 22:40:08,037 [DEBUG]  OP: Operation.SPLIT_ROWS on slice (146, 9) (remaining tasks 13)
2025-04-21 22:40:08,060 [DEBUG]  		found 2 row clusters (in 0.02321 secs)
2025-04-21 22:40:08,060 [DEBUG]  OP: Operation.SPLIT_ROWS on slice (77, 9) (remaining tasks 14)
2025-04-21 22:40:08,079 [DEBUG]  		found 2 row clusters (in 0.01847 secs)
2025-04-21 22:40:08,079 [DEBUG]  OP: Operation.SPLIT_ROWS on slice (116, 9) (remaining tasks 15)
2025-04-21 22:40:08,095 [DEBUG]  		found 2 row clusters (in 0.01624 secs)
2025-04-21 22:40:08,096 [DEBUG]  OP: Operation.SPLIT_ROWS on slice (91, 11) (remaining tasks 16)
2025-04-21 22:40:08,117 [DEBUG]  		found 2 row clusters (in 0.02122 secs)
2025-04-21 22:40:08,117 [DEBUG]  OP: Operation.SPLIT_ROWS on slice (79, 11) (remaining tasks 17)
2025-04-21 22:40:08,133 [DEBUG]  		found 2 row clusters (in 0.01627 secs)
2025-04-21 22:40:08,134 [DEBUG]  OP: Operation.SPLIT_ROWS on slice (84, 11) (remaining tasks 18)
2025-04-21 22:40:08,151 [DEBUG]  		found 2 row clusters (in 0.01780 secs)
2025-04-21 22:40:08,152 [DEBUG]  OP: Operation.SPLIT_ROWS on slice (81, 11) (remaining tasks 19)
2025-04-21 22:40:08,168 [DEBUG]  		found 2 row clusters (in 0.01648 secs)
2025-04-21 22:40:08,168 [DEBUG]  OP: Operation.SPLIT_ROWS on slice (85, 11) (remaining tasks 20)
2025-04-21 22:40:08,187 [DEBUG]  		found 2 row clusters (in 0.01835 secs)
2025-04-21 22:40:08,187 [DEBUG]  OP: Operation.NAIVE_FACTORIZATION on slice (58, 9) (remaining tasks 21)
2025-04-21 22:40:08,191 [DEBUG]  		naive factorization 9 columns (in 0.00430 secs)
2025-04-21 22:40:08,191 [DEBUG]  OP: Operation.NAIVE_FACTORIZATION on slice (31, 9) (remaining tasks 20)
2025-04-21 22:40:08,195 [DEBUG]  		naive factorization 9 columns (in 0.00363 secs)
2025-04-21 22:40:08,196 [DEBUG]  OP: Operation.NAIVE_FACTORIZATION on slice (44, 9) (remaining tasks 19)
2025-04-21 22:40:08,199 [DEBUG]  		naive factorization 9 columns (in 0.00346 secs)
2025-04-21 22:40:08,199 [DEBUG]  OP: Operation.SPLIT_COLUMNS on slice (92, 9) (remaining tasks 18)
2025-04-21 22:40:08,410 [DEBUG]  		found 1 col clusters (in 0.21019 secs)
2025-04-21 22:40:08,410 [DEBUG]  OP: Operation.NAIVE_FACTORIZATION on slice (61, 9) (remaining tasks 18)
2025-04-21 22:40:08,414 [DEBUG]  		naive factorization 9 columns (in 0.00373 secs)
2025-04-21 22:40:08,415 [DEBUG]  OP: Operation.NAIVE_FACTORIZATION on slice (33, 9) (remaining tasks 17)
2025-04-21 22:40:08,419 [DEBUG]  		naive factorization 9 columns (in 0.00408 secs)
2025-04-21 22:40:08,420 [DEBUG]  OP: Operation.NAIVE_FACTORIZATION on slice (58, 9) (remaining tasks 16)
2025-04-21 22:40:08,423 [DEBUG]  		naive factorization 9 columns (in 0.00350 secs)
2025-04-21 22:40:08,424 [DEBUG]  OP: Operation.SPLIT_COLUMNS on slice (88, 9) (remaining tasks 15)
2025-04-21 22:40:08,640 [DEBUG]  		found 1 col clusters (in 0.21623 secs)
2025-04-21 22:40:08,641 [DEBUG]  OP: Operation.NAIVE_FACTORIZATION on slice (47, 9) (remaining tasks 15)
2025-04-21 22:40:08,645 [DEBUG]  		naive factorization 9 columns (in 0.00357 secs)
2025-04-21 22:40:08,645 [DEBUG]  OP: Operation.NAIVE_FACTORIZATION on slice (30, 9) (remaining tasks 14)
2025-04-21 22:40:08,650 [DEBUG]  		naive factorization 9 columns (in 0.00421 secs)
2025-04-21 22:40:08,650 [DEBUG]  OP: Operation.SPLIT_COLUMNS on slice (89, 9) (remaining tasks 13)
2025-04-21 22:40:08,865 [DEBUG]  		found 1 col clusters (in 0.21522 secs)
2025-04-21 22:40:08,866 [DEBUG]  OP: Operation.NAIVE_FACTORIZATION on slice (27, 9) (remaining tasks 13)
2025-04-21 22:40:08,870 [DEBUG]  		naive factorization 9 columns (in 0.00356 secs)
2025-04-21 22:40:08,870 [DEBUG]  OP: Operation.NAIVE_FACTORIZATION on slice (44, 11) (remaining tasks 12)
2025-04-21 22:40:08,874 [DEBUG]  		naive factorization 11 columns (in 0.00383 secs)
2025-04-21 22:40:08,875 [DEBUG]  OP: Operation.NAIVE_FACTORIZATION on slice (47, 11) (remaining tasks 11)
2025-04-21 22:40:08,880 [DEBUG]  		naive factorization 11 columns (in 0.00469 secs)
2025-04-21 22:40:08,880 [DEBUG]  OP: Operation.NAIVE_FACTORIZATION on slice (40, 11) (remaining tasks 10)
2025-04-21 22:40:08,885 [DEBUG]  		naive factorization 11 columns (in 0.00405 secs)
2025-04-21 22:40:08,885 [DEBUG]  OP: Operation.NAIVE_FACTORIZATION on slice (39, 11) (remaining tasks 9)
2025-04-21 22:40:08,889 [DEBUG]  		naive factorization 11 columns (in 0.00374 secs)
2025-04-21 22:40:08,890 [DEBUG]  OP: Operation.NAIVE_FACTORIZATION on slice (46, 11) (remaining tasks 8)
2025-04-21 22:40:08,895 [DEBUG]  		naive factorization 11 columns (in 0.00482 secs)
2025-04-21 22:40:08,895 [DEBUG]  OP: Operation.NAIVE_FACTORIZATION on slice (38, 11) (remaining tasks 7)
2025-04-21 22:40:08,900 [DEBUG]  		naive factorization 11 columns (in 0.00410 secs)
2025-04-21 22:40:08,900 [DEBUG]  OP: Operation.NAIVE_FACTORIZATION on slice (46, 11) (remaining tasks 6)
2025-04-21 22:40:08,905 [DEBUG]  		naive factorization 11 columns (in 0.00416 secs)
2025-04-21 22:40:08,905 [DEBUG]  OP: Operation.NAIVE_FACTORIZATION on slice (35, 11) (remaining tasks 5)
2025-04-21 22:40:08,910 [DEBUG]  		naive factorization 11 columns (in 0.00441 secs)
2025-04-21 22:40:08,910 [DEBUG]  OP: Operation.NAIVE_FACTORIZATION on slice (59, 11) (remaining tasks 4)
2025-04-21 22:40:08,914 [DEBUG]  		naive factorization 11 columns (in 0.00398 secs)
2025-04-21 22:40:08,915 [DEBUG]  OP: Operation.NAIVE_FACTORIZATION on slice (26, 11) (remaining tasks 3)
2025-04-21 22:40:08,919 [DEBUG]  		naive factorization 11 columns (in 0.00356 secs)
2025-04-21 22:40:08,919 [DEBUG]  OP: Operation.SPLIT_ROWS on slice (92, 9) (remaining tasks 2)
2025-04-21 22:40:08,970 [DEBUG]  		found 2 row clusters (in 0.05027 secs)
2025-04-21 22:40:08,970 [DEBUG]  OP: Operation.SPLIT_ROWS on slice (88, 9) (remaining tasks 3)
2025-04-21 22:40:09,003 [DEBUG]  		found 2 row clusters (in 0.03239 secs)
2025-04-21 22:40:09,003 [DEBUG]  OP: Operation.SPLIT_ROWS on slice (89, 9) (remaining tasks 4)
2025-04-21 22:40:09,028 [DEBUG]  		found 2 row clusters (in 0.02506 secs)
2025-04-21 22:40:09,028 [DEBUG]  OP: Operation.NAIVE_FACTORIZATION on slice (62, 9) (remaining tasks 5)
2025-04-21 22:40:09,033 [DEBUG]  		naive factorization 9 columns (in 0.00485 secs)
2025-04-21 22:40:09,033 [DEBUG]  OP: Operation.NAIVE_FACTORIZATION on slice (30, 9) (remaining tasks 4)
2025-04-21 22:40:09,037 [DEBUG]  		naive factorization 9 columns (in 0.00322 secs)
2025-04-21 22:40:09,037 [DEBUG]  OP: Operation.NAIVE_FACTORIZATION on slice (42, 9) (remaining tasks 3)
2025-04-21 22:40:09,040 [DEBUG]  		naive factorization 9 columns (in 0.00328 secs)
2025-04-21 22:40:09,041 [DEBUG]  OP: Operation.NAIVE_FACTORIZATION on slice (46, 9) (remaining tasks 2)
2025-04-21 22:40:09,044 [DEBUG]  		naive factorization 9 columns (in 0.00348 secs)
2025-04-21 22:40:09,045 [DEBUG]  OP: Operation.NAIVE_FACTORIZATION on slice (58, 9) (remaining tasks 1)
2025-04-21 22:40:09,048 [DEBUG]  		naive factorization 9 columns (in 0.00337 secs)
2025-04-21 22:40:09,049 [DEBUG]  OP: Operation.NAIVE_FACTORIZATION on slice (31, 9) (remaining tasks 0)
2025-04-21 22:40:09,052 [DEBUG]  		naive factorization 9 columns (in 0.00310 secs)
2025-04-21 22:40:10,258 [DEBUG]  Built SPN in 164.95556360099727 sec
2025-04-21 22:40:10,258 [INFO ]  Saving ensemble to /home/dafn/card/deepcard/collected_temp_benchmarks/spn_ensembles/Gas Turbine CO and NOx Emission Data Set/ensemble_single_gt_2012_10000000.pkl
