2025-04-22 00:33:42,708 [INFO ]  Creating naive ensemble.
2025-04-22 00:33:42,708 [INFO ]  Learning SPN for gt_2013.
2025-04-22 00:33:42,708 [DEBUG]  generate_join_sample(single_table=gt_2013, relationship_list=None, split_condition=None)
2025-04-22 00:33:42,735 [DEBUG]  Using min_instance_slice parameter 71.52.
2025-04-22 00:33:42,735 [INFO ]  SPN training phase with 7152 samples
2025-04-22 00:33:42,741 [DEBUG]  Built domains in 0.0054554030029976275 sec
2025-04-22 00:33:43,090 [DEBUG]  CACHEDIR=/home/dafn/.cache/matplotlib
2025-04-22 00:33:43,092 [DEBUG]  Using fontManager instance from /home/dafn/.cache/matplotlib/fontlist-v300.json
2025-04-22 00:33:43,186 [DEBUG]  Loaded backend qt5agg version unknown.
2025-04-22 00:33:43,217 [DEBUG]  Loaded backend qt5agg version unknown.
2025-04-22 00:33:43,218 [DEBUG]  Loaded backend qt4agg version unknown.
2025-04-22 00:33:43,224 [DEBUG]  Loaded backend tkagg version unknown.
2025-04-22 00:33:43,225 [DEBUG]  Loaded backend agg version unknown.
2025-04-22 00:33:43,225 [DEBUG]  Loaded backend agg version unknown.
2025-04-22 00:33:43,228 [DEBUG]  OP: Operation.SPLIT_ROWS on slice (7152, 11) (remaining tasks 0)
2025-04-22 00:33:43,303 [DEBUG]  		found 2 row clusters (in 0.07483 secs)
2025-04-22 00:33:43,304 [DEBUG]  OP: Operation.SPLIT_COLUMNS on slice (5088, 11) (remaining tasks 1)
2025-04-22 00:33:45,053 [DEBUG]  		found 1 col clusters (in 1.74862 secs)
2025-04-22 00:33:45,054 [DEBUG]  OP: Operation.SPLIT_COLUMNS on slice (2064, 11) (remaining tasks 1)
2025-04-22 00:33:50,903 [DEBUG]  		found 1 col clusters (in 5.84947 secs)
2025-04-22 00:33:50,904 [DEBUG]  OP: Operation.SPLIT_ROWS on slice (5088, 11) (remaining tasks 1)
2025-04-22 00:33:51,035 [DEBUG]  		found 2 row clusters (in 0.13018 secs)
2025-04-22 00:33:51,035 [DEBUG]  OP: Operation.SPLIT_ROWS on slice (2064, 11) (remaining tasks 2)
2025-04-22 00:33:51,094 [DEBUG]  		found 2 row clusters (in 0.05812 secs)
2025-04-22 00:33:51,094 [DEBUG]  OP: Operation.SPLIT_COLUMNS on slice (3534, 11) (remaining tasks 3)
2025-04-22 00:33:53,130 [DEBUG]  		found 1 col clusters (in 2.03612 secs)
2025-04-22 00:33:53,131 [DEBUG]  OP: Operation.SPLIT_COLUMNS on slice (1554, 11) (remaining tasks 3)
2025-04-22 00:33:58,380 [DEBUG]  		found 1 col clusters (in 5.24844 secs)
2025-04-22 00:33:58,380 [DEBUG]  OP: Operation.SPLIT_COLUMNS on slice (1449, 11) (remaining tasks 3)
2025-04-22 00:34:01,488 [DEBUG]  		found 1 col clusters (in 3.10706 secs)
2025-04-22 00:34:01,488 [DEBUG]  OP: Operation.SPLIT_COLUMNS on slice (615, 11) (remaining tasks 3)
2025-04-22 00:34:02,428 [DEBUG]  		found 1 col clusters (in 0.93971 secs)
2025-04-22 00:34:02,429 [DEBUG]  OP: Operation.SPLIT_ROWS on slice (3534, 11) (remaining tasks 3)
2025-04-22 00:34:02,691 [DEBUG]  		found 2 row clusters (in 0.26137 secs)
2025-04-22 00:34:02,691 [DEBUG]  OP: Operation.SPLIT_ROWS on slice (1554, 11) (remaining tasks 4)
2025-04-22 00:34:02,734 [DEBUG]  		found 2 row clusters (in 0.04304 secs)
2025-04-22 00:34:02,734 [DEBUG]  OP: Operation.SPLIT_ROWS on slice (1449, 11) (remaining tasks 5)
2025-04-22 00:34:02,777 [DEBUG]  		found 2 row clusters (in 0.04270 secs)
2025-04-22 00:34:02,778 [DEBUG]  OP: Operation.SPLIT_ROWS on slice (615, 11) (remaining tasks 6)
2025-04-22 00:34:02,809 [DEBUG]  		found 2 row clusters (in 0.03168 secs)
2025-04-22 00:34:02,810 [DEBUG]  OP: Operation.SPLIT_COLUMNS on slice (1249, 11) (remaining tasks 7)
2025-04-22 00:34:07,079 [DEBUG]  		found 1 col clusters (in 4.26884 secs)
2025-04-22 00:34:07,080 [DEBUG]  OP: Operation.SPLIT_COLUMNS on slice (2285, 11) (remaining tasks 7)
2025-04-22 00:34:12,937 [DEBUG]  		found 1 col clusters (in 5.85709 secs)
2025-04-22 00:34:12,938 [DEBUG]  OP: Operation.SPLIT_COLUMNS on slice (1127, 11) (remaining tasks 7)
2025-04-22 00:34:16,773 [DEBUG]  		found 1 col clusters (in 3.83475 secs)
2025-04-22 00:34:16,773 [DEBUG]  OP: Operation.SPLIT_COLUMNS on slice (427, 11) (remaining tasks 7)
2025-04-22 00:34:18,136 [DEBUG]  		found 1 col clusters (in 1.36210 secs)
2025-04-22 00:34:18,136 [DEBUG]  OP: Operation.SPLIT_COLUMNS on slice (1031, 11) (remaining tasks 7)
2025-04-22 00:34:21,230 [DEBUG]  		found 1 col clusters (in 3.09300 secs)
2025-04-22 00:34:21,230 [DEBUG]  OP: Operation.SPLIT_COLUMNS on slice (418, 11) (remaining tasks 7)
2025-04-22 00:34:23,109 [DEBUG]  		found 1 col clusters (in 1.87870 secs)
2025-04-22 00:34:23,109 [DEBUG]  OP: Operation.SPLIT_COLUMNS on slice (343, 11) (remaining tasks 7)
2025-04-22 00:34:25,126 [DEBUG]  		found 1 col clusters (in 2.01673 secs)
2025-04-22 00:34:25,127 [DEBUG]  OP: Operation.SPLIT_COLUMNS on slice (272, 11) (remaining tasks 7)
2025-04-22 00:34:26,799 [DEBUG]  		found 1 col clusters (in 1.67254 secs)
2025-04-22 00:34:26,800 [DEBUG]  OP: Operation.SPLIT_ROWS on slice (1249, 11) (remaining tasks 7)
2025-04-22 00:34:26,936 [DEBUG]  		found 2 row clusters (in 0.13584 secs)
2025-04-22 00:34:26,937 [DEBUG]  OP: Operation.SPLIT_ROWS on slice (2285, 11) (remaining tasks 8)
2025-04-22 00:34:26,979 [DEBUG]  		found 2 row clusters (in 0.04202 secs)
2025-04-22 00:34:26,979 [DEBUG]  OP: Operation.SPLIT_ROWS on slice (1127, 11) (remaining tasks 9)
2025-04-22 00:34:27,031 [DEBUG]  		found 2 row clusters (in 0.05200 secs)
2025-04-22 00:34:27,031 [DEBUG]  OP: Operation.SPLIT_ROWS on slice (427, 11) (remaining tasks 10)
2025-04-22 00:34:27,054 [DEBUG]  		found 2 row clusters (in 0.02266 secs)
2025-04-22 00:34:27,055 [DEBUG]  OP: Operation.SPLIT_ROWS on slice (1031, 11) (remaining tasks 11)
2025-04-22 00:34:27,095 [DEBUG]  		found 2 row clusters (in 0.04011 secs)
2025-04-22 00:34:27,095 [DEBUG]  OP: Operation.SPLIT_ROWS on slice (418, 11) (remaining tasks 12)
2025-04-22 00:34:27,135 [DEBUG]  		found 2 row clusters (in 0.03997 secs)
2025-04-22 00:34:27,135 [DEBUG]  OP: Operation.SPLIT_ROWS on slice (343, 11) (remaining tasks 13)
2025-04-22 00:34:27,160 [DEBUG]  		found 2 row clusters (in 0.02424 secs)
2025-04-22 00:34:27,160 [DEBUG]  OP: Operation.SPLIT_ROWS on slice (272, 11) (remaining tasks 14)
2025-04-22 00:34:27,191 [DEBUG]  		found 2 row clusters (in 0.03103 secs)
2025-04-22 00:34:27,191 [DEBUG]  OP: Operation.SPLIT_COLUMNS on slice (515, 11) (remaining tasks 15)
2025-04-22 00:34:29,224 [DEBUG]  		found 1 col clusters (in 2.03232 secs)
2025-04-22 00:34:29,224 [DEBUG]  OP: Operation.SPLIT_COLUMNS on slice (734, 11) (remaining tasks 15)
2025-04-22 00:34:30,761 [DEBUG]  		found 1 col clusters (in 1.53636 secs)
2025-04-22 00:34:30,761 [DEBUG]  OP: Operation.SPLIT_COLUMNS on slice (1257, 11) (remaining tasks 15)
2025-04-22 00:34:34,765 [DEBUG]  		found 1 col clusters (in 4.00345 secs)
2025-04-22 00:34:34,766 [DEBUG]  OP: Operation.SPLIT_COLUMNS on slice (1028, 11) (remaining tasks 15)
2025-04-22 00:34:38,383 [DEBUG]  		found 1 col clusters (in 3.61633 secs)
2025-04-22 00:34:38,383 [DEBUG]  OP: Operation.SPLIT_COLUMNS on slice (515, 11) (remaining tasks 15)
2025-04-22 00:34:40,701 [DEBUG]  		found 1 col clusters (in 2.31719 secs)
2025-04-22 00:34:40,701 [DEBUG]  OP: Operation.SPLIT_COLUMNS on slice (612, 11) (remaining tasks 15)
2025-04-22 00:34:41,686 [DEBUG]  		found 1 col clusters (in 0.98505 secs)
2025-04-22 00:34:41,687 [DEBUG]  OP: Operation.SPLIT_COLUMNS on slice (204, 11) (remaining tasks 15)
2025-04-22 00:34:43,279 [DEBUG]  		found 1 col clusters (in 1.59222 secs)
2025-04-22 00:34:43,280 [DEBUG]  OP: Operation.SPLIT_COLUMNS on slice (223, 11) (remaining tasks 15)
2025-04-22 00:34:44,665 [DEBUG]  		found 1 col clusters (in 1.38472 secs)
2025-04-22 00:34:44,666 [DEBUG]  OP: Operation.SPLIT_COLUMNS on slice (507, 11) (remaining tasks 15)
2025-04-22 00:34:46,449 [DEBUG]  		found 1 col clusters (in 1.78316 secs)
2025-04-22 00:34:46,450 [DEBUG]  OP: Operation.SPLIT_COLUMNS on slice (524, 11) (remaining tasks 15)
2025-04-22 00:34:48,318 [DEBUG]  		found 1 col clusters (in 1.86829 secs)
2025-04-22 00:34:48,319 [DEBUG]  OP: Operation.SPLIT_COLUMNS on slice (220, 11) (remaining tasks 15)
2025-04-22 00:34:49,962 [DEBUG]  		found 1 col clusters (in 1.64281 secs)
2025-04-22 00:34:49,962 [DEBUG]  OP: Operation.SPLIT_COLUMNS on slice (198, 11) (remaining tasks 15)
2025-04-22 00:34:51,412 [DEBUG]  		found 1 col clusters (in 1.44968 secs)
2025-04-22 00:34:51,413 [DEBUG]  OP: Operation.NAIVE_FACTORIZATION on slice (68, 11) (remaining tasks 15)
2025-04-22 00:34:51,424 [DEBUG]  		naive factorization 11 columns (in 0.01065 secs)
2025-04-22 00:34:51,424 [DEBUG]  OP: Operation.SPLIT_COLUMNS on slice (275, 11) (remaining tasks 14)
2025-04-22 00:34:53,277 [DEBUG]  		found 1 col clusters (in 1.85293 secs)
2025-04-22 00:34:53,278 [DEBUG]  OP: Operation.SPLIT_COLUMNS on slice (77, 11) (remaining tasks 14)
2025-04-22 00:34:53,534 [DEBUG]  		found 1 col clusters (in 0.25616 secs)
2025-04-22 00:34:53,535 [DEBUG]  OP: Operation.SPLIT_COLUMNS on slice (195, 11) (remaining tasks 14)
2025-04-22 00:34:54,994 [DEBUG]  		found 1 col clusters (in 1.45867 secs)
2025-04-22 00:34:54,994 [DEBUG]  OP: Operation.SPLIT_ROWS on slice (515, 11) (remaining tasks 14)
2025-04-22 00:34:55,108 [DEBUG]  		found 2 row clusters (in 0.11426 secs)
2025-04-22 00:34:55,109 [DEBUG]  OP: Operation.SPLIT_ROWS on slice (734, 11) (remaining tasks 15)
2025-04-22 00:34:55,150 [DEBUG]  		found 2 row clusters (in 0.04156 secs)
2025-04-22 00:34:55,151 [DEBUG]  OP: Operation.SPLIT_ROWS on slice (1257, 11) (remaining tasks 16)
2025-04-22 00:34:55,205 [DEBUG]  		found 2 row clusters (in 0.05388 secs)
2025-04-22 00:34:55,205 [DEBUG]  OP: Operation.SPLIT_ROWS on slice (1028, 11) (remaining tasks 17)
2025-04-22 00:34:55,262 [DEBUG]  		found 2 row clusters (in 0.05730 secs)
2025-04-22 00:34:55,263 [DEBUG]  OP: Operation.SPLIT_ROWS on slice (515, 11) (remaining tasks 18)
2025-04-22 00:34:55,301 [DEBUG]  		found 2 row clusters (in 0.03850 secs)
2025-04-22 00:34:55,301 [DEBUG]  OP: Operation.SPLIT_ROWS on slice (612, 11) (remaining tasks 19)
2025-04-22 00:34:55,344 [DEBUG]  		found 2 row clusters (in 0.04202 secs)
2025-04-22 00:34:55,344 [DEBUG]  OP: Operation.SPLIT_ROWS on slice (204, 11) (remaining tasks 20)
2025-04-22 00:34:55,369 [DEBUG]  		found 2 row clusters (in 0.02565 secs)
2025-04-22 00:34:55,370 [DEBUG]  OP: Operation.SPLIT_ROWS on slice (223, 11) (remaining tasks 21)
2025-04-22 00:34:55,393 [DEBUG]  		found 2 row clusters (in 0.02331 secs)
2025-04-22 00:34:55,393 [DEBUG]  OP: Operation.SPLIT_ROWS on slice (507, 11) (remaining tasks 22)
2025-04-22 00:34:55,424 [DEBUG]  		found 2 row clusters (in 0.03063 secs)
2025-04-22 00:34:55,424 [DEBUG]  OP: Operation.SPLIT_ROWS on slice (524, 11) (remaining tasks 23)
2025-04-22 00:34:55,456 [DEBUG]  		found 2 row clusters (in 0.03150 secs)
2025-04-22 00:34:55,456 [DEBUG]  OP: Operation.SPLIT_ROWS on slice (220, 11) (remaining tasks 24)
2025-04-22 00:34:55,482 [DEBUG]  		found 2 row clusters (in 0.02615 secs)
2025-04-22 00:34:55,482 [DEBUG]  OP: Operation.SPLIT_ROWS on slice (198, 11) (remaining tasks 25)
2025-04-22 00:34:55,506 [DEBUG]  		found 2 row clusters (in 0.02379 secs)
2025-04-22 00:34:55,507 [DEBUG]  OP: Operation.SPLIT_ROWS on slice (275, 11) (remaining tasks 26)
2025-04-22 00:34:55,529 [DEBUG]  		found 2 row clusters (in 0.02232 secs)
2025-04-22 00:34:55,529 [DEBUG]  OP: Operation.SPLIT_ROWS on slice (77, 11) (remaining tasks 27)
2025-04-22 00:34:55,547 [DEBUG]  		found 2 row clusters (in 0.01771 secs)
2025-04-22 00:34:55,547 [DEBUG]  OP: Operation.SPLIT_ROWS on slice (195, 11) (remaining tasks 28)
2025-04-22 00:34:55,570 [DEBUG]  		found 2 row clusters (in 0.02301 secs)
2025-04-22 00:34:55,570 [DEBUG]  OP: Operation.SPLIT_COLUMNS on slice (395, 11) (remaining tasks 29)
2025-04-22 00:34:57,660 [DEBUG]  		found 1 col clusters (in 2.08908 secs)
2025-04-22 00:34:57,660 [DEBUG]  OP: Operation.SPLIT_COLUMNS on slice (120, 11) (remaining tasks 29)
2025-04-22 00:34:57,981 [DEBUG]  		found 1 col clusters (in 0.32079 secs)
2025-04-22 00:34:57,982 [DEBUG]  OP: Operation.SPLIT_COLUMNS on slice (189, 11) (remaining tasks 29)
2025-04-22 00:34:58,202 [DEBUG]  		found 1 col clusters (in 0.21936 secs)
2025-04-22 00:34:58,207 [DEBUG]  OP: Operation.SPLIT_COLUMNS on slice (545, 11) (remaining tasks 29)
2025-04-22 00:35:00,360 [DEBUG]  		found 1 col clusters (in 2.15125 secs)
2025-04-22 00:35:00,361 [DEBUG]  OP: Operation.SPLIT_COLUMNS on slice (775, 11) (remaining tasks 29)
2025-04-22 00:35:02,118 [DEBUG]  		found 1 col clusters (in 1.75715 secs)
2025-04-22 00:35:02,119 [DEBUG]  OP: Operation.SPLIT_COLUMNS on slice (482, 11) (remaining tasks 29)
2025-04-22 00:35:04,070 [DEBUG]  		found 1 col clusters (in 1.95051 secs)
2025-04-22 00:35:04,070 [DEBUG]  OP: Operation.SPLIT_COLUMNS on slice (433, 11) (remaining tasks 29)
2025-04-22 00:35:06,362 [DEBUG]  		found 1 col clusters (in 2.29207 secs)
2025-04-22 00:35:06,363 [DEBUG]  OP: Operation.SPLIT_COLUMNS on slice (595, 11) (remaining tasks 29)
2025-04-22 00:35:07,662 [DEBUG]  		found 1 col clusters (in 1.29872 secs)
2025-04-22 00:35:07,662 [DEBUG]  OP: Operation.SPLIT_COLUMNS on slice (319, 11) (remaining tasks 29)
2025-04-22 00:35:09,430 [DEBUG]  		found 1 col clusters (in 1.76760 secs)
2025-04-22 00:35:09,431 [DEBUG]  OP: Operation.SPLIT_COLUMNS on slice (196, 11) (remaining tasks 29)
2025-04-22 00:35:10,898 [DEBUG]  		found 1 col clusters (in 1.46686 secs)
2025-04-22 00:35:10,898 [DEBUG]  OP: Operation.SPLIT_COLUMNS on slice (306, 11) (remaining tasks 29)
2025-04-22 00:35:12,637 [DEBUG]  		found 1 col clusters (in 1.73838 secs)
2025-04-22 00:35:12,637 [DEBUG]  OP: Operation.SPLIT_COLUMNS on slice (306, 11) (remaining tasks 29)
2025-04-22 00:35:14,606 [DEBUG]  		found 1 col clusters (in 1.96822 secs)
2025-04-22 00:35:14,606 [DEBUG]  OP: Operation.SPLIT_COLUMNS on slice (118, 11) (remaining tasks 29)
2025-04-22 00:35:14,851 [DEBUG]  		found 1 col clusters (in 0.24440 secs)
2025-04-22 00:35:14,852 [DEBUG]  OP: Operation.SPLIT_COLUMNS on slice (86, 11) (remaining tasks 29)
2025-04-22 00:35:15,070 [DEBUG]  		found 1 col clusters (in 0.21795 secs)
2025-04-22 00:35:15,070 [DEBUG]  OP: Operation.SPLIT_COLUMNS on slice (107, 11) (remaining tasks 29)
2025-04-22 00:35:15,289 [DEBUG]  		found 1 col clusters (in 0.21828 secs)
2025-04-22 00:35:15,289 [DEBUG]  OP: Operation.SPLIT_COLUMNS on slice (116, 11) (remaining tasks 29)
2025-04-22 00:35:15,515 [DEBUG]  		found 1 col clusters (in 0.22575 secs)
2025-04-22 00:35:15,516 [DEBUG]  OP: Operation.SPLIT_COLUMNS on slice (403, 11) (remaining tasks 29)
2025-04-22 00:35:17,481 [DEBUG]  		found 1 col clusters (in 1.96503 secs)
2025-04-22 00:35:17,482 [DEBUG]  OP: Operation.SPLIT_COLUMNS on slice (104, 11) (remaining tasks 29)
2025-04-22 00:35:17,756 [DEBUG]  		found 1 col clusters (in 0.27377 secs)
2025-04-22 00:35:17,756 [DEBUG]  OP: Operation.SPLIT_COLUMNS on slice (409, 11) (remaining tasks 29)
2025-04-22 00:35:20,119 [DEBUG]  		found 1 col clusters (in 2.36282 secs)
2025-04-22 00:35:20,120 [DEBUG]  OP: Operation.SPLIT_COLUMNS on slice (115, 11) (remaining tasks 29)
2025-04-22 00:35:20,376 [DEBUG]  		found 1 col clusters (in 0.25635 secs)
2025-04-22 00:35:20,377 [DEBUG]  OP: Operation.SPLIT_COLUMNS on slice (101, 11) (remaining tasks 29)
2025-04-22 00:35:20,600 [DEBUG]  		found 1 col clusters (in 0.22287 secs)
2025-04-22 00:35:20,600 [DEBUG]  OP: Operation.SPLIT_COLUMNS on slice (119, 11) (remaining tasks 29)
2025-04-22 00:35:20,817 [DEBUG]  		found 1 col clusters (in 0.21661 secs)
2025-04-22 00:35:20,818 [DEBUG]  OP: Operation.SPLIT_COLUMNS on slice (115, 11) (remaining tasks 29)
2025-04-22 00:35:21,063 [DEBUG]  		found 1 col clusters (in 0.24544 secs)
2025-04-22 00:35:21,064 [DEBUG]  OP: Operation.SPLIT_COLUMNS on slice (83, 11) (remaining tasks 29)
2025-04-22 00:35:21,397 [DEBUG]  		found 1 col clusters (in 0.33297 secs)
2025-04-22 00:35:21,397 [DEBUG]  OP: Operation.SPLIT_COLUMNS on slice (96, 11) (remaining tasks 29)
2025-04-22 00:35:21,626 [DEBUG]  		found 1 col clusters (in 0.22877 secs)
2025-04-22 00:35:21,627 [DEBUG]  OP: Operation.SPLIT_COLUMNS on slice (179, 11) (remaining tasks 29)
2025-04-22 00:35:21,944 [DEBUG]  		found 1 col clusters (in 0.31716 secs)
2025-04-22 00:35:21,945 [DEBUG]  OP: Operation.NAIVE_FACTORIZATION on slice (51, 11) (remaining tasks 29)
2025-04-22 00:35:21,950 [DEBUG]  		naive factorization 11 columns (in 0.00532 secs)
2025-04-22 00:35:21,951 [DEBUG]  OP: Operation.NAIVE_FACTORIZATION on slice (26, 11) (remaining tasks 28)
2025-04-22 00:35:21,958 [DEBUG]  		naive factorization 11 columns (in 0.00739 secs)
2025-04-22 00:35:21,959 [DEBUG]  OP: Operation.SPLIT_COLUMNS on slice (118, 11) (remaining tasks 27)
2025-04-22 00:35:22,221 [DEBUG]  		found 1 col clusters (in 0.26202 secs)
2025-04-22 00:35:22,221 [DEBUG]  OP: Operation.SPLIT_COLUMNS on slice (77, 11) (remaining tasks 27)
2025-04-22 00:35:22,449 [DEBUG]  		found 1 col clusters (in 0.22740 secs)
2025-04-22 00:35:22,450 [DEBUG]  OP: Operation.SPLIT_ROWS on slice (395, 11) (remaining tasks 27)
2025-04-22 00:35:22,514 [DEBUG]  		found 2 row clusters (in 0.06419 secs)
2025-04-22 00:35:22,514 [DEBUG]  OP: Operation.SPLIT_ROWS on slice (120, 11) (remaining tasks 28)
2025-04-22 00:35:22,541 [DEBUG]  		found 2 row clusters (in 0.02617 secs)
2025-04-22 00:35:22,541 [DEBUG]  OP: Operation.SPLIT_ROWS on slice (189, 11) (remaining tasks 29)
2025-04-22 00:35:22,568 [DEBUG]  		found 2 row clusters (in 0.02644 secs)
2025-04-22 00:35:22,568 [DEBUG]  OP: Operation.SPLIT_ROWS on slice (545, 11) (remaining tasks 30)
2025-04-22 00:35:22,601 [DEBUG]  		found 2 row clusters (in 0.03264 secs)
2025-04-22 00:35:22,601 [DEBUG]  OP: Operation.SPLIT_ROWS on slice (775, 11) (remaining tasks 31)
2025-04-22 00:35:22,632 [DEBUG]  		found 2 row clusters (in 0.03107 secs)
2025-04-22 00:35:22,632 [DEBUG]  OP: Operation.SPLIT_ROWS on slice (482, 11) (remaining tasks 32)
2025-04-22 00:35:22,656 [DEBUG]  		found 2 row clusters (in 0.02409 secs)
2025-04-22 00:35:22,657 [DEBUG]  OP: Operation.SPLIT_ROWS on slice (433, 11) (remaining tasks 33)
2025-04-22 00:35:22,681 [DEBUG]  		found 2 row clusters (in 0.02449 secs)
2025-04-22 00:35:22,682 [DEBUG]  OP: Operation.SPLIT_ROWS on slice (595, 11) (remaining tasks 34)
2025-04-22 00:35:22,711 [DEBUG]  		found 2 row clusters (in 0.02978 secs)
2025-04-22 00:35:22,712 [DEBUG]  OP: Operation.SPLIT_ROWS on slice (319, 11) (remaining tasks 35)
2025-04-22 00:35:22,729 [DEBUG]  		found 2 row clusters (in 0.01756 secs)
2025-04-22 00:35:22,729 [DEBUG]  OP: Operation.SPLIT_ROWS on slice (196, 11) (remaining tasks 36)
2025-04-22 00:35:22,751 [DEBUG]  		found 2 row clusters (in 0.02145 secs)
2025-04-22 00:35:22,751 [DEBUG]  OP: Operation.SPLIT_ROWS on slice (306, 11) (remaining tasks 37)
2025-04-22 00:35:22,775 [DEBUG]  		found 2 row clusters (in 0.02362 secs)
2025-04-22 00:35:22,775 [DEBUG]  OP: Operation.SPLIT_ROWS on slice (306, 11) (remaining tasks 38)
2025-04-22 00:35:22,800 [DEBUG]  		found 2 row clusters (in 0.02477 secs)
2025-04-22 00:35:22,800 [DEBUG]  OP: Operation.SPLIT_ROWS on slice (118, 11) (remaining tasks 39)
2025-04-22 00:35:22,817 [DEBUG]  		found 2 row clusters (in 0.01679 secs)
2025-04-22 00:35:22,817 [DEBUG]  OP: Operation.SPLIT_ROWS on slice (86, 11) (remaining tasks 40)
2025-04-22 00:35:22,836 [DEBUG]  		found 2 row clusters (in 0.01864 secs)
2025-04-22 00:35:22,836 [DEBUG]  OP: Operation.SPLIT_ROWS on slice (107, 11) (remaining tasks 41)
2025-04-22 00:35:22,852 [DEBUG]  		found 2 row clusters (in 0.01584 secs)
2025-04-22 00:35:22,852 [DEBUG]  OP: Operation.SPLIT_ROWS on slice (116, 11) (remaining tasks 42)
2025-04-22 00:35:22,873 [DEBUG]  		found 2 row clusters (in 0.02047 secs)
2025-04-22 00:35:22,873 [DEBUG]  OP: Operation.SPLIT_ROWS on slice (403, 11) (remaining tasks 43)
2025-04-22 00:35:22,897 [DEBUG]  		found 2 row clusters (in 0.02391 secs)
2025-04-22 00:35:22,897 [DEBUG]  OP: Operation.SPLIT_ROWS on slice (104, 11) (remaining tasks 44)
2025-04-22 00:35:22,915 [DEBUG]  		found 2 row clusters (in 0.01827 secs)
2025-04-22 00:35:22,916 [DEBUG]  OP: Operation.SPLIT_ROWS on slice (409, 11) (remaining tasks 45)
2025-04-22 00:35:22,942 [DEBUG]  		found 2 row clusters (in 0.02627 secs)
2025-04-22 00:35:22,942 [DEBUG]  OP: Operation.SPLIT_ROWS on slice (115, 11) (remaining tasks 46)
2025-04-22 00:35:22,964 [DEBUG]  		found 2 row clusters (in 0.02219 secs)
2025-04-22 00:35:22,965 [DEBUG]  OP: Operation.SPLIT_ROWS on slice (101, 11) (remaining tasks 47)
2025-04-22 00:35:22,978 [DEBUG]  		found 2 row clusters (in 0.01316 secs)
2025-04-22 00:35:22,978 [DEBUG]  OP: Operation.SPLIT_ROWS on slice (119, 11) (remaining tasks 48)
2025-04-22 00:35:22,994 [DEBUG]  		found 2 row clusters (in 0.01633 secs)
2025-04-22 00:35:22,995 [DEBUG]  OP: Operation.SPLIT_ROWS on slice (115, 11) (remaining tasks 49)
2025-04-22 00:35:23,012 [DEBUG]  		found 2 row clusters (in 0.01757 secs)
2025-04-22 00:35:23,012 [DEBUG]  OP: Operation.SPLIT_ROWS on slice (83, 11) (remaining tasks 50)
2025-04-22 00:35:23,030 [DEBUG]  		found 2 row clusters (in 0.01739 secs)
2025-04-22 00:35:23,030 [DEBUG]  OP: Operation.SPLIT_ROWS on slice (96, 11) (remaining tasks 51)
2025-04-22 00:35:23,045 [DEBUG]  		found 2 row clusters (in 0.01525 secs)
2025-04-22 00:35:23,046 [DEBUG]  OP: Operation.SPLIT_ROWS on slice (179, 11) (remaining tasks 52)
2025-04-22 00:35:23,062 [DEBUG]  		found 2 row clusters (in 0.01632 secs)
2025-04-22 00:35:23,062 [DEBUG]  OP: Operation.SPLIT_ROWS on slice (118, 11) (remaining tasks 53)
2025-04-22 00:35:23,084 [DEBUG]  		found 2 row clusters (in 0.02151 secs)
2025-04-22 00:35:23,084 [DEBUG]  OP: Operation.SPLIT_ROWS on slice (77, 11) (remaining tasks 54)
2025-04-22 00:35:23,102 [DEBUG]  		found 2 row clusters (in 0.01785 secs)
2025-04-22 00:35:23,102 [DEBUG]  OP: Operation.SPLIT_COLUMNS on slice (314, 11) (remaining tasks 55)
2025-04-22 00:35:24,592 [DEBUG]  		found 1 col clusters (in 1.48968 secs)
2025-04-22 00:35:24,592 [DEBUG]  OP: Operation.SPLIT_COLUMNS on slice (81, 11) (remaining tasks 55)
2025-04-22 00:35:24,861 [DEBUG]  		found 1 col clusters (in 0.26858 secs)
2025-04-22 00:35:24,862 [DEBUG]  OP: Operation.SPLIT_COLUMNS on slice (119, 11) (remaining tasks 55)
2025-04-22 00:35:25,078 [DEBUG]  		found 1 col clusters (in 0.21636 secs)
2025-04-22 00:35:25,079 [DEBUG]  OP: Operation.NAIVE_FACTORIZATION on slice (1, 11) (remaining tasks 55)
2025-04-22 00:35:25,085 [DEBUG]  		naive factorization 11 columns (in 0.00564 secs)
2025-04-22 00:35:25,085 [DEBUG]  OP: Operation.NAIVE_FACTORIZATION on slice (53, 11) (remaining tasks 54)
2025-04-22 00:35:25,091 [DEBUG]  		naive factorization 11 columns (in 0.00544 secs)
2025-04-22 00:35:25,091 [DEBUG]  OP: Operation.SPLIT_COLUMNS on slice (136, 11) (remaining tasks 53)
2025-04-22 00:35:25,418 [DEBUG]  		found 1 col clusters (in 0.32662 secs)
2025-04-22 00:35:25,418 [DEBUG]  OP: Operation.SPLIT_COLUMNS on slice (257, 11) (remaining tasks 53)
2025-04-22 00:35:27,233 [DEBUG]  		found 1 col clusters (in 1.81458 secs)
2025-04-22 00:35:27,234 [DEBUG]  OP: Operation.SPLIT_COLUMNS on slice (288, 11) (remaining tasks 53)
2025-04-22 00:35:29,172 [DEBUG]  		found 1 col clusters (in 1.93848 secs)
2025-04-22 00:35:29,173 [DEBUG]  OP: Operation.SPLIT_COLUMNS on slice (380, 11) (remaining tasks 53)
2025-04-22 00:35:31,157 [DEBUG]  		found 1 col clusters (in 1.98429 secs)
2025-04-22 00:35:31,158 [DEBUG]  OP: Operation.SPLIT_COLUMNS on slice (395, 11) (remaining tasks 53)
2025-04-22 00:35:32,944 [DEBUG]  		found 1 col clusters (in 1.78625 secs)
2025-04-22 00:35:32,945 [DEBUG]  OP: Operation.SPLIT_COLUMNS on slice (324, 11) (remaining tasks 53)
2025-04-22 00:35:34,596 [DEBUG]  		found 1 col clusters (in 1.65146 secs)
2025-04-22 00:35:34,597 [DEBUG]  OP: Operation.SPLIT_COLUMNS on slice (158, 11) (remaining tasks 53)
2025-04-22 00:35:34,952 [DEBUG]  		found 1 col clusters (in 0.35458 secs)
2025-04-22 00:35:34,952 [DEBUG]  OP: Operation.SPLIT_COLUMNS on slice (256, 11) (remaining tasks 53)
2025-04-22 00:35:36,624 [DEBUG]  		found 1 col clusters (in 1.67166 secs)
2025-04-22 00:35:36,625 [DEBUG]  OP: Operation.SPLIT_COLUMNS on slice (177, 11) (remaining tasks 53)
2025-04-22 00:35:37,029 [DEBUG]  		found 1 col clusters (in 0.40425 secs)
2025-04-22 00:35:37,030 [DEBUG]  OP: Operation.SPLIT_COLUMNS on slice (342, 11) (remaining tasks 53)
2025-04-22 00:35:38,264 [DEBUG]  		found 1 col clusters (in 1.23412 secs)
2025-04-22 00:35:38,265 [DEBUG]  OP: Operation.SPLIT_COLUMNS on slice (253, 11) (remaining tasks 53)
2025-04-22 00:35:39,836 [DEBUG]  		found 1 col clusters (in 1.57067 secs)
2025-04-22 00:35:39,836 [DEBUG]  OP: Operation.SPLIT_COLUMNS on slice (208, 11) (remaining tasks 53)
2025-04-22 00:35:41,540 [DEBUG]  		found 1 col clusters (in 1.70412 secs)
2025-04-22 00:35:41,541 [DEBUG]  OP: Operation.SPLIT_COLUMNS on slice (111, 11) (remaining tasks 53)
2025-04-22 00:35:41,812 [DEBUG]  		found 1 col clusters (in 0.27033 secs)
2025-04-22 00:35:41,812 [DEBUG]  OP: Operation.SPLIT_COLUMNS on slice (134, 11) (remaining tasks 53)
2025-04-22 00:35:42,035 [DEBUG]  		found 1 col clusters (in 0.22228 secs)
2025-04-22 00:35:42,035 [DEBUG]  OP: Operation.NAIVE_FACTORIZATION on slice (62, 11) (remaining tasks 53)
2025-04-22 00:35:42,041 [DEBUG]  		naive factorization 11 columns (in 0.00576 secs)
2025-04-22 00:35:42,042 [DEBUG]  OP: Operation.SPLIT_COLUMNS on slice (119, 11) (remaining tasks 52)
2025-04-22 00:35:42,303 [DEBUG]  		found 1 col clusters (in 0.26172 secs)
2025-04-22 00:35:42,304 [DEBUG]  OP: Operation.SPLIT_COLUMNS on slice (187, 11) (remaining tasks 52)
2025-04-22 00:35:42,623 [DEBUG]  		found 1 col clusters (in 0.31881 secs)
2025-04-22 00:35:42,623 [DEBUG]  OP: Operation.SPLIT_COLUMNS on slice (185, 11) (remaining tasks 52)
2025-04-22 00:35:42,968 [DEBUG]  		found 1 col clusters (in 0.34422 secs)
2025-04-22 00:35:42,968 [DEBUG]  OP: Operation.SPLIT_COLUMNS on slice (121, 11) (remaining tasks 52)
2025-04-22 00:35:43,226 [DEBUG]  		found 1 col clusters (in 0.25845 secs)
2025-04-22 00:35:43,227 [DEBUG]  OP: Operation.NAIVE_FACTORIZATION on slice (63, 11) (remaining tasks 52)
2025-04-22 00:35:43,231 [DEBUG]  		naive factorization 11 columns (in 0.00408 secs)
2025-04-22 00:35:43,232 [DEBUG]  OP: Operation.NAIVE_FACTORIZATION on slice (55, 11) (remaining tasks 51)
2025-04-22 00:35:43,236 [DEBUG]  		naive factorization 11 columns (in 0.00416 secs)
2025-04-22 00:35:43,237 [DEBUG]  OP: Operation.NAIVE_FACTORIZATION on slice (36, 11) (remaining tasks 50)
2025-04-22 00:35:43,243 [DEBUG]  		naive factorization 11 columns (in 0.00577 secs)
2025-04-22 00:35:43,243 [DEBUG]  OP: Operation.NAIVE_FACTORIZATION on slice (50, 11) (remaining tasks 49)
2025-04-22 00:35:43,248 [DEBUG]  		naive factorization 11 columns (in 0.00451 secs)
2025-04-22 00:35:43,248 [DEBUG]  OP: Operation.SPLIT_COLUMNS on slice (72, 11) (remaining tasks 48)
2025-04-22 00:35:43,487 [DEBUG]  		found 1 col clusters (in 0.23847 secs)
2025-04-22 00:35:43,488 [DEBUG]  OP: Operation.NAIVE_FACTORIZATION on slice (35, 11) (remaining tasks 48)
2025-04-22 00:35:43,492 [DEBUG]  		naive factorization 11 columns (in 0.00418 secs)
2025-04-22 00:35:43,492 [DEBUG]  OP: Operation.NAIVE_FACTORIZATION on slice (52, 11) (remaining tasks 47)
2025-04-22 00:35:43,497 [DEBUG]  		naive factorization 11 columns (in 0.00395 secs)
2025-04-22 00:35:43,497 [DEBUG]  OP: Operation.NAIVE_FACTORIZATION on slice (64, 11) (remaining tasks 46)
2025-04-22 00:35:43,502 [DEBUG]  		naive factorization 11 columns (in 0.00441 secs)
2025-04-22 00:35:43,502 [DEBUG]  OP: Operation.SPLIT_COLUMNS on slice (244, 11) (remaining tasks 45)
2025-04-22 00:35:45,124 [DEBUG]  		found 1 col clusters (in 1.62114 secs)
2025-04-22 00:35:45,124 [DEBUG]  OP: Operation.SPLIT_COLUMNS on slice (159, 11) (remaining tasks 45)
2025-04-22 00:35:45,451 [DEBUG]  		found 1 col clusters (in 0.32717 secs)
2025-04-22 00:35:45,452 [DEBUG]  OP: Operation.NAIVE_FACTORIZATION on slice (46, 11) (remaining tasks 45)
2025-04-22 00:35:45,457 [DEBUG]  		naive factorization 11 columns (in 0.00491 secs)
2025-04-22 00:35:45,457 [DEBUG]  OP: Operation.NAIVE_FACTORIZATION on slice (58, 11) (remaining tasks 44)
2025-04-22 00:35:45,462 [DEBUG]  		naive factorization 11 columns (in 0.00497 secs)
2025-04-22 00:35:45,463 [DEBUG]  OP: Operation.SPLIT_COLUMNS on slice (209, 11) (remaining tasks 43)
2025-04-22 00:35:46,811 [DEBUG]  		found 1 col clusters (in 1.34829 secs)
2025-04-22 00:35:46,812 [DEBUG]  OP: Operation.SPLIT_COLUMNS on slice (200, 11) (remaining tasks 43)
2025-04-22 00:35:48,559 [DEBUG]  		found 1 col clusters (in 1.74716 secs)
2025-04-22 00:35:48,560 [DEBUG]  OP: Operation.NAIVE_FACTORIZATION on slice (51, 11) (remaining tasks 43)
2025-04-22 00:35:48,564 [DEBUG]  		naive factorization 11 columns (in 0.00455 secs)
2025-04-22 00:35:48,565 [DEBUG]  OP: Operation.NAIVE_FACTORIZATION on slice (64, 11) (remaining tasks 42)
2025-04-22 00:35:48,573 [DEBUG]  		naive factorization 11 columns (in 0.00825 secs)
2025-04-22 00:35:48,574 [DEBUG]  OP: Operation.NAIVE_FACTORIZATION on slice (69, 11) (remaining tasks 41)
2025-04-22 00:35:48,580 [DEBUG]  		naive factorization 11 columns (in 0.00599 secs)
2025-04-22 00:35:48,580 [DEBUG]  OP: Operation.NAIVE_FACTORIZATION on slice (32, 11) (remaining tasks 40)
2025-04-22 00:35:48,585 [DEBUG]  		naive factorization 11 columns (in 0.00419 secs)
2025-04-22 00:35:48,585 [DEBUG]  OP: Operation.SPLIT_COLUMNS on slice (94, 11) (remaining tasks 39)
2025-04-22 00:35:48,905 [DEBUG]  		found 1 col clusters (in 0.31992 secs)
2025-04-22 00:35:48,905 [DEBUG]  OP: Operation.NAIVE_FACTORIZATION on slice (25, 11) (remaining tasks 39)
2025-04-22 00:35:48,910 [DEBUG]  		naive factorization 11 columns (in 0.00433 secs)
2025-04-22 00:35:48,911 [DEBUG]  OP: Operation.NAIVE_FACTORIZATION on slice (17, 11) (remaining tasks 38)
2025-04-22 00:35:48,914 [DEBUG]  		naive factorization 11 columns (in 0.00330 secs)
2025-04-22 00:35:48,915 [DEBUG]  OP: Operation.SPLIT_COLUMNS on slice (98, 11) (remaining tasks 37)
2025-04-22 00:35:49,131 [DEBUG]  		found 1 col clusters (in 0.21602 secs)
2025-04-22 00:35:49,131 [DEBUG]  OP: Operation.NAIVE_FACTORIZATION on slice (64, 11) (remaining tasks 37)
2025-04-22 00:35:49,136 [DEBUG]  		naive factorization 11 columns (in 0.00436 secs)
2025-04-22 00:35:49,136 [DEBUG]  OP: Operation.NAIVE_FACTORIZATION on slice (19, 11) (remaining tasks 36)
2025-04-22 00:35:49,140 [DEBUG]  		naive factorization 11 columns (in 0.00347 secs)
2025-04-22 00:35:49,140 [DEBUG]  OP: Operation.NAIVE_FACTORIZATION on slice (42, 11) (remaining tasks 35)
2025-04-22 00:35:49,145 [DEBUG]  		naive factorization 11 columns (in 0.00416 secs)
2025-04-22 00:35:49,145 [DEBUG]  OP: Operation.NAIVE_FACTORIZATION on slice (54, 11) (remaining tasks 34)
2025-04-22 00:35:49,150 [DEBUG]  		naive factorization 11 columns (in 0.00456 secs)
2025-04-22 00:35:49,151 [DEBUG]  OP: Operation.SPLIT_COLUMNS on slice (81, 11) (remaining tasks 33)
2025-04-22 00:35:49,368 [DEBUG]  		found 1 col clusters (in 0.21751 secs)
2025-04-22 00:35:49,369 [DEBUG]  OP: Operation.SPLIT_COLUMNS on slice (98, 11) (remaining tasks 33)
2025-04-22 00:35:49,585 [DEBUG]  		found 1 col clusters (in 0.21576 secs)
2025-04-22 00:35:49,585 [DEBUG]  OP: Operation.NAIVE_FACTORIZATION on slice (60, 11) (remaining tasks 33)
2025-04-22 00:35:49,589 [DEBUG]  		naive factorization 11 columns (in 0.00398 secs)
2025-04-22 00:35:49,590 [DEBUG]  OP: Operation.NAIVE_FACTORIZATION on slice (58, 11) (remaining tasks 32)
2025-04-22 00:35:49,594 [DEBUG]  		naive factorization 11 columns (in 0.00389 secs)
2025-04-22 00:35:49,595 [DEBUG]  OP: Operation.NAIVE_FACTORIZATION on slice (51, 11) (remaining tasks 31)
2025-04-22 00:35:49,599 [DEBUG]  		naive factorization 11 columns (in 0.00478 secs)
2025-04-22 00:35:49,600 [DEBUG]  OP: Operation.NAIVE_FACTORIZATION on slice (26, 11) (remaining tasks 30)
2025-04-22 00:35:49,604 [DEBUG]  		naive factorization 11 columns (in 0.00371 secs)
2025-04-22 00:35:49,604 [DEBUG]  OP: Operation.SPLIT_ROWS on slice (314, 11) (remaining tasks 29)
2025-04-22 00:35:49,666 [DEBUG]  		found 2 row clusters (in 0.06114 secs)
2025-04-22 00:35:49,666 [DEBUG]  OP: Operation.SPLIT_ROWS on slice (81, 11) (remaining tasks 30)
2025-04-22 00:35:49,693 [DEBUG]  		found 2 row clusters (in 0.02632 secs)
2025-04-22 00:35:49,693 [DEBUG]  OP: Operation.SPLIT_ROWS on slice (119, 11) (remaining tasks 31)
2025-04-22 00:35:49,717 [DEBUG]  		found 2 row clusters (in 0.02382 secs)
2025-04-22 00:35:49,717 [DEBUG]  OP: Operation.SPLIT_ROWS on slice (136, 11) (remaining tasks 32)
2025-04-22 00:35:49,740 [DEBUG]  		found 2 row clusters (in 0.02290 secs)
2025-04-22 00:35:49,740 [DEBUG]  OP: Operation.SPLIT_ROWS on slice (257, 11) (remaining tasks 33)
2025-04-22 00:35:49,754 [DEBUG]  		found 2 row clusters (in 0.01383 secs)
2025-04-22 00:35:49,754 [DEBUG]  OP: Operation.SPLIT_ROWS on slice (288, 11) (remaining tasks 34)
2025-04-22 00:35:49,781 [DEBUG]  		found 2 row clusters (in 0.02603 secs)
2025-04-22 00:35:49,781 [DEBUG]  OP: Operation.SPLIT_ROWS on slice (380, 11) (remaining tasks 35)
2025-04-22 00:35:49,809 [DEBUG]  		found 2 row clusters (in 0.02811 secs)
2025-04-22 00:35:49,809 [DEBUG]  OP: Operation.SPLIT_ROWS on slice (395, 11) (remaining tasks 36)
2025-04-22 00:35:49,835 [DEBUG]  		found 2 row clusters (in 0.02543 secs)
2025-04-22 00:35:49,835 [DEBUG]  OP: Operation.SPLIT_ROWS on slice (324, 11) (remaining tasks 37)
2025-04-22 00:35:49,862 [DEBUG]  		found 2 row clusters (in 0.02689 secs)
2025-04-22 00:35:49,862 [DEBUG]  OP: Operation.SPLIT_ROWS on slice (158, 11) (remaining tasks 38)
2025-04-22 00:35:49,885 [DEBUG]  		found 2 row clusters (in 0.02250 secs)
2025-04-22 00:35:49,885 [DEBUG]  OP: Operation.SPLIT_ROWS on slice (256, 11) (remaining tasks 39)
2025-04-22 00:35:49,918 [DEBUG]  		found 2 row clusters (in 0.03355 secs)
2025-04-22 00:35:49,919 [DEBUG]  OP: Operation.SPLIT_ROWS on slice (177, 11) (remaining tasks 40)
2025-04-22 00:35:49,938 [DEBUG]  		found 2 row clusters (in 0.01909 secs)
2025-04-22 00:35:49,938 [DEBUG]  OP: Operation.SPLIT_ROWS on slice (342, 11) (remaining tasks 41)
2025-04-22 00:35:49,964 [DEBUG]  		found 2 row clusters (in 0.02574 secs)
2025-04-22 00:35:49,964 [DEBUG]  OP: Operation.SPLIT_ROWS on slice (253, 11) (remaining tasks 42)
2025-04-22 00:35:49,989 [DEBUG]  		found 2 row clusters (in 0.02446 secs)
2025-04-22 00:35:49,989 [DEBUG]  OP: Operation.SPLIT_ROWS on slice (208, 11) (remaining tasks 43)
2025-04-22 00:35:50,006 [DEBUG]  		found 2 row clusters (in 0.01736 secs)
2025-04-22 00:35:50,006 [DEBUG]  OP: Operation.SPLIT_ROWS on slice (111, 11) (remaining tasks 44)
2025-04-22 00:35:50,024 [DEBUG]  		found 2 row clusters (in 0.01741 secs)
2025-04-22 00:35:50,024 [DEBUG]  OP: Operation.SPLIT_ROWS on slice (134, 11) (remaining tasks 45)
2025-04-22 00:35:50,048 [DEBUG]  		found 2 row clusters (in 0.02398 secs)
2025-04-22 00:35:50,048 [DEBUG]  OP: Operation.SPLIT_ROWS on slice (119, 11) (remaining tasks 46)
2025-04-22 00:35:50,070 [DEBUG]  		found 2 row clusters (in 0.02202 secs)
2025-04-22 00:35:50,071 [DEBUG]  OP: Operation.SPLIT_ROWS on slice (187, 11) (remaining tasks 47)
2025-04-22 00:35:50,096 [DEBUG]  		found 2 row clusters (in 0.02515 secs)
2025-04-22 00:35:50,096 [DEBUG]  OP: Operation.SPLIT_ROWS on slice (185, 11) (remaining tasks 48)
2025-04-22 00:35:50,118 [DEBUG]  		found 2 row clusters (in 0.02222 secs)
2025-04-22 00:35:50,119 [DEBUG]  OP: Operation.SPLIT_ROWS on slice (121, 11) (remaining tasks 49)
2025-04-22 00:35:50,140 [DEBUG]  		found 2 row clusters (in 0.02156 secs)
2025-04-22 00:35:50,140 [DEBUG]  OP: Operation.SPLIT_ROWS on slice (72, 11) (remaining tasks 50)
2025-04-22 00:35:50,157 [DEBUG]  		found 2 row clusters (in 0.01668 secs)
2025-04-22 00:35:50,157 [DEBUG]  OP: Operation.SPLIT_ROWS on slice (244, 11) (remaining tasks 51)
2025-04-22 00:35:50,182 [DEBUG]  		found 2 row clusters (in 0.02414 secs)
2025-04-22 00:35:50,182 [DEBUG]  OP: Operation.SPLIT_ROWS on slice (159, 11) (remaining tasks 52)
2025-04-22 00:35:50,207 [DEBUG]  		found 2 row clusters (in 0.02511 secs)
2025-04-22 00:35:50,207 [DEBUG]  OP: Operation.SPLIT_ROWS on slice (209, 11) (remaining tasks 53)
2025-04-22 00:35:50,231 [DEBUG]  		found 2 row clusters (in 0.02408 secs)
2025-04-22 00:35:50,231 [DEBUG]  OP: Operation.SPLIT_ROWS on slice (200, 11) (remaining tasks 54)
2025-04-22 00:35:50,252 [DEBUG]  		found 2 row clusters (in 0.02066 secs)
2025-04-22 00:35:50,252 [DEBUG]  OP: Operation.SPLIT_ROWS on slice (94, 11) (remaining tasks 55)
2025-04-22 00:35:50,267 [DEBUG]  		found 2 row clusters (in 0.01453 secs)
2025-04-22 00:35:50,267 [DEBUG]  OP: Operation.SPLIT_ROWS on slice (98, 11) (remaining tasks 56)
2025-04-22 00:35:50,285 [DEBUG]  		found 2 row clusters (in 0.01815 secs)
2025-04-22 00:35:50,286 [DEBUG]  OP: Operation.SPLIT_ROWS on slice (81, 11) (remaining tasks 57)
2025-04-22 00:35:50,302 [DEBUG]  		found 2 row clusters (in 0.01666 secs)
2025-04-22 00:35:50,302 [DEBUG]  OP: Operation.SPLIT_ROWS on slice (98, 11) (remaining tasks 58)
2025-04-22 00:35:50,323 [DEBUG]  		found 2 row clusters (in 0.02066 secs)
2025-04-22 00:35:50,323 [DEBUG]  OP: Operation.NAIVE_FACTORIZATION on slice (15, 11) (remaining tasks 59)
2025-04-22 00:35:50,327 [DEBUG]  		naive factorization 11 columns (in 0.00350 secs)
2025-04-22 00:35:50,327 [DEBUG]  OP: Operation.SPLIT_COLUMNS on slice (299, 11) (remaining tasks 58)
2025-04-22 00:35:52,102 [DEBUG]  		found 1 col clusters (in 1.77436 secs)
2025-04-22 00:35:52,102 [DEBUG]  OP: Operation.NAIVE_FACTORIZATION on slice (71, 11) (remaining tasks 58)
2025-04-22 00:35:52,109 [DEBUG]  		naive factorization 11 columns (in 0.00605 secs)
2025-04-22 00:35:52,109 [DEBUG]  OP: Operation.NAIVE_FACTORIZATION on slice (10, 11) (remaining tasks 57)
2025-04-22 00:35:52,114 [DEBUG]  		naive factorization 11 columns (in 0.00437 secs)
2025-04-22 00:35:52,114 [DEBUG]  OP: Operation.SPLIT_COLUMNS on slice (90, 11) (remaining tasks 56)
2025-04-22 00:35:52,372 [DEBUG]  		found 1 col clusters (in 0.25835 secs)
2025-04-22 00:35:52,373 [DEBUG]  OP: Operation.NAIVE_FACTORIZATION on slice (29, 11) (remaining tasks 56)
2025-04-22 00:35:52,377 [DEBUG]  		naive factorization 11 columns (in 0.00399 secs)
2025-04-22 00:35:52,378 [DEBUG]  OP: Operation.NAIVE_FACTORIZATION on slice (29, 11) (remaining tasks 55)
2025-04-22 00:35:52,381 [DEBUG]  		naive factorization 11 columns (in 0.00354 secs)
2025-04-22 00:35:52,382 [DEBUG]  OP: Operation.SPLIT_COLUMNS on slice (107, 11) (remaining tasks 54)
2025-04-22 00:35:52,600 [DEBUG]  		found 1 col clusters (in 0.21757 secs)
2025-04-22 00:35:52,600 [DEBUG]  OP: Operation.NAIVE_FACTORIZATION on slice (31, 11) (remaining tasks 54)
2025-04-22 00:35:52,605 [DEBUG]  		naive factorization 11 columns (in 0.00436 secs)
2025-04-22 00:35:52,605 [DEBUG]  OP: Operation.SPLIT_COLUMNS on slice (226, 11) (remaining tasks 53)
2025-04-22 00:35:54,232 [DEBUG]  		found 1 col clusters (in 1.62707 secs)
2025-04-22 00:35:54,233 [DEBUG]  OP: Operation.SPLIT_COLUMNS on slice (120, 11) (remaining tasks 53)
2025-04-22 00:35:54,545 [DEBUG]  		found 1 col clusters (in 0.31182 secs)
2025-04-22 00:35:54,545 [DEBUG]  OP: Operation.SPLIT_COLUMNS on slice (168, 11) (remaining tasks 53)
2025-04-22 00:35:54,863 [DEBUG]  		found 1 col clusters (in 0.31734 secs)
2025-04-22 00:35:54,863 [DEBUG]  OP: Operation.SPLIT_COLUMNS on slice (210, 11) (remaining tasks 53)
2025-04-22 00:35:56,338 [DEBUG]  		found 1 col clusters (in 1.47437 secs)
2025-04-22 00:35:56,338 [DEBUG]  OP: Operation.SPLIT_COLUMNS on slice (170, 11) (remaining tasks 53)
2025-04-22 00:35:56,722 [DEBUG]  		found 1 col clusters (in 0.38374 secs)
2025-04-22 00:35:56,723 [DEBUG]  OP: Operation.SPLIT_COLUMNS on slice (237, 11) (remaining tasks 53)
2025-04-22 00:35:58,095 [DEBUG]  		found 1 col clusters (in 1.37178 secs)
2025-04-22 00:35:58,095 [DEBUG]  OP: Operation.SPLIT_COLUMNS on slice (158, 11) (remaining tasks 53)
2025-04-22 00:35:58,406 [DEBUG]  		found 1 col clusters (in 0.31102 secs)
2025-04-22 00:35:58,407 [DEBUG]  OP: Operation.SPLIT_COLUMNS on slice (122, 11) (remaining tasks 53)
2025-04-22 00:35:58,745 [DEBUG]  		found 1 col clusters (in 0.33737 secs)
2025-04-22 00:35:58,745 [DEBUG]  OP: Operation.SPLIT_COLUMNS on slice (202, 11) (remaining tasks 53)
2025-04-22 00:36:00,374 [DEBUG]  		found 1 col clusters (in 1.62873 secs)
2025-04-22 00:36:00,374 [DEBUG]  OP: Operation.SPLIT_COLUMNS on slice (115, 11) (remaining tasks 53)
2025-04-22 00:36:00,643 [DEBUG]  		found 1 col clusters (in 0.26814 secs)
2025-04-22 00:36:00,643 [DEBUG]  OP: Operation.NAIVE_FACTORIZATION on slice (43, 11) (remaining tasks 53)
2025-04-22 00:36:00,648 [DEBUG]  		naive factorization 11 columns (in 0.00419 secs)
2025-04-22 00:36:00,648 [DEBUG]  OP: Operation.SPLIT_COLUMNS on slice (139, 11) (remaining tasks 52)
2025-04-22 00:36:00,867 [DEBUG]  		found 1 col clusters (in 0.21908 secs)
2025-04-22 00:36:00,868 [DEBUG]  OP: Operation.SPLIT_COLUMNS on slice (117, 11) (remaining tasks 52)
2025-04-22 00:36:01,214 [DEBUG]  		found 1 col clusters (in 0.34593 secs)
2025-04-22 00:36:01,215 [DEBUG]  OP: Operation.NAIVE_FACTORIZATION on slice (50, 11) (remaining tasks 52)
2025-04-22 00:36:01,219 [DEBUG]  		naive factorization 11 columns (in 0.00382 secs)
2025-04-22 00:36:01,219 [DEBUG]  OP: Operation.SPLIT_COLUMNS on slice (127, 11) (remaining tasks 51)
2025-04-22 00:36:01,440 [DEBUG]  		found 1 col clusters (in 0.22088 secs)
2025-04-22 00:36:01,441 [DEBUG]  OP: Operation.SPLIT_COLUMNS on slice (187, 11) (remaining tasks 51)
2025-04-22 00:36:01,767 [DEBUG]  		found 1 col clusters (in 0.32585 secs)
2025-04-22 00:36:01,767 [DEBUG]  OP: Operation.SPLIT_COLUMNS on slice (155, 11) (remaining tasks 51)
2025-04-22 00:36:02,133 [DEBUG]  		found 1 col clusters (in 0.36562 secs)
2025-04-22 00:36:02,133 [DEBUG]  OP: Operation.SPLIT_COLUMNS on slice (192, 11) (remaining tasks 51)
2025-04-22 00:36:03,556 [DEBUG]  		found 1 col clusters (in 1.42271 secs)
2025-04-22 00:36:03,557 [DEBUG]  OP: Operation.NAIVE_FACTORIZATION on slice (61, 11) (remaining tasks 51)
2025-04-22 00:36:03,562 [DEBUG]  		naive factorization 11 columns (in 0.00505 secs)
2025-04-22 00:36:03,562 [DEBUG]  OP: Operation.SPLIT_COLUMNS on slice (186, 11) (remaining tasks 50)
2025-04-22 00:36:03,875 [DEBUG]  		found 1 col clusters (in 0.31251 secs)
2025-04-22 00:36:03,875 [DEBUG]  OP: Operation.NAIVE_FACTORIZATION on slice (22, 11) (remaining tasks 50)
2025-04-22 00:36:03,879 [DEBUG]  		naive factorization 11 columns (in 0.00335 secs)
2025-04-22 00:36:03,879 [DEBUG]  OP: Operation.NAIVE_FACTORIZATION on slice (63, 11) (remaining tasks 49)
2025-04-22 00:36:03,883 [DEBUG]  		naive factorization 11 columns (in 0.00351 secs)
2025-04-22 00:36:03,884 [DEBUG]  OP: Operation.NAIVE_FACTORIZATION on slice (48, 11) (remaining tasks 48)
2025-04-22 00:36:03,888 [DEBUG]  		naive factorization 11 columns (in 0.00383 secs)
2025-04-22 00:36:03,888 [DEBUG]  OP: Operation.NAIVE_FACTORIZATION on slice (58, 11) (remaining tasks 47)
2025-04-22 00:36:03,893 [DEBUG]  		naive factorization 11 columns (in 0.00450 secs)
2025-04-22 00:36:03,893 [DEBUG]  OP: Operation.SPLIT_COLUMNS on slice (76, 11) (remaining tasks 46)
2025-04-22 00:36:04,156 [DEBUG]  		found 1 col clusters (in 0.26291 secs)
2025-04-22 00:36:04,157 [DEBUG]  OP: Operation.NAIVE_FACTORIZATION on slice (26, 11) (remaining tasks 46)
2025-04-22 00:36:04,160 [DEBUG]  		naive factorization 11 columns (in 0.00361 secs)
2025-04-22 00:36:04,161 [DEBUG]  OP: Operation.SPLIT_COLUMNS on slice (93, 11) (remaining tasks 45)
2025-04-22 00:36:04,378 [DEBUG]  		found 1 col clusters (in 0.21673 secs)
2025-04-22 00:36:04,378 [DEBUG]  OP: Operation.NAIVE_FACTORIZATION on slice (55, 11) (remaining tasks 45)
2025-04-22 00:36:04,384 [DEBUG]  		naive factorization 11 columns (in 0.00538 secs)
2025-04-22 00:36:04,385 [DEBUG]  OP: Operation.SPLIT_COLUMNS on slice (132, 11) (remaining tasks 44)
2025-04-22 00:36:04,701 [DEBUG]  		found 1 col clusters (in 0.31636 secs)
2025-04-22 00:36:04,702 [DEBUG]  OP: Operation.NAIVE_FACTORIZATION on slice (65, 11) (remaining tasks 44)
2025-04-22 00:36:04,706 [DEBUG]  		naive factorization 11 columns (in 0.00403 secs)
2025-04-22 00:36:04,706 [DEBUG]  OP: Operation.SPLIT_COLUMNS on slice (120, 11) (remaining tasks 43)
2025-04-22 00:36:04,942 [DEBUG]  		found 1 col clusters (in 0.23529 secs)
2025-04-22 00:36:04,942 [DEBUG]  OP: Operation.SPLIT_COLUMNS on slice (82, 11) (remaining tasks 43)
2025-04-22 00:36:05,160 [DEBUG]  		found 1 col clusters (in 0.21745 secs)
2025-04-22 00:36:05,160 [DEBUG]  OP: Operation.NAIVE_FACTORIZATION on slice (39, 11) (remaining tasks 43)
2025-04-22 00:36:05,165 [DEBUG]  		naive factorization 11 columns (in 0.00483 secs)
2025-04-22 00:36:05,166 [DEBUG]  OP: Operation.NAIVE_FACTORIZATION on slice (50, 11) (remaining tasks 42)
2025-04-22 00:36:05,171 [DEBUG]  		naive factorization 11 columns (in 0.00438 secs)
2025-04-22 00:36:05,171 [DEBUG]  OP: Operation.NAIVE_FACTORIZATION on slice (22, 11) (remaining tasks 41)
2025-04-22 00:36:05,175 [DEBUG]  		naive factorization 11 columns (in 0.00426 secs)
2025-04-22 00:36:05,176 [DEBUG]  OP: Operation.SPLIT_COLUMNS on slice (110, 11) (remaining tasks 40)
2025-04-22 00:36:05,400 [DEBUG]  		found 1 col clusters (in 0.22363 secs)
2025-04-22 00:36:05,400 [DEBUG]  OP: Operation.SPLIT_COLUMNS on slice (134, 11) (remaining tasks 40)
2025-04-22 00:36:05,726 [DEBUG]  		found 1 col clusters (in 0.32594 secs)
2025-04-22 00:36:05,727 [DEBUG]  OP: Operation.SPLIT_COLUMNS on slice (93, 11) (remaining tasks 40)
2025-04-22 00:36:05,952 [DEBUG]  		found 1 col clusters (in 0.22474 secs)
2025-04-22 00:36:05,952 [DEBUG]  OP: Operation.NAIVE_FACTORIZATION on slice (66, 11) (remaining tasks 40)
2025-04-22 00:36:05,956 [DEBUG]  		naive factorization 11 columns (in 0.00407 secs)
2025-04-22 00:36:05,957 [DEBUG]  OP: Operation.SPLIT_COLUMNS on slice (85, 11) (remaining tasks 39)
2025-04-22 00:36:06,174 [DEBUG]  		found 1 col clusters (in 0.21720 secs)
2025-04-22 00:36:06,175 [DEBUG]  OP: Operation.SPLIT_COLUMNS on slice (124, 11) (remaining tasks 39)
2025-04-22 00:36:06,394 [DEBUG]  		found 1 col clusters (in 0.21875 secs)
2025-04-22 00:36:06,394 [DEBUG]  OP: Operation.SPLIT_COLUMNS on slice (95, 11) (remaining tasks 39)
2025-04-22 00:36:06,611 [DEBUG]  		found 1 col clusters (in 0.21670 secs)
2025-04-22 00:36:06,612 [DEBUG]  OP: Operation.SPLIT_COLUMNS on slice (105, 11) (remaining tasks 39)
2025-04-22 00:36:06,830 [DEBUG]  		found 1 col clusters (in 0.21771 secs)
2025-04-22 00:36:06,830 [DEBUG]  OP: Operation.NAIVE_FACTORIZATION on slice (13, 11) (remaining tasks 39)
2025-04-22 00:36:06,835 [DEBUG]  		naive factorization 11 columns (in 0.00444 secs)
2025-04-22 00:36:06,835 [DEBUG]  OP: Operation.SPLIT_COLUMNS on slice (81, 11) (remaining tasks 38)
2025-04-22 00:36:07,056 [DEBUG]  		found 1 col clusters (in 0.22059 secs)
2025-04-22 00:36:07,057 [DEBUG]  OP: Operation.NAIVE_FACTORIZATION on slice (49, 11) (remaining tasks 38)
2025-04-22 00:36:07,061 [DEBUG]  		naive factorization 11 columns (in 0.00437 secs)
2025-04-22 00:36:07,062 [DEBUG]  OP: Operation.NAIVE_FACTORIZATION on slice (49, 11) (remaining tasks 37)
2025-04-22 00:36:07,066 [DEBUG]  		naive factorization 11 columns (in 0.00374 secs)
2025-04-22 00:36:07,066 [DEBUG]  OP: Operation.NAIVE_FACTORIZATION on slice (51, 11) (remaining tasks 36)
2025-04-22 00:36:07,071 [DEBUG]  		naive factorization 11 columns (in 0.00425 secs)
2025-04-22 00:36:07,071 [DEBUG]  OP: Operation.NAIVE_FACTORIZATION on slice (30, 11) (remaining tasks 35)
2025-04-22 00:36:07,076 [DEBUG]  		naive factorization 11 columns (in 0.00452 secs)
2025-04-22 00:36:07,076 [DEBUG]  OP: Operation.NAIVE_FACTORIZATION on slice (52, 11) (remaining tasks 34)
2025-04-22 00:36:07,080 [DEBUG]  		naive factorization 11 columns (in 0.00385 secs)
2025-04-22 00:36:07,081 [DEBUG]  OP: Operation.NAIVE_FACTORIZATION on slice (46, 11) (remaining tasks 33)
2025-04-22 00:36:07,086 [DEBUG]  		naive factorization 11 columns (in 0.00471 secs)
2025-04-22 00:36:07,086 [DEBUG]  OP: Operation.SPLIT_ROWS on slice (299, 11) (remaining tasks 32)
2025-04-22 00:36:07,155 [DEBUG]  		found 2 row clusters (in 0.06790 secs)
2025-04-22 00:36:07,155 [DEBUG]  OP: Operation.SPLIT_ROWS on slice (90, 11) (remaining tasks 33)
2025-04-22 00:36:07,182 [DEBUG]  		found 2 row clusters (in 0.02651 secs)
2025-04-22 00:36:07,182 [DEBUG]  OP: Operation.SPLIT_ROWS on slice (107, 11) (remaining tasks 34)
2025-04-22 00:36:07,214 [DEBUG]  		found 2 row clusters (in 0.03242 secs)
2025-04-22 00:36:07,215 [DEBUG]  OP: Operation.SPLIT_ROWS on slice (226, 11) (remaining tasks 35)
2025-04-22 00:36:07,239 [DEBUG]  		found 2 row clusters (in 0.02405 secs)
2025-04-22 00:36:07,239 [DEBUG]  OP: Operation.SPLIT_ROWS on slice (120, 11) (remaining tasks 36)
2025-04-22 00:36:07,259 [DEBUG]  		found 2 row clusters (in 0.02042 secs)
2025-04-22 00:36:07,260 [DEBUG]  OP: Operation.SPLIT_ROWS on slice (168, 11) (remaining tasks 37)
2025-04-22 00:36:07,285 [DEBUG]  		found 2 row clusters (in 0.02575 secs)
2025-04-22 00:36:07,286 [DEBUG]  OP: Operation.SPLIT_ROWS on slice (210, 11) (remaining tasks 38)
2025-04-22 00:36:07,308 [DEBUG]  		found 2 row clusters (in 0.02193 secs)
2025-04-22 00:36:07,308 [DEBUG]  OP: Operation.SPLIT_ROWS on slice (170, 11) (remaining tasks 39)
2025-04-22 00:36:07,347 [DEBUG]  		found 2 row clusters (in 0.03933 secs)
2025-04-22 00:36:07,348 [DEBUG]  OP: Operation.SPLIT_ROWS on slice (237, 11) (remaining tasks 40)
2025-04-22 00:36:07,369 [DEBUG]  		found 2 row clusters (in 0.02167 secs)
2025-04-22 00:36:07,369 [DEBUG]  OP: Operation.SPLIT_ROWS on slice (158, 11) (remaining tasks 41)
2025-04-22 00:36:07,389 [DEBUG]  		found 2 row clusters (in 0.01970 secs)
2025-04-22 00:36:07,389 [DEBUG]  OP: Operation.SPLIT_ROWS on slice (122, 11) (remaining tasks 42)
2025-04-22 00:36:07,409 [DEBUG]  		found 2 row clusters (in 0.01993 secs)
2025-04-22 00:36:07,410 [DEBUG]  OP: Operation.SPLIT_ROWS on slice (202, 11) (remaining tasks 43)
2025-04-22 00:36:07,439 [DEBUG]  		found 2 row clusters (in 0.02921 secs)
2025-04-22 00:36:07,439 [DEBUG]  OP: Operation.SPLIT_ROWS on slice (115, 11) (remaining tasks 44)
2025-04-22 00:36:07,460 [DEBUG]  		found 2 row clusters (in 0.02053 secs)
2025-04-22 00:36:07,460 [DEBUG]  OP: Operation.SPLIT_ROWS on slice (139, 11) (remaining tasks 45)
2025-04-22 00:36:07,480 [DEBUG]  		found 2 row clusters (in 0.01964 secs)
2025-04-22 00:36:07,480 [DEBUG]  OP: Operation.SPLIT_ROWS on slice (117, 11) (remaining tasks 46)
2025-04-22 00:36:07,499 [DEBUG]  		found 2 row clusters (in 0.01941 secs)
2025-04-22 00:36:07,499 [DEBUG]  OP: Operation.SPLIT_ROWS on slice (127, 11) (remaining tasks 47)
2025-04-22 00:36:07,520 [DEBUG]  		found 2 row clusters (in 0.02090 secs)
2025-04-22 00:36:07,521 [DEBUG]  OP: Operation.SPLIT_ROWS on slice (187, 11) (remaining tasks 48)
2025-04-22 00:36:07,545 [DEBUG]  		found 2 row clusters (in 0.02439 secs)
2025-04-22 00:36:07,545 [DEBUG]  OP: Operation.SPLIT_ROWS on slice (155, 11) (remaining tasks 49)
2025-04-22 00:36:07,567 [DEBUG]  		found 2 row clusters (in 0.02175 secs)
2025-04-22 00:36:07,567 [DEBUG]  OP: Operation.SPLIT_ROWS on slice (192, 11) (remaining tasks 50)
2025-04-22 00:36:07,587 [DEBUG]  		found 2 row clusters (in 0.01915 secs)
2025-04-22 00:36:07,587 [DEBUG]  OP: Operation.SPLIT_ROWS on slice (186, 11) (remaining tasks 51)
2025-04-22 00:36:07,611 [DEBUG]  		found 2 row clusters (in 0.02380 secs)
2025-04-22 00:36:07,611 [DEBUG]  OP: Operation.SPLIT_ROWS on slice (76, 11) (remaining tasks 52)
2025-04-22 00:36:07,628 [DEBUG]  		found 2 row clusters (in 0.01764 secs)
2025-04-22 00:36:07,629 [DEBUG]  OP: Operation.SPLIT_ROWS on slice (93, 11) (remaining tasks 53)
2025-04-22 00:36:07,653 [DEBUG]  		found 2 row clusters (in 0.02409 secs)
2025-04-22 00:36:07,653 [DEBUG]  OP: Operation.SPLIT_ROWS on slice (132, 11) (remaining tasks 54)
2025-04-22 00:36:07,677 [DEBUG]  		found 2 row clusters (in 0.02355 secs)
2025-04-22 00:36:07,677 [DEBUG]  OP: Operation.SPLIT_ROWS on slice (120, 11) (remaining tasks 55)
2025-04-22 00:36:07,697 [DEBUG]  		found 2 row clusters (in 0.02005 secs)
2025-04-22 00:36:07,697 [DEBUG]  OP: Operation.SPLIT_ROWS on slice (82, 11) (remaining tasks 56)
2025-04-22 00:36:07,716 [DEBUG]  		found 2 row clusters (in 0.01869 secs)
2025-04-22 00:36:07,716 [DEBUG]  OP: Operation.SPLIT_ROWS on slice (110, 11) (remaining tasks 57)
2025-04-22 00:36:07,737 [DEBUG]  		found 2 row clusters (in 0.02110 secs)
2025-04-22 00:36:07,737 [DEBUG]  OP: Operation.SPLIT_ROWS on slice (134, 11) (remaining tasks 58)
2025-04-22 00:36:07,758 [DEBUG]  		found 2 row clusters (in 0.02026 secs)
2025-04-22 00:36:07,758 [DEBUG]  OP: Operation.SPLIT_ROWS on slice (93, 11) (remaining tasks 59)
2025-04-22 00:36:07,782 [DEBUG]  		found 2 row clusters (in 0.02399 secs)
2025-04-22 00:36:07,782 [DEBUG]  OP: Operation.SPLIT_ROWS on slice (85, 11) (remaining tasks 60)
2025-04-22 00:36:07,801 [DEBUG]  		found 2 row clusters (in 0.01861 secs)
2025-04-22 00:36:07,801 [DEBUG]  OP: Operation.SPLIT_ROWS on slice (124, 11) (remaining tasks 61)
2025-04-22 00:36:07,822 [DEBUG]  		found 2 row clusters (in 0.02062 secs)
2025-04-22 00:36:07,822 [DEBUG]  OP: Operation.SPLIT_ROWS on slice (95, 11) (remaining tasks 62)
2025-04-22 00:36:07,842 [DEBUG]  		found 2 row clusters (in 0.02026 secs)
2025-04-22 00:36:07,843 [DEBUG]  OP: Operation.SPLIT_ROWS on slice (105, 11) (remaining tasks 63)
2025-04-22 00:36:07,863 [DEBUG]  		found 2 row clusters (in 0.02041 secs)
2025-04-22 00:36:07,863 [DEBUG]  OP: Operation.SPLIT_ROWS on slice (81, 11) (remaining tasks 64)
2025-04-22 00:36:07,879 [DEBUG]  		found 2 row clusters (in 0.01532 secs)
2025-04-22 00:36:07,879 [DEBUG]  OP: Operation.SPLIT_COLUMNS on slice (84, 11) (remaining tasks 65)
2025-04-22 00:36:08,091 [DEBUG]  		found 1 col clusters (in 0.21218 secs)
2025-04-22 00:36:08,092 [DEBUG]  OP: Operation.SPLIT_COLUMNS on slice (215, 11) (remaining tasks 65)
2025-04-22 00:36:09,472 [DEBUG]  		found 1 col clusters (in 1.38066 secs)
2025-04-22 00:36:09,473 [DEBUG]  OP: Operation.NAIVE_FACTORIZATION on slice (6, 11) (remaining tasks 65)
2025-04-22 00:36:09,477 [DEBUG]  		naive factorization 11 columns (in 0.00406 secs)
2025-04-22 00:36:09,478 [DEBUG]  OP: Operation.SPLIT_COLUMNS on slice (84, 11) (remaining tasks 64)
2025-04-22 00:36:09,741 [DEBUG]  		found 1 col clusters (in 0.26358 secs)
2025-04-22 00:36:09,742 [DEBUG]  OP: Operation.NAIVE_FACTORIZATION on slice (36, 11) (remaining tasks 64)
2025-04-22 00:36:09,747 [DEBUG]  		naive factorization 11 columns (in 0.00456 secs)
2025-04-22 00:36:09,747 [DEBUG]  OP: Operation.NAIVE_FACTORIZATION on slice (71, 11) (remaining tasks 63)
2025-04-22 00:36:09,752 [DEBUG]  		naive factorization 11 columns (in 0.00432 secs)
2025-04-22 00:36:09,752 [DEBUG]  OP: Operation.SPLIT_COLUMNS on slice (87, 11) (remaining tasks 62)
2025-04-22 00:36:09,993 [DEBUG]  		found 1 col clusters (in 0.24073 secs)
2025-04-22 00:36:09,994 [DEBUG]  OP: Operation.SPLIT_COLUMNS on slice (139, 11) (remaining tasks 62)
2025-04-22 00:36:10,320 [DEBUG]  		found 1 col clusters (in 0.32595 secs)
2025-04-22 00:36:10,320 [DEBUG]  OP: Operation.SPLIT_COLUMNS on slice (89, 11) (remaining tasks 62)
2025-04-22 00:36:10,567 [DEBUG]  		found 1 col clusters (in 0.24679 secs)
2025-04-22 00:36:10,567 [DEBUG]  OP: Operation.NAIVE_FACTORIZATION on slice (31, 11) (remaining tasks 62)
2025-04-22 00:36:10,572 [DEBUG]  		naive factorization 11 columns (in 0.00404 secs)
2025-04-22 00:36:10,572 [DEBUG]  OP: Operation.SPLIT_COLUMNS on slice (80, 11) (remaining tasks 61)
2025-04-22 00:36:10,790 [DEBUG]  		found 1 col clusters (in 0.21720 secs)
2025-04-22 00:36:10,790 [DEBUG]  OP: Operation.SPLIT_COLUMNS on slice (88, 11) (remaining tasks 61)
2025-04-22 00:36:11,021 [DEBUG]  		found 1 col clusters (in 0.23107 secs)
2025-04-22 00:36:11,022 [DEBUG]  OP: Operation.SPLIT_COLUMNS on slice (111, 11) (remaining tasks 61)
2025-04-22 00:36:11,240 [DEBUG]  		found 1 col clusters (in 0.21749 secs)
2025-04-22 00:36:11,240 [DEBUG]  OP: Operation.SPLIT_COLUMNS on slice (99, 11) (remaining tasks 61)
2025-04-22 00:36:11,458 [DEBUG]  		found 1 col clusters (in 0.21809 secs)
2025-04-22 00:36:11,459 [DEBUG]  OP: Operation.NAIVE_FACTORIZATION on slice (18, 11) (remaining tasks 61)
2025-04-22 00:36:11,463 [DEBUG]  		naive factorization 11 columns (in 0.00439 secs)
2025-04-22 00:36:11,464 [DEBUG]  OP: Operation.SPLIT_COLUMNS on slice (152, 11) (remaining tasks 60)
2025-04-22 00:36:11,782 [DEBUG]  		found 1 col clusters (in 0.31791 secs)
2025-04-22 00:36:11,783 [DEBUG]  OP: Operation.SPLIT_COLUMNS on slice (217, 11) (remaining tasks 60)
2025-04-22 00:36:13,302 [DEBUG]  		found 1 col clusters (in 1.51871 secs)
2025-04-22 00:36:13,302 [DEBUG]  OP: Operation.NAIVE_FACTORIZATION on slice (20, 11) (remaining tasks 60)
2025-04-22 00:36:13,307 [DEBUG]  		naive factorization 11 columns (in 0.00533 secs)
2025-04-22 00:36:13,308 [DEBUG]  OP: Operation.SPLIT_COLUMNS on slice (103, 11) (remaining tasks 59)
2025-04-22 00:36:13,554 [DEBUG]  		found 1 col clusters (in 0.24590 secs)
2025-04-22 00:36:13,554 [DEBUG]  OP: Operation.NAIVE_FACTORIZATION on slice (55, 11) (remaining tasks 59)
2025-04-22 00:36:13,559 [DEBUG]  		naive factorization 11 columns (in 0.00413 secs)
2025-04-22 00:36:13,559 [DEBUG]  OP: Operation.SPLIT_COLUMNS on slice (84, 11) (remaining tasks 58)
2025-04-22 00:36:13,782 [DEBUG]  		found 1 col clusters (in 0.22293 secs)
2025-04-22 00:36:13,783 [DEBUG]  OP: Operation.NAIVE_FACTORIZATION on slice (38, 11) (remaining tasks 58)
2025-04-22 00:36:13,787 [DEBUG]  		naive factorization 11 columns (in 0.00376 secs)
2025-04-22 00:36:13,787 [DEBUG]  OP: Operation.SPLIT_COLUMNS on slice (87, 11) (remaining tasks 57)
2025-04-22 00:36:14,013 [DEBUG]  		found 1 col clusters (in 0.22514 secs)
2025-04-22 00:36:14,013 [DEBUG]  OP: Operation.SPLIT_COLUMNS on slice (115, 11) (remaining tasks 57)
2025-04-22 00:36:14,232 [DEBUG]  		found 1 col clusters (in 0.21868 secs)
2025-04-22 00:36:14,232 [DEBUG]  OP: Operation.SPLIT_COLUMNS on slice (84, 11) (remaining tasks 57)
2025-04-22 00:36:14,464 [DEBUG]  		found 1 col clusters (in 0.23103 secs)
2025-04-22 00:36:14,464 [DEBUG]  OP: Operation.NAIVE_FACTORIZATION on slice (31, 11) (remaining tasks 57)
2025-04-22 00:36:14,468 [DEBUG]  		naive factorization 11 columns (in 0.00370 secs)
2025-04-22 00:36:14,469 [DEBUG]  OP: Operation.NAIVE_FACTORIZATION on slice (42, 11) (remaining tasks 56)
2025-04-22 00:36:14,473 [DEBUG]  		naive factorization 11 columns (in 0.00409 secs)
2025-04-22 00:36:14,473 [DEBUG]  OP: Operation.SPLIT_COLUMNS on slice (97, 11) (remaining tasks 55)
2025-04-22 00:36:14,694 [DEBUG]  		found 1 col clusters (in 0.22091 secs)
2025-04-22 00:36:14,695 [DEBUG]  OP: Operation.SPLIT_COLUMNS on slice (113, 11) (remaining tasks 55)
2025-04-22 00:36:14,919 [DEBUG]  		found 1 col clusters (in 0.22373 secs)
2025-04-22 00:36:14,919 [DEBUG]  OP: Operation.NAIVE_FACTORIZATION on slice (4, 11) (remaining tasks 55)
2025-04-22 00:36:14,923 [DEBUG]  		naive factorization 11 columns (in 0.00344 secs)
2025-04-22 00:36:14,924 [DEBUG]  OP: Operation.SPLIT_COLUMNS on slice (109, 11) (remaining tasks 54)
2025-04-22 00:36:15,148 [DEBUG]  		found 1 col clusters (in 0.22421 secs)
2025-04-22 00:36:15,148 [DEBUG]  OP: Operation.NAIVE_FACTORIZATION on slice (18, 11) (remaining tasks 54)
2025-04-22 00:36:15,152 [DEBUG]  		naive factorization 11 columns (in 0.00378 secs)
2025-04-22 00:36:15,153 [DEBUG]  OP: Operation.SPLIT_COLUMNS on slice (134, 11) (remaining tasks 53)
2025-04-22 00:36:15,475 [DEBUG]  		found 1 col clusters (in 0.32195 secs)
2025-04-22 00:36:15,475 [DEBUG]  OP: Operation.NAIVE_FACTORIZATION on slice (53, 11) (remaining tasks 53)
2025-04-22 00:36:15,479 [DEBUG]  		naive factorization 11 columns (in 0.00345 secs)
2025-04-22 00:36:15,479 [DEBUG]  OP: Operation.SPLIT_COLUMNS on slice (133, 11) (remaining tasks 52)
2025-04-22 00:36:15,746 [DEBUG]  		found 1 col clusters (in 0.26649 secs)
2025-04-22 00:36:15,746 [DEBUG]  OP: Operation.NAIVE_FACTORIZATION on slice (22, 11) (remaining tasks 52)
2025-04-22 00:36:15,751 [DEBUG]  		naive factorization 11 columns (in 0.00433 secs)
2025-04-22 00:36:15,751 [DEBUG]  OP: Operation.SPLIT_COLUMNS on slice (90, 11) (remaining tasks 51)
2025-04-22 00:36:16,098 [DEBUG]  		found 1 col clusters (in 0.34660 secs)
2025-04-22 00:36:16,098 [DEBUG]  OP: Operation.SPLIT_COLUMNS on slice (102, 11) (remaining tasks 51)
2025-04-22 00:36:16,319 [DEBUG]  		found 1 col clusters (in 0.22044 secs)
2025-04-22 00:36:16,320 [DEBUG]  OP: Operation.SPLIT_COLUMNS on slice (116, 11) (remaining tasks 51)
2025-04-22 00:36:16,537 [DEBUG]  		found 1 col clusters (in 0.21711 secs)
2025-04-22 00:36:16,537 [DEBUG]  OP: Operation.NAIVE_FACTORIZATION on slice (70, 11) (remaining tasks 51)
2025-04-22 00:36:16,542 [DEBUG]  		naive factorization 11 columns (in 0.00432 secs)
2025-04-22 00:36:16,542 [DEBUG]  OP: Operation.NAIVE_FACTORIZATION on slice (55, 11) (remaining tasks 50)
2025-04-22 00:36:16,547 [DEBUG]  		naive factorization 11 columns (in 0.00383 secs)
2025-04-22 00:36:16,547 [DEBUG]  OP: Operation.NAIVE_FACTORIZATION on slice (21, 11) (remaining tasks 49)
2025-04-22 00:36:16,551 [DEBUG]  		naive factorization 11 columns (in 0.00340 secs)
2025-04-22 00:36:16,551 [DEBUG]  OP: Operation.NAIVE_FACTORIZATION on slice (37, 11) (remaining tasks 48)
2025-04-22 00:36:16,556 [DEBUG]  		naive factorization 11 columns (in 0.00427 secs)
2025-04-22 00:36:16,556 [DEBUG]  OP: Operation.NAIVE_FACTORIZATION on slice (56, 11) (remaining tasks 47)
2025-04-22 00:36:16,560 [DEBUG]  		naive factorization 11 columns (in 0.00386 secs)
2025-04-22 00:36:16,561 [DEBUG]  OP: Operation.SPLIT_COLUMNS on slice (111, 11) (remaining tasks 46)
2025-04-22 00:36:16,779 [DEBUG]  		found 1 col clusters (in 0.21848 secs)
2025-04-22 00:36:16,780 [DEBUG]  OP: Operation.NAIVE_FACTORIZATION on slice (21, 11) (remaining tasks 46)
2025-04-22 00:36:16,784 [DEBUG]  		naive factorization 11 columns (in 0.00362 secs)
2025-04-22 00:36:16,784 [DEBUG]  OP: Operation.NAIVE_FACTORIZATION on slice (71, 11) (remaining tasks 45)
2025-04-22 00:36:16,789 [DEBUG]  		naive factorization 11 columns (in 0.00506 secs)
2025-04-22 00:36:16,790 [DEBUG]  OP: Operation.NAIVE_FACTORIZATION on slice (49, 11) (remaining tasks 44)
2025-04-22 00:36:16,794 [DEBUG]  		naive factorization 11 columns (in 0.00334 secs)
2025-04-22 00:36:16,794 [DEBUG]  OP: Operation.NAIVE_FACTORIZATION on slice (39, 11) (remaining tasks 43)
2025-04-22 00:36:16,798 [DEBUG]  		naive factorization 11 columns (in 0.00395 secs)
2025-04-22 00:36:16,799 [DEBUG]  OP: Operation.NAIVE_FACTORIZATION on slice (43, 11) (remaining tasks 42)
2025-04-22 00:36:16,804 [DEBUG]  		naive factorization 11 columns (in 0.00471 secs)
2025-04-22 00:36:16,804 [DEBUG]  OP: Operation.NAIVE_FACTORIZATION on slice (60, 11) (remaining tasks 41)
2025-04-22 00:36:16,808 [DEBUG]  		naive factorization 11 columns (in 0.00386 secs)
2025-04-22 00:36:16,809 [DEBUG]  OP: Operation.NAIVE_FACTORIZATION on slice (50, 11) (remaining tasks 40)
2025-04-22 00:36:16,814 [DEBUG]  		naive factorization 11 columns (in 0.00467 secs)
2025-04-22 00:36:16,814 [DEBUG]  OP: Operation.NAIVE_FACTORIZATION on slice (59, 11) (remaining tasks 39)
2025-04-22 00:36:16,819 [DEBUG]  		naive factorization 11 columns (in 0.00483 secs)
2025-04-22 00:36:16,820 [DEBUG]  OP: Operation.SPLIT_COLUMNS on slice (75, 11) (remaining tasks 38)
2025-04-22 00:36:17,038 [DEBUG]  		found 1 col clusters (in 0.21783 secs)
2025-04-22 00:36:17,038 [DEBUG]  OP: Operation.NAIVE_FACTORIZATION on slice (30, 11) (remaining tasks 38)
2025-04-22 00:36:17,042 [DEBUG]  		naive factorization 11 columns (in 0.00328 secs)
2025-04-22 00:36:17,042 [DEBUG]  OP: Operation.NAIVE_FACTORIZATION on slice (63, 11) (remaining tasks 37)
2025-04-22 00:36:17,047 [DEBUG]  		naive factorization 11 columns (in 0.00433 secs)
2025-04-22 00:36:17,047 [DEBUG]  OP: Operation.NAIVE_FACTORIZATION on slice (65, 11) (remaining tasks 36)
2025-04-22 00:36:17,052 [DEBUG]  		naive factorization 11 columns (in 0.00451 secs)
2025-04-22 00:36:17,052 [DEBUG]  OP: Operation.NAIVE_FACTORIZATION on slice (20, 11) (remaining tasks 35)
2025-04-22 00:36:17,056 [DEBUG]  		naive factorization 11 columns (in 0.00323 secs)
2025-04-22 00:36:17,056 [DEBUG]  OP: Operation.NAIVE_FACTORIZATION on slice (34, 11) (remaining tasks 34)
2025-04-22 00:36:17,060 [DEBUG]  		naive factorization 11 columns (in 0.00388 secs)
2025-04-22 00:36:17,061 [DEBUG]  OP: Operation.SPLIT_COLUMNS on slice (90, 11) (remaining tasks 33)
2025-04-22 00:36:17,284 [DEBUG]  		found 1 col clusters (in 0.22236 secs)
2025-04-22 00:36:17,284 [DEBUG]  OP: Operation.NAIVE_FACTORIZATION on slice (32, 11) (remaining tasks 33)
2025-04-22 00:36:17,289 [DEBUG]  		naive factorization 11 columns (in 0.00455 secs)
2025-04-22 00:36:17,289 [DEBUG]  OP: Operation.NAIVE_FACTORIZATION on slice (63, 11) (remaining tasks 32)
2025-04-22 00:36:17,293 [DEBUG]  		naive factorization 11 columns (in 0.00387 secs)
2025-04-22 00:36:17,294 [DEBUG]  OP: Operation.NAIVE_FACTORIZATION on slice (55, 11) (remaining tasks 31)
2025-04-22 00:36:17,298 [DEBUG]  		naive factorization 11 columns (in 0.00390 secs)
2025-04-22 00:36:17,299 [DEBUG]  OP: Operation.NAIVE_FACTORIZATION on slice (50, 11) (remaining tasks 30)
2025-04-22 00:36:17,303 [DEBUG]  		naive factorization 11 columns (in 0.00431 secs)
2025-04-22 00:36:17,304 [DEBUG]  OP: Operation.NAIVE_FACTORIZATION on slice (44, 11) (remaining tasks 29)
2025-04-22 00:36:17,308 [DEBUG]  		naive factorization 11 columns (in 0.00379 secs)
2025-04-22 00:36:17,308 [DEBUG]  OP: Operation.NAIVE_FACTORIZATION on slice (37, 11) (remaining tasks 28)
2025-04-22 00:36:17,312 [DEBUG]  		naive factorization 11 columns (in 0.00403 secs)
2025-04-22 00:36:17,313 [DEBUG]  OP: Operation.SPLIT_ROWS on slice (84, 11) (remaining tasks 27)
2025-04-22 00:36:17,359 [DEBUG]  		found 2 row clusters (in 0.04541 secs)
2025-04-22 00:36:17,359 [DEBUG]  OP: Operation.SPLIT_ROWS on slice (215, 11) (remaining tasks 28)
2025-04-22 00:36:17,417 [DEBUG]  		found 2 row clusters (in 0.05815 secs)
2025-04-22 00:36:17,418 [DEBUG]  OP: Operation.SPLIT_ROWS on slice (84, 11) (remaining tasks 29)
2025-04-22 00:36:17,436 [DEBUG]  		found 2 row clusters (in 0.01816 secs)
2025-04-22 00:36:17,436 [DEBUG]  OP: Operation.SPLIT_ROWS on slice (87, 11) (remaining tasks 30)
2025-04-22 00:36:17,461 [DEBUG]  		found 2 row clusters (in 0.02448 secs)
2025-04-22 00:36:17,461 [DEBUG]  OP: Operation.SPLIT_ROWS on slice (139, 11) (remaining tasks 31)
2025-04-22 00:36:17,479 [DEBUG]  		found 2 row clusters (in 0.01821 secs)
2025-04-22 00:36:17,479 [DEBUG]  OP: Operation.SPLIT_ROWS on slice (89, 11) (remaining tasks 32)
2025-04-22 00:36:17,497 [DEBUG]  		found 2 row clusters (in 0.01793 secs)
2025-04-22 00:36:17,497 [DEBUG]  OP: Operation.SPLIT_ROWS on slice (80, 11) (remaining tasks 33)
2025-04-22 00:36:17,512 [DEBUG]  		found 2 row clusters (in 0.01474 secs)
2025-04-22 00:36:17,512 [DEBUG]  OP: Operation.SPLIT_ROWS on slice (88, 11) (remaining tasks 34)
2025-04-22 00:36:17,528 [DEBUG]  		found 2 row clusters (in 0.01524 secs)
2025-04-22 00:36:17,528 [DEBUG]  OP: Operation.SPLIT_ROWS on slice (111, 11) (remaining tasks 35)
2025-04-22 00:36:17,546 [DEBUG]  		found 2 row clusters (in 0.01753 secs)
2025-04-22 00:36:17,546 [DEBUG]  OP: Operation.SPLIT_ROWS on slice (99, 11) (remaining tasks 36)
2025-04-22 00:36:17,562 [DEBUG]  		found 2 row clusters (in 0.01609 secs)
2025-04-22 00:36:17,562 [DEBUG]  OP: Operation.SPLIT_ROWS on slice (152, 11) (remaining tasks 37)
2025-04-22 00:36:17,586 [DEBUG]  		found 2 row clusters (in 0.02377 secs)
2025-04-22 00:36:17,586 [DEBUG]  OP: Operation.SPLIT_ROWS on slice (217, 11) (remaining tasks 38)
2025-04-22 00:36:17,613 [DEBUG]  		found 2 row clusters (in 0.02705 secs)
2025-04-22 00:36:17,613 [DEBUG]  OP: Operation.SPLIT_ROWS on slice (103, 11) (remaining tasks 39)
2025-04-22 00:36:17,632 [DEBUG]  		found 2 row clusters (in 0.01818 secs)
2025-04-22 00:36:17,632 [DEBUG]  OP: Operation.SPLIT_ROWS on slice (84, 11) (remaining tasks 40)
2025-04-22 00:36:17,652 [DEBUG]  		found 2 row clusters (in 0.01977 secs)
2025-04-22 00:36:17,652 [DEBUG]  OP: Operation.SPLIT_ROWS on slice (87, 11) (remaining tasks 41)
2025-04-22 00:36:17,674 [DEBUG]  		found 2 row clusters (in 0.02210 secs)
2025-04-22 00:36:17,674 [DEBUG]  OP: Operation.SPLIT_ROWS on slice (115, 11) (remaining tasks 42)
2025-04-22 00:36:17,693 [DEBUG]  		found 2 row clusters (in 0.01844 secs)
2025-04-22 00:36:17,693 [DEBUG]  OP: Operation.SPLIT_ROWS on slice (84, 11) (remaining tasks 43)
2025-04-22 00:36:17,710 [DEBUG]  		found 2 row clusters (in 0.01714 secs)
2025-04-22 00:36:17,710 [DEBUG]  OP: Operation.SPLIT_ROWS on slice (97, 11) (remaining tasks 44)
2025-04-22 00:36:17,728 [DEBUG]  		found 2 row clusters (in 0.01781 secs)
2025-04-22 00:36:17,728 [DEBUG]  OP: Operation.SPLIT_ROWS on slice (113, 11) (remaining tasks 45)
2025-04-22 00:36:17,746 [DEBUG]  		found 2 row clusters (in 0.01791 secs)
2025-04-22 00:36:17,746 [DEBUG]  OP: Operation.SPLIT_ROWS on slice (109, 11) (remaining tasks 46)
2025-04-22 00:36:17,763 [DEBUG]  		found 2 row clusters (in 0.01622 secs)
2025-04-22 00:36:17,763 [DEBUG]  OP: Operation.SPLIT_ROWS on slice (134, 11) (remaining tasks 47)
2025-04-22 00:36:17,788 [DEBUG]  		found 2 row clusters (in 0.02477 secs)
2025-04-22 00:36:17,788 [DEBUG]  OP: Operation.SPLIT_ROWS on slice (133, 11) (remaining tasks 48)
2025-04-22 00:36:17,812 [DEBUG]  		found 2 row clusters (in 0.02426 secs)
2025-04-22 00:36:17,813 [DEBUG]  OP: Operation.SPLIT_ROWS on slice (90, 11) (remaining tasks 49)
2025-04-22 00:36:17,829 [DEBUG]  		found 2 row clusters (in 0.01600 secs)
2025-04-22 00:36:17,829 [DEBUG]  OP: Operation.SPLIT_ROWS on slice (102, 11) (remaining tasks 50)
2025-04-22 00:36:17,846 [DEBUG]  		found 2 row clusters (in 0.01713 secs)
2025-04-22 00:36:17,846 [DEBUG]  OP: Operation.SPLIT_ROWS on slice (116, 11) (remaining tasks 51)
2025-04-22 00:36:17,870 [DEBUG]  		found 2 row clusters (in 0.02359 secs)
2025-04-22 00:36:17,870 [DEBUG]  OP: Operation.SPLIT_ROWS on slice (111, 11) (remaining tasks 52)
2025-04-22 00:36:17,890 [DEBUG]  		found 2 row clusters (in 0.02031 secs)
2025-04-22 00:36:17,891 [DEBUG]  OP: Operation.SPLIT_ROWS on slice (75, 11) (remaining tasks 53)
2025-04-22 00:36:17,907 [DEBUG]  		found 2 row clusters (in 0.01620 secs)
2025-04-22 00:36:17,907 [DEBUG]  OP: Operation.SPLIT_ROWS on slice (90, 11) (remaining tasks 54)
2025-04-22 00:36:17,923 [DEBUG]  		found 2 row clusters (in 0.01606 secs)
2025-04-22 00:36:17,923 [DEBUG]  OP: Operation.NAIVE_FACTORIZATION on slice (37, 11) (remaining tasks 55)
2025-04-22 00:36:17,927 [DEBUG]  		naive factorization 11 columns (in 0.00407 secs)
2025-04-22 00:36:17,928 [DEBUG]  OP: Operation.NAIVE_FACTORIZATION on slice (47, 11) (remaining tasks 54)
2025-04-22 00:36:17,932 [DEBUG]  		naive factorization 11 columns (in 0.00427 secs)
2025-04-22 00:36:17,932 [DEBUG]  OP: Operation.SPLIT_COLUMNS on slice (105, 11) (remaining tasks 53)
2025-04-22 00:36:18,144 [DEBUG]  		found 1 col clusters (in 0.21219 secs)
2025-04-22 00:36:18,145 [DEBUG]  OP: Operation.SPLIT_COLUMNS on slice (110, 11) (remaining tasks 53)
2025-04-22 00:36:18,369 [DEBUG]  		found 1 col clusters (in 0.22393 secs)
2025-04-22 00:36:18,370 [DEBUG]  OP: Operation.NAIVE_FACTORIZATION on slice (9, 11) (remaining tasks 53)
2025-04-22 00:36:18,373 [DEBUG]  		naive factorization 11 columns (in 0.00357 secs)
2025-04-22 00:36:18,374 [DEBUG]  OP: Operation.SPLIT_COLUMNS on slice (75, 11) (remaining tasks 52)
2025-04-22 00:36:18,592 [DEBUG]  		found 1 col clusters (in 0.21760 secs)
2025-04-22 00:36:18,592 [DEBUG]  OP: Operation.NAIVE_FACTORIZATION on slice (69, 11) (remaining tasks 52)
2025-04-22 00:36:18,597 [DEBUG]  		naive factorization 11 columns (in 0.00490 secs)
2025-04-22 00:36:18,598 [DEBUG]  OP: Operation.NAIVE_FACTORIZATION on slice (18, 11) (remaining tasks 51)
2025-04-22 00:36:18,602 [DEBUG]  		naive factorization 11 columns (in 0.00436 secs)
2025-04-22 00:36:18,603 [DEBUG]  OP: Operation.SPLIT_COLUMNS on slice (93, 11) (remaining tasks 50)
2025-04-22 00:36:18,821 [DEBUG]  		found 1 col clusters (in 0.21812 secs)
2025-04-22 00:36:18,822 [DEBUG]  OP: Operation.NAIVE_FACTORIZATION on slice (46, 11) (remaining tasks 50)
2025-04-22 00:36:18,826 [DEBUG]  		naive factorization 11 columns (in 0.00385 secs)
2025-04-22 00:36:18,826 [DEBUG]  OP: Operation.NAIVE_FACTORIZATION on slice (16, 11) (remaining tasks 49)
2025-04-22 00:36:18,831 [DEBUG]  		naive factorization 11 columns (in 0.00435 secs)
2025-04-22 00:36:18,831 [DEBUG]  OP: Operation.SPLIT_COLUMNS on slice (73, 11) (remaining tasks 48)
2025-04-22 00:36:19,048 [DEBUG]  		found 1 col clusters (in 0.21674 secs)
2025-04-22 00:36:19,049 [DEBUG]  OP: Operation.SPLIT_COLUMNS on slice (72, 11) (remaining tasks 48)
2025-04-22 00:36:19,268 [DEBUG]  		found 1 col clusters (in 0.21938 secs)
2025-04-22 00:36:19,269 [DEBUG]  OP: Operation.NAIVE_FACTORIZATION on slice (8, 11) (remaining tasks 48)
2025-04-22 00:36:19,273 [DEBUG]  		naive factorization 11 columns (in 0.00425 secs)
2025-04-22 00:36:19,274 [DEBUG]  OP: Operation.SPLIT_COLUMNS on slice (81, 11) (remaining tasks 47)
2025-04-22 00:36:19,499 [DEBUG]  		found 1 col clusters (in 0.22529 secs)
2025-04-22 00:36:19,500 [DEBUG]  OP: Operation.NAIVE_FACTORIZATION on slice (7, 11) (remaining tasks 47)
2025-04-22 00:36:19,503 [DEBUG]  		naive factorization 11 columns (in 0.00335 secs)
2025-04-22 00:36:19,504 [DEBUG]  OP: Operation.NAIVE_FACTORIZATION on slice (48, 11) (remaining tasks 46)
2025-04-22 00:36:19,509 [DEBUG]  		naive factorization 11 columns (in 0.00490 secs)
2025-04-22 00:36:19,509 [DEBUG]  OP: Operation.NAIVE_FACTORIZATION on slice (63, 11) (remaining tasks 45)
2025-04-22 00:36:19,514 [DEBUG]  		naive factorization 11 columns (in 0.00468 secs)
2025-04-22 00:36:19,515 [DEBUG]  OP: Operation.NAIVE_FACTORIZATION on slice (51, 11) (remaining tasks 44)
2025-04-22 00:36:19,519 [DEBUG]  		naive factorization 11 columns (in 0.00394 secs)
2025-04-22 00:36:19,519 [DEBUG]  OP: Operation.NAIVE_FACTORIZATION on slice (48, 11) (remaining tasks 43)
2025-04-22 00:36:19,524 [DEBUG]  		naive factorization 11 columns (in 0.00465 secs)
2025-04-22 00:36:19,525 [DEBUG]  OP: Operation.NAIVE_FACTORIZATION on slice (63, 11) (remaining tasks 42)
2025-04-22 00:36:19,530 [DEBUG]  		naive factorization 11 columns (in 0.00494 secs)
2025-04-22 00:36:19,530 [DEBUG]  OP: Operation.SPLIT_COLUMNS on slice (89, 11) (remaining tasks 41)
2025-04-22 00:36:19,749 [DEBUG]  		found 1 col clusters (in 0.21809 secs)
2025-04-22 00:36:19,749 [DEBUG]  OP: Operation.SPLIT_COLUMNS on slice (103, 11) (remaining tasks 41)
2025-04-22 00:36:19,965 [DEBUG]  		found 1 col clusters (in 0.21570 secs)
2025-04-22 00:36:19,966 [DEBUG]  OP: Operation.SPLIT_COLUMNS on slice (114, 11) (remaining tasks 41)
2025-04-22 00:36:20,285 [DEBUG]  		found 1 col clusters (in 0.31903 secs)
2025-04-22 00:36:20,285 [DEBUG]  OP: Operation.NAIVE_FACTORIZATION on slice (43, 11) (remaining tasks 41)
2025-04-22 00:36:20,290 [DEBUG]  		naive factorization 11 columns (in 0.00433 secs)
2025-04-22 00:36:20,290 [DEBUG]  OP: Operation.NAIVE_FACTORIZATION on slice (60, 11) (remaining tasks 40)
2025-04-22 00:36:20,295 [DEBUG]  		naive factorization 11 columns (in 0.00428 secs)
2025-04-22 00:36:20,296 [DEBUG]  OP: Operation.NAIVE_FACTORIZATION on slice (35, 11) (remaining tasks 39)
2025-04-22 00:36:20,299 [DEBUG]  		naive factorization 11 columns (in 0.00376 secs)
2025-04-22 00:36:20,300 [DEBUG]  OP: Operation.NAIVE_FACTORIZATION on slice (49, 11) (remaining tasks 38)
2025-04-22 00:36:20,305 [DEBUG]  		naive factorization 11 columns (in 0.00466 secs)
2025-04-22 00:36:20,305 [DEBUG]  OP: Operation.NAIVE_FACTORIZATION on slice (36, 11) (remaining tasks 37)
2025-04-22 00:36:20,311 [DEBUG]  		naive factorization 11 columns (in 0.00510 secs)
2025-04-22 00:36:20,311 [DEBUG]  OP: Operation.NAIVE_FACTORIZATION on slice (51, 11) (remaining tasks 36)
2025-04-22 00:36:20,315 [DEBUG]  		naive factorization 11 columns (in 0.00392 secs)
2025-04-22 00:36:20,316 [DEBUG]  OP: Operation.SPLIT_COLUMNS on slice (95, 11) (remaining tasks 35)
2025-04-22 00:36:20,645 [DEBUG]  		found 1 col clusters (in 0.32868 secs)
2025-04-22 00:36:20,645 [DEBUG]  OP: Operation.NAIVE_FACTORIZATION on slice (20, 11) (remaining tasks 35)
2025-04-22 00:36:20,649 [DEBUG]  		naive factorization 11 columns (in 0.00376 secs)
2025-04-22 00:36:20,650 [DEBUG]  OP: Operation.NAIVE_FACTORIZATION on slice (29, 11) (remaining tasks 34)
2025-04-22 00:36:20,655 [DEBUG]  		naive factorization 11 columns (in 0.00448 secs)
2025-04-22 00:36:20,655 [DEBUG]  OP: Operation.NAIVE_FACTORIZATION on slice (55, 11) (remaining tasks 33)
2025-04-22 00:36:20,659 [DEBUG]  		naive factorization 11 columns (in 0.00399 secs)
2025-04-22 00:36:20,660 [DEBUG]  OP: Operation.SPLIT_COLUMNS on slice (91, 11) (remaining tasks 32)
2025-04-22 00:36:20,991 [DEBUG]  		found 1 col clusters (in 0.33133 secs)
2025-04-22 00:36:20,992 [DEBUG]  OP: Operation.NAIVE_FACTORIZATION on slice (6, 11) (remaining tasks 32)
2025-04-22 00:36:20,996 [DEBUG]  		naive factorization 11 columns (in 0.00409 secs)
2025-04-22 00:36:20,997 [DEBUG]  OP: Operation.SPLIT_COLUMNS on slice (76, 11) (remaining tasks 31)
2025-04-22 00:36:21,328 [DEBUG]  		found 1 col clusters (in 0.33098 secs)
2025-04-22 00:36:21,328 [DEBUG]  OP: Operation.NAIVE_FACTORIZATION on slice (37, 11) (remaining tasks 31)
2025-04-22 00:36:21,333 [DEBUG]  		naive factorization 11 columns (in 0.00425 secs)
2025-04-22 00:36:21,333 [DEBUG]  OP: Operation.NAIVE_FACTORIZATION on slice (56, 11) (remaining tasks 30)
2025-04-22 00:36:21,338 [DEBUG]  		naive factorization 11 columns (in 0.00445 secs)
2025-04-22 00:36:21,339 [DEBUG]  OP: Operation.NAIVE_FACTORIZATION on slice (53, 11) (remaining tasks 29)
2025-04-22 00:36:21,344 [DEBUG]  		naive factorization 11 columns (in 0.00503 secs)
2025-04-22 00:36:21,344 [DEBUG]  OP: Operation.SPLIT_COLUMNS on slice (85, 11) (remaining tasks 28)
2025-04-22 00:36:21,693 [DEBUG]  		found 1 col clusters (in 0.34810 secs)
2025-04-22 00:36:21,693 [DEBUG]  OP: Operation.NAIVE_FACTORIZATION on slice (49, 11) (remaining tasks 28)
2025-04-22 00:36:21,698 [DEBUG]  		naive factorization 11 columns (in 0.00471 secs)
2025-04-22 00:36:21,699 [DEBUG]  OP: Operation.SPLIT_COLUMNS on slice (76, 11) (remaining tasks 27)
2025-04-22 00:36:22,054 [DEBUG]  		found 1 col clusters (in 0.35536 secs)
2025-04-22 00:36:22,055 [DEBUG]  OP: Operation.NAIVE_FACTORIZATION on slice (57, 11) (remaining tasks 27)
2025-04-22 00:36:22,059 [DEBUG]  		naive factorization 11 columns (in 0.00403 secs)
2025-04-22 00:36:22,060 [DEBUG]  OP: Operation.NAIVE_FACTORIZATION on slice (31, 11) (remaining tasks 26)
2025-04-22 00:36:22,064 [DEBUG]  		naive factorization 11 columns (in 0.00449 secs)
2025-04-22 00:36:22,065 [DEBUG]  OP: Operation.NAIVE_FACTORIZATION on slice (59, 11) (remaining tasks 25)
2025-04-22 00:36:22,070 [DEBUG]  		naive factorization 11 columns (in 0.00515 secs)
2025-04-22 00:36:22,071 [DEBUG]  OP: Operation.SPLIT_COLUMNS on slice (76, 11) (remaining tasks 24)
2025-04-22 00:36:22,410 [DEBUG]  		found 1 col clusters (in 0.33909 secs)
2025-04-22 00:36:22,411 [DEBUG]  OP: Operation.NAIVE_FACTORIZATION on slice (26, 11) (remaining tasks 24)
2025-04-22 00:36:22,414 [DEBUG]  		naive factorization 11 columns (in 0.00367 secs)
2025-04-22 00:36:22,415 [DEBUG]  OP: Operation.NAIVE_FACTORIZATION on slice (65, 11) (remaining tasks 23)
2025-04-22 00:36:22,421 [DEBUG]  		naive factorization 11 columns (in 0.00541 secs)
2025-04-22 00:36:22,421 [DEBUG]  OP: Operation.NAIVE_FACTORIZATION on slice (51, 11) (remaining tasks 22)
2025-04-22 00:36:22,426 [DEBUG]  		naive factorization 11 columns (in 0.00429 secs)
2025-04-22 00:36:22,426 [DEBUG]  OP: Operation.NAIVE_FACTORIZATION on slice (71, 11) (remaining tasks 21)
2025-04-22 00:36:22,431 [DEBUG]  		naive factorization 11 columns (in 0.00410 secs)
2025-04-22 00:36:22,431 [DEBUG]  OP: Operation.NAIVE_FACTORIZATION on slice (40, 11) (remaining tasks 20)
2025-04-22 00:36:22,435 [DEBUG]  		naive factorization 11 columns (in 0.00394 secs)
2025-04-22 00:36:22,436 [DEBUG]  OP: Operation.NAIVE_FACTORIZATION on slice (59, 11) (remaining tasks 19)
2025-04-22 00:36:22,441 [DEBUG]  		naive factorization 11 columns (in 0.00464 secs)
2025-04-22 00:36:22,441 [DEBUG]  OP: Operation.NAIVE_FACTORIZATION on slice (16, 11) (remaining tasks 18)
2025-04-22 00:36:22,445 [DEBUG]  		naive factorization 11 columns (in 0.00395 secs)
2025-04-22 00:36:22,446 [DEBUG]  OP: Operation.NAIVE_FACTORIZATION on slice (42, 11) (remaining tasks 17)
2025-04-22 00:36:22,450 [DEBUG]  		naive factorization 11 columns (in 0.00381 secs)
2025-04-22 00:36:22,450 [DEBUG]  OP: Operation.NAIVE_FACTORIZATION on slice (48, 11) (remaining tasks 16)
2025-04-22 00:36:22,455 [DEBUG]  		naive factorization 11 columns (in 0.00479 secs)
2025-04-22 00:36:22,456 [DEBUG]  OP: Operation.SPLIT_ROWS on slice (105, 11) (remaining tasks 15)
2025-04-22 00:36:22,507 [DEBUG]  		found 2 row clusters (in 0.05055 secs)
2025-04-22 00:36:22,507 [DEBUG]  OP: Operation.SPLIT_ROWS on slice (110, 11) (remaining tasks 16)
2025-04-22 00:36:22,545 [DEBUG]  		found 2 row clusters (in 0.03768 secs)
2025-04-22 00:36:22,545 [DEBUG]  OP: Operation.SPLIT_ROWS on slice (75, 11) (remaining tasks 17)
2025-04-22 00:36:22,573 [DEBUG]  		found 2 row clusters (in 0.02787 secs)
2025-04-22 00:36:22,574 [DEBUG]  OP: Operation.SPLIT_ROWS on slice (93, 11) (remaining tasks 18)
2025-04-22 00:36:22,603 [DEBUG]  		found 2 row clusters (in 0.02983 secs)
2025-04-22 00:36:22,604 [DEBUG]  OP: Operation.SPLIT_ROWS on slice (73, 11) (remaining tasks 19)
2025-04-22 00:36:22,625 [DEBUG]  		found 2 row clusters (in 0.02136 secs)
2025-04-22 00:36:22,625 [DEBUG]  OP: Operation.SPLIT_ROWS on slice (72, 11) (remaining tasks 20)
2025-04-22 00:36:22,645 [DEBUG]  		found 2 row clusters (in 0.01914 secs)
2025-04-22 00:36:22,645 [DEBUG]  OP: Operation.SPLIT_ROWS on slice (81, 11) (remaining tasks 21)
2025-04-22 00:36:22,670 [DEBUG]  		found 2 row clusters (in 0.02471 secs)
2025-04-22 00:36:22,670 [DEBUG]  OP: Operation.SPLIT_ROWS on slice (89, 11) (remaining tasks 22)
2025-04-22 00:36:22,695 [DEBUG]  		found 2 row clusters (in 0.02506 secs)
2025-04-22 00:36:22,695 [DEBUG]  OP: Operation.SPLIT_ROWS on slice (103, 11) (remaining tasks 23)
2025-04-22 00:36:22,717 [DEBUG]  		found 2 row clusters (in 0.02152 secs)
2025-04-22 00:36:22,717 [DEBUG]  OP: Operation.SPLIT_ROWS on slice (114, 11) (remaining tasks 24)
2025-04-22 00:36:22,738 [DEBUG]  		found 2 row clusters (in 0.02071 secs)
2025-04-22 00:36:22,738 [DEBUG]  OP: Operation.SPLIT_ROWS on slice (95, 11) (remaining tasks 25)
2025-04-22 00:36:22,757 [DEBUG]  		found 2 row clusters (in 0.01921 secs)
2025-04-22 00:36:22,758 [DEBUG]  OP: Operation.SPLIT_ROWS on slice (91, 11) (remaining tasks 26)
2025-04-22 00:36:22,781 [DEBUG]  		found 2 row clusters (in 0.02284 secs)
2025-04-22 00:36:22,781 [DEBUG]  OP: Operation.SPLIT_ROWS on slice (76, 11) (remaining tasks 27)
2025-04-22 00:36:22,801 [DEBUG]  		found 2 row clusters (in 0.01963 secs)
2025-04-22 00:36:22,801 [DEBUG]  OP: Operation.SPLIT_ROWS on slice (85, 11) (remaining tasks 28)
2025-04-22 00:36:22,826 [DEBUG]  		found 2 row clusters (in 0.02472 secs)
2025-04-22 00:36:22,826 [DEBUG]  OP: Operation.SPLIT_ROWS on slice (76, 11) (remaining tasks 29)
2025-04-22 00:36:22,842 [DEBUG]  		found 2 row clusters (in 0.01632 secs)
2025-04-22 00:36:22,842 [DEBUG]  OP: Operation.SPLIT_ROWS on slice (76, 11) (remaining tasks 30)
2025-04-22 00:36:22,866 [DEBUG]  		found 2 row clusters (in 0.02376 secs)
2025-04-22 00:36:22,867 [DEBUG]  OP: Operation.NAIVE_FACTORIZATION on slice (63, 11) (remaining tasks 31)
2025-04-22 00:36:22,871 [DEBUG]  		naive factorization 11 columns (in 0.00467 secs)
2025-04-22 00:36:22,872 [DEBUG]  OP: Operation.NAIVE_FACTORIZATION on slice (42, 11) (remaining tasks 30)
2025-04-22 00:36:22,875 [DEBUG]  		naive factorization 11 columns (in 0.00381 secs)
2025-04-22 00:36:22,876 [DEBUG]  OP: Operation.NAIVE_FACTORIZATION on slice (60, 11) (remaining tasks 29)
2025-04-22 00:36:22,881 [DEBUG]  		naive factorization 11 columns (in 0.00508 secs)
2025-04-22 00:36:22,881 [DEBUG]  OP: Operation.NAIVE_FACTORIZATION on slice (50, 11) (remaining tasks 28)
2025-04-22 00:36:22,887 [DEBUG]  		naive factorization 11 columns (in 0.00563 secs)
2025-04-22 00:36:22,887 [DEBUG]  OP: Operation.NAIVE_FACTORIZATION on slice (26, 11) (remaining tasks 27)
2025-04-22 00:36:22,891 [DEBUG]  		naive factorization 11 columns (in 0.00357 secs)
2025-04-22 00:36:22,892 [DEBUG]  OP: Operation.NAIVE_FACTORIZATION on slice (49, 11) (remaining tasks 26)
2025-04-22 00:36:22,896 [DEBUG]  		naive factorization 11 columns (in 0.00441 secs)
2025-04-22 00:36:22,896 [DEBUG]  OP: Operation.NAIVE_FACTORIZATION on slice (27, 11) (remaining tasks 25)
2025-04-22 00:36:22,901 [DEBUG]  		naive factorization 11 columns (in 0.00429 secs)
2025-04-22 00:36:22,901 [DEBUG]  OP: Operation.NAIVE_FACTORIZATION on slice (66, 11) (remaining tasks 24)
2025-04-22 00:36:22,905 [DEBUG]  		naive factorization 11 columns (in 0.00409 secs)
2025-04-22 00:36:22,906 [DEBUG]  OP: Operation.NAIVE_FACTORIZATION on slice (39, 11) (remaining tasks 23)
2025-04-22 00:36:22,910 [DEBUG]  		naive factorization 11 columns (in 0.00388 secs)
2025-04-22 00:36:22,910 [DEBUG]  OP: Operation.NAIVE_FACTORIZATION on slice (34, 11) (remaining tasks 22)
2025-04-22 00:36:22,914 [DEBUG]  		naive factorization 11 columns (in 0.00404 secs)
2025-04-22 00:36:22,915 [DEBUG]  OP: Operation.NAIVE_FACTORIZATION on slice (55, 11) (remaining tasks 21)
2025-04-22 00:36:22,919 [DEBUG]  		naive factorization 11 columns (in 0.00390 secs)
2025-04-22 00:36:22,919 [DEBUG]  OP: Operation.NAIVE_FACTORIZATION on slice (17, 11) (remaining tasks 20)
2025-04-22 00:36:22,923 [DEBUG]  		naive factorization 11 columns (in 0.00407 secs)
2025-04-22 00:36:22,924 [DEBUG]  OP: Operation.NAIVE_FACTORIZATION on slice (41, 11) (remaining tasks 19)
2025-04-22 00:36:22,928 [DEBUG]  		naive factorization 11 columns (in 0.00372 secs)
2025-04-22 00:36:22,928 [DEBUG]  OP: Operation.NAIVE_FACTORIZATION on slice (40, 11) (remaining tasks 18)
2025-04-22 00:36:22,932 [DEBUG]  		naive factorization 11 columns (in 0.00402 secs)
2025-04-22 00:36:22,933 [DEBUG]  OP: Operation.NAIVE_FACTORIZATION on slice (25, 11) (remaining tasks 17)
2025-04-22 00:36:22,938 [DEBUG]  		naive factorization 11 columns (in 0.00458 secs)
2025-04-22 00:36:22,938 [DEBUG]  OP: Operation.NAIVE_FACTORIZATION on slice (64, 11) (remaining tasks 16)
2025-04-22 00:36:22,943 [DEBUG]  		naive factorization 11 columns (in 0.00443 secs)
2025-04-22 00:36:22,943 [DEBUG]  OP: Operation.NAIVE_FACTORIZATION on slice (69, 11) (remaining tasks 15)
2025-04-22 00:36:22,947 [DEBUG]  		naive factorization 11 columns (in 0.00402 secs)
2025-04-22 00:36:22,948 [DEBUG]  OP: Operation.NAIVE_FACTORIZATION on slice (34, 11) (remaining tasks 14)
2025-04-22 00:36:22,953 [DEBUG]  		naive factorization 11 columns (in 0.00451 secs)
2025-04-22 00:36:22,953 [DEBUG]  OP: Operation.SPLIT_COLUMNS on slice (88, 11) (remaining tasks 13)
2025-04-22 00:36:23,285 [DEBUG]  		found 1 col clusters (in 0.33206 secs)
2025-04-22 00:36:23,286 [DEBUG]  OP: Operation.NAIVE_FACTORIZATION on slice (26, 11) (remaining tasks 13)
2025-04-22 00:36:23,290 [DEBUG]  		naive factorization 11 columns (in 0.00381 secs)
2025-04-22 00:36:23,291 [DEBUG]  OP: Operation.NAIVE_FACTORIZATION on slice (37, 11) (remaining tasks 12)
2025-04-22 00:36:23,295 [DEBUG]  		naive factorization 11 columns (in 0.00386 secs)
2025-04-22 00:36:23,295 [DEBUG]  OP: Operation.NAIVE_FACTORIZATION on slice (58, 11) (remaining tasks 11)
2025-04-22 00:36:23,300 [DEBUG]  		naive factorization 11 columns (in 0.00430 secs)
2025-04-22 00:36:23,300 [DEBUG]  OP: Operation.NAIVE_FACTORIZATION on slice (55, 11) (remaining tasks 10)
2025-04-22 00:36:23,304 [DEBUG]  		naive factorization 11 columns (in 0.00391 secs)
2025-04-22 00:36:23,305 [DEBUG]  OP: Operation.NAIVE_FACTORIZATION on slice (36, 11) (remaining tasks 9)
2025-04-22 00:36:23,309 [DEBUG]  		naive factorization 11 columns (in 0.00439 secs)
2025-04-22 00:36:23,310 [DEBUG]  OP: Operation.NAIVE_FACTORIZATION on slice (32, 11) (remaining tasks 8)
2025-04-22 00:36:23,314 [DEBUG]  		naive factorization 11 columns (in 0.00372 secs)
2025-04-22 00:36:23,314 [DEBUG]  OP: Operation.NAIVE_FACTORIZATION on slice (44, 11) (remaining tasks 7)
2025-04-22 00:36:23,318 [DEBUG]  		naive factorization 11 columns (in 0.00373 secs)
2025-04-22 00:36:23,319 [DEBUG]  OP: Operation.NAIVE_FACTORIZATION on slice (39, 11) (remaining tasks 6)
2025-04-22 00:36:23,324 [DEBUG]  		naive factorization 11 columns (in 0.00461 secs)
2025-04-22 00:36:23,324 [DEBUG]  OP: Operation.NAIVE_FACTORIZATION on slice (46, 11) (remaining tasks 5)
2025-04-22 00:36:23,329 [DEBUG]  		naive factorization 11 columns (in 0.00451 secs)
2025-04-22 00:36:23,330 [DEBUG]  OP: Operation.NAIVE_FACTORIZATION on slice (38, 11) (remaining tasks 4)
2025-04-22 00:36:23,334 [DEBUG]  		naive factorization 11 columns (in 0.00407 secs)
2025-04-22 00:36:23,334 [DEBUG]  OP: Operation.NAIVE_FACTORIZATION on slice (38, 11) (remaining tasks 3)
2025-04-22 00:36:23,340 [DEBUG]  		naive factorization 11 columns (in 0.00488 secs)
2025-04-22 00:36:23,340 [DEBUG]  OP: Operation.NAIVE_FACTORIZATION on slice (61, 11) (remaining tasks 2)
2025-04-22 00:36:23,345 [DEBUG]  		naive factorization 11 columns (in 0.00500 secs)
2025-04-22 00:36:23,346 [DEBUG]  OP: Operation.NAIVE_FACTORIZATION on slice (15, 11) (remaining tasks 1)
2025-04-22 00:36:23,350 [DEBUG]  		naive factorization 11 columns (in 0.00360 secs)
2025-04-22 00:36:23,350 [DEBUG]  OP: Operation.SPLIT_ROWS on slice (88, 11) (remaining tasks 0)
2025-04-22 00:36:23,396 [DEBUG]  		found 2 row clusters (in 0.04553 secs)
2025-04-22 00:36:23,396 [DEBUG]  OP: Operation.NAIVE_FACTORIZATION on slice (40, 11) (remaining tasks 1)
2025-04-22 00:36:23,401 [DEBUG]  		naive factorization 11 columns (in 0.00417 secs)
2025-04-22 00:36:23,401 [DEBUG]  OP: Operation.NAIVE_FACTORIZATION on slice (48, 11) (remaining tasks 0)
2025-04-22 00:36:23,407 [DEBUG]  		naive factorization 11 columns (in 0.00564 secs)
2025-04-22 00:36:24,550 [DEBUG]  Built SPN in 161.80887984799847 sec
2025-04-22 00:36:24,550 [INFO ]  Saving ensemble to /home/dafn/card/deepcard/collected_temp_benchmarks/spn_ensembles/Gas Turbine CO and NOx Emission Data Set/ensemble_single_gt_2013_10000000.pkl
