2025-04-21 23:32:03,944 [INFO ]  Creating naive ensemble.
2025-04-21 23:32:03,944 [INFO ]  Learning SPN for gt_2015.
2025-04-21 23:32:03,944 [DEBUG]  generate_join_sample(single_table=gt_2015, relationship_list=None, split_condition=None)
2025-04-21 23:32:03,971 [DEBUG]  Using min_instance_slice parameter 73.84.
2025-04-21 23:32:03,971 [INFO ]  SPN training phase with 7384 samples
2025-04-21 23:32:03,977 [DEBUG]  Built domains in 0.00566910499765072 sec
2025-04-21 23:32:04,325 [DEBUG]  CACHEDIR=/home/dafn/.cache/matplotlib
2025-04-21 23:32:04,327 [DEBUG]  Using fontManager instance from /home/dafn/.cache/matplotlib/fontlist-v300.json
2025-04-21 23:32:04,419 [DEBUG]  Loaded backend qt5agg version unknown.
2025-04-21 23:32:04,449 [DEBUG]  Loaded backend qt5agg version unknown.
2025-04-21 23:32:04,450 [DEBUG]  Loaded backend qt4agg version unknown.
2025-04-21 23:32:04,457 [DEBUG]  Loaded backend tkagg version unknown.
2025-04-21 23:32:04,457 [DEBUG]  Loaded backend agg version unknown.
2025-04-21 23:32:04,457 [DEBUG]  Loaded backend agg version unknown.
2025-04-21 23:32:04,461 [DEBUG]  OP: Operation.SPLIT_ROWS on slice (7384, 11) (remaining tasks 0)
2025-04-21 23:32:04,652 [DEBUG]  		found 2 row clusters (in 0.19072 secs)
2025-04-21 23:32:04,652 [DEBUG]  OP: Operation.SPLIT_COLUMNS on slice (3600, 11) (remaining tasks 1)
2025-04-21 23:32:06,504 [DEBUG]  		found 1 col clusters (in 1.85214 secs)
2025-04-21 23:32:06,505 [DEBUG]  OP: Operation.SPLIT_COLUMNS on slice (3784, 11) (remaining tasks 1)
2025-04-21 23:32:08,494 [DEBUG]  		found 1 col clusters (in 1.98806 secs)
2025-04-21 23:32:08,495 [DEBUG]  OP: Operation.SPLIT_ROWS on slice (3600, 11) (remaining tasks 1)
2025-04-21 23:32:08,726 [DEBUG]  		found 2 row clusters (in 0.23051 secs)
2025-04-21 23:32:08,726 [DEBUG]  OP: Operation.SPLIT_ROWS on slice (3784, 11) (remaining tasks 2)
2025-04-21 23:32:08,787 [DEBUG]  		found 2 row clusters (in 0.06071 secs)
2025-04-21 23:32:08,788 [DEBUG]  OP: Operation.SPLIT_COLUMNS on slice (2098, 11) (remaining tasks 3)
2025-04-21 23:32:13,955 [DEBUG]  		found 1 col clusters (in 5.16682 secs)
2025-04-21 23:32:13,955 [DEBUG]  OP: Operation.SPLIT_COLUMNS on slice (1502, 11) (remaining tasks 3)
2025-04-21 23:32:19,061 [DEBUG]  		found 1 col clusters (in 5.10544 secs)
2025-04-21 23:32:19,062 [DEBUG]  OP: Operation.SPLIT_COLUMNS on slice (1451, 11) (remaining tasks 3)
2025-04-21 23:32:23,356 [DEBUG]  		found 1 col clusters (in 4.29421 secs)
2025-04-21 23:32:23,357 [DEBUG]  OP: Operation.SPLIT_COLUMNS on slice (2333, 11) (remaining tasks 3)
2025-04-21 23:32:28,644 [DEBUG]  		found 1 col clusters (in 5.28671 secs)
2025-04-21 23:32:28,645 [DEBUG]  OP: Operation.SPLIT_ROWS on slice (2098, 11) (remaining tasks 3)
2025-04-21 23:32:28,712 [DEBUG]  		found 2 row clusters (in 0.06653 secs)
2025-04-21 23:32:28,712 [DEBUG]  OP: Operation.SPLIT_ROWS on slice (1502, 11) (remaining tasks 4)
2025-04-21 23:32:28,763 [DEBUG]  		found 2 row clusters (in 0.04997 secs)
2025-04-21 23:32:28,763 [DEBUG]  OP: Operation.SPLIT_ROWS on slice (1451, 11) (remaining tasks 5)
2025-04-21 23:32:28,810 [DEBUG]  		found 2 row clusters (in 0.04645 secs)
2025-04-21 23:32:28,810 [DEBUG]  OP: Operation.SPLIT_ROWS on slice (2333, 11) (remaining tasks 6)
2025-04-21 23:32:28,862 [DEBUG]  		found 2 row clusters (in 0.05170 secs)
2025-04-21 23:32:28,862 [DEBUG]  OP: Operation.SPLIT_COLUMNS on slice (1148, 11) (remaining tasks 7)
2025-04-21 23:32:32,882 [DEBUG]  		found 1 col clusters (in 4.01983 secs)
2025-04-21 23:32:32,883 [DEBUG]  OP: Operation.SPLIT_COLUMNS on slice (950, 11) (remaining tasks 7)
2025-04-21 23:32:35,622 [DEBUG]  		found 1 col clusters (in 2.73846 secs)
2025-04-21 23:32:35,622 [DEBUG]  OP: Operation.SPLIT_COLUMNS on slice (889, 11) (remaining tasks 7)
2025-04-21 23:32:38,545 [DEBUG]  		found 1 col clusters (in 2.92311 secs)
2025-04-21 23:32:38,546 [DEBUG]  OP: Operation.SPLIT_COLUMNS on slice (613, 11) (remaining tasks 7)
2025-04-21 23:32:39,585 [DEBUG]  		found 1 col clusters (in 1.03885 secs)
2025-04-21 23:32:39,585 [DEBUG]  OP: Operation.SPLIT_COLUMNS on slice (570, 11) (remaining tasks 7)
2025-04-21 23:32:40,548 [DEBUG]  		found 1 col clusters (in 0.96225 secs)
2025-04-21 23:32:40,548 [DEBUG]  OP: Operation.SPLIT_COLUMNS on slice (881, 11) (remaining tasks 7)
2025-04-21 23:32:43,060 [DEBUG]  		found 1 col clusters (in 2.51152 secs)
2025-04-21 23:32:43,061 [DEBUG]  OP: Operation.SPLIT_COLUMNS on slice (1187, 11) (remaining tasks 7)
2025-04-21 23:32:46,400 [DEBUG]  		found 1 col clusters (in 3.33948 secs)
2025-04-21 23:32:46,401 [DEBUG]  OP: Operation.SPLIT_COLUMNS on slice (1146, 11) (remaining tasks 7)
2025-04-21 23:32:51,374 [DEBUG]  		found 1 col clusters (in 4.97255 secs)
2025-04-21 23:32:51,374 [DEBUG]  OP: Operation.SPLIT_ROWS on slice (1148, 11) (remaining tasks 7)
2025-04-21 23:32:51,479 [DEBUG]  		found 2 row clusters (in 0.10397 secs)
2025-04-21 23:32:51,479 [DEBUG]  OP: Operation.SPLIT_ROWS on slice (950, 11) (remaining tasks 8)
2025-04-21 23:32:51,530 [DEBUG]  		found 2 row clusters (in 0.05051 secs)
2025-04-21 23:32:51,530 [DEBUG]  OP: Operation.SPLIT_ROWS on slice (889, 11) (remaining tasks 9)
2025-04-21 23:32:51,563 [DEBUG]  		found 2 row clusters (in 0.03281 secs)
2025-04-21 23:32:51,563 [DEBUG]  OP: Operation.SPLIT_ROWS on slice (613, 11) (remaining tasks 10)
2025-04-21 23:32:51,595 [DEBUG]  		found 2 row clusters (in 0.03174 secs)
2025-04-21 23:32:51,595 [DEBUG]  OP: Operation.SPLIT_ROWS on slice (570, 11) (remaining tasks 11)
2025-04-21 23:32:51,617 [DEBUG]  		found 2 row clusters (in 0.02154 secs)
2025-04-21 23:32:51,617 [DEBUG]  OP: Operation.SPLIT_ROWS on slice (881, 11) (remaining tasks 12)
2025-04-21 23:32:51,648 [DEBUG]  		found 2 row clusters (in 0.03122 secs)
2025-04-21 23:32:51,649 [DEBUG]  OP: Operation.SPLIT_ROWS on slice (1187, 11) (remaining tasks 13)
2025-04-21 23:32:51,685 [DEBUG]  		found 2 row clusters (in 0.03570 secs)
2025-04-21 23:32:51,685 [DEBUG]  OP: Operation.SPLIT_ROWS on slice (1146, 11) (remaining tasks 14)
2025-04-21 23:32:51,727 [DEBUG]  		found 2 row clusters (in 0.04179 secs)
2025-04-21 23:32:51,727 [DEBUG]  OP: Operation.SPLIT_COLUMNS on slice (618, 11) (remaining tasks 15)
2025-04-21 23:32:53,411 [DEBUG]  		found 1 col clusters (in 1.68437 secs)
2025-04-21 23:32:53,412 [DEBUG]  OP: Operation.SPLIT_COLUMNS on slice (530, 11) (remaining tasks 15)
2025-04-21 23:32:55,762 [DEBUG]  		found 1 col clusters (in 2.34988 secs)
2025-04-21 23:32:55,763 [DEBUG]  OP: Operation.SPLIT_COLUMNS on slice (586, 11) (remaining tasks 15)
2025-04-21 23:32:57,153 [DEBUG]  		found 1 col clusters (in 1.39026 secs)
2025-04-21 23:32:57,154 [DEBUG]  OP: Operation.SPLIT_COLUMNS on slice (364, 11) (remaining tasks 15)
2025-04-21 23:32:58,926 [DEBUG]  		found 1 col clusters (in 1.77199 secs)
2025-04-21 23:32:58,927 [DEBUG]  OP: Operation.SPLIT_COLUMNS on slice (713, 11) (remaining tasks 15)
2025-04-21 23:33:00,289 [DEBUG]  		found 1 col clusters (in 1.36184 secs)
2025-04-21 23:33:00,289 [DEBUG]  OP: Operation.SPLIT_COLUMNS on slice (176, 11) (remaining tasks 15)
2025-04-21 23:33:00,752 [DEBUG]  		found 1 col clusters (in 0.46190 secs)
2025-04-21 23:33:00,752 [DEBUG]  OP: Operation.SPLIT_COLUMNS on slice (270, 11) (remaining tasks 15)
2025-04-21 23:33:02,391 [DEBUG]  		found 1 col clusters (in 1.63855 secs)
2025-04-21 23:33:02,391 [DEBUG]  OP: Operation.SPLIT_COLUMNS on slice (343, 11) (remaining tasks 15)
2025-04-21 23:33:04,315 [DEBUG]  		found 1 col clusters (in 1.92385 secs)
2025-04-21 23:33:04,316 [DEBUG]  OP: Operation.SPLIT_COLUMNS on slice (375, 11) (remaining tasks 15)
2025-04-21 23:33:06,212 [DEBUG]  		found 1 col clusters (in 1.89629 secs)
2025-04-21 23:33:06,213 [DEBUG]  OP: Operation.SPLIT_COLUMNS on slice (195, 11) (remaining tasks 15)
2025-04-21 23:33:07,474 [DEBUG]  		found 1 col clusters (in 1.26092 secs)
2025-04-21 23:33:07,474 [DEBUG]  OP: Operation.SPLIT_COLUMNS on slice (233, 11) (remaining tasks 15)
2025-04-21 23:33:09,185 [DEBUG]  		found 1 col clusters (in 1.70990 secs)
2025-04-21 23:33:09,185 [DEBUG]  OP: Operation.SPLIT_COLUMNS on slice (648, 11) (remaining tasks 15)
2025-04-21 23:33:10,183 [DEBUG]  		found 1 col clusters (in 0.99745 secs)
2025-04-21 23:33:10,183 [DEBUG]  OP: Operation.SPLIT_COLUMNS on slice (370, 11) (remaining tasks 15)
2025-04-21 23:33:12,187 [DEBUG]  		found 1 col clusters (in 2.00398 secs)
2025-04-21 23:33:12,188 [DEBUG]  OP: Operation.SPLIT_COLUMNS on slice (817, 11) (remaining tasks 15)
2025-04-21 23:33:13,593 [DEBUG]  		found 1 col clusters (in 1.40423 secs)
2025-04-21 23:33:13,593 [DEBUG]  OP: Operation.SPLIT_COLUMNS on slice (735, 11) (remaining tasks 15)
2025-04-21 23:33:14,963 [DEBUG]  		found 1 col clusters (in 1.36985 secs)
2025-04-21 23:33:14,964 [DEBUG]  OP: Operation.SPLIT_COLUMNS on slice (411, 11) (remaining tasks 15)
2025-04-21 23:33:16,603 [DEBUG]  		found 1 col clusters (in 1.63925 secs)
2025-04-21 23:33:16,604 [DEBUG]  OP: Operation.SPLIT_ROWS on slice (618, 11) (remaining tasks 15)
2025-04-21 23:33:16,706 [DEBUG]  		found 2 row clusters (in 0.10206 secs)
2025-04-21 23:33:16,706 [DEBUG]  OP: Operation.SPLIT_ROWS on slice (530, 11) (remaining tasks 16)
2025-04-21 23:33:16,749 [DEBUG]  		found 2 row clusters (in 0.04239 secs)
2025-04-21 23:33:16,749 [DEBUG]  OP: Operation.SPLIT_ROWS on slice (586, 11) (remaining tasks 17)
2025-04-21 23:33:16,789 [DEBUG]  		found 2 row clusters (in 0.03992 secs)
2025-04-21 23:33:16,789 [DEBUG]  OP: Operation.SPLIT_ROWS on slice (364, 11) (remaining tasks 18)
2025-04-21 23:33:16,811 [DEBUG]  		found 2 row clusters (in 0.02175 secs)
2025-04-21 23:33:16,811 [DEBUG]  OP: Operation.SPLIT_ROWS on slice (713, 11) (remaining tasks 19)
2025-04-21 23:33:16,850 [DEBUG]  		found 2 row clusters (in 0.03886 secs)
2025-04-21 23:33:16,851 [DEBUG]  OP: Operation.SPLIT_ROWS on slice (176, 11) (remaining tasks 20)
2025-04-21 23:33:16,872 [DEBUG]  		found 2 row clusters (in 0.02113 secs)
2025-04-21 23:33:16,872 [DEBUG]  OP: Operation.SPLIT_ROWS on slice (270, 11) (remaining tasks 21)
2025-04-21 23:33:16,900 [DEBUG]  		found 2 row clusters (in 0.02741 secs)
2025-04-21 23:33:16,900 [DEBUG]  OP: Operation.SPLIT_ROWS on slice (343, 11) (remaining tasks 22)
2025-04-21 23:33:16,924 [DEBUG]  		found 2 row clusters (in 0.02411 secs)
2025-04-21 23:33:16,924 [DEBUG]  OP: Operation.SPLIT_ROWS on slice (375, 11) (remaining tasks 23)
2025-04-21 23:33:16,957 [DEBUG]  		found 2 row clusters (in 0.03298 secs)
2025-04-21 23:33:16,957 [DEBUG]  OP: Operation.SPLIT_ROWS on slice (195, 11) (remaining tasks 24)
2025-04-21 23:33:16,978 [DEBUG]  		found 2 row clusters (in 0.02087 secs)
2025-04-21 23:33:16,979 [DEBUG]  OP: Operation.SPLIT_ROWS on slice (233, 11) (remaining tasks 25)
2025-04-21 23:33:17,000 [DEBUG]  		found 2 row clusters (in 0.02157 secs)
2025-04-21 23:33:17,000 [DEBUG]  OP: Operation.SPLIT_ROWS on slice (648, 11) (remaining tasks 26)
2025-04-21 23:33:17,038 [DEBUG]  		found 2 row clusters (in 0.03712 secs)
2025-04-21 23:33:17,038 [DEBUG]  OP: Operation.SPLIT_ROWS on slice (370, 11) (remaining tasks 27)
2025-04-21 23:33:17,064 [DEBUG]  		found 2 row clusters (in 0.02654 secs)
2025-04-21 23:33:17,065 [DEBUG]  OP: Operation.SPLIT_ROWS on slice (817, 11) (remaining tasks 28)
2025-04-21 23:33:17,094 [DEBUG]  		found 2 row clusters (in 0.02920 secs)
2025-04-21 23:33:17,094 [DEBUG]  OP: Operation.SPLIT_ROWS on slice (735, 11) (remaining tasks 29)
2025-04-21 23:33:17,129 [DEBUG]  		found 2 row clusters (in 0.03419 secs)
2025-04-21 23:33:17,129 [DEBUG]  OP: Operation.SPLIT_ROWS on slice (411, 11) (remaining tasks 30)
2025-04-21 23:33:17,159 [DEBUG]  		found 2 row clusters (in 0.03044 secs)
2025-04-21 23:33:17,159 [DEBUG]  OP: Operation.SPLIT_COLUMNS on slice (388, 11) (remaining tasks 31)
2025-04-21 23:33:19,228 [DEBUG]  		found 1 col clusters (in 2.06861 secs)
2025-04-21 23:33:19,229 [DEBUG]  OP: Operation.SPLIT_COLUMNS on slice (230, 11) (remaining tasks 31)
2025-04-21 23:33:21,022 [DEBUG]  		found 1 col clusters (in 1.79264 secs)
2025-04-21 23:33:21,022 [DEBUG]  OP: Operation.SPLIT_COLUMNS on slice (466, 11) (remaining tasks 31)
2025-04-21 23:33:23,458 [DEBUG]  		found 1 col clusters (in 2.43539 secs)
2025-04-21 23:33:23,458 [DEBUG]  OP: Operation.NAIVE_FACTORIZATION on slice (64, 11) (remaining tasks 31)
2025-04-21 23:33:23,466 [DEBUG]  		naive factorization 11 columns (in 0.00810 secs)
2025-04-21 23:33:23,467 [DEBUG]  OP: Operation.SPLIT_COLUMNS on slice (359, 11) (remaining tasks 30)
2025-04-21 23:33:25,401 [DEBUG]  		found 1 col clusters (in 1.93372 secs)
2025-04-21 23:33:25,402 [DEBUG]  OP: Operation.SPLIT_COLUMNS on slice (227, 11) (remaining tasks 30)
2025-04-21 23:33:27,175 [DEBUG]  		found 1 col clusters (in 1.77255 secs)
2025-04-21 23:33:27,175 [DEBUG]  OP: Operation.SPLIT_COLUMNS on slice (215, 11) (remaining tasks 30)
2025-04-21 23:33:29,072 [DEBUG]  		found 1 col clusters (in 1.89667 secs)
2025-04-21 23:33:29,073 [DEBUG]  OP: Operation.SPLIT_COLUMNS on slice (149, 11) (remaining tasks 30)
2025-04-21 23:33:29,498 [DEBUG]  		found 1 col clusters (in 0.42535 secs)
2025-04-21 23:33:29,499 [DEBUG]  OP: Operation.SPLIT_COLUMNS on slice (379, 11) (remaining tasks 30)
2025-04-21 23:33:31,773 [DEBUG]  		found 1 col clusters (in 2.27432 secs)
2025-04-21 23:33:31,774 [DEBUG]  OP: Operation.SPLIT_COLUMNS on slice (334, 11) (remaining tasks 30)
2025-04-21 23:33:33,541 [DEBUG]  		found 1 col clusters (in 1.76665 secs)
2025-04-21 23:33:33,541 [DEBUG]  OP: Operation.NAIVE_FACTORIZATION on slice (60, 11) (remaining tasks 30)
2025-04-21 23:33:33,549 [DEBUG]  		naive factorization 11 columns (in 0.00776 secs)
2025-04-21 23:33:33,549 [DEBUG]  OP: Operation.SPLIT_COLUMNS on slice (116, 11) (remaining tasks 29)
2025-04-21 23:33:33,794 [DEBUG]  		found 1 col clusters (in 0.24442 secs)
2025-04-21 23:33:33,795 [DEBUG]  OP: Operation.NAIVE_FACTORIZATION on slice (70, 11) (remaining tasks 29)
2025-04-21 23:33:33,803 [DEBUG]  		naive factorization 11 columns (in 0.00783 secs)
2025-04-21 23:33:33,803 [DEBUG]  OP: Operation.SPLIT_COLUMNS on slice (200, 11) (remaining tasks 28)
2025-04-21 23:33:35,261 [DEBUG]  		found 1 col clusters (in 1.45779 secs)
2025-04-21 23:33:35,262 [DEBUG]  OP: Operation.SPLIT_COLUMNS on slice (179, 11) (remaining tasks 28)
2025-04-21 23:33:35,701 [DEBUG]  		found 1 col clusters (in 0.43866 secs)
2025-04-21 23:33:35,701 [DEBUG]  OP: Operation.SPLIT_COLUMNS on slice (164, 11) (remaining tasks 28)
2025-04-21 23:33:36,073 [DEBUG]  		found 1 col clusters (in 0.37221 secs)
2025-04-21 23:33:36,074 [DEBUG]  OP: Operation.SPLIT_COLUMNS on slice (263, 11) (remaining tasks 28)
2025-04-21 23:33:37,668 [DEBUG]  		found 1 col clusters (in 1.59362 secs)
2025-04-21 23:33:37,668 [DEBUG]  OP: Operation.SPLIT_COLUMNS on slice (112, 11) (remaining tasks 28)
2025-04-21 23:33:37,948 [DEBUG]  		found 1 col clusters (in 0.27946 secs)
2025-04-21 23:33:37,948 [DEBUG]  OP: Operation.SPLIT_COLUMNS on slice (84, 11) (remaining tasks 28)
2025-04-21 23:33:38,169 [DEBUG]  		found 1 col clusters (in 0.22076 secs)
2025-04-21 23:33:38,170 [DEBUG]  OP: Operation.SPLIT_COLUMNS on slice (111, 11) (remaining tasks 28)
2025-04-21 23:33:38,395 [DEBUG]  		found 1 col clusters (in 0.22568 secs)
2025-04-21 23:33:38,396 [DEBUG]  OP: Operation.SPLIT_COLUMNS on slice (125, 11) (remaining tasks 28)
2025-04-21 23:33:38,621 [DEBUG]  		found 1 col clusters (in 0.22485 secs)
2025-04-21 23:33:38,622 [DEBUG]  OP: Operation.SPLIT_COLUMNS on slice (108, 11) (remaining tasks 28)
2025-04-21 23:33:38,842 [DEBUG]  		found 1 col clusters (in 0.22010 secs)
2025-04-21 23:33:38,842 [DEBUG]  OP: Operation.SPLIT_COLUMNS on slice (282, 11) (remaining tasks 28)
2025-04-21 23:33:40,520 [DEBUG]  		found 1 col clusters (in 1.67718 secs)
2025-04-21 23:33:40,520 [DEBUG]  OP: Operation.SPLIT_COLUMNS on slice (366, 11) (remaining tasks 28)
2025-04-21 23:33:42,298 [DEBUG]  		found 1 col clusters (in 1.77747 secs)
2025-04-21 23:33:42,298 [DEBUG]  OP: Operation.SPLIT_COLUMNS on slice (282, 11) (remaining tasks 28)
2025-04-21 23:33:44,171 [DEBUG]  		found 1 col clusters (in 1.87220 secs)
2025-04-21 23:33:44,171 [DEBUG]  OP: Operation.SPLIT_COLUMNS on slice (88, 11) (remaining tasks 28)
2025-04-21 23:33:44,385 [DEBUG]  		found 1 col clusters (in 0.21388 secs)
2025-04-21 23:33:44,386 [DEBUG]  OP: Operation.SPLIT_COLUMNS on slice (661, 11) (remaining tasks 28)
2025-04-21 23:33:45,841 [DEBUG]  		found 1 col clusters (in 1.45477 secs)
2025-04-21 23:33:45,841 [DEBUG]  OP: Operation.SPLIT_COLUMNS on slice (156, 11) (remaining tasks 28)
2025-04-21 23:33:46,313 [DEBUG]  		found 1 col clusters (in 0.47147 secs)
2025-04-21 23:33:46,314 [DEBUG]  OP: Operation.SPLIT_COLUMNS on slice (436, 11) (remaining tasks 28)
2025-04-21 23:33:48,509 [DEBUG]  		found 1 col clusters (in 2.19520 secs)
2025-04-21 23:33:48,510 [DEBUG]  OP: Operation.SPLIT_COLUMNS on slice (299, 11) (remaining tasks 28)
2025-04-21 23:33:50,521 [DEBUG]  		found 1 col clusters (in 2.01122 secs)
2025-04-21 23:33:50,521 [DEBUG]  OP: Operation.SPLIT_COLUMNS on slice (127, 11) (remaining tasks 28)
2025-04-21 23:33:50,806 [DEBUG]  		found 1 col clusters (in 0.28380 secs)
2025-04-21 23:33:50,806 [DEBUG]  OP: Operation.SPLIT_COLUMNS on slice (284, 11) (remaining tasks 28)
2025-04-21 23:33:52,370 [DEBUG]  		found 1 col clusters (in 1.56396 secs)
2025-04-21 23:33:52,371 [DEBUG]  OP: Operation.SPLIT_ROWS on slice (388, 11) (remaining tasks 28)
2025-04-21 23:33:52,438 [DEBUG]  		found 2 row clusters (in 0.06695 secs)
2025-04-21 23:33:52,438 [DEBUG]  OP: Operation.SPLIT_ROWS on slice (230, 11) (remaining tasks 29)
2025-04-21 23:33:52,471 [DEBUG]  		found 2 row clusters (in 0.03274 secs)
2025-04-21 23:33:52,472 [DEBUG]  OP: Operation.SPLIT_ROWS on slice (466, 11) (remaining tasks 30)
2025-04-21 23:33:52,499 [DEBUG]  		found 2 row clusters (in 0.02738 secs)
2025-04-21 23:33:52,499 [DEBUG]  OP: Operation.SPLIT_ROWS on slice (359, 11) (remaining tasks 31)
2025-04-21 23:33:52,525 [DEBUG]  		found 2 row clusters (in 0.02565 secs)
2025-04-21 23:33:52,525 [DEBUG]  OP: Operation.SPLIT_ROWS on slice (227, 11) (remaining tasks 32)
2025-04-21 23:33:52,547 [DEBUG]  		found 2 row clusters (in 0.02224 secs)
2025-04-21 23:33:52,548 [DEBUG]  OP: Operation.SPLIT_ROWS on slice (215, 11) (remaining tasks 33)
2025-04-21 23:33:52,570 [DEBUG]  		found 2 row clusters (in 0.02213 secs)
2025-04-21 23:33:52,570 [DEBUG]  OP: Operation.SPLIT_ROWS on slice (149, 11) (remaining tasks 34)
2025-04-21 23:33:52,593 [DEBUG]  		found 2 row clusters (in 0.02269 secs)
2025-04-21 23:33:52,593 [DEBUG]  OP: Operation.SPLIT_ROWS on slice (379, 11) (remaining tasks 35)
2025-04-21 23:33:52,620 [DEBUG]  		found 2 row clusters (in 0.02670 secs)
2025-04-21 23:33:52,620 [DEBUG]  OP: Operation.SPLIT_ROWS on slice (334, 11) (remaining tasks 36)
2025-04-21 23:33:52,643 [DEBUG]  		found 2 row clusters (in 0.02339 secs)
2025-04-21 23:33:52,644 [DEBUG]  OP: Operation.SPLIT_ROWS on slice (116, 11) (remaining tasks 37)
2025-04-21 23:33:52,665 [DEBUG]  		found 2 row clusters (in 0.02136 secs)
2025-04-21 23:33:52,665 [DEBUG]  OP: Operation.SPLIT_ROWS on slice (200, 11) (remaining tasks 38)
2025-04-21 23:33:52,685 [DEBUG]  		found 2 row clusters (in 0.01955 secs)
2025-04-21 23:33:52,685 [DEBUG]  OP: Operation.SPLIT_ROWS on slice (179, 11) (remaining tasks 39)
2025-04-21 23:33:52,702 [DEBUG]  		found 2 row clusters (in 0.01658 secs)
2025-04-21 23:33:52,702 [DEBUG]  OP: Operation.SPLIT_ROWS on slice (164, 11) (remaining tasks 40)
2025-04-21 23:33:52,717 [DEBUG]  		found 2 row clusters (in 0.01467 secs)
2025-04-21 23:33:52,717 [DEBUG]  OP: Operation.SPLIT_ROWS on slice (263, 11) (remaining tasks 41)
2025-04-21 23:33:52,742 [DEBUG]  		found 2 row clusters (in 0.02462 secs)
2025-04-21 23:33:52,742 [DEBUG]  OP: Operation.SPLIT_ROWS on slice (112, 11) (remaining tasks 42)
2025-04-21 23:33:52,762 [DEBUG]  		found 2 row clusters (in 0.02060 secs)
2025-04-21 23:33:52,763 [DEBUG]  OP: Operation.SPLIT_ROWS on slice (84, 11) (remaining tasks 43)
2025-04-21 23:33:52,777 [DEBUG]  		found 2 row clusters (in 0.01431 secs)
2025-04-21 23:33:52,777 [DEBUG]  OP: Operation.SPLIT_ROWS on slice (111, 11) (remaining tasks 44)
2025-04-21 23:33:52,795 [DEBUG]  		found 2 row clusters (in 0.01786 secs)
2025-04-21 23:33:52,795 [DEBUG]  OP: Operation.SPLIT_ROWS on slice (125, 11) (remaining tasks 45)
2025-04-21 23:33:52,810 [DEBUG]  		found 2 row clusters (in 0.01484 secs)
2025-04-21 23:33:52,810 [DEBUG]  OP: Operation.SPLIT_ROWS on slice (108, 11) (remaining tasks 46)
2025-04-21 23:33:52,826 [DEBUG]  		found 2 row clusters (in 0.01521 secs)
2025-04-21 23:33:52,826 [DEBUG]  OP: Operation.SPLIT_ROWS on slice (282, 11) (remaining tasks 47)
2025-04-21 23:33:52,858 [DEBUG]  		found 2 row clusters (in 0.03198 secs)
2025-04-21 23:33:52,858 [DEBUG]  OP: Operation.SPLIT_ROWS on slice (366, 11) (remaining tasks 48)
2025-04-21 23:33:52,881 [DEBUG]  		found 2 row clusters (in 0.02284 secs)
2025-04-21 23:33:52,881 [DEBUG]  OP: Operation.SPLIT_ROWS on slice (282, 11) (remaining tasks 49)
2025-04-21 23:33:52,908 [DEBUG]  		found 2 row clusters (in 0.02673 secs)
2025-04-21 23:33:52,908 [DEBUG]  OP: Operation.SPLIT_ROWS on slice (88, 11) (remaining tasks 50)
2025-04-21 23:33:52,924 [DEBUG]  		found 2 row clusters (in 0.01568 secs)
2025-04-21 23:33:52,924 [DEBUG]  OP: Operation.SPLIT_ROWS on slice (661, 11) (remaining tasks 51)
2025-04-21 23:33:52,959 [DEBUG]  		found 2 row clusters (in 0.03512 secs)
2025-04-21 23:33:52,960 [DEBUG]  OP: Operation.SPLIT_ROWS on slice (156, 11) (remaining tasks 52)
2025-04-21 23:33:52,981 [DEBUG]  		found 2 row clusters (in 0.02097 secs)
2025-04-21 23:33:52,981 [DEBUG]  OP: Operation.SPLIT_ROWS on slice (436, 11) (remaining tasks 53)
2025-04-21 23:33:53,003 [DEBUG]  		found 2 row clusters (in 0.02146 secs)
2025-04-21 23:33:53,003 [DEBUG]  OP: Operation.SPLIT_ROWS on slice (299, 11) (remaining tasks 54)
2025-04-21 23:33:53,028 [DEBUG]  		found 2 row clusters (in 0.02539 secs)
2025-04-21 23:33:53,029 [DEBUG]  OP: Operation.SPLIT_ROWS on slice (127, 11) (remaining tasks 55)
2025-04-21 23:33:53,050 [DEBUG]  		found 2 row clusters (in 0.02095 secs)
2025-04-21 23:33:53,050 [DEBUG]  OP: Operation.SPLIT_ROWS on slice (284, 11) (remaining tasks 56)
2025-04-21 23:33:53,074 [DEBUG]  		found 2 row clusters (in 0.02380 secs)
2025-04-21 23:33:53,074 [DEBUG]  OP: Operation.SPLIT_COLUMNS on slice (189, 11) (remaining tasks 57)
2025-04-21 23:33:53,384 [DEBUG]  		found 1 col clusters (in 0.30974 secs)
2025-04-21 23:33:53,384 [DEBUG]  OP: Operation.SPLIT_COLUMNS on slice (199, 11) (remaining tasks 57)
2025-04-21 23:33:54,986 [DEBUG]  		found 1 col clusters (in 1.60138 secs)
2025-04-21 23:33:54,986 [DEBUG]  OP: Operation.SPLIT_COLUMNS on slice (114, 11) (remaining tasks 57)
2025-04-21 23:33:55,268 [DEBUG]  		found 1 col clusters (in 0.28152 secs)
2025-04-21 23:33:55,269 [DEBUG]  OP: Operation.SPLIT_COLUMNS on slice (116, 11) (remaining tasks 57)
2025-04-21 23:33:55,591 [DEBUG]  		found 1 col clusters (in 0.32221 secs)
2025-04-21 23:33:55,592 [DEBUG]  OP: Operation.SPLIT_COLUMNS on slice (364, 11) (remaining tasks 57)
2025-04-21 23:33:57,540 [DEBUG]  		found 1 col clusters (in 1.94781 secs)
2025-04-21 23:33:57,540 [DEBUG]  OP: Operation.SPLIT_COLUMNS on slice (102, 11) (remaining tasks 57)
2025-04-21 23:33:57,889 [DEBUG]  		found 1 col clusters (in 0.34906 secs)
2025-04-21 23:33:57,890 [DEBUG]  OP: Operation.SPLIT_COLUMNS on slice (203, 11) (remaining tasks 57)
2025-04-21 23:33:59,362 [DEBUG]  		found 1 col clusters (in 1.47209 secs)
2025-04-21 23:33:59,363 [DEBUG]  OP: Operation.SPLIT_COLUMNS on slice (156, 11) (remaining tasks 57)
2025-04-21 23:33:59,618 [DEBUG]  		found 1 col clusters (in 0.25522 secs)
2025-04-21 23:33:59,619 [DEBUG]  OP: Operation.SPLIT_COLUMNS on slice (94, 11) (remaining tasks 57)
2025-04-21 23:33:59,904 [DEBUG]  		found 1 col clusters (in 0.28551 secs)
2025-04-21 23:33:59,905 [DEBUG]  OP: Operation.SPLIT_COLUMNS on slice (133, 11) (remaining tasks 57)
2025-04-21 23:34:00,116 [DEBUG]  		found 1 col clusters (in 0.21091 secs)
2025-04-21 23:34:00,116 [DEBUG]  OP: Operation.SPLIT_COLUMNS on slice (147, 11) (remaining tasks 57)
2025-04-21 23:34:00,457 [DEBUG]  		found 1 col clusters (in 0.34065 secs)
2025-04-21 23:34:00,458 [DEBUG]  OP: Operation.NAIVE_FACTORIZATION on slice (68, 11) (remaining tasks 57)
2025-04-21 23:34:00,466 [DEBUG]  		naive factorization 11 columns (in 0.00793 secs)
2025-04-21 23:34:00,466 [DEBUG]  OP: Operation.NAIVE_FACTORIZATION on slice (67, 11) (remaining tasks 56)
2025-04-21 23:34:00,471 [DEBUG]  		naive factorization 11 columns (in 0.00511 secs)
2025-04-21 23:34:00,471 [DEBUG]  OP: Operation.SPLIT_COLUMNS on slice (82, 11) (remaining tasks 55)
2025-04-21 23:34:00,796 [DEBUG]  		found 1 col clusters (in 0.32490 secs)
2025-04-21 23:34:00,797 [DEBUG]  OP: Operation.SPLIT_COLUMNS on slice (244, 11) (remaining tasks 55)
2025-04-21 23:34:02,553 [DEBUG]  		found 1 col clusters (in 1.75540 secs)
2025-04-21 23:34:02,553 [DEBUG]  OP: Operation.SPLIT_COLUMNS on slice (135, 11) (remaining tasks 55)
2025-04-21 23:34:03,001 [DEBUG]  		found 1 col clusters (in 0.44739 secs)
2025-04-21 23:34:03,001 [DEBUG]  OP: Operation.SPLIT_COLUMNS on slice (179, 11) (remaining tasks 55)
2025-04-21 23:34:03,371 [DEBUG]  		found 1 col clusters (in 0.36995 secs)
2025-04-21 23:34:03,372 [DEBUG]  OP: Operation.SPLIT_COLUMNS on slice (155, 11) (remaining tasks 55)
2025-04-21 23:34:03,724 [DEBUG]  		found 1 col clusters (in 0.35211 secs)
2025-04-21 23:34:03,724 [DEBUG]  OP: Operation.SPLIT_COLUMNS on slice (85, 11) (remaining tasks 55)
2025-04-21 23:34:03,997 [DEBUG]  		found 1 col clusters (in 0.27228 secs)
2025-04-21 23:34:03,997 [DEBUG]  OP: Operation.NAIVE_FACTORIZATION on slice (31, 11) (remaining tasks 55)
2025-04-21 23:34:04,001 [DEBUG]  		naive factorization 11 columns (in 0.00363 secs)
2025-04-21 23:34:04,002 [DEBUG]  OP: Operation.SPLIT_COLUMNS on slice (124, 11) (remaining tasks 54)
2025-04-21 23:34:04,220 [DEBUG]  		found 1 col clusters (in 0.21800 secs)
2025-04-21 23:34:04,220 [DEBUG]  OP: Operation.SPLIT_COLUMNS on slice (76, 11) (remaining tasks 54)
2025-04-21 23:34:04,437 [DEBUG]  		found 1 col clusters (in 0.21642 secs)
2025-04-21 23:34:04,437 [DEBUG]  OP: Operation.SPLIT_COLUMNS on slice (93, 11) (remaining tasks 54)
2025-04-21 23:34:04,658 [DEBUG]  		found 1 col clusters (in 0.22033 secs)
2025-04-21 23:34:04,658 [DEBUG]  OP: Operation.SPLIT_COLUMNS on slice (86, 11) (remaining tasks 54)
2025-04-21 23:34:04,887 [DEBUG]  		found 1 col clusters (in 0.22777 secs)
2025-04-21 23:34:04,887 [DEBUG]  OP: Operation.NAIVE_FACTORIZATION on slice (14, 11) (remaining tasks 54)
2025-04-21 23:34:04,893 [DEBUG]  		naive factorization 11 columns (in 0.00567 secs)
2025-04-21 23:34:04,893 [DEBUG]  OP: Operation.SPLIT_COLUMNS on slice (150, 11) (remaining tasks 53)
2025-04-21 23:34:05,212 [DEBUG]  		found 1 col clusters (in 0.31854 secs)
2025-04-21 23:34:05,213 [DEBUG]  OP: Operation.SPLIT_COLUMNS on slice (88, 11) (remaining tasks 53)
2025-04-21 23:34:05,493 [DEBUG]  		found 1 col clusters (in 0.28006 secs)
2025-04-21 23:34:05,494 [DEBUG]  OP: Operation.SPLIT_COLUMNS on slice (175, 11) (remaining tasks 53)
2025-04-21 23:34:05,811 [DEBUG]  		found 1 col clusters (in 0.31734 secs)
2025-04-21 23:34:05,812 [DEBUG]  OP: Operation.SPLIT_COLUMNS on slice (76, 11) (remaining tasks 53)
2025-04-21 23:34:06,055 [DEBUG]  		found 1 col clusters (in 0.24350 secs)
2025-04-21 23:34:06,056 [DEBUG]  OP: Operation.NAIVE_FACTORIZATION on slice (36, 11) (remaining tasks 53)
2025-04-21 23:34:06,061 [DEBUG]  		naive factorization 11 columns (in 0.00491 secs)
2025-04-21 23:34:06,062 [DEBUG]  OP: Operation.NAIVE_FACTORIZATION on slice (53, 11) (remaining tasks 52)
2025-04-21 23:34:06,065 [DEBUG]  		naive factorization 11 columns (in 0.00371 secs)
2025-04-21 23:34:06,066 [DEBUG]  OP: Operation.NAIVE_FACTORIZATION on slice (31, 11) (remaining tasks 51)
2025-04-21 23:34:06,070 [DEBUG]  		naive factorization 11 columns (in 0.00333 secs)
2025-04-21 23:34:06,070 [DEBUG]  OP: Operation.NAIVE_FACTORIZATION on slice (41, 11) (remaining tasks 50)
2025-04-21 23:34:06,074 [DEBUG]  		naive factorization 11 columns (in 0.00340 secs)
2025-04-21 23:34:06,074 [DEBUG]  OP: Operation.NAIVE_FACTORIZATION on slice (70, 11) (remaining tasks 49)
2025-04-21 23:34:06,078 [DEBUG]  		naive factorization 11 columns (in 0.00403 secs)
2025-04-21 23:34:06,079 [DEBUG]  OP: Operation.SPLIT_COLUMNS on slice (98, 11) (remaining tasks 48)
2025-04-21 23:34:06,302 [DEBUG]  		found 1 col clusters (in 0.22271 secs)
2025-04-21 23:34:06,302 [DEBUG]  OP: Operation.NAIVE_FACTORIZATION on slice (27, 11) (remaining tasks 48)
2025-04-21 23:34:06,307 [DEBUG]  		naive factorization 11 columns (in 0.00419 secs)
2025-04-21 23:34:06,307 [DEBUG]  OP: Operation.SPLIT_COLUMNS on slice (86, 11) (remaining tasks 47)
2025-04-21 23:34:06,523 [DEBUG]  		found 1 col clusters (in 0.21588 secs)
2025-04-21 23:34:06,524 [DEBUG]  OP: Operation.NAIVE_FACTORIZATION on slice (22, 11) (remaining tasks 47)
2025-04-21 23:34:06,527 [DEBUG]  		naive factorization 11 columns (in 0.00343 secs)
2025-04-21 23:34:06,528 [DEBUG]  OP: Operation.SPLIT_COLUMNS on slice (129, 11) (remaining tasks 46)
2025-04-21 23:34:06,848 [DEBUG]  		found 1 col clusters (in 0.31997 secs)
2025-04-21 23:34:06,849 [DEBUG]  OP: Operation.SPLIT_COLUMNS on slice (153, 11) (remaining tasks 46)
2025-04-21 23:34:07,200 [DEBUG]  		found 1 col clusters (in 0.35138 secs)
2025-04-21 23:34:07,200 [DEBUG]  OP: Operation.SPLIT_COLUMNS on slice (206, 11) (remaining tasks 46)
2025-04-21 23:34:08,764 [DEBUG]  		found 1 col clusters (in 1.56392 secs)
2025-04-21 23:34:08,765 [DEBUG]  OP: Operation.SPLIT_COLUMNS on slice (160, 11) (remaining tasks 46)
2025-04-21 23:34:09,214 [DEBUG]  		found 1 col clusters (in 0.44862 secs)
2025-04-21 23:34:09,214 [DEBUG]  OP: Operation.SPLIT_COLUMNS on slice (238, 11) (remaining tasks 46)
2025-04-21 23:34:10,896 [DEBUG]  		found 1 col clusters (in 1.68168 secs)
2025-04-21 23:34:10,897 [DEBUG]  OP: Operation.NAIVE_FACTORIZATION on slice (44, 11) (remaining tasks 46)
2025-04-21 23:34:10,902 [DEBUG]  		naive factorization 11 columns (in 0.00553 secs)
2025-04-21 23:34:10,903 [DEBUG]  OP: Operation.NAIVE_FACTORIZATION on slice (49, 11) (remaining tasks 45)
2025-04-21 23:34:10,909 [DEBUG]  		naive factorization 11 columns (in 0.00623 secs)
2025-04-21 23:34:10,909 [DEBUG]  OP: Operation.NAIVE_FACTORIZATION on slice (39, 11) (remaining tasks 44)
2025-04-21 23:34:10,914 [DEBUG]  		naive factorization 11 columns (in 0.00467 secs)
2025-04-21 23:34:10,914 [DEBUG]  OP: Operation.SPLIT_COLUMNS on slice (444, 11) (remaining tasks 43)
2025-04-21 23:34:12,571 [DEBUG]  		found 1 col clusters (in 1.65702 secs)
2025-04-21 23:34:12,572 [DEBUG]  OP: Operation.SPLIT_COLUMNS on slice (217, 11) (remaining tasks 43)
2025-04-21 23:34:13,787 [DEBUG]  		found 1 col clusters (in 1.21489 secs)
2025-04-21 23:34:13,788 [DEBUG]  OP: Operation.NAIVE_FACTORIZATION on slice (59, 11) (remaining tasks 43)
2025-04-21 23:34:13,793 [DEBUG]  		naive factorization 11 columns (in 0.00509 secs)
2025-04-21 23:34:13,793 [DEBUG]  OP: Operation.SPLIT_COLUMNS on slice (97, 11) (remaining tasks 42)
2025-04-21 23:34:14,182 [DEBUG]  		found 1 col clusters (in 0.38894 secs)
2025-04-21 23:34:14,183 [DEBUG]  OP: Operation.SPLIT_COLUMNS on slice (316, 11) (remaining tasks 42)
2025-04-21 23:34:16,071 [DEBUG]  		found 1 col clusters (in 1.88814 secs)
2025-04-21 23:34:16,072 [DEBUG]  OP: Operation.SPLIT_COLUMNS on slice (120, 11) (remaining tasks 42)
2025-04-21 23:34:16,323 [DEBUG]  		found 1 col clusters (in 0.25101 secs)
2025-04-21 23:34:16,324 [DEBUG]  OP: Operation.SPLIT_COLUMNS on slice (139, 11) (remaining tasks 42)
2025-04-21 23:34:16,539 [DEBUG]  		found 1 col clusters (in 0.21498 secs)
2025-04-21 23:34:16,540 [DEBUG]  OP: Operation.SPLIT_COLUMNS on slice (160, 11) (remaining tasks 42)
2025-04-21 23:34:16,952 [DEBUG]  		found 1 col clusters (in 0.41147 secs)
2025-04-21 23:34:16,952 [DEBUG]  OP: Operation.NAIVE_FACTORIZATION on slice (62, 11) (remaining tasks 42)
2025-04-21 23:34:16,959 [DEBUG]  		naive factorization 11 columns (in 0.00665 secs)
2025-04-21 23:34:16,959 [DEBUG]  OP: Operation.NAIVE_FACTORIZATION on slice (65, 11) (remaining tasks 41)
2025-04-21 23:34:16,966 [DEBUG]  		naive factorization 11 columns (in 0.00684 secs)
2025-04-21 23:34:16,967 [DEBUG]  OP: Operation.SPLIT_COLUMNS on slice (206, 11) (remaining tasks 40)
2025-04-21 23:34:18,519 [DEBUG]  		found 1 col clusters (in 1.55211 secs)
2025-04-21 23:34:18,520 [DEBUG]  OP: Operation.SPLIT_COLUMNS on slice (78, 11) (remaining tasks 40)
2025-04-21 23:34:18,782 [DEBUG]  		found 1 col clusters (in 0.26157 secs)
2025-04-21 23:34:18,782 [DEBUG]  OP: Operation.SPLIT_ROWS on slice (189, 11) (remaining tasks 40)
2025-04-21 23:34:18,826 [DEBUG]  		found 2 row clusters (in 0.04332 secs)
2025-04-21 23:34:18,826 [DEBUG]  OP: Operation.SPLIT_ROWS on slice (199, 11) (remaining tasks 41)
2025-04-21 23:34:18,870 [DEBUG]  		found 2 row clusters (in 0.04401 secs)
2025-04-21 23:34:18,871 [DEBUG]  OP: Operation.SPLIT_ROWS on slice (114, 11) (remaining tasks 42)
2025-04-21 23:34:18,896 [DEBUG]  		found 2 row clusters (in 0.02507 secs)
2025-04-21 23:34:18,896 [DEBUG]  OP: Operation.SPLIT_ROWS on slice (116, 11) (remaining tasks 43)
2025-04-21 23:34:18,914 [DEBUG]  		found 2 row clusters (in 0.01792 secs)
2025-04-21 23:34:18,914 [DEBUG]  OP: Operation.SPLIT_ROWS on slice (364, 11) (remaining tasks 44)
2025-04-21 23:34:18,954 [DEBUG]  		found 2 row clusters (in 0.03953 secs)
2025-04-21 23:34:18,954 [DEBUG]  OP: Operation.SPLIT_ROWS on slice (102, 11) (remaining tasks 45)
2025-04-21 23:34:18,972 [DEBUG]  		found 2 row clusters (in 0.01781 secs)
2025-04-21 23:34:18,972 [DEBUG]  OP: Operation.SPLIT_ROWS on slice (203, 11) (remaining tasks 46)
2025-04-21 23:34:18,991 [DEBUG]  		found 2 row clusters (in 0.01910 secs)
2025-04-21 23:34:18,991 [DEBUG]  OP: Operation.SPLIT_ROWS on slice (156, 11) (remaining tasks 47)
2025-04-21 23:34:19,014 [DEBUG]  		found 2 row clusters (in 0.02274 secs)
2025-04-21 23:34:19,014 [DEBUG]  OP: Operation.SPLIT_ROWS on slice (94, 11) (remaining tasks 48)
2025-04-21 23:34:19,033 [DEBUG]  		found 2 row clusters (in 0.01852 secs)
2025-04-21 23:34:19,033 [DEBUG]  OP: Operation.SPLIT_ROWS on slice (133, 11) (remaining tasks 49)
2025-04-21 23:34:19,054 [DEBUG]  		found 2 row clusters (in 0.02073 secs)
2025-04-21 23:34:19,054 [DEBUG]  OP: Operation.SPLIT_ROWS on slice (147, 11) (remaining tasks 50)
2025-04-21 23:34:19,081 [DEBUG]  		found 2 row clusters (in 0.02715 secs)
2025-04-21 23:34:19,082 [DEBUG]  OP: Operation.SPLIT_ROWS on slice (82, 11) (remaining tasks 51)
2025-04-21 23:34:19,097 [DEBUG]  		found 2 row clusters (in 0.01570 secs)
2025-04-21 23:34:19,097 [DEBUG]  OP: Operation.SPLIT_ROWS on slice (244, 11) (remaining tasks 52)
2025-04-21 23:34:19,122 [DEBUG]  		found 2 row clusters (in 0.02403 secs)
2025-04-21 23:34:19,122 [DEBUG]  OP: Operation.SPLIT_ROWS on slice (135, 11) (remaining tasks 53)
2025-04-21 23:34:19,138 [DEBUG]  		found 2 row clusters (in 0.01630 secs)
2025-04-21 23:34:19,138 [DEBUG]  OP: Operation.SPLIT_ROWS on slice (179, 11) (remaining tasks 54)
2025-04-21 23:34:19,156 [DEBUG]  		found 2 row clusters (in 0.01810 secs)
2025-04-21 23:34:19,157 [DEBUG]  OP: Operation.SPLIT_ROWS on slice (155, 11) (remaining tasks 55)
2025-04-21 23:34:19,172 [DEBUG]  		found 2 row clusters (in 0.01568 secs)
2025-04-21 23:34:19,173 [DEBUG]  OP: Operation.SPLIT_ROWS on slice (85, 11) (remaining tasks 56)
2025-04-21 23:34:19,192 [DEBUG]  		found 2 row clusters (in 0.01943 secs)
2025-04-21 23:34:19,192 [DEBUG]  OP: Operation.SPLIT_ROWS on slice (124, 11) (remaining tasks 57)
2025-04-21 23:34:19,210 [DEBUG]  		found 2 row clusters (in 0.01727 secs)
2025-04-21 23:34:19,210 [DEBUG]  OP: Operation.SPLIT_ROWS on slice (76, 11) (remaining tasks 58)
2025-04-21 23:34:19,224 [DEBUG]  		found 2 row clusters (in 0.01374 secs)
2025-04-21 23:34:19,224 [DEBUG]  OP: Operation.SPLIT_ROWS on slice (93, 11) (remaining tasks 59)
2025-04-21 23:34:19,240 [DEBUG]  		found 2 row clusters (in 0.01612 secs)
2025-04-21 23:34:19,240 [DEBUG]  OP: Operation.SPLIT_ROWS on slice (86, 11) (remaining tasks 60)
2025-04-21 23:34:19,258 [DEBUG]  		found 2 row clusters (in 0.01797 secs)
2025-04-21 23:34:19,258 [DEBUG]  OP: Operation.SPLIT_ROWS on slice (150, 11) (remaining tasks 61)
2025-04-21 23:34:19,273 [DEBUG]  		found 2 row clusters (in 0.01502 secs)
2025-04-21 23:34:19,274 [DEBUG]  OP: Operation.SPLIT_ROWS on slice (88, 11) (remaining tasks 62)
2025-04-21 23:34:19,290 [DEBUG]  		found 2 row clusters (in 0.01610 secs)
2025-04-21 23:34:19,290 [DEBUG]  OP: Operation.SPLIT_ROWS on slice (175, 11) (remaining tasks 63)
2025-04-21 23:34:19,314 [DEBUG]  		found 2 row clusters (in 0.02422 secs)
2025-04-21 23:34:19,315 [DEBUG]  OP: Operation.SPLIT_ROWS on slice (76, 11) (remaining tasks 64)
2025-04-21 23:34:19,332 [DEBUG]  		found 2 row clusters (in 0.01769 secs)
2025-04-21 23:34:19,332 [DEBUG]  OP: Operation.SPLIT_ROWS on slice (98, 11) (remaining tasks 65)
2025-04-21 23:34:19,352 [DEBUG]  		found 2 row clusters (in 0.01912 secs)
2025-04-21 23:34:19,352 [DEBUG]  OP: Operation.SPLIT_ROWS on slice (86, 11) (remaining tasks 66)
2025-04-21 23:34:19,368 [DEBUG]  		found 2 row clusters (in 0.01653 secs)
2025-04-21 23:34:19,369 [DEBUG]  OP: Operation.SPLIT_ROWS on slice (129, 11) (remaining tasks 67)
2025-04-21 23:34:19,388 [DEBUG]  		found 2 row clusters (in 0.01935 secs)
2025-04-21 23:34:19,388 [DEBUG]  OP: Operation.SPLIT_ROWS on slice (153, 11) (remaining tasks 68)
2025-04-21 23:34:19,406 [DEBUG]  		found 2 row clusters (in 0.01792 secs)
2025-04-21 23:34:19,406 [DEBUG]  OP: Operation.SPLIT_ROWS on slice (206, 11) (remaining tasks 69)
2025-04-21 23:34:19,429 [DEBUG]  		found 2 row clusters (in 0.02261 secs)
2025-04-21 23:34:19,429 [DEBUG]  OP: Operation.SPLIT_ROWS on slice (160, 11) (remaining tasks 70)
2025-04-21 23:34:19,450 [DEBUG]  		found 2 row clusters (in 0.02039 secs)
2025-04-21 23:34:19,450 [DEBUG]  OP: Operation.SPLIT_ROWS on slice (238, 11) (remaining tasks 71)
2025-04-21 23:34:19,473 [DEBUG]  		found 2 row clusters (in 0.02255 secs)
2025-04-21 23:34:19,473 [DEBUG]  OP: Operation.SPLIT_ROWS on slice (444, 11) (remaining tasks 72)
2025-04-21 23:34:19,494 [DEBUG]  		found 2 row clusters (in 0.02099 secs)
2025-04-21 23:34:19,494 [DEBUG]  OP: Operation.SPLIT_ROWS on slice (217, 11) (remaining tasks 73)
2025-04-21 23:34:19,513 [DEBUG]  		found 2 row clusters (in 0.01907 secs)
2025-04-21 23:34:19,513 [DEBUG]  OP: Operation.SPLIT_ROWS on slice (97, 11) (remaining tasks 74)
2025-04-21 23:34:19,529 [DEBUG]  		found 2 row clusters (in 0.01544 secs)
2025-04-21 23:34:19,529 [DEBUG]  OP: Operation.SPLIT_ROWS on slice (316, 11) (remaining tasks 75)
2025-04-21 23:34:19,559 [DEBUG]  		found 2 row clusters (in 0.02962 secs)
2025-04-21 23:34:19,559 [DEBUG]  OP: Operation.SPLIT_ROWS on slice (120, 11) (remaining tasks 76)
2025-04-21 23:34:19,577 [DEBUG]  		found 2 row clusters (in 0.01833 secs)
2025-04-21 23:34:19,578 [DEBUG]  OP: Operation.SPLIT_ROWS on slice (139, 11) (remaining tasks 77)
2025-04-21 23:34:19,598 [DEBUG]  		found 2 row clusters (in 0.02043 secs)
2025-04-21 23:34:19,598 [DEBUG]  OP: Operation.SPLIT_ROWS on slice (160, 11) (remaining tasks 78)
2025-04-21 23:34:19,618 [DEBUG]  		found 2 row clusters (in 0.01983 secs)
2025-04-21 23:34:19,618 [DEBUG]  OP: Operation.SPLIT_ROWS on slice (206, 11) (remaining tasks 79)
2025-04-21 23:34:19,644 [DEBUG]  		found 2 row clusters (in 0.02540 secs)
2025-04-21 23:34:19,644 [DEBUG]  OP: Operation.SPLIT_ROWS on slice (78, 11) (remaining tasks 80)
2025-04-21 23:34:19,659 [DEBUG]  		found 2 row clusters (in 0.01451 secs)
2025-04-21 23:34:19,659 [DEBUG]  OP: Operation.SPLIT_COLUMNS on slice (147, 11) (remaining tasks 81)
2025-04-21 23:34:19,970 [DEBUG]  		found 1 col clusters (in 0.31129 secs)
2025-04-21 23:34:19,971 [DEBUG]  OP: Operation.NAIVE_FACTORIZATION on slice (42, 11) (remaining tasks 81)
2025-04-21 23:34:19,975 [DEBUG]  		naive factorization 11 columns (in 0.00446 secs)
2025-04-21 23:34:19,976 [DEBUG]  OP: Operation.SPLIT_COLUMNS on slice (141, 11) (remaining tasks 80)
2025-04-21 23:34:20,324 [DEBUG]  		found 1 col clusters (in 0.34767 secs)
2025-04-21 23:34:20,324 [DEBUG]  OP: Operation.NAIVE_FACTORIZATION on slice (58, 11) (remaining tasks 80)
2025-04-21 23:34:20,331 [DEBUG]  		naive factorization 11 columns (in 0.00708 secs)
2025-04-21 23:34:20,331 [DEBUG]  OP: Operation.SPLIT_COLUMNS on slice (76, 11) (remaining tasks 79)
2025-04-21 23:34:20,552 [DEBUG]  		found 1 col clusters (in 0.22079 secs)
2025-04-21 23:34:20,553 [DEBUG]  OP: Operation.NAIVE_FACTORIZATION on slice (38, 11) (remaining tasks 79)
2025-04-21 23:34:20,557 [DEBUG]  		naive factorization 11 columns (in 0.00364 secs)
2025-04-21 23:34:20,557 [DEBUG]  OP: Operation.NAIVE_FACTORIZATION on slice (49, 11) (remaining tasks 78)
2025-04-21 23:34:20,561 [DEBUG]  		naive factorization 11 columns (in 0.00372 secs)
2025-04-21 23:34:20,562 [DEBUG]  OP: Operation.NAIVE_FACTORIZATION on slice (67, 11) (remaining tasks 77)
2025-04-21 23:34:20,567 [DEBUG]  		naive factorization 11 columns (in 0.00496 secs)
2025-04-21 23:34:20,568 [DEBUG]  OP: Operation.SPLIT_COLUMNS on slice (176, 11) (remaining tasks 76)
2025-04-21 23:34:20,888 [DEBUG]  		found 1 col clusters (in 0.31984 secs)
2025-04-21 23:34:20,888 [DEBUG]  OP: Operation.SPLIT_COLUMNS on slice (188, 11) (remaining tasks 76)
2025-04-21 23:34:21,261 [DEBUG]  		found 1 col clusters (in 0.37315 secs)
2025-04-21 23:34:21,262 [DEBUG]  OP: Operation.NAIVE_FACTORIZATION on slice (29, 11) (remaining tasks 76)
2025-04-21 23:34:21,267 [DEBUG]  		naive factorization 11 columns (in 0.00511 secs)
2025-04-21 23:34:21,268 [DEBUG]  OP: Operation.NAIVE_FACTORIZATION on slice (73, 11) (remaining tasks 75)
2025-04-21 23:34:21,272 [DEBUG]  		naive factorization 11 columns (in 0.00352 secs)
2025-04-21 23:34:21,272 [DEBUG]  OP: Operation.SPLIT_COLUMNS on slice (103, 11) (remaining tasks 74)
2025-04-21 23:34:21,546 [DEBUG]  		found 1 col clusters (in 0.27363 secs)
2025-04-21 23:34:21,546 [DEBUG]  OP: Operation.SPLIT_COLUMNS on slice (100, 11) (remaining tasks 74)
2025-04-21 23:34:21,774 [DEBUG]  		found 1 col clusters (in 0.22698 secs)
2025-04-21 23:34:21,774 [DEBUG]  OP: Operation.SPLIT_COLUMNS on slice (78, 11) (remaining tasks 74)
2025-04-21 23:34:21,990 [DEBUG]  		found 1 col clusters (in 0.21573 secs)
2025-04-21 23:34:21,990 [DEBUG]  OP: Operation.SPLIT_COLUMNS on slice (78, 11) (remaining tasks 74)
2025-04-21 23:34:22,208 [DEBUG]  		found 1 col clusters (in 0.21757 secs)
2025-04-21 23:34:22,209 [DEBUG]  OP: Operation.NAIVE_FACTORIZATION on slice (64, 11) (remaining tasks 74)
2025-04-21 23:34:22,213 [DEBUG]  		naive factorization 11 columns (in 0.00400 secs)
2025-04-21 23:34:22,213 [DEBUG]  OP: Operation.NAIVE_FACTORIZATION on slice (30, 11) (remaining tasks 73)
2025-04-21 23:34:22,219 [DEBUG]  		naive factorization 11 columns (in 0.00571 secs)
2025-04-21 23:34:22,220 [DEBUG]  OP: Operation.NAIVE_FACTORIZATION on slice (49, 11) (remaining tasks 72)
2025-04-21 23:34:22,225 [DEBUG]  		naive factorization 11 columns (in 0.00473 secs)
2025-04-21 23:34:22,225 [DEBUG]  OP: Operation.SPLIT_COLUMNS on slice (84, 11) (remaining tasks 71)
2025-04-21 23:34:22,443 [DEBUG]  		found 1 col clusters (in 0.21701 secs)
2025-04-21 23:34:22,443 [DEBUG]  OP: Operation.SPLIT_COLUMNS on slice (103, 11) (remaining tasks 71)
2025-04-21 23:34:22,670 [DEBUG]  		found 1 col clusters (in 0.22646 secs)
2025-04-21 23:34:22,670 [DEBUG]  OP: Operation.NAIVE_FACTORIZATION on slice (44, 11) (remaining tasks 71)
2025-04-21 23:34:22,674 [DEBUG]  		naive factorization 11 columns (in 0.00368 secs)
2025-04-21 23:34:22,675 [DEBUG]  OP: Operation.NAIVE_FACTORIZATION on slice (26, 11) (remaining tasks 70)
2025-04-21 23:34:22,679 [DEBUG]  		naive factorization 11 columns (in 0.00458 secs)
2025-04-21 23:34:22,680 [DEBUG]  OP: Operation.NAIVE_FACTORIZATION on slice (56, 11) (remaining tasks 69)
2025-04-21 23:34:22,685 [DEBUG]  		naive factorization 11 columns (in 0.00490 secs)
2025-04-21 23:34:22,686 [DEBUG]  OP: Operation.SPLIT_COLUMNS on slice (105, 11) (remaining tasks 68)
2025-04-21 23:34:22,901 [DEBUG]  		found 1 col clusters (in 0.21546 secs)
2025-04-21 23:34:22,902 [DEBUG]  OP: Operation.SPLIT_COLUMNS on slice (139, 11) (remaining tasks 68)
2025-04-21 23:34:23,225 [DEBUG]  		found 1 col clusters (in 0.32305 secs)
2025-04-21 23:34:23,225 [DEBUG]  OP: Operation.SPLIT_COLUMNS on slice (86, 11) (remaining tasks 68)
2025-04-21 23:34:23,482 [DEBUG]  		found 1 col clusters (in 0.25674 secs)
2025-04-21 23:34:23,483 [DEBUG]  OP: Operation.NAIVE_FACTORIZATION on slice (49, 11) (remaining tasks 68)
2025-04-21 23:34:23,487 [DEBUG]  		naive factorization 11 columns (in 0.00412 secs)
2025-04-21 23:34:23,488 [DEBUG]  OP: Operation.NAIVE_FACTORIZATION on slice (38, 11) (remaining tasks 67)
2025-04-21 23:34:23,493 [DEBUG]  		naive factorization 11 columns (in 0.00478 secs)
2025-04-21 23:34:23,493 [DEBUG]  OP: Operation.SPLIT_COLUMNS on slice (141, 11) (remaining tasks 66)
2025-04-21 23:34:23,812 [DEBUG]  		found 1 col clusters (in 0.31913 secs)
2025-04-21 23:34:23,813 [DEBUG]  OP: Operation.NAIVE_FACTORIZATION on slice (15, 11) (remaining tasks 66)
2025-04-21 23:34:23,816 [DEBUG]  		naive factorization 11 columns (in 0.00334 secs)
2025-04-21 23:34:23,817 [DEBUG]  OP: Operation.SPLIT_COLUMNS on slice (140, 11) (remaining tasks 65)
2025-04-21 23:34:24,167 [DEBUG]  		found 1 col clusters (in 0.35044 secs)
2025-04-21 23:34:24,168 [DEBUG]  OP: Operation.NAIVE_FACTORIZATION on slice (42, 11) (remaining tasks 65)
2025-04-21 23:34:24,172 [DEBUG]  		naive factorization 11 columns (in 0.00406 secs)
2025-04-21 23:34:24,172 [DEBUG]  OP: Operation.NAIVE_FACTORIZATION on slice (43, 11) (remaining tasks 64)
2025-04-21 23:34:24,178 [DEBUG]  		naive factorization 11 columns (in 0.00593 secs)
2025-04-21 23:34:24,179 [DEBUG]  OP: Operation.NAIVE_FACTORIZATION on slice (64, 11) (remaining tasks 63)
2025-04-21 23:34:24,184 [DEBUG]  		naive factorization 11 columns (in 0.00514 secs)
2025-04-21 23:34:24,185 [DEBUG]  OP: Operation.NAIVE_FACTORIZATION on slice (60, 11) (remaining tasks 62)
2025-04-21 23:34:24,190 [DEBUG]  		naive factorization 11 columns (in 0.00502 secs)
2025-04-21 23:34:24,190 [DEBUG]  OP: Operation.NAIVE_FACTORIZATION on slice (71, 11) (remaining tasks 61)
2025-04-21 23:34:24,198 [DEBUG]  		naive factorization 11 columns (in 0.00752 secs)
2025-04-21 23:34:24,198 [DEBUG]  OP: Operation.NAIVE_FACTORIZATION on slice (5, 11) (remaining tasks 60)
2025-04-21 23:34:24,203 [DEBUG]  		naive factorization 11 columns (in 0.00451 secs)
2025-04-21 23:34:24,203 [DEBUG]  OP: Operation.NAIVE_FACTORIZATION on slice (59, 11) (remaining tasks 59)
2025-04-21 23:34:24,208 [DEBUG]  		naive factorization 11 columns (in 0.00473 secs)
2025-04-21 23:34:24,209 [DEBUG]  OP: Operation.NAIVE_FACTORIZATION on slice (34, 11) (remaining tasks 58)
2025-04-21 23:34:24,214 [DEBUG]  		naive factorization 11 columns (in 0.00557 secs)
2025-04-21 23:34:24,215 [DEBUG]  OP: Operation.NAIVE_FACTORIZATION on slice (68, 11) (remaining tasks 57)
2025-04-21 23:34:24,221 [DEBUG]  		naive factorization 11 columns (in 0.00585 secs)
2025-04-21 23:34:24,221 [DEBUG]  OP: Operation.NAIVE_FACTORIZATION on slice (18, 11) (remaining tasks 56)
2025-04-21 23:34:24,231 [DEBUG]  		naive factorization 11 columns (in 0.00978 secs)
2025-04-21 23:34:24,232 [DEBUG]  OP: Operation.SPLIT_COLUMNS on slice (106, 11) (remaining tasks 55)
2025-04-21 23:34:24,447 [DEBUG]  		found 1 col clusters (in 0.21529 secs)
2025-04-21 23:34:24,448 [DEBUG]  OP: Operation.NAIVE_FACTORIZATION on slice (44, 11) (remaining tasks 55)
2025-04-21 23:34:24,452 [DEBUG]  		naive factorization 11 columns (in 0.00467 secs)
2025-04-21 23:34:24,453 [DEBUG]  OP: Operation.NAIVE_FACTORIZATION on slice (66, 11) (remaining tasks 54)
2025-04-21 23:34:24,459 [DEBUG]  		naive factorization 11 columns (in 0.00537 secs)
2025-04-21 23:34:24,459 [DEBUG]  OP: Operation.NAIVE_FACTORIZATION on slice (22, 11) (remaining tasks 53)
2025-04-21 23:34:24,463 [DEBUG]  		naive factorization 11 columns (in 0.00340 secs)
2025-04-21 23:34:24,463 [DEBUG]  OP: Operation.SPLIT_COLUMNS on slice (95, 11) (remaining tasks 52)
2025-04-21 23:34:24,700 [DEBUG]  		found 1 col clusters (in 0.23700 secs)
2025-04-21 23:34:24,701 [DEBUG]  OP: Operation.SPLIT_COLUMNS on slice (80, 11) (remaining tasks 52)
2025-04-21 23:34:24,918 [DEBUG]  		found 1 col clusters (in 0.21681 secs)
2025-04-21 23:34:24,918 [DEBUG]  OP: Operation.NAIVE_FACTORIZATION on slice (40, 11) (remaining tasks 52)
2025-04-21 23:34:24,923 [DEBUG]  		naive factorization 11 columns (in 0.00415 secs)
2025-04-21 23:34:24,923 [DEBUG]  OP: Operation.NAIVE_FACTORIZATION on slice (36, 11) (remaining tasks 51)
2025-04-21 23:34:24,927 [DEBUG]  		naive factorization 11 columns (in 0.00381 secs)
2025-04-21 23:34:24,928 [DEBUG]  OP: Operation.NAIVE_FACTORIZATION on slice (45, 11) (remaining tasks 50)
2025-04-21 23:34:24,932 [DEBUG]  		naive factorization 11 columns (in 0.00370 secs)
2025-04-21 23:34:24,932 [DEBUG]  OP: Operation.NAIVE_FACTORIZATION on slice (53, 11) (remaining tasks 49)
2025-04-21 23:34:24,937 [DEBUG]  		naive factorization 11 columns (in 0.00454 secs)
2025-04-21 23:34:24,937 [DEBUG]  OP: Operation.NAIVE_FACTORIZATION on slice (61, 11) (remaining tasks 48)
2025-04-21 23:34:24,941 [DEBUG]  		naive factorization 11 columns (in 0.00388 secs)
2025-04-21 23:34:24,942 [DEBUG]  OP: Operation.NAIVE_FACTORIZATION on slice (25, 11) (remaining tasks 47)
2025-04-21 23:34:24,946 [DEBUG]  		naive factorization 11 columns (in 0.00354 secs)
2025-04-21 23:34:24,946 [DEBUG]  OP: Operation.NAIVE_FACTORIZATION on slice (62, 11) (remaining tasks 46)
2025-04-21 23:34:24,952 [DEBUG]  		naive factorization 11 columns (in 0.00544 secs)
2025-04-21 23:34:24,952 [DEBUG]  OP: Operation.NAIVE_FACTORIZATION on slice (67, 11) (remaining tasks 45)
2025-04-21 23:34:24,957 [DEBUG]  		naive factorization 11 columns (in 0.00402 secs)
2025-04-21 23:34:24,957 [DEBUG]  OP: Operation.SPLIT_COLUMNS on slice (95, 11) (remaining tasks 44)
2025-04-21 23:34:25,179 [DEBUG]  		found 1 col clusters (in 0.22215 secs)
2025-04-21 23:34:25,180 [DEBUG]  OP: Operation.NAIVE_FACTORIZATION on slice (58, 11) (remaining tasks 44)
2025-04-21 23:34:25,184 [DEBUG]  		naive factorization 11 columns (in 0.00387 secs)
2025-04-21 23:34:25,185 [DEBUG]  OP: Operation.SPLIT_COLUMNS on slice (99, 11) (remaining tasks 43)
2025-04-21 23:34:25,409 [DEBUG]  		found 1 col clusters (in 0.22403 secs)
2025-04-21 23:34:25,409 [DEBUG]  OP: Operation.SPLIT_COLUMNS on slice (107, 11) (remaining tasks 43)
2025-04-21 23:34:25,626 [DEBUG]  		found 1 col clusters (in 0.21662 secs)
2025-04-21 23:34:25,627 [DEBUG]  OP: Operation.SPLIT_COLUMNS on slice (112, 11) (remaining tasks 43)
2025-04-21 23:34:25,946 [DEBUG]  		found 1 col clusters (in 0.31931 secs)
2025-04-21 23:34:25,947 [DEBUG]  OP: Operation.NAIVE_FACTORIZATION on slice (48, 11) (remaining tasks 43)
2025-04-21 23:34:25,952 [DEBUG]  		naive factorization 11 columns (in 0.00488 secs)
2025-04-21 23:34:25,953 [DEBUG]  OP: Operation.SPLIT_COLUMNS on slice (114, 11) (remaining tasks 42)
2025-04-21 23:34:26,170 [DEBUG]  		found 1 col clusters (in 0.21715 secs)
2025-04-21 23:34:26,171 [DEBUG]  OP: Operation.SPLIT_COLUMNS on slice (124, 11) (remaining tasks 42)
2025-04-21 23:34:26,389 [DEBUG]  		found 1 col clusters (in 0.21776 secs)
2025-04-21 23:34:26,389 [DEBUG]  OP: Operation.SPLIT_COLUMNS on slice (258, 11) (remaining tasks 42)
2025-04-21 23:34:28,120 [DEBUG]  		found 1 col clusters (in 1.73022 secs)
2025-04-21 23:34:28,120 [DEBUG]  OP: Operation.SPLIT_COLUMNS on slice (186, 11) (remaining tasks 42)
2025-04-21 23:34:28,465 [DEBUG]  		found 1 col clusters (in 0.34443 secs)
2025-04-21 23:34:28,465 [DEBUG]  OP: Operation.SPLIT_COLUMNS on slice (117, 11) (remaining tasks 42)
2025-04-21 23:34:28,753 [DEBUG]  		found 1 col clusters (in 0.28761 secs)
2025-04-21 23:34:28,753 [DEBUG]  OP: Operation.SPLIT_COLUMNS on slice (100, 11) (remaining tasks 42)
2025-04-21 23:34:29,075 [DEBUG]  		found 1 col clusters (in 0.32141 secs)
2025-04-21 23:34:29,076 [DEBUG]  OP: Operation.NAIVE_FACTORIZATION on slice (63, 11) (remaining tasks 42)
2025-04-21 23:34:29,081 [DEBUG]  		naive factorization 11 columns (in 0.00503 secs)
2025-04-21 23:34:29,082 [DEBUG]  OP: Operation.NAIVE_FACTORIZATION on slice (34, 11) (remaining tasks 41)
2025-04-21 23:34:29,086 [DEBUG]  		naive factorization 11 columns (in 0.00374 secs)
2025-04-21 23:34:29,086 [DEBUG]  OP: Operation.SPLIT_COLUMNS on slice (127, 11) (remaining tasks 40)
2025-04-21 23:34:29,308 [DEBUG]  		found 1 col clusters (in 0.22184 secs)
2025-04-21 23:34:29,309 [DEBUG]  OP: Operation.SPLIT_COLUMNS on slice (189, 11) (remaining tasks 40)
2025-04-21 23:34:29,631 [DEBUG]  		found 1 col clusters (in 0.32182 secs)
2025-04-21 23:34:29,632 [DEBUG]  OP: Operation.NAIVE_FACTORIZATION on slice (53, 11) (remaining tasks 40)
2025-04-21 23:34:29,637 [DEBUG]  		naive factorization 11 columns (in 0.00502 secs)
2025-04-21 23:34:29,637 [DEBUG]  OP: Operation.NAIVE_FACTORIZATION on slice (67, 11) (remaining tasks 39)
2025-04-21 23:34:29,641 [DEBUG]  		naive factorization 11 columns (in 0.00416 secs)
2025-04-21 23:34:29,642 [DEBUG]  OP: Operation.SPLIT_COLUMNS on slice (82, 11) (remaining tasks 38)
2025-04-21 23:34:29,910 [DEBUG]  		found 1 col clusters (in 0.26749 secs)
2025-04-21 23:34:29,910 [DEBUG]  OP: Operation.NAIVE_FACTORIZATION on slice (57, 11) (remaining tasks 38)
2025-04-21 23:34:29,914 [DEBUG]  		naive factorization 11 columns (in 0.00397 secs)
2025-04-21 23:34:29,915 [DEBUG]  OP: Operation.SPLIT_COLUMNS on slice (118, 11) (remaining tasks 37)
2025-04-21 23:34:30,133 [DEBUG]  		found 1 col clusters (in 0.21811 secs)
2025-04-21 23:34:30,134 [DEBUG]  OP: Operation.NAIVE_FACTORIZATION on slice (42, 11) (remaining tasks 37)
2025-04-21 23:34:30,139 [DEBUG]  		naive factorization 11 columns (in 0.00468 secs)
2025-04-21 23:34:30,139 [DEBUG]  OP: Operation.SPLIT_COLUMNS on slice (89, 11) (remaining tasks 36)
2025-04-21 23:34:30,382 [DEBUG]  		found 1 col clusters (in 0.24350 secs)
2025-04-21 23:34:30,383 [DEBUG]  OP: Operation.SPLIT_COLUMNS on slice (117, 11) (remaining tasks 36)
2025-04-21 23:34:30,602 [DEBUG]  		found 1 col clusters (in 0.21863 secs)
2025-04-21 23:34:30,602 [DEBUG]  OP: Operation.NAIVE_FACTORIZATION on slice (25, 11) (remaining tasks 36)
2025-04-21 23:34:30,606 [DEBUG]  		naive factorization 11 columns (in 0.00378 secs)
2025-04-21 23:34:30,607 [DEBUG]  OP: Operation.NAIVE_FACTORIZATION on slice (53, 11) (remaining tasks 35)
2025-04-21 23:34:30,611 [DEBUG]  		naive factorization 11 columns (in 0.00373 secs)
2025-04-21 23:34:30,611 [DEBUG]  OP: Operation.SPLIT_ROWS on slice (147, 11) (remaining tasks 34)
2025-04-21 23:34:30,674 [DEBUG]  		found 2 row clusters (in 0.06266 secs)
2025-04-21 23:34:30,674 [DEBUG]  OP: Operation.SPLIT_ROWS on slice (141, 11) (remaining tasks 35)
2025-04-21 23:34:30,706 [DEBUG]  		found 2 row clusters (in 0.03201 secs)
2025-04-21 23:34:30,707 [DEBUG]  OP: Operation.SPLIT_ROWS on slice (76, 11) (remaining tasks 36)
2025-04-21 23:34:30,731 [DEBUG]  		found 2 row clusters (in 0.02388 secs)
2025-04-21 23:34:30,731 [DEBUG]  OP: Operation.SPLIT_ROWS on slice (176, 11) (remaining tasks 37)
2025-04-21 23:34:30,751 [DEBUG]  		found 2 row clusters (in 0.01979 secs)
2025-04-21 23:34:30,751 [DEBUG]  OP: Operation.SPLIT_ROWS on slice (188, 11) (remaining tasks 38)
2025-04-21 23:34:30,774 [DEBUG]  		found 2 row clusters (in 0.02224 secs)
2025-04-21 23:34:30,774 [DEBUG]  OP: Operation.SPLIT_ROWS on slice (103, 11) (remaining tasks 39)
2025-04-21 23:34:30,795 [DEBUG]  		found 2 row clusters (in 0.02066 secs)
2025-04-21 23:34:30,795 [DEBUG]  OP: Operation.SPLIT_ROWS on slice (100, 11) (remaining tasks 40)
2025-04-21 23:34:30,811 [DEBUG]  		found 2 row clusters (in 0.01607 secs)
2025-04-21 23:34:30,811 [DEBUG]  OP: Operation.SPLIT_ROWS on slice (78, 11) (remaining tasks 41)
2025-04-21 23:34:30,829 [DEBUG]  		found 2 row clusters (in 0.01745 secs)
2025-04-21 23:34:30,829 [DEBUG]  OP: Operation.SPLIT_ROWS on slice (78, 11) (remaining tasks 42)
2025-04-21 23:34:30,845 [DEBUG]  		found 2 row clusters (in 0.01609 secs)
2025-04-21 23:34:30,845 [DEBUG]  OP: Operation.SPLIT_ROWS on slice (84, 11) (remaining tasks 43)
2025-04-21 23:34:30,863 [DEBUG]  		found 2 row clusters (in 0.01784 secs)
2025-04-21 23:34:30,863 [DEBUG]  OP: Operation.SPLIT_ROWS on slice (103, 11) (remaining tasks 44)
2025-04-21 23:34:30,880 [DEBUG]  		found 2 row clusters (in 0.01694 secs)
2025-04-21 23:34:30,880 [DEBUG]  OP: Operation.SPLIT_ROWS on slice (105, 11) (remaining tasks 45)
2025-04-21 23:34:30,900 [DEBUG]  		found 2 row clusters (in 0.01972 secs)
2025-04-21 23:34:30,900 [DEBUG]  OP: Operation.SPLIT_ROWS on slice (139, 11) (remaining tasks 46)
2025-04-21 23:34:30,918 [DEBUG]  		found 2 row clusters (in 0.01765 secs)
2025-04-21 23:34:30,918 [DEBUG]  OP: Operation.SPLIT_ROWS on slice (86, 11) (remaining tasks 47)
2025-04-21 23:34:30,935 [DEBUG]  		found 2 row clusters (in 0.01711 secs)
2025-04-21 23:34:30,936 [DEBUG]  OP: Operation.SPLIT_ROWS on slice (141, 11) (remaining tasks 48)
2025-04-21 23:34:30,961 [DEBUG]  		found 2 row clusters (in 0.02499 secs)
2025-04-21 23:34:30,961 [DEBUG]  OP: Operation.SPLIT_ROWS on slice (140, 11) (remaining tasks 49)
2025-04-21 23:34:30,977 [DEBUG]  		found 2 row clusters (in 0.01577 secs)
2025-04-21 23:34:30,977 [DEBUG]  OP: Operation.SPLIT_ROWS on slice (106, 11) (remaining tasks 50)
2025-04-21 23:34:30,999 [DEBUG]  		found 2 row clusters (in 0.02221 secs)
2025-04-21 23:34:30,999 [DEBUG]  OP: Operation.SPLIT_ROWS on slice (95, 11) (remaining tasks 51)
2025-04-21 23:34:31,018 [DEBUG]  		found 2 row clusters (in 0.01830 secs)
2025-04-21 23:34:31,018 [DEBUG]  OP: Operation.SPLIT_ROWS on slice (80, 11) (remaining tasks 52)
2025-04-21 23:34:31,035 [DEBUG]  		found 2 row clusters (in 0.01707 secs)
2025-04-21 23:34:31,035 [DEBUG]  OP: Operation.SPLIT_ROWS on slice (95, 11) (remaining tasks 53)
2025-04-21 23:34:31,050 [DEBUG]  		found 2 row clusters (in 0.01435 secs)
2025-04-21 23:34:31,050 [DEBUG]  OP: Operation.SPLIT_ROWS on slice (99, 11) (remaining tasks 54)
2025-04-21 23:34:31,068 [DEBUG]  		found 2 row clusters (in 0.01840 secs)
2025-04-21 23:34:31,069 [DEBUG]  OP: Operation.SPLIT_ROWS on slice (107, 11) (remaining tasks 55)
2025-04-21 23:34:31,089 [DEBUG]  		found 2 row clusters (in 0.01993 secs)
2025-04-21 23:34:31,089 [DEBUG]  OP: Operation.SPLIT_ROWS on slice (112, 11) (remaining tasks 56)
2025-04-21 23:34:31,109 [DEBUG]  		found 2 row clusters (in 0.02022 secs)
2025-04-21 23:34:31,109 [DEBUG]  OP: Operation.SPLIT_ROWS on slice (114, 11) (remaining tasks 57)
2025-04-21 23:34:31,128 [DEBUG]  		found 2 row clusters (in 0.01838 secs)
2025-04-21 23:34:31,128 [DEBUG]  OP: Operation.SPLIT_ROWS on slice (124, 11) (remaining tasks 58)
2025-04-21 23:34:31,151 [DEBUG]  		found 2 row clusters (in 0.02353 secs)
2025-04-21 23:34:31,152 [DEBUG]  OP: Operation.SPLIT_ROWS on slice (258, 11) (remaining tasks 59)
2025-04-21 23:34:31,177 [DEBUG]  		found 2 row clusters (in 0.02567 secs)
2025-04-21 23:34:31,178 [DEBUG]  OP: Operation.SPLIT_ROWS on slice (186, 11) (remaining tasks 60)
2025-04-21 23:34:31,201 [DEBUG]  		found 2 row clusters (in 0.02309 secs)
2025-04-21 23:34:31,201 [DEBUG]  OP: Operation.SPLIT_ROWS on slice (117, 11) (remaining tasks 61)
2025-04-21 23:34:31,222 [DEBUG]  		found 2 row clusters (in 0.02123 secs)
2025-04-21 23:34:31,222 [DEBUG]  OP: Operation.SPLIT_ROWS on slice (100, 11) (remaining tasks 62)
2025-04-21 23:34:31,245 [DEBUG]  		found 2 row clusters (in 0.02227 secs)
2025-04-21 23:34:31,245 [DEBUG]  OP: Operation.SPLIT_ROWS on slice (127, 11) (remaining tasks 63)
2025-04-21 23:34:31,271 [DEBUG]  		found 2 row clusters (in 0.02611 secs)
2025-04-21 23:34:31,271 [DEBUG]  OP: Operation.SPLIT_ROWS on slice (189, 11) (remaining tasks 64)
2025-04-21 23:34:31,295 [DEBUG]  		found 2 row clusters (in 0.02321 secs)
2025-04-21 23:34:31,295 [DEBUG]  OP: Operation.SPLIT_ROWS on slice (82, 11) (remaining tasks 65)
2025-04-21 23:34:31,311 [DEBUG]  		found 2 row clusters (in 0.01651 secs)
2025-04-21 23:34:31,312 [DEBUG]  OP: Operation.SPLIT_ROWS on slice (118, 11) (remaining tasks 66)
2025-04-21 23:34:31,327 [DEBUG]  		found 2 row clusters (in 0.01552 secs)
2025-04-21 23:34:31,327 [DEBUG]  OP: Operation.SPLIT_ROWS on slice (89, 11) (remaining tasks 67)
2025-04-21 23:34:31,346 [DEBUG]  		found 2 row clusters (in 0.01817 secs)
2025-04-21 23:34:31,346 [DEBUG]  OP: Operation.SPLIT_ROWS on slice (117, 11) (remaining tasks 68)
2025-04-21 23:34:31,363 [DEBUG]  		found 2 row clusters (in 0.01737 secs)
2025-04-21 23:34:31,363 [DEBUG]  OP: Operation.SPLIT_COLUMNS on slice (110, 11) (remaining tasks 69)
2025-04-21 23:34:31,576 [DEBUG]  		found 1 col clusters (in 0.21279 secs)
2025-04-21 23:34:31,577 [DEBUG]  OP: Operation.NAIVE_FACTORIZATION on slice (37, 11) (remaining tasks 69)
2025-04-21 23:34:31,582 [DEBUG]  		naive factorization 11 columns (in 0.00459 secs)
2025-04-21 23:34:31,582 [DEBUG]  OP: Operation.SPLIT_COLUMNS on slice (74, 11) (remaining tasks 68)
2025-04-21 23:34:31,812 [DEBUG]  		found 1 col clusters (in 0.22958 secs)
2025-04-21 23:34:31,812 [DEBUG]  OP: Operation.NAIVE_FACTORIZATION on slice (67, 11) (remaining tasks 68)
2025-04-21 23:34:31,817 [DEBUG]  		naive factorization 11 columns (in 0.00403 secs)
2025-04-21 23:34:31,817 [DEBUG]  OP: Operation.NAIVE_FACTORIZATION on slice (31, 11) (remaining tasks 67)
2025-04-21 23:34:31,821 [DEBUG]  		naive factorization 11 columns (in 0.00374 secs)
2025-04-21 23:34:31,822 [DEBUG]  OP: Operation.NAIVE_FACTORIZATION on slice (45, 11) (remaining tasks 66)
2025-04-21 23:34:31,827 [DEBUG]  		naive factorization 11 columns (in 0.00504 secs)
2025-04-21 23:34:31,827 [DEBUG]  OP: Operation.SPLIT_COLUMNS on slice (110, 11) (remaining tasks 65)
2025-04-21 23:34:32,063 [DEBUG]  		found 1 col clusters (in 0.23498 secs)
2025-04-21 23:34:32,063 [DEBUG]  OP: Operation.NAIVE_FACTORIZATION on slice (66, 11) (remaining tasks 65)
2025-04-21 23:34:32,067 [DEBUG]  		naive factorization 11 columns (in 0.00395 secs)
2025-04-21 23:34:32,068 [DEBUG]  OP: Operation.NAIVE_FACTORIZATION on slice (71, 11) (remaining tasks 64)
2025-04-21 23:34:32,073 [DEBUG]  		naive factorization 11 columns (in 0.00500 secs)
2025-04-21 23:34:32,074 [DEBUG]  OP: Operation.SPLIT_COLUMNS on slice (117, 11) (remaining tasks 63)
2025-04-21 23:34:32,299 [DEBUG]  		found 1 col clusters (in 0.22496 secs)
2025-04-21 23:34:32,299 [DEBUG]  OP: Operation.NAIVE_FACTORIZATION on slice (58, 11) (remaining tasks 63)
2025-04-21 23:34:32,304 [DEBUG]  		naive factorization 11 columns (in 0.00503 secs)
2025-04-21 23:34:32,305 [DEBUG]  OP: Operation.NAIVE_FACTORIZATION on slice (45, 11) (remaining tasks 62)
2025-04-21 23:34:32,309 [DEBUG]  		naive factorization 11 columns (in 0.00423 secs)
2025-04-21 23:34:32,310 [DEBUG]  OP: Operation.NAIVE_FACTORIZATION on slice (57, 11) (remaining tasks 61)
2025-04-21 23:34:32,315 [DEBUG]  		naive factorization 11 columns (in 0.00450 secs)
2025-04-21 23:34:32,315 [DEBUG]  OP: Operation.NAIVE_FACTORIZATION on slice (43, 11) (remaining tasks 60)
2025-04-21 23:34:32,319 [DEBUG]  		naive factorization 11 columns (in 0.00376 secs)
2025-04-21 23:34:32,320 [DEBUG]  OP: Operation.NAIVE_FACTORIZATION on slice (49, 11) (remaining tasks 59)
2025-04-21 23:34:32,324 [DEBUG]  		naive factorization 11 columns (in 0.00393 secs)
2025-04-21 23:34:32,324 [DEBUG]  OP: Operation.NAIVE_FACTORIZATION on slice (29, 11) (remaining tasks 58)
2025-04-21 23:34:32,329 [DEBUG]  		naive factorization 11 columns (in 0.00434 secs)
2025-04-21 23:34:32,329 [DEBUG]  OP: Operation.NAIVE_FACTORIZATION on slice (35, 11) (remaining tasks 57)
2025-04-21 23:34:32,333 [DEBUG]  		naive factorization 11 columns (in 0.00372 secs)
2025-04-21 23:34:32,334 [DEBUG]  OP: Operation.NAIVE_FACTORIZATION on slice (43, 11) (remaining tasks 56)
2025-04-21 23:34:32,338 [DEBUG]  		naive factorization 11 columns (in 0.00386 secs)
2025-04-21 23:34:32,339 [DEBUG]  OP: Operation.NAIVE_FACTORIZATION on slice (63, 11) (remaining tasks 55)
2025-04-21 23:34:32,344 [DEBUG]  		naive factorization 11 columns (in 0.00506 secs)
2025-04-21 23:34:32,344 [DEBUG]  OP: Operation.NAIVE_FACTORIZATION on slice (21, 11) (remaining tasks 54)
2025-04-21 23:34:32,348 [DEBUG]  		naive factorization 11 columns (in 0.00359 secs)
2025-04-21 23:34:32,349 [DEBUG]  OP: Operation.NAIVE_FACTORIZATION on slice (36, 11) (remaining tasks 53)
2025-04-21 23:34:32,353 [DEBUG]  		naive factorization 11 columns (in 0.00378 secs)
2025-04-21 23:34:32,353 [DEBUG]  OP: Operation.NAIVE_FACTORIZATION on slice (67, 11) (remaining tasks 52)
2025-04-21 23:34:32,359 [DEBUG]  		naive factorization 11 columns (in 0.00577 secs)
2025-04-21 23:34:32,360 [DEBUG]  OP: Operation.NAIVE_FACTORIZATION on slice (60, 11) (remaining tasks 51)
2025-04-21 23:34:32,365 [DEBUG]  		naive factorization 11 columns (in 0.00473 secs)
2025-04-21 23:34:32,365 [DEBUG]  OP: Operation.NAIVE_FACTORIZATION on slice (45, 11) (remaining tasks 50)
2025-04-21 23:34:32,369 [DEBUG]  		naive factorization 11 columns (in 0.00389 secs)
2025-04-21 23:34:32,370 [DEBUG]  OP: Operation.SPLIT_COLUMNS on slice (94, 11) (remaining tasks 49)
2025-04-21 23:34:32,589 [DEBUG]  		found 1 col clusters (in 0.21923 secs)
2025-04-21 23:34:32,590 [DEBUG]  OP: Operation.NAIVE_FACTORIZATION on slice (45, 11) (remaining tasks 49)
2025-04-21 23:34:32,595 [DEBUG]  		naive factorization 11 columns (in 0.00533 secs)
2025-04-21 23:34:32,596 [DEBUG]  OP: Operation.NAIVE_FACTORIZATION on slice (41, 11) (remaining tasks 48)
2025-04-21 23:34:32,600 [DEBUG]  		naive factorization 11 columns (in 0.00407 secs)
2025-04-21 23:34:32,601 [DEBUG]  OP: Operation.NAIVE_FACTORIZATION on slice (45, 11) (remaining tasks 47)
2025-04-21 23:34:32,605 [DEBUG]  		naive factorization 11 columns (in 0.00392 secs)
2025-04-21 23:34:32,605 [DEBUG]  OP: Operation.NAIVE_FACTORIZATION on slice (64, 11) (remaining tasks 46)
2025-04-21 23:34:32,610 [DEBUG]  		naive factorization 11 columns (in 0.00429 secs)
2025-04-21 23:34:32,610 [DEBUG]  OP: Operation.SPLIT_COLUMNS on slice (77, 11) (remaining tasks 45)
2025-04-21 23:34:32,829 [DEBUG]  		found 1 col clusters (in 0.21884 secs)
2025-04-21 23:34:32,830 [DEBUG]  OP: Operation.SPLIT_COLUMNS on slice (78, 11) (remaining tasks 45)
2025-04-21 23:34:33,051 [DEBUG]  		found 1 col clusters (in 0.22111 secs)
2025-04-21 23:34:33,052 [DEBUG]  OP: Operation.NAIVE_FACTORIZATION on slice (62, 11) (remaining tasks 45)
2025-04-21 23:34:33,056 [DEBUG]  		naive factorization 11 columns (in 0.00447 secs)
2025-04-21 23:34:33,057 [DEBUG]  OP: Operation.NAIVE_FACTORIZATION on slice (36, 11) (remaining tasks 44)
2025-04-21 23:34:33,061 [DEBUG]  		naive factorization 11 columns (in 0.00367 secs)
2025-04-21 23:34:33,061 [DEBUG]  OP: Operation.NAIVE_FACTORIZATION on slice (70, 11) (remaining tasks 43)
2025-04-21 23:34:33,066 [DEBUG]  		naive factorization 11 columns (in 0.00416 secs)
2025-04-21 23:34:33,066 [DEBUG]  OP: Operation.NAIVE_FACTORIZATION on slice (46, 11) (remaining tasks 42)
2025-04-21 23:34:33,070 [DEBUG]  		naive factorization 11 columns (in 0.00397 secs)
2025-04-21 23:34:33,071 [DEBUG]  OP: Operation.NAIVE_FACTORIZATION on slice (49, 11) (remaining tasks 41)
2025-04-21 23:34:33,076 [DEBUG]  		naive factorization 11 columns (in 0.00467 secs)
2025-04-21 23:34:33,076 [DEBUG]  OP: Operation.NAIVE_FACTORIZATION on slice (36, 11) (remaining tasks 40)
2025-04-21 23:34:33,080 [DEBUG]  		naive factorization 11 columns (in 0.00375 secs)
2025-04-21 23:34:33,081 [DEBUG]  OP: Operation.NAIVE_FACTORIZATION on slice (44, 11) (remaining tasks 39)
2025-04-21 23:34:33,085 [DEBUG]  		naive factorization 11 columns (in 0.00425 secs)
2025-04-21 23:34:33,086 [DEBUG]  OP: Operation.NAIVE_FACTORIZATION on slice (11, 11) (remaining tasks 38)
2025-04-21 23:34:33,089 [DEBUG]  		naive factorization 11 columns (in 0.00344 secs)
2025-04-21 23:34:33,090 [DEBUG]  OP: Operation.SPLIT_COLUMNS on slice (84, 11) (remaining tasks 37)
2025-04-21 23:34:33,309 [DEBUG]  		found 1 col clusters (in 0.21916 secs)
2025-04-21 23:34:33,310 [DEBUG]  OP: Operation.NAIVE_FACTORIZATION on slice (57, 11) (remaining tasks 37)
2025-04-21 23:34:33,314 [DEBUG]  		naive factorization 11 columns (in 0.00419 secs)
2025-04-21 23:34:33,315 [DEBUG]  OP: Operation.NAIVE_FACTORIZATION on slice (42, 11) (remaining tasks 36)
2025-04-21 23:34:33,319 [DEBUG]  		naive factorization 11 columns (in 0.00447 secs)
2025-04-21 23:34:33,320 [DEBUG]  OP: Operation.NAIVE_FACTORIZATION on slice (66, 11) (remaining tasks 35)
2025-04-21 23:34:33,324 [DEBUG]  		naive factorization 11 columns (in 0.00398 secs)
2025-04-21 23:34:33,325 [DEBUG]  OP: Operation.NAIVE_FACTORIZATION on slice (41, 11) (remaining tasks 34)
2025-04-21 23:34:33,329 [DEBUG]  		naive factorization 11 columns (in 0.00458 secs)
2025-04-21 23:34:33,330 [DEBUG]  OP: Operation.NAIVE_FACTORIZATION on slice (71, 11) (remaining tasks 33)
2025-04-21 23:34:33,335 [DEBUG]  		naive factorization 11 columns (in 0.00441 secs)
2025-04-21 23:34:33,335 [DEBUG]  OP: Operation.NAIVE_FACTORIZATION on slice (41, 11) (remaining tasks 32)
2025-04-21 23:34:33,340 [DEBUG]  		naive factorization 11 columns (in 0.00424 secs)
2025-04-21 23:34:33,340 [DEBUG]  OP: Operation.SPLIT_COLUMNS on slice (75, 11) (remaining tasks 31)
2025-04-21 23:34:33,558 [DEBUG]  		found 1 col clusters (in 0.21780 secs)
2025-04-21 23:34:33,559 [DEBUG]  OP: Operation.NAIVE_FACTORIZATION on slice (39, 11) (remaining tasks 31)
2025-04-21 23:34:33,562 [DEBUG]  		naive factorization 11 columns (in 0.00354 secs)
2025-04-21 23:34:33,563 [DEBUG]  OP: Operation.SPLIT_COLUMNS on slice (82, 11) (remaining tasks 30)
2025-04-21 23:34:33,880 [DEBUG]  		found 1 col clusters (in 0.31682 secs)
2025-04-21 23:34:33,880 [DEBUG]  OP: Operation.NAIVE_FACTORIZATION on slice (42, 11) (remaining tasks 30)
2025-04-21 23:34:33,885 [DEBUG]  		naive factorization 11 columns (in 0.00412 secs)
2025-04-21 23:34:33,885 [DEBUG]  OP: Operation.SPLIT_COLUMNS on slice (144, 11) (remaining tasks 29)
2025-04-21 23:34:34,205 [DEBUG]  		found 1 col clusters (in 0.31954 secs)
2025-04-21 23:34:34,205 [DEBUG]  OP: Operation.SPLIT_COLUMNS on slice (114, 11) (remaining tasks 29)
2025-04-21 23:34:34,426 [DEBUG]  		found 1 col clusters (in 0.22080 secs)
2025-04-21 23:34:34,427 [DEBUG]  OP: Operation.NAIVE_FACTORIZATION on slice (61, 11) (remaining tasks 29)
2025-04-21 23:34:34,431 [DEBUG]  		naive factorization 11 columns (in 0.00439 secs)
2025-04-21 23:34:34,432 [DEBUG]  OP: Operation.SPLIT_COLUMNS on slice (125, 11) (remaining tasks 28)
2025-04-21 23:34:34,652 [DEBUG]  		found 1 col clusters (in 0.21955 secs)
2025-04-21 23:34:34,652 [DEBUG]  OP: Operation.SPLIT_COLUMNS on slice (89, 11) (remaining tasks 28)
2025-04-21 23:34:34,870 [DEBUG]  		found 1 col clusters (in 0.21755 secs)
2025-04-21 23:34:34,871 [DEBUG]  OP: Operation.NAIVE_FACTORIZATION on slice (28, 11) (remaining tasks 28)
2025-04-21 23:34:34,876 [DEBUG]  		naive factorization 11 columns (in 0.00499 secs)
2025-04-21 23:34:34,876 [DEBUG]  OP: Operation.SPLIT_COLUMNS on slice (85, 11) (remaining tasks 27)
2025-04-21 23:34:35,109 [DEBUG]  		found 1 col clusters (in 0.23237 secs)
2025-04-21 23:34:35,109 [DEBUG]  OP: Operation.NAIVE_FACTORIZATION on slice (15, 11) (remaining tasks 27)
2025-04-21 23:34:35,113 [DEBUG]  		naive factorization 11 columns (in 0.00307 secs)
2025-04-21 23:34:35,113 [DEBUG]  OP: Operation.SPLIT_COLUMNS on slice (77, 11) (remaining tasks 26)
2025-04-21 23:34:35,332 [DEBUG]  		found 1 col clusters (in 0.21850 secs)
2025-04-21 23:34:35,332 [DEBUG]  OP: Operation.NAIVE_FACTORIZATION on slice (50, 11) (remaining tasks 26)
2025-04-21 23:34:35,336 [DEBUG]  		naive factorization 11 columns (in 0.00384 secs)
2025-04-21 23:34:35,337 [DEBUG]  OP: Operation.NAIVE_FACTORIZATION on slice (56, 11) (remaining tasks 25)
2025-04-21 23:34:35,342 [DEBUG]  		naive factorization 11 columns (in 0.00528 secs)
2025-04-21 23:34:35,343 [DEBUG]  OP: Operation.SPLIT_COLUMNS on slice (133, 11) (remaining tasks 24)
2025-04-21 23:34:35,559 [DEBUG]  		found 1 col clusters (in 0.21596 secs)
2025-04-21 23:34:35,560 [DEBUG]  OP: Operation.NAIVE_FACTORIZATION on slice (35, 11) (remaining tasks 24)
2025-04-21 23:34:35,563 [DEBUG]  		naive factorization 11 columns (in 0.00368 secs)
2025-04-21 23:34:35,564 [DEBUG]  OP: Operation.NAIVE_FACTORIZATION on slice (47, 11) (remaining tasks 23)
2025-04-21 23:34:35,568 [DEBUG]  		naive factorization 11 columns (in 0.00425 secs)
2025-04-21 23:34:35,569 [DEBUG]  OP: Operation.SPLIT_COLUMNS on slice (85, 11) (remaining tasks 22)
2025-04-21 23:34:35,898 [DEBUG]  		found 1 col clusters (in 0.32871 secs)
2025-04-21 23:34:35,898 [DEBUG]  OP: Operation.NAIVE_FACTORIZATION on slice (33, 11) (remaining tasks 22)
2025-04-21 23:34:35,904 [DEBUG]  		naive factorization 11 columns (in 0.00528 secs)
2025-04-21 23:34:35,904 [DEBUG]  OP: Operation.NAIVE_FACTORIZATION on slice (28, 11) (remaining tasks 21)
2025-04-21 23:34:35,908 [DEBUG]  		naive factorization 11 columns (in 0.00377 secs)
2025-04-21 23:34:35,909 [DEBUG]  OP: Operation.NAIVE_FACTORIZATION on slice (61, 11) (remaining tasks 20)
2025-04-21 23:34:35,913 [DEBUG]  		naive factorization 11 columns (in 0.00397 secs)
2025-04-21 23:34:35,913 [DEBUG]  OP: Operation.SPLIT_COLUMNS on slice (92, 11) (remaining tasks 19)
2025-04-21 23:34:36,139 [DEBUG]  		found 1 col clusters (in 0.22584 secs)
2025-04-21 23:34:36,140 [DEBUG]  OP: Operation.NAIVE_FACTORIZATION on slice (25, 11) (remaining tasks 19)
2025-04-21 23:34:36,145 [DEBUG]  		naive factorization 11 columns (in 0.00490 secs)
2025-04-21 23:34:36,146 [DEBUG]  OP: Operation.SPLIT_ROWS on slice (110, 11) (remaining tasks 18)
2025-04-21 23:34:36,196 [DEBUG]  		found 2 row clusters (in 0.05006 secs)
2025-04-21 23:34:36,196 [DEBUG]  OP: Operation.SPLIT_ROWS on slice (74, 11) (remaining tasks 19)
2025-04-21 23:34:36,228 [DEBUG]  		found 2 row clusters (in 0.03110 secs)
2025-04-21 23:34:36,228 [DEBUG]  OP: Operation.SPLIT_ROWS on slice (110, 11) (remaining tasks 20)
2025-04-21 23:34:36,261 [DEBUG]  		found 2 row clusters (in 0.03274 secs)
2025-04-21 23:34:36,261 [DEBUG]  OP: Operation.SPLIT_ROWS on slice (117, 11) (remaining tasks 21)
2025-04-21 23:34:36,286 [DEBUG]  		found 2 row clusters (in 0.02460 secs)
2025-04-21 23:34:36,286 [DEBUG]  OP: Operation.SPLIT_ROWS on slice (94, 11) (remaining tasks 22)
2025-04-21 23:34:36,305 [DEBUG]  		found 2 row clusters (in 0.01897 secs)
2025-04-21 23:34:36,305 [DEBUG]  OP: Operation.SPLIT_ROWS on slice (77, 11) (remaining tasks 23)
2025-04-21 23:34:36,326 [DEBUG]  		found 2 row clusters (in 0.02028 secs)
2025-04-21 23:34:36,326 [DEBUG]  OP: Operation.SPLIT_ROWS on slice (78, 11) (remaining tasks 24)
2025-04-21 23:34:36,345 [DEBUG]  		found 2 row clusters (in 0.01922 secs)
2025-04-21 23:34:36,345 [DEBUG]  OP: Operation.SPLIT_ROWS on slice (84, 11) (remaining tasks 25)
2025-04-21 23:34:36,362 [DEBUG]  		found 2 row clusters (in 0.01710 secs)
2025-04-21 23:34:36,363 [DEBUG]  OP: Operation.SPLIT_ROWS on slice (75, 11) (remaining tasks 26)
2025-04-21 23:34:36,382 [DEBUG]  		found 2 row clusters (in 0.01888 secs)
2025-04-21 23:34:36,382 [DEBUG]  OP: Operation.SPLIT_ROWS on slice (82, 11) (remaining tasks 27)
2025-04-21 23:34:36,401 [DEBUG]  		found 2 row clusters (in 0.01865 secs)
2025-04-21 23:34:36,401 [DEBUG]  OP: Operation.SPLIT_ROWS on slice (144, 11) (remaining tasks 28)
2025-04-21 23:34:36,427 [DEBUG]  		found 2 row clusters (in 0.02660 secs)
2025-04-21 23:34:36,428 [DEBUG]  OP: Operation.SPLIT_ROWS on slice (114, 11) (remaining tasks 29)
2025-04-21 23:34:36,446 [DEBUG]  		found 2 row clusters (in 0.01819 secs)
2025-04-21 23:34:36,446 [DEBUG]  OP: Operation.SPLIT_ROWS on slice (125, 11) (remaining tasks 30)
2025-04-21 23:34:36,467 [DEBUG]  		found 2 row clusters (in 0.02063 secs)
2025-04-21 23:34:36,467 [DEBUG]  OP: Operation.SPLIT_ROWS on slice (89, 11) (remaining tasks 31)
2025-04-21 23:34:36,488 [DEBUG]  		found 2 row clusters (in 0.02080 secs)
2025-04-21 23:34:36,488 [DEBUG]  OP: Operation.SPLIT_ROWS on slice (85, 11) (remaining tasks 32)
2025-04-21 23:34:36,507 [DEBUG]  		found 2 row clusters (in 0.01874 secs)
2025-04-21 23:34:36,507 [DEBUG]  OP: Operation.SPLIT_ROWS on slice (77, 11) (remaining tasks 33)
2025-04-21 23:34:36,527 [DEBUG]  		found 2 row clusters (in 0.01965 secs)
2025-04-21 23:34:36,527 [DEBUG]  OP: Operation.SPLIT_ROWS on slice (133, 11) (remaining tasks 34)
2025-04-21 23:34:36,549 [DEBUG]  		found 2 row clusters (in 0.02190 secs)
2025-04-21 23:34:36,549 [DEBUG]  OP: Operation.SPLIT_ROWS on slice (85, 11) (remaining tasks 35)
2025-04-21 23:34:36,568 [DEBUG]  		found 2 row clusters (in 0.01840 secs)
2025-04-21 23:34:36,568 [DEBUG]  OP: Operation.SPLIT_ROWS on slice (92, 11) (remaining tasks 36)
2025-04-21 23:34:36,587 [DEBUG]  		found 2 row clusters (in 0.01873 secs)
2025-04-21 23:34:36,587 [DEBUG]  OP: Operation.NAIVE_FACTORIZATION on slice (55, 11) (remaining tasks 37)
2025-04-21 23:34:36,592 [DEBUG]  		naive factorization 11 columns (in 0.00456 secs)
2025-04-21 23:34:36,592 [DEBUG]  OP: Operation.NAIVE_FACTORIZATION on slice (55, 11) (remaining tasks 36)
2025-04-21 23:34:36,596 [DEBUG]  		naive factorization 11 columns (in 0.00376 secs)
2025-04-21 23:34:36,596 [DEBUG]  OP: Operation.NAIVE_FACTORIZATION on slice (34, 11) (remaining tasks 35)
2025-04-21 23:34:36,601 [DEBUG]  		naive factorization 11 columns (in 0.00472 secs)
2025-04-21 23:34:36,601 [DEBUG]  OP: Operation.NAIVE_FACTORIZATION on slice (40, 11) (remaining tasks 34)
2025-04-21 23:34:36,605 [DEBUG]  		naive factorization 11 columns (in 0.00398 secs)
2025-04-21 23:34:36,605 [DEBUG]  OP: Operation.NAIVE_FACTORIZATION on slice (50, 11) (remaining tasks 33)
2025-04-21 23:34:36,609 [DEBUG]  		naive factorization 11 columns (in 0.00407 secs)
2025-04-21 23:34:36,609 [DEBUG]  OP: Operation.NAIVE_FACTORIZATION on slice (60, 11) (remaining tasks 32)
2025-04-21 23:34:36,614 [DEBUG]  		naive factorization 11 columns (in 0.00490 secs)
2025-04-21 23:34:36,615 [DEBUG]  OP: Operation.NAIVE_FACTORIZATION on slice (38, 11) (remaining tasks 31)
2025-04-21 23:34:36,619 [DEBUG]  		naive factorization 11 columns (in 0.00384 secs)
2025-04-21 23:34:36,619 [DEBUG]  OP: Operation.SPLIT_COLUMNS on slice (79, 11) (remaining tasks 30)
2025-04-21 23:34:36,864 [DEBUG]  		found 1 col clusters (in 0.24463 secs)
2025-04-21 23:34:36,864 [DEBUG]  OP: Operation.NAIVE_FACTORIZATION on slice (29, 11) (remaining tasks 30)
2025-04-21 23:34:36,868 [DEBUG]  		naive factorization 11 columns (in 0.00374 secs)
2025-04-21 23:34:36,868 [DEBUG]  OP: Operation.NAIVE_FACTORIZATION on slice (65, 11) (remaining tasks 29)
2025-04-21 23:34:36,873 [DEBUG]  		naive factorization 11 columns (in 0.00421 secs)
2025-04-21 23:34:36,873 [DEBUG]  OP: Operation.NAIVE_FACTORIZATION on slice (29, 11) (remaining tasks 28)
2025-04-21 23:34:36,877 [DEBUG]  		naive factorization 11 columns (in 0.00356 secs)
2025-04-21 23:34:36,878 [DEBUG]  OP: Operation.NAIVE_FACTORIZATION on slice (48, 11) (remaining tasks 27)
2025-04-21 23:34:36,882 [DEBUG]  		naive factorization 11 columns (in 0.00448 secs)
2025-04-21 23:34:36,883 [DEBUG]  OP: Operation.NAIVE_FACTORIZATION on slice (36, 11) (remaining tasks 26)
2025-04-21 23:34:36,887 [DEBUG]  		naive factorization 11 columns (in 0.00379 secs)
2025-04-21 23:34:36,887 [DEBUG]  OP: Operation.NAIVE_FACTORIZATION on slice (42, 11) (remaining tasks 25)
2025-04-21 23:34:36,892 [DEBUG]  		naive factorization 11 columns (in 0.00416 secs)
2025-04-21 23:34:36,892 [DEBUG]  OP: Operation.NAIVE_FACTORIZATION on slice (37, 11) (remaining tasks 24)
2025-04-21 23:34:36,897 [DEBUG]  		naive factorization 11 columns (in 0.00405 secs)
2025-04-21 23:34:36,897 [DEBUG]  OP: Operation.NAIVE_FACTORIZATION on slice (47, 11) (remaining tasks 23)
2025-04-21 23:34:36,901 [DEBUG]  		naive factorization 11 columns (in 0.00384 secs)
2025-04-21 23:34:36,902 [DEBUG]  OP: Operation.NAIVE_FACTORIZATION on slice (44, 11) (remaining tasks 22)
2025-04-21 23:34:36,907 [DEBUG]  		naive factorization 11 columns (in 0.00468 secs)
2025-04-21 23:34:36,907 [DEBUG]  OP: Operation.NAIVE_FACTORIZATION on slice (31, 11) (remaining tasks 21)
2025-04-21 23:34:36,911 [DEBUG]  		naive factorization 11 columns (in 0.00385 secs)
2025-04-21 23:34:36,912 [DEBUG]  OP: Operation.NAIVE_FACTORIZATION on slice (71, 11) (remaining tasks 20)
2025-04-21 23:34:36,916 [DEBUG]  		naive factorization 11 columns (in 0.00401 secs)
2025-04-21 23:34:36,917 [DEBUG]  OP: Operation.NAIVE_FACTORIZATION on slice (11, 11) (remaining tasks 19)
2025-04-21 23:34:36,921 [DEBUG]  		naive factorization 11 columns (in 0.00441 secs)
2025-04-21 23:34:36,922 [DEBUG]  OP: Operation.SPLIT_COLUMNS on slice (75, 11) (remaining tasks 18)
2025-04-21 23:34:37,142 [DEBUG]  		found 1 col clusters (in 0.22039 secs)
2025-04-21 23:34:37,143 [DEBUG]  OP: Operation.NAIVE_FACTORIZATION on slice (69, 11) (remaining tasks 18)
2025-04-21 23:34:37,146 [DEBUG]  		naive factorization 11 columns (in 0.00324 secs)
2025-04-21 23:34:37,147 [DEBUG]  OP: Operation.NAIVE_FACTORIZATION on slice (41, 11) (remaining tasks 17)
2025-04-21 23:34:37,150 [DEBUG]  		naive factorization 11 columns (in 0.00316 secs)
2025-04-21 23:34:37,151 [DEBUG]  OP: Operation.NAIVE_FACTORIZATION on slice (73, 11) (remaining tasks 16)
2025-04-21 23:34:37,156 [DEBUG]  		naive factorization 11 columns (in 0.00541 secs)
2025-04-21 23:34:37,157 [DEBUG]  OP: Operation.NAIVE_FACTORIZATION on slice (61, 11) (remaining tasks 15)
2025-04-21 23:34:37,161 [DEBUG]  		naive factorization 11 columns (in 0.00387 secs)
2025-04-21 23:34:37,161 [DEBUG]  OP: Operation.NAIVE_FACTORIZATION on slice (64, 11) (remaining tasks 14)
2025-04-21 23:34:37,166 [DEBUG]  		naive factorization 11 columns (in 0.00390 secs)
2025-04-21 23:34:37,166 [DEBUG]  OP: Operation.NAIVE_FACTORIZATION on slice (37, 11) (remaining tasks 13)
2025-04-21 23:34:37,171 [DEBUG]  		naive factorization 11 columns (in 0.00445 secs)
2025-04-21 23:34:37,171 [DEBUG]  OP: Operation.NAIVE_FACTORIZATION on slice (52, 11) (remaining tasks 12)
2025-04-21 23:34:37,176 [DEBUG]  		naive factorization 11 columns (in 0.00404 secs)
2025-04-21 23:34:37,176 [DEBUG]  OP: Operation.NAIVE_FACTORIZATION on slice (55, 11) (remaining tasks 11)
2025-04-21 23:34:37,181 [DEBUG]  		naive factorization 11 columns (in 0.00447 secs)
2025-04-21 23:34:37,181 [DEBUG]  OP: Operation.NAIVE_FACTORIZATION on slice (30, 11) (remaining tasks 10)
2025-04-21 23:34:37,185 [DEBUG]  		naive factorization 11 columns (in 0.00371 secs)
2025-04-21 23:34:37,186 [DEBUG]  OP: Operation.NAIVE_FACTORIZATION on slice (47, 11) (remaining tasks 9)
2025-04-21 23:34:37,190 [DEBUG]  		naive factorization 11 columns (in 0.00385 secs)
2025-04-21 23:34:37,190 [DEBUG]  OP: Operation.NAIVE_FACTORIZATION on slice (30, 11) (remaining tasks 8)
2025-04-21 23:34:37,195 [DEBUG]  		naive factorization 11 columns (in 0.00410 secs)
2025-04-21 23:34:37,195 [DEBUG]  OP: Operation.NAIVE_FACTORIZATION on slice (54, 11) (remaining tasks 7)
2025-04-21 23:34:37,199 [DEBUG]  		naive factorization 11 columns (in 0.00391 secs)
2025-04-21 23:34:37,200 [DEBUG]  OP: Operation.SPLIT_COLUMNS on slice (79, 11) (remaining tasks 6)
2025-04-21 23:34:37,422 [DEBUG]  		found 1 col clusters (in 0.22222 secs)
2025-04-21 23:34:37,423 [DEBUG]  OP: Operation.NAIVE_FACTORIZATION on slice (44, 11) (remaining tasks 6)
2025-04-21 23:34:37,427 [DEBUG]  		naive factorization 11 columns (in 0.00401 secs)
2025-04-21 23:34:37,428 [DEBUG]  OP: Operation.NAIVE_FACTORIZATION on slice (41, 11) (remaining tasks 5)
2025-04-21 23:34:37,433 [DEBUG]  		naive factorization 11 columns (in 0.00494 secs)
2025-04-21 23:34:37,433 [DEBUG]  OP: Operation.NAIVE_FACTORIZATION on slice (53, 11) (remaining tasks 4)
2025-04-21 23:34:37,437 [DEBUG]  		naive factorization 11 columns (in 0.00383 secs)
2025-04-21 23:34:37,438 [DEBUG]  OP: Operation.NAIVE_FACTORIZATION on slice (39, 11) (remaining tasks 3)
2025-04-21 23:34:37,442 [DEBUG]  		naive factorization 11 columns (in 0.00384 secs)
2025-04-21 23:34:37,442 [DEBUG]  OP: Operation.SPLIT_ROWS on slice (79, 11) (remaining tasks 2)
2025-04-21 23:34:37,487 [DEBUG]  		found 2 row clusters (in 0.04404 secs)
2025-04-21 23:34:37,487 [DEBUG]  OP: Operation.SPLIT_ROWS on slice (75, 11) (remaining tasks 3)
2025-04-21 23:34:37,526 [DEBUG]  		found 2 row clusters (in 0.03841 secs)
2025-04-21 23:34:37,526 [DEBUG]  OP: Operation.SPLIT_ROWS on slice (79, 11) (remaining tasks 4)
2025-04-21 23:34:37,550 [DEBUG]  		found 2 row clusters (in 0.02389 secs)
2025-04-21 23:34:37,550 [DEBUG]  OP: Operation.NAIVE_FACTORIZATION on slice (38, 11) (remaining tasks 5)
2025-04-21 23:34:37,555 [DEBUG]  		naive factorization 11 columns (in 0.00469 secs)
2025-04-21 23:34:37,555 [DEBUG]  OP: Operation.NAIVE_FACTORIZATION on slice (41, 11) (remaining tasks 4)
2025-04-21 23:34:37,559 [DEBUG]  		naive factorization 11 columns (in 0.00345 secs)
2025-04-21 23:34:37,559 [DEBUG]  OP: Operation.NAIVE_FACTORIZATION on slice (46, 11) (remaining tasks 3)
2025-04-21 23:34:37,563 [DEBUG]  		naive factorization 11 columns (in 0.00372 secs)
2025-04-21 23:34:37,563 [DEBUG]  OP: Operation.NAIVE_FACTORIZATION on slice (29, 11) (remaining tasks 2)
2025-04-21 23:34:37,568 [DEBUG]  		naive factorization 11 columns (in 0.00429 secs)
2025-04-21 23:34:37,568 [DEBUG]  OP: Operation.NAIVE_FACTORIZATION on slice (31, 11) (remaining tasks 1)
2025-04-21 23:34:37,573 [DEBUG]  		naive factorization 11 columns (in 0.00408 secs)
2025-04-21 23:34:37,573 [DEBUG]  OP: Operation.NAIVE_FACTORIZATION on slice (48, 11) (remaining tasks 0)
2025-04-21 23:34:37,577 [DEBUG]  		naive factorization 11 columns (in 0.00388 secs)
2025-04-21 23:34:38,818 [DEBUG]  Built SPN in 154.8409948970002 sec
2025-04-21 23:34:38,818 [INFO ]  Saving ensemble to /home/dafn/card/deepcard/collected_temp_benchmarks/spn_ensembles/Gas Turbine CO and NOx Emission Data Set/ensemble_single_gt_2015_10000000.pkl
