2025-04-21 23:05:35,266 [INFO ]  Creating naive ensemble.
2025-04-21 23:05:35,266 [INFO ]  Learning SPN for gt_2011.
2025-04-21 23:05:35,266 [DEBUG]  generate_join_sample(single_table=gt_2011, relationship_list=None, split_condition=None)
2025-04-21 23:05:35,294 [DEBUG]  Using min_instance_slice parameter 74.11.
2025-04-21 23:05:35,294 [INFO ]  SPN training phase with 7411 samples
2025-04-21 23:05:35,299 [DEBUG]  Built domains in 0.005774916000518715 sec
2025-04-21 23:05:35,654 [DEBUG]  CACHEDIR=/home/dafn/.cache/matplotlib
2025-04-21 23:05:35,655 [DEBUG]  Using fontManager instance from /home/dafn/.cache/matplotlib/fontlist-v300.json
2025-04-21 23:05:35,749 [DEBUG]  Loaded backend qt5agg version unknown.
2025-04-21 23:05:35,779 [DEBUG]  Loaded backend qt5agg version unknown.
2025-04-21 23:05:35,779 [DEBUG]  Loaded backend qt4agg version unknown.
2025-04-21 23:05:35,786 [DEBUG]  Loaded backend tkagg version unknown.
2025-04-21 23:05:35,787 [DEBUG]  Loaded backend agg version unknown.
2025-04-21 23:05:35,787 [DEBUG]  Loaded backend agg version unknown.
2025-04-21 23:05:35,791 [DEBUG]  OP: Operation.SPLIT_ROWS on slice (7411, 11) (remaining tasks 0)
2025-04-21 23:05:35,879 [DEBUG]  		found 2 row clusters (in 0.08794 secs)
2025-04-21 23:05:35,879 [DEBUG]  OP: Operation.SPLIT_COLUMNS on slice (1694, 11) (remaining tasks 1)
2025-04-21 23:05:41,006 [DEBUG]  		found 1 col clusters (in 5.12674 secs)
2025-04-21 23:05:41,007 [DEBUG]  OP: Operation.SPLIT_COLUMNS on slice (5717, 11) (remaining tasks 1)
2025-04-21 23:05:43,180 [DEBUG]  		found 1 col clusters (in 2.17185 secs)
2025-04-21 23:05:43,180 [DEBUG]  OP: Operation.SPLIT_ROWS on slice (1694, 11) (remaining tasks 1)
2025-04-21 23:05:43,320 [DEBUG]  		found 2 row clusters (in 0.13965 secs)
2025-04-21 23:05:43,321 [DEBUG]  OP: Operation.SPLIT_ROWS on slice (5717, 11) (remaining tasks 2)
2025-04-21 23:05:43,417 [DEBUG]  		found 2 row clusters (in 0.09641 secs)
2025-04-21 23:05:43,418 [DEBUG]  OP: Operation.SPLIT_COLUMNS on slice (454, 11) (remaining tasks 3)
2025-04-21 23:05:45,190 [DEBUG]  		found 1 col clusters (in 1.77228 secs)
2025-04-21 23:05:45,191 [DEBUG]  OP: Operation.SPLIT_COLUMNS on slice (1240, 11) (remaining tasks 3)
2025-04-21 23:05:49,429 [DEBUG]  		found 1 col clusters (in 4.23796 secs)
2025-04-21 23:05:49,430 [DEBUG]  OP: Operation.SPLIT_COLUMNS on slice (3500, 11) (remaining tasks 3)
2025-04-21 23:05:51,676 [DEBUG]  		found 1 col clusters (in 2.24541 secs)
2025-04-21 23:05:51,676 [DEBUG]  OP: Operation.SPLIT_COLUMNS on slice (2217, 11) (remaining tasks 3)
2025-04-21 23:05:57,314 [DEBUG]  		found 1 col clusters (in 5.63690 secs)
2025-04-21 23:05:57,314 [DEBUG]  OP: Operation.SPLIT_ROWS on slice (454, 11) (remaining tasks 3)
2025-04-21 23:05:57,434 [DEBUG]  		found 2 row clusters (in 0.11937 secs)
2025-04-21 23:05:57,434 [DEBUG]  OP: Operation.SPLIT_ROWS on slice (1240, 11) (remaining tasks 4)
2025-04-21 23:05:57,492 [DEBUG]  		found 2 row clusters (in 0.05774 secs)
2025-04-21 23:05:57,493 [DEBUG]  OP: Operation.SPLIT_ROWS on slice (3500, 11) (remaining tasks 5)
2025-04-21 23:05:57,572 [DEBUG]  		found 2 row clusters (in 0.07913 secs)
2025-04-21 23:05:57,573 [DEBUG]  OP: Operation.SPLIT_ROWS on slice (2217, 11) (remaining tasks 6)
2025-04-21 23:05:57,626 [DEBUG]  		found 2 row clusters (in 0.05355 secs)
2025-04-21 23:05:57,627 [DEBUG]  OP: Operation.SPLIT_COLUMNS on slice (313, 11) (remaining tasks 7)
2025-04-21 23:05:58,877 [DEBUG]  		found 1 col clusters (in 1.25004 secs)
2025-04-21 23:05:58,877 [DEBUG]  OP: Operation.SPLIT_COLUMNS on slice (141, 11) (remaining tasks 7)
2025-04-21 23:05:59,207 [DEBUG]  		found 1 col clusters (in 0.32942 secs)
2025-04-21 23:05:59,207 [DEBUG]  OP: Operation.SPLIT_COLUMNS on slice (906, 11) (remaining tasks 7)
2025-04-21 23:06:01,372 [DEBUG]  		found 1 col clusters (in 2.16441 secs)
2025-04-21 23:06:01,373 [DEBUG]  OP: Operation.SPLIT_COLUMNS on slice (334, 11) (remaining tasks 7)
2025-04-21 23:06:03,364 [DEBUG]  		found 1 col clusters (in 1.99081 secs)
2025-04-21 23:06:03,365 [DEBUG]  OP: Operation.SPLIT_COLUMNS on slice (1176, 11) (remaining tasks 7)
2025-04-21 23:06:07,819 [DEBUG]  		found 1 col clusters (in 4.45402 secs)
2025-04-21 23:06:07,820 [DEBUG]  OP: Operation.SPLIT_COLUMNS on slice (2324, 11) (remaining tasks 7)
2025-04-21 23:06:13,773 [DEBUG]  		found 1 col clusters (in 5.95350 secs)
2025-04-21 23:06:13,775 [DEBUG]  OP: Operation.SPLIT_COLUMNS on slice (810, 11) (remaining tasks 7)
2025-04-21 23:06:16,697 [DEBUG]  		found 1 col clusters (in 2.92215 secs)
2025-04-21 23:06:16,698 [DEBUG]  OP: Operation.SPLIT_COLUMNS on slice (1407, 11) (remaining tasks 7)
2025-04-21 23:06:19,937 [DEBUG]  		found 1 col clusters (in 3.23893 secs)
2025-04-21 23:06:19,937 [DEBUG]  OP: Operation.SPLIT_ROWS on slice (313, 11) (remaining tasks 7)
2025-04-21 23:06:20,065 [DEBUG]  		found 2 row clusters (in 0.12769 secs)
2025-04-21 23:06:20,065 [DEBUG]  OP: Operation.SPLIT_ROWS on slice (141, 11) (remaining tasks 8)
2025-04-21 23:06:20,103 [DEBUG]  		found 2 row clusters (in 0.03726 secs)
2025-04-21 23:06:20,103 [DEBUG]  OP: Operation.SPLIT_ROWS on slice (906, 11) (remaining tasks 9)
2025-04-21 23:06:20,142 [DEBUG]  		found 2 row clusters (in 0.03820 secs)
2025-04-21 23:06:20,142 [DEBUG]  OP: Operation.SPLIT_ROWS on slice (334, 11) (remaining tasks 10)
2025-04-21 23:06:20,173 [DEBUG]  		found 2 row clusters (in 0.03101 secs)
2025-04-21 23:06:20,173 [DEBUG]  OP: Operation.SPLIT_ROWS on slice (1176, 11) (remaining tasks 11)
2025-04-21 23:06:20,205 [DEBUG]  		found 2 row clusters (in 0.03178 secs)
2025-04-21 23:06:20,205 [DEBUG]  OP: Operation.SPLIT_ROWS on slice (2324, 11) (remaining tasks 12)
2025-04-21 23:06:20,254 [DEBUG]  		found 2 row clusters (in 0.04835 secs)
2025-04-21 23:06:20,254 [DEBUG]  OP: Operation.SPLIT_ROWS on slice (810, 11) (remaining tasks 13)
2025-04-21 23:06:20,305 [DEBUG]  		found 2 row clusters (in 0.05080 secs)
2025-04-21 23:06:20,305 [DEBUG]  OP: Operation.SPLIT_ROWS on slice (1407, 11) (remaining tasks 14)
2025-04-21 23:06:20,346 [DEBUG]  		found 2 row clusters (in 0.04102 secs)
2025-04-21 23:06:20,347 [DEBUG]  OP: Operation.SPLIT_COLUMNS on slice (125, 11) (remaining tasks 15)
2025-04-21 23:06:20,556 [DEBUG]  		found 1 col clusters (in 0.20966 secs)
2025-04-21 23:06:20,557 [DEBUG]  OP: Operation.SPLIT_COLUMNS on slice (188, 11) (remaining tasks 15)
2025-04-21 23:06:20,875 [DEBUG]  		found 1 col clusters (in 0.31764 secs)
2025-04-21 23:06:20,875 [DEBUG]  OP: Operation.SPLIT_COLUMNS on slice (91, 11) (remaining tasks 15)
2025-04-21 23:06:21,137 [DEBUG]  		found 1 col clusters (in 0.26112 secs)
2025-04-21 23:06:21,137 [DEBUG]  OP: Operation.NAIVE_FACTORIZATION on slice (50, 11) (remaining tasks 15)
2025-04-21 23:06:21,144 [DEBUG]  		naive factorization 11 columns (in 0.00632 secs)
2025-04-21 23:06:21,144 [DEBUG]  OP: Operation.SPLIT_COLUMNS on slice (772, 11) (remaining tasks 14)
2025-04-21 23:06:23,414 [DEBUG]  		found 1 col clusters (in 2.26922 secs)
2025-04-21 23:06:23,414 [DEBUG]  OP: Operation.SPLIT_COLUMNS on slice (134, 11) (remaining tasks 14)
2025-04-21 23:06:23,859 [DEBUG]  		found 1 col clusters (in 0.44474 secs)
2025-04-21 23:06:23,860 [DEBUG]  OP: Operation.SPLIT_COLUMNS on slice (187, 11) (remaining tasks 14)
2025-04-21 23:06:24,193 [DEBUG]  		found 1 col clusters (in 0.33273 secs)
2025-04-21 23:06:24,193 [DEBUG]  OP: Operation.SPLIT_COLUMNS on slice (147, 11) (remaining tasks 14)
2025-04-21 23:06:24,546 [DEBUG]  		found 1 col clusters (in 0.35303 secs)
2025-04-21 23:06:24,547 [DEBUG]  OP: Operation.SPLIT_COLUMNS on slice (535, 11) (remaining tasks 14)
2025-04-21 23:06:26,567 [DEBUG]  		found 1 col clusters (in 2.02012 secs)
2025-04-21 23:06:26,568 [DEBUG]  OP: Operation.SPLIT_COLUMNS on slice (641, 11) (remaining tasks 14)
2025-04-21 23:06:27,387 [DEBUG]  		found 1 col clusters (in 0.81890 secs)
2025-04-21 23:06:27,387 [DEBUG]  OP: Operation.SPLIT_COLUMNS on slice (989, 11) (remaining tasks 14)
2025-04-21 23:06:29,650 [DEBUG]  		found 1 col clusters (in 2.26267 secs)
2025-04-21 23:06:29,651 [DEBUG]  OP: Operation.SPLIT_COLUMNS on slice (1335, 11) (remaining tasks 14)
2025-04-21 23:06:33,969 [DEBUG]  		found 1 col clusters (in 4.31823 secs)
2025-04-21 23:06:33,970 [DEBUG]  OP: Operation.SPLIT_COLUMNS on slice (486, 11) (remaining tasks 14)
2025-04-21 23:06:36,262 [DEBUG]  		found 1 col clusters (in 2.29176 secs)
2025-04-21 23:06:36,263 [DEBUG]  OP: Operation.SPLIT_COLUMNS on slice (324, 11) (remaining tasks 14)
2025-04-21 23:06:37,431 [DEBUG]  		found 1 col clusters (in 1.16814 secs)
2025-04-21 23:06:37,431 [DEBUG]  OP: Operation.SPLIT_COLUMNS on slice (653, 11) (remaining tasks 14)
2025-04-21 23:06:38,174 [DEBUG]  		found 1 col clusters (in 0.74214 secs)
2025-04-21 23:06:38,174 [DEBUG]  OP: Operation.SPLIT_COLUMNS on slice (754, 11) (remaining tasks 14)
2025-04-21 23:06:40,372 [DEBUG]  		found 1 col clusters (in 2.19714 secs)
2025-04-21 23:06:40,372 [DEBUG]  OP: Operation.SPLIT_ROWS on slice (125, 11) (remaining tasks 14)
2025-04-21 23:06:40,466 [DEBUG]  		found 2 row clusters (in 0.09294 secs)
2025-04-21 23:06:40,466 [DEBUG]  OP: Operation.SPLIT_ROWS on slice (188, 11) (remaining tasks 15)
2025-04-21 23:06:40,548 [DEBUG]  		found 2 row clusters (in 0.08215 secs)
2025-04-21 23:06:40,548 [DEBUG]  OP: Operation.SPLIT_ROWS on slice (91, 11) (remaining tasks 16)
2025-04-21 23:06:40,566 [DEBUG]  		found 2 row clusters (in 0.01801 secs)
2025-04-21 23:06:40,567 [DEBUG]  OP: Operation.SPLIT_ROWS on slice (772, 11) (remaining tasks 17)
2025-04-21 23:06:40,602 [DEBUG]  		found 2 row clusters (in 0.03486 secs)
2025-04-21 23:06:40,602 [DEBUG]  OP: Operation.SPLIT_ROWS on slice (134, 11) (remaining tasks 18)
2025-04-21 23:06:40,617 [DEBUG]  		found 2 row clusters (in 0.01463 secs)
2025-04-21 23:06:40,617 [DEBUG]  OP: Operation.SPLIT_ROWS on slice (187, 11) (remaining tasks 19)
2025-04-21 23:06:40,639 [DEBUG]  		found 2 row clusters (in 0.02237 secs)
2025-04-21 23:06:40,639 [DEBUG]  OP: Operation.SPLIT_ROWS on slice (147, 11) (remaining tasks 20)
2025-04-21 23:06:40,655 [DEBUG]  		found 2 row clusters (in 0.01606 secs)
2025-04-21 23:06:40,656 [DEBUG]  OP: Operation.SPLIT_ROWS on slice (535, 11) (remaining tasks 21)
2025-04-21 23:06:40,677 [DEBUG]  		found 2 row clusters (in 0.02125 secs)
2025-04-21 23:06:40,677 [DEBUG]  OP: Operation.SPLIT_ROWS on slice (641, 11) (remaining tasks 22)
2025-04-21 23:06:40,713 [DEBUG]  		found 2 row clusters (in 0.03558 secs)
2025-04-21 23:06:40,713 [DEBUG]  OP: Operation.SPLIT_ROWS on slice (989, 11) (remaining tasks 23)
2025-04-21 23:06:40,740 [DEBUG]  		found 2 row clusters (in 0.02648 secs)
2025-04-21 23:06:40,740 [DEBUG]  OP: Operation.SPLIT_ROWS on slice (1335, 11) (remaining tasks 24)
2025-04-21 23:06:40,783 [DEBUG]  		found 2 row clusters (in 0.04247 secs)
2025-04-21 23:06:40,783 [DEBUG]  OP: Operation.SPLIT_ROWS on slice (486, 11) (remaining tasks 25)
2025-04-21 23:06:40,806 [DEBUG]  		found 2 row clusters (in 0.02331 secs)
2025-04-21 23:06:40,806 [DEBUG]  OP: Operation.SPLIT_ROWS on slice (324, 11) (remaining tasks 26)
2025-04-21 23:06:40,835 [DEBUG]  		found 2 row clusters (in 0.02847 secs)
2025-04-21 23:06:40,835 [DEBUG]  OP: Operation.SPLIT_ROWS on slice (653, 11) (remaining tasks 27)
2025-04-21 23:06:40,862 [DEBUG]  		found 2 row clusters (in 0.02715 secs)
2025-04-21 23:06:40,863 [DEBUG]  OP: Operation.SPLIT_ROWS on slice (754, 11) (remaining tasks 28)
2025-04-21 23:06:40,893 [DEBUG]  		found 2 row clusters (in 0.03010 secs)
2025-04-21 23:06:40,893 [DEBUG]  OP: Operation.NAIVE_FACTORIZATION on slice (39, 11) (remaining tasks 29)
2025-04-21 23:06:40,898 [DEBUG]  		naive factorization 11 columns (in 0.00473 secs)
2025-04-21 23:06:40,898 [DEBUG]  OP: Operation.SPLIT_COLUMNS on slice (86, 11) (remaining tasks 28)
2025-04-21 23:06:41,110 [DEBUG]  		found 1 col clusters (in 0.21170 secs)
2025-04-21 23:06:41,110 [DEBUG]  OP: Operation.SPLIT_COLUMNS on slice (115, 11) (remaining tasks 28)
2025-04-21 23:06:41,334 [DEBUG]  		found 1 col clusters (in 0.22373 secs)
2025-04-21 23:06:41,335 [DEBUG]  OP: Operation.NAIVE_FACTORIZATION on slice (73, 11) (remaining tasks 28)
2025-04-21 23:06:41,340 [DEBUG]  		naive factorization 11 columns (in 0.00511 secs)
2025-04-21 23:06:41,341 [DEBUG]  OP: Operation.NAIVE_FACTORIZATION on slice (53, 11) (remaining tasks 27)
2025-04-21 23:06:41,345 [DEBUG]  		naive factorization 11 columns (in 0.00464 secs)
2025-04-21 23:06:41,346 [DEBUG]  OP: Operation.NAIVE_FACTORIZATION on slice (38, 11) (remaining tasks 26)
2025-04-21 23:06:41,350 [DEBUG]  		naive factorization 11 columns (in 0.00386 secs)
2025-04-21 23:06:41,351 [DEBUG]  OP: Operation.SPLIT_COLUMNS on slice (552, 11) (remaining tasks 25)
2025-04-21 23:06:43,422 [DEBUG]  		found 2 col clusters (in 2.07111 secs)
2025-04-21 23:06:43,422 [DEBUG]  OP: Operation.SPLIT_COLUMNS on slice (220, 11) (remaining tasks 26)
2025-04-21 23:06:45,077 [DEBUG]  		found 1 col clusters (in 1.65445 secs)
2025-04-21 23:06:45,078 [DEBUG]  OP: Operation.SPLIT_COLUMNS on slice (82, 11) (remaining tasks 26)
2025-04-21 23:06:45,301 [DEBUG]  		found 1 col clusters (in 0.22284 secs)
2025-04-21 23:06:45,301 [DEBUG]  OP: Operation.NAIVE_FACTORIZATION on slice (52, 11) (remaining tasks 26)
2025-04-21 23:06:45,305 [DEBUG]  		naive factorization 11 columns (in 0.00314 secs)
2025-04-21 23:06:45,305 [DEBUG]  OP: Operation.NAIVE_FACTORIZATION on slice (68, 11) (remaining tasks 25)
2025-04-21 23:06:45,309 [DEBUG]  		naive factorization 11 columns (in 0.00388 secs)
2025-04-21 23:06:45,310 [DEBUG]  OP: Operation.SPLIT_COLUMNS on slice (119, 11) (remaining tasks 24)
2025-04-21 23:06:45,526 [DEBUG]  		found 1 col clusters (in 0.21640 secs)
2025-04-21 23:06:45,527 [DEBUG]  OP: Operation.NAIVE_FACTORIZATION on slice (40, 11) (remaining tasks 24)
2025-04-21 23:06:45,531 [DEBUG]  		naive factorization 11 columns (in 0.00367 secs)
2025-04-21 23:06:45,531 [DEBUG]  OP: Operation.SPLIT_COLUMNS on slice (107, 11) (remaining tasks 23)
2025-04-21 23:06:45,748 [DEBUG]  		found 1 col clusters (in 0.21685 secs)
2025-04-21 23:06:45,749 [DEBUG]  OP: Operation.SPLIT_COLUMNS on slice (460, 11) (remaining tasks 23)
2025-04-21 23:06:47,401 [DEBUG]  		found 1 col clusters (in 1.65218 secs)
2025-04-21 23:06:47,402 [DEBUG]  OP: Operation.SPLIT_COLUMNS on slice (75, 11) (remaining tasks 23)
2025-04-21 23:06:47,767 [DEBUG]  		found 1 col clusters (in 0.36554 secs)
2025-04-21 23:06:47,768 [DEBUG]  OP: Operation.SPLIT_COLUMNS on slice (505, 11) (remaining tasks 23)
2025-04-21 23:06:49,951 [DEBUG]  		found 1 col clusters (in 2.18307 secs)
2025-04-21 23:06:49,952 [DEBUG]  OP: Operation.SPLIT_COLUMNS on slice (136, 11) (remaining tasks 23)
2025-04-21 23:06:50,364 [DEBUG]  		found 1 col clusters (in 0.41164 secs)
2025-04-21 23:06:50,364 [DEBUG]  OP: Operation.SPLIT_COLUMNS on slice (528, 11) (remaining tasks 23)
2025-04-21 23:06:52,531 [DEBUG]  		found 1 col clusters (in 2.16696 secs)
2025-04-21 23:06:52,532 [DEBUG]  OP: Operation.SPLIT_COLUMNS on slice (461, 11) (remaining tasks 23)
2025-04-21 23:06:54,357 [DEBUG]  		found 1 col clusters (in 1.82494 secs)
2025-04-21 23:06:54,358 [DEBUG]  OP: Operation.SPLIT_COLUMNS on slice (565, 11) (remaining tasks 23)
2025-04-21 23:06:55,862 [DEBUG]  		found 1 col clusters (in 1.50459 secs)
2025-04-21 23:06:55,863 [DEBUG]  OP: Operation.SPLIT_COLUMNS on slice (770, 11) (remaining tasks 23)
2025-04-21 23:06:57,584 [DEBUG]  		found 1 col clusters (in 1.72077 secs)
2025-04-21 23:06:57,585 [DEBUG]  OP: Operation.SPLIT_COLUMNS on slice (243, 11) (remaining tasks 23)
2025-04-21 23:06:59,285 [DEBUG]  		found 1 col clusters (in 1.69983 secs)
2025-04-21 23:06:59,285 [DEBUG]  OP: Operation.SPLIT_COLUMNS on slice (243, 11) (remaining tasks 23)
2025-04-21 23:07:01,089 [DEBUG]  		found 1 col clusters (in 1.80370 secs)
2025-04-21 23:07:01,090 [DEBUG]  OP: Operation.SPLIT_COLUMNS on slice (172, 11) (remaining tasks 23)
2025-04-21 23:07:01,446 [DEBUG]  		found 1 col clusters (in 0.35598 secs)
2025-04-21 23:07:01,447 [DEBUG]  OP: Operation.SPLIT_COLUMNS on slice (152, 11) (remaining tasks 23)
2025-04-21 23:07:01,811 [DEBUG]  		found 1 col clusters (in 0.36442 secs)
2025-04-21 23:07:01,812 [DEBUG]  OP: Operation.SPLIT_COLUMNS on slice (398, 11) (remaining tasks 23)
2025-04-21 23:07:03,609 [DEBUG]  		found 1 col clusters (in 1.79708 secs)
2025-04-21 23:07:03,610 [DEBUG]  OP: Operation.SPLIT_COLUMNS on slice (255, 11) (remaining tasks 23)
2025-04-21 23:07:05,421 [DEBUG]  		found 1 col clusters (in 1.81094 secs)
2025-04-21 23:07:05,421 [DEBUG]  OP: Operation.SPLIT_COLUMNS on slice (403, 11) (remaining tasks 23)
2025-04-21 23:07:07,479 [DEBUG]  		found 1 col clusters (in 2.05746 secs)
2025-04-21 23:07:07,480 [DEBUG]  OP: Operation.SPLIT_COLUMNS on slice (351, 11) (remaining tasks 23)
2025-04-21 23:07:09,602 [DEBUG]  		found 1 col clusters (in 2.12202 secs)
2025-04-21 23:07:09,602 [DEBUG]  OP: Operation.SPLIT_ROWS on slice (86, 11) (remaining tasks 23)
2025-04-21 23:07:09,720 [DEBUG]  		found 2 row clusters (in 0.11726 secs)
2025-04-21 23:07:09,720 [DEBUG]  OP: Operation.SPLIT_ROWS on slice (115, 11) (remaining tasks 24)
2025-04-21 23:07:09,765 [DEBUG]  		found 2 row clusters (in 0.04503 secs)
2025-04-21 23:07:09,765 [DEBUG]  OP: Operation.SPLIT_COLUMNS on slice (552, 10) (remaining tasks 25)
2025-04-21 23:07:11,690 [DEBUG]  		found 1 col clusters (in 1.92432 secs)
2025-04-21 23:07:11,690 [DEBUG]  OP: Operation.CREATE_LEAF on slice (552, 1) (remaining tasks 25)
2025-04-21 23:07:11,691 [DEBUG]  		 created leaf IdentityNumericLeaf for scope=[6] (in 0.00044 secs)
2025-04-21 23:07:11,691 [DEBUG]  OP: Operation.SPLIT_ROWS on slice (220, 11) (remaining tasks 24)
2025-04-21 23:07:11,793 [DEBUG]  		found 2 row clusters (in 0.10197 secs)
2025-04-21 23:07:11,794 [DEBUG]  OP: Operation.SPLIT_ROWS on slice (82, 11) (remaining tasks 25)
2025-04-21 23:07:11,824 [DEBUG]  		found 2 row clusters (in 0.02956 secs)
2025-04-21 23:07:11,824 [DEBUG]  OP: Operation.SPLIT_ROWS on slice (119, 11) (remaining tasks 26)
2025-04-21 23:07:11,844 [DEBUG]  		found 2 row clusters (in 0.02025 secs)
2025-04-21 23:07:11,844 [DEBUG]  OP: Operation.SPLIT_ROWS on slice (107, 11) (remaining tasks 27)
2025-04-21 23:07:11,868 [DEBUG]  		found 2 row clusters (in 0.02392 secs)
2025-04-21 23:07:11,868 [DEBUG]  OP: Operation.SPLIT_ROWS on slice (460, 11) (remaining tasks 28)
2025-04-21 23:07:11,892 [DEBUG]  		found 2 row clusters (in 0.02370 secs)
2025-04-21 23:07:11,892 [DEBUG]  OP: Operation.SPLIT_ROWS on slice (75, 11) (remaining tasks 29)
2025-04-21 23:07:11,911 [DEBUG]  		found 2 row clusters (in 0.01846 secs)
2025-04-21 23:07:11,911 [DEBUG]  OP: Operation.SPLIT_ROWS on slice (505, 11) (remaining tasks 30)
2025-04-21 23:07:11,933 [DEBUG]  		found 2 row clusters (in 0.02208 secs)
2025-04-21 23:07:11,933 [DEBUG]  OP: Operation.SPLIT_ROWS on slice (136, 11) (remaining tasks 31)
2025-04-21 23:07:11,953 [DEBUG]  		found 2 row clusters (in 0.01927 secs)
2025-04-21 23:07:11,953 [DEBUG]  OP: Operation.SPLIT_ROWS on slice (528, 11) (remaining tasks 32)
2025-04-21 23:07:11,982 [DEBUG]  		found 2 row clusters (in 0.02903 secs)
2025-04-21 23:07:11,982 [DEBUG]  OP: Operation.SPLIT_ROWS on slice (461, 11) (remaining tasks 33)
2025-04-21 23:07:12,020 [DEBUG]  		found 2 row clusters (in 0.03792 secs)
2025-04-21 23:07:12,021 [DEBUG]  OP: Operation.SPLIT_ROWS on slice (565, 11) (remaining tasks 34)
2025-04-21 23:07:12,047 [DEBUG]  		found 2 row clusters (in 0.02601 secs)
2025-04-21 23:07:12,047 [DEBUG]  OP: Operation.SPLIT_ROWS on slice (770, 11) (remaining tasks 35)
2025-04-21 23:07:12,106 [DEBUG]  		found 2 row clusters (in 0.05948 secs)
2025-04-21 23:07:12,107 [DEBUG]  OP: Operation.SPLIT_ROWS on slice (243, 11) (remaining tasks 36)
2025-04-21 23:07:12,131 [DEBUG]  		found 2 row clusters (in 0.02379 secs)
2025-04-21 23:07:12,131 [DEBUG]  OP: Operation.SPLIT_ROWS on slice (243, 11) (remaining tasks 37)
2025-04-21 23:07:12,149 [DEBUG]  		found 2 row clusters (in 0.01815 secs)
2025-04-21 23:07:12,149 [DEBUG]  OP: Operation.SPLIT_ROWS on slice (172, 11) (remaining tasks 38)
2025-04-21 23:07:12,176 [DEBUG]  		found 2 row clusters (in 0.02702 secs)
2025-04-21 23:07:12,176 [DEBUG]  OP: Operation.SPLIT_ROWS on slice (152, 11) (remaining tasks 39)
2025-04-21 23:07:12,195 [DEBUG]  		found 2 row clusters (in 0.01879 secs)
2025-04-21 23:07:12,195 [DEBUG]  OP: Operation.SPLIT_ROWS on slice (398, 11) (remaining tasks 40)
2025-04-21 23:07:12,222 [DEBUG]  		found 2 row clusters (in 0.02612 secs)
2025-04-21 23:07:12,222 [DEBUG]  OP: Operation.SPLIT_ROWS on slice (255, 11) (remaining tasks 41)
2025-04-21 23:07:12,247 [DEBUG]  		found 2 row clusters (in 0.02507 secs)
2025-04-21 23:07:12,247 [DEBUG]  OP: Operation.SPLIT_ROWS on slice (403, 11) (remaining tasks 42)
2025-04-21 23:07:12,283 [DEBUG]  		found 2 row clusters (in 0.03622 secs)
2025-04-21 23:07:12,284 [DEBUG]  OP: Operation.SPLIT_ROWS on slice (351, 11) (remaining tasks 43)
2025-04-21 23:07:12,313 [DEBUG]  		found 2 row clusters (in 0.02941 secs)
2025-04-21 23:07:12,313 [DEBUG]  OP: Operation.NAIVE_FACTORIZATION on slice (15, 11) (remaining tasks 44)
2025-04-21 23:07:12,316 [DEBUG]  		naive factorization 11 columns (in 0.00254 secs)
2025-04-21 23:07:12,316 [DEBUG]  OP: Operation.NAIVE_FACTORIZATION on slice (71, 11) (remaining tasks 43)
2025-04-21 23:07:12,321 [DEBUG]  		naive factorization 11 columns (in 0.00488 secs)
2025-04-21 23:07:12,321 [DEBUG]  OP: Operation.NAIVE_FACTORIZATION on slice (70, 11) (remaining tasks 42)
2025-04-21 23:07:12,325 [DEBUG]  		naive factorization 11 columns (in 0.00392 secs)
2025-04-21 23:07:12,326 [DEBUG]  OP: Operation.NAIVE_FACTORIZATION on slice (45, 11) (remaining tasks 41)
2025-04-21 23:07:12,330 [DEBUG]  		naive factorization 11 columns (in 0.00440 secs)
2025-04-21 23:07:12,330 [DEBUG]  OP: Operation.SPLIT_ROWS on slice (552, 10) (remaining tasks 40)
2025-04-21 23:07:12,354 [DEBUG]  		found 2 row clusters (in 0.02368 secs)
2025-04-21 23:07:12,354 [DEBUG]  OP: Operation.SPLIT_COLUMNS on slice (152, 11) (remaining tasks 41)
2025-04-21 23:07:12,565 [DEBUG]  		found 1 col clusters (in 0.21041 secs)
2025-04-21 23:07:12,566 [DEBUG]  OP: Operation.NAIVE_FACTORIZATION on slice (68, 11) (remaining tasks 41)
2025-04-21 23:07:12,570 [DEBUG]  		naive factorization 11 columns (in 0.00437 secs)
2025-04-21 23:07:12,571 [DEBUG]  OP: Operation.NAIVE_FACTORIZATION on slice (51, 11) (remaining tasks 40)
2025-04-21 23:07:12,574 [DEBUG]  		naive factorization 11 columns (in 0.00321 secs)
2025-04-21 23:07:12,574 [DEBUG]  OP: Operation.NAIVE_FACTORIZATION on slice (31, 11) (remaining tasks 39)
2025-04-21 23:07:12,578 [DEBUG]  		naive factorization 11 columns (in 0.00367 secs)
2025-04-21 23:07:12,579 [DEBUG]  OP: Operation.SPLIT_COLUMNS on slice (101, 11) (remaining tasks 38)
2025-04-21 23:07:12,862 [DEBUG]  		found 1 col clusters (in 0.28301 secs)
2025-04-21 23:07:12,862 [DEBUG]  OP: Operation.NAIVE_FACTORIZATION on slice (18, 11) (remaining tasks 38)
2025-04-21 23:07:12,866 [DEBUG]  		naive factorization 11 columns (in 0.00363 secs)
2025-04-21 23:07:12,867 [DEBUG]  OP: Operation.SPLIT_COLUMNS on slice (92, 11) (remaining tasks 37)
2025-04-21 23:07:13,083 [DEBUG]  		found 1 col clusters (in 0.21655 secs)
2025-04-21 23:07:13,084 [DEBUG]  OP: Operation.NAIVE_FACTORIZATION on slice (15, 11) (remaining tasks 37)
2025-04-21 23:07:13,088 [DEBUG]  		naive factorization 11 columns (in 0.00393 secs)
2025-04-21 23:07:13,089 [DEBUG]  OP: Operation.SPLIT_COLUMNS on slice (308, 11) (remaining tasks 36)
2025-04-21 23:07:14,861 [DEBUG]  		found 1 col clusters (in 1.77226 secs)
2025-04-21 23:07:14,861 [DEBUG]  OP: Operation.SPLIT_COLUMNS on slice (152, 11) (remaining tasks 36)
2025-04-21 23:07:15,145 [DEBUG]  		found 1 col clusters (in 0.28350 secs)
2025-04-21 23:07:15,146 [DEBUG]  OP: Operation.NAIVE_FACTORIZATION on slice (47, 11) (remaining tasks 36)
2025-04-21 23:07:15,151 [DEBUG]  		naive factorization 11 columns (in 0.00489 secs)
2025-04-21 23:07:15,151 [DEBUG]  OP: Operation.NAIVE_FACTORIZATION on slice (28, 11) (remaining tasks 35)
2025-04-21 23:07:15,156 [DEBUG]  		naive factorization 11 columns (in 0.00467 secs)
2025-04-21 23:07:15,156 [DEBUG]  OP: Operation.SPLIT_COLUMNS on slice (253, 11) (remaining tasks 34)
2025-04-21 23:07:16,801 [DEBUG]  		found 1 col clusters (in 1.64420 secs)
2025-04-21 23:07:16,801 [DEBUG]  OP: Operation.SPLIT_COLUMNS on slice (252, 11) (remaining tasks 34)
2025-04-21 23:07:18,332 [DEBUG]  		found 1 col clusters (in 1.53076 secs)
2025-04-21 23:07:18,333 [DEBUG]  OP: Operation.NAIVE_FACTORIZATION on slice (57, 11) (remaining tasks 34)
2025-04-21 23:07:18,340 [DEBUG]  		naive factorization 11 columns (in 0.00675 secs)
2025-04-21 23:07:18,340 [DEBUG]  OP: Operation.SPLIT_COLUMNS on slice (79, 11) (remaining tasks 33)
2025-04-21 23:07:18,549 [DEBUG]  		found 1 col clusters (in 0.20853 secs)
2025-04-21 23:07:18,550 [DEBUG]  OP: Operation.SPLIT_COLUMNS on slice (179, 11) (remaining tasks 33)
2025-04-21 23:07:18,869 [DEBUG]  		found 1 col clusters (in 0.31912 secs)
2025-04-21 23:07:18,869 [DEBUG]  OP: Operation.SPLIT_COLUMNS on slice (349, 11) (remaining tasks 33)
2025-04-21 23:07:20,772 [DEBUG]  		found 1 col clusters (in 1.90264 secs)
2025-04-21 23:07:20,772 [DEBUG]  OP: Operation.SPLIT_COLUMNS on slice (139, 11) (remaining tasks 33)
2025-04-21 23:07:21,191 [DEBUG]  		found 1 col clusters (in 0.41889 secs)
2025-04-21 23:07:21,192 [DEBUG]  OP: Operation.SPLIT_COLUMNS on slice (322, 11) (remaining tasks 33)
2025-04-21 23:07:22,982 [DEBUG]  		found 1 col clusters (in 1.78971 secs)
2025-04-21 23:07:22,983 [DEBUG]  OP: Operation.SPLIT_COLUMNS on slice (272, 11) (remaining tasks 33)
2025-04-21 23:07:24,633 [DEBUG]  		found 1 col clusters (in 1.65066 secs)
2025-04-21 23:07:24,634 [DEBUG]  OP: Operation.SPLIT_COLUMNS on slice (293, 11) (remaining tasks 33)
2025-04-21 23:07:26,382 [DEBUG]  		found 1 col clusters (in 1.74755 secs)
2025-04-21 23:07:26,382 [DEBUG]  OP: Operation.SPLIT_COLUMNS on slice (467, 11) (remaining tasks 33)
2025-04-21 23:07:28,441 [DEBUG]  		found 1 col clusters (in 2.05861 secs)
2025-04-21 23:07:28,442 [DEBUG]  OP: Operation.SPLIT_COLUMNS on slice (303, 11) (remaining tasks 33)
2025-04-21 23:07:30,160 [DEBUG]  		found 1 col clusters (in 1.71797 secs)
2025-04-21 23:07:30,161 [DEBUG]  OP: Operation.SPLIT_COLUMNS on slice (155, 11) (remaining tasks 33)
2025-04-21 23:07:30,630 [DEBUG]  		found 1 col clusters (in 0.46888 secs)
2025-04-21 23:07:30,630 [DEBUG]  OP: Operation.SPLIT_COLUMNS on slice (88, 11) (remaining tasks 33)
2025-04-21 23:07:30,841 [DEBUG]  		found 1 col clusters (in 0.21115 secs)
2025-04-21 23:07:30,842 [DEBUG]  OP: Operation.SPLIT_COLUMNS on slice (157, 11) (remaining tasks 33)
2025-04-21 23:07:31,163 [DEBUG]  		found 1 col clusters (in 0.32090 secs)
2025-04-21 23:07:31,163 [DEBUG]  OP: Operation.SPLIT_COLUMNS on slice (86, 11) (remaining tasks 33)
2025-04-21 23:07:31,387 [DEBUG]  		found 1 col clusters (in 0.22390 secs)
2025-04-21 23:07:31,388 [DEBUG]  OP: Operation.SPLIT_COLUMNS on slice (101, 11) (remaining tasks 33)
2025-04-21 23:07:31,609 [DEBUG]  		found 1 col clusters (in 0.22084 secs)
2025-04-21 23:07:31,609 [DEBUG]  OP: Operation.NAIVE_FACTORIZATION on slice (71, 11) (remaining tasks 33)
2025-04-21 23:07:31,614 [DEBUG]  		naive factorization 11 columns (in 0.00421 secs)
2025-04-21 23:07:31,614 [DEBUG]  OP: Operation.SPLIT_COLUMNS on slice (99, 11) (remaining tasks 32)
2025-04-21 23:07:31,831 [DEBUG]  		found 1 col clusters (in 0.21632 secs)
2025-04-21 23:07:31,831 [DEBUG]  OP: Operation.NAIVE_FACTORIZATION on slice (53, 11) (remaining tasks 32)
2025-04-21 23:07:31,836 [DEBUG]  		naive factorization 11 columns (in 0.00461 secs)
2025-04-21 23:07:31,837 [DEBUG]  OP: Operation.SPLIT_COLUMNS on slice (191, 11) (remaining tasks 31)
2025-04-21 23:07:32,159 [DEBUG]  		found 1 col clusters (in 0.32238 secs)
2025-04-21 23:07:32,160 [DEBUG]  OP: Operation.SPLIT_COLUMNS on slice (207, 11) (remaining tasks 31)
2025-04-21 23:07:33,623 [DEBUG]  		found 1 col clusters (in 1.46324 secs)
2025-04-21 23:07:33,624 [DEBUG]  OP: Operation.SPLIT_COLUMNS on slice (92, 11) (remaining tasks 31)
2025-04-21 23:07:33,868 [DEBUG]  		found 1 col clusters (in 0.24378 secs)
2025-04-21 23:07:33,868 [DEBUG]  OP: Operation.SPLIT_COLUMNS on slice (163, 11) (remaining tasks 31)
2025-04-21 23:07:34,199 [DEBUG]  		found 1 col clusters (in 0.33101 secs)
2025-04-21 23:07:34,200 [DEBUG]  OP: Operation.SPLIT_COLUMNS on slice (241, 11) (remaining tasks 31)
2025-04-21 23:07:35,791 [DEBUG]  		found 1 col clusters (in 1.59067 secs)
2025-04-21 23:07:35,791 [DEBUG]  OP: Operation.SPLIT_COLUMNS on slice (162, 11) (remaining tasks 31)
2025-04-21 23:07:36,115 [DEBUG]  		found 1 col clusters (in 0.32375 secs)
2025-04-21 23:07:36,116 [DEBUG]  OP: Operation.SPLIT_COLUMNS on slice (114, 11) (remaining tasks 31)
2025-04-21 23:07:36,419 [DEBUG]  		found 1 col clusters (in 0.30295 secs)
2025-04-21 23:07:36,419 [DEBUG]  OP: Operation.SPLIT_COLUMNS on slice (237, 11) (remaining tasks 31)
2025-04-21 23:07:38,041 [DEBUG]  		found 1 col clusters (in 1.62164 secs)
2025-04-21 23:07:38,041 [DEBUG]  OP: Operation.SPLIT_COLUMNS on slice (324, 10) (remaining tasks 31)
2025-04-21 23:07:39,738 [DEBUG]  		found 1 col clusters (in 1.69623 secs)
2025-04-21 23:07:39,738 [DEBUG]  OP: Operation.SPLIT_COLUMNS on slice (228, 10) (remaining tasks 31)
2025-04-21 23:07:41,128 [DEBUG]  		found 1 col clusters (in 1.38933 secs)
2025-04-21 23:07:41,128 [DEBUG]  OP: Operation.SPLIT_ROWS on slice (152, 11) (remaining tasks 31)
2025-04-21 23:07:41,213 [DEBUG]  		found 2 row clusters (in 0.08474 secs)
2025-04-21 23:07:41,213 [DEBUG]  OP: Operation.SPLIT_ROWS on slice (101, 11) (remaining tasks 32)
2025-04-21 23:07:41,240 [DEBUG]  		found 2 row clusters (in 0.02666 secs)
2025-04-21 23:07:41,240 [DEBUG]  OP: Operation.SPLIT_ROWS on slice (92, 11) (remaining tasks 33)
2025-04-21 23:07:41,262 [DEBUG]  		found 2 row clusters (in 0.02122 secs)
2025-04-21 23:07:41,262 [DEBUG]  OP: Operation.SPLIT_ROWS on slice (308, 11) (remaining tasks 34)
2025-04-21 23:07:41,288 [DEBUG]  		found 2 row clusters (in 0.02541 secs)
2025-04-21 23:07:41,288 [DEBUG]  OP: Operation.SPLIT_ROWS on slice (152, 11) (remaining tasks 35)
2025-04-21 23:07:41,307 [DEBUG]  		found 2 row clusters (in 0.01939 secs)
2025-04-21 23:07:41,307 [DEBUG]  OP: Operation.SPLIT_ROWS on slice (253, 11) (remaining tasks 36)
2025-04-21 23:07:41,331 [DEBUG]  		found 2 row clusters (in 0.02330 secs)
2025-04-21 23:07:41,331 [DEBUG]  OP: Operation.SPLIT_ROWS on slice (252, 11) (remaining tasks 37)
2025-04-21 23:07:41,361 [DEBUG]  		found 2 row clusters (in 0.03033 secs)
2025-04-21 23:07:41,362 [DEBUG]  OP: Operation.SPLIT_ROWS on slice (79, 11) (remaining tasks 38)
2025-04-21 23:07:41,376 [DEBUG]  		found 2 row clusters (in 0.01453 secs)
2025-04-21 23:07:41,376 [DEBUG]  OP: Operation.SPLIT_ROWS on slice (179, 11) (remaining tasks 39)
2025-04-21 23:07:41,393 [DEBUG]  		found 2 row clusters (in 0.01639 secs)
2025-04-21 23:07:41,393 [DEBUG]  OP: Operation.SPLIT_ROWS on slice (349, 11) (remaining tasks 40)
2025-04-21 23:07:41,415 [DEBUG]  		found 2 row clusters (in 0.02198 secs)
2025-04-21 23:07:41,415 [DEBUG]  OP: Operation.SPLIT_ROWS on slice (139, 11) (remaining tasks 41)
2025-04-21 23:07:41,431 [DEBUG]  		found 2 row clusters (in 0.01618 secs)
2025-04-21 23:07:41,432 [DEBUG]  OP: Operation.SPLIT_ROWS on slice (322, 11) (remaining tasks 42)
2025-04-21 23:07:41,459 [DEBUG]  		found 2 row clusters (in 0.02763 secs)
2025-04-21 23:07:41,460 [DEBUG]  OP: Operation.SPLIT_ROWS on slice (272, 11) (remaining tasks 43)
2025-04-21 23:07:41,478 [DEBUG]  		found 2 row clusters (in 0.01804 secs)
2025-04-21 23:07:41,478 [DEBUG]  OP: Operation.SPLIT_ROWS on slice (293, 11) (remaining tasks 44)
2025-04-21 23:07:41,501 [DEBUG]  		found 2 row clusters (in 0.02292 secs)
2025-04-21 23:07:41,501 [DEBUG]  OP: Operation.SPLIT_ROWS on slice (467, 11) (remaining tasks 45)
2025-04-21 23:07:41,530 [DEBUG]  		found 2 row clusters (in 0.02892 secs)
2025-04-21 23:07:41,530 [DEBUG]  OP: Operation.SPLIT_ROWS on slice (303, 11) (remaining tasks 46)
2025-04-21 23:07:41,562 [DEBUG]  		found 2 row clusters (in 0.03149 secs)
2025-04-21 23:07:41,562 [DEBUG]  OP: Operation.SPLIT_ROWS on slice (155, 11) (remaining tasks 47)
2025-04-21 23:07:41,580 [DEBUG]  		found 2 row clusters (in 0.01837 secs)
2025-04-21 23:07:41,581 [DEBUG]  OP: Operation.SPLIT_ROWS on slice (88, 11) (remaining tasks 48)
2025-04-21 23:07:41,599 [DEBUG]  		found 2 row clusters (in 0.01786 secs)
2025-04-21 23:07:41,599 [DEBUG]  OP: Operation.SPLIT_ROWS on slice (157, 11) (remaining tasks 49)
2025-04-21 23:07:41,617 [DEBUG]  		found 2 row clusters (in 0.01769 secs)
2025-04-21 23:07:41,617 [DEBUG]  OP: Operation.SPLIT_ROWS on slice (86, 11) (remaining tasks 50)
2025-04-21 23:07:41,632 [DEBUG]  		found 2 row clusters (in 0.01525 secs)
2025-04-21 23:07:41,632 [DEBUG]  OP: Operation.SPLIT_ROWS on slice (101, 11) (remaining tasks 51)
2025-04-21 23:07:41,652 [DEBUG]  		found 2 row clusters (in 0.02011 secs)
2025-04-21 23:07:41,653 [DEBUG]  OP: Operation.SPLIT_ROWS on slice (99, 11) (remaining tasks 52)
2025-04-21 23:07:41,671 [DEBUG]  		found 2 row clusters (in 0.01862 secs)
2025-04-21 23:07:41,671 [DEBUG]  OP: Operation.SPLIT_ROWS on slice (191, 11) (remaining tasks 53)
2025-04-21 23:07:41,692 [DEBUG]  		found 2 row clusters (in 0.02089 secs)
2025-04-21 23:07:41,693 [DEBUG]  OP: Operation.SPLIT_ROWS on slice (207, 11) (remaining tasks 54)
2025-04-21 23:07:41,715 [DEBUG]  		found 2 row clusters (in 0.02259 secs)
2025-04-21 23:07:41,715 [DEBUG]  OP: Operation.SPLIT_ROWS on slice (92, 11) (remaining tasks 55)
2025-04-21 23:07:41,731 [DEBUG]  		found 2 row clusters (in 0.01587 secs)
2025-04-21 23:07:41,732 [DEBUG]  OP: Operation.SPLIT_ROWS on slice (163, 11) (remaining tasks 56)
2025-04-21 23:07:41,756 [DEBUG]  		found 2 row clusters (in 0.02471 secs)
2025-04-21 23:07:41,757 [DEBUG]  OP: Operation.SPLIT_ROWS on slice (241, 11) (remaining tasks 57)
2025-04-21 23:07:41,782 [DEBUG]  		found 2 row clusters (in 0.02517 secs)
2025-04-21 23:07:41,782 [DEBUG]  OP: Operation.SPLIT_ROWS on slice (162, 11) (remaining tasks 58)
2025-04-21 23:07:41,799 [DEBUG]  		found 2 row clusters (in 0.01688 secs)
2025-04-21 23:07:41,799 [DEBUG]  OP: Operation.SPLIT_ROWS on slice (114, 11) (remaining tasks 59)
2025-04-21 23:07:41,817 [DEBUG]  		found 2 row clusters (in 0.01764 secs)
2025-04-21 23:07:41,817 [DEBUG]  OP: Operation.SPLIT_ROWS on slice (237, 11) (remaining tasks 60)
2025-04-21 23:07:41,840 [DEBUG]  		found 2 row clusters (in 0.02307 secs)
2025-04-21 23:07:41,840 [DEBUG]  OP: Operation.SPLIT_ROWS on slice (324, 10) (remaining tasks 61)
2025-04-21 23:07:41,870 [DEBUG]  		found 2 row clusters (in 0.02952 secs)
2025-04-21 23:07:41,870 [DEBUG]  OP: Operation.SPLIT_ROWS on slice (228, 10) (remaining tasks 62)
2025-04-21 23:07:41,895 [DEBUG]  		found 2 row clusters (in 0.02451 secs)
2025-04-21 23:07:41,895 [DEBUG]  OP: Operation.SPLIT_COLUMNS on slice (111, 11) (remaining tasks 63)
2025-04-21 23:07:42,110 [DEBUG]  		found 1 col clusters (in 0.21524 secs)
2025-04-21 23:07:42,111 [DEBUG]  OP: Operation.NAIVE_FACTORIZATION on slice (41, 11) (remaining tasks 63)
2025-04-21 23:07:42,115 [DEBUG]  		naive factorization 11 columns (in 0.00389 secs)
2025-04-21 23:07:42,115 [DEBUG]  OP: Operation.NAIVE_FACTORIZATION on slice (45, 11) (remaining tasks 62)
2025-04-21 23:07:42,119 [DEBUG]  		naive factorization 11 columns (in 0.00376 secs)
2025-04-21 23:07:42,120 [DEBUG]  OP: Operation.NAIVE_FACTORIZATION on slice (56, 11) (remaining tasks 61)
2025-04-21 23:07:42,124 [DEBUG]  		naive factorization 11 columns (in 0.00441 secs)
2025-04-21 23:07:42,125 [DEBUG]  OP: Operation.NAIVE_FACTORIZATION on slice (42, 11) (remaining tasks 60)
2025-04-21 23:07:42,129 [DEBUG]  		naive factorization 11 columns (in 0.00385 secs)
2025-04-21 23:07:42,130 [DEBUG]  OP: Operation.NAIVE_FACTORIZATION on slice (50, 11) (remaining tasks 59)
2025-04-21 23:07:42,134 [DEBUG]  		naive factorization 11 columns (in 0.00390 secs)
2025-04-21 23:07:42,134 [DEBUG]  OP: Operation.SPLIT_COLUMNS on slice (153, 11) (remaining tasks 58)
2025-04-21 23:07:42,451 [DEBUG]  		found 1 col clusters (in 0.31701 secs)
2025-04-21 23:07:42,452 [DEBUG]  OP: Operation.SPLIT_COLUMNS on slice (155, 11) (remaining tasks 58)
2025-04-21 23:07:42,726 [DEBUG]  		found 1 col clusters (in 0.27389 secs)
2025-04-21 23:07:42,726 [DEBUG]  OP: Operation.SPLIT_COLUMNS on slice (115, 11) (remaining tasks 58)
2025-04-21 23:07:43,049 [DEBUG]  		found 1 col clusters (in 0.32280 secs)
2025-04-21 23:07:43,050 [DEBUG]  OP: Operation.NAIVE_FACTORIZATION on slice (37, 11) (remaining tasks 58)
2025-04-21 23:07:43,054 [DEBUG]  		naive factorization 11 columns (in 0.00341 secs)
2025-04-21 23:07:43,054 [DEBUG]  OP: Operation.SPLIT_COLUMNS on slice (175, 11) (remaining tasks 57)
2025-04-21 23:07:43,372 [DEBUG]  		found 1 col clusters (in 0.31767 secs)
2025-04-21 23:07:43,372 [DEBUG]  OP: Operation.SPLIT_COLUMNS on slice (78, 11) (remaining tasks 57)
2025-04-21 23:07:43,635 [DEBUG]  		found 1 col clusters (in 0.26225 secs)
2025-04-21 23:07:43,635 [DEBUG]  OP: Operation.SPLIT_COLUMNS on slice (96, 11) (remaining tasks 57)
2025-04-21 23:07:43,954 [DEBUG]  		found 1 col clusters (in 0.31847 secs)
2025-04-21 23:07:43,954 [DEBUG]  OP: Operation.SPLIT_COLUMNS on slice (156, 11) (remaining tasks 57)
2025-04-21 23:07:44,279 [DEBUG]  		found 1 col clusters (in 0.32501 secs)
2025-04-21 23:07:44,280 [DEBUG]  OP: Operation.NAIVE_FACTORIZATION on slice (52, 11) (remaining tasks 57)
2025-04-21 23:07:44,284 [DEBUG]  		naive factorization 11 columns (in 0.00408 secs)
2025-04-21 23:07:44,285 [DEBUG]  OP: Operation.NAIVE_FACTORIZATION on slice (27, 11) (remaining tasks 56)
2025-04-21 23:07:44,288 [DEBUG]  		naive factorization 11 columns (in 0.00351 secs)
2025-04-21 23:07:44,289 [DEBUG]  OP: Operation.NAIVE_FACTORIZATION on slice (52, 11) (remaining tasks 55)
2025-04-21 23:07:44,292 [DEBUG]  		naive factorization 11 columns (in 0.00335 secs)
2025-04-21 23:07:44,293 [DEBUG]  OP: Operation.SPLIT_COLUMNS on slice (127, 11) (remaining tasks 54)
2025-04-21 23:07:44,530 [DEBUG]  		found 1 col clusters (in 0.23759 secs)
2025-04-21 23:07:44,531 [DEBUG]  OP: Operation.SPLIT_COLUMNS on slice (187, 11) (remaining tasks 54)
2025-04-21 23:07:44,851 [DEBUG]  		found 1 col clusters (in 0.31979 secs)
2025-04-21 23:07:44,851 [DEBUG]  OP: Operation.SPLIT_COLUMNS on slice (162, 11) (remaining tasks 54)
2025-04-21 23:07:45,211 [DEBUG]  		found 1 col clusters (in 0.35932 secs)
2025-04-21 23:07:45,211 [DEBUG]  OP: Operation.SPLIT_COLUMNS on slice (80, 11) (remaining tasks 54)
2025-04-21 23:07:45,487 [DEBUG]  		found 1 col clusters (in 0.27575 secs)
2025-04-21 23:07:45,488 [DEBUG]  OP: Operation.NAIVE_FACTORIZATION on slice (59, 11) (remaining tasks 54)
2025-04-21 23:07:45,493 [DEBUG]  		naive factorization 11 columns (in 0.00472 secs)
2025-04-21 23:07:45,493 [DEBUG]  OP: Operation.SPLIT_COLUMNS on slice (121, 11) (remaining tasks 53)
2025-04-21 23:07:45,828 [DEBUG]  		found 1 col clusters (in 0.33422 secs)
2025-04-21 23:07:45,828 [DEBUG]  OP: Operation.SPLIT_COLUMNS on slice (201, 11) (remaining tasks 53)
2025-04-21 23:07:47,304 [DEBUG]  		found 1 col clusters (in 1.47536 secs)
2025-04-21 23:07:47,304 [DEBUG]  OP: Operation.SPLIT_COLUMNS on slice (149, 11) (remaining tasks 53)
2025-04-21 23:07:47,690 [DEBUG]  		found 1 col clusters (in 0.38616 secs)
2025-04-21 23:07:47,691 [DEBUG]  OP: Operation.SPLIT_COLUMNS on slice (123, 11) (remaining tasks 53)
2025-04-21 23:07:47,931 [DEBUG]  		found 1 col clusters (in 0.23986 secs)
2025-04-21 23:07:47,931 [DEBUG]  OP: Operation.SPLIT_COLUMNS on slice (117, 11) (remaining tasks 53)
2025-04-21 23:07:48,149 [DEBUG]  		found 1 col clusters (in 0.21775 secs)
2025-04-21 23:07:48,150 [DEBUG]  OP: Operation.SPLIT_COLUMNS on slice (176, 11) (remaining tasks 53)
2025-04-21 23:07:48,471 [DEBUG]  		found 1 col clusters (in 0.32105 secs)
2025-04-21 23:07:48,471 [DEBUG]  OP: Operation.SPLIT_COLUMNS on slice (235, 11) (remaining tasks 53)
2025-04-21 23:07:50,041 [DEBUG]  		found 1 col clusters (in 1.56947 secs)
2025-04-21 23:07:50,041 [DEBUG]  OP: Operation.SPLIT_COLUMNS on slice (232, 11) (remaining tasks 53)
2025-04-21 23:07:51,810 [DEBUG]  		found 1 col clusters (in 1.76872 secs)
2025-04-21 23:07:51,811 [DEBUG]  OP: Operation.SPLIT_COLUMNS on slice (106, 11) (remaining tasks 53)
2025-04-21 23:07:52,087 [DEBUG]  		found 1 col clusters (in 0.27558 secs)
2025-04-21 23:07:52,087 [DEBUG]  OP: Operation.SPLIT_COLUMNS on slice (197, 11) (remaining tasks 53)
2025-04-21 23:07:53,593 [DEBUG]  		found 1 col clusters (in 1.50622 secs)
2025-04-21 23:07:53,594 [DEBUG]  OP: Operation.NAIVE_FACTORIZATION on slice (61, 11) (remaining tasks 53)
2025-04-21 23:07:53,599 [DEBUG]  		naive factorization 11 columns (in 0.00531 secs)
2025-04-21 23:07:53,600 [DEBUG]  OP: Operation.SPLIT_COLUMNS on slice (94, 11) (remaining tasks 52)
2025-04-21 23:07:53,821 [DEBUG]  		found 1 col clusters (in 0.22125 secs)
2025-04-21 23:07:53,822 [DEBUG]  OP: Operation.NAIVE_FACTORIZATION on slice (44, 11) (remaining tasks 52)
2025-04-21 23:07:53,827 [DEBUG]  		naive factorization 11 columns (in 0.00474 secs)
2025-04-21 23:07:53,827 [DEBUG]  OP: Operation.NAIVE_FACTORIZATION on slice (44, 11) (remaining tasks 51)
2025-04-21 23:07:53,832 [DEBUG]  		naive factorization 11 columns (in 0.00425 secs)
2025-04-21 23:07:53,832 [DEBUG]  OP: Operation.SPLIT_COLUMNS on slice (78, 11) (remaining tasks 50)
2025-04-21 23:07:54,056 [DEBUG]  		found 1 col clusters (in 0.22341 secs)
2025-04-21 23:07:54,056 [DEBUG]  OP: Operation.SPLIT_COLUMNS on slice (79, 11) (remaining tasks 50)
2025-04-21 23:07:54,277 [DEBUG]  		found 1 col clusters (in 0.22015 secs)
2025-04-21 23:07:54,277 [DEBUG]  OP: Operation.NAIVE_FACTORIZATION on slice (46, 11) (remaining tasks 50)
2025-04-21 23:07:54,282 [DEBUG]  		naive factorization 11 columns (in 0.00447 secs)
2025-04-21 23:07:54,282 [DEBUG]  OP: Operation.NAIVE_FACTORIZATION on slice (40, 11) (remaining tasks 49)
2025-04-21 23:07:54,287 [DEBUG]  		naive factorization 11 columns (in 0.00467 secs)
2025-04-21 23:07:54,288 [DEBUG]  OP: Operation.NAIVE_FACTORIZATION on slice (18, 11) (remaining tasks 48)
2025-04-21 23:07:54,292 [DEBUG]  		naive factorization 11 columns (in 0.00368 secs)
2025-04-21 23:07:54,292 [DEBUG]  OP: Operation.SPLIT_COLUMNS on slice (83, 11) (remaining tasks 47)
2025-04-21 23:07:54,512 [DEBUG]  		found 1 col clusters (in 0.22001 secs)
2025-04-21 23:07:54,513 [DEBUG]  OP: Operation.NAIVE_FACTORIZATION on slice (49, 11) (remaining tasks 47)
2025-04-21 23:07:54,518 [DEBUG]  		naive factorization 11 columns (in 0.00454 secs)
2025-04-21 23:07:54,518 [DEBUG]  OP: Operation.NAIVE_FACTORIZATION on slice (50, 11) (remaining tasks 46)
2025-04-21 23:07:54,523 [DEBUG]  		naive factorization 11 columns (in 0.00480 secs)
2025-04-21 23:07:54,524 [DEBUG]  OP: Operation.SPLIT_COLUMNS on slice (84, 11) (remaining tasks 45)
2025-04-21 23:07:54,845 [DEBUG]  		found 1 col clusters (in 0.32062 secs)
2025-04-21 23:07:54,845 [DEBUG]  OP: Operation.SPLIT_COLUMNS on slice (107, 11) (remaining tasks 45)
2025-04-21 23:07:55,067 [DEBUG]  		found 1 col clusters (in 0.22212 secs)
2025-04-21 23:07:55,068 [DEBUG]  OP: Operation.SPLIT_COLUMNS on slice (79, 11) (remaining tasks 45)
2025-04-21 23:07:55,293 [DEBUG]  		found 1 col clusters (in 0.22463 secs)
2025-04-21 23:07:55,293 [DEBUG]  OP: Operation.SPLIT_COLUMNS on slice (128, 11) (remaining tasks 45)
2025-04-21 23:07:55,611 [DEBUG]  		found 1 col clusters (in 0.31782 secs)
2025-04-21 23:07:55,612 [DEBUG]  OP: Operation.NAIVE_FACTORIZATION on slice (68, 11) (remaining tasks 45)
2025-04-21 23:07:55,617 [DEBUG]  		naive factorization 11 columns (in 0.00538 secs)
2025-04-21 23:07:55,618 [DEBUG]  OP: Operation.NAIVE_FACTORIZATION on slice (24, 11) (remaining tasks 44)
2025-04-21 23:07:55,621 [DEBUG]  		naive factorization 11 columns (in 0.00307 secs)
2025-04-21 23:07:55,621 [DEBUG]  OP: Operation.SPLIT_COLUMNS on slice (81, 11) (remaining tasks 43)
2025-04-21 23:07:55,870 [DEBUG]  		found 1 col clusters (in 0.24874 secs)
2025-04-21 23:07:55,871 [DEBUG]  OP: Operation.SPLIT_COLUMNS on slice (82, 11) (remaining tasks 43)
2025-04-21 23:07:56,090 [DEBUG]  		found 1 col clusters (in 0.21875 secs)
2025-04-21 23:07:56,090 [DEBUG]  OP: Operation.SPLIT_COLUMNS on slice (118, 11) (remaining tasks 43)
2025-04-21 23:07:56,320 [DEBUG]  		found 1 col clusters (in 0.22955 secs)
2025-04-21 23:07:56,321 [DEBUG]  OP: Operation.SPLIT_COLUMNS on slice (123, 11) (remaining tasks 43)
2025-04-21 23:07:56,549 [DEBUG]  		found 1 col clusters (in 0.22785 secs)
2025-04-21 23:07:56,549 [DEBUG]  OP: Operation.SPLIT_COLUMNS on slice (89, 11) (remaining tasks 43)
2025-04-21 23:07:56,798 [DEBUG]  		found 1 col clusters (in 0.24835 secs)
2025-04-21 23:07:56,798 [DEBUG]  OP: Operation.NAIVE_FACTORIZATION on slice (73, 11) (remaining tasks 43)
2025-04-21 23:07:56,802 [DEBUG]  		naive factorization 11 columns (in 0.00403 secs)
2025-04-21 23:07:56,803 [DEBUG]  OP: Operation.NAIVE_FACTORIZATION on slice (57, 11) (remaining tasks 42)
2025-04-21 23:07:56,807 [DEBUG]  		naive factorization 11 columns (in 0.00396 secs)
2025-04-21 23:07:56,808 [DEBUG]  OP: Operation.NAIVE_FACTORIZATION on slice (57, 11) (remaining tasks 41)
2025-04-21 23:07:56,812 [DEBUG]  		naive factorization 11 columns (in 0.00405 secs)
2025-04-21 23:07:56,812 [DEBUG]  OP: Operation.SPLIT_COLUMNS on slice (170, 11) (remaining tasks 40)
2025-04-21 23:07:57,133 [DEBUG]  		found 1 col clusters (in 0.31989 secs)
2025-04-21 23:07:57,133 [DEBUG]  OP: Operation.NAIVE_FACTORIZATION on slice (67, 11) (remaining tasks 40)
2025-04-21 23:07:57,139 [DEBUG]  		naive factorization 11 columns (in 0.00526 secs)
2025-04-21 23:07:57,139 [DEBUG]  OP: Operation.SPLIT_COLUMNS on slice (130, 10) (remaining tasks 39)
2025-04-21 23:07:57,414 [DEBUG]  		found 1 col clusters (in 0.27478 secs)
2025-04-21 23:07:57,414 [DEBUG]  OP: Operation.SPLIT_COLUMNS on slice (194, 10) (remaining tasks 39)
2025-04-21 23:07:58,828 [DEBUG]  		found 1 col clusters (in 1.41373 secs)
2025-04-21 23:07:58,829 [DEBUG]  OP: Operation.SPLIT_COLUMNS on slice (129, 10) (remaining tasks 39)
2025-04-21 23:07:59,091 [DEBUG]  		found 1 col clusters (in 0.26190 secs)
2025-04-21 23:07:59,091 [DEBUG]  OP: Operation.SPLIT_COLUMNS on slice (99, 10) (remaining tasks 39)
2025-04-21 23:07:59,339 [DEBUG]  		found 1 col clusters (in 0.24791 secs)
2025-04-21 23:07:59,339 [DEBUG]  OP: Operation.SPLIT_ROWS on slice (111, 11) (remaining tasks 39)
2025-04-21 23:07:59,389 [DEBUG]  		found 2 row clusters (in 0.04963 secs)
2025-04-21 23:07:59,390 [DEBUG]  OP: Operation.SPLIT_ROWS on slice (153, 11) (remaining tasks 40)
2025-04-21 23:07:59,425 [DEBUG]  		found 2 row clusters (in 0.03555 secs)
2025-04-21 23:07:59,426 [DEBUG]  OP: Operation.SPLIT_ROWS on slice (155, 11) (remaining tasks 41)
2025-04-21 23:07:59,455 [DEBUG]  		found 2 row clusters (in 0.02900 secs)
2025-04-21 23:07:59,455 [DEBUG]  OP: Operation.SPLIT_ROWS on slice (115, 11) (remaining tasks 42)
2025-04-21 23:07:59,472 [DEBUG]  		found 2 row clusters (in 0.01705 secs)
2025-04-21 23:07:59,472 [DEBUG]  OP: Operation.SPLIT_ROWS on slice (175, 11) (remaining tasks 43)
2025-04-21 23:07:59,497 [DEBUG]  		found 2 row clusters (in 0.02454 secs)
2025-04-21 23:07:59,497 [DEBUG]  OP: Operation.SPLIT_ROWS on slice (78, 11) (remaining tasks 44)
2025-04-21 23:07:59,513 [DEBUG]  		found 2 row clusters (in 0.01630 secs)
2025-04-21 23:07:59,514 [DEBUG]  OP: Operation.SPLIT_ROWS on slice (96, 11) (remaining tasks 45)
2025-04-21 23:07:59,533 [DEBUG]  		found 2 row clusters (in 0.01956 secs)
2025-04-21 23:07:59,533 [DEBUG]  OP: Operation.SPLIT_ROWS on slice (156, 11) (remaining tasks 46)
2025-04-21 23:07:59,553 [DEBUG]  		found 2 row clusters (in 0.01964 secs)
2025-04-21 23:07:59,553 [DEBUG]  OP: Operation.SPLIT_ROWS on slice (127, 11) (remaining tasks 47)
2025-04-21 23:07:59,573 [DEBUG]  		found 2 row clusters (in 0.01983 secs)
2025-04-21 23:07:59,573 [DEBUG]  OP: Operation.SPLIT_ROWS on slice (187, 11) (remaining tasks 48)
2025-04-21 23:07:59,592 [DEBUG]  		found 2 row clusters (in 0.01884 secs)
2025-04-21 23:07:59,593 [DEBUG]  OP: Operation.SPLIT_ROWS on slice (162, 11) (remaining tasks 49)
2025-04-21 23:07:59,612 [DEBUG]  		found 2 row clusters (in 0.01952 secs)
2025-04-21 23:07:59,612 [DEBUG]  OP: Operation.SPLIT_ROWS on slice (80, 11) (remaining tasks 50)
2025-04-21 23:07:59,630 [DEBUG]  		found 2 row clusters (in 0.01810 secs)
2025-04-21 23:07:59,631 [DEBUG]  OP: Operation.SPLIT_ROWS on slice (121, 11) (remaining tasks 51)
2025-04-21 23:07:59,646 [DEBUG]  		found 2 row clusters (in 0.01557 secs)
2025-04-21 23:07:59,647 [DEBUG]  OP: Operation.SPLIT_ROWS on slice (201, 11) (remaining tasks 52)
2025-04-21 23:07:59,673 [DEBUG]  		found 2 row clusters (in 0.02675 secs)
2025-04-21 23:07:59,674 [DEBUG]  OP: Operation.SPLIT_ROWS on slice (149, 11) (remaining tasks 53)
2025-04-21 23:07:59,695 [DEBUG]  		found 2 row clusters (in 0.02114 secs)
2025-04-21 23:07:59,695 [DEBUG]  OP: Operation.SPLIT_ROWS on slice (123, 11) (remaining tasks 54)
2025-04-21 23:07:59,714 [DEBUG]  		found 2 row clusters (in 0.01896 secs)
2025-04-21 23:07:59,714 [DEBUG]  OP: Operation.SPLIT_ROWS on slice (117, 11) (remaining tasks 55)
2025-04-21 23:07:59,729 [DEBUG]  		found 2 row clusters (in 0.01458 secs)
2025-04-21 23:07:59,729 [DEBUG]  OP: Operation.SPLIT_ROWS on slice (176, 11) (remaining tasks 56)
2025-04-21 23:07:59,748 [DEBUG]  		found 2 row clusters (in 0.01874 secs)
2025-04-21 23:07:59,748 [DEBUG]  OP: Operation.SPLIT_ROWS on slice (235, 11) (remaining tasks 57)
2025-04-21 23:07:59,766 [DEBUG]  		found 2 row clusters (in 0.01801 secs)
2025-04-21 23:07:59,766 [DEBUG]  OP: Operation.SPLIT_ROWS on slice (232, 11) (remaining tasks 58)
2025-04-21 23:07:59,788 [DEBUG]  		found 2 row clusters (in 0.02197 secs)
2025-04-21 23:07:59,789 [DEBUG]  OP: Operation.SPLIT_ROWS on slice (106, 11) (remaining tasks 59)
2025-04-21 23:07:59,808 [DEBUG]  		found 2 row clusters (in 0.01927 secs)
2025-04-21 23:07:59,808 [DEBUG]  OP: Operation.SPLIT_ROWS on slice (197, 11) (remaining tasks 60)
2025-04-21 23:07:59,832 [DEBUG]  		found 2 row clusters (in 0.02387 secs)
2025-04-21 23:07:59,832 [DEBUG]  OP: Operation.SPLIT_ROWS on slice (94, 11) (remaining tasks 61)
2025-04-21 23:07:59,853 [DEBUG]  		found 2 row clusters (in 0.02022 secs)
2025-04-21 23:07:59,853 [DEBUG]  OP: Operation.SPLIT_ROWS on slice (78, 11) (remaining tasks 62)
2025-04-21 23:07:59,869 [DEBUG]  		found 2 row clusters (in 0.01621 secs)
2025-04-21 23:07:59,869 [DEBUG]  OP: Operation.SPLIT_ROWS on slice (79, 11) (remaining tasks 63)
2025-04-21 23:07:59,887 [DEBUG]  		found 2 row clusters (in 0.01798 secs)
2025-04-21 23:07:59,887 [DEBUG]  OP: Operation.SPLIT_ROWS on slice (83, 11) (remaining tasks 64)
2025-04-21 23:07:59,904 [DEBUG]  		found 2 row clusters (in 0.01663 secs)
2025-04-21 23:07:59,904 [DEBUG]  OP: Operation.SPLIT_ROWS on slice (84, 11) (remaining tasks 65)
2025-04-21 23:07:59,922 [DEBUG]  		found 2 row clusters (in 0.01799 secs)
2025-04-21 23:07:59,923 [DEBUG]  OP: Operation.SPLIT_ROWS on slice (107, 11) (remaining tasks 66)
2025-04-21 23:07:59,942 [DEBUG]  		found 2 row clusters (in 0.01930 secs)
2025-04-21 23:07:59,942 [DEBUG]  OP: Operation.SPLIT_ROWS on slice (79, 11) (remaining tasks 67)
2025-04-21 23:07:59,956 [DEBUG]  		found 2 row clusters (in 0.01388 secs)
2025-04-21 23:07:59,956 [DEBUG]  OP: Operation.SPLIT_ROWS on slice (128, 11) (remaining tasks 68)
2025-04-21 23:07:59,982 [DEBUG]  		found 2 row clusters (in 0.02524 secs)
2025-04-21 23:07:59,982 [DEBUG]  OP: Operation.SPLIT_ROWS on slice (81, 11) (remaining tasks 69)
2025-04-21 23:07:59,999 [DEBUG]  		found 2 row clusters (in 0.01668 secs)
2025-04-21 23:07:59,999 [DEBUG]  OP: Operation.SPLIT_ROWS on slice (82, 11) (remaining tasks 70)
2025-04-21 23:08:00,021 [DEBUG]  		found 2 row clusters (in 0.02221 secs)
2025-04-21 23:08:00,021 [DEBUG]  OP: Operation.SPLIT_ROWS on slice (118, 11) (remaining tasks 71)
2025-04-21 23:08:00,042 [DEBUG]  		found 2 row clusters (in 0.02035 secs)
2025-04-21 23:08:00,042 [DEBUG]  OP: Operation.SPLIT_ROWS on slice (123, 11) (remaining tasks 72)
2025-04-21 23:08:00,066 [DEBUG]  		found 2 row clusters (in 0.02367 secs)
2025-04-21 23:08:00,066 [DEBUG]  OP: Operation.SPLIT_ROWS on slice (89, 11) (remaining tasks 73)
2025-04-21 23:08:00,085 [DEBUG]  		found 2 row clusters (in 0.01893 secs)
2025-04-21 23:08:00,085 [DEBUG]  OP: Operation.SPLIT_ROWS on slice (170, 11) (remaining tasks 74)
2025-04-21 23:08:00,106 [DEBUG]  		found 2 row clusters (in 0.02069 secs)
2025-04-21 23:08:00,106 [DEBUG]  OP: Operation.SPLIT_ROWS on slice (130, 10) (remaining tasks 75)
2025-04-21 23:08:00,132 [DEBUG]  		found 2 row clusters (in 0.02565 secs)
2025-04-21 23:08:00,132 [DEBUG]  OP: Operation.SPLIT_ROWS on slice (194, 10) (remaining tasks 76)
2025-04-21 23:08:00,155 [DEBUG]  		found 2 row clusters (in 0.02298 secs)
2025-04-21 23:08:00,155 [DEBUG]  OP: Operation.SPLIT_ROWS on slice (129, 10) (remaining tasks 77)
2025-04-21 23:08:00,173 [DEBUG]  		found 2 row clusters (in 0.01778 secs)
2025-04-21 23:08:00,173 [DEBUG]  OP: Operation.SPLIT_ROWS on slice (99, 10) (remaining tasks 78)
2025-04-21 23:08:00,196 [DEBUG]  		found 2 row clusters (in 0.02315 secs)
2025-04-21 23:08:00,196 [DEBUG]  OP: Operation.NAIVE_FACTORIZATION on slice (68, 11) (remaining tasks 79)
2025-04-21 23:08:00,200 [DEBUG]  		naive factorization 11 columns (in 0.00384 secs)
2025-04-21 23:08:00,201 [DEBUG]  OP: Operation.NAIVE_FACTORIZATION on slice (43, 11) (remaining tasks 78)
2025-04-21 23:08:00,205 [DEBUG]  		naive factorization 11 columns (in 0.00432 secs)
2025-04-21 23:08:00,205 [DEBUG]  OP: Operation.NAIVE_FACTORIZATION on slice (7, 11) (remaining tasks 77)
2025-04-21 23:08:00,209 [DEBUG]  		naive factorization 11 columns (in 0.00340 secs)
2025-04-21 23:08:00,209 [DEBUG]  OP: Operation.SPLIT_COLUMNS on slice (146, 11) (remaining tasks 76)
2025-04-21 23:08:00,421 [DEBUG]  		found 1 col clusters (in 0.21177 secs)
2025-04-21 23:08:00,422 [DEBUG]  OP: Operation.NAIVE_FACTORIZATION on slice (62, 11) (remaining tasks 76)
2025-04-21 23:08:00,426 [DEBUG]  		naive factorization 11 columns (in 0.00453 secs)
2025-04-21 23:08:00,427 [DEBUG]  OP: Operation.SPLIT_COLUMNS on slice (93, 11) (remaining tasks 75)
2025-04-21 23:08:00,779 [DEBUG]  		found 1 col clusters (in 0.35166 secs)
2025-04-21 23:08:00,779 [DEBUG]  OP: Operation.NAIVE_FACTORIZATION on slice (36, 11) (remaining tasks 75)
2025-04-21 23:08:00,783 [DEBUG]  		naive factorization 11 columns (in 0.00405 secs)
2025-04-21 23:08:00,784 [DEBUG]  OP: Operation.SPLIT_COLUMNS on slice (79, 11) (remaining tasks 74)
2025-04-21 23:08:01,009 [DEBUG]  		found 1 col clusters (in 0.22501 secs)
2025-04-21 23:08:01,010 [DEBUG]  OP: Operation.SPLIT_COLUMNS on slice (161, 11) (remaining tasks 74)
2025-04-21 23:08:01,332 [DEBUG]  		found 1 col clusters (in 0.32241 secs)
2025-04-21 23:08:01,333 [DEBUG]  OP: Operation.NAIVE_FACTORIZATION on slice (14, 11) (remaining tasks 74)
2025-04-21 23:08:01,338 [DEBUG]  		naive factorization 11 columns (in 0.00571 secs)
2025-04-21 23:08:01,339 [DEBUG]  OP: Operation.NAIVE_FACTORIZATION on slice (49, 11) (remaining tasks 73)
2025-04-21 23:08:01,344 [DEBUG]  		naive factorization 11 columns (in 0.00450 secs)
2025-04-21 23:08:01,344 [DEBUG]  OP: Operation.NAIVE_FACTORIZATION on slice (29, 11) (remaining tasks 72)
2025-04-21 23:08:01,349 [DEBUG]  		naive factorization 11 columns (in 0.00462 secs)
2025-04-21 23:08:01,349 [DEBUG]  OP: Operation.NAIVE_FACTORIZATION on slice (29, 11) (remaining tasks 71)
2025-04-21 23:08:01,353 [DEBUG]  		naive factorization 11 columns (in 0.00380 secs)
2025-04-21 23:08:01,353 [DEBUG]  OP: Operation.NAIVE_FACTORIZATION on slice (67, 11) (remaining tasks 70)
2025-04-21 23:08:01,359 [DEBUG]  		naive factorization 11 columns (in 0.00569 secs)
2025-04-21 23:08:01,359 [DEBUG]  OP: Operation.NAIVE_FACTORIZATION on slice (9, 11) (remaining tasks 69)
2025-04-21 23:08:01,364 [DEBUG]  		naive factorization 11 columns (in 0.00423 secs)
2025-04-21 23:08:01,364 [DEBUG]  OP: Operation.SPLIT_COLUMNS on slice (147, 11) (remaining tasks 68)
2025-04-21 23:08:01,689 [DEBUG]  		found 1 col clusters (in 0.32494 secs)
2025-04-21 23:08:01,689 [DEBUG]  OP: Operation.SPLIT_COLUMNS on slice (91, 11) (remaining tasks 68)
2025-04-21 23:08:01,944 [DEBUG]  		found 1 col clusters (in 0.25419 secs)
2025-04-21 23:08:01,944 [DEBUG]  OP: Operation.NAIVE_FACTORIZATION on slice (36, 11) (remaining tasks 68)
2025-04-21 23:08:01,949 [DEBUG]  		naive factorization 11 columns (in 0.00468 secs)
2025-04-21 23:08:01,950 [DEBUG]  OP: Operation.SPLIT_COLUMNS on slice (172, 11) (remaining tasks 67)
2025-04-21 23:08:02,271 [DEBUG]  		found 1 col clusters (in 0.32110 secs)
2025-04-21 23:08:02,271 [DEBUG]  OP: Operation.NAIVE_FACTORIZATION on slice (15, 11) (remaining tasks 67)
2025-04-21 23:08:02,277 [DEBUG]  		naive factorization 11 columns (in 0.00530 secs)
2025-04-21 23:08:02,277 [DEBUG]  OP: Operation.SPLIT_COLUMNS on slice (99, 11) (remaining tasks 66)
2025-04-21 23:08:02,543 [DEBUG]  		found 1 col clusters (in 0.26584 secs)
2025-04-21 23:08:02,544 [DEBUG]  OP: Operation.NAIVE_FACTORIZATION on slice (63, 11) (remaining tasks 66)
2025-04-21 23:08:02,550 [DEBUG]  		naive factorization 11 columns (in 0.00589 secs)
2025-04-21 23:08:02,551 [DEBUG]  OP: Operation.NAIVE_FACTORIZATION on slice (67, 11) (remaining tasks 65)
2025-04-21 23:08:02,555 [DEBUG]  		naive factorization 11 columns (in 0.00426 secs)
2025-04-21 23:08:02,556 [DEBUG]  OP: Operation.NAIVE_FACTORIZATION on slice (13, 11) (remaining tasks 64)
2025-04-21 23:08:02,559 [DEBUG]  		naive factorization 11 columns (in 0.00347 secs)
2025-04-21 23:08:02,560 [DEBUG]  OP: Operation.NAIVE_FACTORIZATION on slice (65, 11) (remaining tasks 63)
2025-04-21 23:08:02,565 [DEBUG]  		naive factorization 11 columns (in 0.00470 secs)
2025-04-21 23:08:02,565 [DEBUG]  OP: Operation.NAIVE_FACTORIZATION on slice (56, 11) (remaining tasks 62)
2025-04-21 23:08:02,570 [DEBUG]  		naive factorization 11 columns (in 0.00478 secs)
2025-04-21 23:08:02,571 [DEBUG]  OP: Operation.SPLIT_COLUMNS on slice (183, 11) (remaining tasks 61)
2025-04-21 23:08:02,895 [DEBUG]  		found 1 col clusters (in 0.32391 secs)
2025-04-21 23:08:02,895 [DEBUG]  OP: Operation.NAIVE_FACTORIZATION on slice (18, 11) (remaining tasks 61)
2025-04-21 23:08:02,900 [DEBUG]  		naive factorization 11 columns (in 0.00430 secs)
2025-04-21 23:08:02,900 [DEBUG]  OP: Operation.SPLIT_COLUMNS on slice (92, 11) (remaining tasks 60)
2025-04-21 23:08:03,210 [DEBUG]  		found 1 col clusters (in 0.31038 secs)
2025-04-21 23:08:03,211 [DEBUG]  OP: Operation.NAIVE_FACTORIZATION on slice (57, 11) (remaining tasks 60)
2025-04-21 23:08:03,216 [DEBUG]  		naive factorization 11 columns (in 0.00498 secs)
2025-04-21 23:08:03,217 [DEBUG]  OP: Operation.NAIVE_FACTORIZATION on slice (34, 11) (remaining tasks 59)
2025-04-21 23:08:03,221 [DEBUG]  		naive factorization 11 columns (in 0.00394 secs)
2025-04-21 23:08:03,221 [DEBUG]  OP: Operation.SPLIT_COLUMNS on slice (89, 11) (remaining tasks 58)
2025-04-21 23:08:03,445 [DEBUG]  		found 1 col clusters (in 0.22324 secs)
2025-04-21 23:08:03,445 [DEBUG]  OP: Operation.NAIVE_FACTORIZATION on slice (71, 11) (remaining tasks 58)
2025-04-21 23:08:03,450 [DEBUG]  		naive factorization 11 columns (in 0.00406 secs)
2025-04-21 23:08:03,450 [DEBUG]  OP: Operation.NAIVE_FACTORIZATION on slice (46, 11) (remaining tasks 57)
2025-04-21 23:08:03,455 [DEBUG]  		naive factorization 11 columns (in 0.00439 secs)
2025-04-21 23:08:03,455 [DEBUG]  OP: Operation.SPLIT_COLUMNS on slice (108, 11) (remaining tasks 56)
2025-04-21 23:08:03,675 [DEBUG]  		found 1 col clusters (in 0.22003 secs)
2025-04-21 23:08:03,676 [DEBUG]  OP: Operation.NAIVE_FACTORIZATION on slice (68, 11) (remaining tasks 56)
2025-04-21 23:08:03,680 [DEBUG]  		naive factorization 11 columns (in 0.00407 secs)
2025-04-21 23:08:03,681 [DEBUG]  OP: Operation.SPLIT_COLUMNS on slice (134, 11) (remaining tasks 55)
2025-04-21 23:08:03,898 [DEBUG]  		found 1 col clusters (in 0.21685 secs)
2025-04-21 23:08:03,898 [DEBUG]  OP: Operation.SPLIT_COLUMNS on slice (101, 11) (remaining tasks 55)
2025-04-21 23:08:04,222 [DEBUG]  		found 1 col clusters (in 0.32347 secs)
2025-04-21 23:08:04,223 [DEBUG]  OP: Operation.SPLIT_COLUMNS on slice (142, 11) (remaining tasks 55)
2025-04-21 23:08:04,547 [DEBUG]  		found 1 col clusters (in 0.32392 secs)
2025-04-21 23:08:04,547 [DEBUG]  OP: Operation.SPLIT_COLUMNS on slice (90, 11) (remaining tasks 55)
2025-04-21 23:08:04,801 [DEBUG]  		found 1 col clusters (in 0.25363 secs)
2025-04-21 23:08:04,802 [DEBUG]  OP: Operation.SPLIT_COLUMNS on slice (96, 11) (remaining tasks 55)
2025-04-21 23:08:05,020 [DEBUG]  		found 1 col clusters (in 0.21829 secs)
2025-04-21 23:08:05,020 [DEBUG]  OP: Operation.NAIVE_FACTORIZATION on slice (10, 11) (remaining tasks 55)
2025-04-21 23:08:05,024 [DEBUG]  		naive factorization 11 columns (in 0.00371 secs)
2025-04-21 23:08:05,025 [DEBUG]  OP: Operation.SPLIT_COLUMNS on slice (91, 11) (remaining tasks 54)
2025-04-21 23:08:05,240 [DEBUG]  		found 1 col clusters (in 0.21509 secs)
2025-04-21 23:08:05,241 [DEBUG]  OP: Operation.SPLIT_COLUMNS on slice (106, 11) (remaining tasks 54)
2025-04-21 23:08:05,458 [DEBUG]  		found 1 col clusters (in 0.21669 secs)
2025-04-21 23:08:05,458 [DEBUG]  OP: Operation.NAIVE_FACTORIZATION on slice (44, 11) (remaining tasks 54)
2025-04-21 23:08:05,463 [DEBUG]  		naive factorization 11 columns (in 0.00472 secs)
2025-04-21 23:08:05,463 [DEBUG]  OP: Operation.NAIVE_FACTORIZATION on slice (50, 11) (remaining tasks 53)
2025-04-21 23:08:05,468 [DEBUG]  		naive factorization 11 columns (in 0.00401 secs)
2025-04-21 23:08:05,468 [DEBUG]  OP: Operation.NAIVE_FACTORIZATION on slice (56, 11) (remaining tasks 52)
2025-04-21 23:08:05,472 [DEBUG]  		naive factorization 11 columns (in 0.00393 secs)
2025-04-21 23:08:05,473 [DEBUG]  OP: Operation.NAIVE_FACTORIZATION on slice (22, 11) (remaining tasks 51)
2025-04-21 23:08:05,478 [DEBUG]  		naive factorization 11 columns (in 0.00455 secs)
2025-04-21 23:08:05,478 [DEBUG]  OP: Operation.NAIVE_FACTORIZATION on slice (28, 11) (remaining tasks 50)
2025-04-21 23:08:05,483 [DEBUG]  		naive factorization 11 columns (in 0.00426 secs)
2025-04-21 23:08:05,483 [DEBUG]  OP: Operation.NAIVE_FACTORIZATION on slice (51, 11) (remaining tasks 49)
2025-04-21 23:08:05,487 [DEBUG]  		naive factorization 11 columns (in 0.00415 secs)
2025-04-21 23:08:05,488 [DEBUG]  OP: Operation.NAIVE_FACTORIZATION on slice (51, 11) (remaining tasks 48)
2025-04-21 23:08:05,493 [DEBUG]  		naive factorization 11 columns (in 0.00529 secs)
2025-04-21 23:08:05,494 [DEBUG]  OP: Operation.NAIVE_FACTORIZATION on slice (32, 11) (remaining tasks 47)
2025-04-21 23:08:05,499 [DEBUG]  		naive factorization 11 columns (in 0.00453 secs)
2025-04-21 23:08:05,499 [DEBUG]  OP: Operation.NAIVE_FACTORIZATION on slice (67, 11) (remaining tasks 46)
2025-04-21 23:08:05,504 [DEBUG]  		naive factorization 11 columns (in 0.00411 secs)
2025-04-21 23:08:05,504 [DEBUG]  OP: Operation.NAIVE_FACTORIZATION on slice (17, 11) (remaining tasks 45)
2025-04-21 23:08:05,508 [DEBUG]  		naive factorization 11 columns (in 0.00356 secs)
2025-04-21 23:08:05,508 [DEBUG]  OP: Operation.SPLIT_COLUMNS on slice (75, 11) (remaining tasks 44)
2025-04-21 23:08:05,739 [DEBUG]  		found 1 col clusters (in 0.23026 secs)
2025-04-21 23:08:05,739 [DEBUG]  OP: Operation.NAIVE_FACTORIZATION on slice (32, 11) (remaining tasks 44)
2025-04-21 23:08:05,744 [DEBUG]  		naive factorization 11 columns (in 0.00445 secs)
2025-04-21 23:08:05,744 [DEBUG]  OP: Operation.NAIVE_FACTORIZATION on slice (28, 11) (remaining tasks 43)
2025-04-21 23:08:05,749 [DEBUG]  		naive factorization 11 columns (in 0.00427 secs)
2025-04-21 23:08:05,749 [DEBUG]  OP: Operation.NAIVE_FACTORIZATION on slice (51, 11) (remaining tasks 42)
2025-04-21 23:08:05,753 [DEBUG]  		naive factorization 11 columns (in 0.00386 secs)
2025-04-21 23:08:05,754 [DEBUG]  OP: Operation.NAIVE_FACTORIZATION on slice (17, 11) (remaining tasks 41)
2025-04-21 23:08:05,758 [DEBUG]  		naive factorization 11 columns (in 0.00395 secs)
2025-04-21 23:08:05,759 [DEBUG]  OP: Operation.SPLIT_COLUMNS on slice (111, 11) (remaining tasks 40)
2025-04-21 23:08:05,992 [DEBUG]  		found 1 col clusters (in 0.23305 secs)
2025-04-21 23:08:05,992 [DEBUG]  OP: Operation.NAIVE_FACTORIZATION on slice (47, 11) (remaining tasks 40)
2025-04-21 23:08:05,997 [DEBUG]  		naive factorization 11 columns (in 0.00465 secs)
2025-04-21 23:08:05,998 [DEBUG]  OP: Operation.NAIVE_FACTORIZATION on slice (34, 11) (remaining tasks 39)
2025-04-21 23:08:06,002 [DEBUG]  		naive factorization 11 columns (in 0.00412 secs)
2025-04-21 23:08:06,003 [DEBUG]  OP: Operation.NAIVE_FACTORIZATION on slice (30, 11) (remaining tasks 38)
2025-04-21 23:08:06,006 [DEBUG]  		naive factorization 11 columns (in 0.00359 secs)
2025-04-21 23:08:06,007 [DEBUG]  OP: Operation.NAIVE_FACTORIZATION on slice (52, 11) (remaining tasks 37)
2025-04-21 23:08:06,012 [DEBUG]  		naive factorization 11 columns (in 0.00510 secs)
2025-04-21 23:08:06,013 [DEBUG]  OP: Operation.NAIVE_FACTORIZATION on slice (53, 11) (remaining tasks 36)
2025-04-21 23:08:06,018 [DEBUG]  		naive factorization 11 columns (in 0.00481 secs)
2025-04-21 23:08:06,018 [DEBUG]  OP: Operation.NAIVE_FACTORIZATION on slice (65, 11) (remaining tasks 35)
2025-04-21 23:08:06,023 [DEBUG]  		naive factorization 11 columns (in 0.00474 secs)
2025-04-21 23:08:06,024 [DEBUG]  OP: Operation.SPLIT_COLUMNS on slice (111, 11) (remaining tasks 34)
2025-04-21 23:08:06,247 [DEBUG]  		found 1 col clusters (in 0.22267 secs)
2025-04-21 23:08:06,247 [DEBUG]  OP: Operation.NAIVE_FACTORIZATION on slice (12, 11) (remaining tasks 34)
2025-04-21 23:08:06,251 [DEBUG]  		naive factorization 11 columns (in 0.00409 secs)
2025-04-21 23:08:06,252 [DEBUG]  OP: Operation.NAIVE_FACTORIZATION on slice (56, 11) (remaining tasks 33)
2025-04-21 23:08:06,257 [DEBUG]  		naive factorization 11 columns (in 0.00517 secs)
2025-04-21 23:08:06,258 [DEBUG]  OP: Operation.NAIVE_FACTORIZATION on slice (33, 11) (remaining tasks 32)
2025-04-21 23:08:06,262 [DEBUG]  		naive factorization 11 columns (in 0.00408 secs)
2025-04-21 23:08:06,263 [DEBUG]  OP: Operation.SPLIT_COLUMNS on slice (86, 11) (remaining tasks 31)
2025-04-21 23:08:06,482 [DEBUG]  		found 1 col clusters (in 0.21877 secs)
2025-04-21 23:08:06,483 [DEBUG]  OP: Operation.SPLIT_COLUMNS on slice (84, 11) (remaining tasks 31)
2025-04-21 23:08:06,708 [DEBUG]  		found 1 col clusters (in 0.22475 secs)
2025-04-21 23:08:06,708 [DEBUG]  OP: Operation.NAIVE_FACTORIZATION on slice (43, 10) (remaining tasks 31)
2025-04-21 23:08:06,712 [DEBUG]  		naive factorization 10 columns (in 0.00359 secs)
2025-04-21 23:08:06,712 [DEBUG]  OP: Operation.SPLIT_COLUMNS on slice (87, 10) (remaining tasks 30)
2025-04-21 23:08:06,928 [DEBUG]  		found 1 col clusters (in 0.21541 secs)
2025-04-21 23:08:06,929 [DEBUG]  OP: Operation.SPLIT_COLUMNS on slice (109, 10) (remaining tasks 30)
2025-04-21 23:08:07,157 [DEBUG]  		found 1 col clusters (in 0.22850 secs)
2025-04-21 23:08:07,158 [DEBUG]  OP: Operation.SPLIT_COLUMNS on slice (85, 10) (remaining tasks 30)
2025-04-21 23:08:07,374 [DEBUG]  		found 1 col clusters (in 0.21588 secs)
2025-04-21 23:08:07,374 [DEBUG]  OP: Operation.NAIVE_FACTORIZATION on slice (68, 10) (remaining tasks 30)
2025-04-21 23:08:07,379 [DEBUG]  		naive factorization 10 columns (in 0.00473 secs)
2025-04-21 23:08:07,380 [DEBUG]  OP: Operation.NAIVE_FACTORIZATION on slice (61, 10) (remaining tasks 29)
2025-04-21 23:08:07,384 [DEBUG]  		naive factorization 10 columns (in 0.00441 secs)
2025-04-21 23:08:07,385 [DEBUG]  OP: Operation.NAIVE_FACTORIZATION on slice (62, 10) (remaining tasks 28)
2025-04-21 23:08:07,389 [DEBUG]  		naive factorization 10 columns (in 0.00382 secs)
2025-04-21 23:08:07,389 [DEBUG]  OP: Operation.NAIVE_FACTORIZATION on slice (37, 10) (remaining tasks 27)
2025-04-21 23:08:07,394 [DEBUG]  		naive factorization 10 columns (in 0.00453 secs)
2025-04-21 23:08:07,395 [DEBUG]  OP: Operation.SPLIT_ROWS on slice (146, 11) (remaining tasks 26)
2025-04-21 23:08:07,458 [DEBUG]  		found 2 row clusters (in 0.06339 secs)
2025-04-21 23:08:07,459 [DEBUG]  OP: Operation.SPLIT_ROWS on slice (93, 11) (remaining tasks 27)
2025-04-21 23:08:07,488 [DEBUG]  		found 2 row clusters (in 0.02959 secs)
2025-04-21 23:08:07,489 [DEBUG]  OP: Operation.SPLIT_ROWS on slice (79, 11) (remaining tasks 28)
2025-04-21 23:08:07,509 [DEBUG]  		found 2 row clusters (in 0.02056 secs)
2025-04-21 23:08:07,509 [DEBUG]  OP: Operation.SPLIT_ROWS on slice (161, 11) (remaining tasks 29)
2025-04-21 23:08:07,537 [DEBUG]  		found 2 row clusters (in 0.02766 secs)
2025-04-21 23:08:07,537 [DEBUG]  OP: Operation.SPLIT_ROWS on slice (147, 11) (remaining tasks 30)
2025-04-21 23:08:07,566 [DEBUG]  		found 2 row clusters (in 0.02837 secs)
2025-04-21 23:08:07,566 [DEBUG]  OP: Operation.SPLIT_ROWS on slice (91, 11) (remaining tasks 31)
2025-04-21 23:08:07,585 [DEBUG]  		found 2 row clusters (in 0.01889 secs)
2025-04-21 23:08:07,585 [DEBUG]  OP: Operation.SPLIT_ROWS on slice (172, 11) (remaining tasks 32)
2025-04-21 23:08:07,605 [DEBUG]  		found 2 row clusters (in 0.01965 secs)
2025-04-21 23:08:07,605 [DEBUG]  OP: Operation.SPLIT_ROWS on slice (99, 11) (remaining tasks 33)
2025-04-21 23:08:07,623 [DEBUG]  		found 2 row clusters (in 0.01718 secs)
2025-04-21 23:08:07,623 [DEBUG]  OP: Operation.SPLIT_ROWS on slice (183, 11) (remaining tasks 34)
2025-04-21 23:08:07,645 [DEBUG]  		found 2 row clusters (in 0.02186 secs)
2025-04-21 23:08:07,645 [DEBUG]  OP: Operation.SPLIT_ROWS on slice (92, 11) (remaining tasks 35)
2025-04-21 23:08:07,666 [DEBUG]  		found 2 row clusters (in 0.02080 secs)
2025-04-21 23:08:07,666 [DEBUG]  OP: Operation.SPLIT_ROWS on slice (89, 11) (remaining tasks 36)
2025-04-21 23:08:07,681 [DEBUG]  		found 2 row clusters (in 0.01505 secs)
2025-04-21 23:08:07,681 [DEBUG]  OP: Operation.SPLIT_ROWS on slice (108, 11) (remaining tasks 37)
2025-04-21 23:08:07,702 [DEBUG]  		found 2 row clusters (in 0.02077 secs)
2025-04-21 23:08:07,702 [DEBUG]  OP: Operation.SPLIT_ROWS on slice (134, 11) (remaining tasks 38)
2025-04-21 23:08:07,723 [DEBUG]  		found 2 row clusters (in 0.02077 secs)
2025-04-21 23:08:07,723 [DEBUG]  OP: Operation.SPLIT_ROWS on slice (101, 11) (remaining tasks 39)
2025-04-21 23:08:07,747 [DEBUG]  		found 2 row clusters (in 0.02334 secs)
2025-04-21 23:08:07,747 [DEBUG]  OP: Operation.SPLIT_ROWS on slice (142, 11) (remaining tasks 40)
2025-04-21 23:08:07,775 [DEBUG]  		found 2 row clusters (in 0.02817 secs)
2025-04-21 23:08:07,776 [DEBUG]  OP: Operation.SPLIT_ROWS on slice (90, 11) (remaining tasks 41)
2025-04-21 23:08:07,792 [DEBUG]  		found 2 row clusters (in 0.01667 secs)
2025-04-21 23:08:07,792 [DEBUG]  OP: Operation.SPLIT_ROWS on slice (96, 11) (remaining tasks 42)
2025-04-21 23:08:07,810 [DEBUG]  		found 2 row clusters (in 0.01776 secs)
2025-04-21 23:08:07,811 [DEBUG]  OP: Operation.SPLIT_ROWS on slice (91, 11) (remaining tasks 43)
2025-04-21 23:08:07,833 [DEBUG]  		found 2 row clusters (in 0.02252 secs)
2025-04-21 23:08:07,833 [DEBUG]  OP: Operation.SPLIT_ROWS on slice (106, 11) (remaining tasks 44)
2025-04-21 23:08:07,863 [DEBUG]  		found 2 row clusters (in 0.02929 secs)
2025-04-21 23:08:07,863 [DEBUG]  OP: Operation.SPLIT_ROWS on slice (75, 11) (remaining tasks 45)
2025-04-21 23:08:07,880 [DEBUG]  		found 2 row clusters (in 0.01735 secs)
2025-04-21 23:08:07,881 [DEBUG]  OP: Operation.SPLIT_ROWS on slice (111, 11) (remaining tasks 46)
2025-04-21 23:08:07,905 [DEBUG]  		found 2 row clusters (in 0.02482 secs)
2025-04-21 23:08:07,906 [DEBUG]  OP: Operation.SPLIT_ROWS on slice (111, 11) (remaining tasks 47)
2025-04-21 23:08:07,929 [DEBUG]  		found 2 row clusters (in 0.02337 secs)
2025-04-21 23:08:07,929 [DEBUG]  OP: Operation.SPLIT_ROWS on slice (86, 11) (remaining tasks 48)
2025-04-21 23:08:07,947 [DEBUG]  		found 2 row clusters (in 0.01805 secs)
2025-04-21 23:08:07,948 [DEBUG]  OP: Operation.SPLIT_ROWS on slice (84, 11) (remaining tasks 49)
2025-04-21 23:08:07,964 [DEBUG]  		found 2 row clusters (in 0.01642 secs)
2025-04-21 23:08:07,964 [DEBUG]  OP: Operation.SPLIT_ROWS on slice (87, 10) (remaining tasks 50)
2025-04-21 23:08:07,984 [DEBUG]  		found 2 row clusters (in 0.01920 secs)
2025-04-21 23:08:07,984 [DEBUG]  OP: Operation.SPLIT_ROWS on slice (109, 10) (remaining tasks 51)
2025-04-21 23:08:08,002 [DEBUG]  		found 2 row clusters (in 0.01766 secs)
2025-04-21 23:08:08,002 [DEBUG]  OP: Operation.SPLIT_ROWS on slice (85, 10) (remaining tasks 52)
2025-04-21 23:08:08,022 [DEBUG]  		found 2 row clusters (in 0.02033 secs)
2025-04-21 23:08:08,022 [DEBUG]  OP: Operation.NAIVE_FACTORIZATION on slice (48, 11) (remaining tasks 53)
2025-04-21 23:08:08,027 [DEBUG]  		naive factorization 11 columns (in 0.00482 secs)
2025-04-21 23:08:08,028 [DEBUG]  OP: Operation.SPLIT_COLUMNS on slice (98, 11) (remaining tasks 52)
2025-04-21 23:08:08,240 [DEBUG]  		found 1 col clusters (in 0.21230 secs)
2025-04-21 23:08:08,240 [DEBUG]  OP: Operation.NAIVE_FACTORIZATION on slice (16, 11) (remaining tasks 52)
2025-04-21 23:08:08,244 [DEBUG]  		naive factorization 11 columns (in 0.00355 secs)
2025-04-21 23:08:08,245 [DEBUG]  OP: Operation.SPLIT_COLUMNS on slice (77, 11) (remaining tasks 51)
2025-04-21 23:08:08,464 [DEBUG]  		found 1 col clusters (in 0.21863 secs)
2025-04-21 23:08:08,464 [DEBUG]  OP: Operation.NAIVE_FACTORIZATION on slice (46, 11) (remaining tasks 51)
2025-04-21 23:08:08,469 [DEBUG]  		naive factorization 11 columns (in 0.00436 secs)
2025-04-21 23:08:08,469 [DEBUG]  OP: Operation.NAIVE_FACTORIZATION on slice (33, 11) (remaining tasks 50)
2025-04-21 23:08:08,474 [DEBUG]  		naive factorization 11 columns (in 0.00459 secs)
2025-04-21 23:08:08,474 [DEBUG]  OP: Operation.SPLIT_COLUMNS on slice (83, 11) (remaining tasks 49)
2025-04-21 23:08:08,717 [DEBUG]  		found 1 col clusters (in 0.24280 secs)
2025-04-21 23:08:08,718 [DEBUG]  OP: Operation.SPLIT_COLUMNS on slice (78, 11) (remaining tasks 49)
2025-04-21 23:08:08,939 [DEBUG]  		found 1 col clusters (in 0.22075 secs)
2025-04-21 23:08:08,939 [DEBUG]  OP: Operation.SPLIT_COLUMNS on slice (78, 11) (remaining tasks 49)
2025-04-21 23:08:09,155 [DEBUG]  		found 1 col clusters (in 0.21579 secs)
2025-04-21 23:08:09,156 [DEBUG]  OP: Operation.NAIVE_FACTORIZATION on slice (69, 11) (remaining tasks 49)
2025-04-21 23:08:09,160 [DEBUG]  		naive factorization 11 columns (in 0.00428 secs)
2025-04-21 23:08:09,161 [DEBUG]  OP: Operation.NAIVE_FACTORIZATION on slice (74, 11) (remaining tasks 48)
2025-04-21 23:08:09,166 [DEBUG]  		naive factorization 11 columns (in 0.00505 secs)
2025-04-21 23:08:09,167 [DEBUG]  OP: Operation.NAIVE_FACTORIZATION on slice (17, 11) (remaining tasks 47)
2025-04-21 23:08:09,171 [DEBUG]  		naive factorization 11 columns (in 0.00400 secs)
2025-04-21 23:08:09,171 [DEBUG]  OP: Operation.SPLIT_COLUMNS on slice (87, 11) (remaining tasks 46)
2025-04-21 23:08:09,515 [DEBUG]  		found 1 col clusters (in 0.34331 secs)
2025-04-21 23:08:09,515 [DEBUG]  OP: Operation.SPLIT_COLUMNS on slice (85, 11) (remaining tasks 46)
2025-04-21 23:08:09,855 [DEBUG]  		found 1 col clusters (in 0.33933 secs)
2025-04-21 23:08:09,855 [DEBUG]  OP: Operation.NAIVE_FACTORIZATION on slice (53, 11) (remaining tasks 46)
2025-04-21 23:08:09,860 [DEBUG]  		naive factorization 11 columns (in 0.00398 secs)
2025-04-21 23:08:09,860 [DEBUG]  OP: Operation.NAIVE_FACTORIZATION on slice (46, 11) (remaining tasks 45)
2025-04-21 23:08:09,865 [DEBUG]  		naive factorization 11 columns (in 0.00477 secs)
2025-04-21 23:08:09,866 [DEBUG]  OP: Operation.SPLIT_COLUMNS on slice (90, 11) (remaining tasks 44)
2025-04-21 23:08:10,217 [DEBUG]  		found 1 col clusters (in 0.35075 secs)
2025-04-21 23:08:10,217 [DEBUG]  OP: Operation.SPLIT_COLUMNS on slice (93, 11) (remaining tasks 44)
2025-04-21 23:08:10,576 [DEBUG]  		found 1 col clusters (in 0.35885 secs)
2025-04-21 23:08:10,577 [DEBUG]  OP: Operation.NAIVE_FACTORIZATION on slice (21, 11) (remaining tasks 44)
2025-04-21 23:08:10,581 [DEBUG]  		naive factorization 11 columns (in 0.00451 secs)
2025-04-21 23:08:10,582 [DEBUG]  OP: Operation.NAIVE_FACTORIZATION on slice (71, 11) (remaining tasks 43)
2025-04-21 23:08:10,587 [DEBUG]  		naive factorization 11 columns (in 0.00508 secs)
2025-04-21 23:08:10,588 [DEBUG]  OP: Operation.NAIVE_FACTORIZATION on slice (5, 11) (remaining tasks 42)
2025-04-21 23:08:10,592 [DEBUG]  		naive factorization 11 columns (in 0.00430 secs)
2025-04-21 23:08:10,593 [DEBUG]  OP: Operation.SPLIT_COLUMNS on slice (84, 11) (remaining tasks 41)
2025-04-21 23:08:10,943 [DEBUG]  		found 1 col clusters (in 0.35025 secs)
2025-04-21 23:08:10,944 [DEBUG]  OP: Operation.SPLIT_COLUMNS on slice (97, 11) (remaining tasks 41)
2025-04-21 23:08:11,289 [DEBUG]  		found 1 col clusters (in 0.34545 secs)
2025-04-21 23:08:11,290 [DEBUG]  OP: Operation.NAIVE_FACTORIZATION on slice (11, 11) (remaining tasks 41)
2025-04-21 23:08:11,294 [DEBUG]  		naive factorization 11 columns (in 0.00374 secs)
2025-04-21 23:08:11,294 [DEBUG]  OP: Operation.SPLIT_COLUMNS on slice (124, 11) (remaining tasks 40)
2025-04-21 23:08:11,621 [DEBUG]  		found 1 col clusters (in 0.32666 secs)
2025-04-21 23:08:11,622 [DEBUG]  OP: Operation.NAIVE_FACTORIZATION on slice (10, 11) (remaining tasks 40)
2025-04-21 23:08:11,625 [DEBUG]  		naive factorization 11 columns (in 0.00294 secs)
2025-04-21 23:08:11,625 [DEBUG]  OP: Operation.NAIVE_FACTORIZATION on slice (38, 11) (remaining tasks 39)
2025-04-21 23:08:11,629 [DEBUG]  		naive factorization 11 columns (in 0.00338 secs)
2025-04-21 23:08:11,630 [DEBUG]  OP: Operation.NAIVE_FACTORIZATION on slice (63, 11) (remaining tasks 38)
2025-04-21 23:08:11,634 [DEBUG]  		naive factorization 11 columns (in 0.00382 secs)
2025-04-21 23:08:11,634 [DEBUG]  OP: Operation.SPLIT_COLUMNS on slice (94, 11) (remaining tasks 37)
2025-04-21 23:08:11,956 [DEBUG]  		found 1 col clusters (in 0.32186 secs)
2025-04-21 23:08:11,957 [DEBUG]  OP: Operation.NAIVE_FACTORIZATION on slice (48, 11) (remaining tasks 37)
2025-04-21 23:08:11,962 [DEBUG]  		naive factorization 11 columns (in 0.00469 secs)
2025-04-21 23:08:11,962 [DEBUG]  OP: Operation.NAIVE_FACTORIZATION on slice (67, 11) (remaining tasks 36)
2025-04-21 23:08:11,968 [DEBUG]  		naive factorization 11 columns (in 0.00559 secs)
2025-04-21 23:08:11,969 [DEBUG]  OP: Operation.NAIVE_FACTORIZATION on slice (23, 11) (remaining tasks 35)
2025-04-21 23:08:11,973 [DEBUG]  		naive factorization 11 columns (in 0.00382 secs)
2025-04-21 23:08:11,973 [DEBUG]  OP: Operation.SPLIT_COLUMNS on slice (84, 11) (remaining tasks 34)
2025-04-21 23:08:12,297 [DEBUG]  		found 1 col clusters (in 0.32366 secs)
2025-04-21 23:08:12,298 [DEBUG]  OP: Operation.NAIVE_FACTORIZATION on slice (12, 11) (remaining tasks 34)
2025-04-21 23:08:12,301 [DEBUG]  		naive factorization 11 columns (in 0.00350 secs)
2025-04-21 23:08:12,302 [DEBUG]  OP: Operation.NAIVE_FACTORIZATION on slice (10, 11) (remaining tasks 33)
2025-04-21 23:08:12,306 [DEBUG]  		naive factorization 11 columns (in 0.00377 secs)
2025-04-21 23:08:12,306 [DEBUG]  OP: Operation.SPLIT_COLUMNS on slice (81, 11) (remaining tasks 32)
2025-04-21 23:08:12,627 [DEBUG]  		found 1 col clusters (in 0.32083 secs)
2025-04-21 23:08:12,628 [DEBUG]  OP: Operation.SPLIT_COLUMNS on slice (90, 11) (remaining tasks 32)
2025-04-21 23:08:12,970 [DEBUG]  		found 1 col clusters (in 0.34206 secs)
2025-04-21 23:08:12,971 [DEBUG]  OP: Operation.NAIVE_FACTORIZATION on slice (16, 11) (remaining tasks 32)
2025-04-21 23:08:12,975 [DEBUG]  		naive factorization 11 columns (in 0.00403 secs)
2025-04-21 23:08:12,976 [DEBUG]  OP: Operation.NAIVE_FACTORIZATION on slice (42, 11) (remaining tasks 31)
2025-04-21 23:08:12,980 [DEBUG]  		naive factorization 11 columns (in 0.00380 secs)
2025-04-21 23:08:12,980 [DEBUG]  OP: Operation.NAIVE_FACTORIZATION on slice (33, 11) (remaining tasks 30)
2025-04-21 23:08:12,984 [DEBUG]  		naive factorization 11 columns (in 0.00396 secs)
2025-04-21 23:08:12,985 [DEBUG]  OP: Operation.NAIVE_FACTORIZATION on slice (67, 11) (remaining tasks 29)
2025-04-21 23:08:12,990 [DEBUG]  		naive factorization 11 columns (in 0.00486 secs)
2025-04-21 23:08:12,991 [DEBUG]  OP: Operation.NAIVE_FACTORIZATION on slice (44, 11) (remaining tasks 28)
2025-04-21 23:08:12,995 [DEBUG]  		naive factorization 11 columns (in 0.00428 secs)
2025-04-21 23:08:12,996 [DEBUG]  OP: Operation.NAIVE_FACTORIZATION on slice (24, 11) (remaining tasks 27)
2025-04-21 23:08:12,999 [DEBUG]  		naive factorization 11 columns (in 0.00369 secs)
2025-04-21 23:08:13,000 [DEBUG]  OP: Operation.SPLIT_COLUMNS on slice (87, 11) (remaining tasks 26)
2025-04-21 23:08:13,321 [DEBUG]  		found 1 col clusters (in 0.32096 secs)
2025-04-21 23:08:13,322 [DEBUG]  OP: Operation.NAIVE_FACTORIZATION on slice (50, 11) (remaining tasks 26)
2025-04-21 23:08:13,327 [DEBUG]  		naive factorization 11 columns (in 0.00535 secs)
2025-04-21 23:08:13,328 [DEBUG]  OP: Operation.NAIVE_FACTORIZATION on slice (36, 11) (remaining tasks 25)
2025-04-21 23:08:13,332 [DEBUG]  		naive factorization 11 columns (in 0.00416 secs)
2025-04-21 23:08:13,333 [DEBUG]  OP: Operation.NAIVE_FACTORIZATION on slice (47, 11) (remaining tasks 24)
2025-04-21 23:08:13,337 [DEBUG]  		naive factorization 11 columns (in 0.00387 secs)
2025-04-21 23:08:13,337 [DEBUG]  OP: Operation.NAIVE_FACTORIZATION on slice (37, 11) (remaining tasks 23)
2025-04-21 23:08:13,343 [DEBUG]  		naive factorization 11 columns (in 0.00497 secs)
2025-04-21 23:08:13,343 [DEBUG]  OP: Operation.NAIVE_FACTORIZATION on slice (38, 10) (remaining tasks 22)
2025-04-21 23:08:13,347 [DEBUG]  		naive factorization 10 columns (in 0.00361 secs)
2025-04-21 23:08:13,347 [DEBUG]  OP: Operation.NAIVE_FACTORIZATION on slice (49, 10) (remaining tasks 21)
2025-04-21 23:08:13,351 [DEBUG]  		naive factorization 10 columns (in 0.00384 secs)
2025-04-21 23:08:13,352 [DEBUG]  OP: Operation.NAIVE_FACTORIZATION on slice (58, 10) (remaining tasks 20)
2025-04-21 23:08:13,356 [DEBUG]  		naive factorization 10 columns (in 0.00406 secs)
2025-04-21 23:08:13,357 [DEBUG]  OP: Operation.NAIVE_FACTORIZATION on slice (51, 10) (remaining tasks 19)
2025-04-21 23:08:13,361 [DEBUG]  		naive factorization 10 columns (in 0.00393 secs)
2025-04-21 23:08:13,362 [DEBUG]  OP: Operation.NAIVE_FACTORIZATION on slice (2, 10) (remaining tasks 18)
2025-04-21 23:08:13,365 [DEBUG]  		naive factorization 10 columns (in 0.00357 secs)
2025-04-21 23:08:13,366 [DEBUG]  OP: Operation.SPLIT_COLUMNS on slice (83, 10) (remaining tasks 17)
2025-04-21 23:08:13,691 [DEBUG]  		found 1 col clusters (in 0.32463 secs)
2025-04-21 23:08:13,691 [DEBUG]  OP: Operation.SPLIT_ROWS on slice (98, 11) (remaining tasks 17)
2025-04-21 23:08:13,740 [DEBUG]  		found 2 row clusters (in 0.04840 secs)
2025-04-21 23:08:13,740 [DEBUG]  OP: Operation.SPLIT_ROWS on slice (77, 11) (remaining tasks 18)
2025-04-21 23:08:13,770 [DEBUG]  		found 2 row clusters (in 0.02930 secs)
2025-04-21 23:08:13,770 [DEBUG]  OP: Operation.SPLIT_ROWS on slice (83, 11) (remaining tasks 19)
2025-04-21 23:08:13,792 [DEBUG]  		found 2 row clusters (in 0.02219 secs)
2025-04-21 23:08:13,792 [DEBUG]  OP: Operation.SPLIT_ROWS on slice (78, 11) (remaining tasks 20)
2025-04-21 23:08:13,812 [DEBUG]  		found 2 row clusters (in 0.01928 secs)
2025-04-21 23:08:13,812 [DEBUG]  OP: Operation.SPLIT_ROWS on slice (78, 11) (remaining tasks 21)
2025-04-21 23:08:13,832 [DEBUG]  		found 2 row clusters (in 0.01964 secs)
2025-04-21 23:08:13,832 [DEBUG]  OP: Operation.SPLIT_ROWS on slice (87, 11) (remaining tasks 22)
2025-04-21 23:08:13,857 [DEBUG]  		found 2 row clusters (in 0.02459 secs)
2025-04-21 23:08:13,857 [DEBUG]  OP: Operation.SPLIT_ROWS on slice (85, 11) (remaining tasks 23)
2025-04-21 23:08:13,877 [DEBUG]  		found 2 row clusters (in 0.01991 secs)
2025-04-21 23:08:13,877 [DEBUG]  OP: Operation.SPLIT_ROWS on slice (90, 11) (remaining tasks 24)
2025-04-21 23:08:13,899 [DEBUG]  		found 2 row clusters (in 0.02151 secs)
2025-04-21 23:08:13,899 [DEBUG]  OP: Operation.SPLIT_ROWS on slice (93, 11) (remaining tasks 25)
2025-04-21 23:08:13,921 [DEBUG]  		found 2 row clusters (in 0.02181 secs)
2025-04-21 23:08:13,921 [DEBUG]  OP: Operation.SPLIT_ROWS on slice (84, 11) (remaining tasks 26)
2025-04-21 23:08:13,941 [DEBUG]  		found 2 row clusters (in 0.02019 secs)
2025-04-21 23:08:13,942 [DEBUG]  OP: Operation.SPLIT_ROWS on slice (97, 11) (remaining tasks 27)
2025-04-21 23:08:13,966 [DEBUG]  		found 2 row clusters (in 0.02472 secs)
2025-04-21 23:08:13,967 [DEBUG]  OP: Operation.SPLIT_ROWS on slice (124, 11) (remaining tasks 28)
2025-04-21 23:08:13,987 [DEBUG]  		found 2 row clusters (in 0.02048 secs)
2025-04-21 23:08:13,987 [DEBUG]  OP: Operation.SPLIT_ROWS on slice (94, 11) (remaining tasks 29)
2025-04-21 23:08:14,009 [DEBUG]  		found 2 row clusters (in 0.02171 secs)
2025-04-21 23:08:14,009 [DEBUG]  OP: Operation.SPLIT_ROWS on slice (84, 11) (remaining tasks 30)
2025-04-21 23:08:14,028 [DEBUG]  		found 2 row clusters (in 0.01891 secs)
2025-04-21 23:08:14,029 [DEBUG]  OP: Operation.SPLIT_ROWS on slice (81, 11) (remaining tasks 31)
2025-04-21 23:08:14,049 [DEBUG]  		found 2 row clusters (in 0.01978 secs)
2025-04-21 23:08:14,049 [DEBUG]  OP: Operation.SPLIT_ROWS on slice (90, 11) (remaining tasks 32)
2025-04-21 23:08:14,073 [DEBUG]  		found 2 row clusters (in 0.02437 secs)
2025-04-21 23:08:14,073 [DEBUG]  OP: Operation.SPLIT_ROWS on slice (87, 11) (remaining tasks 33)
2025-04-21 23:08:14,098 [DEBUG]  		found 2 row clusters (in 0.02467 secs)
2025-04-21 23:08:14,098 [DEBUG]  OP: Operation.SPLIT_ROWS on slice (83, 10) (remaining tasks 34)
2025-04-21 23:08:14,118 [DEBUG]  		found 2 row clusters (in 0.01981 secs)
2025-04-21 23:08:14,119 [DEBUG]  OP: Operation.NAIVE_FACTORIZATION on slice (72, 11) (remaining tasks 35)
2025-04-21 23:08:14,123 [DEBUG]  		naive factorization 11 columns (in 0.00446 secs)
2025-04-21 23:08:14,123 [DEBUG]  OP: Operation.NAIVE_FACTORIZATION on slice (26, 11) (remaining tasks 34)
2025-04-21 23:08:14,127 [DEBUG]  		naive factorization 11 columns (in 0.00348 secs)
2025-04-21 23:08:14,127 [DEBUG]  OP: Operation.NAIVE_FACTORIZATION on slice (55, 11) (remaining tasks 33)
2025-04-21 23:08:14,131 [DEBUG]  		naive factorization 11 columns (in 0.00391 secs)
2025-04-21 23:08:14,132 [DEBUG]  OP: Operation.NAIVE_FACTORIZATION on slice (22, 11) (remaining tasks 32)
2025-04-21 23:08:14,136 [DEBUG]  		naive factorization 11 columns (in 0.00438 secs)
2025-04-21 23:08:14,137 [DEBUG]  OP: Operation.NAIVE_FACTORIZATION on slice (45, 11) (remaining tasks 31)
2025-04-21 23:08:14,140 [DEBUG]  		naive factorization 11 columns (in 0.00380 secs)
2025-04-21 23:08:14,141 [DEBUG]  OP: Operation.NAIVE_FACTORIZATION on slice (38, 11) (remaining tasks 30)
2025-04-21 23:08:14,145 [DEBUG]  		naive factorization 11 columns (in 0.00377 secs)
2025-04-21 23:08:14,145 [DEBUG]  OP: Operation.NAIVE_FACTORIZATION on slice (34, 11) (remaining tasks 29)
2025-04-21 23:08:14,149 [DEBUG]  		naive factorization 11 columns (in 0.00374 secs)
2025-04-21 23:08:14,149 [DEBUG]  OP: Operation.NAIVE_FACTORIZATION on slice (44, 11) (remaining tasks 28)
2025-04-21 23:08:14,153 [DEBUG]  		naive factorization 11 columns (in 0.00389 secs)
2025-04-21 23:08:14,154 [DEBUG]  OP: Operation.NAIVE_FACTORIZATION on slice (35, 11) (remaining tasks 27)
2025-04-21 23:08:14,158 [DEBUG]  		naive factorization 11 columns (in 0.00457 secs)
2025-04-21 23:08:14,159 [DEBUG]  OP: Operation.NAIVE_FACTORIZATION on slice (43, 11) (remaining tasks 26)
2025-04-21 23:08:14,163 [DEBUG]  		naive factorization 11 columns (in 0.00382 secs)
2025-04-21 23:08:14,163 [DEBUG]  OP: Operation.NAIVE_FACTORIZATION on slice (62, 11) (remaining tasks 25)
2025-04-21 23:08:14,168 [DEBUG]  		naive factorization 11 columns (in 0.00414 secs)
2025-04-21 23:08:14,168 [DEBUG]  OP: Operation.NAIVE_FACTORIZATION on slice (25, 11) (remaining tasks 24)
2025-04-21 23:08:14,172 [DEBUG]  		naive factorization 11 columns (in 0.00384 secs)
2025-04-21 23:08:14,172 [DEBUG]  OP: Operation.NAIVE_FACTORIZATION on slice (44, 11) (remaining tasks 23)
2025-04-21 23:08:14,177 [DEBUG]  		naive factorization 11 columns (in 0.00402 secs)
2025-04-21 23:08:14,177 [DEBUG]  OP: Operation.NAIVE_FACTORIZATION on slice (41, 11) (remaining tasks 22)
2025-04-21 23:08:14,182 [DEBUG]  		naive factorization 11 columns (in 0.00450 secs)
2025-04-21 23:08:14,182 [DEBUG]  OP: Operation.NAIVE_FACTORIZATION on slice (52, 11) (remaining tasks 21)
2025-04-21 23:08:14,186 [DEBUG]  		naive factorization 11 columns (in 0.00373 secs)
2025-04-21 23:08:14,186 [DEBUG]  OP: Operation.NAIVE_FACTORIZATION on slice (38, 11) (remaining tasks 20)
2025-04-21 23:08:14,190 [DEBUG]  		naive factorization 11 columns (in 0.00368 secs)
2025-04-21 23:08:14,191 [DEBUG]  OP: Operation.NAIVE_FACTORIZATION on slice (27, 11) (remaining tasks 19)
2025-04-21 23:08:14,196 [DEBUG]  		naive factorization 11 columns (in 0.00461 secs)
2025-04-21 23:08:14,196 [DEBUG]  OP: Operation.NAIVE_FACTORIZATION on slice (66, 11) (remaining tasks 18)
2025-04-21 23:08:14,201 [DEBUG]  		naive factorization 11 columns (in 0.00473 secs)
2025-04-21 23:08:14,201 [DEBUG]  OP: Operation.NAIVE_FACTORIZATION on slice (30, 11) (remaining tasks 17)
2025-04-21 23:08:14,205 [DEBUG]  		naive factorization 11 columns (in 0.00367 secs)
2025-04-21 23:08:14,206 [DEBUG]  OP: Operation.NAIVE_FACTORIZATION on slice (54, 11) (remaining tasks 16)
2025-04-21 23:08:14,211 [DEBUG]  		naive factorization 11 columns (in 0.00535 secs)
2025-04-21 23:08:14,212 [DEBUG]  OP: Operation.NAIVE_FACTORIZATION on slice (60, 11) (remaining tasks 15)
2025-04-21 23:08:14,216 [DEBUG]  		naive factorization 11 columns (in 0.00407 secs)
2025-04-21 23:08:14,217 [DEBUG]  OP: Operation.NAIVE_FACTORIZATION on slice (37, 11) (remaining tasks 14)
2025-04-21 23:08:14,221 [DEBUG]  		naive factorization 11 columns (in 0.00375 secs)
2025-04-21 23:08:14,221 [DEBUG]  OP: Operation.SPLIT_COLUMNS on slice (75, 11) (remaining tasks 13)
2025-04-21 23:08:14,541 [DEBUG]  		found 1 col clusters (in 0.31997 secs)
2025-04-21 23:08:14,542 [DEBUG]  OP: Operation.NAIVE_FACTORIZATION on slice (49, 11) (remaining tasks 13)
2025-04-21 23:08:14,547 [DEBUG]  		naive factorization 11 columns (in 0.00492 secs)
2025-04-21 23:08:14,548 [DEBUG]  OP: Operation.NAIVE_FACTORIZATION on slice (68, 11) (remaining tasks 12)
2025-04-21 23:08:14,552 [DEBUG]  		naive factorization 11 columns (in 0.00411 secs)
2025-04-21 23:08:14,552 [DEBUG]  OP: Operation.NAIVE_FACTORIZATION on slice (26, 11) (remaining tasks 11)
2025-04-21 23:08:14,557 [DEBUG]  		naive factorization 11 columns (in 0.00419 secs)
2025-04-21 23:08:14,557 [DEBUG]  OP: Operation.NAIVE_FACTORIZATION on slice (48, 11) (remaining tasks 10)
2025-04-21 23:08:14,563 [DEBUG]  		naive factorization 11 columns (in 0.00507 secs)
2025-04-21 23:08:14,563 [DEBUG]  OP: Operation.NAIVE_FACTORIZATION on slice (36, 11) (remaining tasks 9)
2025-04-21 23:08:14,567 [DEBUG]  		naive factorization 11 columns (in 0.00385 secs)
2025-04-21 23:08:14,568 [DEBUG]  OP: Operation.NAIVE_FACTORIZATION on slice (51, 11) (remaining tasks 8)
2025-04-21 23:08:14,572 [DEBUG]  		naive factorization 11 columns (in 0.00392 secs)
2025-04-21 23:08:14,573 [DEBUG]  OP: Operation.NAIVE_FACTORIZATION on slice (30, 11) (remaining tasks 7)
2025-04-21 23:08:14,577 [DEBUG]  		naive factorization 11 columns (in 0.00455 secs)
2025-04-21 23:08:14,578 [DEBUG]  OP: Operation.NAIVE_FACTORIZATION on slice (32, 11) (remaining tasks 6)
2025-04-21 23:08:14,582 [DEBUG]  		naive factorization 11 columns (in 0.00368 secs)
2025-04-21 23:08:14,582 [DEBUG]  OP: Operation.NAIVE_FACTORIZATION on slice (58, 11) (remaining tasks 5)
2025-04-21 23:08:14,587 [DEBUG]  		naive factorization 11 columns (in 0.00398 secs)
2025-04-21 23:08:14,587 [DEBUG]  OP: Operation.NAIVE_FACTORIZATION on slice (27, 11) (remaining tasks 4)
2025-04-21 23:08:14,591 [DEBUG]  		naive factorization 11 columns (in 0.00377 secs)
2025-04-21 23:08:14,592 [DEBUG]  OP: Operation.NAIVE_FACTORIZATION on slice (60, 11) (remaining tasks 3)
2025-04-21 23:08:14,596 [DEBUG]  		naive factorization 11 columns (in 0.00407 secs)
2025-04-21 23:08:14,596 [DEBUG]  OP: Operation.NAIVE_FACTORIZATION on slice (41, 10) (remaining tasks 2)
2025-04-21 23:08:14,601 [DEBUG]  		naive factorization 10 columns (in 0.00406 secs)
2025-04-21 23:08:14,601 [DEBUG]  OP: Operation.NAIVE_FACTORIZATION on slice (42, 10) (remaining tasks 1)
2025-04-21 23:08:14,605 [DEBUG]  		naive factorization 10 columns (in 0.00375 secs)
2025-04-21 23:08:14,606 [DEBUG]  OP: Operation.SPLIT_ROWS on slice (75, 11) (remaining tasks 0)
2025-04-21 23:08:14,648 [DEBUG]  		found 2 row clusters (in 0.04189 secs)
2025-04-21 23:08:14,648 [DEBUG]  OP: Operation.NAIVE_FACTORIZATION on slice (58, 11) (remaining tasks 1)
2025-04-21 23:08:14,652 [DEBUG]  		naive factorization 11 columns (in 0.00399 secs)
2025-04-21 23:08:14,653 [DEBUG]  OP: Operation.NAIVE_FACTORIZATION on slice (17, 11) (remaining tasks 0)
2025-04-21 23:08:14,658 [DEBUG]  		naive factorization 11 columns (in 0.00463 secs)
2025-04-21 23:08:15,829 [DEBUG]  Built SPN in 160.52935325300132 sec
2025-04-21 23:08:15,829 [INFO ]  Saving ensemble to /home/dafn/card/deepcard/collected_temp_benchmarks/spn_ensembles/Gas Turbine CO and NOx Emission Data Set/ensemble_single_gt_2011_10000000.pkl
