2025-04-21 22:28:30,704 [INFO ]  Creating naive ensemble.
2025-04-21 22:28:30,704 [INFO ]  Learning SPN for gt_2012.
2025-04-21 22:28:30,704 [DEBUG]  generate_join_sample(single_table=gt_2012, relationship_list=None, split_condition=None)
2025-04-21 22:28:30,732 [DEBUG]  Using min_instance_slice parameter 76.28.
2025-04-21 22:28:30,732 [INFO ]  SPN training phase with 7628 samples
2025-04-21 22:28:30,739 [DEBUG]  Built domains in 0.006438155996875139 sec
2025-04-21 22:28:31,080 [DEBUG]  CACHEDIR=/home/dafn/.cache/matplotlib
2025-04-21 22:28:31,082 [DEBUG]  Using fontManager instance from /home/dafn/.cache/matplotlib/fontlist-v300.json
2025-04-21 22:28:31,174 [DEBUG]  Loaded backend qt5agg version unknown.
2025-04-21 22:28:31,205 [DEBUG]  Loaded backend qt5agg version unknown.
2025-04-21 22:28:31,205 [DEBUG]  Loaded backend qt4agg version unknown.
2025-04-21 22:28:31,212 [DEBUG]  Loaded backend tkagg version unknown.
2025-04-21 22:28:31,212 [DEBUG]  Loaded backend agg version unknown.
2025-04-21 22:28:31,213 [DEBUG]  Loaded backend agg version unknown.
2025-04-21 22:28:31,216 [DEBUG]  OP: Operation.SPLIT_ROWS on slice (7628, 11) (remaining tasks 0)
2025-04-21 22:28:31,298 [DEBUG]  		found 2 row clusters (in 0.08225 secs)
2025-04-21 22:28:31,299 [DEBUG]  OP: Operation.SPLIT_COLUMNS on slice (5748, 11) (remaining tasks 1)
2025-04-21 22:28:33,282 [DEBUG]  		found 1 col clusters (in 1.98247 secs)
2025-04-21 22:28:33,282 [DEBUG]  OP: Operation.SPLIT_COLUMNS on slice (1880, 11) (remaining tasks 1)
2025-04-21 22:28:38,596 [DEBUG]  		found 1 col clusters (in 5.31394 secs)
2025-04-21 22:28:38,598 [DEBUG]  OP: Operation.SPLIT_ROWS on slice (5748, 11) (remaining tasks 1)
2025-04-21 22:28:38,772 [DEBUG]  		found 2 row clusters (in 0.17310 secs)
2025-04-21 22:28:38,772 [DEBUG]  OP: Operation.SPLIT_ROWS on slice (1880, 11) (remaining tasks 2)
2025-04-21 22:28:38,817 [DEBUG]  		found 2 row clusters (in 0.04470 secs)
2025-04-21 22:28:38,817 [DEBUG]  OP: Operation.SPLIT_COLUMNS on slice (1210, 11) (remaining tasks 3)
2025-04-21 22:28:43,213 [DEBUG]  		found 1 col clusters (in 4.39547 secs)
2025-04-21 22:28:43,214 [DEBUG]  OP: Operation.SPLIT_COLUMNS on slice (4538, 11) (remaining tasks 3)
2025-04-21 22:28:45,766 [DEBUG]  		found 1 col clusters (in 2.55219 secs)
2025-04-21 22:28:45,767 [DEBUG]  OP: Operation.SPLIT_COLUMNS on slice (1406, 11) (remaining tasks 3)
2025-04-21 22:28:49,656 [DEBUG]  		found 1 col clusters (in 3.88847 secs)
2025-04-21 22:28:49,656 [DEBUG]  OP: Operation.SPLIT_COLUMNS on slice (474, 11) (remaining tasks 3)
2025-04-21 22:28:51,016 [DEBUG]  		found 1 col clusters (in 1.35931 secs)
2025-04-21 22:28:51,017 [DEBUG]  OP: Operation.SPLIT_ROWS on slice (1210, 11) (remaining tasks 3)
2025-04-21 22:28:51,224 [DEBUG]  		found 2 row clusters (in 0.20654 secs)
2025-04-21 22:28:51,224 [DEBUG]  OP: Operation.SPLIT_ROWS on slice (4538, 11) (remaining tasks 4)
2025-04-21 22:28:51,289 [DEBUG]  		found 2 row clusters (in 0.06434 secs)
2025-04-21 22:28:51,289 [DEBUG]  OP: Operation.SPLIT_ROWS on slice (1406, 11) (remaining tasks 5)
2025-04-21 22:28:51,329 [DEBUG]  		found 2 row clusters (in 0.03945 secs)
2025-04-21 22:28:51,329 [DEBUG]  OP: Operation.SPLIT_ROWS on slice (474, 11) (remaining tasks 6)
2025-04-21 22:28:51,363 [DEBUG]  		found 2 row clusters (in 0.03430 secs)
2025-04-21 22:28:51,364 [DEBUG]  OP: Operation.SPLIT_COLUMNS on slice (506, 11) (remaining tasks 7)
2025-04-21 22:28:53,253 [DEBUG]  		found 1 col clusters (in 1.88892 secs)
2025-04-21 22:28:53,253 [DEBUG]  OP: Operation.SPLIT_COLUMNS on slice (704, 11) (remaining tasks 7)
2025-04-21 22:28:54,386 [DEBUG]  		found 1 col clusters (in 1.13273 secs)
2025-04-21 22:28:54,387 [DEBUG]  OP: Operation.SPLIT_COLUMNS on slice (1861, 11) (remaining tasks 7)
2025-04-21 22:29:00,183 [DEBUG]  		found 1 col clusters (in 5.79612 secs)
2025-04-21 22:29:00,184 [DEBUG]  OP: Operation.SPLIT_COLUMNS on slice (2677, 11) (remaining tasks 7)
2025-04-21 22:29:05,975 [DEBUG]  		found 1 col clusters (in 5.79065 secs)
2025-04-21 22:29:05,976 [DEBUG]  OP: Operation.SPLIT_COLUMNS on slice (1019, 11) (remaining tasks 7)
2025-04-21 22:29:09,162 [DEBUG]  		found 1 col clusters (in 3.18551 secs)
2025-04-21 22:29:09,162 [DEBUG]  OP: Operation.SPLIT_COLUMNS on slice (387, 11) (remaining tasks 7)
2025-04-21 22:29:11,279 [DEBUG]  		found 1 col clusters (in 2.11654 secs)
2025-04-21 22:29:11,280 [DEBUG]  OP: Operation.SPLIT_COLUMNS on slice (287, 11) (remaining tasks 7)
2025-04-21 22:29:13,084 [DEBUG]  		found 1 col clusters (in 1.80430 secs)
2025-04-21 22:29:13,085 [DEBUG]  OP: Operation.SPLIT_COLUMNS on slice (187, 11) (remaining tasks 7)
2025-04-21 22:29:13,476 [DEBUG]  		found 1 col clusters (in 0.39131 secs)
2025-04-21 22:29:13,476 [DEBUG]  OP: Operation.SPLIT_ROWS on slice (506, 11) (remaining tasks 7)
2025-04-21 22:29:13,538 [DEBUG]  		found 2 row clusters (in 0.06178 secs)
2025-04-21 22:29:13,539 [DEBUG]  OP: Operation.SPLIT_ROWS on slice (704, 11) (remaining tasks 8)
2025-04-21 22:29:13,615 [DEBUG]  		found 2 row clusters (in 0.07609 secs)
2025-04-21 22:29:13,616 [DEBUG]  OP: Operation.SPLIT_ROWS on slice (1861, 11) (remaining tasks 9)
2025-04-21 22:29:13,669 [DEBUG]  		found 2 row clusters (in 0.05305 secs)
2025-04-21 22:29:13,669 [DEBUG]  OP: Operation.SPLIT_ROWS on slice (2677, 11) (remaining tasks 10)
2025-04-21 22:29:13,720 [DEBUG]  		found 2 row clusters (in 0.05031 secs)
2025-04-21 22:29:13,720 [DEBUG]  OP: Operation.SPLIT_ROWS on slice (1019, 11) (remaining tasks 11)
2025-04-21 22:29:13,754 [DEBUG]  		found 2 row clusters (in 0.03355 secs)
2025-04-21 22:29:13,754 [DEBUG]  OP: Operation.SPLIT_ROWS on slice (387, 11) (remaining tasks 12)
2025-04-21 22:29:13,783 [DEBUG]  		found 2 row clusters (in 0.02926 secs)
2025-04-21 22:29:13,784 [DEBUG]  OP: Operation.SPLIT_ROWS on slice (287, 11) (remaining tasks 13)
2025-04-21 22:29:13,811 [DEBUG]  		found 2 row clusters (in 0.02783 secs)
2025-04-21 22:29:13,812 [DEBUG]  OP: Operation.SPLIT_ROWS on slice (187, 11) (remaining tasks 14)
2025-04-21 22:29:13,831 [DEBUG]  		found 2 row clusters (in 0.01881 secs)
2025-04-21 22:29:13,831 [DEBUG]  OP: Operation.SPLIT_COLUMNS on slice (293, 11) (remaining tasks 15)
2025-04-21 22:29:15,610 [DEBUG]  		found 1 col clusters (in 1.77930 secs)
2025-04-21 22:29:15,611 [DEBUG]  OP: Operation.SPLIT_COLUMNS on slice (213, 11) (remaining tasks 15)
2025-04-21 22:29:17,152 [DEBUG]  		found 1 col clusters (in 1.54144 secs)
2025-04-21 22:29:17,153 [DEBUG]  OP: Operation.SPLIT_COLUMNS on slice (375, 11) (remaining tasks 15)
2025-04-21 22:29:19,255 [DEBUG]  		found 1 col clusters (in 2.10178 secs)
2025-04-21 22:29:19,255 [DEBUG]  OP: Operation.SPLIT_COLUMNS on slice (329, 11) (remaining tasks 15)
2025-04-21 22:29:21,420 [DEBUG]  		found 1 col clusters (in 2.16512 secs)
2025-04-21 22:29:21,421 [DEBUG]  OP: Operation.SPLIT_COLUMNS on slice (1150, 11) (remaining tasks 15)
2025-04-21 22:29:24,887 [DEBUG]  		found 1 col clusters (in 3.46571 secs)
2025-04-21 22:29:24,887 [DEBUG]  OP: Operation.SPLIT_COLUMNS on slice (711, 11) (remaining tasks 15)
2025-04-21 22:29:25,506 [DEBUG]  		found 1 col clusters (in 0.61864 secs)
2025-04-21 22:29:25,507 [DEBUG]  OP: Operation.SPLIT_COLUMNS on slice (985, 11) (remaining tasks 15)
2025-04-21 22:29:28,476 [DEBUG]  		found 1 col clusters (in 2.96926 secs)
2025-04-21 22:29:28,477 [DEBUG]  OP: Operation.SPLIT_COLUMNS on slice (1692, 11) (remaining tasks 15)
2025-04-21 22:29:33,248 [DEBUG]  		found 1 col clusters (in 4.77074 secs)
2025-04-21 22:29:33,248 [DEBUG]  OP: Operation.SPLIT_COLUMNS on slice (597, 11) (remaining tasks 15)
2025-04-21 22:29:34,720 [DEBUG]  		found 1 col clusters (in 1.47118 secs)
2025-04-21 22:29:34,720 [DEBUG]  OP: Operation.SPLIT_COLUMNS on slice (422, 11) (remaining tasks 15)
2025-04-21 22:29:36,825 [DEBUG]  		found 1 col clusters (in 2.10479 secs)
2025-04-21 22:29:36,826 [DEBUG]  OP: Operation.SPLIT_COLUMNS on slice (168, 11) (remaining tasks 15)
2025-04-21 22:29:37,152 [DEBUG]  		found 1 col clusters (in 0.32674 secs)
2025-04-21 22:29:37,153 [DEBUG]  OP: Operation.SPLIT_COLUMNS on slice (219, 11) (remaining tasks 15)
2025-04-21 22:29:38,684 [DEBUG]  		found 1 col clusters (in 1.53090 secs)
2025-04-21 22:29:38,685 [DEBUG]  OP: Operation.SPLIT_COLUMNS on slice (234, 11) (remaining tasks 15)
2025-04-21 22:29:40,230 [DEBUG]  		found 1 col clusters (in 1.54477 secs)
2025-04-21 22:29:40,230 [DEBUG]  OP: Operation.NAIVE_FACTORIZATION on slice (53, 11) (remaining tasks 15)
2025-04-21 22:29:40,239 [DEBUG]  		naive factorization 11 columns (in 0.00875 secs)
2025-04-21 22:29:40,240 [DEBUG]  OP: Operation.SPLIT_COLUMNS on slice (146, 11) (remaining tasks 14)
2025-04-21 22:29:40,666 [DEBUG]  		found 1 col clusters (in 0.42642 secs)
2025-04-21 22:29:40,667 [DEBUG]  OP: Operation.NAIVE_FACTORIZATION on slice (41, 11) (remaining tasks 14)
2025-04-21 22:29:40,676 [DEBUG]  		naive factorization 11 columns (in 0.00913 secs)
2025-04-21 22:29:40,677 [DEBUG]  OP: Operation.SPLIT_ROWS on slice (293, 11) (remaining tasks 13)
2025-04-21 22:29:40,730 [DEBUG]  		found 2 row clusters (in 0.05278 secs)
2025-04-21 22:29:40,730 [DEBUG]  OP: Operation.SPLIT_ROWS on slice (213, 11) (remaining tasks 14)
2025-04-21 22:29:40,771 [DEBUG]  		found 2 row clusters (in 0.04063 secs)
2025-04-21 22:29:40,771 [DEBUG]  OP: Operation.SPLIT_ROWS on slice (375, 11) (remaining tasks 15)
2025-04-21 22:29:40,800 [DEBUG]  		found 2 row clusters (in 0.02831 secs)
2025-04-21 22:29:40,800 [DEBUG]  OP: Operation.SPLIT_ROWS on slice (329, 11) (remaining tasks 16)
2025-04-21 22:29:40,831 [DEBUG]  		found 2 row clusters (in 0.03095 secs)
2025-04-21 22:29:40,831 [DEBUG]  OP: Operation.SPLIT_ROWS on slice (1150, 11) (remaining tasks 17)
2025-04-21 22:29:40,876 [DEBUG]  		found 2 row clusters (in 0.04493 secs)
2025-04-21 22:29:40,876 [DEBUG]  OP: Operation.SPLIT_ROWS on slice (711, 11) (remaining tasks 18)
2025-04-21 22:29:40,907 [DEBUG]  		found 2 row clusters (in 0.03089 secs)
2025-04-21 22:29:40,907 [DEBUG]  OP: Operation.SPLIT_ROWS on slice (985, 11) (remaining tasks 19)
2025-04-21 22:29:40,945 [DEBUG]  		found 2 row clusters (in 0.03742 secs)
2025-04-21 22:29:40,945 [DEBUG]  OP: Operation.SPLIT_ROWS on slice (1692, 11) (remaining tasks 20)
2025-04-21 22:29:40,991 [DEBUG]  		found 2 row clusters (in 0.04549 secs)
2025-04-21 22:29:40,991 [DEBUG]  OP: Operation.SPLIT_ROWS on slice (597, 11) (remaining tasks 21)
2025-04-21 22:29:41,020 [DEBUG]  		found 2 row clusters (in 0.02843 secs)
2025-04-21 22:29:41,020 [DEBUG]  OP: Operation.SPLIT_ROWS on slice (422, 11) (remaining tasks 22)
2025-04-21 22:29:41,055 [DEBUG]  		found 2 row clusters (in 0.03517 secs)
2025-04-21 22:29:41,055 [DEBUG]  OP: Operation.SPLIT_ROWS on slice (168, 11) (remaining tasks 23)
2025-04-21 22:29:41,076 [DEBUG]  		found 2 row clusters (in 0.02041 secs)
2025-04-21 22:29:41,076 [DEBUG]  OP: Operation.SPLIT_ROWS on slice (219, 11) (remaining tasks 24)
2025-04-21 22:29:41,097 [DEBUG]  		found 2 row clusters (in 0.02065 secs)
2025-04-21 22:29:41,097 [DEBUG]  OP: Operation.SPLIT_ROWS on slice (234, 11) (remaining tasks 25)
2025-04-21 22:29:41,125 [DEBUG]  		found 2 row clusters (in 0.02783 secs)
2025-04-21 22:29:41,125 [DEBUG]  OP: Operation.SPLIT_ROWS on slice (146, 11) (remaining tasks 26)
2025-04-21 22:29:41,146 [DEBUG]  		found 2 row clusters (in 0.02067 secs)
2025-04-21 22:29:41,146 [DEBUG]  OP: Operation.SPLIT_COLUMNS on slice (174, 11) (remaining tasks 27)
2025-04-21 22:29:41,467 [DEBUG]  		found 1 col clusters (in 0.32079 secs)
2025-04-21 22:29:41,467 [DEBUG]  OP: Operation.SPLIT_COLUMNS on slice (119, 11) (remaining tasks 27)
2025-04-21 22:29:41,714 [DEBUG]  		found 1 col clusters (in 0.24682 secs)
2025-04-21 22:29:41,715 [DEBUG]  OP: Operation.NAIVE_FACTORIZATION on slice (68, 11) (remaining tasks 27)
2025-04-21 22:29:41,721 [DEBUG]  		naive factorization 11 columns (in 0.00630 secs)
2025-04-21 22:29:41,722 [DEBUG]  OP: Operation.SPLIT_COLUMNS on slice (145, 11) (remaining tasks 26)
2025-04-21 22:29:41,944 [DEBUG]  		found 1 col clusters (in 0.22207 secs)
2025-04-21 22:29:41,944 [DEBUG]  OP: Operation.SPLIT_COLUMNS on slice (172, 11) (remaining tasks 26)
2025-04-21 22:29:42,393 [DEBUG]  		found 1 col clusters (in 0.44893 secs)
2025-04-21 22:29:42,394 [DEBUG]  OP: Operation.SPLIT_COLUMNS on slice (203, 11) (remaining tasks 26)
2025-04-21 22:29:43,676 [DEBUG]  		found 1 col clusters (in 1.28159 secs)
2025-04-21 22:29:43,676 [DEBUG]  OP: Operation.SPLIT_COLUMNS on slice (165, 11) (remaining tasks 26)
2025-04-21 22:29:44,093 [DEBUG]  		found 1 col clusters (in 0.41703 secs)
2025-04-21 22:29:44,094 [DEBUG]  OP: Operation.SPLIT_COLUMNS on slice (164, 11) (remaining tasks 26)
2025-04-21 22:29:44,466 [DEBUG]  		found 1 col clusters (in 0.37278 secs)
2025-04-21 22:29:44,467 [DEBUG]  OP: Operation.SPLIT_COLUMNS on slice (751, 11) (remaining tasks 26)
2025-04-21 22:29:45,724 [DEBUG]  		found 1 col clusters (in 1.25716 secs)
2025-04-21 22:29:45,725 [DEBUG]  OP: Operation.SPLIT_COLUMNS on slice (399, 11) (remaining tasks 26)
2025-04-21 22:29:47,953 [DEBUG]  		found 1 col clusters (in 2.22821 secs)
2025-04-21 22:29:47,954 [DEBUG]  OP: Operation.SPLIT_COLUMNS on slice (598, 11) (remaining tasks 26)
2025-04-21 22:29:49,312 [DEBUG]  		found 1 col clusters (in 1.35792 secs)
2025-04-21 22:29:49,313 [DEBUG]  OP: Operation.SPLIT_COLUMNS on slice (113, 11) (remaining tasks 26)
2025-04-21 22:29:49,670 [DEBUG]  		found 1 col clusters (in 0.35681 secs)
2025-04-21 22:29:49,670 [DEBUG]  OP: Operation.SPLIT_COLUMNS on slice (482, 11) (remaining tasks 26)
2025-04-21 22:29:51,917 [DEBUG]  		found 1 col clusters (in 2.24652 secs)
2025-04-21 22:29:51,917 [DEBUG]  OP: Operation.SPLIT_COLUMNS on slice (503, 11) (remaining tasks 26)
2025-04-21 22:29:53,999 [DEBUG]  		found 1 col clusters (in 2.08141 secs)
2025-04-21 22:29:54,000 [DEBUG]  OP: Operation.SPLIT_COLUMNS on slice (846, 11) (remaining tasks 26)
2025-04-21 22:29:57,194 [DEBUG]  		found 1 col clusters (in 3.19365 secs)
2025-04-21 22:29:57,194 [DEBUG]  OP: Operation.SPLIT_COLUMNS on slice (846, 11) (remaining tasks 26)
2025-04-21 22:29:59,648 [DEBUG]  		found 1 col clusters (in 2.45361 secs)
2025-04-21 22:29:59,649 [DEBUG]  OP: Operation.SPLIT_COLUMNS on slice (492, 11) (remaining tasks 26)
2025-04-21 22:30:01,298 [DEBUG]  		found 1 col clusters (in 1.64928 secs)
2025-04-21 22:30:01,299 [DEBUG]  OP: Operation.SPLIT_COLUMNS on slice (105, 11) (remaining tasks 26)
2025-04-21 22:30:01,625 [DEBUG]  		found 1 col clusters (in 0.32578 secs)
2025-04-21 22:30:01,625 [DEBUG]  OP: Operation.SPLIT_COLUMNS on slice (347, 11) (remaining tasks 26)
2025-04-21 22:30:03,560 [DEBUG]  		found 1 col clusters (in 1.93456 secs)
2025-04-21 22:30:03,560 [DEBUG]  OP: Operation.NAIVE_FACTORIZATION on slice (75, 11) (remaining tasks 26)
2025-04-21 22:30:03,573 [DEBUG]  		naive factorization 11 columns (in 0.01190 secs)
2025-04-21 22:30:03,573 [DEBUG]  OP: Operation.SPLIT_COLUMNS on slice (84, 11) (remaining tasks 25)
2025-04-21 22:30:03,884 [DEBUG]  		found 1 col clusters (in 0.31095 secs)
2025-04-21 22:30:03,885 [DEBUG]  OP: Operation.SPLIT_COLUMNS on slice (84, 11) (remaining tasks 25)
2025-04-21 22:30:04,108 [DEBUG]  		found 1 col clusters (in 0.22271 secs)
2025-04-21 22:30:04,108 [DEBUG]  OP: Operation.SPLIT_COLUMNS on slice (139, 11) (remaining tasks 25)
2025-04-21 22:30:04,426 [DEBUG]  		found 1 col clusters (in 0.31791 secs)
2025-04-21 22:30:04,426 [DEBUG]  OP: Operation.SPLIT_COLUMNS on slice (80, 11) (remaining tasks 25)
2025-04-21 22:30:04,676 [DEBUG]  		found 1 col clusters (in 0.24942 secs)
2025-04-21 22:30:04,677 [DEBUG]  OP: Operation.SPLIT_COLUMNS on slice (160, 11) (remaining tasks 25)
2025-04-21 22:30:04,998 [DEBUG]  		found 1 col clusters (in 0.32087 secs)
2025-04-21 22:30:04,998 [DEBUG]  OP: Operation.NAIVE_FACTORIZATION on slice (74, 11) (remaining tasks 25)
2025-04-21 22:30:05,004 [DEBUG]  		naive factorization 11 columns (in 0.00556 secs)
2025-04-21 22:30:05,004 [DEBUG]  OP: Operation.SPLIT_COLUMNS on slice (80, 11) (remaining tasks 24)
2025-04-21 22:30:05,267 [DEBUG]  		found 1 col clusters (in 0.26220 secs)
2025-04-21 22:30:05,267 [DEBUG]  OP: Operation.NAIVE_FACTORIZATION on slice (66, 11) (remaining tasks 24)
2025-04-21 22:30:05,273 [DEBUG]  		naive factorization 11 columns (in 0.00558 secs)
2025-04-21 22:30:05,273 [DEBUG]  OP: Operation.SPLIT_ROWS on slice (174, 11) (remaining tasks 23)
2025-04-21 22:30:05,334 [DEBUG]  		found 2 row clusters (in 0.05992 secs)
2025-04-21 22:30:05,334 [DEBUG]  OP: Operation.SPLIT_ROWS on slice (119, 11) (remaining tasks 24)
2025-04-21 22:30:05,360 [DEBUG]  		found 2 row clusters (in 0.02584 secs)
2025-04-21 22:30:05,360 [DEBUG]  OP: Operation.SPLIT_ROWS on slice (145, 11) (remaining tasks 25)
2025-04-21 22:30:05,381 [DEBUG]  		found 2 row clusters (in 0.02119 secs)
2025-04-21 22:30:05,382 [DEBUG]  OP: Operation.SPLIT_ROWS on slice (172, 11) (remaining tasks 26)
2025-04-21 22:30:05,403 [DEBUG]  		found 2 row clusters (in 0.02113 secs)
2025-04-21 22:30:05,403 [DEBUG]  OP: Operation.SPLIT_ROWS on slice (203, 11) (remaining tasks 27)
2025-04-21 22:30:05,422 [DEBUG]  		found 2 row clusters (in 0.01907 secs)
2025-04-21 22:30:05,423 [DEBUG]  OP: Operation.SPLIT_ROWS on slice (165, 11) (remaining tasks 28)
2025-04-21 22:30:05,447 [DEBUG]  		found 2 row clusters (in 0.02393 secs)
2025-04-21 22:30:05,447 [DEBUG]  OP: Operation.SPLIT_ROWS on slice (164, 11) (remaining tasks 29)
2025-04-21 22:30:05,467 [DEBUG]  		found 2 row clusters (in 0.02018 secs)
2025-04-21 22:30:05,467 [DEBUG]  OP: Operation.SPLIT_ROWS on slice (751, 11) (remaining tasks 30)
2025-04-21 22:30:05,500 [DEBUG]  		found 2 row clusters (in 0.03258 secs)
2025-04-21 22:30:05,500 [DEBUG]  OP: Operation.SPLIT_ROWS on slice (399, 11) (remaining tasks 31)
2025-04-21 22:30:05,524 [DEBUG]  		found 2 row clusters (in 0.02368 secs)
2025-04-21 22:30:05,524 [DEBUG]  OP: Operation.SPLIT_ROWS on slice (598, 11) (remaining tasks 32)
2025-04-21 22:30:05,558 [DEBUG]  		found 2 row clusters (in 0.03435 secs)
2025-04-21 22:30:05,559 [DEBUG]  OP: Operation.SPLIT_ROWS on slice (113, 11) (remaining tasks 33)
2025-04-21 22:30:05,576 [DEBUG]  		found 2 row clusters (in 0.01691 secs)
2025-04-21 22:30:05,576 [DEBUG]  OP: Operation.SPLIT_ROWS on slice (482, 11) (remaining tasks 34)
2025-04-21 22:30:05,603 [DEBUG]  		found 2 row clusters (in 0.02744 secs)
2025-04-21 22:30:05,604 [DEBUG]  OP: Operation.SPLIT_ROWS on slice (503, 11) (remaining tasks 35)
2025-04-21 22:30:05,633 [DEBUG]  		found 2 row clusters (in 0.02892 secs)
2025-04-21 22:30:05,633 [DEBUG]  OP: Operation.SPLIT_ROWS on slice (846, 11) (remaining tasks 36)
2025-04-21 22:30:05,676 [DEBUG]  		found 2 row clusters (in 0.04329 secs)
2025-04-21 22:30:05,676 [DEBUG]  OP: Operation.SPLIT_ROWS on slice (846, 11) (remaining tasks 37)
2025-04-21 22:30:05,721 [DEBUG]  		found 2 row clusters (in 0.04486 secs)
2025-04-21 22:30:05,722 [DEBUG]  OP: Operation.SPLIT_ROWS on slice (492, 11) (remaining tasks 38)
2025-04-21 22:30:05,753 [DEBUG]  		found 2 row clusters (in 0.03139 secs)
2025-04-21 22:30:05,753 [DEBUG]  OP: Operation.SPLIT_ROWS on slice (105, 11) (remaining tasks 39)
2025-04-21 22:30:05,774 [DEBUG]  		found 2 row clusters (in 0.02101 secs)
2025-04-21 22:30:05,775 [DEBUG]  OP: Operation.SPLIT_ROWS on slice (347, 11) (remaining tasks 40)
2025-04-21 22:30:05,815 [DEBUG]  		found 2 row clusters (in 0.04033 secs)
2025-04-21 22:30:05,815 [DEBUG]  OP: Operation.SPLIT_ROWS on slice (84, 11) (remaining tasks 41)
2025-04-21 22:30:05,831 [DEBUG]  		found 2 row clusters (in 0.01547 secs)
2025-04-21 22:30:05,831 [DEBUG]  OP: Operation.SPLIT_ROWS on slice (84, 11) (remaining tasks 42)
2025-04-21 22:30:05,848 [DEBUG]  		found 2 row clusters (in 0.01684 secs)
2025-04-21 22:30:05,848 [DEBUG]  OP: Operation.SPLIT_ROWS on slice (139, 11) (remaining tasks 43)
2025-04-21 22:30:05,866 [DEBUG]  		found 2 row clusters (in 0.01802 secs)
2025-04-21 22:30:05,866 [DEBUG]  OP: Operation.SPLIT_ROWS on slice (80, 11) (remaining tasks 44)
2025-04-21 22:30:05,880 [DEBUG]  		found 2 row clusters (in 0.01348 secs)
2025-04-21 22:30:05,880 [DEBUG]  OP: Operation.SPLIT_ROWS on slice (160, 11) (remaining tasks 45)
2025-04-21 22:30:05,901 [DEBUG]  		found 2 row clusters (in 0.02125 secs)
2025-04-21 22:30:05,902 [DEBUG]  OP: Operation.SPLIT_ROWS on slice (80, 11) (remaining tasks 46)
2025-04-21 22:30:05,920 [DEBUG]  		found 2 row clusters (in 0.01860 secs)
2025-04-21 22:30:05,920 [DEBUG]  OP: Operation.SPLIT_COLUMNS on slice (155, 11) (remaining tasks 47)
2025-04-21 22:30:06,235 [DEBUG]  		found 1 col clusters (in 0.31451 secs)
2025-04-21 22:30:06,235 [DEBUG]  OP: Operation.NAIVE_FACTORIZATION on slice (19, 11) (remaining tasks 47)
2025-04-21 22:30:06,240 [DEBUG]  		naive factorization 11 columns (in 0.00476 secs)
2025-04-21 22:30:06,241 [DEBUG]  OP: Operation.NAIVE_FACTORIZATION on slice (72, 11) (remaining tasks 46)
2025-04-21 22:30:06,246 [DEBUG]  		naive factorization 11 columns (in 0.00531 secs)
2025-04-21 22:30:06,247 [DEBUG]  OP: Operation.NAIVE_FACTORIZATION on slice (47, 11) (remaining tasks 45)
2025-04-21 22:30:06,252 [DEBUG]  		naive factorization 11 columns (in 0.00512 secs)
2025-04-21 22:30:06,252 [DEBUG]  OP: Operation.NAIVE_FACTORIZATION on slice (67, 11) (remaining tasks 44)
2025-04-21 22:30:06,259 [DEBUG]  		naive factorization 11 columns (in 0.00632 secs)
2025-04-21 22:30:06,259 [DEBUG]  OP: Operation.SPLIT_COLUMNS on slice (78, 11) (remaining tasks 43)
2025-04-21 22:30:06,488 [DEBUG]  		found 1 col clusters (in 0.22882 secs)
2025-04-21 22:30:06,489 [DEBUG]  OP: Operation.SPLIT_COLUMNS on slice (83, 11) (remaining tasks 43)
2025-04-21 22:30:06,704 [DEBUG]  		found 1 col clusters (in 0.21505 secs)
2025-04-21 22:30:06,704 [DEBUG]  OP: Operation.SPLIT_COLUMNS on slice (89, 11) (remaining tasks 43)
2025-04-21 22:30:06,921 [DEBUG]  		found 1 col clusters (in 0.21598 secs)
2025-04-21 22:30:06,921 [DEBUG]  OP: Operation.SPLIT_COLUMNS on slice (167, 11) (remaining tasks 43)
2025-04-21 22:30:07,244 [DEBUG]  		found 1 col clusters (in 0.32266 secs)
2025-04-21 22:30:07,244 [DEBUG]  OP: Operation.NAIVE_FACTORIZATION on slice (36, 11) (remaining tasks 43)
2025-04-21 22:30:07,249 [DEBUG]  		naive factorization 11 columns (in 0.00467 secs)
2025-04-21 22:30:07,250 [DEBUG]  OP: Operation.SPLIT_COLUMNS on slice (110, 11) (remaining tasks 42)
2025-04-21 22:30:07,504 [DEBUG]  		found 1 col clusters (in 0.25410 secs)
2025-04-21 22:30:07,504 [DEBUG]  OP: Operation.NAIVE_FACTORIZATION on slice (55, 11) (remaining tasks 42)
2025-04-21 22:30:07,509 [DEBUG]  		naive factorization 11 columns (in 0.00455 secs)
2025-04-21 22:30:07,510 [DEBUG]  OP: Operation.SPLIT_COLUMNS on slice (106, 11) (remaining tasks 41)
2025-04-21 22:30:07,739 [DEBUG]  		found 1 col clusters (in 0.22890 secs)
2025-04-21 22:30:07,739 [DEBUG]  OP: Operation.NAIVE_FACTORIZATION on slice (58, 11) (remaining tasks 41)
2025-04-21 22:30:07,745 [DEBUG]  		naive factorization 11 columns (in 0.00564 secs)
2025-04-21 22:30:07,746 [DEBUG]  OP: Operation.SPLIT_COLUMNS on slice (684, 11) (remaining tasks 40)
2025-04-21 22:30:09,203 [DEBUG]  		found 1 col clusters (in 1.45736 secs)
2025-04-21 22:30:09,204 [DEBUG]  OP: Operation.NAIVE_FACTORIZATION on slice (67, 11) (remaining tasks 40)
2025-04-21 22:30:09,211 [DEBUG]  		naive factorization 11 columns (in 0.00664 secs)
2025-04-21 22:30:09,211 [DEBUG]  OP: Operation.SPLIT_COLUMNS on slice (206, 11) (remaining tasks 39)
2025-04-21 22:30:10,849 [DEBUG]  		found 1 col clusters (in 1.63762 secs)
2025-04-21 22:30:10,850 [DEBUG]  OP: Operation.SPLIT_COLUMNS on slice (193, 11) (remaining tasks 39)
2025-04-21 22:30:12,176 [DEBUG]  		found 1 col clusters (in 1.32609 secs)
2025-04-21 22:30:12,176 [DEBUG]  OP: Operation.SPLIT_COLUMNS on slice (432, 11) (remaining tasks 39)
2025-04-21 22:30:14,209 [DEBUG]  		found 1 col clusters (in 2.03252 secs)
2025-04-21 22:30:14,209 [DEBUG]  OP: Operation.SPLIT_COLUMNS on slice (166, 11) (remaining tasks 39)
2025-04-21 22:30:14,576 [DEBUG]  		found 1 col clusters (in 0.36603 secs)
2025-04-21 22:30:14,576 [DEBUG]  OP: Operation.NAIVE_FACTORIZATION on slice (51, 11) (remaining tasks 39)
2025-04-21 22:30:14,584 [DEBUG]  		naive factorization 11 columns (in 0.00752 secs)
2025-04-21 22:30:14,584 [DEBUG]  OP: Operation.NAIVE_FACTORIZATION on slice (62, 11) (remaining tasks 38)
2025-04-21 22:30:14,591 [DEBUG]  		naive factorization 11 columns (in 0.00673 secs)
2025-04-21 22:30:14,592 [DEBUG]  OP: Operation.SPLIT_COLUMNS on slice (253, 11) (remaining tasks 37)
2025-04-21 22:30:16,083 [DEBUG]  		found 1 col clusters (in 1.49119 secs)
2025-04-21 22:30:16,084 [DEBUG]  OP: Operation.SPLIT_COLUMNS on slice (229, 11) (remaining tasks 37)
2025-04-21 22:30:17,645 [DEBUG]  		found 1 col clusters (in 1.56126 secs)
2025-04-21 22:30:17,645 [DEBUG]  OP: Operation.SPLIT_COLUMNS on slice (290, 11) (remaining tasks 37)
2025-04-21 22:30:19,402 [DEBUG]  		found 1 col clusters (in 1.75610 secs)
2025-04-21 22:30:19,402 [DEBUG]  OP: Operation.SPLIT_COLUMNS on slice (213, 11) (remaining tasks 37)
2025-04-21 22:30:21,053 [DEBUG]  		found 1 col clusters (in 1.65056 secs)
2025-04-21 22:30:21,053 [DEBUG]  OP: Operation.SPLIT_COLUMNS on slice (399, 11) (remaining tasks 37)
2025-04-21 22:30:23,156 [DEBUG]  		found 1 col clusters (in 2.10277 secs)
2025-04-21 22:30:23,157 [DEBUG]  OP: Operation.SPLIT_COLUMNS on slice (447, 11) (remaining tasks 37)
2025-04-21 22:30:24,821 [DEBUG]  		found 1 col clusters (in 1.66402 secs)
2025-04-21 22:30:24,822 [DEBUG]  OP: Operation.SPLIT_COLUMNS on slice (349, 11) (remaining tasks 37)
2025-04-21 22:30:26,400 [DEBUG]  		found 1 col clusters (in 1.57799 secs)
2025-04-21 22:30:26,401 [DEBUG]  OP: Operation.SPLIT_COLUMNS on slice (497, 11) (remaining tasks 37)
2025-04-21 22:30:28,479 [DEBUG]  		found 1 col clusters (in 2.07785 secs)
2025-04-21 22:30:28,479 [DEBUG]  OP: Operation.SPLIT_COLUMNS on slice (324, 11) (remaining tasks 37)
2025-04-21 22:30:30,572 [DEBUG]  		found 1 col clusters (in 2.09238 secs)
2025-04-21 22:30:30,573 [DEBUG]  OP: Operation.SPLIT_COLUMNS on slice (168, 11) (remaining tasks 37)
2025-04-21 22:30:30,955 [DEBUG]  		found 1 col clusters (in 0.38251 secs)
2025-04-21 22:30:30,956 [DEBUG]  OP: Operation.NAIVE_FACTORIZATION on slice (60, 11) (remaining tasks 37)
2025-04-21 22:30:30,962 [DEBUG]  		naive factorization 11 columns (in 0.00591 secs)
2025-04-21 22:30:30,962 [DEBUG]  OP: Operation.NAIVE_FACTORIZATION on slice (45, 11) (remaining tasks 36)
2025-04-21 22:30:30,968 [DEBUG]  		naive factorization 11 columns (in 0.00499 secs)
2025-04-21 22:30:30,968 [DEBUG]  OP: Operation.SPLIT_COLUMNS on slice (147, 11) (remaining tasks 35)
2025-04-21 22:30:31,259 [DEBUG]  		found 1 col clusters (in 0.29111 secs)
2025-04-21 22:30:31,260 [DEBUG]  OP: Operation.SPLIT_COLUMNS on slice (200, 11) (remaining tasks 35)
2025-04-21 22:30:32,886 [DEBUG]  		found 1 col clusters (in 1.62608 secs)
2025-04-21 22:30:32,886 [DEBUG]  OP: Operation.NAIVE_FACTORIZATION on slice (24, 11) (remaining tasks 35)
2025-04-21 22:30:32,892 [DEBUG]  		naive factorization 11 columns (in 0.00496 secs)
2025-04-21 22:30:32,892 [DEBUG]  OP: Operation.NAIVE_FACTORIZATION on slice (60, 11) (remaining tasks 34)
2025-04-21 22:30:32,898 [DEBUG]  		naive factorization 11 columns (in 0.00569 secs)
2025-04-21 22:30:32,898 [DEBUG]  OP: Operation.SPLIT_COLUMNS on slice (82, 11) (remaining tasks 33)
2025-04-21 22:30:33,108 [DEBUG]  		found 1 col clusters (in 0.20969 secs)
2025-04-21 22:30:33,109 [DEBUG]  OP: Operation.NAIVE_FACTORIZATION on slice (2, 11) (remaining tasks 33)
2025-04-21 22:30:33,113 [DEBUG]  		naive factorization 11 columns (in 0.00394 secs)
2025-04-21 22:30:33,113 [DEBUG]  OP: Operation.SPLIT_COLUMNS on slice (116, 11) (remaining tasks 32)
2025-04-21 22:30:33,335 [DEBUG]  		found 1 col clusters (in 0.22153 secs)
2025-04-21 22:30:33,335 [DEBUG]  OP: Operation.NAIVE_FACTORIZATION on slice (23, 11) (remaining tasks 32)
2025-04-21 22:30:33,340 [DEBUG]  		naive factorization 11 columns (in 0.00439 secs)
2025-04-21 22:30:33,341 [DEBUG]  OP: Operation.NAIVE_FACTORIZATION on slice (48, 11) (remaining tasks 31)
2025-04-21 22:30:33,346 [DEBUG]  		naive factorization 11 columns (in 0.00485 secs)
2025-04-21 22:30:33,346 [DEBUG]  OP: Operation.NAIVE_FACTORIZATION on slice (32, 11) (remaining tasks 30)
2025-04-21 22:30:33,351 [DEBUG]  		naive factorization 11 columns (in 0.00504 secs)
2025-04-21 22:30:33,352 [DEBUG]  OP: Operation.SPLIT_COLUMNS on slice (85, 11) (remaining tasks 29)
2025-04-21 22:30:33,592 [DEBUG]  		found 1 col clusters (in 0.23948 secs)
2025-04-21 22:30:33,592 [DEBUG]  OP: Operation.NAIVE_FACTORIZATION on slice (75, 11) (remaining tasks 29)
2025-04-21 22:30:33,597 [DEBUG]  		naive factorization 11 columns (in 0.00451 secs)
2025-04-21 22:30:33,597 [DEBUG]  OP: Operation.NAIVE_FACTORIZATION on slice (52, 11) (remaining tasks 28)
2025-04-21 22:30:33,603 [DEBUG]  		naive factorization 11 columns (in 0.00513 secs)
2025-04-21 22:30:33,603 [DEBUG]  OP: Operation.NAIVE_FACTORIZATION on slice (28, 11) (remaining tasks 27)
2025-04-21 22:30:33,608 [DEBUG]  		naive factorization 11 columns (in 0.00491 secs)
2025-04-21 22:30:33,609 [DEBUG]  OP: Operation.SPLIT_ROWS on slice (155, 11) (remaining tasks 26)
2025-04-21 22:30:33,665 [DEBUG]  		found 2 row clusters (in 0.05613 secs)
2025-04-21 22:30:33,665 [DEBUG]  OP: Operation.SPLIT_ROWS on slice (78, 11) (remaining tasks 27)
2025-04-21 22:30:33,698 [DEBUG]  		found 2 row clusters (in 0.03250 secs)
2025-04-21 22:30:33,698 [DEBUG]  OP: Operation.SPLIT_ROWS on slice (83, 11) (remaining tasks 28)
2025-04-21 22:30:33,722 [DEBUG]  		found 2 row clusters (in 0.02319 secs)
2025-04-21 22:30:33,722 [DEBUG]  OP: Operation.SPLIT_ROWS on slice (89, 11) (remaining tasks 29)
2025-04-21 22:30:33,742 [DEBUG]  		found 2 row clusters (in 0.02007 secs)
2025-04-21 22:30:33,742 [DEBUG]  OP: Operation.SPLIT_ROWS on slice (167, 11) (remaining tasks 30)
2025-04-21 22:30:33,762 [DEBUG]  		found 2 row clusters (in 0.01935 secs)
2025-04-21 22:30:33,762 [DEBUG]  OP: Operation.SPLIT_ROWS on slice (110, 11) (remaining tasks 31)
2025-04-21 22:30:33,788 [DEBUG]  		found 2 row clusters (in 0.02613 secs)
2025-04-21 22:30:33,788 [DEBUG]  OP: Operation.SPLIT_ROWS on slice (106, 11) (remaining tasks 32)
2025-04-21 22:30:33,803 [DEBUG]  		found 2 row clusters (in 0.01492 secs)
2025-04-21 22:30:33,804 [DEBUG]  OP: Operation.SPLIT_ROWS on slice (684, 11) (remaining tasks 33)
2025-04-21 22:30:33,836 [DEBUG]  		found 2 row clusters (in 0.03263 secs)
2025-04-21 22:30:33,836 [DEBUG]  OP: Operation.SPLIT_ROWS on slice (206, 11) (remaining tasks 34)
2025-04-21 22:30:33,854 [DEBUG]  		found 2 row clusters (in 0.01715 secs)
2025-04-21 22:30:33,854 [DEBUG]  OP: Operation.SPLIT_ROWS on slice (193, 11) (remaining tasks 35)
2025-04-21 22:30:33,871 [DEBUG]  		found 2 row clusters (in 0.01701 secs)
2025-04-21 22:30:33,871 [DEBUG]  OP: Operation.SPLIT_ROWS on slice (432, 11) (remaining tasks 36)
2025-04-21 22:30:33,900 [DEBUG]  		found 2 row clusters (in 0.02928 secs)
2025-04-21 22:30:33,901 [DEBUG]  OP: Operation.SPLIT_ROWS on slice (166, 11) (remaining tasks 37)
2025-04-21 22:30:33,921 [DEBUG]  		found 2 row clusters (in 0.02064 secs)
2025-04-21 22:30:33,922 [DEBUG]  OP: Operation.SPLIT_ROWS on slice (253, 11) (remaining tasks 38)
2025-04-21 22:30:33,940 [DEBUG]  		found 2 row clusters (in 0.01860 secs)
2025-04-21 22:30:33,940 [DEBUG]  OP: Operation.SPLIT_ROWS on slice (229, 11) (remaining tasks 39)
2025-04-21 22:30:33,961 [DEBUG]  		found 2 row clusters (in 0.02024 secs)
2025-04-21 22:30:33,961 [DEBUG]  OP: Operation.SPLIT_ROWS on slice (290, 11) (remaining tasks 40)
2025-04-21 22:30:33,993 [DEBUG]  		found 2 row clusters (in 0.03218 secs)
2025-04-21 22:30:33,993 [DEBUG]  OP: Operation.SPLIT_ROWS on slice (213, 11) (remaining tasks 41)
2025-04-21 22:30:34,016 [DEBUG]  		found 2 row clusters (in 0.02242 secs)
2025-04-21 22:30:34,016 [DEBUG]  OP: Operation.SPLIT_ROWS on slice (399, 11) (remaining tasks 42)
2025-04-21 22:30:34,048 [DEBUG]  		found 2 row clusters (in 0.03226 secs)
2025-04-21 22:30:34,049 [DEBUG]  OP: Operation.SPLIT_ROWS on slice (447, 11) (remaining tasks 43)
2025-04-21 22:30:34,081 [DEBUG]  		found 2 row clusters (in 0.03192 secs)
2025-04-21 22:30:34,081 [DEBUG]  OP: Operation.SPLIT_ROWS on slice (349, 11) (remaining tasks 44)
2025-04-21 22:30:34,108 [DEBUG]  		found 2 row clusters (in 0.02706 secs)
2025-04-21 22:30:34,108 [DEBUG]  OP: Operation.SPLIT_ROWS on slice (497, 11) (remaining tasks 45)
2025-04-21 22:30:34,134 [DEBUG]  		found 2 row clusters (in 0.02594 secs)
2025-04-21 22:30:34,134 [DEBUG]  OP: Operation.SPLIT_ROWS on slice (324, 11) (remaining tasks 46)
2025-04-21 22:30:34,160 [DEBUG]  		found 2 row clusters (in 0.02551 secs)
2025-04-21 22:30:34,160 [DEBUG]  OP: Operation.SPLIT_ROWS on slice (168, 11) (remaining tasks 47)
2025-04-21 22:30:34,179 [DEBUG]  		found 2 row clusters (in 0.01880 secs)
2025-04-21 22:30:34,179 [DEBUG]  OP: Operation.SPLIT_ROWS on slice (147, 11) (remaining tasks 48)
2025-04-21 22:30:34,199 [DEBUG]  		found 2 row clusters (in 0.01991 secs)
2025-04-21 22:30:34,199 [DEBUG]  OP: Operation.SPLIT_ROWS on slice (200, 11) (remaining tasks 49)
2025-04-21 22:30:34,221 [DEBUG]  		found 2 row clusters (in 0.02131 secs)
2025-04-21 22:30:34,221 [DEBUG]  OP: Operation.SPLIT_ROWS on slice (82, 11) (remaining tasks 50)
2025-04-21 22:30:34,238 [DEBUG]  		found 2 row clusters (in 0.01707 secs)
2025-04-21 22:30:34,238 [DEBUG]  OP: Operation.SPLIT_ROWS on slice (116, 11) (remaining tasks 51)
2025-04-21 22:30:34,259 [DEBUG]  		found 2 row clusters (in 0.02077 secs)
2025-04-21 22:30:34,259 [DEBUG]  OP: Operation.SPLIT_ROWS on slice (85, 11) (remaining tasks 52)
2025-04-21 22:30:34,279 [DEBUG]  		found 2 row clusters (in 0.01923 secs)
2025-04-21 22:30:34,279 [DEBUG]  OP: Operation.NAIVE_FACTORIZATION on slice (53, 11) (remaining tasks 53)
2025-04-21 22:30:34,283 [DEBUG]  		naive factorization 11 columns (in 0.00449 secs)
2025-04-21 22:30:34,283 [DEBUG]  OP: Operation.SPLIT_COLUMNS on slice (102, 11) (remaining tasks 52)
2025-04-21 22:30:34,500 [DEBUG]  		found 1 col clusters (in 0.21634 secs)
2025-04-21 22:30:34,500 [DEBUG]  OP: Operation.NAIVE_FACTORIZATION on slice (73, 11) (remaining tasks 52)
2025-04-21 22:30:34,506 [DEBUG]  		naive factorization 11 columns (in 0.00514 secs)
2025-04-21 22:30:34,506 [DEBUG]  OP: Operation.NAIVE_FACTORIZATION on slice (5, 11) (remaining tasks 51)
2025-04-21 22:30:34,510 [DEBUG]  		naive factorization 11 columns (in 0.00383 secs)
2025-04-21 22:30:34,511 [DEBUG]  OP: Operation.NAIVE_FACTORIZATION on slice (72, 11) (remaining tasks 50)
2025-04-21 22:30:34,516 [DEBUG]  		naive factorization 11 columns (in 0.00504 secs)
2025-04-21 22:30:34,516 [DEBUG]  OP: Operation.NAIVE_FACTORIZATION on slice (11, 11) (remaining tasks 49)
2025-04-21 22:30:34,520 [DEBUG]  		naive factorization 11 columns (in 0.00338 secs)
2025-04-21 22:30:34,520 [DEBUG]  OP: Operation.NAIVE_FACTORIZATION on slice (45, 11) (remaining tasks 48)
2025-04-21 22:30:34,525 [DEBUG]  		naive factorization 11 columns (in 0.00472 secs)
2025-04-21 22:30:34,526 [DEBUG]  OP: Operation.NAIVE_FACTORIZATION on slice (44, 11) (remaining tasks 47)
2025-04-21 22:30:34,531 [DEBUG]  		naive factorization 11 columns (in 0.00471 secs)
2025-04-21 22:30:34,531 [DEBUG]  OP: Operation.SPLIT_COLUMNS on slice (96, 11) (remaining tasks 46)
2025-04-21 22:30:34,750 [DEBUG]  		found 1 col clusters (in 0.21863 secs)
2025-04-21 22:30:34,751 [DEBUG]  OP: Operation.NAIVE_FACTORIZATION on slice (71, 11) (remaining tasks 46)
2025-04-21 22:30:34,755 [DEBUG]  		naive factorization 11 columns (in 0.00433 secs)
2025-04-21 22:30:34,756 [DEBUG]  OP: Operation.NAIVE_FACTORIZATION on slice (40, 11) (remaining tasks 45)
2025-04-21 22:30:34,760 [DEBUG]  		naive factorization 11 columns (in 0.00376 secs)
2025-04-21 22:30:34,760 [DEBUG]  OP: Operation.NAIVE_FACTORIZATION on slice (70, 11) (remaining tasks 44)
2025-04-21 22:30:34,765 [DEBUG]  		naive factorization 11 columns (in 0.00489 secs)
2025-04-21 22:30:34,766 [DEBUG]  OP: Operation.NAIVE_FACTORIZATION on slice (42, 11) (remaining tasks 43)
2025-04-21 22:30:34,770 [DEBUG]  		naive factorization 11 columns (in 0.00464 secs)
2025-04-21 22:30:34,771 [DEBUG]  OP: Operation.NAIVE_FACTORIZATION on slice (64, 11) (remaining tasks 42)
2025-04-21 22:30:34,776 [DEBUG]  		naive factorization 11 columns (in 0.00445 secs)
2025-04-21 22:30:34,776 [DEBUG]  OP: Operation.SPLIT_COLUMNS on slice (323, 11) (remaining tasks 41)
2025-04-21 22:30:36,472 [DEBUG]  		found 1 col clusters (in 1.69566 secs)
2025-04-21 22:30:36,472 [DEBUG]  OP: Operation.SPLIT_COLUMNS on slice (361, 11) (remaining tasks 41)
2025-04-21 22:30:38,513 [DEBUG]  		found 1 col clusters (in 2.04063 secs)
2025-04-21 22:30:38,514 [DEBUG]  OP: Operation.SPLIT_COLUMNS on slice (136, 11) (remaining tasks 41)
2025-04-21 22:30:38,867 [DEBUG]  		found 1 col clusters (in 0.35341 secs)
2025-04-21 22:30:38,868 [DEBUG]  OP: Operation.NAIVE_FACTORIZATION on slice (70, 11) (remaining tasks 41)
2025-04-21 22:30:38,874 [DEBUG]  		naive factorization 11 columns (in 0.00560 secs)
2025-04-21 22:30:38,874 [DEBUG]  OP: Operation.SPLIT_COLUMNS on slice (165, 11) (remaining tasks 40)
2025-04-21 22:30:39,226 [DEBUG]  		found 1 col clusters (in 0.35188 secs)
2025-04-21 22:30:39,227 [DEBUG]  OP: Operation.NAIVE_FACTORIZATION on slice (28, 11) (remaining tasks 40)
2025-04-21 22:30:39,232 [DEBUG]  		naive factorization 11 columns (in 0.00487 secs)
2025-04-21 22:30:39,232 [DEBUG]  OP: Operation.SPLIT_COLUMNS on slice (221, 11) (remaining tasks 39)
2025-04-21 22:30:40,771 [DEBUG]  		found 1 col clusters (in 1.53822 secs)
2025-04-21 22:30:40,771 [DEBUG]  OP: Operation.SPLIT_COLUMNS on slice (211, 11) (remaining tasks 39)
2025-04-21 22:30:42,445 [DEBUG]  		found 1 col clusters (in 1.67400 secs)
2025-04-21 22:30:42,446 [DEBUG]  OP: Operation.NAIVE_FACTORIZATION on slice (21, 11) (remaining tasks 39)
2025-04-21 22:30:42,450 [DEBUG]  		naive factorization 11 columns (in 0.00429 secs)
2025-04-21 22:30:42,450 [DEBUG]  OP: Operation.SPLIT_COLUMNS on slice (145, 11) (remaining tasks 38)
2025-04-21 22:30:42,797 [DEBUG]  		found 1 col clusters (in 0.34677 secs)
2025-04-21 22:30:42,798 [DEBUG]  OP: Operation.SPLIT_COLUMNS on slice (108, 11) (remaining tasks 38)
2025-04-21 22:30:43,064 [DEBUG]  		found 1 col clusters (in 0.26613 secs)
2025-04-21 22:30:43,064 [DEBUG]  OP: Operation.SPLIT_COLUMNS on slice (145, 11) (remaining tasks 38)
2025-04-21 22:30:43,284 [DEBUG]  		found 1 col clusters (in 0.21897 secs)
2025-04-21 22:30:43,284 [DEBUG]  OP: Operation.SPLIT_COLUMNS on slice (102, 11) (remaining tasks 38)
2025-04-21 22:30:43,638 [DEBUG]  		found 1 col clusters (in 0.35402 secs)
2025-04-21 22:30:43,639 [DEBUG]  OP: Operation.SPLIT_COLUMNS on slice (127, 11) (remaining tasks 38)
2025-04-21 22:30:43,860 [DEBUG]  		found 1 col clusters (in 0.22087 secs)
2025-04-21 22:30:43,860 [DEBUG]  OP: Operation.SPLIT_COLUMNS on slice (126, 11) (remaining tasks 38)
2025-04-21 22:30:44,081 [DEBUG]  		found 1 col clusters (in 0.22021 secs)
2025-04-21 22:30:44,081 [DEBUG]  OP: Operation.SPLIT_COLUMNS on slice (164, 11) (remaining tasks 38)
2025-04-21 22:30:44,402 [DEBUG]  		found 1 col clusters (in 0.32060 secs)
2025-04-21 22:30:44,402 [DEBUG]  OP: Operation.SPLIT_COLUMNS on slice (117, 11) (remaining tasks 38)
2025-04-21 22:30:44,714 [DEBUG]  		found 1 col clusters (in 0.31133 secs)
2025-04-21 22:30:44,714 [DEBUG]  OP: Operation.SPLIT_COLUMNS on slice (96, 11) (remaining tasks 38)
2025-04-21 22:30:44,952 [DEBUG]  		found 1 col clusters (in 0.23774 secs)
2025-04-21 22:30:44,953 [DEBUG]  OP: Operation.SPLIT_COLUMNS on slice (174, 11) (remaining tasks 38)
2025-04-21 22:30:45,274 [DEBUG]  		found 1 col clusters (in 0.32116 secs)
2025-04-21 22:30:45,275 [DEBUG]  OP: Operation.SPLIT_COLUMNS on slice (225, 11) (remaining tasks 38)
2025-04-21 22:30:46,811 [DEBUG]  		found 1 col clusters (in 1.53603 secs)
2025-04-21 22:30:46,811 [DEBUG]  OP: Operation.SPLIT_COLUMNS on slice (231, 11) (remaining tasks 38)
2025-04-21 22:30:48,467 [DEBUG]  		found 1 col clusters (in 1.65546 secs)
2025-04-21 22:30:48,467 [DEBUG]  OP: Operation.SPLIT_COLUMNS on slice (216, 11) (remaining tasks 38)
2025-04-21 22:30:50,026 [DEBUG]  		found 1 col clusters (in 1.55841 secs)
2025-04-21 22:30:50,026 [DEBUG]  OP: Operation.NAIVE_FACTORIZATION on slice (22, 11) (remaining tasks 38)
2025-04-21 22:30:50,033 [DEBUG]  		naive factorization 11 columns (in 0.00599 secs)
2025-04-21 22:30:50,033 [DEBUG]  OP: Operation.SPLIT_COLUMNS on slice (327, 11) (remaining tasks 37)
2025-04-21 22:30:52,026 [DEBUG]  		found 1 col clusters (in 1.99274 secs)
2025-04-21 22:30:52,026 [DEBUG]  OP: Operation.SPLIT_COLUMNS on slice (322, 11) (remaining tasks 37)
2025-04-21 22:30:53,959 [DEBUG]  		found 1 col clusters (in 1.93272 secs)
2025-04-21 22:30:53,960 [DEBUG]  OP: Operation.SPLIT_COLUMNS on slice (175, 11) (remaining tasks 37)
2025-04-21 22:30:54,288 [DEBUG]  		found 1 col clusters (in 0.32827 secs)
2025-04-21 22:30:54,289 [DEBUG]  OP: Operation.SPLIT_COLUMNS on slice (141, 11) (remaining tasks 37)
2025-04-21 22:30:54,733 [DEBUG]  		found 1 col clusters (in 0.44382 secs)
2025-04-21 22:30:54,733 [DEBUG]  OP: Operation.SPLIT_COLUMNS on slice (183, 11) (remaining tasks 37)
2025-04-21 22:30:55,078 [DEBUG]  		found 1 col clusters (in 0.34415 secs)
2025-04-21 22:30:55,078 [DEBUG]  OP: Operation.SPLIT_COLUMNS on slice (117, 11) (remaining tasks 37)
2025-04-21 22:30:55,327 [DEBUG]  		found 1 col clusters (in 0.24818 secs)
2025-04-21 22:30:55,327 [DEBUG]  OP: Operation.NAIVE_FACTORIZATION on slice (51, 11) (remaining tasks 37)
2025-04-21 22:30:55,331 [DEBUG]  		naive factorization 11 columns (in 0.00389 secs)
2025-04-21 22:30:55,332 [DEBUG]  OP: Operation.NAIVE_FACTORIZATION on slice (61, 11) (remaining tasks 36)
2025-04-21 22:30:55,336 [DEBUG]  		naive factorization 11 columns (in 0.00385 secs)
2025-04-21 22:30:55,336 [DEBUG]  OP: Operation.SPLIT_COLUMNS on slice (86, 11) (remaining tasks 35)
2025-04-21 22:30:55,552 [DEBUG]  		found 1 col clusters (in 0.21571 secs)
2025-04-21 22:30:55,552 [DEBUG]  OP: Operation.SPLIT_COLUMNS on slice (93, 11) (remaining tasks 35)
2025-04-21 22:30:55,771 [DEBUG]  		found 1 col clusters (in 0.21803 secs)
2025-04-21 22:30:55,771 [DEBUG]  OP: Operation.SPLIT_COLUMNS on slice (107, 11) (remaining tasks 35)
2025-04-21 22:30:55,986 [DEBUG]  		found 1 col clusters (in 0.21458 secs)
2025-04-21 22:30:55,986 [DEBUG]  OP: Operation.NAIVE_FACTORIZATION on slice (21, 11) (remaining tasks 35)
2025-04-21 22:30:55,990 [DEBUG]  		naive factorization 11 columns (in 0.00362 secs)
2025-04-21 22:30:55,991 [DEBUG]  OP: Operation.NAIVE_FACTORIZATION on slice (61, 11) (remaining tasks 34)
2025-04-21 22:30:55,995 [DEBUG]  		naive factorization 11 columns (in 0.00398 secs)
2025-04-21 22:30:55,996 [DEBUG]  OP: Operation.NAIVE_FACTORIZATION on slice (57, 11) (remaining tasks 33)
2025-04-21 22:30:56,000 [DEBUG]  		naive factorization 11 columns (in 0.00394 secs)
2025-04-21 22:30:56,000 [DEBUG]  OP: Operation.NAIVE_FACTORIZATION on slice (59, 11) (remaining tasks 32)
2025-04-21 22:30:56,005 [DEBUG]  		naive factorization 11 columns (in 0.00426 secs)
2025-04-21 22:30:56,005 [DEBUG]  OP: Operation.NAIVE_FACTORIZATION on slice (67, 11) (remaining tasks 31)
2025-04-21 22:30:56,009 [DEBUG]  		naive factorization 11 columns (in 0.00410 secs)
2025-04-21 22:30:56,010 [DEBUG]  OP: Operation.NAIVE_FACTORIZATION on slice (18, 11) (remaining tasks 30)
2025-04-21 22:30:56,014 [DEBUG]  		naive factorization 11 columns (in 0.00358 secs)
2025-04-21 22:30:56,014 [DEBUG]  OP: Operation.SPLIT_ROWS on slice (102, 11) (remaining tasks 29)
2025-04-21 22:30:56,061 [DEBUG]  		found 2 row clusters (in 0.04646 secs)
2025-04-21 22:30:56,061 [DEBUG]  OP: Operation.SPLIT_ROWS on slice (96, 11) (remaining tasks 30)
2025-04-21 22:30:56,094 [DEBUG]  		found 2 row clusters (in 0.03282 secs)
2025-04-21 22:30:56,095 [DEBUG]  OP: Operation.SPLIT_ROWS on slice (323, 11) (remaining tasks 31)
2025-04-21 22:30:56,130 [DEBUG]  		found 2 row clusters (in 0.03526 secs)
2025-04-21 22:30:56,130 [DEBUG]  OP: Operation.SPLIT_ROWS on slice (361, 11) (remaining tasks 32)
2025-04-21 22:30:56,155 [DEBUG]  		found 2 row clusters (in 0.02476 secs)
2025-04-21 22:30:56,155 [DEBUG]  OP: Operation.SPLIT_ROWS on slice (136, 11) (remaining tasks 33)
2025-04-21 22:30:56,174 [DEBUG]  		found 2 row clusters (in 0.01848 secs)
2025-04-21 22:30:56,174 [DEBUG]  OP: Operation.SPLIT_ROWS on slice (165, 11) (remaining tasks 34)
2025-04-21 22:30:56,192 [DEBUG]  		found 2 row clusters (in 0.01814 secs)
2025-04-21 22:30:56,193 [DEBUG]  OP: Operation.SPLIT_ROWS on slice (221, 11) (remaining tasks 35)
2025-04-21 22:30:56,216 [DEBUG]  		found 2 row clusters (in 0.02308 secs)
2025-04-21 22:30:56,216 [DEBUG]  OP: Operation.SPLIT_ROWS on slice (211, 11) (remaining tasks 36)
2025-04-21 22:30:56,239 [DEBUG]  		found 2 row clusters (in 0.02354 secs)
2025-04-21 22:30:56,240 [DEBUG]  OP: Operation.SPLIT_ROWS on slice (145, 11) (remaining tasks 37)
2025-04-21 22:30:56,255 [DEBUG]  		found 2 row clusters (in 0.01549 secs)
2025-04-21 22:30:56,255 [DEBUG]  OP: Operation.SPLIT_ROWS on slice (108, 11) (remaining tasks 38)
2025-04-21 22:30:56,274 [DEBUG]  		found 2 row clusters (in 0.01868 secs)
2025-04-21 22:30:56,274 [DEBUG]  OP: Operation.SPLIT_ROWS on slice (145, 11) (remaining tasks 39)
2025-04-21 22:30:56,294 [DEBUG]  		found 2 row clusters (in 0.01933 secs)
2025-04-21 22:30:56,294 [DEBUG]  OP: Operation.SPLIT_ROWS on slice (102, 11) (remaining tasks 40)
2025-04-21 22:30:56,307 [DEBUG]  		found 2 row clusters (in 0.01269 secs)
2025-04-21 22:30:56,307 [DEBUG]  OP: Operation.SPLIT_ROWS on slice (127, 11) (remaining tasks 41)
2025-04-21 22:30:56,325 [DEBUG]  		found 2 row clusters (in 0.01733 secs)
2025-04-21 22:30:56,325 [DEBUG]  OP: Operation.SPLIT_ROWS on slice (126, 11) (remaining tasks 42)
2025-04-21 22:30:56,339 [DEBUG]  		found 2 row clusters (in 0.01418 secs)
2025-04-21 22:30:56,339 [DEBUG]  OP: Operation.SPLIT_ROWS on slice (164, 11) (remaining tasks 43)
2025-04-21 22:30:56,358 [DEBUG]  		found 2 row clusters (in 0.01857 secs)
2025-04-21 22:30:56,358 [DEBUG]  OP: Operation.SPLIT_ROWS on slice (117, 11) (remaining tasks 44)
2025-04-21 22:30:56,374 [DEBUG]  		found 2 row clusters (in 0.01627 secs)
2025-04-21 22:30:56,374 [DEBUG]  OP: Operation.SPLIT_ROWS on slice (96, 11) (remaining tasks 45)
2025-04-21 22:30:56,392 [DEBUG]  		found 2 row clusters (in 0.01743 secs)
2025-04-21 22:30:56,392 [DEBUG]  OP: Operation.SPLIT_ROWS on slice (174, 11) (remaining tasks 46)
2025-04-21 22:30:56,418 [DEBUG]  		found 2 row clusters (in 0.02531 secs)
2025-04-21 22:30:56,418 [DEBUG]  OP: Operation.SPLIT_ROWS on slice (225, 11) (remaining tasks 47)
2025-04-21 22:30:56,441 [DEBUG]  		found 2 row clusters (in 0.02319 secs)
2025-04-21 22:30:56,441 [DEBUG]  OP: Operation.SPLIT_ROWS on slice (231, 11) (remaining tasks 48)
2025-04-21 22:30:56,464 [DEBUG]  		found 2 row clusters (in 0.02232 secs)
2025-04-21 22:30:56,464 [DEBUG]  OP: Operation.SPLIT_ROWS on slice (216, 11) (remaining tasks 49)
2025-04-21 22:30:56,484 [DEBUG]  		found 2 row clusters (in 0.02047 secs)
2025-04-21 22:30:56,485 [DEBUG]  OP: Operation.SPLIT_ROWS on slice (327, 11) (remaining tasks 50)
2025-04-21 22:30:56,510 [DEBUG]  		found 2 row clusters (in 0.02516 secs)
2025-04-21 22:30:56,510 [DEBUG]  OP: Operation.SPLIT_ROWS on slice (322, 11) (remaining tasks 51)
2025-04-21 22:30:56,532 [DEBUG]  		found 2 row clusters (in 0.02242 secs)
2025-04-21 22:30:56,533 [DEBUG]  OP: Operation.SPLIT_ROWS on slice (175, 11) (remaining tasks 52)
2025-04-21 22:30:56,549 [DEBUG]  		found 2 row clusters (in 0.01676 secs)
2025-04-21 22:30:56,550 [DEBUG]  OP: Operation.SPLIT_ROWS on slice (141, 11) (remaining tasks 53)
2025-04-21 22:30:56,573 [DEBUG]  		found 2 row clusters (in 0.02300 secs)
2025-04-21 22:30:56,573 [DEBUG]  OP: Operation.SPLIT_ROWS on slice (183, 11) (remaining tasks 54)
2025-04-21 22:30:56,593 [DEBUG]  		found 2 row clusters (in 0.01999 secs)
2025-04-21 22:30:56,593 [DEBUG]  OP: Operation.SPLIT_ROWS on slice (117, 11) (remaining tasks 55)
2025-04-21 22:30:56,611 [DEBUG]  		found 2 row clusters (in 0.01755 secs)
2025-04-21 22:30:56,611 [DEBUG]  OP: Operation.SPLIT_ROWS on slice (86, 11) (remaining tasks 56)
2025-04-21 22:30:56,629 [DEBUG]  		found 2 row clusters (in 0.01775 secs)
2025-04-21 22:30:56,629 [DEBUG]  OP: Operation.SPLIT_ROWS on slice (93, 11) (remaining tasks 57)
2025-04-21 22:30:56,645 [DEBUG]  		found 2 row clusters (in 0.01572 secs)
2025-04-21 22:30:56,645 [DEBUG]  OP: Operation.SPLIT_ROWS on slice (107, 11) (remaining tasks 58)
2025-04-21 22:30:56,661 [DEBUG]  		found 2 row clusters (in 0.01621 secs)
2025-04-21 22:30:56,661 [DEBUG]  OP: Operation.NAIVE_FACTORIZATION on slice (48, 11) (remaining tasks 59)
2025-04-21 22:30:56,665 [DEBUG]  		naive factorization 11 columns (in 0.00387 secs)
2025-04-21 22:30:56,665 [DEBUG]  OP: Operation.NAIVE_FACTORIZATION on slice (54, 11) (remaining tasks 58)
2025-04-21 22:30:56,671 [DEBUG]  		naive factorization 11 columns (in 0.00515 secs)
2025-04-21 22:30:56,671 [DEBUG]  OP: Operation.NAIVE_FACTORIZATION on slice (44, 11) (remaining tasks 57)
2025-04-21 22:30:56,675 [DEBUG]  		naive factorization 11 columns (in 0.00373 secs)
2025-04-21 22:30:56,675 [DEBUG]  OP: Operation.NAIVE_FACTORIZATION on slice (52, 11) (remaining tasks 56)
2025-04-21 22:30:56,679 [DEBUG]  		naive factorization 11 columns (in 0.00384 secs)
2025-04-21 22:30:56,680 [DEBUG]  OP: Operation.SPLIT_COLUMNS on slice (158, 11) (remaining tasks 55)
2025-04-21 22:30:56,997 [DEBUG]  		found 1 col clusters (in 0.31677 secs)
2025-04-21 22:30:56,997 [DEBUG]  OP: Operation.SPLIT_COLUMNS on slice (165, 11) (remaining tasks 55)
2025-04-21 22:30:57,336 [DEBUG]  		found 1 col clusters (in 0.33900 secs)
2025-04-21 22:30:57,337 [DEBUG]  OP: Operation.SPLIT_COLUMNS on slice (108, 11) (remaining tasks 55)
2025-04-21 22:30:57,608 [DEBUG]  		found 1 col clusters (in 0.27131 secs)
2025-04-21 22:30:57,609 [DEBUG]  OP: Operation.SPLIT_COLUMNS on slice (253, 11) (remaining tasks 55)
2025-04-21 22:30:59,212 [DEBUG]  		found 1 col clusters (in 1.60345 secs)
2025-04-21 22:30:59,213 [DEBUG]  OP: Operation.NAIVE_FACTORIZATION on slice (70, 11) (remaining tasks 55)
2025-04-21 22:30:59,219 [DEBUG]  		naive factorization 11 columns (in 0.00608 secs)
2025-04-21 22:30:59,219 [DEBUG]  OP: Operation.NAIVE_FACTORIZATION on slice (66, 11) (remaining tasks 54)
2025-04-21 22:30:59,224 [DEBUG]  		naive factorization 11 columns (in 0.00480 secs)
2025-04-21 22:30:59,225 [DEBUG]  OP: Operation.NAIVE_FACTORIZATION on slice (19, 11) (remaining tasks 53)
2025-04-21 22:30:59,230 [DEBUG]  		naive factorization 11 columns (in 0.00492 secs)
2025-04-21 22:30:59,230 [DEBUG]  OP: Operation.SPLIT_COLUMNS on slice (146, 11) (remaining tasks 52)
2025-04-21 22:30:59,640 [DEBUG]  		found 1 col clusters (in 0.40963 secs)
2025-04-21 22:30:59,641 [DEBUG]  OP: Operation.SPLIT_COLUMNS on slice (215, 11) (remaining tasks 52)
2025-04-21 22:31:01,185 [DEBUG]  		found 1 col clusters (in 1.54392 secs)
2025-04-21 22:31:01,185 [DEBUG]  OP: Operation.NAIVE_FACTORIZATION on slice (6, 11) (remaining tasks 52)
2025-04-21 22:31:01,190 [DEBUG]  		naive factorization 11 columns (in 0.00447 secs)
2025-04-21 22:31:01,190 [DEBUG]  OP: Operation.SPLIT_COLUMNS on slice (169, 11) (remaining tasks 51)
2025-04-21 22:31:01,566 [DEBUG]  		found 1 col clusters (in 0.37617 secs)
2025-04-21 22:31:01,567 [DEBUG]  OP: Operation.NAIVE_FACTORIZATION on slice (42, 11) (remaining tasks 51)
2025-04-21 22:31:01,572 [DEBUG]  		naive factorization 11 columns (in 0.00545 secs)
2025-04-21 22:31:01,573 [DEBUG]  OP: Operation.NAIVE_FACTORIZATION on slice (50, 11) (remaining tasks 50)
2025-04-21 22:31:01,577 [DEBUG]  		naive factorization 11 columns (in 0.00486 secs)
2025-04-21 22:31:01,578 [DEBUG]  OP: Operation.SPLIT_COLUMNS on slice (95, 11) (remaining tasks 49)
2025-04-21 22:31:01,837 [DEBUG]  		found 1 col clusters (in 0.25904 secs)
2025-04-21 22:31:01,837 [DEBUG]  OP: Operation.NAIVE_FACTORIZATION on slice (67, 11) (remaining tasks 49)
2025-04-21 22:31:01,842 [DEBUG]  		naive factorization 11 columns (in 0.00408 secs)
2025-04-21 22:31:01,842 [DEBUG]  OP: Operation.NAIVE_FACTORIZATION on slice (41, 11) (remaining tasks 48)
2025-04-21 22:31:01,846 [DEBUG]  		naive factorization 11 columns (in 0.00309 secs)
2025-04-21 22:31:01,846 [DEBUG]  OP: Operation.SPLIT_COLUMNS on slice (80, 11) (remaining tasks 47)
2025-04-21 22:31:02,068 [DEBUG]  		found 1 col clusters (in 0.22173 secs)
2025-04-21 22:31:02,068 [DEBUG]  OP: Operation.NAIVE_FACTORIZATION on slice (65, 11) (remaining tasks 47)
2025-04-21 22:31:02,073 [DEBUG]  		naive factorization 11 columns (in 0.00446 secs)
2025-04-21 22:31:02,074 [DEBUG]  OP: Operation.SPLIT_COLUMNS on slice (79, 11) (remaining tasks 46)
2025-04-21 22:31:02,293 [DEBUG]  		found 1 col clusters (in 0.21925 secs)
2025-04-21 22:31:02,294 [DEBUG]  OP: Operation.NAIVE_FACTORIZATION on slice (23, 11) (remaining tasks 46)
2025-04-21 22:31:02,297 [DEBUG]  		naive factorization 11 columns (in 0.00364 secs)
2025-04-21 22:31:02,298 [DEBUG]  OP: Operation.SPLIT_COLUMNS on slice (119, 11) (remaining tasks 45)
2025-04-21 22:31:02,517 [DEBUG]  		found 1 col clusters (in 0.21870 secs)
2025-04-21 22:31:02,517 [DEBUG]  OP: Operation.NAIVE_FACTORIZATION on slice (8, 11) (remaining tasks 45)
2025-04-21 22:31:02,521 [DEBUG]  		naive factorization 11 columns (in 0.00354 secs)
2025-04-21 22:31:02,522 [DEBUG]  OP: Operation.SPLIT_COLUMNS on slice (123, 11) (remaining tasks 44)
2025-04-21 22:31:02,843 [DEBUG]  		found 1 col clusters (in 0.32135 secs)
2025-04-21 22:31:02,844 [DEBUG]  OP: Operation.NAIVE_FACTORIZATION on slice (3, 11) (remaining tasks 44)
2025-04-21 22:31:02,848 [DEBUG]  		naive factorization 11 columns (in 0.00349 secs)
2025-04-21 22:31:02,848 [DEBUG]  OP: Operation.NAIVE_FACTORIZATION on slice (69, 11) (remaining tasks 43)
2025-04-21 22:31:02,852 [DEBUG]  		naive factorization 11 columns (in 0.00400 secs)
2025-04-21 22:31:02,853 [DEBUG]  OP: Operation.SPLIT_COLUMNS on slice (95, 11) (remaining tasks 42)
2025-04-21 22:31:03,077 [DEBUG]  		found 1 col clusters (in 0.22377 secs)
2025-04-21 22:31:03,077 [DEBUG]  OP: Operation.NAIVE_FACTORIZATION on slice (18, 11) (remaining tasks 42)
2025-04-21 22:31:03,081 [DEBUG]  		naive factorization 11 columns (in 0.00367 secs)
2025-04-21 22:31:03,082 [DEBUG]  OP: Operation.SPLIT_COLUMNS on slice (99, 11) (remaining tasks 41)
2025-04-21 22:31:03,297 [DEBUG]  		found 1 col clusters (in 0.21558 secs)
2025-04-21 22:31:03,298 [DEBUG]  OP: Operation.NAIVE_FACTORIZATION on slice (49, 11) (remaining tasks 41)
2025-04-21 22:31:03,302 [DEBUG]  		naive factorization 11 columns (in 0.00403 secs)
2025-04-21 22:31:03,303 [DEBUG]  OP: Operation.NAIVE_FACTORIZATION on slice (47, 11) (remaining tasks 40)
2025-04-21 22:31:03,307 [DEBUG]  		naive factorization 11 columns (in 0.00446 secs)
2025-04-21 22:31:03,308 [DEBUG]  OP: Operation.SPLIT_COLUMNS on slice (157, 11) (remaining tasks 39)
2025-04-21 22:31:03,626 [DEBUG]  		found 1 col clusters (in 0.31786 secs)
2025-04-21 22:31:03,626 [DEBUG]  OP: Operation.NAIVE_FACTORIZATION on slice (17, 11) (remaining tasks 39)
2025-04-21 22:31:03,631 [DEBUG]  		naive factorization 11 columns (in 0.00396 secs)
2025-04-21 22:31:03,631 [DEBUG]  OP: Operation.SPLIT_COLUMNS on slice (138, 11) (remaining tasks 38)
2025-04-21 22:31:03,890 [DEBUG]  		found 1 col clusters (in 0.25925 secs)
2025-04-21 22:31:03,891 [DEBUG]  OP: Operation.SPLIT_COLUMNS on slice (87, 11) (remaining tasks 38)
2025-04-21 22:31:04,141 [DEBUG]  		found 1 col clusters (in 0.24968 secs)
2025-04-21 22:31:04,141 [DEBUG]  OP: Operation.SPLIT_COLUMNS on slice (115, 11) (remaining tasks 38)
2025-04-21 22:31:04,363 [DEBUG]  		found 1 col clusters (in 0.22190 secs)
2025-04-21 22:31:04,364 [DEBUG]  OP: Operation.SPLIT_COLUMNS on slice (116, 11) (remaining tasks 38)
2025-04-21 22:31:04,583 [DEBUG]  		found 1 col clusters (in 0.21968 secs)
2025-04-21 22:31:04,584 [DEBUG]  OP: Operation.SPLIT_COLUMNS on slice (187, 11) (remaining tasks 38)
2025-04-21 22:31:04,909 [DEBUG]  		found 1 col clusters (in 0.32475 secs)
2025-04-21 22:31:04,909 [DEBUG]  OP: Operation.NAIVE_FACTORIZATION on slice (29, 11) (remaining tasks 38)
2025-04-21 22:31:04,915 [DEBUG]  		naive factorization 11 columns (in 0.00560 secs)
2025-04-21 22:31:04,916 [DEBUG]  OP: Operation.SPLIT_COLUMNS on slice (214, 11) (remaining tasks 37)
2025-04-21 22:31:06,393 [DEBUG]  		found 1 col clusters (in 1.47700 secs)
2025-04-21 22:31:06,393 [DEBUG]  OP: Operation.SPLIT_COLUMNS on slice (113, 11) (remaining tasks 37)
2025-04-21 22:31:06,637 [DEBUG]  		found 1 col clusters (in 0.24382 secs)
2025-04-21 22:31:06,638 [DEBUG]  OP: Operation.SPLIT_COLUMNS on slice (170, 11) (remaining tasks 37)
2025-04-21 22:31:06,958 [DEBUG]  		found 1 col clusters (in 0.32060 secs)
2025-04-21 22:31:06,959 [DEBUG]  OP: Operation.SPLIT_COLUMNS on slice (152, 11) (remaining tasks 37)
2025-04-21 22:31:07,285 [DEBUG]  		found 1 col clusters (in 0.32539 secs)
2025-04-21 22:31:07,285 [DEBUG]  OP: Operation.SPLIT_COLUMNS on slice (77, 11) (remaining tasks 37)
2025-04-21 22:31:07,575 [DEBUG]  		found 1 col clusters (in 0.28959 secs)
2025-04-21 22:31:07,575 [DEBUG]  OP: Operation.SPLIT_COLUMNS on slice (98, 11) (remaining tasks 37)
2025-04-21 22:31:07,799 [DEBUG]  		found 1 col clusters (in 0.22375 secs)
2025-04-21 22:31:07,800 [DEBUG]  OP: Operation.NAIVE_FACTORIZATION on slice (76, 11) (remaining tasks 37)
2025-04-21 22:31:07,804 [DEBUG]  		naive factorization 11 columns (in 0.00414 secs)
2025-04-21 22:31:07,805 [DEBUG]  OP: Operation.NAIVE_FACTORIZATION on slice (65, 11) (remaining tasks 36)
2025-04-21 22:31:07,809 [DEBUG]  		naive factorization 11 columns (in 0.00382 secs)
2025-04-21 22:31:07,809 [DEBUG]  OP: Operation.SPLIT_COLUMNS on slice (132, 11) (remaining tasks 35)
2025-04-21 22:31:08,133 [DEBUG]  		found 1 col clusters (in 0.32331 secs)
2025-04-21 22:31:08,133 [DEBUG]  OP: Operation.NAIVE_FACTORIZATION on slice (51, 11) (remaining tasks 35)
2025-04-21 22:31:08,139 [DEBUG]  		naive factorization 11 columns (in 0.00591 secs)
2025-04-21 22:31:08,140 [DEBUG]  OP: Operation.NAIVE_FACTORIZATION on slice (64, 11) (remaining tasks 34)
2025-04-21 22:31:08,144 [DEBUG]  		naive factorization 11 columns (in 0.00414 secs)
2025-04-21 22:31:08,144 [DEBUG]  OP: Operation.NAIVE_FACTORIZATION on slice (53, 11) (remaining tasks 33)
2025-04-21 22:31:08,149 [DEBUG]  		naive factorization 11 columns (in 0.00432 secs)
2025-04-21 22:31:08,149 [DEBUG]  OP: Operation.NAIVE_FACTORIZATION on slice (21, 11) (remaining tasks 32)
2025-04-21 22:31:08,153 [DEBUG]  		naive factorization 11 columns (in 0.00323 secs)
2025-04-21 22:31:08,153 [DEBUG]  OP: Operation.NAIVE_FACTORIZATION on slice (65, 11) (remaining tasks 31)
2025-04-21 22:31:08,158 [DEBUG]  		naive factorization 11 columns (in 0.00508 secs)
2025-04-21 22:31:08,159 [DEBUG]  OP: Operation.NAIVE_FACTORIZATION on slice (47, 11) (remaining tasks 30)
2025-04-21 22:31:08,162 [DEBUG]  		naive factorization 11 columns (in 0.00361 secs)
2025-04-21 22:31:08,163 [DEBUG]  OP: Operation.NAIVE_FACTORIZATION on slice (46, 11) (remaining tasks 29)
2025-04-21 22:31:08,169 [DEBUG]  		naive factorization 11 columns (in 0.00548 secs)
2025-04-21 22:31:08,169 [DEBUG]  OP: Operation.NAIVE_FACTORIZATION on slice (68, 11) (remaining tasks 28)
2025-04-21 22:31:08,177 [DEBUG]  		naive factorization 11 columns (in 0.00782 secs)
2025-04-21 22:31:08,177 [DEBUG]  OP: Operation.NAIVE_FACTORIZATION on slice (39, 11) (remaining tasks 27)
2025-04-21 22:31:08,188 [DEBUG]  		naive factorization 11 columns (in 0.01030 secs)
2025-04-21 22:31:08,188 [DEBUG]  OP: Operation.SPLIT_ROWS on slice (158, 11) (remaining tasks 26)
2025-04-21 22:31:08,228 [DEBUG]  		found 2 row clusters (in 0.03969 secs)
2025-04-21 22:31:08,228 [DEBUG]  OP: Operation.SPLIT_ROWS on slice (165, 11) (remaining tasks 27)
2025-04-21 22:31:08,263 [DEBUG]  		found 2 row clusters (in 0.03419 secs)
2025-04-21 22:31:08,263 [DEBUG]  OP: Operation.SPLIT_ROWS on slice (108, 11) (remaining tasks 28)
2025-04-21 22:31:08,275 [DEBUG]  		found 2 row clusters (in 0.01210 secs)
2025-04-21 22:31:08,275 [DEBUG]  OP: Operation.SPLIT_ROWS on slice (253, 11) (remaining tasks 29)
2025-04-21 22:31:08,297 [DEBUG]  		found 2 row clusters (in 0.02137 secs)
2025-04-21 22:31:08,297 [DEBUG]  OP: Operation.SPLIT_ROWS on slice (146, 11) (remaining tasks 30)
2025-04-21 22:31:08,316 [DEBUG]  		found 2 row clusters (in 0.01885 secs)
2025-04-21 22:31:08,316 [DEBUG]  OP: Operation.SPLIT_ROWS on slice (215, 11) (remaining tasks 31)
2025-04-21 22:31:08,338 [DEBUG]  		found 2 row clusters (in 0.02193 secs)
2025-04-21 22:31:08,338 [DEBUG]  OP: Operation.SPLIT_ROWS on slice (169, 11) (remaining tasks 32)
2025-04-21 22:31:08,364 [DEBUG]  		found 2 row clusters (in 0.02554 secs)
2025-04-21 22:31:08,364 [DEBUG]  OP: Operation.SPLIT_ROWS on slice (95, 11) (remaining tasks 33)
2025-04-21 22:31:08,381 [DEBUG]  		found 2 row clusters (in 0.01659 secs)
2025-04-21 22:31:08,381 [DEBUG]  OP: Operation.SPLIT_ROWS on slice (80, 11) (remaining tasks 34)
2025-04-21 22:31:08,395 [DEBUG]  		found 2 row clusters (in 0.01376 secs)
2025-04-21 22:31:08,395 [DEBUG]  OP: Operation.SPLIT_ROWS on slice (79, 11) (remaining tasks 35)
2025-04-21 22:31:08,412 [DEBUG]  		found 2 row clusters (in 0.01687 secs)
2025-04-21 22:31:08,412 [DEBUG]  OP: Operation.SPLIT_ROWS on slice (119, 11) (remaining tasks 36)
2025-04-21 22:31:08,435 [DEBUG]  		found 2 row clusters (in 0.02266 secs)
2025-04-21 22:31:08,435 [DEBUG]  OP: Operation.SPLIT_ROWS on slice (123, 11) (remaining tasks 37)
2025-04-21 22:31:08,452 [DEBUG]  		found 2 row clusters (in 0.01673 secs)
2025-04-21 22:31:08,452 [DEBUG]  OP: Operation.SPLIT_ROWS on slice (95, 11) (remaining tasks 38)
2025-04-21 22:31:08,468 [DEBUG]  		found 2 row clusters (in 0.01608 secs)
2025-04-21 22:31:08,468 [DEBUG]  OP: Operation.SPLIT_ROWS on slice (99, 11) (remaining tasks 39)
2025-04-21 22:31:08,488 [DEBUG]  		found 2 row clusters (in 0.01924 secs)
2025-04-21 22:31:08,488 [DEBUG]  OP: Operation.SPLIT_ROWS on slice (157, 11) (remaining tasks 40)
2025-04-21 22:31:08,506 [DEBUG]  		found 2 row clusters (in 0.01799 secs)
2025-04-21 22:31:08,506 [DEBUG]  OP: Operation.SPLIT_ROWS on slice (138, 11) (remaining tasks 41)
2025-04-21 22:31:08,524 [DEBUG]  		found 2 row clusters (in 0.01833 secs)
2025-04-21 22:31:08,525 [DEBUG]  OP: Operation.SPLIT_ROWS on slice (87, 11) (remaining tasks 42)
2025-04-21 22:31:08,539 [DEBUG]  		found 2 row clusters (in 0.01445 secs)
2025-04-21 22:31:08,539 [DEBUG]  OP: Operation.SPLIT_ROWS on slice (115, 11) (remaining tasks 43)
2025-04-21 22:31:08,556 [DEBUG]  		found 2 row clusters (in 0.01702 secs)
2025-04-21 22:31:08,557 [DEBUG]  OP: Operation.SPLIT_ROWS on slice (116, 11) (remaining tasks 44)
2025-04-21 22:31:08,570 [DEBUG]  		found 2 row clusters (in 0.01352 secs)
2025-04-21 22:31:08,570 [DEBUG]  OP: Operation.SPLIT_ROWS on slice (187, 11) (remaining tasks 45)
2025-04-21 22:31:08,599 [DEBUG]  		found 2 row clusters (in 0.02846 secs)
2025-04-21 22:31:08,599 [DEBUG]  OP: Operation.SPLIT_ROWS on slice (214, 11) (remaining tasks 46)
2025-04-21 22:31:08,627 [DEBUG]  		found 2 row clusters (in 0.02802 secs)
2025-04-21 22:31:08,627 [DEBUG]  OP: Operation.SPLIT_ROWS on slice (113, 11) (remaining tasks 47)
2025-04-21 22:31:08,644 [DEBUG]  		found 2 row clusters (in 0.01682 secs)
2025-04-21 22:31:08,644 [DEBUG]  OP: Operation.SPLIT_ROWS on slice (170, 11) (remaining tasks 48)
2025-04-21 22:31:08,664 [DEBUG]  		found 2 row clusters (in 0.01958 secs)
2025-04-21 22:31:08,664 [DEBUG]  OP: Operation.SPLIT_ROWS on slice (152, 11) (remaining tasks 49)
2025-04-21 22:31:08,684 [DEBUG]  		found 2 row clusters (in 0.01987 secs)
2025-04-21 22:31:08,684 [DEBUG]  OP: Operation.SPLIT_ROWS on slice (77, 11) (remaining tasks 50)
2025-04-21 22:31:08,699 [DEBUG]  		found 2 row clusters (in 0.01428 secs)
2025-04-21 22:31:08,699 [DEBUG]  OP: Operation.SPLIT_ROWS on slice (98, 11) (remaining tasks 51)
2025-04-21 22:31:08,714 [DEBUG]  		found 2 row clusters (in 0.01488 secs)
2025-04-21 22:31:08,714 [DEBUG]  OP: Operation.SPLIT_ROWS on slice (132, 11) (remaining tasks 52)
2025-04-21 22:31:08,731 [DEBUG]  		found 2 row clusters (in 0.01663 secs)
2025-04-21 22:31:08,731 [DEBUG]  OP: Operation.NAIVE_FACTORIZATION on slice (9, 11) (remaining tasks 53)
2025-04-21 22:31:08,734 [DEBUG]  		naive factorization 11 columns (in 0.00293 secs)
2025-04-21 22:31:08,734 [DEBUG]  OP: Operation.SPLIT_COLUMNS on slice (149, 11) (remaining tasks 52)
2025-04-21 22:31:08,945 [DEBUG]  		found 1 col clusters (in 0.21054 secs)
2025-04-21 22:31:08,945 [DEBUG]  OP: Operation.NAIVE_FACTORIZATION on slice (53, 11) (remaining tasks 52)
2025-04-21 22:31:08,952 [DEBUG]  		naive factorization 11 columns (in 0.00596 secs)
2025-04-21 22:31:08,952 [DEBUG]  OP: Operation.SPLIT_COLUMNS on slice (112, 11) (remaining tasks 51)
2025-04-21 22:31:09,307 [DEBUG]  		found 1 col clusters (in 0.35470 secs)
2025-04-21 22:31:09,308 [DEBUG]  OP: Operation.SPLIT_COLUMNS on slice (93, 11) (remaining tasks 51)
2025-04-21 22:31:09,579 [DEBUG]  		found 1 col clusters (in 0.27046 secs)
2025-04-21 22:31:09,579 [DEBUG]  OP: Operation.NAIVE_FACTORIZATION on slice (15, 11) (remaining tasks 51)
2025-04-21 22:31:09,585 [DEBUG]  		naive factorization 11 columns (in 0.00550 secs)
2025-04-21 22:31:09,585 [DEBUG]  OP: Operation.SPLIT_COLUMNS on slice (146, 11) (remaining tasks 50)
2025-04-21 22:31:09,921 [DEBUG]  		found 1 col clusters (in 0.33548 secs)
2025-04-21 22:31:09,921 [DEBUG]  OP: Operation.SPLIT_COLUMNS on slice (107, 11) (remaining tasks 50)
2025-04-21 22:31:10,184 [DEBUG]  		found 1 col clusters (in 0.26242 secs)
2025-04-21 22:31:10,184 [DEBUG]  OP: Operation.NAIVE_FACTORIZATION on slice (59, 11) (remaining tasks 50)
2025-04-21 22:31:10,189 [DEBUG]  		naive factorization 11 columns (in 0.00441 secs)
2025-04-21 22:31:10,190 [DEBUG]  OP: Operation.SPLIT_COLUMNS on slice (87, 11) (remaining tasks 49)
2025-04-21 22:31:10,507 [DEBUG]  		found 1 col clusters (in 0.31686 secs)
2025-04-21 22:31:10,507 [DEBUG]  OP: Operation.SPLIT_COLUMNS on slice (84, 11) (remaining tasks 49)
2025-04-21 22:31:10,733 [DEBUG]  		found 1 col clusters (in 0.22533 secs)
2025-04-21 22:31:10,733 [DEBUG]  OP: Operation.SPLIT_COLUMNS on slice (131, 11) (remaining tasks 49)
2025-04-21 22:31:11,050 [DEBUG]  		found 1 col clusters (in 0.31722 secs)
2025-04-21 22:31:11,051 [DEBUG]  OP: Operation.SPLIT_COLUMNS on slice (114, 11) (remaining tasks 49)
2025-04-21 22:31:11,315 [DEBUG]  		found 1 col clusters (in 0.26432 secs)
2025-04-21 22:31:11,316 [DEBUG]  OP: Operation.NAIVE_FACTORIZATION on slice (55, 11) (remaining tasks 49)
2025-04-21 22:31:11,320 [DEBUG]  		naive factorization 11 columns (in 0.00418 secs)
2025-04-21 22:31:11,321 [DEBUG]  OP: Operation.NAIVE_FACTORIZATION on slice (50, 11) (remaining tasks 48)
2025-04-21 22:31:11,326 [DEBUG]  		naive factorization 11 columns (in 0.00480 secs)
2025-04-21 22:31:11,326 [DEBUG]  OP: Operation.NAIVE_FACTORIZATION on slice (45, 11) (remaining tasks 47)
2025-04-21 22:31:11,332 [DEBUG]  		naive factorization 11 columns (in 0.00520 secs)
2025-04-21 22:31:11,332 [DEBUG]  OP: Operation.NAIVE_FACTORIZATION on slice (23, 11) (remaining tasks 46)
2025-04-21 22:31:11,337 [DEBUG]  		naive factorization 11 columns (in 0.00429 secs)
2025-04-21 22:31:11,337 [DEBUG]  OP: Operation.NAIVE_FACTORIZATION on slice (57, 11) (remaining tasks 45)
2025-04-21 22:31:11,341 [DEBUG]  		naive factorization 11 columns (in 0.00407 secs)
2025-04-21 22:31:11,342 [DEBUG]  OP: Operation.NAIVE_FACTORIZATION on slice (31, 11) (remaining tasks 44)
2025-04-21 22:31:11,347 [DEBUG]  		naive factorization 11 columns (in 0.00522 secs)
2025-04-21 22:31:11,348 [DEBUG]  OP: Operation.NAIVE_FACTORIZATION on slice (48, 11) (remaining tasks 43)
2025-04-21 22:31:11,353 [DEBUG]  		naive factorization 11 columns (in 0.00474 secs)
2025-04-21 22:31:11,353 [DEBUG]  OP: Operation.NAIVE_FACTORIZATION on slice (64, 11) (remaining tasks 42)
2025-04-21 22:31:11,359 [DEBUG]  		naive factorization 11 columns (in 0.00501 secs)
2025-04-21 22:31:11,359 [DEBUG]  OP: Operation.NAIVE_FACTORIZATION on slice (55, 11) (remaining tasks 41)
2025-04-21 22:31:11,364 [DEBUG]  		naive factorization 11 columns (in 0.00528 secs)
2025-04-21 22:31:11,365 [DEBUG]  OP: Operation.SPLIT_COLUMNS on slice (100, 11) (remaining tasks 40)
2025-04-21 22:31:11,591 [DEBUG]  		found 1 col clusters (in 0.22556 secs)
2025-04-21 22:31:11,591 [DEBUG]  OP: Operation.NAIVE_FACTORIZATION on slice (23, 11) (remaining tasks 40)
2025-04-21 22:31:11,596 [DEBUG]  		naive factorization 11 columns (in 0.00435 secs)
2025-04-21 22:31:11,596 [DEBUG]  OP: Operation.NAIVE_FACTORIZATION on slice (54, 11) (remaining tasks 39)
2025-04-21 22:31:11,601 [DEBUG]  		naive factorization 11 columns (in 0.00417 secs)
2025-04-21 22:31:11,601 [DEBUG]  OP: Operation.NAIVE_FACTORIZATION on slice (41, 11) (remaining tasks 38)
2025-04-21 22:31:11,605 [DEBUG]  		naive factorization 11 columns (in 0.00372 secs)
2025-04-21 22:31:11,605 [DEBUG]  OP: Operation.NAIVE_FACTORIZATION on slice (39, 11) (remaining tasks 37)
2025-04-21 22:31:11,609 [DEBUG]  		naive factorization 11 columns (in 0.00372 secs)
2025-04-21 22:31:11,610 [DEBUG]  OP: Operation.NAIVE_FACTORIZATION on slice (60, 11) (remaining tasks 36)
2025-04-21 22:31:11,614 [DEBUG]  		naive factorization 11 columns (in 0.00434 secs)
2025-04-21 22:31:11,615 [DEBUG]  OP: Operation.NAIVE_FACTORIZATION on slice (66, 11) (remaining tasks 35)
2025-04-21 22:31:11,619 [DEBUG]  		naive factorization 11 columns (in 0.00436 secs)
2025-04-21 22:31:11,620 [DEBUG]  OP: Operation.SPLIT_COLUMNS on slice (91, 11) (remaining tasks 34)
2025-04-21 22:31:11,841 [DEBUG]  		found 1 col clusters (in 0.22096 secs)
2025-04-21 22:31:11,842 [DEBUG]  OP: Operation.NAIVE_FACTORIZATION on slice (70, 11) (remaining tasks 34)
2025-04-21 22:31:11,846 [DEBUG]  		naive factorization 11 columns (in 0.00408 secs)
2025-04-21 22:31:11,846 [DEBUG]  OP: Operation.NAIVE_FACTORIZATION on slice (68, 11) (remaining tasks 33)
2025-04-21 22:31:11,852 [DEBUG]  		naive factorization 11 columns (in 0.00527 secs)
2025-04-21 22:31:11,852 [DEBUG]  OP: Operation.SPLIT_COLUMNS on slice (83, 11) (remaining tasks 32)
2025-04-21 22:31:12,069 [DEBUG]  		found 1 col clusters (in 0.21600 secs)
2025-04-21 22:31:12,069 [DEBUG]  OP: Operation.NAIVE_FACTORIZATION on slice (4, 11) (remaining tasks 32)
2025-04-21 22:31:12,074 [DEBUG]  		naive factorization 11 columns (in 0.00469 secs)
2025-04-21 22:31:12,074 [DEBUG]  OP: Operation.NAIVE_FACTORIZATION on slice (67, 11) (remaining tasks 31)
2025-04-21 22:31:12,079 [DEBUG]  		naive factorization 11 columns (in 0.00400 secs)
2025-04-21 22:31:12,079 [DEBUG]  OP: Operation.NAIVE_FACTORIZATION on slice (48, 11) (remaining tasks 30)
2025-04-21 22:31:12,084 [DEBUG]  		naive factorization 11 columns (in 0.00416 secs)
2025-04-21 22:31:12,084 [DEBUG]  OP: Operation.NAIVE_FACTORIZATION on slice (10, 11) (remaining tasks 29)
2025-04-21 22:31:12,088 [DEBUG]  		naive factorization 11 columns (in 0.00416 secs)
2025-04-21 22:31:12,089 [DEBUG]  OP: Operation.SPLIT_COLUMNS on slice (106, 11) (remaining tasks 28)
2025-04-21 22:31:12,306 [DEBUG]  		found 1 col clusters (in 0.21707 secs)
2025-04-21 22:31:12,306 [DEBUG]  OP: Operation.SPLIT_COLUMNS on slice (158, 11) (remaining tasks 28)
2025-04-21 22:31:12,627 [DEBUG]  		found 1 col clusters (in 0.32038 secs)
2025-04-21 22:31:12,627 [DEBUG]  OP: Operation.NAIVE_FACTORIZATION on slice (29, 11) (remaining tasks 28)
2025-04-21 22:31:12,630 [DEBUG]  		naive factorization 11 columns (in 0.00279 secs)
2025-04-21 22:31:12,631 [DEBUG]  OP: Operation.SPLIT_COLUMNS on slice (100, 11) (remaining tasks 27)
2025-04-21 22:31:12,893 [DEBUG]  		found 1 col clusters (in 0.26199 secs)
2025-04-21 22:31:12,893 [DEBUG]  OP: Operation.SPLIT_COLUMNS on slice (114, 11) (remaining tasks 27)
2025-04-21 22:31:13,109 [DEBUG]  		found 1 col clusters (in 0.21548 secs)
2025-04-21 22:31:13,110 [DEBUG]  OP: Operation.NAIVE_FACTORIZATION on slice (52, 11) (remaining tasks 27)
2025-04-21 22:31:13,114 [DEBUG]  		naive factorization 11 columns (in 0.00447 secs)
2025-04-21 22:31:13,115 [DEBUG]  OP: Operation.NAIVE_FACTORIZATION on slice (61, 11) (remaining tasks 26)
2025-04-21 22:31:13,119 [DEBUG]  		naive factorization 11 columns (in 0.00388 secs)
2025-04-21 22:31:13,120 [DEBUG]  OP: Operation.SPLIT_COLUMNS on slice (156, 11) (remaining tasks 25)
2025-04-21 22:31:13,336 [DEBUG]  		found 1 col clusters (in 0.21615 secs)
2025-04-21 22:31:13,336 [DEBUG]  OP: Operation.NAIVE_FACTORIZATION on slice (14, 11) (remaining tasks 25)
2025-04-21 22:31:13,339 [DEBUG]  		naive factorization 11 columns (in 0.00256 secs)
2025-04-21 22:31:13,339 [DEBUG]  OP: Operation.SPLIT_COLUMNS on slice (122, 11) (remaining tasks 24)
2025-04-21 22:31:13,674 [DEBUG]  		found 1 col clusters (in 0.33395 secs)
2025-04-21 22:31:13,674 [DEBUG]  OP: Operation.NAIVE_FACTORIZATION on slice (30, 11) (remaining tasks 24)
2025-04-21 22:31:13,679 [DEBUG]  		naive factorization 11 columns (in 0.00457 secs)
2025-04-21 22:31:13,679 [DEBUG]  OP: Operation.NAIVE_FACTORIZATION on slice (40, 11) (remaining tasks 23)
2025-04-21 22:31:13,683 [DEBUG]  		naive factorization 11 columns (in 0.00350 secs)
2025-04-21 22:31:13,683 [DEBUG]  OP: Operation.NAIVE_FACTORIZATION on slice (37, 11) (remaining tasks 22)
2025-04-21 22:31:13,687 [DEBUG]  		naive factorization 11 columns (in 0.00382 secs)
2025-04-21 22:31:13,688 [DEBUG]  OP: Operation.NAIVE_FACTORIZATION on slice (38, 11) (remaining tasks 21)
2025-04-21 22:31:13,693 [DEBUG]  		naive factorization 11 columns (in 0.00463 secs)
2025-04-21 22:31:13,693 [DEBUG]  OP: Operation.NAIVE_FACTORIZATION on slice (60, 11) (remaining tasks 20)
2025-04-21 22:31:13,697 [DEBUG]  		naive factorization 11 columns (in 0.00423 secs)
2025-04-21 22:31:13,698 [DEBUG]  OP: Operation.NAIVE_FACTORIZATION on slice (63, 11) (remaining tasks 19)
2025-04-21 22:31:13,702 [DEBUG]  		naive factorization 11 columns (in 0.00404 secs)
2025-04-21 22:31:13,702 [DEBUG]  OP: Operation.NAIVE_FACTORIZATION on slice (69, 11) (remaining tasks 18)
2025-04-21 22:31:13,707 [DEBUG]  		naive factorization 11 columns (in 0.00498 secs)
2025-04-21 22:31:13,708 [DEBUG]  OP: Operation.SPLIT_ROWS on slice (149, 11) (remaining tasks 17)
2025-04-21 22:31:13,753 [DEBUG]  		found 2 row clusters (in 0.04535 secs)
2025-04-21 22:31:13,754 [DEBUG]  OP: Operation.SPLIT_ROWS on slice (112, 11) (remaining tasks 18)
2025-04-21 22:31:13,788 [DEBUG]  		found 2 row clusters (in 0.03447 secs)
2025-04-21 22:31:13,789 [DEBUG]  OP: Operation.SPLIT_ROWS on slice (93, 11) (remaining tasks 19)
2025-04-21 22:31:13,814 [DEBUG]  		found 2 row clusters (in 0.02525 secs)
2025-04-21 22:31:13,814 [DEBUG]  OP: Operation.SPLIT_ROWS on slice (146, 11) (remaining tasks 20)
2025-04-21 22:31:13,845 [DEBUG]  		found 2 row clusters (in 0.03117 secs)
2025-04-21 22:31:13,846 [DEBUG]  OP: Operation.SPLIT_ROWS on slice (107, 11) (remaining tasks 21)
2025-04-21 22:31:13,871 [DEBUG]  		found 2 row clusters (in 0.02551 secs)
2025-04-21 22:31:13,871 [DEBUG]  OP: Operation.SPLIT_ROWS on slice (87, 11) (remaining tasks 22)
2025-04-21 22:31:13,886 [DEBUG]  		found 2 row clusters (in 0.01447 secs)
2025-04-21 22:31:13,886 [DEBUG]  OP: Operation.SPLIT_ROWS on slice (84, 11) (remaining tasks 23)
2025-04-21 22:31:13,903 [DEBUG]  		found 2 row clusters (in 0.01723 secs)
2025-04-21 22:31:13,904 [DEBUG]  OP: Operation.SPLIT_ROWS on slice (131, 11) (remaining tasks 24)
2025-04-21 22:31:13,923 [DEBUG]  		found 2 row clusters (in 0.01937 secs)
2025-04-21 22:31:13,923 [DEBUG]  OP: Operation.SPLIT_ROWS on slice (114, 11) (remaining tasks 25)
2025-04-21 22:31:13,941 [DEBUG]  		found 2 row clusters (in 0.01797 secs)
2025-04-21 22:31:13,941 [DEBUG]  OP: Operation.SPLIT_ROWS on slice (100, 11) (remaining tasks 26)
2025-04-21 22:31:13,958 [DEBUG]  		found 2 row clusters (in 0.01619 secs)
2025-04-21 22:31:13,958 [DEBUG]  OP: Operation.SPLIT_ROWS on slice (91, 11) (remaining tasks 27)
2025-04-21 22:31:13,980 [DEBUG]  		found 2 row clusters (in 0.02221 secs)
2025-04-21 22:31:13,980 [DEBUG]  OP: Operation.SPLIT_ROWS on slice (83, 11) (remaining tasks 28)
2025-04-21 22:31:13,996 [DEBUG]  		found 2 row clusters (in 0.01513 secs)
2025-04-21 22:31:13,996 [DEBUG]  OP: Operation.SPLIT_ROWS on slice (106, 11) (remaining tasks 29)
2025-04-21 22:31:14,011 [DEBUG]  		found 2 row clusters (in 0.01554 secs)
2025-04-21 22:31:14,012 [DEBUG]  OP: Operation.SPLIT_ROWS on slice (158, 11) (remaining tasks 30)
2025-04-21 22:31:14,030 [DEBUG]  		found 2 row clusters (in 0.01846 secs)
2025-04-21 22:31:14,030 [DEBUG]  OP: Operation.SPLIT_ROWS on slice (100, 11) (remaining tasks 31)
2025-04-21 22:31:14,051 [DEBUG]  		found 2 row clusters (in 0.02069 secs)
2025-04-21 22:31:14,051 [DEBUG]  OP: Operation.SPLIT_ROWS on slice (114, 11) (remaining tasks 32)
2025-04-21 22:31:14,071 [DEBUG]  		found 2 row clusters (in 0.01929 secs)
2025-04-21 22:31:14,071 [DEBUG]  OP: Operation.SPLIT_ROWS on slice (156, 11) (remaining tasks 33)
2025-04-21 22:31:14,098 [DEBUG]  		found 2 row clusters (in 0.02751 secs)
2025-04-21 22:31:14,099 [DEBUG]  OP: Operation.SPLIT_ROWS on slice (122, 11) (remaining tasks 34)
2025-04-21 22:31:14,114 [DEBUG]  		found 2 row clusters (in 0.01504 secs)
2025-04-21 22:31:14,114 [DEBUG]  OP: Operation.SPLIT_COLUMNS on slice (84, 11) (remaining tasks 35)
2025-04-21 22:31:14,335 [DEBUG]  		found 1 col clusters (in 0.22135 secs)
2025-04-21 22:31:14,336 [DEBUG]  OP: Operation.NAIVE_FACTORIZATION on slice (65, 11) (remaining tasks 35)
2025-04-21 22:31:14,340 [DEBUG]  		naive factorization 11 columns (in 0.00409 secs)
2025-04-21 22:31:14,341 [DEBUG]  OP: Operation.NAIVE_FACTORIZATION on slice (47, 11) (remaining tasks 34)
2025-04-21 22:31:14,345 [DEBUG]  		naive factorization 11 columns (in 0.00399 secs)
2025-04-21 22:31:14,345 [DEBUG]  OP: Operation.NAIVE_FACTORIZATION on slice (65, 11) (remaining tasks 33)
2025-04-21 22:31:14,349 [DEBUG]  		naive factorization 11 columns (in 0.00400 secs)
2025-04-21 22:31:14,350 [DEBUG]  OP: Operation.NAIVE_FACTORIZATION on slice (64, 11) (remaining tasks 32)
2025-04-21 22:31:14,354 [DEBUG]  		naive factorization 11 columns (in 0.00399 secs)
2025-04-21 22:31:14,355 [DEBUG]  OP: Operation.NAIVE_FACTORIZATION on slice (29, 11) (remaining tasks 31)
2025-04-21 22:31:14,359 [DEBUG]  		naive factorization 11 columns (in 0.00440 secs)
2025-04-21 22:31:14,360 [DEBUG]  OP: Operation.SPLIT_COLUMNS on slice (86, 11) (remaining tasks 30)
2025-04-21 22:31:14,585 [DEBUG]  		found 1 col clusters (in 0.22518 secs)
2025-04-21 22:31:14,586 [DEBUG]  OP: Operation.NAIVE_FACTORIZATION on slice (60, 11) (remaining tasks 30)
2025-04-21 22:31:14,590 [DEBUG]  		naive factorization 11 columns (in 0.00404 secs)
2025-04-21 22:31:14,590 [DEBUG]  OP: Operation.NAIVE_FACTORIZATION on slice (38, 11) (remaining tasks 29)
2025-04-21 22:31:14,594 [DEBUG]  		naive factorization 11 columns (in 0.00365 secs)
2025-04-21 22:31:14,594 [DEBUG]  OP: Operation.NAIVE_FACTORIZATION on slice (69, 11) (remaining tasks 28)
2025-04-21 22:31:14,600 [DEBUG]  		naive factorization 11 columns (in 0.00505 secs)
2025-04-21 22:31:14,600 [DEBUG]  OP: Operation.NAIVE_FACTORIZATION on slice (48, 11) (remaining tasks 27)
2025-04-21 22:31:14,604 [DEBUG]  		naive factorization 11 columns (in 0.00385 secs)
2025-04-21 22:31:14,605 [DEBUG]  OP: Operation.NAIVE_FACTORIZATION on slice (39, 11) (remaining tasks 26)
2025-04-21 22:31:14,609 [DEBUG]  		naive factorization 11 columns (in 0.00369 secs)
2025-04-21 22:31:14,609 [DEBUG]  OP: Operation.NAIVE_FACTORIZATION on slice (26, 11) (remaining tasks 25)
2025-04-21 22:31:14,614 [DEBUG]  		naive factorization 11 columns (in 0.00463 secs)
2025-04-21 22:31:14,614 [DEBUG]  OP: Operation.NAIVE_FACTORIZATION on slice (58, 11) (remaining tasks 24)
2025-04-21 22:31:14,619 [DEBUG]  		naive factorization 11 columns (in 0.00421 secs)
2025-04-21 22:31:14,619 [DEBUG]  OP: Operation.NAIVE_FACTORIZATION on slice (71, 11) (remaining tasks 23)
2025-04-21 22:31:14,623 [DEBUG]  		naive factorization 11 columns (in 0.00392 secs)
2025-04-21 22:31:14,624 [DEBUG]  OP: Operation.NAIVE_FACTORIZATION on slice (60, 11) (remaining tasks 22)
2025-04-21 22:31:14,629 [DEBUG]  		naive factorization 11 columns (in 0.00476 secs)
2025-04-21 22:31:14,629 [DEBUG]  OP: Operation.NAIVE_FACTORIZATION on slice (55, 11) (remaining tasks 21)
2025-04-21 22:31:14,633 [DEBUG]  		naive factorization 11 columns (in 0.00396 secs)
2025-04-21 22:31:14,634 [DEBUG]  OP: Operation.NAIVE_FACTORIZATION on slice (59, 11) (remaining tasks 20)
2025-04-21 22:31:14,638 [DEBUG]  		naive factorization 11 columns (in 0.00379 secs)
2025-04-21 22:31:14,638 [DEBUG]  OP: Operation.NAIVE_FACTORIZATION on slice (9, 11) (remaining tasks 19)
2025-04-21 22:31:14,642 [DEBUG]  		naive factorization 11 columns (in 0.00394 secs)
2025-04-21 22:31:14,643 [DEBUG]  OP: Operation.SPLIT_COLUMNS on slice (91, 11) (remaining tasks 18)
2025-04-21 22:31:14,861 [DEBUG]  		found 1 col clusters (in 0.21860 secs)
2025-04-21 22:31:14,862 [DEBUG]  OP: Operation.NAIVE_FACTORIZATION on slice (36, 11) (remaining tasks 18)
2025-04-21 22:31:14,866 [DEBUG]  		naive factorization 11 columns (in 0.00379 secs)
2025-04-21 22:31:14,866 [DEBUG]  OP: Operation.NAIVE_FACTORIZATION on slice (55, 11) (remaining tasks 17)
2025-04-21 22:31:14,870 [DEBUG]  		naive factorization 11 columns (in 0.00366 secs)
2025-04-21 22:31:14,871 [DEBUG]  OP: Operation.SPLIT_COLUMNS on slice (79, 11) (remaining tasks 16)
2025-04-21 22:31:15,088 [DEBUG]  		found 1 col clusters (in 0.21721 secs)
2025-04-21 22:31:15,089 [DEBUG]  OP: Operation.NAIVE_FACTORIZATION on slice (4, 11) (remaining tasks 16)
2025-04-21 22:31:15,093 [DEBUG]  		naive factorization 11 columns (in 0.00364 secs)
2025-04-21 22:31:15,093 [DEBUG]  OP: Operation.NAIVE_FACTORIZATION on slice (61, 11) (remaining tasks 15)
2025-04-21 22:31:15,097 [DEBUG]  		naive factorization 11 columns (in 0.00391 secs)
2025-04-21 22:31:15,098 [DEBUG]  OP: Operation.NAIVE_FACTORIZATION on slice (45, 11) (remaining tasks 14)
2025-04-21 22:31:15,102 [DEBUG]  		naive factorization 11 columns (in 0.00404 secs)
2025-04-21 22:31:15,103 [DEBUG]  OP: Operation.SPLIT_COLUMNS on slice (84, 11) (remaining tasks 13)
2025-04-21 22:31:15,319 [DEBUG]  		found 1 col clusters (in 0.21610 secs)
2025-04-21 22:31:15,319 [DEBUG]  OP: Operation.NAIVE_FACTORIZATION on slice (74, 11) (remaining tasks 13)
2025-04-21 22:31:15,324 [DEBUG]  		naive factorization 11 columns (in 0.00441 secs)
2025-04-21 22:31:15,324 [DEBUG]  OP: Operation.NAIVE_FACTORIZATION on slice (63, 11) (remaining tasks 12)
2025-04-21 22:31:15,329 [DEBUG]  		naive factorization 11 columns (in 0.00457 secs)
2025-04-21 22:31:15,330 [DEBUG]  OP: Operation.NAIVE_FACTORIZATION on slice (37, 11) (remaining tasks 11)
2025-04-21 22:31:15,334 [DEBUG]  		naive factorization 11 columns (in 0.00374 secs)
2025-04-21 22:31:15,334 [DEBUG]  OP: Operation.NAIVE_FACTORIZATION on slice (56, 11) (remaining tasks 10)
2025-04-21 22:31:15,338 [DEBUG]  		naive factorization 11 columns (in 0.00432 secs)
2025-04-21 22:31:15,339 [DEBUG]  OP: Operation.NAIVE_FACTORIZATION on slice (58, 11) (remaining tasks 9)
2025-04-21 22:31:15,343 [DEBUG]  		naive factorization 11 columns (in 0.00369 secs)
2025-04-21 22:31:15,343 [DEBUG]  OP: Operation.NAIVE_FACTORIZATION on slice (75, 11) (remaining tasks 8)
2025-04-21 22:31:15,347 [DEBUG]  		naive factorization 11 columns (in 0.00408 secs)
2025-04-21 22:31:15,348 [DEBUG]  OP: Operation.SPLIT_COLUMNS on slice (81, 11) (remaining tasks 7)
2025-04-21 22:31:15,565 [DEBUG]  		found 1 col clusters (in 0.21685 secs)
2025-04-21 22:31:15,565 [DEBUG]  OP: Operation.SPLIT_COLUMNS on slice (85, 11) (remaining tasks 7)
2025-04-21 22:31:15,786 [DEBUG]  		found 1 col clusters (in 0.21997 secs)
2025-04-21 22:31:15,786 [DEBUG]  OP: Operation.NAIVE_FACTORIZATION on slice (37, 11) (remaining tasks 7)
2025-04-21 22:31:15,790 [DEBUG]  		naive factorization 11 columns (in 0.00376 secs)
2025-04-21 22:31:15,791 [DEBUG]  OP: Operation.SPLIT_ROWS on slice (84, 11) (remaining tasks 6)
2025-04-21 22:31:15,839 [DEBUG]  		found 2 row clusters (in 0.04782 secs)
2025-04-21 22:31:15,839 [DEBUG]  OP: Operation.SPLIT_ROWS on slice (86, 11) (remaining tasks 7)
2025-04-21 22:31:15,875 [DEBUG]  		found 2 row clusters (in 0.03606 secs)
2025-04-21 22:31:15,876 [DEBUG]  OP: Operation.SPLIT_ROWS on slice (91, 11) (remaining tasks 8)
2025-04-21 22:31:15,909 [DEBUG]  		found 2 row clusters (in 0.03300 secs)
2025-04-21 22:31:15,909 [DEBUG]  OP: Operation.SPLIT_ROWS on slice (79, 11) (remaining tasks 9)
2025-04-21 22:31:15,928 [DEBUG]  		found 2 row clusters (in 0.01920 secs)
2025-04-21 22:31:15,928 [DEBUG]  OP: Operation.SPLIT_ROWS on slice (84, 11) (remaining tasks 10)
2025-04-21 22:31:15,950 [DEBUG]  		found 2 row clusters (in 0.02099 secs)
2025-04-21 22:31:15,950 [DEBUG]  OP: Operation.SPLIT_ROWS on slice (81, 11) (remaining tasks 11)
2025-04-21 22:31:15,970 [DEBUG]  		found 2 row clusters (in 0.02038 secs)
2025-04-21 22:31:15,970 [DEBUG]  OP: Operation.SPLIT_ROWS on slice (85, 11) (remaining tasks 12)
2025-04-21 22:31:15,993 [DEBUG]  		found 2 row clusters (in 0.02237 secs)
2025-04-21 22:31:15,993 [DEBUG]  OP: Operation.NAIVE_FACTORIZATION on slice (27, 11) (remaining tasks 13)
2025-04-21 22:31:15,997 [DEBUG]  		naive factorization 11 columns (in 0.00367 secs)
2025-04-21 22:31:15,997 [DEBUG]  OP: Operation.NAIVE_FACTORIZATION on slice (57, 11) (remaining tasks 12)
2025-04-21 22:31:16,001 [DEBUG]  		naive factorization 11 columns (in 0.00376 secs)
2025-04-21 22:31:16,001 [DEBUG]  OP: Operation.NAIVE_FACTORIZATION on slice (73, 11) (remaining tasks 11)
2025-04-21 22:31:16,005 [DEBUG]  		naive factorization 11 columns (in 0.00405 secs)
2025-04-21 22:31:16,006 [DEBUG]  OP: Operation.NAIVE_FACTORIZATION on slice (13, 11) (remaining tasks 10)
2025-04-21 22:31:16,009 [DEBUG]  		naive factorization 11 columns (in 0.00348 secs)
2025-04-21 22:31:16,010 [DEBUG]  OP: Operation.NAIVE_FACTORIZATION on slice (44, 11) (remaining tasks 9)
2025-04-21 22:31:16,013 [DEBUG]  		naive factorization 11 columns (in 0.00365 secs)
2025-04-21 22:31:16,014 [DEBUG]  OP: Operation.NAIVE_FACTORIZATION on slice (47, 11) (remaining tasks 8)
2025-04-21 22:31:16,018 [DEBUG]  		naive factorization 11 columns (in 0.00388 secs)
2025-04-21 22:31:16,018 [DEBUG]  OP: Operation.NAIVE_FACTORIZATION on slice (40, 11) (remaining tasks 7)
2025-04-21 22:31:16,022 [DEBUG]  		naive factorization 11 columns (in 0.00366 secs)
2025-04-21 22:31:16,022 [DEBUG]  OP: Operation.NAIVE_FACTORIZATION on slice (39, 11) (remaining tasks 6)
2025-04-21 22:31:16,026 [DEBUG]  		naive factorization 11 columns (in 0.00377 secs)
2025-04-21 22:31:16,026 [DEBUG]  OP: Operation.NAIVE_FACTORIZATION on slice (46, 11) (remaining tasks 5)
2025-04-21 22:31:16,031 [DEBUG]  		naive factorization 11 columns (in 0.00446 secs)
2025-04-21 22:31:16,032 [DEBUG]  OP: Operation.NAIVE_FACTORIZATION on slice (38, 11) (remaining tasks 4)
2025-04-21 22:31:16,035 [DEBUG]  		naive factorization 11 columns (in 0.00377 secs)
2025-04-21 22:31:16,036 [DEBUG]  OP: Operation.NAIVE_FACTORIZATION on slice (46, 11) (remaining tasks 3)
2025-04-21 22:31:16,040 [DEBUG]  		naive factorization 11 columns (in 0.00384 secs)
2025-04-21 22:31:16,040 [DEBUG]  OP: Operation.NAIVE_FACTORIZATION on slice (35, 11) (remaining tasks 2)
2025-04-21 22:31:16,045 [DEBUG]  		naive factorization 11 columns (in 0.00436 secs)
2025-04-21 22:31:16,045 [DEBUG]  OP: Operation.NAIVE_FACTORIZATION on slice (59, 11) (remaining tasks 1)
2025-04-21 22:31:16,050 [DEBUG]  		naive factorization 11 columns (in 0.00428 secs)
2025-04-21 22:31:16,050 [DEBUG]  OP: Operation.NAIVE_FACTORIZATION on slice (26, 11) (remaining tasks 0)
2025-04-21 22:31:16,054 [DEBUG]  		naive factorization 11 columns (in 0.00372 secs)
2025-04-21 22:31:17,255 [DEBUG]  Built SPN in 166.51563215200076 sec
2025-04-21 22:31:17,255 [INFO ]  Saving ensemble to /home/dafn/card/deepcard/collected_temp_benchmarks/spn_ensembles/Gas Turbine CO and NOx Emission Data Set/ensemble_single_gt_2012_10000000.pkl
