2025-04-21 22:34:27,333 [INFO ]  Creating naive ensemble.
2025-04-21 22:34:27,333 [INFO ]  Learning SPN for gt_2012.
2025-04-21 22:34:27,333 [DEBUG]  generate_join_sample(single_table=gt_2012, relationship_list=None, split_condition=None)
2025-04-21 22:34:27,360 [DEBUG]  Using min_instance_slice parameter 76.28.
2025-04-21 22:34:27,360 [INFO ]  SPN training phase with 7628 samples
2025-04-21 22:34:27,366 [DEBUG]  Built domains in 0.005806478999147657 sec
2025-04-21 22:34:27,726 [DEBUG]  CACHEDIR=/home/dafn/.cache/matplotlib
2025-04-21 22:34:27,728 [DEBUG]  Using fontManager instance from /home/dafn/.cache/matplotlib/fontlist-v300.json
2025-04-21 22:34:27,821 [DEBUG]  Loaded backend qt5agg version unknown.
2025-04-21 22:34:27,852 [DEBUG]  Loaded backend qt5agg version unknown.
2025-04-21 22:34:27,852 [DEBUG]  Loaded backend qt4agg version unknown.
2025-04-21 22:34:27,859 [DEBUG]  Loaded backend tkagg version unknown.
2025-04-21 22:34:27,859 [DEBUG]  Loaded backend agg version unknown.
2025-04-21 22:34:27,859 [DEBUG]  Loaded backend agg version unknown.
2025-04-21 22:34:27,863 [DEBUG]  OP: Operation.SPLIT_ROWS on slice (7628, 11) (remaining tasks 0)
2025-04-21 22:34:27,945 [DEBUG]  		found 2 row clusters (in 0.08234 secs)
2025-04-21 22:34:27,946 [DEBUG]  OP: Operation.SPLIT_COLUMNS on slice (5748, 11) (remaining tasks 1)
2025-04-21 22:34:29,665 [DEBUG]  		found 1 col clusters (in 1.71876 secs)
2025-04-21 22:34:29,666 [DEBUG]  OP: Operation.SPLIT_COLUMNS on slice (1880, 11) (remaining tasks 1)
2025-04-21 22:34:34,726 [DEBUG]  		found 1 col clusters (in 5.06037 secs)
2025-04-21 22:34:34,728 [DEBUG]  OP: Operation.SPLIT_ROWS on slice (5748, 11) (remaining tasks 1)
2025-04-21 22:34:34,904 [DEBUG]  		found 2 row clusters (in 0.17594 secs)
2025-04-21 22:34:34,905 [DEBUG]  OP: Operation.SPLIT_ROWS on slice (1880, 11) (remaining tasks 2)
2025-04-21 22:34:34,962 [DEBUG]  		found 2 row clusters (in 0.05764 secs)
2025-04-21 22:34:34,963 [DEBUG]  OP: Operation.SPLIT_COLUMNS on slice (1210, 11) (remaining tasks 3)
2025-04-21 22:34:38,469 [DEBUG]  		found 1 col clusters (in 3.50601 secs)
2025-04-21 22:34:38,470 [DEBUG]  OP: Operation.SPLIT_COLUMNS on slice (4538, 11) (remaining tasks 3)
2025-04-21 22:34:40,758 [DEBUG]  		found 1 col clusters (in 2.28712 secs)
2025-04-21 22:34:40,758 [DEBUG]  OP: Operation.SPLIT_COLUMNS on slice (1406, 11) (remaining tasks 3)
2025-04-21 22:34:44,902 [DEBUG]  		found 1 col clusters (in 4.14341 secs)
2025-04-21 22:34:44,902 [DEBUG]  OP: Operation.SPLIT_COLUMNS on slice (474, 11) (remaining tasks 3)
2025-04-21 22:34:46,952 [DEBUG]  		found 1 col clusters (in 2.04915 secs)
2025-04-21 22:34:46,952 [DEBUG]  OP: Operation.SPLIT_ROWS on slice (1210, 11) (remaining tasks 3)
2025-04-21 22:34:47,094 [DEBUG]  		found 2 row clusters (in 0.14181 secs)
2025-04-21 22:34:47,095 [DEBUG]  OP: Operation.SPLIT_ROWS on slice (4538, 11) (remaining tasks 4)
2025-04-21 22:34:47,181 [DEBUG]  		found 2 row clusters (in 0.08642 secs)
2025-04-21 22:34:47,182 [DEBUG]  OP: Operation.SPLIT_ROWS on slice (1406, 11) (remaining tasks 5)
2025-04-21 22:34:47,234 [DEBUG]  		found 2 row clusters (in 0.05155 secs)
2025-04-21 22:34:47,234 [DEBUG]  OP: Operation.SPLIT_ROWS on slice (474, 11) (remaining tasks 6)
2025-04-21 22:34:47,278 [DEBUG]  		found 2 row clusters (in 0.04410 secs)
2025-04-21 22:34:47,278 [DEBUG]  OP: Operation.SPLIT_COLUMNS on slice (506, 11) (remaining tasks 7)
2025-04-21 22:34:49,596 [DEBUG]  		found 1 col clusters (in 2.31692 secs)
2025-04-21 22:34:49,596 [DEBUG]  OP: Operation.SPLIT_COLUMNS on slice (704, 11) (remaining tasks 7)
2025-04-21 22:34:50,509 [DEBUG]  		found 1 col clusters (in 0.91246 secs)
2025-04-21 22:34:50,509 [DEBUG]  OP: Operation.SPLIT_COLUMNS on slice (1861, 11) (remaining tasks 7)
2025-04-21 22:34:56,156 [DEBUG]  		found 1 col clusters (in 5.64603 secs)
2025-04-21 22:34:56,156 [DEBUG]  OP: Operation.SPLIT_COLUMNS on slice (2677, 11) (remaining tasks 7)
2025-04-21 22:35:02,010 [DEBUG]  		found 1 col clusters (in 5.85318 secs)
2025-04-21 22:35:02,010 [DEBUG]  OP: Operation.SPLIT_COLUMNS on slice (1019, 11) (remaining tasks 7)
2025-04-21 22:35:05,161 [DEBUG]  		found 1 col clusters (in 3.15058 secs)
2025-04-21 22:35:05,161 [DEBUG]  OP: Operation.SPLIT_COLUMNS on slice (387, 11) (remaining tasks 7)
2025-04-21 22:35:06,959 [DEBUG]  		found 1 col clusters (in 1.79720 secs)
2025-04-21 22:35:06,960 [DEBUG]  OP: Operation.SPLIT_COLUMNS on slice (287, 11) (remaining tasks 7)
2025-04-21 22:35:08,391 [DEBUG]  		found 1 col clusters (in 1.43128 secs)
2025-04-21 22:35:08,392 [DEBUG]  OP: Operation.SPLIT_COLUMNS on slice (187, 11) (remaining tasks 7)
2025-04-21 22:35:08,789 [DEBUG]  		found 1 col clusters (in 0.39684 secs)
2025-04-21 22:35:08,789 [DEBUG]  OP: Operation.SPLIT_ROWS on slice (506, 11) (remaining tasks 7)
2025-04-21 22:35:08,852 [DEBUG]  		found 2 row clusters (in 0.06309 secs)
2025-04-21 22:35:08,853 [DEBUG]  OP: Operation.SPLIT_ROWS on slice (704, 11) (remaining tasks 8)
2025-04-21 22:35:08,905 [DEBUG]  		found 2 row clusters (in 0.05152 secs)
2025-04-21 22:35:08,905 [DEBUG]  OP: Operation.SPLIT_ROWS on slice (1861, 11) (remaining tasks 9)
2025-04-21 22:35:08,959 [DEBUG]  		found 2 row clusters (in 0.05393 secs)
2025-04-21 22:35:08,960 [DEBUG]  OP: Operation.SPLIT_ROWS on slice (2677, 11) (remaining tasks 10)
2025-04-21 22:35:09,020 [DEBUG]  		found 2 row clusters (in 0.06048 secs)
2025-04-21 22:35:09,021 [DEBUG]  OP: Operation.SPLIT_ROWS on slice (1019, 11) (remaining tasks 11)
2025-04-21 22:35:09,064 [DEBUG]  		found 2 row clusters (in 0.04276 secs)
2025-04-21 22:35:09,064 [DEBUG]  OP: Operation.SPLIT_ROWS on slice (387, 11) (remaining tasks 12)
2025-04-21 22:35:09,093 [DEBUG]  		found 2 row clusters (in 0.02874 secs)
2025-04-21 22:35:09,093 [DEBUG]  OP: Operation.SPLIT_ROWS on slice (287, 11) (remaining tasks 13)
2025-04-21 22:35:09,121 [DEBUG]  		found 2 row clusters (in 0.02773 secs)
2025-04-21 22:35:09,121 [DEBUG]  OP: Operation.SPLIT_ROWS on slice (187, 11) (remaining tasks 14)
2025-04-21 22:35:09,140 [DEBUG]  		found 2 row clusters (in 0.01870 secs)
2025-04-21 22:35:09,140 [DEBUG]  OP: Operation.SPLIT_COLUMNS on slice (293, 11) (remaining tasks 15)
2025-04-21 22:35:10,718 [DEBUG]  		found 1 col clusters (in 1.57801 secs)
2025-04-21 22:35:10,719 [DEBUG]  OP: Operation.SPLIT_COLUMNS on slice (213, 11) (remaining tasks 15)
2025-04-21 22:35:12,144 [DEBUG]  		found 1 col clusters (in 1.42472 secs)
2025-04-21 22:35:12,144 [DEBUG]  OP: Operation.SPLIT_COLUMNS on slice (375, 11) (remaining tasks 15)
2025-04-21 22:35:14,315 [DEBUG]  		found 1 col clusters (in 2.17010 secs)
2025-04-21 22:35:14,315 [DEBUG]  OP: Operation.SPLIT_COLUMNS on slice (329, 11) (remaining tasks 15)
2025-04-21 22:35:16,226 [DEBUG]  		found 1 col clusters (in 1.91116 secs)
2025-04-21 22:35:16,227 [DEBUG]  OP: Operation.SPLIT_COLUMNS on slice (1150, 11) (remaining tasks 15)
2025-04-21 22:35:20,640 [DEBUG]  		found 1 col clusters (in 4.41240 secs)
2025-04-21 22:35:20,640 [DEBUG]  OP: Operation.SPLIT_COLUMNS on slice (711, 11) (remaining tasks 15)
2025-04-21 22:35:21,753 [DEBUG]  		found 1 col clusters (in 1.11219 secs)
2025-04-21 22:35:21,753 [DEBUG]  OP: Operation.SPLIT_COLUMNS on slice (985, 11) (remaining tasks 15)
2025-04-21 22:35:24,138 [DEBUG]  		found 1 col clusters (in 2.38407 secs)
2025-04-21 22:35:24,138 [DEBUG]  OP: Operation.SPLIT_COLUMNS on slice (1692, 11) (remaining tasks 15)
2025-04-21 22:35:29,409 [DEBUG]  		found 1 col clusters (in 5.27011 secs)
2025-04-21 22:35:29,409 [DEBUG]  OP: Operation.SPLIT_COLUMNS on slice (597, 11) (remaining tasks 15)
2025-04-21 22:35:30,566 [DEBUG]  		found 1 col clusters (in 1.15621 secs)
2025-04-21 22:35:30,566 [DEBUG]  OP: Operation.SPLIT_COLUMNS on slice (422, 11) (remaining tasks 15)
2025-04-21 22:35:32,582 [DEBUG]  		found 1 col clusters (in 2.01518 secs)
2025-04-21 22:35:32,582 [DEBUG]  OP: Operation.SPLIT_COLUMNS on slice (168, 11) (remaining tasks 15)
2025-04-21 22:35:32,996 [DEBUG]  		found 1 col clusters (in 0.41338 secs)
2025-04-21 22:35:32,996 [DEBUG]  OP: Operation.SPLIT_COLUMNS on slice (219, 11) (remaining tasks 15)
2025-04-21 22:35:34,458 [DEBUG]  		found 1 col clusters (in 1.46168 secs)
2025-04-21 22:35:34,460 [DEBUG]  OP: Operation.SPLIT_COLUMNS on slice (234, 11) (remaining tasks 15)
2025-04-21 22:35:36,173 [DEBUG]  		found 1 col clusters (in 1.71279 secs)
2025-04-21 22:35:36,174 [DEBUG]  OP: Operation.NAIVE_FACTORIZATION on slice (53, 11) (remaining tasks 15)
2025-04-21 22:35:36,181 [DEBUG]  		naive factorization 11 columns (in 0.00767 secs)
2025-04-21 22:35:36,182 [DEBUG]  OP: Operation.SPLIT_COLUMNS on slice (146, 11) (remaining tasks 14)
2025-04-21 22:35:36,573 [DEBUG]  		found 1 col clusters (in 0.39108 secs)
2025-04-21 22:35:36,573 [DEBUG]  OP: Operation.NAIVE_FACTORIZATION on slice (41, 11) (remaining tasks 14)
2025-04-21 22:35:36,580 [DEBUG]  		naive factorization 11 columns (in 0.00648 secs)
2025-04-21 22:35:36,581 [DEBUG]  OP: Operation.SPLIT_ROWS on slice (293, 11) (remaining tasks 13)
2025-04-21 22:35:36,638 [DEBUG]  		found 2 row clusters (in 0.05703 secs)
2025-04-21 22:35:36,638 [DEBUG]  OP: Operation.SPLIT_ROWS on slice (213, 11) (remaining tasks 14)
2025-04-21 22:35:36,672 [DEBUG]  		found 2 row clusters (in 0.03315 secs)
2025-04-21 22:35:36,672 [DEBUG]  OP: Operation.SPLIT_ROWS on slice (375, 11) (remaining tasks 15)
2025-04-21 22:35:36,700 [DEBUG]  		found 2 row clusters (in 0.02829 secs)
2025-04-21 22:35:36,700 [DEBUG]  OP: Operation.SPLIT_ROWS on slice (329, 11) (remaining tasks 16)
2025-04-21 22:35:36,732 [DEBUG]  		found 2 row clusters (in 0.03160 secs)
2025-04-21 22:35:36,732 [DEBUG]  OP: Operation.SPLIT_ROWS on slice (1150, 11) (remaining tasks 17)
2025-04-21 22:35:36,778 [DEBUG]  		found 2 row clusters (in 0.04523 secs)
2025-04-21 22:35:36,778 [DEBUG]  OP: Operation.SPLIT_ROWS on slice (711, 11) (remaining tasks 18)
2025-04-21 22:35:36,809 [DEBUG]  		found 2 row clusters (in 0.03140 secs)
2025-04-21 22:35:36,810 [DEBUG]  OP: Operation.SPLIT_ROWS on slice (985, 11) (remaining tasks 19)
2025-04-21 22:35:36,848 [DEBUG]  		found 2 row clusters (in 0.03782 secs)
2025-04-21 22:35:36,848 [DEBUG]  OP: Operation.SPLIT_ROWS on slice (1692, 11) (remaining tasks 20)
2025-04-21 22:35:36,893 [DEBUG]  		found 2 row clusters (in 0.04497 secs)
2025-04-21 22:35:36,893 [DEBUG]  OP: Operation.SPLIT_ROWS on slice (597, 11) (remaining tasks 21)
2025-04-21 22:35:36,923 [DEBUG]  		found 2 row clusters (in 0.02945 secs)
2025-04-21 22:35:36,923 [DEBUG]  OP: Operation.SPLIT_ROWS on slice (422, 11) (remaining tasks 22)
2025-04-21 22:35:36,960 [DEBUG]  		found 2 row clusters (in 0.03652 secs)
2025-04-21 22:35:36,960 [DEBUG]  OP: Operation.SPLIT_ROWS on slice (168, 11) (remaining tasks 23)
2025-04-21 22:35:36,981 [DEBUG]  		found 2 row clusters (in 0.02167 secs)
2025-04-21 22:35:36,982 [DEBUG]  OP: Operation.SPLIT_ROWS on slice (219, 11) (remaining tasks 24)
2025-04-21 22:35:37,003 [DEBUG]  		found 2 row clusters (in 0.02105 secs)
2025-04-21 22:35:37,003 [DEBUG]  OP: Operation.SPLIT_ROWS on slice (234, 11) (remaining tasks 25)
2025-04-21 22:35:37,032 [DEBUG]  		found 2 row clusters (in 0.02848 secs)
2025-04-21 22:35:37,032 [DEBUG]  OP: Operation.SPLIT_ROWS on slice (146, 11) (remaining tasks 26)
2025-04-21 22:35:37,053 [DEBUG]  		found 2 row clusters (in 0.02088 secs)
2025-04-21 22:35:37,053 [DEBUG]  OP: Operation.SPLIT_COLUMNS on slice (174, 11) (remaining tasks 27)
2025-04-21 22:35:37,363 [DEBUG]  		found 1 col clusters (in 0.30997 secs)
2025-04-21 22:35:37,363 [DEBUG]  OP: Operation.SPLIT_COLUMNS on slice (119, 11) (remaining tasks 27)
2025-04-21 22:35:37,664 [DEBUG]  		found 1 col clusters (in 0.30032 secs)
2025-04-21 22:35:37,664 [DEBUG]  OP: Operation.NAIVE_FACTORIZATION on slice (68, 11) (remaining tasks 27)
2025-04-21 22:35:37,671 [DEBUG]  		naive factorization 11 columns (in 0.00632 secs)
2025-04-21 22:35:37,672 [DEBUG]  OP: Operation.SPLIT_COLUMNS on slice (145, 11) (remaining tasks 26)
2025-04-21 22:35:37,890 [DEBUG]  		found 1 col clusters (in 0.21866 secs)
2025-04-21 22:35:37,891 [DEBUG]  OP: Operation.SPLIT_COLUMNS on slice (172, 11) (remaining tasks 26)
2025-04-21 22:35:38,267 [DEBUG]  		found 1 col clusters (in 0.37546 secs)
2025-04-21 22:35:38,267 [DEBUG]  OP: Operation.SPLIT_COLUMNS on slice (203, 11) (remaining tasks 26)
2025-04-21 22:35:39,944 [DEBUG]  		found 1 col clusters (in 1.67616 secs)
2025-04-21 22:35:39,944 [DEBUG]  OP: Operation.SPLIT_COLUMNS on slice (165, 11) (remaining tasks 26)
2025-04-21 22:35:40,367 [DEBUG]  		found 1 col clusters (in 0.42280 secs)
2025-04-21 22:35:40,367 [DEBUG]  OP: Operation.SPLIT_COLUMNS on slice (164, 11) (remaining tasks 26)
2025-04-21 22:35:40,735 [DEBUG]  		found 1 col clusters (in 0.36774 secs)
2025-04-21 22:35:40,736 [DEBUG]  OP: Operation.SPLIT_COLUMNS on slice (751, 11) (remaining tasks 26)
2025-04-21 22:35:42,518 [DEBUG]  		found 1 col clusters (in 1.78175 secs)
2025-04-21 22:35:42,518 [DEBUG]  OP: Operation.SPLIT_COLUMNS on slice (399, 11) (remaining tasks 26)
2025-04-21 22:35:44,493 [DEBUG]  		found 1 col clusters (in 1.97449 secs)
2025-04-21 22:35:44,493 [DEBUG]  OP: Operation.SPLIT_COLUMNS on slice (598, 11) (remaining tasks 26)
2025-04-21 22:35:45,652 [DEBUG]  		found 1 col clusters (in 1.15877 secs)
2025-04-21 22:35:45,653 [DEBUG]  OP: Operation.SPLIT_COLUMNS on slice (113, 11) (remaining tasks 26)
2025-04-21 22:35:45,992 [DEBUG]  		found 1 col clusters (in 0.33869 secs)
2025-04-21 22:35:45,993 [DEBUG]  OP: Operation.SPLIT_COLUMNS on slice (482, 11) (remaining tasks 26)
2025-04-21 22:35:48,203 [DEBUG]  		found 1 col clusters (in 2.21042 secs)
2025-04-21 22:35:48,204 [DEBUG]  OP: Operation.SPLIT_COLUMNS on slice (503, 11) (remaining tasks 26)
2025-04-21 22:35:50,351 [DEBUG]  		found 1 col clusters (in 2.14658 secs)
2025-04-21 22:35:50,351 [DEBUG]  OP: Operation.SPLIT_COLUMNS on slice (846, 11) (remaining tasks 26)
2025-04-21 22:35:53,205 [DEBUG]  		found 1 col clusters (in 2.85320 secs)
2025-04-21 22:35:53,205 [DEBUG]  OP: Operation.SPLIT_COLUMNS on slice (846, 11) (remaining tasks 26)
2025-04-21 22:35:55,392 [DEBUG]  		found 1 col clusters (in 2.18612 secs)
2025-04-21 22:35:55,392 [DEBUG]  OP: Operation.SPLIT_COLUMNS on slice (492, 11) (remaining tasks 26)
2025-04-21 22:35:57,404 [DEBUG]  		found 2 col clusters (in 2.01119 secs)
2025-04-21 22:35:57,404 [DEBUG]  OP: Operation.SPLIT_COLUMNS on slice (105, 11) (remaining tasks 27)
2025-04-21 22:35:57,710 [DEBUG]  		found 1 col clusters (in 0.30579 secs)
2025-04-21 22:35:57,710 [DEBUG]  OP: Operation.SPLIT_COLUMNS on slice (347, 11) (remaining tasks 27)
2025-04-21 22:35:59,219 [DEBUG]  		found 1 col clusters (in 1.50834 secs)
2025-04-21 22:35:59,220 [DEBUG]  OP: Operation.NAIVE_FACTORIZATION on slice (75, 11) (remaining tasks 27)
2025-04-21 22:35:59,226 [DEBUG]  		naive factorization 11 columns (in 0.00613 secs)
2025-04-21 22:35:59,226 [DEBUG]  OP: Operation.SPLIT_COLUMNS on slice (84, 11) (remaining tasks 26)
2025-04-21 22:35:59,531 [DEBUG]  		found 1 col clusters (in 0.30475 secs)
2025-04-21 22:35:59,532 [DEBUG]  OP: Operation.SPLIT_COLUMNS on slice (84, 11) (remaining tasks 26)
2025-04-21 22:35:59,760 [DEBUG]  		found 1 col clusters (in 0.22794 secs)
2025-04-21 22:35:59,760 [DEBUG]  OP: Operation.SPLIT_COLUMNS on slice (139, 11) (remaining tasks 26)
2025-04-21 22:36:00,087 [DEBUG]  		found 1 col clusters (in 0.32604 secs)
2025-04-21 22:36:00,087 [DEBUG]  OP: Operation.SPLIT_COLUMNS on slice (80, 11) (remaining tasks 26)
2025-04-21 22:36:00,356 [DEBUG]  		found 1 col clusters (in 0.26814 secs)
2025-04-21 22:36:00,356 [DEBUG]  OP: Operation.SPLIT_COLUMNS on slice (160, 11) (remaining tasks 26)
2025-04-21 22:36:00,677 [DEBUG]  		found 1 col clusters (in 0.32110 secs)
2025-04-21 22:36:00,678 [DEBUG]  OP: Operation.NAIVE_FACTORIZATION on slice (74, 11) (remaining tasks 26)
2025-04-21 22:36:00,684 [DEBUG]  		naive factorization 11 columns (in 0.00576 secs)
2025-04-21 22:36:00,684 [DEBUG]  OP: Operation.SPLIT_COLUMNS on slice (80, 11) (remaining tasks 25)
2025-04-21 22:36:00,962 [DEBUG]  		found 1 col clusters (in 0.27780 secs)
2025-04-21 22:36:00,962 [DEBUG]  OP: Operation.NAIVE_FACTORIZATION on slice (66, 11) (remaining tasks 25)
2025-04-21 22:36:00,967 [DEBUG]  		naive factorization 11 columns (in 0.00487 secs)
2025-04-21 22:36:00,968 [DEBUG]  OP: Operation.SPLIT_ROWS on slice (174, 11) (remaining tasks 24)
2025-04-21 22:36:01,033 [DEBUG]  		found 2 row clusters (in 0.06451 secs)
2025-04-21 22:36:01,033 [DEBUG]  OP: Operation.SPLIT_ROWS on slice (119, 11) (remaining tasks 25)
2025-04-21 22:36:01,067 [DEBUG]  		found 2 row clusters (in 0.03399 secs)
2025-04-21 22:36:01,067 [DEBUG]  OP: Operation.SPLIT_ROWS on slice (145, 11) (remaining tasks 26)
2025-04-21 22:36:01,094 [DEBUG]  		found 2 row clusters (in 0.02658 secs)
2025-04-21 22:36:01,094 [DEBUG]  OP: Operation.SPLIT_ROWS on slice (172, 11) (remaining tasks 27)
2025-04-21 22:36:01,117 [DEBUG]  		found 2 row clusters (in 0.02237 secs)
2025-04-21 22:36:01,117 [DEBUG]  OP: Operation.SPLIT_ROWS on slice (203, 11) (remaining tasks 28)
2025-04-21 22:36:01,138 [DEBUG]  		found 2 row clusters (in 0.02042 secs)
2025-04-21 22:36:01,138 [DEBUG]  OP: Operation.SPLIT_ROWS on slice (165, 11) (remaining tasks 29)
2025-04-21 22:36:01,164 [DEBUG]  		found 2 row clusters (in 0.02593 secs)
2025-04-21 22:36:01,164 [DEBUG]  OP: Operation.SPLIT_ROWS on slice (164, 11) (remaining tasks 30)
2025-04-21 22:36:01,185 [DEBUG]  		found 2 row clusters (in 0.02103 secs)
2025-04-21 22:36:01,185 [DEBUG]  OP: Operation.SPLIT_ROWS on slice (751, 11) (remaining tasks 31)
2025-04-21 22:36:01,219 [DEBUG]  		found 2 row clusters (in 0.03353 secs)
2025-04-21 22:36:01,219 [DEBUG]  OP: Operation.SPLIT_ROWS on slice (399, 11) (remaining tasks 32)
2025-04-21 22:36:01,244 [DEBUG]  		found 2 row clusters (in 0.02493 secs)
2025-04-21 22:36:01,244 [DEBUG]  OP: Operation.SPLIT_ROWS on slice (598, 11) (remaining tasks 33)
2025-04-21 22:36:01,280 [DEBUG]  		found 2 row clusters (in 0.03555 secs)
2025-04-21 22:36:01,280 [DEBUG]  OP: Operation.SPLIT_ROWS on slice (113, 11) (remaining tasks 34)
2025-04-21 22:36:01,298 [DEBUG]  		found 2 row clusters (in 0.01782 secs)
2025-04-21 22:36:01,298 [DEBUG]  OP: Operation.SPLIT_ROWS on slice (482, 11) (remaining tasks 35)
2025-04-21 22:36:01,326 [DEBUG]  		found 2 row clusters (in 0.02800 secs)
2025-04-21 22:36:01,327 [DEBUG]  OP: Operation.SPLIT_ROWS on slice (503, 11) (remaining tasks 36)
2025-04-21 22:36:01,357 [DEBUG]  		found 2 row clusters (in 0.03072 secs)
2025-04-21 22:36:01,358 [DEBUG]  OP: Operation.SPLIT_ROWS on slice (846, 11) (remaining tasks 37)
2025-04-21 22:36:01,404 [DEBUG]  		found 2 row clusters (in 0.04601 secs)
2025-04-21 22:36:01,404 [DEBUG]  OP: Operation.SPLIT_ROWS on slice (846, 11) (remaining tasks 38)
2025-04-21 22:36:01,451 [DEBUG]  		found 2 row clusters (in 0.04649 secs)
2025-04-21 22:36:01,451 [DEBUG]  OP: Operation.SPLIT_COLUMNS on slice (492, 10) (remaining tasks 39)
2025-04-21 22:36:02,996 [DEBUG]  		found 1 col clusters (in 1.54506 secs)
2025-04-21 22:36:02,996 [DEBUG]  OP: Operation.CREATE_LEAF on slice (492, 1) (remaining tasks 39)
2025-04-21 22:36:02,997 [DEBUG]  		 created leaf IdentityNumericLeaf for scope=[6] (in 0.00041 secs)
2025-04-21 22:36:02,997 [DEBUG]  OP: Operation.SPLIT_ROWS on slice (105, 11) (remaining tasks 38)
2025-04-21 22:36:03,133 [DEBUG]  		found 2 row clusters (in 0.13628 secs)
2025-04-21 22:36:03,134 [DEBUG]  OP: Operation.SPLIT_ROWS on slice (347, 11) (remaining tasks 39)
2025-04-21 22:36:03,190 [DEBUG]  		found 2 row clusters (in 0.05654 secs)
2025-04-21 22:36:03,191 [DEBUG]  OP: Operation.SPLIT_ROWS on slice (84, 11) (remaining tasks 40)
2025-04-21 22:36:03,206 [DEBUG]  		found 2 row clusters (in 0.01565 secs)
2025-04-21 22:36:03,207 [DEBUG]  OP: Operation.SPLIT_ROWS on slice (84, 11) (remaining tasks 41)
2025-04-21 22:36:03,223 [DEBUG]  		found 2 row clusters (in 0.01675 secs)
2025-04-21 22:36:03,224 [DEBUG]  OP: Operation.SPLIT_ROWS on slice (139, 11) (remaining tasks 42)
2025-04-21 22:36:03,242 [DEBUG]  		found 2 row clusters (in 0.01808 secs)
2025-04-21 22:36:03,242 [DEBUG]  OP: Operation.SPLIT_ROWS on slice (80, 11) (remaining tasks 43)
2025-04-21 22:36:03,255 [DEBUG]  		found 2 row clusters (in 0.01321 secs)
2025-04-21 22:36:03,255 [DEBUG]  OP: Operation.SPLIT_ROWS on slice (160, 11) (remaining tasks 44)
2025-04-21 22:36:03,276 [DEBUG]  		found 2 row clusters (in 0.02039 secs)
2025-04-21 22:36:03,276 [DEBUG]  OP: Operation.SPLIT_ROWS on slice (80, 11) (remaining tasks 45)
2025-04-21 22:36:03,295 [DEBUG]  		found 2 row clusters (in 0.01855 secs)
2025-04-21 22:36:03,295 [DEBUG]  OP: Operation.SPLIT_COLUMNS on slice (155, 11) (remaining tasks 46)
2025-04-21 22:36:03,607 [DEBUG]  		found 1 col clusters (in 0.31234 secs)
2025-04-21 22:36:03,608 [DEBUG]  OP: Operation.NAIVE_FACTORIZATION on slice (19, 11) (remaining tasks 46)
2025-04-21 22:36:03,612 [DEBUG]  		naive factorization 11 columns (in 0.00389 secs)
2025-04-21 22:36:03,612 [DEBUG]  OP: Operation.NAIVE_FACTORIZATION on slice (72, 11) (remaining tasks 45)
2025-04-21 22:36:03,616 [DEBUG]  		naive factorization 11 columns (in 0.00446 secs)
2025-04-21 22:36:03,617 [DEBUG]  OP: Operation.NAIVE_FACTORIZATION on slice (47, 11) (remaining tasks 44)
2025-04-21 22:36:03,623 [DEBUG]  		naive factorization 11 columns (in 0.00637 secs)
2025-04-21 22:36:03,623 [DEBUG]  OP: Operation.NAIVE_FACTORIZATION on slice (67, 11) (remaining tasks 43)
2025-04-21 22:36:03,629 [DEBUG]  		naive factorization 11 columns (in 0.00588 secs)
2025-04-21 22:36:03,630 [DEBUG]  OP: Operation.SPLIT_COLUMNS on slice (78, 11) (remaining tasks 42)
2025-04-21 22:36:03,853 [DEBUG]  		found 1 col clusters (in 0.22356 secs)
2025-04-21 22:36:03,854 [DEBUG]  OP: Operation.SPLIT_COLUMNS on slice (83, 11) (remaining tasks 42)
2025-04-21 22:36:04,070 [DEBUG]  		found 1 col clusters (in 0.21636 secs)
2025-04-21 22:36:04,071 [DEBUG]  OP: Operation.SPLIT_COLUMNS on slice (89, 11) (remaining tasks 42)
2025-04-21 22:36:04,286 [DEBUG]  		found 1 col clusters (in 0.21472 secs)
2025-04-21 22:36:04,286 [DEBUG]  OP: Operation.SPLIT_COLUMNS on slice (167, 11) (remaining tasks 42)
2025-04-21 22:36:04,605 [DEBUG]  		found 1 col clusters (in 0.31832 secs)
2025-04-21 22:36:04,605 [DEBUG]  OP: Operation.NAIVE_FACTORIZATION on slice (36, 11) (remaining tasks 42)
2025-04-21 22:36:04,611 [DEBUG]  		naive factorization 11 columns (in 0.00528 secs)
2025-04-21 22:36:04,611 [DEBUG]  OP: Operation.SPLIT_COLUMNS on slice (110, 11) (remaining tasks 41)
2025-04-21 22:36:04,855 [DEBUG]  		found 1 col clusters (in 0.24346 secs)
2025-04-21 22:36:04,855 [DEBUG]  OP: Operation.NAIVE_FACTORIZATION on slice (55, 11) (remaining tasks 41)
2025-04-21 22:36:04,859 [DEBUG]  		naive factorization 11 columns (in 0.00395 secs)
2025-04-21 22:36:04,860 [DEBUG]  OP: Operation.SPLIT_COLUMNS on slice (106, 11) (remaining tasks 40)
2025-04-21 22:36:05,107 [DEBUG]  		found 1 col clusters (in 0.24692 secs)
2025-04-21 22:36:05,108 [DEBUG]  OP: Operation.NAIVE_FACTORIZATION on slice (58, 11) (remaining tasks 40)
2025-04-21 22:36:05,112 [DEBUG]  		naive factorization 11 columns (in 0.00389 secs)
2025-04-21 22:36:05,112 [DEBUG]  OP: Operation.SPLIT_COLUMNS on slice (684, 11) (remaining tasks 39)
2025-04-21 22:36:06,025 [DEBUG]  		found 2 col clusters (in 0.91222 secs)
2025-04-21 22:36:06,025 [DEBUG]  OP: Operation.NAIVE_FACTORIZATION on slice (67, 11) (remaining tasks 40)
2025-04-21 22:36:06,032 [DEBUG]  		naive factorization 11 columns (in 0.00691 secs)
2025-04-21 22:36:06,033 [DEBUG]  OP: Operation.SPLIT_COLUMNS on slice (206, 11) (remaining tasks 39)
2025-04-21 22:36:07,584 [DEBUG]  		found 1 col clusters (in 1.55124 secs)
2025-04-21 22:36:07,585 [DEBUG]  OP: Operation.SPLIT_COLUMNS on slice (193, 11) (remaining tasks 39)
2025-04-21 22:36:09,024 [DEBUG]  		found 1 col clusters (in 1.43961 secs)
2025-04-21 22:36:09,025 [DEBUG]  OP: Operation.SPLIT_COLUMNS on slice (432, 11) (remaining tasks 39)
2025-04-21 22:36:11,224 [DEBUG]  		found 1 col clusters (in 2.19841 secs)
2025-04-21 22:36:11,224 [DEBUG]  OP: Operation.SPLIT_COLUMNS on slice (166, 11) (remaining tasks 39)
2025-04-21 22:36:11,677 [DEBUG]  		found 1 col clusters (in 0.45239 secs)
2025-04-21 22:36:11,677 [DEBUG]  OP: Operation.NAIVE_FACTORIZATION on slice (51, 11) (remaining tasks 39)
2025-04-21 22:36:11,683 [DEBUG]  		naive factorization 11 columns (in 0.00571 secs)
2025-04-21 22:36:11,684 [DEBUG]  OP: Operation.NAIVE_FACTORIZATION on slice (62, 11) (remaining tasks 38)
2025-04-21 22:36:11,688 [DEBUG]  		naive factorization 11 columns (in 0.00463 secs)
2025-04-21 22:36:11,689 [DEBUG]  OP: Operation.SPLIT_COLUMNS on slice (253, 11) (remaining tasks 37)
2025-04-21 22:36:13,317 [DEBUG]  		found 1 col clusters (in 1.62738 secs)
2025-04-21 22:36:13,317 [DEBUG]  OP: Operation.SPLIT_COLUMNS on slice (229, 11) (remaining tasks 37)
2025-04-21 22:36:15,012 [DEBUG]  		found 1 col clusters (in 1.69506 secs)
2025-04-21 22:36:15,013 [DEBUG]  OP: Operation.SPLIT_COLUMNS on slice (290, 11) (remaining tasks 37)
2025-04-21 22:36:17,070 [DEBUG]  		found 1 col clusters (in 2.05759 secs)
2025-04-21 22:36:17,071 [DEBUG]  OP: Operation.SPLIT_COLUMNS on slice (213, 11) (remaining tasks 37)
2025-04-21 22:36:18,350 [DEBUG]  		found 1 col clusters (in 1.27954 secs)
2025-04-21 22:36:18,351 [DEBUG]  OP: Operation.SPLIT_COLUMNS on slice (399, 11) (remaining tasks 37)
2025-04-21 22:36:20,032 [DEBUG]  		found 1 col clusters (in 1.68078 secs)
2025-04-21 22:36:20,033 [DEBUG]  OP: Operation.SPLIT_COLUMNS on slice (447, 11) (remaining tasks 37)
2025-04-21 22:36:21,875 [DEBUG]  		found 1 col clusters (in 1.84204 secs)
2025-04-21 22:36:21,876 [DEBUG]  OP: Operation.SPLIT_COLUMNS on slice (349, 11) (remaining tasks 37)
2025-04-21 22:36:24,034 [DEBUG]  		found 1 col clusters (in 2.15845 secs)
2025-04-21 22:36:24,035 [DEBUG]  OP: Operation.SPLIT_COLUMNS on slice (497, 11) (remaining tasks 37)
2025-04-21 22:36:26,020 [DEBUG]  		found 1 col clusters (in 1.98474 secs)
2025-04-21 22:36:26,021 [DEBUG]  OP: Operation.SPLIT_ROWS on slice (492, 10) (remaining tasks 37)
2025-04-21 22:36:26,175 [DEBUG]  		found 2 row clusters (in 0.15356 secs)
2025-04-21 22:36:26,175 [DEBUG]  OP: Operation.NAIVE_FACTORIZATION on slice (60, 11) (remaining tasks 38)
2025-04-21 22:36:26,177 [DEBUG]  		naive factorization 11 columns (in 0.00227 secs)
2025-04-21 22:36:26,178 [DEBUG]  OP: Operation.NAIVE_FACTORIZATION on slice (45, 11) (remaining tasks 37)
2025-04-21 22:36:26,180 [DEBUG]  		naive factorization 11 columns (in 0.00226 secs)
2025-04-21 22:36:26,180 [DEBUG]  OP: Operation.SPLIT_COLUMNS on slice (147, 11) (remaining tasks 36)
2025-04-21 22:36:26,493 [DEBUG]  		found 1 col clusters (in 0.31274 secs)
2025-04-21 22:36:26,493 [DEBUG]  OP: Operation.SPLIT_COLUMNS on slice (200, 11) (remaining tasks 36)
2025-04-21 22:36:28,020 [DEBUG]  		found 1 col clusters (in 1.52669 secs)
2025-04-21 22:36:28,021 [DEBUG]  OP: Operation.NAIVE_FACTORIZATION on slice (24, 11) (remaining tasks 36)
2025-04-21 22:36:28,027 [DEBUG]  		naive factorization 11 columns (in 0.00588 secs)
2025-04-21 22:36:28,027 [DEBUG]  OP: Operation.NAIVE_FACTORIZATION on slice (60, 11) (remaining tasks 35)
2025-04-21 22:36:28,032 [DEBUG]  		naive factorization 11 columns (in 0.00521 secs)
2025-04-21 22:36:28,033 [DEBUG]  OP: Operation.SPLIT_COLUMNS on slice (82, 11) (remaining tasks 34)
2025-04-21 22:36:28,359 [DEBUG]  		found 1 col clusters (in 0.32630 secs)
2025-04-21 22:36:28,360 [DEBUG]  OP: Operation.NAIVE_FACTORIZATION on slice (2, 11) (remaining tasks 34)
2025-04-21 22:36:28,363 [DEBUG]  		naive factorization 11 columns (in 0.00342 secs)
2025-04-21 22:36:28,364 [DEBUG]  OP: Operation.SPLIT_COLUMNS on slice (116, 11) (remaining tasks 33)
2025-04-21 22:36:28,580 [DEBUG]  		found 1 col clusters (in 0.21582 secs)
2025-04-21 22:36:28,581 [DEBUG]  OP: Operation.NAIVE_FACTORIZATION on slice (23, 11) (remaining tasks 33)
2025-04-21 22:36:28,585 [DEBUG]  		naive factorization 11 columns (in 0.00380 secs)
2025-04-21 22:36:28,585 [DEBUG]  OP: Operation.NAIVE_FACTORIZATION on slice (48, 11) (remaining tasks 32)
2025-04-21 22:36:28,589 [DEBUG]  		naive factorization 11 columns (in 0.00373 secs)
2025-04-21 22:36:28,589 [DEBUG]  OP: Operation.NAIVE_FACTORIZATION on slice (32, 11) (remaining tasks 31)
2025-04-21 22:36:28,593 [DEBUG]  		naive factorization 11 columns (in 0.00370 secs)
2025-04-21 22:36:28,594 [DEBUG]  OP: Operation.SPLIT_COLUMNS on slice (85, 11) (remaining tasks 30)
2025-04-21 22:36:28,918 [DEBUG]  		found 1 col clusters (in 0.32430 secs)
2025-04-21 22:36:28,919 [DEBUG]  OP: Operation.NAIVE_FACTORIZATION on slice (75, 11) (remaining tasks 30)
2025-04-21 22:36:28,924 [DEBUG]  		naive factorization 11 columns (in 0.00458 secs)
2025-04-21 22:36:28,924 [DEBUG]  OP: Operation.NAIVE_FACTORIZATION on slice (52, 11) (remaining tasks 29)
2025-04-21 22:36:28,929 [DEBUG]  		naive factorization 11 columns (in 0.00487 secs)
2025-04-21 22:36:28,930 [DEBUG]  OP: Operation.NAIVE_FACTORIZATION on slice (28, 11) (remaining tasks 28)
2025-04-21 22:36:28,934 [DEBUG]  		naive factorization 11 columns (in 0.00367 secs)
2025-04-21 22:36:28,934 [DEBUG]  OP: Operation.SPLIT_ROWS on slice (155, 11) (remaining tasks 27)
2025-04-21 22:36:28,993 [DEBUG]  		found 2 row clusters (in 0.05871 secs)
2025-04-21 22:36:28,994 [DEBUG]  OP: Operation.SPLIT_ROWS on slice (78, 11) (remaining tasks 28)
2025-04-21 22:36:29,027 [DEBUG]  		found 2 row clusters (in 0.03301 secs)
2025-04-21 22:36:29,027 [DEBUG]  OP: Operation.SPLIT_ROWS on slice (83, 11) (remaining tasks 29)
2025-04-21 22:36:29,050 [DEBUG]  		found 2 row clusters (in 0.02231 secs)
2025-04-21 22:36:29,050 [DEBUG]  OP: Operation.SPLIT_ROWS on slice (89, 11) (remaining tasks 30)
2025-04-21 22:36:29,068 [DEBUG]  		found 2 row clusters (in 0.01829 secs)
2025-04-21 22:36:29,068 [DEBUG]  OP: Operation.SPLIT_ROWS on slice (167, 11) (remaining tasks 31)
2025-04-21 22:36:29,087 [DEBUG]  		found 2 row clusters (in 0.01867 secs)
2025-04-21 22:36:29,087 [DEBUG]  OP: Operation.SPLIT_ROWS on slice (110, 11) (remaining tasks 32)
2025-04-21 22:36:29,114 [DEBUG]  		found 2 row clusters (in 0.02625 secs)
2025-04-21 22:36:29,114 [DEBUG]  OP: Operation.SPLIT_ROWS on slice (106, 11) (remaining tasks 33)
2025-04-21 22:36:29,129 [DEBUG]  		found 2 row clusters (in 0.01538 secs)
2025-04-21 22:36:29,129 [DEBUG]  OP: Operation.SPLIT_COLUMNS on slice (684, 10) (remaining tasks 34)
2025-04-21 22:36:29,847 [DEBUG]  		found 1 col clusters (in 0.71762 secs)
2025-04-21 22:36:29,848 [DEBUG]  OP: Operation.CREATE_LEAF on slice (684, 1) (remaining tasks 34)
2025-04-21 22:36:29,848 [DEBUG]  		 created leaf IdentityNumericLeaf for scope=[6] (in 0.00043 secs)
2025-04-21 22:36:29,849 [DEBUG]  OP: Operation.SPLIT_ROWS on slice (206, 11) (remaining tasks 33)
2025-04-21 22:36:29,917 [DEBUG]  		found 2 row clusters (in 0.06776 secs)
2025-04-21 22:36:29,917 [DEBUG]  OP: Operation.SPLIT_ROWS on slice (193, 11) (remaining tasks 34)
2025-04-21 22:36:29,949 [DEBUG]  		found 2 row clusters (in 0.03217 secs)
2025-04-21 22:36:29,950 [DEBUG]  OP: Operation.SPLIT_ROWS on slice (432, 11) (remaining tasks 35)
2025-04-21 22:36:29,983 [DEBUG]  		found 2 row clusters (in 0.03344 secs)
2025-04-21 22:36:29,983 [DEBUG]  OP: Operation.SPLIT_ROWS on slice (166, 11) (remaining tasks 36)
2025-04-21 22:36:30,004 [DEBUG]  		found 2 row clusters (in 0.02011 secs)
2025-04-21 22:36:30,004 [DEBUG]  OP: Operation.SPLIT_ROWS on slice (253, 11) (remaining tasks 37)
2025-04-21 22:36:30,022 [DEBUG]  		found 2 row clusters (in 0.01776 secs)
2025-04-21 22:36:30,022 [DEBUG]  OP: Operation.SPLIT_ROWS on slice (229, 11) (remaining tasks 38)
2025-04-21 22:36:30,042 [DEBUG]  		found 2 row clusters (in 0.01990 secs)
2025-04-21 22:36:30,042 [DEBUG]  OP: Operation.SPLIT_ROWS on slice (290, 11) (remaining tasks 39)
2025-04-21 22:36:30,073 [DEBUG]  		found 2 row clusters (in 0.03117 secs)
2025-04-21 22:36:30,073 [DEBUG]  OP: Operation.SPLIT_ROWS on slice (213, 11) (remaining tasks 40)
2025-04-21 22:36:30,097 [DEBUG]  		found 2 row clusters (in 0.02324 secs)
2025-04-21 22:36:30,097 [DEBUG]  OP: Operation.SPLIT_ROWS on slice (399, 11) (remaining tasks 41)
2025-04-21 22:36:30,128 [DEBUG]  		found 2 row clusters (in 0.03118 secs)
2025-04-21 22:36:30,128 [DEBUG]  OP: Operation.SPLIT_ROWS on slice (447, 11) (remaining tasks 42)
2025-04-21 22:36:30,160 [DEBUG]  		found 2 row clusters (in 0.03160 secs)
2025-04-21 22:36:30,160 [DEBUG]  OP: Operation.SPLIT_ROWS on slice (349, 11) (remaining tasks 43)
2025-04-21 22:36:30,188 [DEBUG]  		found 2 row clusters (in 0.02760 secs)
2025-04-21 22:36:30,188 [DEBUG]  OP: Operation.SPLIT_ROWS on slice (497, 11) (remaining tasks 44)
2025-04-21 22:36:30,214 [DEBUG]  		found 2 row clusters (in 0.02606 secs)
2025-04-21 22:36:30,214 [DEBUG]  OP: Operation.SPLIT_COLUMNS on slice (324, 10) (remaining tasks 45)
2025-04-21 22:36:32,000 [DEBUG]  		found 1 col clusters (in 1.78586 secs)
2025-04-21 22:36:32,001 [DEBUG]  OP: Operation.SPLIT_COLUMNS on slice (168, 10) (remaining tasks 45)
2025-04-21 22:36:32,353 [DEBUG]  		found 1 col clusters (in 0.35187 secs)
2025-04-21 22:36:32,353 [DEBUG]  OP: Operation.SPLIT_ROWS on slice (147, 11) (remaining tasks 45)
2025-04-21 22:36:32,466 [DEBUG]  		found 2 row clusters (in 0.11286 secs)
2025-04-21 22:36:32,468 [DEBUG]  OP: Operation.SPLIT_ROWS on slice (200, 11) (remaining tasks 46)
2025-04-21 22:36:32,516 [DEBUG]  		found 2 row clusters (in 0.04760 secs)
2025-04-21 22:36:32,516 [DEBUG]  OP: Operation.SPLIT_ROWS on slice (82, 11) (remaining tasks 47)
2025-04-21 22:36:32,536 [DEBUG]  		found 2 row clusters (in 0.01947 secs)
2025-04-21 22:36:32,536 [DEBUG]  OP: Operation.SPLIT_ROWS on slice (116, 11) (remaining tasks 48)
2025-04-21 22:36:32,558 [DEBUG]  		found 2 row clusters (in 0.02129 secs)
2025-04-21 22:36:32,558 [DEBUG]  OP: Operation.SPLIT_ROWS on slice (85, 11) (remaining tasks 49)
2025-04-21 22:36:32,577 [DEBUG]  		found 2 row clusters (in 0.01924 secs)
2025-04-21 22:36:32,577 [DEBUG]  OP: Operation.NAIVE_FACTORIZATION on slice (53, 11) (remaining tasks 50)
2025-04-21 22:36:32,580 [DEBUG]  		naive factorization 11 columns (in 0.00290 secs)
2025-04-21 22:36:32,580 [DEBUG]  OP: Operation.SPLIT_COLUMNS on slice (102, 11) (remaining tasks 49)
2025-04-21 22:36:32,791 [DEBUG]  		found 1 col clusters (in 0.21097 secs)
2025-04-21 22:36:32,792 [DEBUG]  OP: Operation.NAIVE_FACTORIZATION on slice (73, 11) (remaining tasks 49)
2025-04-21 22:36:32,796 [DEBUG]  		naive factorization 11 columns (in 0.00399 secs)
2025-04-21 22:36:32,796 [DEBUG]  OP: Operation.NAIVE_FACTORIZATION on slice (5, 11) (remaining tasks 48)
2025-04-21 22:36:32,800 [DEBUG]  		naive factorization 11 columns (in 0.00323 secs)
2025-04-21 22:36:32,800 [DEBUG]  OP: Operation.NAIVE_FACTORIZATION on slice (72, 11) (remaining tasks 47)
2025-04-21 22:36:32,805 [DEBUG]  		naive factorization 11 columns (in 0.00444 secs)
2025-04-21 22:36:32,805 [DEBUG]  OP: Operation.NAIVE_FACTORIZATION on slice (11, 11) (remaining tasks 46)
2025-04-21 22:36:32,809 [DEBUG]  		naive factorization 11 columns (in 0.00323 secs)
2025-04-21 22:36:32,809 [DEBUG]  OP: Operation.NAIVE_FACTORIZATION on slice (45, 11) (remaining tasks 45)
2025-04-21 22:36:32,813 [DEBUG]  		naive factorization 11 columns (in 0.00373 secs)
2025-04-21 22:36:32,814 [DEBUG]  OP: Operation.NAIVE_FACTORIZATION on slice (44, 11) (remaining tasks 44)
2025-04-21 22:36:32,819 [DEBUG]  		naive factorization 11 columns (in 0.00486 secs)
2025-04-21 22:36:32,819 [DEBUG]  OP: Operation.SPLIT_COLUMNS on slice (96, 11) (remaining tasks 43)
2025-04-21 22:36:33,062 [DEBUG]  		found 1 col clusters (in 0.24274 secs)
2025-04-21 22:36:33,062 [DEBUG]  OP: Operation.NAIVE_FACTORIZATION on slice (71, 11) (remaining tasks 43)
2025-04-21 22:36:33,067 [DEBUG]  		naive factorization 11 columns (in 0.00404 secs)
2025-04-21 22:36:33,067 [DEBUG]  OP: Operation.NAIVE_FACTORIZATION on slice (40, 11) (remaining tasks 42)
2025-04-21 22:36:33,071 [DEBUG]  		naive factorization 11 columns (in 0.00360 secs)
2025-04-21 22:36:33,072 [DEBUG]  OP: Operation.NAIVE_FACTORIZATION on slice (70, 11) (remaining tasks 41)
2025-04-21 22:36:33,077 [DEBUG]  		naive factorization 11 columns (in 0.00507 secs)
2025-04-21 22:36:33,077 [DEBUG]  OP: Operation.NAIVE_FACTORIZATION on slice (42, 11) (remaining tasks 40)
2025-04-21 22:36:33,081 [DEBUG]  		naive factorization 11 columns (in 0.00372 secs)
2025-04-21 22:36:33,082 [DEBUG]  OP: Operation.NAIVE_FACTORIZATION on slice (64, 11) (remaining tasks 39)
2025-04-21 22:36:33,086 [DEBUG]  		naive factorization 11 columns (in 0.00412 secs)
2025-04-21 22:36:33,087 [DEBUG]  OP: Operation.SPLIT_ROWS on slice (684, 10) (remaining tasks 38)
2025-04-21 22:36:33,162 [DEBUG]  		found 2 row clusters (in 0.07509 secs)
2025-04-21 22:36:33,162 [DEBUG]  OP: Operation.SPLIT_COLUMNS on slice (136, 11) (remaining tasks 39)
2025-04-21 22:36:33,374 [DEBUG]  		found 1 col clusters (in 0.21200 secs)
2025-04-21 22:36:33,375 [DEBUG]  OP: Operation.NAIVE_FACTORIZATION on slice (70, 11) (remaining tasks 39)
2025-04-21 22:36:33,381 [DEBUG]  		naive factorization 11 columns (in 0.00566 secs)
2025-04-21 22:36:33,381 [DEBUG]  OP: Operation.SPLIT_COLUMNS on slice (165, 11) (remaining tasks 38)
2025-04-21 22:36:33,793 [DEBUG]  		found 1 col clusters (in 0.41173 secs)
2025-04-21 22:36:33,793 [DEBUG]  OP: Operation.NAIVE_FACTORIZATION on slice (28, 11) (remaining tasks 38)
2025-04-21 22:36:33,798 [DEBUG]  		naive factorization 11 columns (in 0.00449 secs)
2025-04-21 22:36:33,798 [DEBUG]  OP: Operation.SPLIT_COLUMNS on slice (221, 11) (remaining tasks 37)
2025-04-21 22:36:35,152 [DEBUG]  		found 1 col clusters (in 1.35320 secs)
2025-04-21 22:36:35,153 [DEBUG]  OP: Operation.SPLIT_COLUMNS on slice (211, 11) (remaining tasks 37)
2025-04-21 22:36:36,699 [DEBUG]  		found 1 col clusters (in 1.54659 secs)
2025-04-21 22:36:36,700 [DEBUG]  OP: Operation.NAIVE_FACTORIZATION on slice (21, 11) (remaining tasks 37)
2025-04-21 22:36:36,705 [DEBUG]  		naive factorization 11 columns (in 0.00488 secs)
2025-04-21 22:36:36,705 [DEBUG]  OP: Operation.SPLIT_COLUMNS on slice (145, 11) (remaining tasks 36)
2025-04-21 22:36:37,063 [DEBUG]  		found 1 col clusters (in 0.35797 secs)
2025-04-21 22:36:37,064 [DEBUG]  OP: Operation.SPLIT_COLUMNS on slice (108, 11) (remaining tasks 36)
2025-04-21 22:36:37,417 [DEBUG]  		found 1 col clusters (in 0.35341 secs)
2025-04-21 22:36:37,418 [DEBUG]  OP: Operation.SPLIT_COLUMNS on slice (145, 11) (remaining tasks 36)
2025-04-21 22:36:37,736 [DEBUG]  		found 1 col clusters (in 0.31761 secs)
2025-04-21 22:36:37,736 [DEBUG]  OP: Operation.SPLIT_COLUMNS on slice (102, 11) (remaining tasks 36)
2025-04-21 22:36:37,974 [DEBUG]  		found 1 col clusters (in 0.23711 secs)
2025-04-21 22:36:37,974 [DEBUG]  OP: Operation.SPLIT_COLUMNS on slice (127, 11) (remaining tasks 36)
2025-04-21 22:36:38,192 [DEBUG]  		found 1 col clusters (in 0.21772 secs)
2025-04-21 22:36:38,193 [DEBUG]  OP: Operation.SPLIT_COLUMNS on slice (126, 11) (remaining tasks 36)
2025-04-21 22:36:38,636 [DEBUG]  		found 1 col clusters (in 0.44276 secs)
2025-04-21 22:36:38,636 [DEBUG]  OP: Operation.SPLIT_COLUMNS on slice (164, 11) (remaining tasks 36)
2025-04-21 22:36:38,973 [DEBUG]  		found 1 col clusters (in 0.33634 secs)
2025-04-21 22:36:38,973 [DEBUG]  OP: Operation.SPLIT_COLUMNS on slice (117, 11) (remaining tasks 36)
2025-04-21 22:36:39,302 [DEBUG]  		found 1 col clusters (in 0.32848 secs)
2025-04-21 22:36:39,303 [DEBUG]  OP: Operation.SPLIT_COLUMNS on slice (96, 11) (remaining tasks 36)
2025-04-21 22:36:39,522 [DEBUG]  		found 1 col clusters (in 0.21893 secs)
2025-04-21 22:36:39,522 [DEBUG]  OP: Operation.SPLIT_COLUMNS on slice (174, 11) (remaining tasks 36)
2025-04-21 22:36:39,844 [DEBUG]  		found 1 col clusters (in 0.32168 secs)
2025-04-21 22:36:39,845 [DEBUG]  OP: Operation.SPLIT_COLUMNS on slice (225, 11) (remaining tasks 36)
2025-04-21 22:36:41,391 [DEBUG]  		found 1 col clusters (in 1.54619 secs)
2025-04-21 22:36:41,391 [DEBUG]  OP: Operation.SPLIT_COLUMNS on slice (231, 11) (remaining tasks 36)
2025-04-21 22:36:43,141 [DEBUG]  		found 1 col clusters (in 1.74980 secs)
2025-04-21 22:36:43,142 [DEBUG]  OP: Operation.SPLIT_COLUMNS on slice (216, 11) (remaining tasks 36)
2025-04-21 22:36:44,513 [DEBUG]  		found 1 col clusters (in 1.37100 secs)
2025-04-21 22:36:44,514 [DEBUG]  OP: Operation.NAIVE_FACTORIZATION on slice (22, 11) (remaining tasks 36)
2025-04-21 22:36:44,519 [DEBUG]  		naive factorization 11 columns (in 0.00508 secs)
2025-04-21 22:36:44,519 [DEBUG]  OP: Operation.SPLIT_COLUMNS on slice (327, 11) (remaining tasks 35)
2025-04-21 22:36:46,226 [DEBUG]  		found 1 col clusters (in 1.70685 secs)
2025-04-21 22:36:46,227 [DEBUG]  OP: Operation.SPLIT_COLUMNS on slice (322, 11) (remaining tasks 35)
2025-04-21 22:36:48,060 [DEBUG]  		found 1 col clusters (in 1.83308 secs)
2025-04-21 22:36:48,061 [DEBUG]  OP: Operation.SPLIT_COLUMNS on slice (175, 11) (remaining tasks 35)
2025-04-21 22:36:48,434 [DEBUG]  		found 1 col clusters (in 0.37357 secs)
2025-04-21 22:36:48,435 [DEBUG]  OP: Operation.SPLIT_ROWS on slice (324, 10) (remaining tasks 35)
2025-04-21 22:36:48,509 [DEBUG]  		found 2 row clusters (in 0.07381 secs)
2025-04-21 22:36:48,509 [DEBUG]  OP: Operation.SPLIT_ROWS on slice (168, 10) (remaining tasks 36)
2025-04-21 22:36:48,537 [DEBUG]  		found 2 row clusters (in 0.02772 secs)
2025-04-21 22:36:48,537 [DEBUG]  OP: Operation.NAIVE_FACTORIZATION on slice (61, 11) (remaining tasks 37)
2025-04-21 22:36:48,541 [DEBUG]  		naive factorization 11 columns (in 0.00366 secs)
2025-04-21 22:36:48,541 [DEBUG]  OP: Operation.SPLIT_COLUMNS on slice (86, 11) (remaining tasks 36)
2025-04-21 22:36:48,753 [DEBUG]  		found 1 col clusters (in 0.21159 secs)
2025-04-21 22:36:48,754 [DEBUG]  OP: Operation.SPLIT_COLUMNS on slice (93, 11) (remaining tasks 36)
2025-04-21 22:36:48,980 [DEBUG]  		found 1 col clusters (in 0.22612 secs)
2025-04-21 22:36:48,980 [DEBUG]  OP: Operation.SPLIT_COLUMNS on slice (107, 11) (remaining tasks 36)
2025-04-21 22:36:49,204 [DEBUG]  		found 1 col clusters (in 0.22323 secs)
2025-04-21 22:36:49,204 [DEBUG]  OP: Operation.NAIVE_FACTORIZATION on slice (21, 11) (remaining tasks 36)
2025-04-21 22:36:49,208 [DEBUG]  		naive factorization 11 columns (in 0.00378 secs)
2025-04-21 22:36:49,209 [DEBUG]  OP: Operation.NAIVE_FACTORIZATION on slice (61, 11) (remaining tasks 35)
2025-04-21 22:36:49,213 [DEBUG]  		naive factorization 11 columns (in 0.00385 secs)
2025-04-21 22:36:49,213 [DEBUG]  OP: Operation.NAIVE_FACTORIZATION on slice (57, 11) (remaining tasks 34)
2025-04-21 22:36:49,218 [DEBUG]  		naive factorization 11 columns (in 0.00405 secs)
2025-04-21 22:36:49,218 [DEBUG]  OP: Operation.NAIVE_FACTORIZATION on slice (59, 11) (remaining tasks 33)
2025-04-21 22:36:49,223 [DEBUG]  		naive factorization 11 columns (in 0.00420 secs)
2025-04-21 22:36:49,223 [DEBUG]  OP: Operation.NAIVE_FACTORIZATION on slice (67, 11) (remaining tasks 32)
2025-04-21 22:36:49,227 [DEBUG]  		naive factorization 11 columns (in 0.00403 secs)
2025-04-21 22:36:49,228 [DEBUG]  OP: Operation.NAIVE_FACTORIZATION on slice (18, 11) (remaining tasks 31)
2025-04-21 22:36:49,232 [DEBUG]  		naive factorization 11 columns (in 0.00360 secs)
2025-04-21 22:36:49,232 [DEBUG]  OP: Operation.SPLIT_ROWS on slice (102, 11) (remaining tasks 30)
2025-04-21 22:36:49,279 [DEBUG]  		found 2 row clusters (in 0.04627 secs)
2025-04-21 22:36:49,279 [DEBUG]  OP: Operation.SPLIT_ROWS on slice (96, 11) (remaining tasks 31)
2025-04-21 22:36:49,314 [DEBUG]  		found 2 row clusters (in 0.03449 secs)
2025-04-21 22:36:49,314 [DEBUG]  OP: Operation.SPLIT_COLUMNS on slice (323, 10) (remaining tasks 32)
2025-04-21 22:36:50,797 [DEBUG]  		found 1 col clusters (in 1.48233 secs)
2025-04-21 22:36:50,797 [DEBUG]  OP: Operation.SPLIT_COLUMNS on slice (361, 10) (remaining tasks 32)
2025-04-21 22:36:52,356 [DEBUG]  		found 1 col clusters (in 1.55860 secs)
2025-04-21 22:36:52,356 [DEBUG]  OP: Operation.SPLIT_ROWS on slice (136, 11) (remaining tasks 32)
2025-04-21 22:36:52,461 [DEBUG]  		found 2 row clusters (in 0.10414 secs)
2025-04-21 22:36:52,461 [DEBUG]  OP: Operation.SPLIT_ROWS on slice (165, 11) (remaining tasks 33)
2025-04-21 22:36:52,490 [DEBUG]  		found 2 row clusters (in 0.02868 secs)
2025-04-21 22:36:52,490 [DEBUG]  OP: Operation.SPLIT_ROWS on slice (221, 11) (remaining tasks 34)
2025-04-21 22:36:52,514 [DEBUG]  		found 2 row clusters (in 0.02356 secs)
2025-04-21 22:36:52,514 [DEBUG]  OP: Operation.SPLIT_ROWS on slice (211, 11) (remaining tasks 35)
2025-04-21 22:36:52,537 [DEBUG]  		found 2 row clusters (in 0.02325 secs)
2025-04-21 22:36:52,537 [DEBUG]  OP: Operation.SPLIT_ROWS on slice (145, 11) (remaining tasks 36)
2025-04-21 22:36:52,552 [DEBUG]  		found 2 row clusters (in 0.01474 secs)
2025-04-21 22:36:52,552 [DEBUG]  OP: Operation.SPLIT_ROWS on slice (108, 11) (remaining tasks 37)
2025-04-21 22:36:52,571 [DEBUG]  		found 2 row clusters (in 0.01888 secs)
2025-04-21 22:36:52,571 [DEBUG]  OP: Operation.SPLIT_ROWS on slice (145, 11) (remaining tasks 38)
2025-04-21 22:36:52,590 [DEBUG]  		found 2 row clusters (in 0.01813 secs)
2025-04-21 22:36:52,590 [DEBUG]  OP: Operation.SPLIT_ROWS on slice (102, 11) (remaining tasks 39)
2025-04-21 22:36:52,602 [DEBUG]  		found 2 row clusters (in 0.01200 secs)
2025-04-21 22:36:52,602 [DEBUG]  OP: Operation.SPLIT_ROWS on slice (127, 11) (remaining tasks 40)
2025-04-21 22:36:52,619 [DEBUG]  		found 2 row clusters (in 0.01717 secs)
2025-04-21 22:36:52,620 [DEBUG]  OP: Operation.SPLIT_ROWS on slice (126, 11) (remaining tasks 41)
2025-04-21 22:36:52,633 [DEBUG]  		found 2 row clusters (in 0.01384 secs)
2025-04-21 22:36:52,634 [DEBUG]  OP: Operation.SPLIT_ROWS on slice (164, 11) (remaining tasks 42)
2025-04-21 22:36:52,652 [DEBUG]  		found 2 row clusters (in 0.01810 secs)
2025-04-21 22:36:52,652 [DEBUG]  OP: Operation.SPLIT_ROWS on slice (117, 11) (remaining tasks 43)
2025-04-21 22:36:52,669 [DEBUG]  		found 2 row clusters (in 0.01658 secs)
2025-04-21 22:36:52,669 [DEBUG]  OP: Operation.SPLIT_ROWS on slice (96, 11) (remaining tasks 44)
2025-04-21 22:36:52,686 [DEBUG]  		found 2 row clusters (in 0.01725 secs)
2025-04-21 22:36:52,686 [DEBUG]  OP: Operation.SPLIT_ROWS on slice (174, 11) (remaining tasks 45)
2025-04-21 22:36:52,711 [DEBUG]  		found 2 row clusters (in 0.02430 secs)
2025-04-21 22:36:52,711 [DEBUG]  OP: Operation.SPLIT_ROWS on slice (225, 11) (remaining tasks 46)
2025-04-21 22:36:52,734 [DEBUG]  		found 2 row clusters (in 0.02275 secs)
2025-04-21 22:36:52,734 [DEBUG]  OP: Operation.SPLIT_ROWS on slice (231, 11) (remaining tasks 47)
2025-04-21 22:36:52,755 [DEBUG]  		found 2 row clusters (in 0.02139 secs)
2025-04-21 22:36:52,756 [DEBUG]  OP: Operation.SPLIT_ROWS on slice (216, 11) (remaining tasks 48)
2025-04-21 22:36:52,776 [DEBUG]  		found 2 row clusters (in 0.02076 secs)
2025-04-21 22:36:52,777 [DEBUG]  OP: Operation.SPLIT_ROWS on slice (327, 11) (remaining tasks 49)
2025-04-21 22:36:52,801 [DEBUG]  		found 2 row clusters (in 0.02429 secs)
2025-04-21 22:36:52,801 [DEBUG]  OP: Operation.SPLIT_ROWS on slice (322, 11) (remaining tasks 50)
2025-04-21 22:36:52,824 [DEBUG]  		found 2 row clusters (in 0.02291 secs)
2025-04-21 22:36:52,824 [DEBUG]  OP: Operation.SPLIT_ROWS on slice (175, 11) (remaining tasks 51)
2025-04-21 22:36:52,841 [DEBUG]  		found 2 row clusters (in 0.01687 secs)
2025-04-21 22:36:52,841 [DEBUG]  OP: Operation.SPLIT_COLUMNS on slice (141, 10) (remaining tasks 52)
2025-04-21 22:36:53,055 [DEBUG]  		found 1 col clusters (in 0.21367 secs)
2025-04-21 22:36:53,056 [DEBUG]  OP: Operation.SPLIT_COLUMNS on slice (183, 10) (remaining tasks 52)
2025-04-21 22:36:53,352 [DEBUG]  		found 1 col clusters (in 0.29594 secs)
2025-04-21 22:36:53,352 [DEBUG]  OP: Operation.SPLIT_COLUMNS on slice (117, 10) (remaining tasks 52)
2025-04-21 22:36:53,678 [DEBUG]  		found 1 col clusters (in 0.32562 secs)
2025-04-21 22:36:53,678 [DEBUG]  OP: Operation.NAIVE_FACTORIZATION on slice (51, 10) (remaining tasks 52)
2025-04-21 22:36:53,682 [DEBUG]  		naive factorization 10 columns (in 0.00395 secs)
2025-04-21 22:36:53,683 [DEBUG]  OP: Operation.SPLIT_ROWS on slice (86, 11) (remaining tasks 51)
2025-04-21 22:36:53,732 [DEBUG]  		found 2 row clusters (in 0.04842 secs)
2025-04-21 22:36:53,732 [DEBUG]  OP: Operation.SPLIT_ROWS on slice (93, 11) (remaining tasks 52)
2025-04-21 22:36:53,760 [DEBUG]  		found 2 row clusters (in 0.02793 secs)
2025-04-21 22:36:53,760 [DEBUG]  OP: Operation.SPLIT_ROWS on slice (107, 11) (remaining tasks 53)
2025-04-21 22:36:53,788 [DEBUG]  		found 2 row clusters (in 0.02763 secs)
2025-04-21 22:36:53,788 [DEBUG]  OP: Operation.NAIVE_FACTORIZATION on slice (48, 11) (remaining tasks 54)
2025-04-21 22:36:53,792 [DEBUG]  		naive factorization 11 columns (in 0.00392 secs)
2025-04-21 22:36:53,793 [DEBUG]  OP: Operation.NAIVE_FACTORIZATION on slice (54, 11) (remaining tasks 53)
2025-04-21 22:36:53,797 [DEBUG]  		naive factorization 11 columns (in 0.00388 secs)
2025-04-21 22:36:53,797 [DEBUG]  OP: Operation.NAIVE_FACTORIZATION on slice (44, 11) (remaining tasks 52)
2025-04-21 22:36:53,801 [DEBUG]  		naive factorization 11 columns (in 0.00374 secs)
2025-04-21 22:36:53,802 [DEBUG]  OP: Operation.NAIVE_FACTORIZATION on slice (52, 11) (remaining tasks 51)
2025-04-21 22:36:53,806 [DEBUG]  		naive factorization 11 columns (in 0.00388 secs)
2025-04-21 22:36:53,806 [DEBUG]  OP: Operation.SPLIT_ROWS on slice (323, 10) (remaining tasks 50)
2025-04-21 22:36:53,857 [DEBUG]  		found 2 row clusters (in 0.05049 secs)
2025-04-21 22:36:53,857 [DEBUG]  OP: Operation.SPLIT_ROWS on slice (361, 10) (remaining tasks 51)
2025-04-21 22:36:53,887 [DEBUG]  		found 2 row clusters (in 0.02931 secs)
2025-04-21 22:36:53,887 [DEBUG]  OP: Operation.NAIVE_FACTORIZATION on slice (70, 11) (remaining tasks 52)
2025-04-21 22:36:53,891 [DEBUG]  		naive factorization 11 columns (in 0.00396 secs)
2025-04-21 22:36:53,891 [DEBUG]  OP: Operation.NAIVE_FACTORIZATION on slice (66, 11) (remaining tasks 51)
2025-04-21 22:36:53,895 [DEBUG]  		naive factorization 11 columns (in 0.00399 secs)
2025-04-21 22:36:53,896 [DEBUG]  OP: Operation.NAIVE_FACTORIZATION on slice (19, 11) (remaining tasks 50)
2025-04-21 22:36:53,899 [DEBUG]  		naive factorization 11 columns (in 0.00354 secs)
2025-04-21 22:36:53,900 [DEBUG]  OP: Operation.SPLIT_COLUMNS on slice (146, 11) (remaining tasks 49)
2025-04-21 22:36:54,116 [DEBUG]  		found 1 col clusters (in 0.21626 secs)
2025-04-21 22:36:54,116 [DEBUG]  OP: Operation.SPLIT_COLUMNS on slice (215, 11) (remaining tasks 49)
2025-04-21 22:36:55,858 [DEBUG]  		found 1 col clusters (in 1.74111 secs)
2025-04-21 22:36:55,858 [DEBUG]  OP: Operation.NAIVE_FACTORIZATION on slice (6, 11) (remaining tasks 49)
2025-04-21 22:36:55,863 [DEBUG]  		naive factorization 11 columns (in 0.00473 secs)
2025-04-21 22:36:55,864 [DEBUG]  OP: Operation.SPLIT_COLUMNS on slice (169, 11) (remaining tasks 48)
2025-04-21 22:36:56,273 [DEBUG]  		found 1 col clusters (in 0.40949 secs)
2025-04-21 22:36:56,274 [DEBUG]  OP: Operation.NAIVE_FACTORIZATION on slice (42, 11) (remaining tasks 48)
2025-04-21 22:36:56,277 [DEBUG]  		naive factorization 11 columns (in 0.00317 secs)
2025-04-21 22:36:56,278 [DEBUG]  OP: Operation.NAIVE_FACTORIZATION on slice (50, 11) (remaining tasks 47)
2025-04-21 22:36:56,284 [DEBUG]  		naive factorization 11 columns (in 0.00627 secs)
2025-04-21 22:36:56,284 [DEBUG]  OP: Operation.SPLIT_COLUMNS on slice (95, 11) (remaining tasks 46)
2025-04-21 22:36:56,547 [DEBUG]  		found 1 col clusters (in 0.26203 secs)
2025-04-21 22:36:56,547 [DEBUG]  OP: Operation.NAIVE_FACTORIZATION on slice (67, 11) (remaining tasks 46)
2025-04-21 22:36:56,552 [DEBUG]  		naive factorization 11 columns (in 0.00500 secs)
2025-04-21 22:36:56,553 [DEBUG]  OP: Operation.NAIVE_FACTORIZATION on slice (41, 11) (remaining tasks 45)
2025-04-21 22:36:56,558 [DEBUG]  		naive factorization 11 columns (in 0.00538 secs)
2025-04-21 22:36:56,559 [DEBUG]  OP: Operation.SPLIT_COLUMNS on slice (80, 11) (remaining tasks 44)
2025-04-21 22:36:56,784 [DEBUG]  		found 1 col clusters (in 0.22506 secs)
2025-04-21 22:36:56,785 [DEBUG]  OP: Operation.NAIVE_FACTORIZATION on slice (65, 11) (remaining tasks 44)
2025-04-21 22:36:56,790 [DEBUG]  		naive factorization 11 columns (in 0.00444 secs)
2025-04-21 22:36:56,790 [DEBUG]  OP: Operation.SPLIT_COLUMNS on slice (79, 11) (remaining tasks 43)
2025-04-21 22:36:57,005 [DEBUG]  		found 1 col clusters (in 0.21493 secs)
2025-04-21 22:36:57,006 [DEBUG]  OP: Operation.NAIVE_FACTORIZATION on slice (23, 11) (remaining tasks 43)
2025-04-21 22:36:57,010 [DEBUG]  		naive factorization 11 columns (in 0.00383 secs)
2025-04-21 22:36:57,010 [DEBUG]  OP: Operation.SPLIT_COLUMNS on slice (119, 11) (remaining tasks 42)
2025-04-21 22:36:57,228 [DEBUG]  		found 1 col clusters (in 0.21732 secs)
2025-04-21 22:36:57,228 [DEBUG]  OP: Operation.NAIVE_FACTORIZATION on slice (8, 11) (remaining tasks 42)
2025-04-21 22:36:57,232 [DEBUG]  		naive factorization 11 columns (in 0.00408 secs)
2025-04-21 22:36:57,233 [DEBUG]  OP: Operation.SPLIT_COLUMNS on slice (123, 11) (remaining tasks 41)
2025-04-21 22:36:57,450 [DEBUG]  		found 1 col clusters (in 0.21674 secs)
2025-04-21 22:36:57,450 [DEBUG]  OP: Operation.NAIVE_FACTORIZATION on slice (3, 11) (remaining tasks 41)
2025-04-21 22:36:57,454 [DEBUG]  		naive factorization 11 columns (in 0.00361 secs)
2025-04-21 22:36:57,455 [DEBUG]  OP: Operation.NAIVE_FACTORIZATION on slice (69, 11) (remaining tasks 40)
2025-04-21 22:36:57,459 [DEBUG]  		naive factorization 11 columns (in 0.00402 secs)
2025-04-21 22:36:57,459 [DEBUG]  OP: Operation.SPLIT_COLUMNS on slice (95, 11) (remaining tasks 39)
2025-04-21 22:36:57,687 [DEBUG]  		found 1 col clusters (in 0.22725 secs)
2025-04-21 22:36:57,687 [DEBUG]  OP: Operation.NAIVE_FACTORIZATION on slice (18, 11) (remaining tasks 39)
2025-04-21 22:36:57,692 [DEBUG]  		naive factorization 11 columns (in 0.00435 secs)
2025-04-21 22:36:57,693 [DEBUG]  OP: Operation.SPLIT_COLUMNS on slice (99, 11) (remaining tasks 38)
2025-04-21 22:36:57,910 [DEBUG]  		found 1 col clusters (in 0.21764 secs)
2025-04-21 22:36:57,911 [DEBUG]  OP: Operation.NAIVE_FACTORIZATION on slice (49, 11) (remaining tasks 38)
2025-04-21 22:36:57,916 [DEBUG]  		naive factorization 11 columns (in 0.00474 secs)
2025-04-21 22:36:57,916 [DEBUG]  OP: Operation.NAIVE_FACTORIZATION on slice (47, 11) (remaining tasks 37)
2025-04-21 22:36:57,921 [DEBUG]  		naive factorization 11 columns (in 0.00436 secs)
2025-04-21 22:36:57,921 [DEBUG]  OP: Operation.SPLIT_COLUMNS on slice (157, 11) (remaining tasks 36)
2025-04-21 22:36:58,242 [DEBUG]  		found 1 col clusters (in 0.32082 secs)
2025-04-21 22:36:58,243 [DEBUG]  OP: Operation.NAIVE_FACTORIZATION on slice (17, 11) (remaining tasks 36)
2025-04-21 22:36:58,246 [DEBUG]  		naive factorization 11 columns (in 0.00334 secs)
2025-04-21 22:36:58,247 [DEBUG]  OP: Operation.SPLIT_COLUMNS on slice (138, 11) (remaining tasks 35)
2025-04-21 22:36:58,627 [DEBUG]  		found 1 col clusters (in 0.37978 secs)
2025-04-21 22:36:58,627 [DEBUG]  OP: Operation.SPLIT_COLUMNS on slice (87, 11) (remaining tasks 35)
2025-04-21 22:36:58,882 [DEBUG]  		found 1 col clusters (in 0.25479 secs)
2025-04-21 22:36:58,882 [DEBUG]  OP: Operation.SPLIT_COLUMNS on slice (115, 11) (remaining tasks 35)
2025-04-21 22:36:59,104 [DEBUG]  		found 1 col clusters (in 0.22166 secs)
2025-04-21 22:36:59,105 [DEBUG]  OP: Operation.SPLIT_COLUMNS on slice (116, 11) (remaining tasks 35)
2025-04-21 22:36:59,320 [DEBUG]  		found 1 col clusters (in 0.21524 secs)
2025-04-21 22:36:59,321 [DEBUG]  OP: Operation.SPLIT_COLUMNS on slice (187, 11) (remaining tasks 35)
2025-04-21 22:36:59,643 [DEBUG]  		found 1 col clusters (in 0.32238 secs)
2025-04-21 22:36:59,644 [DEBUG]  OP: Operation.NAIVE_FACTORIZATION on slice (29, 11) (remaining tasks 35)
2025-04-21 22:36:59,650 [DEBUG]  		naive factorization 11 columns (in 0.00548 secs)
2025-04-21 22:36:59,650 [DEBUG]  OP: Operation.SPLIT_COLUMNS on slice (214, 11) (remaining tasks 34)
2025-04-21 22:37:01,213 [DEBUG]  		found 1 col clusters (in 1.56243 secs)
2025-04-21 22:37:01,213 [DEBUG]  OP: Operation.SPLIT_COLUMNS on slice (113, 11) (remaining tasks 34)
2025-04-21 22:37:01,541 [DEBUG]  		found 1 col clusters (in 0.32736 secs)
2025-04-21 22:37:01,541 [DEBUG]  OP: Operation.SPLIT_COLUMNS on slice (170, 11) (remaining tasks 34)
2025-04-21 22:37:01,853 [DEBUG]  		found 1 col clusters (in 0.31158 secs)
2025-04-21 22:37:01,854 [DEBUG]  OP: Operation.SPLIT_COLUMNS on slice (152, 11) (remaining tasks 34)
2025-04-21 22:37:02,087 [DEBUG]  		found 1 col clusters (in 0.23300 secs)
2025-04-21 22:37:02,087 [DEBUG]  OP: Operation.SPLIT_COLUMNS on slice (77, 11) (remaining tasks 34)
2025-04-21 22:37:02,432 [DEBUG]  		found 1 col clusters (in 0.34448 secs)
2025-04-21 22:37:02,432 [DEBUG]  OP: Operation.SPLIT_COLUMNS on slice (98, 11) (remaining tasks 34)
2025-04-21 22:37:02,654 [DEBUG]  		found 1 col clusters (in 0.22153 secs)
2025-04-21 22:37:02,655 [DEBUG]  OP: Operation.SPLIT_ROWS on slice (141, 10) (remaining tasks 34)
2025-04-21 22:37:02,721 [DEBUG]  		found 2 row clusters (in 0.06620 secs)
2025-04-21 22:37:02,721 [DEBUG]  OP: Operation.SPLIT_ROWS on slice (183, 10) (remaining tasks 35)
2025-04-21 22:37:02,762 [DEBUG]  		found 2 row clusters (in 0.04062 secs)
2025-04-21 22:37:02,762 [DEBUG]  OP: Operation.SPLIT_ROWS on slice (117, 10) (remaining tasks 36)
2025-04-21 22:37:02,788 [DEBUG]  		found 2 row clusters (in 0.02547 secs)
2025-04-21 22:37:02,788 [DEBUG]  OP: Operation.NAIVE_FACTORIZATION on slice (21, 11) (remaining tasks 37)
2025-04-21 22:37:02,792 [DEBUG]  		naive factorization 11 columns (in 0.00346 secs)
2025-04-21 22:37:02,792 [DEBUG]  OP: Operation.NAIVE_FACTORIZATION on slice (65, 11) (remaining tasks 36)
2025-04-21 22:37:02,796 [DEBUG]  		naive factorization 11 columns (in 0.00391 secs)
2025-04-21 22:37:02,797 [DEBUG]  OP: Operation.NAIVE_FACTORIZATION on slice (47, 11) (remaining tasks 35)
2025-04-21 22:37:02,802 [DEBUG]  		naive factorization 11 columns (in 0.00489 secs)
2025-04-21 22:37:02,802 [DEBUG]  OP: Operation.NAIVE_FACTORIZATION on slice (46, 11) (remaining tasks 34)
2025-04-21 22:37:02,807 [DEBUG]  		naive factorization 11 columns (in 0.00481 secs)
2025-04-21 22:37:02,807 [DEBUG]  OP: Operation.NAIVE_FACTORIZATION on slice (68, 11) (remaining tasks 33)
2025-04-21 22:37:02,812 [DEBUG]  		naive factorization 11 columns (in 0.00481 secs)
2025-04-21 22:37:02,813 [DEBUG]  OP: Operation.NAIVE_FACTORIZATION on slice (39, 11) (remaining tasks 32)
2025-04-21 22:37:02,816 [DEBUG]  		naive factorization 11 columns (in 0.00347 secs)
2025-04-21 22:37:02,817 [DEBUG]  OP: Operation.SPLIT_COLUMNS on slice (158, 10) (remaining tasks 31)
2025-04-21 22:37:03,032 [DEBUG]  		found 1 col clusters (in 0.21532 secs)
2025-04-21 22:37:03,033 [DEBUG]  OP: Operation.SPLIT_COLUMNS on slice (165, 10) (remaining tasks 31)
2025-04-21 22:37:03,357 [DEBUG]  		found 1 col clusters (in 0.32406 secs)
2025-04-21 22:37:03,357 [DEBUG]  OP: Operation.SPLIT_COLUMNS on slice (108, 10) (remaining tasks 31)
2025-04-21 22:37:03,678 [DEBUG]  		found 1 col clusters (in 0.32005 secs)
2025-04-21 22:37:03,678 [DEBUG]  OP: Operation.SPLIT_COLUMNS on slice (253, 10) (remaining tasks 31)
2025-04-21 22:37:05,103 [DEBUG]  		found 1 col clusters (in 1.42447 secs)
2025-04-21 22:37:05,103 [DEBUG]  OP: Operation.SPLIT_ROWS on slice (146, 11) (remaining tasks 31)
2025-04-21 22:37:05,181 [DEBUG]  		found 2 row clusters (in 0.07714 secs)
2025-04-21 22:37:05,181 [DEBUG]  OP: Operation.SPLIT_ROWS on slice (215, 11) (remaining tasks 32)
2025-04-21 22:37:05,211 [DEBUG]  		found 2 row clusters (in 0.03025 secs)
2025-04-21 22:37:05,212 [DEBUG]  OP: Operation.SPLIT_ROWS on slice (169, 11) (remaining tasks 33)
2025-04-21 22:37:05,239 [DEBUG]  		found 2 row clusters (in 0.02726 secs)
2025-04-21 22:37:05,239 [DEBUG]  OP: Operation.SPLIT_ROWS on slice (95, 11) (remaining tasks 34)
2025-04-21 22:37:05,257 [DEBUG]  		found 2 row clusters (in 0.01743 secs)
2025-04-21 22:37:05,257 [DEBUG]  OP: Operation.SPLIT_ROWS on slice (80, 11) (remaining tasks 35)
2025-04-21 22:37:05,272 [DEBUG]  		found 2 row clusters (in 0.01463 secs)
2025-04-21 22:37:05,272 [DEBUG]  OP: Operation.SPLIT_ROWS on slice (79, 11) (remaining tasks 36)
2025-04-21 22:37:05,289 [DEBUG]  		found 2 row clusters (in 0.01725 secs)
2025-04-21 22:37:05,289 [DEBUG]  OP: Operation.SPLIT_ROWS on slice (119, 11) (remaining tasks 37)
2025-04-21 22:37:05,313 [DEBUG]  		found 2 row clusters (in 0.02351 secs)
2025-04-21 22:37:05,313 [DEBUG]  OP: Operation.SPLIT_ROWS on slice (123, 11) (remaining tasks 38)
2025-04-21 22:37:05,330 [DEBUG]  		found 2 row clusters (in 0.01723 secs)
2025-04-21 22:37:05,331 [DEBUG]  OP: Operation.SPLIT_ROWS on slice (95, 11) (remaining tasks 39)
2025-04-21 22:37:05,347 [DEBUG]  		found 2 row clusters (in 0.01655 secs)
2025-04-21 22:37:05,347 [DEBUG]  OP: Operation.SPLIT_ROWS on slice (99, 11) (remaining tasks 40)
2025-04-21 22:37:05,367 [DEBUG]  		found 2 row clusters (in 0.01925 secs)
2025-04-21 22:37:05,367 [DEBUG]  OP: Operation.SPLIT_ROWS on slice (157, 11) (remaining tasks 41)
2025-04-21 22:37:05,385 [DEBUG]  		found 2 row clusters (in 0.01800 secs)
2025-04-21 22:37:05,385 [DEBUG]  OP: Operation.SPLIT_ROWS on slice (138, 11) (remaining tasks 42)
2025-04-21 22:37:05,403 [DEBUG]  		found 2 row clusters (in 0.01820 secs)
2025-04-21 22:37:05,404 [DEBUG]  OP: Operation.SPLIT_ROWS on slice (87, 11) (remaining tasks 43)
2025-04-21 22:37:05,419 [DEBUG]  		found 2 row clusters (in 0.01538 secs)
2025-04-21 22:37:05,419 [DEBUG]  OP: Operation.SPLIT_ROWS on slice (115, 11) (remaining tasks 44)
2025-04-21 22:37:05,437 [DEBUG]  		found 2 row clusters (in 0.01735 secs)
2025-04-21 22:37:05,437 [DEBUG]  OP: Operation.SPLIT_ROWS on slice (116, 11) (remaining tasks 45)
2025-04-21 22:37:05,450 [DEBUG]  		found 2 row clusters (in 0.01323 secs)
2025-04-21 22:37:05,450 [DEBUG]  OP: Operation.SPLIT_ROWS on slice (187, 11) (remaining tasks 46)
2025-04-21 22:37:05,479 [DEBUG]  		found 2 row clusters (in 0.02863 secs)
2025-04-21 22:37:05,479 [DEBUG]  OP: Operation.SPLIT_ROWS on slice (214, 11) (remaining tasks 47)
2025-04-21 22:37:05,508 [DEBUG]  		found 2 row clusters (in 0.02892 secs)
2025-04-21 22:37:05,508 [DEBUG]  OP: Operation.SPLIT_ROWS on slice (113, 11) (remaining tasks 48)
2025-04-21 22:37:05,526 [DEBUG]  		found 2 row clusters (in 0.01712 secs)
2025-04-21 22:37:05,526 [DEBUG]  OP: Operation.SPLIT_ROWS on slice (170, 11) (remaining tasks 49)
2025-04-21 22:37:05,546 [DEBUG]  		found 2 row clusters (in 0.01963 secs)
2025-04-21 22:37:05,546 [DEBUG]  OP: Operation.SPLIT_ROWS on slice (152, 11) (remaining tasks 50)
2025-04-21 22:37:05,565 [DEBUG]  		found 2 row clusters (in 0.01970 secs)
2025-04-21 22:37:05,566 [DEBUG]  OP: Operation.SPLIT_ROWS on slice (77, 11) (remaining tasks 51)
2025-04-21 22:37:05,580 [DEBUG]  		found 2 row clusters (in 0.01418 secs)
2025-04-21 22:37:05,580 [DEBUG]  OP: Operation.SPLIT_ROWS on slice (98, 11) (remaining tasks 52)
2025-04-21 22:37:05,595 [DEBUG]  		found 2 row clusters (in 0.01485 secs)
2025-04-21 22:37:05,595 [DEBUG]  OP: Operation.NAIVE_FACTORIZATION on slice (76, 10) (remaining tasks 53)
2025-04-21 22:37:05,600 [DEBUG]  		naive factorization 10 columns (in 0.00478 secs)
2025-04-21 22:37:05,600 [DEBUG]  OP: Operation.NAIVE_FACTORIZATION on slice (65, 10) (remaining tasks 52)
2025-04-21 22:37:05,605 [DEBUG]  		naive factorization 10 columns (in 0.00443 secs)
2025-04-21 22:37:05,605 [DEBUG]  OP: Operation.SPLIT_COLUMNS on slice (132, 10) (remaining tasks 51)
2025-04-21 22:37:05,816 [DEBUG]  		found 1 col clusters (in 0.21141 secs)
2025-04-21 22:37:05,817 [DEBUG]  OP: Operation.NAIVE_FACTORIZATION on slice (51, 10) (remaining tasks 51)
2025-04-21 22:37:05,821 [DEBUG]  		naive factorization 10 columns (in 0.00354 secs)
2025-04-21 22:37:05,821 [DEBUG]  OP: Operation.NAIVE_FACTORIZATION on slice (64, 10) (remaining tasks 50)
2025-04-21 22:37:05,825 [DEBUG]  		naive factorization 10 columns (in 0.00390 secs)
2025-04-21 22:37:05,825 [DEBUG]  OP: Operation.NAIVE_FACTORIZATION on slice (53, 10) (remaining tasks 49)
2025-04-21 22:37:05,829 [DEBUG]  		naive factorization 10 columns (in 0.00370 secs)
2025-04-21 22:37:05,830 [DEBUG]  OP: Operation.SPLIT_ROWS on slice (158, 10) (remaining tasks 48)
2025-04-21 22:37:05,883 [DEBUG]  		found 2 row clusters (in 0.05357 secs)
2025-04-21 22:37:05,884 [DEBUG]  OP: Operation.SPLIT_ROWS on slice (165, 10) (remaining tasks 49)
2025-04-21 22:37:05,928 [DEBUG]  		found 2 row clusters (in 0.04422 secs)
2025-04-21 22:37:05,928 [DEBUG]  OP: Operation.SPLIT_ROWS on slice (108, 10) (remaining tasks 50)
2025-04-21 22:37:05,947 [DEBUG]  		found 2 row clusters (in 0.01840 secs)
2025-04-21 22:37:05,947 [DEBUG]  OP: Operation.SPLIT_ROWS on slice (253, 10) (remaining tasks 51)
2025-04-21 22:37:05,978 [DEBUG]  		found 2 row clusters (in 0.03065 secs)
2025-04-21 22:37:05,978 [DEBUG]  OP: Operation.NAIVE_FACTORIZATION on slice (59, 11) (remaining tasks 52)
2025-04-21 22:37:05,982 [DEBUG]  		naive factorization 11 columns (in 0.00336 secs)
2025-04-21 22:37:05,982 [DEBUG]  OP: Operation.SPLIT_COLUMNS on slice (87, 11) (remaining tasks 51)
2025-04-21 22:37:06,205 [DEBUG]  		found 1 col clusters (in 0.22307 secs)
2025-04-21 22:37:06,206 [DEBUG]  OP: Operation.SPLIT_COLUMNS on slice (84, 11) (remaining tasks 51)
2025-04-21 22:37:06,423 [DEBUG]  		found 1 col clusters (in 0.21723 secs)
2025-04-21 22:37:06,424 [DEBUG]  OP: Operation.SPLIT_COLUMNS on slice (131, 11) (remaining tasks 51)
2025-04-21 22:37:06,752 [DEBUG]  		found 1 col clusters (in 0.32846 secs)
2025-04-21 22:37:06,753 [DEBUG]  OP: Operation.SPLIT_COLUMNS on slice (114, 11) (remaining tasks 51)
2025-04-21 22:37:06,978 [DEBUG]  		found 1 col clusters (in 0.22513 secs)
2025-04-21 22:37:06,978 [DEBUG]  OP: Operation.NAIVE_FACTORIZATION on slice (55, 11) (remaining tasks 51)
2025-04-21 22:37:06,983 [DEBUG]  		naive factorization 11 columns (in 0.00412 secs)
2025-04-21 22:37:06,983 [DEBUG]  OP: Operation.NAIVE_FACTORIZATION on slice (50, 11) (remaining tasks 50)
2025-04-21 22:37:06,988 [DEBUG]  		naive factorization 11 columns (in 0.00427 secs)
2025-04-21 22:37:06,988 [DEBUG]  OP: Operation.NAIVE_FACTORIZATION on slice (45, 11) (remaining tasks 49)
2025-04-21 22:37:06,994 [DEBUG]  		naive factorization 11 columns (in 0.00499 secs)
2025-04-21 22:37:06,994 [DEBUG]  OP: Operation.NAIVE_FACTORIZATION on slice (23, 11) (remaining tasks 48)
2025-04-21 22:37:06,998 [DEBUG]  		naive factorization 11 columns (in 0.00405 secs)
2025-04-21 22:37:06,999 [DEBUG]  OP: Operation.NAIVE_FACTORIZATION on slice (57, 11) (remaining tasks 47)
2025-04-21 22:37:07,003 [DEBUG]  		naive factorization 11 columns (in 0.00404 secs)
2025-04-21 22:37:07,004 [DEBUG]  OP: Operation.NAIVE_FACTORIZATION on slice (31, 11) (remaining tasks 46)
2025-04-21 22:37:07,009 [DEBUG]  		naive factorization 11 columns (in 0.00517 secs)
2025-04-21 22:37:07,009 [DEBUG]  OP: Operation.NAIVE_FACTORIZATION on slice (48, 11) (remaining tasks 45)
2025-04-21 22:37:07,014 [DEBUG]  		naive factorization 11 columns (in 0.00407 secs)
2025-04-21 22:37:07,014 [DEBUG]  OP: Operation.NAIVE_FACTORIZATION on slice (64, 11) (remaining tasks 44)
2025-04-21 22:37:07,019 [DEBUG]  		naive factorization 11 columns (in 0.00417 secs)
2025-04-21 22:37:07,019 [DEBUG]  OP: Operation.NAIVE_FACTORIZATION on slice (55, 11) (remaining tasks 43)
2025-04-21 22:37:07,024 [DEBUG]  		naive factorization 11 columns (in 0.00435 secs)
2025-04-21 22:37:07,024 [DEBUG]  OP: Operation.SPLIT_COLUMNS on slice (100, 11) (remaining tasks 42)
2025-04-21 22:37:07,243 [DEBUG]  		found 1 col clusters (in 0.21864 secs)
2025-04-21 22:37:07,244 [DEBUG]  OP: Operation.NAIVE_FACTORIZATION on slice (23, 11) (remaining tasks 42)
2025-04-21 22:37:07,247 [DEBUG]  		naive factorization 11 columns (in 0.00350 secs)
2025-04-21 22:37:07,248 [DEBUG]  OP: Operation.NAIVE_FACTORIZATION on slice (54, 11) (remaining tasks 41)
2025-04-21 22:37:07,252 [DEBUG]  		naive factorization 11 columns (in 0.00446 secs)
2025-04-21 22:37:07,253 [DEBUG]  OP: Operation.NAIVE_FACTORIZATION on slice (41, 11) (remaining tasks 40)
2025-04-21 22:37:07,257 [DEBUG]  		naive factorization 11 columns (in 0.00404 secs)
2025-04-21 22:37:07,258 [DEBUG]  OP: Operation.NAIVE_FACTORIZATION on slice (39, 11) (remaining tasks 39)
2025-04-21 22:37:07,262 [DEBUG]  		naive factorization 11 columns (in 0.00416 secs)
2025-04-21 22:37:07,263 [DEBUG]  OP: Operation.NAIVE_FACTORIZATION on slice (60, 11) (remaining tasks 38)
2025-04-21 22:37:07,268 [DEBUG]  		naive factorization 11 columns (in 0.00489 secs)
2025-04-21 22:37:07,268 [DEBUG]  OP: Operation.NAIVE_FACTORIZATION on slice (66, 11) (remaining tasks 37)
2025-04-21 22:37:07,273 [DEBUG]  		naive factorization 11 columns (in 0.00419 secs)
2025-04-21 22:37:07,273 [DEBUG]  OP: Operation.SPLIT_COLUMNS on slice (91, 11) (remaining tasks 36)
2025-04-21 22:37:07,498 [DEBUG]  		found 1 col clusters (in 0.22423 secs)
2025-04-21 22:37:07,498 [DEBUG]  OP: Operation.NAIVE_FACTORIZATION on slice (70, 11) (remaining tasks 36)
2025-04-21 22:37:07,503 [DEBUG]  		naive factorization 11 columns (in 0.00451 secs)
2025-04-21 22:37:07,503 [DEBUG]  OP: Operation.NAIVE_FACTORIZATION on slice (68, 11) (remaining tasks 35)
2025-04-21 22:37:07,508 [DEBUG]  		naive factorization 11 columns (in 0.00442 secs)
2025-04-21 22:37:07,508 [DEBUG]  OP: Operation.SPLIT_COLUMNS on slice (83, 11) (remaining tasks 34)
2025-04-21 22:37:07,726 [DEBUG]  		found 1 col clusters (in 0.21722 secs)
2025-04-21 22:37:07,726 [DEBUG]  OP: Operation.NAIVE_FACTORIZATION on slice (4, 11) (remaining tasks 34)
2025-04-21 22:37:07,730 [DEBUG]  		naive factorization 11 columns (in 0.00352 secs)
2025-04-21 22:37:07,731 [DEBUG]  OP: Operation.NAIVE_FACTORIZATION on slice (67, 11) (remaining tasks 33)
2025-04-21 22:37:07,735 [DEBUG]  		naive factorization 11 columns (in 0.00420 secs)
2025-04-21 22:37:07,736 [DEBUG]  OP: Operation.NAIVE_FACTORIZATION on slice (48, 11) (remaining tasks 32)
2025-04-21 22:37:07,740 [DEBUG]  		naive factorization 11 columns (in 0.00465 secs)
2025-04-21 22:37:07,741 [DEBUG]  OP: Operation.NAIVE_FACTORIZATION on slice (10, 11) (remaining tasks 31)
2025-04-21 22:37:07,745 [DEBUG]  		naive factorization 11 columns (in 0.00354 secs)
2025-04-21 22:37:07,745 [DEBUG]  OP: Operation.SPLIT_COLUMNS on slice (106, 11) (remaining tasks 30)
2025-04-21 22:37:07,963 [DEBUG]  		found 1 col clusters (in 0.21783 secs)
2025-04-21 22:37:07,964 [DEBUG]  OP: Operation.SPLIT_COLUMNS on slice (158, 11) (remaining tasks 30)
2025-04-21 22:37:08,280 [DEBUG]  		found 1 col clusters (in 0.31667 secs)
2025-04-21 22:37:08,281 [DEBUG]  OP: Operation.NAIVE_FACTORIZATION on slice (29, 11) (remaining tasks 30)
2025-04-21 22:37:08,284 [DEBUG]  		naive factorization 11 columns (in 0.00358 secs)
2025-04-21 22:37:08,285 [DEBUG]  OP: Operation.SPLIT_COLUMNS on slice (100, 11) (remaining tasks 29)
2025-04-21 22:37:08,535 [DEBUG]  		found 1 col clusters (in 0.25030 secs)
2025-04-21 22:37:08,536 [DEBUG]  OP: Operation.SPLIT_COLUMNS on slice (114, 11) (remaining tasks 29)
2025-04-21 22:37:08,749 [DEBUG]  		found 1 col clusters (in 0.21281 secs)
2025-04-21 22:37:08,749 [DEBUG]  OP: Operation.NAIVE_FACTORIZATION on slice (52, 11) (remaining tasks 29)
2025-04-21 22:37:08,754 [DEBUG]  		naive factorization 11 columns (in 0.00483 secs)
2025-04-21 22:37:08,755 [DEBUG]  OP: Operation.NAIVE_FACTORIZATION on slice (61, 11) (remaining tasks 28)
2025-04-21 22:37:08,759 [DEBUG]  		naive factorization 11 columns (in 0.00375 secs)
2025-04-21 22:37:08,759 [DEBUG]  OP: Operation.SPLIT_COLUMNS on slice (156, 11) (remaining tasks 27)
2025-04-21 22:37:09,081 [DEBUG]  		found 1 col clusters (in 0.32146 secs)
2025-04-21 22:37:09,081 [DEBUG]  OP: Operation.NAIVE_FACTORIZATION on slice (14, 11) (remaining tasks 27)
2025-04-21 22:37:09,085 [DEBUG]  		naive factorization 11 columns (in 0.00370 secs)
2025-04-21 22:37:09,085 [DEBUG]  OP: Operation.SPLIT_COLUMNS on slice (122, 11) (remaining tasks 26)
2025-04-21 22:37:09,368 [DEBUG]  		found 1 col clusters (in 0.28295 secs)
2025-04-21 22:37:09,369 [DEBUG]  OP: Operation.NAIVE_FACTORIZATION on slice (30, 11) (remaining tasks 26)
2025-04-21 22:37:09,373 [DEBUG]  		naive factorization 11 columns (in 0.00445 secs)
2025-04-21 22:37:09,374 [DEBUG]  OP: Operation.NAIVE_FACTORIZATION on slice (40, 11) (remaining tasks 25)
2025-04-21 22:37:09,378 [DEBUG]  		naive factorization 11 columns (in 0.00363 secs)
2025-04-21 22:37:09,378 [DEBUG]  OP: Operation.NAIVE_FACTORIZATION on slice (37, 11) (remaining tasks 24)
2025-04-21 22:37:09,382 [DEBUG]  		naive factorization 11 columns (in 0.00410 secs)
2025-04-21 22:37:09,383 [DEBUG]  OP: Operation.NAIVE_FACTORIZATION on slice (38, 11) (remaining tasks 23)
2025-04-21 22:37:09,387 [DEBUG]  		naive factorization 11 columns (in 0.00372 secs)
2025-04-21 22:37:09,387 [DEBUG]  OP: Operation.NAIVE_FACTORIZATION on slice (60, 11) (remaining tasks 22)
2025-04-21 22:37:09,391 [DEBUG]  		naive factorization 11 columns (in 0.00380 secs)
2025-04-21 22:37:09,392 [DEBUG]  OP: Operation.SPLIT_ROWS on slice (132, 10) (remaining tasks 21)
2025-04-21 22:37:09,435 [DEBUG]  		found 2 row clusters (in 0.04299 secs)
2025-04-21 22:37:09,435 [DEBUG]  OP: Operation.NAIVE_FACTORIZATION on slice (9, 10) (remaining tasks 22)
2025-04-21 22:37:09,439 [DEBUG]  		naive factorization 10 columns (in 0.00358 secs)
2025-04-21 22:37:09,439 [DEBUG]  OP: Operation.SPLIT_COLUMNS on slice (149, 10) (remaining tasks 21)
2025-04-21 22:37:09,661 [DEBUG]  		found 1 col clusters (in 0.22096 secs)
2025-04-21 22:37:09,661 [DEBUG]  OP: Operation.NAIVE_FACTORIZATION on slice (53, 10) (remaining tasks 21)
2025-04-21 22:37:09,666 [DEBUG]  		naive factorization 10 columns (in 0.00468 secs)
2025-04-21 22:37:09,666 [DEBUG]  OP: Operation.SPLIT_COLUMNS on slice (112, 10) (remaining tasks 20)
2025-04-21 22:37:09,952 [DEBUG]  		found 1 col clusters (in 0.28557 secs)
2025-04-21 22:37:09,953 [DEBUG]  OP: Operation.SPLIT_COLUMNS on slice (93, 10) (remaining tasks 20)
2025-04-21 22:37:10,175 [DEBUG]  		found 1 col clusters (in 0.22207 secs)
2025-04-21 22:37:10,175 [DEBUG]  OP: Operation.NAIVE_FACTORIZATION on slice (15, 10) (remaining tasks 20)
2025-04-21 22:37:10,180 [DEBUG]  		naive factorization 10 columns (in 0.00443 secs)
2025-04-21 22:37:10,181 [DEBUG]  OP: Operation.SPLIT_COLUMNS on slice (108, 10) (remaining tasks 19)
2025-04-21 22:37:10,404 [DEBUG]  		found 1 col clusters (in 0.22321 secs)
2025-04-21 22:37:10,404 [DEBUG]  OP: Operation.SPLIT_COLUMNS on slice (145, 10) (remaining tasks 19)
2025-04-21 22:37:10,620 [DEBUG]  		found 1 col clusters (in 0.21537 secs)
2025-04-21 22:37:10,621 [DEBUG]  OP: Operation.SPLIT_ROWS on slice (87, 11) (remaining tasks 19)
2025-04-21 22:37:10,669 [DEBUG]  		found 2 row clusters (in 0.04867 secs)
2025-04-21 22:37:10,670 [DEBUG]  OP: Operation.SPLIT_ROWS on slice (84, 11) (remaining tasks 20)
2025-04-21 22:37:10,706 [DEBUG]  		found 2 row clusters (in 0.03494 secs)
2025-04-21 22:37:10,706 [DEBUG]  OP: Operation.SPLIT_ROWS on slice (131, 11) (remaining tasks 21)
2025-04-21 22:37:10,737 [DEBUG]  		found 2 row clusters (in 0.03092 secs)
2025-04-21 22:37:10,737 [DEBUG]  OP: Operation.SPLIT_ROWS on slice (114, 11) (remaining tasks 22)
2025-04-21 22:37:10,762 [DEBUG]  		found 2 row clusters (in 0.02470 secs)
2025-04-21 22:37:10,762 [DEBUG]  OP: Operation.SPLIT_ROWS on slice (100, 11) (remaining tasks 23)
2025-04-21 22:37:10,781 [DEBUG]  		found 2 row clusters (in 0.01847 secs)
2025-04-21 22:37:10,781 [DEBUG]  OP: Operation.SPLIT_ROWS on slice (91, 11) (remaining tasks 24)
2025-04-21 22:37:10,805 [DEBUG]  		found 2 row clusters (in 0.02355 secs)
2025-04-21 22:37:10,805 [DEBUG]  OP: Operation.SPLIT_ROWS on slice (83, 11) (remaining tasks 25)
2025-04-21 22:37:10,820 [DEBUG]  		found 2 row clusters (in 0.01515 secs)
2025-04-21 22:37:10,820 [DEBUG]  OP: Operation.SPLIT_ROWS on slice (106, 11) (remaining tasks 26)
2025-04-21 22:37:10,836 [DEBUG]  		found 2 row clusters (in 0.01580 secs)
2025-04-21 22:37:10,836 [DEBUG]  OP: Operation.SPLIT_ROWS on slice (158, 11) (remaining tasks 27)
2025-04-21 22:37:10,855 [DEBUG]  		found 2 row clusters (in 0.01874 secs)
2025-04-21 22:37:10,855 [DEBUG]  OP: Operation.SPLIT_ROWS on slice (100, 11) (remaining tasks 28)
2025-04-21 22:37:10,877 [DEBUG]  		found 2 row clusters (in 0.02111 secs)
2025-04-21 22:37:10,877 [DEBUG]  OP: Operation.SPLIT_ROWS on slice (114, 11) (remaining tasks 29)
2025-04-21 22:37:10,896 [DEBUG]  		found 2 row clusters (in 0.01924 secs)
2025-04-21 22:37:10,896 [DEBUG]  OP: Operation.SPLIT_ROWS on slice (156, 11) (remaining tasks 30)
2025-04-21 22:37:10,923 [DEBUG]  		found 2 row clusters (in 0.02666 secs)
2025-04-21 22:37:10,923 [DEBUG]  OP: Operation.SPLIT_ROWS on slice (122, 11) (remaining tasks 31)
2025-04-21 22:37:10,938 [DEBUG]  		found 2 row clusters (in 0.01532 secs)
2025-04-21 22:37:10,939 [DEBUG]  OP: Operation.NAIVE_FACTORIZATION on slice (63, 10) (remaining tasks 32)
2025-04-21 22:37:10,943 [DEBUG]  		naive factorization 10 columns (in 0.00390 secs)
2025-04-21 22:37:10,943 [DEBUG]  OP: Operation.NAIVE_FACTORIZATION on slice (69, 10) (remaining tasks 31)
2025-04-21 22:37:10,947 [DEBUG]  		naive factorization 10 columns (in 0.00381 secs)
2025-04-21 22:37:10,947 [DEBUG]  OP: Operation.SPLIT_ROWS on slice (149, 10) (remaining tasks 30)
2025-04-21 22:37:10,965 [DEBUG]  		found 2 row clusters (in 0.01798 secs)
2025-04-21 22:37:10,965 [DEBUG]  OP: Operation.SPLIT_ROWS on slice (112, 10) (remaining tasks 31)
2025-04-21 22:37:10,986 [DEBUG]  		found 2 row clusters (in 0.02052 secs)
2025-04-21 22:37:10,986 [DEBUG]  OP: Operation.SPLIT_ROWS on slice (93, 10) (remaining tasks 32)
2025-04-21 22:37:11,003 [DEBUG]  		found 2 row clusters (in 0.01723 secs)
2025-04-21 22:37:11,003 [DEBUG]  OP: Operation.SPLIT_ROWS on slice (108, 10) (remaining tasks 33)
2025-04-21 22:37:11,020 [DEBUG]  		found 2 row clusters (in 0.01627 secs)
2025-04-21 22:37:11,020 [DEBUG]  OP: Operation.SPLIT_ROWS on slice (145, 10) (remaining tasks 34)
2025-04-21 22:37:11,046 [DEBUG]  		found 2 row clusters (in 0.02554 secs)
2025-04-21 22:37:11,046 [DEBUG]  OP: Operation.NAIVE_FACTORIZATION on slice (48, 11) (remaining tasks 35)
2025-04-21 22:37:11,049 [DEBUG]  		naive factorization 11 columns (in 0.00323 secs)
2025-04-21 22:37:11,049 [DEBUG]  OP: Operation.NAIVE_FACTORIZATION on slice (39, 11) (remaining tasks 34)
2025-04-21 22:37:11,053 [DEBUG]  		naive factorization 11 columns (in 0.00387 secs)
2025-04-21 22:37:11,053 [DEBUG]  OP: Operation.NAIVE_FACTORIZATION on slice (26, 11) (remaining tasks 33)
2025-04-21 22:37:11,057 [DEBUG]  		naive factorization 11 columns (in 0.00349 secs)
2025-04-21 22:37:11,057 [DEBUG]  OP: Operation.NAIVE_FACTORIZATION on slice (58, 11) (remaining tasks 32)
2025-04-21 22:37:11,062 [DEBUG]  		naive factorization 11 columns (in 0.00483 secs)
2025-04-21 22:37:11,063 [DEBUG]  OP: Operation.NAIVE_FACTORIZATION on slice (71, 11) (remaining tasks 31)
2025-04-21 22:37:11,067 [DEBUG]  		naive factorization 11 columns (in 0.00415 secs)
2025-04-21 22:37:11,067 [DEBUG]  OP: Operation.NAIVE_FACTORIZATION on slice (60, 11) (remaining tasks 30)
2025-04-21 22:37:11,071 [DEBUG]  		naive factorization 11 columns (in 0.00397 secs)
2025-04-21 22:37:11,071 [DEBUG]  OP: Operation.NAIVE_FACTORIZATION on slice (55, 11) (remaining tasks 29)
2025-04-21 22:37:11,075 [DEBUG]  		naive factorization 11 columns (in 0.00378 secs)
2025-04-21 22:37:11,075 [DEBUG]  OP: Operation.NAIVE_FACTORIZATION on slice (59, 11) (remaining tasks 28)
2025-04-21 22:37:11,080 [DEBUG]  		naive factorization 11 columns (in 0.00435 secs)
2025-04-21 22:37:11,080 [DEBUG]  OP: Operation.NAIVE_FACTORIZATION on slice (9, 11) (remaining tasks 27)
2025-04-21 22:37:11,084 [DEBUG]  		naive factorization 11 columns (in 0.00398 secs)
2025-04-21 22:37:11,085 [DEBUG]  OP: Operation.SPLIT_COLUMNS on slice (91, 11) (remaining tasks 26)
2025-04-21 22:37:11,310 [DEBUG]  		found 1 col clusters (in 0.22498 secs)
2025-04-21 22:37:11,310 [DEBUG]  OP: Operation.NAIVE_FACTORIZATION on slice (36, 11) (remaining tasks 26)
2025-04-21 22:37:11,314 [DEBUG]  		naive factorization 11 columns (in 0.00374 secs)
2025-04-21 22:37:11,315 [DEBUG]  OP: Operation.NAIVE_FACTORIZATION on slice (55, 11) (remaining tasks 25)
2025-04-21 22:37:11,319 [DEBUG]  		naive factorization 11 columns (in 0.00432 secs)
2025-04-21 22:37:11,320 [DEBUG]  OP: Operation.SPLIT_COLUMNS on slice (79, 11) (remaining tasks 24)
2025-04-21 22:37:11,540 [DEBUG]  		found 1 col clusters (in 0.22039 secs)
2025-04-21 22:37:11,541 [DEBUG]  OP: Operation.NAIVE_FACTORIZATION on slice (4, 11) (remaining tasks 24)
2025-04-21 22:37:11,545 [DEBUG]  		naive factorization 11 columns (in 0.00412 secs)
2025-04-21 22:37:11,546 [DEBUG]  OP: Operation.NAIVE_FACTORIZATION on slice (61, 11) (remaining tasks 23)
2025-04-21 22:37:11,550 [DEBUG]  		naive factorization 11 columns (in 0.00385 secs)
2025-04-21 22:37:11,550 [DEBUG]  OP: Operation.NAIVE_FACTORIZATION on slice (45, 11) (remaining tasks 22)
2025-04-21 22:37:11,555 [DEBUG]  		naive factorization 11 columns (in 0.00431 secs)
2025-04-21 22:37:11,555 [DEBUG]  OP: Operation.SPLIT_COLUMNS on slice (84, 11) (remaining tasks 21)
2025-04-21 22:37:11,773 [DEBUG]  		found 1 col clusters (in 0.21800 secs)
2025-04-21 22:37:11,774 [DEBUG]  OP: Operation.NAIVE_FACTORIZATION on slice (74, 11) (remaining tasks 21)
2025-04-21 22:37:11,778 [DEBUG]  		naive factorization 11 columns (in 0.00403 secs)
2025-04-21 22:37:11,779 [DEBUG]  OP: Operation.NAIVE_FACTORIZATION on slice (63, 11) (remaining tasks 20)
2025-04-21 22:37:11,783 [DEBUG]  		naive factorization 11 columns (in 0.00385 secs)
2025-04-21 22:37:11,783 [DEBUG]  OP: Operation.NAIVE_FACTORIZATION on slice (37, 11) (remaining tasks 19)
2025-04-21 22:37:11,787 [DEBUG]  		naive factorization 11 columns (in 0.00401 secs)
2025-04-21 22:37:11,788 [DEBUG]  OP: Operation.NAIVE_FACTORIZATION on slice (56, 11) (remaining tasks 18)
2025-04-21 22:37:11,792 [DEBUG]  		naive factorization 11 columns (in 0.00384 secs)
2025-04-21 22:37:11,792 [DEBUG]  OP: Operation.NAIVE_FACTORIZATION on slice (58, 11) (remaining tasks 17)
2025-04-21 22:37:11,797 [DEBUG]  		naive factorization 11 columns (in 0.00394 secs)
2025-04-21 22:37:11,797 [DEBUG]  OP: Operation.NAIVE_FACTORIZATION on slice (75, 11) (remaining tasks 16)
2025-04-21 22:37:11,801 [DEBUG]  		naive factorization 11 columns (in 0.00405 secs)
2025-04-21 22:37:11,802 [DEBUG]  OP: Operation.SPLIT_COLUMNS on slice (81, 11) (remaining tasks 15)
2025-04-21 22:37:12,019 [DEBUG]  		found 1 col clusters (in 0.21705 secs)
2025-04-21 22:37:12,020 [DEBUG]  OP: Operation.SPLIT_COLUMNS on slice (85, 11) (remaining tasks 15)
2025-04-21 22:37:12,240 [DEBUG]  		found 1 col clusters (in 0.22043 secs)
2025-04-21 22:37:12,241 [DEBUG]  OP: Operation.NAIVE_FACTORIZATION on slice (37, 11) (remaining tasks 15)
2025-04-21 22:37:12,245 [DEBUG]  		naive factorization 11 columns (in 0.00373 secs)
2025-04-21 22:37:12,245 [DEBUG]  OP: Operation.SPLIT_COLUMNS on slice (84, 10) (remaining tasks 14)
2025-04-21 22:37:12,461 [DEBUG]  		found 1 col clusters (in 0.21562 secs)
2025-04-21 22:37:12,461 [DEBUG]  OP: Operation.NAIVE_FACTORIZATION on slice (65, 10) (remaining tasks 14)
2025-04-21 22:37:12,466 [DEBUG]  		naive factorization 10 columns (in 0.00382 secs)
2025-04-21 22:37:12,466 [DEBUG]  OP: Operation.NAIVE_FACTORIZATION on slice (48, 10) (remaining tasks 13)
2025-04-21 22:37:12,470 [DEBUG]  		naive factorization 10 columns (in 0.00355 secs)
2025-04-21 22:37:12,470 [DEBUG]  OP: Operation.NAIVE_FACTORIZATION on slice (64, 10) (remaining tasks 12)
2025-04-21 22:37:12,474 [DEBUG]  		naive factorization 10 columns (in 0.00381 secs)
2025-04-21 22:37:12,475 [DEBUG]  OP: Operation.NAIVE_FACTORIZATION on slice (32, 10) (remaining tasks 11)
2025-04-21 22:37:12,479 [DEBUG]  		naive factorization 10 columns (in 0.00368 secs)
2025-04-21 22:37:12,479 [DEBUG]  OP: Operation.NAIVE_FACTORIZATION on slice (61, 10) (remaining tasks 10)
2025-04-21 22:37:12,483 [DEBUG]  		naive factorization 10 columns (in 0.00371 secs)
2025-04-21 22:37:12,484 [DEBUG]  OP: Operation.NAIVE_FACTORIZATION on slice (39, 10) (remaining tasks 9)
2025-04-21 22:37:12,487 [DEBUG]  		naive factorization 10 columns (in 0.00360 secs)
2025-04-21 22:37:12,488 [DEBUG]  OP: Operation.NAIVE_FACTORIZATION on slice (69, 10) (remaining tasks 8)
2025-04-21 22:37:12,492 [DEBUG]  		naive factorization 10 columns (in 0.00414 secs)
2025-04-21 22:37:12,493 [DEBUG]  OP: Operation.SPLIT_COLUMNS on slice (85, 10) (remaining tasks 7)
2025-04-21 22:37:12,712 [DEBUG]  		found 1 col clusters (in 0.21924 secs)
2025-04-21 22:37:12,713 [DEBUG]  OP: Operation.NAIVE_FACTORIZATION on slice (60, 10) (remaining tasks 7)
2025-04-21 22:37:12,717 [DEBUG]  		naive factorization 10 columns (in 0.00375 secs)
2025-04-21 22:37:12,717 [DEBUG]  OP: Operation.SPLIT_ROWS on slice (91, 11) (remaining tasks 6)
2025-04-21 22:37:12,772 [DEBUG]  		found 2 row clusters (in 0.05485 secs)
2025-04-21 22:37:12,773 [DEBUG]  OP: Operation.SPLIT_ROWS on slice (79, 11) (remaining tasks 7)
2025-04-21 22:37:12,801 [DEBUG]  		found 2 row clusters (in 0.02830 secs)
2025-04-21 22:37:12,801 [DEBUG]  OP: Operation.SPLIT_ROWS on slice (84, 11) (remaining tasks 8)
2025-04-21 22:37:12,824 [DEBUG]  		found 2 row clusters (in 0.02263 secs)
2025-04-21 22:37:12,824 [DEBUG]  OP: Operation.SPLIT_ROWS on slice (81, 11) (remaining tasks 9)
2025-04-21 22:37:12,844 [DEBUG]  		found 2 row clusters (in 0.01998 secs)
2025-04-21 22:37:12,845 [DEBUG]  OP: Operation.SPLIT_ROWS on slice (85, 11) (remaining tasks 10)
2025-04-21 22:37:12,867 [DEBUG]  		found 2 row clusters (in 0.02250 secs)
2025-04-21 22:37:12,867 [DEBUG]  OP: Operation.SPLIT_ROWS on slice (84, 10) (remaining tasks 11)
2025-04-21 22:37:12,890 [DEBUG]  		found 2 row clusters (in 0.02218 secs)
2025-04-21 22:37:12,890 [DEBUG]  OP: Operation.SPLIT_ROWS on slice (85, 10) (remaining tasks 12)
2025-04-21 22:37:12,909 [DEBUG]  		found 2 row clusters (in 0.01885 secs)
2025-04-21 22:37:12,909 [DEBUG]  OP: Operation.NAIVE_FACTORIZATION on slice (44, 11) (remaining tasks 13)
2025-04-21 22:37:12,913 [DEBUG]  		naive factorization 11 columns (in 0.00386 secs)
2025-04-21 22:37:12,914 [DEBUG]  OP: Operation.NAIVE_FACTORIZATION on slice (47, 11) (remaining tasks 12)
2025-04-21 22:37:12,918 [DEBUG]  		naive factorization 11 columns (in 0.00380 secs)
2025-04-21 22:37:12,918 [DEBUG]  OP: Operation.NAIVE_FACTORIZATION on slice (40, 11) (remaining tasks 11)
2025-04-21 22:37:12,922 [DEBUG]  		naive factorization 11 columns (in 0.00360 secs)
2025-04-21 22:37:12,922 [DEBUG]  OP: Operation.NAIVE_FACTORIZATION on slice (39, 11) (remaining tasks 10)
2025-04-21 22:37:12,926 [DEBUG]  		naive factorization 11 columns (in 0.00392 secs)
2025-04-21 22:37:12,926 [DEBUG]  OP: Operation.NAIVE_FACTORIZATION on slice (46, 11) (remaining tasks 9)
2025-04-21 22:37:12,931 [DEBUG]  		naive factorization 11 columns (in 0.00435 secs)
2025-04-21 22:37:12,931 [DEBUG]  OP: Operation.NAIVE_FACTORIZATION on slice (38, 11) (remaining tasks 8)
2025-04-21 22:37:12,935 [DEBUG]  		naive factorization 11 columns (in 0.00363 secs)
2025-04-21 22:37:12,935 [DEBUG]  OP: Operation.NAIVE_FACTORIZATION on slice (46, 11) (remaining tasks 7)
2025-04-21 22:37:12,939 [DEBUG]  		naive factorization 11 columns (in 0.00378 secs)
2025-04-21 22:37:12,939 [DEBUG]  OP: Operation.NAIVE_FACTORIZATION on slice (35, 11) (remaining tasks 6)
2025-04-21 22:37:12,943 [DEBUG]  		naive factorization 11 columns (in 0.00367 secs)
2025-04-21 22:37:12,943 [DEBUG]  OP: Operation.NAIVE_FACTORIZATION on slice (59, 11) (remaining tasks 5)
2025-04-21 22:37:12,947 [DEBUG]  		naive factorization 11 columns (in 0.00391 secs)
2025-04-21 22:37:12,948 [DEBUG]  OP: Operation.NAIVE_FACTORIZATION on slice (26, 11) (remaining tasks 4)
2025-04-21 22:37:12,952 [DEBUG]  		naive factorization 11 columns (in 0.00402 secs)
2025-04-21 22:37:12,952 [DEBUG]  OP: Operation.NAIVE_FACTORIZATION on slice (27, 10) (remaining tasks 3)
2025-04-21 22:37:12,956 [DEBUG]  		naive factorization 10 columns (in 0.00336 secs)
2025-04-21 22:37:12,956 [DEBUG]  OP: Operation.NAIVE_FACTORIZATION on slice (57, 10) (remaining tasks 2)
2025-04-21 22:37:12,960 [DEBUG]  		naive factorization 10 columns (in 0.00368 secs)
2025-04-21 22:37:12,961 [DEBUG]  OP: Operation.NAIVE_FACTORIZATION on slice (12, 10) (remaining tasks 1)
2025-04-21 22:37:12,965 [DEBUG]  		naive factorization 10 columns (in 0.00381 secs)
2025-04-21 22:37:12,965 [DEBUG]  OP: Operation.NAIVE_FACTORIZATION on slice (73, 10) (remaining tasks 0)
2025-04-21 22:37:12,969 [DEBUG]  		naive factorization 10 columns (in 0.00390 secs)
2025-04-21 22:37:14,246 [DEBUG]  Built SPN in 166.87979329800146 sec
2025-04-21 22:37:14,246 [INFO ]  Saving ensemble to /home/dafn/card/deepcard/collected_temp_benchmarks/spn_ensembles/Gas Turbine CO and NOx Emission Data Set/ensemble_single_gt_2012_10000000.pkl
