2025-04-22 00:08:24,281 [INFO ]  Creating naive ensemble.
2025-04-22 00:08:24,281 [INFO ]  Learning SPN for gt_2014.
2025-04-22 00:08:24,281 [DEBUG]  generate_join_sample(single_table=gt_2014, relationship_list=None, split_condition=None)
2025-04-22 00:08:24,308 [DEBUG]  Using min_instance_slice parameter 71.58.
2025-04-22 00:08:24,308 [INFO ]  SPN training phase with 7158 samples
2025-04-22 00:08:24,314 [DEBUG]  Built domains in 0.005569115000980673 sec
2025-04-22 00:08:24,657 [DEBUG]  CACHEDIR=/home/dafn/.cache/matplotlib
2025-04-22 00:08:24,659 [DEBUG]  Using fontManager instance from /home/dafn/.cache/matplotlib/fontlist-v300.json
2025-04-22 00:08:24,753 [DEBUG]  Loaded backend qt5agg version unknown.
2025-04-22 00:08:24,782 [DEBUG]  Loaded backend qt5agg version unknown.
2025-04-22 00:08:24,783 [DEBUG]  Loaded backend qt4agg version unknown.
2025-04-22 00:08:24,790 [DEBUG]  Loaded backend tkagg version unknown.
2025-04-22 00:08:24,790 [DEBUG]  Loaded backend agg version unknown.
2025-04-22 00:08:24,790 [DEBUG]  Loaded backend agg version unknown.
2025-04-22 00:08:24,794 [DEBUG]  OP: Operation.SPLIT_ROWS on slice (7158, 11) (remaining tasks 0)
2025-04-22 00:08:24,907 [DEBUG]  		found 2 row clusters (in 0.11301 secs)
2025-04-22 00:08:24,907 [DEBUG]  OP: Operation.SPLIT_COLUMNS on slice (2110, 11) (remaining tasks 1)
2025-04-22 00:08:30,400 [DEBUG]  		found 1 col clusters (in 5.49301 secs)
2025-04-22 00:08:30,402 [DEBUG]  OP: Operation.SPLIT_COLUMNS on slice (5048, 11) (remaining tasks 1)
2025-04-22 00:08:33,256 [DEBUG]  		found 1 col clusters (in 2.85436 secs)
2025-04-22 00:08:33,257 [DEBUG]  OP: Operation.SPLIT_ROWS on slice (2110, 11) (remaining tasks 1)
2025-04-22 00:08:33,450 [DEBUG]  		found 2 row clusters (in 0.19290 secs)
2025-04-22 00:08:33,451 [DEBUG]  OP: Operation.SPLIT_ROWS on slice (5048, 11) (remaining tasks 2)
2025-04-22 00:08:33,551 [DEBUG]  		found 2 row clusters (in 0.09988 secs)
2025-04-22 00:08:33,552 [DEBUG]  OP: Operation.SPLIT_COLUMNS on slice (973, 11) (remaining tasks 3)
2025-04-22 00:08:35,859 [DEBUG]  		found 1 col clusters (in 2.30729 secs)
2025-04-22 00:08:35,860 [DEBUG]  OP: Operation.SPLIT_COLUMNS on slice (1137, 11) (remaining tasks 3)
2025-04-22 00:08:40,088 [DEBUG]  		found 1 col clusters (in 4.22819 secs)
2025-04-22 00:08:40,089 [DEBUG]  OP: Operation.SPLIT_COLUMNS on slice (3519, 11) (remaining tasks 3)
2025-04-22 00:08:42,387 [DEBUG]  		found 2 col clusters (in 2.29805 secs)
2025-04-22 00:08:42,388 [DEBUG]  OP: Operation.SPLIT_COLUMNS on slice (1529, 11) (remaining tasks 4)
2025-04-22 00:08:47,899 [DEBUG]  		found 1 col clusters (in 5.51096 secs)
2025-04-22 00:08:47,900 [DEBUG]  OP: Operation.SPLIT_ROWS on slice (973, 11) (remaining tasks 4)
2025-04-22 00:08:48,055 [DEBUG]  		found 2 row clusters (in 0.15487 secs)
2025-04-22 00:08:48,056 [DEBUG]  OP: Operation.SPLIT_ROWS on slice (1137, 11) (remaining tasks 5)
2025-04-22 00:08:48,089 [DEBUG]  		found 2 row clusters (in 0.03294 secs)
2025-04-22 00:08:48,089 [DEBUG]  OP: Operation.SPLIT_COLUMNS on slice (3519, 10) (remaining tasks 6)
2025-04-22 00:08:49,986 [DEBUG]  		found 1 col clusters (in 1.89711 secs)
2025-04-22 00:08:49,987 [DEBUG]  OP: Operation.CREATE_LEAF on slice (3519, 1) (remaining tasks 6)
2025-04-22 00:08:49,988 [DEBUG]  		 created leaf IdentityNumericLeaf for scope=[6] (in 0.00074 secs)
2025-04-22 00:08:49,988 [DEBUG]  OP: Operation.SPLIT_ROWS on slice (1529, 11) (remaining tasks 5)
2025-04-22 00:08:50,165 [DEBUG]  		found 2 row clusters (in 0.17649 secs)
2025-04-22 00:08:50,165 [DEBUG]  OP: Operation.SPLIT_COLUMNS on slice (684, 11) (remaining tasks 6)
2025-04-22 00:08:51,053 [DEBUG]  		found 1 col clusters (in 0.88742 secs)
2025-04-22 00:08:51,053 [DEBUG]  OP: Operation.SPLIT_COLUMNS on slice (289, 11) (remaining tasks 6)
2025-04-22 00:08:52,860 [DEBUG]  		found 1 col clusters (in 1.80646 secs)
2025-04-22 00:08:52,860 [DEBUG]  OP: Operation.SPLIT_COLUMNS on slice (396, 11) (remaining tasks 6)
2025-04-22 00:08:54,864 [DEBUG]  		found 1 col clusters (in 2.00390 secs)
2025-04-22 00:08:54,865 [DEBUG]  OP: Operation.SPLIT_COLUMNS on slice (741, 11) (remaining tasks 6)
2025-04-22 00:08:55,597 [DEBUG]  		found 1 col clusters (in 0.73117 secs)
2025-04-22 00:08:55,597 [DEBUG]  OP: Operation.SPLIT_ROWS on slice (3519, 10) (remaining tasks 6)
2025-04-22 00:08:55,815 [DEBUG]  		found 2 row clusters (in 0.21803 secs)
2025-04-22 00:08:55,816 [DEBUG]  OP: Operation.SPLIT_COLUMNS on slice (1284, 11) (remaining tasks 7)
2025-04-22 00:09:00,917 [DEBUG]  		found 1 col clusters (in 5.10099 secs)
2025-04-22 00:09:00,918 [DEBUG]  OP: Operation.SPLIT_COLUMNS on slice (245, 11) (remaining tasks 7)
2025-04-22 00:09:02,303 [DEBUG]  		found 1 col clusters (in 1.38573 secs)
2025-04-22 00:09:02,304 [DEBUG]  OP: Operation.SPLIT_ROWS on slice (684, 11) (remaining tasks 7)
2025-04-22 00:09:02,403 [DEBUG]  		found 2 row clusters (in 0.09879 secs)
2025-04-22 00:09:02,403 [DEBUG]  OP: Operation.SPLIT_ROWS on slice (289, 11) (remaining tasks 8)
2025-04-22 00:09:02,449 [DEBUG]  		found 2 row clusters (in 0.04592 secs)
2025-04-22 00:09:02,450 [DEBUG]  OP: Operation.SPLIT_ROWS on slice (396, 11) (remaining tasks 9)
2025-04-22 00:09:02,479 [DEBUG]  		found 2 row clusters (in 0.02867 secs)
2025-04-22 00:09:02,479 [DEBUG]  OP: Operation.SPLIT_ROWS on slice (741, 11) (remaining tasks 10)
2025-04-22 00:09:02,518 [DEBUG]  		found 2 row clusters (in 0.03866 secs)
2025-04-22 00:09:02,518 [DEBUG]  OP: Operation.SPLIT_COLUMNS on slice (1150, 10) (remaining tasks 11)
2025-04-22 00:09:05,844 [DEBUG]  		found 1 col clusters (in 3.32557 secs)
2025-04-22 00:09:05,844 [DEBUG]  OP: Operation.SPLIT_COLUMNS on slice (2369, 10) (remaining tasks 11)
2025-04-22 00:09:10,271 [DEBUG]  		found 1 col clusters (in 4.42648 secs)
2025-04-22 00:09:10,272 [DEBUG]  OP: Operation.SPLIT_ROWS on slice (1284, 11) (remaining tasks 11)
2025-04-22 00:09:10,466 [DEBUG]  		found 2 row clusters (in 0.19413 secs)
2025-04-22 00:09:10,466 [DEBUG]  OP: Operation.SPLIT_ROWS on slice (245, 11) (remaining tasks 12)
2025-04-22 00:09:10,497 [DEBUG]  		found 2 row clusters (in 0.03058 secs)
2025-04-22 00:09:10,497 [DEBUG]  OP: Operation.SPLIT_COLUMNS on slice (262, 11) (remaining tasks 13)
2025-04-22 00:09:12,137 [DEBUG]  		found 1 col clusters (in 1.64008 secs)
2025-04-22 00:09:12,138 [DEBUG]  OP: Operation.SPLIT_COLUMNS on slice (422, 11) (remaining tasks 13)
2025-04-22 00:09:14,208 [DEBUG]  		found 1 col clusters (in 2.07075 secs)
2025-04-22 00:09:14,209 [DEBUG]  OP: Operation.SPLIT_COLUMNS on slice (119, 11) (remaining tasks 13)
2025-04-22 00:09:14,479 [DEBUG]  		found 1 col clusters (in 0.26958 secs)
2025-04-22 00:09:14,479 [DEBUG]  OP: Operation.SPLIT_COLUMNS on slice (170, 11) (remaining tasks 13)
2025-04-22 00:09:14,795 [DEBUG]  		found 1 col clusters (in 0.31593 secs)
2025-04-22 00:09:14,796 [DEBUG]  OP: Operation.SPLIT_COLUMNS on slice (173, 11) (remaining tasks 13)
2025-04-22 00:09:15,054 [DEBUG]  		found 1 col clusters (in 0.25852 secs)
2025-04-22 00:09:15,055 [DEBUG]  OP: Operation.SPLIT_COLUMNS on slice (223, 11) (remaining tasks 13)
2025-04-22 00:09:16,683 [DEBUG]  		found 1 col clusters (in 1.62796 secs)
2025-04-22 00:09:16,683 [DEBUG]  OP: Operation.SPLIT_COLUMNS on slice (380, 11) (remaining tasks 13)
2025-04-22 00:09:18,851 [DEBUG]  		found 1 col clusters (in 2.16784 secs)
2025-04-22 00:09:18,852 [DEBUG]  OP: Operation.SPLIT_COLUMNS on slice (361, 11) (remaining tasks 13)
2025-04-22 00:09:20,417 [DEBUG]  		found 1 col clusters (in 1.56452 secs)
2025-04-22 00:09:20,417 [DEBUG]  OP: Operation.SPLIT_ROWS on slice (1150, 10) (remaining tasks 13)
2025-04-22 00:09:20,533 [DEBUG]  		found 2 row clusters (in 0.11561 secs)
2025-04-22 00:09:20,533 [DEBUG]  OP: Operation.SPLIT_ROWS on slice (2369, 10) (remaining tasks 14)
2025-04-22 00:09:20,577 [DEBUG]  		found 2 row clusters (in 0.04322 secs)
2025-04-22 00:09:20,577 [DEBUG]  OP: Operation.SPLIT_COLUMNS on slice (674, 11) (remaining tasks 15)
2025-04-22 00:09:21,693 [DEBUG]  		found 1 col clusters (in 1.11615 secs)
2025-04-22 00:09:21,694 [DEBUG]  OP: Operation.SPLIT_COLUMNS on slice (610, 11) (remaining tasks 15)
2025-04-22 00:09:22,627 [DEBUG]  		found 1 col clusters (in 0.93252 secs)
2025-04-22 00:09:22,627 [DEBUG]  OP: Operation.SPLIT_COLUMNS on slice (162, 11) (remaining tasks 15)
2025-04-22 00:09:23,076 [DEBUG]  		found 1 col clusters (in 0.44840 secs)
2025-04-22 00:09:23,076 [DEBUG]  OP: Operation.SPLIT_COLUMNS on slice (83, 11) (remaining tasks 15)
2025-04-22 00:09:23,289 [DEBUG]  		found 1 col clusters (in 0.21233 secs)
2025-04-22 00:09:23,290 [DEBUG]  OP: Operation.SPLIT_ROWS on slice (262, 11) (remaining tasks 15)
2025-04-22 00:09:23,340 [DEBUG]  		found 2 row clusters (in 0.05001 secs)
2025-04-22 00:09:23,340 [DEBUG]  OP: Operation.SPLIT_ROWS on slice (422, 11) (remaining tasks 16)
2025-04-22 00:09:23,385 [DEBUG]  		found 2 row clusters (in 0.04471 secs)
2025-04-22 00:09:23,385 [DEBUG]  OP: Operation.SPLIT_ROWS on slice (119, 11) (remaining tasks 17)
2025-04-22 00:09:23,406 [DEBUG]  		found 2 row clusters (in 0.02061 secs)
2025-04-22 00:09:23,406 [DEBUG]  OP: Operation.SPLIT_ROWS on slice (170, 11) (remaining tasks 18)
2025-04-22 00:09:23,428 [DEBUG]  		found 2 row clusters (in 0.02133 secs)
2025-04-22 00:09:23,428 [DEBUG]  OP: Operation.SPLIT_ROWS on slice (173, 11) (remaining tasks 19)
2025-04-22 00:09:23,450 [DEBUG]  		found 2 row clusters (in 0.02171 secs)
2025-04-22 00:09:23,450 [DEBUG]  OP: Operation.SPLIT_ROWS on slice (223, 11) (remaining tasks 20)
2025-04-22 00:09:23,470 [DEBUG]  		found 2 row clusters (in 0.02040 secs)
2025-04-22 00:09:23,470 [DEBUG]  OP: Operation.SPLIT_ROWS on slice (380, 11) (remaining tasks 21)
2025-04-22 00:09:23,498 [DEBUG]  		found 2 row clusters (in 0.02772 secs)
2025-04-22 00:09:23,498 [DEBUG]  OP: Operation.SPLIT_ROWS on slice (361, 11) (remaining tasks 22)
2025-04-22 00:09:23,524 [DEBUG]  		found 2 row clusters (in 0.02589 secs)
2025-04-22 00:09:23,525 [DEBUG]  OP: Operation.SPLIT_COLUMNS on slice (680, 10) (remaining tasks 23)
2025-04-22 00:09:24,337 [DEBUG]  		found 1 col clusters (in 0.81233 secs)
2025-04-22 00:09:24,338 [DEBUG]  OP: Operation.SPLIT_COLUMNS on slice (470, 10) (remaining tasks 23)
2025-04-22 00:09:26,112 [DEBUG]  		found 1 col clusters (in 1.77438 secs)
2025-04-22 00:09:26,113 [DEBUG]  OP: Operation.SPLIT_COLUMNS on slice (1652, 10) (remaining tasks 23)
2025-04-22 00:09:29,685 [DEBUG]  		found 1 col clusters (in 3.57167 secs)
2025-04-22 00:09:29,686 [DEBUG]  OP: Operation.SPLIT_COLUMNS on slice (717, 10) (remaining tasks 23)
2025-04-22 00:09:30,375 [DEBUG]  		found 1 col clusters (in 0.68893 secs)
2025-04-22 00:09:30,376 [DEBUG]  OP: Operation.SPLIT_ROWS on slice (674, 11) (remaining tasks 23)
2025-04-22 00:09:30,486 [DEBUG]  		found 2 row clusters (in 0.11064 secs)
2025-04-22 00:09:30,487 [DEBUG]  OP: Operation.SPLIT_ROWS on slice (610, 11) (remaining tasks 24)
2025-04-22 00:09:30,514 [DEBUG]  		found 2 row clusters (in 0.02681 secs)
2025-04-22 00:09:30,514 [DEBUG]  OP: Operation.SPLIT_ROWS on slice (162, 11) (remaining tasks 25)
2025-04-22 00:09:30,532 [DEBUG]  		found 2 row clusters (in 0.01771 secs)
2025-04-22 00:09:30,532 [DEBUG]  OP: Operation.SPLIT_ROWS on slice (83, 11) (remaining tasks 26)
2025-04-22 00:09:30,548 [DEBUG]  		found 2 row clusters (in 0.01598 secs)
2025-04-22 00:09:30,548 [DEBUG]  OP: Operation.SPLIT_COLUMNS on slice (167, 11) (remaining tasks 27)
2025-04-22 00:09:30,866 [DEBUG]  		found 1 col clusters (in 0.31809 secs)
2025-04-22 00:09:30,867 [DEBUG]  OP: Operation.SPLIT_COLUMNS on slice (95, 11) (remaining tasks 27)
2025-04-22 00:09:31,143 [DEBUG]  		found 1 col clusters (in 0.27622 secs)
2025-04-22 00:09:31,144 [DEBUG]  OP: Operation.SPLIT_COLUMNS on slice (171, 11) (remaining tasks 27)
2025-04-22 00:09:31,469 [DEBUG]  		found 1 col clusters (in 0.32483 secs)
2025-04-22 00:09:31,469 [DEBUG]  OP: Operation.SPLIT_COLUMNS on slice (251, 11) (remaining tasks 27)
2025-04-22 00:09:33,098 [DEBUG]  		found 1 col clusters (in 1.62915 secs)
2025-04-22 00:09:33,099 [DEBUG]  OP: Operation.SPLIT_COLUMNS on slice (102, 11) (remaining tasks 27)
2025-04-22 00:09:33,371 [DEBUG]  		found 1 col clusters (in 0.27244 secs)
2025-04-22 00:09:33,372 [DEBUG]  OP: Operation.NAIVE_FACTORIZATION on slice (17, 11) (remaining tasks 27)
2025-04-22 00:09:33,379 [DEBUG]  		naive factorization 11 columns (in 0.00727 secs)
2025-04-22 00:09:33,380 [DEBUG]  OP: Operation.NAIVE_FACTORIZATION on slice (51, 11) (remaining tasks 26)
2025-04-22 00:09:33,385 [DEBUG]  		naive factorization 11 columns (in 0.00551 secs)
2025-04-22 00:09:33,386 [DEBUG]  OP: Operation.SPLIT_COLUMNS on slice (119, 11) (remaining tasks 25)
2025-04-22 00:09:33,618 [DEBUG]  		found 1 col clusters (in 0.23193 secs)
2025-04-22 00:09:33,618 [DEBUG]  OP: Operation.SPLIT_COLUMNS on slice (93, 11) (remaining tasks 25)
2025-04-22 00:09:33,833 [DEBUG]  		found 1 col clusters (in 0.21469 secs)
2025-04-22 00:09:33,834 [DEBUG]  OP: Operation.SPLIT_COLUMNS on slice (80, 11) (remaining tasks 25)
2025-04-22 00:09:34,049 [DEBUG]  		found 1 col clusters (in 0.21537 secs)
2025-04-22 00:09:34,050 [DEBUG]  OP: Operation.SPLIT_COLUMNS on slice (165, 11) (remaining tasks 25)
2025-04-22 00:09:34,368 [DEBUG]  		found 1 col clusters (in 0.31805 secs)
2025-04-22 00:09:34,368 [DEBUG]  OP: Operation.NAIVE_FACTORIZATION on slice (58, 11) (remaining tasks 25)
2025-04-22 00:09:34,373 [DEBUG]  		naive factorization 11 columns (in 0.00411 secs)
2025-04-22 00:09:34,373 [DEBUG]  OP: Operation.SPLIT_COLUMNS on slice (324, 11) (remaining tasks 24)
2025-04-22 00:09:36,118 [DEBUG]  		found 1 col clusters (in 1.74459 secs)
2025-04-22 00:09:36,118 [DEBUG]  OP: Operation.NAIVE_FACTORIZATION on slice (56, 11) (remaining tasks 24)
2025-04-22 00:09:36,123 [DEBUG]  		naive factorization 11 columns (in 0.00431 secs)
2025-04-22 00:09:36,123 [DEBUG]  OP: Operation.SPLIT_COLUMNS on slice (208, 11) (remaining tasks 23)
2025-04-22 00:09:37,764 [DEBUG]  		found 1 col clusters (in 1.64033 secs)
2025-04-22 00:09:37,764 [DEBUG]  OP: Operation.SPLIT_COLUMNS on slice (153, 11) (remaining tasks 23)
2025-04-22 00:09:38,207 [DEBUG]  		found 1 col clusters (in 0.44269 secs)
2025-04-22 00:09:38,207 [DEBUG]  OP: Operation.SPLIT_ROWS on slice (680, 10) (remaining tasks 23)
2025-04-22 00:09:38,286 [DEBUG]  		found 2 row clusters (in 0.07818 secs)
2025-04-22 00:09:38,286 [DEBUG]  OP: Operation.SPLIT_ROWS on slice (470, 10) (remaining tasks 24)
2025-04-22 00:09:38,349 [DEBUG]  		found 2 row clusters (in 0.06244 secs)
2025-04-22 00:09:38,349 [DEBUG]  OP: Operation.SPLIT_ROWS on slice (1652, 10) (remaining tasks 25)
2025-04-22 00:09:38,395 [DEBUG]  		found 2 row clusters (in 0.04559 secs)
2025-04-22 00:09:38,395 [DEBUG]  OP: Operation.SPLIT_ROWS on slice (717, 10) (remaining tasks 26)
2025-04-22 00:09:38,430 [DEBUG]  		found 2 row clusters (in 0.03526 secs)
2025-04-22 00:09:38,431 [DEBUG]  OP: Operation.SPLIT_COLUMNS on slice (247, 11) (remaining tasks 27)
2025-04-22 00:09:40,263 [DEBUG]  		found 1 col clusters (in 1.83196 secs)
2025-04-22 00:09:40,263 [DEBUG]  OP: Operation.SPLIT_COLUMNS on slice (427, 11) (remaining tasks 27)
2025-04-22 00:09:42,421 [DEBUG]  		found 1 col clusters (in 2.15786 secs)
2025-04-22 00:09:42,422 [DEBUG]  OP: Operation.SPLIT_COLUMNS on slice (475, 11) (remaining tasks 27)
2025-04-22 00:09:44,677 [DEBUG]  		found 1 col clusters (in 2.25470 secs)
2025-04-22 00:09:44,677 [DEBUG]  OP: Operation.SPLIT_COLUMNS on slice (135, 11) (remaining tasks 27)
2025-04-22 00:09:45,016 [DEBUG]  		found 1 col clusters (in 0.33852 secs)
2025-04-22 00:09:45,016 [DEBUG]  OP: Operation.SPLIT_COLUMNS on slice (130, 11) (remaining tasks 27)
2025-04-22 00:09:45,356 [DEBUG]  		found 1 col clusters (in 0.33904 secs)
2025-04-22 00:09:45,356 [DEBUG]  OP: Operation.NAIVE_FACTORIZATION on slice (32, 11) (remaining tasks 27)
2025-04-22 00:09:45,362 [DEBUG]  		naive factorization 11 columns (in 0.00537 secs)
2025-04-22 00:09:45,362 [DEBUG]  OP: Operation.NAIVE_FACTORIZATION on slice (21, 11) (remaining tasks 26)
2025-04-22 00:09:45,367 [DEBUG]  		naive factorization 11 columns (in 0.00472 secs)
2025-04-22 00:09:45,367 [DEBUG]  OP: Operation.NAIVE_FACTORIZATION on slice (62, 11) (remaining tasks 25)
2025-04-22 00:09:45,371 [DEBUG]  		naive factorization 11 columns (in 0.00417 secs)
2025-04-22 00:09:45,372 [DEBUG]  OP: Operation.SPLIT_ROWS on slice (167, 11) (remaining tasks 24)
2025-04-22 00:09:45,450 [DEBUG]  		found 2 row clusters (in 0.07794 secs)
2025-04-22 00:09:45,451 [DEBUG]  OP: Operation.SPLIT_ROWS on slice (95, 11) (remaining tasks 25)
2025-04-22 00:09:45,487 [DEBUG]  		found 2 row clusters (in 0.03571 secs)
2025-04-22 00:09:45,487 [DEBUG]  OP: Operation.SPLIT_ROWS on slice (171, 11) (remaining tasks 26)
2025-04-22 00:09:45,514 [DEBUG]  		found 2 row clusters (in 0.02740 secs)
2025-04-22 00:09:45,515 [DEBUG]  OP: Operation.SPLIT_ROWS on slice (251, 11) (remaining tasks 27)
2025-04-22 00:09:45,534 [DEBUG]  		found 2 row clusters (in 0.01943 secs)
2025-04-22 00:09:45,534 [DEBUG]  OP: Operation.SPLIT_ROWS on slice (102, 11) (remaining tasks 28)
2025-04-22 00:09:45,553 [DEBUG]  		found 2 row clusters (in 0.01825 secs)
2025-04-22 00:09:45,553 [DEBUG]  OP: Operation.SPLIT_ROWS on slice (119, 11) (remaining tasks 29)
2025-04-22 00:09:45,569 [DEBUG]  		found 2 row clusters (in 0.01574 secs)
2025-04-22 00:09:45,569 [DEBUG]  OP: Operation.SPLIT_ROWS on slice (93, 11) (remaining tasks 30)
2025-04-22 00:09:45,587 [DEBUG]  		found 2 row clusters (in 0.01766 secs)
2025-04-22 00:09:45,587 [DEBUG]  OP: Operation.SPLIT_ROWS on slice (80, 11) (remaining tasks 31)
2025-04-22 00:09:45,602 [DEBUG]  		found 2 row clusters (in 0.01488 secs)
2025-04-22 00:09:45,602 [DEBUG]  OP: Operation.SPLIT_ROWS on slice (165, 11) (remaining tasks 32)
2025-04-22 00:09:45,626 [DEBUG]  		found 2 row clusters (in 0.02429 secs)
2025-04-22 00:09:45,626 [DEBUG]  OP: Operation.SPLIT_ROWS on slice (324, 11) (remaining tasks 33)
2025-04-22 00:09:45,655 [DEBUG]  		found 2 row clusters (in 0.02860 secs)
2025-04-22 00:09:45,655 [DEBUG]  OP: Operation.SPLIT_ROWS on slice (208, 11) (remaining tasks 34)
2025-04-22 00:09:45,674 [DEBUG]  		found 2 row clusters (in 0.01821 secs)
2025-04-22 00:09:45,674 [DEBUG]  OP: Operation.SPLIT_ROWS on slice (153, 11) (remaining tasks 35)
2025-04-22 00:09:45,695 [DEBUG]  		found 2 row clusters (in 0.02098 secs)
2025-04-22 00:09:45,695 [DEBUG]  OP: Operation.SPLIT_COLUMNS on slice (307, 10) (remaining tasks 36)
2025-04-22 00:09:47,160 [DEBUG]  		found 1 col clusters (in 1.46503 secs)
2025-04-22 00:09:47,161 [DEBUG]  OP: Operation.SPLIT_COLUMNS on slice (373, 10) (remaining tasks 36)
2025-04-22 00:09:48,565 [DEBUG]  		found 1 col clusters (in 1.40453 secs)
2025-04-22 00:09:48,566 [DEBUG]  OP: Operation.SPLIT_COLUMNS on slice (143, 10) (remaining tasks 36)
2025-04-22 00:09:48,870 [DEBUG]  		found 1 col clusters (in 0.30356 secs)
2025-04-22 00:09:48,870 [DEBUG]  OP: Operation.SPLIT_COLUMNS on slice (327, 10) (remaining tasks 36)
2025-04-22 00:09:51,006 [DEBUG]  		found 1 col clusters (in 2.13532 secs)
2025-04-22 00:09:51,007 [DEBUG]  OP: Operation.SPLIT_COLUMNS on slice (668, 10) (remaining tasks 36)
2025-04-22 00:09:51,589 [DEBUG]  		found 1 col clusters (in 0.58148 secs)
2025-04-22 00:09:51,589 [DEBUG]  OP: Operation.SPLIT_COLUMNS on slice (984, 10) (remaining tasks 36)
2025-04-22 00:09:54,253 [DEBUG]  		found 1 col clusters (in 2.66353 secs)
2025-04-22 00:09:54,253 [DEBUG]  OP: Operation.SPLIT_COLUMNS on slice (278, 10) (remaining tasks 36)
2025-04-22 00:09:55,900 [DEBUG]  		found 1 col clusters (in 1.64674 secs)
2025-04-22 00:09:55,900 [DEBUG]  OP: Operation.SPLIT_COLUMNS on slice (439, 10) (remaining tasks 36)
2025-04-22 00:09:57,525 [DEBUG]  		found 1 col clusters (in 1.62489 secs)
2025-04-22 00:09:57,526 [DEBUG]  OP: Operation.SPLIT_ROWS on slice (247, 11) (remaining tasks 36)
2025-04-22 00:09:57,569 [DEBUG]  		found 2 row clusters (in 0.04229 secs)
2025-04-22 00:09:57,569 [DEBUG]  OP: Operation.SPLIT_ROWS on slice (427, 11) (remaining tasks 37)
2025-04-22 00:09:57,618 [DEBUG]  		found 2 row clusters (in 0.04907 secs)
2025-04-22 00:09:57,619 [DEBUG]  OP: Operation.SPLIT_ROWS on slice (475, 11) (remaining tasks 38)
2025-04-22 00:09:57,648 [DEBUG]  		found 2 row clusters (in 0.02926 secs)
2025-04-22 00:09:57,648 [DEBUG]  OP: Operation.SPLIT_ROWS on slice (135, 11) (remaining tasks 39)
2025-04-22 00:09:57,666 [DEBUG]  		found 2 row clusters (in 0.01758 secs)
2025-04-22 00:09:57,666 [DEBUG]  OP: Operation.SPLIT_ROWS on slice (130, 11) (remaining tasks 40)
2025-04-22 00:09:57,684 [DEBUG]  		found 2 row clusters (in 0.01784 secs)
2025-04-22 00:09:57,684 [DEBUG]  OP: Operation.SPLIT_COLUMNS on slice (84, 11) (remaining tasks 41)
2025-04-22 00:09:57,893 [DEBUG]  		found 1 col clusters (in 0.20877 secs)
2025-04-22 00:09:57,894 [DEBUG]  OP: Operation.SPLIT_COLUMNS on slice (83, 11) (remaining tasks 41)
2025-04-22 00:09:58,115 [DEBUG]  		found 1 col clusters (in 0.22155 secs)
2025-04-22 00:09:58,116 [DEBUG]  OP: Operation.NAIVE_FACTORIZATION on slice (14, 11) (remaining tasks 41)
2025-04-22 00:09:58,120 [DEBUG]  		naive factorization 11 columns (in 0.00433 secs)
2025-04-22 00:09:58,121 [DEBUG]  OP: Operation.SPLIT_COLUMNS on slice (81, 11) (remaining tasks 40)
2025-04-22 00:09:58,337 [DEBUG]  		found 1 col clusters (in 0.21601 secs)
2025-04-22 00:09:58,337 [DEBUG]  OP: Operation.SPLIT_COLUMNS on slice (94, 11) (remaining tasks 40)
2025-04-22 00:09:58,565 [DEBUG]  		found 1 col clusters (in 0.22698 secs)
2025-04-22 00:09:58,565 [DEBUG]  OP: Operation.SPLIT_COLUMNS on slice (77, 11) (remaining tasks 40)
2025-04-22 00:09:58,782 [DEBUG]  		found 1 col clusters (in 0.21649 secs)
2025-04-22 00:09:58,782 [DEBUG]  OP: Operation.SPLIT_COLUMNS on slice (125, 11) (remaining tasks 40)
2025-04-22 00:09:59,003 [DEBUG]  		found 1 col clusters (in 0.21994 secs)
2025-04-22 00:09:59,003 [DEBUG]  OP: Operation.SPLIT_COLUMNS on slice (126, 11) (remaining tasks 40)
2025-04-22 00:09:59,226 [DEBUG]  		found 1 col clusters (in 0.22304 secs)
2025-04-22 00:09:59,227 [DEBUG]  OP: Operation.NAIVE_FACTORIZATION on slice (24, 11) (remaining tasks 40)
2025-04-22 00:09:59,231 [DEBUG]  		naive factorization 11 columns (in 0.00361 secs)
2025-04-22 00:09:59,231 [DEBUG]  OP: Operation.SPLIT_COLUMNS on slice (78, 11) (remaining tasks 39)
2025-04-22 00:09:59,447 [DEBUG]  		found 1 col clusters (in 0.21596 secs)
2025-04-22 00:09:59,448 [DEBUG]  OP: Operation.NAIVE_FACTORIZATION on slice (14, 11) (remaining tasks 39)
2025-04-22 00:09:59,451 [DEBUG]  		naive factorization 11 columns (in 0.00346 secs)
2025-04-22 00:09:59,452 [DEBUG]  OP: Operation.SPLIT_COLUMNS on slice (105, 11) (remaining tasks 38)
2025-04-22 00:09:59,683 [DEBUG]  		found 1 col clusters (in 0.23132 secs)
2025-04-22 00:09:59,684 [DEBUG]  OP: Operation.NAIVE_FACTORIZATION on slice (32, 11) (remaining tasks 38)
2025-04-22 00:09:59,688 [DEBUG]  		naive factorization 11 columns (in 0.00357 secs)
2025-04-22 00:09:59,688 [DEBUG]  OP: Operation.NAIVE_FACTORIZATION on slice (61, 11) (remaining tasks 37)
2025-04-22 00:09:59,692 [DEBUG]  		naive factorization 11 columns (in 0.00396 secs)
2025-04-22 00:09:59,693 [DEBUG]  OP: Operation.NAIVE_FACTORIZATION on slice (65, 11) (remaining tasks 36)
2025-04-22 00:09:59,698 [DEBUG]  		naive factorization 11 columns (in 0.00495 secs)
2025-04-22 00:09:59,698 [DEBUG]  OP: Operation.NAIVE_FACTORIZATION on slice (15, 11) (remaining tasks 35)
2025-04-22 00:09:59,702 [DEBUG]  		naive factorization 11 columns (in 0.00355 secs)
2025-04-22 00:09:59,703 [DEBUG]  OP: Operation.NAIVE_FACTORIZATION on slice (68, 11) (remaining tasks 34)
2025-04-22 00:09:59,707 [DEBUG]  		naive factorization 11 columns (in 0.00375 secs)
2025-04-22 00:09:59,707 [DEBUG]  OP: Operation.SPLIT_COLUMNS on slice (97, 11) (remaining tasks 33)
2025-04-22 00:10:00,030 [DEBUG]  		found 1 col clusters (in 0.32223 secs)
2025-04-22 00:10:00,030 [DEBUG]  OP: Operation.SPLIT_COLUMNS on slice (163, 11) (remaining tasks 33)
2025-04-22 00:10:00,351 [DEBUG]  		found 1 col clusters (in 0.32050 secs)
2025-04-22 00:10:00,351 [DEBUG]  OP: Operation.SPLIT_COLUMNS on slice (161, 11) (remaining tasks 33)
2025-04-22 00:10:00,732 [DEBUG]  		found 1 col clusters (in 0.38031 secs)
2025-04-22 00:10:00,732 [DEBUG]  OP: Operation.SPLIT_COLUMNS on slice (180, 11) (remaining tasks 33)
2025-04-22 00:10:01,006 [DEBUG]  		found 1 col clusters (in 0.27383 secs)
2025-04-22 00:10:01,007 [DEBUG]  OP: Operation.NAIVE_FACTORIZATION on slice (28, 11) (remaining tasks 33)
2025-04-22 00:10:01,014 [DEBUG]  		naive factorization 11 columns (in 0.00713 secs)
2025-04-22 00:10:01,015 [DEBUG]  OP: Operation.NAIVE_FACTORIZATION on slice (47, 11) (remaining tasks 32)
2025-04-22 00:10:01,022 [DEBUG]  		naive factorization 11 columns (in 0.00706 secs)
2025-04-22 00:10:01,022 [DEBUG]  OP: Operation.SPLIT_COLUMNS on slice (106, 11) (remaining tasks 31)
2025-04-22 00:10:01,361 [DEBUG]  		found 1 col clusters (in 0.33824 secs)
2025-04-22 00:10:01,361 [DEBUG]  OP: Operation.SPLIT_ROWS on slice (307, 10) (remaining tasks 31)
2025-04-22 00:10:01,427 [DEBUG]  		found 2 row clusters (in 0.06524 secs)
2025-04-22 00:10:01,427 [DEBUG]  OP: Operation.SPLIT_ROWS on slice (373, 10) (remaining tasks 32)
2025-04-22 00:10:01,474 [DEBUG]  		found 2 row clusters (in 0.04639 secs)
2025-04-22 00:10:01,474 [DEBUG]  OP: Operation.SPLIT_ROWS on slice (143, 10) (remaining tasks 33)
2025-04-22 00:10:01,496 [DEBUG]  		found 2 row clusters (in 0.02203 secs)
2025-04-22 00:10:01,496 [DEBUG]  OP: Operation.SPLIT_ROWS on slice (327, 10) (remaining tasks 34)
2025-04-22 00:10:01,526 [DEBUG]  		found 2 row clusters (in 0.02955 secs)
2025-04-22 00:10:01,526 [DEBUG]  OP: Operation.SPLIT_ROWS on slice (668, 10) (remaining tasks 35)
2025-04-22 00:10:01,565 [DEBUG]  		found 2 row clusters (in 0.03894 secs)
2025-04-22 00:10:01,566 [DEBUG]  OP: Operation.SPLIT_ROWS on slice (984, 10) (remaining tasks 36)
2025-04-22 00:10:01,599 [DEBUG]  		found 2 row clusters (in 0.03382 secs)
2025-04-22 00:10:01,600 [DEBUG]  OP: Operation.SPLIT_ROWS on slice (278, 10) (remaining tasks 37)
2025-04-22 00:10:01,624 [DEBUG]  		found 2 row clusters (in 0.02458 secs)
2025-04-22 00:10:01,624 [DEBUG]  OP: Operation.SPLIT_ROWS on slice (439, 10) (remaining tasks 38)
2025-04-22 00:10:01,658 [DEBUG]  		found 2 row clusters (in 0.03349 secs)
2025-04-22 00:10:01,658 [DEBUG]  OP: Operation.SPLIT_COLUMNS on slice (85, 11) (remaining tasks 39)
2025-04-22 00:10:01,873 [DEBUG]  		found 1 col clusters (in 0.21505 secs)
2025-04-22 00:10:01,874 [DEBUG]  OP: Operation.SPLIT_COLUMNS on slice (162, 11) (remaining tasks 39)
2025-04-22 00:10:02,192 [DEBUG]  		found 1 col clusters (in 0.31831 secs)
2025-04-22 00:10:02,193 [DEBUG]  OP: Operation.SPLIT_COLUMNS on slice (240, 11) (remaining tasks 39)
2025-04-22 00:10:03,765 [DEBUG]  		found 1 col clusters (in 1.57226 secs)
2025-04-22 00:10:03,765 [DEBUG]  OP: Operation.SPLIT_COLUMNS on slice (187, 11) (remaining tasks 39)
2025-04-22 00:10:04,207 [DEBUG]  		found 1 col clusters (in 0.44122 secs)
2025-04-22 00:10:04,207 [DEBUG]  OP: Operation.SPLIT_COLUMNS on slice (205, 11) (remaining tasks 39)
2025-04-22 00:10:05,660 [DEBUG]  		found 1 col clusters (in 1.45225 secs)
2025-04-22 00:10:05,660 [DEBUG]  OP: Operation.SPLIT_COLUMNS on slice (270, 11) (remaining tasks 39)
2025-04-22 00:10:07,222 [DEBUG]  		found 1 col clusters (in 1.56115 secs)
2025-04-22 00:10:07,222 [DEBUG]  OP: Operation.SPLIT_COLUMNS on slice (76, 11) (remaining tasks 39)
2025-04-22 00:10:07,529 [DEBUG]  		found 1 col clusters (in 0.30675 secs)
2025-04-22 00:10:07,530 [DEBUG]  OP: Operation.NAIVE_FACTORIZATION on slice (59, 11) (remaining tasks 39)
2025-04-22 00:10:07,535 [DEBUG]  		naive factorization 11 columns (in 0.00501 secs)
2025-04-22 00:10:07,535 [DEBUG]  OP: Operation.SPLIT_COLUMNS on slice (73, 11) (remaining tasks 38)
2025-04-22 00:10:07,751 [DEBUG]  		found 1 col clusters (in 0.21551 secs)
2025-04-22 00:10:07,751 [DEBUG]  OP: Operation.NAIVE_FACTORIZATION on slice (57, 11) (remaining tasks 38)
2025-04-22 00:10:07,756 [DEBUG]  		naive factorization 11 columns (in 0.00399 secs)
2025-04-22 00:10:07,756 [DEBUG]  OP: Operation.SPLIT_ROWS on slice (84, 11) (remaining tasks 37)
2025-04-22 00:10:07,796 [DEBUG]  		found 2 row clusters (in 0.03973 secs)
2025-04-22 00:10:07,797 [DEBUG]  OP: Operation.SPLIT_ROWS on slice (83, 11) (remaining tasks 38)
2025-04-22 00:10:07,828 [DEBUG]  		found 2 row clusters (in 0.03159 secs)
2025-04-22 00:10:07,829 [DEBUG]  OP: Operation.SPLIT_ROWS on slice (81, 11) (remaining tasks 39)
2025-04-22 00:10:07,855 [DEBUG]  		found 2 row clusters (in 0.02655 secs)
2025-04-22 00:10:07,856 [DEBUG]  OP: Operation.SPLIT_ROWS on slice (94, 11) (remaining tasks 40)
2025-04-22 00:10:07,880 [DEBUG]  		found 2 row clusters (in 0.02403 secs)
2025-04-22 00:10:07,880 [DEBUG]  OP: Operation.SPLIT_ROWS on slice (77, 11) (remaining tasks 41)
2025-04-22 00:10:07,896 [DEBUG]  		found 2 row clusters (in 0.01560 secs)
2025-04-22 00:10:07,896 [DEBUG]  OP: Operation.SPLIT_ROWS on slice (125, 11) (remaining tasks 42)
2025-04-22 00:10:07,915 [DEBUG]  		found 2 row clusters (in 0.01882 secs)
2025-04-22 00:10:07,915 [DEBUG]  OP: Operation.SPLIT_ROWS on slice (126, 11) (remaining tasks 43)
2025-04-22 00:10:07,932 [DEBUG]  		found 2 row clusters (in 0.01680 secs)
2025-04-22 00:10:07,932 [DEBUG]  OP: Operation.SPLIT_ROWS on slice (78, 11) (remaining tasks 44)
2025-04-22 00:10:07,945 [DEBUG]  		found 2 row clusters (in 0.01289 secs)
2025-04-22 00:10:07,945 [DEBUG]  OP: Operation.SPLIT_ROWS on slice (105, 11) (remaining tasks 45)
2025-04-22 00:10:07,971 [DEBUG]  		found 2 row clusters (in 0.02608 secs)
2025-04-22 00:10:07,971 [DEBUG]  OP: Operation.SPLIT_ROWS on slice (97, 11) (remaining tasks 46)
2025-04-22 00:10:07,990 [DEBUG]  		found 2 row clusters (in 0.01862 secs)
2025-04-22 00:10:07,990 [DEBUG]  OP: Operation.SPLIT_ROWS on slice (163, 11) (remaining tasks 47)
2025-04-22 00:10:08,014 [DEBUG]  		found 2 row clusters (in 0.02351 secs)
2025-04-22 00:10:08,014 [DEBUG]  OP: Operation.SPLIT_ROWS on slice (161, 11) (remaining tasks 48)
2025-04-22 00:10:08,032 [DEBUG]  		found 2 row clusters (in 0.01739 secs)
2025-04-22 00:10:08,032 [DEBUG]  OP: Operation.SPLIT_ROWS on slice (180, 11) (remaining tasks 49)
2025-04-22 00:10:08,053 [DEBUG]  		found 2 row clusters (in 0.02095 secs)
2025-04-22 00:10:08,053 [DEBUG]  OP: Operation.SPLIT_ROWS on slice (106, 11) (remaining tasks 50)
2025-04-22 00:10:08,069 [DEBUG]  		found 2 row clusters (in 0.01556 secs)
2025-04-22 00:10:08,069 [DEBUG]  OP: Operation.SPLIT_COLUMNS on slice (196, 10) (remaining tasks 51)
2025-04-22 00:10:09,126 [DEBUG]  		found 1 col clusters (in 1.05686 secs)
2025-04-22 00:10:09,126 [DEBUG]  OP: Operation.SPLIT_COLUMNS on slice (111, 10) (remaining tasks 51)
2025-04-22 00:10:09,396 [DEBUG]  		found 1 col clusters (in 0.26959 secs)
2025-04-22 00:10:09,397 [DEBUG]  OP: Operation.SPLIT_COLUMNS on slice (298, 10) (remaining tasks 51)
2025-04-22 00:10:10,826 [DEBUG]  		found 1 col clusters (in 1.42885 secs)
2025-04-22 00:10:10,826 [DEBUG]  OP: Operation.SPLIT_COLUMNS on slice (75, 10) (remaining tasks 51)
2025-04-22 00:10:11,117 [DEBUG]  		found 1 col clusters (in 0.29046 secs)
2025-04-22 00:10:11,117 [DEBUG]  OP: Operation.SPLIT_COLUMNS on slice (100, 10) (remaining tasks 51)
2025-04-22 00:10:11,333 [DEBUG]  		found 1 col clusters (in 0.21508 secs)
2025-04-22 00:10:11,333 [DEBUG]  OP: Operation.NAIVE_FACTORIZATION on slice (43, 10) (remaining tasks 51)
2025-04-22 00:10:11,338 [DEBUG]  		naive factorization 10 columns (in 0.00453 secs)
2025-04-22 00:10:11,338 [DEBUG]  OP: Operation.SPLIT_COLUMNS on slice (253, 10) (remaining tasks 50)
2025-04-22 00:10:12,829 [DEBUG]  		found 1 col clusters (in 1.49051 secs)
2025-04-22 00:10:12,830 [DEBUG]  OP: Operation.SPLIT_COLUMNS on slice (74, 10) (remaining tasks 50)
2025-04-22 00:10:13,128 [DEBUG]  		found 1 col clusters (in 0.29799 secs)
2025-04-22 00:10:13,129 [DEBUG]  OP: Operation.SPLIT_COLUMNS on slice (147, 10) (remaining tasks 50)
2025-04-22 00:10:13,346 [DEBUG]  		found 1 col clusters (in 0.21684 secs)
2025-04-22 00:10:13,346 [DEBUG]  OP: Operation.SPLIT_COLUMNS on slice (521, 10) (remaining tasks 50)
2025-04-22 00:10:15,375 [DEBUG]  		found 1 col clusters (in 2.02814 secs)
2025-04-22 00:10:15,375 [DEBUG]  OP: Operation.SPLIT_COLUMNS on slice (596, 10) (remaining tasks 50)
2025-04-22 00:10:16,255 [DEBUG]  		found 1 col clusters (in 0.87952 secs)
2025-04-22 00:10:16,255 [DEBUG]  OP: Operation.SPLIT_COLUMNS on slice (388, 10) (remaining tasks 50)
2025-04-22 00:10:17,893 [DEBUG]  		found 1 col clusters (in 1.63778 secs)
2025-04-22 00:10:17,894 [DEBUG]  OP: Operation.SPLIT_COLUMNS on slice (109, 10) (remaining tasks 50)
2025-04-22 00:10:18,155 [DEBUG]  		found 1 col clusters (in 0.26057 secs)
2025-04-22 00:10:18,155 [DEBUG]  OP: Operation.SPLIT_COLUMNS on slice (169, 10) (remaining tasks 50)
2025-04-22 00:10:18,474 [DEBUG]  		found 1 col clusters (in 0.31829 secs)
2025-04-22 00:10:18,474 [DEBUG]  OP: Operation.SPLIT_COLUMNS on slice (223, 10) (remaining tasks 50)
2025-04-22 00:10:19,846 [DEBUG]  		found 1 col clusters (in 1.37121 secs)
2025-04-22 00:10:19,846 [DEBUG]  OP: Operation.SPLIT_COLUMNS on slice (216, 10) (remaining tasks 50)
2025-04-22 00:10:21,280 [DEBUG]  		found 1 col clusters (in 1.43341 secs)
2025-04-22 00:10:21,280 [DEBUG]  OP: Operation.SPLIT_ROWS on slice (85, 11) (remaining tasks 50)
2025-04-22 00:10:21,313 [DEBUG]  		found 2 row clusters (in 0.03241 secs)
2025-04-22 00:10:21,313 [DEBUG]  OP: Operation.SPLIT_ROWS on slice (162, 11) (remaining tasks 51)
2025-04-22 00:10:21,373 [DEBUG]  		found 2 row clusters (in 0.05963 secs)
2025-04-22 00:10:21,373 [DEBUG]  OP: Operation.SPLIT_ROWS on slice (240, 11) (remaining tasks 52)
2025-04-22 00:10:21,402 [DEBUG]  		found 2 row clusters (in 0.02926 secs)
2025-04-22 00:10:21,403 [DEBUG]  OP: Operation.SPLIT_ROWS on slice (187, 11) (remaining tasks 53)
2025-04-22 00:10:21,425 [DEBUG]  		found 2 row clusters (in 0.02204 secs)
2025-04-22 00:10:21,425 [DEBUG]  OP: Operation.SPLIT_ROWS on slice (205, 11) (remaining tasks 54)
2025-04-22 00:10:21,445 [DEBUG]  		found 2 row clusters (in 0.02009 secs)
2025-04-22 00:10:21,445 [DEBUG]  OP: Operation.SPLIT_ROWS on slice (270, 11) (remaining tasks 55)
2025-04-22 00:10:21,463 [DEBUG]  		found 2 row clusters (in 0.01803 secs)
2025-04-22 00:10:21,464 [DEBUG]  OP: Operation.SPLIT_ROWS on slice (76, 11) (remaining tasks 56)
2025-04-22 00:10:21,479 [DEBUG]  		found 2 row clusters (in 0.01526 secs)
2025-04-22 00:10:21,479 [DEBUG]  OP: Operation.SPLIT_ROWS on slice (73, 11) (remaining tasks 57)
2025-04-22 00:10:21,500 [DEBUG]  		found 2 row clusters (in 0.02069 secs)
2025-04-22 00:10:21,500 [DEBUG]  OP: Operation.NAIVE_FACTORIZATION on slice (33, 11) (remaining tasks 58)
2025-04-22 00:10:21,504 [DEBUG]  		naive factorization 11 columns (in 0.00392 secs)
2025-04-22 00:10:21,504 [DEBUG]  OP: Operation.NAIVE_FACTORIZATION on slice (51, 11) (remaining tasks 57)
2025-04-22 00:10:21,509 [DEBUG]  		naive factorization 11 columns (in 0.00422 secs)
2025-04-22 00:10:21,509 [DEBUG]  OP: Operation.NAIVE_FACTORIZATION on slice (14, 11) (remaining tasks 56)
2025-04-22 00:10:21,513 [DEBUG]  		naive factorization 11 columns (in 0.00431 secs)
2025-04-22 00:10:21,513 [DEBUG]  OP: Operation.NAIVE_FACTORIZATION on slice (69, 11) (remaining tasks 55)
2025-04-22 00:10:21,517 [DEBUG]  		naive factorization 11 columns (in 0.00392 secs)
2025-04-22 00:10:21,518 [DEBUG]  OP: Operation.NAIVE_FACTORIZATION on slice (25, 11) (remaining tasks 54)
2025-04-22 00:10:21,522 [DEBUG]  		naive factorization 11 columns (in 0.00395 secs)
2025-04-22 00:10:21,522 [DEBUG]  OP: Operation.NAIVE_FACTORIZATION on slice (56, 11) (remaining tasks 53)
2025-04-22 00:10:21,527 [DEBUG]  		naive factorization 11 columns (in 0.00476 secs)
2025-04-22 00:10:21,527 [DEBUG]  OP: Operation.SPLIT_COLUMNS on slice (77, 11) (remaining tasks 52)
2025-04-22 00:10:21,740 [DEBUG]  		found 1 col clusters (in 0.21295 secs)
2025-04-22 00:10:21,741 [DEBUG]  OP: Operation.NAIVE_FACTORIZATION on slice (17, 11) (remaining tasks 52)
2025-04-22 00:10:21,744 [DEBUG]  		naive factorization 11 columns (in 0.00343 secs)
2025-04-22 00:10:21,745 [DEBUG]  OP: Operation.NAIVE_FACTORIZATION on slice (47, 11) (remaining tasks 51)
2025-04-22 00:10:21,749 [DEBUG]  		naive factorization 11 columns (in 0.00437 secs)
2025-04-22 00:10:21,750 [DEBUG]  OP: Operation.NAIVE_FACTORIZATION on slice (30, 11) (remaining tasks 50)
2025-04-22 00:10:21,754 [DEBUG]  		naive factorization 11 columns (in 0.00418 secs)
2025-04-22 00:10:21,755 [DEBUG]  OP: Operation.NAIVE_FACTORIZATION on slice (34, 11) (remaining tasks 49)
2025-04-22 00:10:21,759 [DEBUG]  		naive factorization 11 columns (in 0.00351 secs)
2025-04-22 00:10:21,759 [DEBUG]  OP: Operation.SPLIT_COLUMNS on slice (91, 11) (remaining tasks 48)
2025-04-22 00:10:21,977 [DEBUG]  		found 1 col clusters (in 0.21763 secs)
2025-04-22 00:10:21,977 [DEBUG]  OP: Operation.NAIVE_FACTORIZATION on slice (64, 11) (remaining tasks 48)
2025-04-22 00:10:21,983 [DEBUG]  		naive factorization 11 columns (in 0.00495 secs)
2025-04-22 00:10:21,983 [DEBUG]  OP: Operation.NAIVE_FACTORIZATION on slice (62, 11) (remaining tasks 47)
2025-04-22 00:10:21,988 [DEBUG]  		naive factorization 11 columns (in 0.00476 secs)
2025-04-22 00:10:21,989 [DEBUG]  OP: Operation.NAIVE_FACTORIZATION on slice (62, 11) (remaining tasks 46)
2025-04-22 00:10:21,993 [DEBUG]  		naive factorization 11 columns (in 0.00419 secs)
2025-04-22 00:10:21,993 [DEBUG]  OP: Operation.NAIVE_FACTORIZATION on slice (16, 11) (remaining tasks 45)
2025-04-22 00:10:21,998 [DEBUG]  		naive factorization 11 columns (in 0.00440 secs)
2025-04-22 00:10:21,999 [DEBUG]  OP: Operation.NAIVE_FACTORIZATION on slice (46, 11) (remaining tasks 44)
2025-04-22 00:10:22,004 [DEBUG]  		naive factorization 11 columns (in 0.00532 secs)
2025-04-22 00:10:22,005 [DEBUG]  OP: Operation.NAIVE_FACTORIZATION on slice (59, 11) (remaining tasks 43)
2025-04-22 00:10:22,009 [DEBUG]  		naive factorization 11 columns (in 0.00389 secs)
2025-04-22 00:10:22,009 [DEBUG]  OP: Operation.NAIVE_FACTORIZATION on slice (28, 11) (remaining tasks 42)
2025-04-22 00:10:22,014 [DEBUG]  		naive factorization 11 columns (in 0.00440 secs)
2025-04-22 00:10:22,014 [DEBUG]  OP: Operation.NAIVE_FACTORIZATION on slice (69, 11) (remaining tasks 41)
2025-04-22 00:10:22,020 [DEBUG]  		naive factorization 11 columns (in 0.00549 secs)
2025-04-22 00:10:22,020 [DEBUG]  OP: Operation.SPLIT_COLUMNS on slice (93, 11) (remaining tasks 40)
2025-04-22 00:10:22,241 [DEBUG]  		found 1 col clusters (in 0.22021 secs)
2025-04-22 00:10:22,241 [DEBUG]  OP: Operation.NAIVE_FACTORIZATION on slice (70, 11) (remaining tasks 40)
2025-04-22 00:10:22,246 [DEBUG]  		naive factorization 11 columns (in 0.00427 secs)
2025-04-22 00:10:22,246 [DEBUG]  OP: Operation.NAIVE_FACTORIZATION on slice (13, 11) (remaining tasks 39)
2025-04-22 00:10:22,250 [DEBUG]  		naive factorization 11 columns (in 0.00352 secs)
2025-04-22 00:10:22,251 [DEBUG]  OP: Operation.SPLIT_COLUMNS on slice (148, 11) (remaining tasks 38)
2025-04-22 00:10:22,570 [DEBUG]  		found 1 col clusters (in 0.31901 secs)
2025-04-22 00:10:22,570 [DEBUG]  OP: Operation.SPLIT_COLUMNS on slice (84, 11) (remaining tasks 38)
2025-04-22 00:10:22,835 [DEBUG]  		found 1 col clusters (in 0.26450 secs)
2025-04-22 00:10:22,835 [DEBUG]  OP: Operation.SPLIT_COLUMNS on slice (96, 11) (remaining tasks 38)
2025-04-22 00:10:23,057 [DEBUG]  		found 1 col clusters (in 0.22120 secs)
2025-04-22 00:10:23,057 [DEBUG]  OP: Operation.SPLIT_COLUMNS on slice (83, 11) (remaining tasks 38)
2025-04-22 00:10:23,286 [DEBUG]  		found 1 col clusters (in 0.22865 secs)
2025-04-22 00:10:23,287 [DEBUG]  OP: Operation.NAIVE_FACTORIZATION on slice (23, 11) (remaining tasks 38)
2025-04-22 00:10:23,291 [DEBUG]  		naive factorization 11 columns (in 0.00382 secs)
2025-04-22 00:10:23,291 [DEBUG]  OP: Operation.SPLIT_ROWS on slice (196, 10) (remaining tasks 37)
2025-04-22 00:10:23,350 [DEBUG]  		found 2 row clusters (in 0.05869 secs)
2025-04-22 00:10:23,350 [DEBUG]  OP: Operation.SPLIT_ROWS on slice (111, 10) (remaining tasks 38)
2025-04-22 00:10:23,377 [DEBUG]  		found 2 row clusters (in 0.02680 secs)
2025-04-22 00:10:23,378 [DEBUG]  OP: Operation.SPLIT_ROWS on slice (298, 10) (remaining tasks 39)
2025-04-22 00:10:23,410 [DEBUG]  		found 2 row clusters (in 0.03202 secs)
2025-04-22 00:10:23,410 [DEBUG]  OP: Operation.SPLIT_ROWS on slice (75, 10) (remaining tasks 40)
2025-04-22 00:10:23,430 [DEBUG]  		found 2 row clusters (in 0.01948 secs)
2025-04-22 00:10:23,430 [DEBUG]  OP: Operation.SPLIT_ROWS on slice (100, 10) (remaining tasks 41)
2025-04-22 00:10:23,450 [DEBUG]  		found 2 row clusters (in 0.01990 secs)
2025-04-22 00:10:23,450 [DEBUG]  OP: Operation.SPLIT_ROWS on slice (253, 10) (remaining tasks 42)
2025-04-22 00:10:23,474 [DEBUG]  		found 2 row clusters (in 0.02407 secs)
2025-04-22 00:10:23,474 [DEBUG]  OP: Operation.SPLIT_ROWS on slice (74, 10) (remaining tasks 43)
2025-04-22 00:10:23,490 [DEBUG]  		found 2 row clusters (in 0.01587 secs)
2025-04-22 00:10:23,490 [DEBUG]  OP: Operation.SPLIT_ROWS on slice (147, 10) (remaining tasks 44)
2025-04-22 00:10:23,507 [DEBUG]  		found 2 row clusters (in 0.01607 secs)
2025-04-22 00:10:23,507 [DEBUG]  OP: Operation.SPLIT_ROWS on slice (521, 10) (remaining tasks 45)
2025-04-22 00:10:23,536 [DEBUG]  		found 2 row clusters (in 0.02934 secs)
2025-04-22 00:10:23,536 [DEBUG]  OP: Operation.SPLIT_ROWS on slice (596, 10) (remaining tasks 46)
2025-04-22 00:10:23,573 [DEBUG]  		found 2 row clusters (in 0.03682 secs)
2025-04-22 00:10:23,574 [DEBUG]  OP: Operation.SPLIT_ROWS on slice (388, 10) (remaining tasks 47)
2025-04-22 00:10:23,595 [DEBUG]  		found 2 row clusters (in 0.02094 secs)
2025-04-22 00:10:23,595 [DEBUG]  OP: Operation.SPLIT_ROWS on slice (109, 10) (remaining tasks 48)
2025-04-22 00:10:23,614 [DEBUG]  		found 2 row clusters (in 0.01885 secs)
2025-04-22 00:10:23,614 [DEBUG]  OP: Operation.SPLIT_ROWS on slice (169, 10) (remaining tasks 49)
2025-04-22 00:10:23,634 [DEBUG]  		found 2 row clusters (in 0.01995 secs)
2025-04-22 00:10:23,634 [DEBUG]  OP: Operation.SPLIT_ROWS on slice (223, 10) (remaining tasks 50)
2025-04-22 00:10:23,656 [DEBUG]  		found 2 row clusters (in 0.02168 secs)
2025-04-22 00:10:23,656 [DEBUG]  OP: Operation.SPLIT_ROWS on slice (216, 10) (remaining tasks 51)
2025-04-22 00:10:23,677 [DEBUG]  		found 2 row clusters (in 0.02127 secs)
2025-04-22 00:10:23,677 [DEBUG]  OP: Operation.NAIVE_FACTORIZATION on slice (56, 11) (remaining tasks 52)
2025-04-22 00:10:23,682 [DEBUG]  		naive factorization 11 columns (in 0.00468 secs)
2025-04-22 00:10:23,683 [DEBUG]  OP: Operation.NAIVE_FACTORIZATION on slice (29, 11) (remaining tasks 51)
2025-04-22 00:10:23,687 [DEBUG]  		naive factorization 11 columns (in 0.00422 secs)
2025-04-22 00:10:23,687 [DEBUG]  OP: Operation.SPLIT_COLUMNS on slice (159, 11) (remaining tasks 50)
2025-04-22 00:10:23,999 [DEBUG]  		found 1 col clusters (in 0.31140 secs)
2025-04-22 00:10:23,999 [DEBUG]  OP: Operation.NAIVE_FACTORIZATION on slice (3, 11) (remaining tasks 50)
2025-04-22 00:10:24,003 [DEBUG]  		naive factorization 11 columns (in 0.00355 secs)
2025-04-22 00:10:24,003 [DEBUG]  OP: Operation.SPLIT_COLUMNS on slice (137, 11) (remaining tasks 49)
2025-04-22 00:10:24,382 [DEBUG]  		found 1 col clusters (in 0.37819 secs)
2025-04-22 00:10:24,382 [DEBUG]  OP: Operation.SPLIT_COLUMNS on slice (103, 11) (remaining tasks 49)
2025-04-22 00:10:24,626 [DEBUG]  		found 1 col clusters (in 0.24383 secs)
2025-04-22 00:10:24,627 [DEBUG]  OP: Operation.SPLIT_COLUMNS on slice (95, 11) (remaining tasks 49)
2025-04-22 00:10:24,852 [DEBUG]  		found 1 col clusters (in 0.22474 secs)
2025-04-22 00:10:24,852 [DEBUG]  OP: Operation.SPLIT_COLUMNS on slice (92, 11) (remaining tasks 49)
2025-04-22 00:10:25,284 [DEBUG]  		found 1 col clusters (in 0.43163 secs)
2025-04-22 00:10:25,285 [DEBUG]  OP: Operation.NAIVE_FACTORIZATION on slice (50, 11) (remaining tasks 49)
2025-04-22 00:10:25,289 [DEBUG]  		naive factorization 11 columns (in 0.00402 secs)
2025-04-22 00:10:25,290 [DEBUG]  OP: Operation.SPLIT_COLUMNS on slice (155, 11) (remaining tasks 48)
2025-04-22 00:10:25,612 [DEBUG]  		found 1 col clusters (in 0.32208 secs)
2025-04-22 00:10:25,612 [DEBUG]  OP: Operation.SPLIT_COLUMNS on slice (183, 11) (remaining tasks 48)
2025-04-22 00:10:25,965 [DEBUG]  		found 1 col clusters (in 0.35277 secs)
2025-04-22 00:10:25,966 [DEBUG]  OP: Operation.SPLIT_COLUMNS on slice (87, 11) (remaining tasks 48)
2025-04-22 00:10:26,219 [DEBUG]  		found 1 col clusters (in 0.25283 secs)
2025-04-22 00:10:26,219 [DEBUG]  OP: Operation.NAIVE_FACTORIZATION on slice (66, 11) (remaining tasks 48)
2025-04-22 00:10:26,225 [DEBUG]  		naive factorization 11 columns (in 0.00512 secs)
2025-04-22 00:10:26,225 [DEBUG]  OP: Operation.NAIVE_FACTORIZATION on slice (10, 11) (remaining tasks 47)
2025-04-22 00:10:26,229 [DEBUG]  		naive factorization 11 columns (in 0.00362 secs)
2025-04-22 00:10:26,230 [DEBUG]  OP: Operation.NAIVE_FACTORIZATION on slice (29, 11) (remaining tasks 46)
2025-04-22 00:10:26,234 [DEBUG]  		naive factorization 11 columns (in 0.00377 secs)
2025-04-22 00:10:26,234 [DEBUG]  OP: Operation.NAIVE_FACTORIZATION on slice (44, 11) (remaining tasks 45)
2025-04-22 00:10:26,239 [DEBUG]  		naive factorization 11 columns (in 0.00514 secs)
2025-04-22 00:10:26,240 [DEBUG]  OP: Operation.SPLIT_ROWS on slice (77, 11) (remaining tasks 44)
2025-04-22 00:10:26,288 [DEBUG]  		found 2 row clusters (in 0.04749 secs)
2025-04-22 00:10:26,288 [DEBUG]  OP: Operation.SPLIT_ROWS on slice (91, 11) (remaining tasks 45)
2025-04-22 00:10:26,328 [DEBUG]  		found 2 row clusters (in 0.03965 secs)
2025-04-22 00:10:26,328 [DEBUG]  OP: Operation.SPLIT_ROWS on slice (93, 11) (remaining tasks 46)
2025-04-22 00:10:26,350 [DEBUG]  		found 2 row clusters (in 0.02122 secs)
2025-04-22 00:10:26,350 [DEBUG]  OP: Operation.SPLIT_ROWS on slice (148, 11) (remaining tasks 47)
2025-04-22 00:10:26,379 [DEBUG]  		found 2 row clusters (in 0.02936 secs)
2025-04-22 00:10:26,379 [DEBUG]  OP: Operation.SPLIT_ROWS on slice (84, 11) (remaining tasks 48)
2025-04-22 00:10:26,399 [DEBUG]  		found 2 row clusters (in 0.01975 secs)
2025-04-22 00:10:26,399 [DEBUG]  OP: Operation.SPLIT_ROWS on slice (96, 11) (remaining tasks 49)
2025-04-22 00:10:26,419 [DEBUG]  		found 2 row clusters (in 0.01955 secs)
2025-04-22 00:10:26,419 [DEBUG]  OP: Operation.SPLIT_ROWS on slice (83, 11) (remaining tasks 50)
2025-04-22 00:10:26,441 [DEBUG]  		found 2 row clusters (in 0.02117 secs)
2025-04-22 00:10:26,441 [DEBUG]  OP: Operation.SPLIT_COLUMNS on slice (90, 10) (remaining tasks 51)
2025-04-22 00:10:26,660 [DEBUG]  		found 1 col clusters (in 0.21922 secs)
2025-04-22 00:10:26,661 [DEBUG]  OP: Operation.SPLIT_COLUMNS on slice (106, 10) (remaining tasks 51)
2025-04-22 00:10:26,878 [DEBUG]  		found 1 col clusters (in 0.21731 secs)
2025-04-22 00:10:26,879 [DEBUG]  OP: Operation.NAIVE_FACTORIZATION on slice (59, 10) (remaining tasks 51)
2025-04-22 00:10:26,883 [DEBUG]  		naive factorization 10 columns (in 0.00374 secs)
2025-04-22 00:10:26,883 [DEBUG]  OP: Operation.NAIVE_FACTORIZATION on slice (52, 10) (remaining tasks 50)
2025-04-22 00:10:26,887 [DEBUG]  		naive factorization 10 columns (in 0.00369 secs)
2025-04-22 00:10:26,888 [DEBUG]  OP: Operation.SPLIT_COLUMNS on slice (111, 10) (remaining tasks 49)
2025-04-22 00:10:27,124 [DEBUG]  		found 1 col clusters (in 0.23581 secs)
2025-04-22 00:10:27,124 [DEBUG]  OP: Operation.SPLIT_COLUMNS on slice (187, 10) (remaining tasks 49)
2025-04-22 00:10:27,345 [DEBUG]  		found 1 col clusters (in 0.22040 secs)
2025-04-22 00:10:27,345 [DEBUG]  OP: Operation.NAIVE_FACTORIZATION on slice (29, 10) (remaining tasks 49)
2025-04-22 00:10:27,348 [DEBUG]  		naive factorization 10 columns (in 0.00255 secs)
2025-04-22 00:10:27,348 [DEBUG]  OP: Operation.NAIVE_FACTORIZATION on slice (46, 10) (remaining tasks 48)
2025-04-22 00:10:27,354 [DEBUG]  		naive factorization 10 columns (in 0.00512 secs)
2025-04-22 00:10:27,354 [DEBUG]  OP: Operation.NAIVE_FACTORIZATION on slice (62, 10) (remaining tasks 47)
2025-04-22 00:10:27,360 [DEBUG]  		naive factorization 10 columns (in 0.00570 secs)
2025-04-22 00:10:27,360 [DEBUG]  OP: Operation.NAIVE_FACTORIZATION on slice (38, 10) (remaining tasks 46)
2025-04-22 00:10:27,364 [DEBUG]  		naive factorization 10 columns (in 0.00323 secs)
2025-04-22 00:10:27,364 [DEBUG]  OP: Operation.SPLIT_COLUMNS on slice (81, 10) (remaining tasks 45)
2025-04-22 00:10:27,702 [DEBUG]  		found 1 col clusters (in 0.33783 secs)
2025-04-22 00:10:27,703 [DEBUG]  OP: Operation.SPLIT_COLUMNS on slice (172, 10) (remaining tasks 45)
2025-04-22 00:10:28,021 [DEBUG]  		found 1 col clusters (in 0.31858 secs)
2025-04-22 00:10:28,022 [DEBUG]  OP: Operation.NAIVE_FACTORIZATION on slice (39, 10) (remaining tasks 45)
2025-04-22 00:10:28,027 [DEBUG]  		naive factorization 10 columns (in 0.00441 secs)
2025-04-22 00:10:28,027 [DEBUG]  OP: Operation.NAIVE_FACTORIZATION on slice (35, 10) (remaining tasks 44)
2025-04-22 00:10:28,031 [DEBUG]  		naive factorization 10 columns (in 0.00427 secs)
2025-04-22 00:10:28,032 [DEBUG]  OP: Operation.SPLIT_COLUMNS on slice (129, 10) (remaining tasks 43)
2025-04-22 00:10:28,382 [DEBUG]  		found 1 col clusters (in 0.35020 secs)
2025-04-22 00:10:28,382 [DEBUG]  OP: Operation.NAIVE_FACTORIZATION on slice (18, 10) (remaining tasks 43)
2025-04-22 00:10:28,387 [DEBUG]  		naive factorization 10 columns (in 0.00448 secs)
2025-04-22 00:10:28,387 [DEBUG]  OP: Operation.SPLIT_COLUMNS on slice (296, 10) (remaining tasks 42)
2025-04-22 00:10:29,658 [DEBUG]  		found 1 col clusters (in 1.27043 secs)
2025-04-22 00:10:29,659 [DEBUG]  OP: Operation.SPLIT_COLUMNS on slice (225, 10) (remaining tasks 42)
2025-04-22 00:10:31,174 [DEBUG]  		found 1 col clusters (in 1.51506 secs)
2025-04-22 00:10:31,174 [DEBUG]  OP: Operation.SPLIT_COLUMNS on slice (317, 10) (remaining tasks 42)
2025-04-22 00:10:32,513 [DEBUG]  		found 1 col clusters (in 1.33869 secs)
2025-04-22 00:10:32,514 [DEBUG]  OP: Operation.SPLIT_COLUMNS on slice (279, 10) (remaining tasks 42)
2025-04-22 00:10:33,962 [DEBUG]  		found 1 col clusters (in 1.44815 secs)
2025-04-22 00:10:33,963 [DEBUG]  OP: Operation.SPLIT_COLUMNS on slice (353, 10) (remaining tasks 42)
2025-04-22 00:10:35,806 [DEBUG]  		found 1 col clusters (in 1.84271 secs)
2025-04-22 00:10:35,806 [DEBUG]  OP: Operation.NAIVE_FACTORIZATION on slice (35, 10) (remaining tasks 42)
2025-04-22 00:10:35,815 [DEBUG]  		naive factorization 10 columns (in 0.00825 secs)
2025-04-22 00:10:35,815 [DEBUG]  OP: Operation.NAIVE_FACTORIZATION on slice (51, 10) (remaining tasks 41)
2025-04-22 00:10:35,826 [DEBUG]  		naive factorization 10 columns (in 0.01036 secs)
2025-04-22 00:10:35,826 [DEBUG]  OP: Operation.NAIVE_FACTORIZATION on slice (58, 10) (remaining tasks 40)
2025-04-22 00:10:35,833 [DEBUG]  		naive factorization 10 columns (in 0.00647 secs)
2025-04-22 00:10:35,833 [DEBUG]  OP: Operation.SPLIT_COLUMNS on slice (73, 10) (remaining tasks 39)
2025-04-22 00:10:36,062 [DEBUG]  		found 1 col clusters (in 0.22900 secs)
2025-04-22 00:10:36,063 [DEBUG]  OP: Operation.SPLIT_COLUMNS on slice (96, 10) (remaining tasks 39)
2025-04-22 00:10:36,286 [DEBUG]  		found 1 col clusters (in 0.22285 secs)
2025-04-22 00:10:36,287 [DEBUG]  OP: Operation.SPLIT_COLUMNS on slice (129, 10) (remaining tasks 39)
2025-04-22 00:10:36,603 [DEBUG]  		found 1 col clusters (in 0.31599 secs)
2025-04-22 00:10:36,603 [DEBUG]  OP: Operation.SPLIT_COLUMNS on slice (94, 10) (remaining tasks 39)
2025-04-22 00:10:36,818 [DEBUG]  		found 1 col clusters (in 0.21495 secs)
2025-04-22 00:10:36,819 [DEBUG]  OP: Operation.SPLIT_COLUMNS on slice (125, 10) (remaining tasks 39)
2025-04-22 00:10:37,046 [DEBUG]  		found 1 col clusters (in 0.22705 secs)
2025-04-22 00:10:37,047 [DEBUG]  OP: Operation.SPLIT_COLUMNS on slice (91, 10) (remaining tasks 39)
2025-04-22 00:10:37,267 [DEBUG]  		found 1 col clusters (in 0.21977 secs)
2025-04-22 00:10:37,267 [DEBUG]  OP: Operation.SPLIT_ROWS on slice (159, 11) (remaining tasks 39)
2025-04-22 00:10:37,332 [DEBUG]  		found 2 row clusters (in 0.06462 secs)
2025-04-22 00:10:37,332 [DEBUG]  OP: Operation.SPLIT_ROWS on slice (137, 11) (remaining tasks 40)
2025-04-22 00:10:37,363 [DEBUG]  		found 2 row clusters (in 0.03070 secs)
2025-04-22 00:10:37,363 [DEBUG]  OP: Operation.SPLIT_ROWS on slice (103, 11) (remaining tasks 41)
2025-04-22 00:10:37,383 [DEBUG]  		found 2 row clusters (in 0.01942 secs)
2025-04-22 00:10:37,383 [DEBUG]  OP: Operation.SPLIT_ROWS on slice (95, 11) (remaining tasks 42)
2025-04-22 00:10:37,402 [DEBUG]  		found 2 row clusters (in 0.01854 secs)
2025-04-22 00:10:37,402 [DEBUG]  OP: Operation.SPLIT_ROWS on slice (92, 11) (remaining tasks 43)
2025-04-22 00:10:37,420 [DEBUG]  		found 2 row clusters (in 0.01757 secs)
2025-04-22 00:10:37,420 [DEBUG]  OP: Operation.SPLIT_ROWS on slice (155, 11) (remaining tasks 44)
2025-04-22 00:10:37,441 [DEBUG]  		found 2 row clusters (in 0.02075 secs)
2025-04-22 00:10:37,441 [DEBUG]  OP: Operation.SPLIT_ROWS on slice (183, 11) (remaining tasks 45)
2025-04-22 00:10:37,462 [DEBUG]  		found 2 row clusters (in 0.02098 secs)
2025-04-22 00:10:37,462 [DEBUG]  OP: Operation.SPLIT_ROWS on slice (87, 11) (remaining tasks 46)
2025-04-22 00:10:37,479 [DEBUG]  		found 2 row clusters (in 0.01696 secs)
2025-04-22 00:10:37,479 [DEBUG]  OP: Operation.NAIVE_FACTORIZATION on slice (32, 11) (remaining tasks 47)
2025-04-22 00:10:37,483 [DEBUG]  		naive factorization 11 columns (in 0.00371 secs)
2025-04-22 00:10:37,483 [DEBUG]  OP: Operation.NAIVE_FACTORIZATION on slice (45, 11) (remaining tasks 46)
2025-04-22 00:10:37,487 [DEBUG]  		naive factorization 11 columns (in 0.00355 secs)
2025-04-22 00:10:37,487 [DEBUG]  OP: Operation.NAIVE_FACTORIZATION on slice (30, 11) (remaining tasks 45)
2025-04-22 00:10:37,492 [DEBUG]  		naive factorization 11 columns (in 0.00462 secs)
2025-04-22 00:10:37,492 [DEBUG]  OP: Operation.NAIVE_FACTORIZATION on slice (61, 11) (remaining tasks 44)
2025-04-22 00:10:37,496 [DEBUG]  		naive factorization 11 columns (in 0.00390 secs)
2025-04-22 00:10:37,496 [DEBUG]  OP: Operation.NAIVE_FACTORIZATION on slice (53, 11) (remaining tasks 43)
2025-04-22 00:10:37,500 [DEBUG]  		naive factorization 11 columns (in 0.00386 secs)
2025-04-22 00:10:37,501 [DEBUG]  OP: Operation.NAIVE_FACTORIZATION on slice (40, 11) (remaining tasks 42)
2025-04-22 00:10:37,506 [DEBUG]  		naive factorization 11 columns (in 0.00553 secs)
2025-04-22 00:10:37,506 [DEBUG]  OP: Operation.SPLIT_COLUMNS on slice (83, 11) (remaining tasks 41)
2025-04-22 00:10:37,721 [DEBUG]  		found 1 col clusters (in 0.21407 secs)
2025-04-22 00:10:37,721 [DEBUG]  OP: Operation.NAIVE_FACTORIZATION on slice (65, 11) (remaining tasks 41)
2025-04-22 00:10:37,726 [DEBUG]  		naive factorization 11 columns (in 0.00498 secs)
2025-04-22 00:10:37,727 [DEBUG]  OP: Operation.NAIVE_FACTORIZATION on slice (44, 11) (remaining tasks 40)
2025-04-22 00:10:37,731 [DEBUG]  		naive factorization 11 columns (in 0.00363 secs)
2025-04-22 00:10:37,731 [DEBUG]  OP: Operation.NAIVE_FACTORIZATION on slice (40, 11) (remaining tasks 39)
2025-04-22 00:10:37,736 [DEBUG]  		naive factorization 11 columns (in 0.00448 secs)
2025-04-22 00:10:37,737 [DEBUG]  OP: Operation.NAIVE_FACTORIZATION on slice (56, 11) (remaining tasks 38)
2025-04-22 00:10:37,742 [DEBUG]  		naive factorization 11 columns (in 0.00494 secs)
2025-04-22 00:10:37,742 [DEBUG]  OP: Operation.NAIVE_FACTORIZATION on slice (40, 11) (remaining tasks 37)
2025-04-22 00:10:37,746 [DEBUG]  		naive factorization 11 columns (in 0.00392 secs)
2025-04-22 00:10:37,747 [DEBUG]  OP: Operation.NAIVE_FACTORIZATION on slice (46, 11) (remaining tasks 36)
2025-04-22 00:10:37,752 [DEBUG]  		naive factorization 11 columns (in 0.00489 secs)
2025-04-22 00:10:37,752 [DEBUG]  OP: Operation.NAIVE_FACTORIZATION on slice (37, 11) (remaining tasks 35)
2025-04-22 00:10:37,757 [DEBUG]  		naive factorization 11 columns (in 0.00447 secs)
2025-04-22 00:10:37,758 [DEBUG]  OP: Operation.SPLIT_ROWS on slice (90, 10) (remaining tasks 34)
2025-04-22 00:10:37,803 [DEBUG]  		found 2 row clusters (in 0.04533 secs)
2025-04-22 00:10:37,803 [DEBUG]  OP: Operation.SPLIT_ROWS on slice (106, 10) (remaining tasks 35)
2025-04-22 00:10:37,834 [DEBUG]  		found 2 row clusters (in 0.02999 secs)
2025-04-22 00:10:37,834 [DEBUG]  OP: Operation.SPLIT_ROWS on slice (111, 10) (remaining tasks 36)
2025-04-22 00:10:37,858 [DEBUG]  		found 2 row clusters (in 0.02392 secs)
2025-04-22 00:10:37,858 [DEBUG]  OP: Operation.SPLIT_ROWS on slice (187, 10) (remaining tasks 37)
2025-04-22 00:10:37,890 [DEBUG]  		found 2 row clusters (in 0.03180 secs)
2025-04-22 00:10:37,890 [DEBUG]  OP: Operation.SPLIT_ROWS on slice (81, 10) (remaining tasks 38)
2025-04-22 00:10:37,906 [DEBUG]  		found 2 row clusters (in 0.01522 secs)
2025-04-22 00:10:37,906 [DEBUG]  OP: Operation.SPLIT_ROWS on slice (172, 10) (remaining tasks 39)
2025-04-22 00:10:37,927 [DEBUG]  		found 2 row clusters (in 0.02169 secs)
2025-04-22 00:10:37,928 [DEBUG]  OP: Operation.SPLIT_ROWS on slice (129, 10) (remaining tasks 40)
2025-04-22 00:10:37,947 [DEBUG]  		found 2 row clusters (in 0.01916 secs)
2025-04-22 00:10:37,947 [DEBUG]  OP: Operation.SPLIT_ROWS on slice (296, 10) (remaining tasks 41)
2025-04-22 00:10:37,973 [DEBUG]  		found 2 row clusters (in 0.02614 secs)
2025-04-22 00:10:37,974 [DEBUG]  OP: Operation.SPLIT_ROWS on slice (225, 10) (remaining tasks 42)
2025-04-22 00:10:37,998 [DEBUG]  		found 2 row clusters (in 0.02453 secs)
2025-04-22 00:10:37,998 [DEBUG]  OP: Operation.SPLIT_ROWS on slice (317, 10) (remaining tasks 43)
2025-04-22 00:10:38,025 [DEBUG]  		found 2 row clusters (in 0.02668 secs)
2025-04-22 00:10:38,025 [DEBUG]  OP: Operation.SPLIT_ROWS on slice (279, 10) (remaining tasks 44)
2025-04-22 00:10:38,045 [DEBUG]  		found 2 row clusters (in 0.01948 secs)
2025-04-22 00:10:38,045 [DEBUG]  OP: Operation.SPLIT_ROWS on slice (353, 10) (remaining tasks 45)
2025-04-22 00:10:38,073 [DEBUG]  		found 2 row clusters (in 0.02761 secs)
2025-04-22 00:10:38,073 [DEBUG]  OP: Operation.SPLIT_ROWS on slice (73, 10) (remaining tasks 46)
2025-04-22 00:10:38,090 [DEBUG]  		found 2 row clusters (in 0.01731 secs)
2025-04-22 00:10:38,090 [DEBUG]  OP: Operation.SPLIT_ROWS on slice (96, 10) (remaining tasks 47)
2025-04-22 00:10:38,108 [DEBUG]  		found 2 row clusters (in 0.01700 secs)
2025-04-22 00:10:38,108 [DEBUG]  OP: Operation.SPLIT_ROWS on slice (129, 10) (remaining tasks 48)
2025-04-22 00:10:38,131 [DEBUG]  		found 2 row clusters (in 0.02301 secs)
2025-04-22 00:10:38,131 [DEBUG]  OP: Operation.SPLIT_ROWS on slice (94, 10) (remaining tasks 49)
2025-04-22 00:10:38,154 [DEBUG]  		found 2 row clusters (in 0.02292 secs)
2025-04-22 00:10:38,154 [DEBUG]  OP: Operation.SPLIT_ROWS on slice (125, 10) (remaining tasks 50)
2025-04-22 00:10:38,174 [DEBUG]  		found 2 row clusters (in 0.02002 secs)
2025-04-22 00:10:38,174 [DEBUG]  OP: Operation.SPLIT_ROWS on slice (91, 10) (remaining tasks 51)
2025-04-22 00:10:38,198 [DEBUG]  		found 2 row clusters (in 0.02302 secs)
2025-04-22 00:10:38,198 [DEBUG]  OP: Operation.NAIVE_FACTORIZATION on slice (45, 11) (remaining tasks 52)
2025-04-22 00:10:38,202 [DEBUG]  		naive factorization 11 columns (in 0.00380 secs)
2025-04-22 00:10:38,202 [DEBUG]  OP: Operation.SPLIT_COLUMNS on slice (114, 11) (remaining tasks 51)
2025-04-22 00:10:38,416 [DEBUG]  		found 1 col clusters (in 0.21340 secs)
2025-04-22 00:10:38,416 [DEBUG]  OP: Operation.SPLIT_COLUMNS on slice (88, 11) (remaining tasks 51)
2025-04-22 00:10:38,636 [DEBUG]  		found 1 col clusters (in 0.21963 secs)
2025-04-22 00:10:38,636 [DEBUG]  OP: Operation.NAIVE_FACTORIZATION on slice (49, 11) (remaining tasks 51)
2025-04-22 00:10:38,641 [DEBUG]  		naive factorization 11 columns (in 0.00468 secs)
2025-04-22 00:10:38,642 [DEBUG]  OP: Operation.NAIVE_FACTORIZATION on slice (68, 11) (remaining tasks 50)
2025-04-22 00:10:38,647 [DEBUG]  		naive factorization 11 columns (in 0.00511 secs)
2025-04-22 00:10:38,648 [DEBUG]  OP: Operation.NAIVE_FACTORIZATION on slice (35, 11) (remaining tasks 49)
2025-04-22 00:10:38,652 [DEBUG]  		naive factorization 11 columns (in 0.00429 secs)
2025-04-22 00:10:38,653 [DEBUG]  OP: Operation.NAIVE_FACTORIZATION on slice (64, 11) (remaining tasks 48)
2025-04-22 00:10:38,657 [DEBUG]  		naive factorization 11 columns (in 0.00417 secs)
2025-04-22 00:10:38,657 [DEBUG]  OP: Operation.NAIVE_FACTORIZATION on slice (31, 11) (remaining tasks 47)
2025-04-22 00:10:38,661 [DEBUG]  		naive factorization 11 columns (in 0.00376 secs)
2025-04-22 00:10:38,662 [DEBUG]  OP: Operation.NAIVE_FACTORIZATION on slice (54, 11) (remaining tasks 46)
2025-04-22 00:10:38,666 [DEBUG]  		naive factorization 11 columns (in 0.00389 secs)
2025-04-22 00:10:38,667 [DEBUG]  OP: Operation.NAIVE_FACTORIZATION on slice (38, 11) (remaining tasks 45)
2025-04-22 00:10:38,672 [DEBUG]  		naive factorization 11 columns (in 0.00511 secs)
2025-04-22 00:10:38,672 [DEBUG]  OP: Operation.NAIVE_FACTORIZATION on slice (62, 11) (remaining tasks 44)
2025-04-22 00:10:38,677 [DEBUG]  		naive factorization 11 columns (in 0.00407 secs)
2025-04-22 00:10:38,677 [DEBUG]  OP: Operation.SPLIT_COLUMNS on slice (93, 11) (remaining tasks 43)
2025-04-22 00:10:38,895 [DEBUG]  		found 1 col clusters (in 0.21726 secs)
2025-04-22 00:10:38,895 [DEBUG]  OP: Operation.SPLIT_COLUMNS on slice (101, 11) (remaining tasks 43)
2025-04-22 00:10:39,116 [DEBUG]  		found 1 col clusters (in 0.22030 secs)
2025-04-22 00:10:39,116 [DEBUG]  OP: Operation.SPLIT_COLUMNS on slice (82, 11) (remaining tasks 43)
2025-04-22 00:10:39,336 [DEBUG]  		found 1 col clusters (in 0.21974 secs)
2025-04-22 00:10:39,337 [DEBUG]  OP: Operation.NAIVE_FACTORIZATION on slice (32, 11) (remaining tasks 43)
2025-04-22 00:10:39,341 [DEBUG]  		naive factorization 11 columns (in 0.00386 secs)
2025-04-22 00:10:39,341 [DEBUG]  OP: Operation.NAIVE_FACTORIZATION on slice (55, 11) (remaining tasks 42)
2025-04-22 00:10:39,347 [DEBUG]  		naive factorization 11 columns (in 0.00515 secs)
2025-04-22 00:10:39,347 [DEBUG]  OP: Operation.SPLIT_ROWS on slice (83, 11) (remaining tasks 41)
2025-04-22 00:10:39,391 [DEBUG]  		found 2 row clusters (in 0.04331 secs)
2025-04-22 00:10:39,391 [DEBUG]  OP: Operation.SPLIT_COLUMNS on slice (72, 10) (remaining tasks 42)
2025-04-22 00:10:39,609 [DEBUG]  		found 1 col clusters (in 0.21764 secs)
2025-04-22 00:10:39,609 [DEBUG]  OP: Operation.NAIVE_FACTORIZATION on slice (18, 10) (remaining tasks 42)
2025-04-22 00:10:39,613 [DEBUG]  		naive factorization 10 columns (in 0.00346 secs)
2025-04-22 00:10:39,613 [DEBUG]  OP: Operation.NAIVE_FACTORIZATION on slice (69, 10) (remaining tasks 41)
2025-04-22 00:10:39,618 [DEBUG]  		naive factorization 10 columns (in 0.00410 secs)
2025-04-22 00:10:39,618 [DEBUG]  OP: Operation.NAIVE_FACTORIZATION on slice (37, 10) (remaining tasks 40)
2025-04-22 00:10:39,623 [DEBUG]  		naive factorization 10 columns (in 0.00425 secs)
2025-04-22 00:10:39,623 [DEBUG]  OP: Operation.SPLIT_COLUMNS on slice (79, 10) (remaining tasks 39)
2025-04-22 00:10:39,840 [DEBUG]  		found 1 col clusters (in 0.21647 secs)
2025-04-22 00:10:39,840 [DEBUG]  OP: Operation.NAIVE_FACTORIZATION on slice (32, 10) (remaining tasks 39)
2025-04-22 00:10:39,844 [DEBUG]  		naive factorization 10 columns (in 0.00342 secs)
2025-04-22 00:10:39,844 [DEBUG]  OP: Operation.SPLIT_COLUMNS on slice (89, 10) (remaining tasks 38)
2025-04-22 00:10:40,066 [DEBUG]  		found 1 col clusters (in 0.22181 secs)
2025-04-22 00:10:40,067 [DEBUG]  OP: Operation.SPLIT_COLUMNS on slice (98, 10) (remaining tasks 38)
2025-04-22 00:10:40,284 [DEBUG]  		found 1 col clusters (in 0.21732 secs)
2025-04-22 00:10:40,285 [DEBUG]  OP: Operation.NAIVE_FACTORIZATION on slice (35, 10) (remaining tasks 38)
2025-04-22 00:10:40,289 [DEBUG]  		naive factorization 10 columns (in 0.00383 secs)
2025-04-22 00:10:40,289 [DEBUG]  OP: Operation.NAIVE_FACTORIZATION on slice (46, 10) (remaining tasks 37)
2025-04-22 00:10:40,294 [DEBUG]  		naive factorization 10 columns (in 0.00431 secs)
2025-04-22 00:10:40,295 [DEBUG]  OP: Operation.SPLIT_COLUMNS on slice (94, 10) (remaining tasks 36)
2025-04-22 00:10:40,525 [DEBUG]  		found 1 col clusters (in 0.23063 secs)
2025-04-22 00:10:40,526 [DEBUG]  OP: Operation.SPLIT_COLUMNS on slice (78, 10) (remaining tasks 36)
2025-04-22 00:10:40,750 [DEBUG]  		found 1 col clusters (in 0.22428 secs)
2025-04-22 00:10:40,751 [DEBUG]  OP: Operation.NAIVE_FACTORIZATION on slice (27, 10) (remaining tasks 36)
2025-04-22 00:10:40,755 [DEBUG]  		naive factorization 10 columns (in 0.00359 secs)
2025-04-22 00:10:40,755 [DEBUG]  OP: Operation.SPLIT_COLUMNS on slice (102, 10) (remaining tasks 35)
2025-04-22 00:10:40,976 [DEBUG]  		found 1 col clusters (in 0.22040 secs)
2025-04-22 00:10:40,976 [DEBUG]  OP: Operation.SPLIT_COLUMNS on slice (195, 10) (remaining tasks 35)
2025-04-22 00:10:42,080 [DEBUG]  		found 1 col clusters (in 1.10313 secs)
2025-04-22 00:10:42,080 [DEBUG]  OP: Operation.SPLIT_COLUMNS on slice (101, 10) (remaining tasks 35)
2025-04-22 00:10:42,371 [DEBUG]  		found 1 col clusters (in 0.29093 secs)
2025-04-22 00:10:42,372 [DEBUG]  OP: Operation.SPLIT_COLUMNS on slice (125, 10) (remaining tasks 35)
2025-04-22 00:10:42,589 [DEBUG]  		found 1 col clusters (in 0.21714 secs)
2025-04-22 00:10:42,590 [DEBUG]  OP: Operation.SPLIT_COLUMNS on slice (100, 10) (remaining tasks 35)
2025-04-22 00:10:42,808 [DEBUG]  		found 1 col clusters (in 0.21767 secs)
2025-04-22 00:10:42,808 [DEBUG]  OP: Operation.SPLIT_COLUMNS on slice (235, 10) (remaining tasks 35)
2025-04-22 00:10:44,035 [DEBUG]  		found 1 col clusters (in 1.22703 secs)
2025-04-22 00:10:44,036 [DEBUG]  OP: Operation.SPLIT_COLUMNS on slice (82, 10) (remaining tasks 35)
2025-04-22 00:10:44,371 [DEBUG]  		found 1 col clusters (in 0.33518 secs)
2025-04-22 00:10:44,372 [DEBUG]  OP: Operation.SPLIT_COLUMNS on slice (158, 10) (remaining tasks 35)
2025-04-22 00:10:44,588 [DEBUG]  		found 1 col clusters (in 0.21633 secs)
2025-04-22 00:10:44,589 [DEBUG]  OP: Operation.SPLIT_COLUMNS on slice (121, 10) (remaining tasks 35)
2025-04-22 00:10:44,863 [DEBUG]  		found 1 col clusters (in 0.27359 secs)
2025-04-22 00:10:44,863 [DEBUG]  OP: Operation.SPLIT_COLUMNS on slice (208, 10) (remaining tasks 35)
2025-04-22 00:10:46,208 [DEBUG]  		found 1 col clusters (in 1.34520 secs)
2025-04-22 00:10:46,209 [DEBUG]  OP: Operation.SPLIT_COLUMNS on slice (145, 10) (remaining tasks 35)
2025-04-22 00:10:46,451 [DEBUG]  		found 1 col clusters (in 0.24188 secs)
2025-04-22 00:10:46,451 [DEBUG]  OP: Operation.NAIVE_FACTORIZATION on slice (41, 10) (remaining tasks 35)
2025-04-22 00:10:46,456 [DEBUG]  		naive factorization 10 columns (in 0.00480 secs)
2025-04-22 00:10:46,457 [DEBUG]  OP: Operation.NAIVE_FACTORIZATION on slice (32, 10) (remaining tasks 34)
2025-04-22 00:10:46,461 [DEBUG]  		naive factorization 10 columns (in 0.00436 secs)
2025-04-22 00:10:46,462 [DEBUG]  OP: Operation.NAIVE_FACTORIZATION on slice (49, 10) (remaining tasks 33)
2025-04-22 00:10:46,465 [DEBUG]  		naive factorization 10 columns (in 0.00345 secs)
2025-04-22 00:10:46,466 [DEBUG]  OP: Operation.NAIVE_FACTORIZATION on slice (47, 10) (remaining tasks 32)
2025-04-22 00:10:46,471 [DEBUG]  		naive factorization 10 columns (in 0.00505 secs)
2025-04-22 00:10:46,471 [DEBUG]  OP: Operation.NAIVE_FACTORIZATION on slice (62, 10) (remaining tasks 31)
2025-04-22 00:10:46,475 [DEBUG]  		naive factorization 10 columns (in 0.00353 secs)
2025-04-22 00:10:46,475 [DEBUG]  OP: Operation.NAIVE_FACTORIZATION on slice (67, 10) (remaining tasks 30)
2025-04-22 00:10:46,480 [DEBUG]  		naive factorization 10 columns (in 0.00418 secs)
2025-04-22 00:10:46,480 [DEBUG]  OP: Operation.NAIVE_FACTORIZATION on slice (49, 10) (remaining tasks 29)
2025-04-22 00:10:46,483 [DEBUG]  		naive factorization 10 columns (in 0.00318 secs)
2025-04-22 00:10:46,484 [DEBUG]  OP: Operation.NAIVE_FACTORIZATION on slice (45, 10) (remaining tasks 28)
2025-04-22 00:10:46,488 [DEBUG]  		naive factorization 10 columns (in 0.00418 secs)
2025-04-22 00:10:46,489 [DEBUG]  OP: Operation.NAIVE_FACTORIZATION on slice (56, 10) (remaining tasks 27)
2025-04-22 00:10:46,492 [DEBUG]  		naive factorization 10 columns (in 0.00326 secs)
2025-04-22 00:10:46,492 [DEBUG]  OP: Operation.NAIVE_FACTORIZATION on slice (69, 10) (remaining tasks 26)
2025-04-22 00:10:46,496 [DEBUG]  		naive factorization 10 columns (in 0.00324 secs)
2025-04-22 00:10:46,496 [DEBUG]  OP: Operation.SPLIT_COLUMNS on slice (73, 10) (remaining tasks 25)
2025-04-22 00:10:46,774 [DEBUG]  		found 1 col clusters (in 0.27742 secs)
2025-04-22 00:10:46,774 [DEBUG]  OP: Operation.NAIVE_FACTORIZATION on slice (18, 10) (remaining tasks 25)
2025-04-22 00:10:46,779 [DEBUG]  		naive factorization 10 columns (in 0.00429 secs)
2025-04-22 00:10:46,779 [DEBUG]  OP: Operation.SPLIT_ROWS on slice (114, 11) (remaining tasks 24)
2025-04-22 00:10:46,834 [DEBUG]  		found 2 row clusters (in 0.05427 secs)
2025-04-22 00:10:46,834 [DEBUG]  OP: Operation.SPLIT_ROWS on slice (88, 11) (remaining tasks 25)
2025-04-22 00:10:46,866 [DEBUG]  		found 2 row clusters (in 0.03162 secs)
2025-04-22 00:10:46,866 [DEBUG]  OP: Operation.SPLIT_ROWS on slice (93, 11) (remaining tasks 26)
2025-04-22 00:10:46,886 [DEBUG]  		found 2 row clusters (in 0.02007 secs)
2025-04-22 00:10:46,886 [DEBUG]  OP: Operation.SPLIT_ROWS on slice (101, 11) (remaining tasks 27)
2025-04-22 00:10:46,910 [DEBUG]  		found 2 row clusters (in 0.02350 secs)
2025-04-22 00:10:46,910 [DEBUG]  OP: Operation.SPLIT_ROWS on slice (82, 11) (remaining tasks 28)
2025-04-22 00:10:46,927 [DEBUG]  		found 2 row clusters (in 0.01669 secs)
2025-04-22 00:10:46,927 [DEBUG]  OP: Operation.NAIVE_FACTORIZATION on slice (52, 11) (remaining tasks 29)
2025-04-22 00:10:46,932 [DEBUG]  		naive factorization 11 columns (in 0.00511 secs)
2025-04-22 00:10:46,932 [DEBUG]  OP: Operation.NAIVE_FACTORIZATION on slice (31, 11) (remaining tasks 28)
2025-04-22 00:10:46,937 [DEBUG]  		naive factorization 11 columns (in 0.00439 secs)
2025-04-22 00:10:46,937 [DEBUG]  OP: Operation.SPLIT_ROWS on slice (72, 10) (remaining tasks 27)
2025-04-22 00:10:46,953 [DEBUG]  		found 2 row clusters (in 0.01579 secs)
2025-04-22 00:10:46,953 [DEBUG]  OP: Operation.SPLIT_ROWS on slice (79, 10) (remaining tasks 28)
2025-04-22 00:10:46,970 [DEBUG]  		found 2 row clusters (in 0.01640 secs)
2025-04-22 00:10:46,970 [DEBUG]  OP: Operation.SPLIT_ROWS on slice (89, 10) (remaining tasks 29)
2025-04-22 00:10:46,985 [DEBUG]  		found 2 row clusters (in 0.01456 secs)
2025-04-22 00:10:46,985 [DEBUG]  OP: Operation.SPLIT_ROWS on slice (98, 10) (remaining tasks 30)
2025-04-22 00:10:47,003 [DEBUG]  		found 2 row clusters (in 0.01804 secs)
2025-04-22 00:10:47,003 [DEBUG]  OP: Operation.SPLIT_ROWS on slice (94, 10) (remaining tasks 31)
2025-04-22 00:10:47,021 [DEBUG]  		found 2 row clusters (in 0.01760 secs)
2025-04-22 00:10:47,021 [DEBUG]  OP: Operation.SPLIT_ROWS on slice (78, 10) (remaining tasks 32)
2025-04-22 00:10:47,041 [DEBUG]  		found 2 row clusters (in 0.01976 secs)
2025-04-22 00:10:47,041 [DEBUG]  OP: Operation.SPLIT_ROWS on slice (102, 10) (remaining tasks 33)
2025-04-22 00:10:47,057 [DEBUG]  		found 2 row clusters (in 0.01593 secs)
2025-04-22 00:10:47,057 [DEBUG]  OP: Operation.SPLIT_ROWS on slice (195, 10) (remaining tasks 34)
2025-04-22 00:10:47,077 [DEBUG]  		found 2 row clusters (in 0.01949 secs)
2025-04-22 00:10:47,077 [DEBUG]  OP: Operation.SPLIT_ROWS on slice (101, 10) (remaining tasks 35)
2025-04-22 00:10:47,092 [DEBUG]  		found 2 row clusters (in 0.01540 secs)
2025-04-22 00:10:47,092 [DEBUG]  OP: Operation.SPLIT_ROWS on slice (125, 10) (remaining tasks 36)
2025-04-22 00:10:47,111 [DEBUG]  		found 2 row clusters (in 0.01866 secs)
2025-04-22 00:10:47,111 [DEBUG]  OP: Operation.SPLIT_ROWS on slice (100, 10) (remaining tasks 37)
2025-04-22 00:10:47,127 [DEBUG]  		found 2 row clusters (in 0.01515 secs)
2025-04-22 00:10:47,127 [DEBUG]  OP: Operation.SPLIT_ROWS on slice (235, 10) (remaining tasks 38)
2025-04-22 00:10:47,150 [DEBUG]  		found 2 row clusters (in 0.02343 secs)
2025-04-22 00:10:47,151 [DEBUG]  OP: Operation.SPLIT_ROWS on slice (82, 10) (remaining tasks 39)
2025-04-22 00:10:47,168 [DEBUG]  		found 2 row clusters (in 0.01747 secs)
2025-04-22 00:10:47,168 [DEBUG]  OP: Operation.SPLIT_ROWS on slice (158, 10) (remaining tasks 40)
2025-04-22 00:10:47,187 [DEBUG]  		found 2 row clusters (in 0.01836 secs)
2025-04-22 00:10:47,187 [DEBUG]  OP: Operation.SPLIT_ROWS on slice (121, 10) (remaining tasks 41)
2025-04-22 00:10:47,207 [DEBUG]  		found 2 row clusters (in 0.02038 secs)
2025-04-22 00:10:47,207 [DEBUG]  OP: Operation.SPLIT_ROWS on slice (208, 10) (remaining tasks 42)
2025-04-22 00:10:47,231 [DEBUG]  		found 2 row clusters (in 0.02347 secs)
2025-04-22 00:10:47,231 [DEBUG]  OP: Operation.SPLIT_ROWS on slice (145, 10) (remaining tasks 43)
2025-04-22 00:10:47,251 [DEBUG]  		found 2 row clusters (in 0.01921 secs)
2025-04-22 00:10:47,251 [DEBUG]  OP: Operation.SPLIT_ROWS on slice (73, 10) (remaining tasks 44)
2025-04-22 00:10:47,267 [DEBUG]  		found 2 row clusters (in 0.01646 secs)
2025-04-22 00:10:47,267 [DEBUG]  OP: Operation.SPLIT_COLUMNS on slice (91, 11) (remaining tasks 45)
2025-04-22 00:10:47,482 [DEBUG]  		found 1 col clusters (in 0.21405 secs)
2025-04-22 00:10:47,482 [DEBUG]  OP: Operation.NAIVE_FACTORIZATION on slice (23, 11) (remaining tasks 45)
2025-04-22 00:10:47,486 [DEBUG]  		naive factorization 11 columns (in 0.00404 secs)
2025-04-22 00:10:47,487 [DEBUG]  OP: Operation.NAIVE_FACTORIZATION on slice (47, 11) (remaining tasks 44)
2025-04-22 00:10:47,492 [DEBUG]  		naive factorization 11 columns (in 0.00488 secs)
2025-04-22 00:10:47,492 [DEBUG]  OP: Operation.NAIVE_FACTORIZATION on slice (41, 11) (remaining tasks 43)
2025-04-22 00:10:47,497 [DEBUG]  		naive factorization 11 columns (in 0.00429 secs)
2025-04-22 00:10:47,497 [DEBUG]  OP: Operation.NAIVE_FACTORIZATION on slice (42, 11) (remaining tasks 42)
2025-04-22 00:10:47,502 [DEBUG]  		naive factorization 11 columns (in 0.00394 secs)
2025-04-22 00:10:47,502 [DEBUG]  OP: Operation.NAIVE_FACTORIZATION on slice (51, 11) (remaining tasks 41)
2025-04-22 00:10:47,507 [DEBUG]  		naive factorization 11 columns (in 0.00488 secs)
2025-04-22 00:10:47,508 [DEBUG]  OP: Operation.NAIVE_FACTORIZATION on slice (43, 11) (remaining tasks 40)
2025-04-22 00:10:47,513 [DEBUG]  		naive factorization 11 columns (in 0.00476 secs)
2025-04-22 00:10:47,513 [DEBUG]  OP: Operation.NAIVE_FACTORIZATION on slice (58, 11) (remaining tasks 39)
2025-04-22 00:10:47,517 [DEBUG]  		naive factorization 11 columns (in 0.00411 secs)
2025-04-22 00:10:47,518 [DEBUG]  OP: Operation.NAIVE_FACTORIZATION on slice (51, 11) (remaining tasks 38)
2025-04-22 00:10:47,524 [DEBUG]  		naive factorization 11 columns (in 0.00553 secs)
2025-04-22 00:10:47,524 [DEBUG]  OP: Operation.NAIVE_FACTORIZATION on slice (31, 11) (remaining tasks 37)
2025-04-22 00:10:47,529 [DEBUG]  		naive factorization 11 columns (in 0.00499 secs)
2025-04-22 00:10:47,530 [DEBUG]  OP: Operation.NAIVE_FACTORIZATION on slice (41, 10) (remaining tasks 36)
2025-04-22 00:10:47,535 [DEBUG]  		naive factorization 10 columns (in 0.00512 secs)
2025-04-22 00:10:47,536 [DEBUG]  OP: Operation.NAIVE_FACTORIZATION on slice (31, 10) (remaining tasks 35)
2025-04-22 00:10:47,540 [DEBUG]  		naive factorization 10 columns (in 0.00398 secs)
2025-04-22 00:10:47,541 [DEBUG]  OP: Operation.NAIVE_FACTORIZATION on slice (52, 10) (remaining tasks 34)
2025-04-22 00:10:47,546 [DEBUG]  		naive factorization 10 columns (in 0.00542 secs)
2025-04-22 00:10:47,547 [DEBUG]  OP: Operation.NAIVE_FACTORIZATION on slice (27, 10) (remaining tasks 33)
2025-04-22 00:10:47,552 [DEBUG]  		naive factorization 10 columns (in 0.00482 secs)
2025-04-22 00:10:47,552 [DEBUG]  OP: Operation.NAIVE_FACTORIZATION on slice (48, 10) (remaining tasks 32)
2025-04-22 00:10:47,557 [DEBUG]  		naive factorization 10 columns (in 0.00426 secs)
2025-04-22 00:10:47,557 [DEBUG]  OP: Operation.NAIVE_FACTORIZATION on slice (41, 10) (remaining tasks 31)
2025-04-22 00:10:47,563 [DEBUG]  		naive factorization 10 columns (in 0.00529 secs)
2025-04-22 00:10:47,564 [DEBUG]  OP: Operation.NAIVE_FACTORIZATION on slice (57, 10) (remaining tasks 30)
2025-04-22 00:10:47,569 [DEBUG]  		naive factorization 10 columns (in 0.00547 secs)
2025-04-22 00:10:47,570 [DEBUG]  OP: Operation.NAIVE_FACTORIZATION on slice (41, 10) (remaining tasks 29)
2025-04-22 00:10:47,574 [DEBUG]  		naive factorization 10 columns (in 0.00417 secs)
2025-04-22 00:10:47,575 [DEBUG]  OP: Operation.NAIVE_FACTORIZATION on slice (46, 10) (remaining tasks 28)
2025-04-22 00:10:47,579 [DEBUG]  		naive factorization 10 columns (in 0.00366 secs)
2025-04-22 00:10:47,579 [DEBUG]  OP: Operation.NAIVE_FACTORIZATION on slice (48, 10) (remaining tasks 27)
2025-04-22 00:10:47,584 [DEBUG]  		naive factorization 10 columns (in 0.00508 secs)
2025-04-22 00:10:47,585 [DEBUG]  OP: Operation.NAIVE_FACTORIZATION on slice (35, 10) (remaining tasks 26)
2025-04-22 00:10:47,589 [DEBUG]  		naive factorization 10 columns (in 0.00431 secs)
2025-04-22 00:10:47,590 [DEBUG]  OP: Operation.NAIVE_FACTORIZATION on slice (43, 10) (remaining tasks 25)
2025-04-22 00:10:47,594 [DEBUG]  		naive factorization 10 columns (in 0.00412 secs)
2025-04-22 00:10:47,595 [DEBUG]  OP: Operation.NAIVE_FACTORIZATION on slice (57, 10) (remaining tasks 24)
2025-04-22 00:10:47,601 [DEBUG]  		naive factorization 10 columns (in 0.00593 secs)
2025-04-22 00:10:47,602 [DEBUG]  OP: Operation.NAIVE_FACTORIZATION on slice (45, 10) (remaining tasks 23)
2025-04-22 00:10:47,606 [DEBUG]  		naive factorization 10 columns (in 0.00409 secs)
2025-04-22 00:10:47,606 [DEBUG]  OP: Operation.SPLIT_COLUMNS on slice (105, 10) (remaining tasks 22)
2025-04-22 00:10:47,824 [DEBUG]  		found 1 col clusters (in 0.21719 secs)
2025-04-22 00:10:47,824 [DEBUG]  OP: Operation.SPLIT_COLUMNS on slice (90, 10) (remaining tasks 22)
2025-04-22 00:10:48,043 [DEBUG]  		found 1 col clusters (in 0.21897 secs)
2025-04-22 00:10:48,044 [DEBUG]  OP: Operation.NAIVE_FACTORIZATION on slice (70, 10) (remaining tasks 22)
2025-04-22 00:10:48,049 [DEBUG]  		naive factorization 10 columns (in 0.00463 secs)
2025-04-22 00:10:48,050 [DEBUG]  OP: Operation.NAIVE_FACTORIZATION on slice (31, 10) (remaining tasks 21)
2025-04-22 00:10:48,054 [DEBUG]  		naive factorization 10 columns (in 0.00432 secs)
2025-04-22 00:10:48,055 [DEBUG]  OP: Operation.NAIVE_FACTORIZATION on slice (53, 10) (remaining tasks 20)
2025-04-22 00:10:48,060 [DEBUG]  		naive factorization 10 columns (in 0.00511 secs)
2025-04-22 00:10:48,061 [DEBUG]  OP: Operation.SPLIT_COLUMNS on slice (72, 10) (remaining tasks 19)
2025-04-22 00:10:48,279 [DEBUG]  		found 1 col clusters (in 0.21854 secs)
2025-04-22 00:10:48,280 [DEBUG]  OP: Operation.SPLIT_COLUMNS on slice (83, 10) (remaining tasks 19)
2025-04-22 00:10:48,498 [DEBUG]  		found 1 col clusters (in 0.21802 secs)
2025-04-22 00:10:48,498 [DEBUG]  OP: Operation.NAIVE_FACTORIZATION on slice (17, 10) (remaining tasks 19)
2025-04-22 00:10:48,502 [DEBUG]  		naive factorization 10 columns (in 0.00323 secs)
2025-04-22 00:10:48,502 [DEBUG]  OP: Operation.SPLIT_COLUMNS on slice (100, 10) (remaining tasks 18)
2025-04-22 00:10:48,725 [DEBUG]  		found 1 col clusters (in 0.22265 secs)
2025-04-22 00:10:48,726 [DEBUG]  OP: Operation.SPLIT_COLUMNS on slice (135, 10) (remaining tasks 18)
2025-04-22 00:10:48,949 [DEBUG]  		found 1 col clusters (in 0.22286 secs)
2025-04-22 00:10:48,949 [DEBUG]  OP: Operation.NAIVE_FACTORIZATION on slice (31, 10) (remaining tasks 18)
2025-04-22 00:10:48,953 [DEBUG]  		naive factorization 10 columns (in 0.00404 secs)
2025-04-22 00:10:48,954 [DEBUG]  OP: Operation.NAIVE_FACTORIZATION on slice (51, 10) (remaining tasks 17)
2025-04-22 00:10:48,958 [DEBUG]  		naive factorization 10 columns (in 0.00353 secs)
2025-04-22 00:10:48,958 [DEBUG]  OP: Operation.SPLIT_COLUMNS on slice (77, 10) (remaining tasks 16)
2025-04-22 00:10:49,274 [DEBUG]  		found 1 col clusters (in 0.31618 secs)
2025-04-22 00:10:49,275 [DEBUG]  OP: Operation.SPLIT_COLUMNS on slice (81, 10) (remaining tasks 16)
2025-04-22 00:10:49,490 [DEBUG]  		found 1 col clusters (in 0.21519 secs)
2025-04-22 00:10:49,491 [DEBUG]  OP: Operation.NAIVE_FACTORIZATION on slice (59, 10) (remaining tasks 16)
2025-04-22 00:10:49,496 [DEBUG]  		naive factorization 10 columns (in 0.00464 secs)
2025-04-22 00:10:49,496 [DEBUG]  OP: Operation.NAIVE_FACTORIZATION on slice (62, 10) (remaining tasks 15)
2025-04-22 00:10:49,501 [DEBUG]  		naive factorization 10 columns (in 0.00495 secs)
2025-04-22 00:10:49,502 [DEBUG]  OP: Operation.SPLIT_COLUMNS on slice (126, 10) (remaining tasks 14)
2025-04-22 00:10:49,720 [DEBUG]  		found 1 col clusters (in 0.21808 secs)
2025-04-22 00:10:49,721 [DEBUG]  OP: Operation.SPLIT_COLUMNS on slice (82, 10) (remaining tasks 14)
2025-04-22 00:10:49,939 [DEBUG]  		found 1 col clusters (in 0.21827 secs)
2025-04-22 00:10:49,940 [DEBUG]  OP: Operation.NAIVE_FACTORIZATION on slice (51, 10) (remaining tasks 14)
2025-04-22 00:10:49,944 [DEBUG]  		naive factorization 10 columns (in 0.00406 secs)
2025-04-22 00:10:49,945 [DEBUG]  OP: Operation.SPLIT_COLUMNS on slice (94, 10) (remaining tasks 13)
2025-04-22 00:10:50,162 [DEBUG]  		found 1 col clusters (in 0.21769 secs)
2025-04-22 00:10:50,163 [DEBUG]  OP: Operation.NAIVE_FACTORIZATION on slice (58, 10) (remaining tasks 13)
2025-04-22 00:10:50,168 [DEBUG]  		naive factorization 10 columns (in 0.00476 secs)
2025-04-22 00:10:50,168 [DEBUG]  OP: Operation.NAIVE_FACTORIZATION on slice (15, 10) (remaining tasks 12)
2025-04-22 00:10:50,173 [DEBUG]  		naive factorization 10 columns (in 0.00404 secs)
2025-04-22 00:10:50,173 [DEBUG]  OP: Operation.SPLIT_ROWS on slice (91, 11) (remaining tasks 11)
2025-04-22 00:10:50,217 [DEBUG]  		found 2 row clusters (in 0.04360 secs)
2025-04-22 00:10:50,217 [DEBUG]  OP: Operation.SPLIT_ROWS on slice (105, 10) (remaining tasks 12)
2025-04-22 00:10:50,247 [DEBUG]  		found 2 row clusters (in 0.02943 secs)
2025-04-22 00:10:50,247 [DEBUG]  OP: Operation.SPLIT_ROWS on slice (90, 10) (remaining tasks 13)
2025-04-22 00:10:50,268 [DEBUG]  		found 2 row clusters (in 0.02087 secs)
2025-04-22 00:10:50,268 [DEBUG]  OP: Operation.SPLIT_ROWS on slice (72, 10) (remaining tasks 14)
2025-04-22 00:10:50,283 [DEBUG]  		found 2 row clusters (in 0.01466 secs)
2025-04-22 00:10:50,283 [DEBUG]  OP: Operation.SPLIT_ROWS on slice (83, 10) (remaining tasks 15)
2025-04-22 00:10:50,301 [DEBUG]  		found 2 row clusters (in 0.01766 secs)
2025-04-22 00:10:50,301 [DEBUG]  OP: Operation.SPLIT_ROWS on slice (100, 10) (remaining tasks 16)
2025-04-22 00:10:50,320 [DEBUG]  		found 2 row clusters (in 0.01813 secs)
2025-04-22 00:10:50,320 [DEBUG]  OP: Operation.SPLIT_ROWS on slice (135, 10) (remaining tasks 17)
2025-04-22 00:10:50,341 [DEBUG]  		found 2 row clusters (in 0.02100 secs)
2025-04-22 00:10:50,341 [DEBUG]  OP: Operation.SPLIT_ROWS on slice (77, 10) (remaining tasks 18)
2025-04-22 00:10:50,357 [DEBUG]  		found 2 row clusters (in 0.01619 secs)
2025-04-22 00:10:50,357 [DEBUG]  OP: Operation.SPLIT_ROWS on slice (81, 10) (remaining tasks 19)
2025-04-22 00:10:50,373 [DEBUG]  		found 2 row clusters (in 0.01563 secs)
2025-04-22 00:10:50,373 [DEBUG]  OP: Operation.SPLIT_ROWS on slice (126, 10) (remaining tasks 20)
2025-04-22 00:10:50,390 [DEBUG]  		found 2 row clusters (in 0.01611 secs)
2025-04-22 00:10:50,390 [DEBUG]  OP: Operation.SPLIT_ROWS on slice (82, 10) (remaining tasks 21)
2025-04-22 00:10:50,405 [DEBUG]  		found 2 row clusters (in 0.01542 secs)
2025-04-22 00:10:50,405 [DEBUG]  OP: Operation.SPLIT_ROWS on slice (94, 10) (remaining tasks 22)
2025-04-22 00:10:50,422 [DEBUG]  		found 2 row clusters (in 0.01630 secs)
2025-04-22 00:10:50,422 [DEBUG]  OP: Operation.SPLIT_COLUMNS on slice (88, 11) (remaining tasks 23)
2025-04-22 00:10:50,632 [DEBUG]  		found 1 col clusters (in 0.21028 secs)
2025-04-22 00:10:50,633 [DEBUG]  OP: Operation.NAIVE_FACTORIZATION on slice (3, 11) (remaining tasks 23)
2025-04-22 00:10:50,637 [DEBUG]  		naive factorization 11 columns (in 0.00357 secs)
2025-04-22 00:10:50,637 [DEBUG]  OP: Operation.SPLIT_COLUMNS on slice (80, 10) (remaining tasks 22)
2025-04-22 00:10:50,864 [DEBUG]  		found 1 col clusters (in 0.22639 secs)
2025-04-22 00:10:50,864 [DEBUG]  OP: Operation.NAIVE_FACTORIZATION on slice (25, 10) (remaining tasks 22)
2025-04-22 00:10:50,868 [DEBUG]  		naive factorization 10 columns (in 0.00381 secs)
2025-04-22 00:10:50,869 [DEBUG]  OP: Operation.NAIVE_FACTORIZATION on slice (43, 10) (remaining tasks 21)
2025-04-22 00:10:50,873 [DEBUG]  		naive factorization 10 columns (in 0.00431 secs)
2025-04-22 00:10:50,874 [DEBUG]  OP: Operation.NAIVE_FACTORIZATION on slice (47, 10) (remaining tasks 20)
2025-04-22 00:10:50,878 [DEBUG]  		naive factorization 10 columns (in 0.00416 secs)
2025-04-22 00:10:50,879 [DEBUG]  OP: Operation.NAIVE_FACTORIZATION on slice (16, 10) (remaining tasks 19)
2025-04-22 00:10:50,882 [DEBUG]  		naive factorization 10 columns (in 0.00358 secs)
2025-04-22 00:10:50,883 [DEBUG]  OP: Operation.NAIVE_FACTORIZATION on slice (56, 10) (remaining tasks 18)
2025-04-22 00:10:50,887 [DEBUG]  		naive factorization 10 columns (in 0.00423 secs)
2025-04-22 00:10:50,888 [DEBUG]  OP: Operation.NAIVE_FACTORIZATION on slice (39, 10) (remaining tasks 17)
2025-04-22 00:10:50,892 [DEBUG]  		naive factorization 10 columns (in 0.00400 secs)
2025-04-22 00:10:50,893 [DEBUG]  OP: Operation.NAIVE_FACTORIZATION on slice (44, 10) (remaining tasks 16)
2025-04-22 00:10:50,896 [DEBUG]  		naive factorization 10 columns (in 0.00359 secs)
2025-04-22 00:10:50,897 [DEBUG]  OP: Operation.SPLIT_COLUMNS on slice (85, 10) (remaining tasks 15)
2025-04-22 00:10:51,115 [DEBUG]  		found 1 col clusters (in 0.21756 secs)
2025-04-22 00:10:51,115 [DEBUG]  OP: Operation.NAIVE_FACTORIZATION on slice (15, 10) (remaining tasks 15)
2025-04-22 00:10:51,119 [DEBUG]  		naive factorization 10 columns (in 0.00343 secs)
2025-04-22 00:10:51,119 [DEBUG]  OP: Operation.NAIVE_FACTORIZATION on slice (31, 10) (remaining tasks 14)
2025-04-22 00:10:51,123 [DEBUG]  		naive factorization 10 columns (in 0.00359 secs)
2025-04-22 00:10:51,124 [DEBUG]  OP: Operation.SPLIT_COLUMNS on slice (104, 10) (remaining tasks 13)
2025-04-22 00:10:51,341 [DEBUG]  		found 1 col clusters (in 0.21717 secs)
2025-04-22 00:10:51,341 [DEBUG]  OP: Operation.NAIVE_FACTORIZATION on slice (47, 10) (remaining tasks 13)
2025-04-22 00:10:51,346 [DEBUG]  		naive factorization 10 columns (in 0.00450 secs)
2025-04-22 00:10:51,347 [DEBUG]  OP: Operation.NAIVE_FACTORIZATION on slice (30, 10) (remaining tasks 12)
2025-04-22 00:10:51,351 [DEBUG]  		naive factorization 10 columns (in 0.00378 secs)
2025-04-22 00:10:51,351 [DEBUG]  OP: Operation.NAIVE_FACTORIZATION on slice (53, 10) (remaining tasks 11)
2025-04-22 00:10:51,356 [DEBUG]  		naive factorization 10 columns (in 0.00472 secs)
2025-04-22 00:10:51,356 [DEBUG]  OP: Operation.NAIVE_FACTORIZATION on slice (28, 10) (remaining tasks 10)
2025-04-22 00:10:51,361 [DEBUG]  		naive factorization 10 columns (in 0.00427 secs)
2025-04-22 00:10:51,361 [DEBUG]  OP: Operation.NAIVE_FACTORIZATION on slice (48, 10) (remaining tasks 9)
2025-04-22 00:10:51,365 [DEBUG]  		naive factorization 10 columns (in 0.00372 secs)
2025-04-22 00:10:51,366 [DEBUG]  OP: Operation.SPLIT_COLUMNS on slice (78, 10) (remaining tasks 8)
2025-04-22 00:10:51,586 [DEBUG]  		found 1 col clusters (in 0.21984 secs)
2025-04-22 00:10:51,586 [DEBUG]  OP: Operation.NAIVE_FACTORIZATION on slice (46, 10) (remaining tasks 8)
2025-04-22 00:10:51,591 [DEBUG]  		naive factorization 10 columns (in 0.00393 secs)
2025-04-22 00:10:51,591 [DEBUG]  OP: Operation.NAIVE_FACTORIZATION on slice (36, 10) (remaining tasks 7)
2025-04-22 00:10:51,595 [DEBUG]  		naive factorization 10 columns (in 0.00423 secs)
2025-04-22 00:10:51,596 [DEBUG]  OP: Operation.NAIVE_FACTORIZATION on slice (35, 10) (remaining tasks 6)
2025-04-22 00:10:51,600 [DEBUG]  		naive factorization 10 columns (in 0.00407 secs)
2025-04-22 00:10:51,601 [DEBUG]  OP: Operation.NAIVE_FACTORIZATION on slice (59, 10) (remaining tasks 5)
2025-04-22 00:10:51,605 [DEBUG]  		naive factorization 10 columns (in 0.00408 secs)
2025-04-22 00:10:51,605 [DEBUG]  OP: Operation.SPLIT_ROWS on slice (88, 11) (remaining tasks 4)
2025-04-22 00:10:51,651 [DEBUG]  		found 2 row clusters (in 0.04516 secs)
2025-04-22 00:10:51,651 [DEBUG]  OP: Operation.SPLIT_ROWS on slice (80, 10) (remaining tasks 5)
2025-04-22 00:10:51,687 [DEBUG]  		found 2 row clusters (in 0.03521 secs)
2025-04-22 00:10:51,687 [DEBUG]  OP: Operation.SPLIT_ROWS on slice (85, 10) (remaining tasks 6)
2025-04-22 00:10:51,709 [DEBUG]  		found 2 row clusters (in 0.02172 secs)
2025-04-22 00:10:51,709 [DEBUG]  OP: Operation.SPLIT_ROWS on slice (104, 10) (remaining tasks 7)
2025-04-22 00:10:51,732 [DEBUG]  		found 2 row clusters (in 0.02256 secs)
2025-04-22 00:10:51,732 [DEBUG]  OP: Operation.SPLIT_ROWS on slice (78, 10) (remaining tasks 8)
2025-04-22 00:10:51,755 [DEBUG]  		found 2 row clusters (in 0.02269 secs)
2025-04-22 00:10:51,755 [DEBUG]  OP: Operation.NAIVE_FACTORIZATION on slice (45, 11) (remaining tasks 9)
2025-04-22 00:10:51,760 [DEBUG]  		naive factorization 11 columns (in 0.00465 secs)
2025-04-22 00:10:51,760 [DEBUG]  OP: Operation.NAIVE_FACTORIZATION on slice (43, 11) (remaining tasks 8)
2025-04-22 00:10:51,765 [DEBUG]  		naive factorization 11 columns (in 0.00473 secs)
2025-04-22 00:10:51,765 [DEBUG]  OP: Operation.NAIVE_FACTORIZATION on slice (42, 10) (remaining tasks 7)
2025-04-22 00:10:51,770 [DEBUG]  		naive factorization 10 columns (in 0.00429 secs)
2025-04-22 00:10:51,770 [DEBUG]  OP: Operation.NAIVE_FACTORIZATION on slice (38, 10) (remaining tasks 6)
2025-04-22 00:10:51,774 [DEBUG]  		naive factorization 10 columns (in 0.00446 secs)
2025-04-22 00:10:51,775 [DEBUG]  OP: Operation.NAIVE_FACTORIZATION on slice (47, 10) (remaining tasks 5)
2025-04-22 00:10:51,779 [DEBUG]  		naive factorization 10 columns (in 0.00444 secs)
2025-04-22 00:10:51,780 [DEBUG]  OP: Operation.NAIVE_FACTORIZATION on slice (38, 10) (remaining tasks 4)
2025-04-22 00:10:51,784 [DEBUG]  		naive factorization 10 columns (in 0.00388 secs)
2025-04-22 00:10:51,784 [DEBUG]  OP: Operation.NAIVE_FACTORIZATION on slice (50, 10) (remaining tasks 3)
2025-04-22 00:10:51,788 [DEBUG]  		naive factorization 10 columns (in 0.00416 secs)
2025-04-22 00:10:51,789 [DEBUG]  OP: Operation.NAIVE_FACTORIZATION on slice (54, 10) (remaining tasks 2)
2025-04-22 00:10:51,793 [DEBUG]  		naive factorization 10 columns (in 0.00371 secs)
2025-04-22 00:10:51,793 [DEBUG]  OP: Operation.NAIVE_FACTORIZATION on slice (52, 10) (remaining tasks 1)
2025-04-22 00:10:51,797 [DEBUG]  		naive factorization 10 columns (in 0.00377 secs)
2025-04-22 00:10:51,797 [DEBUG]  OP: Operation.NAIVE_FACTORIZATION on slice (26, 10) (remaining tasks 0)
2025-04-22 00:10:51,802 [DEBUG]  		naive factorization 10 columns (in 0.00409 secs)
2025-04-22 00:10:52,942 [DEBUG]  Built SPN in 148.6278039860008 sec
2025-04-22 00:10:52,942 [INFO ]  Saving ensemble to /home/dafn/card/deepcard/collected_temp_benchmarks/spn_ensembles/Gas Turbine CO and NOx Emission Data Set/ensemble_single_gt_2014_10000000.pkl
