2025-04-16 16:30:26,158 [INFO ]  Generating HDF files for tables in /home/dafn/card/deepcard/collected_datasets/Gas Turbine CO and NOx Emission Data Set and store to path /home/dafn/card/deepcard/collected_temp_benchmarks/gen_single_light/Gas Turbine CO and NOx Emission Data Set
2025-04-16 16:30:26,158 [INFO ]  Preparing hdf file for table gt_2012
2025-04-16 16:30:26,171 [INFO ]  Managing functional dependencies for table gt_2012
2025-04-16 16:30:26,172 [INFO ]  Preparing multipliers for table gt_2012
2025-04-16 16:30:26,172 [INFO ]  Preparing categorical values and null values for table gt_2012
2025-04-16 16:30:26,172 [DEBUG]  		Preparing numerical values for column f1
2025-04-16 16:30:26,173 [DEBUG]  		Preparing numerical values for column f2
2025-04-16 16:30:26,174 [DEBUG]  		Preparing numerical values for column f3
2025-04-16 16:30:26,176 [DEBUG]  		Preparing numerical values for column f4
2025-04-16 16:30:26,177 [DEBUG]  		Preparing numerical values for column f5
2025-04-16 16:30:26,178 [DEBUG]  		Preparing numerical values for column f6
2025-04-16 16:30:26,179 [DEBUG]  		Preparing numerical values for column f7
2025-04-16 16:30:26,180 [DEBUG]  		Preparing numerical values for column f8
2025-04-16 16:30:26,181 [DEBUG]  		Preparing numerical values for column f9
2025-04-16 16:30:26,182 [DEBUG]  		Preparing numerical values for column f10
2025-04-16 16:30:26,183 [DEBUG]  		Preparing numerical values for column f11
2025-04-16 16:30:26,184 [INFO ]  Relevant attributes for table gt_2012 are ['f1', 'f2', 'f3', 'f4', 'f5', 'f6', 'f7', 'f8', 'f9', 'f10', 'f11']
2025-04-16 16:30:26,184 [INFO ]  NULL values for table gt_2012 are [18.398049938384894, 1012.2582528578919, 79.07490414263242, 4.3068174750917665, 25.181460513896173, 1082.8903333508129, 546.2638926061877, 132.67565191400104, 12.00022108023073, 2.361232952018878, 68.78906512847405]
2025-04-16 16:30:26,216 [INFO ]  Adding table parts without join partners for table gt_2012
2025-04-16 16:30:26,216 [INFO ]  Files successfully created
