2025-04-22 00:30:48,017 [INFO ]  Creating naive ensemble.
2025-04-22 00:30:48,018 [INFO ]  Learning SPN for gt_2013.
2025-04-22 00:30:48,018 [DEBUG]  generate_join_sample(single_table=gt_2013, relationship_list=None, split_condition=None)
2025-04-22 00:30:48,045 [DEBUG]  Using min_instance_slice parameter 71.52.
2025-04-22 00:30:48,046 [INFO ]  SPN training phase with 7152 samples
2025-04-22 00:30:48,052 [DEBUG]  Built domains in 0.00603825999860419 sec
2025-04-22 00:30:48,403 [DEBUG]  CACHEDIR=/home/dafn/.cache/matplotlib
2025-04-22 00:30:48,404 [DEBUG]  Using fontManager instance from /home/dafn/.cache/matplotlib/fontlist-v300.json
2025-04-22 00:30:48,499 [DEBUG]  Loaded backend qt5agg version unknown.
2025-04-22 00:30:48,529 [DEBUG]  Loaded backend qt5agg version unknown.
2025-04-22 00:30:48,530 [DEBUG]  Loaded backend qt4agg version unknown.
2025-04-22 00:30:48,536 [DEBUG]  Loaded backend tkagg version unknown.
2025-04-22 00:30:48,537 [DEBUG]  Loaded backend agg version unknown.
2025-04-22 00:30:48,537 [DEBUG]  Loaded backend agg version unknown.
2025-04-22 00:30:48,541 [DEBUG]  OP: Operation.SPLIT_ROWS on slice (7152, 11) (remaining tasks 0)
2025-04-22 00:30:48,615 [DEBUG]  		found 2 row clusters (in 0.07405 secs)
2025-04-22 00:30:48,615 [DEBUG]  OP: Operation.SPLIT_COLUMNS on slice (5088, 11) (remaining tasks 1)
2025-04-22 00:30:50,553 [DEBUG]  		found 1 col clusters (in 1.93800 secs)
2025-04-22 00:30:50,555 [DEBUG]  OP: Operation.SPLIT_COLUMNS on slice (2064, 11) (remaining tasks 1)
2025-04-22 00:30:56,089 [DEBUG]  		found 1 col clusters (in 5.53435 secs)
2025-04-22 00:30:56,091 [DEBUG]  OP: Operation.SPLIT_ROWS on slice (5088, 11) (remaining tasks 1)
2025-04-22 00:30:56,193 [DEBUG]  		found 2 row clusters (in 0.10187 secs)
2025-04-22 00:30:56,193 [DEBUG]  OP: Operation.SPLIT_ROWS on slice (2064, 11) (remaining tasks 2)
2025-04-22 00:30:56,250 [DEBUG]  		found 2 row clusters (in 0.05622 secs)
2025-04-22 00:30:56,250 [DEBUG]  OP: Operation.SPLIT_COLUMNS on slice (3534, 11) (remaining tasks 3)
2025-04-22 00:30:58,792 [DEBUG]  		found 1 col clusters (in 2.54187 secs)
2025-04-22 00:30:58,793 [DEBUG]  OP: Operation.SPLIT_COLUMNS on slice (1554, 11) (remaining tasks 3)
2025-04-22 00:31:03,966 [DEBUG]  		found 1 col clusters (in 5.17330 secs)
2025-04-22 00:31:03,967 [DEBUG]  OP: Operation.SPLIT_COLUMNS on slice (1449, 11) (remaining tasks 3)
2025-04-22 00:31:07,091 [DEBUG]  		found 1 col clusters (in 3.12377 secs)
2025-04-22 00:31:07,092 [DEBUG]  OP: Operation.SPLIT_COLUMNS on slice (615, 11) (remaining tasks 3)
2025-04-22 00:31:08,409 [DEBUG]  		found 1 col clusters (in 1.31706 secs)
2025-04-22 00:31:08,410 [DEBUG]  OP: Operation.SPLIT_ROWS on slice (3534, 11) (remaining tasks 3)
2025-04-22 00:31:08,582 [DEBUG]  		found 2 row clusters (in 0.17202 secs)
2025-04-22 00:31:08,583 [DEBUG]  OP: Operation.SPLIT_ROWS on slice (1554, 11) (remaining tasks 4)
2025-04-22 00:31:08,622 [DEBUG]  		found 2 row clusters (in 0.03935 secs)
2025-04-22 00:31:08,623 [DEBUG]  OP: Operation.SPLIT_ROWS on slice (1449, 11) (remaining tasks 5)
2025-04-22 00:31:08,662 [DEBUG]  		found 2 row clusters (in 0.03968 secs)
2025-04-22 00:31:08,663 [DEBUG]  OP: Operation.SPLIT_ROWS on slice (615, 11) (remaining tasks 6)
2025-04-22 00:31:08,692 [DEBUG]  		found 2 row clusters (in 0.02876 secs)
2025-04-22 00:31:08,692 [DEBUG]  OP: Operation.SPLIT_COLUMNS on slice (1249, 11) (remaining tasks 7)
2025-04-22 00:31:12,225 [DEBUG]  		found 1 col clusters (in 3.53305 secs)
2025-04-22 00:31:12,226 [DEBUG]  OP: Operation.SPLIT_COLUMNS on slice (2285, 11) (remaining tasks 7)
2025-04-22 00:31:17,395 [DEBUG]  		found 1 col clusters (in 5.16883 secs)
2025-04-22 00:31:17,396 [DEBUG]  OP: Operation.SPLIT_COLUMNS on slice (1127, 11) (remaining tasks 7)
2025-04-22 00:31:21,809 [DEBUG]  		found 1 col clusters (in 4.41253 secs)
2025-04-22 00:31:21,809 [DEBUG]  OP: Operation.SPLIT_COLUMNS on slice (427, 11) (remaining tasks 7)
2025-04-22 00:31:24,004 [DEBUG]  		found 1 col clusters (in 2.19453 secs)
2025-04-22 00:31:24,005 [DEBUG]  OP: Operation.SPLIT_COLUMNS on slice (1031, 11) (remaining tasks 7)
2025-04-22 00:31:27,062 [DEBUG]  		found 1 col clusters (in 3.05632 secs)
2025-04-22 00:31:27,062 [DEBUG]  OP: Operation.SPLIT_COLUMNS on slice (418, 11) (remaining tasks 7)
2025-04-22 00:31:29,035 [DEBUG]  		found 1 col clusters (in 1.97218 secs)
2025-04-22 00:31:29,036 [DEBUG]  OP: Operation.SPLIT_COLUMNS on slice (343, 11) (remaining tasks 7)
2025-04-22 00:31:31,100 [DEBUG]  		found 1 col clusters (in 2.06379 secs)
2025-04-22 00:31:31,100 [DEBUG]  OP: Operation.SPLIT_COLUMNS on slice (272, 11) (remaining tasks 7)
2025-04-22 00:31:32,967 [DEBUG]  		found 1 col clusters (in 1.86655 secs)
2025-04-22 00:31:32,968 [DEBUG]  OP: Operation.SPLIT_ROWS on slice (1249, 11) (remaining tasks 7)
2025-04-22 00:31:33,068 [DEBUG]  		found 2 row clusters (in 0.10051 secs)
2025-04-22 00:31:33,069 [DEBUG]  OP: Operation.SPLIT_ROWS on slice (2285, 11) (remaining tasks 8)
2025-04-22 00:31:33,112 [DEBUG]  		found 2 row clusters (in 0.04330 secs)
2025-04-22 00:31:33,113 [DEBUG]  OP: Operation.SPLIT_ROWS on slice (1127, 11) (remaining tasks 9)
2025-04-22 00:31:33,166 [DEBUG]  		found 2 row clusters (in 0.05305 secs)
2025-04-22 00:31:33,166 [DEBUG]  OP: Operation.SPLIT_ROWS on slice (427, 11) (remaining tasks 10)
2025-04-22 00:31:33,189 [DEBUG]  		found 2 row clusters (in 0.02330 secs)
2025-04-22 00:31:33,190 [DEBUG]  OP: Operation.SPLIT_ROWS on slice (1031, 11) (remaining tasks 11)
2025-04-22 00:31:33,230 [DEBUG]  		found 2 row clusters (in 0.04077 secs)
2025-04-22 00:31:33,231 [DEBUG]  OP: Operation.SPLIT_ROWS on slice (418, 11) (remaining tasks 12)
2025-04-22 00:31:33,271 [DEBUG]  		found 2 row clusters (in 0.04028 secs)
2025-04-22 00:31:33,271 [DEBUG]  OP: Operation.SPLIT_ROWS on slice (343, 11) (remaining tasks 13)
2025-04-22 00:31:33,296 [DEBUG]  		found 2 row clusters (in 0.02493 secs)
2025-04-22 00:31:33,297 [DEBUG]  OP: Operation.SPLIT_ROWS on slice (272, 11) (remaining tasks 14)
2025-04-22 00:31:33,328 [DEBUG]  		found 2 row clusters (in 0.03120 secs)
2025-04-22 00:31:33,328 [DEBUG]  OP: Operation.SPLIT_COLUMNS on slice (515, 11) (remaining tasks 15)
2025-04-22 00:31:35,513 [DEBUG]  		found 1 col clusters (in 2.18530 secs)
2025-04-22 00:31:35,514 [DEBUG]  OP: Operation.SPLIT_COLUMNS on slice (734, 11) (remaining tasks 15)
2025-04-22 00:31:36,325 [DEBUG]  		found 1 col clusters (in 0.81087 secs)
2025-04-22 00:31:36,326 [DEBUG]  OP: Operation.SPLIT_COLUMNS on slice (1257, 11) (remaining tasks 15)
2025-04-22 00:31:39,993 [DEBUG]  		found 1 col clusters (in 3.66724 secs)
2025-04-22 00:31:39,994 [DEBUG]  OP: Operation.SPLIT_COLUMNS on slice (1028, 11) (remaining tasks 15)
2025-04-22 00:31:43,903 [DEBUG]  		found 1 col clusters (in 3.90953 secs)
2025-04-22 00:31:43,904 [DEBUG]  OP: Operation.SPLIT_COLUMNS on slice (515, 11) (remaining tasks 15)
2025-04-22 00:31:45,592 [DEBUG]  		found 1 col clusters (in 1.68795 secs)
2025-04-22 00:31:45,592 [DEBUG]  OP: Operation.SPLIT_COLUMNS on slice (612, 11) (remaining tasks 15)
2025-04-22 00:31:46,959 [DEBUG]  		found 1 col clusters (in 1.36644 secs)
2025-04-22 00:31:46,960 [DEBUG]  OP: Operation.SPLIT_COLUMNS on slice (204, 11) (remaining tasks 15)
2025-04-22 00:31:48,639 [DEBUG]  		found 1 col clusters (in 1.67944 secs)
2025-04-22 00:31:48,640 [DEBUG]  OP: Operation.SPLIT_COLUMNS on slice (223, 11) (remaining tasks 15)
2025-04-22 00:31:50,234 [DEBUG]  		found 1 col clusters (in 1.59443 secs)
2025-04-22 00:31:50,235 [DEBUG]  OP: Operation.SPLIT_COLUMNS on slice (507, 11) (remaining tasks 15)
2025-04-22 00:31:52,472 [DEBUG]  		found 1 col clusters (in 2.23686 secs)
2025-04-22 00:31:52,473 [DEBUG]  OP: Operation.SPLIT_COLUMNS on slice (524, 11) (remaining tasks 15)
2025-04-22 00:31:54,288 [DEBUG]  		found 1 col clusters (in 1.81460 secs)
2025-04-22 00:31:54,288 [DEBUG]  OP: Operation.SPLIT_COLUMNS on slice (220, 11) (remaining tasks 15)
2025-04-22 00:31:55,811 [DEBUG]  		found 1 col clusters (in 1.52210 secs)
2025-04-22 00:31:55,811 [DEBUG]  OP: Operation.SPLIT_COLUMNS on slice (198, 11) (remaining tasks 15)
2025-04-22 00:31:57,394 [DEBUG]  		found 1 col clusters (in 1.58199 secs)
2025-04-22 00:31:57,394 [DEBUG]  OP: Operation.NAIVE_FACTORIZATION on slice (68, 11) (remaining tasks 15)
2025-04-22 00:31:57,401 [DEBUG]  		naive factorization 11 columns (in 0.00699 secs)
2025-04-22 00:31:57,402 [DEBUG]  OP: Operation.SPLIT_COLUMNS on slice (275, 11) (remaining tasks 14)
2025-04-22 00:31:59,083 [DEBUG]  		found 1 col clusters (in 1.68096 secs)
2025-04-22 00:31:59,083 [DEBUG]  OP: Operation.SPLIT_COLUMNS on slice (77, 11) (remaining tasks 14)
2025-04-22 00:31:59,321 [DEBUG]  		found 1 col clusters (in 0.23732 secs)
2025-04-22 00:31:59,322 [DEBUG]  OP: Operation.SPLIT_COLUMNS on slice (195, 11) (remaining tasks 14)
2025-04-22 00:32:00,653 [DEBUG]  		found 1 col clusters (in 1.33150 secs)
2025-04-22 00:32:00,654 [DEBUG]  OP: Operation.SPLIT_ROWS on slice (515, 11) (remaining tasks 14)
2025-04-22 00:32:00,781 [DEBUG]  		found 2 row clusters (in 0.12721 secs)
2025-04-22 00:32:00,781 [DEBUG]  OP: Operation.SPLIT_ROWS on slice (734, 11) (remaining tasks 15)
2025-04-22 00:32:00,818 [DEBUG]  		found 2 row clusters (in 0.03667 secs)
2025-04-22 00:32:00,818 [DEBUG]  OP: Operation.SPLIT_ROWS on slice (1257, 11) (remaining tasks 16)
2025-04-22 00:32:00,869 [DEBUG]  		found 2 row clusters (in 0.05090 secs)
2025-04-22 00:32:00,870 [DEBUG]  OP: Operation.SPLIT_ROWS on slice (1028, 11) (remaining tasks 17)
2025-04-22 00:32:00,924 [DEBUG]  		found 2 row clusters (in 0.05378 secs)
2025-04-22 00:32:00,924 [DEBUG]  OP: Operation.SPLIT_ROWS on slice (515, 11) (remaining tasks 18)
2025-04-22 00:32:00,959 [DEBUG]  		found 2 row clusters (in 0.03532 secs)
2025-04-22 00:32:00,960 [DEBUG]  OP: Operation.SPLIT_ROWS on slice (612, 11) (remaining tasks 19)
2025-04-22 00:32:00,998 [DEBUG]  		found 2 row clusters (in 0.03872 secs)
2025-04-22 00:32:00,999 [DEBUG]  OP: Operation.SPLIT_ROWS on slice (204, 11) (remaining tasks 20)
2025-04-22 00:32:01,022 [DEBUG]  		found 2 row clusters (in 0.02383 secs)
2025-04-22 00:32:01,023 [DEBUG]  OP: Operation.SPLIT_ROWS on slice (223, 11) (remaining tasks 21)
2025-04-22 00:32:01,044 [DEBUG]  		found 2 row clusters (in 0.02095 secs)
2025-04-22 00:32:01,044 [DEBUG]  OP: Operation.SPLIT_ROWS on slice (507, 11) (remaining tasks 22)
2025-04-22 00:32:01,073 [DEBUG]  		found 2 row clusters (in 0.02859 secs)
2025-04-22 00:32:01,073 [DEBUG]  OP: Operation.SPLIT_ROWS on slice (524, 11) (remaining tasks 23)
2025-04-22 00:32:01,102 [DEBUG]  		found 2 row clusters (in 0.02898 secs)
2025-04-22 00:32:01,102 [DEBUG]  OP: Operation.SPLIT_ROWS on slice (220, 11) (remaining tasks 24)
2025-04-22 00:32:01,126 [DEBUG]  		found 2 row clusters (in 0.02419 secs)
2025-04-22 00:32:01,127 [DEBUG]  OP: Operation.SPLIT_ROWS on slice (198, 11) (remaining tasks 25)
2025-04-22 00:32:01,148 [DEBUG]  		found 2 row clusters (in 0.02099 secs)
2025-04-22 00:32:01,148 [DEBUG]  OP: Operation.SPLIT_ROWS on slice (275, 11) (remaining tasks 26)
2025-04-22 00:32:01,169 [DEBUG]  		found 2 row clusters (in 0.02069 secs)
2025-04-22 00:32:01,169 [DEBUG]  OP: Operation.SPLIT_ROWS on slice (77, 11) (remaining tasks 27)
2025-04-22 00:32:01,186 [DEBUG]  		found 2 row clusters (in 0.01708 secs)
2025-04-22 00:32:01,186 [DEBUG]  OP: Operation.SPLIT_ROWS on slice (195, 11) (remaining tasks 28)
2025-04-22 00:32:01,209 [DEBUG]  		found 2 row clusters (in 0.02241 secs)
2025-04-22 00:32:01,209 [DEBUG]  OP: Operation.SPLIT_COLUMNS on slice (395, 11) (remaining tasks 29)
2025-04-22 00:32:03,145 [DEBUG]  		found 1 col clusters (in 1.93585 secs)
2025-04-22 00:32:03,145 [DEBUG]  OP: Operation.SPLIT_COLUMNS on slice (120, 11) (remaining tasks 29)
2025-04-22 00:32:03,488 [DEBUG]  		found 1 col clusters (in 0.34297 secs)
2025-04-22 00:32:03,489 [DEBUG]  OP: Operation.SPLIT_COLUMNS on slice (189, 11) (remaining tasks 29)
2025-04-22 00:32:03,707 [DEBUG]  		found 1 col clusters (in 0.21834 secs)
2025-04-22 00:32:03,708 [DEBUG]  OP: Operation.SPLIT_COLUMNS on slice (545, 11) (remaining tasks 29)
2025-04-22 00:32:05,935 [DEBUG]  		found 1 col clusters (in 2.22663 secs)
2025-04-22 00:32:05,936 [DEBUG]  OP: Operation.SPLIT_COLUMNS on slice (775, 11) (remaining tasks 29)
2025-04-22 00:32:08,150 [DEBUG]  		found 1 col clusters (in 2.21392 secs)
2025-04-22 00:32:08,151 [DEBUG]  OP: Operation.SPLIT_COLUMNS on slice (482, 11) (remaining tasks 29)
2025-04-22 00:32:10,158 [DEBUG]  		found 1 col clusters (in 2.00657 secs)
2025-04-22 00:32:10,158 [DEBUG]  OP: Operation.SPLIT_COLUMNS on slice (433, 11) (remaining tasks 29)
2025-04-22 00:32:12,319 [DEBUG]  		found 1 col clusters (in 2.16093 secs)
2025-04-22 00:32:12,320 [DEBUG]  OP: Operation.SPLIT_COLUMNS on slice (595, 11) (remaining tasks 29)
2025-04-22 00:32:13,161 [DEBUG]  		found 1 col clusters (in 0.84022 secs)
2025-04-22 00:32:13,161 [DEBUG]  OP: Operation.SPLIT_COLUMNS on slice (319, 11) (remaining tasks 29)
2025-04-22 00:32:15,193 [DEBUG]  		found 1 col clusters (in 2.03215 secs)
2025-04-22 00:32:15,194 [DEBUG]  OP: Operation.SPLIT_COLUMNS on slice (196, 11) (remaining tasks 29)
2025-04-22 00:32:16,883 [DEBUG]  		found 1 col clusters (in 1.68928 secs)
2025-04-22 00:32:16,883 [DEBUG]  OP: Operation.SPLIT_COLUMNS on slice (306, 11) (remaining tasks 29)
2025-04-22 00:32:18,690 [DEBUG]  		found 1 col clusters (in 1.80656 secs)
2025-04-22 00:32:18,691 [DEBUG]  OP: Operation.SPLIT_COLUMNS on slice (306, 11) (remaining tasks 29)
2025-04-22 00:32:20,530 [DEBUG]  		found 1 col clusters (in 1.83907 secs)
2025-04-22 00:32:20,530 [DEBUG]  OP: Operation.SPLIT_COLUMNS on slice (118, 11) (remaining tasks 29)
2025-04-22 00:32:20,806 [DEBUG]  		found 1 col clusters (in 0.27561 secs)
2025-04-22 00:32:20,807 [DEBUG]  OP: Operation.SPLIT_COLUMNS on slice (86, 11) (remaining tasks 29)
2025-04-22 00:32:21,027 [DEBUG]  		found 1 col clusters (in 0.22034 secs)
2025-04-22 00:32:21,028 [DEBUG]  OP: Operation.SPLIT_COLUMNS on slice (107, 11) (remaining tasks 29)
2025-04-22 00:32:21,253 [DEBUG]  		found 1 col clusters (in 0.22493 secs)
2025-04-22 00:32:21,253 [DEBUG]  OP: Operation.SPLIT_COLUMNS on slice (116, 11) (remaining tasks 29)
2025-04-22 00:32:21,471 [DEBUG]  		found 1 col clusters (in 0.21767 secs)
2025-04-22 00:32:21,472 [DEBUG]  OP: Operation.SPLIT_COLUMNS on slice (403, 11) (remaining tasks 29)
2025-04-22 00:32:23,360 [DEBUG]  		found 1 col clusters (in 1.88747 secs)
2025-04-22 00:32:23,360 [DEBUG]  OP: Operation.SPLIT_COLUMNS on slice (104, 11) (remaining tasks 29)
2025-04-22 00:32:23,677 [DEBUG]  		found 1 col clusters (in 0.31667 secs)
2025-04-22 00:32:23,678 [DEBUG]  OP: Operation.SPLIT_COLUMNS on slice (409, 11) (remaining tasks 29)
2025-04-22 00:32:25,772 [DEBUG]  		found 1 col clusters (in 2.09449 secs)
2025-04-22 00:32:25,773 [DEBUG]  OP: Operation.SPLIT_COLUMNS on slice (115, 11) (remaining tasks 29)
2025-04-22 00:32:26,045 [DEBUG]  		found 1 col clusters (in 0.27236 secs)
2025-04-22 00:32:26,046 [DEBUG]  OP: Operation.SPLIT_COLUMNS on slice (101, 11) (remaining tasks 29)
2025-04-22 00:32:26,284 [DEBUG]  		found 1 col clusters (in 0.23829 secs)
2025-04-22 00:32:26,285 [DEBUG]  OP: Operation.SPLIT_COLUMNS on slice (119, 11) (remaining tasks 29)
2025-04-22 00:32:26,507 [DEBUG]  		found 1 col clusters (in 0.22140 secs)
2025-04-22 00:32:26,507 [DEBUG]  OP: Operation.SPLIT_COLUMNS on slice (115, 11) (remaining tasks 29)
2025-04-22 00:32:26,723 [DEBUG]  		found 1 col clusters (in 0.21613 secs)
2025-04-22 00:32:26,724 [DEBUG]  OP: Operation.SPLIT_COLUMNS on slice (83, 11) (remaining tasks 29)
2025-04-22 00:32:27,049 [DEBUG]  		found 1 col clusters (in 0.32489 secs)
2025-04-22 00:32:27,050 [DEBUG]  OP: Operation.SPLIT_COLUMNS on slice (96, 11) (remaining tasks 29)
2025-04-22 00:32:27,277 [DEBUG]  		found 1 col clusters (in 0.22748 secs)
2025-04-22 00:32:27,278 [DEBUG]  OP: Operation.SPLIT_COLUMNS on slice (179, 11) (remaining tasks 29)
2025-04-22 00:32:27,595 [DEBUG]  		found 1 col clusters (in 0.31725 secs)
2025-04-22 00:32:27,596 [DEBUG]  OP: Operation.NAIVE_FACTORIZATION on slice (51, 11) (remaining tasks 29)
2025-04-22 00:32:27,607 [DEBUG]  		naive factorization 11 columns (in 0.01112 secs)
2025-04-22 00:32:27,608 [DEBUG]  OP: Operation.NAIVE_FACTORIZATION on slice (26, 11) (remaining tasks 28)
2025-04-22 00:32:27,612 [DEBUG]  		naive factorization 11 columns (in 0.00457 secs)
2025-04-22 00:32:27,613 [DEBUG]  OP: Operation.SPLIT_COLUMNS on slice (118, 11) (remaining tasks 27)
2025-04-22 00:32:27,863 [DEBUG]  		found 1 col clusters (in 0.24958 secs)
2025-04-22 00:32:27,863 [DEBUG]  OP: Operation.SPLIT_COLUMNS on slice (77, 11) (remaining tasks 27)
2025-04-22 00:32:28,079 [DEBUG]  		found 1 col clusters (in 0.21619 secs)
2025-04-22 00:32:28,080 [DEBUG]  OP: Operation.SPLIT_ROWS on slice (395, 11) (remaining tasks 27)
2025-04-22 00:32:28,145 [DEBUG]  		found 2 row clusters (in 0.06463 secs)
2025-04-22 00:32:28,146 [DEBUG]  OP: Operation.SPLIT_ROWS on slice (120, 11) (remaining tasks 28)
2025-04-22 00:32:28,167 [DEBUG]  		found 2 row clusters (in 0.02156 secs)
2025-04-22 00:32:28,168 [DEBUG]  OP: Operation.SPLIT_ROWS on slice (189, 11) (remaining tasks 29)
2025-04-22 00:32:28,189 [DEBUG]  		found 2 row clusters (in 0.02103 secs)
2025-04-22 00:32:28,189 [DEBUG]  OP: Operation.SPLIT_ROWS on slice (545, 11) (remaining tasks 30)
2025-04-22 00:32:28,221 [DEBUG]  		found 2 row clusters (in 0.03142 secs)
2025-04-22 00:32:28,221 [DEBUG]  OP: Operation.SPLIT_ROWS on slice (775, 11) (remaining tasks 31)
2025-04-22 00:32:28,260 [DEBUG]  		found 2 row clusters (in 0.03858 secs)
2025-04-22 00:32:28,260 [DEBUG]  OP: Operation.SPLIT_ROWS on slice (482, 11) (remaining tasks 32)
2025-04-22 00:32:28,291 [DEBUG]  		found 2 row clusters (in 0.03149 secs)
2025-04-22 00:32:28,292 [DEBUG]  OP: Operation.SPLIT_ROWS on slice (433, 11) (remaining tasks 33)
2025-04-22 00:32:28,323 [DEBUG]  		found 2 row clusters (in 0.03118 secs)
2025-04-22 00:32:28,323 [DEBUG]  OP: Operation.SPLIT_ROWS on slice (595, 11) (remaining tasks 34)
2025-04-22 00:32:28,354 [DEBUG]  		found 2 row clusters (in 0.03055 secs)
2025-04-22 00:32:28,354 [DEBUG]  OP: Operation.SPLIT_ROWS on slice (319, 11) (remaining tasks 35)
2025-04-22 00:32:28,373 [DEBUG]  		found 2 row clusters (in 0.01855 secs)
2025-04-22 00:32:28,373 [DEBUG]  OP: Operation.SPLIT_ROWS on slice (196, 11) (remaining tasks 36)
2025-04-22 00:32:28,396 [DEBUG]  		found 2 row clusters (in 0.02296 secs)
2025-04-22 00:32:28,396 [DEBUG]  OP: Operation.SPLIT_ROWS on slice (306, 11) (remaining tasks 37)
2025-04-22 00:32:28,421 [DEBUG]  		found 2 row clusters (in 0.02515 secs)
2025-04-22 00:32:28,422 [DEBUG]  OP: Operation.SPLIT_ROWS on slice (306, 11) (remaining tasks 38)
2025-04-22 00:32:28,447 [DEBUG]  		found 2 row clusters (in 0.02528 secs)
2025-04-22 00:32:28,447 [DEBUG]  OP: Operation.SPLIT_ROWS on slice (118, 11) (remaining tasks 39)
2025-04-22 00:32:28,465 [DEBUG]  		found 2 row clusters (in 0.01773 secs)
2025-04-22 00:32:28,465 [DEBUG]  OP: Operation.SPLIT_ROWS on slice (86, 11) (remaining tasks 40)
2025-04-22 00:32:28,485 [DEBUG]  		found 2 row clusters (in 0.01963 secs)
2025-04-22 00:32:28,485 [DEBUG]  OP: Operation.SPLIT_ROWS on slice (107, 11) (remaining tasks 41)
2025-04-22 00:32:28,502 [DEBUG]  		found 2 row clusters (in 0.01656 secs)
2025-04-22 00:32:28,502 [DEBUG]  OP: Operation.SPLIT_ROWS on slice (116, 11) (remaining tasks 42)
2025-04-22 00:32:28,524 [DEBUG]  		found 2 row clusters (in 0.02174 secs)
2025-04-22 00:32:28,524 [DEBUG]  OP: Operation.SPLIT_ROWS on slice (403, 11) (remaining tasks 43)
2025-04-22 00:32:28,548 [DEBUG]  		found 2 row clusters (in 0.02439 secs)
2025-04-22 00:32:28,549 [DEBUG]  OP: Operation.SPLIT_ROWS on slice (104, 11) (remaining tasks 44)
2025-04-22 00:32:28,568 [DEBUG]  		found 2 row clusters (in 0.01893 secs)
2025-04-22 00:32:28,568 [DEBUG]  OP: Operation.SPLIT_ROWS on slice (409, 11) (remaining tasks 45)
2025-04-22 00:32:28,595 [DEBUG]  		found 2 row clusters (in 0.02731 secs)
2025-04-22 00:32:28,595 [DEBUG]  OP: Operation.SPLIT_ROWS on slice (115, 11) (remaining tasks 46)
2025-04-22 00:32:28,619 [DEBUG]  		found 2 row clusters (in 0.02366 secs)
2025-04-22 00:32:28,619 [DEBUG]  OP: Operation.SPLIT_ROWS on slice (101, 11) (remaining tasks 47)
2025-04-22 00:32:28,633 [DEBUG]  		found 2 row clusters (in 0.01360 secs)
2025-04-22 00:32:28,633 [DEBUG]  OP: Operation.SPLIT_ROWS on slice (119, 11) (remaining tasks 48)
2025-04-22 00:32:28,650 [DEBUG]  		found 2 row clusters (in 0.01714 secs)
2025-04-22 00:32:28,651 [DEBUG]  OP: Operation.SPLIT_ROWS on slice (115, 11) (remaining tasks 49)
2025-04-22 00:32:28,669 [DEBUG]  		found 2 row clusters (in 0.01814 secs)
2025-04-22 00:32:28,669 [DEBUG]  OP: Operation.SPLIT_ROWS on slice (83, 11) (remaining tasks 50)
2025-04-22 00:32:28,687 [DEBUG]  		found 2 row clusters (in 0.01809 secs)
2025-04-22 00:32:28,687 [DEBUG]  OP: Operation.SPLIT_ROWS on slice (96, 11) (remaining tasks 51)
2025-04-22 00:32:28,703 [DEBUG]  		found 2 row clusters (in 0.01605 secs)
2025-04-22 00:32:28,704 [DEBUG]  OP: Operation.SPLIT_ROWS on slice (179, 11) (remaining tasks 52)
2025-04-22 00:32:28,721 [DEBUG]  		found 2 row clusters (in 0.01743 secs)
2025-04-22 00:32:28,721 [DEBUG]  OP: Operation.SPLIT_ROWS on slice (118, 11) (remaining tasks 53)
2025-04-22 00:32:28,744 [DEBUG]  		found 2 row clusters (in 0.02213 secs)
2025-04-22 00:32:28,744 [DEBUG]  OP: Operation.SPLIT_ROWS on slice (77, 11) (remaining tasks 54)
2025-04-22 00:32:28,762 [DEBUG]  		found 2 row clusters (in 0.01863 secs)
2025-04-22 00:32:28,763 [DEBUG]  OP: Operation.SPLIT_COLUMNS on slice (314, 11) (remaining tasks 55)
2025-04-22 00:32:30,453 [DEBUG]  		found 1 col clusters (in 1.69035 secs)
2025-04-22 00:32:30,454 [DEBUG]  OP: Operation.SPLIT_COLUMNS on slice (81, 11) (remaining tasks 55)
2025-04-22 00:32:30,711 [DEBUG]  		found 1 col clusters (in 0.25709 secs)
2025-04-22 00:32:30,711 [DEBUG]  OP: Operation.SPLIT_COLUMNS on slice (119, 11) (remaining tasks 55)
2025-04-22 00:32:30,947 [DEBUG]  		found 1 col clusters (in 0.23503 secs)
2025-04-22 00:32:30,947 [DEBUG]  OP: Operation.NAIVE_FACTORIZATION on slice (1, 11) (remaining tasks 55)
2025-04-22 00:32:30,953 [DEBUG]  		naive factorization 11 columns (in 0.00515 secs)
2025-04-22 00:32:30,953 [DEBUG]  OP: Operation.NAIVE_FACTORIZATION on slice (53, 11) (remaining tasks 54)
2025-04-22 00:32:30,960 [DEBUG]  		naive factorization 11 columns (in 0.00643 secs)
2025-04-22 00:32:30,960 [DEBUG]  OP: Operation.SPLIT_COLUMNS on slice (136, 11) (remaining tasks 53)
2025-04-22 00:32:31,297 [DEBUG]  		found 1 col clusters (in 0.33657 secs)
2025-04-22 00:32:31,297 [DEBUG]  OP: Operation.SPLIT_COLUMNS on slice (257, 11) (remaining tasks 53)
2025-04-22 00:32:32,626 [DEBUG]  		found 1 col clusters (in 1.32880 secs)
2025-04-22 00:32:32,627 [DEBUG]  OP: Operation.SPLIT_COLUMNS on slice (288, 11) (remaining tasks 53)
2025-04-22 00:32:34,494 [DEBUG]  		found 1 col clusters (in 1.86695 secs)
2025-04-22 00:32:34,494 [DEBUG]  OP: Operation.SPLIT_COLUMNS on slice (380, 11) (remaining tasks 53)
2025-04-22 00:32:36,684 [DEBUG]  		found 1 col clusters (in 2.18945 secs)
2025-04-22 00:32:36,685 [DEBUG]  OP: Operation.SPLIT_COLUMNS on slice (395, 11) (remaining tasks 53)
2025-04-22 00:32:38,792 [DEBUG]  		found 1 col clusters (in 2.10665 secs)
2025-04-22 00:32:38,792 [DEBUG]  OP: Operation.SPLIT_COLUMNS on slice (324, 11) (remaining tasks 53)
2025-04-22 00:32:40,666 [DEBUG]  		found 1 col clusters (in 1.87369 secs)
2025-04-22 00:32:40,666 [DEBUG]  OP: Operation.SPLIT_COLUMNS on slice (158, 11) (remaining tasks 53)
2025-04-22 00:32:41,013 [DEBUG]  		found 1 col clusters (in 0.34593 secs)
2025-04-22 00:32:41,013 [DEBUG]  OP: Operation.SPLIT_COLUMNS on slice (256, 11) (remaining tasks 53)
2025-04-22 00:32:42,780 [DEBUG]  		found 1 col clusters (in 1.76707 secs)
2025-04-22 00:32:42,781 [DEBUG]  OP: Operation.SPLIT_COLUMNS on slice (177, 11) (remaining tasks 53)
2025-04-22 00:32:43,209 [DEBUG]  		found 1 col clusters (in 0.42763 secs)
2025-04-22 00:32:43,209 [DEBUG]  OP: Operation.SPLIT_COLUMNS on slice (342, 11) (remaining tasks 53)
2025-04-22 00:32:45,471 [DEBUG]  		found 1 col clusters (in 2.26185 secs)
2025-04-22 00:32:45,471 [DEBUG]  OP: Operation.SPLIT_COLUMNS on slice (253, 11) (remaining tasks 53)
2025-04-22 00:32:47,323 [DEBUG]  		found 1 col clusters (in 1.85179 secs)
2025-04-22 00:32:47,324 [DEBUG]  OP: Operation.SPLIT_COLUMNS on slice (208, 11) (remaining tasks 53)
2025-04-22 00:32:48,834 [DEBUG]  		found 1 col clusters (in 1.50960 secs)
2025-04-22 00:32:48,834 [DEBUG]  OP: Operation.SPLIT_COLUMNS on slice (111, 11) (remaining tasks 53)
2025-04-22 00:32:49,149 [DEBUG]  		found 1 col clusters (in 0.31415 secs)
2025-04-22 00:32:49,149 [DEBUG]  OP: Operation.SPLIT_COLUMNS on slice (134, 11) (remaining tasks 53)
2025-04-22 00:32:49,467 [DEBUG]  		found 1 col clusters (in 0.31790 secs)
2025-04-22 00:32:49,468 [DEBUG]  OP: Operation.NAIVE_FACTORIZATION on slice (62, 11) (remaining tasks 53)
2025-04-22 00:32:49,475 [DEBUG]  		naive factorization 11 columns (in 0.00702 secs)
2025-04-22 00:32:49,475 [DEBUG]  OP: Operation.SPLIT_COLUMNS on slice (119, 11) (remaining tasks 52)
2025-04-22 00:32:49,720 [DEBUG]  		found 1 col clusters (in 0.24415 secs)
2025-04-22 00:32:49,720 [DEBUG]  OP: Operation.SPLIT_COLUMNS on slice (187, 11) (remaining tasks 52)
2025-04-22 00:32:50,042 [DEBUG]  		found 1 col clusters (in 0.32133 secs)
2025-04-22 00:32:50,042 [DEBUG]  OP: Operation.SPLIT_COLUMNS on slice (185, 11) (remaining tasks 52)
2025-04-22 00:32:50,403 [DEBUG]  		found 1 col clusters (in 0.36094 secs)
2025-04-22 00:32:50,404 [DEBUG]  OP: Operation.SPLIT_COLUMNS on slice (121, 11) (remaining tasks 52)
2025-04-22 00:32:50,689 [DEBUG]  		found 1 col clusters (in 0.28549 secs)
2025-04-22 00:32:50,690 [DEBUG]  OP: Operation.NAIVE_FACTORIZATION on slice (63, 11) (remaining tasks 52)
2025-04-22 00:32:50,695 [DEBUG]  		naive factorization 11 columns (in 0.00452 secs)
2025-04-22 00:32:50,695 [DEBUG]  OP: Operation.NAIVE_FACTORIZATION on slice (55, 11) (remaining tasks 51)
2025-04-22 00:32:50,699 [DEBUG]  		naive factorization 11 columns (in 0.00380 secs)
2025-04-22 00:32:50,699 [DEBUG]  OP: Operation.NAIVE_FACTORIZATION on slice (36, 11) (remaining tasks 50)
2025-04-22 00:32:50,703 [DEBUG]  		naive factorization 11 columns (in 0.00375 secs)
2025-04-22 00:32:50,704 [DEBUG]  OP: Operation.NAIVE_FACTORIZATION on slice (50, 11) (remaining tasks 49)
2025-04-22 00:32:50,708 [DEBUG]  		naive factorization 11 columns (in 0.00385 secs)
2025-04-22 00:32:50,708 [DEBUG]  OP: Operation.SPLIT_COLUMNS on slice (72, 11) (remaining tasks 48)
2025-04-22 00:32:50,932 [DEBUG]  		found 1 col clusters (in 0.22310 secs)
2025-04-22 00:32:50,932 [DEBUG]  OP: Operation.NAIVE_FACTORIZATION on slice (35, 11) (remaining tasks 48)
2025-04-22 00:32:50,936 [DEBUG]  		naive factorization 11 columns (in 0.00368 secs)
2025-04-22 00:32:50,936 [DEBUG]  OP: Operation.NAIVE_FACTORIZATION on slice (52, 11) (remaining tasks 47)
2025-04-22 00:32:50,940 [DEBUG]  		naive factorization 11 columns (in 0.00374 secs)
2025-04-22 00:32:50,940 [DEBUG]  OP: Operation.NAIVE_FACTORIZATION on slice (64, 11) (remaining tasks 46)
2025-04-22 00:32:50,944 [DEBUG]  		naive factorization 11 columns (in 0.00387 secs)
2025-04-22 00:32:50,945 [DEBUG]  OP: Operation.SPLIT_COLUMNS on slice (244, 11) (remaining tasks 45)
2025-04-22 00:32:52,548 [DEBUG]  		found 1 col clusters (in 1.60320 secs)
2025-04-22 00:32:52,548 [DEBUG]  OP: Operation.SPLIT_COLUMNS on slice (159, 11) (remaining tasks 45)
2025-04-22 00:32:52,968 [DEBUG]  		found 1 col clusters (in 0.41989 secs)
2025-04-22 00:32:52,969 [DEBUG]  OP: Operation.NAIVE_FACTORIZATION on slice (46, 11) (remaining tasks 45)
2025-04-22 00:32:52,974 [DEBUG]  		naive factorization 11 columns (in 0.00490 secs)
2025-04-22 00:32:52,974 [DEBUG]  OP: Operation.NAIVE_FACTORIZATION on slice (58, 11) (remaining tasks 44)
2025-04-22 00:32:52,980 [DEBUG]  		naive factorization 11 columns (in 0.00501 secs)
2025-04-22 00:32:52,980 [DEBUG]  OP: Operation.SPLIT_COLUMNS on slice (209, 11) (remaining tasks 43)
2025-04-22 00:32:54,243 [DEBUG]  		found 1 col clusters (in 1.26299 secs)
2025-04-22 00:32:54,244 [DEBUG]  OP: Operation.SPLIT_COLUMNS on slice (200, 11) (remaining tasks 43)
2025-04-22 00:32:55,765 [DEBUG]  		found 1 col clusters (in 1.52098 secs)
2025-04-22 00:32:55,765 [DEBUG]  OP: Operation.NAIVE_FACTORIZATION on slice (51, 11) (remaining tasks 43)
2025-04-22 00:32:55,775 [DEBUG]  		naive factorization 11 columns (in 0.00898 secs)
2025-04-22 00:32:55,775 [DEBUG]  OP: Operation.NAIVE_FACTORIZATION on slice (64, 11) (remaining tasks 42)
2025-04-22 00:32:55,787 [DEBUG]  		naive factorization 11 columns (in 0.01191 secs)
2025-04-22 00:32:55,788 [DEBUG]  OP: Operation.NAIVE_FACTORIZATION on slice (69, 11) (remaining tasks 41)
2025-04-22 00:32:55,794 [DEBUG]  		naive factorization 11 columns (in 0.00667 secs)
2025-04-22 00:32:55,795 [DEBUG]  OP: Operation.NAIVE_FACTORIZATION on slice (32, 11) (remaining tasks 40)
2025-04-22 00:32:55,801 [DEBUG]  		naive factorization 11 columns (in 0.00565 secs)
2025-04-22 00:32:55,801 [DEBUG]  OP: Operation.SPLIT_COLUMNS on slice (94, 11) (remaining tasks 39)
2025-04-22 00:32:56,042 [DEBUG]  		found 1 col clusters (in 0.24069 secs)
2025-04-22 00:32:56,043 [DEBUG]  OP: Operation.NAIVE_FACTORIZATION on slice (25, 11) (remaining tasks 39)
2025-04-22 00:32:56,047 [DEBUG]  		naive factorization 11 columns (in 0.00419 secs)
2025-04-22 00:32:56,048 [DEBUG]  OP: Operation.NAIVE_FACTORIZATION on slice (17, 11) (remaining tasks 38)
2025-04-22 00:32:56,051 [DEBUG]  		naive factorization 11 columns (in 0.00322 secs)
2025-04-22 00:32:56,051 [DEBUG]  OP: Operation.SPLIT_COLUMNS on slice (98, 11) (remaining tasks 37)
2025-04-22 00:32:56,270 [DEBUG]  		found 1 col clusters (in 0.21878 secs)
2025-04-22 00:32:56,271 [DEBUG]  OP: Operation.NAIVE_FACTORIZATION on slice (64, 11) (remaining tasks 37)
2025-04-22 00:32:56,275 [DEBUG]  		naive factorization 11 columns (in 0.00410 secs)
2025-04-22 00:32:56,276 [DEBUG]  OP: Operation.NAIVE_FACTORIZATION on slice (19, 11) (remaining tasks 36)
2025-04-22 00:32:56,279 [DEBUG]  		naive factorization 11 columns (in 0.00355 secs)
2025-04-22 00:32:56,280 [DEBUG]  OP: Operation.NAIVE_FACTORIZATION on slice (42, 11) (remaining tasks 35)
2025-04-22 00:32:56,285 [DEBUG]  		naive factorization 11 columns (in 0.00436 secs)
2025-04-22 00:32:56,285 [DEBUG]  OP: Operation.NAIVE_FACTORIZATION on slice (54, 11) (remaining tasks 34)
2025-04-22 00:32:56,289 [DEBUG]  		naive factorization 11 columns (in 0.00390 secs)
2025-04-22 00:32:56,290 [DEBUG]  OP: Operation.SPLIT_COLUMNS on slice (81, 11) (remaining tasks 33)
2025-04-22 00:32:56,512 [DEBUG]  		found 1 col clusters (in 0.22172 secs)
2025-04-22 00:32:56,512 [DEBUG]  OP: Operation.SPLIT_COLUMNS on slice (98, 11) (remaining tasks 33)
2025-04-22 00:32:56,744 [DEBUG]  		found 1 col clusters (in 0.23121 secs)
2025-04-22 00:32:56,744 [DEBUG]  OP: Operation.NAIVE_FACTORIZATION on slice (60, 11) (remaining tasks 33)
2025-04-22 00:32:56,749 [DEBUG]  		naive factorization 11 columns (in 0.00441 secs)
2025-04-22 00:32:56,749 [DEBUG]  OP: Operation.NAIVE_FACTORIZATION on slice (58, 11) (remaining tasks 32)
2025-04-22 00:32:56,753 [DEBUG]  		naive factorization 11 columns (in 0.00398 secs)
2025-04-22 00:32:56,754 [DEBUG]  OP: Operation.NAIVE_FACTORIZATION on slice (51, 11) (remaining tasks 31)
2025-04-22 00:32:56,758 [DEBUG]  		naive factorization 11 columns (in 0.00372 secs)
2025-04-22 00:32:56,758 [DEBUG]  OP: Operation.NAIVE_FACTORIZATION on slice (26, 11) (remaining tasks 30)
2025-04-22 00:32:56,762 [DEBUG]  		naive factorization 11 columns (in 0.00370 secs)
2025-04-22 00:32:56,763 [DEBUG]  OP: Operation.SPLIT_ROWS on slice (314, 11) (remaining tasks 29)
2025-04-22 00:32:56,829 [DEBUG]  		found 2 row clusters (in 0.06612 secs)
2025-04-22 00:32:56,830 [DEBUG]  OP: Operation.SPLIT_ROWS on slice (81, 11) (remaining tasks 30)
2025-04-22 00:32:56,854 [DEBUG]  		found 2 row clusters (in 0.02399 secs)
2025-04-22 00:32:56,854 [DEBUG]  OP: Operation.SPLIT_ROWS on slice (119, 11) (remaining tasks 31)
2025-04-22 00:32:56,878 [DEBUG]  		found 2 row clusters (in 0.02403 secs)
2025-04-22 00:32:56,878 [DEBUG]  OP: Operation.SPLIT_ROWS on slice (136, 11) (remaining tasks 32)
2025-04-22 00:32:56,902 [DEBUG]  		found 2 row clusters (in 0.02357 secs)
2025-04-22 00:32:56,902 [DEBUG]  OP: Operation.SPLIT_ROWS on slice (257, 11) (remaining tasks 33)
2025-04-22 00:32:56,916 [DEBUG]  		found 2 row clusters (in 0.01379 secs)
2025-04-22 00:32:56,916 [DEBUG]  OP: Operation.SPLIT_ROWS on slice (288, 11) (remaining tasks 34)
2025-04-22 00:32:56,942 [DEBUG]  		found 2 row clusters (in 0.02565 secs)
2025-04-22 00:32:56,942 [DEBUG]  OP: Operation.SPLIT_ROWS on slice (380, 11) (remaining tasks 35)
2025-04-22 00:32:56,970 [DEBUG]  		found 2 row clusters (in 0.02758 secs)
2025-04-22 00:32:56,970 [DEBUG]  OP: Operation.SPLIT_ROWS on slice (395, 11) (remaining tasks 36)
2025-04-22 00:32:56,996 [DEBUG]  		found 2 row clusters (in 0.02561 secs)
2025-04-22 00:32:56,996 [DEBUG]  OP: Operation.SPLIT_ROWS on slice (324, 11) (remaining tasks 37)
2025-04-22 00:32:57,023 [DEBUG]  		found 2 row clusters (in 0.02686 secs)
2025-04-22 00:32:57,023 [DEBUG]  OP: Operation.SPLIT_ROWS on slice (158, 11) (remaining tasks 38)
2025-04-22 00:32:57,046 [DEBUG]  		found 2 row clusters (in 0.02228 secs)
2025-04-22 00:32:57,046 [DEBUG]  OP: Operation.SPLIT_ROWS on slice (256, 11) (remaining tasks 39)
2025-04-22 00:32:57,079 [DEBUG]  		found 2 row clusters (in 0.03350 secs)
2025-04-22 00:32:57,080 [DEBUG]  OP: Operation.SPLIT_ROWS on slice (177, 11) (remaining tasks 40)
2025-04-22 00:32:57,099 [DEBUG]  		found 2 row clusters (in 0.01923 secs)
2025-04-22 00:32:57,099 [DEBUG]  OP: Operation.SPLIT_ROWS on slice (342, 11) (remaining tasks 41)
2025-04-22 00:32:57,124 [DEBUG]  		found 2 row clusters (in 0.02517 secs)
2025-04-22 00:32:57,124 [DEBUG]  OP: Operation.SPLIT_ROWS on slice (253, 11) (remaining tasks 42)
2025-04-22 00:32:57,149 [DEBUG]  		found 2 row clusters (in 0.02441 secs)
2025-04-22 00:32:57,149 [DEBUG]  OP: Operation.SPLIT_ROWS on slice (208, 11) (remaining tasks 43)
2025-04-22 00:32:57,166 [DEBUG]  		found 2 row clusters (in 0.01714 secs)
2025-04-22 00:32:57,167 [DEBUG]  OP: Operation.SPLIT_ROWS on slice (111, 11) (remaining tasks 44)
2025-04-22 00:32:57,184 [DEBUG]  		found 2 row clusters (in 0.01773 secs)
2025-04-22 00:32:57,185 [DEBUG]  OP: Operation.SPLIT_ROWS on slice (134, 11) (remaining tasks 45)
2025-04-22 00:32:57,209 [DEBUG]  		found 2 row clusters (in 0.02435 secs)
2025-04-22 00:32:57,209 [DEBUG]  OP: Operation.SPLIT_ROWS on slice (119, 11) (remaining tasks 46)
2025-04-22 00:32:57,231 [DEBUG]  		found 2 row clusters (in 0.02190 secs)
2025-04-22 00:32:57,231 [DEBUG]  OP: Operation.SPLIT_ROWS on slice (187, 11) (remaining tasks 47)
2025-04-22 00:32:57,256 [DEBUG]  		found 2 row clusters (in 0.02489 secs)
2025-04-22 00:32:57,256 [DEBUG]  OP: Operation.SPLIT_ROWS on slice (185, 11) (remaining tasks 48)
2025-04-22 00:32:57,279 [DEBUG]  		found 2 row clusters (in 0.02217 secs)
2025-04-22 00:32:57,279 [DEBUG]  OP: Operation.SPLIT_ROWS on slice (121, 11) (remaining tasks 49)
2025-04-22 00:32:57,300 [DEBUG]  		found 2 row clusters (in 0.02137 secs)
2025-04-22 00:32:57,301 [DEBUG]  OP: Operation.SPLIT_ROWS on slice (72, 11) (remaining tasks 50)
2025-04-22 00:32:57,317 [DEBUG]  		found 2 row clusters (in 0.01687 secs)
2025-04-22 00:32:57,318 [DEBUG]  OP: Operation.SPLIT_ROWS on slice (244, 11) (remaining tasks 51)
2025-04-22 00:32:57,341 [DEBUG]  		found 2 row clusters (in 0.02335 secs)
2025-04-22 00:32:57,341 [DEBUG]  OP: Operation.SPLIT_ROWS on slice (159, 11) (remaining tasks 52)
2025-04-22 00:32:57,366 [DEBUG]  		found 2 row clusters (in 0.02485 secs)
2025-04-22 00:32:57,366 [DEBUG]  OP: Operation.SPLIT_ROWS on slice (209, 11) (remaining tasks 53)
2025-04-22 00:32:57,390 [DEBUG]  		found 2 row clusters (in 0.02370 secs)
2025-04-22 00:32:57,390 [DEBUG]  OP: Operation.SPLIT_ROWS on slice (200, 11) (remaining tasks 54)
2025-04-22 00:32:57,411 [DEBUG]  		found 2 row clusters (in 0.02092 secs)
2025-04-22 00:32:57,412 [DEBUG]  OP: Operation.SPLIT_ROWS on slice (94, 11) (remaining tasks 55)
2025-04-22 00:32:57,426 [DEBUG]  		found 2 row clusters (in 0.01436 secs)
2025-04-22 00:32:57,426 [DEBUG]  OP: Operation.SPLIT_ROWS on slice (98, 11) (remaining tasks 56)
2025-04-22 00:32:57,444 [DEBUG]  		found 2 row clusters (in 0.01793 secs)
2025-04-22 00:32:57,444 [DEBUG]  OP: Operation.SPLIT_ROWS on slice (81, 11) (remaining tasks 57)
2025-04-22 00:32:57,461 [DEBUG]  		found 2 row clusters (in 0.01693 secs)
2025-04-22 00:32:57,462 [DEBUG]  OP: Operation.SPLIT_ROWS on slice (98, 11) (remaining tasks 58)
2025-04-22 00:32:57,482 [DEBUG]  		found 2 row clusters (in 0.02056 secs)
2025-04-22 00:32:57,482 [DEBUG]  OP: Operation.NAIVE_FACTORIZATION on slice (15, 11) (remaining tasks 59)
2025-04-22 00:32:57,486 [DEBUG]  		naive factorization 11 columns (in 0.00372 secs)
2025-04-22 00:32:57,486 [DEBUG]  OP: Operation.SPLIT_COLUMNS on slice (299, 11) (remaining tasks 58)
2025-04-22 00:32:59,201 [DEBUG]  		found 1 col clusters (in 1.71405 secs)
2025-04-22 00:32:59,201 [DEBUG]  OP: Operation.NAIVE_FACTORIZATION on slice (71, 11) (remaining tasks 58)
2025-04-22 00:32:59,213 [DEBUG]  		naive factorization 11 columns (in 0.01106 secs)
2025-04-22 00:32:59,213 [DEBUG]  OP: Operation.NAIVE_FACTORIZATION on slice (10, 11) (remaining tasks 57)
2025-04-22 00:32:59,219 [DEBUG]  		naive factorization 11 columns (in 0.00610 secs)
2025-04-22 00:32:59,220 [DEBUG]  OP: Operation.SPLIT_COLUMNS on slice (90, 11) (remaining tasks 56)
2025-04-22 00:32:59,524 [DEBUG]  		found 1 col clusters (in 0.30433 secs)
2025-04-22 00:32:59,525 [DEBUG]  OP: Operation.NAIVE_FACTORIZATION on slice (29, 11) (remaining tasks 56)
2025-04-22 00:32:59,529 [DEBUG]  		naive factorization 11 columns (in 0.00391 secs)
2025-04-22 00:32:59,529 [DEBUG]  OP: Operation.NAIVE_FACTORIZATION on slice (29, 11) (remaining tasks 55)
2025-04-22 00:32:59,533 [DEBUG]  		naive factorization 11 columns (in 0.00384 secs)
2025-04-22 00:32:59,534 [DEBUG]  OP: Operation.SPLIT_COLUMNS on slice (107, 11) (remaining tasks 54)
2025-04-22 00:32:59,759 [DEBUG]  		found 1 col clusters (in 0.22488 secs)
2025-04-22 00:32:59,760 [DEBUG]  OP: Operation.NAIVE_FACTORIZATION on slice (31, 11) (remaining tasks 54)
2025-04-22 00:32:59,763 [DEBUG]  		naive factorization 11 columns (in 0.00363 secs)
2025-04-22 00:32:59,764 [DEBUG]  OP: Operation.SPLIT_COLUMNS on slice (226, 11) (remaining tasks 53)
2025-04-22 00:33:01,462 [DEBUG]  		found 1 col clusters (in 1.69773 secs)
2025-04-22 00:33:01,462 [DEBUG]  OP: Operation.SPLIT_COLUMNS on slice (120, 11) (remaining tasks 53)
2025-04-22 00:33:01,735 [DEBUG]  		found 1 col clusters (in 0.27232 secs)
2025-04-22 00:33:01,735 [DEBUG]  OP: Operation.SPLIT_COLUMNS on slice (168, 11) (remaining tasks 53)
2025-04-22 00:33:02,067 [DEBUG]  		found 1 col clusters (in 0.33129 secs)
2025-04-22 00:33:02,067 [DEBUG]  OP: Operation.SPLIT_COLUMNS on slice (210, 11) (remaining tasks 53)
2025-04-22 00:33:03,680 [DEBUG]  		found 1 col clusters (in 1.61285 secs)
2025-04-22 00:33:03,681 [DEBUG]  OP: Operation.SPLIT_COLUMNS on slice (170, 11) (remaining tasks 53)
2025-04-22 00:33:04,140 [DEBUG]  		found 1 col clusters (in 0.45927 secs)
2025-04-22 00:33:04,141 [DEBUG]  OP: Operation.SPLIT_COLUMNS on slice (237, 11) (remaining tasks 53)
2025-04-22 00:33:05,644 [DEBUG]  		found 1 col clusters (in 1.50329 secs)
2025-04-22 00:33:05,644 [DEBUG]  OP: Operation.SPLIT_COLUMNS on slice (158, 11) (remaining tasks 53)
2025-04-22 00:33:05,970 [DEBUG]  		found 1 col clusters (in 0.32556 secs)
2025-04-22 00:33:05,971 [DEBUG]  OP: Operation.SPLIT_COLUMNS on slice (122, 11) (remaining tasks 53)
2025-04-22 00:33:06,274 [DEBUG]  		found 1 col clusters (in 0.30282 secs)
2025-04-22 00:33:06,274 [DEBUG]  OP: Operation.SPLIT_COLUMNS on slice (202, 11) (remaining tasks 53)
2025-04-22 00:33:07,659 [DEBUG]  		found 1 col clusters (in 1.38487 secs)
2025-04-22 00:33:07,660 [DEBUG]  OP: Operation.SPLIT_COLUMNS on slice (115, 11) (remaining tasks 53)
2025-04-22 00:33:07,933 [DEBUG]  		found 1 col clusters (in 0.27245 secs)
2025-04-22 00:33:07,933 [DEBUG]  OP: Operation.NAIVE_FACTORIZATION on slice (43, 11) (remaining tasks 53)
2025-04-22 00:33:07,937 [DEBUG]  		naive factorization 11 columns (in 0.00393 secs)
2025-04-22 00:33:07,938 [DEBUG]  OP: Operation.SPLIT_COLUMNS on slice (139, 11) (remaining tasks 52)
2025-04-22 00:33:08,258 [DEBUG]  		found 1 col clusters (in 0.31980 secs)
2025-04-22 00:33:08,258 [DEBUG]  OP: Operation.SPLIT_COLUMNS on slice (117, 11) (remaining tasks 52)
2025-04-22 00:33:08,492 [DEBUG]  		found 1 col clusters (in 0.23341 secs)
2025-04-22 00:33:08,492 [DEBUG]  OP: Operation.NAIVE_FACTORIZATION on slice (50, 11) (remaining tasks 52)
2025-04-22 00:33:08,497 [DEBUG]  		naive factorization 11 columns (in 0.00423 secs)
2025-04-22 00:33:08,497 [DEBUG]  OP: Operation.SPLIT_COLUMNS on slice (127, 11) (remaining tasks 51)
2025-04-22 00:33:08,727 [DEBUG]  		found 1 col clusters (in 0.22924 secs)
2025-04-22 00:33:08,727 [DEBUG]  OP: Operation.SPLIT_COLUMNS on slice (187, 11) (remaining tasks 51)
2025-04-22 00:33:09,046 [DEBUG]  		found 1 col clusters (in 0.31879 secs)
2025-04-22 00:33:09,047 [DEBUG]  OP: Operation.SPLIT_COLUMNS on slice (155, 11) (remaining tasks 51)
2025-04-22 00:33:09,450 [DEBUG]  		found 1 col clusters (in 0.40309 secs)
2025-04-22 00:33:09,451 [DEBUG]  OP: Operation.SPLIT_COLUMNS on slice (192, 11) (remaining tasks 51)
2025-04-22 00:33:11,132 [DEBUG]  		found 1 col clusters (in 1.68073 secs)
2025-04-22 00:33:11,132 [DEBUG]  OP: Operation.NAIVE_FACTORIZATION on slice (61, 11) (remaining tasks 51)
2025-04-22 00:33:11,138 [DEBUG]  		naive factorization 11 columns (in 0.00610 secs)
2025-04-22 00:33:11,139 [DEBUG]  OP: Operation.SPLIT_COLUMNS on slice (186, 11) (remaining tasks 50)
2025-04-22 00:33:11,577 [DEBUG]  		found 1 col clusters (in 0.43800 secs)
2025-04-22 00:33:11,577 [DEBUG]  OP: Operation.NAIVE_FACTORIZATION on slice (22, 11) (remaining tasks 50)
2025-04-22 00:33:11,581 [DEBUG]  		naive factorization 11 columns (in 0.00311 secs)
2025-04-22 00:33:11,581 [DEBUG]  OP: Operation.NAIVE_FACTORIZATION on slice (63, 11) (remaining tasks 49)
2025-04-22 00:33:11,585 [DEBUG]  		naive factorization 11 columns (in 0.00365 secs)
2025-04-22 00:33:11,585 [DEBUG]  OP: Operation.NAIVE_FACTORIZATION on slice (48, 11) (remaining tasks 48)
2025-04-22 00:33:11,594 [DEBUG]  		naive factorization 11 columns (in 0.00820 secs)
2025-04-22 00:33:11,594 [DEBUG]  OP: Operation.NAIVE_FACTORIZATION on slice (58, 11) (remaining tasks 47)
2025-04-22 00:33:11,599 [DEBUG]  		naive factorization 11 columns (in 0.00497 secs)
2025-04-22 00:33:11,600 [DEBUG]  OP: Operation.SPLIT_COLUMNS on slice (76, 11) (remaining tasks 46)
2025-04-22 00:33:11,854 [DEBUG]  		found 1 col clusters (in 0.25425 secs)
2025-04-22 00:33:11,854 [DEBUG]  OP: Operation.NAIVE_FACTORIZATION on slice (26, 11) (remaining tasks 46)
2025-04-22 00:33:11,859 [DEBUG]  		naive factorization 11 columns (in 0.00420 secs)
2025-04-22 00:33:11,859 [DEBUG]  OP: Operation.SPLIT_COLUMNS on slice (93, 11) (remaining tasks 45)
2025-04-22 00:33:12,075 [DEBUG]  		found 1 col clusters (in 0.21588 secs)
2025-04-22 00:33:12,075 [DEBUG]  OP: Operation.NAIVE_FACTORIZATION on slice (55, 11) (remaining tasks 45)
2025-04-22 00:33:12,080 [DEBUG]  		naive factorization 11 columns (in 0.00388 secs)
2025-04-22 00:33:12,080 [DEBUG]  OP: Operation.SPLIT_COLUMNS on slice (132, 11) (remaining tasks 44)
2025-04-22 00:33:12,396 [DEBUG]  		found 1 col clusters (in 0.31597 secs)
2025-04-22 00:33:12,397 [DEBUG]  OP: Operation.NAIVE_FACTORIZATION on slice (65, 11) (remaining tasks 44)
2025-04-22 00:33:12,401 [DEBUG]  		naive factorization 11 columns (in 0.00426 secs)
2025-04-22 00:33:12,401 [DEBUG]  OP: Operation.SPLIT_COLUMNS on slice (120, 11) (remaining tasks 43)
2025-04-22 00:33:12,636 [DEBUG]  		found 1 col clusters (in 0.23457 secs)
2025-04-22 00:33:12,637 [DEBUG]  OP: Operation.SPLIT_COLUMNS on slice (82, 11) (remaining tasks 43)
2025-04-22 00:33:12,852 [DEBUG]  		found 1 col clusters (in 0.21492 secs)
2025-04-22 00:33:12,852 [DEBUG]  OP: Operation.NAIVE_FACTORIZATION on slice (39, 11) (remaining tasks 43)
2025-04-22 00:33:12,856 [DEBUG]  		naive factorization 11 columns (in 0.00403 secs)
2025-04-22 00:33:12,857 [DEBUG]  OP: Operation.NAIVE_FACTORIZATION on slice (50, 11) (remaining tasks 42)
2025-04-22 00:33:12,860 [DEBUG]  		naive factorization 11 columns (in 0.00315 secs)
2025-04-22 00:33:12,861 [DEBUG]  OP: Operation.NAIVE_FACTORIZATION on slice (22, 11) (remaining tasks 41)
2025-04-22 00:33:12,866 [DEBUG]  		naive factorization 11 columns (in 0.00537 secs)
2025-04-22 00:33:12,867 [DEBUG]  OP: Operation.SPLIT_COLUMNS on slice (110, 11) (remaining tasks 40)
2025-04-22 00:33:13,086 [DEBUG]  		found 1 col clusters (in 0.21867 secs)
2025-04-22 00:33:13,087 [DEBUG]  OP: Operation.SPLIT_COLUMNS on slice (134, 11) (remaining tasks 40)
2025-04-22 00:33:13,404 [DEBUG]  		found 1 col clusters (in 0.31755 secs)
2025-04-22 00:33:13,405 [DEBUG]  OP: Operation.SPLIT_COLUMNS on slice (93, 11) (remaining tasks 40)
2025-04-22 00:33:13,667 [DEBUG]  		found 1 col clusters (in 0.26185 secs)
2025-04-22 00:33:13,667 [DEBUG]  OP: Operation.NAIVE_FACTORIZATION on slice (66, 11) (remaining tasks 40)
2025-04-22 00:33:13,671 [DEBUG]  		naive factorization 11 columns (in 0.00358 secs)
2025-04-22 00:33:13,671 [DEBUG]  OP: Operation.SPLIT_COLUMNS on slice (85, 11) (remaining tasks 39)
2025-04-22 00:33:13,896 [DEBUG]  		found 1 col clusters (in 0.22410 secs)
2025-04-22 00:33:13,896 [DEBUG]  OP: Operation.SPLIT_COLUMNS on slice (124, 11) (remaining tasks 39)
2025-04-22 00:33:14,114 [DEBUG]  		found 1 col clusters (in 0.21626 secs)
2025-04-22 00:33:14,115 [DEBUG]  OP: Operation.SPLIT_COLUMNS on slice (95, 11) (remaining tasks 39)
2025-04-22 00:33:14,334 [DEBUG]  		found 1 col clusters (in 0.21858 secs)
2025-04-22 00:33:14,334 [DEBUG]  OP: Operation.SPLIT_COLUMNS on slice (105, 11) (remaining tasks 39)
2025-04-22 00:33:14,560 [DEBUG]  		found 1 col clusters (in 0.22588 secs)
2025-04-22 00:33:14,561 [DEBUG]  OP: Operation.NAIVE_FACTORIZATION on slice (13, 11) (remaining tasks 39)
2025-04-22 00:33:14,565 [DEBUG]  		naive factorization 11 columns (in 0.00362 secs)
2025-04-22 00:33:14,565 [DEBUG]  OP: Operation.SPLIT_COLUMNS on slice (81, 11) (remaining tasks 38)
2025-04-22 00:33:14,782 [DEBUG]  		found 1 col clusters (in 0.21670 secs)
2025-04-22 00:33:14,782 [DEBUG]  OP: Operation.NAIVE_FACTORIZATION on slice (49, 11) (remaining tasks 38)
2025-04-22 00:33:14,786 [DEBUG]  		naive factorization 11 columns (in 0.00394 secs)
2025-04-22 00:33:14,787 [DEBUG]  OP: Operation.NAIVE_FACTORIZATION on slice (49, 11) (remaining tasks 37)
2025-04-22 00:33:14,790 [DEBUG]  		naive factorization 11 columns (in 0.00357 secs)
2025-04-22 00:33:14,791 [DEBUG]  OP: Operation.NAIVE_FACTORIZATION on slice (51, 11) (remaining tasks 36)
2025-04-22 00:33:14,794 [DEBUG]  		naive factorization 11 columns (in 0.00332 secs)
2025-04-22 00:33:14,794 [DEBUG]  OP: Operation.NAIVE_FACTORIZATION on slice (30, 11) (remaining tasks 35)
2025-04-22 00:33:14,798 [DEBUG]  		naive factorization 11 columns (in 0.00413 secs)
2025-04-22 00:33:14,799 [DEBUG]  OP: Operation.NAIVE_FACTORIZATION on slice (52, 11) (remaining tasks 34)
2025-04-22 00:33:14,803 [DEBUG]  		naive factorization 11 columns (in 0.00442 secs)
2025-04-22 00:33:14,803 [DEBUG]  OP: Operation.NAIVE_FACTORIZATION on slice (46, 11) (remaining tasks 33)
2025-04-22 00:33:14,808 [DEBUG]  		naive factorization 11 columns (in 0.00403 secs)
2025-04-22 00:33:14,808 [DEBUG]  OP: Operation.SPLIT_ROWS on slice (299, 11) (remaining tasks 32)
2025-04-22 00:33:14,835 [DEBUG]  		found 2 row clusters (in 0.02749 secs)
2025-04-22 00:33:14,836 [DEBUG]  OP: Operation.SPLIT_ROWS on slice (90, 11) (remaining tasks 33)
2025-04-22 00:33:14,853 [DEBUG]  		found 2 row clusters (in 0.01722 secs)
2025-04-22 00:33:14,853 [DEBUG]  OP: Operation.SPLIT_ROWS on slice (107, 11) (remaining tasks 34)
2025-04-22 00:33:14,882 [DEBUG]  		found 2 row clusters (in 0.02913 secs)
2025-04-22 00:33:14,883 [DEBUG]  OP: Operation.SPLIT_ROWS on slice (226, 11) (remaining tasks 35)
2025-04-22 00:33:14,905 [DEBUG]  		found 2 row clusters (in 0.02272 secs)
2025-04-22 00:33:14,906 [DEBUG]  OP: Operation.SPLIT_ROWS on slice (120, 11) (remaining tasks 36)
2025-04-22 00:33:14,925 [DEBUG]  		found 2 row clusters (in 0.01979 secs)
2025-04-22 00:33:14,926 [DEBUG]  OP: Operation.SPLIT_ROWS on slice (168, 11) (remaining tasks 37)
2025-04-22 00:33:14,952 [DEBUG]  		found 2 row clusters (in 0.02635 secs)
2025-04-22 00:33:14,952 [DEBUG]  OP: Operation.SPLIT_ROWS on slice (210, 11) (remaining tasks 38)
2025-04-22 00:33:14,975 [DEBUG]  		found 2 row clusters (in 0.02262 secs)
2025-04-22 00:33:14,975 [DEBUG]  OP: Operation.SPLIT_ROWS on slice (170, 11) (remaining tasks 39)
2025-04-22 00:33:15,016 [DEBUG]  		found 2 row clusters (in 0.04071 secs)
2025-04-22 00:33:15,016 [DEBUG]  OP: Operation.SPLIT_ROWS on slice (237, 11) (remaining tasks 40)
2025-04-22 00:33:15,039 [DEBUG]  		found 2 row clusters (in 0.02229 secs)
2025-04-22 00:33:15,039 [DEBUG]  OP: Operation.SPLIT_ROWS on slice (158, 11) (remaining tasks 41)
2025-04-22 00:33:15,060 [DEBUG]  		found 2 row clusters (in 0.02148 secs)
2025-04-22 00:33:15,060 [DEBUG]  OP: Operation.SPLIT_ROWS on slice (122, 11) (remaining tasks 42)
2025-04-22 00:33:15,081 [DEBUG]  		found 2 row clusters (in 0.02094 secs)
2025-04-22 00:33:15,082 [DEBUG]  OP: Operation.SPLIT_ROWS on slice (202, 11) (remaining tasks 43)
2025-04-22 00:33:15,110 [DEBUG]  		found 2 row clusters (in 0.02808 secs)
2025-04-22 00:33:15,110 [DEBUG]  OP: Operation.SPLIT_ROWS on slice (115, 11) (remaining tasks 44)
2025-04-22 00:33:15,130 [DEBUG]  		found 2 row clusters (in 0.01999 secs)
2025-04-22 00:33:15,130 [DEBUG]  OP: Operation.SPLIT_ROWS on slice (139, 11) (remaining tasks 45)
2025-04-22 00:33:15,150 [DEBUG]  		found 2 row clusters (in 0.02003 secs)
2025-04-22 00:33:15,151 [DEBUG]  OP: Operation.SPLIT_ROWS on slice (117, 11) (remaining tasks 46)
2025-04-22 00:33:15,170 [DEBUG]  		found 2 row clusters (in 0.01934 secs)
2025-04-22 00:33:15,170 [DEBUG]  OP: Operation.SPLIT_ROWS on slice (127, 11) (remaining tasks 47)
2025-04-22 00:33:15,191 [DEBUG]  		found 2 row clusters (in 0.02106 secs)
2025-04-22 00:33:15,191 [DEBUG]  OP: Operation.SPLIT_ROWS on slice (187, 11) (remaining tasks 48)
2025-04-22 00:33:15,215 [DEBUG]  		found 2 row clusters (in 0.02338 secs)
2025-04-22 00:33:15,215 [DEBUG]  OP: Operation.SPLIT_ROWS on slice (155, 11) (remaining tasks 49)
2025-04-22 00:33:15,237 [DEBUG]  		found 2 row clusters (in 0.02212 secs)
2025-04-22 00:33:15,238 [DEBUG]  OP: Operation.SPLIT_ROWS on slice (192, 11) (remaining tasks 50)
2025-04-22 00:33:15,258 [DEBUG]  		found 2 row clusters (in 0.02053 secs)
2025-04-22 00:33:15,258 [DEBUG]  OP: Operation.SPLIT_ROWS on slice (186, 11) (remaining tasks 51)
2025-04-22 00:33:15,284 [DEBUG]  		found 2 row clusters (in 0.02517 secs)
2025-04-22 00:33:15,284 [DEBUG]  OP: Operation.SPLIT_ROWS on slice (76, 11) (remaining tasks 52)
2025-04-22 00:33:15,301 [DEBUG]  		found 2 row clusters (in 0.01735 secs)
2025-04-22 00:33:15,301 [DEBUG]  OP: Operation.SPLIT_ROWS on slice (93, 11) (remaining tasks 53)
2025-04-22 00:33:15,325 [DEBUG]  		found 2 row clusters (in 0.02338 secs)
2025-04-22 00:33:15,325 [DEBUG]  OP: Operation.SPLIT_ROWS on slice (132, 11) (remaining tasks 54)
2025-04-22 00:33:15,353 [DEBUG]  		found 2 row clusters (in 0.02803 secs)
2025-04-22 00:33:15,353 [DEBUG]  OP: Operation.SPLIT_ROWS on slice (120, 11) (remaining tasks 55)
2025-04-22 00:33:15,375 [DEBUG]  		found 2 row clusters (in 0.02147 secs)
2025-04-22 00:33:15,375 [DEBUG]  OP: Operation.SPLIT_ROWS on slice (82, 11) (remaining tasks 56)
2025-04-22 00:33:15,395 [DEBUG]  		found 2 row clusters (in 0.01975 secs)
2025-04-22 00:33:15,395 [DEBUG]  OP: Operation.SPLIT_ROWS on slice (110, 11) (remaining tasks 57)
2025-04-22 00:33:15,417 [DEBUG]  		found 2 row clusters (in 0.02133 secs)
2025-04-22 00:33:15,417 [DEBUG]  OP: Operation.SPLIT_ROWS on slice (134, 11) (remaining tasks 58)
2025-04-22 00:33:15,438 [DEBUG]  		found 2 row clusters (in 0.02087 secs)
2025-04-22 00:33:15,438 [DEBUG]  OP: Operation.SPLIT_ROWS on slice (93, 11) (remaining tasks 59)
2025-04-22 00:33:15,459 [DEBUG]  		found 2 row clusters (in 0.02074 secs)
2025-04-22 00:33:15,459 [DEBUG]  OP: Operation.SPLIT_ROWS on slice (85, 11) (remaining tasks 60)
2025-04-22 00:33:15,475 [DEBUG]  		found 2 row clusters (in 0.01627 secs)
2025-04-22 00:33:15,475 [DEBUG]  OP: Operation.SPLIT_ROWS on slice (124, 11) (remaining tasks 61)
2025-04-22 00:33:15,494 [DEBUG]  		found 2 row clusters (in 0.01845 secs)
2025-04-22 00:33:15,494 [DEBUG]  OP: Operation.SPLIT_ROWS on slice (95, 11) (remaining tasks 62)
2025-04-22 00:33:15,511 [DEBUG]  		found 2 row clusters (in 0.01695 secs)
2025-04-22 00:33:15,511 [DEBUG]  OP: Operation.SPLIT_ROWS on slice (105, 11) (remaining tasks 63)
2025-04-22 00:33:15,529 [DEBUG]  		found 2 row clusters (in 0.01727 secs)
2025-04-22 00:33:15,529 [DEBUG]  OP: Operation.SPLIT_ROWS on slice (81, 11) (remaining tasks 64)
2025-04-22 00:33:15,544 [DEBUG]  		found 2 row clusters (in 0.01487 secs)
2025-04-22 00:33:15,544 [DEBUG]  OP: Operation.SPLIT_COLUMNS on slice (84, 11) (remaining tasks 65)
2025-04-22 00:33:15,756 [DEBUG]  		found 1 col clusters (in 0.21159 secs)
2025-04-22 00:33:15,757 [DEBUG]  OP: Operation.SPLIT_COLUMNS on slice (215, 11) (remaining tasks 65)
2025-04-22 00:33:17,468 [DEBUG]  		found 1 col clusters (in 1.71110 secs)
2025-04-22 00:33:17,468 [DEBUG]  OP: Operation.NAIVE_FACTORIZATION on slice (6, 11) (remaining tasks 65)
2025-04-22 00:33:17,472 [DEBUG]  		naive factorization 11 columns (in 0.00356 secs)
2025-04-22 00:33:17,472 [DEBUG]  OP: Operation.SPLIT_COLUMNS on slice (84, 11) (remaining tasks 64)
2025-04-22 00:33:17,780 [DEBUG]  		found 1 col clusters (in 0.30752 secs)
2025-04-22 00:33:17,781 [DEBUG]  OP: Operation.NAIVE_FACTORIZATION on slice (36, 11) (remaining tasks 64)
2025-04-22 00:33:17,785 [DEBUG]  		naive factorization 11 columns (in 0.00454 secs)
2025-04-22 00:33:17,786 [DEBUG]  OP: Operation.NAIVE_FACTORIZATION on slice (71, 11) (remaining tasks 63)
2025-04-22 00:33:17,791 [DEBUG]  		naive factorization 11 columns (in 0.00446 secs)
2025-04-22 00:33:17,791 [DEBUG]  OP: Operation.SPLIT_COLUMNS on slice (87, 11) (remaining tasks 62)
2025-04-22 00:33:18,027 [DEBUG]  		found 1 col clusters (in 0.23607 secs)
2025-04-22 00:33:18,028 [DEBUG]  OP: Operation.SPLIT_COLUMNS on slice (139, 11) (remaining tasks 62)
2025-04-22 00:33:18,357 [DEBUG]  		found 1 col clusters (in 0.32859 secs)
2025-04-22 00:33:18,357 [DEBUG]  OP: Operation.SPLIT_COLUMNS on slice (89, 11) (remaining tasks 62)
2025-04-22 00:33:18,606 [DEBUG]  		found 1 col clusters (in 0.24878 secs)
2025-04-22 00:33:18,607 [DEBUG]  OP: Operation.NAIVE_FACTORIZATION on slice (31, 11) (remaining tasks 62)
2025-04-22 00:33:18,611 [DEBUG]  		naive factorization 11 columns (in 0.00356 secs)
2025-04-22 00:33:18,611 [DEBUG]  OP: Operation.SPLIT_COLUMNS on slice (80, 11) (remaining tasks 61)
2025-04-22 00:33:18,827 [DEBUG]  		found 1 col clusters (in 0.21541 secs)
2025-04-22 00:33:18,827 [DEBUG]  OP: Operation.SPLIT_COLUMNS on slice (88, 11) (remaining tasks 61)
2025-04-22 00:33:19,051 [DEBUG]  		found 1 col clusters (in 0.22329 secs)
2025-04-22 00:33:19,051 [DEBUG]  OP: Operation.SPLIT_COLUMNS on slice (111, 11) (remaining tasks 61)
2025-04-22 00:33:19,269 [DEBUG]  		found 1 col clusters (in 0.21799 secs)
2025-04-22 00:33:19,270 [DEBUG]  OP: Operation.SPLIT_COLUMNS on slice (99, 11) (remaining tasks 61)
2025-04-22 00:33:19,489 [DEBUG]  		found 1 col clusters (in 0.21924 secs)
2025-04-22 00:33:19,490 [DEBUG]  OP: Operation.NAIVE_FACTORIZATION on slice (18, 11) (remaining tasks 61)
2025-04-22 00:33:19,494 [DEBUG]  		naive factorization 11 columns (in 0.00357 secs)
2025-04-22 00:33:19,494 [DEBUG]  OP: Operation.SPLIT_COLUMNS on slice (152, 11) (remaining tasks 60)
2025-04-22 00:33:19,725 [DEBUG]  		found 1 col clusters (in 0.23048 secs)
2025-04-22 00:33:19,725 [DEBUG]  OP: Operation.SPLIT_COLUMNS on slice (217, 11) (remaining tasks 60)
2025-04-22 00:33:21,306 [DEBUG]  		found 1 col clusters (in 1.58062 secs)
2025-04-22 00:33:21,307 [DEBUG]  OP: Operation.NAIVE_FACTORIZATION on slice (20, 11) (remaining tasks 60)
2025-04-22 00:33:21,311 [DEBUG]  		naive factorization 11 columns (in 0.00442 secs)
2025-04-22 00:33:21,311 [DEBUG]  OP: Operation.SPLIT_COLUMNS on slice (103, 11) (remaining tasks 59)
2025-04-22 00:33:21,561 [DEBUG]  		found 1 col clusters (in 0.24929 secs)
2025-04-22 00:33:21,561 [DEBUG]  OP: Operation.NAIVE_FACTORIZATION on slice (55, 11) (remaining tasks 59)
2025-04-22 00:33:21,566 [DEBUG]  		naive factorization 11 columns (in 0.00440 secs)
2025-04-22 00:33:21,567 [DEBUG]  OP: Operation.SPLIT_COLUMNS on slice (84, 11) (remaining tasks 58)
2025-04-22 00:33:21,784 [DEBUG]  		found 1 col clusters (in 0.21722 secs)
2025-04-22 00:33:21,785 [DEBUG]  OP: Operation.NAIVE_FACTORIZATION on slice (38, 11) (remaining tasks 58)
2025-04-22 00:33:21,789 [DEBUG]  		naive factorization 11 columns (in 0.00370 secs)
2025-04-22 00:33:21,789 [DEBUG]  OP: Operation.SPLIT_COLUMNS on slice (87, 11) (remaining tasks 57)
2025-04-22 00:33:22,008 [DEBUG]  		found 1 col clusters (in 0.21819 secs)
2025-04-22 00:33:22,008 [DEBUG]  OP: Operation.SPLIT_COLUMNS on slice (115, 11) (remaining tasks 57)
2025-04-22 00:33:22,226 [DEBUG]  		found 1 col clusters (in 0.21800 secs)
2025-04-22 00:33:22,227 [DEBUG]  OP: Operation.SPLIT_COLUMNS on slice (84, 11) (remaining tasks 57)
2025-04-22 00:33:22,445 [DEBUG]  		found 1 col clusters (in 0.21734 secs)
2025-04-22 00:33:22,445 [DEBUG]  OP: Operation.NAIVE_FACTORIZATION on slice (31, 11) (remaining tasks 57)
2025-04-22 00:33:22,450 [DEBUG]  		naive factorization 11 columns (in 0.00506 secs)
2025-04-22 00:33:22,451 [DEBUG]  OP: Operation.NAIVE_FACTORIZATION on slice (42, 11) (remaining tasks 56)
2025-04-22 00:33:22,455 [DEBUG]  		naive factorization 11 columns (in 0.00367 secs)
2025-04-22 00:33:22,455 [DEBUG]  OP: Operation.SPLIT_COLUMNS on slice (97, 11) (remaining tasks 55)
2025-04-22 00:33:22,671 [DEBUG]  		found 1 col clusters (in 0.21538 secs)
2025-04-22 00:33:22,671 [DEBUG]  OP: Operation.SPLIT_COLUMNS on slice (113, 11) (remaining tasks 55)
2025-04-22 00:33:22,883 [DEBUG]  		found 1 col clusters (in 0.21186 secs)
2025-04-22 00:33:22,884 [DEBUG]  OP: Operation.NAIVE_FACTORIZATION on slice (4, 11) (remaining tasks 55)
2025-04-22 00:33:22,887 [DEBUG]  		naive factorization 11 columns (in 0.00310 secs)
2025-04-22 00:33:22,888 [DEBUG]  OP: Operation.SPLIT_COLUMNS on slice (109, 11) (remaining tasks 54)
2025-04-22 00:33:23,115 [DEBUG]  		found 1 col clusters (in 0.22683 secs)
2025-04-22 00:33:23,115 [DEBUG]  OP: Operation.NAIVE_FACTORIZATION on slice (18, 11) (remaining tasks 54)
2025-04-22 00:33:23,120 [DEBUG]  		naive factorization 11 columns (in 0.00460 secs)
2025-04-22 00:33:23,121 [DEBUG]  OP: Operation.SPLIT_COLUMNS on slice (134, 11) (remaining tasks 53)
2025-04-22 00:33:23,439 [DEBUG]  		found 1 col clusters (in 0.31836 secs)
2025-04-22 00:33:23,439 [DEBUG]  OP: Operation.NAIVE_FACTORIZATION on slice (53, 11) (remaining tasks 53)
2025-04-22 00:33:23,445 [DEBUG]  		naive factorization 11 columns (in 0.00565 secs)
2025-04-22 00:33:23,446 [DEBUG]  OP: Operation.SPLIT_COLUMNS on slice (133, 11) (remaining tasks 52)
2025-04-22 00:33:23,805 [DEBUG]  		found 1 col clusters (in 0.35895 secs)
2025-04-22 00:33:23,805 [DEBUG]  OP: Operation.NAIVE_FACTORIZATION on slice (22, 11) (remaining tasks 52)
2025-04-22 00:33:23,810 [DEBUG]  		naive factorization 11 columns (in 0.00489 secs)
2025-04-22 00:33:23,811 [DEBUG]  OP: Operation.SPLIT_COLUMNS on slice (90, 11) (remaining tasks 51)
2025-04-22 00:33:24,091 [DEBUG]  		found 1 col clusters (in 0.27968 secs)
2025-04-22 00:33:24,091 [DEBUG]  OP: Operation.SPLIT_COLUMNS on slice (102, 11) (remaining tasks 51)
2025-04-22 00:33:24,314 [DEBUG]  		found 1 col clusters (in 0.22229 secs)
2025-04-22 00:33:24,315 [DEBUG]  OP: Operation.SPLIT_COLUMNS on slice (116, 11) (remaining tasks 51)
2025-04-22 00:33:24,550 [DEBUG]  		found 1 col clusters (in 0.23502 secs)
2025-04-22 00:33:24,550 [DEBUG]  OP: Operation.NAIVE_FACTORIZATION on slice (70, 11) (remaining tasks 51)
2025-04-22 00:33:24,555 [DEBUG]  		naive factorization 11 columns (in 0.00464 secs)
2025-04-22 00:33:24,556 [DEBUG]  OP: Operation.NAIVE_FACTORIZATION on slice (55, 11) (remaining tasks 50)
2025-04-22 00:33:24,560 [DEBUG]  		naive factorization 11 columns (in 0.00393 secs)
2025-04-22 00:33:24,560 [DEBUG]  OP: Operation.NAIVE_FACTORIZATION on slice (21, 11) (remaining tasks 49)
2025-04-22 00:33:24,565 [DEBUG]  		naive factorization 11 columns (in 0.00430 secs)
2025-04-22 00:33:24,565 [DEBUG]  OP: Operation.NAIVE_FACTORIZATION on slice (37, 11) (remaining tasks 48)
2025-04-22 00:33:24,570 [DEBUG]  		naive factorization 11 columns (in 0.00450 secs)
2025-04-22 00:33:24,571 [DEBUG]  OP: Operation.NAIVE_FACTORIZATION on slice (56, 11) (remaining tasks 47)
2025-04-22 00:33:24,576 [DEBUG]  		naive factorization 11 columns (in 0.00464 secs)
2025-04-22 00:33:24,576 [DEBUG]  OP: Operation.SPLIT_COLUMNS on slice (111, 11) (remaining tasks 46)
2025-04-22 00:33:24,804 [DEBUG]  		found 1 col clusters (in 0.22788 secs)
2025-04-22 00:33:24,804 [DEBUG]  OP: Operation.NAIVE_FACTORIZATION on slice (21, 11) (remaining tasks 46)
2025-04-22 00:33:24,809 [DEBUG]  		naive factorization 11 columns (in 0.00484 secs)
2025-04-22 00:33:24,810 [DEBUG]  OP: Operation.NAIVE_FACTORIZATION on slice (71, 11) (remaining tasks 45)
2025-04-22 00:33:24,815 [DEBUG]  		naive factorization 11 columns (in 0.00507 secs)
2025-04-22 00:33:24,816 [DEBUG]  OP: Operation.NAIVE_FACTORIZATION on slice (49, 11) (remaining tasks 44)
2025-04-22 00:33:24,820 [DEBUG]  		naive factorization 11 columns (in 0.00389 secs)
2025-04-22 00:33:24,820 [DEBUG]  OP: Operation.NAIVE_FACTORIZATION on slice (39, 11) (remaining tasks 43)
2025-04-22 00:33:24,825 [DEBUG]  		naive factorization 11 columns (in 0.00453 secs)
2025-04-22 00:33:24,826 [DEBUG]  OP: Operation.NAIVE_FACTORIZATION on slice (43, 11) (remaining tasks 42)
2025-04-22 00:33:24,831 [DEBUG]  		naive factorization 11 columns (in 0.00486 secs)
2025-04-22 00:33:24,831 [DEBUG]  OP: Operation.NAIVE_FACTORIZATION on slice (60, 11) (remaining tasks 41)
2025-04-22 00:33:24,835 [DEBUG]  		naive factorization 11 columns (in 0.00375 secs)
2025-04-22 00:33:24,836 [DEBUG]  OP: Operation.NAIVE_FACTORIZATION on slice (50, 11) (remaining tasks 40)
2025-04-22 00:33:24,841 [DEBUG]  		naive factorization 11 columns (in 0.00480 secs)
2025-04-22 00:33:24,841 [DEBUG]  OP: Operation.NAIVE_FACTORIZATION on slice (59, 11) (remaining tasks 39)
2025-04-22 00:33:24,846 [DEBUG]  		naive factorization 11 columns (in 0.00475 secs)
2025-04-22 00:33:24,847 [DEBUG]  OP: Operation.SPLIT_COLUMNS on slice (75, 11) (remaining tasks 38)
2025-04-22 00:33:25,063 [DEBUG]  		found 1 col clusters (in 0.21650 secs)
2025-04-22 00:33:25,064 [DEBUG]  OP: Operation.NAIVE_FACTORIZATION on slice (30, 11) (remaining tasks 38)
2025-04-22 00:33:25,068 [DEBUG]  		naive factorization 11 columns (in 0.00420 secs)
2025-04-22 00:33:25,069 [DEBUG]  OP: Operation.NAIVE_FACTORIZATION on slice (63, 11) (remaining tasks 37)
2025-04-22 00:33:25,073 [DEBUG]  		naive factorization 11 columns (in 0.00382 secs)
2025-04-22 00:33:25,074 [DEBUG]  OP: Operation.NAIVE_FACTORIZATION on slice (65, 11) (remaining tasks 36)
2025-04-22 00:33:25,078 [DEBUG]  		naive factorization 11 columns (in 0.00396 secs)
2025-04-22 00:33:25,078 [DEBUG]  OP: Operation.NAIVE_FACTORIZATION on slice (20, 11) (remaining tasks 35)
2025-04-22 00:33:25,082 [DEBUG]  		naive factorization 11 columns (in 0.00394 secs)
2025-04-22 00:33:25,083 [DEBUG]  OP: Operation.NAIVE_FACTORIZATION on slice (34, 11) (remaining tasks 34)
2025-04-22 00:33:25,087 [DEBUG]  		naive factorization 11 columns (in 0.00402 secs)
2025-04-22 00:33:25,088 [DEBUG]  OP: Operation.SPLIT_COLUMNS on slice (90, 11) (remaining tasks 33)
2025-04-22 00:33:25,319 [DEBUG]  		found 1 col clusters (in 0.23161 secs)
2025-04-22 00:33:25,320 [DEBUG]  OP: Operation.NAIVE_FACTORIZATION on slice (32, 11) (remaining tasks 33)
2025-04-22 00:33:25,324 [DEBUG]  		naive factorization 11 columns (in 0.00388 secs)
2025-04-22 00:33:25,325 [DEBUG]  OP: Operation.NAIVE_FACTORIZATION on slice (63, 11) (remaining tasks 32)
2025-04-22 00:33:25,330 [DEBUG]  		naive factorization 11 columns (in 0.00473 secs)
2025-04-22 00:33:25,330 [DEBUG]  OP: Operation.NAIVE_FACTORIZATION on slice (55, 11) (remaining tasks 31)
2025-04-22 00:33:25,335 [DEBUG]  		naive factorization 11 columns (in 0.00482 secs)
2025-04-22 00:33:25,336 [DEBUG]  OP: Operation.NAIVE_FACTORIZATION on slice (50, 11) (remaining tasks 30)
2025-04-22 00:33:25,340 [DEBUG]  		naive factorization 11 columns (in 0.00415 secs)
2025-04-22 00:33:25,340 [DEBUG]  OP: Operation.NAIVE_FACTORIZATION on slice (44, 11) (remaining tasks 29)
2025-04-22 00:33:25,345 [DEBUG]  		naive factorization 11 columns (in 0.00481 secs)
2025-04-22 00:33:25,346 [DEBUG]  OP: Operation.NAIVE_FACTORIZATION on slice (37, 11) (remaining tasks 28)
2025-04-22 00:33:25,351 [DEBUG]  		naive factorization 11 columns (in 0.00465 secs)
2025-04-22 00:33:25,351 [DEBUG]  OP: Operation.SPLIT_ROWS on slice (84, 11) (remaining tasks 27)
2025-04-22 00:33:25,395 [DEBUG]  		found 2 row clusters (in 0.04339 secs)
2025-04-22 00:33:25,395 [DEBUG]  OP: Operation.SPLIT_ROWS on slice (215, 11) (remaining tasks 28)
2025-04-22 00:33:25,438 [DEBUG]  		found 2 row clusters (in 0.04243 secs)
2025-04-22 00:33:25,438 [DEBUG]  OP: Operation.SPLIT_ROWS on slice (84, 11) (remaining tasks 29)
2025-04-22 00:33:25,457 [DEBUG]  		found 2 row clusters (in 0.01844 secs)
2025-04-22 00:33:25,457 [DEBUG]  OP: Operation.SPLIT_ROWS on slice (87, 11) (remaining tasks 30)
2025-04-22 00:33:25,483 [DEBUG]  		found 2 row clusters (in 0.02650 secs)
2025-04-22 00:33:25,484 [DEBUG]  OP: Operation.SPLIT_ROWS on slice (139, 11) (remaining tasks 31)
2025-04-22 00:33:25,504 [DEBUG]  		found 2 row clusters (in 0.02012 secs)
2025-04-22 00:33:25,504 [DEBUG]  OP: Operation.SPLIT_ROWS on slice (89, 11) (remaining tasks 32)
2025-04-22 00:33:25,525 [DEBUG]  		found 2 row clusters (in 0.02103 secs)
2025-04-22 00:33:25,525 [DEBUG]  OP: Operation.SPLIT_ROWS on slice (80, 11) (remaining tasks 33)
2025-04-22 00:33:25,543 [DEBUG]  		found 2 row clusters (in 0.01729 secs)
2025-04-22 00:33:25,543 [DEBUG]  OP: Operation.SPLIT_ROWS on slice (88, 11) (remaining tasks 34)
2025-04-22 00:33:25,561 [DEBUG]  		found 2 row clusters (in 0.01772 secs)
2025-04-22 00:33:25,561 [DEBUG]  OP: Operation.SPLIT_ROWS on slice (111, 11) (remaining tasks 35)
2025-04-22 00:33:25,582 [DEBUG]  		found 2 row clusters (in 0.02042 secs)
2025-04-22 00:33:25,582 [DEBUG]  OP: Operation.SPLIT_ROWS on slice (99, 11) (remaining tasks 36)
2025-04-22 00:33:25,600 [DEBUG]  		found 2 row clusters (in 0.01820 secs)
2025-04-22 00:33:25,600 [DEBUG]  OP: Operation.SPLIT_ROWS on slice (152, 11) (remaining tasks 37)
2025-04-22 00:33:25,628 [DEBUG]  		found 2 row clusters (in 0.02789 secs)
2025-04-22 00:33:25,628 [DEBUG]  OP: Operation.SPLIT_ROWS on slice (217, 11) (remaining tasks 38)
2025-04-22 00:33:25,660 [DEBUG]  		found 2 row clusters (in 0.03163 secs)
2025-04-22 00:33:25,660 [DEBUG]  OP: Operation.SPLIT_ROWS on slice (103, 11) (remaining tasks 39)
2025-04-22 00:33:25,682 [DEBUG]  		found 2 row clusters (in 0.02136 secs)
2025-04-22 00:33:25,682 [DEBUG]  OP: Operation.SPLIT_ROWS on slice (84, 11) (remaining tasks 40)
2025-04-22 00:33:25,705 [DEBUG]  		found 2 row clusters (in 0.02293 secs)
2025-04-22 00:33:25,705 [DEBUG]  OP: Operation.SPLIT_ROWS on slice (87, 11) (remaining tasks 41)
2025-04-22 00:33:25,730 [DEBUG]  		found 2 row clusters (in 0.02484 secs)
2025-04-22 00:33:25,730 [DEBUG]  OP: Operation.SPLIT_ROWS on slice (115, 11) (remaining tasks 42)
2025-04-22 00:33:25,752 [DEBUG]  		found 2 row clusters (in 0.02117 secs)
2025-04-22 00:33:25,752 [DEBUG]  OP: Operation.SPLIT_ROWS on slice (84, 11) (remaining tasks 43)
2025-04-22 00:33:25,772 [DEBUG]  		found 2 row clusters (in 0.02003 secs)
2025-04-22 00:33:25,772 [DEBUG]  OP: Operation.SPLIT_ROWS on slice (97, 11) (remaining tasks 44)
2025-04-22 00:33:25,793 [DEBUG]  		found 2 row clusters (in 0.02090 secs)
2025-04-22 00:33:25,793 [DEBUG]  OP: Operation.SPLIT_ROWS on slice (113, 11) (remaining tasks 45)
2025-04-22 00:33:25,815 [DEBUG]  		found 2 row clusters (in 0.02104 secs)
2025-04-22 00:33:25,815 [DEBUG]  OP: Operation.SPLIT_ROWS on slice (109, 11) (remaining tasks 46)
2025-04-22 00:33:25,834 [DEBUG]  		found 2 row clusters (in 0.01863 secs)
2025-04-22 00:33:25,834 [DEBUG]  OP: Operation.SPLIT_ROWS on slice (134, 11) (remaining tasks 47)
2025-04-22 00:33:25,862 [DEBUG]  		found 2 row clusters (in 0.02863 secs)
2025-04-22 00:33:25,863 [DEBUG]  OP: Operation.SPLIT_ROWS on slice (133, 11) (remaining tasks 48)
2025-04-22 00:33:25,891 [DEBUG]  		found 2 row clusters (in 0.02837 secs)
2025-04-22 00:33:25,891 [DEBUG]  OP: Operation.SPLIT_ROWS on slice (90, 11) (remaining tasks 49)
2025-04-22 00:33:25,910 [DEBUG]  		found 2 row clusters (in 0.01902 secs)
2025-04-22 00:33:25,911 [DEBUG]  OP: Operation.SPLIT_ROWS on slice (102, 11) (remaining tasks 50)
2025-04-22 00:33:25,931 [DEBUG]  		found 2 row clusters (in 0.02037 secs)
2025-04-22 00:33:25,931 [DEBUG]  OP: Operation.SPLIT_ROWS on slice (116, 11) (remaining tasks 51)
2025-04-22 00:33:25,959 [DEBUG]  		found 2 row clusters (in 0.02715 secs)
2025-04-22 00:33:25,959 [DEBUG]  OP: Operation.SPLIT_ROWS on slice (111, 11) (remaining tasks 52)
2025-04-22 00:33:25,982 [DEBUG]  		found 2 row clusters (in 0.02356 secs)
2025-04-22 00:33:25,983 [DEBUG]  OP: Operation.SPLIT_ROWS on slice (75, 11) (remaining tasks 53)
2025-04-22 00:33:26,001 [DEBUG]  		found 2 row clusters (in 0.01850 secs)
2025-04-22 00:33:26,001 [DEBUG]  OP: Operation.SPLIT_ROWS on slice (90, 11) (remaining tasks 54)
2025-04-22 00:33:26,020 [DEBUG]  		found 2 row clusters (in 0.01887 secs)
2025-04-22 00:33:26,021 [DEBUG]  OP: Operation.NAIVE_FACTORIZATION on slice (37, 11) (remaining tasks 55)
2025-04-22 00:33:26,024 [DEBUG]  		naive factorization 11 columns (in 0.00361 secs)
2025-04-22 00:33:26,025 [DEBUG]  OP: Operation.NAIVE_FACTORIZATION on slice (47, 11) (remaining tasks 54)
2025-04-22 00:33:26,030 [DEBUG]  		naive factorization 11 columns (in 0.00484 secs)
2025-04-22 00:33:26,030 [DEBUG]  OP: Operation.SPLIT_COLUMNS on slice (105, 11) (remaining tasks 53)
2025-04-22 00:33:26,242 [DEBUG]  		found 1 col clusters (in 0.21244 secs)
2025-04-22 00:33:26,243 [DEBUG]  OP: Operation.SPLIT_COLUMNS on slice (110, 11) (remaining tasks 53)
2025-04-22 00:33:26,470 [DEBUG]  		found 1 col clusters (in 0.22678 secs)
2025-04-22 00:33:26,471 [DEBUG]  OP: Operation.NAIVE_FACTORIZATION on slice (9, 11) (remaining tasks 53)
2025-04-22 00:33:26,475 [DEBUG]  		naive factorization 11 columns (in 0.00415 secs)
2025-04-22 00:33:26,475 [DEBUG]  OP: Operation.SPLIT_COLUMNS on slice (75, 11) (remaining tasks 52)
2025-04-22 00:33:26,702 [DEBUG]  		found 1 col clusters (in 0.22595 secs)
2025-04-22 00:33:26,702 [DEBUG]  OP: Operation.NAIVE_FACTORIZATION on slice (69, 11) (remaining tasks 52)
2025-04-22 00:33:26,707 [DEBUG]  		naive factorization 11 columns (in 0.00424 secs)
2025-04-22 00:33:26,707 [DEBUG]  OP: Operation.NAIVE_FACTORIZATION on slice (18, 11) (remaining tasks 51)
2025-04-22 00:33:26,712 [DEBUG]  		naive factorization 11 columns (in 0.00432 secs)
2025-04-22 00:33:26,712 [DEBUG]  OP: Operation.SPLIT_COLUMNS on slice (93, 11) (remaining tasks 50)
2025-04-22 00:33:26,929 [DEBUG]  		found 1 col clusters (in 0.21627 secs)
2025-04-22 00:33:26,929 [DEBUG]  OP: Operation.NAIVE_FACTORIZATION on slice (46, 11) (remaining tasks 50)
2025-04-22 00:33:26,933 [DEBUG]  		naive factorization 11 columns (in 0.00400 secs)
2025-04-22 00:33:26,934 [DEBUG]  OP: Operation.NAIVE_FACTORIZATION on slice (16, 11) (remaining tasks 49)
2025-04-22 00:33:26,938 [DEBUG]  		naive factorization 11 columns (in 0.00366 secs)
2025-04-22 00:33:26,939 [DEBUG]  OP: Operation.SPLIT_COLUMNS on slice (73, 11) (remaining tasks 48)
2025-04-22 00:33:27,163 [DEBUG]  		found 1 col clusters (in 0.22401 secs)
2025-04-22 00:33:27,163 [DEBUG]  OP: Operation.SPLIT_COLUMNS on slice (72, 11) (remaining tasks 48)
2025-04-22 00:33:27,382 [DEBUG]  		found 1 col clusters (in 0.21864 secs)
2025-04-22 00:33:27,383 [DEBUG]  OP: Operation.NAIVE_FACTORIZATION on slice (8, 11) (remaining tasks 48)
2025-04-22 00:33:27,387 [DEBUG]  		naive factorization 11 columns (in 0.00411 secs)
2025-04-22 00:33:27,388 [DEBUG]  OP: Operation.SPLIT_COLUMNS on slice (81, 11) (remaining tasks 47)
2025-04-22 00:33:27,606 [DEBUG]  		found 1 col clusters (in 0.21846 secs)
2025-04-22 00:33:27,607 [DEBUG]  OP: Operation.NAIVE_FACTORIZATION on slice (7, 11) (remaining tasks 47)
2025-04-22 00:33:27,610 [DEBUG]  		naive factorization 11 columns (in 0.00337 secs)
2025-04-22 00:33:27,611 [DEBUG]  OP: Operation.NAIVE_FACTORIZATION on slice (48, 11) (remaining tasks 46)
2025-04-22 00:33:27,615 [DEBUG]  		naive factorization 11 columns (in 0.00432 secs)
2025-04-22 00:33:27,616 [DEBUG]  OP: Operation.NAIVE_FACTORIZATION on slice (63, 11) (remaining tasks 45)
2025-04-22 00:33:27,621 [DEBUG]  		naive factorization 11 columns (in 0.00486 secs)
2025-04-22 00:33:27,622 [DEBUG]  OP: Operation.NAIVE_FACTORIZATION on slice (51, 11) (remaining tasks 44)
2025-04-22 00:33:27,626 [DEBUG]  		naive factorization 11 columns (in 0.00398 secs)
2025-04-22 00:33:27,626 [DEBUG]  OP: Operation.NAIVE_FACTORIZATION on slice (48, 11) (remaining tasks 43)
2025-04-22 00:33:27,631 [DEBUG]  		naive factorization 11 columns (in 0.00473 secs)
2025-04-22 00:33:27,632 [DEBUG]  OP: Operation.NAIVE_FACTORIZATION on slice (63, 11) (remaining tasks 42)
2025-04-22 00:33:27,637 [DEBUG]  		naive factorization 11 columns (in 0.00475 secs)
2025-04-22 00:33:27,637 [DEBUG]  OP: Operation.SPLIT_COLUMNS on slice (89, 11) (remaining tasks 41)
2025-04-22 00:33:27,854 [DEBUG]  		found 1 col clusters (in 0.21611 secs)
2025-04-22 00:33:27,854 [DEBUG]  OP: Operation.SPLIT_COLUMNS on slice (103, 11) (remaining tasks 41)
2025-04-22 00:33:28,073 [DEBUG]  		found 1 col clusters (in 0.21884 secs)
2025-04-22 00:33:28,074 [DEBUG]  OP: Operation.SPLIT_COLUMNS on slice (114, 11) (remaining tasks 41)
2025-04-22 00:33:28,290 [DEBUG]  		found 1 col clusters (in 0.21569 secs)
2025-04-22 00:33:28,290 [DEBUG]  OP: Operation.NAIVE_FACTORIZATION on slice (43, 11) (remaining tasks 41)
2025-04-22 00:33:28,294 [DEBUG]  		naive factorization 11 columns (in 0.00388 secs)
2025-04-22 00:33:28,295 [DEBUG]  OP: Operation.NAIVE_FACTORIZATION on slice (60, 11) (remaining tasks 40)
2025-04-22 00:33:28,300 [DEBUG]  		naive factorization 11 columns (in 0.00481 secs)
2025-04-22 00:33:28,300 [DEBUG]  OP: Operation.NAIVE_FACTORIZATION on slice (35, 11) (remaining tasks 39)
2025-04-22 00:33:28,305 [DEBUG]  		naive factorization 11 columns (in 0.00455 secs)
2025-04-22 00:33:28,306 [DEBUG]  OP: Operation.NAIVE_FACTORIZATION on slice (49, 11) (remaining tasks 38)
2025-04-22 00:33:28,310 [DEBUG]  		naive factorization 11 columns (in 0.00420 secs)
2025-04-22 00:33:28,311 [DEBUG]  OP: Operation.NAIVE_FACTORIZATION on slice (36, 11) (remaining tasks 37)
2025-04-22 00:33:28,314 [DEBUG]  		naive factorization 11 columns (in 0.00367 secs)
2025-04-22 00:33:28,315 [DEBUG]  OP: Operation.NAIVE_FACTORIZATION on slice (51, 11) (remaining tasks 36)
2025-04-22 00:33:28,320 [DEBUG]  		naive factorization 11 columns (in 0.00480 secs)
2025-04-22 00:33:28,320 [DEBUG]  OP: Operation.SPLIT_COLUMNS on slice (95, 11) (remaining tasks 35)
2025-04-22 00:33:28,537 [DEBUG]  		found 1 col clusters (in 0.21672 secs)
2025-04-22 00:33:28,538 [DEBUG]  OP: Operation.NAIVE_FACTORIZATION on slice (20, 11) (remaining tasks 35)
2025-04-22 00:33:28,542 [DEBUG]  		naive factorization 11 columns (in 0.00426 secs)
2025-04-22 00:33:28,543 [DEBUG]  OP: Operation.NAIVE_FACTORIZATION on slice (29, 11) (remaining tasks 34)
2025-04-22 00:33:28,547 [DEBUG]  		naive factorization 11 columns (in 0.00368 secs)
2025-04-22 00:33:28,547 [DEBUG]  OP: Operation.NAIVE_FACTORIZATION on slice (55, 11) (remaining tasks 33)
2025-04-22 00:33:28,552 [DEBUG]  		naive factorization 11 columns (in 0.00468 secs)
2025-04-22 00:33:28,553 [DEBUG]  OP: Operation.SPLIT_COLUMNS on slice (91, 11) (remaining tasks 32)
2025-04-22 00:33:28,792 [DEBUG]  		found 1 col clusters (in 0.23936 secs)
2025-04-22 00:33:28,793 [DEBUG]  OP: Operation.NAIVE_FACTORIZATION on slice (6, 11) (remaining tasks 32)
2025-04-22 00:33:28,797 [DEBUG]  		naive factorization 11 columns (in 0.00407 secs)
2025-04-22 00:33:28,798 [DEBUG]  OP: Operation.SPLIT_COLUMNS on slice (76, 11) (remaining tasks 31)
2025-04-22 00:33:29,018 [DEBUG]  		found 1 col clusters (in 0.22019 secs)
2025-04-22 00:33:29,019 [DEBUG]  OP: Operation.NAIVE_FACTORIZATION on slice (37, 11) (remaining tasks 31)
2025-04-22 00:33:29,023 [DEBUG]  		naive factorization 11 columns (in 0.00390 secs)
2025-04-22 00:33:29,023 [DEBUG]  OP: Operation.NAIVE_FACTORIZATION on slice (56, 11) (remaining tasks 30)
2025-04-22 00:33:29,028 [DEBUG]  		naive factorization 11 columns (in 0.00501 secs)
2025-04-22 00:33:29,029 [DEBUG]  OP: Operation.NAIVE_FACTORIZATION on slice (53, 11) (remaining tasks 29)
2025-04-22 00:33:29,034 [DEBUG]  		naive factorization 11 columns (in 0.00478 secs)
2025-04-22 00:33:29,035 [DEBUG]  OP: Operation.SPLIT_COLUMNS on slice (85, 11) (remaining tasks 28)
2025-04-22 00:33:29,272 [DEBUG]  		found 1 col clusters (in 0.23764 secs)
2025-04-22 00:33:29,273 [DEBUG]  OP: Operation.NAIVE_FACTORIZATION on slice (49, 11) (remaining tasks 28)
2025-04-22 00:33:29,277 [DEBUG]  		naive factorization 11 columns (in 0.00405 secs)
2025-04-22 00:33:29,278 [DEBUG]  OP: Operation.SPLIT_COLUMNS on slice (76, 11) (remaining tasks 27)
2025-04-22 00:33:29,500 [DEBUG]  		found 1 col clusters (in 0.22174 secs)
2025-04-22 00:33:29,500 [DEBUG]  OP: Operation.NAIVE_FACTORIZATION on slice (57, 11) (remaining tasks 27)
2025-04-22 00:33:29,505 [DEBUG]  		naive factorization 11 columns (in 0.00433 secs)
2025-04-22 00:33:29,506 [DEBUG]  OP: Operation.NAIVE_FACTORIZATION on slice (31, 11) (remaining tasks 26)
2025-04-22 00:33:29,510 [DEBUG]  		naive factorization 11 columns (in 0.00472 secs)
2025-04-22 00:33:29,511 [DEBUG]  OP: Operation.NAIVE_FACTORIZATION on slice (59, 11) (remaining tasks 25)
2025-04-22 00:33:29,515 [DEBUG]  		naive factorization 11 columns (in 0.00413 secs)
2025-04-22 00:33:29,516 [DEBUG]  OP: Operation.SPLIT_COLUMNS on slice (76, 11) (remaining tasks 24)
2025-04-22 00:33:29,733 [DEBUG]  		found 1 col clusters (in 0.21656 secs)
2025-04-22 00:33:29,733 [DEBUG]  OP: Operation.NAIVE_FACTORIZATION on slice (26, 11) (remaining tasks 24)
2025-04-22 00:33:29,737 [DEBUG]  		naive factorization 11 columns (in 0.00400 secs)
2025-04-22 00:33:29,738 [DEBUG]  OP: Operation.NAIVE_FACTORIZATION on slice (65, 11) (remaining tasks 23)
2025-04-22 00:33:29,742 [DEBUG]  		naive factorization 11 columns (in 0.00385 secs)
2025-04-22 00:33:29,742 [DEBUG]  OP: Operation.NAIVE_FACTORIZATION on slice (51, 11) (remaining tasks 22)
2025-04-22 00:33:29,748 [DEBUG]  		naive factorization 11 columns (in 0.00509 secs)
2025-04-22 00:33:29,748 [DEBUG]  OP: Operation.NAIVE_FACTORIZATION on slice (71, 11) (remaining tasks 21)
2025-04-22 00:33:29,753 [DEBUG]  		naive factorization 11 columns (in 0.00473 secs)
2025-04-22 00:33:29,754 [DEBUG]  OP: Operation.NAIVE_FACTORIZATION on slice (40, 11) (remaining tasks 20)
2025-04-22 00:33:29,758 [DEBUG]  		naive factorization 11 columns (in 0.00360 secs)
2025-04-22 00:33:29,758 [DEBUG]  OP: Operation.NAIVE_FACTORIZATION on slice (59, 11) (remaining tasks 19)
2025-04-22 00:33:29,763 [DEBUG]  		naive factorization 11 columns (in 0.00485 secs)
2025-04-22 00:33:29,764 [DEBUG]  OP: Operation.NAIVE_FACTORIZATION on slice (16, 11) (remaining tasks 18)
2025-04-22 00:33:29,768 [DEBUG]  		naive factorization 11 columns (in 0.00391 secs)
2025-04-22 00:33:29,768 [DEBUG]  OP: Operation.NAIVE_FACTORIZATION on slice (42, 11) (remaining tasks 17)
2025-04-22 00:33:29,772 [DEBUG]  		naive factorization 11 columns (in 0.00401 secs)
2025-04-22 00:33:29,773 [DEBUG]  OP: Operation.NAIVE_FACTORIZATION on slice (48, 11) (remaining tasks 16)
2025-04-22 00:33:29,778 [DEBUG]  		naive factorization 11 columns (in 0.00501 secs)
2025-04-22 00:33:29,779 [DEBUG]  OP: Operation.SPLIT_ROWS on slice (105, 11) (remaining tasks 15)
2025-04-22 00:33:29,832 [DEBUG]  		found 2 row clusters (in 0.05344 secs)
2025-04-22 00:33:29,833 [DEBUG]  OP: Operation.SPLIT_ROWS on slice (110, 11) (remaining tasks 16)
2025-04-22 00:33:29,871 [DEBUG]  		found 2 row clusters (in 0.03832 secs)
2025-04-22 00:33:29,872 [DEBUG]  OP: Operation.SPLIT_ROWS on slice (75, 11) (remaining tasks 17)
2025-04-22 00:33:29,897 [DEBUG]  		found 2 row clusters (in 0.02504 secs)
2025-04-22 00:33:29,897 [DEBUG]  OP: Operation.SPLIT_ROWS on slice (93, 11) (remaining tasks 18)
2025-04-22 00:33:29,926 [DEBUG]  		found 2 row clusters (in 0.02855 secs)
2025-04-22 00:33:29,926 [DEBUG]  OP: Operation.SPLIT_ROWS on slice (73, 11) (remaining tasks 19)
2025-04-22 00:33:29,946 [DEBUG]  		found 2 row clusters (in 0.02006 secs)
2025-04-22 00:33:29,946 [DEBUG]  OP: Operation.SPLIT_ROWS on slice (72, 11) (remaining tasks 20)
2025-04-22 00:33:29,965 [DEBUG]  		found 2 row clusters (in 0.01824 secs)
2025-04-22 00:33:29,965 [DEBUG]  OP: Operation.SPLIT_ROWS on slice (81, 11) (remaining tasks 21)
2025-04-22 00:33:29,988 [DEBUG]  		found 2 row clusters (in 0.02340 secs)
2025-04-22 00:33:29,989 [DEBUG]  OP: Operation.SPLIT_ROWS on slice (89, 11) (remaining tasks 22)
2025-04-22 00:33:30,012 [DEBUG]  		found 2 row clusters (in 0.02380 secs)
2025-04-22 00:33:30,013 [DEBUG]  OP: Operation.SPLIT_ROWS on slice (103, 11) (remaining tasks 23)
2025-04-22 00:33:30,033 [DEBUG]  		found 2 row clusters (in 0.02070 secs)
2025-04-22 00:33:30,034 [DEBUG]  OP: Operation.SPLIT_ROWS on slice (114, 11) (remaining tasks 24)
2025-04-22 00:33:30,053 [DEBUG]  		found 2 row clusters (in 0.01962 secs)
2025-04-22 00:33:30,054 [DEBUG]  OP: Operation.SPLIT_ROWS on slice (95, 11) (remaining tasks 25)
2025-04-22 00:33:30,072 [DEBUG]  		found 2 row clusters (in 0.01826 secs)
2025-04-22 00:33:30,072 [DEBUG]  OP: Operation.SPLIT_ROWS on slice (91, 11) (remaining tasks 26)
2025-04-22 00:33:30,094 [DEBUG]  		found 2 row clusters (in 0.02175 secs)
2025-04-22 00:33:30,094 [DEBUG]  OP: Operation.SPLIT_ROWS on slice (76, 11) (remaining tasks 27)
2025-04-22 00:33:30,113 [DEBUG]  		found 2 row clusters (in 0.01888 secs)
2025-04-22 00:33:30,113 [DEBUG]  OP: Operation.SPLIT_ROWS on slice (85, 11) (remaining tasks 28)
2025-04-22 00:33:30,138 [DEBUG]  		found 2 row clusters (in 0.02431 secs)
2025-04-22 00:33:30,138 [DEBUG]  OP: Operation.SPLIT_ROWS on slice (76, 11) (remaining tasks 29)
2025-04-22 00:33:30,154 [DEBUG]  		found 2 row clusters (in 0.01614 secs)
2025-04-22 00:33:30,154 [DEBUG]  OP: Operation.SPLIT_ROWS on slice (76, 11) (remaining tasks 30)
2025-04-22 00:33:30,178 [DEBUG]  		found 2 row clusters (in 0.02360 secs)
2025-04-22 00:33:30,178 [DEBUG]  OP: Operation.NAIVE_FACTORIZATION on slice (63, 11) (remaining tasks 31)
2025-04-22 00:33:30,184 [DEBUG]  		naive factorization 11 columns (in 0.00512 secs)
2025-04-22 00:33:30,184 [DEBUG]  OP: Operation.NAIVE_FACTORIZATION on slice (42, 11) (remaining tasks 30)
2025-04-22 00:33:30,188 [DEBUG]  		naive factorization 11 columns (in 0.00375 secs)
2025-04-22 00:33:30,188 [DEBUG]  OP: Operation.NAIVE_FACTORIZATION on slice (60, 11) (remaining tasks 29)
2025-04-22 00:33:30,193 [DEBUG]  		naive factorization 11 columns (in 0.00473 secs)
2025-04-22 00:33:30,193 [DEBUG]  OP: Operation.NAIVE_FACTORIZATION on slice (50, 11) (remaining tasks 28)
2025-04-22 00:33:30,199 [DEBUG]  		naive factorization 11 columns (in 0.00527 secs)
2025-04-22 00:33:30,199 [DEBUG]  OP: Operation.NAIVE_FACTORIZATION on slice (26, 11) (remaining tasks 27)
2025-04-22 00:33:30,203 [DEBUG]  		naive factorization 11 columns (in 0.00379 secs)
2025-04-22 00:33:30,203 [DEBUG]  OP: Operation.NAIVE_FACTORIZATION on slice (49, 11) (remaining tasks 26)
2025-04-22 00:33:30,208 [DEBUG]  		naive factorization 11 columns (in 0.00480 secs)
2025-04-22 00:33:30,209 [DEBUG]  OP: Operation.NAIVE_FACTORIZATION on slice (27, 11) (remaining tasks 25)
2025-04-22 00:33:30,213 [DEBUG]  		naive factorization 11 columns (in 0.00461 secs)
2025-04-22 00:33:30,214 [DEBUG]  OP: Operation.NAIVE_FACTORIZATION on slice (66, 11) (remaining tasks 24)
2025-04-22 00:33:30,218 [DEBUG]  		naive factorization 11 columns (in 0.00410 secs)
2025-04-22 00:33:30,218 [DEBUG]  OP: Operation.NAIVE_FACTORIZATION on slice (39, 11) (remaining tasks 23)
2025-04-22 00:33:30,223 [DEBUG]  		naive factorization 11 columns (in 0.00470 secs)
2025-04-22 00:33:30,224 [DEBUG]  OP: Operation.NAIVE_FACTORIZATION on slice (34, 11) (remaining tasks 22)
2025-04-22 00:33:30,228 [DEBUG]  		naive factorization 11 columns (in 0.00444 secs)
2025-04-22 00:33:30,229 [DEBUG]  OP: Operation.NAIVE_FACTORIZATION on slice (55, 11) (remaining tasks 21)
2025-04-22 00:33:30,233 [DEBUG]  		naive factorization 11 columns (in 0.00409 secs)
2025-04-22 00:33:30,233 [DEBUG]  OP: Operation.NAIVE_FACTORIZATION on slice (17, 11) (remaining tasks 20)
2025-04-22 00:33:30,238 [DEBUG]  		naive factorization 11 columns (in 0.00425 secs)
2025-04-22 00:33:30,238 [DEBUG]  OP: Operation.NAIVE_FACTORIZATION on slice (41, 11) (remaining tasks 19)
2025-04-22 00:33:30,243 [DEBUG]  		naive factorization 11 columns (in 0.00469 secs)
2025-04-22 00:33:30,243 [DEBUG]  OP: Operation.NAIVE_FACTORIZATION on slice (40, 11) (remaining tasks 18)
2025-04-22 00:33:30,247 [DEBUG]  		naive factorization 11 columns (in 0.00398 secs)
2025-04-22 00:33:30,248 [DEBUG]  OP: Operation.NAIVE_FACTORIZATION on slice (25, 11) (remaining tasks 17)
2025-04-22 00:33:30,252 [DEBUG]  		naive factorization 11 columns (in 0.00408 secs)
2025-04-22 00:33:30,253 [DEBUG]  OP: Operation.NAIVE_FACTORIZATION on slice (64, 11) (remaining tasks 16)
2025-04-22 00:33:30,258 [DEBUG]  		naive factorization 11 columns (in 0.00518 secs)
2025-04-22 00:33:30,259 [DEBUG]  OP: Operation.NAIVE_FACTORIZATION on slice (69, 11) (remaining tasks 15)
2025-04-22 00:33:30,263 [DEBUG]  		naive factorization 11 columns (in 0.00473 secs)
2025-04-22 00:33:30,264 [DEBUG]  OP: Operation.NAIVE_FACTORIZATION on slice (34, 11) (remaining tasks 14)
2025-04-22 00:33:30,268 [DEBUG]  		naive factorization 11 columns (in 0.00369 secs)
2025-04-22 00:33:30,268 [DEBUG]  OP: Operation.SPLIT_COLUMNS on slice (88, 11) (remaining tasks 13)
2025-04-22 00:33:30,494 [DEBUG]  		found 1 col clusters (in 0.22586 secs)
2025-04-22 00:33:30,495 [DEBUG]  OP: Operation.NAIVE_FACTORIZATION on slice (26, 11) (remaining tasks 13)
2025-04-22 00:33:30,499 [DEBUG]  		naive factorization 11 columns (in 0.00366 secs)
2025-04-22 00:33:30,499 [DEBUG]  OP: Operation.NAIVE_FACTORIZATION on slice (37, 11) (remaining tasks 12)
2025-04-22 00:33:30,504 [DEBUG]  		naive factorization 11 columns (in 0.00464 secs)
2025-04-22 00:33:30,505 [DEBUG]  OP: Operation.NAIVE_FACTORIZATION on slice (58, 11) (remaining tasks 11)
2025-04-22 00:33:30,509 [DEBUG]  		naive factorization 11 columns (in 0.00404 secs)
2025-04-22 00:33:30,509 [DEBUG]  OP: Operation.NAIVE_FACTORIZATION on slice (55, 11) (remaining tasks 10)
2025-04-22 00:33:30,514 [DEBUG]  		naive factorization 11 columns (in 0.00415 secs)
2025-04-22 00:33:30,514 [DEBUG]  OP: Operation.NAIVE_FACTORIZATION on slice (36, 11) (remaining tasks 9)
2025-04-22 00:33:30,519 [DEBUG]  		naive factorization 11 columns (in 0.00480 secs)
2025-04-22 00:33:30,520 [DEBUG]  OP: Operation.NAIVE_FACTORIZATION on slice (32, 11) (remaining tasks 8)
2025-04-22 00:33:30,524 [DEBUG]  		naive factorization 11 columns (in 0.00424 secs)
2025-04-22 00:33:30,525 [DEBUG]  OP: Operation.NAIVE_FACTORIZATION on slice (44, 11) (remaining tasks 7)
2025-04-22 00:33:30,529 [DEBUG]  		naive factorization 11 columns (in 0.00381 secs)
2025-04-22 00:33:30,529 [DEBUG]  OP: Operation.NAIVE_FACTORIZATION on slice (39, 11) (remaining tasks 6)
2025-04-22 00:33:30,534 [DEBUG]  		naive factorization 11 columns (in 0.00447 secs)
2025-04-22 00:33:30,535 [DEBUG]  OP: Operation.NAIVE_FACTORIZATION on slice (46, 11) (remaining tasks 5)
2025-04-22 00:33:30,539 [DEBUG]  		naive factorization 11 columns (in 0.00464 secs)
2025-04-22 00:33:30,540 [DEBUG]  OP: Operation.NAIVE_FACTORIZATION on slice (38, 11) (remaining tasks 4)
2025-04-22 00:33:30,544 [DEBUG]  		naive factorization 11 columns (in 0.00365 secs)
2025-04-22 00:33:30,544 [DEBUG]  OP: Operation.NAIVE_FACTORIZATION on slice (38, 11) (remaining tasks 3)
2025-04-22 00:33:30,549 [DEBUG]  		naive factorization 11 columns (in 0.00445 secs)
2025-04-22 00:33:30,549 [DEBUG]  OP: Operation.NAIVE_FACTORIZATION on slice (61, 11) (remaining tasks 2)
2025-04-22 00:33:30,555 [DEBUG]  		naive factorization 11 columns (in 0.00526 secs)
2025-04-22 00:33:30,555 [DEBUG]  OP: Operation.NAIVE_FACTORIZATION on slice (15, 11) (remaining tasks 1)
2025-04-22 00:33:30,559 [DEBUG]  		naive factorization 11 columns (in 0.00360 secs)
2025-04-22 00:33:30,560 [DEBUG]  OP: Operation.SPLIT_ROWS on slice (88, 11) (remaining tasks 0)
2025-04-22 00:33:30,607 [DEBUG]  		found 2 row clusters (in 0.04741 secs)
2025-04-22 00:33:30,608 [DEBUG]  OP: Operation.NAIVE_FACTORIZATION on slice (40, 11) (remaining tasks 1)
2025-04-22 00:33:30,614 [DEBUG]  		naive factorization 11 columns (in 0.00557 secs)
2025-04-22 00:33:30,614 [DEBUG]  OP: Operation.NAIVE_FACTORIZATION on slice (48, 11) (remaining tasks 0)
2025-04-22 00:33:30,619 [DEBUG]  		naive factorization 11 columns (in 0.00525 secs)
2025-04-22 00:33:31,783 [DEBUG]  Built SPN in 163.73105758699967 sec
2025-04-22 00:33:31,783 [INFO ]  Saving ensemble to /home/dafn/card/deepcard/collected_temp_benchmarks/spn_ensembles/Gas Turbine CO and NOx Emission Data Set/ensemble_single_gt_2013_10000000.pkl
