2025-04-21 23:28:00,601 [INFO ]  Creating naive ensemble.
2025-04-21 23:28:00,601 [INFO ]  Learning SPN for gt_2011.
2025-04-21 23:28:00,601 [DEBUG]  generate_join_sample(single_table=gt_2011, relationship_list=None, split_condition=None)
2025-04-21 23:28:00,629 [DEBUG]  Using min_instance_slice parameter 74.11.
2025-04-21 23:28:00,629 [INFO ]  SPN training phase with 7411 samples
2025-04-21 23:28:00,635 [DEBUG]  Built domains in 0.005792721000034362 sec
2025-04-21 23:28:00,980 [DEBUG]  CACHEDIR=/home/dafn/.cache/matplotlib
2025-04-21 23:28:00,982 [DEBUG]  Using fontManager instance from /home/dafn/.cache/matplotlib/fontlist-v300.json
2025-04-21 23:28:01,075 [DEBUG]  Loaded backend qt5agg version unknown.
2025-04-21 23:28:01,104 [DEBUG]  Loaded backend qt5agg version unknown.
2025-04-21 23:28:01,105 [DEBUG]  Loaded backend qt4agg version unknown.
2025-04-21 23:28:01,112 [DEBUG]  Loaded backend tkagg version unknown.
2025-04-21 23:28:01,112 [DEBUG]  Loaded backend agg version unknown.
2025-04-21 23:28:01,112 [DEBUG]  Loaded backend agg version unknown.
2025-04-21 23:28:01,116 [DEBUG]  OP: Operation.SPLIT_ROWS on slice (7411, 11) (remaining tasks 0)
2025-04-21 23:28:01,204 [DEBUG]  		found 2 row clusters (in 0.08790 secs)
2025-04-21 23:28:01,204 [DEBUG]  OP: Operation.SPLIT_COLUMNS on slice (1694, 11) (remaining tasks 1)
2025-04-21 23:28:06,131 [DEBUG]  		found 3 col clusters (in 4.92714 secs)
2025-04-21 23:28:06,133 [DEBUG]  OP: Operation.SPLIT_COLUMNS on slice (5717, 11) (remaining tasks 3)
2025-04-21 23:28:08,522 [DEBUG]  		found 3 col clusters (in 2.38886 secs)
2025-04-21 23:28:08,523 [DEBUG]  OP: Operation.SPLIT_COLUMNS on slice (1694, 9) (remaining tasks 5)
2025-04-21 23:28:11,778 [DEBUG]  		found 1 col clusters (in 3.25550 secs)
2025-04-21 23:28:11,779 [DEBUG]  OP: Operation.CREATE_LEAF on slice (1694, 1) (remaining tasks 5)
2025-04-21 23:28:11,780 [DEBUG]  		 created leaf IdentityNumericLeaf for scope=[1] (in 0.00064 secs)
2025-04-21 23:28:11,780 [DEBUG]  OP: Operation.CREATE_LEAF on slice (1694, 1) (remaining tasks 4)
2025-04-21 23:28:11,781 [DEBUG]  		 created leaf IdentityNumericLeaf for scope=[3] (in 0.00120 secs)
2025-04-21 23:28:11,782 [DEBUG]  OP: Operation.SPLIT_COLUMNS on slice (5717, 9) (remaining tasks 3)
2025-04-21 23:28:14,321 [DEBUG]  		found 1 col clusters (in 2.53931 secs)
2025-04-21 23:28:14,322 [DEBUG]  OP: Operation.CREATE_LEAF on slice (5717, 1) (remaining tasks 3)
2025-04-21 23:28:14,323 [DEBUG]  		 created leaf IdentityNumericLeaf for scope=[1] (in 0.00089 secs)
2025-04-21 23:28:14,323 [DEBUG]  OP: Operation.CREATE_LEAF on slice (5717, 1) (remaining tasks 2)
2025-04-21 23:28:14,328 [DEBUG]  		 created leaf IdentityNumericLeaf for scope=[9] (in 0.00517 secs)
2025-04-21 23:28:14,329 [DEBUG]  OP: Operation.SPLIT_ROWS on slice (1694, 9) (remaining tasks 1)
2025-04-21 23:28:14,487 [DEBUG]  		found 2 row clusters (in 0.15793 secs)
2025-04-21 23:28:14,487 [DEBUG]  OP: Operation.SPLIT_ROWS on slice (5717, 9) (remaining tasks 2)
2025-04-21 23:28:14,593 [DEBUG]  		found 2 row clusters (in 0.10583 secs)
2025-04-21 23:28:14,594 [DEBUG]  OP: Operation.SPLIT_COLUMNS on slice (1220, 9) (remaining tasks 3)
2025-04-21 23:28:18,085 [DEBUG]  		found 4 col clusters (in 3.49058 secs)
2025-04-21 23:28:18,085 [DEBUG]  OP: Operation.SPLIT_COLUMNS on slice (474, 9) (remaining tasks 6)
2025-04-21 23:28:19,417 [DEBUG]  		found 2 col clusters (in 1.33140 secs)
2025-04-21 23:28:19,418 [DEBUG]  OP: Operation.SPLIT_COLUMNS on slice (3497, 9) (remaining tasks 7)
2025-04-21 23:28:21,226 [DEBUG]  		found 2 col clusters (in 1.80846 secs)
2025-04-21 23:28:21,227 [DEBUG]  OP: Operation.SPLIT_COLUMNS on slice (2220, 9) (remaining tasks 8)
2025-04-21 23:28:24,801 [DEBUG]  		found 3 col clusters (in 3.57369 secs)
2025-04-21 23:28:24,801 [DEBUG]  OP: Operation.SPLIT_COLUMNS on slice (1220, 3) (remaining tasks 10)
2025-04-21 23:28:24,912 [DEBUG]  		found 1 col clusters (in 0.11029 secs)
2025-04-21 23:28:24,912 [DEBUG]  OP: Operation.SPLIT_COLUMNS on slice (1220, 4) (remaining tasks 10)
2025-04-21 23:28:25,155 [DEBUG]  		found 1 col clusters (in 0.24289 secs)
2025-04-21 23:28:25,156 [DEBUG]  OP: Operation.CREATE_LEAF on slice (1220, 1) (remaining tasks 10)
2025-04-21 23:28:25,157 [DEBUG]  		 created leaf IdentityNumericLeaf for scope=[6] (in 0.00049 secs)
2025-04-21 23:28:25,157 [DEBUG]  OP: Operation.CREATE_LEAF on slice (1220, 1) (remaining tasks 9)
2025-04-21 23:28:25,158 [DEBUG]  		 created leaf IdentityNumericLeaf for scope=[9] (in 0.00096 secs)
2025-04-21 23:28:25,158 [DEBUG]  OP: Operation.SPLIT_COLUMNS on slice (474, 8) (remaining tasks 8)
2025-04-21 23:28:26,305 [DEBUG]  		found 1 col clusters (in 1.14613 secs)
2025-04-21 23:28:26,305 [DEBUG]  OP: Operation.CREATE_LEAF on slice (474, 1) (remaining tasks 8)
2025-04-21 23:28:26,306 [DEBUG]  		 created leaf IdentityNumericLeaf for scope=[2] (in 0.00059 secs)
2025-04-21 23:28:26,306 [DEBUG]  OP: Operation.SPLIT_COLUMNS on slice (3497, 8) (remaining tasks 7)
2025-04-21 23:28:27,515 [DEBUG]  		found 1 col clusters (in 1.20835 secs)
2025-04-21 23:28:27,515 [DEBUG]  OP: Operation.CREATE_LEAF on slice (3497, 1) (remaining tasks 7)
2025-04-21 23:28:27,518 [DEBUG]  		 created leaf IdentityNumericLeaf for scope=[3] (in 0.00214 secs)
2025-04-21 23:28:27,518 [DEBUG]  OP: Operation.SPLIT_COLUMNS on slice (2220, 7) (remaining tasks 6)
2025-04-21 23:28:29,108 [DEBUG]  		found 1 col clusters (in 1.58941 secs)
2025-04-21 23:28:29,108 [DEBUG]  OP: Operation.CREATE_LEAF on slice (2220, 1) (remaining tasks 6)
2025-04-21 23:28:29,110 [DEBUG]  		 created leaf IdentityNumericLeaf for scope=[2] (in 0.00156 secs)
2025-04-21 23:28:29,110 [DEBUG]  OP: Operation.CREATE_LEAF on slice (2220, 1) (remaining tasks 5)
2025-04-21 23:28:29,110 [DEBUG]  		 created leaf IdentityNumericLeaf for scope=[5] (in 0.00047 secs)
2025-04-21 23:28:29,111 [DEBUG]  OP: Operation.SPLIT_ROWS on slice (1220, 3) (remaining tasks 4)
2025-04-21 23:28:29,259 [DEBUG]  		found 2 row clusters (in 0.14771 secs)
2025-04-21 23:28:29,259 [DEBUG]  OP: Operation.SPLIT_ROWS on slice (1220, 4) (remaining tasks 5)
2025-04-21 23:28:29,289 [DEBUG]  		found 2 row clusters (in 0.02972 secs)
2025-04-21 23:28:29,289 [DEBUG]  OP: Operation.SPLIT_ROWS on slice (474, 8) (remaining tasks 6)
2025-04-21 23:28:29,313 [DEBUG]  		found 2 row clusters (in 0.02364 secs)
2025-04-21 23:28:29,313 [DEBUG]  OP: Operation.SPLIT_ROWS on slice (3497, 8) (remaining tasks 7)
2025-04-21 23:28:29,361 [DEBUG]  		found 2 row clusters (in 0.04809 secs)
2025-04-21 23:28:29,361 [DEBUG]  OP: Operation.SPLIT_ROWS on slice (2220, 7) (remaining tasks 8)
2025-04-21 23:28:29,388 [DEBUG]  		found 2 row clusters (in 0.02697 secs)
2025-04-21 23:28:29,389 [DEBUG]  OP: Operation.SPLIT_COLUMNS on slice (880, 3) (remaining tasks 9)
2025-04-21 23:28:29,494 [DEBUG]  		found 2 col clusters (in 0.10558 secs)
2025-04-21 23:28:29,495 [DEBUG]  OP: Operation.SPLIT_COLUMNS on slice (340, 3) (remaining tasks 10)
2025-04-21 23:28:29,709 [DEBUG]  		found 2 col clusters (in 0.21414 secs)
2025-04-21 23:28:29,709 [DEBUG]  OP: Operation.SPLIT_COLUMNS on slice (1034, 4) (remaining tasks 11)
2025-04-21 23:28:30,041 [DEBUG]  		found 1 col clusters (in 0.33109 secs)
2025-04-21 23:28:30,041 [DEBUG]  OP: Operation.SPLIT_COLUMNS on slice (186, 4) (remaining tasks 11)
2025-04-21 23:28:30,190 [DEBUG]  		found 1 col clusters (in 0.14858 secs)
2025-04-21 23:28:30,190 [DEBUG]  OP: Operation.SPLIT_COLUMNS on slice (143, 8) (remaining tasks 11)
2025-04-21 23:28:30,397 [DEBUG]  		found 1 col clusters (in 0.20644 secs)
2025-04-21 23:28:30,397 [DEBUG]  OP: Operation.SPLIT_COLUMNS on slice (331, 8) (remaining tasks 11)
2025-04-21 23:28:31,408 [DEBUG]  		found 2 col clusters (in 1.01063 secs)
2025-04-21 23:28:31,409 [DEBUG]  OP: Operation.SPLIT_COLUMNS on slice (2354, 8) (remaining tasks 12)
2025-04-21 23:28:33,915 [DEBUG]  		found 2 col clusters (in 2.50595 secs)
2025-04-21 23:28:33,916 [DEBUG]  OP: Operation.SPLIT_COLUMNS on slice (1143, 8) (remaining tasks 13)
2025-04-21 23:28:36,264 [DEBUG]  		found 2 col clusters (in 2.34787 secs)
2025-04-21 23:28:36,264 [DEBUG]  OP: Operation.SPLIT_COLUMNS on slice (1424, 7) (remaining tasks 14)
2025-04-21 23:28:37,431 [DEBUG]  		found 3 col clusters (in 1.16614 secs)
2025-04-21 23:28:37,431 [DEBUG]  OP: Operation.SPLIT_COLUMNS on slice (796, 7) (remaining tasks 16)
2025-04-21 23:28:38,286 [DEBUG]  		found 3 col clusters (in 0.85407 secs)
2025-04-21 23:28:38,286 [DEBUG]  OP: Operation.SPLIT_COLUMNS on slice (880, 2) (remaining tasks 18)
2025-04-21 23:28:38,502 [DEBUG]  		found 1 col clusters (in 0.21521 secs)
2025-04-21 23:28:38,502 [DEBUG]  OP: Operation.CREATE_LEAF on slice (880, 1) (remaining tasks 18)
2025-04-21 23:28:38,503 [DEBUG]  		 created leaf IdentityNumericLeaf for scope=[2] (in 0.00125 secs)
2025-04-21 23:28:38,504 [DEBUG]  OP: Operation.SPLIT_COLUMNS on slice (340, 2) (remaining tasks 17)
2025-04-21 23:28:38,612 [DEBUG]  		found 1 col clusters (in 0.10759 secs)
2025-04-21 23:28:38,612 [DEBUG]  OP: Operation.CREATE_LEAF on slice (340, 1) (remaining tasks 17)
2025-04-21 23:28:38,612 [DEBUG]  		 created leaf IdentityNumericLeaf for scope=[2] (in 0.00046 secs)
2025-04-21 23:28:38,613 [DEBUG]  OP: Operation.SPLIT_ROWS on slice (1034, 4) (remaining tasks 16)
2025-04-21 23:28:38,656 [DEBUG]  		found 2 row clusters (in 0.04367 secs)
2025-04-21 23:28:38,657 [DEBUG]  OP: Operation.SPLIT_ROWS on slice (186, 4) (remaining tasks 17)
2025-04-21 23:28:38,681 [DEBUG]  		found 2 row clusters (in 0.02437 secs)
2025-04-21 23:28:38,681 [DEBUG]  OP: Operation.SPLIT_ROWS on slice (143, 8) (remaining tasks 18)
2025-04-21 23:28:38,702 [DEBUG]  		found 2 row clusters (in 0.02041 secs)
2025-04-21 23:28:38,702 [DEBUG]  OP: Operation.SPLIT_COLUMNS on slice (331, 7) (remaining tasks 19)
2025-04-21 23:28:39,289 [DEBUG]  		found 1 col clusters (in 0.58649 secs)
2025-04-21 23:28:39,289 [DEBUG]  OP: Operation.CREATE_LEAF on slice (331, 1) (remaining tasks 19)
2025-04-21 23:28:39,290 [DEBUG]  		 created leaf IdentityNumericLeaf for scope=[10] (in 0.00047 secs)
2025-04-21 23:28:39,290 [DEBUG]  OP: Operation.SPLIT_COLUMNS on slice (2354, 7) (remaining tasks 18)
2025-04-21 23:28:40,896 [DEBUG]  		found 1 col clusters (in 1.60627 secs)
2025-04-21 23:28:40,897 [DEBUG]  OP: Operation.CREATE_LEAF on slice (2354, 1) (remaining tasks 18)
2025-04-21 23:28:40,899 [DEBUG]  		 created leaf IdentityNumericLeaf for scope=[2] (in 0.00162 secs)
2025-04-21 23:28:40,899 [DEBUG]  OP: Operation.SPLIT_COLUMNS on slice (1143, 7) (remaining tasks 17)
2025-04-21 23:28:42,095 [DEBUG]  		found 1 col clusters (in 1.19548 secs)
2025-04-21 23:28:42,095 [DEBUG]  OP: Operation.CREATE_LEAF on slice (1143, 1) (remaining tasks 17)
2025-04-21 23:28:42,096 [DEBUG]  		 created leaf IdentityNumericLeaf for scope=[2] (in 0.00098 secs)
2025-04-21 23:28:42,097 [DEBUG]  OP: Operation.SPLIT_COLUMNS on slice (1424, 5) (remaining tasks 16)
2025-04-21 23:28:42,594 [DEBUG]  		found 1 col clusters (in 0.49743 secs)
2025-04-21 23:28:42,595 [DEBUG]  OP: Operation.CREATE_LEAF on slice (1424, 1) (remaining tasks 16)
2025-04-21 23:28:42,596 [DEBUG]  		 created leaf IdentityNumericLeaf for scope=[3] (in 0.00111 secs)
2025-04-21 23:28:42,596 [DEBUG]  OP: Operation.CREATE_LEAF on slice (1424, 1) (remaining tasks 15)
2025-04-21 23:28:42,597 [DEBUG]  		 created leaf IdentityNumericLeaf for scope=[10] (in 0.00111 secs)
2025-04-21 23:28:42,597 [DEBUG]  OP: Operation.SPLIT_COLUMNS on slice (796, 5) (remaining tasks 14)
2025-04-21 23:28:43,111 [DEBUG]  		found 1 col clusters (in 0.51319 secs)
2025-04-21 23:28:43,111 [DEBUG]  OP: Operation.CREATE_LEAF on slice (796, 1) (remaining tasks 14)
2025-04-21 23:28:43,112 [DEBUG]  		 created leaf IdentityNumericLeaf for scope=[3] (in 0.00072 secs)
2025-04-21 23:28:43,112 [DEBUG]  OP: Operation.CREATE_LEAF on slice (796, 1) (remaining tasks 13)
2025-04-21 23:28:43,113 [DEBUG]  		 created leaf IdentityNumericLeaf for scope=[10] (in 0.00074 secs)
2025-04-21 23:28:43,113 [DEBUG]  OP: Operation.SPLIT_ROWS on slice (880, 2) (remaining tasks 12)
2025-04-21 23:28:43,213 [DEBUG]  		found 2 row clusters (in 0.10008 secs)
2025-04-21 23:28:43,213 [DEBUG]  OP: Operation.SPLIT_ROWS on slice (340, 2) (remaining tasks 13)
2025-04-21 23:28:43,287 [DEBUG]  		found 2 row clusters (in 0.07376 secs)
2025-04-21 23:28:43,288 [DEBUG]  OP: Operation.NAIVE_FACTORIZATION on slice (66, 4) (remaining tasks 14)
2025-04-21 23:28:43,296 [DEBUG]  		naive factorization 4 columns (in 0.00869 secs)
2025-04-21 23:28:43,297 [DEBUG]  OP: Operation.SPLIT_COLUMNS on slice (968, 4) (remaining tasks 13)
2025-04-21 23:28:43,504 [DEBUG]  		found 1 col clusters (in 0.20653 secs)
2025-04-21 23:28:43,504 [DEBUG]  OP: Operation.SPLIT_COLUMNS on slice (94, 4) (remaining tasks 13)
2025-04-21 23:28:43,678 [DEBUG]  		found 2 col clusters (in 0.17383 secs)
2025-04-21 23:28:43,678 [DEBUG]  OP: Operation.SPLIT_COLUMNS on slice (92, 4) (remaining tasks 14)
2025-04-21 23:28:43,789 [DEBUG]  		found 2 col clusters (in 0.11095 secs)
2025-04-21 23:28:43,790 [DEBUG]  OP: Operation.SPLIT_COLUMNS on slice (89, 8) (remaining tasks 15)
2025-04-21 23:28:43,902 [DEBUG]  		found 2 col clusters (in 0.11227 secs)
2025-04-21 23:28:43,903 [DEBUG]  OP: Operation.NAIVE_FACTORIZATION on slice (54, 8) (remaining tasks 16)
2025-04-21 23:28:43,908 [DEBUG]  		naive factorization 8 columns (in 0.00516 secs)
2025-04-21 23:28:43,909 [DEBUG]  OP: Operation.SPLIT_ROWS on slice (331, 7) (remaining tasks 15)
2025-04-21 23:28:43,935 [DEBUG]  		found 2 row clusters (in 0.02614 secs)
2025-04-21 23:28:43,935 [DEBUG]  OP: Operation.SPLIT_ROWS on slice (2354, 7) (remaining tasks 16)
2025-04-21 23:28:43,988 [DEBUG]  		found 2 row clusters (in 0.05250 secs)
2025-04-21 23:28:43,988 [DEBUG]  OP: Operation.SPLIT_ROWS on slice (1143, 7) (remaining tasks 17)
2025-04-21 23:28:44,027 [DEBUG]  		found 2 row clusters (in 0.03856 secs)
2025-04-21 23:28:44,027 [DEBUG]  OP: Operation.SPLIT_ROWS on slice (1424, 5) (remaining tasks 18)
2025-04-21 23:28:44,061 [DEBUG]  		found 2 row clusters (in 0.03378 secs)
2025-04-21 23:28:44,061 [DEBUG]  OP: Operation.SPLIT_ROWS on slice (796, 5) (remaining tasks 19)
2025-04-21 23:28:44,082 [DEBUG]  		found 2 row clusters (in 0.02045 secs)
2025-04-21 23:28:44,082 [DEBUG]  OP: Operation.SPLIT_COLUMNS on slice (612, 2) (remaining tasks 20)
2025-04-21 23:28:44,189 [DEBUG]  		found 1 col clusters (in 0.10735 secs)
2025-04-21 23:28:44,189 [DEBUG]  OP: Operation.SPLIT_COLUMNS on slice (268, 2) (remaining tasks 20)
2025-04-21 23:28:44,295 [DEBUG]  		found 1 col clusters (in 0.10574 secs)
2025-04-21 23:28:44,296 [DEBUG]  OP: Operation.SPLIT_COLUMNS on slice (250, 2) (remaining tasks 20)
2025-04-21 23:28:44,401 [DEBUG]  		found 2 col clusters (in 0.10517 secs)
2025-04-21 23:28:44,401 [DEBUG]  OP: Operation.SPLIT_COLUMNS on slice (90, 2) (remaining tasks 21)
2025-04-21 23:28:44,507 [DEBUG]  		found 1 col clusters (in 0.10530 secs)
2025-04-21 23:28:44,507 [DEBUG]  OP: Operation.SPLIT_ROWS on slice (968, 4) (remaining tasks 21)
2025-04-21 23:28:44,576 [DEBUG]  		found 2 row clusters (in 0.06890 secs)
2025-04-21 23:28:44,577 [DEBUG]  OP: Operation.SPLIT_COLUMNS on slice (94, 3) (remaining tasks 22)
2025-04-21 23:28:44,684 [DEBUG]  		found 1 col clusters (in 0.10744 secs)
2025-04-21 23:28:44,684 [DEBUG]  OP: Operation.CREATE_LEAF on slice (94, 1) (remaining tasks 22)
2025-04-21 23:28:44,685 [DEBUG]  		 created leaf IdentityNumericLeaf for scope=[7] (in 0.00054 secs)
2025-04-21 23:28:44,685 [DEBUG]  OP: Operation.SPLIT_COLUMNS on slice (92, 3) (remaining tasks 21)
2025-04-21 23:28:44,796 [DEBUG]  		found 1 col clusters (in 0.11071 secs)
2025-04-21 23:28:44,796 [DEBUG]  OP: Operation.CREATE_LEAF on slice (92, 1) (remaining tasks 21)
2025-04-21 23:28:44,797 [DEBUG]  		 created leaf IdentityNumericLeaf for scope=[7] (in 0.00053 secs)
2025-04-21 23:28:44,798 [DEBUG]  OP: Operation.SPLIT_COLUMNS on slice (89, 4) (remaining tasks 20)
2025-04-21 23:28:44,908 [DEBUG]  		found 1 col clusters (in 0.11068 secs)
2025-04-21 23:28:44,909 [DEBUG]  OP: Operation.SPLIT_COLUMNS on slice (89, 4) (remaining tasks 20)
2025-04-21 23:28:45,020 [DEBUG]  		found 1 col clusters (in 0.11050 secs)
2025-04-21 23:28:45,020 [DEBUG]  OP: Operation.SPLIT_COLUMNS on slice (231, 7) (remaining tasks 20)
2025-04-21 23:28:45,555 [DEBUG]  		found 1 col clusters (in 0.53509 secs)
2025-04-21 23:28:45,556 [DEBUG]  OP: Operation.SPLIT_COLUMNS on slice (100, 7) (remaining tasks 20)
2025-04-21 23:28:45,791 [DEBUG]  		found 3 col clusters (in 0.23569 secs)
2025-04-21 23:28:45,792 [DEBUG]  OP: Operation.SPLIT_COLUMNS on slice (1543, 7) (remaining tasks 22)
2025-04-21 23:28:47,256 [DEBUG]  		found 2 col clusters (in 1.46367 secs)
2025-04-21 23:28:47,257 [DEBUG]  OP: Operation.SPLIT_COLUMNS on slice (811, 7) (remaining tasks 23)
2025-04-21 23:28:47,896 [DEBUG]  		found 1 col clusters (in 0.63888 secs)
2025-04-21 23:28:47,896 [DEBUG]  OP: Operation.SPLIT_COLUMNS on slice (938, 7) (remaining tasks 23)
2025-04-21 23:28:48,859 [DEBUG]  		found 3 col clusters (in 0.96215 secs)
2025-04-21 23:28:48,859 [DEBUG]  OP: Operation.SPLIT_COLUMNS on slice (205, 7) (remaining tasks 25)
2025-04-21 23:28:49,480 [DEBUG]  		found 2 col clusters (in 0.62060 secs)
2025-04-21 23:28:49,480 [DEBUG]  OP: Operation.SPLIT_COLUMNS on slice (659, 5) (remaining tasks 26)
2025-04-21 23:28:49,800 [DEBUG]  		found 1 col clusters (in 0.31905 secs)
2025-04-21 23:28:49,800 [DEBUG]  OP: Operation.SPLIT_COLUMNS on slice (765, 5) (remaining tasks 26)
2025-04-21 23:28:50,249 [DEBUG]  		found 2 col clusters (in 0.44885 secs)
2025-04-21 23:28:50,250 [DEBUG]  OP: Operation.SPLIT_COLUMNS on slice (377, 5) (remaining tasks 27)
2025-04-21 23:28:50,563 [DEBUG]  		found 2 col clusters (in 0.31302 secs)
2025-04-21 23:28:50,563 [DEBUG]  OP: Operation.SPLIT_COLUMNS on slice (419, 5) (remaining tasks 28)
2025-04-21 23:28:50,775 [DEBUG]  		found 2 col clusters (in 0.21141 secs)
2025-04-21 23:28:50,776 [DEBUG]  OP: Operation.SPLIT_ROWS on slice (612, 2) (remaining tasks 29)
2025-04-21 23:28:50,859 [DEBUG]  		found 2 row clusters (in 0.08314 secs)
2025-04-21 23:28:50,859 [DEBUG]  OP: Operation.SPLIT_ROWS on slice (268, 2) (remaining tasks 30)
2025-04-21 23:28:50,937 [DEBUG]  		found 2 row clusters (in 0.07806 secs)
2025-04-21 23:28:50,938 [DEBUG]  OP: Operation.CREATE_LEAF on slice (250, 1) (remaining tasks 31)
2025-04-21 23:28:50,938 [DEBUG]  		 created leaf IdentityNumericLeaf for scope=[0] (in 0.00044 secs)
2025-04-21 23:28:50,939 [DEBUG]  OP: Operation.CREATE_LEAF on slice (250, 1) (remaining tasks 30)
2025-04-21 23:28:50,939 [DEBUG]  		 created leaf IdentityNumericLeaf for scope=[10] (in 0.00041 secs)
2025-04-21 23:28:50,940 [DEBUG]  OP: Operation.SPLIT_ROWS on slice (90, 2) (remaining tasks 29)
2025-04-21 23:28:50,973 [DEBUG]  		found 2 row clusters (in 0.03296 secs)
2025-04-21 23:28:50,973 [DEBUG]  OP: Operation.SPLIT_COLUMNS on slice (552, 4) (remaining tasks 30)
2025-04-21 23:28:51,180 [DEBUG]  		found 3 col clusters (in 0.20725 secs)
2025-04-21 23:28:51,181 [DEBUG]  OP: Operation.SPLIT_COLUMNS on slice (416, 4) (remaining tasks 32)
2025-04-21 23:28:51,385 [DEBUG]  		found 2 col clusters (in 0.20401 secs)
2025-04-21 23:28:51,385 [DEBUG]  OP: Operation.SPLIT_ROWS on slice (94, 3) (remaining tasks 33)
2025-04-21 23:28:51,443 [DEBUG]  		found 2 row clusters (in 0.05703 secs)
2025-04-21 23:28:51,443 [DEBUG]  OP: Operation.SPLIT_ROWS on slice (92, 3) (remaining tasks 34)
2025-04-21 23:28:51,480 [DEBUG]  		found 2 row clusters (in 0.03695 secs)
2025-04-21 23:28:51,480 [DEBUG]  OP: Operation.SPLIT_ROWS on slice (89, 4) (remaining tasks 35)
2025-04-21 23:28:51,498 [DEBUG]  		found 2 row clusters (in 0.01750 secs)
2025-04-21 23:28:51,498 [DEBUG]  OP: Operation.SPLIT_ROWS on slice (89, 4) (remaining tasks 36)
2025-04-21 23:28:51,515 [DEBUG]  		found 2 row clusters (in 0.01693 secs)
2025-04-21 23:28:51,516 [DEBUG]  OP: Operation.SPLIT_ROWS on slice (231, 7) (remaining tasks 37)
2025-04-21 23:28:51,546 [DEBUG]  		found 2 row clusters (in 0.03048 secs)
2025-04-21 23:28:51,546 [DEBUG]  OP: Operation.CREATE_LEAF on slice (100, 1) (remaining tasks 38)
2025-04-21 23:28:51,547 [DEBUG]  		 created leaf IdentityNumericLeaf for scope=[0] (in 0.00024 secs)
2025-04-21 23:28:51,547 [DEBUG]  OP: Operation.SPLIT_COLUMNS on slice (100, 4) (remaining tasks 37)
2025-04-21 23:28:51,651 [DEBUG]  		found 1 col clusters (in 0.10394 secs)
2025-04-21 23:28:51,651 [DEBUG]  OP: Operation.SPLIT_COLUMNS on slice (100, 2) (remaining tasks 37)
2025-04-21 23:28:51,761 [DEBUG]  		found 1 col clusters (in 0.10953 secs)
2025-04-21 23:28:51,761 [DEBUG]  OP: Operation.SPLIT_COLUMNS on slice (1543, 2) (remaining tasks 37)
2025-04-21 23:28:51,873 [DEBUG]  		found 1 col clusters (in 0.11132 secs)
2025-04-21 23:28:51,873 [DEBUG]  OP: Operation.SPLIT_COLUMNS on slice (1543, 5) (remaining tasks 37)
2025-04-21 23:28:52,353 [DEBUG]  		found 1 col clusters (in 0.47978 secs)
2025-04-21 23:28:52,354 [DEBUG]  OP: Operation.SPLIT_ROWS on slice (811, 7) (remaining tasks 37)
2025-04-21 23:28:52,488 [DEBUG]  		found 2 row clusters (in 0.13437 secs)
2025-04-21 23:28:52,489 [DEBUG]  OP: Operation.CREATE_LEAF on slice (938, 1) (remaining tasks 38)
2025-04-21 23:28:52,490 [DEBUG]  		 created leaf IdentityNumericLeaf for scope=[0] (in 0.00084 secs)
2025-04-21 23:28:52,490 [DEBUG]  OP: Operation.SPLIT_COLUMNS on slice (938, 5) (remaining tasks 37)
2025-04-21 23:28:52,737 [DEBUG]  		found 1 col clusters (in 0.24676 secs)
2025-04-21 23:28:52,737 [DEBUG]  OP: Operation.CREATE_LEAF on slice (938, 1) (remaining tasks 37)
2025-04-21 23:28:52,738 [DEBUG]  		 created leaf IdentityNumericLeaf for scope=[10] (in 0.00085 secs)
2025-04-21 23:28:52,738 [DEBUG]  OP: Operation.SPLIT_COLUMNS on slice (205, 6) (remaining tasks 36)
2025-04-21 23:28:53,154 [DEBUG]  		found 1 col clusters (in 0.41573 secs)
2025-04-21 23:28:53,154 [DEBUG]  OP: Operation.CREATE_LEAF on slice (205, 1) (remaining tasks 36)
2025-04-21 23:28:53,155 [DEBUG]  		 created leaf IdentityNumericLeaf for scope=[10] (in 0.00041 secs)
2025-04-21 23:28:53,155 [DEBUG]  OP: Operation.SPLIT_ROWS on slice (659, 5) (remaining tasks 35)
2025-04-21 23:28:53,306 [DEBUG]  		found 2 row clusters (in 0.15072 secs)
2025-04-21 23:28:53,307 [DEBUG]  OP: Operation.CREATE_LEAF on slice (765, 1) (remaining tasks 36)
2025-04-21 23:28:53,307 [DEBUG]  		 created leaf IdentityNumericLeaf for scope=[0] (in 0.00072 secs)
2025-04-21 23:28:53,308 [DEBUG]  OP: Operation.SPLIT_COLUMNS on slice (765, 4) (remaining tasks 35)
2025-04-21 23:28:53,514 [DEBUG]  		found 1 col clusters (in 0.20613 secs)
2025-04-21 23:28:53,514 [DEBUG]  OP: Operation.CREATE_LEAF on slice (377, 1) (remaining tasks 35)
2025-04-21 23:28:53,515 [DEBUG]  		 created leaf IdentityNumericLeaf for scope=[0] (in 0.00049 secs)
2025-04-21 23:28:53,515 [DEBUG]  OP: Operation.SPLIT_COLUMNS on slice (377, 4) (remaining tasks 34)
2025-04-21 23:28:53,721 [DEBUG]  		found 1 col clusters (in 0.20523 secs)
2025-04-21 23:28:53,721 [DEBUG]  OP: Operation.CREATE_LEAF on slice (419, 1) (remaining tasks 34)
2025-04-21 23:28:53,722 [DEBUG]  		 created leaf IdentityNumericLeaf for scope=[0] (in 0.00053 secs)
2025-04-21 23:28:53,722 [DEBUG]  OP: Operation.SPLIT_COLUMNS on slice (419, 4) (remaining tasks 33)
2025-04-21 23:28:53,979 [DEBUG]  		found 1 col clusters (in 0.25656 secs)
2025-04-21 23:28:53,979 [DEBUG]  OP: Operation.SPLIT_COLUMNS on slice (285, 2) (remaining tasks 33)
2025-04-21 23:28:54,222 [DEBUG]  		found 2 col clusters (in 0.24272 secs)
2025-04-21 23:28:54,223 [DEBUG]  OP: Operation.SPLIT_COLUMNS on slice (327, 2) (remaining tasks 34)
2025-04-21 23:28:54,332 [DEBUG]  		found 2 col clusters (in 0.10926 secs)
2025-04-21 23:28:54,333 [DEBUG]  OP: Operation.SPLIT_COLUMNS on slice (178, 2) (remaining tasks 35)
2025-04-21 23:28:54,441 [DEBUG]  		found 2 col clusters (in 0.10793 secs)
2025-04-21 23:28:54,441 [DEBUG]  OP: Operation.SPLIT_COLUMNS on slice (90, 2) (remaining tasks 36)
2025-04-21 23:28:54,546 [DEBUG]  		found 2 col clusters (in 0.10487 secs)
2025-04-21 23:28:54,547 [DEBUG]  OP: Operation.NAIVE_FACTORIZATION on slice (50, 2) (remaining tasks 37)
2025-04-21 23:28:54,551 [DEBUG]  		naive factorization 2 columns (in 0.00438 secs)
2025-04-21 23:28:54,551 [DEBUG]  OP: Operation.NAIVE_FACTORIZATION on slice (40, 2) (remaining tasks 36)
2025-04-21 23:28:54,555 [DEBUG]  		naive factorization 2 columns (in 0.00392 secs)
2025-04-21 23:28:54,556 [DEBUG]  OP: Operation.SPLIT_COLUMNS on slice (552, 2) (remaining tasks 35)
2025-04-21 23:28:54,664 [DEBUG]  		found 1 col clusters (in 0.10814 secs)
2025-04-21 23:28:54,664 [DEBUG]  OP: Operation.CREATE_LEAF on slice (552, 1) (remaining tasks 35)
2025-04-21 23:28:54,665 [DEBUG]  		 created leaf IdentityNumericLeaf for scope=[7] (in 0.00069 secs)
2025-04-21 23:28:54,665 [DEBUG]  OP: Operation.CREATE_LEAF on slice (552, 1) (remaining tasks 34)
2025-04-21 23:28:54,666 [DEBUG]  		 created leaf IdentityNumericLeaf for scope=[8] (in 0.00074 secs)
2025-04-21 23:28:54,667 [DEBUG]  OP: Operation.SPLIT_COLUMNS on slice (416, 3) (remaining tasks 33)
2025-04-21 23:28:54,773 [DEBUG]  		found 1 col clusters (in 0.10652 secs)
2025-04-21 23:28:54,774 [DEBUG]  OP: Operation.CREATE_LEAF on slice (416, 1) (remaining tasks 33)
2025-04-21 23:28:54,774 [DEBUG]  		 created leaf IdentityNumericLeaf for scope=[7] (in 0.00041 secs)
2025-04-21 23:28:54,775 [DEBUG]  OP: Operation.NAIVE_FACTORIZATION on slice (40, 3) (remaining tasks 32)
2025-04-21 23:28:54,778 [DEBUG]  		naive factorization 3 columns (in 0.00322 secs)
2025-04-21 23:28:54,778 [DEBUG]  OP: Operation.NAIVE_FACTORIZATION on slice (54, 3) (remaining tasks 31)
2025-04-21 23:28:54,782 [DEBUG]  		naive factorization 3 columns (in 0.00327 secs)
2025-04-21 23:28:54,782 [DEBUG]  OP: Operation.NAIVE_FACTORIZATION on slice (51, 3) (remaining tasks 30)
2025-04-21 23:28:54,786 [DEBUG]  		naive factorization 3 columns (in 0.00330 secs)
2025-04-21 23:28:54,786 [DEBUG]  OP: Operation.NAIVE_FACTORIZATION on slice (41, 3) (remaining tasks 29)
2025-04-21 23:28:54,791 [DEBUG]  		naive factorization 3 columns (in 0.00527 secs)
2025-04-21 23:28:54,792 [DEBUG]  OP: Operation.NAIVE_FACTORIZATION on slice (25, 4) (remaining tasks 28)
2025-04-21 23:28:54,795 [DEBUG]  		naive factorization 4 columns (in 0.00315 secs)
2025-04-21 23:28:54,795 [DEBUG]  OP: Operation.NAIVE_FACTORIZATION on slice (64, 4) (remaining tasks 27)
2025-04-21 23:28:54,799 [DEBUG]  		naive factorization 4 columns (in 0.00355 secs)
2025-04-21 23:28:54,800 [DEBUG]  OP: Operation.NAIVE_FACTORIZATION on slice (58, 4) (remaining tasks 26)
2025-04-21 23:28:54,804 [DEBUG]  		naive factorization 4 columns (in 0.00389 secs)
2025-04-21 23:28:54,804 [DEBUG]  OP: Operation.NAIVE_FACTORIZATION on slice (31, 4) (remaining tasks 25)
2025-04-21 23:28:54,807 [DEBUG]  		naive factorization 4 columns (in 0.00292 secs)
2025-04-21 23:28:54,808 [DEBUG]  OP: Operation.SPLIT_COLUMNS on slice (199, 7) (remaining tasks 24)
2025-04-21 23:28:55,484 [DEBUG]  		found 3 col clusters (in 0.67600 secs)
2025-04-21 23:28:55,484 [DEBUG]  OP: Operation.NAIVE_FACTORIZATION on slice (32, 7) (remaining tasks 26)
2025-04-21 23:28:55,488 [DEBUG]  		naive factorization 7 columns (in 0.00334 secs)
2025-04-21 23:28:55,488 [DEBUG]  OP: Operation.SPLIT_ROWS on slice (100, 4) (remaining tasks 25)
2025-04-21 23:28:55,546 [DEBUG]  		found 2 row clusters (in 0.05751 secs)
2025-04-21 23:28:55,546 [DEBUG]  OP: Operation.SPLIT_ROWS on slice (100, 2) (remaining tasks 26)
2025-04-21 23:28:55,571 [DEBUG]  		found 2 row clusters (in 0.02534 secs)
2025-04-21 23:28:55,572 [DEBUG]  OP: Operation.SPLIT_ROWS on slice (1543, 2) (remaining tasks 27)
2025-04-21 23:28:55,603 [DEBUG]  		found 2 row clusters (in 0.03133 secs)
2025-04-21 23:28:55,603 [DEBUG]  OP: Operation.SPLIT_ROWS on slice (1543, 5) (remaining tasks 28)
2025-04-21 23:28:55,642 [DEBUG]  		found 2 row clusters (in 0.03837 secs)
2025-04-21 23:28:55,642 [DEBUG]  OP: Operation.SPLIT_COLUMNS on slice (448, 7) (remaining tasks 29)
2025-04-21 23:28:56,328 [DEBUG]  		found 4 col clusters (in 0.68582 secs)
2025-04-21 23:28:56,329 [DEBUG]  OP: Operation.SPLIT_COLUMNS on slice (363, 7) (remaining tasks 32)
2025-04-21 23:28:57,193 [DEBUG]  		found 1 col clusters (in 0.86372 secs)
2025-04-21 23:28:57,193 [DEBUG]  OP: Operation.SPLIT_ROWS on slice (938, 5) (remaining tasks 32)
2025-04-21 23:28:57,353 [DEBUG]  		found 2 row clusters (in 0.15967 secs)
2025-04-21 23:28:57,353 [DEBUG]  OP: Operation.SPLIT_ROWS on slice (205, 6) (remaining tasks 33)
2025-04-21 23:28:57,377 [DEBUG]  		found 2 row clusters (in 0.02400 secs)
2025-04-21 23:28:57,378 [DEBUG]  OP: Operation.SPLIT_COLUMNS on slice (414, 5) (remaining tasks 34)
2025-04-21 23:28:57,594 [DEBUG]  		found 3 col clusters (in 0.21580 secs)
2025-04-21 23:28:57,594 [DEBUG]  OP: Operation.SPLIT_COLUMNS on slice (245, 5) (remaining tasks 36)
2025-04-21 23:28:57,987 [DEBUG]  		found 1 col clusters (in 0.39315 secs)
2025-04-21 23:28:57,988 [DEBUG]  OP: Operation.SPLIT_ROWS on slice (765, 4) (remaining tasks 36)
2025-04-21 23:28:58,121 [DEBUG]  		found 2 row clusters (in 0.13350 secs)
2025-04-21 23:28:58,122 [DEBUG]  OP: Operation.SPLIT_ROWS on slice (377, 4) (remaining tasks 37)
2025-04-21 23:28:58,176 [DEBUG]  		found 2 row clusters (in 0.05458 secs)
2025-04-21 23:28:58,176 [DEBUG]  OP: Operation.SPLIT_ROWS on slice (419, 4) (remaining tasks 38)
2025-04-21 23:28:58,197 [DEBUG]  		found 2 row clusters (in 0.02037 secs)
2025-04-21 23:28:58,197 [DEBUG]  OP: Operation.CREATE_LEAF on slice (285, 1) (remaining tasks 39)
2025-04-21 23:28:58,197 [DEBUG]  		 created leaf IdentityNumericLeaf for scope=[0] (in 0.00028 secs)
2025-04-21 23:28:58,197 [DEBUG]  OP: Operation.CREATE_LEAF on slice (285, 1) (remaining tasks 38)
2025-04-21 23:28:58,198 [DEBUG]  		 created leaf IdentityNumericLeaf for scope=[10] (in 0.00028 secs)
2025-04-21 23:28:58,198 [DEBUG]  OP: Operation.CREATE_LEAF on slice (327, 1) (remaining tasks 37)
2025-04-21 23:28:58,198 [DEBUG]  		 created leaf IdentityNumericLeaf for scope=[0] (in 0.00027 secs)
2025-04-21 23:28:58,198 [DEBUG]  OP: Operation.CREATE_LEAF on slice (327, 1) (remaining tasks 36)
2025-04-21 23:28:58,199 [DEBUG]  		 created leaf IdentityNumericLeaf for scope=[10] (in 0.00029 secs)
2025-04-21 23:28:58,199 [DEBUG]  OP: Operation.CREATE_LEAF on slice (178, 1) (remaining tasks 35)
2025-04-21 23:28:58,199 [DEBUG]  		 created leaf IdentityNumericLeaf for scope=[0] (in 0.00022 secs)
2025-04-21 23:28:58,199 [DEBUG]  OP: Operation.CREATE_LEAF on slice (178, 1) (remaining tasks 34)
2025-04-21 23:28:58,199 [DEBUG]  		 created leaf IdentityNumericLeaf for scope=[10] (in 0.00022 secs)
2025-04-21 23:28:58,199 [DEBUG]  OP: Operation.CREATE_LEAF on slice (90, 1) (remaining tasks 33)
2025-04-21 23:28:58,200 [DEBUG]  		 created leaf IdentityNumericLeaf for scope=[0] (in 0.00019 secs)
2025-04-21 23:28:58,200 [DEBUG]  OP: Operation.CREATE_LEAF on slice (90, 1) (remaining tasks 32)
2025-04-21 23:28:58,200 [DEBUG]  		 created leaf IdentityNumericLeaf for scope=[10] (in 0.00018 secs)
2025-04-21 23:28:58,200 [DEBUG]  OP: Operation.SPLIT_ROWS on slice (552, 2) (remaining tasks 31)
2025-04-21 23:28:58,223 [DEBUG]  		found 2 row clusters (in 0.02325 secs)
2025-04-21 23:28:58,224 [DEBUG]  OP: Operation.SPLIT_ROWS on slice (416, 3) (remaining tasks 32)
2025-04-21 23:28:58,246 [DEBUG]  		found 2 row clusters (in 0.02214 secs)
2025-04-21 23:28:58,246 [DEBUG]  OP: Operation.CREATE_LEAF on slice (199, 1) (remaining tasks 33)
2025-04-21 23:28:58,246 [DEBUG]  		 created leaf IdentityNumericLeaf for scope=[0] (in 0.00024 secs)
2025-04-21 23:28:58,246 [DEBUG]  OP: Operation.SPLIT_COLUMNS on slice (199, 3) (remaining tasks 32)
2025-04-21 23:28:58,353 [DEBUG]  		found 1 col clusters (in 0.10606 secs)
2025-04-21 23:28:58,353 [DEBUG]  OP: Operation.SPLIT_COLUMNS on slice (199, 3) (remaining tasks 32)
2025-04-21 23:28:58,558 [DEBUG]  		found 1 col clusters (in 0.20538 secs)
2025-04-21 23:28:58,559 [DEBUG]  OP: Operation.NAIVE_FACTORIZATION on slice (45, 4) (remaining tasks 32)
2025-04-21 23:28:58,560 [DEBUG]  		naive factorization 4 columns (in 0.00156 secs)
2025-04-21 23:28:58,561 [DEBUG]  OP: Operation.NAIVE_FACTORIZATION on slice (55, 4) (remaining tasks 31)
2025-04-21 23:28:58,564 [DEBUG]  		naive factorization 4 columns (in 0.00290 secs)
2025-04-21 23:28:58,564 [DEBUG]  OP: Operation.SPLIT_COLUMNS on slice (91, 2) (remaining tasks 30)
2025-04-21 23:28:58,765 [DEBUG]  		found 2 col clusters (in 0.20092 secs)
2025-04-21 23:28:58,765 [DEBUG]  OP: Operation.NAIVE_FACTORIZATION on slice (9, 2) (remaining tasks 31)
2025-04-21 23:28:58,767 [DEBUG]  		naive factorization 2 columns (in 0.00165 secs)
2025-04-21 23:28:58,768 [DEBUG]  OP: Operation.SPLIT_COLUMNS on slice (861, 2) (remaining tasks 30)
2025-04-21 23:28:58,879 [DEBUG]  		found 2 col clusters (in 0.11102 secs)
2025-04-21 23:28:58,879 [DEBUG]  OP: Operation.SPLIT_COLUMNS on slice (682, 2) (remaining tasks 31)
2025-04-21 23:28:58,988 [DEBUG]  		found 2 col clusters (in 0.10794 secs)
2025-04-21 23:28:58,988 [DEBUG]  OP: Operation.SPLIT_COLUMNS on slice (1475, 5) (remaining tasks 32)
2025-04-21 23:28:59,399 [DEBUG]  		found 2 col clusters (in 0.41068 secs)
2025-04-21 23:28:59,399 [DEBUG]  OP: Operation.NAIVE_FACTORIZATION on slice (68, 5) (remaining tasks 33)
2025-04-21 23:28:59,403 [DEBUG]  		naive factorization 5 columns (in 0.00366 secs)
2025-04-21 23:28:59,404 [DEBUG]  OP: Operation.CREATE_LEAF on slice (448, 1) (remaining tasks 32)
2025-04-21 23:28:59,404 [DEBUG]  		 created leaf IdentityNumericLeaf for scope=[0] (in 0.00058 secs)
2025-04-21 23:28:59,405 [DEBUG]  OP: Operation.SPLIT_COLUMNS on slice (448, 4) (remaining tasks 31)
2025-04-21 23:28:59,648 [DEBUG]  		found 1 col clusters (in 0.24320 secs)
2025-04-21 23:28:59,648 [DEBUG]  OP: Operation.CREATE_LEAF on slice (448, 1) (remaining tasks 31)
2025-04-21 23:28:59,649 [DEBUG]  		 created leaf IdentityNumericLeaf for scope=[6] (in 0.00041 secs)
2025-04-21 23:28:59,649 [DEBUG]  OP: Operation.CREATE_LEAF on slice (448, 1) (remaining tasks 30)
2025-04-21 23:28:59,650 [DEBUG]  		 created leaf IdentityNumericLeaf for scope=[10] (in 0.00055 secs)
2025-04-21 23:28:59,650 [DEBUG]  OP: Operation.SPLIT_ROWS on slice (363, 7) (remaining tasks 29)
2025-04-21 23:28:59,703 [DEBUG]  		found 2 row clusters (in 0.05348 secs)
2025-04-21 23:28:59,704 [DEBUG]  OP: Operation.SPLIT_COLUMNS on slice (878, 5) (remaining tasks 30)
2025-04-21 23:29:00,440 [DEBUG]  		found 1 col clusters (in 0.73623 secs)
2025-04-21 23:29:00,441 [DEBUG]  OP: Operation.NAIVE_FACTORIZATION on slice (60, 5) (remaining tasks 30)
2025-04-21 23:29:00,444 [DEBUG]  		naive factorization 5 columns (in 0.00346 secs)
2025-04-21 23:29:00,445 [DEBUG]  OP: Operation.SPLIT_COLUMNS on slice (162, 6) (remaining tasks 29)
2025-04-21 23:29:00,644 [DEBUG]  		found 3 col clusters (in 0.19960 secs)
2025-04-21 23:29:00,645 [DEBUG]  OP: Operation.NAIVE_FACTORIZATION on slice (43, 6) (remaining tasks 31)
2025-04-21 23:29:00,647 [DEBUG]  		naive factorization 6 columns (in 0.00230 secs)
2025-04-21 23:29:00,648 [DEBUG]  OP: Operation.CREATE_LEAF on slice (414, 1) (remaining tasks 30)
2025-04-21 23:29:00,648 [DEBUG]  		 created leaf IdentityNumericLeaf for scope=[0] (in 0.00052 secs)
2025-04-21 23:29:00,649 [DEBUG]  OP: Operation.SPLIT_COLUMNS on slice (414, 3) (remaining tasks 29)
2025-04-21 23:29:00,865 [DEBUG]  		found 1 col clusters (in 0.21659 secs)
2025-04-21 23:29:00,866 [DEBUG]  OP: Operation.CREATE_LEAF on slice (414, 1) (remaining tasks 29)
2025-04-21 23:29:00,866 [DEBUG]  		 created leaf IdentityNumericLeaf for scope=[7] (in 0.00044 secs)
2025-04-21 23:29:00,866 [DEBUG]  OP: Operation.SPLIT_ROWS on slice (245, 5) (remaining tasks 28)
2025-04-21 23:29:00,900 [DEBUG]  		found 2 row clusters (in 0.03346 secs)
2025-04-21 23:29:00,900 [DEBUG]  OP: Operation.SPLIT_COLUMNS on slice (160, 4) (remaining tasks 29)
2025-04-21 23:29:01,079 [DEBUG]  		found 1 col clusters (in 0.17887 secs)
2025-04-21 23:29:01,080 [DEBUG]  OP: Operation.SPLIT_COLUMNS on slice (605, 4) (remaining tasks 29)
2025-04-21 23:29:01,292 [DEBUG]  		found 2 col clusters (in 0.21222 secs)
2025-04-21 23:29:01,293 [DEBUG]  OP: Operation.SPLIT_COLUMNS on slice (191, 4) (remaining tasks 30)
2025-04-21 23:29:01,510 [DEBUG]  		found 2 col clusters (in 0.21763 secs)
2025-04-21 23:29:01,511 [DEBUG]  OP: Operation.SPLIT_COLUMNS on slice (186, 4) (remaining tasks 31)
2025-04-21 23:29:01,616 [DEBUG]  		found 1 col clusters (in 0.10542 secs)
2025-04-21 23:29:01,616 [DEBUG]  OP: Operation.SPLIT_COLUMNS on slice (192, 4) (remaining tasks 31)
2025-04-21 23:29:01,722 [DEBUG]  		found 1 col clusters (in 0.10543 secs)
2025-04-21 23:29:01,722 [DEBUG]  OP: Operation.SPLIT_COLUMNS on slice (227, 4) (remaining tasks 31)
2025-04-21 23:29:01,937 [DEBUG]  		found 1 col clusters (in 0.21434 secs)
2025-04-21 23:29:01,937 [DEBUG]  OP: Operation.SPLIT_COLUMNS on slice (156, 2) (remaining tasks 31)
2025-04-21 23:29:02,175 [DEBUG]  		found 1 col clusters (in 0.23734 secs)
2025-04-21 23:29:02,175 [DEBUG]  OP: Operation.SPLIT_COLUMNS on slice (396, 2) (remaining tasks 31)
2025-04-21 23:29:02,286 [DEBUG]  		found 2 col clusters (in 0.11024 secs)
2025-04-21 23:29:02,286 [DEBUG]  OP: Operation.SPLIT_COLUMNS on slice (315, 3) (remaining tasks 32)
2025-04-21 23:29:02,395 [DEBUG]  		found 2 col clusters (in 0.10829 secs)
2025-04-21 23:29:02,395 [DEBUG]  OP: Operation.SPLIT_COLUMNS on slice (101, 3) (remaining tasks 33)
2025-04-21 23:29:02,599 [DEBUG]  		found 1 col clusters (in 0.20374 secs)
2025-04-21 23:29:02,600 [DEBUG]  OP: Operation.SPLIT_ROWS on slice (199, 3) (remaining tasks 33)
2025-04-21 23:29:02,630 [DEBUG]  		found 2 row clusters (in 0.03011 secs)
2025-04-21 23:29:02,630 [DEBUG]  OP: Operation.SPLIT_ROWS on slice (199, 3) (remaining tasks 34)
2025-04-21 23:29:02,655 [DEBUG]  		found 2 row clusters (in 0.02455 secs)
2025-04-21 23:29:02,655 [DEBUG]  OP: Operation.CREATE_LEAF on slice (91, 1) (remaining tasks 35)
2025-04-21 23:29:02,655 [DEBUG]  		 created leaf IdentityNumericLeaf for scope=[6] (in 0.00024 secs)
2025-04-21 23:29:02,655 [DEBUG]  OP: Operation.CREATE_LEAF on slice (91, 1) (remaining tasks 34)
2025-04-21 23:29:02,656 [DEBUG]  		 created leaf IdentityNumericLeaf for scope=[9] (in 0.00023 secs)
2025-04-21 23:29:02,656 [DEBUG]  OP: Operation.CREATE_LEAF on slice (861, 1) (remaining tasks 33)
2025-04-21 23:29:02,656 [DEBUG]  		 created leaf IdentityNumericLeaf for scope=[0] (in 0.00051 secs)
2025-04-21 23:29:02,656 [DEBUG]  OP: Operation.CREATE_LEAF on slice (861, 1) (remaining tasks 32)
2025-04-21 23:29:02,657 [DEBUG]  		 created leaf IdentityNumericLeaf for scope=[10] (in 0.00055 secs)
2025-04-21 23:29:02,657 [DEBUG]  OP: Operation.CREATE_LEAF on slice (682, 1) (remaining tasks 31)
2025-04-21 23:29:02,658 [DEBUG]  		 created leaf IdentityNumericLeaf for scope=[0] (in 0.00046 secs)
2025-04-21 23:29:02,658 [DEBUG]  OP: Operation.CREATE_LEAF on slice (682, 1) (remaining tasks 30)
2025-04-21 23:29:02,658 [DEBUG]  		 created leaf IdentityNumericLeaf for scope=[10] (in 0.00044 secs)
2025-04-21 23:29:02,658 [DEBUG]  OP: Operation.SPLIT_COLUMNS on slice (1475, 4) (remaining tasks 29)
2025-04-21 23:29:02,868 [DEBUG]  		found 1 col clusters (in 0.20971 secs)
2025-04-21 23:29:02,869 [DEBUG]  OP: Operation.CREATE_LEAF on slice (1475, 1) (remaining tasks 29)
2025-04-21 23:29:02,869 [DEBUG]  		 created leaf IdentityNumericLeaf for scope=[6] (in 0.00050 secs)
2025-04-21 23:29:02,870 [DEBUG]  OP: Operation.SPLIT_ROWS on slice (448, 4) (remaining tasks 28)
2025-04-21 23:29:02,951 [DEBUG]  		found 2 row clusters (in 0.08075 secs)
2025-04-21 23:29:02,951 [DEBUG]  OP: Operation.SPLIT_COLUMNS on slice (307, 7) (remaining tasks 29)
2025-04-21 23:29:03,444 [DEBUG]  		found 3 col clusters (in 0.49269 secs)
2025-04-21 23:29:03,444 [DEBUG]  OP: Operation.NAIVE_FACTORIZATION on slice (56, 7) (remaining tasks 31)
2025-04-21 23:29:03,449 [DEBUG]  		naive factorization 7 columns (in 0.00445 secs)
2025-04-21 23:29:03,449 [DEBUG]  OP: Operation.SPLIT_ROWS on slice (878, 5) (remaining tasks 30)
2025-04-21 23:29:03,622 [DEBUG]  		found 2 row clusters (in 0.17201 secs)
2025-04-21 23:29:03,622 [DEBUG]  OP: Operation.CREATE_LEAF on slice (162, 1) (remaining tasks 31)
2025-04-21 23:29:03,622 [DEBUG]  		 created leaf IdentityNumericLeaf for scope=[0] (in 0.00028 secs)
2025-04-21 23:29:03,622 [DEBUG]  OP: Operation.SPLIT_COLUMNS on slice (162, 4) (remaining tasks 30)
2025-04-21 23:29:03,728 [DEBUG]  		found 1 col clusters (in 0.10533 secs)
2025-04-21 23:29:03,728 [DEBUG]  OP: Operation.CREATE_LEAF on slice (162, 1) (remaining tasks 30)
2025-04-21 23:29:03,728 [DEBUG]  		 created leaf IdentityNumericLeaf for scope=[6] (in 0.00024 secs)
2025-04-21 23:29:03,728 [DEBUG]  OP: Operation.SPLIT_ROWS on slice (414, 3) (remaining tasks 29)
2025-04-21 23:29:03,758 [DEBUG]  		found 2 row clusters (in 0.02946 secs)
2025-04-21 23:29:03,758 [DEBUG]  OP: Operation.SPLIT_COLUMNS on slice (216, 5) (remaining tasks 30)
2025-04-21 23:29:04,040 [DEBUG]  		found 1 col clusters (in 0.28186 secs)
2025-04-21 23:29:04,041 [DEBUG]  OP: Operation.NAIVE_FACTORIZATION on slice (29, 5) (remaining tasks 30)
2025-04-21 23:29:04,044 [DEBUG]  		naive factorization 5 columns (in 0.00347 secs)
2025-04-21 23:29:04,045 [DEBUG]  OP: Operation.SPLIT_ROWS on slice (160, 4) (remaining tasks 29)
2025-04-21 23:29:04,102 [DEBUG]  		found 2 row clusters (in 0.05679 secs)
2025-04-21 23:29:04,102 [DEBUG]  OP: Operation.SPLIT_COLUMNS on slice (605, 3) (remaining tasks 30)
2025-04-21 23:29:04,283 [DEBUG]  		found 1 col clusters (in 0.18049 secs)
2025-04-21 23:29:04,283 [DEBUG]  OP: Operation.CREATE_LEAF on slice (605, 1) (remaining tasks 30)
2025-04-21 23:29:04,284 [DEBUG]  		 created leaf IdentityNumericLeaf for scope=[7] (in 0.00053 secs)
2025-04-21 23:29:04,284 [DEBUG]  OP: Operation.SPLIT_COLUMNS on slice (191, 3) (remaining tasks 29)
2025-04-21 23:29:04,502 [DEBUG]  		found 1 col clusters (in 0.21769 secs)
2025-04-21 23:29:04,502 [DEBUG]  OP: Operation.CREATE_LEAF on slice (191, 1) (remaining tasks 29)
2025-04-21 23:29:04,503 [DEBUG]  		 created leaf IdentityNumericLeaf for scope=[7] (in 0.00062 secs)
2025-04-21 23:29:04,503 [DEBUG]  OP: Operation.SPLIT_ROWS on slice (186, 4) (remaining tasks 28)
2025-04-21 23:29:04,544 [DEBUG]  		found 2 row clusters (in 0.04048 secs)
2025-04-21 23:29:04,544 [DEBUG]  OP: Operation.SPLIT_ROWS on slice (192, 4) (remaining tasks 29)
2025-04-21 23:29:04,566 [DEBUG]  		found 2 row clusters (in 0.02130 secs)
2025-04-21 23:29:04,566 [DEBUG]  OP: Operation.SPLIT_ROWS on slice (227, 4) (remaining tasks 30)
2025-04-21 23:29:04,595 [DEBUG]  		found 2 row clusters (in 0.02849 secs)
2025-04-21 23:29:04,595 [DEBUG]  OP: Operation.SPLIT_ROWS on slice (156, 2) (remaining tasks 31)
2025-04-21 23:29:04,617 [DEBUG]  		found 2 row clusters (in 0.02194 secs)
2025-04-21 23:29:04,617 [DEBUG]  OP: Operation.CREATE_LEAF on slice (396, 1) (remaining tasks 32)
2025-04-21 23:29:04,617 [DEBUG]  		 created leaf IdentityNumericLeaf for scope=[4] (in 0.00029 secs)
2025-04-21 23:29:04,617 [DEBUG]  OP: Operation.CREATE_LEAF on slice (396, 1) (remaining tasks 31)
2025-04-21 23:29:04,618 [DEBUG]  		 created leaf IdentityNumericLeaf for scope=[5] (in 0.00019 secs)
2025-04-21 23:29:04,618 [DEBUG]  OP: Operation.SPLIT_COLUMNS on slice (315, 2) (remaining tasks 30)
2025-04-21 23:29:04,722 [DEBUG]  		found 1 col clusters (in 0.10453 secs)
2025-04-21 23:29:04,723 [DEBUG]  OP: Operation.CREATE_LEAF on slice (315, 1) (remaining tasks 30)
2025-04-21 23:29:04,723 [DEBUG]  		 created leaf IdentityNumericLeaf for scope=[8] (in 0.00039 secs)
2025-04-21 23:29:04,723 [DEBUG]  OP: Operation.SPLIT_ROWS on slice (101, 3) (remaining tasks 29)
2025-04-21 23:29:04,752 [DEBUG]  		found 2 row clusters (in 0.02877 secs)
2025-04-21 23:29:04,752 [DEBUG]  OP: Operation.SPLIT_COLUMNS on slice (166, 3) (remaining tasks 30)
2025-04-21 23:29:04,858 [DEBUG]  		found 3 col clusters (in 0.10509 secs)
2025-04-21 23:29:04,858 [DEBUG]  OP: Operation.NAIVE_FACTORIZATION on slice (33, 3) (remaining tasks 32)
2025-04-21 23:29:04,860 [DEBUG]  		naive factorization 3 columns (in 0.00174 secs)
2025-04-21 23:29:04,860 [DEBUG]  OP: Operation.NAIVE_FACTORIZATION on slice (43, 3) (remaining tasks 31)
2025-04-21 23:29:04,862 [DEBUG]  		naive factorization 3 columns (in 0.00197 secs)
2025-04-21 23:29:04,862 [DEBUG]  OP: Operation.SPLIT_COLUMNS on slice (156, 3) (remaining tasks 30)
2025-04-21 23:29:04,968 [DEBUG]  		found 3 col clusters (in 0.10569 secs)
2025-04-21 23:29:04,968 [DEBUG]  OP: Operation.SPLIT_ROWS on slice (1475, 4) (remaining tasks 32)
2025-04-21 23:29:05,041 [DEBUG]  		found 2 row clusters (in 0.07237 secs)
2025-04-21 23:29:05,041 [DEBUG]  OP: Operation.NAIVE_FACTORIZATION on slice (34, 4) (remaining tasks 33)
2025-04-21 23:29:05,043 [DEBUG]  		naive factorization 4 columns (in 0.00232 secs)
2025-04-21 23:29:05,044 [DEBUG]  OP: Operation.SPLIT_COLUMNS on slice (414, 4) (remaining tasks 32)
2025-04-21 23:29:05,284 [DEBUG]  		found 1 col clusters (in 0.24073 secs)
2025-04-21 23:29:05,285 [DEBUG]  OP: Operation.CREATE_LEAF on slice (307, 1) (remaining tasks 32)
2025-04-21 23:29:05,285 [DEBUG]  		 created leaf IdentityNumericLeaf for scope=[0] (in 0.00044 secs)
2025-04-21 23:29:05,285 [DEBUG]  OP: Operation.SPLIT_COLUMNS on slice (307, 5) (remaining tasks 31)
2025-04-21 23:29:05,510 [DEBUG]  		found 1 col clusters (in 0.22412 secs)
2025-04-21 23:29:05,510 [DEBUG]  OP: Operation.CREATE_LEAF on slice (307, 1) (remaining tasks 31)
2025-04-21 23:29:05,510 [DEBUG]  		 created leaf IdentityNumericLeaf for scope=[10] (in 0.00045 secs)
2025-04-21 23:29:05,511 [DEBUG]  OP: Operation.SPLIT_COLUMNS on slice (818, 5) (remaining tasks 30)
2025-04-21 23:29:05,797 [DEBUG]  		found 4 col clusters (in 0.28577 secs)
2025-04-21 23:29:05,797 [DEBUG]  OP: Operation.NAIVE_FACTORIZATION on slice (60, 5) (remaining tasks 33)
2025-04-21 23:29:05,801 [DEBUG]  		naive factorization 5 columns (in 0.00354 secs)
2025-04-21 23:29:05,801 [DEBUG]  OP: Operation.SPLIT_ROWS on slice (162, 4) (remaining tasks 32)
2025-04-21 23:29:05,869 [DEBUG]  		found 2 row clusters (in 0.06720 secs)
2025-04-21 23:29:05,869 [DEBUG]  OP: Operation.SPLIT_COLUMNS on slice (178, 3) (remaining tasks 33)
2025-04-21 23:29:06,016 [DEBUG]  		found 3 col clusters (in 0.14724 secs)
2025-04-21 23:29:06,017 [DEBUG]  OP: Operation.SPLIT_COLUMNS on slice (236, 3) (remaining tasks 35)
2025-04-21 23:29:06,125 [DEBUG]  		found 2 col clusters (in 0.10832 secs)
2025-04-21 23:29:06,126 [DEBUG]  OP: Operation.SPLIT_ROWS on slice (216, 5) (remaining tasks 36)
2025-04-21 23:29:06,165 [DEBUG]  		found 2 row clusters (in 0.03906 secs)
2025-04-21 23:29:06,166 [DEBUG]  OP: Operation.NAIVE_FACTORIZATION on slice (62, 4) (remaining tasks 37)
2025-04-21 23:29:06,168 [DEBUG]  		naive factorization 4 columns (in 0.00254 secs)
2025-04-21 23:29:06,169 [DEBUG]  OP: Operation.SPLIT_COLUMNS on slice (98, 4) (remaining tasks 36)
2025-04-21 23:29:06,330 [DEBUG]  		found 2 col clusters (in 0.16150 secs)
2025-04-21 23:29:06,331 [DEBUG]  OP: Operation.SPLIT_ROWS on slice (605, 3) (remaining tasks 37)
2025-04-21 23:29:06,382 [DEBUG]  		found 2 row clusters (in 0.05136 secs)
2025-04-21 23:29:06,382 [DEBUG]  OP: Operation.SPLIT_ROWS on slice (191, 3) (remaining tasks 38)
2025-04-21 23:29:06,405 [DEBUG]  		found 2 row clusters (in 0.02204 secs)
2025-04-21 23:29:06,405 [DEBUG]  OP: Operation.NAIVE_FACTORIZATION on slice (58, 4) (remaining tasks 39)
2025-04-21 23:29:06,408 [DEBUG]  		naive factorization 4 columns (in 0.00299 secs)
2025-04-21 23:29:06,408 [DEBUG]  OP: Operation.SPLIT_COLUMNS on slice (128, 4) (remaining tasks 38)
2025-04-21 23:29:06,516 [DEBUG]  		found 3 col clusters (in 0.10790 secs)
2025-04-21 23:29:06,516 [DEBUG]  OP: Operation.SPLIT_COLUMNS on slice (133, 4) (remaining tasks 40)
2025-04-21 23:29:06,621 [DEBUG]  		found 4 col clusters (in 0.10490 secs)
2025-04-21 23:29:06,622 [DEBUG]  OP: Operation.NAIVE_FACTORIZATION on slice (59, 4) (remaining tasks 43)
2025-04-21 23:29:06,623 [DEBUG]  		naive factorization 4 columns (in 0.00150 secs)
2025-04-21 23:29:06,624 [DEBUG]  OP: Operation.SPLIT_COLUMNS on slice (151, 4) (remaining tasks 42)
2025-04-21 23:29:06,729 [DEBUG]  		found 3 col clusters (in 0.10545 secs)
2025-04-21 23:29:06,729 [DEBUG]  OP: Operation.SPLIT_COLUMNS on slice (76, 4) (remaining tasks 44)
2025-04-21 23:29:06,835 [DEBUG]  		found 1 col clusters (in 0.10524 secs)
2025-04-21 23:29:06,835 [DEBUG]  OP: Operation.NAIVE_FACTORIZATION on slice (65, 2) (remaining tasks 44)
2025-04-21 23:29:06,836 [DEBUG]  		naive factorization 2 columns (in 0.00123 secs)
2025-04-21 23:29:06,837 [DEBUG]  OP: Operation.SPLIT_COLUMNS on slice (91, 2) (remaining tasks 43)
2025-04-21 23:29:06,942 [DEBUG]  		found 2 col clusters (in 0.10502 secs)
2025-04-21 23:29:06,942 [DEBUG]  OP: Operation.SPLIT_ROWS on slice (315, 2) (remaining tasks 44)
2025-04-21 23:29:06,994 [DEBUG]  		found 2 row clusters (in 0.05172 secs)
2025-04-21 23:29:06,995 [DEBUG]  OP: Operation.NAIVE_FACTORIZATION on slice (61, 3) (remaining tasks 45)
2025-04-21 23:29:07,000 [DEBUG]  		naive factorization 3 columns (in 0.00491 secs)
2025-04-21 23:29:07,000 [DEBUG]  OP: Operation.NAIVE_FACTORIZATION on slice (40, 3) (remaining tasks 44)
2025-04-21 23:29:07,002 [DEBUG]  		naive factorization 3 columns (in 0.00249 secs)
2025-04-21 23:29:07,003 [DEBUG]  OP: Operation.CREATE_LEAF on slice (166, 1) (remaining tasks 43)
2025-04-21 23:29:07,003 [DEBUG]  		 created leaf IdentityNumericLeaf for scope=[4] (in 0.00048 secs)
2025-04-21 23:29:07,003 [DEBUG]  OP: Operation.CREATE_LEAF on slice (166, 1) (remaining tasks 42)
2025-04-21 23:29:07,004 [DEBUG]  		 created leaf IdentityNumericLeaf for scope=[7] (in 0.00048 secs)
2025-04-21 23:29:07,004 [DEBUG]  OP: Operation.CREATE_LEAF on slice (166, 1) (remaining tasks 41)
2025-04-21 23:29:07,005 [DEBUG]  		 created leaf IdentityNumericLeaf for scope=[8] (in 0.00050 secs)
2025-04-21 23:29:07,005 [DEBUG]  OP: Operation.CREATE_LEAF on slice (156, 1) (remaining tasks 40)
2025-04-21 23:29:07,005 [DEBUG]  		 created leaf IdentityNumericLeaf for scope=[5] (in 0.00044 secs)
2025-04-21 23:29:07,006 [DEBUG]  OP: Operation.CREATE_LEAF on slice (156, 1) (remaining tasks 39)
2025-04-21 23:29:07,006 [DEBUG]  		 created leaf IdentityNumericLeaf for scope=[6] (in 0.00046 secs)
2025-04-21 23:29:07,006 [DEBUG]  OP: Operation.CREATE_LEAF on slice (156, 1) (remaining tasks 38)
2025-04-21 23:29:07,007 [DEBUG]  		 created leaf IdentityNumericLeaf for scope=[9] (in 0.00049 secs)
2025-04-21 23:29:07,008 [DEBUG]  OP: Operation.SPLIT_COLUMNS on slice (1395, 4) (remaining tasks 37)
2025-04-21 23:29:07,244 [DEBUG]  		found 2 col clusters (in 0.23582 secs)
2025-04-21 23:29:07,244 [DEBUG]  OP: Operation.SPLIT_COLUMNS on slice (80, 4) (remaining tasks 38)
2025-04-21 23:29:07,440 [DEBUG]  		found 1 col clusters (in 0.19597 secs)
2025-04-21 23:29:07,440 [DEBUG]  OP: Operation.SPLIT_ROWS on slice (414, 4) (remaining tasks 38)
2025-04-21 23:29:07,506 [DEBUG]  		found 2 row clusters (in 0.06532 secs)
2025-04-21 23:29:07,506 [DEBUG]  OP: Operation.SPLIT_ROWS on slice (307, 5) (remaining tasks 39)
2025-04-21 23:29:07,525 [DEBUG]  		found 2 row clusters (in 0.01865 secs)
2025-04-21 23:29:07,525 [DEBUG]  OP: Operation.SPLIT_COLUMNS on slice (818, 2) (remaining tasks 40)
2025-04-21 23:29:07,633 [DEBUG]  		found 1 col clusters (in 0.10734 secs)
2025-04-21 23:29:07,633 [DEBUG]  OP: Operation.CREATE_LEAF on slice (818, 1) (remaining tasks 40)
2025-04-21 23:29:07,634 [DEBUG]  		 created leaf IdentityNumericLeaf for scope=[6] (in 0.00059 secs)
2025-04-21 23:29:07,634 [DEBUG]  OP: Operation.CREATE_LEAF on slice (818, 1) (remaining tasks 39)
2025-04-21 23:29:07,635 [DEBUG]  		 created leaf IdentityNumericLeaf for scope=[7] (in 0.00062 secs)
2025-04-21 23:29:07,635 [DEBUG]  OP: Operation.CREATE_LEAF on slice (818, 1) (remaining tasks 38)
2025-04-21 23:29:07,636 [DEBUG]  		 created leaf IdentityNumericLeaf for scope=[8] (in 0.00084 secs)
2025-04-21 23:29:07,636 [DEBUG]  OP: Operation.SPLIT_COLUMNS on slice (151, 4) (remaining tasks 37)
2025-04-21 23:29:07,746 [DEBUG]  		found 2 col clusters (in 0.10926 secs)
2025-04-21 23:29:07,746 [DEBUG]  OP: Operation.NAIVE_FACTORIZATION on slice (11, 4) (remaining tasks 38)
2025-04-21 23:29:07,748 [DEBUG]  		naive factorization 4 columns (in 0.00187 secs)
2025-04-21 23:29:07,748 [DEBUG]  OP: Operation.CREATE_LEAF on slice (178, 1) (remaining tasks 37)
2025-04-21 23:29:07,749 [DEBUG]  		 created leaf IdentityNumericLeaf for scope=[4] (in 0.00062 secs)
2025-04-21 23:29:07,749 [DEBUG]  OP: Operation.CREATE_LEAF on slice (178, 1) (remaining tasks 36)
2025-04-21 23:29:07,750 [DEBUG]  		 created leaf IdentityNumericLeaf for scope=[6] (in 0.00057 secs)
2025-04-21 23:29:07,750 [DEBUG]  OP: Operation.CREATE_LEAF on slice (178, 1) (remaining tasks 35)
2025-04-21 23:29:07,751 [DEBUG]  		 created leaf IdentityNumericLeaf for scope=[8] (in 0.00058 secs)
2025-04-21 23:29:07,751 [DEBUG]  OP: Operation.CREATE_LEAF on slice (236, 1) (remaining tasks 34)
2025-04-21 23:29:07,752 [DEBUG]  		 created leaf IdentityNumericLeaf for scope=[4] (in 0.00061 secs)
2025-04-21 23:29:07,752 [DEBUG]  OP: Operation.SPLIT_COLUMNS on slice (236, 2) (remaining tasks 33)
2025-04-21 23:29:07,858 [DEBUG]  		found 1 col clusters (in 0.10524 secs)
2025-04-21 23:29:07,858 [DEBUG]  OP: Operation.NAIVE_FACTORIZATION on slice (72, 5) (remaining tasks 33)
2025-04-21 23:29:07,860 [DEBUG]  		naive factorization 5 columns (in 0.00162 secs)
2025-04-21 23:29:07,860 [DEBUG]  OP: Operation.SPLIT_COLUMNS on slice (144, 5) (remaining tasks 32)
2025-04-21 23:29:07,966 [DEBUG]  		found 3 col clusters (in 0.10557 secs)
2025-04-21 23:29:07,966 [DEBUG]  OP: Operation.SPLIT_COLUMNS on slice (98, 3) (remaining tasks 34)
2025-04-21 23:29:08,071 [DEBUG]  		found 1 col clusters (in 0.10496 secs)
2025-04-21 23:29:08,072 [DEBUG]  OP: Operation.CREATE_LEAF on slice (98, 1) (remaining tasks 34)
2025-04-21 23:29:08,072 [DEBUG]  		 created leaf IdentityNumericLeaf for scope=[7] (in 0.00031 secs)
2025-04-21 23:29:08,073 [DEBUG]  OP: Operation.SPLIT_COLUMNS on slice (300, 3) (remaining tasks 33)
2025-04-21 23:29:08,178 [DEBUG]  		found 1 col clusters (in 0.10486 secs)
2025-04-21 23:29:08,178 [DEBUG]  OP: Operation.SPLIT_COLUMNS on slice (305, 3) (remaining tasks 33)
2025-04-21 23:29:08,382 [DEBUG]  		found 3 col clusters (in 0.20345 secs)
2025-04-21 23:29:08,382 [DEBUG]  OP: Operation.SPLIT_COLUMNS on slice (167, 3) (remaining tasks 35)
2025-04-21 23:29:08,490 [DEBUG]  		found 1 col clusters (in 0.10754 secs)
2025-04-21 23:29:08,490 [DEBUG]  OP: Operation.NAIVE_FACTORIZATION on slice (24, 3) (remaining tasks 35)
2025-04-21 23:29:08,492 [DEBUG]  		naive factorization 3 columns (in 0.00197 secs)
2025-04-21 23:29:08,492 [DEBUG]  OP: Operation.SPLIT_COLUMNS on slice (128, 2) (remaining tasks 34)
2025-04-21 23:29:08,597 [DEBUG]  		found 1 col clusters (in 0.10471 secs)
2025-04-21 23:29:08,597 [DEBUG]  OP: Operation.CREATE_LEAF on slice (128, 1) (remaining tasks 34)
2025-04-21 23:29:08,598 [DEBUG]  		 created leaf IdentityNumericLeaf for scope=[7] (in 0.00023 secs)
2025-04-21 23:29:08,598 [DEBUG]  OP: Operation.CREATE_LEAF on slice (128, 1) (remaining tasks 33)
2025-04-21 23:29:08,598 [DEBUG]  		 created leaf IdentityNumericLeaf for scope=[8] (in 0.00021 secs)
2025-04-21 23:29:08,598 [DEBUG]  OP: Operation.CREATE_LEAF on slice (133, 1) (remaining tasks 32)
2025-04-21 23:29:08,598 [DEBUG]  		 created leaf IdentityNumericLeaf for scope=[4] (in 0.00021 secs)
2025-04-21 23:29:08,598 [DEBUG]  OP: Operation.CREATE_LEAF on slice (133, 1) (remaining tasks 31)
2025-04-21 23:29:08,599 [DEBUG]  		 created leaf IdentityNumericLeaf for scope=[6] (in 0.00021 secs)
2025-04-21 23:29:08,599 [DEBUG]  OP: Operation.CREATE_LEAF on slice (133, 1) (remaining tasks 30)
2025-04-21 23:29:08,599 [DEBUG]  		 created leaf IdentityNumericLeaf for scope=[7] (in 0.00020 secs)
2025-04-21 23:29:08,599 [DEBUG]  OP: Operation.CREATE_LEAF on slice (133, 1) (remaining tasks 29)
2025-04-21 23:29:08,599 [DEBUG]  		 created leaf IdentityNumericLeaf for scope=[8] (in 0.00020 secs)
2025-04-21 23:29:08,600 [DEBUG]  OP: Operation.SPLIT_COLUMNS on slice (151, 2) (remaining tasks 28)
2025-04-21 23:29:08,704 [DEBUG]  		found 1 col clusters (in 0.10436 secs)
2025-04-21 23:29:08,704 [DEBUG]  OP: Operation.CREATE_LEAF on slice (151, 1) (remaining tasks 28)
2025-04-21 23:29:08,705 [DEBUG]  		 created leaf IdentityNumericLeaf for scope=[7] (in 0.00056 secs)
2025-04-21 23:29:08,705 [DEBUG]  OP: Operation.CREATE_LEAF on slice (151, 1) (remaining tasks 27)
2025-04-21 23:29:08,706 [DEBUG]  		 created leaf IdentityNumericLeaf for scope=[8] (in 0.00052 secs)
2025-04-21 23:29:08,706 [DEBUG]  OP: Operation.SPLIT_ROWS on slice (76, 4) (remaining tasks 26)
2025-04-21 23:29:08,746 [DEBUG]  		found 2 row clusters (in 0.03947 secs)
2025-04-21 23:29:08,746 [DEBUG]  OP: Operation.CREATE_LEAF on slice (91, 1) (remaining tasks 27)
2025-04-21 23:29:08,747 [DEBUG]  		 created leaf IdentityNumericLeaf for scope=[4] (in 0.00053 secs)
2025-04-21 23:29:08,747 [DEBUG]  OP: Operation.CREATE_LEAF on slice (91, 1) (remaining tasks 26)
2025-04-21 23:29:08,748 [DEBUG]  		 created leaf IdentityNumericLeaf for scope=[5] (in 0.00039 secs)
2025-04-21 23:29:08,748 [DEBUG]  OP: Operation.SPLIT_COLUMNS on slice (149, 2) (remaining tasks 25)
2025-04-21 23:29:08,857 [DEBUG]  		found 2 col clusters (in 0.10896 secs)
2025-04-21 23:29:08,857 [DEBUG]  OP: Operation.SPLIT_COLUMNS on slice (166, 2) (remaining tasks 26)
2025-04-21 23:29:08,967 [DEBUG]  		found 2 col clusters (in 0.10947 secs)
2025-04-21 23:29:08,967 [DEBUG]  OP: Operation.SPLIT_COLUMNS on slice (1395, 3) (remaining tasks 27)
2025-04-21 23:29:09,079 [DEBUG]  		found 1 col clusters (in 0.11188 secs)
2025-04-21 23:29:09,079 [DEBUG]  OP: Operation.CREATE_LEAF on slice (1395, 1) (remaining tasks 27)
2025-04-21 23:29:09,080 [DEBUG]  		 created leaf IdentityNumericLeaf for scope=[7] (in 0.00057 secs)
2025-04-21 23:29:09,080 [DEBUG]  OP: Operation.SPLIT_ROWS on slice (80, 4) (remaining tasks 26)
2025-04-21 23:29:09,110 [DEBUG]  		found 2 row clusters (in 0.02944 secs)
2025-04-21 23:29:09,111 [DEBUG]  OP: Operation.SPLIT_COLUMNS on slice (170, 4) (remaining tasks 27)
2025-04-21 23:29:09,309 [DEBUG]  		found 1 col clusters (in 0.19775 secs)
2025-04-21 23:29:09,309 [DEBUG]  OP: Operation.SPLIT_COLUMNS on slice (244, 4) (remaining tasks 27)
2025-04-21 23:29:09,416 [DEBUG]  		found 3 col clusters (in 0.10658 secs)
2025-04-21 23:29:09,416 [DEBUG]  OP: Operation.SPLIT_COLUMNS on slice (283, 5) (remaining tasks 29)
2025-04-21 23:29:09,753 [DEBUG]  		found 2 col clusters (in 0.33678 secs)
2025-04-21 23:29:09,754 [DEBUG]  OP: Operation.NAIVE_FACTORIZATION on slice (24, 5) (remaining tasks 30)
2025-04-21 23:29:09,757 [DEBUG]  		naive factorization 5 columns (in 0.00349 secs)
2025-04-21 23:29:09,758 [DEBUG]  OP: Operation.SPLIT_ROWS on slice (818, 2) (remaining tasks 29)
2025-04-21 23:29:09,810 [DEBUG]  		found 2 row clusters (in 0.05199 secs)
2025-04-21 23:29:09,810 [DEBUG]  OP: Operation.SPLIT_COLUMNS on slice (151, 3) (remaining tasks 30)
2025-04-21 23:29:10,013 [DEBUG]  		found 1 col clusters (in 0.20303 secs)
2025-04-21 23:29:10,014 [DEBUG]  OP: Operation.CREATE_LEAF on slice (151, 1) (remaining tasks 30)
2025-04-21 23:29:10,014 [DEBUG]  		 created leaf IdentityNumericLeaf for scope=[7] (in 0.00059 secs)
2025-04-21 23:29:10,015 [DEBUG]  OP: Operation.SPLIT_ROWS on slice (236, 2) (remaining tasks 29)
2025-04-21 23:29:10,073 [DEBUG]  		found 2 row clusters (in 0.05776 secs)
2025-04-21 23:29:10,073 [DEBUG]  OP: Operation.CREATE_LEAF on slice (144, 1) (remaining tasks 30)
2025-04-21 23:29:10,074 [DEBUG]  		 created leaf IdentityNumericLeaf for scope=[0] (in 0.00052 secs)
2025-04-21 23:29:10,074 [DEBUG]  OP: Operation.SPLIT_COLUMNS on slice (144, 3) (remaining tasks 29)
2025-04-21 23:29:10,182 [DEBUG]  		found 1 col clusters (in 0.10771 secs)
2025-04-21 23:29:10,182 [DEBUG]  OP: Operation.CREATE_LEAF on slice (144, 1) (remaining tasks 29)
2025-04-21 23:29:10,183 [DEBUG]  		 created leaf IdentityNumericLeaf for scope=[7] (in 0.00057 secs)
2025-04-21 23:29:10,184 [DEBUG]  OP: Operation.SPLIT_ROWS on slice (98, 3) (remaining tasks 28)
2025-04-21 23:29:10,225 [DEBUG]  		found 2 row clusters (in 0.04102 secs)
2025-04-21 23:29:10,225 [DEBUG]  OP: Operation.SPLIT_ROWS on slice (300, 3) (remaining tasks 29)
2025-04-21 23:29:10,267 [DEBUG]  		found 2 row clusters (in 0.04129 secs)
2025-04-21 23:29:10,267 [DEBUG]  OP: Operation.CREATE_LEAF on slice (305, 1) (remaining tasks 30)
2025-04-21 23:29:10,267 [DEBUG]  		 created leaf IdentityNumericLeaf for scope=[4] (in 0.00049 secs)
2025-04-21 23:29:10,268 [DEBUG]  OP: Operation.CREATE_LEAF on slice (305, 1) (remaining tasks 29)
2025-04-21 23:29:10,268 [DEBUG]  		 created leaf IdentityNumericLeaf for scope=[6] (in 0.00041 secs)
2025-04-21 23:29:10,268 [DEBUG]  OP: Operation.CREATE_LEAF on slice (305, 1) (remaining tasks 28)
2025-04-21 23:29:10,269 [DEBUG]  		 created leaf IdentityNumericLeaf for scope=[8] (in 0.00042 secs)
2025-04-21 23:29:10,269 [DEBUG]  OP: Operation.SPLIT_ROWS on slice (167, 3) (remaining tasks 27)
2025-04-21 23:29:10,297 [DEBUG]  		found 2 row clusters (in 0.02745 secs)
2025-04-21 23:29:10,297 [DEBUG]  OP: Operation.SPLIT_ROWS on slice (128, 2) (remaining tasks 28)
2025-04-21 23:29:10,312 [DEBUG]  		found 2 row clusters (in 0.01544 secs)
2025-04-21 23:29:10,313 [DEBUG]  OP: Operation.SPLIT_ROWS on slice (151, 2) (remaining tasks 29)
2025-04-21 23:29:10,333 [DEBUG]  		found 2 row clusters (in 0.02079 secs)
2025-04-21 23:29:10,334 [DEBUG]  OP: Operation.NAIVE_FACTORIZATION on slice (54, 4) (remaining tasks 30)
2025-04-21 23:29:10,336 [DEBUG]  		naive factorization 4 columns (in 0.00232 secs)
2025-04-21 23:29:10,336 [DEBUG]  OP: Operation.NAIVE_FACTORIZATION on slice (22, 4) (remaining tasks 29)
2025-04-21 23:29:10,339 [DEBUG]  		naive factorization 4 columns (in 0.00228 secs)
2025-04-21 23:29:10,339 [DEBUG]  OP: Operation.CREATE_LEAF on slice (149, 1) (remaining tasks 28)
2025-04-21 23:29:10,339 [DEBUG]  		 created leaf IdentityNumericLeaf for scope=[4] (in 0.00031 secs)
2025-04-21 23:29:10,339 [DEBUG]  OP: Operation.CREATE_LEAF on slice (149, 1) (remaining tasks 27)
2025-04-21 23:29:10,339 [DEBUG]  		 created leaf IdentityNumericLeaf for scope=[5] (in 0.00019 secs)
2025-04-21 23:29:10,340 [DEBUG]  OP: Operation.CREATE_LEAF on slice (166, 1) (remaining tasks 26)
2025-04-21 23:29:10,340 [DEBUG]  		 created leaf IdentityNumericLeaf for scope=[4] (in 0.00023 secs)
2025-04-21 23:29:10,340 [DEBUG]  OP: Operation.CREATE_LEAF on slice (166, 1) (remaining tasks 25)
2025-04-21 23:29:10,340 [DEBUG]  		 created leaf IdentityNumericLeaf for scope=[5] (in 0.00019 secs)
2025-04-21 23:29:10,340 [DEBUG]  OP: Operation.SPLIT_ROWS on slice (1395, 3) (remaining tasks 24)
2025-04-21 23:29:10,374 [DEBUG]  		found 2 row clusters (in 0.03356 secs)
2025-04-21 23:29:10,374 [DEBUG]  OP: Operation.NAIVE_FACTORIZATION on slice (29, 4) (remaining tasks 25)
2025-04-21 23:29:10,377 [DEBUG]  		naive factorization 4 columns (in 0.00245 secs)
2025-04-21 23:29:10,377 [DEBUG]  OP: Operation.NAIVE_FACTORIZATION on slice (51, 4) (remaining tasks 24)
2025-04-21 23:29:10,380 [DEBUG]  		naive factorization 4 columns (in 0.00253 secs)
2025-04-21 23:29:10,380 [DEBUG]  OP: Operation.SPLIT_ROWS on slice (170, 4) (remaining tasks 23)
2025-04-21 23:29:10,396 [DEBUG]  		found 2 row clusters (in 0.01608 secs)
2025-04-21 23:29:10,396 [DEBUG]  OP: Operation.SPLIT_COLUMNS on slice (244, 2) (remaining tasks 24)
2025-04-21 23:29:10,504 [DEBUG]  		found 1 col clusters (in 0.10746 secs)
2025-04-21 23:29:10,504 [DEBUG]  OP: Operation.CREATE_LEAF on slice (244, 1) (remaining tasks 24)
2025-04-21 23:29:10,505 [DEBUG]  		 created leaf IdentityNumericLeaf for scope=[7] (in 0.00064 secs)
2025-04-21 23:29:10,505 [DEBUG]  OP: Operation.CREATE_LEAF on slice (244, 1) (remaining tasks 23)
2025-04-21 23:29:10,506 [DEBUG]  		 created leaf IdentityNumericLeaf for scope=[8] (in 0.00063 secs)
2025-04-21 23:29:10,506 [DEBUG]  OP: Operation.SPLIT_COLUMNS on slice (283, 4) (remaining tasks 22)
2025-04-21 23:29:10,753 [DEBUG]  		found 1 col clusters (in 0.24603 secs)
2025-04-21 23:29:10,753 [DEBUG]  OP: Operation.CREATE_LEAF on slice (283, 1) (remaining tasks 22)
2025-04-21 23:29:10,753 [DEBUG]  		 created leaf IdentityNumericLeaf for scope=[6] (in 0.00034 secs)
2025-04-21 23:29:10,754 [DEBUG]  OP: Operation.SPLIT_COLUMNS on slice (464, 2) (remaining tasks 21)
2025-04-21 23:29:10,890 [DEBUG]  		found 1 col clusters (in 0.13659 secs)
2025-04-21 23:29:10,891 [DEBUG]  OP: Operation.SPLIT_COLUMNS on slice (354, 2) (remaining tasks 21)
2025-04-21 23:29:10,996 [DEBUG]  		found 1 col clusters (in 0.10495 secs)
2025-04-21 23:29:10,996 [DEBUG]  OP: Operation.SPLIT_ROWS on slice (151, 3) (remaining tasks 21)
2025-04-21 23:29:11,042 [DEBUG]  		found 2 row clusters (in 0.04604 secs)
2025-04-21 23:29:11,043 [DEBUG]  OP: Operation.SPLIT_COLUMNS on slice (95, 2) (remaining tasks 22)
2025-04-21 23:29:11,149 [DEBUG]  		found 2 col clusters (in 0.10602 secs)
2025-04-21 23:29:11,150 [DEBUG]  OP: Operation.SPLIT_COLUMNS on slice (141, 2) (remaining tasks 23)
2025-04-21 23:29:11,259 [DEBUG]  		found 2 col clusters (in 0.10961 secs)
2025-04-21 23:29:11,260 [DEBUG]  OP: Operation.SPLIT_ROWS on slice (144, 3) (remaining tasks 24)
2025-04-21 23:29:11,307 [DEBUG]  		found 2 row clusters (in 0.04729 secs)
2025-04-21 23:29:11,308 [DEBUG]  OP: Operation.NAIVE_FACTORIZATION on slice (69, 3) (remaining tasks 25)
2025-04-21 23:29:11,310 [DEBUG]  		naive factorization 3 columns (in 0.00254 secs)
2025-04-21 23:29:11,311 [DEBUG]  OP: Operation.NAIVE_FACTORIZATION on slice (29, 3) (remaining tasks 24)
2025-04-21 23:29:11,313 [DEBUG]  		naive factorization 3 columns (in 0.00221 secs)
2025-04-21 23:29:11,313 [DEBUG]  OP: Operation.SPLIT_COLUMNS on slice (208, 3) (remaining tasks 23)
2025-04-21 23:29:11,423 [DEBUG]  		found 3 col clusters (in 0.10960 secs)
2025-04-21 23:29:11,423 [DEBUG]  OP: Operation.SPLIT_COLUMNS on slice (92, 3) (remaining tasks 25)
2025-04-21 23:29:11,637 [DEBUG]  		found 2 col clusters (in 0.21350 secs)
2025-04-21 23:29:11,637 [DEBUG]  OP: Operation.NAIVE_FACTORIZATION on slice (61, 3) (remaining tasks 26)
2025-04-21 23:29:11,640 [DEBUG]  		naive factorization 3 columns (in 0.00210 secs)
2025-04-21 23:29:11,640 [DEBUG]  OP: Operation.SPLIT_COLUMNS on slice (106, 3) (remaining tasks 25)
2025-04-21 23:29:11,751 [DEBUG]  		found 3 col clusters (in 0.11047 secs)
2025-04-21 23:29:11,751 [DEBUG]  OP: Operation.NAIVE_FACTORIZATION on slice (63, 2) (remaining tasks 27)
2025-04-21 23:29:11,753 [DEBUG]  		naive factorization 2 columns (in 0.00184 secs)
2025-04-21 23:29:11,754 [DEBUG]  OP: Operation.NAIVE_FACTORIZATION on slice (65, 2) (remaining tasks 26)
2025-04-21 23:29:11,756 [DEBUG]  		naive factorization 2 columns (in 0.00217 secs)
2025-04-21 23:29:11,756 [DEBUG]  OP: Operation.SPLIT_COLUMNS on slice (79, 2) (remaining tasks 25)
2025-04-21 23:29:11,867 [DEBUG]  		found 2 col clusters (in 0.11005 secs)
2025-04-21 23:29:11,867 [DEBUG]  OP: Operation.NAIVE_FACTORIZATION on slice (72, 2) (remaining tasks 26)
2025-04-21 23:29:11,869 [DEBUG]  		naive factorization 2 columns (in 0.00204 secs)
2025-04-21 23:29:11,870 [DEBUG]  OP: Operation.SPLIT_COLUMNS on slice (830, 3) (remaining tasks 25)
2025-04-21 23:29:11,981 [DEBUG]  		found 3 col clusters (in 0.11154 secs)
2025-04-21 23:29:11,982 [DEBUG]  OP: Operation.SPLIT_COLUMNS on slice (565, 3) (remaining tasks 27)
2025-04-21 23:29:12,204 [DEBUG]  		found 3 col clusters (in 0.22189 secs)
2025-04-21 23:29:12,204 [DEBUG]  OP: Operation.SPLIT_COLUMNS on slice (163, 4) (remaining tasks 29)
2025-04-21 23:29:12,310 [DEBUG]  		found 3 col clusters (in 0.10570 secs)
2025-04-21 23:29:12,310 [DEBUG]  OP: Operation.NAIVE_FACTORIZATION on slice (7, 4) (remaining tasks 31)
2025-04-21 23:29:12,313 [DEBUG]  		naive factorization 4 columns (in 0.00292 secs)
2025-04-21 23:29:12,314 [DEBUG]  OP: Operation.SPLIT_ROWS on slice (244, 2) (remaining tasks 30)
2025-04-21 23:29:12,336 [DEBUG]  		found 2 row clusters (in 0.02163 secs)
2025-04-21 23:29:12,336 [DEBUG]  OP: Operation.SPLIT_ROWS on slice (283, 4) (remaining tasks 31)
2025-04-21 23:29:12,365 [DEBUG]  		found 2 row clusters (in 0.02899 secs)
2025-04-21 23:29:12,365 [DEBUG]  OP: Operation.SPLIT_ROWS on slice (464, 2) (remaining tasks 32)
2025-04-21 23:29:12,389 [DEBUG]  		found 2 row clusters (in 0.02409 secs)
2025-04-21 23:29:12,390 [DEBUG]  OP: Operation.SPLIT_ROWS on slice (354, 2) (remaining tasks 33)
2025-04-21 23:29:12,412 [DEBUG]  		found 2 row clusters (in 0.02255 secs)
2025-04-21 23:29:12,412 [DEBUG]  OP: Operation.NAIVE_FACTORIZATION on slice (62, 3) (remaining tasks 34)
2025-04-21 23:29:12,414 [DEBUG]  		naive factorization 3 columns (in 0.00165 secs)
2025-04-21 23:29:12,414 [DEBUG]  OP: Operation.SPLIT_COLUMNS on slice (89, 3) (remaining tasks 33)
2025-04-21 23:29:12,520 [DEBUG]  		found 3 col clusters (in 0.10508 secs)
2025-04-21 23:29:12,520 [DEBUG]  OP: Operation.CREATE_LEAF on slice (95, 1) (remaining tasks 35)
2025-04-21 23:29:12,520 [DEBUG]  		 created leaf IdentityNumericLeaf for scope=[6] (in 0.00022 secs)
2025-04-21 23:29:12,520 [DEBUG]  OP: Operation.CREATE_LEAF on slice (95, 1) (remaining tasks 34)
2025-04-21 23:29:12,521 [DEBUG]  		 created leaf IdentityNumericLeaf for scope=[8] (in 0.00019 secs)
2025-04-21 23:29:12,521 [DEBUG]  OP: Operation.CREATE_LEAF on slice (141, 1) (remaining tasks 33)
2025-04-21 23:29:12,521 [DEBUG]  		 created leaf IdentityNumericLeaf for scope=[6] (in 0.00020 secs)
2025-04-21 23:29:12,521 [DEBUG]  OP: Operation.CREATE_LEAF on slice (141, 1) (remaining tasks 32)
2025-04-21 23:29:12,521 [DEBUG]  		 created leaf IdentityNumericLeaf for scope=[8] (in 0.00021 secs)
2025-04-21 23:29:12,521 [DEBUG]  OP: Operation.NAIVE_FACTORIZATION on slice (61, 3) (remaining tasks 31)
2025-04-21 23:29:12,524 [DEBUG]  		naive factorization 3 columns (in 0.00220 secs)
2025-04-21 23:29:12,524 [DEBUG]  OP: Operation.SPLIT_COLUMNS on slice (83, 3) (remaining tasks 30)
2025-04-21 23:29:12,632 [DEBUG]  		found 3 col clusters (in 0.10780 secs)
2025-04-21 23:29:12,632 [DEBUG]  OP: Operation.CREATE_LEAF on slice (208, 1) (remaining tasks 32)
2025-04-21 23:29:12,633 [DEBUG]  		 created leaf IdentityNumericLeaf for scope=[4] (in 0.00062 secs)
2025-04-21 23:29:12,633 [DEBUG]  OP: Operation.CREATE_LEAF on slice (208, 1) (remaining tasks 31)
2025-04-21 23:29:12,634 [DEBUG]  		 created leaf IdentityNumericLeaf for scope=[6] (in 0.00054 secs)
2025-04-21 23:29:12,634 [DEBUG]  OP: Operation.CREATE_LEAF on slice (208, 1) (remaining tasks 30)
2025-04-21 23:29:12,635 [DEBUG]  		 created leaf IdentityNumericLeaf for scope=[8] (in 0.00057 secs)
2025-04-21 23:29:12,635 [DEBUG]  OP: Operation.SPLIT_COLUMNS on slice (92, 2) (remaining tasks 29)
2025-04-21 23:29:12,745 [DEBUG]  		found 1 col clusters (in 0.11010 secs)
2025-04-21 23:29:12,746 [DEBUG]  OP: Operation.CREATE_LEAF on slice (92, 1) (remaining tasks 29)
2025-04-21 23:29:12,746 [DEBUG]  		 created leaf IdentityNumericLeaf for scope=[8] (in 0.00050 secs)
2025-04-21 23:29:12,747 [DEBUG]  OP: Operation.CREATE_LEAF on slice (106, 1) (remaining tasks 28)
2025-04-21 23:29:12,747 [DEBUG]  		 created leaf IdentityNumericLeaf for scope=[4] (in 0.00050 secs)
2025-04-21 23:29:12,747 [DEBUG]  OP: Operation.CREATE_LEAF on slice (106, 1) (remaining tasks 27)
2025-04-21 23:29:12,748 [DEBUG]  		 created leaf IdentityNumericLeaf for scope=[6] (in 0.00047 secs)
2025-04-21 23:29:12,748 [DEBUG]  OP: Operation.CREATE_LEAF on slice (106, 1) (remaining tasks 26)
2025-04-21 23:29:12,749 [DEBUG]  		 created leaf IdentityNumericLeaf for scope=[8] (in 0.00047 secs)
2025-04-21 23:29:12,749 [DEBUG]  OP: Operation.CREATE_LEAF on slice (79, 1) (remaining tasks 25)
2025-04-21 23:29:12,750 [DEBUG]  		 created leaf IdentityNumericLeaf for scope=[4] (in 0.00045 secs)
2025-04-21 23:29:12,750 [DEBUG]  OP: Operation.CREATE_LEAF on slice (79, 1) (remaining tasks 24)
2025-04-21 23:29:12,750 [DEBUG]  		 created leaf IdentityNumericLeaf for scope=[6] (in 0.00044 secs)
2025-04-21 23:29:12,751 [DEBUG]  OP: Operation.CREATE_LEAF on slice (830, 1) (remaining tasks 23)
2025-04-21 23:29:12,752 [DEBUG]  		 created leaf IdentityNumericLeaf for scope=[4] (in 0.00097 secs)
2025-04-21 23:29:12,752 [DEBUG]  OP: Operation.CREATE_LEAF on slice (830, 1) (remaining tasks 22)
2025-04-21 23:29:12,753 [DEBUG]  		 created leaf IdentityNumericLeaf for scope=[5] (in 0.00057 secs)
2025-04-21 23:29:12,753 [DEBUG]  OP: Operation.CREATE_LEAF on slice (830, 1) (remaining tasks 21)
2025-04-21 23:29:12,754 [DEBUG]  		 created leaf IdentityNumericLeaf for scope=[8] (in 0.00080 secs)
2025-04-21 23:29:12,754 [DEBUG]  OP: Operation.CREATE_LEAF on slice (565, 1) (remaining tasks 20)
2025-04-21 23:29:12,755 [DEBUG]  		 created leaf IdentityNumericLeaf for scope=[4] (in 0.00089 secs)
2025-04-21 23:29:12,755 [DEBUG]  OP: Operation.CREATE_LEAF on slice (565, 1) (remaining tasks 19)
2025-04-21 23:29:12,756 [DEBUG]  		 created leaf IdentityNumericLeaf for scope=[5] (in 0.00056 secs)
2025-04-21 23:29:12,756 [DEBUG]  OP: Operation.CREATE_LEAF on slice (565, 1) (remaining tasks 18)
2025-04-21 23:29:12,757 [DEBUG]  		 created leaf IdentityNumericLeaf for scope=[8] (in 0.00072 secs)
2025-04-21 23:29:12,757 [DEBUG]  OP: Operation.SPLIT_COLUMNS on slice (163, 2) (remaining tasks 17)
2025-04-21 23:29:12,868 [DEBUG]  		found 1 col clusters (in 0.11008 secs)
2025-04-21 23:29:12,868 [DEBUG]  OP: Operation.CREATE_LEAF on slice (163, 1) (remaining tasks 17)
2025-04-21 23:29:12,869 [DEBUG]  		 created leaf IdentityNumericLeaf for scope=[7] (in 0.00055 secs)
2025-04-21 23:29:12,869 [DEBUG]  OP: Operation.CREATE_LEAF on slice (163, 1) (remaining tasks 16)
2025-04-21 23:29:12,870 [DEBUG]  		 created leaf IdentityNumericLeaf for scope=[8] (in 0.00055 secs)
2025-04-21 23:29:12,870 [DEBUG]  OP: Operation.SPLIT_COLUMNS on slice (150, 2) (remaining tasks 15)
2025-04-21 23:29:12,980 [DEBUG]  		found 2 col clusters (in 0.10985 secs)
2025-04-21 23:29:12,981 [DEBUG]  OP: Operation.SPLIT_COLUMNS on slice (94, 2) (remaining tasks 16)
2025-04-21 23:29:13,091 [DEBUG]  		found 2 col clusters (in 0.10989 secs)
2025-04-21 23:29:13,091 [DEBUG]  OP: Operation.SPLIT_COLUMNS on slice (76, 4) (remaining tasks 17)
2025-04-21 23:29:13,202 [DEBUG]  		found 1 col clusters (in 0.11052 secs)
2025-04-21 23:29:13,202 [DEBUG]  OP: Operation.SPLIT_COLUMNS on slice (207, 4) (remaining tasks 17)
2025-04-21 23:29:13,416 [DEBUG]  		found 1 col clusters (in 0.21365 secs)
2025-04-21 23:29:13,417 [DEBUG]  OP: Operation.SPLIT_COLUMNS on slice (272, 2) (remaining tasks 17)
2025-04-21 23:29:13,547 [DEBUG]  		found 2 col clusters (in 0.13010 secs)
2025-04-21 23:29:13,547 [DEBUG]  OP: Operation.SPLIT_COLUMNS on slice (192, 2) (remaining tasks 18)
2025-04-21 23:29:13,652 [DEBUG]  		found 2 col clusters (in 0.10463 secs)
2025-04-21 23:29:13,652 [DEBUG]  OP: Operation.SPLIT_COLUMNS on slice (239, 2) (remaining tasks 19)
2025-04-21 23:29:13,757 [DEBUG]  		found 2 col clusters (in 0.10445 secs)
2025-04-21 23:29:13,757 [DEBUG]  OP: Operation.SPLIT_COLUMNS on slice (115, 2) (remaining tasks 20)
2025-04-21 23:29:13,862 [DEBUG]  		found 1 col clusters (in 0.10437 secs)
2025-04-21 23:29:13,862 [DEBUG]  OP: Operation.CREATE_LEAF on slice (89, 1) (remaining tasks 20)
2025-04-21 23:29:13,862 [DEBUG]  		 created leaf IdentityNumericLeaf for scope=[4] (in 0.00052 secs)
2025-04-21 23:29:13,863 [DEBUG]  OP: Operation.CREATE_LEAF on slice (89, 1) (remaining tasks 19)
2025-04-21 23:29:13,863 [DEBUG]  		 created leaf IdentityNumericLeaf for scope=[5] (in 0.00045 secs)
2025-04-21 23:29:13,863 [DEBUG]  OP: Operation.CREATE_LEAF on slice (89, 1) (remaining tasks 18)
2025-04-21 23:29:13,864 [DEBUG]  		 created leaf IdentityNumericLeaf for scope=[8] (in 0.00045 secs)
2025-04-21 23:29:13,864 [DEBUG]  OP: Operation.CREATE_LEAF on slice (83, 1) (remaining tasks 17)
2025-04-21 23:29:13,865 [DEBUG]  		 created leaf IdentityNumericLeaf for scope=[4] (in 0.00045 secs)
2025-04-21 23:29:13,865 [DEBUG]  OP: Operation.CREATE_LEAF on slice (83, 1) (remaining tasks 16)
2025-04-21 23:29:13,865 [DEBUG]  		 created leaf IdentityNumericLeaf for scope=[6] (in 0.00044 secs)
2025-04-21 23:29:13,866 [DEBUG]  OP: Operation.CREATE_LEAF on slice (83, 1) (remaining tasks 15)
2025-04-21 23:29:13,866 [DEBUG]  		 created leaf IdentityNumericLeaf for scope=[8] (in 0.00044 secs)
2025-04-21 23:29:13,867 [DEBUG]  OP: Operation.SPLIT_ROWS on slice (92, 2) (remaining tasks 14)
2025-04-21 23:29:13,903 [DEBUG]  		found 2 row clusters (in 0.03660 secs)
2025-04-21 23:29:13,904 [DEBUG]  OP: Operation.SPLIT_ROWS on slice (163, 2) (remaining tasks 15)
2025-04-21 23:29:13,937 [DEBUG]  		found 2 row clusters (in 0.03304 secs)
2025-04-21 23:29:13,937 [DEBUG]  OP: Operation.CREATE_LEAF on slice (150, 1) (remaining tasks 16)
2025-04-21 23:29:13,938 [DEBUG]  		 created leaf IdentityNumericLeaf for scope=[4] (in 0.00045 secs)
2025-04-21 23:29:13,938 [DEBUG]  OP: Operation.CREATE_LEAF on slice (150, 1) (remaining tasks 15)
2025-04-21 23:29:13,938 [DEBUG]  		 created leaf IdentityNumericLeaf for scope=[5] (in 0.00034 secs)
2025-04-21 23:29:13,939 [DEBUG]  OP: Operation.CREATE_LEAF on slice (94, 1) (remaining tasks 14)
2025-04-21 23:29:13,939 [DEBUG]  		 created leaf IdentityNumericLeaf for scope=[4] (in 0.00037 secs)
2025-04-21 23:29:13,939 [DEBUG]  OP: Operation.CREATE_LEAF on slice (94, 1) (remaining tasks 13)
2025-04-21 23:29:13,940 [DEBUG]  		 created leaf IdentityNumericLeaf for scope=[5] (in 0.00033 secs)
2025-04-21 23:29:13,940 [DEBUG]  OP: Operation.SPLIT_ROWS on slice (76, 4) (remaining tasks 12)
2025-04-21 23:29:13,961 [DEBUG]  		found 2 row clusters (in 0.02109 secs)
2025-04-21 23:29:13,961 [DEBUG]  OP: Operation.SPLIT_ROWS on slice (207, 4) (remaining tasks 13)
2025-04-21 23:29:13,987 [DEBUG]  		found 2 row clusters (in 0.02506 secs)
2025-04-21 23:29:13,987 [DEBUG]  OP: Operation.CREATE_LEAF on slice (272, 1) (remaining tasks 14)
2025-04-21 23:29:13,987 [DEBUG]  		 created leaf IdentityNumericLeaf for scope=[4] (in 0.00028 secs)
2025-04-21 23:29:13,987 [DEBUG]  OP: Operation.CREATE_LEAF on slice (272, 1) (remaining tasks 13)
2025-04-21 23:29:13,987 [DEBUG]  		 created leaf IdentityNumericLeaf for scope=[5] (in 0.00020 secs)
2025-04-21 23:29:13,987 [DEBUG]  OP: Operation.CREATE_LEAF on slice (192, 1) (remaining tasks 12)
2025-04-21 23:29:13,988 [DEBUG]  		 created leaf IdentityNumericLeaf for scope=[4] (in 0.00022 secs)
2025-04-21 23:29:13,988 [DEBUG]  OP: Operation.CREATE_LEAF on slice (192, 1) (remaining tasks 11)
2025-04-21 23:29:13,988 [DEBUG]  		 created leaf IdentityNumericLeaf for scope=[5] (in 0.00018 secs)
2025-04-21 23:29:13,988 [DEBUG]  OP: Operation.CREATE_LEAF on slice (239, 1) (remaining tasks 10)
2025-04-21 23:29:13,988 [DEBUG]  		 created leaf IdentityNumericLeaf for scope=[4] (in 0.00023 secs)
2025-04-21 23:29:13,988 [DEBUG]  OP: Operation.CREATE_LEAF on slice (239, 1) (remaining tasks 9)
2025-04-21 23:29:13,989 [DEBUG]  		 created leaf IdentityNumericLeaf for scope=[5] (in 0.00018 secs)
2025-04-21 23:29:13,989 [DEBUG]  OP: Operation.SPLIT_ROWS on slice (115, 2) (remaining tasks 8)
2025-04-21 23:29:14,008 [DEBUG]  		found 2 row clusters (in 0.01936 secs)
2025-04-21 23:29:14,008 [DEBUG]  OP: Operation.SPLIT_COLUMNS on slice (87, 2) (remaining tasks 9)
2025-04-21 23:29:14,115 [DEBUG]  		found 2 col clusters (in 0.10628 secs)
2025-04-21 23:29:14,115 [DEBUG]  OP: Operation.NAIVE_FACTORIZATION on slice (5, 2) (remaining tasks 10)
2025-04-21 23:29:14,117 [DEBUG]  		naive factorization 2 columns (in 0.00180 secs)
2025-04-21 23:29:14,117 [DEBUG]  OP: Operation.SPLIT_COLUMNS on slice (109, 2) (remaining tasks 9)
2025-04-21 23:29:14,226 [DEBUG]  		found 2 col clusters (in 0.10825 secs)
2025-04-21 23:29:14,226 [DEBUG]  OP: Operation.NAIVE_FACTORIZATION on slice (54, 2) (remaining tasks 10)
2025-04-21 23:29:14,228 [DEBUG]  		naive factorization 2 columns (in 0.00160 secs)
2025-04-21 23:29:14,228 [DEBUG]  OP: Operation.NAIVE_FACTORIZATION on slice (67, 4) (remaining tasks 9)
2025-04-21 23:29:14,232 [DEBUG]  		naive factorization 4 columns (in 0.00300 secs)
2025-04-21 23:29:14,232 [DEBUG]  OP: Operation.NAIVE_FACTORIZATION on slice (9, 4) (remaining tasks 8)
2025-04-21 23:29:14,235 [DEBUG]  		naive factorization 4 columns (in 0.00270 secs)
2025-04-21 23:29:14,235 [DEBUG]  OP: Operation.SPLIT_COLUMNS on slice (166, 4) (remaining tasks 7)
2025-04-21 23:29:14,346 [DEBUG]  		found 4 col clusters (in 0.11123 secs)
2025-04-21 23:29:14,346 [DEBUG]  OP: Operation.NAIVE_FACTORIZATION on slice (41, 4) (remaining tasks 10)
2025-04-21 23:29:14,348 [DEBUG]  		naive factorization 4 columns (in 0.00139 secs)
2025-04-21 23:29:14,348 [DEBUG]  OP: Operation.NAIVE_FACTORIZATION on slice (74, 2) (remaining tasks 9)
2025-04-21 23:29:14,350 [DEBUG]  		naive factorization 2 columns (in 0.00118 secs)
2025-04-21 23:29:14,350 [DEBUG]  OP: Operation.NAIVE_FACTORIZATION on slice (41, 2) (remaining tasks 8)
2025-04-21 23:29:14,351 [DEBUG]  		naive factorization 2 columns (in 0.00106 secs)
2025-04-21 23:29:14,351 [DEBUG]  OP: Operation.CREATE_LEAF on slice (87, 1) (remaining tasks 7)
2025-04-21 23:29:14,351 [DEBUG]  		 created leaf IdentityNumericLeaf for scope=[4] (in 0.00031 secs)
2025-04-21 23:29:14,351 [DEBUG]  OP: Operation.CREATE_LEAF on slice (87, 1) (remaining tasks 6)
2025-04-21 23:29:14,352 [DEBUG]  		 created leaf IdentityNumericLeaf for scope=[6] (in 0.00027 secs)
2025-04-21 23:29:14,352 [DEBUG]  OP: Operation.CREATE_LEAF on slice (109, 1) (remaining tasks 5)
2025-04-21 23:29:14,352 [DEBUG]  		 created leaf IdentityNumericLeaf for scope=[4] (in 0.00029 secs)
2025-04-21 23:29:14,352 [DEBUG]  OP: Operation.CREATE_LEAF on slice (109, 1) (remaining tasks 4)
2025-04-21 23:29:14,353 [DEBUG]  		 created leaf IdentityNumericLeaf for scope=[5] (in 0.00024 secs)
2025-04-21 23:29:14,353 [DEBUG]  OP: Operation.CREATE_LEAF on slice (166, 1) (remaining tasks 3)
2025-04-21 23:29:14,353 [DEBUG]  		 created leaf IdentityNumericLeaf for scope=[4] (in 0.00032 secs)
2025-04-21 23:29:14,353 [DEBUG]  OP: Operation.CREATE_LEAF on slice (166, 1) (remaining tasks 2)
2025-04-21 23:29:14,354 [DEBUG]  		 created leaf IdentityNumericLeaf for scope=[5] (in 0.00026 secs)
2025-04-21 23:29:14,354 [DEBUG]  OP: Operation.CREATE_LEAF on slice (166, 1) (remaining tasks 1)
2025-04-21 23:29:14,354 [DEBUG]  		 created leaf IdentityNumericLeaf for scope=[7] (in 0.00028 secs)
2025-04-21 23:29:14,354 [DEBUG]  OP: Operation.CREATE_LEAF on slice (166, 1) (remaining tasks 0)
2025-04-21 23:29:14,355 [DEBUG]  		 created leaf IdentityNumericLeaf for scope=[8] (in 0.00031 secs)
2025-04-21 23:29:15,162 [DEBUG]  Built SPN in 74.52732430700053 sec
2025-04-21 23:29:15,162 [INFO ]  Saving ensemble to /home/dafn/card/deepcard/collected_temp_benchmarks/spn_ensembles/Gas Turbine CO and NOx Emission Data Set/ensemble_single_gt_2011_10000000.pkl
