2025-04-21 23:11:15,340 [INFO ]  Creating naive ensemble.
2025-04-21 23:11:15,340 [INFO ]  Learning SPN for gt_2011.
2025-04-21 23:11:15,340 [DEBUG]  generate_join_sample(single_table=gt_2011, relationship_list=None, split_condition=None)
2025-04-21 23:11:15,367 [DEBUG]  Using min_instance_slice parameter 74.11.
2025-04-21 23:11:15,367 [INFO ]  SPN training phase with 7411 samples
2025-04-21 23:11:15,373 [DEBUG]  Built domains in 0.005782102998637129 sec
2025-04-21 23:11:15,722 [DEBUG]  CACHEDIR=/home/dafn/.cache/matplotlib
2025-04-21 23:11:15,724 [DEBUG]  Using fontManager instance from /home/dafn/.cache/matplotlib/fontlist-v300.json
2025-04-21 23:11:15,818 [DEBUG]  Loaded backend qt5agg version unknown.
2025-04-21 23:11:15,848 [DEBUG]  Loaded backend qt5agg version unknown.
2025-04-21 23:11:15,849 [DEBUG]  Loaded backend qt4agg version unknown.
2025-04-21 23:11:15,856 [DEBUG]  Loaded backend tkagg version unknown.
2025-04-21 23:11:15,856 [DEBUG]  Loaded backend agg version unknown.
2025-04-21 23:11:15,856 [DEBUG]  Loaded backend agg version unknown.
2025-04-21 23:11:15,860 [DEBUG]  OP: Operation.SPLIT_ROWS on slice (7411, 11) (remaining tasks 0)
2025-04-21 23:11:15,948 [DEBUG]  		found 2 row clusters (in 0.08822 secs)
2025-04-21 23:11:15,949 [DEBUG]  OP: Operation.SPLIT_COLUMNS on slice (1694, 11) (remaining tasks 1)
2025-04-21 23:11:20,568 [DEBUG]  		found 1 col clusters (in 4.61890 secs)
2025-04-21 23:11:20,569 [DEBUG]  OP: Operation.SPLIT_COLUMNS on slice (5717, 11) (remaining tasks 1)
2025-04-21 23:11:23,233 [DEBUG]  		found 1 col clusters (in 2.66370 secs)
2025-04-21 23:11:23,234 [DEBUG]  OP: Operation.SPLIT_ROWS on slice (1694, 11) (remaining tasks 1)
2025-04-21 23:11:23,419 [DEBUG]  		found 2 row clusters (in 0.18458 secs)
2025-04-21 23:11:23,419 [DEBUG]  OP: Operation.SPLIT_ROWS on slice (5717, 11) (remaining tasks 2)
2025-04-21 23:11:23,509 [DEBUG]  		found 2 row clusters (in 0.08979 secs)
2025-04-21 23:11:23,509 [DEBUG]  OP: Operation.SPLIT_COLUMNS on slice (454, 11) (remaining tasks 3)
2025-04-21 23:11:25,089 [DEBUG]  		found 1 col clusters (in 1.57989 secs)
2025-04-21 23:11:25,090 [DEBUG]  OP: Operation.SPLIT_COLUMNS on slice (1240, 11) (remaining tasks 3)
2025-04-21 23:11:28,780 [DEBUG]  		found 2 col clusters (in 3.68969 secs)
2025-04-21 23:11:28,782 [DEBUG]  OP: Operation.SPLIT_COLUMNS on slice (3500, 11) (remaining tasks 4)
2025-04-21 23:11:30,848 [DEBUG]  		found 1 col clusters (in 2.06636 secs)
2025-04-21 23:11:30,849 [DEBUG]  OP: Operation.SPLIT_COLUMNS on slice (2217, 11) (remaining tasks 4)
2025-04-21 23:11:36,844 [DEBUG]  		found 1 col clusters (in 5.99437 secs)
2025-04-21 23:11:36,844 [DEBUG]  OP: Operation.SPLIT_ROWS on slice (454, 11) (remaining tasks 4)
2025-04-21 23:11:36,917 [DEBUG]  		found 2 row clusters (in 0.07240 secs)
2025-04-21 23:11:36,917 [DEBUG]  OP: Operation.SPLIT_COLUMNS on slice (1240, 10) (remaining tasks 5)
2025-04-21 23:11:40,461 [DEBUG]  		found 1 col clusters (in 3.54352 secs)
2025-04-21 23:11:40,461 [DEBUG]  OP: Operation.CREATE_LEAF on slice (1240, 1) (remaining tasks 5)
2025-04-21 23:11:40,462 [DEBUG]  		 created leaf IdentityNumericLeaf for scope=[6] (in 0.00054 secs)
2025-04-21 23:11:40,463 [DEBUG]  OP: Operation.SPLIT_ROWS on slice (3500, 11) (remaining tasks 4)
2025-04-21 23:11:40,604 [DEBUG]  		found 2 row clusters (in 0.14107 secs)
2025-04-21 23:11:40,605 [DEBUG]  OP: Operation.SPLIT_ROWS on slice (2217, 11) (remaining tasks 5)
2025-04-21 23:11:40,658 [DEBUG]  		found 2 row clusters (in 0.05284 secs)
2025-04-21 23:11:40,658 [DEBUG]  OP: Operation.SPLIT_COLUMNS on slice (313, 11) (remaining tasks 6)
2025-04-21 23:11:42,385 [DEBUG]  		found 1 col clusters (in 1.72705 secs)
2025-04-21 23:11:42,386 [DEBUG]  OP: Operation.SPLIT_COLUMNS on slice (141, 11) (remaining tasks 6)
2025-04-21 23:11:42,742 [DEBUG]  		found 1 col clusters (in 0.35609 secs)
2025-04-21 23:11:42,743 [DEBUG]  OP: Operation.SPLIT_ROWS on slice (1240, 10) (remaining tasks 6)
2025-04-21 23:11:42,833 [DEBUG]  		found 2 row clusters (in 0.09063 secs)
2025-04-21 23:11:42,834 [DEBUG]  OP: Operation.SPLIT_COLUMNS on slice (1176, 11) (remaining tasks 7)
2025-04-21 23:11:47,655 [DEBUG]  		found 1 col clusters (in 4.82067 secs)
2025-04-21 23:11:47,655 [DEBUG]  OP: Operation.SPLIT_COLUMNS on slice (2324, 11) (remaining tasks 7)
2025-04-21 23:11:53,166 [DEBUG]  		found 1 col clusters (in 5.51013 secs)
2025-04-21 23:11:53,167 [DEBUG]  OP: Operation.SPLIT_COLUMNS on slice (810, 11) (remaining tasks 7)
2025-04-21 23:11:55,930 [DEBUG]  		found 1 col clusters (in 2.76351 secs)
2025-04-21 23:11:55,931 [DEBUG]  OP: Operation.SPLIT_COLUMNS on slice (1407, 11) (remaining tasks 7)
2025-04-21 23:11:59,720 [DEBUG]  		found 1 col clusters (in 3.78843 secs)
2025-04-21 23:11:59,720 [DEBUG]  OP: Operation.SPLIT_ROWS on slice (313, 11) (remaining tasks 7)
2025-04-21 23:11:59,840 [DEBUG]  		found 2 row clusters (in 0.11956 secs)
2025-04-21 23:11:59,841 [DEBUG]  OP: Operation.SPLIT_ROWS on slice (141, 11) (remaining tasks 8)
2025-04-21 23:11:59,882 [DEBUG]  		found 2 row clusters (in 0.04012 secs)
2025-04-21 23:11:59,882 [DEBUG]  OP: Operation.SPLIT_COLUMNS on slice (906, 10) (remaining tasks 9)
2025-04-21 23:12:02,295 [DEBUG]  		found 3 col clusters (in 2.41277 secs)
2025-04-21 23:12:02,296 [DEBUG]  OP: Operation.SPLIT_COLUMNS on slice (334, 10) (remaining tasks 11)
2025-04-21 23:12:03,692 [DEBUG]  		found 1 col clusters (in 1.39654 secs)
2025-04-21 23:12:03,693 [DEBUG]  OP: Operation.SPLIT_ROWS on slice (1176, 11) (remaining tasks 11)
2025-04-21 23:12:03,825 [DEBUG]  		found 2 row clusters (in 0.13185 secs)
2025-04-21 23:12:03,825 [DEBUG]  OP: Operation.SPLIT_ROWS on slice (2324, 11) (remaining tasks 12)
2025-04-21 23:12:03,870 [DEBUG]  		found 2 row clusters (in 0.04483 secs)
2025-04-21 23:12:03,871 [DEBUG]  OP: Operation.SPLIT_ROWS on slice (810, 11) (remaining tasks 13)
2025-04-21 23:12:03,919 [DEBUG]  		found 2 row clusters (in 0.04793 secs)
2025-04-21 23:12:03,919 [DEBUG]  OP: Operation.SPLIT_ROWS on slice (1407, 11) (remaining tasks 14)
2025-04-21 23:12:03,958 [DEBUG]  		found 2 row clusters (in 0.03903 secs)
2025-04-21 23:12:03,958 [DEBUG]  OP: Operation.SPLIT_COLUMNS on slice (125, 11) (remaining tasks 15)
2025-04-21 23:12:04,175 [DEBUG]  		found 1 col clusters (in 0.21650 secs)
2025-04-21 23:12:04,175 [DEBUG]  OP: Operation.SPLIT_COLUMNS on slice (188, 11) (remaining tasks 15)
2025-04-21 23:12:04,491 [DEBUG]  		found 1 col clusters (in 0.31555 secs)
2025-04-21 23:12:04,492 [DEBUG]  OP: Operation.SPLIT_COLUMNS on slice (91, 11) (remaining tasks 15)
2025-04-21 23:12:04,709 [DEBUG]  		found 1 col clusters (in 0.21702 secs)
2025-04-21 23:12:04,709 [DEBUG]  OP: Operation.NAIVE_FACTORIZATION on slice (50, 11) (remaining tasks 15)
2025-04-21 23:12:04,715 [DEBUG]  		naive factorization 11 columns (in 0.00551 secs)
2025-04-21 23:12:04,716 [DEBUG]  OP: Operation.SPLIT_COLUMNS on slice (906, 8) (remaining tasks 14)
2025-04-21 23:12:06,052 [DEBUG]  		found 1 col clusters (in 1.33636 secs)
2025-04-21 23:12:06,053 [DEBUG]  OP: Operation.CREATE_LEAF on slice (906, 1) (remaining tasks 14)
2025-04-21 23:12:06,053 [DEBUG]  		 created leaf IdentityNumericLeaf for scope=[1] (in 0.00050 secs)
2025-04-21 23:12:06,054 [DEBUG]  OP: Operation.CREATE_LEAF on slice (906, 1) (remaining tasks 13)
2025-04-21 23:12:06,055 [DEBUG]  		 created leaf IdentityNumericLeaf for scope=[2] (in 0.00083 secs)
2025-04-21 23:12:06,055 [DEBUG]  OP: Operation.SPLIT_ROWS on slice (334, 10) (remaining tasks 12)
2025-04-21 23:12:06,207 [DEBUG]  		found 2 row clusters (in 0.15164 secs)
2025-04-21 23:12:06,207 [DEBUG]  OP: Operation.SPLIT_COLUMNS on slice (535, 11) (remaining tasks 13)
2025-04-21 23:12:08,531 [DEBUG]  		found 1 col clusters (in 2.32381 secs)
2025-04-21 23:12:08,532 [DEBUG]  OP: Operation.SPLIT_COLUMNS on slice (641, 11) (remaining tasks 13)
2025-04-21 23:12:09,636 [DEBUG]  		found 1 col clusters (in 1.10391 secs)
2025-04-21 23:12:09,637 [DEBUG]  OP: Operation.SPLIT_COLUMNS on slice (989, 11) (remaining tasks 13)
2025-04-21 23:12:12,032 [DEBUG]  		found 1 col clusters (in 2.39481 secs)
2025-04-21 23:12:12,033 [DEBUG]  OP: Operation.SPLIT_COLUMNS on slice (1335, 11) (remaining tasks 13)
2025-04-21 23:12:15,670 [DEBUG]  		found 1 col clusters (in 3.63652 secs)
2025-04-21 23:12:15,670 [DEBUG]  OP: Operation.SPLIT_COLUMNS on slice (486, 11) (remaining tasks 13)
2025-04-21 23:12:17,343 [DEBUG]  		found 1 col clusters (in 1.67202 secs)
2025-04-21 23:12:17,343 [DEBUG]  OP: Operation.SPLIT_COLUMNS on slice (324, 11) (remaining tasks 13)
2025-04-21 23:12:19,333 [DEBUG]  		found 1 col clusters (in 1.98921 secs)
2025-04-21 23:12:19,333 [DEBUG]  OP: Operation.SPLIT_COLUMNS on slice (653, 11) (remaining tasks 13)
2025-04-21 23:12:20,079 [DEBUG]  		found 1 col clusters (in 0.74598 secs)
2025-04-21 23:12:20,080 [DEBUG]  OP: Operation.SPLIT_COLUMNS on slice (754, 11) (remaining tasks 13)
2025-04-21 23:12:22,151 [DEBUG]  		found 1 col clusters (in 2.07048 secs)
2025-04-21 23:12:22,151 [DEBUG]  OP: Operation.SPLIT_ROWS on slice (125, 11) (remaining tasks 13)
2025-04-21 23:12:22,235 [DEBUG]  		found 2 row clusters (in 0.08348 secs)
2025-04-21 23:12:22,235 [DEBUG]  OP: Operation.SPLIT_ROWS on slice (188, 11) (remaining tasks 14)
2025-04-21 23:12:22,306 [DEBUG]  		found 2 row clusters (in 0.07036 secs)
2025-04-21 23:12:22,306 [DEBUG]  OP: Operation.SPLIT_ROWS on slice (91, 11) (remaining tasks 15)
2025-04-21 23:12:22,324 [DEBUG]  		found 2 row clusters (in 0.01785 secs)
2025-04-21 23:12:22,324 [DEBUG]  OP: Operation.SPLIT_ROWS on slice (906, 8) (remaining tasks 16)
2025-04-21 23:12:22,363 [DEBUG]  		found 2 row clusters (in 0.03903 secs)
2025-04-21 23:12:22,363 [DEBUG]  OP: Operation.SPLIT_COLUMNS on slice (187, 10) (remaining tasks 17)
2025-04-21 23:12:22,576 [DEBUG]  		found 1 col clusters (in 0.21214 secs)
2025-04-21 23:12:22,576 [DEBUG]  OP: Operation.SPLIT_COLUMNS on slice (147, 10) (remaining tasks 17)
2025-04-21 23:12:22,896 [DEBUG]  		found 1 col clusters (in 0.31985 secs)
2025-04-21 23:12:22,897 [DEBUG]  OP: Operation.SPLIT_ROWS on slice (535, 11) (remaining tasks 17)
2025-04-21 23:12:22,967 [DEBUG]  		found 2 row clusters (in 0.06971 secs)
2025-04-21 23:12:22,968 [DEBUG]  OP: Operation.SPLIT_ROWS on slice (641, 11) (remaining tasks 18)
2025-04-21 23:12:23,066 [DEBUG]  		found 2 row clusters (in 0.09778 secs)
2025-04-21 23:12:23,066 [DEBUG]  OP: Operation.SPLIT_ROWS on slice (989, 11) (remaining tasks 19)
2025-04-21 23:12:23,095 [DEBUG]  		found 2 row clusters (in 0.02811 secs)
2025-04-21 23:12:23,095 [DEBUG]  OP: Operation.SPLIT_ROWS on slice (1335, 11) (remaining tasks 20)
2025-04-21 23:12:23,136 [DEBUG]  		found 2 row clusters (in 0.04098 secs)
2025-04-21 23:12:23,136 [DEBUG]  OP: Operation.SPLIT_ROWS on slice (486, 11) (remaining tasks 21)
2025-04-21 23:12:23,159 [DEBUG]  		found 2 row clusters (in 0.02304 secs)
2025-04-21 23:12:23,159 [DEBUG]  OP: Operation.SPLIT_ROWS on slice (324, 11) (remaining tasks 22)
2025-04-21 23:12:23,188 [DEBUG]  		found 2 row clusters (in 0.02809 secs)
2025-04-21 23:12:23,188 [DEBUG]  OP: Operation.SPLIT_ROWS on slice (653, 11) (remaining tasks 23)
2025-04-21 23:12:23,214 [DEBUG]  		found 2 row clusters (in 0.02566 secs)
2025-04-21 23:12:23,214 [DEBUG]  OP: Operation.SPLIT_ROWS on slice (754, 11) (remaining tasks 24)
2025-04-21 23:12:23,242 [DEBUG]  		found 2 row clusters (in 0.02803 secs)
2025-04-21 23:12:23,242 [DEBUG]  OP: Operation.NAIVE_FACTORIZATION on slice (39, 11) (remaining tasks 25)
2025-04-21 23:12:23,247 [DEBUG]  		naive factorization 11 columns (in 0.00472 secs)
2025-04-21 23:12:23,247 [DEBUG]  OP: Operation.SPLIT_COLUMNS on slice (86, 11) (remaining tasks 24)
2025-04-21 23:12:23,459 [DEBUG]  		found 1 col clusters (in 0.21193 secs)
2025-04-21 23:12:23,460 [DEBUG]  OP: Operation.SPLIT_COLUMNS on slice (115, 11) (remaining tasks 24)
2025-04-21 23:12:23,677 [DEBUG]  		found 1 col clusters (in 0.21736 secs)
2025-04-21 23:12:23,678 [DEBUG]  OP: Operation.NAIVE_FACTORIZATION on slice (73, 11) (remaining tasks 24)
2025-04-21 23:12:23,683 [DEBUG]  		naive factorization 11 columns (in 0.00500 secs)
2025-04-21 23:12:23,683 [DEBUG]  OP: Operation.NAIVE_FACTORIZATION on slice (53, 11) (remaining tasks 23)
2025-04-21 23:12:23,687 [DEBUG]  		naive factorization 11 columns (in 0.00373 secs)
2025-04-21 23:12:23,688 [DEBUG]  OP: Operation.NAIVE_FACTORIZATION on slice (38, 11) (remaining tasks 22)
2025-04-21 23:12:23,691 [DEBUG]  		naive factorization 11 columns (in 0.00339 secs)
2025-04-21 23:12:23,692 [DEBUG]  OP: Operation.SPLIT_COLUMNS on slice (772, 8) (remaining tasks 21)
2025-04-21 23:12:25,030 [DEBUG]  		found 1 col clusters (in 1.33838 secs)
2025-04-21 23:12:25,031 [DEBUG]  OP: Operation.SPLIT_COLUMNS on slice (134, 8) (remaining tasks 21)
2025-04-21 23:12:25,312 [DEBUG]  		found 1 col clusters (in 0.28038 secs)
2025-04-21 23:12:25,312 [DEBUG]  OP: Operation.SPLIT_ROWS on slice (187, 10) (remaining tasks 21)
2025-04-21 23:12:25,383 [DEBUG]  		found 2 row clusters (in 0.07072 secs)
2025-04-21 23:12:25,383 [DEBUG]  OP: Operation.SPLIT_ROWS on slice (147, 10) (remaining tasks 22)
2025-04-21 23:12:25,408 [DEBUG]  		found 2 row clusters (in 0.02498 secs)
2025-04-21 23:12:25,409 [DEBUG]  OP: Operation.SPLIT_COLUMNS on slice (460, 11) (remaining tasks 23)
2025-04-21 23:12:27,449 [DEBUG]  		found 1 col clusters (in 2.04014 secs)
2025-04-21 23:12:27,450 [DEBUG]  OP: Operation.SPLIT_COLUMNS on slice (75, 11) (remaining tasks 23)
2025-04-21 23:12:27,772 [DEBUG]  		found 1 col clusters (in 0.32227 secs)
2025-04-21 23:12:27,773 [DEBUG]  OP: Operation.SPLIT_COLUMNS on slice (505, 11) (remaining tasks 23)
2025-04-21 23:12:29,699 [DEBUG]  		found 2 col clusters (in 1.92648 secs)
2025-04-21 23:12:29,700 [DEBUG]  OP: Operation.SPLIT_COLUMNS on slice (136, 11) (remaining tasks 24)
2025-04-21 23:12:30,104 [DEBUG]  		found 1 col clusters (in 0.40364 secs)
2025-04-21 23:12:30,104 [DEBUG]  OP: Operation.SPLIT_COLUMNS on slice (528, 11) (remaining tasks 24)
2025-04-21 23:12:32,152 [DEBUG]  		found 1 col clusters (in 2.04724 secs)
2025-04-21 23:12:32,152 [DEBUG]  OP: Operation.SPLIT_COLUMNS on slice (461, 11) (remaining tasks 24)
2025-04-21 23:12:33,542 [DEBUG]  		found 1 col clusters (in 1.38958 secs)
2025-04-21 23:12:33,543 [DEBUG]  OP: Operation.SPLIT_COLUMNS on slice (565, 11) (remaining tasks 24)
2025-04-21 23:12:34,365 [DEBUG]  		found 1 col clusters (in 0.82213 secs)
2025-04-21 23:12:34,366 [DEBUG]  OP: Operation.SPLIT_COLUMNS on slice (770, 11) (remaining tasks 24)
2025-04-21 23:12:37,048 [DEBUG]  		found 1 col clusters (in 2.68186 secs)
2025-04-21 23:12:37,048 [DEBUG]  OP: Operation.SPLIT_COLUMNS on slice (243, 11) (remaining tasks 24)
2025-04-21 23:12:38,495 [DEBUG]  		found 1 col clusters (in 1.44616 secs)
2025-04-21 23:12:38,495 [DEBUG]  OP: Operation.SPLIT_COLUMNS on slice (243, 11) (remaining tasks 24)
2025-04-21 23:12:40,311 [DEBUG]  		found 1 col clusters (in 1.81579 secs)
2025-04-21 23:12:40,312 [DEBUG]  OP: Operation.SPLIT_COLUMNS on slice (172, 11) (remaining tasks 24)
2025-04-21 23:12:40,709 [DEBUG]  		found 1 col clusters (in 0.39675 secs)
2025-04-21 23:12:40,709 [DEBUG]  OP: Operation.SPLIT_COLUMNS on slice (152, 11) (remaining tasks 24)
2025-04-21 23:12:41,077 [DEBUG]  		found 1 col clusters (in 0.36772 secs)
2025-04-21 23:12:41,077 [DEBUG]  OP: Operation.SPLIT_COLUMNS on slice (398, 11) (remaining tasks 24)
2025-04-21 23:12:43,082 [DEBUG]  		found 1 col clusters (in 2.00400 secs)
2025-04-21 23:12:43,082 [DEBUG]  OP: Operation.SPLIT_COLUMNS on slice (255, 11) (remaining tasks 24)
2025-04-21 23:12:44,700 [DEBUG]  		found 1 col clusters (in 1.61768 secs)
2025-04-21 23:12:44,700 [DEBUG]  OP: Operation.SPLIT_COLUMNS on slice (403, 11) (remaining tasks 24)
2025-04-21 23:12:46,811 [DEBUG]  		found 1 col clusters (in 2.11087 secs)
2025-04-21 23:12:46,812 [DEBUG]  OP: Operation.SPLIT_COLUMNS on slice (351, 11) (remaining tasks 24)
2025-04-21 23:12:48,987 [DEBUG]  		found 1 col clusters (in 2.17531 secs)
2025-04-21 23:12:48,988 [DEBUG]  OP: Operation.SPLIT_ROWS on slice (86, 11) (remaining tasks 24)
2025-04-21 23:12:49,105 [DEBUG]  		found 2 row clusters (in 0.11730 secs)
2025-04-21 23:12:49,106 [DEBUG]  OP: Operation.SPLIT_ROWS on slice (115, 11) (remaining tasks 25)
2025-04-21 23:12:49,159 [DEBUG]  		found 2 row clusters (in 0.05336 secs)
2025-04-21 23:12:49,160 [DEBUG]  OP: Operation.SPLIT_ROWS on slice (772, 8) (remaining tasks 26)
2025-04-21 23:12:49,188 [DEBUG]  		found 2 row clusters (in 0.02818 secs)
2025-04-21 23:12:49,188 [DEBUG]  OP: Operation.SPLIT_ROWS on slice (134, 8) (remaining tasks 27)
2025-04-21 23:12:49,202 [DEBUG]  		found 2 row clusters (in 0.01397 secs)
2025-04-21 23:12:49,202 [DEBUG]  OP: Operation.SPLIT_COLUMNS on slice (119, 10) (remaining tasks 28)
2025-04-21 23:12:49,414 [DEBUG]  		found 1 col clusters (in 0.21183 secs)
2025-04-21 23:12:49,415 [DEBUG]  OP: Operation.NAIVE_FACTORIZATION on slice (68, 10) (remaining tasks 28)
2025-04-21 23:12:49,418 [DEBUG]  		naive factorization 10 columns (in 0.00355 secs)
2025-04-21 23:12:49,419 [DEBUG]  OP: Operation.NAIVE_FACTORIZATION on slice (40, 10) (remaining tasks 27)
2025-04-21 23:12:49,422 [DEBUG]  		naive factorization 10 columns (in 0.00322 secs)
2025-04-21 23:12:49,423 [DEBUG]  OP: Operation.SPLIT_COLUMNS on slice (107, 10) (remaining tasks 26)
2025-04-21 23:12:49,639 [DEBUG]  		found 1 col clusters (in 0.21588 secs)
2025-04-21 23:12:49,639 [DEBUG]  OP: Operation.SPLIT_ROWS on slice (460, 11) (remaining tasks 26)
2025-04-21 23:12:49,698 [DEBUG]  		found 2 row clusters (in 0.05840 secs)
2025-04-21 23:12:49,699 [DEBUG]  OP: Operation.SPLIT_ROWS on slice (75, 11) (remaining tasks 27)
2025-04-21 23:12:49,732 [DEBUG]  		found 2 row clusters (in 0.03367 secs)
2025-04-21 23:12:49,733 [DEBUG]  OP: Operation.SPLIT_COLUMNS on slice (505, 10) (remaining tasks 28)
2025-04-21 23:12:51,350 [DEBUG]  		found 1 col clusters (in 1.61734 secs)
2025-04-21 23:12:51,351 [DEBUG]  OP: Operation.CREATE_LEAF on slice (505, 1) (remaining tasks 28)
2025-04-21 23:12:51,351 [DEBUG]  		 created leaf IdentityNumericLeaf for scope=[1] (in 0.00043 secs)
2025-04-21 23:12:51,352 [DEBUG]  OP: Operation.SPLIT_ROWS on slice (136, 11) (remaining tasks 27)
2025-04-21 23:12:51,526 [DEBUG]  		found 2 row clusters (in 0.17447 secs)
2025-04-21 23:12:51,527 [DEBUG]  OP: Operation.SPLIT_ROWS on slice (528, 11) (remaining tasks 28)
2025-04-21 23:12:51,561 [DEBUG]  		found 2 row clusters (in 0.03422 secs)
2025-04-21 23:12:51,561 [DEBUG]  OP: Operation.SPLIT_ROWS on slice (461, 11) (remaining tasks 29)
2025-04-21 23:12:51,598 [DEBUG]  		found 2 row clusters (in 0.03672 secs)
2025-04-21 23:12:51,598 [DEBUG]  OP: Operation.SPLIT_ROWS on slice (565, 11) (remaining tasks 30)
2025-04-21 23:12:51,624 [DEBUG]  		found 2 row clusters (in 0.02561 secs)
2025-04-21 23:12:51,624 [DEBUG]  OP: Operation.SPLIT_ROWS on slice (770, 11) (remaining tasks 31)
2025-04-21 23:12:51,683 [DEBUG]  		found 2 row clusters (in 0.05851 secs)
2025-04-21 23:12:51,683 [DEBUG]  OP: Operation.SPLIT_ROWS on slice (243, 11) (remaining tasks 32)
2025-04-21 23:12:51,707 [DEBUG]  		found 2 row clusters (in 0.02436 secs)
2025-04-21 23:12:51,708 [DEBUG]  OP: Operation.SPLIT_ROWS on slice (243, 11) (remaining tasks 33)
2025-04-21 23:12:51,726 [DEBUG]  		found 2 row clusters (in 0.01796 secs)
2025-04-21 23:12:51,726 [DEBUG]  OP: Operation.SPLIT_ROWS on slice (172, 11) (remaining tasks 34)
2025-04-21 23:12:51,753 [DEBUG]  		found 2 row clusters (in 0.02670 secs)
2025-04-21 23:12:51,753 [DEBUG]  OP: Operation.SPLIT_ROWS on slice (152, 11) (remaining tasks 35)
2025-04-21 23:12:51,772 [DEBUG]  		found 2 row clusters (in 0.01871 secs)
2025-04-21 23:12:51,772 [DEBUG]  OP: Operation.SPLIT_ROWS on slice (398, 11) (remaining tasks 36)
2025-04-21 23:12:51,798 [DEBUG]  		found 2 row clusters (in 0.02637 secs)
2025-04-21 23:12:51,798 [DEBUG]  OP: Operation.SPLIT_ROWS on slice (255, 11) (remaining tasks 37)
2025-04-21 23:12:51,824 [DEBUG]  		found 2 row clusters (in 0.02497 secs)
2025-04-21 23:12:51,824 [DEBUG]  OP: Operation.SPLIT_ROWS on slice (403, 11) (remaining tasks 38)
2025-04-21 23:12:51,860 [DEBUG]  		found 2 row clusters (in 0.03613 secs)
2025-04-21 23:12:51,860 [DEBUG]  OP: Operation.SPLIT_ROWS on slice (351, 11) (remaining tasks 39)
2025-04-21 23:12:51,889 [DEBUG]  		found 2 row clusters (in 0.02906 secs)
2025-04-21 23:12:51,890 [DEBUG]  OP: Operation.NAIVE_FACTORIZATION on slice (15, 11) (remaining tasks 40)
2025-04-21 23:12:51,892 [DEBUG]  		naive factorization 11 columns (in 0.00256 secs)
2025-04-21 23:12:51,892 [DEBUG]  OP: Operation.NAIVE_FACTORIZATION on slice (71, 11) (remaining tasks 39)
2025-04-21 23:12:51,896 [DEBUG]  		naive factorization 11 columns (in 0.00363 secs)
2025-04-21 23:12:51,896 [DEBUG]  OP: Operation.NAIVE_FACTORIZATION on slice (70, 11) (remaining tasks 38)
2025-04-21 23:12:51,902 [DEBUG]  		naive factorization 11 columns (in 0.00512 secs)
2025-04-21 23:12:51,902 [DEBUG]  OP: Operation.NAIVE_FACTORIZATION on slice (45, 11) (remaining tasks 37)
2025-04-21 23:12:51,906 [DEBUG]  		naive factorization 11 columns (in 0.00371 secs)
2025-04-21 23:12:51,906 [DEBUG]  OP: Operation.SPLIT_COLUMNS on slice (548, 8) (remaining tasks 36)
2025-04-21 23:12:53,081 [DEBUG]  		found 1 col clusters (in 1.17541 secs)
2025-04-21 23:12:53,082 [DEBUG]  OP: Operation.SPLIT_COLUMNS on slice (224, 8) (remaining tasks 36)
2025-04-21 23:12:53,717 [DEBUG]  		found 1 col clusters (in 0.63520 secs)
2025-04-21 23:12:53,718 [DEBUG]  OP: Operation.NAIVE_FACTORIZATION on slice (53, 8) (remaining tasks 36)
2025-04-21 23:12:53,724 [DEBUG]  		naive factorization 8 columns (in 0.00646 secs)
2025-04-21 23:12:53,725 [DEBUG]  OP: Operation.SPLIT_COLUMNS on slice (81, 8) (remaining tasks 35)
2025-04-21 23:12:53,966 [DEBUG]  		found 1 col clusters (in 0.24122 secs)
2025-04-21 23:12:53,967 [DEBUG]  OP: Operation.SPLIT_ROWS on slice (119, 10) (remaining tasks 35)
2025-04-21 23:12:53,996 [DEBUG]  		found 2 row clusters (in 0.02950 secs)
2025-04-21 23:12:53,997 [DEBUG]  OP: Operation.SPLIT_ROWS on slice (107, 10) (remaining tasks 36)
2025-04-21 23:12:54,035 [DEBUG]  		found 2 row clusters (in 0.03865 secs)
2025-04-21 23:12:54,036 [DEBUG]  OP: Operation.SPLIT_COLUMNS on slice (308, 11) (remaining tasks 37)
2025-04-21 23:12:55,734 [DEBUG]  		found 1 col clusters (in 1.69800 secs)
2025-04-21 23:12:55,734 [DEBUG]  OP: Operation.SPLIT_COLUMNS on slice (152, 11) (remaining tasks 37)
2025-04-21 23:12:56,096 [DEBUG]  		found 1 col clusters (in 0.36190 secs)
2025-04-21 23:12:56,097 [DEBUG]  OP: Operation.NAIVE_FACTORIZATION on slice (47, 11) (remaining tasks 37)
2025-04-21 23:12:56,103 [DEBUG]  		naive factorization 11 columns (in 0.00583 secs)
2025-04-21 23:12:56,103 [DEBUG]  OP: Operation.NAIVE_FACTORIZATION on slice (28, 11) (remaining tasks 36)
2025-04-21 23:12:56,106 [DEBUG]  		naive factorization 11 columns (in 0.00277 secs)
2025-04-21 23:12:56,107 [DEBUG]  OP: Operation.SPLIT_ROWS on slice (505, 10) (remaining tasks 35)
2025-04-21 23:12:56,162 [DEBUG]  		found 2 row clusters (in 0.05538 secs)
2025-04-21 23:12:56,163 [DEBUG]  OP: Operation.NAIVE_FACTORIZATION on slice (57, 11) (remaining tasks 36)
2025-04-21 23:12:56,169 [DEBUG]  		naive factorization 11 columns (in 0.00613 secs)
2025-04-21 23:12:56,169 [DEBUG]  OP: Operation.SPLIT_COLUMNS on slice (79, 11) (remaining tasks 35)
2025-04-21 23:12:56,383 [DEBUG]  		found 1 col clusters (in 0.21348 secs)
2025-04-21 23:12:56,383 [DEBUG]  OP: Operation.SPLIT_COLUMNS on slice (179, 11) (remaining tasks 35)
2025-04-21 23:12:56,703 [DEBUG]  		found 1 col clusters (in 0.31905 secs)
2025-04-21 23:12:56,703 [DEBUG]  OP: Operation.SPLIT_COLUMNS on slice (349, 11) (remaining tasks 35)
2025-04-21 23:12:58,939 [DEBUG]  		found 1 col clusters (in 2.23548 secs)
2025-04-21 23:12:58,939 [DEBUG]  OP: Operation.SPLIT_COLUMNS on slice (139, 11) (remaining tasks 35)
2025-04-21 23:12:59,297 [DEBUG]  		found 1 col clusters (in 0.35775 secs)
2025-04-21 23:12:59,298 [DEBUG]  OP: Operation.SPLIT_COLUMNS on slice (322, 11) (remaining tasks 35)
2025-04-21 23:13:01,257 [DEBUG]  		found 1 col clusters (in 1.95896 secs)
2025-04-21 23:13:01,257 [DEBUG]  OP: Operation.SPLIT_COLUMNS on slice (272, 11) (remaining tasks 35)
2025-04-21 23:13:03,035 [DEBUG]  		found 2 col clusters (in 1.77756 secs)
2025-04-21 23:13:03,036 [DEBUG]  OP: Operation.SPLIT_COLUMNS on slice (293, 11) (remaining tasks 36)
2025-04-21 23:13:04,553 [DEBUG]  		found 1 col clusters (in 1.51713 secs)
2025-04-21 23:13:04,553 [DEBUG]  OP: Operation.SPLIT_COLUMNS on slice (467, 11) (remaining tasks 36)
2025-04-21 23:13:06,361 [DEBUG]  		found 1 col clusters (in 1.80722 secs)
2025-04-21 23:13:06,361 [DEBUG]  OP: Operation.SPLIT_COLUMNS on slice (303, 11) (remaining tasks 36)
2025-04-21 23:13:08,062 [DEBUG]  		found 1 col clusters (in 1.70000 secs)
2025-04-21 23:13:08,062 [DEBUG]  OP: Operation.SPLIT_COLUMNS on slice (155, 11) (remaining tasks 36)
2025-04-21 23:13:08,489 [DEBUG]  		found 1 col clusters (in 0.42714 secs)
2025-04-21 23:13:08,490 [DEBUG]  OP: Operation.SPLIT_COLUMNS on slice (88, 11) (remaining tasks 36)
2025-04-21 23:13:08,714 [DEBUG]  		found 1 col clusters (in 0.22360 secs)
2025-04-21 23:13:08,714 [DEBUG]  OP: Operation.SPLIT_COLUMNS on slice (157, 11) (remaining tasks 36)
2025-04-21 23:13:09,031 [DEBUG]  		found 1 col clusters (in 0.31632 secs)
2025-04-21 23:13:09,031 [DEBUG]  OP: Operation.SPLIT_COLUMNS on slice (86, 11) (remaining tasks 36)
2025-04-21 23:13:09,308 [DEBUG]  		found 1 col clusters (in 0.27699 secs)
2025-04-21 23:13:09,309 [DEBUG]  OP: Operation.SPLIT_COLUMNS on slice (101, 11) (remaining tasks 36)
2025-04-21 23:13:09,526 [DEBUG]  		found 1 col clusters (in 0.21698 secs)
2025-04-21 23:13:09,526 [DEBUG]  OP: Operation.NAIVE_FACTORIZATION on slice (71, 11) (remaining tasks 36)
2025-04-21 23:13:09,530 [DEBUG]  		naive factorization 11 columns (in 0.00357 secs)
2025-04-21 23:13:09,531 [DEBUG]  OP: Operation.SPLIT_COLUMNS on slice (99, 11) (remaining tasks 35)
2025-04-21 23:13:09,747 [DEBUG]  		found 1 col clusters (in 0.21645 secs)
2025-04-21 23:13:09,748 [DEBUG]  OP: Operation.NAIVE_FACTORIZATION on slice (53, 11) (remaining tasks 35)
2025-04-21 23:13:09,752 [DEBUG]  		naive factorization 11 columns (in 0.00381 secs)
2025-04-21 23:13:09,752 [DEBUG]  OP: Operation.SPLIT_COLUMNS on slice (191, 11) (remaining tasks 34)
2025-04-21 23:13:10,073 [DEBUG]  		found 2 col clusters (in 0.32085 secs)
2025-04-21 23:13:10,074 [DEBUG]  OP: Operation.SPLIT_COLUMNS on slice (207, 11) (remaining tasks 35)
2025-04-21 23:13:11,808 [DEBUG]  		found 1 col clusters (in 1.73382 secs)
2025-04-21 23:13:11,808 [DEBUG]  OP: Operation.SPLIT_COLUMNS on slice (92, 11) (remaining tasks 35)
2025-04-21 23:13:12,064 [DEBUG]  		found 1 col clusters (in 0.25573 secs)
2025-04-21 23:13:12,065 [DEBUG]  OP: Operation.SPLIT_COLUMNS on slice (163, 11) (remaining tasks 35)
2025-04-21 23:13:12,391 [DEBUG]  		found 1 col clusters (in 0.32617 secs)
2025-04-21 23:13:12,391 [DEBUG]  OP: Operation.SPLIT_COLUMNS on slice (241, 11) (remaining tasks 35)
2025-04-21 23:13:13,769 [DEBUG]  		found 1 col clusters (in 1.37742 secs)
2025-04-21 23:13:13,769 [DEBUG]  OP: Operation.SPLIT_COLUMNS on slice (162, 11) (remaining tasks 35)
2025-04-21 23:13:14,176 [DEBUG]  		found 1 col clusters (in 0.40644 secs)
2025-04-21 23:13:14,177 [DEBUG]  OP: Operation.SPLIT_COLUMNS on slice (114, 11) (remaining tasks 35)
2025-04-21 23:13:14,446 [DEBUG]  		found 1 col clusters (in 0.26946 secs)
2025-04-21 23:13:14,447 [DEBUG]  OP: Operation.SPLIT_COLUMNS on slice (237, 11) (remaining tasks 35)
2025-04-21 23:13:16,057 [DEBUG]  		found 1 col clusters (in 1.60958 secs)
2025-04-21 23:13:16,057 [DEBUG]  OP: Operation.SPLIT_ROWS on slice (548, 8) (remaining tasks 35)
2025-04-21 23:13:16,172 [DEBUG]  		found 2 row clusters (in 0.11457 secs)
2025-04-21 23:13:16,172 [DEBUG]  OP: Operation.SPLIT_ROWS on slice (224, 8) (remaining tasks 36)
2025-04-21 23:13:16,189 [DEBUG]  		found 2 row clusters (in 0.01691 secs)
2025-04-21 23:13:16,189 [DEBUG]  OP: Operation.SPLIT_ROWS on slice (81, 8) (remaining tasks 37)
2025-04-21 23:13:16,204 [DEBUG]  		found 2 row clusters (in 0.01486 secs)
2025-04-21 23:13:16,204 [DEBUG]  OP: Operation.SPLIT_COLUMNS on slice (101, 10) (remaining tasks 38)
2025-04-21 23:13:16,413 [DEBUG]  		found 1 col clusters (in 0.20893 secs)
2025-04-21 23:13:16,414 [DEBUG]  OP: Operation.NAIVE_FACTORIZATION on slice (18, 10) (remaining tasks 38)
2025-04-21 23:13:16,418 [DEBUG]  		naive factorization 10 columns (in 0.00356 secs)
2025-04-21 23:13:16,418 [DEBUG]  OP: Operation.SPLIT_COLUMNS on slice (92, 10) (remaining tasks 37)
2025-04-21 23:13:16,644 [DEBUG]  		found 1 col clusters (in 0.22532 secs)
2025-04-21 23:13:16,644 [DEBUG]  OP: Operation.NAIVE_FACTORIZATION on slice (15, 10) (remaining tasks 37)
2025-04-21 23:13:16,648 [DEBUG]  		naive factorization 10 columns (in 0.00406 secs)
2025-04-21 23:13:16,649 [DEBUG]  OP: Operation.SPLIT_ROWS on slice (308, 11) (remaining tasks 36)
2025-04-21 23:13:16,710 [DEBUG]  		found 2 row clusters (in 0.06097 secs)
2025-04-21 23:13:16,710 [DEBUG]  OP: Operation.SPLIT_ROWS on slice (152, 11) (remaining tasks 37)
2025-04-21 23:13:16,738 [DEBUG]  		found 2 row clusters (in 0.02788 secs)
2025-04-21 23:13:16,739 [DEBUG]  OP: Operation.SPLIT_COLUMNS on slice (252, 10) (remaining tasks 38)
2025-04-21 23:13:17,891 [DEBUG]  		found 2 col clusters (in 1.15237 secs)
2025-04-21 23:13:17,892 [DEBUG]  OP: Operation.SPLIT_COLUMNS on slice (253, 10) (remaining tasks 39)
2025-04-21 23:13:19,500 [DEBUG]  		found 1 col clusters (in 1.60826 secs)
2025-04-21 23:13:19,500 [DEBUG]  OP: Operation.SPLIT_ROWS on slice (79, 11) (remaining tasks 39)
2025-04-21 23:13:19,564 [DEBUG]  		found 2 row clusters (in 0.06301 secs)
2025-04-21 23:13:19,564 [DEBUG]  OP: Operation.SPLIT_ROWS on slice (179, 11) (remaining tasks 40)
2025-04-21 23:13:19,584 [DEBUG]  		found 2 row clusters (in 0.02032 secs)
2025-04-21 23:13:19,584 [DEBUG]  OP: Operation.SPLIT_ROWS on slice (349, 11) (remaining tasks 41)
2025-04-21 23:13:19,611 [DEBUG]  		found 2 row clusters (in 0.02678 secs)
2025-04-21 23:13:19,612 [DEBUG]  OP: Operation.SPLIT_ROWS on slice (139, 11) (remaining tasks 42)
2025-04-21 23:13:19,629 [DEBUG]  		found 2 row clusters (in 0.01766 secs)
2025-04-21 23:13:19,629 [DEBUG]  OP: Operation.SPLIT_ROWS on slice (322, 11) (remaining tasks 43)
2025-04-21 23:13:19,657 [DEBUG]  		found 2 row clusters (in 0.02752 secs)
2025-04-21 23:13:19,657 [DEBUG]  OP: Operation.SPLIT_COLUMNS on slice (272, 10) (remaining tasks 44)
2025-04-21 23:13:20,976 [DEBUG]  		found 1 col clusters (in 1.31853 secs)
2025-04-21 23:13:20,976 [DEBUG]  OP: Operation.CREATE_LEAF on slice (272, 1) (remaining tasks 44)
2025-04-21 23:13:20,977 [DEBUG]  		 created leaf IdentityNumericLeaf for scope=[2] (in 0.00047 secs)
2025-04-21 23:13:20,977 [DEBUG]  OP: Operation.SPLIT_ROWS on slice (293, 11) (remaining tasks 43)
2025-04-21 23:13:21,041 [DEBUG]  		found 2 row clusters (in 0.06304 secs)
2025-04-21 23:13:21,041 [DEBUG]  OP: Operation.SPLIT_ROWS on slice (467, 11) (remaining tasks 44)
2025-04-21 23:13:21,097 [DEBUG]  		found 2 row clusters (in 0.05583 secs)
2025-04-21 23:13:21,098 [DEBUG]  OP: Operation.SPLIT_ROWS on slice (303, 11) (remaining tasks 45)
2025-04-21 23:13:21,130 [DEBUG]  		found 2 row clusters (in 0.03258 secs)
2025-04-21 23:13:21,130 [DEBUG]  OP: Operation.SPLIT_ROWS on slice (155, 11) (remaining tasks 46)
2025-04-21 23:13:21,149 [DEBUG]  		found 2 row clusters (in 0.01823 secs)
2025-04-21 23:13:21,149 [DEBUG]  OP: Operation.SPLIT_ROWS on slice (88, 11) (remaining tasks 47)
2025-04-21 23:13:21,167 [DEBUG]  		found 2 row clusters (in 0.01797 secs)
2025-04-21 23:13:21,167 [DEBUG]  OP: Operation.SPLIT_ROWS on slice (157, 11) (remaining tasks 48)
2025-04-21 23:13:21,185 [DEBUG]  		found 2 row clusters (in 0.01812 secs)
2025-04-21 23:13:21,186 [DEBUG]  OP: Operation.SPLIT_ROWS on slice (86, 11) (remaining tasks 49)
2025-04-21 23:13:21,200 [DEBUG]  		found 2 row clusters (in 0.01485 secs)
2025-04-21 23:13:21,201 [DEBUG]  OP: Operation.SPLIT_ROWS on slice (101, 11) (remaining tasks 50)
2025-04-21 23:13:21,221 [DEBUG]  		found 2 row clusters (in 0.01993 secs)
2025-04-21 23:13:21,221 [DEBUG]  OP: Operation.SPLIT_ROWS on slice (99, 11) (remaining tasks 51)
2025-04-21 23:13:21,240 [DEBUG]  		found 2 row clusters (in 0.01893 secs)
2025-04-21 23:13:21,240 [DEBUG]  OP: Operation.SPLIT_COLUMNS on slice (191, 10) (remaining tasks 52)
2025-04-21 23:13:21,548 [DEBUG]  		found 1 col clusters (in 0.30827 secs)
2025-04-21 23:13:21,549 [DEBUG]  OP: Operation.CREATE_LEAF on slice (191, 1) (remaining tasks 52)
2025-04-21 23:13:21,549 [DEBUG]  		 created leaf IdentityNumericLeaf for scope=[5] (in 0.00030 secs)
2025-04-21 23:13:21,549 [DEBUG]  OP: Operation.SPLIT_ROWS on slice (207, 11) (remaining tasks 51)
2025-04-21 23:13:21,591 [DEBUG]  		found 2 row clusters (in 0.04149 secs)
2025-04-21 23:13:21,591 [DEBUG]  OP: Operation.SPLIT_ROWS on slice (92, 11) (remaining tasks 52)
2025-04-21 23:13:21,628 [DEBUG]  		found 2 row clusters (in 0.03686 secs)
2025-04-21 23:13:21,628 [DEBUG]  OP: Operation.SPLIT_ROWS on slice (163, 11) (remaining tasks 53)
2025-04-21 23:13:21,660 [DEBUG]  		found 2 row clusters (in 0.03112 secs)
2025-04-21 23:13:21,660 [DEBUG]  OP: Operation.SPLIT_ROWS on slice (241, 11) (remaining tasks 54)
2025-04-21 23:13:21,685 [DEBUG]  		found 2 row clusters (in 0.02535 secs)
2025-04-21 23:13:21,686 [DEBUG]  OP: Operation.SPLIT_ROWS on slice (162, 11) (remaining tasks 55)
2025-04-21 23:13:21,703 [DEBUG]  		found 2 row clusters (in 0.01760 secs)
2025-04-21 23:13:21,703 [DEBUG]  OP: Operation.SPLIT_ROWS on slice (114, 11) (remaining tasks 56)
2025-04-21 23:13:21,721 [DEBUG]  		found 2 row clusters (in 0.01795 secs)
2025-04-21 23:13:21,722 [DEBUG]  OP: Operation.SPLIT_ROWS on slice (237, 11) (remaining tasks 57)
2025-04-21 23:13:21,744 [DEBUG]  		found 2 row clusters (in 0.02250 secs)
2025-04-21 23:13:21,744 [DEBUG]  OP: Operation.SPLIT_COLUMNS on slice (256, 8) (remaining tasks 58)
2025-04-21 23:13:22,498 [DEBUG]  		found 1 col clusters (in 0.75310 secs)
2025-04-21 23:13:22,498 [DEBUG]  OP: Operation.SPLIT_COLUMNS on slice (292, 8) (remaining tasks 58)
2025-04-21 23:13:23,413 [DEBUG]  		found 1 col clusters (in 0.91517 secs)
2025-04-21 23:13:23,414 [DEBUG]  OP: Operation.SPLIT_COLUMNS on slice (152, 8) (remaining tasks 58)
2025-04-21 23:13:23,581 [DEBUG]  		found 1 col clusters (in 0.16701 secs)
2025-04-21 23:13:23,581 [DEBUG]  OP: Operation.NAIVE_FACTORIZATION on slice (72, 8) (remaining tasks 58)
2025-04-21 23:13:23,588 [DEBUG]  		naive factorization 8 columns (in 0.00594 secs)
2025-04-21 23:13:23,588 [DEBUG]  OP: Operation.NAIVE_FACTORIZATION on slice (41, 8) (remaining tasks 57)
2025-04-21 23:13:23,592 [DEBUG]  		naive factorization 8 columns (in 0.00424 secs)
2025-04-21 23:13:23,593 [DEBUG]  OP: Operation.NAIVE_FACTORIZATION on slice (40, 8) (remaining tasks 56)
2025-04-21 23:13:23,597 [DEBUG]  		naive factorization 8 columns (in 0.00406 secs)
2025-04-21 23:13:23,597 [DEBUG]  OP: Operation.SPLIT_ROWS on slice (101, 10) (remaining tasks 55)
2025-04-21 23:13:23,652 [DEBUG]  		found 2 row clusters (in 0.05414 secs)
2025-04-21 23:13:23,653 [DEBUG]  OP: Operation.SPLIT_ROWS on slice (92, 10) (remaining tasks 56)
2025-04-21 23:13:23,705 [DEBUG]  		found 2 row clusters (in 0.05153 secs)
2025-04-21 23:13:23,705 [DEBUG]  OP: Operation.SPLIT_COLUMNS on slice (153, 11) (remaining tasks 57)
2025-04-21 23:13:24,015 [DEBUG]  		found 1 col clusters (in 0.31027 secs)
2025-04-21 23:13:24,016 [DEBUG]  OP: Operation.SPLIT_COLUMNS on slice (155, 11) (remaining tasks 57)
2025-04-21 23:13:24,255 [DEBUG]  		found 1 col clusters (in 0.23915 secs)
2025-04-21 23:13:24,255 [DEBUG]  OP: Operation.SPLIT_COLUMNS on slice (115, 11) (remaining tasks 57)
2025-04-21 23:13:24,594 [DEBUG]  		found 1 col clusters (in 0.33808 secs)
2025-04-21 23:13:24,594 [DEBUG]  OP: Operation.NAIVE_FACTORIZATION on slice (37, 11) (remaining tasks 57)
2025-04-21 23:13:24,598 [DEBUG]  		naive factorization 11 columns (in 0.00376 secs)
2025-04-21 23:13:24,599 [DEBUG]  OP: Operation.SPLIT_COLUMNS on slice (252, 9) (remaining tasks 56)
2025-04-21 23:13:25,537 [DEBUG]  		found 1 col clusters (in 0.93778 secs)
2025-04-21 23:13:25,537 [DEBUG]  OP: Operation.CREATE_LEAF on slice (252, 1) (remaining tasks 56)
2025-04-21 23:13:25,538 [DEBUG]  		 created leaf IdentityNumericLeaf for scope=[2] (in 0.00045 secs)
2025-04-21 23:13:25,538 [DEBUG]  OP: Operation.SPLIT_ROWS on slice (253, 10) (remaining tasks 55)
2025-04-21 23:13:25,697 [DEBUG]  		found 2 row clusters (in 0.15918 secs)
2025-04-21 23:13:25,699 [DEBUG]  OP: Operation.NAIVE_FACTORIZATION on slice (52, 11) (remaining tasks 56)
2025-04-21 23:13:25,710 [DEBUG]  		naive factorization 11 columns (in 0.00937 secs)
2025-04-21 23:13:25,710 [DEBUG]  OP: Operation.NAIVE_FACTORIZATION on slice (27, 11) (remaining tasks 55)
2025-04-21 23:13:25,714 [DEBUG]  		naive factorization 11 columns (in 0.00327 secs)
2025-04-21 23:13:25,714 [DEBUG]  OP: Operation.NAIVE_FACTORIZATION on slice (52, 11) (remaining tasks 54)
2025-04-21 23:13:25,717 [DEBUG]  		naive factorization 11 columns (in 0.00256 secs)
2025-04-21 23:13:25,717 [DEBUG]  OP: Operation.SPLIT_COLUMNS on slice (127, 11) (remaining tasks 53)
2025-04-21 23:13:25,926 [DEBUG]  		found 1 col clusters (in 0.20832 secs)
2025-04-21 23:13:25,926 [DEBUG]  OP: Operation.SPLIT_COLUMNS on slice (187, 11) (remaining tasks 53)
2025-04-21 23:13:26,258 [DEBUG]  		found 1 col clusters (in 0.33138 secs)
2025-04-21 23:13:26,258 [DEBUG]  OP: Operation.SPLIT_COLUMNS on slice (162, 11) (remaining tasks 53)
2025-04-21 23:13:26,642 [DEBUG]  		found 1 col clusters (in 0.38297 secs)
2025-04-21 23:13:26,642 [DEBUG]  OP: Operation.SPLIT_COLUMNS on slice (80, 11) (remaining tasks 53)
2025-04-21 23:13:26,917 [DEBUG]  		found 1 col clusters (in 0.27448 secs)
2025-04-21 23:13:26,917 [DEBUG]  OP: Operation.NAIVE_FACTORIZATION on slice (59, 11) (remaining tasks 53)
2025-04-21 23:13:26,922 [DEBUG]  		naive factorization 11 columns (in 0.00479 secs)
2025-04-21 23:13:26,923 [DEBUG]  OP: Operation.SPLIT_COLUMNS on slice (121, 11) (remaining tasks 52)
2025-04-21 23:13:27,142 [DEBUG]  		found 1 col clusters (in 0.21924 secs)
2025-04-21 23:13:27,143 [DEBUG]  OP: Operation.SPLIT_COLUMNS on slice (201, 11) (remaining tasks 52)
2025-04-21 23:13:28,651 [DEBUG]  		found 2 col clusters (in 1.50811 secs)
2025-04-21 23:13:28,651 [DEBUG]  OP: Operation.SPLIT_ROWS on slice (272, 10) (remaining tasks 53)
2025-04-21 23:13:28,718 [DEBUG]  		found 2 row clusters (in 0.06699 secs)
2025-04-21 23:13:28,719 [DEBUG]  OP: Operation.SPLIT_COLUMNS on slice (117, 11) (remaining tasks 54)
2025-04-21 23:13:28,947 [DEBUG]  		found 1 col clusters (in 0.22831 secs)
2025-04-21 23:13:28,948 [DEBUG]  OP: Operation.SPLIT_COLUMNS on slice (176, 11) (remaining tasks 54)
2025-04-21 23:13:29,268 [DEBUG]  		found 1 col clusters (in 0.32064 secs)
2025-04-21 23:13:29,269 [DEBUG]  OP: Operation.SPLIT_COLUMNS on slice (235, 11) (remaining tasks 54)
2025-04-21 23:13:30,718 [DEBUG]  		found 1 col clusters (in 1.44855 secs)
2025-04-21 23:13:30,718 [DEBUG]  OP: Operation.SPLIT_COLUMNS on slice (232, 11) (remaining tasks 54)
2025-04-21 23:13:32,316 [DEBUG]  		found 1 col clusters (in 1.59737 secs)
2025-04-21 23:13:32,316 [DEBUG]  OP: Operation.SPLIT_COLUMNS on slice (106, 11) (remaining tasks 54)
2025-04-21 23:13:32,543 [DEBUG]  		found 1 col clusters (in 0.22650 secs)
2025-04-21 23:13:32,543 [DEBUG]  OP: Operation.SPLIT_COLUMNS on slice (197, 11) (remaining tasks 54)
2025-04-21 23:13:33,919 [DEBUG]  		found 1 col clusters (in 1.37535 secs)
2025-04-21 23:13:33,919 [DEBUG]  OP: Operation.NAIVE_FACTORIZATION on slice (61, 11) (remaining tasks 54)
2025-04-21 23:13:33,925 [DEBUG]  		naive factorization 11 columns (in 0.00606 secs)
2025-04-21 23:13:33,926 [DEBUG]  OP: Operation.SPLIT_COLUMNS on slice (94, 11) (remaining tasks 53)
2025-04-21 23:13:34,206 [DEBUG]  		found 1 col clusters (in 0.28035 secs)
2025-04-21 23:13:34,207 [DEBUG]  OP: Operation.NAIVE_FACTORIZATION on slice (44, 11) (remaining tasks 53)
2025-04-21 23:13:34,211 [DEBUG]  		naive factorization 11 columns (in 0.00435 secs)
2025-04-21 23:13:34,212 [DEBUG]  OP: Operation.NAIVE_FACTORIZATION on slice (44, 11) (remaining tasks 52)
2025-04-21 23:13:34,216 [DEBUG]  		naive factorization 11 columns (in 0.00390 secs)
2025-04-21 23:13:34,216 [DEBUG]  OP: Operation.SPLIT_COLUMNS on slice (78, 11) (remaining tasks 51)
2025-04-21 23:13:34,436 [DEBUG]  		found 1 col clusters (in 0.21913 secs)
2025-04-21 23:13:34,437 [DEBUG]  OP: Operation.SPLIT_COLUMNS on slice (79, 11) (remaining tasks 51)
2025-04-21 23:13:34,655 [DEBUG]  		found 1 col clusters (in 0.21853 secs)
2025-04-21 23:13:34,656 [DEBUG]  OP: Operation.NAIVE_FACTORIZATION on slice (46, 11) (remaining tasks 51)
2025-04-21 23:13:34,661 [DEBUG]  		naive factorization 11 columns (in 0.00447 secs)
2025-04-21 23:13:34,661 [DEBUG]  OP: Operation.NAIVE_FACTORIZATION on slice (40, 11) (remaining tasks 50)
2025-04-21 23:13:34,665 [DEBUG]  		naive factorization 11 columns (in 0.00385 secs)
2025-04-21 23:13:34,666 [DEBUG]  OP: Operation.NAIVE_FACTORIZATION on slice (18, 11) (remaining tasks 49)
2025-04-21 23:13:34,670 [DEBUG]  		naive factorization 11 columns (in 0.00390 secs)
2025-04-21 23:13:34,670 [DEBUG]  OP: Operation.SPLIT_COLUMNS on slice (83, 11) (remaining tasks 48)
2025-04-21 23:13:34,890 [DEBUG]  		found 1 col clusters (in 0.21907 secs)
2025-04-21 23:13:34,890 [DEBUG]  OP: Operation.NAIVE_FACTORIZATION on slice (49, 11) (remaining tasks 48)
2025-04-21 23:13:34,895 [DEBUG]  		naive factorization 11 columns (in 0.00441 secs)
2025-04-21 23:13:34,895 [DEBUG]  OP: Operation.NAIVE_FACTORIZATION on slice (50, 11) (remaining tasks 47)
2025-04-21 23:13:34,900 [DEBUG]  		naive factorization 11 columns (in 0.00462 secs)
2025-04-21 23:13:34,901 [DEBUG]  OP: Operation.SPLIT_ROWS on slice (191, 10) (remaining tasks 46)
2025-04-21 23:13:34,954 [DEBUG]  		found 2 row clusters (in 0.05335 secs)
2025-04-21 23:13:34,955 [DEBUG]  OP: Operation.SPLIT_COLUMNS on slice (79, 11) (remaining tasks 47)
2025-04-21 23:13:35,270 [DEBUG]  		found 1 col clusters (in 0.31513 secs)
2025-04-21 23:13:35,270 [DEBUG]  OP: Operation.SPLIT_COLUMNS on slice (128, 11) (remaining tasks 47)
2025-04-21 23:13:35,597 [DEBUG]  		found 1 col clusters (in 0.32622 secs)
2025-04-21 23:13:35,597 [DEBUG]  OP: Operation.NAIVE_FACTORIZATION on slice (68, 11) (remaining tasks 47)
2025-04-21 23:13:35,601 [DEBUG]  		naive factorization 11 columns (in 0.00392 secs)
2025-04-21 23:13:35,602 [DEBUG]  OP: Operation.NAIVE_FACTORIZATION on slice (24, 11) (remaining tasks 46)
2025-04-21 23:13:35,606 [DEBUG]  		naive factorization 11 columns (in 0.00373 secs)
2025-04-21 23:13:35,606 [DEBUG]  OP: Operation.SPLIT_COLUMNS on slice (81, 11) (remaining tasks 45)
2025-04-21 23:13:35,840 [DEBUG]  		found 1 col clusters (in 0.23368 secs)
2025-04-21 23:13:35,841 [DEBUG]  OP: Operation.SPLIT_COLUMNS on slice (82, 11) (remaining tasks 45)
2025-04-21 23:13:36,065 [DEBUG]  		found 1 col clusters (in 0.22386 secs)
2025-04-21 23:13:36,065 [DEBUG]  OP: Operation.SPLIT_COLUMNS on slice (118, 11) (remaining tasks 45)
2025-04-21 23:13:36,293 [DEBUG]  		found 1 col clusters (in 0.22771 secs)
2025-04-21 23:13:36,294 [DEBUG]  OP: Operation.SPLIT_COLUMNS on slice (123, 11) (remaining tasks 45)
2025-04-21 23:13:36,520 [DEBUG]  		found 1 col clusters (in 0.22650 secs)
2025-04-21 23:13:36,521 [DEBUG]  OP: Operation.SPLIT_COLUMNS on slice (89, 11) (remaining tasks 45)
2025-04-21 23:13:36,736 [DEBUG]  		found 1 col clusters (in 0.21525 secs)
2025-04-21 23:13:36,737 [DEBUG]  OP: Operation.NAIVE_FACTORIZATION on slice (73, 11) (remaining tasks 45)
2025-04-21 23:13:36,741 [DEBUG]  		naive factorization 11 columns (in 0.00451 secs)
2025-04-21 23:13:36,742 [DEBUG]  OP: Operation.NAIVE_FACTORIZATION on slice (57, 11) (remaining tasks 44)
2025-04-21 23:13:36,746 [DEBUG]  		naive factorization 11 columns (in 0.00390 secs)
2025-04-21 23:13:36,747 [DEBUG]  OP: Operation.NAIVE_FACTORIZATION on slice (57, 11) (remaining tasks 43)
2025-04-21 23:13:36,751 [DEBUG]  		naive factorization 11 columns (in 0.00436 secs)
2025-04-21 23:13:36,752 [DEBUG]  OP: Operation.SPLIT_COLUMNS on slice (170, 11) (remaining tasks 42)
2025-04-21 23:13:37,081 [DEBUG]  		found 2 col clusters (in 0.32923 secs)
2025-04-21 23:13:37,082 [DEBUG]  OP: Operation.NAIVE_FACTORIZATION on slice (67, 11) (remaining tasks 43)
2025-04-21 23:13:37,087 [DEBUG]  		naive factorization 11 columns (in 0.00491 secs)
2025-04-21 23:13:37,087 [DEBUG]  OP: Operation.SPLIT_ROWS on slice (256, 8) (remaining tasks 42)
2025-04-21 23:13:37,140 [DEBUG]  		found 2 row clusters (in 0.05278 secs)
2025-04-21 23:13:37,140 [DEBUG]  OP: Operation.SPLIT_ROWS on slice (292, 8) (remaining tasks 43)
2025-04-21 23:13:37,182 [DEBUG]  		found 2 row clusters (in 0.04104 secs)
2025-04-21 23:13:37,182 [DEBUG]  OP: Operation.SPLIT_ROWS on slice (152, 8) (remaining tasks 44)
2025-04-21 23:13:37,199 [DEBUG]  		found 2 row clusters (in 0.01740 secs)
2025-04-21 23:13:37,200 [DEBUG]  OP: Operation.NAIVE_FACTORIZATION on slice (45, 10) (remaining tasks 45)
2025-04-21 23:13:37,202 [DEBUG]  		naive factorization 10 columns (in 0.00198 secs)
2025-04-21 23:13:37,202 [DEBUG]  OP: Operation.NAIVE_FACTORIZATION on slice (56, 10) (remaining tasks 44)
2025-04-21 23:13:37,204 [DEBUG]  		naive factorization 10 columns (in 0.00186 secs)
2025-04-21 23:13:37,204 [DEBUG]  OP: Operation.NAIVE_FACTORIZATION on slice (42, 10) (remaining tasks 43)
2025-04-21 23:13:37,206 [DEBUG]  		naive factorization 10 columns (in 0.00153 secs)
2025-04-21 23:13:37,206 [DEBUG]  OP: Operation.NAIVE_FACTORIZATION on slice (50, 10) (remaining tasks 42)
2025-04-21 23:13:37,208 [DEBUG]  		naive factorization 10 columns (in 0.00207 secs)
2025-04-21 23:13:37,208 [DEBUG]  OP: Operation.SPLIT_ROWS on slice (153, 11) (remaining tasks 41)
2025-04-21 23:13:37,231 [DEBUG]  		found 2 row clusters (in 0.02275 secs)
2025-04-21 23:13:37,231 [DEBUG]  OP: Operation.SPLIT_ROWS on slice (155, 11) (remaining tasks 42)
2025-04-21 23:13:37,258 [DEBUG]  		found 2 row clusters (in 0.02627 secs)
2025-04-21 23:13:37,258 [DEBUG]  OP: Operation.SPLIT_ROWS on slice (115, 11) (remaining tasks 43)
2025-04-21 23:13:37,274 [DEBUG]  		found 2 row clusters (in 0.01643 secs)
2025-04-21 23:13:37,275 [DEBUG]  OP: Operation.SPLIT_ROWS on slice (252, 9) (remaining tasks 44)
2025-04-21 23:13:37,302 [DEBUG]  		found 2 row clusters (in 0.02709 secs)
2025-04-21 23:13:37,302 [DEBUG]  OP: Operation.SPLIT_COLUMNS on slice (233, 10) (remaining tasks 45)
2025-04-21 23:13:38,570 [DEBUG]  		found 1 col clusters (in 1.26826 secs)
2025-04-21 23:13:38,571 [DEBUG]  OP: Operation.NAIVE_FACTORIZATION on slice (20, 10) (remaining tasks 45)
2025-04-21 23:13:38,575 [DEBUG]  		naive factorization 10 columns (in 0.00455 secs)
2025-04-21 23:13:38,576 [DEBUG]  OP: Operation.SPLIT_ROWS on slice (127, 11) (remaining tasks 44)
2025-04-21 23:13:38,652 [DEBUG]  		found 2 row clusters (in 0.07642 secs)
2025-04-21 23:13:38,653 [DEBUG]  OP: Operation.SPLIT_ROWS on slice (187, 11) (remaining tasks 45)
2025-04-21 23:13:38,700 [DEBUG]  		found 2 row clusters (in 0.04709 secs)
2025-04-21 23:13:38,700 [DEBUG]  OP: Operation.SPLIT_ROWS on slice (162, 11) (remaining tasks 46)
2025-04-21 23:13:38,725 [DEBUG]  		found 2 row clusters (in 0.02437 secs)
2025-04-21 23:13:38,725 [DEBUG]  OP: Operation.SPLIT_ROWS on slice (80, 11) (remaining tasks 47)
2025-04-21 23:13:38,743 [DEBUG]  		found 2 row clusters (in 0.01814 secs)
2025-04-21 23:13:38,743 [DEBUG]  OP: Operation.SPLIT_ROWS on slice (121, 11) (remaining tasks 48)
2025-04-21 23:13:38,758 [DEBUG]  		found 2 row clusters (in 0.01509 secs)
2025-04-21 23:13:38,759 [DEBUG]  OP: Operation.SPLIT_COLUMNS on slice (201, 10) (remaining tasks 49)
2025-04-21 23:13:39,746 [DEBUG]  		found 1 col clusters (in 0.98702 secs)
2025-04-21 23:13:39,746 [DEBUG]  OP: Operation.CREATE_LEAF on slice (201, 1) (remaining tasks 49)
2025-04-21 23:13:39,747 [DEBUG]  		 created leaf IdentityNumericLeaf for scope=[6] (in 0.00036 secs)
2025-04-21 23:13:39,747 [DEBUG]  OP: Operation.SPLIT_COLUMNS on slice (123, 10) (remaining tasks 48)
2025-04-21 23:13:40,054 [DEBUG]  		found 1 col clusters (in 0.30653 secs)
2025-04-21 23:13:40,054 [DEBUG]  OP: Operation.SPLIT_COLUMNS on slice (149, 10) (remaining tasks 48)
2025-04-21 23:13:40,272 [DEBUG]  		found 1 col clusters (in 0.21745 secs)
2025-04-21 23:13:40,272 [DEBUG]  OP: Operation.SPLIT_ROWS on slice (117, 11) (remaining tasks 48)
2025-04-21 23:13:40,314 [DEBUG]  		found 2 row clusters (in 0.04210 secs)
2025-04-21 23:13:40,315 [DEBUG]  OP: Operation.SPLIT_ROWS on slice (176, 11) (remaining tasks 49)
2025-04-21 23:13:40,380 [DEBUG]  		found 2 row clusters (in 0.06522 secs)
2025-04-21 23:13:40,380 [DEBUG]  OP: Operation.SPLIT_ROWS on slice (235, 11) (remaining tasks 50)
2025-04-21 23:13:40,421 [DEBUG]  		found 2 row clusters (in 0.04060 secs)
2025-04-21 23:13:40,421 [DEBUG]  OP: Operation.SPLIT_ROWS on slice (232, 11) (remaining tasks 51)
2025-04-21 23:13:40,449 [DEBUG]  		found 2 row clusters (in 0.02727 secs)
2025-04-21 23:13:40,449 [DEBUG]  OP: Operation.SPLIT_ROWS on slice (106, 11) (remaining tasks 52)
2025-04-21 23:13:40,468 [DEBUG]  		found 2 row clusters (in 0.01894 secs)
2025-04-21 23:13:40,468 [DEBUG]  OP: Operation.SPLIT_ROWS on slice (197, 11) (remaining tasks 53)
2025-04-21 23:13:40,492 [DEBUG]  		found 2 row clusters (in 0.02349 secs)
2025-04-21 23:13:40,492 [DEBUG]  OP: Operation.SPLIT_ROWS on slice (94, 11) (remaining tasks 54)
2025-04-21 23:13:40,511 [DEBUG]  		found 2 row clusters (in 0.01904 secs)
2025-04-21 23:13:40,511 [DEBUG]  OP: Operation.SPLIT_ROWS on slice (78, 11) (remaining tasks 55)
2025-04-21 23:13:40,527 [DEBUG]  		found 2 row clusters (in 0.01541 secs)
2025-04-21 23:13:40,527 [DEBUG]  OP: Operation.SPLIT_ROWS on slice (79, 11) (remaining tasks 56)
2025-04-21 23:13:40,545 [DEBUG]  		found 2 row clusters (in 0.01759 secs)
2025-04-21 23:13:40,545 [DEBUG]  OP: Operation.SPLIT_ROWS on slice (83, 11) (remaining tasks 57)
2025-04-21 23:13:40,561 [DEBUG]  		found 2 row clusters (in 0.01627 secs)
2025-04-21 23:13:40,561 [DEBUG]  OP: Operation.SPLIT_COLUMNS on slice (84, 10) (remaining tasks 58)
2025-04-21 23:13:40,774 [DEBUG]  		found 1 col clusters (in 0.21236 secs)
2025-04-21 23:13:40,774 [DEBUG]  OP: Operation.SPLIT_COLUMNS on slice (107, 10) (remaining tasks 58)
2025-04-21 23:13:40,996 [DEBUG]  		found 1 col clusters (in 0.22146 secs)
2025-04-21 23:13:40,996 [DEBUG]  OP: Operation.SPLIT_ROWS on slice (79, 11) (remaining tasks 58)
2025-04-21 23:13:41,032 [DEBUG]  		found 2 row clusters (in 0.03577 secs)
2025-04-21 23:13:41,033 [DEBUG]  OP: Operation.SPLIT_ROWS on slice (128, 11) (remaining tasks 59)
2025-04-21 23:13:41,081 [DEBUG]  		found 2 row clusters (in 0.04777 secs)
2025-04-21 23:13:41,081 [DEBUG]  OP: Operation.SPLIT_ROWS on slice (81, 11) (remaining tasks 60)
2025-04-21 23:13:41,101 [DEBUG]  		found 2 row clusters (in 0.01992 secs)
2025-04-21 23:13:41,101 [DEBUG]  OP: Operation.SPLIT_ROWS on slice (82, 11) (remaining tasks 61)
2025-04-21 23:13:41,121 [DEBUG]  		found 2 row clusters (in 0.01996 secs)
2025-04-21 23:13:41,121 [DEBUG]  OP: Operation.SPLIT_ROWS on slice (118, 11) (remaining tasks 62)
2025-04-21 23:13:41,140 [DEBUG]  		found 2 row clusters (in 0.01816 secs)
2025-04-21 23:13:41,140 [DEBUG]  OP: Operation.SPLIT_ROWS on slice (123, 11) (remaining tasks 63)
2025-04-21 23:13:41,164 [DEBUG]  		found 2 row clusters (in 0.02364 secs)
2025-04-21 23:13:41,164 [DEBUG]  OP: Operation.SPLIT_ROWS on slice (89, 11) (remaining tasks 64)
2025-04-21 23:13:41,182 [DEBUG]  		found 2 row clusters (in 0.01820 secs)
2025-04-21 23:13:41,182 [DEBUG]  OP: Operation.SPLIT_COLUMNS on slice (170, 10) (remaining tasks 65)
2025-04-21 23:13:41,396 [DEBUG]  		found 1 col clusters (in 0.21344 secs)
2025-04-21 23:13:41,396 [DEBUG]  OP: Operation.CREATE_LEAF on slice (170, 1) (remaining tasks 65)
2025-04-21 23:13:41,396 [DEBUG]  		 created leaf IdentityNumericLeaf for scope=[5] (in 0.00029 secs)
2025-04-21 23:13:41,397 [DEBUG]  OP: Operation.SPLIT_COLUMNS on slice (98, 8) (remaining tasks 64)
2025-04-21 23:13:41,622 [DEBUG]  		found 1 col clusters (in 0.22567 secs)
2025-04-21 23:13:41,623 [DEBUG]  OP: Operation.SPLIT_COLUMNS on slice (158, 8) (remaining tasks 64)
2025-04-21 23:13:41,836 [DEBUG]  		found 1 col clusters (in 0.21265 secs)
2025-04-21 23:13:41,836 [DEBUG]  OP: Operation.NAIVE_FACTORIZATION on slice (8, 8) (remaining tasks 64)
2025-04-21 23:13:41,839 [DEBUG]  		naive factorization 8 columns (in 0.00270 secs)
2025-04-21 23:13:41,839 [DEBUG]  OP: Operation.SPLIT_COLUMNS on slice (284, 8) (remaining tasks 63)
2025-04-21 23:13:42,677 [DEBUG]  		found 1 col clusters (in 0.83786 secs)
2025-04-21 23:13:42,678 [DEBUG]  OP: Operation.SPLIT_COLUMNS on slice (138, 8) (remaining tasks 63)
2025-04-21 23:13:42,940 [DEBUG]  		found 1 col clusters (in 0.26177 secs)
2025-04-21 23:13:42,941 [DEBUG]  OP: Operation.NAIVE_FACTORIZATION on slice (14, 8) (remaining tasks 63)
2025-04-21 23:13:42,944 [DEBUG]  		naive factorization 8 columns (in 0.00271 secs)
2025-04-21 23:13:42,944 [DEBUG]  OP: Operation.NAIVE_FACTORIZATION on slice (7, 11) (remaining tasks 62)
2025-04-21 23:13:42,947 [DEBUG]  		naive factorization 11 columns (in 0.00273 secs)
2025-04-21 23:13:42,947 [DEBUG]  OP: Operation.SPLIT_COLUMNS on slice (146, 11) (remaining tasks 61)
2025-04-21 23:13:43,264 [DEBUG]  		found 2 col clusters (in 0.31687 secs)
2025-04-21 23:13:43,265 [DEBUG]  OP: Operation.NAIVE_FACTORIZATION on slice (62, 11) (remaining tasks 62)
2025-04-21 23:13:43,269 [DEBUG]  		naive factorization 11 columns (in 0.00456 secs)
2025-04-21 23:13:43,270 [DEBUG]  OP: Operation.SPLIT_COLUMNS on slice (93, 11) (remaining tasks 61)
2025-04-21 23:13:43,494 [DEBUG]  		found 1 col clusters (in 0.22400 secs)
2025-04-21 23:13:43,495 [DEBUG]  OP: Operation.NAIVE_FACTORIZATION on slice (36, 11) (remaining tasks 61)
2025-04-21 23:13:43,498 [DEBUG]  		naive factorization 11 columns (in 0.00363 secs)
2025-04-21 23:13:43,499 [DEBUG]  OP: Operation.SPLIT_COLUMNS on slice (79, 11) (remaining tasks 60)
2025-04-21 23:13:43,726 [DEBUG]  		found 1 col clusters (in 0.22712 secs)
2025-04-21 23:13:43,727 [DEBUG]  OP: Operation.SPLIT_COLUMNS on slice (234, 9) (remaining tasks 60)
2025-04-21 23:13:44,758 [DEBUG]  		found 1 col clusters (in 1.03058 secs)
2025-04-21 23:13:44,758 [DEBUG]  OP: Operation.NAIVE_FACTORIZATION on slice (18, 9) (remaining tasks 60)
2025-04-21 23:13:44,763 [DEBUG]  		naive factorization 9 columns (in 0.00499 secs)
2025-04-21 23:13:44,763 [DEBUG]  OP: Operation.SPLIT_ROWS on slice (233, 10) (remaining tasks 59)
2025-04-21 23:13:44,844 [DEBUG]  		found 2 row clusters (in 0.08097 secs)
2025-04-21 23:13:44,845 [DEBUG]  OP: Operation.SPLIT_COLUMNS on slice (91, 11) (remaining tasks 60)
2025-04-21 23:13:45,052 [DEBUG]  		found 1 col clusters (in 0.20710 secs)
2025-04-21 23:13:45,052 [DEBUG]  OP: Operation.NAIVE_FACTORIZATION on slice (36, 11) (remaining tasks 60)
2025-04-21 23:13:45,057 [DEBUG]  		naive factorization 11 columns (in 0.00490 secs)
2025-04-21 23:13:45,058 [DEBUG]  OP: Operation.SPLIT_COLUMNS on slice (172, 11) (remaining tasks 59)
2025-04-21 23:13:45,381 [DEBUG]  		found 1 col clusters (in 0.32328 secs)
2025-04-21 23:13:45,381 [DEBUG]  OP: Operation.NAIVE_FACTORIZATION on slice (15, 11) (remaining tasks 59)
2025-04-21 23:13:45,387 [DEBUG]  		naive factorization 11 columns (in 0.00497 secs)
2025-04-21 23:13:45,387 [DEBUG]  OP: Operation.SPLIT_COLUMNS on slice (99, 11) (remaining tasks 58)
2025-04-21 23:13:45,653 [DEBUG]  		found 1 col clusters (in 0.26638 secs)
2025-04-21 23:13:45,654 [DEBUG]  OP: Operation.NAIVE_FACTORIZATION on slice (63, 11) (remaining tasks 58)
2025-04-21 23:13:45,658 [DEBUG]  		naive factorization 11 columns (in 0.00409 secs)
2025-04-21 23:13:45,659 [DEBUG]  OP: Operation.NAIVE_FACTORIZATION on slice (67, 11) (remaining tasks 57)
2025-04-21 23:13:45,663 [DEBUG]  		naive factorization 11 columns (in 0.00397 secs)
2025-04-21 23:13:45,663 [DEBUG]  OP: Operation.NAIVE_FACTORIZATION on slice (13, 11) (remaining tasks 56)
2025-04-21 23:13:45,667 [DEBUG]  		naive factorization 11 columns (in 0.00364 secs)
2025-04-21 23:13:45,668 [DEBUG]  OP: Operation.NAIVE_FACTORIZATION on slice (65, 11) (remaining tasks 55)
2025-04-21 23:13:45,672 [DEBUG]  		naive factorization 11 columns (in 0.00382 secs)
2025-04-21 23:13:45,672 [DEBUG]  OP: Operation.NAIVE_FACTORIZATION on slice (56, 11) (remaining tasks 54)
2025-04-21 23:13:45,677 [DEBUG]  		naive factorization 11 columns (in 0.00457 secs)
2025-04-21 23:13:45,678 [DEBUG]  OP: Operation.SPLIT_ROWS on slice (201, 10) (remaining tasks 53)
2025-04-21 23:13:45,736 [DEBUG]  		found 2 row clusters (in 0.05811 secs)
2025-04-21 23:13:45,736 [DEBUG]  OP: Operation.SPLIT_ROWS on slice (123, 10) (remaining tasks 54)
2025-04-21 23:13:45,763 [DEBUG]  		found 2 row clusters (in 0.02706 secs)
2025-04-21 23:13:45,764 [DEBUG]  OP: Operation.SPLIT_ROWS on slice (149, 10) (remaining tasks 55)
2025-04-21 23:13:45,785 [DEBUG]  		found 2 row clusters (in 0.02178 secs)
2025-04-21 23:13:45,786 [DEBUG]  OP: Operation.NAIVE_FACTORIZATION on slice (71, 11) (remaining tasks 56)
2025-04-21 23:13:45,791 [DEBUG]  		naive factorization 11 columns (in 0.00484 secs)
2025-04-21 23:13:45,791 [DEBUG]  OP: Operation.NAIVE_FACTORIZATION on slice (46, 11) (remaining tasks 55)
2025-04-21 23:13:45,794 [DEBUG]  		naive factorization 11 columns (in 0.00352 secs)
2025-04-21 23:13:45,795 [DEBUG]  OP: Operation.SPLIT_COLUMNS on slice (108, 11) (remaining tasks 54)
2025-04-21 23:13:46,009 [DEBUG]  		found 1 col clusters (in 0.21436 secs)
2025-04-21 23:13:46,010 [DEBUG]  OP: Operation.NAIVE_FACTORIZATION on slice (68, 11) (remaining tasks 54)
2025-04-21 23:13:46,014 [DEBUG]  		naive factorization 11 columns (in 0.00449 secs)
2025-04-21 23:13:46,015 [DEBUG]  OP: Operation.SPLIT_COLUMNS on slice (134, 11) (remaining tasks 53)
2025-04-21 23:13:46,333 [DEBUG]  		found 1 col clusters (in 0.31754 secs)
2025-04-21 23:13:46,333 [DEBUG]  OP: Operation.SPLIT_COLUMNS on slice (101, 11) (remaining tasks 53)
2025-04-21 23:13:46,577 [DEBUG]  		found 1 col clusters (in 0.24416 secs)
2025-04-21 23:13:46,578 [DEBUG]  OP: Operation.SPLIT_COLUMNS on slice (142, 11) (remaining tasks 53)
2025-04-21 23:13:46,896 [DEBUG]  		found 1 col clusters (in 0.31804 secs)
2025-04-21 23:13:46,896 [DEBUG]  OP: Operation.SPLIT_COLUMNS on slice (90, 11) (remaining tasks 53)
2025-04-21 23:13:47,146 [DEBUG]  		found 1 col clusters (in 0.24950 secs)
2025-04-21 23:13:47,147 [DEBUG]  OP: Operation.SPLIT_COLUMNS on slice (96, 11) (remaining tasks 53)
2025-04-21 23:13:47,371 [DEBUG]  		found 1 col clusters (in 0.22364 secs)
2025-04-21 23:13:47,371 [DEBUG]  OP: Operation.NAIVE_FACTORIZATION on slice (10, 11) (remaining tasks 53)
2025-04-21 23:13:47,376 [DEBUG]  		naive factorization 11 columns (in 0.00429 secs)
2025-04-21 23:13:47,376 [DEBUG]  OP: Operation.SPLIT_COLUMNS on slice (91, 11) (remaining tasks 52)
2025-04-21 23:13:47,596 [DEBUG]  		found 1 col clusters (in 0.22007 secs)
2025-04-21 23:13:47,597 [DEBUG]  OP: Operation.SPLIT_COLUMNS on slice (106, 11) (remaining tasks 52)
2025-04-21 23:13:47,814 [DEBUG]  		found 1 col clusters (in 0.21674 secs)
2025-04-21 23:13:47,814 [DEBUG]  OP: Operation.NAIVE_FACTORIZATION on slice (44, 11) (remaining tasks 52)
2025-04-21 23:13:47,819 [DEBUG]  		naive factorization 11 columns (in 0.00426 secs)
2025-04-21 23:13:47,819 [DEBUG]  OP: Operation.NAIVE_FACTORIZATION on slice (50, 11) (remaining tasks 51)
2025-04-21 23:13:47,823 [DEBUG]  		naive factorization 11 columns (in 0.00392 secs)
2025-04-21 23:13:47,824 [DEBUG]  OP: Operation.NAIVE_FACTORIZATION on slice (56, 11) (remaining tasks 50)
2025-04-21 23:13:47,829 [DEBUG]  		naive factorization 11 columns (in 0.00515 secs)
2025-04-21 23:13:47,830 [DEBUG]  OP: Operation.NAIVE_FACTORIZATION on slice (22, 11) (remaining tasks 49)
2025-04-21 23:13:47,833 [DEBUG]  		naive factorization 11 columns (in 0.00360 secs)
2025-04-21 23:13:47,834 [DEBUG]  OP: Operation.NAIVE_FACTORIZATION on slice (28, 11) (remaining tasks 48)
2025-04-21 23:13:47,838 [DEBUG]  		naive factorization 11 columns (in 0.00362 secs)
2025-04-21 23:13:47,838 [DEBUG]  OP: Operation.NAIVE_FACTORIZATION on slice (51, 11) (remaining tasks 47)
2025-04-21 23:13:47,843 [DEBUG]  		naive factorization 11 columns (in 0.00476 secs)
2025-04-21 23:13:47,844 [DEBUG]  OP: Operation.NAIVE_FACTORIZATION on slice (51, 11) (remaining tasks 46)
2025-04-21 23:13:47,848 [DEBUG]  		naive factorization 11 columns (in 0.00381 secs)
2025-04-21 23:13:47,848 [DEBUG]  OP: Operation.NAIVE_FACTORIZATION on slice (32, 11) (remaining tasks 45)
2025-04-21 23:13:47,853 [DEBUG]  		naive factorization 11 columns (in 0.00433 secs)
2025-04-21 23:13:47,853 [DEBUG]  OP: Operation.SPLIT_ROWS on slice (84, 10) (remaining tasks 44)
2025-04-21 23:13:47,900 [DEBUG]  		found 2 row clusters (in 0.04599 secs)
2025-04-21 23:13:47,900 [DEBUG]  OP: Operation.SPLIT_ROWS on slice (107, 10) (remaining tasks 45)
2025-04-21 23:13:47,942 [DEBUG]  		found 2 row clusters (in 0.04204 secs)
2025-04-21 23:13:47,943 [DEBUG]  OP: Operation.NAIVE_FACTORIZATION on slice (28, 11) (remaining tasks 46)
2025-04-21 23:13:47,947 [DEBUG]  		naive factorization 11 columns (in 0.00450 secs)
2025-04-21 23:13:47,948 [DEBUG]  OP: Operation.NAIVE_FACTORIZATION on slice (51, 11) (remaining tasks 45)
2025-04-21 23:13:47,952 [DEBUG]  		naive factorization 11 columns (in 0.00442 secs)
2025-04-21 23:13:47,953 [DEBUG]  OP: Operation.NAIVE_FACTORIZATION on slice (17, 11) (remaining tasks 44)
2025-04-21 23:13:47,957 [DEBUG]  		naive factorization 11 columns (in 0.00383 secs)
2025-04-21 23:13:47,957 [DEBUG]  OP: Operation.SPLIT_COLUMNS on slice (111, 11) (remaining tasks 43)
2025-04-21 23:13:48,173 [DEBUG]  		found 1 col clusters (in 0.21587 secs)
2025-04-21 23:13:48,174 [DEBUG]  OP: Operation.NAIVE_FACTORIZATION on slice (47, 11) (remaining tasks 43)
2025-04-21 23:13:48,179 [DEBUG]  		naive factorization 11 columns (in 0.00484 secs)
2025-04-21 23:13:48,180 [DEBUG]  OP: Operation.NAIVE_FACTORIZATION on slice (34, 11) (remaining tasks 42)
2025-04-21 23:13:48,184 [DEBUG]  		naive factorization 11 columns (in 0.00401 secs)
2025-04-21 23:13:48,185 [DEBUG]  OP: Operation.NAIVE_FACTORIZATION on slice (30, 11) (remaining tasks 41)
2025-04-21 23:13:48,189 [DEBUG]  		naive factorization 11 columns (in 0.00394 secs)
2025-04-21 23:13:48,190 [DEBUG]  OP: Operation.NAIVE_FACTORIZATION on slice (52, 11) (remaining tasks 40)
2025-04-21 23:13:48,195 [DEBUG]  		naive factorization 11 columns (in 0.00502 secs)
2025-04-21 23:13:48,195 [DEBUG]  OP: Operation.NAIVE_FACTORIZATION on slice (53, 11) (remaining tasks 39)
2025-04-21 23:13:48,200 [DEBUG]  		naive factorization 11 columns (in 0.00448 secs)
2025-04-21 23:13:48,200 [DEBUG]  OP: Operation.NAIVE_FACTORIZATION on slice (65, 11) (remaining tasks 38)
2025-04-21 23:13:48,205 [DEBUG]  		naive factorization 11 columns (in 0.00396 secs)
2025-04-21 23:13:48,205 [DEBUG]  OP: Operation.SPLIT_COLUMNS on slice (111, 11) (remaining tasks 37)
2025-04-21 23:13:48,423 [DEBUG]  		found 1 col clusters (in 0.21759 secs)
2025-04-21 23:13:48,423 [DEBUG]  OP: Operation.NAIVE_FACTORIZATION on slice (12, 11) (remaining tasks 37)
2025-04-21 23:13:48,428 [DEBUG]  		naive factorization 11 columns (in 0.00444 secs)
2025-04-21 23:13:48,429 [DEBUG]  OP: Operation.NAIVE_FACTORIZATION on slice (56, 11) (remaining tasks 36)
2025-04-21 23:13:48,435 [DEBUG]  		naive factorization 11 columns (in 0.00572 secs)
2025-04-21 23:13:48,435 [DEBUG]  OP: Operation.NAIVE_FACTORIZATION on slice (33, 11) (remaining tasks 35)
2025-04-21 23:13:48,439 [DEBUG]  		naive factorization 11 columns (in 0.00402 secs)
2025-04-21 23:13:48,440 [DEBUG]  OP: Operation.SPLIT_ROWS on slice (170, 10) (remaining tasks 34)
2025-04-21 23:13:48,496 [DEBUG]  		found 2 row clusters (in 0.05550 secs)
2025-04-21 23:13:48,496 [DEBUG]  OP: Operation.SPLIT_ROWS on slice (98, 8) (remaining tasks 35)
2025-04-21 23:13:48,520 [DEBUG]  		found 2 row clusters (in 0.02417 secs)
2025-04-21 23:13:48,521 [DEBUG]  OP: Operation.SPLIT_ROWS on slice (158, 8) (remaining tasks 36)
2025-04-21 23:13:48,546 [DEBUG]  		found 2 row clusters (in 0.02513 secs)
2025-04-21 23:13:48,546 [DEBUG]  OP: Operation.SPLIT_ROWS on slice (284, 8) (remaining tasks 37)
2025-04-21 23:13:48,578 [DEBUG]  		found 2 row clusters (in 0.03194 secs)
2025-04-21 23:13:48,578 [DEBUG]  OP: Operation.SPLIT_ROWS on slice (138, 8) (remaining tasks 38)
2025-04-21 23:13:48,604 [DEBUG]  		found 2 row clusters (in 0.02511 secs)
2025-04-21 23:13:48,604 [DEBUG]  OP: Operation.SPLIT_COLUMNS on slice (146, 10) (remaining tasks 39)
2025-04-21 23:13:48,816 [DEBUG]  		found 1 col clusters (in 0.21241 secs)
2025-04-21 23:13:48,817 [DEBUG]  OP: Operation.CREATE_LEAF on slice (146, 1) (remaining tasks 39)
2025-04-21 23:13:48,817 [DEBUG]  		 created leaf IdentityNumericLeaf for scope=[2] (in 0.00037 secs)
2025-04-21 23:13:48,817 [DEBUG]  OP: Operation.SPLIT_ROWS on slice (93, 11) (remaining tasks 38)
2025-04-21 23:13:48,885 [DEBUG]  		found 2 row clusters (in 0.06720 secs)
2025-04-21 23:13:48,885 [DEBUG]  OP: Operation.SPLIT_ROWS on slice (79, 11) (remaining tasks 39)
2025-04-21 23:13:48,952 [DEBUG]  		found 2 row clusters (in 0.06732 secs)
2025-04-21 23:13:48,953 [DEBUG]  OP: Operation.SPLIT_ROWS on slice (234, 9) (remaining tasks 40)
2025-04-21 23:13:48,985 [DEBUG]  		found 2 row clusters (in 0.03199 secs)
2025-04-21 23:13:48,985 [DEBUG]  OP: Operation.SPLIT_COLUMNS on slice (115, 10) (remaining tasks 41)
2025-04-21 23:13:49,193 [DEBUG]  		found 1 col clusters (in 0.20763 secs)
2025-04-21 23:13:49,193 [DEBUG]  OP: Operation.SPLIT_COLUMNS on slice (118, 10) (remaining tasks 41)
2025-04-21 23:13:49,413 [DEBUG]  		found 1 col clusters (in 0.21933 secs)
2025-04-21 23:13:49,413 [DEBUG]  OP: Operation.SPLIT_ROWS on slice (91, 11) (remaining tasks 41)
2025-04-21 23:13:49,457 [DEBUG]  		found 2 row clusters (in 0.04408 secs)
2025-04-21 23:13:49,458 [DEBUG]  OP: Operation.SPLIT_ROWS on slice (172, 11) (remaining tasks 42)
2025-04-21 23:13:49,493 [DEBUG]  		found 2 row clusters (in 0.03510 secs)
2025-04-21 23:13:49,493 [DEBUG]  OP: Operation.SPLIT_ROWS on slice (99, 11) (remaining tasks 43)
2025-04-21 23:13:49,514 [DEBUG]  		found 2 row clusters (in 0.02038 secs)
2025-04-21 23:13:49,514 [DEBUG]  OP: Operation.SPLIT_COLUMNS on slice (183, 10) (remaining tasks 44)
2025-04-21 23:13:49,725 [DEBUG]  		found 1 col clusters (in 0.21101 secs)
2025-04-21 23:13:49,726 [DEBUG]  OP: Operation.NAIVE_FACTORIZATION on slice (18, 10) (remaining tasks 44)
2025-04-21 23:13:49,730 [DEBUG]  		naive factorization 10 columns (in 0.00397 secs)
2025-04-21 23:13:49,730 [DEBUG]  OP: Operation.NAIVE_FACTORIZATION on slice (7, 10) (remaining tasks 43)
2025-04-21 23:13:49,735 [DEBUG]  		naive factorization 10 columns (in 0.00417 secs)
2025-04-21 23:13:49,735 [DEBUG]  OP: Operation.SPLIT_COLUMNS on slice (116, 10) (remaining tasks 42)
2025-04-21 23:13:50,062 [DEBUG]  		found 1 col clusters (in 0.32642 secs)
2025-04-21 23:13:50,062 [DEBUG]  OP: Operation.SPLIT_COLUMNS on slice (93, 10) (remaining tasks 42)
2025-04-21 23:13:50,279 [DEBUG]  		found 1 col clusters (in 0.21615 secs)
2025-04-21 23:13:50,279 [DEBUG]  OP: Operation.NAIVE_FACTORIZATION on slice (56, 10) (remaining tasks 42)
2025-04-21 23:13:50,283 [DEBUG]  		naive factorization 10 columns (in 0.00387 secs)
2025-04-21 23:13:50,284 [DEBUG]  OP: Operation.SPLIT_ROWS on slice (108, 11) (remaining tasks 41)
2025-04-21 23:13:50,332 [DEBUG]  		found 2 row clusters (in 0.04832 secs)
2025-04-21 23:13:50,333 [DEBUG]  OP: Operation.SPLIT_ROWS on slice (134, 11) (remaining tasks 42)
2025-04-21 23:13:50,371 [DEBUG]  		found 2 row clusters (in 0.03780 secs)
2025-04-21 23:13:50,371 [DEBUG]  OP: Operation.SPLIT_ROWS on slice (101, 11) (remaining tasks 43)
2025-04-21 23:13:50,402 [DEBUG]  		found 2 row clusters (in 0.03107 secs)
2025-04-21 23:13:50,402 [DEBUG]  OP: Operation.SPLIT_ROWS on slice (142, 11) (remaining tasks 44)
2025-04-21 23:13:50,430 [DEBUG]  		found 2 row clusters (in 0.02724 secs)
2025-04-21 23:13:50,430 [DEBUG]  OP: Operation.SPLIT_ROWS on slice (90, 11) (remaining tasks 45)
2025-04-21 23:13:50,445 [DEBUG]  		found 2 row clusters (in 0.01533 secs)
2025-04-21 23:13:50,446 [DEBUG]  OP: Operation.SPLIT_ROWS on slice (96, 11) (remaining tasks 46)
2025-04-21 23:13:50,462 [DEBUG]  		found 2 row clusters (in 0.01640 secs)
2025-04-21 23:13:50,462 [DEBUG]  OP: Operation.SPLIT_ROWS on slice (91, 11) (remaining tasks 47)
2025-04-21 23:13:50,482 [DEBUG]  		found 2 row clusters (in 0.01980 secs)
2025-04-21 23:13:50,482 [DEBUG]  OP: Operation.SPLIT_ROWS on slice (106, 11) (remaining tasks 48)
2025-04-21 23:13:50,508 [DEBUG]  		found 2 row clusters (in 0.02529 secs)
2025-04-21 23:13:50,508 [DEBUG]  OP: Operation.NAIVE_FACTORIZATION on slice (67, 10) (remaining tasks 49)
2025-04-21 23:13:50,511 [DEBUG]  		naive factorization 10 columns (in 0.00354 secs)
2025-04-21 23:13:50,512 [DEBUG]  OP: Operation.NAIVE_FACTORIZATION on slice (17, 10) (remaining tasks 48)
2025-04-21 23:13:50,515 [DEBUG]  		naive factorization 10 columns (in 0.00305 secs)
2025-04-21 23:13:50,515 [DEBUG]  OP: Operation.SPLIT_COLUMNS on slice (76, 10) (remaining tasks 47)
2025-04-21 23:13:50,727 [DEBUG]  		found 1 col clusters (in 0.21158 secs)
2025-04-21 23:13:50,727 [DEBUG]  OP: Operation.NAIVE_FACTORIZATION on slice (31, 10) (remaining tasks 47)
2025-04-21 23:13:50,731 [DEBUG]  		naive factorization 10 columns (in 0.00364 secs)
2025-04-21 23:13:50,731 [DEBUG]  OP: Operation.SPLIT_ROWS on slice (111, 11) (remaining tasks 46)
2025-04-21 23:13:50,788 [DEBUG]  		found 2 row clusters (in 0.05684 secs)
2025-04-21 23:13:50,789 [DEBUG]  OP: Operation.SPLIT_ROWS on slice (111, 11) (remaining tasks 47)
2025-04-21 23:13:50,821 [DEBUG]  		found 2 row clusters (in 0.03243 secs)
2025-04-21 23:13:50,822 [DEBUG]  OP: Operation.SPLIT_COLUMNS on slice (86, 10) (remaining tasks 48)
2025-04-21 23:13:51,035 [DEBUG]  		found 1 col clusters (in 0.21333 secs)
2025-04-21 23:13:51,036 [DEBUG]  OP: Operation.SPLIT_COLUMNS on slice (84, 10) (remaining tasks 48)
2025-04-21 23:13:51,252 [DEBUG]  		found 1 col clusters (in 0.21651 secs)
2025-04-21 23:13:51,253 [DEBUG]  OP: Operation.NAIVE_FACTORIZATION on slice (14, 8) (remaining tasks 48)
2025-04-21 23:13:51,256 [DEBUG]  		naive factorization 8 columns (in 0.00302 secs)
2025-04-21 23:13:51,256 [DEBUG]  OP: Operation.SPLIT_COLUMNS on slice (84, 8) (remaining tasks 47)
2025-04-21 23:13:51,371 [DEBUG]  		found 1 col clusters (in 0.11424 secs)
2025-04-21 23:13:51,371 [DEBUG]  OP: Operation.SPLIT_COLUMNS on slice (143, 8) (remaining tasks 47)
2025-04-21 23:13:51,485 [DEBUG]  		found 1 col clusters (in 0.11383 secs)
2025-04-21 23:13:51,486 [DEBUG]  OP: Operation.NAIVE_FACTORIZATION on slice (15, 8) (remaining tasks 47)
2025-04-21 23:13:51,489 [DEBUG]  		naive factorization 8 columns (in 0.00246 secs)
2025-04-21 23:13:51,489 [DEBUG]  OP: Operation.SPLIT_COLUMNS on slice (219, 8) (remaining tasks 46)
2025-04-21 23:13:52,512 [DEBUG]  		found 1 col clusters (in 1.02238 secs)
2025-04-21 23:13:52,512 [DEBUG]  OP: Operation.NAIVE_FACTORIZATION on slice (65, 8) (remaining tasks 46)
2025-04-21 23:13:52,517 [DEBUG]  		naive factorization 8 columns (in 0.00469 secs)
2025-04-21 23:13:52,518 [DEBUG]  OP: Operation.SPLIT_COLUMNS on slice (79, 8) (remaining tasks 45)
2025-04-21 23:13:52,664 [DEBUG]  		found 1 col clusters (in 0.14614 secs)
2025-04-21 23:13:52,664 [DEBUG]  OP: Operation.NAIVE_FACTORIZATION on slice (59, 8) (remaining tasks 45)
2025-04-21 23:13:52,668 [DEBUG]  		naive factorization 8 columns (in 0.00391 secs)
2025-04-21 23:13:52,669 [DEBUG]  OP: Operation.SPLIT_ROWS on slice (146, 10) (remaining tasks 44)
2025-04-21 23:13:52,726 [DEBUG]  		found 2 row clusters (in 0.05701 secs)
2025-04-21 23:13:52,726 [DEBUG]  OP: Operation.NAIVE_FACTORIZATION on slice (16, 11) (remaining tasks 45)
2025-04-21 23:13:52,730 [DEBUG]  		naive factorization 11 columns (in 0.00371 secs)
2025-04-21 23:13:52,731 [DEBUG]  OP: Operation.SPLIT_COLUMNS on slice (77, 11) (remaining tasks 44)
2025-04-21 23:13:52,951 [DEBUG]  		found 1 col clusters (in 0.21981 secs)
2025-04-21 23:13:52,951 [DEBUG]  OP: Operation.NAIVE_FACTORIZATION on slice (46, 11) (remaining tasks 44)
2025-04-21 23:13:52,955 [DEBUG]  		naive factorization 11 columns (in 0.00384 secs)
2025-04-21 23:13:52,956 [DEBUG]  OP: Operation.NAIVE_FACTORIZATION on slice (33, 11) (remaining tasks 43)
2025-04-21 23:13:52,960 [DEBUG]  		naive factorization 11 columns (in 0.00448 secs)
2025-04-21 23:13:52,961 [DEBUG]  OP: Operation.SPLIT_COLUMNS on slice (107, 9) (remaining tasks 42)
2025-04-21 23:13:53,177 [DEBUG]  		found 1 col clusters (in 0.21581 secs)
2025-04-21 23:13:53,177 [DEBUG]  OP: Operation.SPLIT_COLUMNS on slice (127, 9) (remaining tasks 42)
2025-04-21 23:13:53,392 [DEBUG]  		found 1 col clusters (in 0.21495 secs)
2025-04-21 23:13:53,393 [DEBUG]  OP: Operation.SPLIT_ROWS on slice (115, 10) (remaining tasks 42)
2025-04-21 23:13:53,435 [DEBUG]  		found 2 row clusters (in 0.04197 secs)
2025-04-21 23:13:53,436 [DEBUG]  OP: Operation.SPLIT_ROWS on slice (118, 10) (remaining tasks 43)
2025-04-21 23:13:53,469 [DEBUG]  		found 2 row clusters (in 0.03346 secs)
2025-04-21 23:13:53,469 [DEBUG]  OP: Operation.NAIVE_FACTORIZATION on slice (74, 11) (remaining tasks 44)
2025-04-21 23:13:53,474 [DEBUG]  		naive factorization 11 columns (in 0.00475 secs)
2025-04-21 23:13:53,475 [DEBUG]  OP: Operation.NAIVE_FACTORIZATION on slice (17, 11) (remaining tasks 43)
2025-04-21 23:13:53,478 [DEBUG]  		naive factorization 11 columns (in 0.00355 secs)
2025-04-21 23:13:53,479 [DEBUG]  OP: Operation.SPLIT_COLUMNS on slice (87, 11) (remaining tasks 42)
2025-04-21 23:13:53,698 [DEBUG]  		found 1 col clusters (in 0.21831 secs)
2025-04-21 23:13:53,698 [DEBUG]  OP: Operation.SPLIT_COLUMNS on slice (85, 11) (remaining tasks 42)
2025-04-21 23:13:53,923 [DEBUG]  		found 1 col clusters (in 0.22499 secs)
2025-04-21 23:13:53,924 [DEBUG]  OP: Operation.NAIVE_FACTORIZATION on slice (53, 11) (remaining tasks 42)
2025-04-21 23:13:53,928 [DEBUG]  		naive factorization 11 columns (in 0.00427 secs)
2025-04-21 23:13:53,928 [DEBUG]  OP: Operation.NAIVE_FACTORIZATION on slice (46, 11) (remaining tasks 41)
2025-04-21 23:13:53,933 [DEBUG]  		naive factorization 11 columns (in 0.00400 secs)
2025-04-21 23:13:53,933 [DEBUG]  OP: Operation.SPLIT_ROWS on slice (183, 10) (remaining tasks 40)
2025-04-21 23:13:53,986 [DEBUG]  		found 2 row clusters (in 0.05243 secs)
2025-04-21 23:13:53,986 [DEBUG]  OP: Operation.SPLIT_ROWS on slice (116, 10) (remaining tasks 41)
2025-04-21 23:13:54,025 [DEBUG]  		found 2 row clusters (in 0.03828 secs)
2025-04-21 23:13:54,025 [DEBUG]  OP: Operation.SPLIT_ROWS on slice (93, 10) (remaining tasks 42)
2025-04-21 23:13:54,042 [DEBUG]  		found 2 row clusters (in 0.01718 secs)
2025-04-21 23:13:54,042 [DEBUG]  OP: Operation.SPLIT_COLUMNS on slice (97, 11) (remaining tasks 43)
2025-04-21 23:13:54,260 [DEBUG]  		found 1 col clusters (in 0.21776 secs)
2025-04-21 23:13:54,261 [DEBUG]  OP: Operation.NAIVE_FACTORIZATION on slice (11, 11) (remaining tasks 43)
2025-04-21 23:13:54,264 [DEBUG]  		naive factorization 11 columns (in 0.00328 secs)
2025-04-21 23:13:54,265 [DEBUG]  OP: Operation.SPLIT_COLUMNS on slice (124, 11) (remaining tasks 42)
2025-04-21 23:13:54,488 [DEBUG]  		found 1 col clusters (in 0.22284 secs)
2025-04-21 23:13:54,488 [DEBUG]  OP: Operation.NAIVE_FACTORIZATION on slice (10, 11) (remaining tasks 42)
2025-04-21 23:13:54,493 [DEBUG]  		naive factorization 11 columns (in 0.00422 secs)
2025-04-21 23:13:54,493 [DEBUG]  OP: Operation.NAIVE_FACTORIZATION on slice (38, 11) (remaining tasks 41)
2025-04-21 23:13:54,497 [DEBUG]  		naive factorization 11 columns (in 0.00377 secs)
2025-04-21 23:13:54,498 [DEBUG]  OP: Operation.NAIVE_FACTORIZATION on slice (63, 11) (remaining tasks 40)
2025-04-21 23:13:54,502 [DEBUG]  		naive factorization 11 columns (in 0.00384 secs)
2025-04-21 23:13:54,502 [DEBUG]  OP: Operation.SPLIT_COLUMNS on slice (94, 11) (remaining tasks 39)
2025-04-21 23:13:54,725 [DEBUG]  		found 1 col clusters (in 0.22228 secs)
2025-04-21 23:13:54,725 [DEBUG]  OP: Operation.NAIVE_FACTORIZATION on slice (48, 11) (remaining tasks 39)
2025-04-21 23:13:54,730 [DEBUG]  		naive factorization 11 columns (in 0.00467 secs)
2025-04-21 23:13:54,730 [DEBUG]  OP: Operation.NAIVE_FACTORIZATION on slice (67, 11) (remaining tasks 38)
2025-04-21 23:13:54,735 [DEBUG]  		naive factorization 11 columns (in 0.00401 secs)
2025-04-21 23:13:54,735 [DEBUG]  OP: Operation.NAIVE_FACTORIZATION on slice (23, 11) (remaining tasks 37)
2025-04-21 23:13:54,739 [DEBUG]  		naive factorization 11 columns (in 0.00353 secs)
2025-04-21 23:13:54,739 [DEBUG]  OP: Operation.SPLIT_COLUMNS on slice (84, 11) (remaining tasks 36)
2025-04-21 23:13:54,960 [DEBUG]  		found 1 col clusters (in 0.22033 secs)
2025-04-21 23:13:54,960 [DEBUG]  OP: Operation.NAIVE_FACTORIZATION on slice (12, 11) (remaining tasks 36)
2025-04-21 23:13:54,965 [DEBUG]  		naive factorization 11 columns (in 0.00454 secs)
2025-04-21 23:13:54,966 [DEBUG]  OP: Operation.NAIVE_FACTORIZATION on slice (10, 11) (remaining tasks 35)
2025-04-21 23:13:54,969 [DEBUG]  		naive factorization 11 columns (in 0.00364 secs)
2025-04-21 23:13:54,970 [DEBUG]  OP: Operation.SPLIT_COLUMNS on slice (81, 11) (remaining tasks 34)
2025-04-21 23:13:55,193 [DEBUG]  		found 1 col clusters (in 0.22324 secs)
2025-04-21 23:13:55,194 [DEBUG]  OP: Operation.SPLIT_COLUMNS on slice (90, 11) (remaining tasks 34)
2025-04-21 23:13:55,439 [DEBUG]  		found 1 col clusters (in 0.24497 secs)
2025-04-21 23:13:55,440 [DEBUG]  OP: Operation.NAIVE_FACTORIZATION on slice (16, 11) (remaining tasks 34)
2025-04-21 23:13:55,443 [DEBUG]  		naive factorization 11 columns (in 0.00358 secs)
2025-04-21 23:13:55,444 [DEBUG]  OP: Operation.SPLIT_ROWS on slice (76, 10) (remaining tasks 33)
2025-04-21 23:13:55,488 [DEBUG]  		found 2 row clusters (in 0.04353 secs)
2025-04-21 23:13:55,488 [DEBUG]  OP: Operation.NAIVE_FACTORIZATION on slice (67, 11) (remaining tasks 34)
2025-04-21 23:13:55,494 [DEBUG]  		naive factorization 11 columns (in 0.00585 secs)
2025-04-21 23:13:55,494 [DEBUG]  OP: Operation.NAIVE_FACTORIZATION on slice (44, 11) (remaining tasks 33)
2025-04-21 23:13:55,499 [DEBUG]  		naive factorization 11 columns (in 0.00407 secs)
2025-04-21 23:13:55,499 [DEBUG]  OP: Operation.NAIVE_FACTORIZATION on slice (24, 11) (remaining tasks 32)
2025-04-21 23:13:55,503 [DEBUG]  		naive factorization 11 columns (in 0.00363 secs)
2025-04-21 23:13:55,504 [DEBUG]  OP: Operation.SPLIT_COLUMNS on slice (87, 11) (remaining tasks 31)
2025-04-21 23:13:55,725 [DEBUG]  		found 1 col clusters (in 0.22139 secs)
2025-04-21 23:13:55,726 [DEBUG]  OP: Operation.SPLIT_ROWS on slice (86, 10) (remaining tasks 31)
2025-04-21 23:13:55,770 [DEBUG]  		found 2 row clusters (in 0.04446 secs)
2025-04-21 23:13:55,771 [DEBUG]  OP: Operation.SPLIT_ROWS on slice (84, 10) (remaining tasks 32)
2025-04-21 23:13:55,798 [DEBUG]  		found 2 row clusters (in 0.02680 secs)
2025-04-21 23:13:55,798 [DEBUG]  OP: Operation.SPLIT_ROWS on slice (84, 8) (remaining tasks 33)
2025-04-21 23:13:55,819 [DEBUG]  		found 2 row clusters (in 0.02069 secs)
2025-04-21 23:13:55,819 [DEBUG]  OP: Operation.SPLIT_ROWS on slice (143, 8) (remaining tasks 34)
2025-04-21 23:13:55,838 [DEBUG]  		found 2 row clusters (in 0.01934 secs)
2025-04-21 23:13:55,839 [DEBUG]  OP: Operation.SPLIT_ROWS on slice (219, 8) (remaining tasks 35)
2025-04-21 23:13:55,862 [DEBUG]  		found 2 row clusters (in 0.02347 secs)
2025-04-21 23:13:55,862 [DEBUG]  OP: Operation.SPLIT_ROWS on slice (79, 8) (remaining tasks 36)
2025-04-21 23:13:55,880 [DEBUG]  		found 2 row clusters (in 0.01700 secs)
2025-04-21 23:13:55,880 [DEBUG]  OP: Operation.NAIVE_FACTORIZATION on slice (49, 10) (remaining tasks 37)
2025-04-21 23:13:55,884 [DEBUG]  		naive factorization 10 columns (in 0.00432 secs)
2025-04-21 23:13:55,884 [DEBUG]  OP: Operation.SPLIT_COLUMNS on slice (97, 10) (remaining tasks 36)
2025-04-21 23:13:56,101 [DEBUG]  		found 1 col clusters (in 0.21651 secs)
2025-04-21 23:13:56,102 [DEBUG]  OP: Operation.SPLIT_ROWS on slice (77, 11) (remaining tasks 36)
2025-04-21 23:13:56,145 [DEBUG]  		found 2 row clusters (in 0.04336 secs)
2025-04-21 23:13:56,146 [DEBUG]  OP: Operation.SPLIT_ROWS on slice (107, 9) (remaining tasks 37)
2025-04-21 23:13:56,188 [DEBUG]  		found 2 row clusters (in 0.04268 secs)
2025-04-21 23:13:56,189 [DEBUG]  OP: Operation.SPLIT_ROWS on slice (127, 9) (remaining tasks 38)
2025-04-21 23:13:56,216 [DEBUG]  		found 2 row clusters (in 0.02677 secs)
2025-04-21 23:13:56,216 [DEBUG]  OP: Operation.NAIVE_FACTORIZATION on slice (5, 10) (remaining tasks 39)
2025-04-21 23:13:56,220 [DEBUG]  		naive factorization 10 columns (in 0.00399 secs)
2025-04-21 23:13:56,220 [DEBUG]  OP: Operation.SPLIT_COLUMNS on slice (110, 10) (remaining tasks 38)
2025-04-21 23:13:56,534 [DEBUG]  		found 1 col clusters (in 0.31333 secs)
2025-04-21 23:13:56,534 [DEBUG]  OP: Operation.SPLIT_COLUMNS on slice (106, 10) (remaining tasks 38)
2025-04-21 23:13:56,756 [DEBUG]  		found 1 col clusters (in 0.22129 secs)
2025-04-21 23:13:56,756 [DEBUG]  OP: Operation.NAIVE_FACTORIZATION on slice (12, 10) (remaining tasks 38)
2025-04-21 23:13:56,760 [DEBUG]  		naive factorization 10 columns (in 0.00359 secs)
2025-04-21 23:13:56,761 [DEBUG]  OP: Operation.SPLIT_ROWS on slice (87, 11) (remaining tasks 37)
2025-04-21 23:13:56,815 [DEBUG]  		found 2 row clusters (in 0.05458 secs)
2025-04-21 23:13:56,816 [DEBUG]  OP: Operation.SPLIT_ROWS on slice (85, 11) (remaining tasks 38)
2025-04-21 23:13:56,846 [DEBUG]  		found 2 row clusters (in 0.03008 secs)
2025-04-21 23:13:56,846 [DEBUG]  OP: Operation.SPLIT_COLUMNS on slice (90, 10) (remaining tasks 39)
2025-04-21 23:13:57,069 [DEBUG]  		found 1 col clusters (in 0.22299 secs)
2025-04-21 23:13:57,070 [DEBUG]  OP: Operation.SPLIT_COLUMNS on slice (93, 10) (remaining tasks 39)
2025-04-21 23:13:57,287 [DEBUG]  		found 1 col clusters (in 0.21660 secs)
2025-04-21 23:13:57,287 [DEBUG]  OP: Operation.NAIVE_FACTORIZATION on slice (68, 10) (remaining tasks 39)
2025-04-21 23:13:57,291 [DEBUG]  		naive factorization 10 columns (in 0.00375 secs)
2025-04-21 23:13:57,292 [DEBUG]  OP: Operation.NAIVE_FACTORIZATION on slice (48, 10) (remaining tasks 38)
2025-04-21 23:13:57,295 [DEBUG]  		naive factorization 10 columns (in 0.00307 secs)
2025-04-21 23:13:57,295 [DEBUG]  OP: Operation.NAIVE_FACTORIZATION on slice (27, 10) (remaining tasks 37)
2025-04-21 23:13:57,299 [DEBUG]  		naive factorization 10 columns (in 0.00323 secs)
2025-04-21 23:13:57,299 [DEBUG]  OP: Operation.NAIVE_FACTORIZATION on slice (66, 10) (remaining tasks 36)
2025-04-21 23:13:57,304 [DEBUG]  		naive factorization 10 columns (in 0.00387 secs)
2025-04-21 23:13:57,304 [DEBUG]  OP: Operation.SPLIT_ROWS on slice (97, 11) (remaining tasks 35)
2025-04-21 23:13:57,357 [DEBUG]  		found 2 row clusters (in 0.05293 secs)
2025-04-21 23:13:57,358 [DEBUG]  OP: Operation.SPLIT_ROWS on slice (124, 11) (remaining tasks 36)
2025-04-21 23:13:57,386 [DEBUG]  		found 2 row clusters (in 0.02808 secs)
2025-04-21 23:13:57,386 [DEBUG]  OP: Operation.SPLIT_ROWS on slice (94, 11) (remaining tasks 37)
2025-04-21 23:13:57,408 [DEBUG]  		found 2 row clusters (in 0.02149 secs)
2025-04-21 23:13:57,408 [DEBUG]  OP: Operation.SPLIT_ROWS on slice (84, 11) (remaining tasks 38)
2025-04-21 23:13:57,427 [DEBUG]  		found 2 row clusters (in 0.01868 secs)
2025-04-21 23:13:57,427 [DEBUG]  OP: Operation.SPLIT_ROWS on slice (81, 11) (remaining tasks 39)
2025-04-21 23:13:57,446 [DEBUG]  		found 2 row clusters (in 0.01942 secs)
2025-04-21 23:13:57,447 [DEBUG]  OP: Operation.SPLIT_ROWS on slice (90, 11) (remaining tasks 40)
2025-04-21 23:13:57,470 [DEBUG]  		found 2 row clusters (in 0.02362 secs)
2025-04-21 23:13:57,471 [DEBUG]  OP: Operation.NAIVE_FACTORIZATION on slice (33, 10) (remaining tasks 41)
2025-04-21 23:13:57,475 [DEBUG]  		naive factorization 10 columns (in 0.00421 secs)
2025-04-21 23:13:57,475 [DEBUG]  OP: Operation.NAIVE_FACTORIZATION on slice (43, 10) (remaining tasks 40)
2025-04-21 23:13:57,479 [DEBUG]  		naive factorization 10 columns (in 0.00355 secs)
2025-04-21 23:13:57,479 [DEBUG]  OP: Operation.SPLIT_ROWS on slice (87, 11) (remaining tasks 39)
2025-04-21 23:13:57,504 [DEBUG]  		found 2 row clusters (in 0.02438 secs)
2025-04-21 23:13:57,504 [DEBUG]  OP: Operation.NAIVE_FACTORIZATION on slice (50, 10) (remaining tasks 40)
2025-04-21 23:13:57,508 [DEBUG]  		naive factorization 10 columns (in 0.00413 secs)
2025-04-21 23:13:57,508 [DEBUG]  OP: Operation.NAIVE_FACTORIZATION on slice (36, 10) (remaining tasks 39)
2025-04-21 23:13:57,513 [DEBUG]  		naive factorization 10 columns (in 0.00424 secs)
2025-04-21 23:13:57,513 [DEBUG]  OP: Operation.NAIVE_FACTORIZATION on slice (47, 10) (remaining tasks 38)
2025-04-21 23:13:57,518 [DEBUG]  		naive factorization 10 columns (in 0.00498 secs)
2025-04-21 23:13:57,518 [DEBUG]  OP: Operation.NAIVE_FACTORIZATION on slice (37, 10) (remaining tasks 37)
2025-04-21 23:13:57,522 [DEBUG]  		naive factorization 10 columns (in 0.00395 secs)
2025-04-21 23:13:57,523 [DEBUG]  OP: Operation.NAIVE_FACTORIZATION on slice (38, 8) (remaining tasks 36)
2025-04-21 23:13:57,526 [DEBUG]  		naive factorization 8 columns (in 0.00311 secs)
2025-04-21 23:13:57,526 [DEBUG]  OP: Operation.NAIVE_FACTORIZATION on slice (46, 8) (remaining tasks 35)
2025-04-21 23:13:57,530 [DEBUG]  		naive factorization 8 columns (in 0.00326 secs)
2025-04-21 23:13:57,530 [DEBUG]  OP: Operation.NAIVE_FACTORIZATION on slice (46, 8) (remaining tasks 34)
2025-04-21 23:13:57,534 [DEBUG]  		naive factorization 8 columns (in 0.00409 secs)
2025-04-21 23:13:57,535 [DEBUG]  OP: Operation.SPLIT_COLUMNS on slice (97, 8) (remaining tasks 33)
2025-04-21 23:13:57,750 [DEBUG]  		found 1 col clusters (in 0.21514 secs)
2025-04-21 23:13:57,751 [DEBUG]  OP: Operation.SPLIT_COLUMNS on slice (154, 8) (remaining tasks 33)
2025-04-21 23:13:57,966 [DEBUG]  		found 1 col clusters (in 0.21508 secs)
2025-04-21 23:13:57,967 [DEBUG]  OP: Operation.NAIVE_FACTORIZATION on slice (65, 8) (remaining tasks 33)
2025-04-21 23:13:57,970 [DEBUG]  		naive factorization 8 columns (in 0.00299 secs)
2025-04-21 23:13:57,970 [DEBUG]  OP: Operation.NAIVE_FACTORIZATION on slice (42, 8) (remaining tasks 32)
2025-04-21 23:13:57,974 [DEBUG]  		naive factorization 8 columns (in 0.00355 secs)
2025-04-21 23:13:57,974 [DEBUG]  OP: Operation.NAIVE_FACTORIZATION on slice (37, 8) (remaining tasks 31)
2025-04-21 23:13:57,978 [DEBUG]  		naive factorization 8 columns (in 0.00336 secs)
2025-04-21 23:13:57,978 [DEBUG]  OP: Operation.SPLIT_ROWS on slice (97, 10) (remaining tasks 30)
2025-04-21 23:13:58,020 [DEBUG]  		found 2 row clusters (in 0.04198 secs)
2025-04-21 23:13:58,021 [DEBUG]  OP: Operation.NAIVE_FACTORIZATION on slice (55, 11) (remaining tasks 31)
2025-04-21 23:13:58,029 [DEBUG]  		naive factorization 11 columns (in 0.00784 secs)
2025-04-21 23:13:58,029 [DEBUG]  OP: Operation.NAIVE_FACTORIZATION on slice (22, 11) (remaining tasks 30)
2025-04-21 23:13:58,035 [DEBUG]  		naive factorization 11 columns (in 0.00589 secs)
2025-04-21 23:13:58,035 [DEBUG]  OP: Operation.NAIVE_FACTORIZATION on slice (25, 9) (remaining tasks 29)
2025-04-21 23:13:58,038 [DEBUG]  		naive factorization 9 columns (in 0.00291 secs)
2025-04-21 23:13:58,038 [DEBUG]  OP: Operation.SPLIT_COLUMNS on slice (82, 9) (remaining tasks 28)
2025-04-21 23:13:58,146 [DEBUG]  		found 1 col clusters (in 0.10743 secs)
2025-04-21 23:13:58,146 [DEBUG]  OP: Operation.SPLIT_COLUMNS on slice (116, 9) (remaining tasks 28)
2025-04-21 23:13:58,254 [DEBUG]  		found 1 col clusters (in 0.10794 secs)
2025-04-21 23:13:58,255 [DEBUG]  OP: Operation.NAIVE_FACTORIZATION on slice (11, 9) (remaining tasks 28)
2025-04-21 23:13:58,258 [DEBUG]  		naive factorization 9 columns (in 0.00322 secs)
2025-04-21 23:13:58,258 [DEBUG]  OP: Operation.SPLIT_ROWS on slice (110, 10) (remaining tasks 27)
2025-04-21 23:13:58,299 [DEBUG]  		found 2 row clusters (in 0.04032 secs)
2025-04-21 23:13:58,299 [DEBUG]  OP: Operation.SPLIT_ROWS on slice (106, 10) (remaining tasks 28)
2025-04-21 23:13:58,333 [DEBUG]  		found 2 row clusters (in 0.03313 secs)
2025-04-21 23:13:58,333 [DEBUG]  OP: Operation.NAIVE_FACTORIZATION on slice (62, 11) (remaining tasks 29)
2025-04-21 23:13:58,337 [DEBUG]  		naive factorization 11 columns (in 0.00375 secs)
2025-04-21 23:13:58,337 [DEBUG]  OP: Operation.NAIVE_FACTORIZATION on slice (25, 11) (remaining tasks 28)
2025-04-21 23:13:58,341 [DEBUG]  		naive factorization 11 columns (in 0.00350 secs)
2025-04-21 23:13:58,341 [DEBUG]  OP: Operation.NAIVE_FACTORIZATION on slice (44, 11) (remaining tasks 27)
2025-04-21 23:13:58,345 [DEBUG]  		naive factorization 11 columns (in 0.00417 secs)
2025-04-21 23:13:58,346 [DEBUG]  OP: Operation.NAIVE_FACTORIZATION on slice (41, 11) (remaining tasks 26)
2025-04-21 23:13:58,350 [DEBUG]  		naive factorization 11 columns (in 0.00395 secs)
2025-04-21 23:13:58,351 [DEBUG]  OP: Operation.SPLIT_ROWS on slice (90, 10) (remaining tasks 25)
2025-04-21 23:13:58,386 [DEBUG]  		found 2 row clusters (in 0.03500 secs)
2025-04-21 23:13:58,386 [DEBUG]  OP: Operation.SPLIT_ROWS on slice (93, 10) (remaining tasks 26)
2025-04-21 23:13:58,409 [DEBUG]  		found 2 row clusters (in 0.02227 secs)
2025-04-21 23:13:58,409 [DEBUG]  OP: Operation.NAIVE_FACTORIZATION on slice (60, 11) (remaining tasks 27)
2025-04-21 23:13:58,413 [DEBUG]  		naive factorization 11 columns (in 0.00392 secs)
2025-04-21 23:13:58,413 [DEBUG]  OP: Operation.NAIVE_FACTORIZATION on slice (37, 11) (remaining tasks 26)
2025-04-21 23:13:58,418 [DEBUG]  		naive factorization 11 columns (in 0.00441 secs)
2025-04-21 23:13:58,418 [DEBUG]  OP: Operation.SPLIT_COLUMNS on slice (75, 11) (remaining tasks 25)
2025-04-21 23:13:58,632 [DEBUG]  		found 1 col clusters (in 0.21347 secs)
2025-04-21 23:13:58,632 [DEBUG]  OP: Operation.NAIVE_FACTORIZATION on slice (49, 11) (remaining tasks 25)
2025-04-21 23:13:58,636 [DEBUG]  		naive factorization 11 columns (in 0.00379 secs)
2025-04-21 23:13:58,637 [DEBUG]  OP: Operation.NAIVE_FACTORIZATION on slice (68, 11) (remaining tasks 24)
2025-04-21 23:13:58,641 [DEBUG]  		naive factorization 11 columns (in 0.00407 secs)
2025-04-21 23:13:58,641 [DEBUG]  OP: Operation.NAIVE_FACTORIZATION on slice (26, 11) (remaining tasks 23)
2025-04-21 23:13:58,646 [DEBUG]  		naive factorization 11 columns (in 0.00444 secs)
2025-04-21 23:13:58,647 [DEBUG]  OP: Operation.NAIVE_FACTORIZATION on slice (48, 11) (remaining tasks 22)
2025-04-21 23:13:58,651 [DEBUG]  		naive factorization 11 columns (in 0.00395 secs)
2025-04-21 23:13:58,651 [DEBUG]  OP: Operation.NAIVE_FACTORIZATION on slice (36, 11) (remaining tasks 21)
2025-04-21 23:13:58,655 [DEBUG]  		naive factorization 11 columns (in 0.00370 secs)
2025-04-21 23:13:58,656 [DEBUG]  OP: Operation.NAIVE_FACTORIZATION on slice (51, 11) (remaining tasks 20)
2025-04-21 23:13:58,660 [DEBUG]  		naive factorization 11 columns (in 0.00383 secs)
2025-04-21 23:13:58,660 [DEBUG]  OP: Operation.NAIVE_FACTORIZATION on slice (30, 11) (remaining tasks 19)
2025-04-21 23:13:58,664 [DEBUG]  		naive factorization 11 columns (in 0.00399 secs)
2025-04-21 23:13:58,665 [DEBUG]  OP: Operation.NAIVE_FACTORIZATION on slice (32, 11) (remaining tasks 18)
2025-04-21 23:13:58,669 [DEBUG]  		naive factorization 11 columns (in 0.00348 secs)
2025-04-21 23:13:58,669 [DEBUG]  OP: Operation.NAIVE_FACTORIZATION on slice (58, 11) (remaining tasks 17)
2025-04-21 23:13:58,673 [DEBUG]  		naive factorization 11 columns (in 0.00394 secs)
2025-04-21 23:13:58,674 [DEBUG]  OP: Operation.NAIVE_FACTORIZATION on slice (27, 11) (remaining tasks 16)
2025-04-21 23:13:58,678 [DEBUG]  		naive factorization 11 columns (in 0.00410 secs)
2025-04-21 23:13:58,678 [DEBUG]  OP: Operation.NAIVE_FACTORIZATION on slice (60, 11) (remaining tasks 15)
2025-04-21 23:13:58,683 [DEBUG]  		naive factorization 11 columns (in 0.00399 secs)
2025-04-21 23:13:58,683 [DEBUG]  OP: Operation.SPLIT_ROWS on slice (97, 8) (remaining tasks 14)
2025-04-21 23:13:58,735 [DEBUG]  		found 2 row clusters (in 0.05209 secs)
2025-04-21 23:13:58,736 [DEBUG]  OP: Operation.SPLIT_ROWS on slice (154, 8) (remaining tasks 15)
2025-04-21 23:13:58,782 [DEBUG]  		found 2 row clusters (in 0.04610 secs)
2025-04-21 23:13:58,782 [DEBUG]  OP: Operation.NAIVE_FACTORIZATION on slice (52, 10) (remaining tasks 16)
2025-04-21 23:13:58,786 [DEBUG]  		naive factorization 10 columns (in 0.00347 secs)
2025-04-21 23:13:58,786 [DEBUG]  OP: Operation.NAIVE_FACTORIZATION on slice (45, 10) (remaining tasks 15)
2025-04-21 23:13:58,791 [DEBUG]  		naive factorization 10 columns (in 0.00419 secs)
2025-04-21 23:13:58,791 [DEBUG]  OP: Operation.SPLIT_ROWS on slice (82, 9) (remaining tasks 14)
2025-04-21 23:13:58,817 [DEBUG]  		found 2 row clusters (in 0.02582 secs)
2025-04-21 23:13:58,817 [DEBUG]  OP: Operation.SPLIT_ROWS on slice (116, 9) (remaining tasks 15)
2025-04-21 23:13:58,847 [DEBUG]  		found 2 row clusters (in 0.02992 secs)
2025-04-21 23:13:58,848 [DEBUG]  OP: Operation.NAIVE_FACTORIZATION on slice (61, 10) (remaining tasks 16)
2025-04-21 23:13:58,851 [DEBUG]  		naive factorization 10 columns (in 0.00377 secs)
2025-04-21 23:13:58,852 [DEBUG]  OP: Operation.NAIVE_FACTORIZATION on slice (49, 10) (remaining tasks 15)
2025-04-21 23:13:58,855 [DEBUG]  		naive factorization 10 columns (in 0.00360 secs)
2025-04-21 23:13:58,856 [DEBUG]  OP: Operation.NAIVE_FACTORIZATION on slice (46, 10) (remaining tasks 14)
2025-04-21 23:13:58,860 [DEBUG]  		naive factorization 10 columns (in 0.00423 secs)
2025-04-21 23:13:58,860 [DEBUG]  OP: Operation.NAIVE_FACTORIZATION on slice (60, 10) (remaining tasks 13)
2025-04-21 23:13:58,864 [DEBUG]  		naive factorization 10 columns (in 0.00378 secs)
2025-04-21 23:13:58,864 [DEBUG]  OP: Operation.NAIVE_FACTORIZATION on slice (52, 10) (remaining tasks 12)
2025-04-21 23:13:58,869 [DEBUG]  		naive factorization 10 columns (in 0.00432 secs)
2025-04-21 23:13:58,869 [DEBUG]  OP: Operation.NAIVE_FACTORIZATION on slice (38, 10) (remaining tasks 11)
2025-04-21 23:13:58,874 [DEBUG]  		naive factorization 10 columns (in 0.00410 secs)
2025-04-21 23:13:58,874 [DEBUG]  OP: Operation.NAIVE_FACTORIZATION on slice (68, 10) (remaining tasks 10)
2025-04-21 23:13:58,879 [DEBUG]  		naive factorization 10 columns (in 0.00492 secs)
2025-04-21 23:13:58,879 [DEBUG]  OP: Operation.NAIVE_FACTORIZATION on slice (25, 10) (remaining tasks 9)
2025-04-21 23:13:58,883 [DEBUG]  		naive factorization 10 columns (in 0.00379 secs)
2025-04-21 23:13:58,884 [DEBUG]  OP: Operation.SPLIT_ROWS on slice (75, 11) (remaining tasks 8)
2025-04-21 23:13:58,912 [DEBUG]  		found 2 row clusters (in 0.02804 secs)
2025-04-21 23:13:58,912 [DEBUG]  OP: Operation.NAIVE_FACTORIZATION on slice (54, 8) (remaining tasks 9)
2025-04-21 23:13:58,916 [DEBUG]  		naive factorization 8 columns (in 0.00345 secs)
2025-04-21 23:13:58,916 [DEBUG]  OP: Operation.NAIVE_FACTORIZATION on slice (43, 8) (remaining tasks 8)
2025-04-21 23:13:58,920 [DEBUG]  		naive factorization 8 columns (in 0.00311 secs)
2025-04-21 23:13:58,920 [DEBUG]  OP: Operation.NAIVE_FACTORIZATION on slice (73, 8) (remaining tasks 7)
2025-04-21 23:13:58,924 [DEBUG]  		naive factorization 8 columns (in 0.00422 secs)
2025-04-21 23:13:58,925 [DEBUG]  OP: Operation.SPLIT_COLUMNS on slice (81, 8) (remaining tasks 6)
2025-04-21 23:13:59,037 [DEBUG]  		found 1 col clusters (in 0.11187 secs)
2025-04-21 23:13:59,037 [DEBUG]  OP: Operation.NAIVE_FACTORIZATION on slice (51, 9) (remaining tasks 6)
2025-04-21 23:13:59,041 [DEBUG]  		naive factorization 9 columns (in 0.00335 secs)
2025-04-21 23:13:59,041 [DEBUG]  OP: Operation.NAIVE_FACTORIZATION on slice (31, 9) (remaining tasks 5)
2025-04-21 23:13:59,046 [DEBUG]  		naive factorization 9 columns (in 0.00435 secs)
2025-04-21 23:13:59,046 [DEBUG]  OP: Operation.NAIVE_FACTORIZATION on slice (65, 9) (remaining tasks 4)
2025-04-21 23:13:59,050 [DEBUG]  		naive factorization 9 columns (in 0.00398 secs)
2025-04-21 23:13:59,051 [DEBUG]  OP: Operation.NAIVE_FACTORIZATION on slice (51, 9) (remaining tasks 3)
2025-04-21 23:13:59,054 [DEBUG]  		naive factorization 9 columns (in 0.00345 secs)
2025-04-21 23:13:59,055 [DEBUG]  OP: Operation.NAIVE_FACTORIZATION on slice (58, 11) (remaining tasks 2)
2025-04-21 23:13:59,061 [DEBUG]  		naive factorization 11 columns (in 0.00593 secs)
2025-04-21 23:13:59,062 [DEBUG]  OP: Operation.NAIVE_FACTORIZATION on slice (17, 11) (remaining tasks 1)
2025-04-21 23:13:59,066 [DEBUG]  		naive factorization 11 columns (in 0.00366 secs)
2025-04-21 23:13:59,066 [DEBUG]  OP: Operation.SPLIT_ROWS on slice (81, 8) (remaining tasks 0)
2025-04-21 23:13:59,113 [DEBUG]  		found 2 row clusters (in 0.04719 secs)
2025-04-21 23:13:59,114 [DEBUG]  OP: Operation.NAIVE_FACTORIZATION on slice (48, 8) (remaining tasks 1)
2025-04-21 23:13:59,117 [DEBUG]  		naive factorization 8 columns (in 0.00326 secs)
2025-04-21 23:13:59,118 [DEBUG]  OP: Operation.NAIVE_FACTORIZATION on slice (33, 8) (remaining tasks 0)
2025-04-21 23:13:59,121 [DEBUG]  		naive factorization 8 columns (in 0.00326 secs)
2025-04-21 23:14:00,399 [DEBUG]  Built SPN in 165.02581579099933 sec
2025-04-21 23:14:00,399 [INFO ]  Saving ensemble to /home/dafn/card/deepcard/collected_temp_benchmarks/spn_ensembles/Gas Turbine CO and NOx Emission Data Set/ensemble_single_gt_2011_10000000.pkl
