2025-04-21 22:31:28,380 [INFO ]  Creating naive ensemble.
2025-04-21 22:31:28,381 [INFO ]  Learning SPN for gt_2012.
2025-04-21 22:31:28,381 [DEBUG]  generate_join_sample(single_table=gt_2012, relationship_list=None, split_condition=None)
2025-04-21 22:31:28,408 [DEBUG]  Using min_instance_slice parameter 76.28.
2025-04-21 22:31:28,408 [INFO ]  SPN training phase with 7628 samples
2025-04-21 22:31:28,414 [DEBUG]  Built domains in 0.00595024900030694 sec
2025-04-21 22:31:28,759 [DEBUG]  CACHEDIR=/home/dafn/.cache/matplotlib
2025-04-21 22:31:28,760 [DEBUG]  Using fontManager instance from /home/dafn/.cache/matplotlib/fontlist-v300.json
2025-04-21 22:31:28,854 [DEBUG]  Loaded backend qt5agg version unknown.
2025-04-21 22:31:28,884 [DEBUG]  Loaded backend qt5agg version unknown.
2025-04-21 22:31:28,885 [DEBUG]  Loaded backend qt4agg version unknown.
2025-04-21 22:31:28,891 [DEBUG]  Loaded backend tkagg version unknown.
2025-04-21 22:31:28,892 [DEBUG]  Loaded backend agg version unknown.
2025-04-21 22:31:28,892 [DEBUG]  Loaded backend agg version unknown.
2025-04-21 22:31:28,895 [DEBUG]  OP: Operation.SPLIT_ROWS on slice (7628, 11) (remaining tasks 0)
2025-04-21 22:31:28,981 [DEBUG]  		found 2 row clusters (in 0.08522 secs)
2025-04-21 22:31:28,981 [DEBUG]  OP: Operation.SPLIT_COLUMNS on slice (5748, 11) (remaining tasks 1)
2025-04-21 22:31:30,698 [DEBUG]  		found 1 col clusters (in 1.71662 secs)
2025-04-21 22:31:30,699 [DEBUG]  OP: Operation.SPLIT_COLUMNS on slice (1880, 11) (remaining tasks 1)
2025-04-21 22:31:36,348 [DEBUG]  		found 1 col clusters (in 5.64896 secs)
2025-04-21 22:31:36,350 [DEBUG]  OP: Operation.SPLIT_ROWS on slice (5748, 11) (remaining tasks 1)
2025-04-21 22:31:36,492 [DEBUG]  		found 2 row clusters (in 0.14177 secs)
2025-04-21 22:31:36,492 [DEBUG]  OP: Operation.SPLIT_ROWS on slice (1880, 11) (remaining tasks 2)
2025-04-21 22:31:36,534 [DEBUG]  		found 2 row clusters (in 0.04143 secs)
2025-04-21 22:31:36,534 [DEBUG]  OP: Operation.SPLIT_COLUMNS on slice (1210, 11) (remaining tasks 3)
2025-04-21 22:31:40,731 [DEBUG]  		found 1 col clusters (in 4.19661 secs)
2025-04-21 22:31:40,732 [DEBUG]  OP: Operation.SPLIT_COLUMNS on slice (4538, 11) (remaining tasks 3)
2025-04-21 22:31:42,615 [DEBUG]  		found 1 col clusters (in 1.88275 secs)
2025-04-21 22:31:42,616 [DEBUG]  OP: Operation.SPLIT_COLUMNS on slice (1406, 11) (remaining tasks 3)
2025-04-21 22:31:46,654 [DEBUG]  		found 1 col clusters (in 4.03798 secs)
2025-04-21 22:31:46,655 [DEBUG]  OP: Operation.SPLIT_COLUMNS on slice (474, 11) (remaining tasks 3)
2025-04-21 22:31:48,460 [DEBUG]  		found 1 col clusters (in 1.80566 secs)
2025-04-21 22:31:48,461 [DEBUG]  OP: Operation.SPLIT_ROWS on slice (1210, 11) (remaining tasks 3)
2025-04-21 22:31:48,635 [DEBUG]  		found 2 row clusters (in 0.17376 secs)
2025-04-21 22:31:48,636 [DEBUG]  OP: Operation.SPLIT_ROWS on slice (4538, 11) (remaining tasks 4)
2025-04-21 22:31:48,701 [DEBUG]  		found 2 row clusters (in 0.06529 secs)
2025-04-21 22:31:48,701 [DEBUG]  OP: Operation.SPLIT_ROWS on slice (1406, 11) (remaining tasks 5)
2025-04-21 22:31:48,742 [DEBUG]  		found 2 row clusters (in 0.04006 secs)
2025-04-21 22:31:48,742 [DEBUG]  OP: Operation.SPLIT_ROWS on slice (474, 11) (remaining tasks 6)
2025-04-21 22:31:48,777 [DEBUG]  		found 2 row clusters (in 0.03457 secs)
2025-04-21 22:31:48,777 [DEBUG]  OP: Operation.SPLIT_COLUMNS on slice (506, 11) (remaining tasks 7)
2025-04-21 22:31:50,978 [DEBUG]  		found 1 col clusters (in 2.20114 secs)
2025-04-21 22:31:50,979 [DEBUG]  OP: Operation.SPLIT_COLUMNS on slice (704, 11) (remaining tasks 7)
2025-04-21 22:31:51,964 [DEBUG]  		found 1 col clusters (in 0.98499 secs)
2025-04-21 22:31:51,965 [DEBUG]  OP: Operation.SPLIT_COLUMNS on slice (1861, 11) (remaining tasks 7)
2025-04-21 22:31:57,657 [DEBUG]  		found 1 col clusters (in 5.69197 secs)
2025-04-21 22:31:57,658 [DEBUG]  OP: Operation.SPLIT_COLUMNS on slice (2677, 11) (remaining tasks 7)
2025-04-21 22:32:03,247 [DEBUG]  		found 1 col clusters (in 5.58888 secs)
2025-04-21 22:32:03,248 [DEBUG]  OP: Operation.SPLIT_COLUMNS on slice (1019, 11) (remaining tasks 7)
2025-04-21 22:32:05,298 [DEBUG]  		found 1 col clusters (in 2.04970 secs)
2025-04-21 22:32:05,298 [DEBUG]  OP: Operation.SPLIT_COLUMNS on slice (387, 11) (remaining tasks 7)
2025-04-21 22:32:07,283 [DEBUG]  		found 1 col clusters (in 1.98479 secs)
2025-04-21 22:32:07,284 [DEBUG]  OP: Operation.SPLIT_COLUMNS on slice (287, 11) (remaining tasks 7)
2025-04-21 22:32:09,069 [DEBUG]  		found 1 col clusters (in 1.78541 secs)
2025-04-21 22:32:09,070 [DEBUG]  OP: Operation.SPLIT_COLUMNS on slice (187, 11) (remaining tasks 7)
2025-04-21 22:32:09,474 [DEBUG]  		found 1 col clusters (in 0.40415 secs)
2025-04-21 22:32:09,474 [DEBUG]  OP: Operation.SPLIT_ROWS on slice (506, 11) (remaining tasks 7)
2025-04-21 22:32:09,540 [DEBUG]  		found 2 row clusters (in 0.06528 secs)
2025-04-21 22:32:09,540 [DEBUG]  OP: Operation.SPLIT_ROWS on slice (704, 11) (remaining tasks 8)
2025-04-21 22:32:09,592 [DEBUG]  		found 2 row clusters (in 0.05219 secs)
2025-04-21 22:32:09,593 [DEBUG]  OP: Operation.SPLIT_ROWS on slice (1861, 11) (remaining tasks 9)
2025-04-21 22:32:09,635 [DEBUG]  		found 2 row clusters (in 0.04203 secs)
2025-04-21 22:32:09,635 [DEBUG]  OP: Operation.SPLIT_ROWS on slice (2677, 11) (remaining tasks 10)
2025-04-21 22:32:09,681 [DEBUG]  		found 2 row clusters (in 0.04596 secs)
2025-04-21 22:32:09,682 [DEBUG]  OP: Operation.SPLIT_ROWS on slice (1019, 11) (remaining tasks 11)
2025-04-21 22:32:09,716 [DEBUG]  		found 2 row clusters (in 0.03414 secs)
2025-04-21 22:32:09,716 [DEBUG]  OP: Operation.SPLIT_ROWS on slice (387, 11) (remaining tasks 12)
2025-04-21 22:32:09,745 [DEBUG]  		found 2 row clusters (in 0.02895 secs)
2025-04-21 22:32:09,745 [DEBUG]  OP: Operation.SPLIT_ROWS on slice (287, 11) (remaining tasks 13)
2025-04-21 22:32:09,774 [DEBUG]  		found 2 row clusters (in 0.02852 secs)
2025-04-21 22:32:09,774 [DEBUG]  OP: Operation.SPLIT_ROWS on slice (187, 11) (remaining tasks 14)
2025-04-21 22:32:09,793 [DEBUG]  		found 2 row clusters (in 0.01920 secs)
2025-04-21 22:32:09,794 [DEBUG]  OP: Operation.SPLIT_COLUMNS on slice (293, 11) (remaining tasks 15)
2025-04-21 22:32:11,739 [DEBUG]  		found 1 col clusters (in 1.94495 secs)
2025-04-21 22:32:11,739 [DEBUG]  OP: Operation.SPLIT_COLUMNS on slice (213, 11) (remaining tasks 15)
2025-04-21 22:32:13,449 [DEBUG]  		found 1 col clusters (in 1.71008 secs)
2025-04-21 22:32:13,450 [DEBUG]  OP: Operation.SPLIT_COLUMNS on slice (375, 11) (remaining tasks 15)
2025-04-21 22:32:15,421 [DEBUG]  		found 1 col clusters (in 1.97101 secs)
2025-04-21 22:32:15,422 [DEBUG]  OP: Operation.SPLIT_COLUMNS on slice (329, 11) (remaining tasks 15)
2025-04-21 22:32:17,053 [DEBUG]  		found 1 col clusters (in 1.63063 secs)
2025-04-21 22:32:17,053 [DEBUG]  OP: Operation.SPLIT_COLUMNS on slice (1150, 11) (remaining tasks 15)
2025-04-21 22:32:21,004 [DEBUG]  		found 1 col clusters (in 3.95066 secs)
2025-04-21 22:32:21,005 [DEBUG]  OP: Operation.SPLIT_COLUMNS on slice (711, 11) (remaining tasks 15)
2025-04-21 22:32:22,685 [DEBUG]  		found 1 col clusters (in 1.68001 secs)
2025-04-21 22:32:22,685 [DEBUG]  OP: Operation.SPLIT_COLUMNS on slice (985, 11) (remaining tasks 15)
2025-04-21 22:32:24,991 [DEBUG]  		found 1 col clusters (in 2.30509 secs)
2025-04-21 22:32:24,991 [DEBUG]  OP: Operation.SPLIT_COLUMNS on slice (1692, 11) (remaining tasks 15)
2025-04-21 22:32:30,037 [DEBUG]  		found 1 col clusters (in 5.04576 secs)
2025-04-21 22:32:30,038 [DEBUG]  OP: Operation.SPLIT_COLUMNS on slice (597, 11) (remaining tasks 15)
2025-04-21 22:32:31,401 [DEBUG]  		found 1 col clusters (in 1.36261 secs)
2025-04-21 22:32:31,402 [DEBUG]  OP: Operation.SPLIT_COLUMNS on slice (422, 11) (remaining tasks 15)
2025-04-21 22:32:33,487 [DEBUG]  		found 1 col clusters (in 2.08553 secs)
2025-04-21 22:32:33,488 [DEBUG]  OP: Operation.SPLIT_COLUMNS on slice (168, 11) (remaining tasks 15)
2025-04-21 22:32:33,928 [DEBUG]  		found 1 col clusters (in 0.44011 secs)
2025-04-21 22:32:33,928 [DEBUG]  OP: Operation.SPLIT_COLUMNS on slice (219, 11) (remaining tasks 15)
2025-04-21 22:32:35,492 [DEBUG]  		found 1 col clusters (in 1.56338 secs)
2025-04-21 22:32:35,493 [DEBUG]  OP: Operation.SPLIT_COLUMNS on slice (234, 11) (remaining tasks 15)
2025-04-21 22:32:37,191 [DEBUG]  		found 1 col clusters (in 1.69822 secs)
2025-04-21 22:32:37,191 [DEBUG]  OP: Operation.NAIVE_FACTORIZATION on slice (53, 11) (remaining tasks 15)
2025-04-21 22:32:37,198 [DEBUG]  		naive factorization 11 columns (in 0.00679 secs)
2025-04-21 22:32:37,199 [DEBUG]  OP: Operation.SPLIT_COLUMNS on slice (146, 11) (remaining tasks 14)
2025-04-21 22:32:37,597 [DEBUG]  		found 1 col clusters (in 0.39753 secs)
2025-04-21 22:32:37,597 [DEBUG]  OP: Operation.NAIVE_FACTORIZATION on slice (41, 11) (remaining tasks 14)
2025-04-21 22:32:37,605 [DEBUG]  		naive factorization 11 columns (in 0.00755 secs)
2025-04-21 22:32:37,605 [DEBUG]  OP: Operation.SPLIT_ROWS on slice (293, 11) (remaining tasks 13)
2025-04-21 22:32:37,658 [DEBUG]  		found 2 row clusters (in 0.05256 secs)
2025-04-21 22:32:37,658 [DEBUG]  OP: Operation.SPLIT_ROWS on slice (213, 11) (remaining tasks 14)
2025-04-21 22:32:37,688 [DEBUG]  		found 2 row clusters (in 0.02997 secs)
2025-04-21 22:32:37,688 [DEBUG]  OP: Operation.SPLIT_ROWS on slice (375, 11) (remaining tasks 15)
2025-04-21 22:32:37,718 [DEBUG]  		found 2 row clusters (in 0.02971 secs)
2025-04-21 22:32:37,718 [DEBUG]  OP: Operation.SPLIT_ROWS on slice (329, 11) (remaining tasks 16)
2025-04-21 22:32:37,752 [DEBUG]  		found 2 row clusters (in 0.03320 secs)
2025-04-21 22:32:37,752 [DEBUG]  OP: Operation.SPLIT_ROWS on slice (1150, 11) (remaining tasks 17)
2025-04-21 22:32:37,798 [DEBUG]  		found 2 row clusters (in 0.04577 secs)
2025-04-21 22:32:37,798 [DEBUG]  OP: Operation.SPLIT_ROWS on slice (711, 11) (remaining tasks 18)
2025-04-21 22:32:37,830 [DEBUG]  		found 2 row clusters (in 0.03195 secs)
2025-04-21 22:32:37,830 [DEBUG]  OP: Operation.SPLIT_ROWS on slice (985, 11) (remaining tasks 19)
2025-04-21 22:32:37,869 [DEBUG]  		found 2 row clusters (in 0.03907 secs)
2025-04-21 22:32:37,870 [DEBUG]  OP: Operation.SPLIT_ROWS on slice (1692, 11) (remaining tasks 20)
2025-04-21 22:32:37,917 [DEBUG]  		found 2 row clusters (in 0.04755 secs)
2025-04-21 22:32:37,918 [DEBUG]  OP: Operation.SPLIT_ROWS on slice (597, 11) (remaining tasks 21)
2025-04-21 22:32:37,948 [DEBUG]  		found 2 row clusters (in 0.03042 secs)
2025-04-21 22:32:37,948 [DEBUG]  OP: Operation.SPLIT_ROWS on slice (422, 11) (remaining tasks 22)
2025-04-21 22:32:37,986 [DEBUG]  		found 2 row clusters (in 0.03729 secs)
2025-04-21 22:32:37,986 [DEBUG]  OP: Operation.SPLIT_ROWS on slice (168, 11) (remaining tasks 23)
2025-04-21 22:32:38,007 [DEBUG]  		found 2 row clusters (in 0.02147 secs)
2025-04-21 22:32:38,008 [DEBUG]  OP: Operation.SPLIT_ROWS on slice (219, 11) (remaining tasks 24)
2025-04-21 22:32:38,029 [DEBUG]  		found 2 row clusters (in 0.02167 secs)
2025-04-21 22:32:38,030 [DEBUG]  OP: Operation.SPLIT_ROWS on slice (234, 11) (remaining tasks 25)
2025-04-21 22:32:38,060 [DEBUG]  		found 2 row clusters (in 0.03013 secs)
2025-04-21 22:32:38,060 [DEBUG]  OP: Operation.SPLIT_ROWS on slice (146, 11) (remaining tasks 26)
2025-04-21 22:32:38,082 [DEBUG]  		found 2 row clusters (in 0.02223 secs)
2025-04-21 22:32:38,082 [DEBUG]  OP: Operation.SPLIT_COLUMNS on slice (174, 11) (remaining tasks 27)
2025-04-21 22:32:38,394 [DEBUG]  		found 1 col clusters (in 0.31106 secs)
2025-04-21 22:32:38,394 [DEBUG]  OP: Operation.SPLIT_COLUMNS on slice (119, 11) (remaining tasks 27)
2025-04-21 22:32:38,649 [DEBUG]  		found 1 col clusters (in 0.25513 secs)
2025-04-21 22:32:38,650 [DEBUG]  OP: Operation.NAIVE_FACTORIZATION on slice (68, 11) (remaining tasks 27)
2025-04-21 22:32:38,657 [DEBUG]  		naive factorization 11 columns (in 0.00686 secs)
2025-04-21 22:32:38,657 [DEBUG]  OP: Operation.SPLIT_COLUMNS on slice (145, 11) (remaining tasks 26)
2025-04-21 22:32:38,974 [DEBUG]  		found 1 col clusters (in 0.31733 secs)
2025-04-21 22:32:38,975 [DEBUG]  OP: Operation.SPLIT_COLUMNS on slice (172, 11) (remaining tasks 26)
2025-04-21 22:32:39,342 [DEBUG]  		found 1 col clusters (in 0.36699 secs)
2025-04-21 22:32:39,342 [DEBUG]  OP: Operation.SPLIT_COLUMNS on slice (203, 11) (remaining tasks 26)
2025-04-21 22:32:40,779 [DEBUG]  		found 1 col clusters (in 1.43591 secs)
2025-04-21 22:32:40,779 [DEBUG]  OP: Operation.SPLIT_COLUMNS on slice (165, 11) (remaining tasks 26)
2025-04-21 22:32:41,253 [DEBUG]  		found 1 col clusters (in 0.47401 secs)
2025-04-21 22:32:41,254 [DEBUG]  OP: Operation.SPLIT_COLUMNS on slice (164, 11) (remaining tasks 26)
2025-04-21 22:32:41,627 [DEBUG]  		found 1 col clusters (in 0.37315 secs)
2025-04-21 22:32:41,628 [DEBUG]  OP: Operation.SPLIT_COLUMNS on slice (751, 11) (remaining tasks 26)
2025-04-21 22:32:44,129 [DEBUG]  		found 1 col clusters (in 2.50182 secs)
2025-04-21 22:32:44,130 [DEBUG]  OP: Operation.SPLIT_COLUMNS on slice (399, 11) (remaining tasks 26)
2025-04-21 22:32:45,818 [DEBUG]  		found 1 col clusters (in 1.68823 secs)
2025-04-21 22:32:45,819 [DEBUG]  OP: Operation.SPLIT_COLUMNS on slice (598, 11) (remaining tasks 26)
2025-04-21 22:32:46,634 [DEBUG]  		found 1 col clusters (in 0.81428 secs)
2025-04-21 22:32:46,634 [DEBUG]  OP: Operation.SPLIT_COLUMNS on slice (113, 11) (remaining tasks 26)
2025-04-21 22:32:46,931 [DEBUG]  		found 1 col clusters (in 0.29650 secs)
2025-04-21 22:32:46,931 [DEBUG]  OP: Operation.SPLIT_COLUMNS on slice (482, 11) (remaining tasks 26)
2025-04-21 22:32:49,137 [DEBUG]  		found 1 col clusters (in 2.20516 secs)
2025-04-21 22:32:49,137 [DEBUG]  OP: Operation.SPLIT_COLUMNS on slice (503, 11) (remaining tasks 26)
2025-04-21 22:32:51,810 [DEBUG]  		found 1 col clusters (in 2.67210 secs)
2025-04-21 22:32:51,810 [DEBUG]  OP: Operation.SPLIT_COLUMNS on slice (846, 11) (remaining tasks 26)
2025-04-21 22:32:54,257 [DEBUG]  		found 1 col clusters (in 2.44651 secs)
2025-04-21 22:32:54,258 [DEBUG]  OP: Operation.SPLIT_COLUMNS on slice (846, 11) (remaining tasks 26)
2025-04-21 22:32:57,068 [DEBUG]  		found 1 col clusters (in 2.80994 secs)
2025-04-21 22:32:57,068 [DEBUG]  OP: Operation.SPLIT_COLUMNS on slice (492, 11) (remaining tasks 26)
2025-04-21 22:32:59,486 [DEBUG]  		found 1 col clusters (in 2.41722 secs)
2025-04-21 22:32:59,486 [DEBUG]  OP: Operation.SPLIT_COLUMNS on slice (105, 11) (remaining tasks 26)
2025-04-21 22:32:59,734 [DEBUG]  		found 1 col clusters (in 0.24759 secs)
2025-04-21 22:32:59,734 [DEBUG]  OP: Operation.SPLIT_COLUMNS on slice (347, 11) (remaining tasks 26)
2025-04-21 22:33:02,031 [DEBUG]  		found 1 col clusters (in 2.29625 secs)
2025-04-21 22:33:02,031 [DEBUG]  OP: Operation.NAIVE_FACTORIZATION on slice (75, 11) (remaining tasks 26)
2025-04-21 22:33:02,037 [DEBUG]  		naive factorization 11 columns (in 0.00599 secs)
2025-04-21 22:33:02,038 [DEBUG]  OP: Operation.SPLIT_COLUMNS on slice (84, 11) (remaining tasks 25)
2025-04-21 22:33:02,343 [DEBUG]  		found 1 col clusters (in 0.30545 secs)
2025-04-21 22:33:02,344 [DEBUG]  OP: Operation.SPLIT_COLUMNS on slice (84, 11) (remaining tasks 25)
2025-04-21 22:33:02,563 [DEBUG]  		found 1 col clusters (in 0.21919 secs)
2025-04-21 22:33:02,564 [DEBUG]  OP: Operation.SPLIT_COLUMNS on slice (139, 11) (remaining tasks 25)
2025-04-21 22:33:02,885 [DEBUG]  		found 1 col clusters (in 0.32108 secs)
2025-04-21 22:33:02,885 [DEBUG]  OP: Operation.SPLIT_COLUMNS on slice (80, 11) (remaining tasks 25)
2025-04-21 22:33:03,149 [DEBUG]  		found 1 col clusters (in 0.26313 secs)
2025-04-21 22:33:03,149 [DEBUG]  OP: Operation.SPLIT_COLUMNS on slice (160, 11) (remaining tasks 25)
2025-04-21 22:33:03,469 [DEBUG]  		found 1 col clusters (in 0.31930 secs)
2025-04-21 22:33:03,469 [DEBUG]  OP: Operation.NAIVE_FACTORIZATION on slice (74, 11) (remaining tasks 25)
2025-04-21 22:33:03,476 [DEBUG]  		naive factorization 11 columns (in 0.00664 secs)
2025-04-21 22:33:03,477 [DEBUG]  OP: Operation.SPLIT_COLUMNS on slice (80, 11) (remaining tasks 24)
2025-04-21 22:33:03,735 [DEBUG]  		found 1 col clusters (in 0.25794 secs)
2025-04-21 22:33:03,735 [DEBUG]  OP: Operation.NAIVE_FACTORIZATION on slice (66, 11) (remaining tasks 24)
2025-04-21 22:33:03,743 [DEBUG]  		naive factorization 11 columns (in 0.00722 secs)
2025-04-21 22:33:03,743 [DEBUG]  OP: Operation.SPLIT_ROWS on slice (174, 11) (remaining tasks 23)
2025-04-21 22:33:03,809 [DEBUG]  		found 2 row clusters (in 0.06545 secs)
2025-04-21 22:33:03,809 [DEBUG]  OP: Operation.SPLIT_ROWS on slice (119, 11) (remaining tasks 24)
2025-04-21 22:33:03,843 [DEBUG]  		found 2 row clusters (in 0.03362 secs)
2025-04-21 22:33:03,843 [DEBUG]  OP: Operation.SPLIT_ROWS on slice (145, 11) (remaining tasks 25)
2025-04-21 22:33:03,870 [DEBUG]  		found 2 row clusters (in 0.02655 secs)
2025-04-21 22:33:03,870 [DEBUG]  OP: Operation.SPLIT_ROWS on slice (172, 11) (remaining tasks 26)
2025-04-21 22:33:03,896 [DEBUG]  		found 2 row clusters (in 0.02570 secs)
2025-04-21 22:33:03,896 [DEBUG]  OP: Operation.SPLIT_ROWS on slice (203, 11) (remaining tasks 27)
2025-04-21 22:33:03,919 [DEBUG]  		found 2 row clusters (in 0.02290 secs)
2025-04-21 22:33:03,919 [DEBUG]  OP: Operation.SPLIT_ROWS on slice (165, 11) (remaining tasks 28)
2025-04-21 22:33:03,948 [DEBUG]  		found 2 row clusters (in 0.02840 secs)
2025-04-21 22:33:03,948 [DEBUG]  OP: Operation.SPLIT_ROWS on slice (164, 11) (remaining tasks 29)
2025-04-21 22:33:03,973 [DEBUG]  		found 2 row clusters (in 0.02439 secs)
2025-04-21 22:33:03,973 [DEBUG]  OP: Operation.SPLIT_ROWS on slice (751, 11) (remaining tasks 30)
2025-04-21 22:33:04,010 [DEBUG]  		found 2 row clusters (in 0.03714 secs)
2025-04-21 22:33:04,010 [DEBUG]  OP: Operation.SPLIT_ROWS on slice (399, 11) (remaining tasks 31)
2025-04-21 22:33:04,038 [DEBUG]  		found 2 row clusters (in 0.02752 secs)
2025-04-21 22:33:04,038 [DEBUG]  OP: Operation.SPLIT_ROWS on slice (598, 11) (remaining tasks 32)
2025-04-21 22:33:04,078 [DEBUG]  		found 2 row clusters (in 0.03957 secs)
2025-04-21 22:33:04,078 [DEBUG]  OP: Operation.SPLIT_ROWS on slice (113, 11) (remaining tasks 33)
2025-04-21 22:33:04,098 [DEBUG]  		found 2 row clusters (in 0.02031 secs)
2025-04-21 22:33:04,099 [DEBUG]  OP: Operation.SPLIT_ROWS on slice (482, 11) (remaining tasks 34)
2025-04-21 22:33:04,130 [DEBUG]  		found 2 row clusters (in 0.03180 secs)
2025-04-21 22:33:04,131 [DEBUG]  OP: Operation.SPLIT_ROWS on slice (503, 11) (remaining tasks 35)
2025-04-21 22:33:04,165 [DEBUG]  		found 2 row clusters (in 0.03409 secs)
2025-04-21 22:33:04,165 [DEBUG]  OP: Operation.SPLIT_ROWS on slice (846, 11) (remaining tasks 36)
2025-04-21 22:33:04,215 [DEBUG]  		found 2 row clusters (in 0.04996 secs)
2025-04-21 22:33:04,215 [DEBUG]  OP: Operation.SPLIT_ROWS on slice (846, 11) (remaining tasks 37)
2025-04-21 22:33:04,266 [DEBUG]  		found 2 row clusters (in 0.05068 secs)
2025-04-21 22:33:04,266 [DEBUG]  OP: Operation.SPLIT_ROWS on slice (492, 11) (remaining tasks 38)
2025-04-21 22:33:04,303 [DEBUG]  		found 2 row clusters (in 0.03668 secs)
2025-04-21 22:33:04,303 [DEBUG]  OP: Operation.SPLIT_ROWS on slice (105, 11) (remaining tasks 39)
2025-04-21 22:33:04,329 [DEBUG]  		found 2 row clusters (in 0.02508 secs)
2025-04-21 22:33:04,329 [DEBUG]  OP: Operation.SPLIT_ROWS on slice (347, 11) (remaining tasks 40)
2025-04-21 22:33:04,376 [DEBUG]  		found 2 row clusters (in 0.04684 secs)
2025-04-21 22:33:04,376 [DEBUG]  OP: Operation.SPLIT_ROWS on slice (84, 11) (remaining tasks 41)
2025-04-21 22:33:04,395 [DEBUG]  		found 2 row clusters (in 0.01871 secs)
2025-04-21 22:33:04,395 [DEBUG]  OP: Operation.SPLIT_ROWS on slice (84, 11) (remaining tasks 42)
2025-04-21 22:33:04,415 [DEBUG]  		found 2 row clusters (in 0.02017 secs)
2025-04-21 22:33:04,415 [DEBUG]  OP: Operation.SPLIT_ROWS on slice (139, 11) (remaining tasks 43)
2025-04-21 22:33:04,437 [DEBUG]  		found 2 row clusters (in 0.02159 secs)
2025-04-21 22:33:04,437 [DEBUG]  OP: Operation.SPLIT_ROWS on slice (80, 11) (remaining tasks 44)
2025-04-21 22:33:04,453 [DEBUG]  		found 2 row clusters (in 0.01606 secs)
2025-04-21 22:33:04,454 [DEBUG]  OP: Operation.SPLIT_ROWS on slice (160, 11) (remaining tasks 45)
2025-04-21 22:33:04,478 [DEBUG]  		found 2 row clusters (in 0.02417 secs)
2025-04-21 22:33:04,478 [DEBUG]  OP: Operation.SPLIT_ROWS on slice (80, 11) (remaining tasks 46)
2025-04-21 22:33:04,500 [DEBUG]  		found 2 row clusters (in 0.02225 secs)
2025-04-21 22:33:04,500 [DEBUG]  OP: Operation.SPLIT_COLUMNS on slice (155, 11) (remaining tasks 47)
2025-04-21 22:33:04,818 [DEBUG]  		found 1 col clusters (in 0.31703 secs)
2025-04-21 22:33:04,818 [DEBUG]  OP: Operation.NAIVE_FACTORIZATION on slice (19, 11) (remaining tasks 47)
2025-04-21 22:33:04,823 [DEBUG]  		naive factorization 11 columns (in 0.00527 secs)
2025-04-21 22:33:04,824 [DEBUG]  OP: Operation.NAIVE_FACTORIZATION on slice (72, 11) (remaining tasks 46)
2025-04-21 22:33:04,830 [DEBUG]  		naive factorization 11 columns (in 0.00549 secs)
2025-04-21 22:33:04,830 [DEBUG]  OP: Operation.NAIVE_FACTORIZATION on slice (47, 11) (remaining tasks 45)
2025-04-21 22:33:04,834 [DEBUG]  		naive factorization 11 columns (in 0.00408 secs)
2025-04-21 22:33:04,835 [DEBUG]  OP: Operation.NAIVE_FACTORIZATION on slice (67, 11) (remaining tasks 44)
2025-04-21 22:33:04,841 [DEBUG]  		naive factorization 11 columns (in 0.00613 secs)
2025-04-21 22:33:04,841 [DEBUG]  OP: Operation.SPLIT_COLUMNS on slice (78, 11) (remaining tasks 43)
2025-04-21 22:33:05,055 [DEBUG]  		found 1 col clusters (in 0.21389 secs)
2025-04-21 22:33:05,056 [DEBUG]  OP: Operation.SPLIT_COLUMNS on slice (83, 11) (remaining tasks 43)
2025-04-21 22:33:05,273 [DEBUG]  		found 1 col clusters (in 0.21727 secs)
2025-04-21 22:33:05,274 [DEBUG]  OP: Operation.SPLIT_COLUMNS on slice (89, 11) (remaining tasks 43)
2025-04-21 22:33:05,494 [DEBUG]  		found 1 col clusters (in 0.22006 secs)
2025-04-21 22:33:05,494 [DEBUG]  OP: Operation.SPLIT_COLUMNS on slice (167, 11) (remaining tasks 43)
2025-04-21 22:33:05,816 [DEBUG]  		found 1 col clusters (in 0.32100 secs)
2025-04-21 22:33:05,816 [DEBUG]  OP: Operation.NAIVE_FACTORIZATION on slice (36, 11) (remaining tasks 43)
2025-04-21 22:33:05,822 [DEBUG]  		naive factorization 11 columns (in 0.00554 secs)
2025-04-21 22:33:05,822 [DEBUG]  OP: Operation.SPLIT_COLUMNS on slice (110, 11) (remaining tasks 42)
2025-04-21 22:33:06,084 [DEBUG]  		found 1 col clusters (in 0.26151 secs)
2025-04-21 22:33:06,084 [DEBUG]  OP: Operation.NAIVE_FACTORIZATION on slice (55, 11) (remaining tasks 42)
2025-04-21 22:33:06,090 [DEBUG]  		naive factorization 11 columns (in 0.00553 secs)
2025-04-21 22:33:06,090 [DEBUG]  OP: Operation.SPLIT_COLUMNS on slice (106, 11) (remaining tasks 41)
2025-04-21 22:33:06,312 [DEBUG]  		found 1 col clusters (in 0.22169 secs)
2025-04-21 22:33:06,313 [DEBUG]  OP: Operation.NAIVE_FACTORIZATION on slice (58, 11) (remaining tasks 41)
2025-04-21 22:33:06,319 [DEBUG]  		naive factorization 11 columns (in 0.00591 secs)
2025-04-21 22:33:06,319 [DEBUG]  OP: Operation.SPLIT_COLUMNS on slice (684, 11) (remaining tasks 40)
2025-04-21 22:33:07,001 [DEBUG]  		found 1 col clusters (in 0.68176 secs)
2025-04-21 22:33:07,002 [DEBUG]  OP: Operation.NAIVE_FACTORIZATION on slice (67, 11) (remaining tasks 40)
2025-04-21 22:33:07,011 [DEBUG]  		naive factorization 11 columns (in 0.00870 secs)
2025-04-21 22:33:07,011 [DEBUG]  OP: Operation.SPLIT_COLUMNS on slice (206, 11) (remaining tasks 39)
2025-04-21 22:33:08,610 [DEBUG]  		found 1 col clusters (in 1.59841 secs)
2025-04-21 22:33:08,610 [DEBUG]  OP: Operation.SPLIT_COLUMNS on slice (193, 11) (remaining tasks 39)
2025-04-21 22:33:10,137 [DEBUG]  		found 1 col clusters (in 1.52665 secs)
2025-04-21 22:33:10,138 [DEBUG]  OP: Operation.SPLIT_COLUMNS on slice (432, 11) (remaining tasks 39)
2025-04-21 22:33:12,238 [DEBUG]  		found 1 col clusters (in 2.09966 secs)
2025-04-21 22:33:12,238 [DEBUG]  OP: Operation.SPLIT_COLUMNS on slice (166, 11) (remaining tasks 39)
2025-04-21 22:33:12,625 [DEBUG]  		found 1 col clusters (in 0.38668 secs)
2025-04-21 22:33:12,626 [DEBUG]  OP: Operation.NAIVE_FACTORIZATION on slice (51, 11) (remaining tasks 39)
2025-04-21 22:33:12,632 [DEBUG]  		naive factorization 11 columns (in 0.00617 secs)
2025-04-21 22:33:12,632 [DEBUG]  OP: Operation.NAIVE_FACTORIZATION on slice (62, 11) (remaining tasks 38)
2025-04-21 22:33:12,637 [DEBUG]  		naive factorization 11 columns (in 0.00422 secs)
2025-04-21 22:33:12,637 [DEBUG]  OP: Operation.SPLIT_COLUMNS on slice (253, 11) (remaining tasks 37)
2025-04-21 22:33:14,217 [DEBUG]  		found 1 col clusters (in 1.57952 secs)
2025-04-21 22:33:14,217 [DEBUG]  OP: Operation.SPLIT_COLUMNS on slice (229, 11) (remaining tasks 37)
2025-04-21 22:33:15,900 [DEBUG]  		found 1 col clusters (in 1.68269 secs)
2025-04-21 22:33:15,900 [DEBUG]  OP: Operation.SPLIT_COLUMNS on slice (290, 11) (remaining tasks 37)
2025-04-21 22:33:17,495 [DEBUG]  		found 1 col clusters (in 1.59421 secs)
2025-04-21 22:33:17,495 [DEBUG]  OP: Operation.SPLIT_COLUMNS on slice (213, 11) (remaining tasks 37)
2025-04-21 22:33:19,265 [DEBUG]  		found 1 col clusters (in 1.76935 secs)
2025-04-21 22:33:19,265 [DEBUG]  OP: Operation.SPLIT_COLUMNS on slice (399, 11) (remaining tasks 37)
2025-04-21 22:33:20,955 [DEBUG]  		found 1 col clusters (in 1.68980 secs)
2025-04-21 22:33:20,956 [DEBUG]  OP: Operation.SPLIT_COLUMNS on slice (447, 11) (remaining tasks 37)
2025-04-21 22:33:23,144 [DEBUG]  		found 1 col clusters (in 2.18852 secs)
2025-04-21 22:33:23,145 [DEBUG]  OP: Operation.SPLIT_COLUMNS on slice (349, 11) (remaining tasks 37)
2025-04-21 22:33:24,908 [DEBUG]  		found 1 col clusters (in 1.76327 secs)
2025-04-21 22:33:24,909 [DEBUG]  OP: Operation.SPLIT_COLUMNS on slice (497, 11) (remaining tasks 37)
2025-04-21 22:33:27,155 [DEBUG]  		found 1 col clusters (in 2.24588 secs)
2025-04-21 22:33:27,156 [DEBUG]  OP: Operation.SPLIT_COLUMNS on slice (324, 11) (remaining tasks 37)
2025-04-21 22:33:29,155 [DEBUG]  		found 1 col clusters (in 1.99905 secs)
2025-04-21 22:33:29,156 [DEBUG]  OP: Operation.SPLIT_COLUMNS on slice (168, 11) (remaining tasks 37)
2025-04-21 22:33:29,602 [DEBUG]  		found 1 col clusters (in 0.44638 secs)
2025-04-21 22:33:29,603 [DEBUG]  OP: Operation.NAIVE_FACTORIZATION on slice (60, 11) (remaining tasks 37)
2025-04-21 22:33:29,612 [DEBUG]  		naive factorization 11 columns (in 0.00838 secs)
2025-04-21 22:33:29,612 [DEBUG]  OP: Operation.NAIVE_FACTORIZATION on slice (45, 11) (remaining tasks 36)
2025-04-21 22:33:29,618 [DEBUG]  		naive factorization 11 columns (in 0.00611 secs)
2025-04-21 22:33:29,619 [DEBUG]  OP: Operation.SPLIT_COLUMNS on slice (147, 11) (remaining tasks 35)
2025-04-21 22:33:29,953 [DEBUG]  		found 1 col clusters (in 0.33416 secs)
2025-04-21 22:33:29,954 [DEBUG]  OP: Operation.SPLIT_COLUMNS on slice (200, 11) (remaining tasks 35)
2025-04-21 22:33:31,462 [DEBUG]  		found 1 col clusters (in 1.50865 secs)
2025-04-21 22:33:31,463 [DEBUG]  OP: Operation.NAIVE_FACTORIZATION on slice (24, 11) (remaining tasks 35)
2025-04-21 22:33:31,468 [DEBUG]  		naive factorization 11 columns (in 0.00501 secs)
2025-04-21 22:33:31,468 [DEBUG]  OP: Operation.NAIVE_FACTORIZATION on slice (60, 11) (remaining tasks 34)
2025-04-21 22:33:31,477 [DEBUG]  		naive factorization 11 columns (in 0.00878 secs)
2025-04-21 22:33:31,478 [DEBUG]  OP: Operation.SPLIT_COLUMNS on slice (82, 11) (remaining tasks 33)
2025-04-21 22:33:31,770 [DEBUG]  		found 1 col clusters (in 0.29205 secs)
2025-04-21 22:33:31,770 [DEBUG]  OP: Operation.NAIVE_FACTORIZATION on slice (2, 11) (remaining tasks 33)
2025-04-21 22:33:31,774 [DEBUG]  		naive factorization 11 columns (in 0.00331 secs)
2025-04-21 22:33:31,775 [DEBUG]  OP: Operation.SPLIT_COLUMNS on slice (116, 11) (remaining tasks 32)
2025-04-21 22:33:32,006 [DEBUG]  		found 1 col clusters (in 0.23089 secs)
2025-04-21 22:33:32,006 [DEBUG]  OP: Operation.NAIVE_FACTORIZATION on slice (23, 11) (remaining tasks 32)
2025-04-21 22:33:32,010 [DEBUG]  		naive factorization 11 columns (in 0.00366 secs)
2025-04-21 22:33:32,011 [DEBUG]  OP: Operation.NAIVE_FACTORIZATION on slice (48, 11) (remaining tasks 31)
2025-04-21 22:33:32,015 [DEBUG]  		naive factorization 11 columns (in 0.00384 secs)
2025-04-21 22:33:32,015 [DEBUG]  OP: Operation.NAIVE_FACTORIZATION on slice (32, 11) (remaining tasks 30)
2025-04-21 22:33:32,019 [DEBUG]  		naive factorization 11 columns (in 0.00383 secs)
2025-04-21 22:33:32,020 [DEBUG]  OP: Operation.SPLIT_COLUMNS on slice (85, 11) (remaining tasks 29)
2025-04-21 22:33:32,237 [DEBUG]  		found 1 col clusters (in 0.21748 secs)
2025-04-21 22:33:32,238 [DEBUG]  OP: Operation.NAIVE_FACTORIZATION on slice (75, 11) (remaining tasks 29)
2025-04-21 22:33:32,243 [DEBUG]  		naive factorization 11 columns (in 0.00471 secs)
2025-04-21 22:33:32,244 [DEBUG]  OP: Operation.NAIVE_FACTORIZATION on slice (52, 11) (remaining tasks 28)
2025-04-21 22:33:32,248 [DEBUG]  		naive factorization 11 columns (in 0.00416 secs)
2025-04-21 22:33:32,249 [DEBUG]  OP: Operation.NAIVE_FACTORIZATION on slice (28, 11) (remaining tasks 27)
2025-04-21 22:33:32,253 [DEBUG]  		naive factorization 11 columns (in 0.00386 secs)
2025-04-21 22:33:32,254 [DEBUG]  OP: Operation.SPLIT_ROWS on slice (155, 11) (remaining tasks 26)
2025-04-21 22:33:32,310 [DEBUG]  		found 2 row clusters (in 0.05620 secs)
2025-04-21 22:33:32,311 [DEBUG]  OP: Operation.SPLIT_ROWS on slice (78, 11) (remaining tasks 27)
2025-04-21 22:33:32,340 [DEBUG]  		found 2 row clusters (in 0.02923 secs)
2025-04-21 22:33:32,340 [DEBUG]  OP: Operation.SPLIT_ROWS on slice (83, 11) (remaining tasks 28)
2025-04-21 22:33:32,368 [DEBUG]  		found 2 row clusters (in 0.02730 secs)
2025-04-21 22:33:32,368 [DEBUG]  OP: Operation.SPLIT_ROWS on slice (89, 11) (remaining tasks 29)
2025-04-21 22:33:32,389 [DEBUG]  		found 2 row clusters (in 0.02068 secs)
2025-04-21 22:33:32,389 [DEBUG]  OP: Operation.SPLIT_ROWS on slice (167, 11) (remaining tasks 30)
2025-04-21 22:33:32,409 [DEBUG]  		found 2 row clusters (in 0.02026 secs)
2025-04-21 22:33:32,409 [DEBUG]  OP: Operation.SPLIT_ROWS on slice (110, 11) (remaining tasks 31)
2025-04-21 22:33:32,439 [DEBUG]  		found 2 row clusters (in 0.02922 secs)
2025-04-21 22:33:32,439 [DEBUG]  OP: Operation.SPLIT_ROWS on slice (106, 11) (remaining tasks 32)
2025-04-21 22:33:32,456 [DEBUG]  		found 2 row clusters (in 0.01665 secs)
2025-04-21 22:33:32,456 [DEBUG]  OP: Operation.SPLIT_ROWS on slice (684, 11) (remaining tasks 33)
2025-04-21 22:33:32,500 [DEBUG]  		found 2 row clusters (in 0.04434 secs)
2025-04-21 22:33:32,501 [DEBUG]  OP: Operation.SPLIT_ROWS on slice (206, 11) (remaining tasks 34)
2025-04-21 22:33:32,525 [DEBUG]  		found 2 row clusters (in 0.02427 secs)
2025-04-21 22:33:32,525 [DEBUG]  OP: Operation.SPLIT_ROWS on slice (193, 11) (remaining tasks 35)
2025-04-21 22:33:32,549 [DEBUG]  		found 2 row clusters (in 0.02360 secs)
2025-04-21 22:33:32,549 [DEBUG]  OP: Operation.SPLIT_ROWS on slice (432, 11) (remaining tasks 36)
2025-04-21 22:33:32,589 [DEBUG]  		found 2 row clusters (in 0.04021 secs)
2025-04-21 22:33:32,590 [DEBUG]  OP: Operation.SPLIT_ROWS on slice (166, 11) (remaining tasks 37)
2025-04-21 22:33:32,618 [DEBUG]  		found 2 row clusters (in 0.02830 secs)
2025-04-21 22:33:32,618 [DEBUG]  OP: Operation.SPLIT_ROWS on slice (253, 11) (remaining tasks 38)
2025-04-21 22:33:32,638 [DEBUG]  		found 2 row clusters (in 0.01936 secs)
2025-04-21 22:33:32,638 [DEBUG]  OP: Operation.SPLIT_ROWS on slice (229, 11) (remaining tasks 39)
2025-04-21 22:33:32,659 [DEBUG]  		found 2 row clusters (in 0.02150 secs)
2025-04-21 22:33:32,660 [DEBUG]  OP: Operation.SPLIT_ROWS on slice (290, 11) (remaining tasks 40)
2025-04-21 22:33:32,693 [DEBUG]  		found 2 row clusters (in 0.03320 secs)
2025-04-21 22:33:32,693 [DEBUG]  OP: Operation.SPLIT_ROWS on slice (213, 11) (remaining tasks 41)
2025-04-21 22:33:32,717 [DEBUG]  		found 2 row clusters (in 0.02352 secs)
2025-04-21 22:33:32,717 [DEBUG]  OP: Operation.SPLIT_ROWS on slice (399, 11) (remaining tasks 42)
2025-04-21 22:33:32,750 [DEBUG]  		found 2 row clusters (in 0.03335 secs)
2025-04-21 22:33:32,751 [DEBUG]  OP: Operation.SPLIT_ROWS on slice (447, 11) (remaining tasks 43)
2025-04-21 22:33:32,783 [DEBUG]  		found 2 row clusters (in 0.03262 secs)
2025-04-21 22:33:32,783 [DEBUG]  OP: Operation.SPLIT_ROWS on slice (349, 11) (remaining tasks 44)
2025-04-21 22:33:32,812 [DEBUG]  		found 2 row clusters (in 0.02827 secs)
2025-04-21 22:33:32,812 [DEBUG]  OP: Operation.SPLIT_ROWS on slice (497, 11) (remaining tasks 45)
2025-04-21 22:33:32,840 [DEBUG]  		found 2 row clusters (in 0.02771 secs)
2025-04-21 22:33:32,840 [DEBUG]  OP: Operation.SPLIT_ROWS on slice (324, 11) (remaining tasks 46)
2025-04-21 22:33:32,866 [DEBUG]  		found 2 row clusters (in 0.02641 secs)
2025-04-21 22:33:32,867 [DEBUG]  OP: Operation.SPLIT_ROWS on slice (168, 11) (remaining tasks 47)
2025-04-21 22:33:32,886 [DEBUG]  		found 2 row clusters (in 0.01955 secs)
2025-04-21 22:33:32,887 [DEBUG]  OP: Operation.SPLIT_ROWS on slice (147, 11) (remaining tasks 48)
2025-04-21 22:33:32,908 [DEBUG]  		found 2 row clusters (in 0.02100 secs)
2025-04-21 22:33:32,908 [DEBUG]  OP: Operation.SPLIT_ROWS on slice (200, 11) (remaining tasks 49)
2025-04-21 22:33:32,930 [DEBUG]  		found 2 row clusters (in 0.02232 secs)
2025-04-21 22:33:32,930 [DEBUG]  OP: Operation.SPLIT_ROWS on slice (82, 11) (remaining tasks 50)
2025-04-21 22:33:32,948 [DEBUG]  		found 2 row clusters (in 0.01793 secs)
2025-04-21 22:33:32,949 [DEBUG]  OP: Operation.SPLIT_ROWS on slice (116, 11) (remaining tasks 51)
2025-04-21 22:33:32,970 [DEBUG]  		found 2 row clusters (in 0.02152 secs)
2025-04-21 22:33:32,970 [DEBUG]  OP: Operation.SPLIT_ROWS on slice (85, 11) (remaining tasks 52)
2025-04-21 22:33:32,990 [DEBUG]  		found 2 row clusters (in 0.01958 secs)
2025-04-21 22:33:32,990 [DEBUG]  OP: Operation.NAIVE_FACTORIZATION on slice (53, 11) (remaining tasks 53)
2025-04-21 22:33:32,995 [DEBUG]  		naive factorization 11 columns (in 0.00437 secs)
2025-04-21 22:33:32,995 [DEBUG]  OP: Operation.SPLIT_COLUMNS on slice (102, 11) (remaining tasks 52)
2025-04-21 22:33:33,224 [DEBUG]  		found 1 col clusters (in 0.22920 secs)
2025-04-21 22:33:33,225 [DEBUG]  OP: Operation.NAIVE_FACTORIZATION on slice (73, 11) (remaining tasks 52)
2025-04-21 22:33:33,229 [DEBUG]  		naive factorization 11 columns (in 0.00414 secs)
2025-04-21 22:33:33,230 [DEBUG]  OP: Operation.NAIVE_FACTORIZATION on slice (5, 11) (remaining tasks 51)
2025-04-21 22:33:33,233 [DEBUG]  		naive factorization 11 columns (in 0.00356 secs)
2025-04-21 22:33:33,234 [DEBUG]  OP: Operation.NAIVE_FACTORIZATION on slice (72, 11) (remaining tasks 50)
2025-04-21 22:33:33,238 [DEBUG]  		naive factorization 11 columns (in 0.00425 secs)
2025-04-21 22:33:33,239 [DEBUG]  OP: Operation.NAIVE_FACTORIZATION on slice (11, 11) (remaining tasks 49)
2025-04-21 22:33:33,242 [DEBUG]  		naive factorization 11 columns (in 0.00346 secs)
2025-04-21 22:33:33,243 [DEBUG]  OP: Operation.NAIVE_FACTORIZATION on slice (45, 11) (remaining tasks 48)
2025-04-21 22:33:33,248 [DEBUG]  		naive factorization 11 columns (in 0.00459 secs)
2025-04-21 22:33:33,248 [DEBUG]  OP: Operation.NAIVE_FACTORIZATION on slice (44, 11) (remaining tasks 47)
2025-04-21 22:33:33,252 [DEBUG]  		naive factorization 11 columns (in 0.00392 secs)
2025-04-21 22:33:33,253 [DEBUG]  OP: Operation.SPLIT_COLUMNS on slice (96, 11) (remaining tasks 46)
2025-04-21 22:33:33,469 [DEBUG]  		found 1 col clusters (in 0.21621 secs)
2025-04-21 22:33:33,470 [DEBUG]  OP: Operation.NAIVE_FACTORIZATION on slice (71, 11) (remaining tasks 46)
2025-04-21 22:33:33,474 [DEBUG]  		naive factorization 11 columns (in 0.00404 secs)
2025-04-21 22:33:33,474 [DEBUG]  OP: Operation.NAIVE_FACTORIZATION on slice (40, 11) (remaining tasks 45)
2025-04-21 22:33:33,478 [DEBUG]  		naive factorization 11 columns (in 0.00362 secs)
2025-04-21 22:33:33,479 [DEBUG]  OP: Operation.NAIVE_FACTORIZATION on slice (70, 11) (remaining tasks 44)
2025-04-21 22:33:33,484 [DEBUG]  		naive factorization 11 columns (in 0.00508 secs)
2025-04-21 22:33:33,485 [DEBUG]  OP: Operation.NAIVE_FACTORIZATION on slice (42, 11) (remaining tasks 43)
2025-04-21 22:33:33,489 [DEBUG]  		naive factorization 11 columns (in 0.00425 secs)
2025-04-21 22:33:33,490 [DEBUG]  OP: Operation.NAIVE_FACTORIZATION on slice (64, 11) (remaining tasks 42)
2025-04-21 22:33:33,494 [DEBUG]  		naive factorization 11 columns (in 0.00403 secs)
2025-04-21 22:33:33,494 [DEBUG]  OP: Operation.SPLIT_COLUMNS on slice (323, 11) (remaining tasks 41)
2025-04-21 22:33:35,391 [DEBUG]  		found 1 col clusters (in 1.89611 secs)
2025-04-21 22:33:35,391 [DEBUG]  OP: Operation.SPLIT_COLUMNS on slice (361, 11) (remaining tasks 41)
2025-04-21 22:33:37,945 [DEBUG]  		found 1 col clusters (in 2.55407 secs)
2025-04-21 22:33:37,946 [DEBUG]  OP: Operation.SPLIT_COLUMNS on slice (136, 11) (remaining tasks 41)
2025-04-21 22:33:38,364 [DEBUG]  		found 1 col clusters (in 0.41817 secs)
2025-04-21 22:33:38,364 [DEBUG]  OP: Operation.NAIVE_FACTORIZATION on slice (70, 11) (remaining tasks 41)
2025-04-21 22:33:38,367 [DEBUG]  		naive factorization 11 columns (in 0.00301 secs)
2025-04-21 22:33:38,368 [DEBUG]  OP: Operation.SPLIT_COLUMNS on slice (165, 11) (remaining tasks 40)
2025-04-21 22:33:38,721 [DEBUG]  		found 1 col clusters (in 0.35293 secs)
2025-04-21 22:33:38,721 [DEBUG]  OP: Operation.NAIVE_FACTORIZATION on slice (28, 11) (remaining tasks 40)
2025-04-21 22:33:38,726 [DEBUG]  		naive factorization 11 columns (in 0.00493 secs)
2025-04-21 22:33:38,727 [DEBUG]  OP: Operation.SPLIT_COLUMNS on slice (221, 11) (remaining tasks 39)
2025-04-21 22:33:40,157 [DEBUG]  		found 1 col clusters (in 1.42970 secs)
2025-04-21 22:33:40,157 [DEBUG]  OP: Operation.SPLIT_COLUMNS on slice (211, 11) (remaining tasks 39)
2025-04-21 22:33:41,645 [DEBUG]  		found 1 col clusters (in 1.48712 secs)
2025-04-21 22:33:41,645 [DEBUG]  OP: Operation.NAIVE_FACTORIZATION on slice (21, 11) (remaining tasks 39)
2025-04-21 22:33:41,649 [DEBUG]  		naive factorization 11 columns (in 0.00415 secs)
2025-04-21 22:33:41,650 [DEBUG]  OP: Operation.SPLIT_COLUMNS on slice (145, 11) (remaining tasks 38)
2025-04-21 22:33:42,004 [DEBUG]  		found 1 col clusters (in 0.35387 secs)
2025-04-21 22:33:42,004 [DEBUG]  OP: Operation.SPLIT_COLUMNS on slice (108, 11) (remaining tasks 38)
2025-04-21 22:33:42,258 [DEBUG]  		found 1 col clusters (in 0.25309 secs)
2025-04-21 22:33:42,258 [DEBUG]  OP: Operation.SPLIT_COLUMNS on slice (145, 11) (remaining tasks 38)
2025-04-21 22:33:42,575 [DEBUG]  		found 1 col clusters (in 0.31699 secs)
2025-04-21 22:33:42,576 [DEBUG]  OP: Operation.SPLIT_COLUMNS on slice (102, 11) (remaining tasks 38)
2025-04-21 22:33:42,815 [DEBUG]  		found 1 col clusters (in 0.23848 secs)
2025-04-21 22:33:42,815 [DEBUG]  OP: Operation.SPLIT_COLUMNS on slice (127, 11) (remaining tasks 38)
2025-04-21 22:33:43,037 [DEBUG]  		found 1 col clusters (in 0.22159 secs)
2025-04-21 22:33:43,037 [DEBUG]  OP: Operation.SPLIT_COLUMNS on slice (126, 11) (remaining tasks 38)
2025-04-21 22:33:43,256 [DEBUG]  		found 1 col clusters (in 0.21783 secs)
2025-04-21 22:33:43,256 [DEBUG]  OP: Operation.SPLIT_COLUMNS on slice (164, 11) (remaining tasks 38)
2025-04-21 22:33:43,586 [DEBUG]  		found 1 col clusters (in 0.33018 secs)
2025-04-21 22:33:43,587 [DEBUG]  OP: Operation.SPLIT_COLUMNS on slice (117, 11) (remaining tasks 38)
2025-04-21 22:33:43,900 [DEBUG]  		found 1 col clusters (in 0.31286 secs)
2025-04-21 22:33:43,900 [DEBUG]  OP: Operation.SPLIT_COLUMNS on slice (96, 11) (remaining tasks 38)
2025-04-21 22:33:44,125 [DEBUG]  		found 1 col clusters (in 0.22428 secs)
2025-04-21 22:33:44,125 [DEBUG]  OP: Operation.SPLIT_COLUMNS on slice (174, 11) (remaining tasks 38)
2025-04-21 22:33:44,443 [DEBUG]  		found 1 col clusters (in 0.31739 secs)
2025-04-21 22:33:44,443 [DEBUG]  OP: Operation.SPLIT_COLUMNS on slice (225, 11) (remaining tasks 38)
2025-04-21 22:33:46,018 [DEBUG]  		found 1 col clusters (in 1.57452 secs)
2025-04-21 22:33:46,018 [DEBUG]  OP: Operation.SPLIT_COLUMNS on slice (231, 11) (remaining tasks 38)
2025-04-21 22:33:47,553 [DEBUG]  		found 1 col clusters (in 1.53438 secs)
2025-04-21 22:33:47,553 [DEBUG]  OP: Operation.SPLIT_COLUMNS on slice (216, 11) (remaining tasks 38)
2025-04-21 22:33:49,169 [DEBUG]  		found 1 col clusters (in 1.61516 secs)
2025-04-21 22:33:49,169 [DEBUG]  OP: Operation.NAIVE_FACTORIZATION on slice (22, 11) (remaining tasks 38)
2025-04-21 22:33:49,174 [DEBUG]  		naive factorization 11 columns (in 0.00484 secs)
2025-04-21 22:33:49,175 [DEBUG]  OP: Operation.SPLIT_COLUMNS on slice (327, 11) (remaining tasks 37)
2025-04-21 22:33:50,882 [DEBUG]  		found 1 col clusters (in 1.70668 secs)
2025-04-21 22:33:50,882 [DEBUG]  OP: Operation.SPLIT_COLUMNS on slice (322, 11) (remaining tasks 37)
2025-04-21 22:33:52,569 [DEBUG]  		found 1 col clusters (in 1.68693 secs)
2025-04-21 22:33:52,570 [DEBUG]  OP: Operation.SPLIT_COLUMNS on slice (175, 11) (remaining tasks 37)
2025-04-21 22:33:53,023 [DEBUG]  		found 1 col clusters (in 0.45267 secs)
2025-04-21 22:33:53,023 [DEBUG]  OP: Operation.SPLIT_COLUMNS on slice (141, 11) (remaining tasks 37)
2025-04-21 22:33:53,406 [DEBUG]  		found 1 col clusters (in 0.38259 secs)
2025-04-21 22:33:53,406 [DEBUG]  OP: Operation.SPLIT_COLUMNS on slice (183, 11) (remaining tasks 37)
2025-04-21 22:33:53,764 [DEBUG]  		found 1 col clusters (in 0.35802 secs)
2025-04-21 22:33:53,765 [DEBUG]  OP: Operation.SPLIT_COLUMNS on slice (117, 11) (remaining tasks 37)
2025-04-21 22:33:54,052 [DEBUG]  		found 1 col clusters (in 0.28720 secs)
2025-04-21 22:33:54,053 [DEBUG]  OP: Operation.NAIVE_FACTORIZATION on slice (51, 11) (remaining tasks 37)
2025-04-21 22:33:54,057 [DEBUG]  		naive factorization 11 columns (in 0.00381 secs)
2025-04-21 22:33:54,057 [DEBUG]  OP: Operation.NAIVE_FACTORIZATION on slice (61, 11) (remaining tasks 36)
2025-04-21 22:33:54,061 [DEBUG]  		naive factorization 11 columns (in 0.00325 secs)
2025-04-21 22:33:54,061 [DEBUG]  OP: Operation.SPLIT_COLUMNS on slice (86, 11) (remaining tasks 35)
2025-04-21 22:33:54,280 [DEBUG]  		found 1 col clusters (in 0.21833 secs)
2025-04-21 22:33:54,280 [DEBUG]  OP: Operation.SPLIT_COLUMNS on slice (93, 11) (remaining tasks 35)
2025-04-21 22:33:54,500 [DEBUG]  		found 1 col clusters (in 0.21910 secs)
2025-04-21 22:33:54,500 [DEBUG]  OP: Operation.SPLIT_COLUMNS on slice (107, 11) (remaining tasks 35)
2025-04-21 22:33:54,721 [DEBUG]  		found 1 col clusters (in 0.22050 secs)
2025-04-21 22:33:54,721 [DEBUG]  OP: Operation.NAIVE_FACTORIZATION on slice (21, 11) (remaining tasks 35)
2025-04-21 22:33:54,726 [DEBUG]  		naive factorization 11 columns (in 0.00470 secs)
2025-04-21 22:33:54,727 [DEBUG]  OP: Operation.NAIVE_FACTORIZATION on slice (61, 11) (remaining tasks 34)
2025-04-21 22:33:54,731 [DEBUG]  		naive factorization 11 columns (in 0.00411 secs)
2025-04-21 22:33:54,732 [DEBUG]  OP: Operation.NAIVE_FACTORIZATION on slice (57, 11) (remaining tasks 33)
2025-04-21 22:33:54,736 [DEBUG]  		naive factorization 11 columns (in 0.00392 secs)
2025-04-21 22:33:54,736 [DEBUG]  OP: Operation.NAIVE_FACTORIZATION on slice (59, 11) (remaining tasks 32)
2025-04-21 22:33:54,740 [DEBUG]  		naive factorization 11 columns (in 0.00403 secs)
2025-04-21 22:33:54,741 [DEBUG]  OP: Operation.NAIVE_FACTORIZATION on slice (67, 11) (remaining tasks 31)
2025-04-21 22:33:54,746 [DEBUG]  		naive factorization 11 columns (in 0.00435 secs)
2025-04-21 22:33:54,746 [DEBUG]  OP: Operation.NAIVE_FACTORIZATION on slice (18, 11) (remaining tasks 30)
2025-04-21 22:33:54,750 [DEBUG]  		naive factorization 11 columns (in 0.00357 secs)
2025-04-21 22:33:54,750 [DEBUG]  OP: Operation.SPLIT_ROWS on slice (102, 11) (remaining tasks 29)
2025-04-21 22:33:54,800 [DEBUG]  		found 2 row clusters (in 0.04991 secs)
2025-04-21 22:33:54,801 [DEBUG]  OP: Operation.SPLIT_ROWS on slice (96, 11) (remaining tasks 30)
2025-04-21 22:33:54,830 [DEBUG]  		found 2 row clusters (in 0.02901 secs)
2025-04-21 22:33:54,830 [DEBUG]  OP: Operation.SPLIT_ROWS on slice (323, 11) (remaining tasks 31)
2025-04-21 22:33:54,870 [DEBUG]  		found 2 row clusters (in 0.03935 secs)
2025-04-21 22:33:54,870 [DEBUG]  OP: Operation.SPLIT_ROWS on slice (361, 11) (remaining tasks 32)
2025-04-21 22:33:54,897 [DEBUG]  		found 2 row clusters (in 0.02702 secs)
2025-04-21 22:33:54,897 [DEBUG]  OP: Operation.SPLIT_ROWS on slice (136, 11) (remaining tasks 33)
2025-04-21 22:33:54,917 [DEBUG]  		found 2 row clusters (in 0.02003 secs)
2025-04-21 22:33:54,918 [DEBUG]  OP: Operation.SPLIT_ROWS on slice (165, 11) (remaining tasks 34)
2025-04-21 22:33:54,938 [DEBUG]  		found 2 row clusters (in 0.02021 secs)
2025-04-21 22:33:54,938 [DEBUG]  OP: Operation.SPLIT_ROWS on slice (221, 11) (remaining tasks 35)
2025-04-21 22:33:54,963 [DEBUG]  		found 2 row clusters (in 0.02462 secs)
2025-04-21 22:33:54,963 [DEBUG]  OP: Operation.SPLIT_ROWS on slice (211, 11) (remaining tasks 36)
2025-04-21 22:33:54,988 [DEBUG]  		found 2 row clusters (in 0.02525 secs)
2025-04-21 22:33:54,989 [DEBUG]  OP: Operation.SPLIT_ROWS on slice (145, 11) (remaining tasks 37)
2025-04-21 22:33:55,004 [DEBUG]  		found 2 row clusters (in 0.01566 secs)
2025-04-21 22:33:55,004 [DEBUG]  OP: Operation.SPLIT_ROWS on slice (108, 11) (remaining tasks 38)
2025-04-21 22:33:55,024 [DEBUG]  		found 2 row clusters (in 0.01925 secs)
2025-04-21 22:33:55,024 [DEBUG]  OP: Operation.SPLIT_ROWS on slice (145, 11) (remaining tasks 39)
2025-04-21 22:33:55,044 [DEBUG]  		found 2 row clusters (in 0.01976 secs)
2025-04-21 22:33:55,044 [DEBUG]  OP: Operation.SPLIT_ROWS on slice (102, 11) (remaining tasks 40)
2025-04-21 22:33:55,057 [DEBUG]  		found 2 row clusters (in 0.01299 secs)
2025-04-21 22:33:55,057 [DEBUG]  OP: Operation.SPLIT_ROWS on slice (127, 11) (remaining tasks 41)
2025-04-21 22:33:55,076 [DEBUG]  		found 2 row clusters (in 0.01838 secs)
2025-04-21 22:33:55,076 [DEBUG]  OP: Operation.SPLIT_ROWS on slice (126, 11) (remaining tasks 42)
2025-04-21 22:33:55,091 [DEBUG]  		found 2 row clusters (in 0.01513 secs)
2025-04-21 22:33:55,091 [DEBUG]  OP: Operation.SPLIT_ROWS on slice (164, 11) (remaining tasks 43)
2025-04-21 22:33:55,111 [DEBUG]  		found 2 row clusters (in 0.01918 secs)
2025-04-21 22:33:55,111 [DEBUG]  OP: Operation.SPLIT_ROWS on slice (117, 11) (remaining tasks 44)
2025-04-21 22:33:55,128 [DEBUG]  		found 2 row clusters (in 0.01738 secs)
2025-04-21 22:33:55,129 [DEBUG]  OP: Operation.SPLIT_ROWS on slice (96, 11) (remaining tasks 45)
2025-04-21 22:33:55,147 [DEBUG]  		found 2 row clusters (in 0.01816 secs)
2025-04-21 22:33:55,147 [DEBUG]  OP: Operation.SPLIT_ROWS on slice (174, 11) (remaining tasks 46)
2025-04-21 22:33:55,173 [DEBUG]  		found 2 row clusters (in 0.02591 secs)
2025-04-21 22:33:55,173 [DEBUG]  OP: Operation.SPLIT_ROWS on slice (225, 11) (remaining tasks 47)
2025-04-21 22:33:55,197 [DEBUG]  		found 2 row clusters (in 0.02412 secs)
2025-04-21 22:33:55,198 [DEBUG]  OP: Operation.SPLIT_ROWS on slice (231, 11) (remaining tasks 48)
2025-04-21 22:33:55,221 [DEBUG]  		found 2 row clusters (in 0.02298 secs)
2025-04-21 22:33:55,221 [DEBUG]  OP: Operation.SPLIT_ROWS on slice (216, 11) (remaining tasks 49)
2025-04-21 22:33:55,243 [DEBUG]  		found 2 row clusters (in 0.02217 secs)
2025-04-21 22:33:55,243 [DEBUG]  OP: Operation.SPLIT_ROWS on slice (327, 11) (remaining tasks 50)
2025-04-21 22:33:55,273 [DEBUG]  		found 2 row clusters (in 0.02994 secs)
2025-04-21 22:33:55,274 [DEBUG]  OP: Operation.SPLIT_ROWS on slice (322, 11) (remaining tasks 51)
2025-04-21 22:33:55,302 [DEBUG]  		found 2 row clusters (in 0.02808 secs)
2025-04-21 22:33:55,302 [DEBUG]  OP: Operation.SPLIT_ROWS on slice (175, 11) (remaining tasks 52)
2025-04-21 22:33:55,323 [DEBUG]  		found 2 row clusters (in 0.02073 secs)
2025-04-21 22:33:55,323 [DEBUG]  OP: Operation.SPLIT_ROWS on slice (141, 11) (remaining tasks 53)
2025-04-21 22:33:55,352 [DEBUG]  		found 2 row clusters (in 0.02882 secs)
2025-04-21 22:33:55,352 [DEBUG]  OP: Operation.SPLIT_ROWS on slice (183, 11) (remaining tasks 54)
2025-04-21 22:33:55,377 [DEBUG]  		found 2 row clusters (in 0.02515 secs)
2025-04-21 22:33:55,378 [DEBUG]  OP: Operation.SPLIT_ROWS on slice (117, 11) (remaining tasks 55)
2025-04-21 22:33:55,399 [DEBUG]  		found 2 row clusters (in 0.02143 secs)
2025-04-21 22:33:55,399 [DEBUG]  OP: Operation.SPLIT_ROWS on slice (86, 11) (remaining tasks 56)
2025-04-21 22:33:55,421 [DEBUG]  		found 2 row clusters (in 0.02202 secs)
2025-04-21 22:33:55,422 [DEBUG]  OP: Operation.SPLIT_ROWS on slice (93, 11) (remaining tasks 57)
2025-04-21 22:33:55,442 [DEBUG]  		found 2 row clusters (in 0.01989 secs)
2025-04-21 22:33:55,442 [DEBUG]  OP: Operation.SPLIT_ROWS on slice (107, 11) (remaining tasks 58)
2025-04-21 22:33:55,462 [DEBUG]  		found 2 row clusters (in 0.02001 secs)
2025-04-21 22:33:55,462 [DEBUG]  OP: Operation.NAIVE_FACTORIZATION on slice (48, 11) (remaining tasks 59)
2025-04-21 22:33:55,466 [DEBUG]  		naive factorization 11 columns (in 0.00388 secs)
2025-04-21 22:33:55,466 [DEBUG]  OP: Operation.NAIVE_FACTORIZATION on slice (54, 11) (remaining tasks 58)
2025-04-21 22:33:55,471 [DEBUG]  		naive factorization 11 columns (in 0.00410 secs)
2025-04-21 22:33:55,471 [DEBUG]  OP: Operation.NAIVE_FACTORIZATION on slice (44, 11) (remaining tasks 57)
2025-04-21 22:33:55,475 [DEBUG]  		naive factorization 11 columns (in 0.00383 secs)
2025-04-21 22:33:55,475 [DEBUG]  OP: Operation.NAIVE_FACTORIZATION on slice (52, 11) (remaining tasks 56)
2025-04-21 22:33:55,479 [DEBUG]  		naive factorization 11 columns (in 0.00344 secs)
2025-04-21 22:33:55,479 [DEBUG]  OP: Operation.SPLIT_COLUMNS on slice (158, 11) (remaining tasks 55)
2025-04-21 22:33:55,792 [DEBUG]  		found 1 col clusters (in 0.31317 secs)
2025-04-21 22:33:55,793 [DEBUG]  OP: Operation.SPLIT_COLUMNS on slice (165, 11) (remaining tasks 55)
2025-04-21 22:33:56,048 [DEBUG]  		found 1 col clusters (in 0.25527 secs)
2025-04-21 22:33:56,049 [DEBUG]  OP: Operation.SPLIT_COLUMNS on slice (108, 11) (remaining tasks 55)
2025-04-21 22:33:56,408 [DEBUG]  		found 1 col clusters (in 0.35942 secs)
2025-04-21 22:33:56,409 [DEBUG]  OP: Operation.SPLIT_COLUMNS on slice (253, 11) (remaining tasks 55)
2025-04-21 22:33:58,095 [DEBUG]  		found 1 col clusters (in 1.68641 secs)
2025-04-21 22:33:58,096 [DEBUG]  OP: Operation.NAIVE_FACTORIZATION on slice (70, 11) (remaining tasks 55)
2025-04-21 22:33:58,102 [DEBUG]  		naive factorization 11 columns (in 0.00633 secs)
2025-04-21 22:33:58,103 [DEBUG]  OP: Operation.NAIVE_FACTORIZATION on slice (66, 11) (remaining tasks 54)
2025-04-21 22:33:58,110 [DEBUG]  		naive factorization 11 columns (in 0.00685 secs)
2025-04-21 22:33:58,110 [DEBUG]  OP: Operation.NAIVE_FACTORIZATION on slice (19, 11) (remaining tasks 53)
2025-04-21 22:33:58,115 [DEBUG]  		naive factorization 11 columns (in 0.00422 secs)
2025-04-21 22:33:58,115 [DEBUG]  OP: Operation.SPLIT_COLUMNS on slice (146, 11) (remaining tasks 52)
2025-04-21 22:33:58,475 [DEBUG]  		found 1 col clusters (in 0.36018 secs)
2025-04-21 22:33:58,476 [DEBUG]  OP: Operation.SPLIT_COLUMNS on slice (215, 11) (remaining tasks 52)
2025-04-21 22:34:00,101 [DEBUG]  		found 1 col clusters (in 1.62565 secs)
2025-04-21 22:34:00,102 [DEBUG]  OP: Operation.NAIVE_FACTORIZATION on slice (6, 11) (remaining tasks 52)
2025-04-21 22:34:00,108 [DEBUG]  		naive factorization 11 columns (in 0.00610 secs)
2025-04-21 22:34:00,109 [DEBUG]  OP: Operation.SPLIT_COLUMNS on slice (169, 11) (remaining tasks 51)
2025-04-21 22:34:00,518 [DEBUG]  		found 1 col clusters (in 0.40898 secs)
2025-04-21 22:34:00,518 [DEBUG]  OP: Operation.NAIVE_FACTORIZATION on slice (42, 11) (remaining tasks 51)
2025-04-21 22:34:00,524 [DEBUG]  		naive factorization 11 columns (in 0.00582 secs)
2025-04-21 22:34:00,525 [DEBUG]  OP: Operation.NAIVE_FACTORIZATION on slice (50, 11) (remaining tasks 50)
2025-04-21 22:34:00,530 [DEBUG]  		naive factorization 11 columns (in 0.00480 secs)
2025-04-21 22:34:00,530 [DEBUG]  OP: Operation.SPLIT_COLUMNS on slice (95, 11) (remaining tasks 49)
2025-04-21 22:34:00,758 [DEBUG]  		found 1 col clusters (in 0.22742 secs)
2025-04-21 22:34:00,758 [DEBUG]  OP: Operation.NAIVE_FACTORIZATION on slice (67, 11) (remaining tasks 49)
2025-04-21 22:34:00,763 [DEBUG]  		naive factorization 11 columns (in 0.00405 secs)
2025-04-21 22:34:00,763 [DEBUG]  OP: Operation.NAIVE_FACTORIZATION on slice (41, 11) (remaining tasks 48)
2025-04-21 22:34:00,767 [DEBUG]  		naive factorization 11 columns (in 0.00368 secs)
2025-04-21 22:34:00,767 [DEBUG]  OP: Operation.SPLIT_COLUMNS on slice (80, 11) (remaining tasks 47)
2025-04-21 22:34:00,994 [DEBUG]  		found 1 col clusters (in 0.22675 secs)
2025-04-21 22:34:00,995 [DEBUG]  OP: Operation.NAIVE_FACTORIZATION on slice (65, 11) (remaining tasks 47)
2025-04-21 22:34:00,999 [DEBUG]  		naive factorization 11 columns (in 0.00393 secs)
2025-04-21 22:34:01,000 [DEBUG]  OP: Operation.SPLIT_COLUMNS on slice (79, 11) (remaining tasks 46)
2025-04-21 22:34:01,217 [DEBUG]  		found 1 col clusters (in 0.21731 secs)
2025-04-21 22:34:01,217 [DEBUG]  OP: Operation.NAIVE_FACTORIZATION on slice (23, 11) (remaining tasks 46)
2025-04-21 22:34:01,221 [DEBUG]  		naive factorization 11 columns (in 0.00315 secs)
2025-04-21 22:34:01,221 [DEBUG]  OP: Operation.SPLIT_COLUMNS on slice (119, 11) (remaining tasks 45)
2025-04-21 22:34:01,442 [DEBUG]  		found 1 col clusters (in 0.22042 secs)
2025-04-21 22:34:01,442 [DEBUG]  OP: Operation.NAIVE_FACTORIZATION on slice (8, 11) (remaining tasks 45)
2025-04-21 22:34:01,446 [DEBUG]  		naive factorization 11 columns (in 0.00331 secs)
2025-04-21 22:34:01,447 [DEBUG]  OP: Operation.SPLIT_COLUMNS on slice (123, 11) (remaining tasks 44)
2025-04-21 22:34:01,664 [DEBUG]  		found 1 col clusters (in 0.21767 secs)
2025-04-21 22:34:01,665 [DEBUG]  OP: Operation.NAIVE_FACTORIZATION on slice (3, 11) (remaining tasks 44)
2025-04-21 22:34:01,669 [DEBUG]  		naive factorization 11 columns (in 0.00349 secs)
2025-04-21 22:34:01,669 [DEBUG]  OP: Operation.NAIVE_FACTORIZATION on slice (69, 11) (remaining tasks 43)
2025-04-21 22:34:01,673 [DEBUG]  		naive factorization 11 columns (in 0.00398 secs)
2025-04-21 22:34:01,674 [DEBUG]  OP: Operation.SPLIT_COLUMNS on slice (95, 11) (remaining tasks 42)
2025-04-21 22:34:01,890 [DEBUG]  		found 1 col clusters (in 0.21567 secs)
2025-04-21 22:34:01,890 [DEBUG]  OP: Operation.NAIVE_FACTORIZATION on slice (18, 11) (remaining tasks 42)
2025-04-21 22:34:01,894 [DEBUG]  		naive factorization 11 columns (in 0.00347 secs)
2025-04-21 22:34:01,894 [DEBUG]  OP: Operation.SPLIT_COLUMNS on slice (99, 11) (remaining tasks 41)
2025-04-21 22:34:02,112 [DEBUG]  		found 1 col clusters (in 0.21720 secs)
2025-04-21 22:34:02,112 [DEBUG]  OP: Operation.NAIVE_FACTORIZATION on slice (49, 11) (remaining tasks 41)
2025-04-21 22:34:02,116 [DEBUG]  		naive factorization 11 columns (in 0.00384 secs)
2025-04-21 22:34:02,117 [DEBUG]  OP: Operation.NAIVE_FACTORIZATION on slice (47, 11) (remaining tasks 40)
2025-04-21 22:34:02,121 [DEBUG]  		naive factorization 11 columns (in 0.00434 secs)
2025-04-21 22:34:02,122 [DEBUG]  OP: Operation.SPLIT_COLUMNS on slice (157, 11) (remaining tasks 39)
2025-04-21 22:34:02,442 [DEBUG]  		found 1 col clusters (in 0.31972 secs)
2025-04-21 22:34:02,442 [DEBUG]  OP: Operation.NAIVE_FACTORIZATION on slice (17, 11) (remaining tasks 39)
2025-04-21 22:34:02,445 [DEBUG]  		naive factorization 11 columns (in 0.00318 secs)
2025-04-21 22:34:02,445 [DEBUG]  OP: Operation.SPLIT_COLUMNS on slice (138, 11) (remaining tasks 38)
2025-04-21 22:34:02,723 [DEBUG]  		found 1 col clusters (in 0.27771 secs)
2025-04-21 22:34:02,724 [DEBUG]  OP: Operation.SPLIT_COLUMNS on slice (87, 11) (remaining tasks 38)
2025-04-21 22:34:03,031 [DEBUG]  		found 1 col clusters (in 0.30698 secs)
2025-04-21 22:34:03,031 [DEBUG]  OP: Operation.SPLIT_COLUMNS on slice (115, 11) (remaining tasks 38)
2025-04-21 22:34:03,250 [DEBUG]  		found 1 col clusters (in 0.21796 secs)
2025-04-21 22:34:03,250 [DEBUG]  OP: Operation.SPLIT_COLUMNS on slice (116, 11) (remaining tasks 38)
2025-04-21 22:34:03,471 [DEBUG]  		found 1 col clusters (in 0.22039 secs)
2025-04-21 22:34:03,471 [DEBUG]  OP: Operation.SPLIT_COLUMNS on slice (187, 11) (remaining tasks 38)
2025-04-21 22:34:03,801 [DEBUG]  		found 1 col clusters (in 0.32958 secs)
2025-04-21 22:34:03,801 [DEBUG]  OP: Operation.NAIVE_FACTORIZATION on slice (29, 11) (remaining tasks 38)
2025-04-21 22:34:03,806 [DEBUG]  		naive factorization 11 columns (in 0.00489 secs)
2025-04-21 22:34:03,807 [DEBUG]  OP: Operation.SPLIT_COLUMNS on slice (214, 11) (remaining tasks 37)
2025-04-21 22:34:05,396 [DEBUG]  		found 1 col clusters (in 1.58840 secs)
2025-04-21 22:34:05,396 [DEBUG]  OP: Operation.SPLIT_COLUMNS on slice (113, 11) (remaining tasks 37)
2025-04-21 22:34:05,674 [DEBUG]  		found 1 col clusters (in 0.27785 secs)
2025-04-21 22:34:05,675 [DEBUG]  OP: Operation.SPLIT_COLUMNS on slice (170, 11) (remaining tasks 37)
2025-04-21 22:34:05,990 [DEBUG]  		found 1 col clusters (in 0.31574 secs)
2025-04-21 22:34:05,991 [DEBUG]  OP: Operation.SPLIT_COLUMNS on slice (152, 11) (remaining tasks 37)
2025-04-21 22:34:06,371 [DEBUG]  		found 1 col clusters (in 0.38044 secs)
2025-04-21 22:34:06,372 [DEBUG]  OP: Operation.SPLIT_COLUMNS on slice (77, 11) (remaining tasks 37)
2025-04-21 22:34:06,621 [DEBUG]  		found 1 col clusters (in 0.24935 secs)
2025-04-21 22:34:06,622 [DEBUG]  OP: Operation.SPLIT_COLUMNS on slice (98, 11) (remaining tasks 37)
2025-04-21 22:34:06,940 [DEBUG]  		found 1 col clusters (in 0.31772 secs)
2025-04-21 22:34:06,940 [DEBUG]  OP: Operation.NAIVE_FACTORIZATION on slice (76, 11) (remaining tasks 37)
2025-04-21 22:34:06,946 [DEBUG]  		naive factorization 11 columns (in 0.00516 secs)
2025-04-21 22:34:06,946 [DEBUG]  OP: Operation.NAIVE_FACTORIZATION on slice (65, 11) (remaining tasks 36)
2025-04-21 22:34:06,951 [DEBUG]  		naive factorization 11 columns (in 0.00400 secs)
2025-04-21 22:34:06,951 [DEBUG]  OP: Operation.SPLIT_COLUMNS on slice (132, 11) (remaining tasks 35)
2025-04-21 22:34:07,269 [DEBUG]  		found 1 col clusters (in 0.31818 secs)
2025-04-21 22:34:07,270 [DEBUG]  OP: Operation.NAIVE_FACTORIZATION on slice (51, 11) (remaining tasks 35)
2025-04-21 22:34:07,275 [DEBUG]  		naive factorization 11 columns (in 0.00522 secs)
2025-04-21 22:34:07,276 [DEBUG]  OP: Operation.NAIVE_FACTORIZATION on slice (64, 11) (remaining tasks 34)
2025-04-21 22:34:07,281 [DEBUG]  		naive factorization 11 columns (in 0.00465 secs)
2025-04-21 22:34:07,281 [DEBUG]  OP: Operation.NAIVE_FACTORIZATION on slice (53, 11) (remaining tasks 33)
2025-04-21 22:34:07,287 [DEBUG]  		naive factorization 11 columns (in 0.00550 secs)
2025-04-21 22:34:07,287 [DEBUG]  OP: Operation.NAIVE_FACTORIZATION on slice (21, 11) (remaining tasks 32)
2025-04-21 22:34:07,291 [DEBUG]  		naive factorization 11 columns (in 0.00421 secs)
2025-04-21 22:34:07,292 [DEBUG]  OP: Operation.NAIVE_FACTORIZATION on slice (65, 11) (remaining tasks 31)
2025-04-21 22:34:07,298 [DEBUG]  		naive factorization 11 columns (in 0.00583 secs)
2025-04-21 22:34:07,298 [DEBUG]  OP: Operation.NAIVE_FACTORIZATION on slice (47, 11) (remaining tasks 30)
2025-04-21 22:34:07,303 [DEBUG]  		naive factorization 11 columns (in 0.00470 secs)
2025-04-21 22:34:07,303 [DEBUG]  OP: Operation.NAIVE_FACTORIZATION on slice (46, 11) (remaining tasks 29)
2025-04-21 22:34:07,310 [DEBUG]  		naive factorization 11 columns (in 0.00653 secs)
2025-04-21 22:34:07,310 [DEBUG]  OP: Operation.NAIVE_FACTORIZATION on slice (68, 11) (remaining tasks 28)
2025-04-21 22:34:07,317 [DEBUG]  		naive factorization 11 columns (in 0.00674 secs)
2025-04-21 22:34:07,318 [DEBUG]  OP: Operation.NAIVE_FACTORIZATION on slice (39, 11) (remaining tasks 27)
2025-04-21 22:34:07,326 [DEBUG]  		naive factorization 11 columns (in 0.00829 secs)
2025-04-21 22:34:07,326 [DEBUG]  OP: Operation.SPLIT_ROWS on slice (158, 11) (remaining tasks 26)
2025-04-21 22:34:07,363 [DEBUG]  		found 2 row clusters (in 0.03708 secs)
2025-04-21 22:34:07,364 [DEBUG]  OP: Operation.SPLIT_ROWS on slice (165, 11) (remaining tasks 27)
2025-04-21 22:34:07,392 [DEBUG]  		found 2 row clusters (in 0.02786 secs)
2025-04-21 22:34:07,392 [DEBUG]  OP: Operation.SPLIT_ROWS on slice (108, 11) (remaining tasks 28)
2025-04-21 22:34:07,404 [DEBUG]  		found 2 row clusters (in 0.01244 secs)
2025-04-21 22:34:07,404 [DEBUG]  OP: Operation.SPLIT_ROWS on slice (253, 11) (remaining tasks 29)
2025-04-21 22:34:07,426 [DEBUG]  		found 2 row clusters (in 0.02164 secs)
2025-04-21 22:34:07,426 [DEBUG]  OP: Operation.SPLIT_ROWS on slice (146, 11) (remaining tasks 30)
2025-04-21 22:34:07,446 [DEBUG]  		found 2 row clusters (in 0.01946 secs)
2025-04-21 22:34:07,446 [DEBUG]  OP: Operation.SPLIT_ROWS on slice (215, 11) (remaining tasks 31)
2025-04-21 22:34:07,469 [DEBUG]  		found 2 row clusters (in 0.02242 secs)
2025-04-21 22:34:07,469 [DEBUG]  OP: Operation.SPLIT_ROWS on slice (169, 11) (remaining tasks 32)
2025-04-21 22:34:07,496 [DEBUG]  		found 2 row clusters (in 0.02728 secs)
2025-04-21 22:34:07,496 [DEBUG]  OP: Operation.SPLIT_ROWS on slice (95, 11) (remaining tasks 33)
2025-04-21 22:34:07,514 [DEBUG]  		found 2 row clusters (in 0.01715 secs)
2025-04-21 22:34:07,514 [DEBUG]  OP: Operation.SPLIT_ROWS on slice (80, 11) (remaining tasks 34)
2025-04-21 22:34:07,529 [DEBUG]  		found 2 row clusters (in 0.01494 secs)
2025-04-21 22:34:07,529 [DEBUG]  OP: Operation.SPLIT_ROWS on slice (79, 11) (remaining tasks 35)
2025-04-21 22:34:07,547 [DEBUG]  		found 2 row clusters (in 0.01751 secs)
2025-04-21 22:34:07,547 [DEBUG]  OP: Operation.SPLIT_ROWS on slice (119, 11) (remaining tasks 36)
2025-04-21 22:34:07,570 [DEBUG]  		found 2 row clusters (in 0.02359 secs)
2025-04-21 22:34:07,571 [DEBUG]  OP: Operation.SPLIT_ROWS on slice (123, 11) (remaining tasks 37)
2025-04-21 22:34:07,589 [DEBUG]  		found 2 row clusters (in 0.01794 secs)
2025-04-21 22:34:07,589 [DEBUG]  OP: Operation.SPLIT_ROWS on slice (95, 11) (remaining tasks 38)
2025-04-21 22:34:07,605 [DEBUG]  		found 2 row clusters (in 0.01641 secs)
2025-04-21 22:34:07,605 [DEBUG]  OP: Operation.SPLIT_ROWS on slice (99, 11) (remaining tasks 39)
2025-04-21 22:34:07,625 [DEBUG]  		found 2 row clusters (in 0.01951 secs)
2025-04-21 22:34:07,625 [DEBUG]  OP: Operation.SPLIT_ROWS on slice (157, 11) (remaining tasks 40)
2025-04-21 22:34:07,643 [DEBUG]  		found 2 row clusters (in 0.01799 secs)
2025-04-21 22:34:07,643 [DEBUG]  OP: Operation.SPLIT_ROWS on slice (138, 11) (remaining tasks 41)
2025-04-21 22:34:07,662 [DEBUG]  		found 2 row clusters (in 0.01826 secs)
2025-04-21 22:34:07,662 [DEBUG]  OP: Operation.SPLIT_ROWS on slice (87, 11) (remaining tasks 42)
2025-04-21 22:34:07,677 [DEBUG]  		found 2 row clusters (in 0.01466 secs)
2025-04-21 22:34:07,677 [DEBUG]  OP: Operation.SPLIT_ROWS on slice (115, 11) (remaining tasks 43)
2025-04-21 22:34:07,695 [DEBUG]  		found 2 row clusters (in 0.01805 secs)
2025-04-21 22:34:07,695 [DEBUG]  OP: Operation.SPLIT_ROWS on slice (116, 11) (remaining tasks 44)
2025-04-21 22:34:07,709 [DEBUG]  		found 2 row clusters (in 0.01397 secs)
2025-04-21 22:34:07,709 [DEBUG]  OP: Operation.SPLIT_ROWS on slice (187, 11) (remaining tasks 45)
2025-04-21 22:34:07,738 [DEBUG]  		found 2 row clusters (in 0.02848 secs)
2025-04-21 22:34:07,738 [DEBUG]  OP: Operation.SPLIT_ROWS on slice (214, 11) (remaining tasks 46)
2025-04-21 22:34:07,766 [DEBUG]  		found 2 row clusters (in 0.02814 secs)
2025-04-21 22:34:07,766 [DEBUG]  OP: Operation.SPLIT_ROWS on slice (113, 11) (remaining tasks 47)
2025-04-21 22:34:07,784 [DEBUG]  		found 2 row clusters (in 0.01760 secs)
2025-04-21 22:34:07,784 [DEBUG]  OP: Operation.SPLIT_ROWS on slice (170, 11) (remaining tasks 48)
2025-04-21 22:34:07,805 [DEBUG]  		found 2 row clusters (in 0.02047 secs)
2025-04-21 22:34:07,805 [DEBUG]  OP: Operation.SPLIT_ROWS on slice (152, 11) (remaining tasks 49)
2025-04-21 22:34:07,825 [DEBUG]  		found 2 row clusters (in 0.02028 secs)
2025-04-21 22:34:07,826 [DEBUG]  OP: Operation.SPLIT_ROWS on slice (77, 11) (remaining tasks 50)
2025-04-21 22:34:07,840 [DEBUG]  		found 2 row clusters (in 0.01444 secs)
2025-04-21 22:34:07,840 [DEBUG]  OP: Operation.SPLIT_ROWS on slice (98, 11) (remaining tasks 51)
2025-04-21 22:34:07,856 [DEBUG]  		found 2 row clusters (in 0.01522 secs)
2025-04-21 22:34:07,856 [DEBUG]  OP: Operation.SPLIT_ROWS on slice (132, 11) (remaining tasks 52)
2025-04-21 22:34:07,873 [DEBUG]  		found 2 row clusters (in 0.01680 secs)
2025-04-21 22:34:07,873 [DEBUG]  OP: Operation.NAIVE_FACTORIZATION on slice (9, 11) (remaining tasks 53)
2025-04-21 22:34:07,876 [DEBUG]  		naive factorization 11 columns (in 0.00344 secs)
2025-04-21 22:34:07,877 [DEBUG]  OP: Operation.SPLIT_COLUMNS on slice (149, 11) (remaining tasks 52)
2025-04-21 22:34:08,190 [DEBUG]  		found 1 col clusters (in 0.31349 secs)
2025-04-21 22:34:08,191 [DEBUG]  OP: Operation.NAIVE_FACTORIZATION on slice (53, 11) (remaining tasks 52)
2025-04-21 22:34:08,197 [DEBUG]  		naive factorization 11 columns (in 0.00663 secs)
2025-04-21 22:34:08,198 [DEBUG]  OP: Operation.SPLIT_COLUMNS on slice (112, 11) (remaining tasks 51)
2025-04-21 22:34:08,454 [DEBUG]  		found 1 col clusters (in 0.25620 secs)
2025-04-21 22:34:08,455 [DEBUG]  OP: Operation.SPLIT_COLUMNS on slice (93, 11) (remaining tasks 51)
2025-04-21 22:34:08,672 [DEBUG]  		found 1 col clusters (in 0.21716 secs)
2025-04-21 22:34:08,673 [DEBUG]  OP: Operation.NAIVE_FACTORIZATION on slice (15, 11) (remaining tasks 51)
2025-04-21 22:34:08,677 [DEBUG]  		naive factorization 11 columns (in 0.00458 secs)
2025-04-21 22:34:08,678 [DEBUG]  OP: Operation.SPLIT_COLUMNS on slice (146, 11) (remaining tasks 50)
2025-04-21 22:34:09,002 [DEBUG]  		found 1 col clusters (in 0.32394 secs)
2025-04-21 22:34:09,003 [DEBUG]  OP: Operation.SPLIT_COLUMNS on slice (107, 11) (remaining tasks 50)
2025-04-21 22:34:09,270 [DEBUG]  		found 1 col clusters (in 0.26721 secs)
2025-04-21 22:34:09,271 [DEBUG]  OP: Operation.NAIVE_FACTORIZATION on slice (59, 11) (remaining tasks 50)
2025-04-21 22:34:09,276 [DEBUG]  		naive factorization 11 columns (in 0.00487 secs)
2025-04-21 22:34:09,276 [DEBUG]  OP: Operation.SPLIT_COLUMNS on slice (87, 11) (remaining tasks 49)
2025-04-21 22:34:09,499 [DEBUG]  		found 1 col clusters (in 0.22259 secs)
2025-04-21 22:34:09,499 [DEBUG]  OP: Operation.SPLIT_COLUMNS on slice (84, 11) (remaining tasks 49)
2025-04-21 22:34:09,715 [DEBUG]  		found 1 col clusters (in 0.21583 secs)
2025-04-21 22:34:09,716 [DEBUG]  OP: Operation.SPLIT_COLUMNS on slice (131, 11) (remaining tasks 49)
2025-04-21 22:34:10,034 [DEBUG]  		found 1 col clusters (in 0.31764 secs)
2025-04-21 22:34:10,034 [DEBUG]  OP: Operation.SPLIT_COLUMNS on slice (114, 11) (remaining tasks 49)
2025-04-21 22:34:10,295 [DEBUG]  		found 1 col clusters (in 0.26023 secs)
2025-04-21 22:34:10,295 [DEBUG]  OP: Operation.NAIVE_FACTORIZATION on slice (55, 11) (remaining tasks 49)
2025-04-21 22:34:10,301 [DEBUG]  		naive factorization 11 columns (in 0.00553 secs)
2025-04-21 22:34:10,301 [DEBUG]  OP: Operation.NAIVE_FACTORIZATION on slice (50, 11) (remaining tasks 48)
2025-04-21 22:34:10,306 [DEBUG]  		naive factorization 11 columns (in 0.00461 secs)
2025-04-21 22:34:10,307 [DEBUG]  OP: Operation.NAIVE_FACTORIZATION on slice (45, 11) (remaining tasks 47)
2025-04-21 22:34:10,312 [DEBUG]  		naive factorization 11 columns (in 0.00476 secs)
2025-04-21 22:34:10,312 [DEBUG]  OP: Operation.NAIVE_FACTORIZATION on slice (23, 11) (remaining tasks 46)
2025-04-21 22:34:10,316 [DEBUG]  		naive factorization 11 columns (in 0.00419 secs)
2025-04-21 22:34:10,317 [DEBUG]  OP: Operation.NAIVE_FACTORIZATION on slice (57, 11) (remaining tasks 45)
2025-04-21 22:34:10,322 [DEBUG]  		naive factorization 11 columns (in 0.00491 secs)
2025-04-21 22:34:10,322 [DEBUG]  OP: Operation.NAIVE_FACTORIZATION on slice (31, 11) (remaining tasks 44)
2025-04-21 22:34:10,328 [DEBUG]  		naive factorization 11 columns (in 0.00483 secs)
2025-04-21 22:34:10,328 [DEBUG]  OP: Operation.NAIVE_FACTORIZATION on slice (48, 11) (remaining tasks 43)
2025-04-21 22:34:10,333 [DEBUG]  		naive factorization 11 columns (in 0.00476 secs)
2025-04-21 22:34:10,333 [DEBUG]  OP: Operation.NAIVE_FACTORIZATION on slice (64, 11) (remaining tasks 42)
2025-04-21 22:34:10,339 [DEBUG]  		naive factorization 11 columns (in 0.00493 secs)
2025-04-21 22:34:10,339 [DEBUG]  OP: Operation.NAIVE_FACTORIZATION on slice (55, 11) (remaining tasks 41)
2025-04-21 22:34:10,344 [DEBUG]  		naive factorization 11 columns (in 0.00490 secs)
2025-04-21 22:34:10,345 [DEBUG]  OP: Operation.SPLIT_COLUMNS on slice (100, 11) (remaining tasks 40)
2025-04-21 22:34:10,576 [DEBUG]  		found 1 col clusters (in 0.23127 secs)
2025-04-21 22:34:10,577 [DEBUG]  OP: Operation.NAIVE_FACTORIZATION on slice (23, 11) (remaining tasks 40)
2025-04-21 22:34:10,581 [DEBUG]  		naive factorization 11 columns (in 0.00440 secs)
2025-04-21 22:34:10,582 [DEBUG]  OP: Operation.NAIVE_FACTORIZATION on slice (54, 11) (remaining tasks 39)
2025-04-21 22:34:10,586 [DEBUG]  		naive factorization 11 columns (in 0.00397 secs)
2025-04-21 22:34:10,587 [DEBUG]  OP: Operation.NAIVE_FACTORIZATION on slice (41, 11) (remaining tasks 38)
2025-04-21 22:34:10,591 [DEBUG]  		naive factorization 11 columns (in 0.00386 secs)
2025-04-21 22:34:10,591 [DEBUG]  OP: Operation.NAIVE_FACTORIZATION on slice (39, 11) (remaining tasks 37)
2025-04-21 22:34:10,596 [DEBUG]  		naive factorization 11 columns (in 0.00437 secs)
2025-04-21 22:34:10,596 [DEBUG]  OP: Operation.NAIVE_FACTORIZATION on slice (60, 11) (remaining tasks 36)
2025-04-21 22:34:10,602 [DEBUG]  		naive factorization 11 columns (in 0.00506 secs)
2025-04-21 22:34:10,602 [DEBUG]  OP: Operation.NAIVE_FACTORIZATION on slice (66, 11) (remaining tasks 35)
2025-04-21 22:34:10,607 [DEBUG]  		naive factorization 11 columns (in 0.00450 secs)
2025-04-21 22:34:10,607 [DEBUG]  OP: Operation.SPLIT_COLUMNS on slice (91, 11) (remaining tasks 34)
2025-04-21 22:34:10,825 [DEBUG]  		found 1 col clusters (in 0.21741 secs)
2025-04-21 22:34:10,825 [DEBUG]  OP: Operation.NAIVE_FACTORIZATION on slice (70, 11) (remaining tasks 34)
2025-04-21 22:34:10,831 [DEBUG]  		naive factorization 11 columns (in 0.00498 secs)
2025-04-21 22:34:10,831 [DEBUG]  OP: Operation.NAIVE_FACTORIZATION on slice (68, 11) (remaining tasks 33)
2025-04-21 22:34:10,837 [DEBUG]  		naive factorization 11 columns (in 0.00540 secs)
2025-04-21 22:34:10,837 [DEBUG]  OP: Operation.SPLIT_COLUMNS on slice (83, 11) (remaining tasks 32)
2025-04-21 22:34:11,057 [DEBUG]  		found 1 col clusters (in 0.21959 secs)
2025-04-21 22:34:11,058 [DEBUG]  OP: Operation.NAIVE_FACTORIZATION on slice (4, 11) (remaining tasks 32)
2025-04-21 22:34:11,062 [DEBUG]  		naive factorization 11 columns (in 0.00425 secs)
2025-04-21 22:34:11,063 [DEBUG]  OP: Operation.NAIVE_FACTORIZATION on slice (67, 11) (remaining tasks 31)
2025-04-21 22:34:11,068 [DEBUG]  		naive factorization 11 columns (in 0.00508 secs)
2025-04-21 22:34:11,068 [DEBUG]  OP: Operation.NAIVE_FACTORIZATION on slice (48, 11) (remaining tasks 30)
2025-04-21 22:34:11,074 [DEBUG]  		naive factorization 11 columns (in 0.00503 secs)
2025-04-21 22:34:11,074 [DEBUG]  OP: Operation.NAIVE_FACTORIZATION on slice (10, 11) (remaining tasks 29)
2025-04-21 22:34:11,079 [DEBUG]  		naive factorization 11 columns (in 0.00471 secs)
2025-04-21 22:34:11,080 [DEBUG]  OP: Operation.SPLIT_COLUMNS on slice (106, 11) (remaining tasks 28)
2025-04-21 22:34:11,306 [DEBUG]  		found 1 col clusters (in 0.22587 secs)
2025-04-21 22:34:11,306 [DEBUG]  OP: Operation.SPLIT_COLUMNS on slice (158, 11) (remaining tasks 28)
2025-04-21 22:34:11,645 [DEBUG]  		found 1 col clusters (in 0.33856 secs)
2025-04-21 22:34:11,645 [DEBUG]  OP: Operation.NAIVE_FACTORIZATION on slice (29, 11) (remaining tasks 28)
2025-04-21 22:34:11,654 [DEBUG]  		naive factorization 11 columns (in 0.00864 secs)
2025-04-21 22:34:11,655 [DEBUG]  OP: Operation.SPLIT_COLUMNS on slice (100, 11) (remaining tasks 27)
2025-04-21 22:34:11,905 [DEBUG]  		found 1 col clusters (in 0.25026 secs)
2025-04-21 22:34:11,906 [DEBUG]  OP: Operation.SPLIT_COLUMNS on slice (114, 11) (remaining tasks 27)
2025-04-21 22:34:12,122 [DEBUG]  		found 1 col clusters (in 0.21646 secs)
2025-04-21 22:34:12,123 [DEBUG]  OP: Operation.NAIVE_FACTORIZATION on slice (52, 11) (remaining tasks 27)
2025-04-21 22:34:12,129 [DEBUG]  		naive factorization 11 columns (in 0.00570 secs)
2025-04-21 22:34:12,129 [DEBUG]  OP: Operation.NAIVE_FACTORIZATION on slice (61, 11) (remaining tasks 26)
2025-04-21 22:34:12,134 [DEBUG]  		naive factorization 11 columns (in 0.00486 secs)
2025-04-21 22:34:12,135 [DEBUG]  OP: Operation.SPLIT_COLUMNS on slice (156, 11) (remaining tasks 25)
2025-04-21 22:34:12,357 [DEBUG]  		found 1 col clusters (in 0.22198 secs)
2025-04-21 22:34:12,357 [DEBUG]  OP: Operation.NAIVE_FACTORIZATION on slice (14, 11) (remaining tasks 25)
2025-04-21 22:34:12,363 [DEBUG]  		naive factorization 11 columns (in 0.00589 secs)
2025-04-21 22:34:12,364 [DEBUG]  OP: Operation.SPLIT_COLUMNS on slice (122, 11) (remaining tasks 24)
2025-04-21 22:34:12,712 [DEBUG]  		found 1 col clusters (in 0.34818 secs)
2025-04-21 22:34:12,712 [DEBUG]  OP: Operation.NAIVE_FACTORIZATION on slice (30, 11) (remaining tasks 24)
2025-04-21 22:34:12,717 [DEBUG]  		naive factorization 11 columns (in 0.00380 secs)
2025-04-21 22:34:12,717 [DEBUG]  OP: Operation.NAIVE_FACTORIZATION on slice (40, 11) (remaining tasks 23)
2025-04-21 22:34:12,721 [DEBUG]  		naive factorization 11 columns (in 0.00375 secs)
2025-04-21 22:34:12,721 [DEBUG]  OP: Operation.NAIVE_FACTORIZATION on slice (37, 11) (remaining tasks 22)
2025-04-21 22:34:12,726 [DEBUG]  		naive factorization 11 columns (in 0.00468 secs)
2025-04-21 22:34:12,727 [DEBUG]  OP: Operation.NAIVE_FACTORIZATION on slice (38, 11) (remaining tasks 21)
2025-04-21 22:34:12,731 [DEBUG]  		naive factorization 11 columns (in 0.00396 secs)
2025-04-21 22:34:12,732 [DEBUG]  OP: Operation.NAIVE_FACTORIZATION on slice (60, 11) (remaining tasks 20)
2025-04-21 22:34:12,736 [DEBUG]  		naive factorization 11 columns (in 0.00397 secs)
2025-04-21 22:34:12,736 [DEBUG]  OP: Operation.NAIVE_FACTORIZATION on slice (63, 11) (remaining tasks 19)
2025-04-21 22:34:12,741 [DEBUG]  		naive factorization 11 columns (in 0.00491 secs)
2025-04-21 22:34:12,742 [DEBUG]  OP: Operation.NAIVE_FACTORIZATION on slice (69, 11) (remaining tasks 18)
2025-04-21 22:34:12,747 [DEBUG]  		naive factorization 11 columns (in 0.00466 secs)
2025-04-21 22:34:12,747 [DEBUG]  OP: Operation.SPLIT_ROWS on slice (149, 11) (remaining tasks 17)
2025-04-21 22:34:12,796 [DEBUG]  		found 2 row clusters (in 0.04816 secs)
2025-04-21 22:34:12,796 [DEBUG]  OP: Operation.SPLIT_ROWS on slice (112, 11) (remaining tasks 18)
2025-04-21 22:34:12,839 [DEBUG]  		found 2 row clusters (in 0.04296 secs)
2025-04-21 22:34:12,840 [DEBUG]  OP: Operation.SPLIT_ROWS on slice (93, 11) (remaining tasks 19)
2025-04-21 22:34:12,869 [DEBUG]  		found 2 row clusters (in 0.02893 secs)
2025-04-21 22:34:12,869 [DEBUG]  OP: Operation.SPLIT_ROWS on slice (146, 11) (remaining tasks 20)
2025-04-21 22:34:12,902 [DEBUG]  		found 2 row clusters (in 0.03295 secs)
2025-04-21 22:34:12,902 [DEBUG]  OP: Operation.SPLIT_ROWS on slice (107, 11) (remaining tasks 21)
2025-04-21 22:34:12,928 [DEBUG]  		found 2 row clusters (in 0.02631 secs)
2025-04-21 22:34:12,929 [DEBUG]  OP: Operation.SPLIT_ROWS on slice (87, 11) (remaining tasks 22)
2025-04-21 22:34:12,944 [DEBUG]  		found 2 row clusters (in 0.01532 secs)
2025-04-21 22:34:12,944 [DEBUG]  OP: Operation.SPLIT_ROWS on slice (84, 11) (remaining tasks 23)
2025-04-21 22:34:12,962 [DEBUG]  		found 2 row clusters (in 0.01783 secs)
2025-04-21 22:34:12,962 [DEBUG]  OP: Operation.SPLIT_ROWS on slice (131, 11) (remaining tasks 24)
2025-04-21 22:34:12,982 [DEBUG]  		found 2 row clusters (in 0.01970 secs)
2025-04-21 22:34:12,982 [DEBUG]  OP: Operation.SPLIT_ROWS on slice (114, 11) (remaining tasks 25)
2025-04-21 22:34:13,001 [DEBUG]  		found 2 row clusters (in 0.01865 secs)
2025-04-21 22:34:13,001 [DEBUG]  OP: Operation.SPLIT_ROWS on slice (100, 11) (remaining tasks 26)
2025-04-21 22:34:13,018 [DEBUG]  		found 2 row clusters (in 0.01696 secs)
2025-04-21 22:34:13,018 [DEBUG]  OP: Operation.SPLIT_ROWS on slice (91, 11) (remaining tasks 27)
2025-04-21 22:34:13,041 [DEBUG]  		found 2 row clusters (in 0.02289 secs)
2025-04-21 22:34:13,042 [DEBUG]  OP: Operation.SPLIT_ROWS on slice (83, 11) (remaining tasks 28)
2025-04-21 22:34:13,057 [DEBUG]  		found 2 row clusters (in 0.01553 secs)
2025-04-21 22:34:13,057 [DEBUG]  OP: Operation.SPLIT_ROWS on slice (106, 11) (remaining tasks 29)
2025-04-21 22:34:13,073 [DEBUG]  		found 2 row clusters (in 0.01580 secs)
2025-04-21 22:34:13,073 [DEBUG]  OP: Operation.SPLIT_ROWS on slice (158, 11) (remaining tasks 30)
2025-04-21 22:34:13,092 [DEBUG]  		found 2 row clusters (in 0.01902 secs)
2025-04-21 22:34:13,093 [DEBUG]  OP: Operation.SPLIT_ROWS on slice (100, 11) (remaining tasks 31)
2025-04-21 22:34:13,115 [DEBUG]  		found 2 row clusters (in 0.02179 secs)
2025-04-21 22:34:13,115 [DEBUG]  OP: Operation.SPLIT_ROWS on slice (114, 11) (remaining tasks 32)
2025-04-21 22:34:13,135 [DEBUG]  		found 2 row clusters (in 0.01983 secs)
2025-04-21 22:34:13,135 [DEBUG]  OP: Operation.SPLIT_ROWS on slice (156, 11) (remaining tasks 33)
2025-04-21 22:34:13,163 [DEBUG]  		found 2 row clusters (in 0.02772 secs)
2025-04-21 22:34:13,163 [DEBUG]  OP: Operation.SPLIT_ROWS on slice (122, 11) (remaining tasks 34)
2025-04-21 22:34:13,179 [DEBUG]  		found 2 row clusters (in 0.01576 secs)
2025-04-21 22:34:13,179 [DEBUG]  OP: Operation.SPLIT_COLUMNS on slice (84, 11) (remaining tasks 35)
2025-04-21 22:34:13,396 [DEBUG]  		found 1 col clusters (in 0.21731 secs)
2025-04-21 22:34:13,397 [DEBUG]  OP: Operation.NAIVE_FACTORIZATION on slice (65, 11) (remaining tasks 35)
2025-04-21 22:34:13,401 [DEBUG]  		naive factorization 11 columns (in 0.00435 secs)
2025-04-21 22:34:13,402 [DEBUG]  OP: Operation.NAIVE_FACTORIZATION on slice (47, 11) (remaining tasks 34)
2025-04-21 22:34:13,407 [DEBUG]  		naive factorization 11 columns (in 0.00512 secs)
2025-04-21 22:34:13,408 [DEBUG]  OP: Operation.NAIVE_FACTORIZATION on slice (65, 11) (remaining tasks 33)
2025-04-21 22:34:13,413 [DEBUG]  		naive factorization 11 columns (in 0.00564 secs)
2025-04-21 22:34:13,414 [DEBUG]  OP: Operation.NAIVE_FACTORIZATION on slice (64, 11) (remaining tasks 32)
2025-04-21 22:34:13,418 [DEBUG]  		naive factorization 11 columns (in 0.00423 secs)
2025-04-21 22:34:13,419 [DEBUG]  OP: Operation.NAIVE_FACTORIZATION on slice (29, 11) (remaining tasks 31)
2025-04-21 22:34:13,423 [DEBUG]  		naive factorization 11 columns (in 0.00384 secs)
2025-04-21 22:34:13,424 [DEBUG]  OP: Operation.SPLIT_COLUMNS on slice (86, 11) (remaining tasks 30)
2025-04-21 22:34:13,646 [DEBUG]  		found 1 col clusters (in 0.22193 secs)
2025-04-21 22:34:13,646 [DEBUG]  OP: Operation.NAIVE_FACTORIZATION on slice (60, 11) (remaining tasks 30)
2025-04-21 22:34:13,650 [DEBUG]  		naive factorization 11 columns (in 0.00389 secs)
2025-04-21 22:34:13,651 [DEBUG]  OP: Operation.NAIVE_FACTORIZATION on slice (38, 11) (remaining tasks 29)
2025-04-21 22:34:13,654 [DEBUG]  		naive factorization 11 columns (in 0.00348 secs)
2025-04-21 22:34:13,655 [DEBUG]  OP: Operation.NAIVE_FACTORIZATION on slice (69, 11) (remaining tasks 28)
2025-04-21 22:34:13,659 [DEBUG]  		naive factorization 11 columns (in 0.00381 secs)
2025-04-21 22:34:13,659 [DEBUG]  OP: Operation.NAIVE_FACTORIZATION on slice (48, 11) (remaining tasks 27)
2025-04-21 22:34:13,664 [DEBUG]  		naive factorization 11 columns (in 0.00435 secs)
2025-04-21 22:34:13,664 [DEBUG]  OP: Operation.NAIVE_FACTORIZATION on slice (39, 11) (remaining tasks 26)
2025-04-21 22:34:13,669 [DEBUG]  		naive factorization 11 columns (in 0.00395 secs)
2025-04-21 22:34:13,669 [DEBUG]  OP: Operation.NAIVE_FACTORIZATION on slice (26, 11) (remaining tasks 25)
2025-04-21 22:34:13,673 [DEBUG]  		naive factorization 11 columns (in 0.00370 secs)
2025-04-21 22:34:13,674 [DEBUG]  OP: Operation.NAIVE_FACTORIZATION on slice (58, 11) (remaining tasks 24)
2025-04-21 22:34:13,678 [DEBUG]  		naive factorization 11 columns (in 0.00430 secs)
2025-04-21 22:34:13,679 [DEBUG]  OP: Operation.NAIVE_FACTORIZATION on slice (71, 11) (remaining tasks 23)
2025-04-21 22:34:13,683 [DEBUG]  		naive factorization 11 columns (in 0.00417 secs)
2025-04-21 22:34:13,684 [DEBUG]  OP: Operation.NAIVE_FACTORIZATION on slice (60, 11) (remaining tasks 22)
2025-04-21 22:34:13,689 [DEBUG]  		naive factorization 11 columns (in 0.00479 secs)
2025-04-21 22:34:13,689 [DEBUG]  OP: Operation.NAIVE_FACTORIZATION on slice (55, 11) (remaining tasks 21)
2025-04-21 22:34:13,693 [DEBUG]  		naive factorization 11 columns (in 0.00400 secs)
2025-04-21 22:34:13,694 [DEBUG]  OP: Operation.NAIVE_FACTORIZATION on slice (59, 11) (remaining tasks 20)
2025-04-21 22:34:13,698 [DEBUG]  		naive factorization 11 columns (in 0.00402 secs)
2025-04-21 22:34:13,699 [DEBUG]  OP: Operation.NAIVE_FACTORIZATION on slice (9, 11) (remaining tasks 19)
2025-04-21 22:34:13,703 [DEBUG]  		naive factorization 11 columns (in 0.00391 secs)
2025-04-21 22:34:13,703 [DEBUG]  OP: Operation.SPLIT_COLUMNS on slice (91, 11) (remaining tasks 18)
2025-04-21 22:34:13,923 [DEBUG]  		found 1 col clusters (in 0.22002 secs)
2025-04-21 22:34:13,924 [DEBUG]  OP: Operation.NAIVE_FACTORIZATION on slice (36, 11) (remaining tasks 18)
2025-04-21 22:34:13,928 [DEBUG]  		naive factorization 11 columns (in 0.00375 secs)
2025-04-21 22:34:13,928 [DEBUG]  OP: Operation.NAIVE_FACTORIZATION on slice (55, 11) (remaining tasks 17)
2025-04-21 22:34:13,933 [DEBUG]  		naive factorization 11 columns (in 0.00398 secs)
2025-04-21 22:34:13,933 [DEBUG]  OP: Operation.SPLIT_COLUMNS on slice (79, 11) (remaining tasks 16)
2025-04-21 22:34:14,150 [DEBUG]  		found 1 col clusters (in 0.21714 secs)
2025-04-21 22:34:14,151 [DEBUG]  OP: Operation.NAIVE_FACTORIZATION on slice (4, 11) (remaining tasks 16)
2025-04-21 22:34:14,155 [DEBUG]  		naive factorization 11 columns (in 0.00350 secs)
2025-04-21 22:34:14,155 [DEBUG]  OP: Operation.NAIVE_FACTORIZATION on slice (61, 11) (remaining tasks 15)
2025-04-21 22:34:14,159 [DEBUG]  		naive factorization 11 columns (in 0.00391 secs)
2025-04-21 22:34:14,160 [DEBUG]  OP: Operation.NAIVE_FACTORIZATION on slice (45, 11) (remaining tasks 14)
2025-04-21 22:34:14,164 [DEBUG]  		naive factorization 11 columns (in 0.00414 secs)
2025-04-21 22:34:14,165 [DEBUG]  OP: Operation.SPLIT_COLUMNS on slice (84, 11) (remaining tasks 13)
2025-04-21 22:34:14,392 [DEBUG]  		found 1 col clusters (in 0.22714 secs)
2025-04-21 22:34:14,392 [DEBUG]  OP: Operation.NAIVE_FACTORIZATION on slice (74, 11) (remaining tasks 13)
2025-04-21 22:34:14,397 [DEBUG]  		naive factorization 11 columns (in 0.00442 secs)
2025-04-21 22:34:14,398 [DEBUG]  OP: Operation.NAIVE_FACTORIZATION on slice (63, 11) (remaining tasks 12)
2025-04-21 22:34:14,402 [DEBUG]  		naive factorization 11 columns (in 0.00395 secs)
2025-04-21 22:34:14,402 [DEBUG]  OP: Operation.NAIVE_FACTORIZATION on slice (37, 11) (remaining tasks 11)
2025-04-21 22:34:14,406 [DEBUG]  		naive factorization 11 columns (in 0.00377 secs)
2025-04-21 22:34:14,407 [DEBUG]  OP: Operation.NAIVE_FACTORIZATION on slice (56, 11) (remaining tasks 10)
2025-04-21 22:34:14,411 [DEBUG]  		naive factorization 11 columns (in 0.00411 secs)
2025-04-21 22:34:14,412 [DEBUG]  OP: Operation.NAIVE_FACTORIZATION on slice (58, 11) (remaining tasks 9)
2025-04-21 22:34:14,416 [DEBUG]  		naive factorization 11 columns (in 0.00434 secs)
2025-04-21 22:34:14,417 [DEBUG]  OP: Operation.NAIVE_FACTORIZATION on slice (75, 11) (remaining tasks 8)
2025-04-21 22:34:14,421 [DEBUG]  		naive factorization 11 columns (in 0.00417 secs)
2025-04-21 22:34:14,421 [DEBUG]  OP: Operation.SPLIT_COLUMNS on slice (81, 11) (remaining tasks 7)
2025-04-21 22:34:14,639 [DEBUG]  		found 1 col clusters (in 0.21728 secs)
2025-04-21 22:34:14,639 [DEBUG]  OP: Operation.SPLIT_COLUMNS on slice (85, 11) (remaining tasks 7)
2025-04-21 22:34:14,858 [DEBUG]  		found 1 col clusters (in 0.21878 secs)
2025-04-21 22:34:14,859 [DEBUG]  OP: Operation.NAIVE_FACTORIZATION on slice (37, 11) (remaining tasks 7)
2025-04-21 22:34:14,863 [DEBUG]  		naive factorization 11 columns (in 0.00381 secs)
2025-04-21 22:34:14,864 [DEBUG]  OP: Operation.SPLIT_ROWS on slice (84, 11) (remaining tasks 6)
2025-04-21 22:34:14,910 [DEBUG]  		found 2 row clusters (in 0.04666 secs)
2025-04-21 22:34:14,911 [DEBUG]  OP: Operation.SPLIT_ROWS on slice (86, 11) (remaining tasks 7)
2025-04-21 22:34:14,943 [DEBUG]  		found 2 row clusters (in 0.03249 secs)
2025-04-21 22:34:14,944 [DEBUG]  OP: Operation.SPLIT_ROWS on slice (91, 11) (remaining tasks 8)
2025-04-21 22:34:14,976 [DEBUG]  		found 2 row clusters (in 0.03204 secs)
2025-04-21 22:34:14,976 [DEBUG]  OP: Operation.SPLIT_ROWS on slice (79, 11) (remaining tasks 9)
2025-04-21 22:34:14,994 [DEBUG]  		found 2 row clusters (in 0.01772 secs)
2025-04-21 22:34:14,994 [DEBUG]  OP: Operation.SPLIT_ROWS on slice (84, 11) (remaining tasks 10)
2025-04-21 22:34:15,013 [DEBUG]  		found 2 row clusters (in 0.01869 secs)
2025-04-21 22:34:15,013 [DEBUG]  OP: Operation.SPLIT_ROWS on slice (81, 11) (remaining tasks 11)
2025-04-21 22:34:15,031 [DEBUG]  		found 2 row clusters (in 0.01800 secs)
2025-04-21 22:34:15,031 [DEBUG]  OP: Operation.SPLIT_ROWS on slice (85, 11) (remaining tasks 12)
2025-04-21 22:34:15,051 [DEBUG]  		found 2 row clusters (in 0.01978 secs)
2025-04-21 22:34:15,051 [DEBUG]  OP: Operation.NAIVE_FACTORIZATION on slice (27, 11) (remaining tasks 13)
2025-04-21 22:34:15,055 [DEBUG]  		naive factorization 11 columns (in 0.00352 secs)
2025-04-21 22:34:15,055 [DEBUG]  OP: Operation.NAIVE_FACTORIZATION on slice (57, 11) (remaining tasks 12)
2025-04-21 22:34:15,060 [DEBUG]  		naive factorization 11 columns (in 0.00444 secs)
2025-04-21 22:34:15,060 [DEBUG]  OP: Operation.NAIVE_FACTORIZATION on slice (73, 11) (remaining tasks 11)
2025-04-21 22:34:15,064 [DEBUG]  		naive factorization 11 columns (in 0.00399 secs)
2025-04-21 22:34:15,064 [DEBUG]  OP: Operation.NAIVE_FACTORIZATION on slice (13, 11) (remaining tasks 10)
2025-04-21 22:34:15,068 [DEBUG]  		naive factorization 11 columns (in 0.00333 secs)
2025-04-21 22:34:15,068 [DEBUG]  OP: Operation.NAIVE_FACTORIZATION on slice (44, 11) (remaining tasks 9)
2025-04-21 22:34:15,072 [DEBUG]  		naive factorization 11 columns (in 0.00418 secs)
2025-04-21 22:34:15,072 [DEBUG]  OP: Operation.NAIVE_FACTORIZATION on slice (47, 11) (remaining tasks 8)
2025-04-21 22:34:15,076 [DEBUG]  		naive factorization 11 columns (in 0.00380 secs)
2025-04-21 22:34:15,077 [DEBUG]  OP: Operation.NAIVE_FACTORIZATION on slice (40, 11) (remaining tasks 7)
2025-04-21 22:34:15,081 [DEBUG]  		naive factorization 11 columns (in 0.00364 secs)
2025-04-21 22:34:15,081 [DEBUG]  OP: Operation.NAIVE_FACTORIZATION on slice (39, 11) (remaining tasks 6)
2025-04-21 22:34:15,085 [DEBUG]  		naive factorization 11 columns (in 0.00395 secs)
2025-04-21 22:34:15,085 [DEBUG]  OP: Operation.NAIVE_FACTORIZATION on slice (46, 11) (remaining tasks 5)
2025-04-21 22:34:15,089 [DEBUG]  		naive factorization 11 columns (in 0.00376 secs)
2025-04-21 22:34:15,089 [DEBUG]  OP: Operation.NAIVE_FACTORIZATION on slice (38, 11) (remaining tasks 4)
2025-04-21 22:34:15,093 [DEBUG]  		naive factorization 11 columns (in 0.00364 secs)
2025-04-21 22:34:15,093 [DEBUG]  OP: Operation.NAIVE_FACTORIZATION on slice (46, 11) (remaining tasks 3)
2025-04-21 22:34:15,097 [DEBUG]  		naive factorization 11 columns (in 0.00385 secs)
2025-04-21 22:34:15,098 [DEBUG]  OP: Operation.NAIVE_FACTORIZATION on slice (35, 11) (remaining tasks 2)
2025-04-21 22:34:15,101 [DEBUG]  		naive factorization 11 columns (in 0.00352 secs)
2025-04-21 22:34:15,102 [DEBUG]  OP: Operation.NAIVE_FACTORIZATION on slice (59, 11) (remaining tasks 1)
2025-04-21 22:34:15,107 [DEBUG]  		naive factorization 11 columns (in 0.00494 secs)
2025-04-21 22:34:15,107 [DEBUG]  OP: Operation.NAIVE_FACTORIZATION on slice (26, 11) (remaining tasks 0)
2025-04-21 22:34:15,111 [DEBUG]  		naive factorization 11 columns (in 0.00361 secs)
2025-04-21 22:34:16,232 [DEBUG]  Built SPN in 167.81818173499778 sec
2025-04-21 22:34:16,232 [INFO ]  Saving ensemble to /home/dafn/card/deepcard/collected_temp_benchmarks/spn_ensembles/Gas Turbine CO and NOx Emission Data Set/ensemble_single_gt_2012_10000000.pkl
