2025-04-21 23:45:46,139 [INFO ]  Creating naive ensemble.
2025-04-21 23:45:46,139 [INFO ]  Learning SPN for gt_2015.
2025-04-21 23:45:46,139 [DEBUG]  generate_join_sample(single_table=gt_2015, relationship_list=None, split_condition=None)
2025-04-21 23:45:46,167 [DEBUG]  Using min_instance_slice parameter 73.84.
2025-04-21 23:45:46,167 [INFO ]  SPN training phase with 7384 samples
2025-04-21 23:45:46,173 [DEBUG]  Built domains in 0.005737221999879694 sec
2025-04-21 23:45:46,522 [DEBUG]  CACHEDIR=/home/dafn/.cache/matplotlib
2025-04-21 23:45:46,524 [DEBUG]  Using fontManager instance from /home/dafn/.cache/matplotlib/fontlist-v300.json
2025-04-21 23:45:46,618 [DEBUG]  Loaded backend qt5agg version unknown.
2025-04-21 23:45:46,648 [DEBUG]  Loaded backend qt5agg version unknown.
2025-04-21 23:45:46,648 [DEBUG]  Loaded backend qt4agg version unknown.
2025-04-21 23:45:46,655 [DEBUG]  Loaded backend tkagg version unknown.
2025-04-21 23:45:46,656 [DEBUG]  Loaded backend agg version unknown.
2025-04-21 23:45:46,656 [DEBUG]  Loaded backend agg version unknown.
2025-04-21 23:45:46,659 [DEBUG]  OP: Operation.SPLIT_ROWS on slice (7384, 11) (remaining tasks 0)
2025-04-21 23:45:46,850 [DEBUG]  		found 2 row clusters (in 0.19039 secs)
2025-04-21 23:45:46,850 [DEBUG]  OP: Operation.SPLIT_COLUMNS on slice (3600, 11) (remaining tasks 1)
2025-04-21 23:45:49,206 [DEBUG]  		found 1 col clusters (in 2.35579 secs)
2025-04-21 23:45:49,208 [DEBUG]  OP: Operation.SPLIT_COLUMNS on slice (3784, 11) (remaining tasks 1)
2025-04-21 23:45:51,793 [DEBUG]  		found 1 col clusters (in 2.58562 secs)
2025-04-21 23:45:51,795 [DEBUG]  OP: Operation.SPLIT_ROWS on slice (3600, 11) (remaining tasks 1)
2025-04-21 23:45:51,958 [DEBUG]  		found 2 row clusters (in 0.16342 secs)
2025-04-21 23:45:51,959 [DEBUG]  OP: Operation.SPLIT_ROWS on slice (3784, 11) (remaining tasks 2)
2025-04-21 23:45:52,020 [DEBUG]  		found 2 row clusters (in 0.06079 secs)
2025-04-21 23:45:52,020 [DEBUG]  OP: Operation.SPLIT_COLUMNS on slice (2098, 11) (remaining tasks 3)
2025-04-21 23:45:57,493 [DEBUG]  		found 1 col clusters (in 5.47215 secs)
2025-04-21 23:45:57,493 [DEBUG]  OP: Operation.SPLIT_COLUMNS on slice (1502, 11) (remaining tasks 3)
2025-04-21 23:46:02,670 [DEBUG]  		found 1 col clusters (in 5.17586 secs)
2025-04-21 23:46:02,671 [DEBUG]  OP: Operation.SPLIT_COLUMNS on slice (1451, 11) (remaining tasks 3)
2025-04-21 23:46:06,435 [DEBUG]  		found 1 col clusters (in 3.76422 secs)
2025-04-21 23:46:06,436 [DEBUG]  OP: Operation.SPLIT_COLUMNS on slice (2333, 11) (remaining tasks 3)
2025-04-21 23:46:12,210 [DEBUG]  		found 3 col clusters (in 5.77370 secs)
2025-04-21 23:46:12,211 [DEBUG]  OP: Operation.SPLIT_ROWS on slice (2098, 11) (remaining tasks 5)
2025-04-21 23:46:12,373 [DEBUG]  		found 2 row clusters (in 0.16227 secs)
2025-04-21 23:46:12,374 [DEBUG]  OP: Operation.SPLIT_ROWS on slice (1502, 11) (remaining tasks 6)
2025-04-21 23:46:12,409 [DEBUG]  		found 2 row clusters (in 0.03514 secs)
2025-04-21 23:46:12,409 [DEBUG]  OP: Operation.SPLIT_ROWS on slice (1451, 11) (remaining tasks 7)
2025-04-21 23:46:12,449 [DEBUG]  		found 2 row clusters (in 0.03994 secs)
2025-04-21 23:46:12,450 [DEBUG]  OP: Operation.SPLIT_COLUMNS on slice (2333, 9) (remaining tasks 8)
2025-04-21 23:46:15,230 [DEBUG]  		found 1 col clusters (in 2.77976 secs)
2025-04-21 23:46:15,230 [DEBUG]  OP: Operation.CREATE_LEAF on slice (2333, 1) (remaining tasks 8)
2025-04-21 23:46:15,232 [DEBUG]  		 created leaf IdentityNumericLeaf for scope=[2] (in 0.00164 secs)
2025-04-21 23:46:15,232 [DEBUG]  OP: Operation.CREATE_LEAF on slice (2333, 1) (remaining tasks 7)
2025-04-21 23:46:15,233 [DEBUG]  		 created leaf IdentityNumericLeaf for scope=[6] (in 0.00063 secs)
2025-04-21 23:46:15,233 [DEBUG]  OP: Operation.SPLIT_COLUMNS on slice (1148, 11) (remaining tasks 6)
2025-04-21 23:46:18,707 [DEBUG]  		found 2 col clusters (in 3.47380 secs)
2025-04-21 23:46:18,708 [DEBUG]  OP: Operation.SPLIT_COLUMNS on slice (950, 11) (remaining tasks 7)
2025-04-21 23:46:21,085 [DEBUG]  		found 2 col clusters (in 2.37698 secs)
2025-04-21 23:46:21,086 [DEBUG]  OP: Operation.SPLIT_COLUMNS on slice (889, 11) (remaining tasks 8)
2025-04-21 23:46:23,115 [DEBUG]  		found 1 col clusters (in 2.02875 secs)
2025-04-21 23:46:23,116 [DEBUG]  OP: Operation.SPLIT_COLUMNS on slice (613, 11) (remaining tasks 8)
2025-04-21 23:46:24,109 [DEBUG]  		found 1 col clusters (in 0.99359 secs)
2025-04-21 23:46:24,110 [DEBUG]  OP: Operation.SPLIT_COLUMNS on slice (570, 11) (remaining tasks 8)
2025-04-21 23:46:25,461 [DEBUG]  		found 1 col clusters (in 1.35047 secs)
2025-04-21 23:46:25,461 [DEBUG]  OP: Operation.SPLIT_COLUMNS on slice (881, 11) (remaining tasks 8)
2025-04-21 23:46:28,346 [DEBUG]  		found 3 col clusters (in 2.88392 secs)
2025-04-21 23:46:28,346 [DEBUG]  OP: Operation.SPLIT_ROWS on slice (2333, 9) (remaining tasks 10)
2025-04-21 23:46:28,500 [DEBUG]  		found 2 row clusters (in 0.15322 secs)
2025-04-21 23:46:28,500 [DEBUG]  OP: Operation.SPLIT_COLUMNS on slice (1148, 10) (remaining tasks 11)
2025-04-21 23:46:31,279 [DEBUG]  		found 1 col clusters (in 2.77884 secs)
2025-04-21 23:46:31,280 [DEBUG]  OP: Operation.CREATE_LEAF on slice (1148, 1) (remaining tasks 11)
2025-04-21 23:46:31,281 [DEBUG]  		 created leaf IdentityNumericLeaf for scope=[2] (in 0.00097 secs)
2025-04-21 23:46:31,282 [DEBUG]  OP: Operation.SPLIT_COLUMNS on slice (950, 10) (remaining tasks 10)
2025-04-21 23:46:33,219 [DEBUG]  		found 1 col clusters (in 1.93632 secs)
2025-04-21 23:46:33,219 [DEBUG]  OP: Operation.CREATE_LEAF on slice (950, 1) (remaining tasks 10)
2025-04-21 23:46:33,220 [DEBUG]  		 created leaf IdentityNumericLeaf for scope=[6] (in 0.00049 secs)
2025-04-21 23:46:33,220 [DEBUG]  OP: Operation.SPLIT_ROWS on slice (889, 11) (remaining tasks 9)
2025-04-21 23:46:33,330 [DEBUG]  		found 2 row clusters (in 0.10918 secs)
2025-04-21 23:46:33,330 [DEBUG]  OP: Operation.SPLIT_ROWS on slice (613, 11) (remaining tasks 10)
2025-04-21 23:46:33,363 [DEBUG]  		found 2 row clusters (in 0.03237 secs)
2025-04-21 23:46:33,363 [DEBUG]  OP: Operation.SPLIT_ROWS on slice (570, 11) (remaining tasks 11)
2025-04-21 23:46:33,385 [DEBUG]  		found 2 row clusters (in 0.02222 secs)
2025-04-21 23:46:33,385 [DEBUG]  OP: Operation.SPLIT_COLUMNS on slice (881, 9) (remaining tasks 12)
2025-04-21 23:46:35,508 [DEBUG]  		found 1 col clusters (in 2.12268 secs)
2025-04-21 23:46:35,508 [DEBUG]  OP: Operation.CREATE_LEAF on slice (881, 1) (remaining tasks 12)
2025-04-21 23:46:35,509 [DEBUG]  		 created leaf IdentityNumericLeaf for scope=[1] (in 0.00052 secs)
2025-04-21 23:46:35,509 [DEBUG]  OP: Operation.CREATE_LEAF on slice (881, 1) (remaining tasks 11)
2025-04-21 23:46:35,510 [DEBUG]  		 created leaf IdentityNumericLeaf for scope=[6] (in 0.00043 secs)
2025-04-21 23:46:35,511 [DEBUG]  OP: Operation.SPLIT_COLUMNS on slice (1232, 9) (remaining tasks 10)
2025-04-21 23:46:38,254 [DEBUG]  		found 1 col clusters (in 2.74265 secs)
2025-04-21 23:46:38,254 [DEBUG]  OP: Operation.SPLIT_COLUMNS on slice (1101, 9) (remaining tasks 10)
2025-04-21 23:46:40,781 [DEBUG]  		found 1 col clusters (in 2.52644 secs)
2025-04-21 23:46:40,781 [DEBUG]  OP: Operation.SPLIT_ROWS on slice (1148, 10) (remaining tasks 10)
2025-04-21 23:46:40,888 [DEBUG]  		found 2 row clusters (in 0.10662 secs)
2025-04-21 23:46:40,888 [DEBUG]  OP: Operation.SPLIT_ROWS on slice (950, 10) (remaining tasks 11)
2025-04-21 23:46:40,936 [DEBUG]  		found 2 row clusters (in 0.04775 secs)
2025-04-21 23:46:40,937 [DEBUG]  OP: Operation.SPLIT_COLUMNS on slice (713, 11) (remaining tasks 12)
2025-04-21 23:46:41,785 [DEBUG]  		found 2 col clusters (in 0.84859 secs)
2025-04-21 23:46:41,786 [DEBUG]  OP: Operation.SPLIT_COLUMNS on slice (176, 11) (remaining tasks 13)
2025-04-21 23:46:42,259 [DEBUG]  		found 1 col clusters (in 0.47263 secs)
2025-04-21 23:46:42,259 [DEBUG]  OP: Operation.SPLIT_COLUMNS on slice (270, 11) (remaining tasks 13)
2025-04-21 23:46:44,024 [DEBUG]  		found 1 col clusters (in 1.76497 secs)
2025-04-21 23:46:44,025 [DEBUG]  OP: Operation.SPLIT_COLUMNS on slice (343, 11) (remaining tasks 13)
2025-04-21 23:46:46,168 [DEBUG]  		found 2 col clusters (in 2.14239 secs)
2025-04-21 23:46:46,169 [DEBUG]  OP: Operation.SPLIT_COLUMNS on slice (375, 11) (remaining tasks 14)
2025-04-21 23:46:48,315 [DEBUG]  		found 1 col clusters (in 2.14647 secs)
2025-04-21 23:46:48,316 [DEBUG]  OP: Operation.SPLIT_COLUMNS on slice (195, 11) (remaining tasks 14)
2025-04-21 23:46:49,616 [DEBUG]  		found 1 col clusters (in 1.29978 secs)
2025-04-21 23:46:49,616 [DEBUG]  OP: Operation.SPLIT_ROWS on slice (881, 9) (remaining tasks 14)
2025-04-21 23:46:49,760 [DEBUG]  		found 2 row clusters (in 0.14301 secs)
2025-04-21 23:46:49,760 [DEBUG]  OP: Operation.SPLIT_ROWS on slice (1232, 9) (remaining tasks 15)
2025-04-21 23:46:49,801 [DEBUG]  		found 2 row clusters (in 0.04110 secs)
2025-04-21 23:46:49,802 [DEBUG]  OP: Operation.SPLIT_ROWS on slice (1101, 9) (remaining tasks 16)
2025-04-21 23:46:49,855 [DEBUG]  		found 2 row clusters (in 0.05315 secs)
2025-04-21 23:46:49,855 [DEBUG]  OP: Operation.SPLIT_COLUMNS on slice (1074, 10) (remaining tasks 17)
2025-04-21 23:46:52,524 [DEBUG]  		found 2 col clusters (in 2.66907 secs)
2025-04-21 23:46:52,525 [DEBUG]  OP: Operation.SPLIT_COLUMNS on slice (74, 10) (remaining tasks 18)
2025-04-21 23:46:52,835 [DEBUG]  		found 1 col clusters (in 0.30987 secs)
2025-04-21 23:46:52,835 [DEBUG]  OP: Operation.SPLIT_COLUMNS on slice (583, 10) (remaining tasks 18)
2025-04-21 23:46:53,558 [DEBUG]  		found 2 col clusters (in 0.72251 secs)
2025-04-21 23:46:53,559 [DEBUG]  OP: Operation.SPLIT_COLUMNS on slice (367, 10) (remaining tasks 19)
2025-04-21 23:46:55,280 [DEBUG]  		found 1 col clusters (in 1.72087 secs)
2025-04-21 23:46:55,281 [DEBUG]  OP: Operation.SPLIT_COLUMNS on slice (713, 10) (remaining tasks 19)
2025-04-21 23:46:56,208 [DEBUG]  		found 1 col clusters (in 0.92739 secs)
2025-04-21 23:46:56,209 [DEBUG]  OP: Operation.CREATE_LEAF on slice (713, 1) (remaining tasks 19)
2025-04-21 23:46:56,210 [DEBUG]  		 created leaf IdentityNumericLeaf for scope=[2] (in 0.00074 secs)
2025-04-21 23:46:56,210 [DEBUG]  OP: Operation.SPLIT_ROWS on slice (176, 11) (remaining tasks 18)
2025-04-21 23:46:56,349 [DEBUG]  		found 2 row clusters (in 0.13938 secs)
2025-04-21 23:46:56,350 [DEBUG]  OP: Operation.SPLIT_ROWS on slice (270, 11) (remaining tasks 19)
2025-04-21 23:46:56,378 [DEBUG]  		found 2 row clusters (in 0.02848 secs)
2025-04-21 23:46:56,378 [DEBUG]  OP: Operation.SPLIT_COLUMNS on slice (343, 10) (remaining tasks 20)
2025-04-21 23:46:57,822 [DEBUG]  		found 1 col clusters (in 1.44318 secs)
2025-04-21 23:46:57,822 [DEBUG]  OP: Operation.CREATE_LEAF on slice (343, 1) (remaining tasks 20)
2025-04-21 23:46:57,823 [DEBUG]  		 created leaf IdentityNumericLeaf for scope=[5] (in 0.00037 secs)
2025-04-21 23:46:57,823 [DEBUG]  OP: Operation.SPLIT_ROWS on slice (375, 11) (remaining tasks 19)
2025-04-21 23:46:57,994 [DEBUG]  		found 2 row clusters (in 0.17079 secs)
2025-04-21 23:46:57,994 [DEBUG]  OP: Operation.SPLIT_ROWS on slice (195, 11) (remaining tasks 20)
2025-04-21 23:46:58,026 [DEBUG]  		found 2 row clusters (in 0.03175 secs)
2025-04-21 23:46:58,026 [DEBUG]  OP: Operation.SPLIT_COLUMNS on slice (225, 9) (remaining tasks 21)
2025-04-21 23:46:58,955 [DEBUG]  		found 1 col clusters (in 0.92842 secs)
2025-04-21 23:46:58,955 [DEBUG]  OP: Operation.SPLIT_COLUMNS on slice (656, 9) (remaining tasks 21)
2025-04-21 23:46:59,968 [DEBUG]  		found 2 col clusters (in 1.01288 secs)
2025-04-21 23:46:59,969 [DEBUG]  OP: Operation.SPLIT_COLUMNS on slice (923, 9) (remaining tasks 22)
2025-04-21 23:47:01,902 [DEBUG]  		found 1 col clusters (in 1.93324 secs)
2025-04-21 23:47:01,903 [DEBUG]  OP: Operation.SPLIT_COLUMNS on slice (309, 9) (remaining tasks 22)
2025-04-21 23:47:03,052 [DEBUG]  		found 1 col clusters (in 1.14860 secs)
2025-04-21 23:47:03,052 [DEBUG]  OP: Operation.SPLIT_COLUMNS on slice (604, 9) (remaining tasks 22)
2025-04-21 23:47:04,018 [DEBUG]  		found 1 col clusters (in 0.96541 secs)
2025-04-21 23:47:04,018 [DEBUG]  OP: Operation.SPLIT_COLUMNS on slice (497, 9) (remaining tasks 22)
2025-04-21 23:47:05,744 [DEBUG]  		found 1 col clusters (in 1.72573 secs)
2025-04-21 23:47:05,745 [DEBUG]  OP: Operation.SPLIT_COLUMNS on slice (1074, 9) (remaining tasks 22)
2025-04-21 23:47:08,737 [DEBUG]  		found 1 col clusters (in 2.99220 secs)
2025-04-21 23:47:08,738 [DEBUG]  OP: Operation.CREATE_LEAF on slice (1074, 1) (remaining tasks 22)
2025-04-21 23:47:08,739 [DEBUG]  		 created leaf IdentityNumericLeaf for scope=[9] (in 0.00093 secs)
2025-04-21 23:47:08,739 [DEBUG]  OP: Operation.SPLIT_ROWS on slice (74, 10) (remaining tasks 21)
2025-04-21 23:47:08,841 [DEBUG]  		found 2 row clusters (in 0.10167 secs)
2025-04-21 23:47:08,841 [DEBUG]  OP: Operation.SPLIT_COLUMNS on slice (583, 9) (remaining tasks 22)
2025-04-21 23:47:09,693 [DEBUG]  		found 1 col clusters (in 0.85172 secs)
2025-04-21 23:47:09,694 [DEBUG]  OP: Operation.CREATE_LEAF on slice (583, 1) (remaining tasks 22)
2025-04-21 23:47:09,695 [DEBUG]  		 created leaf IdentityNumericLeaf for scope=[2] (in 0.00070 secs)
2025-04-21 23:47:09,695 [DEBUG]  OP: Operation.SPLIT_ROWS on slice (367, 10) (remaining tasks 21)
2025-04-21 23:47:09,782 [DEBUG]  		found 2 row clusters (in 0.08680 secs)
2025-04-21 23:47:09,782 [DEBUG]  OP: Operation.SPLIT_ROWS on slice (713, 10) (remaining tasks 22)
2025-04-21 23:47:09,839 [DEBUG]  		found 2 row clusters (in 0.05694 secs)
2025-04-21 23:47:09,840 [DEBUG]  OP: Operation.NAIVE_FACTORIZATION on slice (60, 11) (remaining tasks 23)
2025-04-21 23:47:09,844 [DEBUG]  		naive factorization 11 columns (in 0.00479 secs)
2025-04-21 23:47:09,845 [DEBUG]  OP: Operation.SPLIT_COLUMNS on slice (116, 11) (remaining tasks 22)
2025-04-21 23:47:10,060 [DEBUG]  		found 1 col clusters (in 0.21550 secs)
2025-04-21 23:47:10,061 [DEBUG]  OP: Operation.NAIVE_FACTORIZATION on slice (70, 11) (remaining tasks 22)
2025-04-21 23:47:10,067 [DEBUG]  		naive factorization 11 columns (in 0.00622 secs)
2025-04-21 23:47:10,068 [DEBUG]  OP: Operation.SPLIT_COLUMNS on slice (200, 11) (remaining tasks 21)
2025-04-21 23:47:11,455 [DEBUG]  		found 1 col clusters (in 1.38763 secs)
2025-04-21 23:47:11,456 [DEBUG]  OP: Operation.SPLIT_ROWS on slice (343, 10) (remaining tasks 21)
2025-04-21 23:47:11,591 [DEBUG]  		found 2 row clusters (in 0.13463 secs)
2025-04-21 23:47:11,591 [DEBUG]  OP: Operation.SPLIT_COLUMNS on slice (263, 11) (remaining tasks 22)
2025-04-21 23:47:13,293 [DEBUG]  		found 1 col clusters (in 1.70143 secs)
2025-04-21 23:47:13,293 [DEBUG]  OP: Operation.SPLIT_COLUMNS on slice (112, 11) (remaining tasks 22)
2025-04-21 23:47:13,614 [DEBUG]  		found 1 col clusters (in 0.32116 secs)
2025-04-21 23:47:13,615 [DEBUG]  OP: Operation.SPLIT_COLUMNS on slice (84, 11) (remaining tasks 22)
2025-04-21 23:47:13,834 [DEBUG]  		found 1 col clusters (in 0.21855 secs)
2025-04-21 23:47:13,834 [DEBUG]  OP: Operation.SPLIT_COLUMNS on slice (111, 11) (remaining tasks 22)
2025-04-21 23:47:14,055 [DEBUG]  		found 1 col clusters (in 0.22062 secs)
2025-04-21 23:47:14,056 [DEBUG]  OP: Operation.SPLIT_ROWS on slice (225, 9) (remaining tasks 22)
2025-04-21 23:47:14,118 [DEBUG]  		found 2 row clusters (in 0.06209 secs)
2025-04-21 23:47:14,118 [DEBUG]  OP: Operation.SPLIT_COLUMNS on slice (656, 8) (remaining tasks 23)
2025-04-21 23:47:14,714 [DEBUG]  		found 1 col clusters (in 0.59531 secs)
2025-04-21 23:47:14,714 [DEBUG]  OP: Operation.CREATE_LEAF on slice (656, 1) (remaining tasks 23)
2025-04-21 23:47:14,715 [DEBUG]  		 created leaf IdentityNumericLeaf for scope=[2] (in 0.00070 secs)
2025-04-21 23:47:14,715 [DEBUG]  OP: Operation.SPLIT_ROWS on slice (923, 9) (remaining tasks 22)
2025-04-21 23:47:14,891 [DEBUG]  		found 2 row clusters (in 0.17563 secs)
2025-04-21 23:47:14,892 [DEBUG]  OP: Operation.SPLIT_ROWS on slice (309, 9) (remaining tasks 23)
2025-04-21 23:47:14,910 [DEBUG]  		found 2 row clusters (in 0.01809 secs)
2025-04-21 23:47:14,910 [DEBUG]  OP: Operation.SPLIT_ROWS on slice (604, 9) (remaining tasks 24)
2025-04-21 23:47:14,942 [DEBUG]  		found 2 row clusters (in 0.03188 secs)
2025-04-21 23:47:14,942 [DEBUG]  OP: Operation.SPLIT_ROWS on slice (497, 9) (remaining tasks 25)
2025-04-21 23:47:14,969 [DEBUG]  		found 2 row clusters (in 0.02713 secs)
2025-04-21 23:47:14,969 [DEBUG]  OP: Operation.SPLIT_ROWS on slice (1074, 9) (remaining tasks 26)
2025-04-21 23:47:15,003 [DEBUG]  		found 2 row clusters (in 0.03349 secs)
2025-04-21 23:47:15,003 [DEBUG]  OP: Operation.NAIVE_FACTORIZATION on slice (22, 10) (remaining tasks 27)
2025-04-21 23:47:15,007 [DEBUG]  		naive factorization 10 columns (in 0.00403 secs)
2025-04-21 23:47:15,008 [DEBUG]  OP: Operation.NAIVE_FACTORIZATION on slice (52, 10) (remaining tasks 26)
2025-04-21 23:47:15,013 [DEBUG]  		naive factorization 10 columns (in 0.00530 secs)
2025-04-21 23:47:15,013 [DEBUG]  OP: Operation.SPLIT_ROWS on slice (583, 9) (remaining tasks 25)
2025-04-21 23:47:15,043 [DEBUG]  		found 2 row clusters (in 0.02937 secs)
2025-04-21 23:47:15,043 [DEBUG]  OP: Operation.SPLIT_COLUMNS on slice (151, 10) (remaining tasks 26)
2025-04-21 23:47:15,257 [DEBUG]  		found 1 col clusters (in 0.21372 secs)
2025-04-21 23:47:15,257 [DEBUG]  OP: Operation.SPLIT_COLUMNS on slice (216, 10) (remaining tasks 26)
2025-04-21 23:47:16,630 [DEBUG]  		found 1 col clusters (in 1.37312 secs)
2025-04-21 23:47:16,631 [DEBUG]  OP: Operation.SPLIT_COLUMNS on slice (404, 10) (remaining tasks 26)
2025-04-21 23:47:18,386 [DEBUG]  		found 2 col clusters (in 1.75525 secs)
2025-04-21 23:47:18,387 [DEBUG]  OP: Operation.SPLIT_COLUMNS on slice (309, 10) (remaining tasks 27)
2025-04-21 23:47:19,656 [DEBUG]  		found 1 col clusters (in 1.26881 secs)
2025-04-21 23:47:19,656 [DEBUG]  OP: Operation.SPLIT_ROWS on slice (116, 11) (remaining tasks 27)
2025-04-21 23:47:19,749 [DEBUG]  		found 2 row clusters (in 0.09283 secs)
2025-04-21 23:47:19,750 [DEBUG]  OP: Operation.SPLIT_ROWS on slice (200, 11) (remaining tasks 28)
2025-04-21 23:47:19,781 [DEBUG]  		found 2 row clusters (in 0.03122 secs)
2025-04-21 23:47:19,781 [DEBUG]  OP: Operation.SPLIT_COLUMNS on slice (179, 10) (remaining tasks 29)
2025-04-21 23:47:20,100 [DEBUG]  		found 1 col clusters (in 0.31848 secs)
2025-04-21 23:47:20,100 [DEBUG]  OP: Operation.SPLIT_COLUMNS on slice (164, 10) (remaining tasks 29)
2025-04-21 23:47:20,466 [DEBUG]  		found 1 col clusters (in 0.36540 secs)
2025-04-21 23:47:20,466 [DEBUG]  OP: Operation.SPLIT_ROWS on slice (263, 11) (remaining tasks 29)
2025-04-21 23:47:20,531 [DEBUG]  		found 2 row clusters (in 0.06456 secs)
2025-04-21 23:47:20,531 [DEBUG]  OP: Operation.SPLIT_ROWS on slice (112, 11) (remaining tasks 30)
2025-04-21 23:47:20,581 [DEBUG]  		found 2 row clusters (in 0.05000 secs)
2025-04-21 23:47:20,582 [DEBUG]  OP: Operation.SPLIT_ROWS on slice (84, 11) (remaining tasks 31)
2025-04-21 23:47:20,600 [DEBUG]  		found 2 row clusters (in 0.01875 secs)
2025-04-21 23:47:20,601 [DEBUG]  OP: Operation.SPLIT_ROWS on slice (111, 11) (remaining tasks 32)
2025-04-21 23:47:20,619 [DEBUG]  		found 2 row clusters (in 0.01800 secs)
2025-04-21 23:47:20,619 [DEBUG]  OP: Operation.SPLIT_COLUMNS on slice (117, 9) (remaining tasks 33)
2025-04-21 23:47:20,726 [DEBUG]  		found 1 col clusters (in 0.10669 secs)
2025-04-21 23:47:20,726 [DEBUG]  OP: Operation.SPLIT_COLUMNS on slice (108, 9) (remaining tasks 33)
2025-04-21 23:47:20,941 [DEBUG]  		found 1 col clusters (in 0.21509 secs)
2025-04-21 23:47:20,942 [DEBUG]  OP: Operation.SPLIT_ROWS on slice (656, 8) (remaining tasks 33)
2025-04-21 23:47:21,000 [DEBUG]  		found 2 row clusters (in 0.05751 secs)
2025-04-21 23:47:21,000 [DEBUG]  OP: Operation.SPLIT_COLUMNS on slice (361, 9) (remaining tasks 34)
2025-04-21 23:47:22,385 [DEBUG]  		found 1 col clusters (in 1.38526 secs)
2025-04-21 23:47:22,386 [DEBUG]  OP: Operation.SPLIT_COLUMNS on slice (562, 9) (remaining tasks 34)
2025-04-21 23:47:23,057 [DEBUG]  		found 1 col clusters (in 0.67075 secs)
2025-04-21 23:47:23,057 [DEBUG]  OP: Operation.SPLIT_COLUMNS on slice (235, 9) (remaining tasks 34)
2025-04-21 23:47:24,134 [DEBUG]  		found 1 col clusters (in 1.07618 secs)
2025-04-21 23:47:24,134 [DEBUG]  OP: Operation.SPLIT_COLUMNS on slice (74, 9) (remaining tasks 34)
2025-04-21 23:47:24,298 [DEBUG]  		found 1 col clusters (in 0.16350 secs)
2025-04-21 23:47:24,298 [DEBUG]  OP: Operation.SPLIT_COLUMNS on slice (413, 9) (remaining tasks 34)
2025-04-21 23:47:25,613 [DEBUG]  		found 1 col clusters (in 1.31432 secs)
2025-04-21 23:47:25,613 [DEBUG]  OP: Operation.SPLIT_COLUMNS on slice (191, 9) (remaining tasks 34)
2025-04-21 23:47:25,964 [DEBUG]  		found 1 col clusters (in 0.35101 secs)
2025-04-21 23:47:25,965 [DEBUG]  OP: Operation.SPLIT_COLUMNS on slice (211, 9) (remaining tasks 34)
2025-04-21 23:47:26,971 [DEBUG]  		found 1 col clusters (in 1.00642 secs)
2025-04-21 23:47:26,972 [DEBUG]  OP: Operation.SPLIT_COLUMNS on slice (286, 9) (remaining tasks 34)
2025-04-21 23:47:28,144 [DEBUG]  		found 1 col clusters (in 1.17174 secs)
2025-04-21 23:47:28,144 [DEBUG]  OP: Operation.SPLIT_COLUMNS on slice (536, 9) (remaining tasks 34)
2025-04-21 23:47:29,654 [DEBUG]  		found 1 col clusters (in 1.50945 secs)
2025-04-21 23:47:29,655 [DEBUG]  OP: Operation.SPLIT_COLUMNS on slice (538, 9) (remaining tasks 34)
2025-04-21 23:47:31,041 [DEBUG]  		found 1 col clusters (in 1.38582 secs)
2025-04-21 23:47:31,041 [DEBUG]  OP: Operation.SPLIT_COLUMNS on slice (359, 9) (remaining tasks 34)
2025-04-21 23:47:32,442 [DEBUG]  		found 1 col clusters (in 1.40054 secs)
2025-04-21 23:47:32,443 [DEBUG]  OP: Operation.SPLIT_COLUMNS on slice (224, 9) (remaining tasks 34)
2025-04-21 23:47:33,633 [DEBUG]  		found 2 col clusters (in 1.19023 secs)
2025-04-21 23:47:33,634 [DEBUG]  OP: Operation.SPLIT_ROWS on slice (151, 10) (remaining tasks 35)
2025-04-21 23:47:33,746 [DEBUG]  		found 2 row clusters (in 0.11238 secs)
2025-04-21 23:47:33,747 [DEBUG]  OP: Operation.SPLIT_ROWS on slice (216, 10) (remaining tasks 36)
2025-04-21 23:47:33,783 [DEBUG]  		found 2 row clusters (in 0.03606 secs)
2025-04-21 23:47:33,783 [DEBUG]  OP: Operation.SPLIT_COLUMNS on slice (404, 9) (remaining tasks 37)
2025-04-21 23:47:35,239 [DEBUG]  		found 1 col clusters (in 1.45617 secs)
2025-04-21 23:47:35,239 [DEBUG]  OP: Operation.CREATE_LEAF on slice (404, 1) (remaining tasks 37)
2025-04-21 23:47:35,240 [DEBUG]  		 created leaf IdentityNumericLeaf for scope=[9] (in 0.00053 secs)
2025-04-21 23:47:35,240 [DEBUG]  OP: Operation.SPLIT_ROWS on slice (309, 10) (remaining tasks 36)
2025-04-21 23:47:35,318 [DEBUG]  		found 2 row clusters (in 0.07773 secs)
2025-04-21 23:47:35,319 [DEBUG]  OP: Operation.SPLIT_COLUMNS on slice (85, 11) (remaining tasks 37)
2025-04-21 23:47:35,526 [DEBUG]  		found 1 col clusters (in 0.20764 secs)
2025-04-21 23:47:35,527 [DEBUG]  OP: Operation.NAIVE_FACTORIZATION on slice (31, 11) (remaining tasks 37)
2025-04-21 23:47:35,531 [DEBUG]  		naive factorization 11 columns (in 0.00361 secs)
2025-04-21 23:47:35,531 [DEBUG]  OP: Operation.SPLIT_COLUMNS on slice (124, 11) (remaining tasks 36)
2025-04-21 23:47:35,759 [DEBUG]  		found 1 col clusters (in 0.22744 secs)
2025-04-21 23:47:35,759 [DEBUG]  OP: Operation.SPLIT_COLUMNS on slice (76, 11) (remaining tasks 36)
2025-04-21 23:47:35,975 [DEBUG]  		found 1 col clusters (in 0.21575 secs)
2025-04-21 23:47:35,976 [DEBUG]  OP: Operation.SPLIT_ROWS on slice (179, 10) (remaining tasks 36)
2025-04-21 23:47:36,019 [DEBUG]  		found 2 row clusters (in 0.04315 secs)
2025-04-21 23:47:36,019 [DEBUG]  OP: Operation.SPLIT_ROWS on slice (164, 10) (remaining tasks 37)
2025-04-21 23:47:36,045 [DEBUG]  		found 2 row clusters (in 0.02519 secs)
2025-04-21 23:47:36,045 [DEBUG]  OP: Operation.SPLIT_COLUMNS on slice (88, 11) (remaining tasks 38)
2025-04-21 23:47:36,261 [DEBUG]  		found 1 col clusters (in 0.21554 secs)
2025-04-21 23:47:36,261 [DEBUG]  OP: Operation.SPLIT_COLUMNS on slice (175, 11) (remaining tasks 38)
2025-04-21 23:47:36,579 [DEBUG]  		found 1 col clusters (in 0.31773 secs)
2025-04-21 23:47:36,580 [DEBUG]  OP: Operation.SPLIT_COLUMNS on slice (76, 11) (remaining tasks 38)
2025-04-21 23:47:36,821 [DEBUG]  		found 1 col clusters (in 0.24087 secs)
2025-04-21 23:47:36,821 [DEBUG]  OP: Operation.NAIVE_FACTORIZATION on slice (36, 11) (remaining tasks 38)
2025-04-21 23:47:36,826 [DEBUG]  		naive factorization 11 columns (in 0.00456 secs)
2025-04-21 23:47:36,826 [DEBUG]  OP: Operation.NAIVE_FACTORIZATION on slice (53, 11) (remaining tasks 37)
2025-04-21 23:47:36,831 [DEBUG]  		naive factorization 11 columns (in 0.00446 secs)
2025-04-21 23:47:36,831 [DEBUG]  OP: Operation.NAIVE_FACTORIZATION on slice (31, 11) (remaining tasks 36)
2025-04-21 23:47:36,835 [DEBUG]  		naive factorization 11 columns (in 0.00392 secs)
2025-04-21 23:47:36,836 [DEBUG]  OP: Operation.NAIVE_FACTORIZATION on slice (41, 11) (remaining tasks 35)
2025-04-21 23:47:36,841 [DEBUG]  		naive factorization 11 columns (in 0.00524 secs)
2025-04-21 23:47:36,842 [DEBUG]  OP: Operation.NAIVE_FACTORIZATION on slice (70, 11) (remaining tasks 34)
2025-04-21 23:47:36,846 [DEBUG]  		naive factorization 11 columns (in 0.00467 secs)
2025-04-21 23:47:36,847 [DEBUG]  OP: Operation.SPLIT_ROWS on slice (117, 9) (remaining tasks 33)
2025-04-21 23:47:36,891 [DEBUG]  		found 2 row clusters (in 0.04419 secs)
2025-04-21 23:47:36,892 [DEBUG]  OP: Operation.SPLIT_ROWS on slice (108, 9) (remaining tasks 34)
2025-04-21 23:47:36,925 [DEBUG]  		found 2 row clusters (in 0.03269 secs)
2025-04-21 23:47:36,925 [DEBUG]  OP: Operation.SPLIT_COLUMNS on slice (281, 8) (remaining tasks 35)
2025-04-21 23:47:37,889 [DEBUG]  		found 1 col clusters (in 0.96424 secs)
2025-04-21 23:47:37,890 [DEBUG]  OP: Operation.SPLIT_COLUMNS on slice (375, 8) (remaining tasks 35)
2025-04-21 23:47:38,893 [DEBUG]  		found 1 col clusters (in 1.00285 secs)
2025-04-21 23:47:38,893 [DEBUG]  OP: Operation.SPLIT_ROWS on slice (361, 9) (remaining tasks 35)
2025-04-21 23:47:39,000 [DEBUG]  		found 2 row clusters (in 0.10689 secs)
2025-04-21 23:47:39,001 [DEBUG]  OP: Operation.SPLIT_ROWS on slice (562, 9) (remaining tasks 36)
2025-04-21 23:47:39,042 [DEBUG]  		found 2 row clusters (in 0.04140 secs)
2025-04-21 23:47:39,042 [DEBUG]  OP: Operation.SPLIT_ROWS on slice (235, 9) (remaining tasks 37)
2025-04-21 23:47:39,068 [DEBUG]  		found 2 row clusters (in 0.02536 secs)
2025-04-21 23:47:39,068 [DEBUG]  OP: Operation.SPLIT_ROWS on slice (74, 9) (remaining tasks 38)
2025-04-21 23:47:39,083 [DEBUG]  		found 2 row clusters (in 0.01534 secs)
2025-04-21 23:47:39,084 [DEBUG]  OP: Operation.SPLIT_ROWS on slice (413, 9) (remaining tasks 39)
2025-04-21 23:47:39,109 [DEBUG]  		found 2 row clusters (in 0.02544 secs)
2025-04-21 23:47:39,109 [DEBUG]  OP: Operation.SPLIT_ROWS on slice (191, 9) (remaining tasks 40)
2025-04-21 23:47:39,133 [DEBUG]  		found 2 row clusters (in 0.02407 secs)
2025-04-21 23:47:39,134 [DEBUG]  OP: Operation.SPLIT_ROWS on slice (211, 9) (remaining tasks 41)
2025-04-21 23:47:39,160 [DEBUG]  		found 2 row clusters (in 0.02611 secs)
2025-04-21 23:47:39,160 [DEBUG]  OP: Operation.SPLIT_ROWS on slice (286, 9) (remaining tasks 42)
2025-04-21 23:47:39,194 [DEBUG]  		found 2 row clusters (in 0.03341 secs)
2025-04-21 23:47:39,194 [DEBUG]  OP: Operation.SPLIT_ROWS on slice (536, 9) (remaining tasks 43)
2025-04-21 23:47:39,225 [DEBUG]  		found 2 row clusters (in 0.03102 secs)
2025-04-21 23:47:39,225 [DEBUG]  OP: Operation.SPLIT_ROWS on slice (538, 9) (remaining tasks 44)
2025-04-21 23:47:39,241 [DEBUG]  		found 2 row clusters (in 0.01597 secs)
2025-04-21 23:47:39,241 [DEBUG]  OP: Operation.SPLIT_ROWS on slice (359, 9) (remaining tasks 45)
2025-04-21 23:47:39,263 [DEBUG]  		found 2 row clusters (in 0.02162 secs)
2025-04-21 23:47:39,263 [DEBUG]  OP: Operation.SPLIT_COLUMNS on slice (224, 8) (remaining tasks 46)
2025-04-21 23:47:40,097 [DEBUG]  		found 1 col clusters (in 0.83382 secs)
2025-04-21 23:47:40,097 [DEBUG]  OP: Operation.CREATE_LEAF on slice (224, 1) (remaining tasks 46)
2025-04-21 23:47:40,098 [DEBUG]  		 created leaf IdentityNumericLeaf for scope=[9] (in 0.00043 secs)
2025-04-21 23:47:40,098 [DEBUG]  OP: Operation.SPLIT_COLUMNS on slice (82, 10) (remaining tasks 45)
2025-04-21 23:47:40,311 [DEBUG]  		found 1 col clusters (in 0.21254 secs)
2025-04-21 23:47:40,312 [DEBUG]  OP: Operation.NAIVE_FACTORIZATION on slice (69, 10) (remaining tasks 45)
2025-04-21 23:47:40,316 [DEBUG]  		naive factorization 10 columns (in 0.00380 secs)
2025-04-21 23:47:40,316 [DEBUG]  OP: Operation.SPLIT_COLUMNS on slice (149, 10) (remaining tasks 44)
2025-04-21 23:47:40,531 [DEBUG]  		found 1 col clusters (in 0.21474 secs)
2025-04-21 23:47:40,532 [DEBUG]  OP: Operation.NAIVE_FACTORIZATION on slice (67, 10) (remaining tasks 44)
2025-04-21 23:47:40,535 [DEBUG]  		naive factorization 10 columns (in 0.00286 secs)
2025-04-21 23:47:40,535 [DEBUG]  OP: Operation.SPLIT_ROWS on slice (404, 9) (remaining tasks 43)
2025-04-21 23:47:40,670 [DEBUG]  		found 2 row clusters (in 0.13431 secs)
2025-04-21 23:47:40,670 [DEBUG]  OP: Operation.SPLIT_COLUMNS on slice (233, 10) (remaining tasks 44)
2025-04-21 23:47:41,954 [DEBUG]  		found 2 col clusters (in 1.28367 secs)
2025-04-21 23:47:41,954 [DEBUG]  OP: Operation.SPLIT_COLUMNS on slice (76, 10) (remaining tasks 45)
2025-04-21 23:47:42,289 [DEBUG]  		found 1 col clusters (in 0.33463 secs)
2025-04-21 23:47:42,289 [DEBUG]  OP: Operation.SPLIT_ROWS on slice (85, 11) (remaining tasks 45)
2025-04-21 23:47:42,342 [DEBUG]  		found 2 row clusters (in 0.05210 secs)
2025-04-21 23:47:42,342 [DEBUG]  OP: Operation.SPLIT_ROWS on slice (124, 11) (remaining tasks 46)
2025-04-21 23:47:42,377 [DEBUG]  		found 2 row clusters (in 0.03525 secs)
2025-04-21 23:47:42,378 [DEBUG]  OP: Operation.SPLIT_ROWS on slice (76, 11) (remaining tasks 47)
2025-04-21 23:47:42,398 [DEBUG]  		found 2 row clusters (in 0.01992 secs)
2025-04-21 23:47:42,398 [DEBUG]  OP: Operation.SPLIT_COLUMNS on slice (93, 10) (remaining tasks 48)
2025-04-21 23:47:42,611 [DEBUG]  		found 1 col clusters (in 0.21287 secs)
2025-04-21 23:47:42,612 [DEBUG]  OP: Operation.SPLIT_COLUMNS on slice (86, 10) (remaining tasks 48)
2025-04-21 23:47:42,834 [DEBUG]  		found 1 col clusters (in 0.22207 secs)
2025-04-21 23:47:42,834 [DEBUG]  OP: Operation.NAIVE_FACTORIZATION on slice (14, 10) (remaining tasks 48)
2025-04-21 23:47:42,838 [DEBUG]  		naive factorization 10 columns (in 0.00396 secs)
2025-04-21 23:47:42,839 [DEBUG]  OP: Operation.SPLIT_COLUMNS on slice (150, 10) (remaining tasks 47)
2025-04-21 23:47:43,058 [DEBUG]  		found 1 col clusters (in 0.21912 secs)
2025-04-21 23:47:43,059 [DEBUG]  OP: Operation.SPLIT_ROWS on slice (88, 11) (remaining tasks 47)
2025-04-21 23:47:43,093 [DEBUG]  		found 2 row clusters (in 0.03396 secs)
2025-04-21 23:47:43,093 [DEBUG]  OP: Operation.SPLIT_ROWS on slice (175, 11) (remaining tasks 48)
2025-04-21 23:47:43,193 [DEBUG]  		found 2 row clusters (in 0.10001 secs)
2025-04-21 23:47:43,194 [DEBUG]  OP: Operation.SPLIT_ROWS on slice (76, 11) (remaining tasks 49)
2025-04-21 23:47:43,241 [DEBUG]  		found 2 row clusters (in 0.04677 secs)
2025-04-21 23:47:43,241 [DEBUG]  OP: Operation.SPLIT_COLUMNS on slice (94, 9) (remaining tasks 50)
2025-04-21 23:47:43,348 [DEBUG]  		found 1 col clusters (in 0.10647 secs)
2025-04-21 23:47:43,348 [DEBUG]  OP: Operation.NAIVE_FACTORIZATION on slice (23, 9) (remaining tasks 50)
2025-04-21 23:47:43,351 [DEBUG]  		naive factorization 9 columns (in 0.00305 secs)
2025-04-21 23:47:43,352 [DEBUG]  OP: Operation.NAIVE_FACTORIZATION on slice (27, 9) (remaining tasks 49)
2025-04-21 23:47:43,355 [DEBUG]  		naive factorization 9 columns (in 0.00361 secs)
2025-04-21 23:47:43,356 [DEBUG]  OP: Operation.SPLIT_COLUMNS on slice (81, 9) (remaining tasks 48)
2025-04-21 23:47:43,567 [DEBUG]  		found 1 col clusters (in 0.21085 secs)
2025-04-21 23:47:43,567 [DEBUG]  OP: Operation.SPLIT_ROWS on slice (281, 8) (remaining tasks 48)
2025-04-21 23:47:43,615 [DEBUG]  		found 2 row clusters (in 0.04750 secs)
2025-04-21 23:47:43,615 [DEBUG]  OP: Operation.SPLIT_ROWS on slice (375, 8) (remaining tasks 49)
2025-04-21 23:47:43,672 [DEBUG]  		found 2 row clusters (in 0.05646 secs)
2025-04-21 23:47:43,672 [DEBUG]  OP: Operation.SPLIT_COLUMNS on slice (150, 9) (remaining tasks 50)
2025-04-21 23:47:43,888 [DEBUG]  		found 1 col clusters (in 0.21576 secs)
2025-04-21 23:47:43,888 [DEBUG]  OP: Operation.SPLIT_COLUMNS on slice (211, 9) (remaining tasks 50)
2025-04-21 23:47:44,881 [DEBUG]  		found 1 col clusters (in 0.99270 secs)
2025-04-21 23:47:44,882 [DEBUG]  OP: Operation.SPLIT_COLUMNS on slice (367, 9) (remaining tasks 50)
2025-04-21 23:47:46,165 [DEBUG]  		found 2 col clusters (in 1.28242 secs)
2025-04-21 23:47:46,165 [DEBUG]  OP: Operation.SPLIT_COLUMNS on slice (195, 9) (remaining tasks 51)
2025-04-21 23:47:47,346 [DEBUG]  		found 1 col clusters (in 1.18042 secs)
2025-04-21 23:47:47,347 [DEBUG]  OP: Operation.SPLIT_COLUMNS on slice (105, 9) (remaining tasks 51)
2025-04-21 23:47:47,571 [DEBUG]  		found 1 col clusters (in 0.22393 secs)
2025-04-21 23:47:47,571 [DEBUG]  OP: Operation.SPLIT_COLUMNS on slice (130, 9) (remaining tasks 51)
2025-04-21 23:47:47,786 [DEBUG]  		found 1 col clusters (in 0.21498 secs)
2025-04-21 23:47:47,787 [DEBUG]  OP: Operation.NAIVE_FACTORIZATION on slice (19, 9) (remaining tasks 51)
2025-04-21 23:47:47,790 [DEBUG]  		naive factorization 9 columns (in 0.00351 secs)
2025-04-21 23:47:47,791 [DEBUG]  OP: Operation.NAIVE_FACTORIZATION on slice (55, 9) (remaining tasks 50)
2025-04-21 23:47:47,793 [DEBUG]  		naive factorization 9 columns (in 0.00237 secs)
2025-04-21 23:47:47,793 [DEBUG]  OP: Operation.SPLIT_COLUMNS on slice (91, 9) (remaining tasks 49)
2025-04-21 23:47:47,968 [DEBUG]  		found 1 col clusters (in 0.17411 secs)
2025-04-21 23:47:47,968 [DEBUG]  OP: Operation.SPLIT_COLUMNS on slice (322, 9) (remaining tasks 49)
2025-04-21 23:47:49,375 [DEBUG]  		found 2 col clusters (in 1.40662 secs)
2025-04-21 23:47:49,375 [DEBUG]  OP: Operation.SPLIT_COLUMNS on slice (126, 9) (remaining tasks 50)
2025-04-21 23:47:49,618 [DEBUG]  		found 1 col clusters (in 0.24236 secs)
2025-04-21 23:47:49,618 [DEBUG]  OP: Operation.NAIVE_FACTORIZATION on slice (65, 9) (remaining tasks 50)
2025-04-21 23:47:49,624 [DEBUG]  		naive factorization 9 columns (in 0.00547 secs)
2025-04-21 23:47:49,625 [DEBUG]  OP: Operation.SPLIT_COLUMNS on slice (146, 9) (remaining tasks 49)
2025-04-21 23:47:49,848 [DEBUG]  		found 1 col clusters (in 0.22307 secs)
2025-04-21 23:47:49,848 [DEBUG]  OP: Operation.NAIVE_FACTORIZATION on slice (65, 9) (remaining tasks 49)
2025-04-21 23:47:49,851 [DEBUG]  		naive factorization 9 columns (in 0.00326 secs)
2025-04-21 23:47:49,852 [DEBUG]  OP: Operation.NAIVE_FACTORIZATION on slice (68, 9) (remaining tasks 48)
2025-04-21 23:47:49,856 [DEBUG]  		naive factorization 9 columns (in 0.00422 secs)
2025-04-21 23:47:49,857 [DEBUG]  OP: Operation.SPLIT_COLUMNS on slice (218, 9) (remaining tasks 47)
2025-04-21 23:47:50,806 [DEBUG]  		found 1 col clusters (in 0.94874 secs)
2025-04-21 23:47:50,806 [DEBUG]  OP: Operation.SPLIT_COLUMNS on slice (198, 9) (remaining tasks 47)
2025-04-21 23:47:52,041 [DEBUG]  		found 3 col clusters (in 1.23507 secs)
2025-04-21 23:47:52,042 [DEBUG]  OP: Operation.SPLIT_COLUMNS on slice (338, 9) (remaining tasks 49)
2025-04-21 23:47:53,377 [DEBUG]  		found 1 col clusters (in 1.33440 secs)
2025-04-21 23:47:53,377 [DEBUG]  OP: Operation.SPLIT_COLUMNS on slice (160, 9) (remaining tasks 49)
2025-04-21 23:47:53,735 [DEBUG]  		found 1 col clusters (in 0.35723 secs)
2025-04-21 23:47:53,736 [DEBUG]  OP: Operation.SPLIT_COLUMNS on slice (378, 9) (remaining tasks 49)
2025-04-21 23:47:55,411 [DEBUG]  		found 1 col clusters (in 1.67543 secs)
2025-04-21 23:47:55,412 [DEBUG]  OP: Operation.SPLIT_COLUMNS on slice (156, 9) (remaining tasks 49)
2025-04-21 23:47:55,659 [DEBUG]  		found 1 col clusters (in 0.24712 secs)
2025-04-21 23:47:55,660 [DEBUG]  OP: Operation.SPLIT_COLUMNS on slice (203, 9) (remaining tasks 49)
2025-04-21 23:47:56,621 [DEBUG]  		found 1 col clusters (in 0.96087 secs)
2025-04-21 23:47:56,621 [DEBUG]  OP: Operation.SPLIT_ROWS on slice (224, 8) (remaining tasks 49)
2025-04-21 23:47:56,670 [DEBUG]  		found 2 row clusters (in 0.04888 secs)
2025-04-21 23:47:56,671 [DEBUG]  OP: Operation.SPLIT_ROWS on slice (82, 10) (remaining tasks 50)
2025-04-21 23:47:56,712 [DEBUG]  		found 2 row clusters (in 0.04129 secs)
2025-04-21 23:47:56,713 [DEBUG]  OP: Operation.SPLIT_ROWS on slice (149, 10) (remaining tasks 51)
2025-04-21 23:47:56,756 [DEBUG]  		found 2 row clusters (in 0.04297 secs)
2025-04-21 23:47:56,756 [DEBUG]  OP: Operation.SPLIT_COLUMNS on slice (222, 9) (remaining tasks 52)
2025-04-21 23:47:57,617 [DEBUG]  		found 1 col clusters (in 0.86028 secs)
2025-04-21 23:47:57,617 [DEBUG]  OP: Operation.SPLIT_COLUMNS on slice (182, 9) (remaining tasks 52)
2025-04-21 23:47:57,918 [DEBUG]  		found 1 col clusters (in 0.30084 secs)
2025-04-21 23:47:57,919 [DEBUG]  OP: Operation.SPLIT_COLUMNS on slice (233, 8) (remaining tasks 52)
2025-04-21 23:47:58,883 [DEBUG]  		found 1 col clusters (in 0.96433 secs)
2025-04-21 23:47:58,884 [DEBUG]  OP: Operation.SPLIT_COLUMNS on slice (233, 2) (remaining tasks 52)
2025-04-21 23:47:59,050 [DEBUG]  		found 1 col clusters (in 0.16640 secs)
2025-04-21 23:47:59,051 [DEBUG]  OP: Operation.SPLIT_ROWS on slice (76, 10) (remaining tasks 52)
2025-04-21 23:47:59,080 [DEBUG]  		found 2 row clusters (in 0.02887 secs)
2025-04-21 23:47:59,080 [DEBUG]  OP: Operation.NAIVE_FACTORIZATION on slice (42, 11) (remaining tasks 53)
2025-04-21 23:47:59,083 [DEBUG]  		naive factorization 11 columns (in 0.00279 secs)
2025-04-21 23:47:59,083 [DEBUG]  OP: Operation.NAIVE_FACTORIZATION on slice (43, 11) (remaining tasks 52)
2025-04-21 23:47:59,087 [DEBUG]  		naive factorization 11 columns (in 0.00305 secs)
2025-04-21 23:47:59,087 [DEBUG]  OP: Operation.NAIVE_FACTORIZATION on slice (64, 11) (remaining tasks 51)
2025-04-21 23:47:59,090 [DEBUG]  		naive factorization 11 columns (in 0.00265 secs)
2025-04-21 23:47:59,090 [DEBUG]  OP: Operation.NAIVE_FACTORIZATION on slice (60, 11) (remaining tasks 50)
2025-04-21 23:47:59,093 [DEBUG]  		naive factorization 11 columns (in 0.00255 secs)
2025-04-21 23:47:59,093 [DEBUG]  OP: Operation.NAIVE_FACTORIZATION on slice (71, 11) (remaining tasks 49)
2025-04-21 23:47:59,096 [DEBUG]  		naive factorization 11 columns (in 0.00276 secs)
2025-04-21 23:47:59,096 [DEBUG]  OP: Operation.NAIVE_FACTORIZATION on slice (5, 11) (remaining tasks 48)
2025-04-21 23:47:59,099 [DEBUG]  		naive factorization 11 columns (in 0.00234 secs)
2025-04-21 23:47:59,099 [DEBUG]  OP: Operation.SPLIT_ROWS on slice (93, 10) (remaining tasks 47)
2025-04-21 23:47:59,124 [DEBUG]  		found 2 row clusters (in 0.02457 secs)
2025-04-21 23:47:59,124 [DEBUG]  OP: Operation.SPLIT_ROWS on slice (86, 10) (remaining tasks 48)
2025-04-21 23:47:59,146 [DEBUG]  		found 2 row clusters (in 0.02152 secs)
2025-04-21 23:47:59,146 [DEBUG]  OP: Operation.SPLIT_ROWS on slice (150, 10) (remaining tasks 49)
2025-04-21 23:47:59,164 [DEBUG]  		found 2 row clusters (in 0.01825 secs)
2025-04-21 23:47:59,164 [DEBUG]  OP: Operation.NAIVE_FACTORIZATION on slice (66, 11) (remaining tasks 50)
2025-04-21 23:47:59,167 [DEBUG]  		naive factorization 11 columns (in 0.00272 secs)
2025-04-21 23:47:59,167 [DEBUG]  OP: Operation.NAIVE_FACTORIZATION on slice (22, 11) (remaining tasks 49)
2025-04-21 23:47:59,170 [DEBUG]  		naive factorization 11 columns (in 0.00236 secs)
2025-04-21 23:47:59,170 [DEBUG]  OP: Operation.SPLIT_COLUMNS on slice (95, 11) (remaining tasks 48)
2025-04-21 23:47:59,383 [DEBUG]  		found 1 col clusters (in 0.21257 secs)
2025-04-21 23:47:59,383 [DEBUG]  OP: Operation.SPLIT_COLUMNS on slice (80, 11) (remaining tasks 48)
2025-04-21 23:47:59,599 [DEBUG]  		found 1 col clusters (in 0.21592 secs)
2025-04-21 23:47:59,600 [DEBUG]  OP: Operation.NAIVE_FACTORIZATION on slice (40, 11) (remaining tasks 48)
2025-04-21 23:47:59,605 [DEBUG]  		naive factorization 11 columns (in 0.00466 secs)
2025-04-21 23:47:59,606 [DEBUG]  OP: Operation.NAIVE_FACTORIZATION on slice (36, 11) (remaining tasks 47)
2025-04-21 23:47:59,610 [DEBUG]  		naive factorization 11 columns (in 0.00379 secs)
2025-04-21 23:47:59,610 [DEBUG]  OP: Operation.SPLIT_ROWS on slice (94, 9) (remaining tasks 46)
2025-04-21 23:47:59,655 [DEBUG]  		found 2 row clusters (in 0.04515 secs)
2025-04-21 23:47:59,656 [DEBUG]  OP: Operation.SPLIT_ROWS on slice (81, 9) (remaining tasks 47)
2025-04-21 23:47:59,693 [DEBUG]  		found 2 row clusters (in 0.03687 secs)
2025-04-21 23:47:59,693 [DEBUG]  OP: Operation.SPLIT_COLUMNS on slice (225, 8) (remaining tasks 48)
2025-04-21 23:48:00,399 [DEBUG]  		found 1 col clusters (in 0.70545 secs)
2025-04-21 23:48:00,399 [DEBUG]  OP: Operation.NAIVE_FACTORIZATION on slice (56, 8) (remaining tasks 48)
2025-04-21 23:48:00,404 [DEBUG]  		naive factorization 8 columns (in 0.00496 secs)
2025-04-21 23:48:00,405 [DEBUG]  OP: Operation.SPLIT_COLUMNS on slice (86, 8) (remaining tasks 47)
2025-04-21 23:48:00,601 [DEBUG]  		found 1 col clusters (in 0.19595 secs)
2025-04-21 23:48:00,601 [DEBUG]  OP: Operation.SPLIT_COLUMNS on slice (289, 8) (remaining tasks 47)
2025-04-21 23:48:01,432 [DEBUG]  		found 1 col clusters (in 0.82997 secs)
2025-04-21 23:48:01,432 [DEBUG]  OP: Operation.SPLIT_ROWS on slice (150, 9) (remaining tasks 47)
2025-04-21 23:48:01,499 [DEBUG]  		found 2 row clusters (in 0.06695 secs)
2025-04-21 23:48:01,499 [DEBUG]  OP: Operation.SPLIT_ROWS on slice (211, 9) (remaining tasks 48)
2025-04-21 23:48:01,573 [DEBUG]  		found 2 row clusters (in 0.07306 secs)
2025-04-21 23:48:01,573 [DEBUG]  OP: Operation.SPLIT_COLUMNS on slice (367, 8) (remaining tasks 49)
2025-04-21 23:48:02,850 [DEBUG]  		found 1 col clusters (in 1.27726 secs)
2025-04-21 23:48:02,851 [DEBUG]  OP: Operation.CREATE_LEAF on slice (367, 1) (remaining tasks 49)
2025-04-21 23:48:02,852 [DEBUG]  		 created leaf IdentityNumericLeaf for scope=[9] (in 0.00052 secs)
2025-04-21 23:48:02,852 [DEBUG]  OP: Operation.SPLIT_ROWS on slice (195, 9) (remaining tasks 48)
2025-04-21 23:48:02,898 [DEBUG]  		found 2 row clusters (in 0.04575 secs)
2025-04-21 23:48:02,898 [DEBUG]  OP: Operation.SPLIT_ROWS on slice (105, 9) (remaining tasks 49)
2025-04-21 23:48:02,921 [DEBUG]  		found 2 row clusters (in 0.02274 secs)
2025-04-21 23:48:02,921 [DEBUG]  OP: Operation.SPLIT_ROWS on slice (130, 9) (remaining tasks 50)
2025-04-21 23:48:02,946 [DEBUG]  		found 2 row clusters (in 0.02487 secs)
2025-04-21 23:48:02,946 [DEBUG]  OP: Operation.SPLIT_ROWS on slice (91, 9) (remaining tasks 51)
2025-04-21 23:48:02,968 [DEBUG]  		found 2 row clusters (in 0.02211 secs)
2025-04-21 23:48:02,969 [DEBUG]  OP: Operation.SPLIT_COLUMNS on slice (322, 8) (remaining tasks 52)
2025-04-21 23:48:03,938 [DEBUG]  		found 1 col clusters (in 0.96884 secs)
2025-04-21 23:48:03,938 [DEBUG]  OP: Operation.CREATE_LEAF on slice (322, 1) (remaining tasks 52)
2025-04-21 23:48:03,939 [DEBUG]  		 created leaf IdentityNumericLeaf for scope=[9] (in 0.00049 secs)
2025-04-21 23:48:03,939 [DEBUG]  OP: Operation.SPLIT_ROWS on slice (126, 9) (remaining tasks 51)
2025-04-21 23:48:04,030 [DEBUG]  		found 2 row clusters (in 0.09078 secs)
2025-04-21 23:48:04,030 [DEBUG]  OP: Operation.SPLIT_ROWS on slice (146, 9) (remaining tasks 52)
2025-04-21 23:48:04,093 [DEBUG]  		found 2 row clusters (in 0.06272 secs)
2025-04-21 23:48:04,093 [DEBUG]  OP: Operation.SPLIT_ROWS on slice (218, 9) (remaining tasks 53)
2025-04-21 23:48:04,115 [DEBUG]  		found 2 row clusters (in 0.02210 secs)
2025-04-21 23:48:04,116 [DEBUG]  OP: Operation.SPLIT_COLUMNS on slice (198, 7) (remaining tasks 54)
2025-04-21 23:48:04,752 [DEBUG]  		found 1 col clusters (in 0.63612 secs)
2025-04-21 23:48:04,752 [DEBUG]  OP: Operation.CREATE_LEAF on slice (198, 1) (remaining tasks 54)
2025-04-21 23:48:04,753 [DEBUG]  		 created leaf IdentityNumericLeaf for scope=[1] (in 0.00034 secs)
2025-04-21 23:48:04,753 [DEBUG]  OP: Operation.CREATE_LEAF on slice (198, 1) (remaining tasks 53)
2025-04-21 23:48:04,753 [DEBUG]  		 created leaf IdentityNumericLeaf for scope=[5] (in 0.00027 secs)
2025-04-21 23:48:04,754 [DEBUG]  OP: Operation.SPLIT_ROWS on slice (338, 9) (remaining tasks 52)
2025-04-21 23:48:04,854 [DEBUG]  		found 2 row clusters (in 0.09991 secs)
2025-04-21 23:48:04,854 [DEBUG]  OP: Operation.SPLIT_ROWS on slice (160, 9) (remaining tasks 53)
2025-04-21 23:48:04,878 [DEBUG]  		found 2 row clusters (in 0.02425 secs)
2025-04-21 23:48:04,879 [DEBUG]  OP: Operation.SPLIT_ROWS on slice (378, 9) (remaining tasks 54)
2025-04-21 23:48:04,911 [DEBUG]  		found 2 row clusters (in 0.03256 secs)
2025-04-21 23:48:04,911 [DEBUG]  OP: Operation.SPLIT_ROWS on slice (156, 9) (remaining tasks 55)
2025-04-21 23:48:04,932 [DEBUG]  		found 2 row clusters (in 0.02021 secs)
2025-04-21 23:48:04,932 [DEBUG]  OP: Operation.SPLIT_ROWS on slice (203, 9) (remaining tasks 56)
2025-04-21 23:48:04,960 [DEBUG]  		found 2 row clusters (in 0.02803 secs)
2025-04-21 23:48:04,960 [DEBUG]  OP: Operation.NAIVE_FACTORIZATION on slice (62, 8) (remaining tasks 57)
2025-04-21 23:48:04,964 [DEBUG]  		naive factorization 8 columns (in 0.00363 secs)
2025-04-21 23:48:04,964 [DEBUG]  OP: Operation.SPLIT_COLUMNS on slice (162, 8) (remaining tasks 56)
2025-04-21 23:48:05,174 [DEBUG]  		found 2 col clusters (in 0.20878 secs)
2025-04-21 23:48:05,174 [DEBUG]  OP: Operation.NAIVE_FACTORIZATION on slice (26, 10) (remaining tasks 57)
2025-04-21 23:48:05,178 [DEBUG]  		naive factorization 10 columns (in 0.00413 secs)
2025-04-21 23:48:05,178 [DEBUG]  OP: Operation.NAIVE_FACTORIZATION on slice (56, 10) (remaining tasks 56)
2025-04-21 23:48:05,182 [DEBUG]  		naive factorization 10 columns (in 0.00383 secs)
2025-04-21 23:48:05,183 [DEBUG]  OP: Operation.NAIVE_FACTORIZATION on slice (45, 10) (remaining tasks 55)
2025-04-21 23:48:05,187 [DEBUG]  		naive factorization 10 columns (in 0.00345 secs)
2025-04-21 23:48:05,187 [DEBUG]  OP: Operation.SPLIT_COLUMNS on slice (104, 10) (remaining tasks 54)
2025-04-21 23:48:05,434 [DEBUG]  		found 1 col clusters (in 0.24704 secs)
2025-04-21 23:48:05,435 [DEBUG]  OP: Operation.SPLIT_ROWS on slice (222, 9) (remaining tasks 54)
2025-04-21 23:48:05,488 [DEBUG]  		found 2 row clusters (in 0.05282 secs)
2025-04-21 23:48:05,489 [DEBUG]  OP: Operation.SPLIT_ROWS on slice (182, 9) (remaining tasks 55)
2025-04-21 23:48:05,519 [DEBUG]  		found 2 row clusters (in 0.03062 secs)
2025-04-21 23:48:05,520 [DEBUG]  OP: Operation.SPLIT_ROWS on slice (233, 8) (remaining tasks 56)
2025-04-21 23:48:05,546 [DEBUG]  		found 2 row clusters (in 0.02681 secs)
2025-04-21 23:48:05,547 [DEBUG]  OP: Operation.SPLIT_ROWS on slice (233, 2) (remaining tasks 57)
2025-04-21 23:48:05,567 [DEBUG]  		found 2 row clusters (in 0.02005 secs)
2025-04-21 23:48:05,567 [DEBUG]  OP: Operation.NAIVE_FACTORIZATION on slice (41, 10) (remaining tasks 58)
2025-04-21 23:48:05,570 [DEBUG]  		naive factorization 10 columns (in 0.00346 secs)
2025-04-21 23:48:05,571 [DEBUG]  OP: Operation.NAIVE_FACTORIZATION on slice (35, 10) (remaining tasks 57)
2025-04-21 23:48:05,574 [DEBUG]  		naive factorization 10 columns (in 0.00362 secs)
2025-04-21 23:48:05,575 [DEBUG]  OP: Operation.NAIVE_FACTORIZATION on slice (59, 10) (remaining tasks 56)
2025-04-21 23:48:05,578 [DEBUG]  		naive factorization 10 columns (in 0.00364 secs)
2025-04-21 23:48:05,579 [DEBUG]  OP: Operation.NAIVE_FACTORIZATION on slice (34, 10) (remaining tasks 55)
2025-04-21 23:48:05,582 [DEBUG]  		naive factorization 10 columns (in 0.00332 secs)
2025-04-21 23:48:05,582 [DEBUG]  OP: Operation.NAIVE_FACTORIZATION on slice (68, 10) (remaining tasks 54)
2025-04-21 23:48:05,587 [DEBUG]  		naive factorization 10 columns (in 0.00463 secs)
2025-04-21 23:48:05,587 [DEBUG]  OP: Operation.NAIVE_FACTORIZATION on slice (18, 10) (remaining tasks 53)
2025-04-21 23:48:05,591 [DEBUG]  		naive factorization 10 columns (in 0.00334 secs)
2025-04-21 23:48:05,591 [DEBUG]  OP: Operation.SPLIT_COLUMNS on slice (106, 10) (remaining tasks 52)
2025-04-21 23:48:05,802 [DEBUG]  		found 1 col clusters (in 0.21116 secs)
2025-04-21 23:48:05,803 [DEBUG]  OP: Operation.NAIVE_FACTORIZATION on slice (44, 10) (remaining tasks 52)
2025-04-21 23:48:05,807 [DEBUG]  		naive factorization 10 columns (in 0.00358 secs)
2025-04-21 23:48:05,807 [DEBUG]  OP: Operation.SPLIT_ROWS on slice (95, 11) (remaining tasks 51)
2025-04-21 23:48:05,854 [DEBUG]  		found 2 row clusters (in 0.04712 secs)
2025-04-21 23:48:05,855 [DEBUG]  OP: Operation.SPLIT_ROWS on slice (80, 11) (remaining tasks 52)
2025-04-21 23:48:05,891 [DEBUG]  		found 2 row clusters (in 0.03599 secs)
2025-04-21 23:48:05,891 [DEBUG]  OP: Operation.NAIVE_FACTORIZATION on slice (45, 9) (remaining tasks 53)
2025-04-21 23:48:05,895 [DEBUG]  		naive factorization 9 columns (in 0.00333 secs)
2025-04-21 23:48:05,895 [DEBUG]  OP: Operation.NAIVE_FACTORIZATION on slice (49, 9) (remaining tasks 52)
2025-04-21 23:48:05,898 [DEBUG]  		naive factorization 9 columns (in 0.00289 secs)
2025-04-21 23:48:05,899 [DEBUG]  OP: Operation.NAIVE_FACTORIZATION on slice (43, 9) (remaining tasks 51)
2025-04-21 23:48:05,902 [DEBUG]  		naive factorization 9 columns (in 0.00299 secs)
2025-04-21 23:48:05,902 [DEBUG]  OP: Operation.NAIVE_FACTORIZATION on slice (38, 9) (remaining tasks 50)
2025-04-21 23:48:05,905 [DEBUG]  		naive factorization 9 columns (in 0.00318 secs)
2025-04-21 23:48:05,906 [DEBUG]  OP: Operation.SPLIT_ROWS on slice (225, 8) (remaining tasks 49)
2025-04-21 23:48:05,945 [DEBUG]  		found 2 row clusters (in 0.03939 secs)
2025-04-21 23:48:05,946 [DEBUG]  OP: Operation.SPLIT_ROWS on slice (86, 8) (remaining tasks 50)
2025-04-21 23:48:05,972 [DEBUG]  		found 2 row clusters (in 0.02611 secs)
2025-04-21 23:48:05,972 [DEBUG]  OP: Operation.SPLIT_ROWS on slice (289, 8) (remaining tasks 51)
2025-04-21 23:48:05,996 [DEBUG]  		found 2 row clusters (in 0.02354 secs)
2025-04-21 23:48:05,996 [DEBUG]  OP: Operation.SPLIT_COLUMNS on slice (109, 9) (remaining tasks 52)
2025-04-21 23:48:06,207 [DEBUG]  		found 1 col clusters (in 0.21115 secs)
2025-04-21 23:48:06,208 [DEBUG]  OP: Operation.NAIVE_FACTORIZATION on slice (41, 9) (remaining tasks 52)
2025-04-21 23:48:06,211 [DEBUG]  		naive factorization 9 columns (in 0.00345 secs)
2025-04-21 23:48:06,212 [DEBUG]  OP: Operation.SPLIT_COLUMNS on slice (126, 9) (remaining tasks 51)
2025-04-21 23:48:06,432 [DEBUG]  		found 1 col clusters (in 0.21951 secs)
2025-04-21 23:48:06,432 [DEBUG]  OP: Operation.SPLIT_COLUMNS on slice (85, 9) (remaining tasks 51)
2025-04-21 23:48:06,652 [DEBUG]  		found 1 col clusters (in 0.22003 secs)
2025-04-21 23:48:06,653 [DEBUG]  OP: Operation.SPLIT_ROWS on slice (367, 8) (remaining tasks 51)
2025-04-21 23:48:06,719 [DEBUG]  		found 2 row clusters (in 0.06642 secs)
2025-04-21 23:48:06,720 [DEBUG]  OP: Operation.SPLIT_COLUMNS on slice (155, 9) (remaining tasks 52)
2025-04-21 23:48:06,934 [DEBUG]  		found 1 col clusters (in 0.21415 secs)
2025-04-21 23:48:06,935 [DEBUG]  OP: Operation.NAIVE_FACTORIZATION on slice (40, 9) (remaining tasks 52)
2025-04-21 23:48:06,939 [DEBUG]  		naive factorization 9 columns (in 0.00452 secs)
2025-04-21 23:48:06,940 [DEBUG]  OP: Operation.NAIVE_FACTORIZATION on slice (38, 9) (remaining tasks 51)
2025-04-21 23:48:06,943 [DEBUG]  		naive factorization 9 columns (in 0.00266 secs)
2025-04-21 23:48:06,943 [DEBUG]  OP: Operation.NAIVE_FACTORIZATION on slice (67, 9) (remaining tasks 50)
2025-04-21 23:48:06,946 [DEBUG]  		naive factorization 9 columns (in 0.00312 secs)
2025-04-21 23:48:06,947 [DEBUG]  OP: Operation.NAIVE_FACTORIZATION on slice (36, 9) (remaining tasks 49)
2025-04-21 23:48:06,951 [DEBUG]  		naive factorization 9 columns (in 0.00390 secs)
2025-04-21 23:48:06,951 [DEBUG]  OP: Operation.SPLIT_COLUMNS on slice (94, 9) (remaining tasks 48)
2025-04-21 23:48:07,095 [DEBUG]  		found 1 col clusters (in 0.14348 secs)
2025-04-21 23:48:07,095 [DEBUG]  OP: Operation.NAIVE_FACTORIZATION on slice (19, 9) (remaining tasks 48)
2025-04-21 23:48:07,097 [DEBUG]  		naive factorization 9 columns (in 0.00176 secs)
2025-04-21 23:48:07,097 [DEBUG]  OP: Operation.NAIVE_FACTORIZATION on slice (72, 9) (remaining tasks 47)
2025-04-21 23:48:07,100 [DEBUG]  		naive factorization 9 columns (in 0.00216 secs)
2025-04-21 23:48:07,100 [DEBUG]  OP: Operation.SPLIT_ROWS on slice (322, 8) (remaining tasks 46)
2025-04-21 23:48:07,130 [DEBUG]  		found 2 row clusters (in 0.02985 secs)
2025-04-21 23:48:07,130 [DEBUG]  OP: Operation.NAIVE_FACTORIZATION on slice (47, 9) (remaining tasks 47)
2025-04-21 23:48:07,133 [DEBUG]  		naive factorization 9 columns (in 0.00319 secs)
2025-04-21 23:48:07,133 [DEBUG]  OP: Operation.SPLIT_COLUMNS on slice (79, 9) (remaining tasks 46)
2025-04-21 23:48:07,345 [DEBUG]  		found 1 col clusters (in 0.21105 secs)
2025-04-21 23:48:07,345 [DEBUG]  OP: Operation.NAIVE_FACTORIZATION on slice (29, 9) (remaining tasks 46)
2025-04-21 23:48:07,349 [DEBUG]  		naive factorization 9 columns (in 0.00328 secs)
2025-04-21 23:48:07,349 [DEBUG]  OP: Operation.SPLIT_COLUMNS on slice (117, 9) (remaining tasks 45)
2025-04-21 23:48:07,565 [DEBUG]  		found 1 col clusters (in 0.21563 secs)
2025-04-21 23:48:07,565 [DEBUG]  OP: Operation.SPLIT_COLUMNS on slice (76, 9) (remaining tasks 45)
2025-04-21 23:48:07,782 [DEBUG]  		found 1 col clusters (in 0.21680 secs)
2025-04-21 23:48:07,783 [DEBUG]  OP: Operation.SPLIT_COLUMNS on slice (142, 9) (remaining tasks 45)
2025-04-21 23:48:08,001 [DEBUG]  		found 1 col clusters (in 0.21753 secs)
2025-04-21 23:48:08,001 [DEBUG]  OP: Operation.SPLIT_ROWS on slice (198, 7) (remaining tasks 45)
2025-04-21 23:48:08,066 [DEBUG]  		found 2 row clusters (in 0.06444 secs)
2025-04-21 23:48:08,066 [DEBUG]  OP: Operation.SPLIT_COLUMNS on slice (244, 9) (remaining tasks 46)
2025-04-21 23:48:09,211 [DEBUG]  		found 2 col clusters (in 1.13344 secs)
2025-04-21 23:48:09,212 [DEBUG]  OP: Operation.SPLIT_COLUMNS on slice (94, 9) (remaining tasks 47)
2025-04-21 23:48:09,326 [DEBUG]  		found 1 col clusters (in 0.11427 secs)
2025-04-21 23:48:09,326 [DEBUG]  OP: Operation.SPLIT_COLUMNS on slice (112, 9) (remaining tasks 47)
2025-04-21 23:48:09,535 [DEBUG]  		found 1 col clusters (in 0.20823 secs)
2025-04-21 23:48:09,535 [DEBUG]  OP: Operation.NAIVE_FACTORIZATION on slice (48, 9) (remaining tasks 47)
2025-04-21 23:48:09,539 [DEBUG]  		naive factorization 9 columns (in 0.00371 secs)
2025-04-21 23:48:09,540 [DEBUG]  OP: Operation.SPLIT_COLUMNS on slice (247, 9) (remaining tasks 46)
2025-04-21 23:48:10,737 [DEBUG]  		found 1 col clusters (in 1.19715 secs)
2025-04-21 23:48:10,738 [DEBUG]  OP: Operation.SPLIT_COLUMNS on slice (131, 9) (remaining tasks 46)
2025-04-21 23:48:11,036 [DEBUG]  		found 1 col clusters (in 0.29822 secs)
2025-04-21 23:48:11,037 [DEBUG]  OP: Operation.SPLIT_COLUMNS on slice (74, 9) (remaining tasks 46)
2025-04-21 23:48:11,192 [DEBUG]  		found 1 col clusters (in 0.15500 secs)
2025-04-21 23:48:11,192 [DEBUG]  OP: Operation.SPLIT_COLUMNS on slice (82, 9) (remaining tasks 46)
2025-04-21 23:48:11,300 [DEBUG]  		found 1 col clusters (in 0.10765 secs)
2025-04-21 23:48:11,300 [DEBUG]  OP: Operation.SPLIT_COLUMNS on slice (103, 9) (remaining tasks 46)
2025-04-21 23:48:11,515 [DEBUG]  		found 1 col clusters (in 0.21438 secs)
2025-04-21 23:48:11,515 [DEBUG]  OP: Operation.SPLIT_COLUMNS on slice (100, 9) (remaining tasks 46)
2025-04-21 23:48:11,735 [DEBUG]  		found 1 col clusters (in 0.21897 secs)
2025-04-21 23:48:11,735 [DEBUG]  OP: Operation.SPLIT_COLUMNS on slice (162, 7) (remaining tasks 46)
2025-04-21 23:48:11,949 [DEBUG]  		found 1 col clusters (in 0.21355 secs)
2025-04-21 23:48:11,949 [DEBUG]  OP: Operation.CREATE_LEAF on slice (162, 1) (remaining tasks 46)
2025-04-21 23:48:11,950 [DEBUG]  		 created leaf IdentityNumericLeaf for scope=[10] (in 0.00038 secs)
2025-04-21 23:48:11,950 [DEBUG]  OP: Operation.SPLIT_ROWS on slice (104, 10) (remaining tasks 45)
2025-04-21 23:48:11,974 [DEBUG]  		found 2 row clusters (in 0.02435 secs)
2025-04-21 23:48:11,975 [DEBUG]  OP: Operation.SPLIT_COLUMNS on slice (101, 9) (remaining tasks 46)
2025-04-21 23:48:12,083 [DEBUG]  		found 1 col clusters (in 0.10814 secs)
2025-04-21 23:48:12,083 [DEBUG]  OP: Operation.SPLIT_COLUMNS on slice (121, 9) (remaining tasks 46)
2025-04-21 23:48:12,293 [DEBUG]  		found 1 col clusters (in 0.20958 secs)
2025-04-21 23:48:12,293 [DEBUG]  OP: Operation.SPLIT_COLUMNS on slice (98, 9) (remaining tasks 46)
2025-04-21 23:48:12,513 [DEBUG]  		found 1 col clusters (in 0.21959 secs)
2025-04-21 23:48:12,514 [DEBUG]  OP: Operation.SPLIT_COLUMNS on slice (84, 9) (remaining tasks 46)
2025-04-21 23:48:12,729 [DEBUG]  		found 1 col clusters (in 0.21531 secs)
2025-04-21 23:48:12,730 [DEBUG]  OP: Operation.SPLIT_COLUMNS on slice (115, 8) (remaining tasks 46)
2025-04-21 23:48:12,844 [DEBUG]  		found 1 col clusters (in 0.11405 secs)
2025-04-21 23:48:12,844 [DEBUG]  OP: Operation.SPLIT_COLUMNS on slice (118, 8) (remaining tasks 46)
2025-04-21 23:48:12,957 [DEBUG]  		found 2 col clusters (in 0.11301 secs)
2025-04-21 23:48:12,958 [DEBUG]  OP: Operation.SPLIT_COLUMNS on slice (118, 2) (remaining tasks 47)
2025-04-21 23:48:13,067 [DEBUG]  		found 1 col clusters (in 0.10880 secs)
2025-04-21 23:48:13,067 [DEBUG]  OP: Operation.SPLIT_COLUMNS on slice (115, 2) (remaining tasks 47)
2025-04-21 23:48:13,178 [DEBUG]  		found 1 col clusters (in 0.11044 secs)
2025-04-21 23:48:13,178 [DEBUG]  OP: Operation.SPLIT_ROWS on slice (106, 10) (remaining tasks 47)
2025-04-21 23:48:13,236 [DEBUG]  		found 2 row clusters (in 0.05737 secs)
2025-04-21 23:48:13,236 [DEBUG]  OP: Operation.NAIVE_FACTORIZATION on slice (46, 11) (remaining tasks 48)
2025-04-21 23:48:13,241 [DEBUG]  		naive factorization 11 columns (in 0.00426 secs)
2025-04-21 23:48:13,241 [DEBUG]  OP: Operation.NAIVE_FACTORIZATION on slice (49, 11) (remaining tasks 47)
2025-04-21 23:48:13,245 [DEBUG]  		naive factorization 11 columns (in 0.00382 secs)
2025-04-21 23:48:13,245 [DEBUG]  OP: Operation.NAIVE_FACTORIZATION on slice (36, 11) (remaining tasks 46)
2025-04-21 23:48:13,249 [DEBUG]  		naive factorization 11 columns (in 0.00357 secs)
2025-04-21 23:48:13,250 [DEBUG]  OP: Operation.NAIVE_FACTORIZATION on slice (44, 11) (remaining tasks 45)
2025-04-21 23:48:13,254 [DEBUG]  		naive factorization 11 columns (in 0.00378 secs)
2025-04-21 23:48:13,254 [DEBUG]  OP: Operation.SPLIT_COLUMNS on slice (147, 8) (remaining tasks 44)
2025-04-21 23:48:13,470 [DEBUG]  		found 1 col clusters (in 0.21603 secs)
2025-04-21 23:48:13,471 [DEBUG]  OP: Operation.SPLIT_COLUMNS on slice (78, 8) (remaining tasks 44)
2025-04-21 23:48:13,605 [DEBUG]  		found 1 col clusters (in 0.13430 secs)
2025-04-21 23:48:13,605 [DEBUG]  OP: Operation.NAIVE_FACTORIZATION on slice (33, 8) (remaining tasks 44)
2025-04-21 23:48:13,608 [DEBUG]  		naive factorization 8 columns (in 0.00240 secs)
2025-04-21 23:48:13,608 [DEBUG]  OP: Operation.NAIVE_FACTORIZATION on slice (53, 8) (remaining tasks 43)
2025-04-21 23:48:13,611 [DEBUG]  		naive factorization 8 columns (in 0.00280 secs)
2025-04-21 23:48:13,611 [DEBUG]  OP: Operation.SPLIT_COLUMNS on slice (173, 8) (remaining tasks 42)
2025-04-21 23:48:13,820 [DEBUG]  		found 1 col clusters (in 0.20844 secs)
2025-04-21 23:48:13,820 [DEBUG]  OP: Operation.SPLIT_COLUMNS on slice (116, 8) (remaining tasks 42)
2025-04-21 23:48:13,987 [DEBUG]  		found 1 col clusters (in 0.16652 secs)
2025-04-21 23:48:13,987 [DEBUG]  OP: Operation.SPLIT_ROWS on slice (109, 9) (remaining tasks 42)
2025-04-21 23:48:14,015 [DEBUG]  		found 2 row clusters (in 0.02798 secs)
2025-04-21 23:48:14,015 [DEBUG]  OP: Operation.SPLIT_ROWS on slice (126, 9) (remaining tasks 43)
2025-04-21 23:48:14,048 [DEBUG]  		found 2 row clusters (in 0.03222 secs)
2025-04-21 23:48:14,048 [DEBUG]  OP: Operation.SPLIT_ROWS on slice (85, 9) (remaining tasks 44)
2025-04-21 23:48:14,071 [DEBUG]  		found 2 row clusters (in 0.02305 secs)
2025-04-21 23:48:14,071 [DEBUG]  OP: Operation.SPLIT_COLUMNS on slice (153, 8) (remaining tasks 45)
2025-04-21 23:48:14,281 [DEBUG]  		found 1 col clusters (in 0.20959 secs)
2025-04-21 23:48:14,281 [DEBUG]  OP: Operation.SPLIT_COLUMNS on slice (214, 8) (remaining tasks 45)
2025-04-21 23:48:15,033 [DEBUG]  		found 2 col clusters (in 0.75153 secs)
2025-04-21 23:48:15,033 [DEBUG]  OP: Operation.SPLIT_ROWS on slice (155, 9) (remaining tasks 46)
2025-04-21 23:48:15,126 [DEBUG]  		found 2 row clusters (in 0.09278 secs)
2025-04-21 23:48:15,127 [DEBUG]  OP: Operation.SPLIT_ROWS on slice (94, 9) (remaining tasks 47)
2025-04-21 23:48:15,153 [DEBUG]  		found 2 row clusters (in 0.02572 secs)
2025-04-21 23:48:15,153 [DEBUG]  OP: Operation.SPLIT_COLUMNS on slice (125, 8) (remaining tasks 48)
2025-04-21 23:48:15,259 [DEBUG]  		found 1 col clusters (in 0.10636 secs)
2025-04-21 23:48:15,260 [DEBUG]  OP: Operation.SPLIT_COLUMNS on slice (197, 8) (remaining tasks 48)
2025-04-21 23:48:16,102 [DEBUG]  		found 1 col clusters (in 0.84238 secs)
2025-04-21 23:48:16,103 [DEBUG]  OP: Operation.SPLIT_ROWS on slice (79, 9) (remaining tasks 48)
2025-04-21 23:48:16,175 [DEBUG]  		found 2 row clusters (in 0.07204 secs)
2025-04-21 23:48:16,175 [DEBUG]  OP: Operation.SPLIT_ROWS on slice (117, 9) (remaining tasks 49)
2025-04-21 23:48:16,220 [DEBUG]  		found 2 row clusters (in 0.04425 secs)
2025-04-21 23:48:16,220 [DEBUG]  OP: Operation.SPLIT_ROWS on slice (76, 9) (remaining tasks 50)
2025-04-21 23:48:16,238 [DEBUG]  		found 2 row clusters (in 0.01857 secs)
2025-04-21 23:48:16,239 [DEBUG]  OP: Operation.SPLIT_ROWS on slice (142, 9) (remaining tasks 51)
2025-04-21 23:48:16,256 [DEBUG]  		found 2 row clusters (in 0.01770 secs)
2025-04-21 23:48:16,256 [DEBUG]  OP: Operation.SPLIT_COLUMNS on slice (89, 7) (remaining tasks 52)
2025-04-21 23:48:16,362 [DEBUG]  		found 1 col clusters (in 0.10582 secs)
2025-04-21 23:48:16,363 [DEBUG]  OP: Operation.SPLIT_COLUMNS on slice (109, 7) (remaining tasks 52)
2025-04-21 23:48:16,472 [DEBUG]  		found 1 col clusters (in 0.10935 secs)
2025-04-21 23:48:16,472 [DEBUG]  OP: Operation.CREATE_LEAF on slice (244, 1) (remaining tasks 52)
2025-04-21 23:48:16,473 [DEBUG]  		 created leaf IdentityNumericLeaf for scope=[0] (in 0.00063 secs)
2025-04-21 23:48:16,474 [DEBUG]  OP: Operation.SPLIT_COLUMNS on slice (244, 8) (remaining tasks 51)
2025-04-21 23:48:17,264 [DEBUG]  		found 1 col clusters (in 0.78973 secs)
2025-04-21 23:48:17,264 [DEBUG]  OP: Operation.SPLIT_ROWS on slice (94, 9) (remaining tasks 51)
2025-04-21 23:48:17,313 [DEBUG]  		found 2 row clusters (in 0.04916 secs)
2025-04-21 23:48:17,314 [DEBUG]  OP: Operation.SPLIT_ROWS on slice (112, 9) (remaining tasks 52)
2025-04-21 23:48:17,342 [DEBUG]  		found 2 row clusters (in 0.02814 secs)
2025-04-21 23:48:17,342 [DEBUG]  OP: Operation.SPLIT_ROWS on slice (247, 9) (remaining tasks 53)
2025-04-21 23:48:17,366 [DEBUG]  		found 2 row clusters (in 0.02364 secs)
2025-04-21 23:48:17,366 [DEBUG]  OP: Operation.SPLIT_ROWS on slice (131, 9) (remaining tasks 54)
2025-04-21 23:48:17,383 [DEBUG]  		found 2 row clusters (in 0.01664 secs)
2025-04-21 23:48:17,383 [DEBUG]  OP: Operation.SPLIT_ROWS on slice (74, 9) (remaining tasks 55)
2025-04-21 23:48:17,398 [DEBUG]  		found 2 row clusters (in 0.01438 secs)
2025-04-21 23:48:17,398 [DEBUG]  OP: Operation.SPLIT_ROWS on slice (82, 9) (remaining tasks 56)
2025-04-21 23:48:17,416 [DEBUG]  		found 2 row clusters (in 0.01818 secs)
2025-04-21 23:48:17,416 [DEBUG]  OP: Operation.SPLIT_ROWS on slice (103, 9) (remaining tasks 57)
2025-04-21 23:48:17,435 [DEBUG]  		found 2 row clusters (in 0.01851 secs)
2025-04-21 23:48:17,435 [DEBUG]  OP: Operation.SPLIT_ROWS on slice (100, 9) (remaining tasks 58)
2025-04-21 23:48:17,454 [DEBUG]  		found 2 row clusters (in 0.01865 secs)
2025-04-21 23:48:17,454 [DEBUG]  OP: Operation.SPLIT_ROWS on slice (162, 7) (remaining tasks 59)
2025-04-21 23:48:17,473 [DEBUG]  		found 2 row clusters (in 0.01937 secs)
2025-04-21 23:48:17,473 [DEBUG]  OP: Operation.NAIVE_FACTORIZATION on slice (68, 10) (remaining tasks 60)
2025-04-21 23:48:17,477 [DEBUG]  		naive factorization 10 columns (in 0.00298 secs)
2025-04-21 23:48:17,477 [DEBUG]  OP: Operation.NAIVE_FACTORIZATION on slice (36, 10) (remaining tasks 59)
2025-04-21 23:48:17,480 [DEBUG]  		naive factorization 10 columns (in 0.00370 secs)
2025-04-21 23:48:17,481 [DEBUG]  OP: Operation.SPLIT_ROWS on slice (101, 9) (remaining tasks 58)
2025-04-21 23:48:17,497 [DEBUG]  		found 2 row clusters (in 0.01598 secs)
2025-04-21 23:48:17,497 [DEBUG]  OP: Operation.SPLIT_ROWS on slice (121, 9) (remaining tasks 59)
2025-04-21 23:48:17,513 [DEBUG]  		found 2 row clusters (in 0.01607 secs)
2025-04-21 23:48:17,513 [DEBUG]  OP: Operation.SPLIT_ROWS on slice (98, 9) (remaining tasks 60)
2025-04-21 23:48:17,533 [DEBUG]  		found 2 row clusters (in 0.01971 secs)
2025-04-21 23:48:17,533 [DEBUG]  OP: Operation.SPLIT_ROWS on slice (84, 9) (remaining tasks 61)
2025-04-21 23:48:17,546 [DEBUG]  		found 2 row clusters (in 0.01308 secs)
2025-04-21 23:48:17,547 [DEBUG]  OP: Operation.SPLIT_ROWS on slice (115, 8) (remaining tasks 62)
2025-04-21 23:48:17,562 [DEBUG]  		found 2 row clusters (in 0.01558 secs)
2025-04-21 23:48:17,562 [DEBUG]  OP: Operation.SPLIT_COLUMNS on slice (118, 7) (remaining tasks 63)
2025-04-21 23:48:17,671 [DEBUG]  		found 1 col clusters (in 0.10859 secs)
2025-04-21 23:48:17,671 [DEBUG]  OP: Operation.CREATE_LEAF on slice (118, 1) (remaining tasks 63)
2025-04-21 23:48:17,672 [DEBUG]  		 created leaf IdentityNumericLeaf for scope=[5] (in 0.00040 secs)
2025-04-21 23:48:17,672 [DEBUG]  OP: Operation.SPLIT_ROWS on slice (118, 2) (remaining tasks 62)
2025-04-21 23:48:17,705 [DEBUG]  		found 2 row clusters (in 0.03270 secs)
2025-04-21 23:48:17,705 [DEBUG]  OP: Operation.SPLIT_ROWS on slice (115, 2) (remaining tasks 63)
2025-04-21 23:48:17,733 [DEBUG]  		found 2 row clusters (in 0.02753 secs)
2025-04-21 23:48:17,733 [DEBUG]  OP: Operation.NAIVE_FACTORIZATION on slice (36, 10) (remaining tasks 64)
2025-04-21 23:48:17,737 [DEBUG]  		naive factorization 10 columns (in 0.00336 secs)
2025-04-21 23:48:17,737 [DEBUG]  OP: Operation.NAIVE_FACTORIZATION on slice (70, 10) (remaining tasks 63)
2025-04-21 23:48:17,741 [DEBUG]  		naive factorization 10 columns (in 0.00382 secs)
2025-04-21 23:48:17,741 [DEBUG]  OP: Operation.SPLIT_ROWS on slice (147, 8) (remaining tasks 62)
2025-04-21 23:48:17,773 [DEBUG]  		found 2 row clusters (in 0.03129 secs)
2025-04-21 23:48:17,773 [DEBUG]  OP: Operation.SPLIT_ROWS on slice (78, 8) (remaining tasks 63)
2025-04-21 23:48:17,794 [DEBUG]  		found 2 row clusters (in 0.02050 secs)
2025-04-21 23:48:17,794 [DEBUG]  OP: Operation.SPLIT_ROWS on slice (173, 8) (remaining tasks 64)
2025-04-21 23:48:17,818 [DEBUG]  		found 2 row clusters (in 0.02397 secs)
2025-04-21 23:48:17,818 [DEBUG]  OP: Operation.SPLIT_ROWS on slice (116, 8) (remaining tasks 65)
2025-04-21 23:48:17,838 [DEBUG]  		found 2 row clusters (in 0.01942 secs)
2025-04-21 23:48:17,838 [DEBUG]  OP: Operation.SPLIT_COLUMNS on slice (90, 9) (remaining tasks 66)
2025-04-21 23:48:18,048 [DEBUG]  		found 1 col clusters (in 0.20998 secs)
2025-04-21 23:48:18,048 [DEBUG]  OP: Operation.NAIVE_FACTORIZATION on slice (19, 9) (remaining tasks 66)
2025-04-21 23:48:18,052 [DEBUG]  		naive factorization 9 columns (in 0.00328 secs)
2025-04-21 23:48:18,052 [DEBUG]  OP: Operation.NAIVE_FACTORIZATION on slice (68, 9) (remaining tasks 65)
2025-04-21 23:48:18,056 [DEBUG]  		naive factorization 9 columns (in 0.00381 secs)
2025-04-21 23:48:18,057 [DEBUG]  OP: Operation.NAIVE_FACTORIZATION on slice (58, 9) (remaining tasks 64)
2025-04-21 23:48:18,061 [DEBUG]  		naive factorization 9 columns (in 0.00342 secs)
2025-04-21 23:48:18,061 [DEBUG]  OP: Operation.NAIVE_FACTORIZATION on slice (27, 9) (remaining tasks 63)
2025-04-21 23:48:18,065 [DEBUG]  		naive factorization 9 columns (in 0.00331 secs)
2025-04-21 23:48:18,065 [DEBUG]  OP: Operation.NAIVE_FACTORIZATION on slice (58, 9) (remaining tasks 62)
2025-04-21 23:48:18,069 [DEBUG]  		naive factorization 9 columns (in 0.00346 secs)
2025-04-21 23:48:18,069 [DEBUG]  OP: Operation.SPLIT_ROWS on slice (153, 8) (remaining tasks 61)
2025-04-21 23:48:18,112 [DEBUG]  		found 2 row clusters (in 0.04273 secs)
2025-04-21 23:48:18,113 [DEBUG]  OP: Operation.SPLIT_COLUMNS on slice (214, 7) (remaining tasks 62)
2025-04-21 23:48:18,477 [DEBUG]  		found 1 col clusters (in 0.36439 secs)
2025-04-21 23:48:18,477 [DEBUG]  OP: Operation.CREATE_LEAF on slice (214, 1) (remaining tasks 62)
2025-04-21 23:48:18,478 [DEBUG]  		 created leaf IdentityNumericLeaf for scope=[10] (in 0.00042 secs)
2025-04-21 23:48:18,479 [DEBUG]  OP: Operation.SPLIT_COLUMNS on slice (99, 9) (remaining tasks 61)
2025-04-21 23:48:18,745 [DEBUG]  		found 1 col clusters (in 0.26679 secs)
2025-04-21 23:48:18,746 [DEBUG]  OP: Operation.NAIVE_FACTORIZATION on slice (56, 9) (remaining tasks 61)
2025-04-21 23:48:18,749 [DEBUG]  		naive factorization 9 columns (in 0.00269 secs)
2025-04-21 23:48:18,749 [DEBUG]  OP: Operation.NAIVE_FACTORIZATION on slice (53, 9) (remaining tasks 60)
2025-04-21 23:48:18,752 [DEBUG]  		naive factorization 9 columns (in 0.00305 secs)
2025-04-21 23:48:18,753 [DEBUG]  OP: Operation.NAIVE_FACTORIZATION on slice (41, 9) (remaining tasks 59)
2025-04-21 23:48:18,756 [DEBUG]  		naive factorization 9 columns (in 0.00263 secs)
2025-04-21 23:48:18,756 [DEBUG]  OP: Operation.SPLIT_ROWS on slice (125, 8) (remaining tasks 58)
2025-04-21 23:48:18,785 [DEBUG]  		found 2 row clusters (in 0.02855 secs)
2025-04-21 23:48:18,785 [DEBUG]  OP: Operation.SPLIT_ROWS on slice (197, 8) (remaining tasks 59)
2025-04-21 23:48:18,810 [DEBUG]  		found 2 row clusters (in 0.02473 secs)
2025-04-21 23:48:18,810 [DEBUG]  OP: Operation.NAIVE_FACTORIZATION on slice (38, 9) (remaining tasks 60)
2025-04-21 23:48:18,813 [DEBUG]  		naive factorization 9 columns (in 0.00305 secs)
2025-04-21 23:48:18,813 [DEBUG]  OP: Operation.NAIVE_FACTORIZATION on slice (41, 9) (remaining tasks 59)
2025-04-21 23:48:18,816 [DEBUG]  		naive factorization 9 columns (in 0.00276 secs)
2025-04-21 23:48:18,816 [DEBUG]  OP: Operation.NAIVE_FACTORIZATION on slice (68, 9) (remaining tasks 58)
2025-04-21 23:48:18,820 [DEBUG]  		naive factorization 9 columns (in 0.00337 secs)
2025-04-21 23:48:18,820 [DEBUG]  OP: Operation.NAIVE_FACTORIZATION on slice (49, 9) (remaining tasks 57)
2025-04-21 23:48:18,823 [DEBUG]  		naive factorization 9 columns (in 0.00280 secs)
2025-04-21 23:48:18,823 [DEBUG]  OP: Operation.NAIVE_FACTORIZATION on slice (44, 9) (remaining tasks 56)
2025-04-21 23:48:18,826 [DEBUG]  		naive factorization 9 columns (in 0.00281 secs)
2025-04-21 23:48:18,827 [DEBUG]  OP: Operation.NAIVE_FACTORIZATION on slice (32, 9) (remaining tasks 55)
2025-04-21 23:48:18,830 [DEBUG]  		naive factorization 9 columns (in 0.00285 secs)
2025-04-21 23:48:18,830 [DEBUG]  OP: Operation.NAIVE_FACTORIZATION on slice (13, 9) (remaining tasks 54)
2025-04-21 23:48:18,833 [DEBUG]  		naive factorization 9 columns (in 0.00280 secs)
2025-04-21 23:48:18,833 [DEBUG]  OP: Operation.SPLIT_COLUMNS on slice (129, 9) (remaining tasks 53)
2025-04-21 23:48:19,050 [DEBUG]  		found 1 col clusters (in 0.21621 secs)
2025-04-21 23:48:19,050 [DEBUG]  OP: Operation.SPLIT_ROWS on slice (89, 7) (remaining tasks 53)
2025-04-21 23:48:19,098 [DEBUG]  		found 2 row clusters (in 0.04769 secs)
2025-04-21 23:48:19,098 [DEBUG]  OP: Operation.SPLIT_ROWS on slice (109, 7) (remaining tasks 54)
2025-04-21 23:48:19,145 [DEBUG]  		found 2 row clusters (in 0.04647 secs)
2025-04-21 23:48:19,145 [DEBUG]  OP: Operation.SPLIT_ROWS on slice (244, 8) (remaining tasks 55)
2025-04-21 23:48:19,170 [DEBUG]  		found 2 row clusters (in 0.02497 secs)
2025-04-21 23:48:19,170 [DEBUG]  OP: Operation.NAIVE_FACTORIZATION on slice (40, 9) (remaining tasks 56)
2025-04-21 23:48:19,172 [DEBUG]  		naive factorization 9 columns (in 0.00170 secs)
2025-04-21 23:48:19,172 [DEBUG]  OP: Operation.NAIVE_FACTORIZATION on slice (54, 9) (remaining tasks 55)
2025-04-21 23:48:19,175 [DEBUG]  		naive factorization 9 columns (in 0.00274 secs)
2025-04-21 23:48:19,175 [DEBUG]  OP: Operation.NAIVE_FACTORIZATION on slice (53, 9) (remaining tasks 54)
2025-04-21 23:48:19,178 [DEBUG]  		naive factorization 9 columns (in 0.00289 secs)
2025-04-21 23:48:19,179 [DEBUG]  OP: Operation.NAIVE_FACTORIZATION on slice (59, 9) (remaining tasks 53)
2025-04-21 23:48:19,181 [DEBUG]  		naive factorization 9 columns (in 0.00230 secs)
2025-04-21 23:48:19,181 [DEBUG]  OP: Operation.SPLIT_COLUMNS on slice (161, 9) (remaining tasks 52)
2025-04-21 23:48:19,391 [DEBUG]  		found 1 col clusters (in 0.21001 secs)
2025-04-21 23:48:19,392 [DEBUG]  OP: Operation.SPLIT_COLUMNS on slice (86, 9) (remaining tasks 52)
2025-04-21 23:48:19,590 [DEBUG]  		found 1 col clusters (in 0.19821 secs)
2025-04-21 23:48:19,590 [DEBUG]  OP: Operation.NAIVE_FACTORIZATION on slice (69, 9) (remaining tasks 52)
2025-04-21 23:48:19,592 [DEBUG]  		naive factorization 9 columns (in 0.00193 secs)
2025-04-21 23:48:19,592 [DEBUG]  OP: Operation.NAIVE_FACTORIZATION on slice (62, 9) (remaining tasks 51)
2025-04-21 23:48:19,595 [DEBUG]  		naive factorization 9 columns (in 0.00199 secs)
2025-04-21 23:48:19,595 [DEBUG]  OP: Operation.NAIVE_FACTORIZATION on slice (50, 9) (remaining tasks 50)
2025-04-21 23:48:19,596 [DEBUG]  		naive factorization 9 columns (in 0.00160 secs)
2025-04-21 23:48:19,597 [DEBUG]  OP: Operation.NAIVE_FACTORIZATION on slice (24, 9) (remaining tasks 49)
2025-04-21 23:48:19,599 [DEBUG]  		naive factorization 9 columns (in 0.00193 secs)
2025-04-21 23:48:19,599 [DEBUG]  OP: Operation.NAIVE_FACTORIZATION on slice (50, 9) (remaining tasks 48)
2025-04-21 23:48:19,600 [DEBUG]  		naive factorization 9 columns (in 0.00153 secs)
2025-04-21 23:48:19,601 [DEBUG]  OP: Operation.NAIVE_FACTORIZATION on slice (32, 9) (remaining tasks 47)
2025-04-21 23:48:19,602 [DEBUG]  		naive factorization 9 columns (in 0.00140 secs)
2025-04-21 23:48:19,602 [DEBUG]  OP: Operation.NAIVE_FACTORIZATION on slice (56, 9) (remaining tasks 46)
2025-04-21 23:48:19,604 [DEBUG]  		naive factorization 9 columns (in 0.00170 secs)
2025-04-21 23:48:19,604 [DEBUG]  OP: Operation.NAIVE_FACTORIZATION on slice (47, 9) (remaining tasks 45)
2025-04-21 23:48:19,606 [DEBUG]  		naive factorization 9 columns (in 0.00195 secs)
2025-04-21 23:48:19,607 [DEBUG]  OP: Operation.NAIVE_FACTORIZATION on slice (57, 9) (remaining tasks 44)
2025-04-21 23:48:19,609 [DEBUG]  		naive factorization 9 columns (in 0.00249 secs)
2025-04-21 23:48:19,610 [DEBUG]  OP: Operation.NAIVE_FACTORIZATION on slice (43, 9) (remaining tasks 43)
2025-04-21 23:48:19,612 [DEBUG]  		naive factorization 9 columns (in 0.00226 secs)
2025-04-21 23:48:19,613 [DEBUG]  OP: Operation.SPLIT_COLUMNS on slice (93, 7) (remaining tasks 42)
2025-04-21 23:48:19,723 [DEBUG]  		found 1 col clusters (in 0.11019 secs)
2025-04-21 23:48:19,723 [DEBUG]  OP: Operation.NAIVE_FACTORIZATION on slice (69, 7) (remaining tasks 42)
2025-04-21 23:48:19,727 [DEBUG]  		naive factorization 7 columns (in 0.00312 secs)
2025-04-21 23:48:19,727 [DEBUG]  OP: Operation.SPLIT_COLUMNS on slice (96, 9) (remaining tasks 41)
2025-04-21 23:48:19,841 [DEBUG]  		found 1 col clusters (in 0.11365 secs)
2025-04-21 23:48:19,842 [DEBUG]  OP: Operation.NAIVE_FACTORIZATION on slice (5, 9) (remaining tasks 41)
2025-04-21 23:48:19,846 [DEBUG]  		naive factorization 9 columns (in 0.00345 secs)
2025-04-21 23:48:19,846 [DEBUG]  OP: Operation.NAIVE_FACTORIZATION on slice (64, 9) (remaining tasks 40)
2025-04-21 23:48:19,850 [DEBUG]  		naive factorization 9 columns (in 0.00330 secs)
2025-04-21 23:48:19,850 [DEBUG]  OP: Operation.NAIVE_FACTORIZATION on slice (57, 9) (remaining tasks 39)
2025-04-21 23:48:19,853 [DEBUG]  		naive factorization 9 columns (in 0.00287 secs)
2025-04-21 23:48:19,853 [DEBUG]  OP: Operation.SPLIT_COLUMNS on slice (88, 9) (remaining tasks 38)
2025-04-21 23:48:19,968 [DEBUG]  		found 1 col clusters (in 0.11418 secs)
2025-04-21 23:48:19,968 [DEBUG]  OP: Operation.NAIVE_FACTORIZATION on slice (10, 9) (remaining tasks 38)
2025-04-21 23:48:19,972 [DEBUG]  		naive factorization 9 columns (in 0.00401 secs)
2025-04-21 23:48:19,973 [DEBUG]  OP: Operation.NAIVE_FACTORIZATION on slice (41, 9) (remaining tasks 37)
2025-04-21 23:48:19,977 [DEBUG]  		naive factorization 9 columns (in 0.00346 secs)
2025-04-21 23:48:19,977 [DEBUG]  OP: Operation.NAIVE_FACTORIZATION on slice (43, 9) (remaining tasks 36)
2025-04-21 23:48:19,980 [DEBUG]  		naive factorization 9 columns (in 0.00325 secs)
2025-04-21 23:48:19,981 [DEBUG]  OP: Operation.NAIVE_FACTORIZATION on slice (61, 8) (remaining tasks 35)
2025-04-21 23:48:19,985 [DEBUG]  		naive factorization 8 columns (in 0.00423 secs)
2025-04-21 23:48:19,986 [DEBUG]  OP: Operation.NAIVE_FACTORIZATION on slice (54, 8) (remaining tasks 34)
2025-04-21 23:48:19,990 [DEBUG]  		naive factorization 8 columns (in 0.00401 secs)
2025-04-21 23:48:19,991 [DEBUG]  OP: Operation.SPLIT_ROWS on slice (118, 7) (remaining tasks 33)
2025-04-21 23:48:20,034 [DEBUG]  		found 2 row clusters (in 0.04339 secs)
2025-04-21 23:48:20,035 [DEBUG]  OP: Operation.NAIVE_FACTORIZATION on slice (39, 2) (remaining tasks 34)
2025-04-21 23:48:20,037 [DEBUG]  		naive factorization 2 columns (in 0.00224 secs)
2025-04-21 23:48:20,038 [DEBUG]  OP: Operation.SPLIT_COLUMNS on slice (79, 2) (remaining tasks 33)
2025-04-21 23:48:20,149 [DEBUG]  		found 1 col clusters (in 0.11100 secs)
2025-04-21 23:48:20,149 [DEBUG]  OP: Operation.SPLIT_COLUMNS on slice (83, 2) (remaining tasks 33)
2025-04-21 23:48:20,260 [DEBUG]  		found 1 col clusters (in 0.11080 secs)
2025-04-21 23:48:20,261 [DEBUG]  OP: Operation.NAIVE_FACTORIZATION on slice (32, 2) (remaining tasks 33)
2025-04-21 23:48:20,263 [DEBUG]  		naive factorization 2 columns (in 0.00214 secs)
2025-04-21 23:48:20,264 [DEBUG]  OP: Operation.NAIVE_FACTORIZATION on slice (56, 8) (remaining tasks 32)
2025-04-21 23:48:20,267 [DEBUG]  		naive factorization 8 columns (in 0.00311 secs)
2025-04-21 23:48:20,267 [DEBUG]  OP: Operation.SPLIT_COLUMNS on slice (91, 8) (remaining tasks 31)
2025-04-21 23:48:20,382 [DEBUG]  		found 1 col clusters (in 0.11438 secs)
2025-04-21 23:48:20,383 [DEBUG]  OP: Operation.NAIVE_FACTORIZATION on slice (67, 8) (remaining tasks 31)
2025-04-21 23:48:20,386 [DEBUG]  		naive factorization 8 columns (in 0.00330 secs)
2025-04-21 23:48:20,386 [DEBUG]  OP: Operation.NAIVE_FACTORIZATION on slice (11, 8) (remaining tasks 30)
2025-04-21 23:48:20,390 [DEBUG]  		naive factorization 8 columns (in 0.00342 secs)
2025-04-21 23:48:20,390 [DEBUG]  OP: Operation.NAIVE_FACTORIZATION on slice (16, 8) (remaining tasks 29)
2025-04-21 23:48:20,393 [DEBUG]  		naive factorization 8 columns (in 0.00306 secs)
2025-04-21 23:48:20,394 [DEBUG]  OP: Operation.SPLIT_COLUMNS on slice (157, 8) (remaining tasks 28)
2025-04-21 23:48:20,609 [DEBUG]  		found 1 col clusters (in 0.21517 secs)
2025-04-21 23:48:20,610 [DEBUG]  OP: Operation.NAIVE_FACTORIZATION on slice (36, 8) (remaining tasks 28)
2025-04-21 23:48:20,612 [DEBUG]  		naive factorization 8 columns (in 0.00264 secs)
2025-04-21 23:48:20,613 [DEBUG]  OP: Operation.SPLIT_COLUMNS on slice (80, 8) (remaining tasks 27)
2025-04-21 23:48:20,744 [DEBUG]  		found 1 col clusters (in 0.13149 secs)
2025-04-21 23:48:20,745 [DEBUG]  OP: Operation.SPLIT_ROWS on slice (90, 9) (remaining tasks 27)
2025-04-21 23:48:20,793 [DEBUG]  		found 2 row clusters (in 0.04805 secs)
2025-04-21 23:48:20,793 [DEBUG]  OP: Operation.SPLIT_COLUMNS on slice (82, 8) (remaining tasks 28)
2025-04-21 23:48:20,903 [DEBUG]  		found 1 col clusters (in 0.10974 secs)
2025-04-21 23:48:20,904 [DEBUG]  OP: Operation.NAIVE_FACTORIZATION on slice (71, 8) (remaining tasks 28)
2025-04-21 23:48:20,908 [DEBUG]  		naive factorization 8 columns (in 0.00413 secs)
2025-04-21 23:48:20,908 [DEBUG]  OP: Operation.SPLIT_ROWS on slice (214, 7) (remaining tasks 27)
2025-04-21 23:48:20,962 [DEBUG]  		found 2 row clusters (in 0.05304 secs)
2025-04-21 23:48:20,962 [DEBUG]  OP: Operation.SPLIT_ROWS on slice (99, 9) (remaining tasks 28)
2025-04-21 23:48:20,989 [DEBUG]  		found 2 row clusters (in 0.02696 secs)
2025-04-21 23:48:20,989 [DEBUG]  OP: Operation.NAIVE_FACTORIZATION on slice (61, 8) (remaining tasks 29)
2025-04-21 23:48:20,994 [DEBUG]  		naive factorization 8 columns (in 0.00417 secs)
2025-04-21 23:48:20,994 [DEBUG]  OP: Operation.NAIVE_FACTORIZATION on slice (64, 8) (remaining tasks 28)
2025-04-21 23:48:20,998 [DEBUG]  		naive factorization 8 columns (in 0.00415 secs)
2025-04-21 23:48:20,999 [DEBUG]  OP: Operation.NAIVE_FACTORIZATION on slice (41, 8) (remaining tasks 27)
2025-04-21 23:48:21,002 [DEBUG]  		naive factorization 8 columns (in 0.00339 secs)
2025-04-21 23:48:21,003 [DEBUG]  OP: Operation.SPLIT_COLUMNS on slice (156, 8) (remaining tasks 26)
2025-04-21 23:48:21,215 [DEBUG]  		found 1 col clusters (in 0.21239 secs)
2025-04-21 23:48:21,215 [DEBUG]  OP: Operation.SPLIT_ROWS on slice (129, 9) (remaining tasks 26)
2025-04-21 23:48:21,265 [DEBUG]  		found 2 row clusters (in 0.04936 secs)
2025-04-21 23:48:21,265 [DEBUG]  OP: Operation.SPLIT_COLUMNS on slice (81, 7) (remaining tasks 27)
2025-04-21 23:48:21,372 [DEBUG]  		found 1 col clusters (in 0.10665 secs)
2025-04-21 23:48:21,373 [DEBUG]  OP: Operation.NAIVE_FACTORIZATION on slice (8, 7) (remaining tasks 27)
2025-04-21 23:48:21,375 [DEBUG]  		naive factorization 7 columns (in 0.00243 secs)
2025-04-21 23:48:21,376 [DEBUG]  OP: Operation.NAIVE_FACTORIZATION on slice (65, 7) (remaining tasks 26)
2025-04-21 23:48:21,379 [DEBUG]  		naive factorization 7 columns (in 0.00346 secs)
2025-04-21 23:48:21,380 [DEBUG]  OP: Operation.NAIVE_FACTORIZATION on slice (44, 7) (remaining tasks 25)
2025-04-21 23:48:21,383 [DEBUG]  		naive factorization 7 columns (in 0.00288 secs)
2025-04-21 23:48:21,384 [DEBUG]  OP: Operation.SPLIT_COLUMNS on slice (100, 8) (remaining tasks 24)
2025-04-21 23:48:21,498 [DEBUG]  		found 1 col clusters (in 0.11388 secs)
2025-04-21 23:48:21,498 [DEBUG]  OP: Operation.SPLIT_COLUMNS on slice (144, 8) (remaining tasks 24)
2025-04-21 23:48:21,713 [DEBUG]  		found 1 col clusters (in 0.21447 secs)
2025-04-21 23:48:21,713 [DEBUG]  OP: Operation.SPLIT_ROWS on slice (161, 9) (remaining tasks 24)
2025-04-21 23:48:21,773 [DEBUG]  		found 2 row clusters (in 0.05985 secs)
2025-04-21 23:48:21,773 [DEBUG]  OP: Operation.SPLIT_ROWS on slice (86, 9) (remaining tasks 25)
2025-04-21 23:48:21,799 [DEBUG]  		found 2 row clusters (in 0.02587 secs)
2025-04-21 23:48:21,800 [DEBUG]  OP: Operation.SPLIT_ROWS on slice (93, 7) (remaining tasks 26)
2025-04-21 23:48:21,819 [DEBUG]  		found 2 row clusters (in 0.01912 secs)
2025-04-21 23:48:21,819 [DEBUG]  OP: Operation.SPLIT_ROWS on slice (96, 9) (remaining tasks 27)
2025-04-21 23:48:21,837 [DEBUG]  		found 2 row clusters (in 0.01779 secs)
2025-04-21 23:48:21,837 [DEBUG]  OP: Operation.SPLIT_ROWS on slice (88, 9) (remaining tasks 28)
2025-04-21 23:48:21,852 [DEBUG]  		found 2 row clusters (in 0.01477 secs)
2025-04-21 23:48:21,852 [DEBUG]  OP: Operation.NAIVE_FACTORIZATION on slice (48, 7) (remaining tasks 29)
2025-04-21 23:48:21,854 [DEBUG]  		naive factorization 7 columns (in 0.00230 secs)
2025-04-21 23:48:21,855 [DEBUG]  OP: Operation.NAIVE_FACTORIZATION on slice (70, 7) (remaining tasks 28)
2025-04-21 23:48:21,857 [DEBUG]  		naive factorization 7 columns (in 0.00220 secs)
2025-04-21 23:48:21,857 [DEBUG]  OP: Operation.SPLIT_ROWS on slice (79, 2) (remaining tasks 27)
2025-04-21 23:48:21,872 [DEBUG]  		found 2 row clusters (in 0.01497 secs)
2025-04-21 23:48:21,872 [DEBUG]  OP: Operation.SPLIT_ROWS on slice (83, 2) (remaining tasks 28)
2025-04-21 23:48:21,890 [DEBUG]  		found 2 row clusters (in 0.01753 secs)
2025-04-21 23:48:21,890 [DEBUG]  OP: Operation.SPLIT_ROWS on slice (91, 8) (remaining tasks 29)
2025-04-21 23:48:21,906 [DEBUG]  		found 2 row clusters (in 0.01587 secs)
2025-04-21 23:48:21,906 [DEBUG]  OP: Operation.SPLIT_ROWS on slice (157, 8) (remaining tasks 30)
2025-04-21 23:48:21,927 [DEBUG]  		found 2 row clusters (in 0.02077 secs)
2025-04-21 23:48:21,927 [DEBUG]  OP: Operation.SPLIT_ROWS on slice (80, 8) (remaining tasks 31)
2025-04-21 23:48:21,945 [DEBUG]  		found 2 row clusters (in 0.01796 secs)
2025-04-21 23:48:21,946 [DEBUG]  OP: Operation.NAIVE_FACTORIZATION on slice (59, 9) (remaining tasks 32)
2025-04-21 23:48:21,951 [DEBUG]  		naive factorization 9 columns (in 0.00501 secs)
2025-04-21 23:48:21,951 [DEBUG]  OP: Operation.NAIVE_FACTORIZATION on slice (31, 9) (remaining tasks 31)
2025-04-21 23:48:21,955 [DEBUG]  		naive factorization 9 columns (in 0.00361 secs)
2025-04-21 23:48:21,955 [DEBUG]  OP: Operation.SPLIT_ROWS on slice (82, 8) (remaining tasks 30)
2025-04-21 23:48:21,972 [DEBUG]  		found 2 row clusters (in 0.01762 secs)
2025-04-21 23:48:21,973 [DEBUG]  OP: Operation.SPLIT_COLUMNS on slice (134, 7) (remaining tasks 31)
2025-04-21 23:48:22,080 [DEBUG]  		found 1 col clusters (in 0.10765 secs)
2025-04-21 23:48:22,081 [DEBUG]  OP: Operation.SPLIT_COLUMNS on slice (80, 7) (remaining tasks 31)
2025-04-21 23:48:22,294 [DEBUG]  		found 1 col clusters (in 0.21310 secs)
2025-04-21 23:48:22,294 [DEBUG]  OP: Operation.NAIVE_FACTORIZATION on slice (52, 9) (remaining tasks 31)
2025-04-21 23:48:22,298 [DEBUG]  		naive factorization 9 columns (in 0.00319 secs)
2025-04-21 23:48:22,298 [DEBUG]  OP: Operation.NAIVE_FACTORIZATION on slice (47, 9) (remaining tasks 30)
2025-04-21 23:48:22,302 [DEBUG]  		naive factorization 9 columns (in 0.00323 secs)
2025-04-21 23:48:22,302 [DEBUG]  OP: Operation.SPLIT_ROWS on slice (156, 8) (remaining tasks 29)
2025-04-21 23:48:22,356 [DEBUG]  		found 2 row clusters (in 0.05388 secs)
2025-04-21 23:48:22,356 [DEBUG]  OP: Operation.SPLIT_COLUMNS on slice (76, 9) (remaining tasks 30)
2025-04-21 23:48:22,568 [DEBUG]  		found 1 col clusters (in 0.21184 secs)
2025-04-21 23:48:22,569 [DEBUG]  OP: Operation.NAIVE_FACTORIZATION on slice (53, 9) (remaining tasks 30)
2025-04-21 23:48:22,572 [DEBUG]  		naive factorization 9 columns (in 0.00345 secs)
2025-04-21 23:48:22,573 [DEBUG]  OP: Operation.SPLIT_ROWS on slice (81, 7) (remaining tasks 29)
2025-04-21 23:48:22,625 [DEBUG]  		found 2 row clusters (in 0.05149 secs)
2025-04-21 23:48:22,625 [DEBUG]  OP: Operation.SPLIT_ROWS on slice (100, 8) (remaining tasks 30)
2025-04-21 23:48:22,665 [DEBUG]  		found 2 row clusters (in 0.03978 secs)
2025-04-21 23:48:22,665 [DEBUG]  OP: Operation.SPLIT_ROWS on slice (144, 8) (remaining tasks 31)
2025-04-21 23:48:22,693 [DEBUG]  		found 2 row clusters (in 0.02729 secs)
2025-04-21 23:48:22,693 [DEBUG]  OP: Operation.SPLIT_COLUMNS on slice (81, 9) (remaining tasks 32)
2025-04-21 23:48:22,907 [DEBUG]  		found 1 col clusters (in 0.21373 secs)
2025-04-21 23:48:22,907 [DEBUG]  OP: Operation.SPLIT_COLUMNS on slice (80, 9) (remaining tasks 32)
2025-04-21 23:48:23,123 [DEBUG]  		found 1 col clusters (in 0.21527 secs)
2025-04-21 23:48:23,123 [DEBUG]  OP: Operation.NAIVE_FACTORIZATION on slice (51, 9) (remaining tasks 32)
2025-04-21 23:48:23,127 [DEBUG]  		naive factorization 9 columns (in 0.00338 secs)
2025-04-21 23:48:23,127 [DEBUG]  OP: Operation.NAIVE_FACTORIZATION on slice (35, 9) (remaining tasks 31)
2025-04-21 23:48:23,132 [DEBUG]  		naive factorization 9 columns (in 0.00400 secs)
2025-04-21 23:48:23,132 [DEBUG]  OP: Operation.NAIVE_FACTORIZATION on slice (65, 7) (remaining tasks 30)
2025-04-21 23:48:23,137 [DEBUG]  		naive factorization 7 columns (in 0.00427 secs)
2025-04-21 23:48:23,137 [DEBUG]  OP: Operation.NAIVE_FACTORIZATION on slice (28, 7) (remaining tasks 29)
2025-04-21 23:48:23,141 [DEBUG]  		naive factorization 7 columns (in 0.00322 secs)
2025-04-21 23:48:23,141 [DEBUG]  OP: Operation.NAIVE_FACTORIZATION on slice (42, 9) (remaining tasks 28)
2025-04-21 23:48:23,145 [DEBUG]  		naive factorization 9 columns (in 0.00334 secs)
2025-04-21 23:48:23,145 [DEBUG]  OP: Operation.NAIVE_FACTORIZATION on slice (54, 9) (remaining tasks 27)
2025-04-21 23:48:23,150 [DEBUG]  		naive factorization 9 columns (in 0.00452 secs)
2025-04-21 23:48:23,150 [DEBUG]  OP: Operation.NAIVE_FACTORIZATION on slice (34, 9) (remaining tasks 26)
2025-04-21 23:48:23,155 [DEBUG]  		naive factorization 9 columns (in 0.00461 secs)
2025-04-21 23:48:23,156 [DEBUG]  OP: Operation.NAIVE_FACTORIZATION on slice (54, 9) (remaining tasks 25)
2025-04-21 23:48:23,160 [DEBUG]  		naive factorization 9 columns (in 0.00427 secs)
2025-04-21 23:48:23,161 [DEBUG]  OP: Operation.NAIVE_FACTORIZATION on slice (38, 2) (remaining tasks 24)
2025-04-21 23:48:23,163 [DEBUG]  		naive factorization 2 columns (in 0.00223 secs)
2025-04-21 23:48:23,164 [DEBUG]  OP: Operation.NAIVE_FACTORIZATION on slice (41, 2) (remaining tasks 23)
2025-04-21 23:48:23,166 [DEBUG]  		naive factorization 2 columns (in 0.00223 secs)
2025-04-21 23:48:23,167 [DEBUG]  OP: Operation.NAIVE_FACTORIZATION on slice (45, 2) (remaining tasks 22)
2025-04-21 23:48:23,169 [DEBUG]  		naive factorization 2 columns (in 0.00233 secs)
2025-04-21 23:48:23,170 [DEBUG]  OP: Operation.NAIVE_FACTORIZATION on slice (38, 2) (remaining tasks 21)
2025-04-21 23:48:23,172 [DEBUG]  		naive factorization 2 columns (in 0.00224 secs)
2025-04-21 23:48:23,173 [DEBUG]  OP: Operation.SPLIT_COLUMNS on slice (84, 8) (remaining tasks 20)
2025-04-21 23:48:23,287 [DEBUG]  		found 1 col clusters (in 0.11450 secs)
2025-04-21 23:48:23,288 [DEBUG]  OP: Operation.NAIVE_FACTORIZATION on slice (7, 8) (remaining tasks 20)
2025-04-21 23:48:23,290 [DEBUG]  		naive factorization 8 columns (in 0.00271 secs)
2025-04-21 23:48:23,291 [DEBUG]  OP: Operation.NAIVE_FACTORIZATION on slice (20, 8) (remaining tasks 19)
2025-04-21 23:48:23,293 [DEBUG]  		naive factorization 8 columns (in 0.00259 secs)
2025-04-21 23:48:23,294 [DEBUG]  OP: Operation.SPLIT_COLUMNS on slice (137, 8) (remaining tasks 18)
2025-04-21 23:48:23,505 [DEBUG]  		found 1 col clusters (in 0.21102 secs)
2025-04-21 23:48:23,505 [DEBUG]  OP: Operation.NAIVE_FACTORIZATION on slice (8, 8) (remaining tasks 18)
2025-04-21 23:48:23,508 [DEBUG]  		naive factorization 8 columns (in 0.00302 secs)
2025-04-21 23:48:23,508 [DEBUG]  OP: Operation.NAIVE_FACTORIZATION on slice (72, 8) (remaining tasks 17)
2025-04-21 23:48:23,512 [DEBUG]  		naive factorization 8 columns (in 0.00365 secs)
2025-04-21 23:48:23,512 [DEBUG]  OP: Operation.NAIVE_FACTORIZATION on slice (27, 8) (remaining tasks 16)
2025-04-21 23:48:23,516 [DEBUG]  		naive factorization 8 columns (in 0.00343 secs)
2025-04-21 23:48:23,516 [DEBUG]  OP: Operation.NAIVE_FACTORIZATION on slice (55, 8) (remaining tasks 15)
2025-04-21 23:48:23,520 [DEBUG]  		naive factorization 8 columns (in 0.00352 secs)
2025-04-21 23:48:23,520 [DEBUG]  OP: Operation.SPLIT_ROWS on slice (134, 7) (remaining tasks 14)
2025-04-21 23:48:23,563 [DEBUG]  		found 2 row clusters (in 0.04281 secs)
2025-04-21 23:48:23,563 [DEBUG]  OP: Operation.SPLIT_ROWS on slice (80, 7) (remaining tasks 15)
2025-04-21 23:48:23,596 [DEBUG]  		found 2 row clusters (in 0.03274 secs)
2025-04-21 23:48:23,596 [DEBUG]  OP: Operation.NAIVE_FACTORIZATION on slice (71, 8) (remaining tasks 16)
2025-04-21 23:48:23,598 [DEBUG]  		naive factorization 8 columns (in 0.00188 secs)
2025-04-21 23:48:23,599 [DEBUG]  OP: Operation.SPLIT_COLUMNS on slice (85, 8) (remaining tasks 15)
2025-04-21 23:48:23,705 [DEBUG]  		found 1 col clusters (in 0.10593 secs)
2025-04-21 23:48:23,705 [DEBUG]  OP: Operation.SPLIT_ROWS on slice (76, 9) (remaining tasks 15)
2025-04-21 23:48:23,723 [DEBUG]  		found 2 row clusters (in 0.01828 secs)
2025-04-21 23:48:23,724 [DEBUG]  OP: Operation.NAIVE_FACTORIZATION on slice (27, 7) (remaining tasks 16)
2025-04-21 23:48:23,727 [DEBUG]  		naive factorization 7 columns (in 0.00302 secs)
2025-04-21 23:48:23,727 [DEBUG]  OP: Operation.NAIVE_FACTORIZATION on slice (54, 7) (remaining tasks 15)
2025-04-21 23:48:23,730 [DEBUG]  		naive factorization 7 columns (in 0.00286 secs)
2025-04-21 23:48:23,730 [DEBUG]  OP: Operation.NAIVE_FACTORIZATION on slice (64, 8) (remaining tasks 14)
2025-04-21 23:48:23,734 [DEBUG]  		naive factorization 8 columns (in 0.00405 secs)
2025-04-21 23:48:23,735 [DEBUG]  OP: Operation.NAIVE_FACTORIZATION on slice (36, 8) (remaining tasks 13)
2025-04-21 23:48:23,739 [DEBUG]  		naive factorization 8 columns (in 0.00406 secs)
2025-04-21 23:48:23,739 [DEBUG]  OP: Operation.NAIVE_FACTORIZATION on slice (42, 8) (remaining tasks 12)
2025-04-21 23:48:23,743 [DEBUG]  		naive factorization 8 columns (in 0.00348 secs)
2025-04-21 23:48:23,744 [DEBUG]  OP: Operation.SPLIT_COLUMNS on slice (102, 8) (remaining tasks 11)
2025-04-21 23:48:23,856 [DEBUG]  		found 1 col clusters (in 0.11273 secs)
2025-04-21 23:48:23,857 [DEBUG]  OP: Operation.SPLIT_ROWS on slice (81, 9) (remaining tasks 11)
2025-04-21 23:48:23,906 [DEBUG]  		found 2 row clusters (in 0.04915 secs)
2025-04-21 23:48:23,907 [DEBUG]  OP: Operation.SPLIT_ROWS on slice (80, 9) (remaining tasks 12)
2025-04-21 23:48:23,944 [DEBUG]  		found 2 row clusters (in 0.03765 secs)
2025-04-21 23:48:23,945 [DEBUG]  OP: Operation.SPLIT_ROWS on slice (84, 8) (remaining tasks 13)
2025-04-21 23:48:23,971 [DEBUG]  		found 2 row clusters (in 0.02593 secs)
2025-04-21 23:48:23,971 [DEBUG]  OP: Operation.SPLIT_ROWS on slice (137, 8) (remaining tasks 14)
2025-04-21 23:48:23,990 [DEBUG]  		found 2 row clusters (in 0.01870 secs)
2025-04-21 23:48:23,990 [DEBUG]  OP: Operation.NAIVE_FACTORIZATION on slice (38, 7) (remaining tasks 15)
2025-04-21 23:48:23,993 [DEBUG]  		naive factorization 7 columns (in 0.00285 secs)
2025-04-21 23:48:23,993 [DEBUG]  OP: Operation.SPLIT_COLUMNS on slice (96, 7) (remaining tasks 14)
2025-04-21 23:48:24,102 [DEBUG]  		found 1 col clusters (in 0.10887 secs)
2025-04-21 23:48:24,103 [DEBUG]  OP: Operation.NAIVE_FACTORIZATION on slice (56, 7) (remaining tasks 14)
2025-04-21 23:48:24,106 [DEBUG]  		naive factorization 7 columns (in 0.00285 secs)
2025-04-21 23:48:24,106 [DEBUG]  OP: Operation.NAIVE_FACTORIZATION on slice (24, 7) (remaining tasks 13)
2025-04-21 23:48:24,110 [DEBUG]  		naive factorization 7 columns (in 0.00365 secs)
2025-04-21 23:48:24,110 [DEBUG]  OP: Operation.SPLIT_ROWS on slice (85, 8) (remaining tasks 12)
2025-04-21 23:48:24,153 [DEBUG]  		found 2 row clusters (in 0.04265 secs)
2025-04-21 23:48:24,154 [DEBUG]  OP: Operation.NAIVE_FACTORIZATION on slice (58, 9) (remaining tasks 13)
2025-04-21 23:48:24,158 [DEBUG]  		naive factorization 9 columns (in 0.00399 secs)
2025-04-21 23:48:24,158 [DEBUG]  OP: Operation.NAIVE_FACTORIZATION on slice (18, 9) (remaining tasks 12)
2025-04-21 23:48:24,162 [DEBUG]  		naive factorization 9 columns (in 0.00345 secs)
2025-04-21 23:48:24,163 [DEBUG]  OP: Operation.SPLIT_ROWS on slice (102, 8) (remaining tasks 11)
2025-04-21 23:48:24,208 [DEBUG]  		found 2 row clusters (in 0.04573 secs)
2025-04-21 23:48:24,209 [DEBUG]  OP: Operation.NAIVE_FACTORIZATION on slice (44, 9) (remaining tasks 12)
2025-04-21 23:48:24,213 [DEBUG]  		naive factorization 9 columns (in 0.00371 secs)
2025-04-21 23:48:24,213 [DEBUG]  OP: Operation.NAIVE_FACTORIZATION on slice (37, 9) (remaining tasks 11)
2025-04-21 23:48:24,216 [DEBUG]  		naive factorization 9 columns (in 0.00333 secs)
2025-04-21 23:48:24,217 [DEBUG]  OP: Operation.NAIVE_FACTORIZATION on slice (4, 9) (remaining tasks 10)
2025-04-21 23:48:24,220 [DEBUG]  		naive factorization 9 columns (in 0.00290 secs)
2025-04-21 23:48:24,220 [DEBUG]  OP: Operation.SPLIT_COLUMNS on slice (76, 9) (remaining tasks 9)
2025-04-21 23:48:24,439 [DEBUG]  		found 1 col clusters (in 0.21887 secs)
2025-04-21 23:48:24,439 [DEBUG]  OP: Operation.NAIVE_FACTORIZATION on slice (55, 8) (remaining tasks 9)
2025-04-21 23:48:24,443 [DEBUG]  		naive factorization 8 columns (in 0.00329 secs)
2025-04-21 23:48:24,443 [DEBUG]  OP: Operation.NAIVE_FACTORIZATION on slice (29, 8) (remaining tasks 8)
2025-04-21 23:48:24,447 [DEBUG]  		naive factorization 8 columns (in 0.00325 secs)
2025-04-21 23:48:24,447 [DEBUG]  OP: Operation.NAIVE_FACTORIZATION on slice (65, 8) (remaining tasks 7)
2025-04-21 23:48:24,451 [DEBUG]  		naive factorization 8 columns (in 0.00373 secs)
2025-04-21 23:48:24,452 [DEBUG]  OP: Operation.NAIVE_FACTORIZATION on slice (72, 8) (remaining tasks 6)
2025-04-21 23:48:24,456 [DEBUG]  		naive factorization 8 columns (in 0.00337 secs)
2025-04-21 23:48:24,456 [DEBUG]  OP: Operation.SPLIT_ROWS on slice (96, 7) (remaining tasks 5)
2025-04-21 23:48:24,505 [DEBUG]  		found 2 row clusters (in 0.04891 secs)
2025-04-21 23:48:24,506 [DEBUG]  OP: Operation.NAIVE_FACTORIZATION on slice (36, 8) (remaining tasks 6)
2025-04-21 23:48:24,509 [DEBUG]  		naive factorization 8 columns (in 0.00317 secs)
2025-04-21 23:48:24,509 [DEBUG]  OP: Operation.NAIVE_FACTORIZATION on slice (49, 8) (remaining tasks 5)
2025-04-21 23:48:24,513 [DEBUG]  		naive factorization 8 columns (in 0.00339 secs)
2025-04-21 23:48:24,513 [DEBUG]  OP: Operation.NAIVE_FACTORIZATION on slice (38, 8) (remaining tasks 4)
2025-04-21 23:48:24,517 [DEBUG]  		naive factorization 8 columns (in 0.00394 secs)
2025-04-21 23:48:24,518 [DEBUG]  OP: Operation.NAIVE_FACTORIZATION on slice (64, 8) (remaining tasks 3)
2025-04-21 23:48:24,521 [DEBUG]  		naive factorization 8 columns (in 0.00328 secs)
2025-04-21 23:48:24,522 [DEBUG]  OP: Operation.SPLIT_ROWS on slice (76, 9) (remaining tasks 2)
2025-04-21 23:48:24,566 [DEBUG]  		found 2 row clusters (in 0.04426 secs)
2025-04-21 23:48:24,567 [DEBUG]  OP: Operation.NAIVE_FACTORIZATION on slice (62, 7) (remaining tasks 3)
2025-04-21 23:48:24,570 [DEBUG]  		naive factorization 7 columns (in 0.00360 secs)
2025-04-21 23:48:24,571 [DEBUG]  OP: Operation.NAIVE_FACTORIZATION on slice (34, 7) (remaining tasks 2)
2025-04-21 23:48:24,574 [DEBUG]  		naive factorization 7 columns (in 0.00294 secs)
2025-04-21 23:48:24,574 [DEBUG]  OP: Operation.NAIVE_FACTORIZATION on slice (21, 9) (remaining tasks 1)
2025-04-21 23:48:24,578 [DEBUG]  		naive factorization 9 columns (in 0.00385 secs)
2025-04-21 23:48:24,579 [DEBUG]  OP: Operation.NAIVE_FACTORIZATION on slice (55, 9) (remaining tasks 0)
2025-04-21 23:48:24,582 [DEBUG]  		naive factorization 9 columns (in 0.00337 secs)
2025-04-21 23:48:25,603 [DEBUG]  Built SPN in 159.4306835110001 sec
2025-04-21 23:48:25,604 [INFO ]  Saving ensemble to /home/dafn/card/deepcard/collected_temp_benchmarks/spn_ensembles/Gas Turbine CO and NOx Emission Data Set/ensemble_single_gt_2015_10000000.pkl
