2025-04-21 22:25:31,005 [INFO ]  Creating naive ensemble.
2025-04-21 22:25:31,005 [INFO ]  Learning SPN for gt_2012.
2025-04-21 22:25:31,005 [DEBUG]  generate_join_sample(single_table=gt_2012, relationship_list=None, split_condition=None)
2025-04-21 22:25:31,035 [DEBUG]  Using min_instance_slice parameter 76.28.
2025-04-21 22:25:31,035 [INFO ]  SPN training phase with 7628 samples
2025-04-21 22:25:31,042 [DEBUG]  Built domains in 0.006336600003123749 sec
2025-04-21 22:25:31,428 [DEBUG]  CACHEDIR=/home/dafn/.cache/matplotlib
2025-04-21 22:25:31,430 [DEBUG]  Using fontManager instance from /home/dafn/.cache/matplotlib/fontlist-v300.json
2025-04-21 22:25:31,533 [DEBUG]  Loaded backend qt5agg version unknown.
2025-04-21 22:25:31,566 [DEBUG]  Loaded backend qt5agg version unknown.
2025-04-21 22:25:31,567 [DEBUG]  Loaded backend qt4agg version unknown.
2025-04-21 22:25:31,574 [DEBUG]  Loaded backend tkagg version unknown.
2025-04-21 22:25:31,574 [DEBUG]  Loaded backend agg version unknown.
2025-04-21 22:25:31,574 [DEBUG]  Loaded backend agg version unknown.
2025-04-21 22:25:31,578 [DEBUG]  OP: Operation.SPLIT_ROWS on slice (7628, 11) (remaining tasks 0)
2025-04-21 22:25:31,673 [DEBUG]  		found 2 row clusters (in 0.09453 secs)
2025-04-21 22:25:31,673 [DEBUG]  OP: Operation.SPLIT_COLUMNS on slice (5748, 11) (remaining tasks 1)
2025-04-21 22:25:33,708 [DEBUG]  		found 1 col clusters (in 2.03424 secs)
2025-04-21 22:25:33,709 [DEBUG]  OP: Operation.SPLIT_COLUMNS on slice (1880, 11) (remaining tasks 1)
2025-04-21 22:25:39,523 [DEBUG]  		found 1 col clusters (in 5.81452 secs)
2025-04-21 22:25:39,525 [DEBUG]  OP: Operation.SPLIT_ROWS on slice (5748, 11) (remaining tasks 1)
2025-04-21 22:25:39,743 [DEBUG]  		found 2 row clusters (in 0.21786 secs)
2025-04-21 22:25:39,743 [DEBUG]  OP: Operation.SPLIT_ROWS on slice (1880, 11) (remaining tasks 2)
2025-04-21 22:25:39,803 [DEBUG]  		found 2 row clusters (in 0.05945 secs)
2025-04-21 22:25:39,804 [DEBUG]  OP: Operation.SPLIT_COLUMNS on slice (1210, 11) (remaining tasks 3)
2025-04-21 22:25:43,838 [DEBUG]  		found 1 col clusters (in 4.03445 secs)
2025-04-21 22:25:43,840 [DEBUG]  OP: Operation.SPLIT_COLUMNS on slice (4538, 11) (remaining tasks 3)
2025-04-21 22:25:46,220 [DEBUG]  		found 1 col clusters (in 2.37971 secs)
2025-04-21 22:25:46,220 [DEBUG]  OP: Operation.SPLIT_COLUMNS on slice (1406, 11) (remaining tasks 3)
2025-04-21 22:25:50,464 [DEBUG]  		found 1 col clusters (in 4.24322 secs)
2025-04-21 22:25:50,465 [DEBUG]  OP: Operation.SPLIT_COLUMNS on slice (474, 11) (remaining tasks 3)
2025-04-21 22:25:52,772 [DEBUG]  		found 1 col clusters (in 2.30678 secs)
2025-04-21 22:25:52,772 [DEBUG]  OP: Operation.SPLIT_ROWS on slice (1210, 11) (remaining tasks 3)
2025-04-21 22:25:52,989 [DEBUG]  		found 2 row clusters (in 0.21666 secs)
2025-04-21 22:25:52,990 [DEBUG]  OP: Operation.SPLIT_ROWS on slice (4538, 11) (remaining tasks 4)
2025-04-21 22:25:53,055 [DEBUG]  		found 2 row clusters (in 0.06544 secs)
2025-04-21 22:25:53,056 [DEBUG]  OP: Operation.SPLIT_ROWS on slice (1406, 11) (remaining tasks 5)
2025-04-21 22:25:53,096 [DEBUG]  		found 2 row clusters (in 0.03991 secs)
2025-04-21 22:25:53,096 [DEBUG]  OP: Operation.SPLIT_ROWS on slice (474, 11) (remaining tasks 6)
2025-04-21 22:25:53,131 [DEBUG]  		found 2 row clusters (in 0.03509 secs)
2025-04-21 22:25:53,132 [DEBUG]  OP: Operation.SPLIT_COLUMNS on slice (506, 11) (remaining tasks 7)
2025-04-21 22:25:55,112 [DEBUG]  		found 1 col clusters (in 1.98032 secs)
2025-04-21 22:25:55,113 [DEBUG]  OP: Operation.SPLIT_COLUMNS on slice (704, 11) (remaining tasks 7)
2025-04-21 22:25:56,299 [DEBUG]  		found 1 col clusters (in 1.18608 secs)
2025-04-21 22:25:56,300 [DEBUG]  OP: Operation.SPLIT_COLUMNS on slice (1861, 11) (remaining tasks 7)
2025-04-21 22:26:01,603 [DEBUG]  		found 1 col clusters (in 5.30299 secs)
2025-04-21 22:26:01,604 [DEBUG]  OP: Operation.SPLIT_COLUMNS on slice (2677, 11) (remaining tasks 7)
2025-04-21 22:26:07,706 [DEBUG]  		found 1 col clusters (in 6.10143 secs)
2025-04-21 22:26:07,706 [DEBUG]  OP: Operation.SPLIT_COLUMNS on slice (1019, 11) (remaining tasks 7)
2025-04-21 22:26:10,617 [DEBUG]  		found 1 col clusters (in 2.91077 secs)
2025-04-21 22:26:10,618 [DEBUG]  OP: Operation.SPLIT_COLUMNS on slice (387, 11) (remaining tasks 7)
2025-04-21 22:26:13,065 [DEBUG]  		found 1 col clusters (in 2.44709 secs)
2025-04-21 22:26:13,066 [DEBUG]  OP: Operation.SPLIT_COLUMNS on slice (287, 11) (remaining tasks 7)
2025-04-21 22:26:14,704 [DEBUG]  		found 1 col clusters (in 1.63803 secs)
2025-04-21 22:26:14,704 [DEBUG]  OP: Operation.SPLIT_COLUMNS on slice (187, 11) (remaining tasks 7)
2025-04-21 22:26:15,139 [DEBUG]  		found 1 col clusters (in 0.43474 secs)
2025-04-21 22:26:15,140 [DEBUG]  OP: Operation.SPLIT_ROWS on slice (506, 11) (remaining tasks 7)
2025-04-21 22:26:15,205 [DEBUG]  		found 2 row clusters (in 0.06441 secs)
2025-04-21 22:26:15,205 [DEBUG]  OP: Operation.SPLIT_ROWS on slice (704, 11) (remaining tasks 8)
2025-04-21 22:26:15,283 [DEBUG]  		found 2 row clusters (in 0.07774 secs)
2025-04-21 22:26:15,283 [DEBUG]  OP: Operation.SPLIT_ROWS on slice (1861, 11) (remaining tasks 9)
2025-04-21 22:26:15,338 [DEBUG]  		found 2 row clusters (in 0.05418 secs)
2025-04-21 22:26:15,338 [DEBUG]  OP: Operation.SPLIT_ROWS on slice (2677, 11) (remaining tasks 10)
2025-04-21 22:26:15,397 [DEBUG]  		found 2 row clusters (in 0.05861 secs)
2025-04-21 22:26:15,397 [DEBUG]  OP: Operation.SPLIT_ROWS on slice (1019, 11) (remaining tasks 11)
2025-04-21 22:26:15,437 [DEBUG]  		found 2 row clusters (in 0.03919 secs)
2025-04-21 22:26:15,437 [DEBUG]  OP: Operation.SPLIT_ROWS on slice (387, 11) (remaining tasks 12)
2025-04-21 22:26:15,472 [DEBUG]  		found 2 row clusters (in 0.03458 secs)
2025-04-21 22:26:15,472 [DEBUG]  OP: Operation.SPLIT_ROWS on slice (287, 11) (remaining tasks 13)
2025-04-21 22:26:15,506 [DEBUG]  		found 2 row clusters (in 0.03374 secs)
2025-04-21 22:26:15,506 [DEBUG]  OP: Operation.SPLIT_ROWS on slice (187, 11) (remaining tasks 14)
2025-04-21 22:26:15,529 [DEBUG]  		found 2 row clusters (in 0.02314 secs)
2025-04-21 22:26:15,529 [DEBUG]  OP: Operation.SPLIT_COLUMNS on slice (293, 11) (remaining tasks 15)
2025-04-21 22:26:17,306 [DEBUG]  		found 1 col clusters (in 1.77625 secs)
2025-04-21 22:26:17,306 [DEBUG]  OP: Operation.SPLIT_COLUMNS on slice (213, 11) (remaining tasks 15)
2025-04-21 22:26:19,048 [DEBUG]  		found 1 col clusters (in 1.74131 secs)
2025-04-21 22:26:19,048 [DEBUG]  OP: Operation.SPLIT_COLUMNS on slice (375, 11) (remaining tasks 15)
2025-04-21 22:26:21,206 [DEBUG]  		found 1 col clusters (in 2.15829 secs)
2025-04-21 22:26:21,207 [DEBUG]  OP: Operation.SPLIT_COLUMNS on slice (329, 11) (remaining tasks 15)
2025-04-21 22:26:22,999 [DEBUG]  		found 1 col clusters (in 1.79207 secs)
2025-04-21 22:26:23,000 [DEBUG]  OP: Operation.SPLIT_COLUMNS on slice (1150, 11) (remaining tasks 15)
2025-04-21 22:26:26,594 [DEBUG]  		found 1 col clusters (in 3.59367 secs)
2025-04-21 22:26:26,594 [DEBUG]  OP: Operation.SPLIT_COLUMNS on slice (711, 11) (remaining tasks 15)
2025-04-21 22:26:27,616 [DEBUG]  		found 1 col clusters (in 1.02137 secs)
2025-04-21 22:26:27,616 [DEBUG]  OP: Operation.SPLIT_COLUMNS on slice (985, 11) (remaining tasks 15)
2025-04-21 22:26:30,739 [DEBUG]  		found 1 col clusters (in 3.12289 secs)
2025-04-21 22:26:30,740 [DEBUG]  OP: Operation.SPLIT_COLUMNS on slice (1692, 11) (remaining tasks 15)
2025-04-21 22:26:36,108 [DEBUG]  		found 1 col clusters (in 5.36791 secs)
2025-04-21 22:26:36,109 [DEBUG]  OP: Operation.SPLIT_COLUMNS on slice (597, 11) (remaining tasks 15)
2025-04-21 22:26:37,145 [DEBUG]  		found 1 col clusters (in 1.03580 secs)
2025-04-21 22:26:37,146 [DEBUG]  OP: Operation.SPLIT_COLUMNS on slice (422, 11) (remaining tasks 15)
2025-04-21 22:26:39,146 [DEBUG]  		found 1 col clusters (in 2.00053 secs)
2025-04-21 22:26:39,147 [DEBUG]  OP: Operation.SPLIT_COLUMNS on slice (168, 11) (remaining tasks 15)
2025-04-21 22:26:39,544 [DEBUG]  		found 1 col clusters (in 0.39732 secs)
2025-04-21 22:26:39,545 [DEBUG]  OP: Operation.SPLIT_COLUMNS on slice (219, 11) (remaining tasks 15)
2025-04-21 22:26:41,113 [DEBUG]  		found 1 col clusters (in 1.56784 secs)
2025-04-21 22:26:41,113 [DEBUG]  OP: Operation.SPLIT_COLUMNS on slice (234, 11) (remaining tasks 15)
2025-04-21 22:26:42,668 [DEBUG]  		found 1 col clusters (in 1.55454 secs)
2025-04-21 22:26:42,669 [DEBUG]  OP: Operation.NAIVE_FACTORIZATION on slice (53, 11) (remaining tasks 15)
2025-04-21 22:26:42,679 [DEBUG]  		naive factorization 11 columns (in 0.00997 secs)
2025-04-21 22:26:42,679 [DEBUG]  OP: Operation.SPLIT_COLUMNS on slice (146, 11) (remaining tasks 14)
2025-04-21 22:26:43,031 [DEBUG]  		found 1 col clusters (in 0.35177 secs)
2025-04-21 22:26:43,032 [DEBUG]  OP: Operation.NAIVE_FACTORIZATION on slice (41, 11) (remaining tasks 14)
2025-04-21 22:26:43,038 [DEBUG]  		naive factorization 11 columns (in 0.00616 secs)
2025-04-21 22:26:43,038 [DEBUG]  OP: Operation.SPLIT_ROWS on slice (293, 11) (remaining tasks 13)
2025-04-21 22:26:43,112 [DEBUG]  		found 2 row clusters (in 0.07333 secs)
2025-04-21 22:26:43,113 [DEBUG]  OP: Operation.SPLIT_ROWS on slice (213, 11) (remaining tasks 14)
2025-04-21 22:26:43,148 [DEBUG]  		found 2 row clusters (in 0.03503 secs)
2025-04-21 22:26:43,149 [DEBUG]  OP: Operation.SPLIT_ROWS on slice (375, 11) (remaining tasks 15)
2025-04-21 22:26:43,177 [DEBUG]  		found 2 row clusters (in 0.02847 secs)
2025-04-21 22:26:43,177 [DEBUG]  OP: Operation.SPLIT_ROWS on slice (329, 11) (remaining tasks 16)
2025-04-21 22:26:43,210 [DEBUG]  		found 2 row clusters (in 0.03212 secs)
2025-04-21 22:26:43,210 [DEBUG]  OP: Operation.SPLIT_ROWS on slice (1150, 11) (remaining tasks 17)
2025-04-21 22:26:43,255 [DEBUG]  		found 2 row clusters (in 0.04511 secs)
2025-04-21 22:26:43,255 [DEBUG]  OP: Operation.SPLIT_ROWS on slice (711, 11) (remaining tasks 18)
2025-04-21 22:26:43,287 [DEBUG]  		found 2 row clusters (in 0.03129 secs)
2025-04-21 22:26:43,287 [DEBUG]  OP: Operation.SPLIT_ROWS on slice (985, 11) (remaining tasks 19)
2025-04-21 22:26:43,325 [DEBUG]  		found 2 row clusters (in 0.03822 secs)
2025-04-21 22:26:43,325 [DEBUG]  OP: Operation.SPLIT_ROWS on slice (1692, 11) (remaining tasks 20)
2025-04-21 22:26:43,371 [DEBUG]  		found 2 row clusters (in 0.04522 secs)
2025-04-21 22:26:43,371 [DEBUG]  OP: Operation.SPLIT_ROWS on slice (597, 11) (remaining tasks 21)
2025-04-21 22:26:43,400 [DEBUG]  		found 2 row clusters (in 0.02891 secs)
2025-04-21 22:26:43,400 [DEBUG]  OP: Operation.SPLIT_ROWS on slice (422, 11) (remaining tasks 22)
2025-04-21 22:26:43,436 [DEBUG]  		found 2 row clusters (in 0.03617 secs)
2025-04-21 22:26:43,437 [DEBUG]  OP: Operation.SPLIT_ROWS on slice (168, 11) (remaining tasks 23)
2025-04-21 22:26:43,457 [DEBUG]  		found 2 row clusters (in 0.02009 secs)
2025-04-21 22:26:43,457 [DEBUG]  OP: Operation.SPLIT_ROWS on slice (219, 11) (remaining tasks 24)
2025-04-21 22:26:43,477 [DEBUG]  		found 2 row clusters (in 0.02016 secs)
2025-04-21 22:26:43,477 [DEBUG]  OP: Operation.SPLIT_ROWS on slice (234, 11) (remaining tasks 25)
2025-04-21 22:26:43,506 [DEBUG]  		found 2 row clusters (in 0.02818 secs)
2025-04-21 22:26:43,506 [DEBUG]  OP: Operation.SPLIT_ROWS on slice (146, 11) (remaining tasks 26)
2025-04-21 22:26:43,527 [DEBUG]  		found 2 row clusters (in 0.02156 secs)
2025-04-21 22:26:43,528 [DEBUG]  OP: Operation.SPLIT_COLUMNS on slice (174, 11) (remaining tasks 27)
2025-04-21 22:26:43,756 [DEBUG]  		found 1 col clusters (in 0.22825 secs)
2025-04-21 22:26:43,757 [DEBUG]  OP: Operation.SPLIT_COLUMNS on slice (119, 11) (remaining tasks 27)
2025-04-21 22:26:44,103 [DEBUG]  		found 1 col clusters (in 0.34592 secs)
2025-04-21 22:26:44,103 [DEBUG]  OP: Operation.NAIVE_FACTORIZATION on slice (68, 11) (remaining tasks 27)
2025-04-21 22:26:44,110 [DEBUG]  		naive factorization 11 columns (in 0.00706 secs)
2025-04-21 22:26:44,111 [DEBUG]  OP: Operation.SPLIT_COLUMNS on slice (145, 11) (remaining tasks 26)
2025-04-21 22:26:44,434 [DEBUG]  		found 1 col clusters (in 0.32295 secs)
2025-04-21 22:26:44,434 [DEBUG]  OP: Operation.SPLIT_COLUMNS on slice (172, 11) (remaining tasks 26)
2025-04-21 22:26:44,783 [DEBUG]  		found 1 col clusters (in 0.34836 secs)
2025-04-21 22:26:44,783 [DEBUG]  OP: Operation.SPLIT_COLUMNS on slice (203, 11) (remaining tasks 26)
2025-04-21 22:26:46,228 [DEBUG]  		found 1 col clusters (in 1.44411 secs)
2025-04-21 22:26:46,228 [DEBUG]  OP: Operation.SPLIT_COLUMNS on slice (165, 11) (remaining tasks 26)
2025-04-21 22:26:46,658 [DEBUG]  		found 1 col clusters (in 0.42940 secs)
2025-04-21 22:26:46,658 [DEBUG]  OP: Operation.SPLIT_COLUMNS on slice (164, 11) (remaining tasks 26)
2025-04-21 22:26:47,059 [DEBUG]  		found 1 col clusters (in 0.40101 secs)
2025-04-21 22:26:47,060 [DEBUG]  OP: Operation.SPLIT_COLUMNS on slice (751, 11) (remaining tasks 26)
2025-04-21 22:26:49,341 [DEBUG]  		found 1 col clusters (in 2.28084 secs)
2025-04-21 22:26:49,342 [DEBUG]  OP: Operation.SPLIT_COLUMNS on slice (399, 11) (remaining tasks 26)
2025-04-21 22:26:51,431 [DEBUG]  		found 1 col clusters (in 2.08929 secs)
2025-04-21 22:26:51,432 [DEBUG]  OP: Operation.SPLIT_COLUMNS on slice (598, 11) (remaining tasks 26)
2025-04-21 22:26:52,317 [DEBUG]  		found 1 col clusters (in 0.88487 secs)
2025-04-21 22:26:52,317 [DEBUG]  OP: Operation.SPLIT_COLUMNS on slice (113, 11) (remaining tasks 26)
2025-04-21 22:26:52,616 [DEBUG]  		found 1 col clusters (in 0.29877 secs)
2025-04-21 22:26:52,617 [DEBUG]  OP: Operation.SPLIT_COLUMNS on slice (482, 11) (remaining tasks 26)
2025-04-21 22:26:54,605 [DEBUG]  		found 1 col clusters (in 1.98833 secs)
2025-04-21 22:26:54,606 [DEBUG]  OP: Operation.SPLIT_COLUMNS on slice (503, 11) (remaining tasks 26)
2025-04-21 22:26:57,026 [DEBUG]  		found 1 col clusters (in 2.41974 secs)
2025-04-21 22:26:57,026 [DEBUG]  OP: Operation.SPLIT_COLUMNS on slice (846, 11) (remaining tasks 26)
2025-04-21 22:26:59,384 [DEBUG]  		found 1 col clusters (in 2.35744 secs)
2025-04-21 22:26:59,385 [DEBUG]  OP: Operation.SPLIT_COLUMNS on slice (846, 11) (remaining tasks 26)
2025-04-21 22:27:01,815 [DEBUG]  		found 1 col clusters (in 2.43028 secs)
2025-04-21 22:27:01,816 [DEBUG]  OP: Operation.SPLIT_COLUMNS on slice (492, 11) (remaining tasks 26)
2025-04-21 22:27:03,490 [DEBUG]  		found 1 col clusters (in 1.67356 secs)
2025-04-21 22:27:03,490 [DEBUG]  OP: Operation.SPLIT_COLUMNS on slice (105, 11) (remaining tasks 26)
2025-04-21 22:27:03,765 [DEBUG]  		found 1 col clusters (in 0.27435 secs)
2025-04-21 22:27:03,765 [DEBUG]  OP: Operation.SPLIT_COLUMNS on slice (347, 11) (remaining tasks 26)
2025-04-21 22:27:05,858 [DEBUG]  		found 1 col clusters (in 2.09259 secs)
2025-04-21 22:27:05,858 [DEBUG]  OP: Operation.NAIVE_FACTORIZATION on slice (75, 11) (remaining tasks 26)
2025-04-21 22:27:05,865 [DEBUG]  		naive factorization 11 columns (in 0.00686 secs)
2025-04-21 22:27:05,866 [DEBUG]  OP: Operation.SPLIT_COLUMNS on slice (84, 11) (remaining tasks 25)
2025-04-21 22:27:06,181 [DEBUG]  		found 1 col clusters (in 0.31507 secs)
2025-04-21 22:27:06,182 [DEBUG]  OP: Operation.SPLIT_COLUMNS on slice (84, 11) (remaining tasks 25)
2025-04-21 22:27:06,406 [DEBUG]  		found 1 col clusters (in 0.22449 secs)
2025-04-21 22:27:06,407 [DEBUG]  OP: Operation.SPLIT_COLUMNS on slice (139, 11) (remaining tasks 25)
2025-04-21 22:27:06,724 [DEBUG]  		found 1 col clusters (in 0.31711 secs)
2025-04-21 22:27:06,725 [DEBUG]  OP: Operation.SPLIT_COLUMNS on slice (80, 11) (remaining tasks 25)
2025-04-21 22:27:06,947 [DEBUG]  		found 1 col clusters (in 0.22180 secs)
2025-04-21 22:27:06,947 [DEBUG]  OP: Operation.SPLIT_COLUMNS on slice (160, 11) (remaining tasks 25)
2025-04-21 22:27:07,261 [DEBUG]  		found 1 col clusters (in 0.31388 secs)
2025-04-21 22:27:07,262 [DEBUG]  OP: Operation.NAIVE_FACTORIZATION on slice (74, 11) (remaining tasks 25)
2025-04-21 22:27:07,268 [DEBUG]  		naive factorization 11 columns (in 0.00577 secs)
2025-04-21 22:27:07,268 [DEBUG]  OP: Operation.SPLIT_COLUMNS on slice (80, 11) (remaining tasks 24)
2025-04-21 22:27:07,480 [DEBUG]  		found 1 col clusters (in 0.21145 secs)
2025-04-21 22:27:07,480 [DEBUG]  OP: Operation.NAIVE_FACTORIZATION on slice (66, 11) (remaining tasks 24)
2025-04-21 22:27:07,485 [DEBUG]  		naive factorization 11 columns (in 0.00418 secs)
2025-04-21 22:27:07,485 [DEBUG]  OP: Operation.SPLIT_ROWS on slice (174, 11) (remaining tasks 23)
2025-04-21 22:27:07,544 [DEBUG]  		found 2 row clusters (in 0.05827 secs)
2025-04-21 22:27:07,544 [DEBUG]  OP: Operation.SPLIT_ROWS on slice (119, 11) (remaining tasks 24)
2025-04-21 22:27:07,569 [DEBUG]  		found 2 row clusters (in 0.02456 secs)
2025-04-21 22:27:07,569 [DEBUG]  OP: Operation.SPLIT_ROWS on slice (145, 11) (remaining tasks 25)
2025-04-21 22:27:07,591 [DEBUG]  		found 2 row clusters (in 0.02219 secs)
2025-04-21 22:27:07,591 [DEBUG]  OP: Operation.SPLIT_ROWS on slice (172, 11) (remaining tasks 26)
2025-04-21 22:27:07,614 [DEBUG]  		found 2 row clusters (in 0.02293 secs)
2025-04-21 22:27:07,614 [DEBUG]  OP: Operation.SPLIT_ROWS on slice (203, 11) (remaining tasks 27)
2025-04-21 22:27:07,634 [DEBUG]  		found 2 row clusters (in 0.01934 secs)
2025-04-21 22:27:07,634 [DEBUG]  OP: Operation.SPLIT_ROWS on slice (165, 11) (remaining tasks 28)
2025-04-21 22:27:07,658 [DEBUG]  		found 2 row clusters (in 0.02409 secs)
2025-04-21 22:27:07,658 [DEBUG]  OP: Operation.SPLIT_ROWS on slice (164, 11) (remaining tasks 29)
2025-04-21 22:27:07,680 [DEBUG]  		found 2 row clusters (in 0.02103 secs)
2025-04-21 22:27:07,680 [DEBUG]  OP: Operation.SPLIT_ROWS on slice (751, 11) (remaining tasks 30)
2025-04-21 22:27:07,713 [DEBUG]  		found 2 row clusters (in 0.03302 secs)
2025-04-21 22:27:07,713 [DEBUG]  OP: Operation.SPLIT_ROWS on slice (399, 11) (remaining tasks 31)
2025-04-21 22:27:07,737 [DEBUG]  		found 2 row clusters (in 0.02404 secs)
2025-04-21 22:27:07,737 [DEBUG]  OP: Operation.SPLIT_ROWS on slice (598, 11) (remaining tasks 32)
2025-04-21 22:27:07,773 [DEBUG]  		found 2 row clusters (in 0.03511 secs)
2025-04-21 22:27:07,773 [DEBUG]  OP: Operation.SPLIT_ROWS on slice (113, 11) (remaining tasks 33)
2025-04-21 22:27:07,790 [DEBUG]  		found 2 row clusters (in 0.01717 secs)
2025-04-21 22:27:07,790 [DEBUG]  OP: Operation.SPLIT_ROWS on slice (482, 11) (remaining tasks 34)
2025-04-21 22:27:07,818 [DEBUG]  		found 2 row clusters (in 0.02773 secs)
2025-04-21 22:27:07,818 [DEBUG]  OP: Operation.SPLIT_ROWS on slice (503, 11) (remaining tasks 35)
2025-04-21 22:27:07,848 [DEBUG]  		found 2 row clusters (in 0.02981 secs)
2025-04-21 22:27:07,848 [DEBUG]  OP: Operation.SPLIT_ROWS on slice (846, 11) (remaining tasks 36)
2025-04-21 22:27:07,893 [DEBUG]  		found 2 row clusters (in 0.04468 secs)
2025-04-21 22:27:07,893 [DEBUG]  OP: Operation.SPLIT_ROWS on slice (846, 11) (remaining tasks 37)
2025-04-21 22:27:07,939 [DEBUG]  		found 2 row clusters (in 0.04549 secs)
2025-04-21 22:27:07,939 [DEBUG]  OP: Operation.SPLIT_ROWS on slice (492, 11) (remaining tasks 38)
2025-04-21 22:27:07,972 [DEBUG]  		found 2 row clusters (in 0.03227 secs)
2025-04-21 22:27:07,972 [DEBUG]  OP: Operation.SPLIT_ROWS on slice (105, 11) (remaining tasks 39)
2025-04-21 22:27:07,993 [DEBUG]  		found 2 row clusters (in 0.02153 secs)
2025-04-21 22:27:07,994 [DEBUG]  OP: Operation.SPLIT_ROWS on slice (347, 11) (remaining tasks 40)
2025-04-21 22:27:08,034 [DEBUG]  		found 2 row clusters (in 0.04079 secs)
2025-04-21 22:27:08,035 [DEBUG]  OP: Operation.SPLIT_ROWS on slice (84, 11) (remaining tasks 41)
2025-04-21 22:27:08,050 [DEBUG]  		found 2 row clusters (in 0.01563 secs)
2025-04-21 22:27:08,051 [DEBUG]  OP: Operation.SPLIT_ROWS on slice (84, 11) (remaining tasks 42)
2025-04-21 22:27:08,068 [DEBUG]  		found 2 row clusters (in 0.01718 secs)
2025-04-21 22:27:08,068 [DEBUG]  OP: Operation.SPLIT_ROWS on slice (139, 11) (remaining tasks 43)
2025-04-21 22:27:08,087 [DEBUG]  		found 2 row clusters (in 0.01851 secs)
2025-04-21 22:27:08,087 [DEBUG]  OP: Operation.SPLIT_ROWS on slice (80, 11) (remaining tasks 44)
2025-04-21 22:27:08,101 [DEBUG]  		found 2 row clusters (in 0.01380 secs)
2025-04-21 22:27:08,101 [DEBUG]  OP: Operation.SPLIT_ROWS on slice (160, 11) (remaining tasks 45)
2025-04-21 22:27:08,122 [DEBUG]  		found 2 row clusters (in 0.02088 secs)
2025-04-21 22:27:08,122 [DEBUG]  OP: Operation.SPLIT_ROWS on slice (80, 11) (remaining tasks 46)
2025-04-21 22:27:08,141 [DEBUG]  		found 2 row clusters (in 0.01903 secs)
2025-04-21 22:27:08,141 [DEBUG]  OP: Operation.SPLIT_COLUMNS on slice (155, 11) (remaining tasks 47)
2025-04-21 22:27:08,459 [DEBUG]  		found 1 col clusters (in 0.31719 secs)
2025-04-21 22:27:08,459 [DEBUG]  OP: Operation.NAIVE_FACTORIZATION on slice (19, 11) (remaining tasks 47)
2025-04-21 22:27:08,463 [DEBUG]  		naive factorization 11 columns (in 0.00387 secs)
2025-04-21 22:27:08,464 [DEBUG]  OP: Operation.NAIVE_FACTORIZATION on slice (72, 11) (remaining tasks 46)
2025-04-21 22:27:08,471 [DEBUG]  		naive factorization 11 columns (in 0.00677 secs)
2025-04-21 22:27:08,471 [DEBUG]  OP: Operation.NAIVE_FACTORIZATION on slice (47, 11) (remaining tasks 45)
2025-04-21 22:27:08,475 [DEBUG]  		naive factorization 11 columns (in 0.00430 secs)
2025-04-21 22:27:08,476 [DEBUG]  OP: Operation.NAIVE_FACTORIZATION on slice (67, 11) (remaining tasks 44)
2025-04-21 22:27:08,481 [DEBUG]  		naive factorization 11 columns (in 0.00539 secs)
2025-04-21 22:27:08,482 [DEBUG]  OP: Operation.SPLIT_COLUMNS on slice (78, 11) (remaining tasks 43)
2025-04-21 22:27:08,711 [DEBUG]  		found 1 col clusters (in 0.22884 secs)
2025-04-21 22:27:08,711 [DEBUG]  OP: Operation.SPLIT_COLUMNS on slice (83, 11) (remaining tasks 43)
2025-04-21 22:27:08,932 [DEBUG]  		found 1 col clusters (in 0.22055 secs)
2025-04-21 22:27:08,933 [DEBUG]  OP: Operation.SPLIT_COLUMNS on slice (89, 11) (remaining tasks 43)
2025-04-21 22:27:09,148 [DEBUG]  		found 1 col clusters (in 0.21538 secs)
2025-04-21 22:27:09,149 [DEBUG]  OP: Operation.SPLIT_COLUMNS on slice (167, 11) (remaining tasks 43)
2025-04-21 22:27:09,475 [DEBUG]  		found 1 col clusters (in 0.32592 secs)
2025-04-21 22:27:09,475 [DEBUG]  OP: Operation.NAIVE_FACTORIZATION on slice (36, 11) (remaining tasks 43)
2025-04-21 22:27:09,482 [DEBUG]  		naive factorization 11 columns (in 0.00642 secs)
2025-04-21 22:27:09,483 [DEBUG]  OP: Operation.SPLIT_COLUMNS on slice (110, 11) (remaining tasks 42)
2025-04-21 22:27:09,743 [DEBUG]  		found 1 col clusters (in 0.26047 secs)
2025-04-21 22:27:09,744 [DEBUG]  OP: Operation.NAIVE_FACTORIZATION on slice (55, 11) (remaining tasks 42)
2025-04-21 22:27:09,751 [DEBUG]  		naive factorization 11 columns (in 0.00736 secs)
2025-04-21 22:27:09,752 [DEBUG]  OP: Operation.SPLIT_COLUMNS on slice (106, 11) (remaining tasks 41)
2025-04-21 22:27:09,970 [DEBUG]  		found 1 col clusters (in 0.21769 secs)
2025-04-21 22:27:09,970 [DEBUG]  OP: Operation.NAIVE_FACTORIZATION on slice (58, 11) (remaining tasks 41)
2025-04-21 22:27:09,976 [DEBUG]  		naive factorization 11 columns (in 0.00558 secs)
2025-04-21 22:27:09,977 [DEBUG]  OP: Operation.SPLIT_COLUMNS on slice (684, 11) (remaining tasks 40)
2025-04-21 22:27:10,865 [DEBUG]  		found 1 col clusters (in 0.88760 secs)
2025-04-21 22:27:10,865 [DEBUG]  OP: Operation.NAIVE_FACTORIZATION on slice (67, 11) (remaining tasks 40)
2025-04-21 22:27:10,875 [DEBUG]  		naive factorization 11 columns (in 0.00913 secs)
2025-04-21 22:27:10,875 [DEBUG]  OP: Operation.SPLIT_COLUMNS on slice (206, 11) (remaining tasks 39)
2025-04-21 22:27:12,346 [DEBUG]  		found 1 col clusters (in 1.47024 secs)
2025-04-21 22:27:12,346 [DEBUG]  OP: Operation.SPLIT_COLUMNS on slice (193, 11) (remaining tasks 39)
2025-04-21 22:27:13,878 [DEBUG]  		found 1 col clusters (in 1.53180 secs)
2025-04-21 22:27:13,878 [DEBUG]  OP: Operation.SPLIT_COLUMNS on slice (432, 11) (remaining tasks 39)
2025-04-21 22:27:15,987 [DEBUG]  		found 1 col clusters (in 2.10883 secs)
2025-04-21 22:27:15,988 [DEBUG]  OP: Operation.SPLIT_COLUMNS on slice (166, 11) (remaining tasks 39)
2025-04-21 22:27:16,404 [DEBUG]  		found 1 col clusters (in 0.41645 secs)
2025-04-21 22:27:16,405 [DEBUG]  OP: Operation.NAIVE_FACTORIZATION on slice (51, 11) (remaining tasks 39)
2025-04-21 22:27:16,410 [DEBUG]  		naive factorization 11 columns (in 0.00511 secs)
2025-04-21 22:27:16,410 [DEBUG]  OP: Operation.NAIVE_FACTORIZATION on slice (62, 11) (remaining tasks 38)
2025-04-21 22:27:16,415 [DEBUG]  		naive factorization 11 columns (in 0.00416 secs)
2025-04-21 22:27:16,415 [DEBUG]  OP: Operation.SPLIT_COLUMNS on slice (253, 11) (remaining tasks 37)
2025-04-21 22:27:17,709 [DEBUG]  		found 1 col clusters (in 1.29348 secs)
2025-04-21 22:27:17,709 [DEBUG]  OP: Operation.SPLIT_COLUMNS on slice (229, 11) (remaining tasks 37)
2025-04-21 22:27:19,406 [DEBUG]  		found 1 col clusters (in 1.69703 secs)
2025-04-21 22:27:19,407 [DEBUG]  OP: Operation.SPLIT_COLUMNS on slice (290, 11) (remaining tasks 37)
2025-04-21 22:27:21,089 [DEBUG]  		found 1 col clusters (in 1.68191 secs)
2025-04-21 22:27:21,089 [DEBUG]  OP: Operation.SPLIT_COLUMNS on slice (213, 11) (remaining tasks 37)
2025-04-21 22:27:22,756 [DEBUG]  		found 1 col clusters (in 1.66609 secs)
2025-04-21 22:27:22,756 [DEBUG]  OP: Operation.SPLIT_COLUMNS on slice (399, 11) (remaining tasks 37)
2025-04-21 22:27:25,066 [DEBUG]  		found 1 col clusters (in 2.30990 secs)
2025-04-21 22:27:25,067 [DEBUG]  OP: Operation.SPLIT_COLUMNS on slice (447, 11) (remaining tasks 37)
2025-04-21 22:27:27,371 [DEBUG]  		found 1 col clusters (in 2.30376 secs)
2025-04-21 22:27:27,371 [DEBUG]  OP: Operation.SPLIT_COLUMNS on slice (349, 11) (remaining tasks 37)
2025-04-21 22:27:29,132 [DEBUG]  		found 1 col clusters (in 1.76042 secs)
2025-04-21 22:27:29,132 [DEBUG]  OP: Operation.SPLIT_COLUMNS on slice (497, 11) (remaining tasks 37)
2025-04-21 22:27:30,668 [DEBUG]  		found 1 col clusters (in 1.53612 secs)
2025-04-21 22:27:30,669 [DEBUG]  OP: Operation.SPLIT_COLUMNS on slice (324, 11) (remaining tasks 37)
2025-04-21 22:27:32,400 [DEBUG]  		found 1 col clusters (in 1.73074 secs)
2025-04-21 22:27:32,400 [DEBUG]  OP: Operation.SPLIT_COLUMNS on slice (168, 11) (remaining tasks 37)
2025-04-21 22:27:32,641 [DEBUG]  		found 1 col clusters (in 0.24064 secs)
2025-04-21 22:27:32,641 [DEBUG]  OP: Operation.NAIVE_FACTORIZATION on slice (60, 11) (remaining tasks 37)
2025-04-21 22:27:32,647 [DEBUG]  		naive factorization 11 columns (in 0.00518 secs)
2025-04-21 22:27:32,647 [DEBUG]  OP: Operation.NAIVE_FACTORIZATION on slice (45, 11) (remaining tasks 36)
2025-04-21 22:27:32,652 [DEBUG]  		naive factorization 11 columns (in 0.00502 secs)
2025-04-21 22:27:32,652 [DEBUG]  OP: Operation.SPLIT_COLUMNS on slice (147, 11) (remaining tasks 35)
2025-04-21 22:27:33,106 [DEBUG]  		found 1 col clusters (in 0.45351 secs)
2025-04-21 22:27:33,107 [DEBUG]  OP: Operation.SPLIT_COLUMNS on slice (200, 11) (remaining tasks 35)
2025-04-21 22:27:34,729 [DEBUG]  		found 1 col clusters (in 1.62209 secs)
2025-04-21 22:27:34,729 [DEBUG]  OP: Operation.NAIVE_FACTORIZATION on slice (24, 11) (remaining tasks 35)
2025-04-21 22:27:34,734 [DEBUG]  		naive factorization 11 columns (in 0.00481 secs)
2025-04-21 22:27:34,735 [DEBUG]  OP: Operation.NAIVE_FACTORIZATION on slice (60, 11) (remaining tasks 34)
2025-04-21 22:27:34,740 [DEBUG]  		naive factorization 11 columns (in 0.00494 secs)
2025-04-21 22:27:34,740 [DEBUG]  OP: Operation.SPLIT_COLUMNS on slice (82, 11) (remaining tasks 33)
2025-04-21 22:27:34,977 [DEBUG]  		found 1 col clusters (in 0.23731 secs)
2025-04-21 22:27:34,978 [DEBUG]  OP: Operation.NAIVE_FACTORIZATION on slice (2, 11) (remaining tasks 33)
2025-04-21 22:27:34,981 [DEBUG]  		naive factorization 11 columns (in 0.00326 secs)
2025-04-21 22:27:34,982 [DEBUG]  OP: Operation.SPLIT_COLUMNS on slice (116, 11) (remaining tasks 32)
2025-04-21 22:27:35,204 [DEBUG]  		found 1 col clusters (in 0.22243 secs)
2025-04-21 22:27:35,205 [DEBUG]  OP: Operation.NAIVE_FACTORIZATION on slice (23, 11) (remaining tasks 32)
2025-04-21 22:27:35,209 [DEBUG]  		naive factorization 11 columns (in 0.00364 secs)
2025-04-21 22:27:35,209 [DEBUG]  OP: Operation.NAIVE_FACTORIZATION on slice (48, 11) (remaining tasks 31)
2025-04-21 22:27:35,213 [DEBUG]  		naive factorization 11 columns (in 0.00397 secs)
2025-04-21 22:27:35,214 [DEBUG]  OP: Operation.NAIVE_FACTORIZATION on slice (32, 11) (remaining tasks 30)
2025-04-21 22:27:35,218 [DEBUG]  		naive factorization 11 columns (in 0.00376 secs)
2025-04-21 22:27:35,218 [DEBUG]  OP: Operation.SPLIT_COLUMNS on slice (85, 11) (remaining tasks 29)
2025-04-21 22:27:35,438 [DEBUG]  		found 1 col clusters (in 0.21976 secs)
2025-04-21 22:27:35,439 [DEBUG]  OP: Operation.NAIVE_FACTORIZATION on slice (75, 11) (remaining tasks 29)
2025-04-21 22:27:35,443 [DEBUG]  		naive factorization 11 columns (in 0.00406 secs)
2025-04-21 22:27:35,444 [DEBUG]  OP: Operation.NAIVE_FACTORIZATION on slice (52, 11) (remaining tasks 28)
2025-04-21 22:27:35,448 [DEBUG]  		naive factorization 11 columns (in 0.00368 secs)
2025-04-21 22:27:35,448 [DEBUG]  OP: Operation.NAIVE_FACTORIZATION on slice (28, 11) (remaining tasks 27)
2025-04-21 22:27:35,452 [DEBUG]  		naive factorization 11 columns (in 0.00358 secs)
2025-04-21 22:27:35,452 [DEBUG]  OP: Operation.SPLIT_ROWS on slice (155, 11) (remaining tasks 26)
2025-04-21 22:27:35,507 [DEBUG]  		found 2 row clusters (in 0.05426 secs)
2025-04-21 22:27:35,507 [DEBUG]  OP: Operation.SPLIT_ROWS on slice (78, 11) (remaining tasks 27)
2025-04-21 22:27:35,533 [DEBUG]  		found 2 row clusters (in 0.02560 secs)
2025-04-21 22:27:35,533 [DEBUG]  OP: Operation.SPLIT_ROWS on slice (83, 11) (remaining tasks 28)
2025-04-21 22:27:35,561 [DEBUG]  		found 2 row clusters (in 0.02800 secs)
2025-04-21 22:27:35,561 [DEBUG]  OP: Operation.SPLIT_ROWS on slice (89, 11) (remaining tasks 29)
2025-04-21 22:27:35,584 [DEBUG]  		found 2 row clusters (in 0.02224 secs)
2025-04-21 22:27:35,584 [DEBUG]  OP: Operation.SPLIT_ROWS on slice (167, 11) (remaining tasks 30)
2025-04-21 22:27:35,603 [DEBUG]  		found 2 row clusters (in 0.01932 secs)
2025-04-21 22:27:35,604 [DEBUG]  OP: Operation.SPLIT_ROWS on slice (110, 11) (remaining tasks 31)
2025-04-21 22:27:35,630 [DEBUG]  		found 2 row clusters (in 0.02679 secs)
2025-04-21 22:27:35,631 [DEBUG]  OP: Operation.SPLIT_ROWS on slice (106, 11) (remaining tasks 32)
2025-04-21 22:27:35,646 [DEBUG]  		found 2 row clusters (in 0.01559 secs)
2025-04-21 22:27:35,647 [DEBUG]  OP: Operation.SPLIT_ROWS on slice (684, 11) (remaining tasks 33)
2025-04-21 22:27:35,681 [DEBUG]  		found 2 row clusters (in 0.03448 secs)
2025-04-21 22:27:35,681 [DEBUG]  OP: Operation.SPLIT_ROWS on slice (206, 11) (remaining tasks 34)
2025-04-21 22:27:35,700 [DEBUG]  		found 2 row clusters (in 0.01845 secs)
2025-04-21 22:27:35,700 [DEBUG]  OP: Operation.SPLIT_ROWS on slice (193, 11) (remaining tasks 35)
2025-04-21 22:27:35,718 [DEBUG]  		found 2 row clusters (in 0.01796 secs)
2025-04-21 22:27:35,718 [DEBUG]  OP: Operation.SPLIT_ROWS on slice (432, 11) (remaining tasks 36)
2025-04-21 22:27:35,750 [DEBUG]  		found 2 row clusters (in 0.03134 secs)
2025-04-21 22:27:35,750 [DEBUG]  OP: Operation.SPLIT_ROWS on slice (166, 11) (remaining tasks 37)
2025-04-21 22:27:35,771 [DEBUG]  		found 2 row clusters (in 0.02153 secs)
2025-04-21 22:27:35,772 [DEBUG]  OP: Operation.SPLIT_ROWS on slice (253, 11) (remaining tasks 38)
2025-04-21 22:27:35,791 [DEBUG]  		found 2 row clusters (in 0.01935 secs)
2025-04-21 22:27:35,791 [DEBUG]  OP: Operation.SPLIT_ROWS on slice (229, 11) (remaining tasks 39)
2025-04-21 22:27:35,813 [DEBUG]  		found 2 row clusters (in 0.02137 secs)
2025-04-21 22:27:35,813 [DEBUG]  OP: Operation.SPLIT_ROWS on slice (290, 11) (remaining tasks 40)
2025-04-21 22:27:35,847 [DEBUG]  		found 2 row clusters (in 0.03381 secs)
2025-04-21 22:27:35,847 [DEBUG]  OP: Operation.SPLIT_ROWS on slice (213, 11) (remaining tasks 41)
2025-04-21 22:27:35,872 [DEBUG]  		found 2 row clusters (in 0.02465 secs)
2025-04-21 22:27:35,872 [DEBUG]  OP: Operation.SPLIT_ROWS on slice (399, 11) (remaining tasks 42)
2025-04-21 22:27:35,905 [DEBUG]  		found 2 row clusters (in 0.03316 secs)
2025-04-21 22:27:35,905 [DEBUG]  OP: Operation.SPLIT_ROWS on slice (447, 11) (remaining tasks 43)
2025-04-21 22:27:35,939 [DEBUG]  		found 2 row clusters (in 0.03365 secs)
2025-04-21 22:27:35,939 [DEBUG]  OP: Operation.SPLIT_ROWS on slice (349, 11) (remaining tasks 44)
2025-04-21 22:27:35,969 [DEBUG]  		found 2 row clusters (in 0.02914 secs)
2025-04-21 22:27:35,969 [DEBUG]  OP: Operation.SPLIT_ROWS on slice (497, 11) (remaining tasks 45)
2025-04-21 22:27:35,997 [DEBUG]  		found 2 row clusters (in 0.02774 secs)
2025-04-21 22:27:35,997 [DEBUG]  OP: Operation.SPLIT_ROWS on slice (324, 11) (remaining tasks 46)
2025-04-21 22:27:36,024 [DEBUG]  		found 2 row clusters (in 0.02706 secs)
2025-04-21 22:27:36,024 [DEBUG]  OP: Operation.SPLIT_ROWS on slice (168, 11) (remaining tasks 47)
2025-04-21 22:27:36,044 [DEBUG]  		found 2 row clusters (in 0.01959 secs)
2025-04-21 22:27:36,044 [DEBUG]  OP: Operation.SPLIT_ROWS on slice (147, 11) (remaining tasks 48)
2025-04-21 22:27:36,066 [DEBUG]  		found 2 row clusters (in 0.02188 secs)
2025-04-21 22:27:36,066 [DEBUG]  OP: Operation.SPLIT_ROWS on slice (200, 11) (remaining tasks 49)
2025-04-21 22:27:36,089 [DEBUG]  		found 2 row clusters (in 0.02273 secs)
2025-04-21 22:27:36,089 [DEBUG]  OP: Operation.SPLIT_ROWS on slice (82, 11) (remaining tasks 50)
2025-04-21 22:27:36,107 [DEBUG]  		found 2 row clusters (in 0.01792 secs)
2025-04-21 22:27:36,107 [DEBUG]  OP: Operation.SPLIT_ROWS on slice (116, 11) (remaining tasks 51)
2025-04-21 22:27:36,130 [DEBUG]  		found 2 row clusters (in 0.02212 secs)
2025-04-21 22:27:36,130 [DEBUG]  OP: Operation.SPLIT_ROWS on slice (85, 11) (remaining tasks 52)
2025-04-21 22:27:36,150 [DEBUG]  		found 2 row clusters (in 0.01986 secs)
2025-04-21 22:27:36,150 [DEBUG]  OP: Operation.NAIVE_FACTORIZATION on slice (53, 11) (remaining tasks 53)
2025-04-21 22:27:36,154 [DEBUG]  		naive factorization 11 columns (in 0.00391 secs)
2025-04-21 22:27:36,154 [DEBUG]  OP: Operation.SPLIT_COLUMNS on slice (102, 11) (remaining tasks 52)
2025-04-21 22:27:36,370 [DEBUG]  		found 1 col clusters (in 0.21582 secs)
2025-04-21 22:27:36,371 [DEBUG]  OP: Operation.NAIVE_FACTORIZATION on slice (73, 11) (remaining tasks 52)
2025-04-21 22:27:36,375 [DEBUG]  		naive factorization 11 columns (in 0.00413 secs)
2025-04-21 22:27:36,375 [DEBUG]  OP: Operation.NAIVE_FACTORIZATION on slice (5, 11) (remaining tasks 51)
2025-04-21 22:27:36,379 [DEBUG]  		naive factorization 11 columns (in 0.00358 secs)
2025-04-21 22:27:36,380 [DEBUG]  OP: Operation.NAIVE_FACTORIZATION on slice (72, 11) (remaining tasks 50)
2025-04-21 22:27:36,384 [DEBUG]  		naive factorization 11 columns (in 0.00378 secs)
2025-04-21 22:27:36,384 [DEBUG]  OP: Operation.NAIVE_FACTORIZATION on slice (11, 11) (remaining tasks 49)
2025-04-21 22:27:36,388 [DEBUG]  		naive factorization 11 columns (in 0.00346 secs)
2025-04-21 22:27:36,388 [DEBUG]  OP: Operation.NAIVE_FACTORIZATION on slice (45, 11) (remaining tasks 48)
2025-04-21 22:27:36,392 [DEBUG]  		naive factorization 11 columns (in 0.00379 secs)
2025-04-21 22:27:36,393 [DEBUG]  OP: Operation.NAIVE_FACTORIZATION on slice (44, 11) (remaining tasks 47)
2025-04-21 22:27:36,397 [DEBUG]  		naive factorization 11 columns (in 0.00356 secs)
2025-04-21 22:27:36,397 [DEBUG]  OP: Operation.SPLIT_COLUMNS on slice (96, 11) (remaining tasks 46)
2025-04-21 22:27:36,637 [DEBUG]  		found 1 col clusters (in 0.23987 secs)
2025-04-21 22:27:36,638 [DEBUG]  OP: Operation.NAIVE_FACTORIZATION on slice (71, 11) (remaining tasks 46)
2025-04-21 22:27:36,642 [DEBUG]  		naive factorization 11 columns (in 0.00394 secs)
2025-04-21 22:27:36,642 [DEBUG]  OP: Operation.NAIVE_FACTORIZATION on slice (40, 11) (remaining tasks 45)
2025-04-21 22:27:36,646 [DEBUG]  		naive factorization 11 columns (in 0.00351 secs)
2025-04-21 22:27:36,646 [DEBUG]  OP: Operation.NAIVE_FACTORIZATION on slice (70, 11) (remaining tasks 44)
2025-04-21 22:27:36,650 [DEBUG]  		naive factorization 11 columns (in 0.00388 secs)
2025-04-21 22:27:36,650 [DEBUG]  OP: Operation.NAIVE_FACTORIZATION on slice (42, 11) (remaining tasks 43)
2025-04-21 22:27:36,654 [DEBUG]  		naive factorization 11 columns (in 0.00361 secs)
2025-04-21 22:27:36,654 [DEBUG]  OP: Operation.NAIVE_FACTORIZATION on slice (64, 11) (remaining tasks 42)
2025-04-21 22:27:36,658 [DEBUG]  		naive factorization 11 columns (in 0.00411 secs)
2025-04-21 22:27:36,658 [DEBUG]  OP: Operation.SPLIT_COLUMNS on slice (323, 11) (remaining tasks 41)
2025-04-21 22:27:38,409 [DEBUG]  		found 1 col clusters (in 1.75041 secs)
2025-04-21 22:27:38,410 [DEBUG]  OP: Operation.SPLIT_COLUMNS on slice (361, 11) (remaining tasks 41)
2025-04-21 22:27:40,459 [DEBUG]  		found 1 col clusters (in 2.04910 secs)
2025-04-21 22:27:40,460 [DEBUG]  OP: Operation.SPLIT_COLUMNS on slice (136, 11) (remaining tasks 41)
2025-04-21 22:27:40,858 [DEBUG]  		found 1 col clusters (in 0.39845 secs)
2025-04-21 22:27:40,859 [DEBUG]  OP: Operation.NAIVE_FACTORIZATION on slice (70, 11) (remaining tasks 41)
2025-04-21 22:27:40,864 [DEBUG]  		naive factorization 11 columns (in 0.00467 secs)
2025-04-21 22:27:40,864 [DEBUG]  OP: Operation.SPLIT_COLUMNS on slice (165, 11) (remaining tasks 40)
2025-04-21 22:27:41,205 [DEBUG]  		found 1 col clusters (in 0.34108 secs)
2025-04-21 22:27:41,206 [DEBUG]  OP: Operation.NAIVE_FACTORIZATION on slice (28, 11) (remaining tasks 40)
2025-04-21 22:27:41,211 [DEBUG]  		naive factorization 11 columns (in 0.00506 secs)
2025-04-21 22:27:41,211 [DEBUG]  OP: Operation.SPLIT_COLUMNS on slice (221, 11) (remaining tasks 39)
2025-04-21 22:27:42,932 [DEBUG]  		found 1 col clusters (in 1.72089 secs)
2025-04-21 22:27:42,933 [DEBUG]  OP: Operation.SPLIT_COLUMNS on slice (211, 11) (remaining tasks 39)
2025-04-21 22:27:44,293 [DEBUG]  		found 1 col clusters (in 1.35990 secs)
2025-04-21 22:27:44,293 [DEBUG]  OP: Operation.NAIVE_FACTORIZATION on slice (21, 11) (remaining tasks 39)
2025-04-21 22:27:44,297 [DEBUG]  		naive factorization 11 columns (in 0.00432 secs)
2025-04-21 22:27:44,298 [DEBUG]  OP: Operation.SPLIT_COLUMNS on slice (145, 11) (remaining tasks 38)
2025-04-21 22:27:44,731 [DEBUG]  		found 1 col clusters (in 0.43341 secs)
2025-04-21 22:27:44,732 [DEBUG]  OP: Operation.SPLIT_COLUMNS on slice (108, 11) (remaining tasks 38)
2025-04-21 22:27:44,940 [DEBUG]  		found 1 col clusters (in 0.20832 secs)
2025-04-21 22:27:44,941 [DEBUG]  OP: Operation.SPLIT_COLUMNS on slice (145, 11) (remaining tasks 38)
2025-04-21 22:27:45,261 [DEBUG]  		found 1 col clusters (in 0.32026 secs)
2025-04-21 22:27:45,262 [DEBUG]  OP: Operation.SPLIT_COLUMNS on slice (102, 11) (remaining tasks 38)
2025-04-21 22:27:45,483 [DEBUG]  		found 1 col clusters (in 0.22089 secs)
2025-04-21 22:27:45,483 [DEBUG]  OP: Operation.SPLIT_COLUMNS on slice (127, 11) (remaining tasks 38)
2025-04-21 22:27:45,699 [DEBUG]  		found 1 col clusters (in 0.21570 secs)
2025-04-21 22:27:45,699 [DEBUG]  OP: Operation.SPLIT_COLUMNS on slice (126, 11) (remaining tasks 38)
2025-04-21 22:27:46,133 [DEBUG]  		found 1 col clusters (in 0.43310 secs)
2025-04-21 22:27:46,133 [DEBUG]  OP: Operation.SPLIT_COLUMNS on slice (164, 11) (remaining tasks 38)
2025-04-21 22:27:46,453 [DEBUG]  		found 1 col clusters (in 0.31956 secs)
2025-04-21 22:27:46,453 [DEBUG]  OP: Operation.SPLIT_COLUMNS on slice (117, 11) (remaining tasks 38)
2025-04-21 22:27:46,706 [DEBUG]  		found 1 col clusters (in 0.25245 secs)
2025-04-21 22:27:46,707 [DEBUG]  OP: Operation.SPLIT_COLUMNS on slice (96, 11) (remaining tasks 38)
2025-04-21 22:27:46,933 [DEBUG]  		found 1 col clusters (in 0.22600 secs)
2025-04-21 22:27:46,933 [DEBUG]  OP: Operation.SPLIT_COLUMNS on slice (174, 11) (remaining tasks 38)
2025-04-21 22:27:47,254 [DEBUG]  		found 1 col clusters (in 0.32076 secs)
2025-04-21 22:27:47,255 [DEBUG]  OP: Operation.SPLIT_COLUMNS on slice (225, 11) (remaining tasks 38)
2025-04-21 22:27:48,848 [DEBUG]  		found 1 col clusters (in 1.59274 secs)
2025-04-21 22:27:48,848 [DEBUG]  OP: Operation.SPLIT_COLUMNS on slice (231, 11) (remaining tasks 38)
2025-04-21 22:27:50,498 [DEBUG]  		found 1 col clusters (in 1.65009 secs)
2025-04-21 22:27:50,499 [DEBUG]  OP: Operation.SPLIT_COLUMNS on slice (216, 11) (remaining tasks 38)
2025-04-21 22:27:52,090 [DEBUG]  		found 1 col clusters (in 1.59071 secs)
2025-04-21 22:27:52,090 [DEBUG]  OP: Operation.NAIVE_FACTORIZATION on slice (22, 11) (remaining tasks 38)
2025-04-21 22:27:52,094 [DEBUG]  		naive factorization 11 columns (in 0.00373 secs)
2025-04-21 22:27:52,094 [DEBUG]  OP: Operation.SPLIT_COLUMNS on slice (327, 11) (remaining tasks 37)
2025-04-21 22:27:53,976 [DEBUG]  		found 1 col clusters (in 1.88170 secs)
2025-04-21 22:27:53,977 [DEBUG]  OP: Operation.SPLIT_COLUMNS on slice (322, 11) (remaining tasks 37)
2025-04-21 22:27:56,148 [DEBUG]  		found 1 col clusters (in 2.17060 secs)
2025-04-21 22:27:56,148 [DEBUG]  OP: Operation.SPLIT_COLUMNS on slice (175, 11) (remaining tasks 37)
2025-04-21 22:27:56,568 [DEBUG]  		found 1 col clusters (in 0.42030 secs)
2025-04-21 22:27:56,569 [DEBUG]  OP: Operation.SPLIT_COLUMNS on slice (141, 11) (remaining tasks 37)
2025-04-21 22:27:56,969 [DEBUG]  		found 1 col clusters (in 0.39984 secs)
2025-04-21 22:27:56,969 [DEBUG]  OP: Operation.SPLIT_COLUMNS on slice (183, 11) (remaining tasks 37)
2025-04-21 22:27:57,350 [DEBUG]  		found 1 col clusters (in 0.38057 secs)
2025-04-21 22:27:57,350 [DEBUG]  OP: Operation.SPLIT_COLUMNS on slice (117, 11) (remaining tasks 37)
2025-04-21 22:27:57,618 [DEBUG]  		found 1 col clusters (in 0.26778 secs)
2025-04-21 22:27:57,619 [DEBUG]  OP: Operation.NAIVE_FACTORIZATION on slice (51, 11) (remaining tasks 37)
2025-04-21 22:27:57,623 [DEBUG]  		naive factorization 11 columns (in 0.00379 secs)
2025-04-21 22:27:57,623 [DEBUG]  OP: Operation.NAIVE_FACTORIZATION on slice (61, 11) (remaining tasks 36)
2025-04-21 22:27:57,628 [DEBUG]  		naive factorization 11 columns (in 0.00403 secs)
2025-04-21 22:27:57,628 [DEBUG]  OP: Operation.SPLIT_COLUMNS on slice (86, 11) (remaining tasks 35)
2025-04-21 22:27:57,874 [DEBUG]  		found 1 col clusters (in 0.24595 secs)
2025-04-21 22:27:57,875 [DEBUG]  OP: Operation.SPLIT_COLUMNS on slice (93, 11) (remaining tasks 35)
2025-04-21 22:27:58,094 [DEBUG]  		found 1 col clusters (in 0.21889 secs)
2025-04-21 22:27:58,094 [DEBUG]  OP: Operation.SPLIT_COLUMNS on slice (107, 11) (remaining tasks 35)
2025-04-21 22:27:58,314 [DEBUG]  		found 1 col clusters (in 0.21944 secs)
2025-04-21 22:27:58,315 [DEBUG]  OP: Operation.NAIVE_FACTORIZATION on slice (21, 11) (remaining tasks 35)
2025-04-21 22:27:58,319 [DEBUG]  		naive factorization 11 columns (in 0.00394 secs)
2025-04-21 22:27:58,319 [DEBUG]  OP: Operation.NAIVE_FACTORIZATION on slice (61, 11) (remaining tasks 34)
2025-04-21 22:27:58,324 [DEBUG]  		naive factorization 11 columns (in 0.00410 secs)
2025-04-21 22:27:58,324 [DEBUG]  OP: Operation.NAIVE_FACTORIZATION on slice (57, 11) (remaining tasks 33)
2025-04-21 22:27:58,328 [DEBUG]  		naive factorization 11 columns (in 0.00393 secs)
2025-04-21 22:27:58,329 [DEBUG]  OP: Operation.NAIVE_FACTORIZATION on slice (59, 11) (remaining tasks 32)
2025-04-21 22:27:58,334 [DEBUG]  		naive factorization 11 columns (in 0.00501 secs)
2025-04-21 22:27:58,335 [DEBUG]  OP: Operation.NAIVE_FACTORIZATION on slice (67, 11) (remaining tasks 31)
2025-04-21 22:27:58,339 [DEBUG]  		naive factorization 11 columns (in 0.00411 secs)
2025-04-21 22:27:58,340 [DEBUG]  OP: Operation.NAIVE_FACTORIZATION on slice (18, 11) (remaining tasks 30)
2025-04-21 22:27:58,343 [DEBUG]  		naive factorization 11 columns (in 0.00349 secs)
2025-04-21 22:27:58,344 [DEBUG]  OP: Operation.SPLIT_ROWS on slice (102, 11) (remaining tasks 29)
2025-04-21 22:27:58,399 [DEBUG]  		found 2 row clusters (in 0.05528 secs)
2025-04-21 22:27:58,400 [DEBUG]  OP: Operation.SPLIT_ROWS on slice (96, 11) (remaining tasks 30)
2025-04-21 22:27:58,435 [DEBUG]  		found 2 row clusters (in 0.03528 secs)
2025-04-21 22:27:58,436 [DEBUG]  OP: Operation.SPLIT_ROWS on slice (323, 11) (remaining tasks 31)
2025-04-21 22:27:58,477 [DEBUG]  		found 2 row clusters (in 0.04170 secs)
2025-04-21 22:27:58,478 [DEBUG]  OP: Operation.SPLIT_ROWS on slice (361, 11) (remaining tasks 32)
2025-04-21 22:27:58,505 [DEBUG]  		found 2 row clusters (in 0.02686 secs)
2025-04-21 22:27:58,505 [DEBUG]  OP: Operation.SPLIT_ROWS on slice (136, 11) (remaining tasks 33)
2025-04-21 22:27:58,527 [DEBUG]  		found 2 row clusters (in 0.02240 secs)
2025-04-21 22:27:58,528 [DEBUG]  OP: Operation.SPLIT_ROWS on slice (165, 11) (remaining tasks 34)
2025-04-21 22:27:58,552 [DEBUG]  		found 2 row clusters (in 0.02479 secs)
2025-04-21 22:27:58,553 [DEBUG]  OP: Operation.SPLIT_ROWS on slice (221, 11) (remaining tasks 35)
2025-04-21 22:27:58,583 [DEBUG]  		found 2 row clusters (in 0.03052 secs)
2025-04-21 22:27:58,584 [DEBUG]  OP: Operation.SPLIT_ROWS on slice (211, 11) (remaining tasks 36)
2025-04-21 22:27:58,615 [DEBUG]  		found 2 row clusters (in 0.03112 secs)
2025-04-21 22:27:58,615 [DEBUG]  OP: Operation.SPLIT_ROWS on slice (145, 11) (remaining tasks 37)
2025-04-21 22:27:58,635 [DEBUG]  		found 2 row clusters (in 0.01971 secs)
2025-04-21 22:27:58,635 [DEBUG]  OP: Operation.SPLIT_ROWS on slice (108, 11) (remaining tasks 38)
2025-04-21 22:27:58,660 [DEBUG]  		found 2 row clusters (in 0.02453 secs)
2025-04-21 22:27:58,660 [DEBUG]  OP: Operation.SPLIT_ROWS on slice (145, 11) (remaining tasks 39)
2025-04-21 22:27:58,685 [DEBUG]  		found 2 row clusters (in 0.02468 secs)
2025-04-21 22:27:58,685 [DEBUG]  OP: Operation.SPLIT_ROWS on slice (102, 11) (remaining tasks 40)
2025-04-21 22:27:58,701 [DEBUG]  		found 2 row clusters (in 0.01606 secs)
2025-04-21 22:27:58,701 [DEBUG]  OP: Operation.SPLIT_ROWS on slice (127, 11) (remaining tasks 41)
2025-04-21 22:27:58,724 [DEBUG]  		found 2 row clusters (in 0.02296 secs)
2025-04-21 22:27:58,725 [DEBUG]  OP: Operation.SPLIT_ROWS on slice (126, 11) (remaining tasks 42)
2025-04-21 22:27:58,743 [DEBUG]  		found 2 row clusters (in 0.01881 secs)
2025-04-21 22:27:58,744 [DEBUG]  OP: Operation.SPLIT_ROWS on slice (164, 11) (remaining tasks 43)
2025-04-21 22:27:58,768 [DEBUG]  		found 2 row clusters (in 0.02411 secs)
2025-04-21 22:27:58,768 [DEBUG]  OP: Operation.SPLIT_ROWS on slice (117, 11) (remaining tasks 44)
2025-04-21 22:27:58,789 [DEBUG]  		found 2 row clusters (in 0.02111 secs)
2025-04-21 22:27:58,789 [DEBUG]  OP: Operation.SPLIT_ROWS on slice (96, 11) (remaining tasks 45)
2025-04-21 22:27:58,812 [DEBUG]  		found 2 row clusters (in 0.02254 secs)
2025-04-21 22:27:58,812 [DEBUG]  OP: Operation.SPLIT_ROWS on slice (174, 11) (remaining tasks 46)
2025-04-21 22:27:58,845 [DEBUG]  		found 2 row clusters (in 0.03223 secs)
2025-04-21 22:27:58,845 [DEBUG]  OP: Operation.SPLIT_ROWS on slice (225, 11) (remaining tasks 47)
2025-04-21 22:27:58,875 [DEBUG]  		found 2 row clusters (in 0.02979 secs)
2025-04-21 22:27:58,875 [DEBUG]  OP: Operation.SPLIT_ROWS on slice (231, 11) (remaining tasks 48)
2025-04-21 22:27:58,904 [DEBUG]  		found 2 row clusters (in 0.02889 secs)
2025-04-21 22:27:58,904 [DEBUG]  OP: Operation.SPLIT_ROWS on slice (216, 11) (remaining tasks 49)
2025-04-21 22:27:58,931 [DEBUG]  		found 2 row clusters (in 0.02649 secs)
2025-04-21 22:27:58,931 [DEBUG]  OP: Operation.SPLIT_ROWS on slice (327, 11) (remaining tasks 50)
2025-04-21 22:27:58,963 [DEBUG]  		found 2 row clusters (in 0.03212 secs)
2025-04-21 22:27:58,964 [DEBUG]  OP: Operation.SPLIT_ROWS on slice (322, 11) (remaining tasks 51)
2025-04-21 22:27:58,994 [DEBUG]  		found 2 row clusters (in 0.03039 secs)
2025-04-21 22:27:58,994 [DEBUG]  OP: Operation.SPLIT_ROWS on slice (175, 11) (remaining tasks 52)
2025-04-21 22:27:59,017 [DEBUG]  		found 2 row clusters (in 0.02251 secs)
2025-04-21 22:27:59,017 [DEBUG]  OP: Operation.SPLIT_ROWS on slice (141, 11) (remaining tasks 53)
2025-04-21 22:27:59,049 [DEBUG]  		found 2 row clusters (in 0.03182 secs)
2025-04-21 22:27:59,049 [DEBUG]  OP: Operation.SPLIT_ROWS on slice (183, 11) (remaining tasks 54)
2025-04-21 22:27:59,074 [DEBUG]  		found 2 row clusters (in 0.02503 secs)
2025-04-21 22:27:59,074 [DEBUG]  OP: Operation.SPLIT_ROWS on slice (117, 11) (remaining tasks 55)
2025-04-21 22:27:59,096 [DEBUG]  		found 2 row clusters (in 0.02098 secs)
2025-04-21 22:27:59,096 [DEBUG]  OP: Operation.SPLIT_ROWS on slice (86, 11) (remaining tasks 56)
2025-04-21 22:27:59,117 [DEBUG]  		found 2 row clusters (in 0.02077 secs)
2025-04-21 22:27:59,117 [DEBUG]  OP: Operation.SPLIT_ROWS on slice (93, 11) (remaining tasks 57)
2025-04-21 22:27:59,135 [DEBUG]  		found 2 row clusters (in 0.01808 secs)
2025-04-21 22:27:59,135 [DEBUG]  OP: Operation.SPLIT_ROWS on slice (107, 11) (remaining tasks 58)
2025-04-21 22:27:59,153 [DEBUG]  		found 2 row clusters (in 0.01810 secs)
2025-04-21 22:27:59,153 [DEBUG]  OP: Operation.NAIVE_FACTORIZATION on slice (48, 11) (remaining tasks 59)
2025-04-21 22:27:59,158 [DEBUG]  		naive factorization 11 columns (in 0.00476 secs)
2025-04-21 22:27:59,159 [DEBUG]  OP: Operation.NAIVE_FACTORIZATION on slice (54, 11) (remaining tasks 58)
2025-04-21 22:27:59,163 [DEBUG]  		naive factorization 11 columns (in 0.00390 secs)
2025-04-21 22:27:59,163 [DEBUG]  OP: Operation.NAIVE_FACTORIZATION on slice (44, 11) (remaining tasks 57)
2025-04-21 22:27:59,167 [DEBUG]  		naive factorization 11 columns (in 0.00366 secs)
2025-04-21 22:27:59,167 [DEBUG]  OP: Operation.NAIVE_FACTORIZATION on slice (52, 11) (remaining tasks 56)
2025-04-21 22:27:59,172 [DEBUG]  		naive factorization 11 columns (in 0.00479 secs)
2025-04-21 22:27:59,172 [DEBUG]  OP: Operation.SPLIT_COLUMNS on slice (158, 11) (remaining tasks 55)
2025-04-21 22:27:59,489 [DEBUG]  		found 1 col clusters (in 0.31641 secs)
2025-04-21 22:27:59,489 [DEBUG]  OP: Operation.SPLIT_COLUMNS on slice (165, 11) (remaining tasks 55)
2025-04-21 22:27:59,847 [DEBUG]  		found 1 col clusters (in 0.35734 secs)
2025-04-21 22:27:59,847 [DEBUG]  OP: Operation.SPLIT_COLUMNS on slice (108, 11) (remaining tasks 55)
2025-04-21 22:28:00,111 [DEBUG]  		found 1 col clusters (in 0.26436 secs)
2025-04-21 22:28:00,112 [DEBUG]  OP: Operation.SPLIT_COLUMNS on slice (253, 11) (remaining tasks 55)
2025-04-21 22:28:01,732 [DEBUG]  		found 1 col clusters (in 1.61992 secs)
2025-04-21 22:28:01,733 [DEBUG]  OP: Operation.NAIVE_FACTORIZATION on slice (70, 11) (remaining tasks 55)
2025-04-21 22:28:01,741 [DEBUG]  		naive factorization 11 columns (in 0.00778 secs)
2025-04-21 22:28:01,741 [DEBUG]  OP: Operation.NAIVE_FACTORIZATION on slice (66, 11) (remaining tasks 54)
2025-04-21 22:28:01,748 [DEBUG]  		naive factorization 11 columns (in 0.00597 secs)
2025-04-21 22:28:01,748 [DEBUG]  OP: Operation.NAIVE_FACTORIZATION on slice (19, 11) (remaining tasks 53)
2025-04-21 22:28:01,754 [DEBUG]  		naive factorization 11 columns (in 0.00629 secs)
2025-04-21 22:28:01,755 [DEBUG]  OP: Operation.SPLIT_COLUMNS on slice (146, 11) (remaining tasks 52)
2025-04-21 22:28:02,123 [DEBUG]  		found 1 col clusters (in 0.36846 secs)
2025-04-21 22:28:02,124 [DEBUG]  OP: Operation.SPLIT_COLUMNS on slice (215, 11) (remaining tasks 52)
2025-04-21 22:28:03,590 [DEBUG]  		found 1 col clusters (in 1.46581 secs)
2025-04-21 22:28:03,590 [DEBUG]  OP: Operation.NAIVE_FACTORIZATION on slice (6, 11) (remaining tasks 52)
2025-04-21 22:28:03,595 [DEBUG]  		naive factorization 11 columns (in 0.00497 secs)
2025-04-21 22:28:03,596 [DEBUG]  OP: Operation.SPLIT_COLUMNS on slice (169, 11) (remaining tasks 51)
2025-04-21 22:28:04,002 [DEBUG]  		found 1 col clusters (in 0.40589 secs)
2025-04-21 22:28:04,002 [DEBUG]  OP: Operation.NAIVE_FACTORIZATION on slice (42, 11) (remaining tasks 51)
2025-04-21 22:28:04,008 [DEBUG]  		naive factorization 11 columns (in 0.00544 secs)
2025-04-21 22:28:04,008 [DEBUG]  OP: Operation.NAIVE_FACTORIZATION on slice (50, 11) (remaining tasks 50)
2025-04-21 22:28:04,014 [DEBUG]  		naive factorization 11 columns (in 0.00537 secs)
2025-04-21 22:28:04,014 [DEBUG]  OP: Operation.SPLIT_COLUMNS on slice (95, 11) (remaining tasks 49)
2025-04-21 22:28:04,287 [DEBUG]  		found 1 col clusters (in 0.27256 secs)
2025-04-21 22:28:04,287 [DEBUG]  OP: Operation.NAIVE_FACTORIZATION on slice (67, 11) (remaining tasks 49)
2025-04-21 22:28:04,292 [DEBUG]  		naive factorization 11 columns (in 0.00467 secs)
2025-04-21 22:28:04,293 [DEBUG]  OP: Operation.NAIVE_FACTORIZATION on slice (41, 11) (remaining tasks 48)
2025-04-21 22:28:04,297 [DEBUG]  		naive factorization 11 columns (in 0.00375 secs)
2025-04-21 22:28:04,297 [DEBUG]  OP: Operation.SPLIT_COLUMNS on slice (80, 11) (remaining tasks 47)
2025-04-21 22:28:04,520 [DEBUG]  		found 1 col clusters (in 0.22227 secs)
2025-04-21 22:28:04,520 [DEBUG]  OP: Operation.NAIVE_FACTORIZATION on slice (65, 11) (remaining tasks 47)
2025-04-21 22:28:04,524 [DEBUG]  		naive factorization 11 columns (in 0.00396 secs)
2025-04-21 22:28:04,525 [DEBUG]  OP: Operation.SPLIT_COLUMNS on slice (79, 11) (remaining tasks 46)
2025-04-21 22:28:04,744 [DEBUG]  		found 1 col clusters (in 0.21886 secs)
2025-04-21 22:28:04,744 [DEBUG]  OP: Operation.NAIVE_FACTORIZATION on slice (23, 11) (remaining tasks 46)
2025-04-21 22:28:04,748 [DEBUG]  		naive factorization 11 columns (in 0.00360 secs)
2025-04-21 22:28:04,749 [DEBUG]  OP: Operation.SPLIT_COLUMNS on slice (119, 11) (remaining tasks 45)
2025-04-21 22:28:04,967 [DEBUG]  		found 1 col clusters (in 0.21857 secs)
2025-04-21 22:28:04,968 [DEBUG]  OP: Operation.NAIVE_FACTORIZATION on slice (8, 11) (remaining tasks 45)
2025-04-21 22:28:04,971 [DEBUG]  		naive factorization 11 columns (in 0.00339 secs)
2025-04-21 22:28:04,972 [DEBUG]  OP: Operation.SPLIT_COLUMNS on slice (123, 11) (remaining tasks 44)
2025-04-21 22:28:05,188 [DEBUG]  		found 1 col clusters (in 0.21556 secs)
2025-04-21 22:28:05,188 [DEBUG]  OP: Operation.NAIVE_FACTORIZATION on slice (3, 11) (remaining tasks 44)
2025-04-21 22:28:05,192 [DEBUG]  		naive factorization 11 columns (in 0.00349 secs)
2025-04-21 22:28:05,192 [DEBUG]  OP: Operation.NAIVE_FACTORIZATION on slice (69, 11) (remaining tasks 43)
2025-04-21 22:28:05,197 [DEBUG]  		naive factorization 11 columns (in 0.00399 secs)
2025-04-21 22:28:05,197 [DEBUG]  OP: Operation.SPLIT_COLUMNS on slice (95, 11) (remaining tasks 42)
2025-04-21 22:28:05,439 [DEBUG]  		found 1 col clusters (in 0.24184 secs)
2025-04-21 22:28:05,440 [DEBUG]  OP: Operation.NAIVE_FACTORIZATION on slice (18, 11) (remaining tasks 42)
2025-04-21 22:28:05,443 [DEBUG]  		naive factorization 11 columns (in 0.00346 secs)
2025-04-21 22:28:05,444 [DEBUG]  OP: Operation.SPLIT_COLUMNS on slice (99, 11) (remaining tasks 41)
2025-04-21 22:28:05,667 [DEBUG]  		found 1 col clusters (in 0.22260 secs)
2025-04-21 22:28:05,667 [DEBUG]  OP: Operation.NAIVE_FACTORIZATION on slice (49, 11) (remaining tasks 41)
2025-04-21 22:28:05,671 [DEBUG]  		naive factorization 11 columns (in 0.00390 secs)
2025-04-21 22:28:05,672 [DEBUG]  OP: Operation.NAIVE_FACTORIZATION on slice (47, 11) (remaining tasks 40)
2025-04-21 22:28:05,675 [DEBUG]  		naive factorization 11 columns (in 0.00357 secs)
2025-04-21 22:28:05,676 [DEBUG]  OP: Operation.SPLIT_COLUMNS on slice (157, 11) (remaining tasks 39)
2025-04-21 22:28:05,994 [DEBUG]  		found 1 col clusters (in 0.31814 secs)
2025-04-21 22:28:05,995 [DEBUG]  OP: Operation.NAIVE_FACTORIZATION on slice (17, 11) (remaining tasks 39)
2025-04-21 22:28:05,998 [DEBUG]  		naive factorization 11 columns (in 0.00357 secs)
2025-04-21 22:28:05,999 [DEBUG]  OP: Operation.SPLIT_COLUMNS on slice (138, 11) (remaining tasks 38)
2025-04-21 22:28:06,343 [DEBUG]  		found 1 col clusters (in 0.34359 secs)
2025-04-21 22:28:06,343 [DEBUG]  OP: Operation.SPLIT_COLUMNS on slice (87, 11) (remaining tasks 38)
2025-04-21 22:28:06,589 [DEBUG]  		found 1 col clusters (in 0.24613 secs)
2025-04-21 22:28:06,590 [DEBUG]  OP: Operation.SPLIT_COLUMNS on slice (115, 11) (remaining tasks 38)
2025-04-21 22:28:06,807 [DEBUG]  		found 1 col clusters (in 0.21667 secs)
2025-04-21 22:28:06,807 [DEBUG]  OP: Operation.SPLIT_COLUMNS on slice (116, 11) (remaining tasks 38)
2025-04-21 22:28:07,024 [DEBUG]  		found 1 col clusters (in 0.21686 secs)
2025-04-21 22:28:07,025 [DEBUG]  OP: Operation.SPLIT_COLUMNS on slice (187, 11) (remaining tasks 38)
2025-04-21 22:28:07,348 [DEBUG]  		found 1 col clusters (in 0.32358 secs)
2025-04-21 22:28:07,349 [DEBUG]  OP: Operation.NAIVE_FACTORIZATION on slice (29, 11) (remaining tasks 38)
2025-04-21 22:28:07,354 [DEBUG]  		naive factorization 11 columns (in 0.00512 secs)
2025-04-21 22:28:07,355 [DEBUG]  OP: Operation.SPLIT_COLUMNS on slice (214, 11) (remaining tasks 37)
2025-04-21 22:28:08,792 [DEBUG]  		found 1 col clusters (in 1.43728 secs)
2025-04-21 22:28:08,793 [DEBUG]  OP: Operation.SPLIT_COLUMNS on slice (113, 11) (remaining tasks 37)
2025-04-21 22:28:09,140 [DEBUG]  		found 1 col clusters (in 0.34721 secs)
2025-04-21 22:28:09,141 [DEBUG]  OP: Operation.SPLIT_COLUMNS on slice (170, 11) (remaining tasks 37)
2025-04-21 22:28:09,468 [DEBUG]  		found 1 col clusters (in 0.32718 secs)
2025-04-21 22:28:09,468 [DEBUG]  OP: Operation.SPLIT_COLUMNS on slice (152, 11) (remaining tasks 37)
2025-04-21 22:28:09,752 [DEBUG]  		found 1 col clusters (in 0.28387 secs)
2025-04-21 22:28:09,753 [DEBUG]  OP: Operation.SPLIT_COLUMNS on slice (77, 11) (remaining tasks 37)
2025-04-21 22:28:10,110 [DEBUG]  		found 1 col clusters (in 0.35703 secs)
2025-04-21 22:28:10,111 [DEBUG]  OP: Operation.SPLIT_COLUMNS on slice (98, 11) (remaining tasks 37)
2025-04-21 22:28:10,346 [DEBUG]  		found 1 col clusters (in 0.23499 secs)
2025-04-21 22:28:10,346 [DEBUG]  OP: Operation.NAIVE_FACTORIZATION on slice (76, 11) (remaining tasks 37)
2025-04-21 22:28:10,352 [DEBUG]  		naive factorization 11 columns (in 0.00523 secs)
2025-04-21 22:28:10,352 [DEBUG]  OP: Operation.NAIVE_FACTORIZATION on slice (65, 11) (remaining tasks 36)
2025-04-21 22:28:10,357 [DEBUG]  		naive factorization 11 columns (in 0.00470 secs)
2025-04-21 22:28:10,358 [DEBUG]  OP: Operation.SPLIT_COLUMNS on slice (132, 11) (remaining tasks 35)
2025-04-21 22:28:10,677 [DEBUG]  		found 1 col clusters (in 0.31928 secs)
2025-04-21 22:28:10,678 [DEBUG]  OP: Operation.NAIVE_FACTORIZATION on slice (51, 11) (remaining tasks 35)
2025-04-21 22:28:10,683 [DEBUG]  		naive factorization 11 columns (in 0.00504 secs)
2025-04-21 22:28:10,683 [DEBUG]  OP: Operation.NAIVE_FACTORIZATION on slice (64, 11) (remaining tasks 34)
2025-04-21 22:28:10,689 [DEBUG]  		naive factorization 11 columns (in 0.00523 secs)
2025-04-21 22:28:10,689 [DEBUG]  OP: Operation.NAIVE_FACTORIZATION on slice (53, 11) (remaining tasks 33)
2025-04-21 22:28:10,692 [DEBUG]  		naive factorization 11 columns (in 0.00295 secs)
2025-04-21 22:28:10,693 [DEBUG]  OP: Operation.NAIVE_FACTORIZATION on slice (21, 11) (remaining tasks 32)
2025-04-21 22:28:10,697 [DEBUG]  		naive factorization 11 columns (in 0.00401 secs)
2025-04-21 22:28:10,697 [DEBUG]  OP: Operation.NAIVE_FACTORIZATION on slice (65, 11) (remaining tasks 31)
2025-04-21 22:28:10,701 [DEBUG]  		naive factorization 11 columns (in 0.00400 secs)
2025-04-21 22:28:10,702 [DEBUG]  OP: Operation.NAIVE_FACTORIZATION on slice (47, 11) (remaining tasks 30)
2025-04-21 22:28:10,706 [DEBUG]  		naive factorization 11 columns (in 0.00408 secs)
2025-04-21 22:28:10,707 [DEBUG]  OP: Operation.NAIVE_FACTORIZATION on slice (46, 11) (remaining tasks 29)
2025-04-21 22:28:10,711 [DEBUG]  		naive factorization 11 columns (in 0.00421 secs)
2025-04-21 22:28:10,711 [DEBUG]  OP: Operation.NAIVE_FACTORIZATION on slice (68, 11) (remaining tasks 28)
2025-04-21 22:28:10,715 [DEBUG]  		naive factorization 11 columns (in 0.00376 secs)
2025-04-21 22:28:10,716 [DEBUG]  OP: Operation.NAIVE_FACTORIZATION on slice (39, 11) (remaining tasks 27)
2025-04-21 22:28:10,720 [DEBUG]  		naive factorization 11 columns (in 0.00419 secs)
2025-04-21 22:28:10,721 [DEBUG]  OP: Operation.SPLIT_ROWS on slice (158, 11) (remaining tasks 26)
2025-04-21 22:28:10,753 [DEBUG]  		found 2 row clusters (in 0.03202 secs)
2025-04-21 22:28:10,753 [DEBUG]  OP: Operation.SPLIT_ROWS on slice (165, 11) (remaining tasks 27)
2025-04-21 22:28:10,788 [DEBUG]  		found 2 row clusters (in 0.03456 secs)
2025-04-21 22:28:10,788 [DEBUG]  OP: Operation.SPLIT_ROWS on slice (108, 11) (remaining tasks 28)
2025-04-21 22:28:10,801 [DEBUG]  		found 2 row clusters (in 0.01320 secs)
2025-04-21 22:28:10,801 [DEBUG]  OP: Operation.SPLIT_ROWS on slice (253, 11) (remaining tasks 29)
2025-04-21 22:28:10,823 [DEBUG]  		found 2 row clusters (in 0.02188 secs)
2025-04-21 22:28:10,824 [DEBUG]  OP: Operation.SPLIT_ROWS on slice (146, 11) (remaining tasks 30)
2025-04-21 22:28:10,843 [DEBUG]  		found 2 row clusters (in 0.01941 secs)
2025-04-21 22:28:10,843 [DEBUG]  OP: Operation.SPLIT_ROWS on slice (215, 11) (remaining tasks 31)
2025-04-21 22:28:10,866 [DEBUG]  		found 2 row clusters (in 0.02245 secs)
2025-04-21 22:28:10,866 [DEBUG]  OP: Operation.SPLIT_ROWS on slice (169, 11) (remaining tasks 32)
2025-04-21 22:28:10,894 [DEBUG]  		found 2 row clusters (in 0.02767 secs)
2025-04-21 22:28:10,894 [DEBUG]  OP: Operation.SPLIT_ROWS on slice (95, 11) (remaining tasks 33)
2025-04-21 22:28:10,912 [DEBUG]  		found 2 row clusters (in 0.01745 secs)
2025-04-21 22:28:10,912 [DEBUG]  OP: Operation.SPLIT_ROWS on slice (80, 11) (remaining tasks 34)
2025-04-21 22:28:10,926 [DEBUG]  		found 2 row clusters (in 0.01420 secs)
2025-04-21 22:28:10,926 [DEBUG]  OP: Operation.SPLIT_ROWS on slice (79, 11) (remaining tasks 35)
2025-04-21 22:28:10,943 [DEBUG]  		found 2 row clusters (in 0.01717 secs)
2025-04-21 22:28:10,944 [DEBUG]  OP: Operation.SPLIT_ROWS on slice (119, 11) (remaining tasks 36)
2025-04-21 22:28:10,966 [DEBUG]  		found 2 row clusters (in 0.02277 secs)
2025-04-21 22:28:10,967 [DEBUG]  OP: Operation.SPLIT_ROWS on slice (123, 11) (remaining tasks 37)
2025-04-21 22:28:10,984 [DEBUG]  		found 2 row clusters (in 0.01750 secs)
2025-04-21 22:28:10,984 [DEBUG]  OP: Operation.SPLIT_ROWS on slice (95, 11) (remaining tasks 38)
2025-04-21 22:28:11,001 [DEBUG]  		found 2 row clusters (in 0.01686 secs)
2025-04-21 22:28:11,002 [DEBUG]  OP: Operation.SPLIT_ROWS on slice (99, 11) (remaining tasks 39)
2025-04-21 22:28:11,021 [DEBUG]  		found 2 row clusters (in 0.01975 secs)
2025-04-21 22:28:11,022 [DEBUG]  OP: Operation.SPLIT_ROWS on slice (157, 11) (remaining tasks 40)
2025-04-21 22:28:11,040 [DEBUG]  		found 2 row clusters (in 0.01833 secs)
2025-04-21 22:28:11,040 [DEBUG]  OP: Operation.SPLIT_ROWS on slice (138, 11) (remaining tasks 41)
2025-04-21 22:28:11,059 [DEBUG]  		found 2 row clusters (in 0.01887 secs)
2025-04-21 22:28:11,059 [DEBUG]  OP: Operation.SPLIT_ROWS on slice (87, 11) (remaining tasks 42)
2025-04-21 22:28:11,074 [DEBUG]  		found 2 row clusters (in 0.01465 secs)
2025-04-21 22:28:11,074 [DEBUG]  OP: Operation.SPLIT_ROWS on slice (115, 11) (remaining tasks 43)
2025-04-21 22:28:11,093 [DEBUG]  		found 2 row clusters (in 0.01831 secs)
2025-04-21 22:28:11,093 [DEBUG]  OP: Operation.SPLIT_ROWS on slice (116, 11) (remaining tasks 44)
2025-04-21 22:28:11,106 [DEBUG]  		found 2 row clusters (in 0.01357 secs)
2025-04-21 22:28:11,107 [DEBUG]  OP: Operation.SPLIT_ROWS on slice (187, 11) (remaining tasks 45)
2025-04-21 22:28:11,136 [DEBUG]  		found 2 row clusters (in 0.02887 secs)
2025-04-21 22:28:11,136 [DEBUG]  OP: Operation.SPLIT_ROWS on slice (214, 11) (remaining tasks 46)
2025-04-21 22:28:11,164 [DEBUG]  		found 2 row clusters (in 0.02864 secs)
2025-04-21 22:28:11,165 [DEBUG]  OP: Operation.SPLIT_ROWS on slice (113, 11) (remaining tasks 47)
2025-04-21 22:28:11,183 [DEBUG]  		found 2 row clusters (in 0.01840 secs)
2025-04-21 22:28:11,183 [DEBUG]  OP: Operation.SPLIT_ROWS on slice (170, 11) (remaining tasks 48)
2025-04-21 22:28:11,205 [DEBUG]  		found 2 row clusters (in 0.02127 secs)
2025-04-21 22:28:11,205 [DEBUG]  OP: Operation.SPLIT_ROWS on slice (152, 11) (remaining tasks 49)
2025-04-21 22:28:11,226 [DEBUG]  		found 2 row clusters (in 0.02103 secs)
2025-04-21 22:28:11,226 [DEBUG]  OP: Operation.SPLIT_ROWS on slice (77, 11) (remaining tasks 50)
2025-04-21 22:28:11,241 [DEBUG]  		found 2 row clusters (in 0.01519 secs)
2025-04-21 22:28:11,242 [DEBUG]  OP: Operation.SPLIT_ROWS on slice (98, 11) (remaining tasks 51)
2025-04-21 22:28:11,258 [DEBUG]  		found 2 row clusters (in 0.01623 secs)
2025-04-21 22:28:11,258 [DEBUG]  OP: Operation.SPLIT_ROWS on slice (132, 11) (remaining tasks 52)
2025-04-21 22:28:11,276 [DEBUG]  		found 2 row clusters (in 0.01785 secs)
2025-04-21 22:28:11,276 [DEBUG]  OP: Operation.NAIVE_FACTORIZATION on slice (9, 11) (remaining tasks 53)
2025-04-21 22:28:11,280 [DEBUG]  		naive factorization 11 columns (in 0.00400 secs)
2025-04-21 22:28:11,281 [DEBUG]  OP: Operation.SPLIT_COLUMNS on slice (149, 11) (remaining tasks 52)
2025-04-21 22:28:11,492 [DEBUG]  		found 1 col clusters (in 0.21076 secs)
2025-04-21 22:28:11,492 [DEBUG]  OP: Operation.NAIVE_FACTORIZATION on slice (53, 11) (remaining tasks 52)
2025-04-21 22:28:11,497 [DEBUG]  		naive factorization 11 columns (in 0.00469 secs)
2025-04-21 22:28:11,497 [DEBUG]  OP: Operation.SPLIT_COLUMNS on slice (112, 11) (remaining tasks 51)
2025-04-21 22:28:11,818 [DEBUG]  		found 1 col clusters (in 0.32054 secs)
2025-04-21 22:28:11,819 [DEBUG]  OP: Operation.SPLIT_COLUMNS on slice (93, 11) (remaining tasks 51)
2025-04-21 22:28:12,041 [DEBUG]  		found 1 col clusters (in 0.22228 secs)
2025-04-21 22:28:12,042 [DEBUG]  OP: Operation.NAIVE_FACTORIZATION on slice (15, 11) (remaining tasks 51)
2025-04-21 22:28:12,046 [DEBUG]  		naive factorization 11 columns (in 0.00418 secs)
2025-04-21 22:28:12,047 [DEBUG]  OP: Operation.SPLIT_COLUMNS on slice (146, 11) (remaining tasks 50)
2025-04-21 22:28:12,372 [DEBUG]  		found 1 col clusters (in 0.32574 secs)
2025-04-21 22:28:12,373 [DEBUG]  OP: Operation.SPLIT_COLUMNS on slice (107, 11) (remaining tasks 50)
2025-04-21 22:28:12,619 [DEBUG]  		found 1 col clusters (in 0.24592 secs)
2025-04-21 22:28:12,620 [DEBUG]  OP: Operation.NAIVE_FACTORIZATION on slice (59, 11) (remaining tasks 50)
2025-04-21 22:28:12,625 [DEBUG]  		naive factorization 11 columns (in 0.00511 secs)
2025-04-21 22:28:12,625 [DEBUG]  OP: Operation.SPLIT_COLUMNS on slice (87, 11) (remaining tasks 49)
2025-04-21 22:28:12,849 [DEBUG]  		found 1 col clusters (in 0.22323 secs)
2025-04-21 22:28:12,849 [DEBUG]  OP: Operation.SPLIT_COLUMNS on slice (84, 11) (remaining tasks 49)
2025-04-21 22:28:13,075 [DEBUG]  		found 1 col clusters (in 0.22596 secs)
2025-04-21 22:28:13,076 [DEBUG]  OP: Operation.SPLIT_COLUMNS on slice (131, 11) (remaining tasks 49)
2025-04-21 22:28:13,298 [DEBUG]  		found 1 col clusters (in 0.22211 secs)
2025-04-21 22:28:13,299 [DEBUG]  OP: Operation.SPLIT_COLUMNS on slice (114, 11) (remaining tasks 49)
2025-04-21 22:28:13,623 [DEBUG]  		found 1 col clusters (in 0.32387 secs)
2025-04-21 22:28:13,623 [DEBUG]  OP: Operation.NAIVE_FACTORIZATION on slice (55, 11) (remaining tasks 49)
2025-04-21 22:28:13,629 [DEBUG]  		naive factorization 11 columns (in 0.00511 secs)
2025-04-21 22:28:13,629 [DEBUG]  OP: Operation.NAIVE_FACTORIZATION on slice (50, 11) (remaining tasks 48)
2025-04-21 22:28:13,633 [DEBUG]  		naive factorization 11 columns (in 0.00386 secs)
2025-04-21 22:28:13,634 [DEBUG]  OP: Operation.NAIVE_FACTORIZATION on slice (45, 11) (remaining tasks 47)
2025-04-21 22:28:13,639 [DEBUG]  		naive factorization 11 columns (in 0.00480 secs)
2025-04-21 22:28:13,639 [DEBUG]  OP: Operation.NAIVE_FACTORIZATION on slice (23, 11) (remaining tasks 46)
2025-04-21 22:28:13,644 [DEBUG]  		naive factorization 11 columns (in 0.00476 secs)
2025-04-21 22:28:13,645 [DEBUG]  OP: Operation.NAIVE_FACTORIZATION on slice (57, 11) (remaining tasks 45)
2025-04-21 22:28:13,649 [DEBUG]  		naive factorization 11 columns (in 0.00395 secs)
2025-04-21 22:28:13,649 [DEBUG]  OP: Operation.NAIVE_FACTORIZATION on slice (31, 11) (remaining tasks 44)
2025-04-21 22:28:13,655 [DEBUG]  		naive factorization 11 columns (in 0.00522 secs)
2025-04-21 22:28:13,655 [DEBUG]  OP: Operation.NAIVE_FACTORIZATION on slice (48, 11) (remaining tasks 43)
2025-04-21 22:28:13,661 [DEBUG]  		naive factorization 11 columns (in 0.00496 secs)
2025-04-21 22:28:13,661 [DEBUG]  OP: Operation.NAIVE_FACTORIZATION on slice (64, 11) (remaining tasks 42)
2025-04-21 22:28:13,665 [DEBUG]  		naive factorization 11 columns (in 0.00409 secs)
2025-04-21 22:28:13,666 [DEBUG]  OP: Operation.NAIVE_FACTORIZATION on slice (55, 11) (remaining tasks 41)
2025-04-21 22:28:13,671 [DEBUG]  		naive factorization 11 columns (in 0.00445 secs)
2025-04-21 22:28:13,671 [DEBUG]  OP: Operation.SPLIT_COLUMNS on slice (100, 11) (remaining tasks 40)
2025-04-21 22:28:13,895 [DEBUG]  		found 1 col clusters (in 0.22395 secs)
2025-04-21 22:28:13,896 [DEBUG]  OP: Operation.NAIVE_FACTORIZATION on slice (23, 11) (remaining tasks 40)
2025-04-21 22:28:13,900 [DEBUG]  		naive factorization 11 columns (in 0.00447 secs)
2025-04-21 22:28:13,901 [DEBUG]  OP: Operation.NAIVE_FACTORIZATION on slice (54, 11) (remaining tasks 39)
2025-04-21 22:28:13,905 [DEBUG]  		naive factorization 11 columns (in 0.00427 secs)
2025-04-21 22:28:13,906 [DEBUG]  OP: Operation.NAIVE_FACTORIZATION on slice (41, 11) (remaining tasks 38)
2025-04-21 22:28:13,910 [DEBUG]  		naive factorization 11 columns (in 0.00399 secs)
2025-04-21 22:28:13,911 [DEBUG]  OP: Operation.NAIVE_FACTORIZATION on slice (39, 11) (remaining tasks 37)
2025-04-21 22:28:13,915 [DEBUG]  		naive factorization 11 columns (in 0.00426 secs)
2025-04-21 22:28:13,916 [DEBUG]  OP: Operation.NAIVE_FACTORIZATION on slice (60, 11) (remaining tasks 36)
2025-04-21 22:28:13,920 [DEBUG]  		naive factorization 11 columns (in 0.00409 secs)
2025-04-21 22:28:13,920 [DEBUG]  OP: Operation.NAIVE_FACTORIZATION on slice (66, 11) (remaining tasks 35)
2025-04-21 22:28:13,925 [DEBUG]  		naive factorization 11 columns (in 0.00452 secs)
2025-04-21 22:28:13,926 [DEBUG]  OP: Operation.SPLIT_COLUMNS on slice (91, 11) (remaining tasks 34)
2025-04-21 22:28:14,155 [DEBUG]  		found 1 col clusters (in 0.22908 secs)
2025-04-21 22:28:14,155 [DEBUG]  OP: Operation.NAIVE_FACTORIZATION on slice (70, 11) (remaining tasks 34)
2025-04-21 22:28:14,160 [DEBUG]  		naive factorization 11 columns (in 0.00451 secs)
2025-04-21 22:28:14,161 [DEBUG]  OP: Operation.NAIVE_FACTORIZATION on slice (68, 11) (remaining tasks 33)
2025-04-21 22:28:14,166 [DEBUG]  		naive factorization 11 columns (in 0.00479 secs)
2025-04-21 22:28:14,166 [DEBUG]  OP: Operation.SPLIT_COLUMNS on slice (83, 11) (remaining tasks 32)
2025-04-21 22:28:14,386 [DEBUG]  		found 1 col clusters (in 0.21937 secs)
2025-04-21 22:28:14,386 [DEBUG]  OP: Operation.NAIVE_FACTORIZATION on slice (4, 11) (remaining tasks 32)
2025-04-21 22:28:14,391 [DEBUG]  		naive factorization 11 columns (in 0.00466 secs)
2025-04-21 22:28:14,391 [DEBUG]  OP: Operation.NAIVE_FACTORIZATION on slice (67, 11) (remaining tasks 31)
2025-04-21 22:28:14,396 [DEBUG]  		naive factorization 11 columns (in 0.00441 secs)
2025-04-21 22:28:14,397 [DEBUG]  OP: Operation.NAIVE_FACTORIZATION on slice (48, 11) (remaining tasks 30)
2025-04-21 22:28:14,401 [DEBUG]  		naive factorization 11 columns (in 0.00433 secs)
2025-04-21 22:28:14,402 [DEBUG]  OP: Operation.NAIVE_FACTORIZATION on slice (10, 11) (remaining tasks 29)
2025-04-21 22:28:14,406 [DEBUG]  		naive factorization 11 columns (in 0.00465 secs)
2025-04-21 22:28:14,407 [DEBUG]  OP: Operation.SPLIT_COLUMNS on slice (106, 11) (remaining tasks 28)
2025-04-21 22:28:14,627 [DEBUG]  		found 1 col clusters (in 0.21953 secs)
2025-04-21 22:28:14,627 [DEBUG]  OP: Operation.SPLIT_COLUMNS on slice (158, 11) (remaining tasks 28)
2025-04-21 22:28:14,947 [DEBUG]  		found 1 col clusters (in 0.32006 secs)
2025-04-21 22:28:14,948 [DEBUG]  OP: Operation.NAIVE_FACTORIZATION on slice (29, 11) (remaining tasks 28)
2025-04-21 22:28:14,953 [DEBUG]  		naive factorization 11 columns (in 0.00475 secs)
2025-04-21 22:28:14,953 [DEBUG]  OP: Operation.SPLIT_COLUMNS on slice (100, 11) (remaining tasks 27)
2025-04-21 22:28:15,234 [DEBUG]  		found 1 col clusters (in 0.28077 secs)
2025-04-21 22:28:15,235 [DEBUG]  OP: Operation.SPLIT_COLUMNS on slice (114, 11) (remaining tasks 27)
2025-04-21 22:28:15,454 [DEBUG]  		found 1 col clusters (in 0.21933 secs)
2025-04-21 22:28:15,455 [DEBUG]  OP: Operation.NAIVE_FACTORIZATION on slice (52, 11) (remaining tasks 27)
2025-04-21 22:28:15,459 [DEBUG]  		naive factorization 11 columns (in 0.00397 secs)
2025-04-21 22:28:15,460 [DEBUG]  OP: Operation.NAIVE_FACTORIZATION on slice (61, 11) (remaining tasks 26)
2025-04-21 22:28:15,465 [DEBUG]  		naive factorization 11 columns (in 0.00510 secs)
2025-04-21 22:28:15,465 [DEBUG]  OP: Operation.SPLIT_COLUMNS on slice (156, 11) (remaining tasks 25)
2025-04-21 22:28:15,785 [DEBUG]  		found 1 col clusters (in 0.31941 secs)
2025-04-21 22:28:15,785 [DEBUG]  OP: Operation.NAIVE_FACTORIZATION on slice (14, 11) (remaining tasks 25)
2025-04-21 22:28:15,790 [DEBUG]  		naive factorization 11 columns (in 0.00455 secs)
2025-04-21 22:28:15,790 [DEBUG]  OP: Operation.SPLIT_COLUMNS on slice (122, 11) (remaining tasks 24)
2025-04-21 22:28:16,047 [DEBUG]  		found 1 col clusters (in 0.25636 secs)
2025-04-21 22:28:16,047 [DEBUG]  OP: Operation.NAIVE_FACTORIZATION on slice (30, 11) (remaining tasks 24)
2025-04-21 22:28:16,051 [DEBUG]  		naive factorization 11 columns (in 0.00362 secs)
2025-04-21 22:28:16,052 [DEBUG]  OP: Operation.NAIVE_FACTORIZATION on slice (40, 11) (remaining tasks 23)
2025-04-21 22:28:16,056 [DEBUG]  		naive factorization 11 columns (in 0.00436 secs)
2025-04-21 22:28:16,057 [DEBUG]  OP: Operation.NAIVE_FACTORIZATION on slice (37, 11) (remaining tasks 22)
2025-04-21 22:28:16,061 [DEBUG]  		naive factorization 11 columns (in 0.00428 secs)
2025-04-21 22:28:16,062 [DEBUG]  OP: Operation.NAIVE_FACTORIZATION on slice (38, 11) (remaining tasks 21)
2025-04-21 22:28:16,066 [DEBUG]  		naive factorization 11 columns (in 0.00441 secs)
2025-04-21 22:28:16,067 [DEBUG]  OP: Operation.NAIVE_FACTORIZATION on slice (60, 11) (remaining tasks 20)
2025-04-21 22:28:16,072 [DEBUG]  		naive factorization 11 columns (in 0.00542 secs)
2025-04-21 22:28:16,073 [DEBUG]  OP: Operation.NAIVE_FACTORIZATION on slice (63, 11) (remaining tasks 19)
2025-04-21 22:28:16,078 [DEBUG]  		naive factorization 11 columns (in 0.00444 secs)
2025-04-21 22:28:16,078 [DEBUG]  OP: Operation.NAIVE_FACTORIZATION on slice (69, 11) (remaining tasks 18)
2025-04-21 22:28:16,083 [DEBUG]  		naive factorization 11 columns (in 0.00489 secs)
2025-04-21 22:28:16,084 [DEBUG]  OP: Operation.SPLIT_ROWS on slice (149, 11) (remaining tasks 17)
2025-04-21 22:28:16,134 [DEBUG]  		found 2 row clusters (in 0.05001 secs)
2025-04-21 22:28:16,134 [DEBUG]  OP: Operation.SPLIT_ROWS on slice (112, 11) (remaining tasks 18)
2025-04-21 22:28:16,176 [DEBUG]  		found 2 row clusters (in 0.04129 secs)
2025-04-21 22:28:16,176 [DEBUG]  OP: Operation.SPLIT_ROWS on slice (93, 11) (remaining tasks 19)
2025-04-21 22:28:16,200 [DEBUG]  		found 2 row clusters (in 0.02334 secs)
2025-04-21 22:28:16,200 [DEBUG]  OP: Operation.SPLIT_ROWS on slice (146, 11) (remaining tasks 20)
2025-04-21 22:28:16,232 [DEBUG]  		found 2 row clusters (in 0.03210 secs)
2025-04-21 22:28:16,232 [DEBUG]  OP: Operation.SPLIT_ROWS on slice (107, 11) (remaining tasks 21)
2025-04-21 22:28:16,258 [DEBUG]  		found 2 row clusters (in 0.02543 secs)
2025-04-21 22:28:16,258 [DEBUG]  OP: Operation.SPLIT_ROWS on slice (87, 11) (remaining tasks 22)
2025-04-21 22:28:16,273 [DEBUG]  		found 2 row clusters (in 0.01500 secs)
2025-04-21 22:28:16,273 [DEBUG]  OP: Operation.SPLIT_ROWS on slice (84, 11) (remaining tasks 23)
2025-04-21 22:28:16,291 [DEBUG]  		found 2 row clusters (in 0.01760 secs)
2025-04-21 22:28:16,291 [DEBUG]  OP: Operation.SPLIT_ROWS on slice (131, 11) (remaining tasks 24)
2025-04-21 22:28:16,311 [DEBUG]  		found 2 row clusters (in 0.01954 secs)
2025-04-21 22:28:16,311 [DEBUG]  OP: Operation.SPLIT_ROWS on slice (114, 11) (remaining tasks 25)
2025-04-21 22:28:16,330 [DEBUG]  		found 2 row clusters (in 0.01910 secs)
2025-04-21 22:28:16,330 [DEBUG]  OP: Operation.SPLIT_ROWS on slice (100, 11) (remaining tasks 26)
2025-04-21 22:28:16,347 [DEBUG]  		found 2 row clusters (in 0.01688 secs)
2025-04-21 22:28:16,347 [DEBUG]  OP: Operation.SPLIT_ROWS on slice (91, 11) (remaining tasks 27)
2025-04-21 22:28:16,370 [DEBUG]  		found 2 row clusters (in 0.02245 secs)
2025-04-21 22:28:16,370 [DEBUG]  OP: Operation.SPLIT_ROWS on slice (83, 11) (remaining tasks 28)
2025-04-21 22:28:16,386 [DEBUG]  		found 2 row clusters (in 0.01556 secs)
2025-04-21 22:28:16,386 [DEBUG]  OP: Operation.SPLIT_ROWS on slice (106, 11) (remaining tasks 29)
2025-04-21 22:28:16,402 [DEBUG]  		found 2 row clusters (in 0.01616 secs)
2025-04-21 22:28:16,402 [DEBUG]  OP: Operation.SPLIT_ROWS on slice (158, 11) (remaining tasks 30)
2025-04-21 22:28:16,421 [DEBUG]  		found 2 row clusters (in 0.01902 secs)
2025-04-21 22:28:16,422 [DEBUG]  OP: Operation.SPLIT_ROWS on slice (100, 11) (remaining tasks 31)
2025-04-21 22:28:16,444 [DEBUG]  		found 2 row clusters (in 0.02238 secs)
2025-04-21 22:28:16,444 [DEBUG]  OP: Operation.SPLIT_ROWS on slice (114, 11) (remaining tasks 32)
2025-04-21 22:28:16,464 [DEBUG]  		found 2 row clusters (in 0.01942 secs)
2025-04-21 22:28:16,464 [DEBUG]  OP: Operation.SPLIT_ROWS on slice (156, 11) (remaining tasks 33)
2025-04-21 22:28:16,492 [DEBUG]  		found 2 row clusters (in 0.02771 secs)
2025-04-21 22:28:16,492 [DEBUG]  OP: Operation.SPLIT_ROWS on slice (122, 11) (remaining tasks 34)
2025-04-21 22:28:16,508 [DEBUG]  		found 2 row clusters (in 0.01565 secs)
2025-04-21 22:28:16,508 [DEBUG]  OP: Operation.SPLIT_COLUMNS on slice (84, 11) (remaining tasks 35)
2025-04-21 22:28:16,720 [DEBUG]  		found 1 col clusters (in 0.21195 secs)
2025-04-21 22:28:16,720 [DEBUG]  OP: Operation.NAIVE_FACTORIZATION on slice (65, 11) (remaining tasks 35)
2025-04-21 22:28:16,726 [DEBUG]  		naive factorization 11 columns (in 0.00536 secs)
2025-04-21 22:28:16,726 [DEBUG]  OP: Operation.NAIVE_FACTORIZATION on slice (47, 11) (remaining tasks 34)
2025-04-21 22:28:16,731 [DEBUG]  		naive factorization 11 columns (in 0.00404 secs)
2025-04-21 22:28:16,731 [DEBUG]  OP: Operation.NAIVE_FACTORIZATION on slice (65, 11) (remaining tasks 33)
2025-04-21 22:28:16,736 [DEBUG]  		naive factorization 11 columns (in 0.00448 secs)
2025-04-21 22:28:16,736 [DEBUG]  OP: Operation.NAIVE_FACTORIZATION on slice (64, 11) (remaining tasks 32)
2025-04-21 22:28:16,741 [DEBUG]  		naive factorization 11 columns (in 0.00419 secs)
2025-04-21 22:28:16,741 [DEBUG]  OP: Operation.NAIVE_FACTORIZATION on slice (29, 11) (remaining tasks 31)
2025-04-21 22:28:16,745 [DEBUG]  		naive factorization 11 columns (in 0.00367 secs)
2025-04-21 22:28:16,746 [DEBUG]  OP: Operation.SPLIT_COLUMNS on slice (86, 11) (remaining tasks 30)
2025-04-21 22:28:16,974 [DEBUG]  		found 1 col clusters (in 0.22864 secs)
2025-04-21 22:28:16,975 [DEBUG]  OP: Operation.NAIVE_FACTORIZATION on slice (60, 11) (remaining tasks 30)
2025-04-21 22:28:16,980 [DEBUG]  		naive factorization 11 columns (in 0.00443 secs)
2025-04-21 22:28:16,981 [DEBUG]  OP: Operation.NAIVE_FACTORIZATION on slice (38, 11) (remaining tasks 29)
2025-04-21 22:28:16,985 [DEBUG]  		naive factorization 11 columns (in 0.00380 secs)
2025-04-21 22:28:16,985 [DEBUG]  OP: Operation.NAIVE_FACTORIZATION on slice (69, 11) (remaining tasks 28)
2025-04-21 22:28:16,989 [DEBUG]  		naive factorization 11 columns (in 0.00376 secs)
2025-04-21 22:28:16,990 [DEBUG]  OP: Operation.NAIVE_FACTORIZATION on slice (48, 11) (remaining tasks 27)
2025-04-21 22:28:16,995 [DEBUG]  		naive factorization 11 columns (in 0.00485 secs)
2025-04-21 22:28:16,995 [DEBUG]  OP: Operation.NAIVE_FACTORIZATION on slice (39, 11) (remaining tasks 26)
2025-04-21 22:28:17,000 [DEBUG]  		naive factorization 11 columns (in 0.00443 secs)
2025-04-21 22:28:17,000 [DEBUG]  OP: Operation.NAIVE_FACTORIZATION on slice (26, 11) (remaining tasks 25)
2025-04-21 22:28:17,004 [DEBUG]  		naive factorization 11 columns (in 0.00366 secs)
2025-04-21 22:28:17,005 [DEBUG]  OP: Operation.NAIVE_FACTORIZATION on slice (58, 11) (remaining tasks 24)
2025-04-21 22:28:17,011 [DEBUG]  		naive factorization 11 columns (in 0.00565 secs)
2025-04-21 22:28:17,011 [DEBUG]  OP: Operation.NAIVE_FACTORIZATION on slice (71, 11) (remaining tasks 23)
2025-04-21 22:28:17,016 [DEBUG]  		naive factorization 11 columns (in 0.00456 secs)
2025-04-21 22:28:17,016 [DEBUG]  OP: Operation.NAIVE_FACTORIZATION on slice (60, 11) (remaining tasks 22)
2025-04-21 22:28:17,021 [DEBUG]  		naive factorization 11 columns (in 0.00477 secs)
2025-04-21 22:28:17,022 [DEBUG]  OP: Operation.NAIVE_FACTORIZATION on slice (55, 11) (remaining tasks 21)
2025-04-21 22:28:17,026 [DEBUG]  		naive factorization 11 columns (in 0.00390 secs)
2025-04-21 22:28:17,027 [DEBUG]  OP: Operation.NAIVE_FACTORIZATION on slice (59, 11) (remaining tasks 20)
2025-04-21 22:28:17,031 [DEBUG]  		naive factorization 11 columns (in 0.00440 secs)
2025-04-21 22:28:17,032 [DEBUG]  OP: Operation.NAIVE_FACTORIZATION on slice (9, 11) (remaining tasks 19)
2025-04-21 22:28:17,037 [DEBUG]  		naive factorization 11 columns (in 0.00456 secs)
2025-04-21 22:28:17,037 [DEBUG]  OP: Operation.SPLIT_COLUMNS on slice (91, 11) (remaining tasks 18)
2025-04-21 22:28:17,256 [DEBUG]  		found 1 col clusters (in 0.21819 secs)
2025-04-21 22:28:17,256 [DEBUG]  OP: Operation.NAIVE_FACTORIZATION on slice (36, 11) (remaining tasks 18)
2025-04-21 22:28:17,260 [DEBUG]  		naive factorization 11 columns (in 0.00367 secs)
2025-04-21 22:28:17,261 [DEBUG]  OP: Operation.NAIVE_FACTORIZATION on slice (55, 11) (remaining tasks 17)
2025-04-21 22:28:17,265 [DEBUG]  		naive factorization 11 columns (in 0.00441 secs)
2025-04-21 22:28:17,266 [DEBUG]  OP: Operation.SPLIT_COLUMNS on slice (79, 11) (remaining tasks 16)
2025-04-21 22:28:17,485 [DEBUG]  		found 1 col clusters (in 0.21877 secs)
2025-04-21 22:28:17,485 [DEBUG]  OP: Operation.NAIVE_FACTORIZATION on slice (4, 11) (remaining tasks 16)
2025-04-21 22:28:17,489 [DEBUG]  		naive factorization 11 columns (in 0.00364 secs)
2025-04-21 22:28:17,489 [DEBUG]  OP: Operation.NAIVE_FACTORIZATION on slice (61, 11) (remaining tasks 15)
2025-04-21 22:28:17,494 [DEBUG]  		naive factorization 11 columns (in 0.00399 secs)
2025-04-21 22:28:17,494 [DEBUG]  OP: Operation.NAIVE_FACTORIZATION on slice (45, 11) (remaining tasks 14)
2025-04-21 22:28:17,499 [DEBUG]  		naive factorization 11 columns (in 0.00503 secs)
2025-04-21 22:28:17,500 [DEBUG]  OP: Operation.SPLIT_COLUMNS on slice (84, 11) (remaining tasks 13)
2025-04-21 22:28:17,736 [DEBUG]  		found 1 col clusters (in 0.23616 secs)
2025-04-21 22:28:17,737 [DEBUG]  OP: Operation.NAIVE_FACTORIZATION on slice (74, 11) (remaining tasks 13)
2025-04-21 22:28:17,741 [DEBUG]  		naive factorization 11 columns (in 0.00420 secs)
2025-04-21 22:28:17,742 [DEBUG]  OP: Operation.NAIVE_FACTORIZATION on slice (63, 11) (remaining tasks 12)
2025-04-21 22:28:17,746 [DEBUG]  		naive factorization 11 columns (in 0.00399 secs)
2025-04-21 22:28:17,746 [DEBUG]  OP: Operation.NAIVE_FACTORIZATION on slice (37, 11) (remaining tasks 11)
2025-04-21 22:28:17,751 [DEBUG]  		naive factorization 11 columns (in 0.00470 secs)
2025-04-21 22:28:17,752 [DEBUG]  OP: Operation.NAIVE_FACTORIZATION on slice (56, 11) (remaining tasks 10)
2025-04-21 22:28:17,756 [DEBUG]  		naive factorization 11 columns (in 0.00391 secs)
2025-04-21 22:28:17,756 [DEBUG]  OP: Operation.NAIVE_FACTORIZATION on slice (58, 11) (remaining tasks 9)
2025-04-21 22:28:17,761 [DEBUG]  		naive factorization 11 columns (in 0.00435 secs)
2025-04-21 22:28:17,761 [DEBUG]  OP: Operation.NAIVE_FACTORIZATION on slice (75, 11) (remaining tasks 8)
2025-04-21 22:28:17,767 [DEBUG]  		naive factorization 11 columns (in 0.00570 secs)
2025-04-21 22:28:17,768 [DEBUG]  OP: Operation.SPLIT_COLUMNS on slice (81, 11) (remaining tasks 7)
2025-04-21 22:28:17,994 [DEBUG]  		found 1 col clusters (in 0.22567 secs)
2025-04-21 22:28:17,994 [DEBUG]  OP: Operation.SPLIT_COLUMNS on slice (85, 11) (remaining tasks 7)
2025-04-21 22:28:18,224 [DEBUG]  		found 1 col clusters (in 0.22995 secs)
2025-04-21 22:28:18,225 [DEBUG]  OP: Operation.NAIVE_FACTORIZATION on slice (37, 11) (remaining tasks 7)
2025-04-21 22:28:18,229 [DEBUG]  		naive factorization 11 columns (in 0.00366 secs)
2025-04-21 22:28:18,229 [DEBUG]  OP: Operation.SPLIT_ROWS on slice (84, 11) (remaining tasks 6)
2025-04-21 22:28:18,279 [DEBUG]  		found 2 row clusters (in 0.04940 secs)
2025-04-21 22:28:18,279 [DEBUG]  OP: Operation.SPLIT_ROWS on slice (86, 11) (remaining tasks 7)
2025-04-21 22:28:18,316 [DEBUG]  		found 2 row clusters (in 0.03665 secs)
2025-04-21 22:28:18,316 [DEBUG]  OP: Operation.SPLIT_ROWS on slice (91, 11) (remaining tasks 8)
2025-04-21 22:28:18,351 [DEBUG]  		found 2 row clusters (in 0.03431 secs)
2025-04-21 22:28:18,351 [DEBUG]  OP: Operation.SPLIT_ROWS on slice (79, 11) (remaining tasks 9)
2025-04-21 22:28:18,372 [DEBUG]  		found 2 row clusters (in 0.02055 secs)
2025-04-21 22:28:18,372 [DEBUG]  OP: Operation.SPLIT_ROWS on slice (84, 11) (remaining tasks 10)
2025-04-21 22:28:18,395 [DEBUG]  		found 2 row clusters (in 0.02294 secs)
2025-04-21 22:28:18,395 [DEBUG]  OP: Operation.SPLIT_ROWS on slice (81, 11) (remaining tasks 11)
2025-04-21 22:28:18,417 [DEBUG]  		found 2 row clusters (in 0.02166 secs)
2025-04-21 22:28:18,417 [DEBUG]  OP: Operation.SPLIT_ROWS on slice (85, 11) (remaining tasks 12)
2025-04-21 22:28:18,442 [DEBUG]  		found 2 row clusters (in 0.02438 secs)
2025-04-21 22:28:18,442 [DEBUG]  OP: Operation.NAIVE_FACTORIZATION on slice (27, 11) (remaining tasks 13)
2025-04-21 22:28:18,446 [DEBUG]  		naive factorization 11 columns (in 0.00420 secs)
2025-04-21 22:28:18,446 [DEBUG]  OP: Operation.NAIVE_FACTORIZATION on slice (57, 11) (remaining tasks 12)
2025-04-21 22:28:18,451 [DEBUG]  		naive factorization 11 columns (in 0.00476 secs)
2025-04-21 22:28:18,452 [DEBUG]  OP: Operation.NAIVE_FACTORIZATION on slice (73, 11) (remaining tasks 11)
2025-04-21 22:28:18,456 [DEBUG]  		naive factorization 11 columns (in 0.00410 secs)
2025-04-21 22:28:18,456 [DEBUG]  OP: Operation.NAIVE_FACTORIZATION on slice (13, 11) (remaining tasks 10)
2025-04-21 22:28:18,460 [DEBUG]  		naive factorization 11 columns (in 0.00358 secs)
2025-04-21 22:28:18,460 [DEBUG]  OP: Operation.NAIVE_FACTORIZATION on slice (44, 11) (remaining tasks 9)
2025-04-21 22:28:18,464 [DEBUG]  		naive factorization 11 columns (in 0.00389 secs)
2025-04-21 22:28:18,464 [DEBUG]  OP: Operation.NAIVE_FACTORIZATION on slice (47, 11) (remaining tasks 8)
2025-04-21 22:28:18,469 [DEBUG]  		naive factorization 11 columns (in 0.00432 secs)
2025-04-21 22:28:18,469 [DEBUG]  OP: Operation.NAIVE_FACTORIZATION on slice (40, 11) (remaining tasks 7)
2025-04-21 22:28:18,473 [DEBUG]  		naive factorization 11 columns (in 0.00416 secs)
2025-04-21 22:28:18,474 [DEBUG]  OP: Operation.NAIVE_FACTORIZATION on slice (39, 11) (remaining tasks 6)
2025-04-21 22:28:18,478 [DEBUG]  		naive factorization 11 columns (in 0.00371 secs)
2025-04-21 22:28:18,478 [DEBUG]  OP: Operation.NAIVE_FACTORIZATION on slice (46, 11) (remaining tasks 5)
2025-04-21 22:28:18,482 [DEBUG]  		naive factorization 11 columns (in 0.00425 secs)
2025-04-21 22:28:18,483 [DEBUG]  OP: Operation.NAIVE_FACTORIZATION on slice (38, 11) (remaining tasks 4)
2025-04-21 22:28:18,488 [DEBUG]  		naive factorization 11 columns (in 0.00507 secs)
2025-04-21 22:28:18,488 [DEBUG]  OP: Operation.NAIVE_FACTORIZATION on slice (46, 11) (remaining tasks 3)
2025-04-21 22:28:18,493 [DEBUG]  		naive factorization 11 columns (in 0.00393 secs)
2025-04-21 22:28:18,493 [DEBUG]  OP: Operation.NAIVE_FACTORIZATION on slice (35, 11) (remaining tasks 2)
2025-04-21 22:28:18,497 [DEBUG]  		naive factorization 11 columns (in 0.00363 secs)
2025-04-21 22:28:18,497 [DEBUG]  OP: Operation.NAIVE_FACTORIZATION on slice (59, 11) (remaining tasks 1)
2025-04-21 22:28:18,503 [DEBUG]  		naive factorization 11 columns (in 0.00526 secs)
2025-04-21 22:28:18,503 [DEBUG]  OP: Operation.NAIVE_FACTORIZATION on slice (26, 11) (remaining tasks 0)
2025-04-21 22:28:18,507 [DEBUG]  		naive factorization 11 columns (in 0.00366 secs)
2025-04-21 22:28:19,718 [DEBUG]  Built SPN in 168.67616333000115 sec
2025-04-21 22:28:19,718 [INFO ]  Saving ensemble to /home/dafn/card/deepcard/collected_temp_benchmarks/spn_ensembles/Gas Turbine CO and NOx Emission Data Set/ensemble_single_gt_2012_10000000.pkl
