2025-04-17 09:55:13,289 [INFO ]  Generating HDF files for tables in /home/dafn/card/deepcard/collected_datasets/Gas Turbine CO and NOx Emission Data Set and store to path /home/dafn/card/deepcard/collected_temp_benchmarks/gen_single_light/Gas Turbine CO and NOx Emission Data Set
2025-04-17 09:55:13,289 [INFO ]  Preparing hdf file for table gt_2014
2025-04-17 09:55:13,302 [INFO ]  Managing functional dependencies for table gt_2014
2025-04-17 09:55:13,302 [INFO ]  Preparing multipliers for table gt_2014
2025-04-17 09:55:13,302 [INFO ]  Preparing categorical values and null values for table gt_2014
2025-04-17 09:55:13,303 [DEBUG]  		Preparing numerical values for column f1
2025-04-17 09:55:13,304 [DEBUG]  		Preparing numerical values for column f2
2025-04-17 09:55:13,305 [DEBUG]  		Preparing numerical values for column f3
2025-04-17 09:55:13,306 [DEBUG]  		Preparing numerical values for column f4
2025-04-17 09:55:13,307 [DEBUG]  		Preparing numerical values for column f5
2025-04-17 09:55:13,309 [DEBUG]  		Preparing numerical values for column f6
2025-04-17 09:55:13,310 [DEBUG]  		Preparing numerical values for column f7
2025-04-17 09:55:13,311 [DEBUG]  		Preparing numerical values for column f8
2025-04-17 09:55:13,312 [DEBUG]  		Preparing numerical values for column f9
2025-04-17 09:55:13,313 [DEBUG]  		Preparing numerical values for column f10
2025-04-17 09:55:13,314 [DEBUG]  		Preparing numerical values for column f11
2025-04-17 09:55:13,315 [INFO ]  Relevant attributes for table gt_2014 are ['f1', 'f2', 'f3', 'f4', 'f5', 'f6', 'f7', 'f8', 'f9', 'f10', 'f11']
2025-04-17 09:55:13,315 [INFO ]  NULL values for table gt_2014 are [18.217170592344228, 1012.3843609667505, 82.14402581726742, 3.9145994551550714, 25.74209343392009, 1078.836953869796, 547.6383537021514, 132.90807848561053, 12.023957404302877, 2.0812026312517466, 60.066985861972626]
2025-04-17 09:55:13,347 [INFO ]  Adding table parts without join partners for table gt_2014
2025-04-17 09:55:13,348 [INFO ]  Files successfully created
