2025-04-21 22:56:08,504 [INFO ]  Creating naive ensemble.
2025-04-21 22:56:08,504 [INFO ]  Learning SPN for gt_2012.
2025-04-21 22:56:08,504 [DEBUG]  generate_join_sample(single_table=gt_2012, relationship_list=None, split_condition=None)
2025-04-21 22:56:08,531 [DEBUG]  Using min_instance_slice parameter 76.28.
2025-04-21 22:56:08,532 [INFO ]  SPN training phase with 7628 samples
2025-04-21 22:56:08,538 [DEBUG]  Built domains in 0.006030088999978034 sec
2025-04-21 22:56:08,881 [DEBUG]  CACHEDIR=/home/dafn/.cache/matplotlib
2025-04-21 22:56:08,883 [DEBUG]  Using fontManager instance from /home/dafn/.cache/matplotlib/fontlist-v300.json
2025-04-21 22:56:08,977 [DEBUG]  Loaded backend qt5agg version unknown.
2025-04-21 22:56:09,007 [DEBUG]  Loaded backend qt5agg version unknown.
2025-04-21 22:56:09,008 [DEBUG]  Loaded backend qt4agg version unknown.
2025-04-21 22:56:09,014 [DEBUG]  Loaded backend tkagg version unknown.
2025-04-21 22:56:09,014 [DEBUG]  Loaded backend agg version unknown.
2025-04-21 22:56:09,015 [DEBUG]  Loaded backend agg version unknown.
2025-04-21 22:56:09,018 [DEBUG]  OP: Operation.SPLIT_ROWS on slice (7628, 11) (remaining tasks 0)
2025-04-21 22:56:09,100 [DEBUG]  		found 2 row clusters (in 0.08161 secs)
2025-04-21 22:56:09,100 [DEBUG]  OP: Operation.SPLIT_COLUMNS on slice (5748, 11) (remaining tasks 1)
2025-04-21 22:56:11,068 [DEBUG]  		found 5 col clusters (in 1.96776 secs)
2025-04-21 22:56:11,069 [DEBUG]  OP: Operation.SPLIT_COLUMNS on slice (1880, 11) (remaining tasks 5)
2025-04-21 22:56:16,994 [DEBUG]  		found 4 col clusters (in 5.92409 secs)
2025-04-21 22:56:16,994 [DEBUG]  OP: Operation.SPLIT_COLUMNS on slice (5748, 7) (remaining tasks 8)
2025-04-21 22:56:17,965 [DEBUG]  		found 1 col clusters (in 0.96995 secs)
2025-04-21 22:56:17,965 [DEBUG]  OP: Operation.CREATE_LEAF on slice (5748, 1) (remaining tasks 8)
2025-04-21 22:56:17,966 [DEBUG]  		 created leaf IdentityNumericLeaf for scope=[1] (in 0.00095 secs)
2025-04-21 22:56:17,967 [DEBUG]  OP: Operation.CREATE_LEAF on slice (5748, 1) (remaining tasks 7)
2025-04-21 22:56:17,981 [DEBUG]  		 created leaf IdentityNumericLeaf for scope=[2] (in 0.01456 secs)
2025-04-21 22:56:17,982 [DEBUG]  OP: Operation.CREATE_LEAF on slice (5748, 1) (remaining tasks 6)
2025-04-21 22:56:17,993 [DEBUG]  		 created leaf IdentityNumericLeaf for scope=[9] (in 0.01090 secs)
2025-04-21 22:56:17,994 [DEBUG]  OP: Operation.CREATE_LEAF on slice (5748, 1) (remaining tasks 5)
2025-04-21 22:56:18,017 [DEBUG]  		 created leaf IdentityNumericLeaf for scope=[10] (in 0.02249 secs)
2025-04-21 22:56:18,018 [DEBUG]  OP: Operation.SPLIT_COLUMNS on slice (1880, 8) (remaining tasks 4)
2025-04-21 22:56:20,306 [DEBUG]  		found 1 col clusters (in 2.28566 secs)
2025-04-21 22:56:20,306 [DEBUG]  OP: Operation.CREATE_LEAF on slice (1880, 1) (remaining tasks 4)
2025-04-21 22:56:20,307 [DEBUG]  		 created leaf IdentityNumericLeaf for scope=[1] (in 0.00066 secs)
2025-04-21 22:56:20,307 [DEBUG]  OP: Operation.CREATE_LEAF on slice (1880, 1) (remaining tasks 3)
2025-04-21 22:56:20,308 [DEBUG]  		 created leaf IdentityNumericLeaf for scope=[2] (in 0.00134 secs)
2025-04-21 22:56:20,309 [DEBUG]  OP: Operation.CREATE_LEAF on slice (1880, 1) (remaining tasks 2)
2025-04-21 22:56:20,310 [DEBUG]  		 created leaf IdentityNumericLeaf for scope=[3] (in 0.00135 secs)
2025-04-21 22:56:20,310 [DEBUG]  OP: Operation.SPLIT_ROWS on slice (5748, 7) (remaining tasks 1)
2025-04-21 22:56:20,423 [DEBUG]  		found 2 row clusters (in 0.11190 secs)
2025-04-21 22:56:20,423 [DEBUG]  OP: Operation.SPLIT_ROWS on slice (1880, 8) (remaining tasks 2)
2025-04-21 22:56:20,458 [DEBUG]  		found 2 row clusters (in 0.03485 secs)
2025-04-21 22:56:20,458 [DEBUG]  OP: Operation.SPLIT_COLUMNS on slice (1287, 7) (remaining tasks 3)
2025-04-21 22:56:22,070 [DEBUG]  		found 3 col clusters (in 1.61205 secs)
2025-04-21 22:56:22,071 [DEBUG]  OP: Operation.SPLIT_COLUMNS on slice (4461, 7) (remaining tasks 5)
2025-04-21 22:56:23,185 [DEBUG]  		found 3 col clusters (in 1.11375 secs)
2025-04-21 22:56:23,186 [DEBUG]  OP: Operation.SPLIT_COLUMNS on slice (1383, 8) (remaining tasks 7)
2025-04-21 22:56:24,758 [DEBUG]  		found 4 col clusters (in 1.57143 secs)
2025-04-21 22:56:24,758 [DEBUG]  OP: Operation.SPLIT_COLUMNS on slice (497, 8) (remaining tasks 10)
2025-04-21 22:56:25,939 [DEBUG]  		found 2 col clusters (in 1.18065 secs)
2025-04-21 22:56:25,940 [DEBUG]  OP: Operation.SPLIT_COLUMNS on slice (1287, 5) (remaining tasks 11)
2025-04-21 22:56:26,349 [DEBUG]  		found 1 col clusters (in 0.40862 secs)
2025-04-21 22:56:26,349 [DEBUG]  OP: Operation.CREATE_LEAF on slice (1287, 1) (remaining tasks 11)
2025-04-21 22:56:26,350 [DEBUG]  		 created leaf IdentityNumericLeaf for scope=[3] (in 0.00102 secs)
2025-04-21 22:56:26,350 [DEBUG]  OP: Operation.CREATE_LEAF on slice (1287, 1) (remaining tasks 10)
2025-04-21 22:56:26,351 [DEBUG]  		 created leaf IdentityNumericLeaf for scope=[5] (in 0.00041 secs)
2025-04-21 22:56:26,352 [DEBUG]  OP: Operation.SPLIT_COLUMNS on slice (4461, 5) (remaining tasks 9)
2025-04-21 22:56:26,781 [DEBUG]  		found 1 col clusters (in 0.42922 secs)
2025-04-21 22:56:26,781 [DEBUG]  OP: Operation.CREATE_LEAF on slice (4461, 1) (remaining tasks 9)
2025-04-21 22:56:26,784 [DEBUG]  		 created leaf IdentityNumericLeaf for scope=[3] (in 0.00256 secs)
2025-04-21 22:56:26,784 [DEBUG]  OP: Operation.CREATE_LEAF on slice (4461, 1) (remaining tasks 8)
2025-04-21 22:56:26,785 [DEBUG]  		 created leaf IdentityNumericLeaf for scope=[6] (in 0.00088 secs)
2025-04-21 22:56:26,786 [DEBUG]  OP: Operation.SPLIT_COLUMNS on slice (1383, 2) (remaining tasks 7)
2025-04-21 22:56:26,998 [DEBUG]  		found 1 col clusters (in 0.21143 secs)
2025-04-21 22:56:26,998 [DEBUG]  OP: Operation.SPLIT_COLUMNS on slice (1383, 4) (remaining tasks 7)
2025-04-21 22:56:27,210 [DEBUG]  		found 1 col clusters (in 0.21217 secs)
2025-04-21 22:56:27,211 [DEBUG]  OP: Operation.CREATE_LEAF on slice (1383, 1) (remaining tasks 7)
2025-04-21 22:56:27,211 [DEBUG]  		 created leaf IdentityNumericLeaf for scope=[6] (in 0.00052 secs)
2025-04-21 22:56:27,212 [DEBUG]  OP: Operation.CREATE_LEAF on slice (1383, 1) (remaining tasks 6)
2025-04-21 22:56:27,213 [DEBUG]  		 created leaf IdentityNumericLeaf for scope=[9] (in 0.00109 secs)
2025-04-21 22:56:27,213 [DEBUG]  OP: Operation.SPLIT_COLUMNS on slice (497, 7) (remaining tasks 5)
2025-04-21 22:56:27,919 [DEBUG]  		found 1 col clusters (in 0.70563 secs)
2025-04-21 22:56:27,919 [DEBUG]  OP: Operation.CREATE_LEAF on slice (497, 1) (remaining tasks 5)
2025-04-21 22:56:27,920 [DEBUG]  		 created leaf IdentityNumericLeaf for scope=[10] (in 0.00058 secs)
2025-04-21 22:56:27,920 [DEBUG]  OP: Operation.SPLIT_ROWS on slice (1287, 5) (remaining tasks 4)
2025-04-21 22:56:28,091 [DEBUG]  		found 2 row clusters (in 0.17072 secs)
2025-04-21 22:56:28,092 [DEBUG]  OP: Operation.SPLIT_ROWS on slice (4461, 5) (remaining tasks 5)
2025-04-21 22:56:28,144 [DEBUG]  		found 2 row clusters (in 0.05258 secs)
2025-04-21 22:56:28,144 [DEBUG]  OP: Operation.SPLIT_ROWS on slice (1383, 2) (remaining tasks 6)
2025-04-21 22:56:28,178 [DEBUG]  		found 2 row clusters (in 0.03312 secs)
2025-04-21 22:56:28,178 [DEBUG]  OP: Operation.SPLIT_ROWS on slice (1383, 4) (remaining tasks 7)
2025-04-21 22:56:28,204 [DEBUG]  		found 2 row clusters (in 0.02598 secs)
2025-04-21 22:56:28,204 [DEBUG]  OP: Operation.SPLIT_ROWS on slice (497, 7) (remaining tasks 8)
2025-04-21 22:56:28,237 [DEBUG]  		found 2 row clusters (in 0.03274 secs)
2025-04-21 22:56:28,237 [DEBUG]  OP: Operation.SPLIT_COLUMNS on slice (739, 5) (remaining tasks 9)
2025-04-21 22:56:28,445 [DEBUG]  		found 1 col clusters (in 0.20810 secs)
2025-04-21 22:56:28,446 [DEBUG]  OP: Operation.SPLIT_COLUMNS on slice (548, 5) (remaining tasks 9)
2025-04-21 22:56:28,715 [DEBUG]  		found 1 col clusters (in 0.26907 secs)
2025-04-21 22:56:28,716 [DEBUG]  OP: Operation.SPLIT_COLUMNS on slice (2730, 5) (remaining tasks 9)
2025-04-21 22:56:29,289 [DEBUG]  		found 1 col clusters (in 0.57267 secs)
2025-04-21 22:56:29,289 [DEBUG]  OP: Operation.SPLIT_COLUMNS on slice (1731, 5) (remaining tasks 9)
2025-04-21 22:56:29,890 [DEBUG]  		found 2 col clusters (in 0.59996 secs)
2025-04-21 22:56:29,890 [DEBUG]  OP: Operation.SPLIT_COLUMNS on slice (744, 2) (remaining tasks 10)
2025-04-21 22:56:30,107 [DEBUG]  		found 2 col clusters (in 0.21615 secs)
2025-04-21 22:56:30,107 [DEBUG]  OP: Operation.SPLIT_COLUMNS on slice (639, 2) (remaining tasks 11)
2025-04-21 22:56:30,214 [DEBUG]  		found 2 col clusters (in 0.10674 secs)
2025-04-21 22:56:30,215 [DEBUG]  OP: Operation.SPLIT_COLUMNS on slice (1139, 4) (remaining tasks 12)
2025-04-21 22:56:30,449 [DEBUG]  		found 1 col clusters (in 0.23454 secs)
2025-04-21 22:56:30,450 [DEBUG]  OP: Operation.SPLIT_COLUMNS on slice (244, 4) (remaining tasks 12)
2025-04-21 22:56:30,700 [DEBUG]  		found 1 col clusters (in 0.25042 secs)
2025-04-21 22:56:30,701 [DEBUG]  OP: Operation.SPLIT_COLUMNS on slice (211, 7) (remaining tasks 12)
2025-04-21 22:56:31,315 [DEBUG]  		found 1 col clusters (in 0.61465 secs)
2025-04-21 22:56:31,316 [DEBUG]  OP: Operation.SPLIT_COLUMNS on slice (286, 7) (remaining tasks 12)
2025-04-21 22:56:32,051 [DEBUG]  		found 3 col clusters (in 0.73482 secs)
2025-04-21 22:56:32,052 [DEBUG]  OP: Operation.SPLIT_ROWS on slice (739, 5) (remaining tasks 14)
2025-04-21 22:56:32,208 [DEBUG]  		found 2 row clusters (in 0.15651 secs)
2025-04-21 22:56:32,209 [DEBUG]  OP: Operation.SPLIT_ROWS on slice (548, 5) (remaining tasks 15)
2025-04-21 22:56:32,250 [DEBUG]  		found 2 row clusters (in 0.04064 secs)
2025-04-21 22:56:32,250 [DEBUG]  OP: Operation.SPLIT_ROWS on slice (2730, 5) (remaining tasks 16)
2025-04-21 22:56:32,303 [DEBUG]  		found 2 row clusters (in 0.05338 secs)
2025-04-21 22:56:32,304 [DEBUG]  OP: Operation.CREATE_LEAF on slice (1731, 1) (remaining tasks 17)
2025-04-21 22:56:32,304 [DEBUG]  		 created leaf IdentityNumericLeaf for scope=[0] (in 0.00077 secs)
2025-04-21 22:56:32,305 [DEBUG]  OP: Operation.SPLIT_COLUMNS on slice (1731, 4) (remaining tasks 16)
2025-04-21 22:56:32,542 [DEBUG]  		found 1 col clusters (in 0.23708 secs)
2025-04-21 22:56:32,542 [DEBUG]  OP: Operation.CREATE_LEAF on slice (744, 1) (remaining tasks 16)
2025-04-21 22:56:32,543 [DEBUG]  		 created leaf IdentityNumericLeaf for scope=[0] (in 0.00076 secs)
2025-04-21 22:56:32,543 [DEBUG]  OP: Operation.CREATE_LEAF on slice (744, 1) (remaining tasks 15)
2025-04-21 22:56:32,544 [DEBUG]  		 created leaf IdentityNumericLeaf for scope=[10] (in 0.00073 secs)
2025-04-21 22:56:32,545 [DEBUG]  OP: Operation.CREATE_LEAF on slice (639, 1) (remaining tasks 14)
2025-04-21 22:56:32,545 [DEBUG]  		 created leaf IdentityNumericLeaf for scope=[0] (in 0.00064 secs)
2025-04-21 22:56:32,546 [DEBUG]  OP: Operation.CREATE_LEAF on slice (639, 1) (remaining tasks 13)
2025-04-21 22:56:32,546 [DEBUG]  		 created leaf IdentityNumericLeaf for scope=[10] (in 0.00065 secs)
2025-04-21 22:56:32,547 [DEBUG]  OP: Operation.SPLIT_ROWS on slice (1139, 4) (remaining tasks 12)
2025-04-21 22:56:32,663 [DEBUG]  		found 2 row clusters (in 0.11583 secs)
2025-04-21 22:56:32,663 [DEBUG]  OP: Operation.SPLIT_ROWS on slice (244, 4) (remaining tasks 13)
2025-04-21 22:56:32,692 [DEBUG]  		found 2 row clusters (in 0.02821 secs)
2025-04-21 22:56:32,692 [DEBUG]  OP: Operation.SPLIT_ROWS on slice (211, 7) (remaining tasks 14)
2025-04-21 22:56:32,725 [DEBUG]  		found 2 row clusters (in 0.03330 secs)
2025-04-21 22:56:32,725 [DEBUG]  OP: Operation.SPLIT_COLUMNS on slice (286, 5) (remaining tasks 15)
2025-04-21 22:56:32,978 [DEBUG]  		found 1 col clusters (in 0.25246 secs)
2025-04-21 22:56:32,978 [DEBUG]  OP: Operation.CREATE_LEAF on slice (286, 1) (remaining tasks 15)
2025-04-21 22:56:32,979 [DEBUG]  		 created leaf IdentityNumericLeaf for scope=[6] (in 0.00043 secs)
2025-04-21 22:56:32,979 [DEBUG]  OP: Operation.CREATE_LEAF on slice (286, 1) (remaining tasks 14)
2025-04-21 22:56:32,980 [DEBUG]  		 created leaf IdentityNumericLeaf for scope=[9] (in 0.00042 secs)
2025-04-21 22:56:32,980 [DEBUG]  OP: Operation.SPLIT_COLUMNS on slice (280, 5) (remaining tasks 13)
2025-04-21 22:56:33,333 [DEBUG]  		found 2 col clusters (in 0.35277 secs)
2025-04-21 22:56:33,334 [DEBUG]  OP: Operation.SPLIT_COLUMNS on slice (459, 5) (remaining tasks 14)
2025-04-21 22:56:33,654 [DEBUG]  		found 2 col clusters (in 0.31945 secs)
2025-04-21 22:56:33,654 [DEBUG]  OP: Operation.SPLIT_COLUMNS on slice (318, 5) (remaining tasks 15)
2025-04-21 22:56:33,947 [DEBUG]  		found 1 col clusters (in 0.29310 secs)
2025-04-21 22:56:33,948 [DEBUG]  OP: Operation.SPLIT_COLUMNS on slice (230, 5) (remaining tasks 15)
2025-04-21 22:56:34,363 [DEBUG]  		found 2 col clusters (in 0.41462 secs)
2025-04-21 22:56:34,363 [DEBUG]  OP: Operation.SPLIT_COLUMNS on slice (1612, 5) (remaining tasks 16)
2025-04-21 22:56:34,771 [DEBUG]  		found 2 col clusters (in 0.40830 secs)
2025-04-21 22:56:34,772 [DEBUG]  OP: Operation.SPLIT_COLUMNS on slice (1118, 5) (remaining tasks 17)
2025-04-21 22:56:35,145 [DEBUG]  		found 1 col clusters (in 0.37281 secs)
2025-04-21 22:56:35,146 [DEBUG]  OP: Operation.SPLIT_ROWS on slice (1731, 4) (remaining tasks 17)
2025-04-21 22:56:35,289 [DEBUG]  		found 2 row clusters (in 0.14349 secs)
2025-04-21 22:56:35,292 [DEBUG]  OP: Operation.SPLIT_COLUMNS on slice (594, 4) (remaining tasks 18)
2025-04-21 22:56:35,417 [DEBUG]  		found 2 col clusters (in 0.12445 secs)
2025-04-21 22:56:35,417 [DEBUG]  OP: Operation.SPLIT_COLUMNS on slice (545, 4) (remaining tasks 19)
2025-04-21 22:56:35,656 [DEBUG]  		found 1 col clusters (in 0.23817 secs)
2025-04-21 22:56:35,656 [DEBUG]  OP: Operation.SPLIT_COLUMNS on slice (120, 4) (remaining tasks 19)
2025-04-21 22:56:35,887 [DEBUG]  		found 1 col clusters (in 0.23092 secs)
2025-04-21 22:56:35,888 [DEBUG]  OP: Operation.SPLIT_COLUMNS on slice (124, 4) (remaining tasks 19)
2025-04-21 22:56:35,999 [DEBUG]  		found 2 col clusters (in 0.11128 secs)
2025-04-21 22:56:36,000 [DEBUG]  OP: Operation.SPLIT_COLUMNS on slice (138, 7) (remaining tasks 20)
2025-04-21 22:56:36,112 [DEBUG]  		found 3 col clusters (in 0.11194 secs)
2025-04-21 22:56:36,112 [DEBUG]  OP: Operation.NAIVE_FACTORIZATION on slice (73, 7) (remaining tasks 22)
2025-04-21 22:56:36,116 [DEBUG]  		naive factorization 7 columns (in 0.00399 secs)
2025-04-21 22:56:36,116 [DEBUG]  OP: Operation.SPLIT_ROWS on slice (286, 5) (remaining tasks 21)
2025-04-21 22:56:36,165 [DEBUG]  		found 2 row clusters (in 0.04882 secs)
2025-04-21 22:56:36,166 [DEBUG]  OP: Operation.CREATE_LEAF on slice (280, 1) (remaining tasks 22)
2025-04-21 22:56:36,166 [DEBUG]  		 created leaf IdentityNumericLeaf for scope=[0] (in 0.00043 secs)
2025-04-21 22:56:36,166 [DEBUG]  OP: Operation.SPLIT_COLUMNS on slice (280, 4) (remaining tasks 21)
2025-04-21 22:56:36,433 [DEBUG]  		found 1 col clusters (in 0.26631 secs)
2025-04-21 22:56:36,433 [DEBUG]  OP: Operation.CREATE_LEAF on slice (459, 1) (remaining tasks 21)
2025-04-21 22:56:36,434 [DEBUG]  		 created leaf IdentityNumericLeaf for scope=[0] (in 0.00054 secs)
2025-04-21 22:56:36,434 [DEBUG]  OP: Operation.SPLIT_COLUMNS on slice (459, 4) (remaining tasks 20)
2025-04-21 22:56:36,607 [DEBUG]  		found 1 col clusters (in 0.17290 secs)
2025-04-21 22:56:36,608 [DEBUG]  OP: Operation.SPLIT_ROWS on slice (318, 5) (remaining tasks 20)
2025-04-21 22:56:36,663 [DEBUG]  		found 2 row clusters (in 0.05502 secs)
2025-04-21 22:56:36,663 [DEBUG]  OP: Operation.CREATE_LEAF on slice (230, 1) (remaining tasks 21)
2025-04-21 22:56:36,664 [DEBUG]  		 created leaf IdentityNumericLeaf for scope=[0] (in 0.00040 secs)
2025-04-21 22:56:36,664 [DEBUG]  OP: Operation.SPLIT_COLUMNS on slice (230, 4) (remaining tasks 20)
2025-04-21 22:56:36,964 [DEBUG]  		found 1 col clusters (in 0.29961 secs)
2025-04-21 22:56:36,964 [DEBUG]  OP: Operation.CREATE_LEAF on slice (1612, 1) (remaining tasks 20)
2025-04-21 22:56:36,965 [DEBUG]  		 created leaf IdentityNumericLeaf for scope=[0] (in 0.00123 secs)
2025-04-21 22:56:36,966 [DEBUG]  OP: Operation.SPLIT_COLUMNS on slice (1612, 4) (remaining tasks 19)
2025-04-21 22:56:37,254 [DEBUG]  		found 1 col clusters (in 0.28839 secs)
2025-04-21 22:56:37,255 [DEBUG]  OP: Operation.SPLIT_ROWS on slice (1118, 5) (remaining tasks 19)
2025-04-21 22:56:37,337 [DEBUG]  		found 2 row clusters (in 0.08215 secs)
2025-04-21 22:56:37,337 [DEBUG]  OP: Operation.SPLIT_COLUMNS on slice (167, 4) (remaining tasks 20)
2025-04-21 22:56:37,523 [DEBUG]  		found 1 col clusters (in 0.18580 secs)
2025-04-21 22:56:37,524 [DEBUG]  OP: Operation.SPLIT_COLUMNS on slice (1564, 4) (remaining tasks 20)
2025-04-21 22:56:37,740 [DEBUG]  		found 1 col clusters (in 0.21669 secs)
2025-04-21 22:56:37,741 [DEBUG]  OP: Operation.SPLIT_COLUMNS on slice (594, 3) (remaining tasks 20)
2025-04-21 22:56:37,979 [DEBUG]  		found 1 col clusters (in 0.23775 secs)
2025-04-21 22:56:37,979 [DEBUG]  OP: Operation.CREATE_LEAF on slice (594, 1) (remaining tasks 20)
2025-04-21 22:56:37,980 [DEBUG]  		 created leaf IdentityNumericLeaf for scope=[7] (in 0.00049 secs)
2025-04-21 22:56:37,980 [DEBUG]  OP: Operation.SPLIT_ROWS on slice (545, 4) (remaining tasks 19)
2025-04-21 22:56:38,024 [DEBUG]  		found 2 row clusters (in 0.04366 secs)
2025-04-21 22:56:38,024 [DEBUG]  OP: Operation.SPLIT_ROWS on slice (120, 4) (remaining tasks 20)
2025-04-21 22:56:38,086 [DEBUG]  		found 2 row clusters (in 0.06125 secs)
2025-04-21 22:56:38,086 [DEBUG]  OP: Operation.SPLIT_COLUMNS on slice (124, 3) (remaining tasks 21)
2025-04-21 22:56:38,199 [DEBUG]  		found 1 col clusters (in 0.11341 secs)
2025-04-21 22:56:38,199 [DEBUG]  OP: Operation.CREATE_LEAF on slice (124, 1) (remaining tasks 21)
2025-04-21 22:56:38,200 [DEBUG]  		 created leaf IdentityNumericLeaf for scope=[7] (in 0.00030 secs)
2025-04-21 22:56:38,200 [DEBUG]  OP: Operation.SPLIT_COLUMNS on slice (138, 5) (remaining tasks 20)
2025-04-21 22:56:38,308 [DEBUG]  		found 1 col clusters (in 0.10810 secs)
2025-04-21 22:56:38,309 [DEBUG]  OP: Operation.CREATE_LEAF on slice (138, 1) (remaining tasks 20)
2025-04-21 22:56:38,309 [DEBUG]  		 created leaf IdentityNumericLeaf for scope=[5] (in 0.00033 secs)
2025-04-21 22:56:38,309 [DEBUG]  OP: Operation.CREATE_LEAF on slice (138, 1) (remaining tasks 19)
2025-04-21 22:56:38,310 [DEBUG]  		 created leaf IdentityNumericLeaf for scope=[9] (in 0.00034 secs)
2025-04-21 22:56:38,310 [DEBUG]  OP: Operation.SPLIT_COLUMNS on slice (217, 5) (remaining tasks 18)
2025-04-21 22:56:38,540 [DEBUG]  		found 2 col clusters (in 0.22949 secs)
2025-04-21 22:56:38,540 [DEBUG]  OP: Operation.NAIVE_FACTORIZATION on slice (69, 5) (remaining tasks 19)
2025-04-21 22:56:38,547 [DEBUG]  		naive factorization 5 columns (in 0.00660 secs)
2025-04-21 22:56:38,547 [DEBUG]  OP: Operation.SPLIT_ROWS on slice (280, 4) (remaining tasks 18)
2025-04-21 22:56:38,653 [DEBUG]  		found 2 row clusters (in 0.10578 secs)
2025-04-21 22:56:38,654 [DEBUG]  OP: Operation.SPLIT_ROWS on slice (459, 4) (remaining tasks 19)
2025-04-21 22:56:38,678 [DEBUG]  		found 2 row clusters (in 0.02461 secs)
2025-04-21 22:56:38,678 [DEBUG]  OP: Operation.SPLIT_COLUMNS on slice (243, 5) (remaining tasks 20)
2025-04-21 22:56:38,899 [DEBUG]  		found 2 col clusters (in 0.22036 secs)
2025-04-21 22:56:38,899 [DEBUG]  OP: Operation.NAIVE_FACTORIZATION on slice (75, 5) (remaining tasks 21)
2025-04-21 22:56:38,906 [DEBUG]  		naive factorization 5 columns (in 0.00671 secs)
2025-04-21 22:56:38,907 [DEBUG]  OP: Operation.SPLIT_ROWS on slice (230, 4) (remaining tasks 20)
2025-04-21 22:56:39,042 [DEBUG]  		found 2 row clusters (in 0.13541 secs)
2025-04-21 22:56:39,043 [DEBUG]  OP: Operation.SPLIT_ROWS on slice (1612, 4) (remaining tasks 21)
2025-04-21 22:56:39,071 [DEBUG]  		found 2 row clusters (in 0.02856 secs)
2025-04-21 22:56:39,072 [DEBUG]  OP: Operation.SPLIT_COLUMNS on slice (955, 5) (remaining tasks 22)
2025-04-21 22:56:39,486 [DEBUG]  		found 2 col clusters (in 0.41404 secs)
2025-04-21 22:56:39,486 [DEBUG]  OP: Operation.SPLIT_COLUMNS on slice (163, 5) (remaining tasks 23)
2025-04-21 22:56:39,688 [DEBUG]  		found 2 col clusters (in 0.20213 secs)
2025-04-21 22:56:39,689 [DEBUG]  OP: Operation.SPLIT_ROWS on slice (167, 4) (remaining tasks 24)
2025-04-21 22:56:39,729 [DEBUG]  		found 2 row clusters (in 0.04031 secs)
2025-04-21 22:56:39,730 [DEBUG]  OP: Operation.SPLIT_ROWS on slice (1564, 4) (remaining tasks 25)
2025-04-21 22:56:39,811 [DEBUG]  		found 2 row clusters (in 0.08062 secs)
2025-04-21 22:56:39,811 [DEBUG]  OP: Operation.SPLIT_ROWS on slice (594, 3) (remaining tasks 26)
2025-04-21 22:56:39,835 [DEBUG]  		found 2 row clusters (in 0.02415 secs)
2025-04-21 22:56:39,835 [DEBUG]  OP: Operation.SPLIT_COLUMNS on slice (508, 4) (remaining tasks 27)
2025-04-21 22:56:39,941 [DEBUG]  		found 3 col clusters (in 0.10553 secs)
2025-04-21 22:56:39,941 [DEBUG]  OP: Operation.NAIVE_FACTORIZATION on slice (37, 4) (remaining tasks 29)
2025-04-21 22:56:39,945 [DEBUG]  		naive factorization 4 columns (in 0.00321 secs)
2025-04-21 22:56:39,945 [DEBUG]  OP: Operation.NAIVE_FACTORIZATION on slice (48, 4) (remaining tasks 28)
2025-04-21 22:56:39,949 [DEBUG]  		naive factorization 4 columns (in 0.00335 secs)
2025-04-21 22:56:39,949 [DEBUG]  OP: Operation.NAIVE_FACTORIZATION on slice (72, 4) (remaining tasks 27)
2025-04-21 22:56:39,952 [DEBUG]  		naive factorization 4 columns (in 0.00325 secs)
2025-04-21 22:56:39,953 [DEBUG]  OP: Operation.SPLIT_ROWS on slice (124, 3) (remaining tasks 26)
2025-04-21 22:56:40,005 [DEBUG]  		found 2 row clusters (in 0.05219 secs)
2025-04-21 22:56:40,005 [DEBUG]  OP: Operation.SPLIT_ROWS on slice (138, 5) (remaining tasks 27)
2025-04-21 22:56:40,046 [DEBUG]  		found 2 row clusters (in 0.04089 secs)
2025-04-21 22:56:40,047 [DEBUG]  OP: Operation.SPLIT_COLUMNS on slice (217, 4) (remaining tasks 28)
2025-04-21 22:56:40,229 [DEBUG]  		found 1 col clusters (in 0.18269 secs)
2025-04-21 22:56:40,230 [DEBUG]  OP: Operation.CREATE_LEAF on slice (217, 1) (remaining tasks 28)
2025-04-21 22:56:40,230 [DEBUG]  		 created leaf IdentityNumericLeaf for scope=[5] (in 0.00036 secs)
2025-04-21 22:56:40,231 [DEBUG]  OP: Operation.SPLIT_COLUMNS on slice (219, 4) (remaining tasks 27)
2025-04-21 22:56:40,428 [DEBUG]  		found 2 col clusters (in 0.19748 secs)
2025-04-21 22:56:40,429 [DEBUG]  OP: Operation.NAIVE_FACTORIZATION on slice (61, 4) (remaining tasks 28)
2025-04-21 22:56:40,434 [DEBUG]  		naive factorization 4 columns (in 0.00501 secs)
2025-04-21 22:56:40,434 [DEBUG]  OP: Operation.SPLIT_COLUMNS on slice (181, 4) (remaining tasks 27)
2025-04-21 22:56:40,630 [DEBUG]  		found 1 col clusters (in 0.19565 secs)
2025-04-21 22:56:40,630 [DEBUG]  OP: Operation.SPLIT_COLUMNS on slice (278, 4) (remaining tasks 27)
2025-04-21 22:56:40,736 [DEBUG]  		found 2 col clusters (in 0.10523 secs)
2025-04-21 22:56:40,736 [DEBUG]  OP: Operation.CREATE_LEAF on slice (243, 1) (remaining tasks 28)
2025-04-21 22:56:40,737 [DEBUG]  		 created leaf IdentityNumericLeaf for scope=[0] (in 0.00042 secs)
2025-04-21 22:56:40,737 [DEBUG]  OP: Operation.SPLIT_COLUMNS on slice (243, 4) (remaining tasks 27)
2025-04-21 22:56:40,941 [DEBUG]  		found 1 col clusters (in 0.20402 secs)
2025-04-21 22:56:40,942 [DEBUG]  OP: Operation.SPLIT_COLUMNS on slice (77, 4) (remaining tasks 27)
2025-04-21 22:56:41,158 [DEBUG]  		found 1 col clusters (in 0.21572 secs)
2025-04-21 22:56:41,158 [DEBUG]  OP: Operation.SPLIT_COLUMNS on slice (153, 4) (remaining tasks 27)
2025-04-21 22:56:41,269 [DEBUG]  		found 2 col clusters (in 0.11129 secs)
2025-04-21 22:56:41,270 [DEBUG]  OP: Operation.SPLIT_COLUMNS on slice (1546, 4) (remaining tasks 28)
2025-04-21 22:56:41,485 [DEBUG]  		found 2 col clusters (in 0.21440 secs)
2025-04-21 22:56:41,485 [DEBUG]  OP: Operation.NAIVE_FACTORIZATION on slice (66, 4) (remaining tasks 29)
2025-04-21 22:56:41,490 [DEBUG]  		naive factorization 4 columns (in 0.00452 secs)
2025-04-21 22:56:41,490 [DEBUG]  OP: Operation.SPLIT_COLUMNS on slice (955, 4) (remaining tasks 28)
2025-04-21 22:56:41,857 [DEBUG]  		found 1 col clusters (in 0.36731 secs)
2025-04-21 22:56:41,858 [DEBUG]  OP: Operation.CREATE_LEAF on slice (955, 1) (remaining tasks 28)
2025-04-21 22:56:41,858 [DEBUG]  		 created leaf IdentityNumericLeaf for scope=[7] (in 0.00050 secs)
2025-04-21 22:56:41,859 [DEBUG]  OP: Operation.SPLIT_COLUMNS on slice (163, 4) (remaining tasks 27)
2025-04-21 22:56:42,019 [DEBUG]  		found 1 col clusters (in 0.15974 secs)
2025-04-21 22:56:42,019 [DEBUG]  OP: Operation.CREATE_LEAF on slice (163, 1) (remaining tasks 27)
2025-04-21 22:56:42,019 [DEBUG]  		 created leaf IdentityNumericLeaf for scope=[5] (in 0.00030 secs)
2025-04-21 22:56:42,020 [DEBUG]  OP: Operation.SPLIT_COLUMNS on slice (161, 4) (remaining tasks 26)
2025-04-21 22:56:42,125 [DEBUG]  		found 1 col clusters (in 0.10522 secs)
2025-04-21 22:56:42,125 [DEBUG]  OP: Operation.NAIVE_FACTORIZATION on slice (6, 4) (remaining tasks 26)
2025-04-21 22:56:42,129 [DEBUG]  		naive factorization 4 columns (in 0.00347 secs)
2025-04-21 22:56:42,129 [DEBUG]  OP: Operation.SPLIT_COLUMNS on slice (1482, 4) (remaining tasks 25)
2025-04-21 22:56:42,345 [DEBUG]  		found 2 col clusters (in 0.21549 secs)
2025-04-21 22:56:42,345 [DEBUG]  OP: Operation.SPLIT_COLUMNS on slice (82, 4) (remaining tasks 26)
2025-04-21 22:56:42,586 [DEBUG]  		found 1 col clusters (in 0.24115 secs)
2025-04-21 22:56:42,587 [DEBUG]  OP: Operation.SPLIT_COLUMNS on slice (404, 3) (remaining tasks 26)
2025-04-21 22:56:42,694 [DEBUG]  		found 3 col clusters (in 0.10747 secs)
2025-04-21 22:56:42,695 [DEBUG]  OP: Operation.SPLIT_COLUMNS on slice (190, 3) (remaining tasks 28)
2025-04-21 22:56:42,899 [DEBUG]  		found 2 col clusters (in 0.20408 secs)
2025-04-21 22:56:42,899 [DEBUG]  OP: Operation.SPLIT_COLUMNS on slice (508, 2) (remaining tasks 29)
2025-04-21 22:56:43,007 [DEBUG]  		found 1 col clusters (in 0.10775 secs)
2025-04-21 22:56:43,007 [DEBUG]  OP: Operation.CREATE_LEAF on slice (508, 1) (remaining tasks 29)
2025-04-21 22:56:43,008 [DEBUG]  		 created leaf IdentityNumericLeaf for scope=[7] (in 0.00045 secs)
2025-04-21 22:56:43,008 [DEBUG]  OP: Operation.CREATE_LEAF on slice (508, 1) (remaining tasks 28)
2025-04-21 22:56:43,009 [DEBUG]  		 created leaf IdentityNumericLeaf for scope=[8] (in 0.00042 secs)
2025-04-21 22:56:43,009 [DEBUG]  OP: Operation.NAIVE_FACTORIZATION on slice (57, 3) (remaining tasks 27)
2025-04-21 22:56:43,013 [DEBUG]  		naive factorization 3 columns (in 0.00450 secs)
2025-04-21 22:56:43,014 [DEBUG]  OP: Operation.NAIVE_FACTORIZATION on slice (67, 3) (remaining tasks 26)
2025-04-21 22:56:43,017 [DEBUG]  		naive factorization 3 columns (in 0.00298 secs)
2025-04-21 22:56:43,017 [DEBUG]  OP: Operation.NAIVE_FACTORIZATION on slice (42, 5) (remaining tasks 25)
2025-04-21 22:56:43,020 [DEBUG]  		naive factorization 5 columns (in 0.00259 secs)
2025-04-21 22:56:43,020 [DEBUG]  OP: Operation.SPLIT_COLUMNS on slice (96, 5) (remaining tasks 24)
2025-04-21 22:56:43,125 [DEBUG]  		found 2 col clusters (in 0.10528 secs)
2025-04-21 22:56:43,125 [DEBUG]  OP: Operation.SPLIT_ROWS on slice (217, 4) (remaining tasks 25)
2025-04-21 22:56:43,174 [DEBUG]  		found 2 row clusters (in 0.04802 secs)
2025-04-21 22:56:43,174 [DEBUG]  OP: Operation.SPLIT_COLUMNS on slice (219, 3) (remaining tasks 26)
2025-04-21 22:56:43,284 [DEBUG]  		found 1 col clusters (in 0.10996 secs)
2025-04-21 22:56:43,284 [DEBUG]  OP: Operation.CREATE_LEAF on slice (219, 1) (remaining tasks 26)
2025-04-21 22:56:43,285 [DEBUG]  		 created leaf IdentityNumericLeaf for scope=[7] (in 0.00039 secs)
2025-04-21 22:56:43,285 [DEBUG]  OP: Operation.SPLIT_ROWS on slice (181, 4) (remaining tasks 25)
2025-04-21 22:56:43,367 [DEBUG]  		found 2 row clusters (in 0.08187 secs)
2025-04-21 22:56:43,368 [DEBUG]  OP: Operation.SPLIT_COLUMNS on slice (278, 3) (remaining tasks 26)
2025-04-21 22:56:43,498 [DEBUG]  		found 1 col clusters (in 0.12986 secs)
2025-04-21 22:56:43,498 [DEBUG]  OP: Operation.CREATE_LEAF on slice (278, 1) (remaining tasks 26)
2025-04-21 22:56:43,498 [DEBUG]  		 created leaf IdentityNumericLeaf for scope=[7] (in 0.00041 secs)
2025-04-21 22:56:43,499 [DEBUG]  OP: Operation.SPLIT_ROWS on slice (243, 4) (remaining tasks 25)
2025-04-21 22:56:43,546 [DEBUG]  		found 2 row clusters (in 0.04720 secs)
2025-04-21 22:56:43,546 [DEBUG]  OP: Operation.SPLIT_ROWS on slice (77, 4) (remaining tasks 26)
2025-04-21 22:56:43,592 [DEBUG]  		found 2 row clusters (in 0.04593 secs)
2025-04-21 22:56:43,593 [DEBUG]  OP: Operation.SPLIT_COLUMNS on slice (153, 3) (remaining tasks 27)
2025-04-21 22:56:43,704 [DEBUG]  		found 1 col clusters (in 0.11166 secs)
2025-04-21 22:56:43,704 [DEBUG]  OP: Operation.CREATE_LEAF on slice (153, 1) (remaining tasks 27)
2025-04-21 22:56:43,705 [DEBUG]  		 created leaf IdentityNumericLeaf for scope=[7] (in 0.00033 secs)
2025-04-21 22:56:43,705 [DEBUG]  OP: Operation.SPLIT_COLUMNS on slice (1546, 3) (remaining tasks 26)
2025-04-21 22:56:43,812 [DEBUG]  		found 1 col clusters (in 0.10710 secs)
2025-04-21 22:56:43,813 [DEBUG]  OP: Operation.CREATE_LEAF on slice (1546, 1) (remaining tasks 26)
2025-04-21 22:56:43,813 [DEBUG]  		 created leaf IdentityNumericLeaf for scope=[7] (in 0.00064 secs)
2025-04-21 22:56:43,814 [DEBUG]  OP: Operation.SPLIT_ROWS on slice (955, 4) (remaining tasks 25)
2025-04-21 22:56:43,895 [DEBUG]  		found 2 row clusters (in 0.08165 secs)
2025-04-21 22:56:43,897 [DEBUG]  OP: Operation.SPLIT_ROWS on slice (163, 4) (remaining tasks 26)
2025-04-21 22:56:43,966 [DEBUG]  		found 2 row clusters (in 0.06881 secs)
2025-04-21 22:56:43,967 [DEBUG]  OP: Operation.SPLIT_ROWS on slice (161, 4) (remaining tasks 27)
2025-04-21 22:56:43,989 [DEBUG]  		found 2 row clusters (in 0.02257 secs)
2025-04-21 22:56:43,989 [DEBUG]  OP: Operation.SPLIT_COLUMNS on slice (1482, 3) (remaining tasks 28)
2025-04-21 22:56:44,095 [DEBUG]  		found 1 col clusters (in 0.10578 secs)
2025-04-21 22:56:44,096 [DEBUG]  OP: Operation.CREATE_LEAF on slice (1482, 1) (remaining tasks 28)
2025-04-21 22:56:44,096 [DEBUG]  		 created leaf IdentityNumericLeaf for scope=[7] (in 0.00064 secs)
2025-04-21 22:56:44,096 [DEBUG]  OP: Operation.SPLIT_ROWS on slice (82, 4) (remaining tasks 27)
2025-04-21 22:56:44,121 [DEBUG]  		found 2 row clusters (in 0.02431 secs)
2025-04-21 22:56:44,121 [DEBUG]  OP: Operation.CREATE_LEAF on slice (404, 1) (remaining tasks 28)
2025-04-21 22:56:44,122 [DEBUG]  		 created leaf IdentityNumericLeaf for scope=[4] (in 0.00048 secs)
2025-04-21 22:56:44,122 [DEBUG]  OP: Operation.CREATE_LEAF on slice (404, 1) (remaining tasks 27)
2025-04-21 22:56:44,122 [DEBUG]  		 created leaf IdentityNumericLeaf for scope=[5] (in 0.00030 secs)
2025-04-21 22:56:44,122 [DEBUG]  OP: Operation.CREATE_LEAF on slice (404, 1) (remaining tasks 26)
2025-04-21 22:56:44,134 [DEBUG]  		 created leaf IdentityNumericLeaf for scope=[8] (in 0.01194 secs)
2025-04-21 22:56:44,135 [DEBUG]  OP: Operation.SPLIT_COLUMNS on slice (190, 2) (remaining tasks 25)
2025-04-21 22:56:44,306 [DEBUG]  		found 1 col clusters (in 0.17129 secs)
2025-04-21 22:56:44,306 [DEBUG]  OP: Operation.CREATE_LEAF on slice (190, 1) (remaining tasks 25)
2025-04-21 22:56:44,307 [DEBUG]  		 created leaf IdentityNumericLeaf for scope=[8] (in 0.00037 secs)
2025-04-21 22:56:44,307 [DEBUG]  OP: Operation.SPLIT_ROWS on slice (508, 2) (remaining tasks 24)
2025-04-21 22:56:44,330 [DEBUG]  		found 2 row clusters (in 0.02278 secs)
2025-04-21 22:56:44,330 [DEBUG]  OP: Operation.SPLIT_COLUMNS on slice (96, 4) (remaining tasks 25)
2025-04-21 22:56:44,437 [DEBUG]  		found 1 col clusters (in 0.10654 secs)
2025-04-21 22:56:44,437 [DEBUG]  OP: Operation.CREATE_LEAF on slice (96, 1) (remaining tasks 25)
2025-04-21 22:56:44,437 [DEBUG]  		 created leaf IdentityNumericLeaf for scope=[6] (in 0.00045 secs)
2025-04-21 22:56:44,438 [DEBUG]  OP: Operation.SPLIT_COLUMNS on slice (114, 4) (remaining tasks 24)
2025-04-21 22:56:44,547 [DEBUG]  		found 2 col clusters (in 0.10962 secs)
2025-04-21 22:56:44,548 [DEBUG]  OP: Operation.SPLIT_COLUMNS on slice (103, 4) (remaining tasks 25)
2025-04-21 22:56:44,659 [DEBUG]  		found 1 col clusters (in 0.11120 secs)
2025-04-21 22:56:44,660 [DEBUG]  OP: Operation.SPLIT_ROWS on slice (219, 3) (remaining tasks 25)
2025-04-21 22:56:44,717 [DEBUG]  		found 2 row clusters (in 0.05711 secs)
2025-04-21 22:56:44,718 [DEBUG]  OP: Operation.SPLIT_COLUMNS on slice (138, 4) (remaining tasks 26)
2025-04-21 22:56:44,828 [DEBUG]  		found 3 col clusters (in 0.10976 secs)
2025-04-21 22:56:44,828 [DEBUG]  OP: Operation.NAIVE_FACTORIZATION on slice (43, 4) (remaining tasks 28)
2025-04-21 22:56:44,830 [DEBUG]  		naive factorization 4 columns (in 0.00208 secs)
2025-04-21 22:56:44,830 [DEBUG]  OP: Operation.SPLIT_ROWS on slice (278, 3) (remaining tasks 27)
2025-04-21 22:56:44,858 [DEBUG]  		found 2 row clusters (in 0.02803 secs)
2025-04-21 22:56:44,859 [DEBUG]  OP: Operation.SPLIT_COLUMNS on slice (101, 4) (remaining tasks 28)
2025-04-21 22:56:44,965 [DEBUG]  		found 3 col clusters (in 0.10579 secs)
2025-04-21 22:56:44,965 [DEBUG]  OP: Operation.SPLIT_COLUMNS on slice (142, 4) (remaining tasks 30)
2025-04-21 22:56:45,075 [DEBUG]  		found 2 col clusters (in 0.10957 secs)
2025-04-21 22:56:45,075 [DEBUG]  OP: Operation.NAIVE_FACTORIZATION on slice (67, 4) (remaining tasks 31)
2025-04-21 22:56:45,077 [DEBUG]  		naive factorization 4 columns (in 0.00166 secs)
2025-04-21 22:56:45,077 [DEBUG]  OP: Operation.NAIVE_FACTORIZATION on slice (10, 4) (remaining tasks 30)
2025-04-21 22:56:45,078 [DEBUG]  		naive factorization 4 columns (in 0.00130 secs)
2025-04-21 22:56:45,078 [DEBUG]  OP: Operation.SPLIT_ROWS on slice (153, 3) (remaining tasks 29)
2025-04-21 22:56:45,104 [DEBUG]  		found 2 row clusters (in 0.02497 secs)
2025-04-21 22:56:45,104 [DEBUG]  OP: Operation.SPLIT_ROWS on slice (1546, 3) (remaining tasks 30)
2025-04-21 22:56:45,149 [DEBUG]  		found 2 row clusters (in 0.04461 secs)
2025-04-21 22:56:45,149 [DEBUG]  OP: Operation.SPLIT_COLUMNS on slice (616, 4) (remaining tasks 31)
2025-04-21 22:56:45,365 [DEBUG]  		found 3 col clusters (in 0.21582 secs)
2025-04-21 22:56:45,365 [DEBUG]  OP: Operation.SPLIT_COLUMNS on slice (339, 4) (remaining tasks 33)
2025-04-21 22:56:45,584 [DEBUG]  		found 2 col clusters (in 0.21886 secs)
2025-04-21 22:56:45,585 [DEBUG]  OP: Operation.NAIVE_FACTORIZATION on slice (57, 4) (remaining tasks 34)
2025-04-21 22:56:45,587 [DEBUG]  		naive factorization 4 columns (in 0.00249 secs)
2025-04-21 22:56:45,588 [DEBUG]  OP: Operation.SPLIT_COLUMNS on slice (106, 4) (remaining tasks 33)
2025-04-21 22:56:45,803 [DEBUG]  		found 2 col clusters (in 0.21521 secs)
2025-04-21 22:56:45,804 [DEBUG]  OP: Operation.SPLIT_COLUMNS on slice (88, 4) (remaining tasks 34)
2025-04-21 22:56:45,913 [DEBUG]  		found 2 col clusters (in 0.10929 secs)
2025-04-21 22:56:45,913 [DEBUG]  OP: Operation.NAIVE_FACTORIZATION on slice (73, 4) (remaining tasks 35)
2025-04-21 22:56:45,916 [DEBUG]  		naive factorization 4 columns (in 0.00244 secs)
2025-04-21 22:56:45,917 [DEBUG]  OP: Operation.SPLIT_ROWS on slice (1482, 3) (remaining tasks 34)
2025-04-21 22:56:45,977 [DEBUG]  		found 2 row clusters (in 0.06033 secs)
2025-04-21 22:56:45,977 [DEBUG]  OP: Operation.NAIVE_FACTORIZATION on slice (31, 4) (remaining tasks 35)
2025-04-21 22:56:45,980 [DEBUG]  		naive factorization 4 columns (in 0.00197 secs)
2025-04-21 22:56:45,980 [DEBUG]  OP: Operation.NAIVE_FACTORIZATION on slice (51, 4) (remaining tasks 34)
2025-04-21 22:56:45,982 [DEBUG]  		naive factorization 4 columns (in 0.00209 secs)
2025-04-21 22:56:45,983 [DEBUG]  OP: Operation.SPLIT_ROWS on slice (190, 2) (remaining tasks 33)
2025-04-21 22:56:46,018 [DEBUG]  		found 2 row clusters (in 0.03506 secs)
2025-04-21 22:56:46,018 [DEBUG]  OP: Operation.SPLIT_COLUMNS on slice (187, 2) (remaining tasks 34)
2025-04-21 22:56:46,126 [DEBUG]  		found 2 col clusters (in 0.10825 secs)
2025-04-21 22:56:46,127 [DEBUG]  OP: Operation.SPLIT_COLUMNS on slice (321, 2) (remaining tasks 35)
2025-04-21 22:56:46,236 [DEBUG]  		found 2 col clusters (in 0.10927 secs)
2025-04-21 22:56:46,237 [DEBUG]  OP: Operation.SPLIT_ROWS on slice (96, 4) (remaining tasks 36)
2025-04-21 22:56:46,280 [DEBUG]  		found 2 row clusters (in 0.04276 secs)
2025-04-21 22:56:46,280 [DEBUG]  OP: Operation.CREATE_LEAF on slice (114, 1) (remaining tasks 37)
2025-04-21 22:56:46,281 [DEBUG]  		 created leaf IdentityNumericLeaf for scope=[0] (in 0.00054 secs)
2025-04-21 22:56:46,281 [DEBUG]  OP: Operation.SPLIT_COLUMNS on slice (114, 3) (remaining tasks 36)
2025-04-21 22:56:46,390 [DEBUG]  		found 1 col clusters (in 0.10841 secs)
2025-04-21 22:56:46,390 [DEBUG]  OP: Operation.SPLIT_ROWS on slice (103, 4) (remaining tasks 36)
2025-04-21 22:56:46,415 [DEBUG]  		found 2 row clusters (in 0.02438 secs)
2025-04-21 22:56:46,415 [DEBUG]  OP: Operation.SPLIT_COLUMNS on slice (111, 3) (remaining tasks 37)
2025-04-21 22:56:46,525 [DEBUG]  		found 3 col clusters (in 0.10955 secs)
2025-04-21 22:56:46,525 [DEBUG]  OP: Operation.SPLIT_COLUMNS on slice (108, 3) (remaining tasks 39)
2025-04-21 22:56:46,636 [DEBUG]  		found 2 col clusters (in 0.11057 secs)
2025-04-21 22:56:46,636 [DEBUG]  OP: Operation.CREATE_LEAF on slice (138, 1) (remaining tasks 40)
2025-04-21 22:56:46,637 [DEBUG]  		 created leaf IdentityNumericLeaf for scope=[4] (in 0.00057 secs)
2025-04-21 22:56:46,638 [DEBUG]  OP: Operation.SPLIT_COLUMNS on slice (138, 2) (remaining tasks 39)
2025-04-21 22:56:46,748 [DEBUG]  		found 1 col clusters (in 0.10982 secs)
2025-04-21 22:56:46,748 [DEBUG]  OP: Operation.CREATE_LEAF on slice (138, 1) (remaining tasks 39)
2025-04-21 22:56:46,748 [DEBUG]  		 created leaf IdentityNumericLeaf for scope=[7] (in 0.00056 secs)
2025-04-21 22:56:46,749 [DEBUG]  OP: Operation.SPLIT_COLUMNS on slice (130, 3) (remaining tasks 38)
2025-04-21 22:56:46,859 [DEBUG]  		found 2 col clusters (in 0.11036 secs)
2025-04-21 22:56:46,860 [DEBUG]  OP: Operation.SPLIT_COLUMNS on slice (148, 3) (remaining tasks 39)
2025-04-21 22:56:46,970 [DEBUG]  		found 2 col clusters (in 0.10948 secs)
2025-04-21 22:56:46,970 [DEBUG]  OP: Operation.CREATE_LEAF on slice (101, 1) (remaining tasks 40)
2025-04-21 22:56:46,971 [DEBUG]  		 created leaf IdentityNumericLeaf for scope=[4] (in 0.00055 secs)
2025-04-21 22:56:46,971 [DEBUG]  OP: Operation.SPLIT_COLUMNS on slice (101, 2) (remaining tasks 39)
2025-04-21 22:56:47,079 [DEBUG]  		found 1 col clusters (in 0.10764 secs)
2025-04-21 22:56:47,079 [DEBUG]  OP: Operation.CREATE_LEAF on slice (101, 1) (remaining tasks 39)
2025-04-21 22:56:47,080 [DEBUG]  		 created leaf IdentityNumericLeaf for scope=[7] (in 0.00053 secs)
2025-04-21 22:56:47,080 [DEBUG]  OP: Operation.SPLIT_COLUMNS on slice (142, 3) (remaining tasks 38)
2025-04-21 22:56:47,190 [DEBUG]  		found 1 col clusters (in 0.10949 secs)
2025-04-21 22:56:47,190 [DEBUG]  OP: Operation.CREATE_LEAF on slice (142, 1) (remaining tasks 38)
2025-04-21 22:56:47,191 [DEBUG]  		 created leaf IdentityNumericLeaf for scope=[7] (in 0.00061 secs)
2025-04-21 22:56:47,191 [DEBUG]  OP: Operation.SPLIT_COLUMNS on slice (82, 3) (remaining tasks 37)
2025-04-21 22:56:47,300 [DEBUG]  		found 2 col clusters (in 0.10886 secs)
2025-04-21 22:56:47,301 [DEBUG]  OP: Operation.NAIVE_FACTORIZATION on slice (71, 3) (remaining tasks 38)
2025-04-21 22:56:47,303 [DEBUG]  		naive factorization 3 columns (in 0.00206 secs)
2025-04-21 22:56:47,304 [DEBUG]  OP: Operation.SPLIT_COLUMNS on slice (799, 3) (remaining tasks 37)
2025-04-21 22:56:47,415 [DEBUG]  		found 3 col clusters (in 0.11085 secs)
2025-04-21 22:56:47,415 [DEBUG]  OP: Operation.SPLIT_COLUMNS on slice (747, 3) (remaining tasks 39)
2025-04-21 22:56:47,622 [DEBUG]  		found 2 col clusters (in 0.20656 secs)
2025-04-21 22:56:47,622 [DEBUG]  OP: Operation.CREATE_LEAF on slice (616, 1) (remaining tasks 40)
2025-04-21 22:56:47,622 [DEBUG]  		 created leaf IdentityNumericLeaf for scope=[0] (in 0.00063 secs)
2025-04-21 22:56:47,623 [DEBUG]  OP: Operation.SPLIT_COLUMNS on slice (616, 2) (remaining tasks 39)
2025-04-21 22:56:47,837 [DEBUG]  		found 1 col clusters (in 0.21437 secs)
2025-04-21 22:56:47,837 [DEBUG]  OP: Operation.CREATE_LEAF on slice (616, 1) (remaining tasks 39)
2025-04-21 22:56:47,838 [DEBUG]  		 created leaf IdentityNumericLeaf for scope=[8] (in 0.00046 secs)
2025-04-21 22:56:47,838 [DEBUG]  OP: Operation.CREATE_LEAF on slice (339, 1) (remaining tasks 38)
2025-04-21 22:56:47,839 [DEBUG]  		 created leaf IdentityNumericLeaf for scope=[0] (in 0.00044 secs)
2025-04-21 22:56:47,839 [DEBUG]  OP: Operation.SPLIT_COLUMNS on slice (339, 3) (remaining tasks 37)
2025-04-21 22:56:47,944 [DEBUG]  		found 1 col clusters (in 0.10536 secs)
2025-04-21 22:56:47,944 [DEBUG]  OP: Operation.CREATE_LEAF on slice (106, 1) (remaining tasks 37)
2025-04-21 22:56:47,945 [DEBUG]  		 created leaf IdentityNumericLeaf for scope=[0] (in 0.00032 secs)
2025-04-21 22:56:47,945 [DEBUG]  OP: Operation.SPLIT_COLUMNS on slice (106, 3) (remaining tasks 36)
2025-04-21 22:56:48,151 [DEBUG]  		found 1 col clusters (in 0.20572 secs)
2025-04-21 22:56:48,151 [DEBUG]  OP: Operation.SPLIT_COLUMNS on slice (88, 3) (remaining tasks 36)
2025-04-21 22:56:48,262 [DEBUG]  		found 1 col clusters (in 0.11009 secs)
2025-04-21 22:56:48,262 [DEBUG]  OP: Operation.CREATE_LEAF on slice (88, 1) (remaining tasks 36)
2025-04-21 22:56:48,262 [DEBUG]  		 created leaf IdentityNumericLeaf for scope=[7] (in 0.00052 secs)
2025-04-21 22:56:48,263 [DEBUG]  OP: Operation.SPLIT_COLUMNS on slice (769, 3) (remaining tasks 35)
2025-04-21 22:56:48,374 [DEBUG]  		found 3 col clusters (in 0.11085 secs)
2025-04-21 22:56:48,374 [DEBUG]  OP: Operation.SPLIT_COLUMNS on slice (713, 3) (remaining tasks 37)
2025-04-21 22:56:48,581 [DEBUG]  		found 3 col clusters (in 0.20609 secs)
2025-04-21 22:56:48,581 [DEBUG]  OP: Operation.SPLIT_COLUMNS on slice (110, 2) (remaining tasks 39)
2025-04-21 22:56:48,799 [DEBUG]  		found 2 col clusters (in 0.21820 secs)
2025-04-21 22:56:48,800 [DEBUG]  OP: Operation.SPLIT_COLUMNS on slice (80, 2) (remaining tasks 40)
2025-04-21 22:56:48,906 [DEBUG]  		found 2 col clusters (in 0.10631 secs)
2025-04-21 22:56:48,906 [DEBUG]  OP: Operation.CREATE_LEAF on slice (187, 1) (remaining tasks 41)
2025-04-21 22:56:48,907 [DEBUG]  		 created leaf IdentityNumericLeaf for scope=[4] (in 0.00067 secs)
2025-04-21 22:56:48,907 [DEBUG]  OP: Operation.CREATE_LEAF on slice (187, 1) (remaining tasks 40)
2025-04-21 22:56:48,908 [DEBUG]  		 created leaf IdentityNumericLeaf for scope=[5] (in 0.00048 secs)
2025-04-21 22:56:48,908 [DEBUG]  OP: Operation.CREATE_LEAF on slice (321, 1) (remaining tasks 39)
2025-04-21 22:56:48,909 [DEBUG]  		 created leaf IdentityNumericLeaf for scope=[4] (in 0.00065 secs)
2025-04-21 22:56:48,909 [DEBUG]  OP: Operation.CREATE_LEAF on slice (321, 1) (remaining tasks 38)
2025-04-21 22:56:48,910 [DEBUG]  		 created leaf IdentityNumericLeaf for scope=[5] (in 0.00048 secs)
2025-04-21 22:56:48,910 [DEBUG]  OP: Operation.NAIVE_FACTORIZATION on slice (23, 4) (remaining tasks 37)
2025-04-21 22:56:48,912 [DEBUG]  		naive factorization 4 columns (in 0.00199 secs)
2025-04-21 22:56:48,913 [DEBUG]  OP: Operation.NAIVE_FACTORIZATION on slice (73, 4) (remaining tasks 36)
2025-04-21 22:56:48,915 [DEBUG]  		naive factorization 4 columns (in 0.00208 secs)
2025-04-21 22:56:48,915 [DEBUG]  OP: Operation.SPLIT_ROWS on slice (114, 3) (remaining tasks 35)
2025-04-21 22:56:48,946 [DEBUG]  		found 2 row clusters (in 0.03012 secs)
2025-04-21 22:56:48,946 [DEBUG]  OP: Operation.SPLIT_COLUMNS on slice (86, 4) (remaining tasks 36)
2025-04-21 22:56:49,057 [DEBUG]  		found 3 col clusters (in 0.11035 secs)
2025-04-21 22:56:49,057 [DEBUG]  OP: Operation.NAIVE_FACTORIZATION on slice (17, 4) (remaining tasks 38)
2025-04-21 22:56:49,060 [DEBUG]  		naive factorization 4 columns (in 0.00240 secs)
2025-04-21 22:56:49,060 [DEBUG]  OP: Operation.CREATE_LEAF on slice (111, 1) (remaining tasks 37)
2025-04-21 22:56:49,061 [DEBUG]  		 created leaf IdentityNumericLeaf for scope=[4] (in 0.00059 secs)
2025-04-21 22:56:49,061 [DEBUG]  OP: Operation.CREATE_LEAF on slice (111, 1) (remaining tasks 36)
2025-04-21 22:56:49,061 [DEBUG]  		 created leaf IdentityNumericLeaf for scope=[6] (in 0.00050 secs)
2025-04-21 22:56:49,062 [DEBUG]  OP: Operation.CREATE_LEAF on slice (111, 1) (remaining tasks 35)
2025-04-21 22:56:49,062 [DEBUG]  		 created leaf IdentityNumericLeaf for scope=[8] (in 0.00048 secs)
2025-04-21 22:56:49,063 [DEBUG]  OP: Operation.CREATE_LEAF on slice (108, 1) (remaining tasks 34)
2025-04-21 22:56:49,063 [DEBUG]  		 created leaf IdentityNumericLeaf for scope=[4] (in 0.00051 secs)
2025-04-21 22:56:49,064 [DEBUG]  OP: Operation.SPLIT_COLUMNS on slice (108, 2) (remaining tasks 33)
2025-04-21 22:56:49,174 [DEBUG]  		found 1 col clusters (in 0.11042 secs)
2025-04-21 22:56:49,175 [DEBUG]  OP: Operation.SPLIT_ROWS on slice (138, 2) (remaining tasks 33)
2025-04-21 22:56:49,228 [DEBUG]  		found 2 row clusters (in 0.05353 secs)
2025-04-21 22:56:49,229 [DEBUG]  OP: Operation.SPLIT_COLUMNS on slice (130, 2) (remaining tasks 34)
2025-04-21 22:56:49,339 [DEBUG]  		found 1 col clusters (in 0.11033 secs)
2025-04-21 22:56:49,339 [DEBUG]  OP: Operation.CREATE_LEAF on slice (130, 1) (remaining tasks 34)
2025-04-21 22:56:49,340 [DEBUG]  		 created leaf IdentityNumericLeaf for scope=[8] (in 0.00056 secs)
2025-04-21 22:56:49,340 [DEBUG]  OP: Operation.CREATE_LEAF on slice (148, 1) (remaining tasks 33)
2025-04-21 22:56:49,341 [DEBUG]  		 created leaf IdentityNumericLeaf for scope=[4] (in 0.00054 secs)
2025-04-21 22:56:49,342 [DEBUG]  OP: Operation.SPLIT_COLUMNS on slice (148, 2) (remaining tasks 32)
2025-04-21 22:56:49,452 [DEBUG]  		found 1 col clusters (in 0.11021 secs)
2025-04-21 22:56:49,452 [DEBUG]  OP: Operation.SPLIT_ROWS on slice (101, 2) (remaining tasks 32)
2025-04-21 22:56:49,493 [DEBUG]  		found 2 row clusters (in 0.04048 secs)
2025-04-21 22:56:49,493 [DEBUG]  OP: Operation.SPLIT_ROWS on slice (142, 3) (remaining tasks 33)
2025-04-21 22:56:49,529 [DEBUG]  		found 2 row clusters (in 0.03487 secs)
2025-04-21 22:56:49,529 [DEBUG]  OP: Operation.SPLIT_COLUMNS on slice (82, 2) (remaining tasks 34)
2025-04-21 22:56:49,637 [DEBUG]  		found 1 col clusters (in 0.10852 secs)
2025-04-21 22:56:49,638 [DEBUG]  OP: Operation.CREATE_LEAF on slice (82, 1) (remaining tasks 34)
2025-04-21 22:56:49,638 [DEBUG]  		 created leaf IdentityNumericLeaf for scope=[8] (in 0.00050 secs)
2025-04-21 22:56:49,639 [DEBUG]  OP: Operation.CREATE_LEAF on slice (799, 1) (remaining tasks 33)
2025-04-21 22:56:49,640 [DEBUG]  		 created leaf IdentityNumericLeaf for scope=[4] (in 0.00096 secs)
2025-04-21 22:56:49,640 [DEBUG]  OP: Operation.CREATE_LEAF on slice (799, 1) (remaining tasks 32)
2025-04-21 22:56:49,641 [DEBUG]  		 created leaf IdentityNumericLeaf for scope=[5] (in 0.00058 secs)
2025-04-21 22:56:49,641 [DEBUG]  OP: Operation.CREATE_LEAF on slice (799, 1) (remaining tasks 31)
2025-04-21 22:56:49,642 [DEBUG]  		 created leaf IdentityNumericLeaf for scope=[8] (in 0.00080 secs)
2025-04-21 22:56:49,642 [DEBUG]  OP: Operation.SPLIT_COLUMNS on slice (747, 2) (remaining tasks 30)
2025-04-21 22:56:49,753 [DEBUG]  		found 1 col clusters (in 0.11052 secs)
2025-04-21 22:56:49,753 [DEBUG]  OP: Operation.CREATE_LEAF on slice (747, 1) (remaining tasks 30)
2025-04-21 22:56:49,754 [DEBUG]  		 created leaf IdentityNumericLeaf for scope=[8] (in 0.00050 secs)
2025-04-21 22:56:49,754 [DEBUG]  OP: Operation.SPLIT_ROWS on slice (616, 2) (remaining tasks 29)
2025-04-21 22:56:49,796 [DEBUG]  		found 2 row clusters (in 0.04229 secs)
2025-04-21 22:56:49,797 [DEBUG]  OP: Operation.SPLIT_ROWS on slice (339, 3) (remaining tasks 30)
2025-04-21 22:56:49,829 [DEBUG]  		found 2 row clusters (in 0.03204 secs)
2025-04-21 22:56:49,829 [DEBUG]  OP: Operation.SPLIT_ROWS on slice (106, 3) (remaining tasks 31)
2025-04-21 22:56:49,848 [DEBUG]  		found 2 row clusters (in 0.01861 secs)
2025-04-21 22:56:49,848 [DEBUG]  OP: Operation.SPLIT_ROWS on slice (88, 3) (remaining tasks 32)
2025-04-21 22:56:49,866 [DEBUG]  		found 2 row clusters (in 0.01773 secs)
2025-04-21 22:56:49,866 [DEBUG]  OP: Operation.CREATE_LEAF on slice (769, 1) (remaining tasks 33)
2025-04-21 22:56:49,866 [DEBUG]  		 created leaf IdentityNumericLeaf for scope=[4] (in 0.00039 secs)
2025-04-21 22:56:49,866 [DEBUG]  OP: Operation.CREATE_LEAF on slice (769, 1) (remaining tasks 32)
2025-04-21 22:56:49,867 [DEBUG]  		 created leaf IdentityNumericLeaf for scope=[5] (in 0.00024 secs)
2025-04-21 22:56:49,867 [DEBUG]  OP: Operation.CREATE_LEAF on slice (769, 1) (remaining tasks 31)
2025-04-21 22:56:49,867 [DEBUG]  		 created leaf IdentityNumericLeaf for scope=[8] (in 0.00031 secs)
2025-04-21 22:56:49,867 [DEBUG]  OP: Operation.CREATE_LEAF on slice (713, 1) (remaining tasks 30)
2025-04-21 22:56:49,868 [DEBUG]  		 created leaf IdentityNumericLeaf for scope=[4] (in 0.00037 secs)
2025-04-21 22:56:49,868 [DEBUG]  OP: Operation.CREATE_LEAF on slice (713, 1) (remaining tasks 29)
2025-04-21 22:56:49,868 [DEBUG]  		 created leaf IdentityNumericLeaf for scope=[5] (in 0.00022 secs)
2025-04-21 22:56:49,868 [DEBUG]  OP: Operation.CREATE_LEAF on slice (713, 1) (remaining tasks 28)
2025-04-21 22:56:49,869 [DEBUG]  		 created leaf IdentityNumericLeaf for scope=[8] (in 0.00029 secs)
2025-04-21 22:56:49,869 [DEBUG]  OP: Operation.CREATE_LEAF on slice (110, 1) (remaining tasks 27)
2025-04-21 22:56:49,869 [DEBUG]  		 created leaf IdentityNumericLeaf for scope=[4] (in 0.00020 secs)
2025-04-21 22:56:49,869 [DEBUG]  OP: Operation.CREATE_LEAF on slice (110, 1) (remaining tasks 26)
2025-04-21 22:56:49,869 [DEBUG]  		 created leaf IdentityNumericLeaf for scope=[5] (in 0.00017 secs)
2025-04-21 22:56:49,869 [DEBUG]  OP: Operation.CREATE_LEAF on slice (80, 1) (remaining tasks 25)
2025-04-21 22:56:49,869 [DEBUG]  		 created leaf IdentityNumericLeaf for scope=[4] (in 0.00018 secs)
2025-04-21 22:56:49,870 [DEBUG]  OP: Operation.CREATE_LEAF on slice (80, 1) (remaining tasks 24)
2025-04-21 22:56:49,870 [DEBUG]  		 created leaf IdentityNumericLeaf for scope=[5] (in 0.00016 secs)
2025-04-21 22:56:49,870 [DEBUG]  OP: Operation.SPLIT_COLUMNS on slice (103, 3) (remaining tasks 23)
2025-04-21 22:56:49,974 [DEBUG]  		found 3 col clusters (in 0.10399 secs)
2025-04-21 22:56:49,974 [DEBUG]  OP: Operation.NAIVE_FACTORIZATION on slice (11, 3) (remaining tasks 25)
2025-04-21 22:56:49,976 [DEBUG]  		naive factorization 3 columns (in 0.00188 secs)
2025-04-21 22:56:49,976 [DEBUG]  OP: Operation.CREATE_LEAF on slice (86, 1) (remaining tasks 24)
2025-04-21 22:56:49,977 [DEBUG]  		 created leaf IdentityNumericLeaf for scope=[0] (in 0.00025 secs)
2025-04-21 22:56:49,977 [DEBUG]  OP: Operation.SPLIT_COLUMNS on slice (86, 2) (remaining tasks 23)
2025-04-21 22:56:50,084 [DEBUG]  		found 1 col clusters (in 0.10699 secs)
2025-04-21 22:56:50,084 [DEBUG]  OP: Operation.CREATE_LEAF on slice (86, 1) (remaining tasks 23)
2025-04-21 22:56:50,085 [DEBUG]  		 created leaf IdentityNumericLeaf for scope=[8] (in 0.00055 secs)
2025-04-21 22:56:50,085 [DEBUG]  OP: Operation.SPLIT_ROWS on slice (108, 2) (remaining tasks 22)
2025-04-21 22:56:50,136 [DEBUG]  		found 2 row clusters (in 0.05065 secs)
2025-04-21 22:56:50,137 [DEBUG]  OP: Operation.NAIVE_FACTORIZATION on slice (55, 2) (remaining tasks 23)
2025-04-21 22:56:50,138 [DEBUG]  		naive factorization 2 columns (in 0.00168 secs)
2025-04-21 22:56:50,139 [DEBUG]  OP: Operation.SPLIT_COLUMNS on slice (83, 2) (remaining tasks 22)
2025-04-21 22:56:50,248 [DEBUG]  		found 2 col clusters (in 0.10935 secs)
2025-04-21 22:56:50,249 [DEBUG]  OP: Operation.SPLIT_ROWS on slice (130, 2) (remaining tasks 23)
2025-04-21 22:56:50,304 [DEBUG]  		found 2 row clusters (in 0.05507 secs)
2025-04-21 22:56:50,304 [DEBUG]  OP: Operation.SPLIT_ROWS on slice (148, 2) (remaining tasks 24)
2025-04-21 22:56:50,359 [DEBUG]  		found 2 row clusters (in 0.05475 secs)
2025-04-21 22:56:50,360 [DEBUG]  OP: Operation.NAIVE_FACTORIZATION on slice (29, 2) (remaining tasks 25)
2025-04-21 22:56:50,362 [DEBUG]  		naive factorization 2 columns (in 0.00206 secs)
2025-04-21 22:56:50,362 [DEBUG]  OP: Operation.NAIVE_FACTORIZATION on slice (72, 2) (remaining tasks 24)
2025-04-21 22:56:50,365 [DEBUG]  		naive factorization 2 columns (in 0.00262 secs)
2025-04-21 22:56:50,365 [DEBUG]  OP: Operation.SPLIT_COLUMNS on slice (93, 3) (remaining tasks 23)
2025-04-21 22:56:50,474 [DEBUG]  		found 3 col clusters (in 0.10896 secs)
2025-04-21 22:56:50,475 [DEBUG]  OP: Operation.NAIVE_FACTORIZATION on slice (49, 3) (remaining tasks 25)
2025-04-21 22:56:50,477 [DEBUG]  		naive factorization 3 columns (in 0.00225 secs)
2025-04-21 22:56:50,478 [DEBUG]  OP: Operation.SPLIT_ROWS on slice (82, 2) (remaining tasks 24)
2025-04-21 22:56:50,526 [DEBUG]  		found 2 row clusters (in 0.04766 secs)
2025-04-21 22:56:50,526 [DEBUG]  OP: Operation.SPLIT_ROWS on slice (747, 2) (remaining tasks 25)
2025-04-21 22:56:50,574 [DEBUG]  		found 2 row clusters (in 0.04768 secs)
2025-04-21 22:56:50,574 [DEBUG]  OP: Operation.SPLIT_COLUMNS on slice (304, 2) (remaining tasks 26)
2025-04-21 22:56:50,682 [DEBUG]  		found 1 col clusters (in 0.10790 secs)
2025-04-21 22:56:50,683 [DEBUG]  OP: Operation.SPLIT_COLUMNS on slice (312, 2) (remaining tasks 26)
2025-04-21 22:56:50,788 [DEBUG]  		found 2 col clusters (in 0.10517 secs)
2025-04-21 22:56:50,788 [DEBUG]  OP: Operation.SPLIT_COLUMNS on slice (156, 3) (remaining tasks 27)
2025-04-21 22:56:50,893 [DEBUG]  		found 2 col clusters (in 0.10493 secs)
2025-04-21 22:56:50,893 [DEBUG]  OP: Operation.SPLIT_COLUMNS on slice (183, 3) (remaining tasks 28)
2025-04-21 22:56:51,001 [DEBUG]  		found 2 col clusters (in 0.10758 secs)
2025-04-21 22:56:51,001 [DEBUG]  OP: Operation.SPLIT_COLUMNS on slice (81, 3) (remaining tasks 29)
2025-04-21 22:56:51,107 [DEBUG]  		found 2 col clusters (in 0.10535 secs)
2025-04-21 22:56:51,107 [DEBUG]  OP: Operation.NAIVE_FACTORIZATION on slice (25, 3) (remaining tasks 30)
2025-04-21 22:56:51,109 [DEBUG]  		naive factorization 3 columns (in 0.00176 secs)
2025-04-21 22:56:51,109 [DEBUG]  OP: Operation.NAIVE_FACTORIZATION on slice (61, 3) (remaining tasks 29)
2025-04-21 22:56:51,111 [DEBUG]  		naive factorization 3 columns (in 0.00163 secs)
2025-04-21 22:56:51,111 [DEBUG]  OP: Operation.NAIVE_FACTORIZATION on slice (27, 3) (remaining tasks 28)
2025-04-21 22:56:51,112 [DEBUG]  		naive factorization 3 columns (in 0.00111 secs)
2025-04-21 22:56:51,112 [DEBUG]  OP: Operation.CREATE_LEAF on slice (103, 1) (remaining tasks 27)
2025-04-21 22:56:51,113 [DEBUG]  		 created leaf IdentityNumericLeaf for scope=[4] (in 0.00023 secs)
2025-04-21 22:56:51,113 [DEBUG]  OP: Operation.CREATE_LEAF on slice (103, 1) (remaining tasks 26)
2025-04-21 22:56:51,113 [DEBUG]  		 created leaf IdentityNumericLeaf for scope=[7] (in 0.00019 secs)
2025-04-21 22:56:51,113 [DEBUG]  OP: Operation.CREATE_LEAF on slice (103, 1) (remaining tasks 25)
2025-04-21 22:56:51,113 [DEBUG]  		 created leaf IdentityNumericLeaf for scope=[8] (in 0.00019 secs)
2025-04-21 22:56:51,113 [DEBUG]  OP: Operation.SPLIT_ROWS on slice (86, 2) (remaining tasks 24)
2025-04-21 22:56:51,125 [DEBUG]  		found 2 row clusters (in 0.01168 secs)
2025-04-21 22:56:51,125 [DEBUG]  OP: Operation.NAIVE_FACTORIZATION on slice (40, 2) (remaining tasks 25)
2025-04-21 22:56:51,127 [DEBUG]  		naive factorization 2 columns (in 0.00142 secs)
2025-04-21 22:56:51,127 [DEBUG]  OP: Operation.NAIVE_FACTORIZATION on slice (68, 2) (remaining tasks 24)
2025-04-21 22:56:51,130 [DEBUG]  		naive factorization 2 columns (in 0.00229 secs)
2025-04-21 22:56:51,130 [DEBUG]  OP: Operation.CREATE_LEAF on slice (83, 1) (remaining tasks 23)
2025-04-21 22:56:51,131 [DEBUG]  		 created leaf IdentityNumericLeaf for scope=[6] (in 0.00050 secs)
2025-04-21 22:56:51,131 [DEBUG]  OP: Operation.CREATE_LEAF on slice (83, 1) (remaining tasks 22)
2025-04-21 22:56:51,131 [DEBUG]  		 created leaf IdentityNumericLeaf for scope=[8] (in 0.00043 secs)
2025-04-21 22:56:51,132 [DEBUG]  OP: Operation.SPLIT_COLUMNS on slice (88, 2) (remaining tasks 21)
2025-04-21 22:56:51,241 [DEBUG]  		found 2 col clusters (in 0.10882 secs)
2025-04-21 22:56:51,241 [DEBUG]  OP: Operation.NAIVE_FACTORIZATION on slice (42, 2) (remaining tasks 22)
2025-04-21 22:56:51,243 [DEBUG]  		naive factorization 2 columns (in 0.00190 secs)
2025-04-21 22:56:51,243 [DEBUG]  OP: Operation.NAIVE_FACTORIZATION on slice (59, 2) (remaining tasks 21)
2025-04-21 22:56:51,246 [DEBUG]  		naive factorization 2 columns (in 0.00216 secs)
2025-04-21 22:56:51,246 [DEBUG]  OP: Operation.SPLIT_COLUMNS on slice (89, 2) (remaining tasks 20)
2025-04-21 22:56:51,356 [DEBUG]  		found 2 col clusters (in 0.10982 secs)
2025-04-21 22:56:51,356 [DEBUG]  OP: Operation.CREATE_LEAF on slice (93, 1) (remaining tasks 21)
2025-04-21 22:56:51,357 [DEBUG]  		 created leaf IdentityNumericLeaf for scope=[4] (in 0.00052 secs)
2025-04-21 22:56:51,357 [DEBUG]  OP: Operation.CREATE_LEAF on slice (93, 1) (remaining tasks 20)
2025-04-21 22:56:51,358 [DEBUG]  		 created leaf IdentityNumericLeaf for scope=[6] (in 0.00048 secs)
2025-04-21 22:56:51,358 [DEBUG]  OP: Operation.CREATE_LEAF on slice (93, 1) (remaining tasks 19)
2025-04-21 22:56:51,358 [DEBUG]  		 created leaf IdentityNumericLeaf for scope=[8] (in 0.00046 secs)
2025-04-21 22:56:51,359 [DEBUG]  OP: Operation.NAIVE_FACTORIZATION on slice (58, 2) (remaining tasks 18)
2025-04-21 22:56:51,361 [DEBUG]  		naive factorization 2 columns (in 0.00227 secs)
2025-04-21 22:56:51,361 [DEBUG]  OP: Operation.NAIVE_FACTORIZATION on slice (24, 2) (remaining tasks 17)
2025-04-21 22:56:51,364 [DEBUG]  		naive factorization 2 columns (in 0.00209 secs)
2025-04-21 22:56:51,364 [DEBUG]  OP: Operation.SPLIT_COLUMNS on slice (230, 2) (remaining tasks 16)
2025-04-21 22:56:51,473 [DEBUG]  		found 2 col clusters (in 0.10963 secs)
2025-04-21 22:56:51,474 [DEBUG]  OP: Operation.SPLIT_COLUMNS on slice (517, 2) (remaining tasks 17)
2025-04-21 22:56:51,579 [DEBUG]  		found 2 col clusters (in 0.10538 secs)
2025-04-21 22:56:51,580 [DEBUG]  OP: Operation.SPLIT_ROWS on slice (304, 2) (remaining tasks 18)
2025-04-21 22:56:51,614 [DEBUG]  		found 2 row clusters (in 0.03431 secs)
2025-04-21 22:56:51,614 [DEBUG]  OP: Operation.CREATE_LEAF on slice (312, 1) (remaining tasks 19)
2025-04-21 22:56:51,615 [DEBUG]  		 created leaf IdentityNumericLeaf for scope=[4] (in 0.00043 secs)
2025-04-21 22:56:51,615 [DEBUG]  OP: Operation.CREATE_LEAF on slice (312, 1) (remaining tasks 18)
2025-04-21 22:56:51,615 [DEBUG]  		 created leaf IdentityNumericLeaf for scope=[5] (in 0.00028 secs)
2025-04-21 22:56:51,615 [DEBUG]  OP: Operation.SPLIT_COLUMNS on slice (156, 2) (remaining tasks 17)
2025-04-21 22:56:51,720 [DEBUG]  		found 1 col clusters (in 0.10491 secs)
2025-04-21 22:56:51,721 [DEBUG]  OP: Operation.CREATE_LEAF on slice (156, 1) (remaining tasks 17)
2025-04-21 22:56:51,721 [DEBUG]  		 created leaf IdentityNumericLeaf for scope=[8] (in 0.00035 secs)
2025-04-21 22:56:51,721 [DEBUG]  OP: Operation.SPLIT_COLUMNS on slice (183, 2) (remaining tasks 16)
2025-04-21 22:56:51,829 [DEBUG]  		found 1 col clusters (in 0.10752 secs)
2025-04-21 22:56:51,829 [DEBUG]  OP: Operation.CREATE_LEAF on slice (183, 1) (remaining tasks 16)
2025-04-21 22:56:51,830 [DEBUG]  		 created leaf IdentityNumericLeaf for scope=[8] (in 0.00058 secs)
2025-04-21 22:56:51,830 [DEBUG]  OP: Operation.SPLIT_COLUMNS on slice (81, 2) (remaining tasks 15)
2025-04-21 22:56:51,940 [DEBUG]  		found 1 col clusters (in 0.10985 secs)
2025-04-21 22:56:51,940 [DEBUG]  OP: Operation.CREATE_LEAF on slice (81, 1) (remaining tasks 15)
2025-04-21 22:56:51,941 [DEBUG]  		 created leaf IdentityNumericLeaf for scope=[7] (in 0.00051 secs)
2025-04-21 22:56:51,941 [DEBUG]  OP: Operation.NAIVE_FACTORIZATION on slice (60, 2) (remaining tasks 14)
2025-04-21 22:56:51,944 [DEBUG]  		naive factorization 2 columns (in 0.00225 secs)
2025-04-21 22:56:51,944 [DEBUG]  OP: Operation.NAIVE_FACTORIZATION on slice (26, 2) (remaining tasks 13)
2025-04-21 22:56:51,946 [DEBUG]  		naive factorization 2 columns (in 0.00211 secs)
2025-04-21 22:56:51,946 [DEBUG]  OP: Operation.CREATE_LEAF on slice (88, 1) (remaining tasks 12)
2025-04-21 22:56:51,947 [DEBUG]  		 created leaf IdentityNumericLeaf for scope=[4] (in 0.00055 secs)
2025-04-21 22:56:51,947 [DEBUG]  OP: Operation.CREATE_LEAF on slice (88, 1) (remaining tasks 11)
2025-04-21 22:56:51,948 [DEBUG]  		 created leaf IdentityNumericLeaf for scope=[6] (in 0.00048 secs)
2025-04-21 22:56:51,948 [DEBUG]  OP: Operation.CREATE_LEAF on slice (89, 1) (remaining tasks 10)
2025-04-21 22:56:51,949 [DEBUG]  		 created leaf IdentityNumericLeaf for scope=[6] (in 0.00046 secs)
2025-04-21 22:56:51,949 [DEBUG]  OP: Operation.CREATE_LEAF on slice (89, 1) (remaining tasks 9)
2025-04-21 22:56:51,949 [DEBUG]  		 created leaf IdentityNumericLeaf for scope=[8] (in 0.00046 secs)
2025-04-21 22:56:51,950 [DEBUG]  OP: Operation.CREATE_LEAF on slice (230, 1) (remaining tasks 8)
2025-04-21 22:56:51,950 [DEBUG]  		 created leaf IdentityNumericLeaf for scope=[4] (in 0.00059 secs)
2025-04-21 22:56:51,950 [DEBUG]  OP: Operation.CREATE_LEAF on slice (230, 1) (remaining tasks 7)
2025-04-21 22:56:51,951 [DEBUG]  		 created leaf IdentityNumericLeaf for scope=[5] (in 0.00047 secs)
2025-04-21 22:56:51,951 [DEBUG]  OP: Operation.CREATE_LEAF on slice (517, 1) (remaining tasks 6)
2025-04-21 22:56:51,952 [DEBUG]  		 created leaf IdentityNumericLeaf for scope=[4] (in 0.00080 secs)
2025-04-21 22:56:51,952 [DEBUG]  OP: Operation.CREATE_LEAF on slice (517, 1) (remaining tasks 5)
2025-04-21 22:56:51,953 [DEBUG]  		 created leaf IdentityNumericLeaf for scope=[5] (in 0.00051 secs)
2025-04-21 22:56:51,953 [DEBUG]  OP: Operation.SPLIT_COLUMNS on slice (92, 2) (remaining tasks 4)
2025-04-21 22:56:52,063 [DEBUG]  		found 2 col clusters (in 0.10966 secs)
2025-04-21 22:56:52,064 [DEBUG]  OP: Operation.SPLIT_COLUMNS on slice (212, 2) (remaining tasks 5)
2025-04-21 22:56:52,174 [DEBUG]  		found 2 col clusters (in 0.11003 secs)
2025-04-21 22:56:52,174 [DEBUG]  OP: Operation.SPLIT_ROWS on slice (156, 2) (remaining tasks 6)
2025-04-21 22:56:52,194 [DEBUG]  		found 2 row clusters (in 0.01967 secs)
2025-04-21 22:56:52,194 [DEBUG]  OP: Operation.SPLIT_ROWS on slice (183, 2) (remaining tasks 7)
2025-04-21 22:56:52,222 [DEBUG]  		found 2 row clusters (in 0.02775 secs)
2025-04-21 22:56:52,222 [DEBUG]  OP: Operation.SPLIT_ROWS on slice (81, 2) (remaining tasks 8)
2025-04-21 22:56:52,245 [DEBUG]  		found 2 row clusters (in 0.02217 secs)
2025-04-21 22:56:52,245 [DEBUG]  OP: Operation.CREATE_LEAF on slice (92, 1) (remaining tasks 9)
2025-04-21 22:56:52,245 [DEBUG]  		 created leaf IdentityNumericLeaf for scope=[4] (in 0.00030 secs)
2025-04-21 22:56:52,245 [DEBUG]  OP: Operation.CREATE_LEAF on slice (92, 1) (remaining tasks 8)
2025-04-21 22:56:52,246 [DEBUG]  		 created leaf IdentityNumericLeaf for scope=[5] (in 0.00025 secs)
2025-04-21 22:56:52,246 [DEBUG]  OP: Operation.CREATE_LEAF on slice (212, 1) (remaining tasks 7)
2025-04-21 22:56:52,246 [DEBUG]  		 created leaf IdentityNumericLeaf for scope=[4] (in 0.00035 secs)
2025-04-21 22:56:52,246 [DEBUG]  OP: Operation.CREATE_LEAF on slice (212, 1) (remaining tasks 6)
2025-04-21 22:56:52,247 [DEBUG]  		 created leaf IdentityNumericLeaf for scope=[5] (in 0.00026 secs)
2025-04-21 22:56:52,247 [DEBUG]  OP: Operation.NAIVE_FACTORIZATION on slice (55, 2) (remaining tasks 5)
2025-04-21 22:56:52,248 [DEBUG]  		naive factorization 2 columns (in 0.00145 secs)
2025-04-21 22:56:52,248 [DEBUG]  OP: Operation.SPLIT_COLUMNS on slice (101, 2) (remaining tasks 4)
2025-04-21 22:56:52,353 [DEBUG]  		found 2 col clusters (in 0.10487 secs)
2025-04-21 22:56:52,354 [DEBUG]  OP: Operation.SPLIT_COLUMNS on slice (108, 2) (remaining tasks 5)
2025-04-21 22:56:52,461 [DEBUG]  		found 2 col clusters (in 0.10705 secs)
2025-04-21 22:56:52,461 [DEBUG]  OP: Operation.NAIVE_FACTORIZATION on slice (75, 2) (remaining tasks 6)
2025-04-21 22:56:52,464 [DEBUG]  		naive factorization 2 columns (in 0.00208 secs)
2025-04-21 22:56:52,464 [DEBUG]  OP: Operation.NAIVE_FACTORIZATION on slice (53, 2) (remaining tasks 5)
2025-04-21 22:56:52,466 [DEBUG]  		naive factorization 2 columns (in 0.00202 secs)
2025-04-21 22:56:52,467 [DEBUG]  OP: Operation.NAIVE_FACTORIZATION on slice (28, 2) (remaining tasks 4)
2025-04-21 22:56:52,469 [DEBUG]  		naive factorization 2 columns (in 0.00215 secs)
2025-04-21 22:56:52,469 [DEBUG]  OP: Operation.CREATE_LEAF on slice (101, 1) (remaining tasks 3)
2025-04-21 22:56:52,470 [DEBUG]  		 created leaf IdentityNumericLeaf for scope=[4] (in 0.00059 secs)
2025-04-21 22:56:52,470 [DEBUG]  OP: Operation.CREATE_LEAF on slice (101, 1) (remaining tasks 2)
2025-04-21 22:56:52,471 [DEBUG]  		 created leaf IdentityNumericLeaf for scope=[5] (in 0.00046 secs)
2025-04-21 22:56:52,471 [DEBUG]  OP: Operation.CREATE_LEAF on slice (108, 1) (remaining tasks 1)
2025-04-21 22:56:52,472 [DEBUG]  		 created leaf IdentityNumericLeaf for scope=[4] (in 0.00049 secs)
2025-04-21 22:56:52,472 [DEBUG]  OP: Operation.CREATE_LEAF on slice (108, 1) (remaining tasks 0)
2025-04-21 22:56:52,472 [DEBUG]  		 created leaf IdentityNumericLeaf for scope=[5] (in 0.00042 secs)
2025-04-21 22:56:53,317 [DEBUG]  Built SPN in 44.779517553000915 sec
2025-04-21 22:56:53,317 [INFO ]  Saving ensemble to /home/dafn/card/deepcard/collected_temp_benchmarks/spn_ensembles/Gas Turbine CO and NOx Emission Data Set/ensemble_single_gt_2012_10000000.pkl
