2025-04-21 22:56:58,863 [INFO ]  Creating naive ensemble.
2025-04-21 22:56:58,863 [INFO ]  Learning SPN for gt_2011.
2025-04-21 22:56:58,863 [DEBUG]  generate_join_sample(single_table=gt_2011, relationship_list=None, split_condition=None)
2025-04-21 22:56:58,890 [DEBUG]  Using min_instance_slice parameter 74.11.
2025-04-21 22:56:58,891 [INFO ]  SPN training phase with 7411 samples
2025-04-21 22:56:58,897 [DEBUG]  Built domains in 0.005941114999586716 sec
2025-04-21 22:56:59,254 [DEBUG]  CACHEDIR=/home/dafn/.cache/matplotlib
2025-04-21 22:56:59,256 [DEBUG]  Using fontManager instance from /home/dafn/.cache/matplotlib/fontlist-v300.json
2025-04-21 22:56:59,350 [DEBUG]  Loaded backend qt5agg version unknown.
2025-04-21 22:56:59,380 [DEBUG]  Loaded backend qt5agg version unknown.
2025-04-21 22:56:59,381 [DEBUG]  Loaded backend qt4agg version unknown.
2025-04-21 22:56:59,388 [DEBUG]  Loaded backend tkagg version unknown.
2025-04-21 22:56:59,388 [DEBUG]  Loaded backend agg version unknown.
2025-04-21 22:56:59,388 [DEBUG]  Loaded backend agg version unknown.
2025-04-21 22:56:59,392 [DEBUG]  OP: Operation.SPLIT_ROWS on slice (7411, 11) (remaining tasks 0)
2025-04-21 22:56:59,480 [DEBUG]  		found 2 row clusters (in 0.08857 secs)
2025-04-21 22:56:59,481 [DEBUG]  OP: Operation.SPLIT_COLUMNS on slice (1694, 11) (remaining tasks 1)
2025-04-21 22:57:04,861 [DEBUG]  		found 1 col clusters (in 5.38029 secs)
2025-04-21 22:57:04,862 [DEBUG]  OP: Operation.SPLIT_COLUMNS on slice (5717, 11) (remaining tasks 1)
2025-04-21 22:57:07,195 [DEBUG]  		found 1 col clusters (in 2.33264 secs)
2025-04-21 22:57:07,196 [DEBUG]  OP: Operation.SPLIT_ROWS on slice (1694, 11) (remaining tasks 1)
2025-04-21 22:57:07,373 [DEBUG]  		found 2 row clusters (in 0.17634 secs)
2025-04-21 22:57:07,373 [DEBUG]  OP: Operation.SPLIT_ROWS on slice (5717, 11) (remaining tasks 2)
2025-04-21 22:57:07,448 [DEBUG]  		found 2 row clusters (in 0.07421 secs)
2025-04-21 22:57:07,448 [DEBUG]  OP: Operation.SPLIT_COLUMNS on slice (454, 11) (remaining tasks 3)
2025-04-21 22:57:09,745 [DEBUG]  		found 1 col clusters (in 2.29747 secs)
2025-04-21 22:57:09,746 [DEBUG]  OP: Operation.SPLIT_COLUMNS on slice (1240, 11) (remaining tasks 3)
2025-04-21 22:57:13,476 [DEBUG]  		found 1 col clusters (in 3.72956 secs)
2025-04-21 22:57:13,477 [DEBUG]  OP: Operation.SPLIT_COLUMNS on slice (3500, 11) (remaining tasks 3)
2025-04-21 22:57:15,696 [DEBUG]  		found 1 col clusters (in 2.21874 secs)
2025-04-21 22:57:15,697 [DEBUG]  OP: Operation.SPLIT_COLUMNS on slice (2217, 11) (remaining tasks 3)
2025-04-21 22:57:21,026 [DEBUG]  		found 1 col clusters (in 5.32889 secs)
2025-04-21 22:57:21,027 [DEBUG]  OP: Operation.SPLIT_ROWS on slice (454, 11) (remaining tasks 3)
2025-04-21 22:57:21,107 [DEBUG]  		found 2 row clusters (in 0.08016 secs)
2025-04-21 22:57:21,108 [DEBUG]  OP: Operation.SPLIT_ROWS on slice (1240, 11) (remaining tasks 4)
2025-04-21 22:57:21,149 [DEBUG]  		found 2 row clusters (in 0.04119 secs)
2025-04-21 22:57:21,150 [DEBUG]  OP: Operation.SPLIT_ROWS on slice (3500, 11) (remaining tasks 5)
2025-04-21 22:57:21,227 [DEBUG]  		found 2 row clusters (in 0.07706 secs)
2025-04-21 22:57:21,227 [DEBUG]  OP: Operation.SPLIT_ROWS on slice (2217, 11) (remaining tasks 6)
2025-04-21 22:57:21,267 [DEBUG]  		found 2 row clusters (in 0.04016 secs)
2025-04-21 22:57:21,268 [DEBUG]  OP: Operation.SPLIT_COLUMNS on slice (313, 11) (remaining tasks 7)
2025-04-21 22:57:22,842 [DEBUG]  		found 1 col clusters (in 1.57439 secs)
2025-04-21 22:57:22,843 [DEBUG]  OP: Operation.SPLIT_COLUMNS on slice (141, 11) (remaining tasks 7)
2025-04-21 22:57:23,224 [DEBUG]  		found 1 col clusters (in 0.38111 secs)
2025-04-21 22:57:23,224 [DEBUG]  OP: Operation.SPLIT_COLUMNS on slice (906, 11) (remaining tasks 7)
2025-04-21 22:57:25,306 [DEBUG]  		found 1 col clusters (in 2.08137 secs)
2025-04-21 22:57:25,307 [DEBUG]  OP: Operation.SPLIT_COLUMNS on slice (334, 11) (remaining tasks 7)
2025-04-21 22:57:26,931 [DEBUG]  		found 1 col clusters (in 1.62414 secs)
2025-04-21 22:57:26,932 [DEBUG]  OP: Operation.SPLIT_COLUMNS on slice (1176, 11) (remaining tasks 7)
2025-04-21 22:57:31,221 [DEBUG]  		found 1 col clusters (in 4.28926 secs)
2025-04-21 22:57:31,222 [DEBUG]  OP: Operation.SPLIT_COLUMNS on slice (2324, 11) (remaining tasks 7)
2025-04-21 22:57:36,918 [DEBUG]  		found 1 col clusters (in 5.69532 secs)
2025-04-21 22:57:36,918 [DEBUG]  OP: Operation.SPLIT_COLUMNS on slice (810, 11) (remaining tasks 7)
2025-04-21 22:57:38,913 [DEBUG]  		found 1 col clusters (in 1.99434 secs)
2025-04-21 22:57:38,914 [DEBUG]  OP: Operation.SPLIT_COLUMNS on slice (1407, 11) (remaining tasks 7)
2025-04-21 22:57:42,652 [DEBUG]  		found 1 col clusters (in 3.73802 secs)
2025-04-21 22:57:42,652 [DEBUG]  OP: Operation.SPLIT_ROWS on slice (313, 11) (remaining tasks 7)
2025-04-21 22:57:42,787 [DEBUG]  		found 2 row clusters (in 0.13480 secs)
2025-04-21 22:57:42,788 [DEBUG]  OP: Operation.SPLIT_ROWS on slice (141, 11) (remaining tasks 8)
2025-04-21 22:57:42,807 [DEBUG]  		found 2 row clusters (in 0.01926 secs)
2025-04-21 22:57:42,807 [DEBUG]  OP: Operation.SPLIT_ROWS on slice (906, 11) (remaining tasks 9)
2025-04-21 22:57:42,840 [DEBUG]  		found 2 row clusters (in 0.03249 secs)
2025-04-21 22:57:42,840 [DEBUG]  OP: Operation.SPLIT_ROWS on slice (334, 11) (remaining tasks 10)
2025-04-21 22:57:42,871 [DEBUG]  		found 2 row clusters (in 0.03077 secs)
2025-04-21 22:57:42,871 [DEBUG]  OP: Operation.SPLIT_ROWS on slice (1176, 11) (remaining tasks 11)
2025-04-21 22:57:42,906 [DEBUG]  		found 2 row clusters (in 0.03487 secs)
2025-04-21 22:57:42,907 [DEBUG]  OP: Operation.SPLIT_ROWS on slice (2324, 11) (remaining tasks 12)
2025-04-21 22:57:42,972 [DEBUG]  		found 2 row clusters (in 0.06509 secs)
2025-04-21 22:57:42,972 [DEBUG]  OP: Operation.SPLIT_ROWS on slice (810, 11) (remaining tasks 13)
2025-04-21 22:57:43,030 [DEBUG]  		found 2 row clusters (in 0.05774 secs)
2025-04-21 22:57:43,030 [DEBUG]  OP: Operation.SPLIT_ROWS on slice (1407, 11) (remaining tasks 14)
2025-04-21 22:57:43,072 [DEBUG]  		found 2 row clusters (in 0.04147 secs)
2025-04-21 22:57:43,072 [DEBUG]  OP: Operation.SPLIT_COLUMNS on slice (125, 11) (remaining tasks 15)
2025-04-21 22:57:43,289 [DEBUG]  		found 1 col clusters (in 0.21679 secs)
2025-04-21 22:57:43,290 [DEBUG]  OP: Operation.SPLIT_COLUMNS on slice (188, 11) (remaining tasks 15)
2025-04-21 22:57:43,606 [DEBUG]  		found 1 col clusters (in 0.31675 secs)
2025-04-21 22:57:43,607 [DEBUG]  OP: Operation.SPLIT_COLUMNS on slice (91, 11) (remaining tasks 15)
2025-04-21 22:57:43,847 [DEBUG]  		found 1 col clusters (in 0.23996 secs)
2025-04-21 22:57:43,848 [DEBUG]  OP: Operation.NAIVE_FACTORIZATION on slice (50, 11) (remaining tasks 15)
2025-04-21 22:57:43,854 [DEBUG]  		naive factorization 11 columns (in 0.00569 secs)
2025-04-21 22:57:43,854 [DEBUG]  OP: Operation.SPLIT_COLUMNS on slice (772, 11) (remaining tasks 14)
2025-04-21 22:57:46,234 [DEBUG]  		found 1 col clusters (in 2.37956 secs)
2025-04-21 22:57:46,235 [DEBUG]  OP: Operation.SPLIT_COLUMNS on slice (134, 11) (remaining tasks 14)
2025-04-21 22:57:46,696 [DEBUG]  		found 1 col clusters (in 0.46114 secs)
2025-04-21 22:57:46,696 [DEBUG]  OP: Operation.SPLIT_COLUMNS on slice (187, 11) (remaining tasks 14)
2025-04-21 22:57:47,026 [DEBUG]  		found 1 col clusters (in 0.32910 secs)
2025-04-21 22:57:47,026 [DEBUG]  OP: Operation.SPLIT_COLUMNS on slice (147, 11) (remaining tasks 14)
2025-04-21 22:57:47,394 [DEBUG]  		found 1 col clusters (in 0.36813 secs)
2025-04-21 22:57:47,395 [DEBUG]  OP: Operation.SPLIT_COLUMNS on slice (535, 11) (remaining tasks 14)
2025-04-21 22:57:49,293 [DEBUG]  		found 1 col clusters (in 1.89821 secs)
2025-04-21 22:57:49,294 [DEBUG]  OP: Operation.SPLIT_COLUMNS on slice (641, 11) (remaining tasks 14)
2025-04-21 22:57:50,640 [DEBUG]  		found 1 col clusters (in 1.34630 secs)
2025-04-21 22:57:50,641 [DEBUG]  OP: Operation.SPLIT_COLUMNS on slice (989, 11) (remaining tasks 14)
2025-04-21 22:57:52,921 [DEBUG]  		found 1 col clusters (in 2.27935 secs)
2025-04-21 22:57:52,921 [DEBUG]  OP: Operation.SPLIT_COLUMNS on slice (1335, 11) (remaining tasks 14)
2025-04-21 22:57:57,182 [DEBUG]  		found 1 col clusters (in 4.26059 secs)
2025-04-21 22:57:57,183 [DEBUG]  OP: Operation.SPLIT_COLUMNS on slice (486, 11) (remaining tasks 14)
2025-04-21 22:57:58,317 [DEBUG]  		found 1 col clusters (in 1.13406 secs)
2025-04-21 22:57:58,317 [DEBUG]  OP: Operation.SPLIT_COLUMNS on slice (324, 11) (remaining tasks 14)
2025-04-21 22:58:00,371 [DEBUG]  		found 1 col clusters (in 2.05307 secs)
2025-04-21 22:58:00,371 [DEBUG]  OP: Operation.SPLIT_COLUMNS on slice (653, 11) (remaining tasks 14)
2025-04-21 22:58:01,309 [DEBUG]  		found 1 col clusters (in 0.93727 secs)
2025-04-21 22:58:01,310 [DEBUG]  OP: Operation.SPLIT_COLUMNS on slice (754, 11) (remaining tasks 14)
2025-04-21 22:58:03,375 [DEBUG]  		found 1 col clusters (in 2.06505 secs)
2025-04-21 22:58:03,375 [DEBUG]  OP: Operation.SPLIT_ROWS on slice (125, 11) (remaining tasks 14)
2025-04-21 22:58:03,499 [DEBUG]  		found 2 row clusters (in 0.12384 secs)
2025-04-21 22:58:03,500 [DEBUG]  OP: Operation.SPLIT_ROWS on slice (188, 11) (remaining tasks 15)
2025-04-21 22:58:03,526 [DEBUG]  		found 2 row clusters (in 0.02644 secs)
2025-04-21 22:58:03,527 [DEBUG]  OP: Operation.SPLIT_ROWS on slice (91, 11) (remaining tasks 16)
2025-04-21 22:58:03,545 [DEBUG]  		found 2 row clusters (in 0.01783 secs)
2025-04-21 22:58:03,545 [DEBUG]  OP: Operation.SPLIT_ROWS on slice (772, 11) (remaining tasks 17)
2025-04-21 22:58:03,579 [DEBUG]  		found 2 row clusters (in 0.03402 secs)
2025-04-21 22:58:03,579 [DEBUG]  OP: Operation.SPLIT_ROWS on slice (134, 11) (remaining tasks 18)
2025-04-21 22:58:03,594 [DEBUG]  		found 2 row clusters (in 0.01448 secs)
2025-04-21 22:58:03,594 [DEBUG]  OP: Operation.SPLIT_ROWS on slice (187, 11) (remaining tasks 19)
2025-04-21 22:58:03,616 [DEBUG]  		found 2 row clusters (in 0.02200 secs)
2025-04-21 22:58:03,616 [DEBUG]  OP: Operation.SPLIT_ROWS on slice (147, 11) (remaining tasks 20)
2025-04-21 22:58:03,632 [DEBUG]  		found 2 row clusters (in 0.01586 secs)
2025-04-21 22:58:03,632 [DEBUG]  OP: Operation.SPLIT_ROWS on slice (535, 11) (remaining tasks 21)
2025-04-21 22:58:03,654 [DEBUG]  		found 2 row clusters (in 0.02114 secs)
2025-04-21 22:58:03,654 [DEBUG]  OP: Operation.SPLIT_ROWS on slice (641, 11) (remaining tasks 22)
2025-04-21 22:58:03,690 [DEBUG]  		found 2 row clusters (in 0.03563 secs)
2025-04-21 22:58:03,690 [DEBUG]  OP: Operation.SPLIT_ROWS on slice (989, 11) (remaining tasks 23)
2025-04-21 22:58:03,716 [DEBUG]  		found 2 row clusters (in 0.02629 secs)
2025-04-21 22:58:03,716 [DEBUG]  OP: Operation.SPLIT_ROWS on slice (1335, 11) (remaining tasks 24)
2025-04-21 22:58:03,758 [DEBUG]  		found 2 row clusters (in 0.04197 secs)
2025-04-21 22:58:03,759 [DEBUG]  OP: Operation.SPLIT_ROWS on slice (486, 11) (remaining tasks 25)
2025-04-21 22:58:03,782 [DEBUG]  		found 2 row clusters (in 0.02300 secs)
2025-04-21 22:58:03,782 [DEBUG]  OP: Operation.SPLIT_ROWS on slice (324, 11) (remaining tasks 26)
2025-04-21 22:58:03,811 [DEBUG]  		found 2 row clusters (in 0.02859 secs)
2025-04-21 22:58:03,811 [DEBUG]  OP: Operation.SPLIT_ROWS on slice (653, 11) (remaining tasks 27)
2025-04-21 22:58:03,837 [DEBUG]  		found 2 row clusters (in 0.02636 secs)
2025-04-21 22:58:03,838 [DEBUG]  OP: Operation.SPLIT_ROWS on slice (754, 11) (remaining tasks 28)
2025-04-21 22:58:03,867 [DEBUG]  		found 2 row clusters (in 0.02927 secs)
2025-04-21 22:58:03,867 [DEBUG]  OP: Operation.NAIVE_FACTORIZATION on slice (39, 11) (remaining tasks 29)
2025-04-21 22:58:03,872 [DEBUG]  		naive factorization 11 columns (in 0.00467 secs)
2025-04-21 22:58:03,872 [DEBUG]  OP: Operation.SPLIT_COLUMNS on slice (86, 11) (remaining tasks 28)
2025-04-21 22:58:04,085 [DEBUG]  		found 1 col clusters (in 0.21322 secs)
2025-04-21 22:58:04,086 [DEBUG]  OP: Operation.SPLIT_COLUMNS on slice (115, 11) (remaining tasks 28)
2025-04-21 22:58:04,301 [DEBUG]  		found 1 col clusters (in 0.21521 secs)
2025-04-21 22:58:04,302 [DEBUG]  OP: Operation.NAIVE_FACTORIZATION on slice (73, 11) (remaining tasks 28)
2025-04-21 22:58:04,307 [DEBUG]  		naive factorization 11 columns (in 0.00540 secs)
2025-04-21 22:58:04,308 [DEBUG]  OP: Operation.NAIVE_FACTORIZATION on slice (53, 11) (remaining tasks 27)
2025-04-21 22:58:04,312 [DEBUG]  		naive factorization 11 columns (in 0.00375 secs)
2025-04-21 22:58:04,312 [DEBUG]  OP: Operation.NAIVE_FACTORIZATION on slice (38, 11) (remaining tasks 26)
2025-04-21 22:58:04,316 [DEBUG]  		naive factorization 11 columns (in 0.00349 secs)
2025-04-21 22:58:04,316 [DEBUG]  OP: Operation.SPLIT_COLUMNS on slice (552, 11) (remaining tasks 25)
2025-04-21 22:58:06,283 [DEBUG]  		found 1 col clusters (in 1.96640 secs)
2025-04-21 22:58:06,283 [DEBUG]  OP: Operation.SPLIT_COLUMNS on slice (220, 11) (remaining tasks 25)
2025-04-21 22:58:07,988 [DEBUG]  		found 1 col clusters (in 1.70495 secs)
2025-04-21 22:58:07,989 [DEBUG]  OP: Operation.SPLIT_COLUMNS on slice (82, 11) (remaining tasks 25)
2025-04-21 22:58:08,241 [DEBUG]  		found 1 col clusters (in 0.25182 secs)
2025-04-21 22:58:08,241 [DEBUG]  OP: Operation.NAIVE_FACTORIZATION on slice (52, 11) (remaining tasks 25)
2025-04-21 22:58:08,246 [DEBUG]  		naive factorization 11 columns (in 0.00407 secs)
2025-04-21 22:58:08,246 [DEBUG]  OP: Operation.NAIVE_FACTORIZATION on slice (68, 11) (remaining tasks 24)
2025-04-21 22:58:08,251 [DEBUG]  		naive factorization 11 columns (in 0.00454 secs)
2025-04-21 22:58:08,252 [DEBUG]  OP: Operation.SPLIT_COLUMNS on slice (119, 11) (remaining tasks 23)
2025-04-21 22:58:08,479 [DEBUG]  		found 1 col clusters (in 0.22769 secs)
2025-04-21 22:58:08,480 [DEBUG]  OP: Operation.NAIVE_FACTORIZATION on slice (40, 11) (remaining tasks 23)
2025-04-21 22:58:08,484 [DEBUG]  		naive factorization 11 columns (in 0.00377 secs)
2025-04-21 22:58:08,485 [DEBUG]  OP: Operation.SPLIT_COLUMNS on slice (107, 11) (remaining tasks 22)
2025-04-21 22:58:08,704 [DEBUG]  		found 1 col clusters (in 0.21909 secs)
2025-04-21 22:58:08,704 [DEBUG]  OP: Operation.SPLIT_COLUMNS on slice (460, 11) (remaining tasks 22)
2025-04-21 22:58:10,746 [DEBUG]  		found 1 col clusters (in 2.04145 secs)
2025-04-21 22:58:10,747 [DEBUG]  OP: Operation.SPLIT_COLUMNS on slice (75, 11) (remaining tasks 22)
2025-04-21 22:58:11,061 [DEBUG]  		found 1 col clusters (in 0.31386 secs)
2025-04-21 22:58:11,061 [DEBUG]  OP: Operation.SPLIT_COLUMNS on slice (505, 11) (remaining tasks 22)
2025-04-21 22:58:13,544 [DEBUG]  		found 1 col clusters (in 2.48195 secs)
2025-04-21 22:58:13,544 [DEBUG]  OP: Operation.SPLIT_COLUMNS on slice (136, 11) (remaining tasks 22)
2025-04-21 22:58:13,862 [DEBUG]  		found 1 col clusters (in 0.31788 secs)
2025-04-21 22:58:13,862 [DEBUG]  OP: Operation.SPLIT_COLUMNS on slice (528, 11) (remaining tasks 22)
2025-04-21 22:58:15,690 [DEBUG]  		found 1 col clusters (in 1.82738 secs)
2025-04-21 22:58:15,690 [DEBUG]  OP: Operation.SPLIT_COLUMNS on slice (461, 11) (remaining tasks 22)
2025-04-21 22:58:17,688 [DEBUG]  		found 1 col clusters (in 1.99736 secs)
2025-04-21 22:58:17,689 [DEBUG]  OP: Operation.SPLIT_COLUMNS on slice (565, 11) (remaining tasks 22)
2025-04-21 22:58:18,664 [DEBUG]  		found 1 col clusters (in 0.97519 secs)
2025-04-21 22:58:18,665 [DEBUG]  OP: Operation.SPLIT_COLUMNS on slice (770, 11) (remaining tasks 22)
2025-04-21 22:58:20,847 [DEBUG]  		found 1 col clusters (in 2.18175 secs)
2025-04-21 22:58:20,847 [DEBUG]  OP: Operation.SPLIT_COLUMNS on slice (243, 11) (remaining tasks 22)
2025-04-21 22:58:22,589 [DEBUG]  		found 1 col clusters (in 1.74163 secs)
2025-04-21 22:58:22,590 [DEBUG]  OP: Operation.SPLIT_COLUMNS on slice (243, 11) (remaining tasks 22)
2025-04-21 22:58:24,315 [DEBUG]  		found 1 col clusters (in 1.72471 secs)
2025-04-21 22:58:24,315 [DEBUG]  OP: Operation.SPLIT_COLUMNS on slice (172, 11) (remaining tasks 22)
2025-04-21 22:58:24,657 [DEBUG]  		found 1 col clusters (in 0.34119 secs)
2025-04-21 22:58:24,657 [DEBUG]  OP: Operation.SPLIT_COLUMNS on slice (152, 11) (remaining tasks 22)
2025-04-21 22:58:24,961 [DEBUG]  		found 1 col clusters (in 0.30355 secs)
2025-04-21 22:58:24,961 [DEBUG]  OP: Operation.SPLIT_COLUMNS on slice (398, 11) (remaining tasks 22)
2025-04-21 22:58:26,930 [DEBUG]  		found 1 col clusters (in 1.96878 secs)
2025-04-21 22:58:26,931 [DEBUG]  OP: Operation.SPLIT_COLUMNS on slice (255, 11) (remaining tasks 22)
2025-04-21 22:58:28,646 [DEBUG]  		found 1 col clusters (in 1.71443 secs)
2025-04-21 22:58:28,646 [DEBUG]  OP: Operation.SPLIT_COLUMNS on slice (403, 11) (remaining tasks 22)
2025-04-21 22:58:30,713 [DEBUG]  		found 1 col clusters (in 2.06659 secs)
2025-04-21 22:58:30,713 [DEBUG]  OP: Operation.SPLIT_COLUMNS on slice (351, 11) (remaining tasks 22)
2025-04-21 22:58:32,799 [DEBUG]  		found 1 col clusters (in 2.08525 secs)
2025-04-21 22:58:32,799 [DEBUG]  OP: Operation.SPLIT_ROWS on slice (86, 11) (remaining tasks 22)
2025-04-21 22:58:32,884 [DEBUG]  		found 2 row clusters (in 0.08460 secs)
2025-04-21 22:58:32,885 [DEBUG]  OP: Operation.SPLIT_ROWS on slice (115, 11) (remaining tasks 23)
2025-04-21 22:58:32,924 [DEBUG]  		found 2 row clusters (in 0.03926 secs)
2025-04-21 22:58:32,924 [DEBUG]  OP: Operation.SPLIT_ROWS on slice (552, 11) (remaining tasks 24)
2025-04-21 22:58:32,966 [DEBUG]  		found 2 row clusters (in 0.04114 secs)
2025-04-21 22:58:32,966 [DEBUG]  OP: Operation.SPLIT_ROWS on slice (220, 11) (remaining tasks 25)
2025-04-21 22:58:32,996 [DEBUG]  		found 2 row clusters (in 0.02970 secs)
2025-04-21 22:58:32,996 [DEBUG]  OP: Operation.SPLIT_ROWS on slice (82, 11) (remaining tasks 26)
2025-04-21 22:58:33,016 [DEBUG]  		found 2 row clusters (in 0.02016 secs)
2025-04-21 22:58:33,016 [DEBUG]  OP: Operation.SPLIT_ROWS on slice (119, 11) (remaining tasks 27)
2025-04-21 22:58:33,035 [DEBUG]  		found 2 row clusters (in 0.01826 secs)
2025-04-21 22:58:33,035 [DEBUG]  OP: Operation.SPLIT_ROWS on slice (107, 11) (remaining tasks 28)
2025-04-21 22:58:33,059 [DEBUG]  		found 2 row clusters (in 0.02420 secs)
2025-04-21 22:58:33,059 [DEBUG]  OP: Operation.SPLIT_ROWS on slice (460, 11) (remaining tasks 29)
2025-04-21 22:58:33,084 [DEBUG]  		found 2 row clusters (in 0.02416 secs)
2025-04-21 22:58:33,084 [DEBUG]  OP: Operation.SPLIT_ROWS on slice (75, 11) (remaining tasks 30)
2025-04-21 22:58:33,102 [DEBUG]  		found 2 row clusters (in 0.01834 secs)
2025-04-21 22:58:33,103 [DEBUG]  OP: Operation.SPLIT_ROWS on slice (505, 11) (remaining tasks 31)
2025-04-21 22:58:33,125 [DEBUG]  		found 2 row clusters (in 0.02191 secs)
2025-04-21 22:58:33,125 [DEBUG]  OP: Operation.SPLIT_ROWS on slice (136, 11) (remaining tasks 32)
2025-04-21 22:58:33,144 [DEBUG]  		found 2 row clusters (in 0.01931 secs)
2025-04-21 22:58:33,144 [DEBUG]  OP: Operation.SPLIT_ROWS on slice (528, 11) (remaining tasks 33)
2025-04-21 22:58:33,174 [DEBUG]  		found 2 row clusters (in 0.02924 secs)
2025-04-21 22:58:33,174 [DEBUG]  OP: Operation.SPLIT_ROWS on slice (461, 11) (remaining tasks 34)
2025-04-21 22:58:33,211 [DEBUG]  		found 2 row clusters (in 0.03698 secs)
2025-04-21 22:58:33,211 [DEBUG]  OP: Operation.SPLIT_ROWS on slice (565, 11) (remaining tasks 35)
2025-04-21 22:58:33,237 [DEBUG]  		found 2 row clusters (in 0.02609 secs)
2025-04-21 22:58:33,238 [DEBUG]  OP: Operation.SPLIT_ROWS on slice (770, 11) (remaining tasks 36)
2025-04-21 22:58:33,297 [DEBUG]  		found 2 row clusters (in 0.05952 secs)
2025-04-21 22:58:33,297 [DEBUG]  OP: Operation.SPLIT_ROWS on slice (243, 11) (remaining tasks 37)
2025-04-21 22:58:33,322 [DEBUG]  		found 2 row clusters (in 0.02422 secs)
2025-04-21 22:58:33,322 [DEBUG]  OP: Operation.SPLIT_ROWS on slice (243, 11) (remaining tasks 38)
2025-04-21 22:58:33,340 [DEBUG]  		found 2 row clusters (in 0.01819 secs)
2025-04-21 22:58:33,340 [DEBUG]  OP: Operation.SPLIT_ROWS on slice (172, 11) (remaining tasks 39)
2025-04-21 22:58:33,368 [DEBUG]  		found 2 row clusters (in 0.02719 secs)
2025-04-21 22:58:33,368 [DEBUG]  OP: Operation.SPLIT_ROWS on slice (152, 11) (remaining tasks 40)
2025-04-21 22:58:33,387 [DEBUG]  		found 2 row clusters (in 0.01888 secs)
2025-04-21 22:58:33,387 [DEBUG]  OP: Operation.SPLIT_ROWS on slice (398, 11) (remaining tasks 41)
2025-04-21 22:58:33,413 [DEBUG]  		found 2 row clusters (in 0.02579 secs)
2025-04-21 22:58:33,413 [DEBUG]  OP: Operation.SPLIT_ROWS on slice (255, 11) (remaining tasks 42)
2025-04-21 22:58:33,438 [DEBUG]  		found 2 row clusters (in 0.02490 secs)
2025-04-21 22:58:33,438 [DEBUG]  OP: Operation.SPLIT_ROWS on slice (403, 11) (remaining tasks 43)
2025-04-21 22:58:33,475 [DEBUG]  		found 2 row clusters (in 0.03665 secs)
2025-04-21 22:58:33,475 [DEBUG]  OP: Operation.SPLIT_ROWS on slice (351, 11) (remaining tasks 44)
2025-04-21 22:58:33,504 [DEBUG]  		found 2 row clusters (in 0.02892 secs)
2025-04-21 22:58:33,504 [DEBUG]  OP: Operation.NAIVE_FACTORIZATION on slice (15, 11) (remaining tasks 45)
2025-04-21 22:58:33,507 [DEBUG]  		naive factorization 11 columns (in 0.00253 secs)
2025-04-21 22:58:33,507 [DEBUG]  OP: Operation.NAIVE_FACTORIZATION on slice (71, 11) (remaining tasks 44)
2025-04-21 22:58:33,511 [DEBUG]  		naive factorization 11 columns (in 0.00410 secs)
2025-04-21 22:58:33,512 [DEBUG]  OP: Operation.NAIVE_FACTORIZATION on slice (70, 11) (remaining tasks 43)
2025-04-21 22:58:33,516 [DEBUG]  		naive factorization 11 columns (in 0.00401 secs)
2025-04-21 22:58:33,516 [DEBUG]  OP: Operation.NAIVE_FACTORIZATION on slice (45, 11) (remaining tasks 42)
2025-04-21 22:58:33,520 [DEBUG]  		naive factorization 11 columns (in 0.00406 secs)
2025-04-21 22:58:33,520 [DEBUG]  OP: Operation.SPLIT_COLUMNS on slice (324, 11) (remaining tasks 41)
2025-04-21 22:58:35,468 [DEBUG]  		found 1 col clusters (in 1.94770 secs)
2025-04-21 22:58:35,469 [DEBUG]  OP: Operation.SPLIT_COLUMNS on slice (228, 11) (remaining tasks 41)
2025-04-21 22:58:36,874 [DEBUG]  		found 1 col clusters (in 1.40561 secs)
2025-04-21 22:58:36,875 [DEBUG]  OP: Operation.SPLIT_COLUMNS on slice (152, 11) (remaining tasks 41)
2025-04-21 22:58:37,229 [DEBUG]  		found 1 col clusters (in 0.35404 secs)
2025-04-21 22:58:37,229 [DEBUG]  OP: Operation.NAIVE_FACTORIZATION on slice (68, 11) (remaining tasks 41)
2025-04-21 22:58:37,236 [DEBUG]  		naive factorization 11 columns (in 0.00618 secs)
2025-04-21 22:58:37,236 [DEBUG]  OP: Operation.NAIVE_FACTORIZATION on slice (51, 11) (remaining tasks 40)
2025-04-21 22:58:37,242 [DEBUG]  		naive factorization 11 columns (in 0.00558 secs)
2025-04-21 22:58:37,242 [DEBUG]  OP: Operation.NAIVE_FACTORIZATION on slice (31, 11) (remaining tasks 39)
2025-04-21 22:58:37,247 [DEBUG]  		naive factorization 11 columns (in 0.00469 secs)
2025-04-21 22:58:37,248 [DEBUG]  OP: Operation.SPLIT_COLUMNS on slice (101, 11) (remaining tasks 38)
2025-04-21 22:58:37,562 [DEBUG]  		found 1 col clusters (in 0.31435 secs)
2025-04-21 22:58:37,563 [DEBUG]  OP: Operation.NAIVE_FACTORIZATION on slice (18, 11) (remaining tasks 38)
2025-04-21 22:58:37,566 [DEBUG]  		naive factorization 11 columns (in 0.00353 secs)
2025-04-21 22:58:37,567 [DEBUG]  OP: Operation.SPLIT_COLUMNS on slice (92, 11) (remaining tasks 37)
2025-04-21 22:58:37,884 [DEBUG]  		found 1 col clusters (in 0.31700 secs)
2025-04-21 22:58:37,885 [DEBUG]  OP: Operation.NAIVE_FACTORIZATION on slice (15, 11) (remaining tasks 37)
2025-04-21 22:58:37,889 [DEBUG]  		naive factorization 11 columns (in 0.00361 secs)
2025-04-21 22:58:37,889 [DEBUG]  OP: Operation.SPLIT_COLUMNS on slice (308, 11) (remaining tasks 36)
2025-04-21 22:58:39,691 [DEBUG]  		found 1 col clusters (in 1.80215 secs)
2025-04-21 22:58:39,692 [DEBUG]  OP: Operation.SPLIT_COLUMNS on slice (152, 11) (remaining tasks 36)
2025-04-21 22:58:40,037 [DEBUG]  		found 1 col clusters (in 0.34550 secs)
2025-04-21 22:58:40,038 [DEBUG]  OP: Operation.NAIVE_FACTORIZATION on slice (47, 11) (remaining tasks 36)
2025-04-21 22:58:40,043 [DEBUG]  		naive factorization 11 columns (in 0.00516 secs)
2025-04-21 22:58:40,044 [DEBUG]  OP: Operation.NAIVE_FACTORIZATION on slice (28, 11) (remaining tasks 35)
2025-04-21 22:58:40,048 [DEBUG]  		naive factorization 11 columns (in 0.00433 secs)
2025-04-21 22:58:40,049 [DEBUG]  OP: Operation.SPLIT_COLUMNS on slice (253, 11) (remaining tasks 34)
2025-04-21 22:58:41,560 [DEBUG]  		found 1 col clusters (in 1.51157 secs)
2025-04-21 22:58:41,561 [DEBUG]  OP: Operation.SPLIT_COLUMNS on slice (252, 11) (remaining tasks 34)
2025-04-21 22:58:43,412 [DEBUG]  		found 1 col clusters (in 1.85098 secs)
2025-04-21 22:58:43,412 [DEBUG]  OP: Operation.NAIVE_FACTORIZATION on slice (57, 11) (remaining tasks 34)
2025-04-21 22:58:43,417 [DEBUG]  		naive factorization 11 columns (in 0.00435 secs)
2025-04-21 22:58:43,417 [DEBUG]  OP: Operation.SPLIT_COLUMNS on slice (79, 11) (remaining tasks 33)
2025-04-21 22:58:43,720 [DEBUG]  		found 1 col clusters (in 0.30242 secs)
2025-04-21 22:58:43,720 [DEBUG]  OP: Operation.SPLIT_COLUMNS on slice (179, 11) (remaining tasks 33)
2025-04-21 22:58:44,039 [DEBUG]  		found 1 col clusters (in 0.31851 secs)
2025-04-21 22:58:44,040 [DEBUG]  OP: Operation.SPLIT_COLUMNS on slice (349, 11) (remaining tasks 33)
2025-04-21 22:58:46,020 [DEBUG]  		found 1 col clusters (in 1.97975 secs)
2025-04-21 22:58:46,020 [DEBUG]  OP: Operation.SPLIT_COLUMNS on slice (139, 11) (remaining tasks 33)
2025-04-21 22:58:46,429 [DEBUG]  		found 1 col clusters (in 0.40869 secs)
2025-04-21 22:58:46,429 [DEBUG]  OP: Operation.SPLIT_COLUMNS on slice (322, 11) (remaining tasks 33)
2025-04-21 22:58:48,299 [DEBUG]  		found 1 col clusters (in 1.86975 secs)
2025-04-21 22:58:48,300 [DEBUG]  OP: Operation.SPLIT_COLUMNS on slice (272, 11) (remaining tasks 33)
2025-04-21 22:58:50,059 [DEBUG]  		found 1 col clusters (in 1.75879 secs)
2025-04-21 22:58:50,059 [DEBUG]  OP: Operation.SPLIT_COLUMNS on slice (293, 11) (remaining tasks 33)
2025-04-21 22:58:51,985 [DEBUG]  		found 1 col clusters (in 1.92560 secs)
2025-04-21 22:58:51,985 [DEBUG]  OP: Operation.SPLIT_COLUMNS on slice (467, 11) (remaining tasks 33)
2025-04-21 22:58:53,782 [DEBUG]  		found 1 col clusters (in 1.79672 secs)
2025-04-21 22:58:53,783 [DEBUG]  OP: Operation.SPLIT_COLUMNS on slice (303, 11) (remaining tasks 33)
2025-04-21 22:58:55,606 [DEBUG]  		found 1 col clusters (in 1.82302 secs)
2025-04-21 22:58:55,606 [DEBUG]  OP: Operation.SPLIT_COLUMNS on slice (155, 11) (remaining tasks 33)
2025-04-21 22:58:55,960 [DEBUG]  		found 1 col clusters (in 0.35341 secs)
2025-04-21 22:58:55,960 [DEBUG]  OP: Operation.SPLIT_COLUMNS on slice (88, 11) (remaining tasks 33)
2025-04-21 22:58:56,255 [DEBUG]  		found 1 col clusters (in 0.29441 secs)
2025-04-21 22:58:56,256 [DEBUG]  OP: Operation.SPLIT_COLUMNS on slice (157, 11) (remaining tasks 33)
2025-04-21 22:58:56,577 [DEBUG]  		found 1 col clusters (in 0.32163 secs)
2025-04-21 22:58:56,578 [DEBUG]  OP: Operation.SPLIT_COLUMNS on slice (86, 11) (remaining tasks 33)
2025-04-21 22:58:56,822 [DEBUG]  		found 1 col clusters (in 0.24351 secs)
2025-04-21 22:58:56,822 [DEBUG]  OP: Operation.SPLIT_COLUMNS on slice (101, 11) (remaining tasks 33)
2025-04-21 22:58:57,038 [DEBUG]  		found 1 col clusters (in 0.21533 secs)
2025-04-21 22:58:57,038 [DEBUG]  OP: Operation.NAIVE_FACTORIZATION on slice (71, 11) (remaining tasks 33)
2025-04-21 22:58:57,042 [DEBUG]  		naive factorization 11 columns (in 0.00352 secs)
2025-04-21 22:58:57,042 [DEBUG]  OP: Operation.SPLIT_COLUMNS on slice (99, 11) (remaining tasks 32)
2025-04-21 22:58:57,267 [DEBUG]  		found 1 col clusters (in 0.22479 secs)
2025-04-21 22:58:57,268 [DEBUG]  OP: Operation.NAIVE_FACTORIZATION on slice (53, 11) (remaining tasks 32)
2025-04-21 22:58:57,272 [DEBUG]  		naive factorization 11 columns (in 0.00392 secs)
2025-04-21 22:58:57,273 [DEBUG]  OP: Operation.SPLIT_COLUMNS on slice (191, 11) (remaining tasks 31)
2025-04-21 22:58:57,591 [DEBUG]  		found 1 col clusters (in 0.31778 secs)
2025-04-21 22:58:57,591 [DEBUG]  OP: Operation.SPLIT_COLUMNS on slice (207, 11) (remaining tasks 31)
2025-04-21 22:58:59,143 [DEBUG]  		found 1 col clusters (in 1.55220 secs)
2025-04-21 22:58:59,144 [DEBUG]  OP: Operation.SPLIT_COLUMNS on slice (92, 11) (remaining tasks 31)
2025-04-21 22:58:59,409 [DEBUG]  		found 1 col clusters (in 0.26514 secs)
2025-04-21 22:58:59,409 [DEBUG]  OP: Operation.SPLIT_COLUMNS on slice (163, 11) (remaining tasks 31)
2025-04-21 22:58:59,741 [DEBUG]  		found 1 col clusters (in 0.33164 secs)
2025-04-21 22:58:59,742 [DEBUG]  OP: Operation.SPLIT_COLUMNS on slice (241, 11) (remaining tasks 31)
2025-04-21 22:59:01,516 [DEBUG]  		found 1 col clusters (in 1.77438 secs)
2025-04-21 22:59:01,516 [DEBUG]  OP: Operation.SPLIT_COLUMNS on slice (162, 11) (remaining tasks 31)
2025-04-21 22:59:01,955 [DEBUG]  		found 1 col clusters (in 0.43804 secs)
2025-04-21 22:59:01,955 [DEBUG]  OP: Operation.SPLIT_COLUMNS on slice (114, 11) (remaining tasks 31)
2025-04-21 22:59:02,198 [DEBUG]  		found 1 col clusters (in 0.24312 secs)
2025-04-21 22:59:02,199 [DEBUG]  OP: Operation.SPLIT_COLUMNS on slice (237, 11) (remaining tasks 31)
2025-04-21 22:59:03,885 [DEBUG]  		found 1 col clusters (in 1.68545 secs)
2025-04-21 22:59:03,885 [DEBUG]  OP: Operation.SPLIT_ROWS on slice (324, 11) (remaining tasks 31)
2025-04-21 22:59:03,995 [DEBUG]  		found 2 row clusters (in 0.11019 secs)
2025-04-21 22:59:03,996 [DEBUG]  OP: Operation.SPLIT_ROWS on slice (228, 11) (remaining tasks 32)
2025-04-21 22:59:04,020 [DEBUG]  		found 2 row clusters (in 0.02483 secs)
2025-04-21 22:59:04,021 [DEBUG]  OP: Operation.SPLIT_ROWS on slice (152, 11) (remaining tasks 33)
2025-04-21 22:59:04,038 [DEBUG]  		found 2 row clusters (in 0.01708 secs)
2025-04-21 22:59:04,038 [DEBUG]  OP: Operation.SPLIT_ROWS on slice (101, 11) (remaining tasks 34)
2025-04-21 22:59:04,055 [DEBUG]  		found 2 row clusters (in 0.01659 secs)
2025-04-21 22:59:04,055 [DEBUG]  OP: Operation.SPLIT_ROWS on slice (92, 11) (remaining tasks 35)
2025-04-21 22:59:04,073 [DEBUG]  		found 2 row clusters (in 0.01770 secs)
2025-04-21 22:59:04,073 [DEBUG]  OP: Operation.SPLIT_ROWS on slice (308, 11) (remaining tasks 36)
2025-04-21 22:59:04,098 [DEBUG]  		found 2 row clusters (in 0.02519 secs)
2025-04-21 22:59:04,098 [DEBUG]  OP: Operation.SPLIT_ROWS on slice (152, 11) (remaining tasks 37)
2025-04-21 22:59:04,118 [DEBUG]  		found 2 row clusters (in 0.01918 secs)
2025-04-21 22:59:04,118 [DEBUG]  OP: Operation.SPLIT_ROWS on slice (253, 11) (remaining tasks 38)
2025-04-21 22:59:04,142 [DEBUG]  		found 2 row clusters (in 0.02359 secs)
2025-04-21 22:59:04,142 [DEBUG]  OP: Operation.SPLIT_ROWS on slice (252, 11) (remaining tasks 39)
2025-04-21 22:59:04,173 [DEBUG]  		found 2 row clusters (in 0.03098 secs)
2025-04-21 22:59:04,173 [DEBUG]  OP: Operation.SPLIT_ROWS on slice (79, 11) (remaining tasks 40)
2025-04-21 22:59:04,188 [DEBUG]  		found 2 row clusters (in 0.01485 secs)
2025-04-21 22:59:04,188 [DEBUG]  OP: Operation.SPLIT_ROWS on slice (179, 11) (remaining tasks 41)
2025-04-21 22:59:04,205 [DEBUG]  		found 2 row clusters (in 0.01669 secs)
2025-04-21 22:59:04,205 [DEBUG]  OP: Operation.SPLIT_ROWS on slice (349, 11) (remaining tasks 42)
2025-04-21 22:59:04,227 [DEBUG]  		found 2 row clusters (in 0.02211 secs)
2025-04-21 22:59:04,227 [DEBUG]  OP: Operation.SPLIT_ROWS on slice (139, 11) (remaining tasks 43)
2025-04-21 22:59:04,244 [DEBUG]  		found 2 row clusters (in 0.01626 secs)
2025-04-21 22:59:04,244 [DEBUG]  OP: Operation.SPLIT_ROWS on slice (322, 11) (remaining tasks 44)
2025-04-21 22:59:04,273 [DEBUG]  		found 2 row clusters (in 0.02873 secs)
2025-04-21 22:59:04,273 [DEBUG]  OP: Operation.SPLIT_ROWS on slice (272, 11) (remaining tasks 45)
2025-04-21 22:59:04,292 [DEBUG]  		found 2 row clusters (in 0.01871 secs)
2025-04-21 22:59:04,292 [DEBUG]  OP: Operation.SPLIT_ROWS on slice (293, 11) (remaining tasks 46)
2025-04-21 22:59:04,315 [DEBUG]  		found 2 row clusters (in 0.02277 secs)
2025-04-21 22:59:04,315 [DEBUG]  OP: Operation.SPLIT_ROWS on slice (467, 11) (remaining tasks 47)
2025-04-21 22:59:04,344 [DEBUG]  		found 2 row clusters (in 0.02879 secs)
2025-04-21 22:59:04,344 [DEBUG]  OP: Operation.SPLIT_ROWS on slice (303, 11) (remaining tasks 48)
2025-04-21 22:59:04,376 [DEBUG]  		found 2 row clusters (in 0.03149 secs)
2025-04-21 22:59:04,376 [DEBUG]  OP: Operation.SPLIT_ROWS on slice (155, 11) (remaining tasks 49)
2025-04-21 22:59:04,394 [DEBUG]  		found 2 row clusters (in 0.01841 secs)
2025-04-21 22:59:04,394 [DEBUG]  OP: Operation.SPLIT_ROWS on slice (88, 11) (remaining tasks 50)
2025-04-21 22:59:04,412 [DEBUG]  		found 2 row clusters (in 0.01790 secs)
2025-04-21 22:59:04,413 [DEBUG]  OP: Operation.SPLIT_ROWS on slice (157, 11) (remaining tasks 51)
2025-04-21 22:59:04,430 [DEBUG]  		found 2 row clusters (in 0.01777 secs)
2025-04-21 22:59:04,431 [DEBUG]  OP: Operation.SPLIT_ROWS on slice (86, 11) (remaining tasks 52)
2025-04-21 22:59:04,446 [DEBUG]  		found 2 row clusters (in 0.01506 secs)
2025-04-21 22:59:04,446 [DEBUG]  OP: Operation.SPLIT_ROWS on slice (101, 11) (remaining tasks 53)
2025-04-21 22:59:04,466 [DEBUG]  		found 2 row clusters (in 0.02026 secs)
2025-04-21 22:59:04,466 [DEBUG]  OP: Operation.SPLIT_ROWS on slice (99, 11) (remaining tasks 54)
2025-04-21 22:59:04,486 [DEBUG]  		found 2 row clusters (in 0.01899 secs)
2025-04-21 22:59:04,486 [DEBUG]  OP: Operation.SPLIT_ROWS on slice (191, 11) (remaining tasks 55)
2025-04-21 22:59:04,507 [DEBUG]  		found 2 row clusters (in 0.02096 secs)
2025-04-21 22:59:04,507 [DEBUG]  OP: Operation.SPLIT_ROWS on slice (207, 11) (remaining tasks 56)
2025-04-21 22:59:04,530 [DEBUG]  		found 2 row clusters (in 0.02273 secs)
2025-04-21 22:59:04,530 [DEBUG]  OP: Operation.SPLIT_ROWS on slice (92, 11) (remaining tasks 57)
2025-04-21 22:59:04,546 [DEBUG]  		found 2 row clusters (in 0.01590 secs)
2025-04-21 22:59:04,546 [DEBUG]  OP: Operation.SPLIT_ROWS on slice (163, 11) (remaining tasks 58)
2025-04-21 22:59:04,571 [DEBUG]  		found 2 row clusters (in 0.02483 secs)
2025-04-21 22:59:04,571 [DEBUG]  OP: Operation.SPLIT_ROWS on slice (241, 11) (remaining tasks 59)
2025-04-21 22:59:04,597 [DEBUG]  		found 2 row clusters (in 0.02569 secs)
2025-04-21 22:59:04,597 [DEBUG]  OP: Operation.SPLIT_ROWS on slice (162, 11) (remaining tasks 60)
2025-04-21 22:59:04,615 [DEBUG]  		found 2 row clusters (in 0.01752 secs)
2025-04-21 22:59:04,615 [DEBUG]  OP: Operation.SPLIT_ROWS on slice (114, 11) (remaining tasks 61)
2025-04-21 22:59:04,633 [DEBUG]  		found 2 row clusters (in 0.01811 secs)
2025-04-21 22:59:04,633 [DEBUG]  OP: Operation.SPLIT_ROWS on slice (237, 11) (remaining tasks 62)
2025-04-21 22:59:04,657 [DEBUG]  		found 2 row clusters (in 0.02318 secs)
2025-04-21 22:59:04,657 [DEBUG]  OP: Operation.SPLIT_COLUMNS on slice (130, 11) (remaining tasks 63)
2025-04-21 22:59:04,969 [DEBUG]  		found 1 col clusters (in 0.31188 secs)
2025-04-21 22:59:04,969 [DEBUG]  OP: Operation.SPLIT_COLUMNS on slice (194, 11) (remaining tasks 63)
2025-04-21 22:59:06,567 [DEBUG]  		found 1 col clusters (in 1.59830 secs)
2025-04-21 22:59:06,568 [DEBUG]  OP: Operation.SPLIT_COLUMNS on slice (129, 11) (remaining tasks 63)
2025-04-21 22:59:06,938 [DEBUG]  		found 1 col clusters (in 0.37042 secs)
2025-04-21 22:59:06,939 [DEBUG]  OP: Operation.SPLIT_COLUMNS on slice (99, 11) (remaining tasks 63)
2025-04-21 22:59:07,220 [DEBUG]  		found 1 col clusters (in 0.28114 secs)
2025-04-21 22:59:07,220 [DEBUG]  OP: Operation.SPLIT_COLUMNS on slice (111, 11) (remaining tasks 63)
2025-04-21 22:59:07,445 [DEBUG]  		found 1 col clusters (in 0.22457 secs)
2025-04-21 22:59:07,446 [DEBUG]  OP: Operation.NAIVE_FACTORIZATION on slice (41, 11) (remaining tasks 63)
2025-04-21 22:59:07,450 [DEBUG]  		naive factorization 11 columns (in 0.00401 secs)
2025-04-21 22:59:07,450 [DEBUG]  OP: Operation.NAIVE_FACTORIZATION on slice (45, 11) (remaining tasks 62)
2025-04-21 22:59:07,455 [DEBUG]  		naive factorization 11 columns (in 0.00438 secs)
2025-04-21 22:59:07,456 [DEBUG]  OP: Operation.NAIVE_FACTORIZATION on slice (56, 11) (remaining tasks 61)
2025-04-21 22:59:07,461 [DEBUG]  		naive factorization 11 columns (in 0.00473 secs)
2025-04-21 22:59:07,461 [DEBUG]  OP: Operation.NAIVE_FACTORIZATION on slice (42, 11) (remaining tasks 60)
2025-04-21 22:59:07,465 [DEBUG]  		naive factorization 11 columns (in 0.00382 secs)
2025-04-21 22:59:07,466 [DEBUG]  OP: Operation.NAIVE_FACTORIZATION on slice (50, 11) (remaining tasks 59)
2025-04-21 22:59:07,469 [DEBUG]  		naive factorization 11 columns (in 0.00376 secs)
2025-04-21 22:59:07,470 [DEBUG]  OP: Operation.SPLIT_COLUMNS on slice (153, 11) (remaining tasks 58)
2025-04-21 22:59:07,802 [DEBUG]  		found 1 col clusters (in 0.33174 secs)
2025-04-21 22:59:07,802 [DEBUG]  OP: Operation.SPLIT_COLUMNS on slice (155, 11) (remaining tasks 58)
2025-04-21 22:59:08,075 [DEBUG]  		found 1 col clusters (in 0.27255 secs)
2025-04-21 22:59:08,075 [DEBUG]  OP: Operation.SPLIT_COLUMNS on slice (115, 11) (remaining tasks 58)
2025-04-21 22:59:08,383 [DEBUG]  		found 1 col clusters (in 0.30767 secs)
2025-04-21 22:59:08,383 [DEBUG]  OP: Operation.NAIVE_FACTORIZATION on slice (37, 11) (remaining tasks 58)
2025-04-21 22:59:08,388 [DEBUG]  		naive factorization 11 columns (in 0.00406 secs)
2025-04-21 22:59:08,388 [DEBUG]  OP: Operation.SPLIT_COLUMNS on slice (175, 11) (remaining tasks 57)
2025-04-21 22:59:08,708 [DEBUG]  		found 1 col clusters (in 0.31951 secs)
2025-04-21 22:59:08,708 [DEBUG]  OP: Operation.SPLIT_COLUMNS on slice (78, 11) (remaining tasks 57)
2025-04-21 22:59:08,993 [DEBUG]  		found 1 col clusters (in 0.28447 secs)
2025-04-21 22:59:08,994 [DEBUG]  OP: Operation.SPLIT_COLUMNS on slice (96, 11) (remaining tasks 57)
2025-04-21 22:59:09,211 [DEBUG]  		found 1 col clusters (in 0.21684 secs)
2025-04-21 22:59:09,211 [DEBUG]  OP: Operation.SPLIT_COLUMNS on slice (156, 11) (remaining tasks 57)
2025-04-21 22:59:09,530 [DEBUG]  		found 1 col clusters (in 0.31856 secs)
2025-04-21 22:59:09,530 [DEBUG]  OP: Operation.NAIVE_FACTORIZATION on slice (52, 11) (remaining tasks 57)
2025-04-21 22:59:09,535 [DEBUG]  		naive factorization 11 columns (in 0.00419 secs)
2025-04-21 22:59:09,535 [DEBUG]  OP: Operation.NAIVE_FACTORIZATION on slice (27, 11) (remaining tasks 56)
2025-04-21 22:59:09,539 [DEBUG]  		naive factorization 11 columns (in 0.00426 secs)
2025-04-21 22:59:09,540 [DEBUG]  OP: Operation.NAIVE_FACTORIZATION on slice (52, 11) (remaining tasks 55)
2025-04-21 22:59:09,545 [DEBUG]  		naive factorization 11 columns (in 0.00497 secs)
2025-04-21 22:59:09,545 [DEBUG]  OP: Operation.SPLIT_COLUMNS on slice (127, 11) (remaining tasks 54)
2025-04-21 22:59:09,770 [DEBUG]  		found 1 col clusters (in 0.22446 secs)
2025-04-21 22:59:09,770 [DEBUG]  OP: Operation.SPLIT_COLUMNS on slice (187, 11) (remaining tasks 54)
2025-04-21 22:59:10,095 [DEBUG]  		found 1 col clusters (in 0.32505 secs)
2025-04-21 22:59:10,096 [DEBUG]  OP: Operation.SPLIT_COLUMNS on slice (162, 11) (remaining tasks 54)
2025-04-21 22:59:10,559 [DEBUG]  		found 1 col clusters (in 0.46238 secs)
2025-04-21 22:59:10,559 [DEBUG]  OP: Operation.SPLIT_COLUMNS on slice (80, 11) (remaining tasks 54)
2025-04-21 22:59:10,843 [DEBUG]  		found 1 col clusters (in 0.28442 secs)
2025-04-21 22:59:10,844 [DEBUG]  OP: Operation.NAIVE_FACTORIZATION on slice (59, 11) (remaining tasks 54)
2025-04-21 22:59:10,849 [DEBUG]  		naive factorization 11 columns (in 0.00486 secs)
2025-04-21 22:59:10,850 [DEBUG]  OP: Operation.SPLIT_COLUMNS on slice (121, 11) (remaining tasks 53)
2025-04-21 22:59:11,070 [DEBUG]  		found 1 col clusters (in 0.22076 secs)
2025-04-21 22:59:11,071 [DEBUG]  OP: Operation.SPLIT_COLUMNS on slice (201, 11) (remaining tasks 53)
2025-04-21 22:59:12,567 [DEBUG]  		found 1 col clusters (in 1.49542 secs)
2025-04-21 22:59:12,567 [DEBUG]  OP: Operation.SPLIT_COLUMNS on slice (149, 11) (remaining tasks 53)
2025-04-21 22:59:13,027 [DEBUG]  		found 1 col clusters (in 0.46006 secs)
2025-04-21 22:59:13,028 [DEBUG]  OP: Operation.SPLIT_COLUMNS on slice (123, 11) (remaining tasks 53)
2025-04-21 22:59:13,252 [DEBUG]  		found 1 col clusters (in 0.22425 secs)
2025-04-21 22:59:13,253 [DEBUG]  OP: Operation.SPLIT_COLUMNS on slice (117, 11) (remaining tasks 53)
2025-04-21 22:59:13,474 [DEBUG]  		found 1 col clusters (in 0.22173 secs)
2025-04-21 22:59:13,475 [DEBUG]  OP: Operation.SPLIT_COLUMNS on slice (176, 11) (remaining tasks 53)
2025-04-21 22:59:13,719 [DEBUG]  		found 1 col clusters (in 0.24351 secs)
2025-04-21 22:59:13,719 [DEBUG]  OP: Operation.SPLIT_COLUMNS on slice (235, 11) (remaining tasks 53)
2025-04-21 22:59:15,407 [DEBUG]  		found 1 col clusters (in 1.68743 secs)
2025-04-21 22:59:15,407 [DEBUG]  OP: Operation.SPLIT_COLUMNS on slice (232, 11) (remaining tasks 53)
2025-04-21 22:59:17,003 [DEBUG]  		found 1 col clusters (in 1.59596 secs)
2025-04-21 22:59:17,004 [DEBUG]  OP: Operation.SPLIT_COLUMNS on slice (106, 11) (remaining tasks 53)
2025-04-21 22:59:17,268 [DEBUG]  		found 1 col clusters (in 0.26433 secs)
2025-04-21 22:59:17,269 [DEBUG]  OP: Operation.SPLIT_COLUMNS on slice (197, 11) (remaining tasks 53)
2025-04-21 22:59:18,690 [DEBUG]  		found 1 col clusters (in 1.42053 secs)
2025-04-21 22:59:18,690 [DEBUG]  OP: Operation.NAIVE_FACTORIZATION on slice (61, 11) (remaining tasks 53)
2025-04-21 22:59:18,696 [DEBUG]  		naive factorization 11 columns (in 0.00554 secs)
2025-04-21 22:59:18,696 [DEBUG]  OP: Operation.SPLIT_COLUMNS on slice (94, 11) (remaining tasks 52)
2025-04-21 22:59:18,996 [DEBUG]  		found 1 col clusters (in 0.29915 secs)
2025-04-21 22:59:18,996 [DEBUG]  OP: Operation.NAIVE_FACTORIZATION on slice (44, 11) (remaining tasks 52)
2025-04-21 22:59:19,000 [DEBUG]  		naive factorization 11 columns (in 0.00335 secs)
2025-04-21 22:59:19,000 [DEBUG]  OP: Operation.NAIVE_FACTORIZATION on slice (44, 11) (remaining tasks 51)
2025-04-21 22:59:19,004 [DEBUG]  		naive factorization 11 columns (in 0.00395 secs)
2025-04-21 22:59:19,005 [DEBUG]  OP: Operation.SPLIT_COLUMNS on slice (78, 11) (remaining tasks 50)
2025-04-21 22:59:19,234 [DEBUG]  		found 1 col clusters (in 0.22920 secs)
2025-04-21 22:59:19,235 [DEBUG]  OP: Operation.SPLIT_COLUMNS on slice (79, 11) (remaining tasks 50)
2025-04-21 22:59:19,451 [DEBUG]  		found 1 col clusters (in 0.21561 secs)
2025-04-21 22:59:19,451 [DEBUG]  OP: Operation.NAIVE_FACTORIZATION on slice (46, 11) (remaining tasks 50)
2025-04-21 22:59:19,455 [DEBUG]  		naive factorization 11 columns (in 0.00374 secs)
2025-04-21 22:59:19,456 [DEBUG]  OP: Operation.NAIVE_FACTORIZATION on slice (40, 11) (remaining tasks 49)
2025-04-21 22:59:19,460 [DEBUG]  		naive factorization 11 columns (in 0.00431 secs)
2025-04-21 22:59:19,461 [DEBUG]  OP: Operation.NAIVE_FACTORIZATION on slice (18, 11) (remaining tasks 48)
2025-04-21 22:59:19,464 [DEBUG]  		naive factorization 11 columns (in 0.00361 secs)
2025-04-21 22:59:19,465 [DEBUG]  OP: Operation.SPLIT_COLUMNS on slice (83, 11) (remaining tasks 47)
2025-04-21 22:59:19,687 [DEBUG]  		found 1 col clusters (in 0.22199 secs)
2025-04-21 22:59:19,688 [DEBUG]  OP: Operation.NAIVE_FACTORIZATION on slice (49, 11) (remaining tasks 47)
2025-04-21 22:59:19,692 [DEBUG]  		naive factorization 11 columns (in 0.00382 secs)
2025-04-21 22:59:19,692 [DEBUG]  OP: Operation.NAIVE_FACTORIZATION on slice (50, 11) (remaining tasks 46)
2025-04-21 22:59:19,696 [DEBUG]  		naive factorization 11 columns (in 0.00390 secs)
2025-04-21 22:59:19,697 [DEBUG]  OP: Operation.SPLIT_COLUMNS on slice (84, 11) (remaining tasks 45)
2025-04-21 22:59:19,915 [DEBUG]  		found 1 col clusters (in 0.21776 secs)
2025-04-21 22:59:19,915 [DEBUG]  OP: Operation.SPLIT_COLUMNS on slice (107, 11) (remaining tasks 45)
2025-04-21 22:59:20,135 [DEBUG]  		found 1 col clusters (in 0.21952 secs)
2025-04-21 22:59:20,135 [DEBUG]  OP: Operation.SPLIT_COLUMNS on slice (79, 11) (remaining tasks 45)
2025-04-21 22:59:20,359 [DEBUG]  		found 1 col clusters (in 0.22288 secs)
2025-04-21 22:59:20,359 [DEBUG]  OP: Operation.SPLIT_COLUMNS on slice (128, 11) (remaining tasks 45)
2025-04-21 22:59:20,681 [DEBUG]  		found 1 col clusters (in 0.32196 secs)
2025-04-21 22:59:20,681 [DEBUG]  OP: Operation.NAIVE_FACTORIZATION on slice (68, 11) (remaining tasks 45)
2025-04-21 22:59:20,688 [DEBUG]  		naive factorization 11 columns (in 0.00612 secs)
2025-04-21 22:59:20,688 [DEBUG]  OP: Operation.NAIVE_FACTORIZATION on slice (24, 11) (remaining tasks 44)
2025-04-21 22:59:20,693 [DEBUG]  		naive factorization 11 columns (in 0.00499 secs)
2025-04-21 22:59:20,694 [DEBUG]  OP: Operation.SPLIT_COLUMNS on slice (81, 11) (remaining tasks 43)
2025-04-21 22:59:20,935 [DEBUG]  		found 1 col clusters (in 0.24133 secs)
2025-04-21 22:59:20,936 [DEBUG]  OP: Operation.SPLIT_COLUMNS on slice (82, 11) (remaining tasks 43)
2025-04-21 22:59:21,154 [DEBUG]  		found 1 col clusters (in 0.21800 secs)
2025-04-21 22:59:21,154 [DEBUG]  OP: Operation.SPLIT_COLUMNS on slice (118, 11) (remaining tasks 43)
2025-04-21 22:59:21,382 [DEBUG]  		found 1 col clusters (in 0.22705 secs)
2025-04-21 22:59:21,382 [DEBUG]  OP: Operation.SPLIT_COLUMNS on slice (123, 11) (remaining tasks 43)
2025-04-21 22:59:21,600 [DEBUG]  		found 1 col clusters (in 0.21796 secs)
2025-04-21 22:59:21,601 [DEBUG]  OP: Operation.SPLIT_COLUMNS on slice (89, 11) (remaining tasks 43)
2025-04-21 22:59:21,817 [DEBUG]  		found 1 col clusters (in 0.21608 secs)
2025-04-21 22:59:21,818 [DEBUG]  OP: Operation.NAIVE_FACTORIZATION on slice (73, 11) (remaining tasks 43)
2025-04-21 22:59:21,823 [DEBUG]  		naive factorization 11 columns (in 0.00477 secs)
2025-04-21 22:59:21,823 [DEBUG]  OP: Operation.NAIVE_FACTORIZATION on slice (57, 11) (remaining tasks 42)
2025-04-21 22:59:21,828 [DEBUG]  		naive factorization 11 columns (in 0.00517 secs)
2025-04-21 22:59:21,829 [DEBUG]  OP: Operation.NAIVE_FACTORIZATION on slice (57, 11) (remaining tasks 41)
2025-04-21 22:59:21,833 [DEBUG]  		naive factorization 11 columns (in 0.00390 secs)
2025-04-21 22:59:21,834 [DEBUG]  OP: Operation.SPLIT_COLUMNS on slice (170, 11) (remaining tasks 40)
2025-04-21 22:59:22,157 [DEBUG]  		found 1 col clusters (in 0.32332 secs)
2025-04-21 22:59:22,157 [DEBUG]  OP: Operation.NAIVE_FACTORIZATION on slice (67, 11) (remaining tasks 40)
2025-04-21 22:59:22,162 [DEBUG]  		naive factorization 11 columns (in 0.00470 secs)
2025-04-21 22:59:22,163 [DEBUG]  OP: Operation.SPLIT_ROWS on slice (130, 11) (remaining tasks 39)
2025-04-21 22:59:22,235 [DEBUG]  		found 2 row clusters (in 0.07221 secs)
2025-04-21 22:59:22,235 [DEBUG]  OP: Operation.SPLIT_ROWS on slice (194, 11) (remaining tasks 40)
2025-04-21 22:59:22,268 [DEBUG]  		found 2 row clusters (in 0.03293 secs)
2025-04-21 22:59:22,268 [DEBUG]  OP: Operation.SPLIT_ROWS on slice (129, 11) (remaining tasks 41)
2025-04-21 22:59:22,287 [DEBUG]  		found 2 row clusters (in 0.01887 secs)
2025-04-21 22:59:22,288 [DEBUG]  OP: Operation.SPLIT_ROWS on slice (99, 11) (remaining tasks 42)
2025-04-21 22:59:22,312 [DEBUG]  		found 2 row clusters (in 0.02420 secs)
2025-04-21 22:59:22,312 [DEBUG]  OP: Operation.SPLIT_ROWS on slice (111, 11) (remaining tasks 43)
2025-04-21 22:59:22,332 [DEBUG]  		found 2 row clusters (in 0.01938 secs)
2025-04-21 22:59:22,332 [DEBUG]  OP: Operation.SPLIT_ROWS on slice (153, 11) (remaining tasks 44)
2025-04-21 22:59:22,353 [DEBUG]  		found 2 row clusters (in 0.02128 secs)
2025-04-21 22:59:22,353 [DEBUG]  OP: Operation.SPLIT_ROWS on slice (155, 11) (remaining tasks 45)
2025-04-21 22:59:22,379 [DEBUG]  		found 2 row clusters (in 0.02538 secs)
2025-04-21 22:59:22,379 [DEBUG]  OP: Operation.SPLIT_ROWS on slice (115, 11) (remaining tasks 46)
2025-04-21 22:59:22,394 [DEBUG]  		found 2 row clusters (in 0.01519 secs)
2025-04-21 22:59:22,394 [DEBUG]  OP: Operation.SPLIT_ROWS on slice (175, 11) (remaining tasks 47)
2025-04-21 22:59:22,418 [DEBUG]  		found 2 row clusters (in 0.02366 secs)
2025-04-21 22:59:22,418 [DEBUG]  OP: Operation.SPLIT_ROWS on slice (78, 11) (remaining tasks 48)
2025-04-21 22:59:22,434 [DEBUG]  		found 2 row clusters (in 0.01606 secs)
2025-04-21 22:59:22,435 [DEBUG]  OP: Operation.SPLIT_ROWS on slice (96, 11) (remaining tasks 49)
2025-04-21 22:59:22,454 [DEBUG]  		found 2 row clusters (in 0.01925 secs)
2025-04-21 22:59:22,454 [DEBUG]  OP: Operation.SPLIT_ROWS on slice (156, 11) (remaining tasks 50)
2025-04-21 22:59:22,473 [DEBUG]  		found 2 row clusters (in 0.01905 secs)
2025-04-21 22:59:22,473 [DEBUG]  OP: Operation.SPLIT_ROWS on slice (127, 11) (remaining tasks 51)
2025-04-21 22:59:22,493 [DEBUG]  		found 2 row clusters (in 0.01928 secs)
2025-04-21 22:59:22,493 [DEBUG]  OP: Operation.SPLIT_ROWS on slice (187, 11) (remaining tasks 52)
2025-04-21 22:59:22,512 [DEBUG]  		found 2 row clusters (in 0.01899 secs)
2025-04-21 22:59:22,512 [DEBUG]  OP: Operation.SPLIT_ROWS on slice (162, 11) (remaining tasks 53)
2025-04-21 22:59:22,532 [DEBUG]  		found 2 row clusters (in 0.01948 secs)
2025-04-21 22:59:22,532 [DEBUG]  OP: Operation.SPLIT_ROWS on slice (80, 11) (remaining tasks 54)
2025-04-21 22:59:22,550 [DEBUG]  		found 2 row clusters (in 0.01807 secs)
2025-04-21 22:59:22,550 [DEBUG]  OP: Operation.SPLIT_ROWS on slice (121, 11) (remaining tasks 55)
2025-04-21 22:59:22,566 [DEBUG]  		found 2 row clusters (in 0.01545 secs)
2025-04-21 22:59:22,566 [DEBUG]  OP: Operation.SPLIT_ROWS on slice (201, 11) (remaining tasks 56)
2025-04-21 22:59:22,593 [DEBUG]  		found 2 row clusters (in 0.02642 secs)
2025-04-21 22:59:22,593 [DEBUG]  OP: Operation.SPLIT_ROWS on slice (149, 11) (remaining tasks 57)
2025-04-21 22:59:22,614 [DEBUG]  		found 2 row clusters (in 0.02130 secs)
2025-04-21 22:59:22,614 [DEBUG]  OP: Operation.SPLIT_ROWS on slice (123, 11) (remaining tasks 58)
2025-04-21 22:59:22,633 [DEBUG]  		found 2 row clusters (in 0.01893 secs)
2025-04-21 22:59:22,633 [DEBUG]  OP: Operation.SPLIT_ROWS on slice (117, 11) (remaining tasks 59)
2025-04-21 22:59:22,648 [DEBUG]  		found 2 row clusters (in 0.01493 secs)
2025-04-21 22:59:22,649 [DEBUG]  OP: Operation.SPLIT_ROWS on slice (176, 11) (remaining tasks 60)
2025-04-21 22:59:22,667 [DEBUG]  		found 2 row clusters (in 0.01875 secs)
2025-04-21 22:59:22,668 [DEBUG]  OP: Operation.SPLIT_ROWS on slice (235, 11) (remaining tasks 61)
2025-04-21 22:59:22,686 [DEBUG]  		found 2 row clusters (in 0.01792 secs)
2025-04-21 22:59:22,686 [DEBUG]  OP: Operation.SPLIT_ROWS on slice (232, 11) (remaining tasks 62)
2025-04-21 22:59:22,708 [DEBUG]  		found 2 row clusters (in 0.02169 secs)
2025-04-21 22:59:22,708 [DEBUG]  OP: Operation.SPLIT_ROWS on slice (106, 11) (remaining tasks 63)
2025-04-21 22:59:22,727 [DEBUG]  		found 2 row clusters (in 0.01864 secs)
2025-04-21 22:59:22,727 [DEBUG]  OP: Operation.SPLIT_ROWS on slice (197, 11) (remaining tasks 64)
2025-04-21 22:59:22,750 [DEBUG]  		found 2 row clusters (in 0.02318 secs)
2025-04-21 22:59:22,750 [DEBUG]  OP: Operation.SPLIT_ROWS on slice (94, 11) (remaining tasks 65)
2025-04-21 22:59:22,770 [DEBUG]  		found 2 row clusters (in 0.01943 secs)
2025-04-21 22:59:22,770 [DEBUG]  OP: Operation.SPLIT_ROWS on slice (78, 11) (remaining tasks 66)
2025-04-21 22:59:22,785 [DEBUG]  		found 2 row clusters (in 0.01536 secs)
2025-04-21 22:59:22,785 [DEBUG]  OP: Operation.SPLIT_ROWS on slice (79, 11) (remaining tasks 67)
2025-04-21 22:59:22,803 [DEBUG]  		found 2 row clusters (in 0.01798 secs)
2025-04-21 22:59:22,804 [DEBUG]  OP: Operation.SPLIT_ROWS on slice (83, 11) (remaining tasks 68)
2025-04-21 22:59:22,820 [DEBUG]  		found 2 row clusters (in 0.01641 secs)
2025-04-21 22:59:22,820 [DEBUG]  OP: Operation.SPLIT_ROWS on slice (84, 11) (remaining tasks 69)
2025-04-21 22:59:22,838 [DEBUG]  		found 2 row clusters (in 0.01803 secs)
2025-04-21 22:59:22,839 [DEBUG]  OP: Operation.SPLIT_ROWS on slice (107, 11) (remaining tasks 70)
2025-04-21 22:59:22,858 [DEBUG]  		found 2 row clusters (in 0.01896 secs)
2025-04-21 22:59:22,858 [DEBUG]  OP: Operation.SPLIT_ROWS on slice (79, 11) (remaining tasks 71)
2025-04-21 22:59:22,872 [DEBUG]  		found 2 row clusters (in 0.01360 secs)
2025-04-21 22:59:22,872 [DEBUG]  OP: Operation.SPLIT_ROWS on slice (128, 11) (remaining tasks 72)
2025-04-21 22:59:22,896 [DEBUG]  		found 2 row clusters (in 0.02447 secs)
2025-04-21 22:59:22,896 [DEBUG]  OP: Operation.SPLIT_ROWS on slice (81, 11) (remaining tasks 73)
2025-04-21 22:59:22,913 [DEBUG]  		found 2 row clusters (in 0.01681 secs)
2025-04-21 22:59:22,913 [DEBUG]  OP: Operation.SPLIT_ROWS on slice (82, 11) (remaining tasks 74)
2025-04-21 22:59:22,932 [DEBUG]  		found 2 row clusters (in 0.01894 secs)
2025-04-21 22:59:22,933 [DEBUG]  OP: Operation.SPLIT_ROWS on slice (118, 11) (remaining tasks 75)
2025-04-21 22:59:22,951 [DEBUG]  		found 2 row clusters (in 0.01780 secs)
2025-04-21 22:59:22,951 [DEBUG]  OP: Operation.SPLIT_ROWS on slice (123, 11) (remaining tasks 76)
2025-04-21 22:59:22,974 [DEBUG]  		found 2 row clusters (in 0.02354 secs)
2025-04-21 22:59:22,975 [DEBUG]  OP: Operation.SPLIT_ROWS on slice (89, 11) (remaining tasks 77)
2025-04-21 22:59:22,993 [DEBUG]  		found 2 row clusters (in 0.01828 secs)
2025-04-21 22:59:22,993 [DEBUG]  OP: Operation.SPLIT_ROWS on slice (170, 11) (remaining tasks 78)
2025-04-21 22:59:23,014 [DEBUG]  		found 2 row clusters (in 0.02052 secs)
2025-04-21 22:59:23,014 [DEBUG]  OP: Operation.NAIVE_FACTORIZATION on slice (43, 11) (remaining tasks 79)
2025-04-21 22:59:23,018 [DEBUG]  		naive factorization 11 columns (in 0.00363 secs)
2025-04-21 22:59:23,018 [DEBUG]  OP: Operation.SPLIT_COLUMNS on slice (87, 11) (remaining tasks 78)
2025-04-21 22:59:23,231 [DEBUG]  		found 1 col clusters (in 0.21360 secs)
2025-04-21 22:59:23,232 [DEBUG]  OP: Operation.SPLIT_COLUMNS on slice (109, 11) (remaining tasks 78)
2025-04-21 22:59:23,451 [DEBUG]  		found 1 col clusters (in 0.21904 secs)
2025-04-21 22:59:23,452 [DEBUG]  OP: Operation.SPLIT_COLUMNS on slice (85, 11) (remaining tasks 78)
2025-04-21 22:59:23,681 [DEBUG]  		found 1 col clusters (in 0.22884 secs)
2025-04-21 22:59:23,681 [DEBUG]  OP: Operation.NAIVE_FACTORIZATION on slice (68, 11) (remaining tasks 78)
2025-04-21 22:59:23,686 [DEBUG]  		naive factorization 11 columns (in 0.00429 secs)
2025-04-21 22:59:23,686 [DEBUG]  OP: Operation.NAIVE_FACTORIZATION on slice (61, 11) (remaining tasks 77)
2025-04-21 22:59:23,691 [DEBUG]  		naive factorization 11 columns (in 0.00452 secs)
2025-04-21 22:59:23,692 [DEBUG]  OP: Operation.NAIVE_FACTORIZATION on slice (62, 11) (remaining tasks 76)
2025-04-21 22:59:23,696 [DEBUG]  		naive factorization 11 columns (in 0.00471 secs)
2025-04-21 22:59:23,697 [DEBUG]  OP: Operation.NAIVE_FACTORIZATION on slice (37, 11) (remaining tasks 75)
2025-04-21 22:59:23,701 [DEBUG]  		naive factorization 11 columns (in 0.00428 secs)
2025-04-21 22:59:23,702 [DEBUG]  OP: Operation.NAIVE_FACTORIZATION on slice (68, 11) (remaining tasks 74)
2025-04-21 22:59:23,708 [DEBUG]  		naive factorization 11 columns (in 0.00569 secs)
2025-04-21 22:59:23,708 [DEBUG]  OP: Operation.NAIVE_FACTORIZATION on slice (43, 11) (remaining tasks 73)
2025-04-21 22:59:23,713 [DEBUG]  		naive factorization 11 columns (in 0.00481 secs)
2025-04-21 22:59:23,714 [DEBUG]  OP: Operation.NAIVE_FACTORIZATION on slice (7, 11) (remaining tasks 72)
2025-04-21 22:59:23,718 [DEBUG]  		naive factorization 11 columns (in 0.00345 secs)
2025-04-21 22:59:23,718 [DEBUG]  OP: Operation.SPLIT_COLUMNS on slice (146, 11) (remaining tasks 71)
2025-04-21 22:59:24,039 [DEBUG]  		found 1 col clusters (in 0.32027 secs)
2025-04-21 22:59:24,039 [DEBUG]  OP: Operation.NAIVE_FACTORIZATION on slice (62, 11) (remaining tasks 71)
2025-04-21 22:59:24,043 [DEBUG]  		naive factorization 11 columns (in 0.00444 secs)
2025-04-21 22:59:24,044 [DEBUG]  OP: Operation.SPLIT_COLUMNS on slice (93, 11) (remaining tasks 70)
2025-04-21 22:59:24,315 [DEBUG]  		found 1 col clusters (in 0.27123 secs)
2025-04-21 22:59:24,316 [DEBUG]  OP: Operation.NAIVE_FACTORIZATION on slice (36, 11) (remaining tasks 70)
2025-04-21 22:59:24,321 [DEBUG]  		naive factorization 11 columns (in 0.00459 secs)
2025-04-21 22:59:24,321 [DEBUG]  OP: Operation.SPLIT_COLUMNS on slice (79, 11) (remaining tasks 69)
2025-04-21 22:59:24,542 [DEBUG]  		found 1 col clusters (in 0.22061 secs)
2025-04-21 22:59:24,542 [DEBUG]  OP: Operation.SPLIT_COLUMNS on slice (161, 11) (remaining tasks 69)
2025-04-21 22:59:24,867 [DEBUG]  		found 1 col clusters (in 0.32479 secs)
2025-04-21 22:59:24,868 [DEBUG]  OP: Operation.NAIVE_FACTORIZATION on slice (14, 11) (remaining tasks 69)
2025-04-21 22:59:24,872 [DEBUG]  		naive factorization 11 columns (in 0.00381 secs)
2025-04-21 22:59:24,872 [DEBUG]  OP: Operation.NAIVE_FACTORIZATION on slice (49, 11) (remaining tasks 68)
2025-04-21 22:59:24,876 [DEBUG]  		naive factorization 11 columns (in 0.00440 secs)
2025-04-21 22:59:24,877 [DEBUG]  OP: Operation.NAIVE_FACTORIZATION on slice (29, 11) (remaining tasks 67)
2025-04-21 22:59:24,880 [DEBUG]  		naive factorization 11 columns (in 0.00300 secs)
2025-04-21 22:59:24,880 [DEBUG]  OP: Operation.NAIVE_FACTORIZATION on slice (29, 11) (remaining tasks 66)
2025-04-21 22:59:24,883 [DEBUG]  		naive factorization 11 columns (in 0.00316 secs)
2025-04-21 22:59:24,884 [DEBUG]  OP: Operation.NAIVE_FACTORIZATION on slice (67, 11) (remaining tasks 65)
2025-04-21 22:59:24,888 [DEBUG]  		naive factorization 11 columns (in 0.00417 secs)
2025-04-21 22:59:24,888 [DEBUG]  OP: Operation.NAIVE_FACTORIZATION on slice (9, 11) (remaining tasks 64)
2025-04-21 22:59:24,892 [DEBUG]  		naive factorization 11 columns (in 0.00361 secs)
2025-04-21 22:59:24,892 [DEBUG]  OP: Operation.SPLIT_COLUMNS on slice (147, 11) (remaining tasks 63)
2025-04-21 22:59:25,242 [DEBUG]  		found 1 col clusters (in 0.34931 secs)
2025-04-21 22:59:25,242 [DEBUG]  OP: Operation.SPLIT_COLUMNS on slice (91, 11) (remaining tasks 63)
2025-04-21 22:59:25,465 [DEBUG]  		found 1 col clusters (in 0.22284 secs)
2025-04-21 22:59:25,466 [DEBUG]  OP: Operation.NAIVE_FACTORIZATION on slice (36, 11) (remaining tasks 63)
2025-04-21 22:59:25,470 [DEBUG]  		naive factorization 11 columns (in 0.00363 secs)
2025-04-21 22:59:25,470 [DEBUG]  OP: Operation.SPLIT_COLUMNS on slice (172, 11) (remaining tasks 62)
2025-04-21 22:59:25,801 [DEBUG]  		found 1 col clusters (in 0.33065 secs)
2025-04-21 22:59:25,802 [DEBUG]  OP: Operation.NAIVE_FACTORIZATION on slice (15, 11) (remaining tasks 62)
2025-04-21 22:59:25,808 [DEBUG]  		naive factorization 11 columns (in 0.00608 secs)
2025-04-21 22:59:25,808 [DEBUG]  OP: Operation.SPLIT_COLUMNS on slice (99, 11) (remaining tasks 61)
2025-04-21 22:59:26,100 [DEBUG]  		found 1 col clusters (in 0.29135 secs)
2025-04-21 22:59:26,100 [DEBUG]  OP: Operation.NAIVE_FACTORIZATION on slice (63, 11) (remaining tasks 61)
2025-04-21 22:59:26,105 [DEBUG]  		naive factorization 11 columns (in 0.00482 secs)
2025-04-21 22:59:26,106 [DEBUG]  OP: Operation.NAIVE_FACTORIZATION on slice (67, 11) (remaining tasks 60)
2025-04-21 22:59:26,110 [DEBUG]  		naive factorization 11 columns (in 0.00410 secs)
2025-04-21 22:59:26,111 [DEBUG]  OP: Operation.NAIVE_FACTORIZATION on slice (13, 11) (remaining tasks 59)
2025-04-21 22:59:26,115 [DEBUG]  		naive factorization 11 columns (in 0.00422 secs)
2025-04-21 22:59:26,116 [DEBUG]  OP: Operation.NAIVE_FACTORIZATION on slice (65, 11) (remaining tasks 58)
2025-04-21 22:59:26,121 [DEBUG]  		naive factorization 11 columns (in 0.00494 secs)
2025-04-21 22:59:26,121 [DEBUG]  OP: Operation.NAIVE_FACTORIZATION on slice (56, 11) (remaining tasks 57)
2025-04-21 22:59:26,125 [DEBUG]  		naive factorization 11 columns (in 0.00390 secs)
2025-04-21 22:59:26,126 [DEBUG]  OP: Operation.SPLIT_COLUMNS on slice (183, 11) (remaining tasks 56)
2025-04-21 22:59:26,450 [DEBUG]  		found 1 col clusters (in 0.32361 secs)
2025-04-21 22:59:26,450 [DEBUG]  OP: Operation.NAIVE_FACTORIZATION on slice (18, 11) (remaining tasks 56)
2025-04-21 22:59:26,454 [DEBUG]  		naive factorization 11 columns (in 0.00412 secs)
2025-04-21 22:59:26,455 [DEBUG]  OP: Operation.SPLIT_COLUMNS on slice (92, 11) (remaining tasks 55)
2025-04-21 22:59:26,712 [DEBUG]  		found 1 col clusters (in 0.25721 secs)
2025-04-21 22:59:26,713 [DEBUG]  OP: Operation.NAIVE_FACTORIZATION on slice (57, 11) (remaining tasks 55)
2025-04-21 22:59:26,717 [DEBUG]  		naive factorization 11 columns (in 0.00436 secs)
2025-04-21 22:59:26,718 [DEBUG]  OP: Operation.NAIVE_FACTORIZATION on slice (34, 11) (remaining tasks 54)
2025-04-21 22:59:26,723 [DEBUG]  		naive factorization 11 columns (in 0.00466 secs)
2025-04-21 22:59:26,723 [DEBUG]  OP: Operation.SPLIT_COLUMNS on slice (89, 11) (remaining tasks 53)
2025-04-21 22:59:26,942 [DEBUG]  		found 1 col clusters (in 0.21864 secs)
2025-04-21 22:59:26,943 [DEBUG]  OP: Operation.NAIVE_FACTORIZATION on slice (71, 11) (remaining tasks 53)
2025-04-21 22:59:26,947 [DEBUG]  		naive factorization 11 columns (in 0.00382 secs)
2025-04-21 22:59:26,947 [DEBUG]  OP: Operation.NAIVE_FACTORIZATION on slice (46, 11) (remaining tasks 52)
2025-04-21 22:59:26,950 [DEBUG]  		naive factorization 11 columns (in 0.00303 secs)
2025-04-21 22:59:26,951 [DEBUG]  OP: Operation.SPLIT_COLUMNS on slice (108, 11) (remaining tasks 51)
2025-04-21 22:59:27,169 [DEBUG]  		found 1 col clusters (in 0.21810 secs)
2025-04-21 22:59:27,170 [DEBUG]  OP: Operation.NAIVE_FACTORIZATION on slice (68, 11) (remaining tasks 51)
2025-04-21 22:59:27,175 [DEBUG]  		naive factorization 11 columns (in 0.00498 secs)
2025-04-21 22:59:27,176 [DEBUG]  OP: Operation.SPLIT_COLUMNS on slice (134, 11) (remaining tasks 50)
2025-04-21 22:59:27,502 [DEBUG]  		found 1 col clusters (in 0.32664 secs)
2025-04-21 22:59:27,503 [DEBUG]  OP: Operation.SPLIT_COLUMNS on slice (101, 11) (remaining tasks 50)
2025-04-21 22:59:27,740 [DEBUG]  		found 1 col clusters (in 0.23702 secs)
2025-04-21 22:59:27,740 [DEBUG]  OP: Operation.SPLIT_COLUMNS on slice (142, 11) (remaining tasks 50)
2025-04-21 22:59:28,062 [DEBUG]  		found 1 col clusters (in 0.32126 secs)
2025-04-21 22:59:28,062 [DEBUG]  OP: Operation.SPLIT_COLUMNS on slice (90, 11) (remaining tasks 50)
2025-04-21 22:59:28,324 [DEBUG]  		found 1 col clusters (in 0.26133 secs)
2025-04-21 22:59:28,324 [DEBUG]  OP: Operation.SPLIT_COLUMNS on slice (96, 11) (remaining tasks 50)
2025-04-21 22:59:28,541 [DEBUG]  		found 1 col clusters (in 0.21700 secs)
2025-04-21 22:59:28,542 [DEBUG]  OP: Operation.NAIVE_FACTORIZATION on slice (10, 11) (remaining tasks 50)
2025-04-21 22:59:28,546 [DEBUG]  		naive factorization 11 columns (in 0.00371 secs)
2025-04-21 22:59:28,546 [DEBUG]  OP: Operation.SPLIT_COLUMNS on slice (91, 11) (remaining tasks 49)
2025-04-21 22:59:28,765 [DEBUG]  		found 1 col clusters (in 0.21813 secs)
2025-04-21 22:59:28,765 [DEBUG]  OP: Operation.SPLIT_COLUMNS on slice (106, 11) (remaining tasks 49)
2025-04-21 22:59:28,987 [DEBUG]  		found 1 col clusters (in 0.22158 secs)
2025-04-21 22:59:28,987 [DEBUG]  OP: Operation.NAIVE_FACTORIZATION on slice (44, 11) (remaining tasks 49)
2025-04-21 22:59:28,992 [DEBUG]  		naive factorization 11 columns (in 0.00438 secs)
2025-04-21 22:59:28,993 [DEBUG]  OP: Operation.NAIVE_FACTORIZATION on slice (50, 11) (remaining tasks 48)
2025-04-21 22:59:28,997 [DEBUG]  		naive factorization 11 columns (in 0.00413 secs)
2025-04-21 22:59:28,997 [DEBUG]  OP: Operation.NAIVE_FACTORIZATION on slice (56, 11) (remaining tasks 47)
2025-04-21 22:59:29,002 [DEBUG]  		naive factorization 11 columns (in 0.00403 secs)
2025-04-21 22:59:29,002 [DEBUG]  OP: Operation.NAIVE_FACTORIZATION on slice (22, 11) (remaining tasks 46)
2025-04-21 22:59:29,007 [DEBUG]  		naive factorization 11 columns (in 0.00493 secs)
2025-04-21 22:59:29,008 [DEBUG]  OP: Operation.NAIVE_FACTORIZATION on slice (28, 11) (remaining tasks 45)
2025-04-21 22:59:29,012 [DEBUG]  		naive factorization 11 columns (in 0.00439 secs)
2025-04-21 22:59:29,013 [DEBUG]  OP: Operation.NAIVE_FACTORIZATION on slice (51, 11) (remaining tasks 44)
2025-04-21 22:59:29,017 [DEBUG]  		naive factorization 11 columns (in 0.00405 secs)
2025-04-21 22:59:29,018 [DEBUG]  OP: Operation.NAIVE_FACTORIZATION on slice (51, 11) (remaining tasks 43)
2025-04-21 22:59:29,023 [DEBUG]  		naive factorization 11 columns (in 0.00487 secs)
2025-04-21 22:59:29,023 [DEBUG]  OP: Operation.NAIVE_FACTORIZATION on slice (32, 11) (remaining tasks 42)
2025-04-21 22:59:29,027 [DEBUG]  		naive factorization 11 columns (in 0.00369 secs)
2025-04-21 22:59:29,028 [DEBUG]  OP: Operation.NAIVE_FACTORIZATION on slice (67, 11) (remaining tasks 41)
2025-04-21 22:59:29,033 [DEBUG]  		naive factorization 11 columns (in 0.00471 secs)
2025-04-21 22:59:29,033 [DEBUG]  OP: Operation.NAIVE_FACTORIZATION on slice (17, 11) (remaining tasks 40)
2025-04-21 22:59:29,038 [DEBUG]  		naive factorization 11 columns (in 0.00468 secs)
2025-04-21 22:59:29,038 [DEBUG]  OP: Operation.SPLIT_COLUMNS on slice (75, 11) (remaining tasks 39)
2025-04-21 22:59:29,257 [DEBUG]  		found 1 col clusters (in 0.21848 secs)
2025-04-21 22:59:29,258 [DEBUG]  OP: Operation.NAIVE_FACTORIZATION on slice (32, 11) (remaining tasks 39)
2025-04-21 22:59:29,261 [DEBUG]  		naive factorization 11 columns (in 0.00358 secs)
2025-04-21 22:59:29,262 [DEBUG]  OP: Operation.NAIVE_FACTORIZATION on slice (28, 11) (remaining tasks 38)
2025-04-21 22:59:29,267 [DEBUG]  		naive factorization 11 columns (in 0.00488 secs)
2025-04-21 22:59:29,267 [DEBUG]  OP: Operation.NAIVE_FACTORIZATION on slice (51, 11) (remaining tasks 37)
2025-04-21 22:59:29,273 [DEBUG]  		naive factorization 11 columns (in 0.00537 secs)
2025-04-21 22:59:29,273 [DEBUG]  OP: Operation.NAIVE_FACTORIZATION on slice (17, 11) (remaining tasks 36)
2025-04-21 22:59:29,277 [DEBUG]  		naive factorization 11 columns (in 0.00356 secs)
2025-04-21 22:59:29,278 [DEBUG]  OP: Operation.SPLIT_COLUMNS on slice (111, 11) (remaining tasks 35)
2025-04-21 22:59:29,499 [DEBUG]  		found 1 col clusters (in 0.22071 secs)
2025-04-21 22:59:29,499 [DEBUG]  OP: Operation.NAIVE_FACTORIZATION on slice (47, 11) (remaining tasks 35)
2025-04-21 22:59:29,503 [DEBUG]  		naive factorization 11 columns (in 0.00362 secs)
2025-04-21 22:59:29,503 [DEBUG]  OP: Operation.NAIVE_FACTORIZATION on slice (34, 11) (remaining tasks 34)
2025-04-21 22:59:29,508 [DEBUG]  		naive factorization 11 columns (in 0.00442 secs)
2025-04-21 22:59:29,508 [DEBUG]  OP: Operation.NAIVE_FACTORIZATION on slice (30, 11) (remaining tasks 33)
2025-04-21 22:59:29,513 [DEBUG]  		naive factorization 11 columns (in 0.00386 secs)
2025-04-21 22:59:29,513 [DEBUG]  OP: Operation.NAIVE_FACTORIZATION on slice (52, 11) (remaining tasks 32)
2025-04-21 22:59:29,518 [DEBUG]  		naive factorization 11 columns (in 0.00436 secs)
2025-04-21 22:59:29,518 [DEBUG]  OP: Operation.NAIVE_FACTORIZATION on slice (53, 11) (remaining tasks 31)
2025-04-21 22:59:29,523 [DEBUG]  		naive factorization 11 columns (in 0.00450 secs)
2025-04-21 22:59:29,523 [DEBUG]  OP: Operation.NAIVE_FACTORIZATION on slice (65, 11) (remaining tasks 30)
2025-04-21 22:59:29,527 [DEBUG]  		naive factorization 11 columns (in 0.00392 secs)
2025-04-21 22:59:29,528 [DEBUG]  OP: Operation.SPLIT_COLUMNS on slice (111, 11) (remaining tasks 29)
2025-04-21 22:59:29,760 [DEBUG]  		found 1 col clusters (in 0.23184 secs)
2025-04-21 22:59:29,760 [DEBUG]  OP: Operation.NAIVE_FACTORIZATION on slice (12, 11) (remaining tasks 29)
2025-04-21 22:59:29,765 [DEBUG]  		naive factorization 11 columns (in 0.00425 secs)
2025-04-21 22:59:29,765 [DEBUG]  OP: Operation.NAIVE_FACTORIZATION on slice (56, 11) (remaining tasks 28)
2025-04-21 22:59:29,769 [DEBUG]  		naive factorization 11 columns (in 0.00384 secs)
2025-04-21 22:59:29,770 [DEBUG]  OP: Operation.NAIVE_FACTORIZATION on slice (33, 11) (remaining tasks 27)
2025-04-21 22:59:29,775 [DEBUG]  		naive factorization 11 columns (in 0.00453 secs)
2025-04-21 22:59:29,775 [DEBUG]  OP: Operation.SPLIT_COLUMNS on slice (86, 11) (remaining tasks 26)
2025-04-21 22:59:29,995 [DEBUG]  		found 1 col clusters (in 0.21999 secs)
2025-04-21 22:59:29,996 [DEBUG]  OP: Operation.SPLIT_COLUMNS on slice (84, 11) (remaining tasks 26)
2025-04-21 22:59:30,224 [DEBUG]  		found 1 col clusters (in 0.22841 secs)
2025-04-21 22:59:30,225 [DEBUG]  OP: Operation.SPLIT_ROWS on slice (87, 11) (remaining tasks 26)
2025-04-21 22:59:30,270 [DEBUG]  		found 2 row clusters (in 0.04453 secs)
2025-04-21 22:59:30,270 [DEBUG]  OP: Operation.SPLIT_ROWS on slice (109, 11) (remaining tasks 27)
2025-04-21 22:59:30,305 [DEBUG]  		found 2 row clusters (in 0.03467 secs)
2025-04-21 22:59:30,305 [DEBUG]  OP: Operation.SPLIT_ROWS on slice (85, 11) (remaining tasks 28)
2025-04-21 22:59:30,336 [DEBUG]  		found 2 row clusters (in 0.03054 secs)
2025-04-21 22:59:30,336 [DEBUG]  OP: Operation.SPLIT_ROWS on slice (146, 11) (remaining tasks 29)
2025-04-21 22:59:30,368 [DEBUG]  		found 2 row clusters (in 0.03191 secs)
2025-04-21 22:59:30,368 [DEBUG]  OP: Operation.SPLIT_ROWS on slice (93, 11) (remaining tasks 30)
2025-04-21 22:59:30,392 [DEBUG]  		found 2 row clusters (in 0.02336 secs)
2025-04-21 22:59:30,392 [DEBUG]  OP: Operation.SPLIT_ROWS on slice (79, 11) (remaining tasks 31)
2025-04-21 22:59:30,412 [DEBUG]  		found 2 row clusters (in 0.01991 secs)
2025-04-21 22:59:30,412 [DEBUG]  OP: Operation.SPLIT_ROWS on slice (161, 11) (remaining tasks 32)
2025-04-21 22:59:30,438 [DEBUG]  		found 2 row clusters (in 0.02575 secs)
2025-04-21 22:59:30,438 [DEBUG]  OP: Operation.SPLIT_ROWS on slice (147, 11) (remaining tasks 33)
2025-04-21 22:59:30,466 [DEBUG]  		found 2 row clusters (in 0.02754 secs)
2025-04-21 22:59:30,466 [DEBUG]  OP: Operation.SPLIT_ROWS on slice (91, 11) (remaining tasks 34)
2025-04-21 22:59:30,485 [DEBUG]  		found 2 row clusters (in 0.01874 secs)
2025-04-21 22:59:30,485 [DEBUG]  OP: Operation.SPLIT_ROWS on slice (172, 11) (remaining tasks 35)
2025-04-21 22:59:30,505 [DEBUG]  		found 2 row clusters (in 0.01931 secs)
2025-04-21 22:59:30,505 [DEBUG]  OP: Operation.SPLIT_ROWS on slice (99, 11) (remaining tasks 36)
2025-04-21 22:59:30,522 [DEBUG]  		found 2 row clusters (in 0.01727 secs)
2025-04-21 22:59:30,522 [DEBUG]  OP: Operation.SPLIT_ROWS on slice (183, 11) (remaining tasks 37)
2025-04-21 22:59:30,544 [DEBUG]  		found 2 row clusters (in 0.02121 secs)
2025-04-21 22:59:30,544 [DEBUG]  OP: Operation.SPLIT_ROWS on slice (92, 11) (remaining tasks 38)
2025-04-21 22:59:30,565 [DEBUG]  		found 2 row clusters (in 0.02069 secs)
2025-04-21 22:59:30,565 [DEBUG]  OP: Operation.SPLIT_ROWS on slice (89, 11) (remaining tasks 39)
2025-04-21 22:59:30,580 [DEBUG]  		found 2 row clusters (in 0.01509 secs)
2025-04-21 22:59:30,580 [DEBUG]  OP: Operation.SPLIT_ROWS on slice (108, 11) (remaining tasks 40)
2025-04-21 22:59:30,601 [DEBUG]  		found 2 row clusters (in 0.02060 secs)
2025-04-21 22:59:30,601 [DEBUG]  OP: Operation.SPLIT_ROWS on slice (134, 11) (remaining tasks 41)
2025-04-21 22:59:30,622 [DEBUG]  		found 2 row clusters (in 0.02068 secs)
2025-04-21 22:59:30,622 [DEBUG]  OP: Operation.SPLIT_ROWS on slice (101, 11) (remaining tasks 42)
2025-04-21 22:59:30,645 [DEBUG]  		found 2 row clusters (in 0.02255 secs)
2025-04-21 22:59:30,645 [DEBUG]  OP: Operation.SPLIT_ROWS on slice (142, 11) (remaining tasks 43)
2025-04-21 22:59:30,673 [DEBUG]  		found 2 row clusters (in 0.02812 secs)
2025-04-21 22:59:30,673 [DEBUG]  OP: Operation.SPLIT_ROWS on slice (90, 11) (remaining tasks 44)
2025-04-21 22:59:30,690 [DEBUG]  		found 2 row clusters (in 0.01651 secs)
2025-04-21 22:59:30,690 [DEBUG]  OP: Operation.SPLIT_ROWS on slice (96, 11) (remaining tasks 45)
2025-04-21 22:59:30,708 [DEBUG]  		found 2 row clusters (in 0.01775 secs)
2025-04-21 22:59:30,708 [DEBUG]  OP: Operation.SPLIT_ROWS on slice (91, 11) (remaining tasks 46)
2025-04-21 22:59:30,730 [DEBUG]  		found 2 row clusters (in 0.02166 secs)
2025-04-21 22:59:30,730 [DEBUG]  OP: Operation.SPLIT_ROWS on slice (106, 11) (remaining tasks 47)
2025-04-21 22:59:30,759 [DEBUG]  		found 2 row clusters (in 0.02868 secs)
2025-04-21 22:59:30,759 [DEBUG]  OP: Operation.SPLIT_ROWS on slice (75, 11) (remaining tasks 48)
2025-04-21 22:59:30,777 [DEBUG]  		found 2 row clusters (in 0.01751 secs)
2025-04-21 22:59:30,777 [DEBUG]  OP: Operation.SPLIT_ROWS on slice (111, 11) (remaining tasks 49)
2025-04-21 22:59:30,802 [DEBUG]  		found 2 row clusters (in 0.02477 secs)
2025-04-21 22:59:30,802 [DEBUG]  OP: Operation.SPLIT_ROWS on slice (111, 11) (remaining tasks 50)
2025-04-21 22:59:30,825 [DEBUG]  		found 2 row clusters (in 0.02330 secs)
2025-04-21 22:59:30,825 [DEBUG]  OP: Operation.SPLIT_ROWS on slice (86, 11) (remaining tasks 51)
2025-04-21 22:59:30,844 [DEBUG]  		found 2 row clusters (in 0.01803 secs)
2025-04-21 22:59:30,844 [DEBUG]  OP: Operation.SPLIT_ROWS on slice (84, 11) (remaining tasks 52)
2025-04-21 22:59:30,860 [DEBUG]  		found 2 row clusters (in 0.01653 secs)
2025-04-21 22:59:30,861 [DEBUG]  OP: Operation.NAIVE_FACTORIZATION on slice (38, 11) (remaining tasks 53)
2025-04-21 22:59:30,865 [DEBUG]  		naive factorization 11 columns (in 0.00458 secs)
2025-04-21 22:59:30,866 [DEBUG]  OP: Operation.NAIVE_FACTORIZATION on slice (49, 11) (remaining tasks 52)
2025-04-21 22:59:30,870 [DEBUG]  		naive factorization 11 columns (in 0.00408 secs)
2025-04-21 22:59:30,870 [DEBUG]  OP: Operation.NAIVE_FACTORIZATION on slice (58, 11) (remaining tasks 51)
2025-04-21 22:59:30,874 [DEBUG]  		naive factorization 11 columns (in 0.00389 secs)
2025-04-21 22:59:30,874 [DEBUG]  OP: Operation.NAIVE_FACTORIZATION on slice (51, 11) (remaining tasks 50)
2025-04-21 22:59:30,879 [DEBUG]  		naive factorization 11 columns (in 0.00516 secs)
2025-04-21 22:59:30,880 [DEBUG]  OP: Operation.NAIVE_FACTORIZATION on slice (2, 11) (remaining tasks 49)
2025-04-21 22:59:30,884 [DEBUG]  		naive factorization 11 columns (in 0.00414 secs)
2025-04-21 22:59:30,884 [DEBUG]  OP: Operation.SPLIT_COLUMNS on slice (83, 11) (remaining tasks 48)
2025-04-21 22:59:31,102 [DEBUG]  		found 1 col clusters (in 0.21777 secs)
2025-04-21 22:59:31,103 [DEBUG]  OP: Operation.NAIVE_FACTORIZATION on slice (48, 11) (remaining tasks 48)
2025-04-21 22:59:31,107 [DEBUG]  		naive factorization 11 columns (in 0.00430 secs)
2025-04-21 22:59:31,108 [DEBUG]  OP: Operation.SPLIT_COLUMNS on slice (98, 11) (remaining tasks 47)
2025-04-21 22:59:31,325 [DEBUG]  		found 1 col clusters (in 0.21752 secs)
2025-04-21 22:59:31,326 [DEBUG]  OP: Operation.NAIVE_FACTORIZATION on slice (16, 11) (remaining tasks 47)
2025-04-21 22:59:31,330 [DEBUG]  		naive factorization 11 columns (in 0.00439 secs)
2025-04-21 22:59:31,331 [DEBUG]  OP: Operation.SPLIT_COLUMNS on slice (77, 11) (remaining tasks 46)
2025-04-21 22:59:31,550 [DEBUG]  		found 1 col clusters (in 0.21867 secs)
2025-04-21 22:59:31,550 [DEBUG]  OP: Operation.NAIVE_FACTORIZATION on slice (46, 11) (remaining tasks 46)
2025-04-21 22:59:31,555 [DEBUG]  		naive factorization 11 columns (in 0.00481 secs)
2025-04-21 22:59:31,556 [DEBUG]  OP: Operation.NAIVE_FACTORIZATION on slice (33, 11) (remaining tasks 45)
2025-04-21 22:59:31,560 [DEBUG]  		naive factorization 11 columns (in 0.00422 secs)
2025-04-21 22:59:31,561 [DEBUG]  OP: Operation.SPLIT_COLUMNS on slice (83, 11) (remaining tasks 44)
2025-04-21 22:59:31,780 [DEBUG]  		found 1 col clusters (in 0.21919 secs)
2025-04-21 22:59:31,781 [DEBUG]  OP: Operation.SPLIT_COLUMNS on slice (78, 11) (remaining tasks 44)
2025-04-21 22:59:32,012 [DEBUG]  		found 1 col clusters (in 0.23067 secs)
2025-04-21 22:59:32,012 [DEBUG]  OP: Operation.SPLIT_COLUMNS on slice (78, 11) (remaining tasks 44)
2025-04-21 22:59:32,331 [DEBUG]  		found 1 col clusters (in 0.31868 secs)
2025-04-21 22:59:32,331 [DEBUG]  OP: Operation.NAIVE_FACTORIZATION on slice (69, 11) (remaining tasks 44)
2025-04-21 22:59:32,337 [DEBUG]  		naive factorization 11 columns (in 0.00541 secs)
2025-04-21 22:59:32,338 [DEBUG]  OP: Operation.NAIVE_FACTORIZATION on slice (74, 11) (remaining tasks 43)
2025-04-21 22:59:32,343 [DEBUG]  		naive factorization 11 columns (in 0.00542 secs)
2025-04-21 22:59:32,344 [DEBUG]  OP: Operation.NAIVE_FACTORIZATION on slice (17, 11) (remaining tasks 42)
2025-04-21 22:59:32,348 [DEBUG]  		naive factorization 11 columns (in 0.00389 secs)
2025-04-21 22:59:32,348 [DEBUG]  OP: Operation.SPLIT_COLUMNS on slice (87, 11) (remaining tasks 41)
2025-04-21 22:59:32,672 [DEBUG]  		found 1 col clusters (in 0.32348 secs)
2025-04-21 22:59:32,673 [DEBUG]  OP: Operation.SPLIT_COLUMNS on slice (85, 11) (remaining tasks 41)
2025-04-21 22:59:32,995 [DEBUG]  		found 1 col clusters (in 0.32178 secs)
2025-04-21 22:59:32,995 [DEBUG]  OP: Operation.NAIVE_FACTORIZATION on slice (53, 11) (remaining tasks 41)
2025-04-21 22:59:33,000 [DEBUG]  		naive factorization 11 columns (in 0.00497 secs)
2025-04-21 22:59:33,001 [DEBUG]  OP: Operation.NAIVE_FACTORIZATION on slice (46, 11) (remaining tasks 40)
2025-04-21 22:59:33,006 [DEBUG]  		naive factorization 11 columns (in 0.00462 secs)
2025-04-21 22:59:33,006 [DEBUG]  OP: Operation.SPLIT_COLUMNS on slice (90, 11) (remaining tasks 39)
2025-04-21 22:59:33,339 [DEBUG]  		found 1 col clusters (in 0.33239 secs)
2025-04-21 22:59:33,339 [DEBUG]  OP: Operation.SPLIT_COLUMNS on slice (93, 11) (remaining tasks 39)
2025-04-21 22:59:33,668 [DEBUG]  		found 1 col clusters (in 0.32845 secs)
2025-04-21 22:59:33,668 [DEBUG]  OP: Operation.NAIVE_FACTORIZATION on slice (21, 11) (remaining tasks 39)
2025-04-21 22:59:33,672 [DEBUG]  		naive factorization 11 columns (in 0.00383 secs)
2025-04-21 22:59:33,673 [DEBUG]  OP: Operation.NAIVE_FACTORIZATION on slice (71, 11) (remaining tasks 38)
2025-04-21 22:59:33,678 [DEBUG]  		naive factorization 11 columns (in 0.00448 secs)
2025-04-21 22:59:33,678 [DEBUG]  OP: Operation.NAIVE_FACTORIZATION on slice (5, 11) (remaining tasks 37)
2025-04-21 22:59:33,683 [DEBUG]  		naive factorization 11 columns (in 0.00452 secs)
2025-04-21 22:59:33,683 [DEBUG]  OP: Operation.SPLIT_COLUMNS on slice (84, 11) (remaining tasks 36)
2025-04-21 22:59:34,009 [DEBUG]  		found 1 col clusters (in 0.32505 secs)
2025-04-21 22:59:34,009 [DEBUG]  OP: Operation.SPLIT_COLUMNS on slice (97, 11) (remaining tasks 36)
2025-04-21 22:59:34,340 [DEBUG]  		found 1 col clusters (in 0.33099 secs)
2025-04-21 22:59:34,341 [DEBUG]  OP: Operation.NAIVE_FACTORIZATION on slice (11, 11) (remaining tasks 36)
2025-04-21 22:59:34,345 [DEBUG]  		naive factorization 11 columns (in 0.00358 secs)
2025-04-21 22:59:34,345 [DEBUG]  OP: Operation.SPLIT_COLUMNS on slice (124, 11) (remaining tasks 35)
2025-04-21 22:59:34,667 [DEBUG]  		found 1 col clusters (in 0.32189 secs)
2025-04-21 22:59:34,668 [DEBUG]  OP: Operation.NAIVE_FACTORIZATION on slice (10, 11) (remaining tasks 35)
2025-04-21 22:59:34,672 [DEBUG]  		naive factorization 11 columns (in 0.00367 secs)
2025-04-21 22:59:34,672 [DEBUG]  OP: Operation.NAIVE_FACTORIZATION on slice (38, 11) (remaining tasks 34)
2025-04-21 22:59:34,678 [DEBUG]  		naive factorization 11 columns (in 0.00508 secs)
2025-04-21 22:59:34,678 [DEBUG]  OP: Operation.NAIVE_FACTORIZATION on slice (63, 11) (remaining tasks 33)
2025-04-21 22:59:34,683 [DEBUG]  		naive factorization 11 columns (in 0.00434 secs)
2025-04-21 22:59:34,683 [DEBUG]  OP: Operation.SPLIT_COLUMNS on slice (94, 11) (remaining tasks 32)
2025-04-21 22:59:35,022 [DEBUG]  		found 1 col clusters (in 0.33892 secs)
2025-04-21 22:59:35,023 [DEBUG]  OP: Operation.NAIVE_FACTORIZATION on slice (48, 11) (remaining tasks 32)
2025-04-21 22:59:35,027 [DEBUG]  		naive factorization 11 columns (in 0.00440 secs)
2025-04-21 22:59:35,028 [DEBUG]  OP: Operation.NAIVE_FACTORIZATION on slice (67, 11) (remaining tasks 31)
2025-04-21 22:59:35,034 [DEBUG]  		naive factorization 11 columns (in 0.00563 secs)
2025-04-21 22:59:35,034 [DEBUG]  OP: Operation.NAIVE_FACTORIZATION on slice (23, 11) (remaining tasks 30)
2025-04-21 22:59:35,039 [DEBUG]  		naive factorization 11 columns (in 0.00455 secs)
2025-04-21 22:59:35,040 [DEBUG]  OP: Operation.SPLIT_COLUMNS on slice (84, 11) (remaining tasks 29)
2025-04-21 22:59:35,386 [DEBUG]  		found 1 col clusters (in 0.34643 secs)
2025-04-21 22:59:35,387 [DEBUG]  OP: Operation.NAIVE_FACTORIZATION on slice (12, 11) (remaining tasks 29)
2025-04-21 22:59:35,391 [DEBUG]  		naive factorization 11 columns (in 0.00353 secs)
2025-04-21 22:59:35,391 [DEBUG]  OP: Operation.NAIVE_FACTORIZATION on slice (10, 11) (remaining tasks 28)
2025-04-21 22:59:35,395 [DEBUG]  		naive factorization 11 columns (in 0.00378 secs)
2025-04-21 22:59:35,396 [DEBUG]  OP: Operation.SPLIT_COLUMNS on slice (81, 11) (remaining tasks 27)
2025-04-21 22:59:35,718 [DEBUG]  		found 1 col clusters (in 0.32215 secs)
2025-04-21 22:59:35,718 [DEBUG]  OP: Operation.SPLIT_COLUMNS on slice (90, 11) (remaining tasks 27)
2025-04-21 22:59:36,045 [DEBUG]  		found 1 col clusters (in 0.32652 secs)
2025-04-21 22:59:36,046 [DEBUG]  OP: Operation.NAIVE_FACTORIZATION on slice (16, 11) (remaining tasks 27)
2025-04-21 22:59:36,050 [DEBUG]  		naive factorization 11 columns (in 0.00376 secs)
2025-04-21 22:59:36,050 [DEBUG]  OP: Operation.NAIVE_FACTORIZATION on slice (42, 11) (remaining tasks 26)
2025-04-21 22:59:36,054 [DEBUG]  		naive factorization 11 columns (in 0.00411 secs)
2025-04-21 22:59:36,055 [DEBUG]  OP: Operation.NAIVE_FACTORIZATION on slice (33, 11) (remaining tasks 25)
2025-04-21 22:59:36,059 [DEBUG]  		naive factorization 11 columns (in 0.00429 secs)
2025-04-21 22:59:36,060 [DEBUG]  OP: Operation.NAIVE_FACTORIZATION on slice (67, 11) (remaining tasks 24)
2025-04-21 22:59:36,064 [DEBUG]  		naive factorization 11 columns (in 0.00421 secs)
2025-04-21 22:59:36,065 [DEBUG]  OP: Operation.NAIVE_FACTORIZATION on slice (44, 11) (remaining tasks 23)
2025-04-21 22:59:36,069 [DEBUG]  		naive factorization 11 columns (in 0.00424 secs)
2025-04-21 22:59:36,070 [DEBUG]  OP: Operation.NAIVE_FACTORIZATION on slice (24, 11) (remaining tasks 22)
2025-04-21 22:59:36,075 [DEBUG]  		naive factorization 11 columns (in 0.00456 secs)
2025-04-21 22:59:36,075 [DEBUG]  OP: Operation.SPLIT_COLUMNS on slice (87, 11) (remaining tasks 21)
2025-04-21 22:59:36,348 [DEBUG]  		found 1 col clusters (in 0.27302 secs)
2025-04-21 22:59:36,349 [DEBUG]  OP: Operation.NAIVE_FACTORIZATION on slice (50, 11) (remaining tasks 21)
2025-04-21 22:59:36,353 [DEBUG]  		naive factorization 11 columns (in 0.00398 secs)
2025-04-21 22:59:36,354 [DEBUG]  OP: Operation.NAIVE_FACTORIZATION on slice (36, 11) (remaining tasks 20)
2025-04-21 22:59:36,358 [DEBUG]  		naive factorization 11 columns (in 0.00377 secs)
2025-04-21 22:59:36,358 [DEBUG]  OP: Operation.NAIVE_FACTORIZATION on slice (47, 11) (remaining tasks 19)
2025-04-21 22:59:36,364 [DEBUG]  		naive factorization 11 columns (in 0.00514 secs)
2025-04-21 22:59:36,364 [DEBUG]  OP: Operation.NAIVE_FACTORIZATION on slice (37, 11) (remaining tasks 18)
2025-04-21 22:59:36,368 [DEBUG]  		naive factorization 11 columns (in 0.00383 secs)
2025-04-21 22:59:36,369 [DEBUG]  OP: Operation.SPLIT_ROWS on slice (83, 11) (remaining tasks 17)
2025-04-21 22:59:36,411 [DEBUG]  		found 2 row clusters (in 0.04209 secs)
2025-04-21 22:59:36,411 [DEBUG]  OP: Operation.SPLIT_ROWS on slice (98, 11) (remaining tasks 18)
2025-04-21 22:59:36,444 [DEBUG]  		found 2 row clusters (in 0.03285 secs)
2025-04-21 22:59:36,445 [DEBUG]  OP: Operation.SPLIT_ROWS on slice (77, 11) (remaining tasks 19)
2025-04-21 22:59:36,471 [DEBUG]  		found 2 row clusters (in 0.02666 secs)
2025-04-21 22:59:36,472 [DEBUG]  OP: Operation.SPLIT_ROWS on slice (83, 11) (remaining tasks 20)
2025-04-21 22:59:36,493 [DEBUG]  		found 2 row clusters (in 0.02145 secs)
2025-04-21 22:59:36,493 [DEBUG]  OP: Operation.SPLIT_ROWS on slice (78, 11) (remaining tasks 21)
2025-04-21 22:59:36,512 [DEBUG]  		found 2 row clusters (in 0.01864 secs)
2025-04-21 22:59:36,512 [DEBUG]  OP: Operation.SPLIT_ROWS on slice (78, 11) (remaining tasks 22)
2025-04-21 22:59:36,532 [DEBUG]  		found 2 row clusters (in 0.01973 secs)
2025-04-21 22:59:36,532 [DEBUG]  OP: Operation.SPLIT_ROWS on slice (87, 11) (remaining tasks 23)
2025-04-21 22:59:36,557 [DEBUG]  		found 2 row clusters (in 0.02474 secs)
2025-04-21 22:59:36,557 [DEBUG]  OP: Operation.SPLIT_ROWS on slice (85, 11) (remaining tasks 24)
2025-04-21 22:59:36,577 [DEBUG]  		found 2 row clusters (in 0.01961 secs)
2025-04-21 22:59:36,577 [DEBUG]  OP: Operation.SPLIT_ROWS on slice (90, 11) (remaining tasks 25)
2025-04-21 22:59:36,598 [DEBUG]  		found 2 row clusters (in 0.02039 secs)
2025-04-21 22:59:36,598 [DEBUG]  OP: Operation.SPLIT_ROWS on slice (93, 11) (remaining tasks 26)
2025-04-21 22:59:36,620 [DEBUG]  		found 2 row clusters (in 0.02135 secs)
2025-04-21 22:59:36,620 [DEBUG]  OP: Operation.SPLIT_ROWS on slice (84, 11) (remaining tasks 27)
2025-04-21 22:59:36,640 [DEBUG]  		found 2 row clusters (in 0.02003 secs)
2025-04-21 22:59:36,640 [DEBUG]  OP: Operation.SPLIT_ROWS on slice (97, 11) (remaining tasks 28)
2025-04-21 22:59:36,665 [DEBUG]  		found 2 row clusters (in 0.02438 secs)
2025-04-21 22:59:36,665 [DEBUG]  OP: Operation.SPLIT_ROWS on slice (124, 11) (remaining tasks 29)
2025-04-21 22:59:36,685 [DEBUG]  		found 2 row clusters (in 0.01995 secs)
2025-04-21 22:59:36,685 [DEBUG]  OP: Operation.SPLIT_ROWS on slice (94, 11) (remaining tasks 30)
2025-04-21 22:59:36,706 [DEBUG]  		found 2 row clusters (in 0.02053 secs)
2025-04-21 22:59:36,706 [DEBUG]  OP: Operation.SPLIT_ROWS on slice (84, 11) (remaining tasks 31)
2025-04-21 22:59:36,724 [DEBUG]  		found 2 row clusters (in 0.01847 secs)
2025-04-21 22:59:36,725 [DEBUG]  OP: Operation.SPLIT_ROWS on slice (81, 11) (remaining tasks 32)
2025-04-21 22:59:36,745 [DEBUG]  		found 2 row clusters (in 0.02001 secs)
2025-04-21 22:59:36,745 [DEBUG]  OP: Operation.SPLIT_ROWS on slice (90, 11) (remaining tasks 33)
2025-04-21 22:59:36,769 [DEBUG]  		found 2 row clusters (in 0.02391 secs)
2025-04-21 22:59:36,769 [DEBUG]  OP: Operation.SPLIT_ROWS on slice (87, 11) (remaining tasks 34)
2025-04-21 22:59:36,793 [DEBUG]  		found 2 row clusters (in 0.02395 secs)
2025-04-21 22:59:36,793 [DEBUG]  OP: Operation.NAIVE_FACTORIZATION on slice (41, 11) (remaining tasks 35)
2025-04-21 22:59:36,797 [DEBUG]  		naive factorization 11 columns (in 0.00380 secs)
2025-04-21 22:59:36,798 [DEBUG]  OP: Operation.NAIVE_FACTORIZATION on slice (42, 11) (remaining tasks 34)
2025-04-21 22:59:36,802 [DEBUG]  		naive factorization 11 columns (in 0.00375 secs)
2025-04-21 22:59:36,802 [DEBUG]  OP: Operation.NAIVE_FACTORIZATION on slice (72, 11) (remaining tasks 33)
2025-04-21 22:59:36,806 [DEBUG]  		naive factorization 11 columns (in 0.00411 secs)
2025-04-21 22:59:36,806 [DEBUG]  OP: Operation.NAIVE_FACTORIZATION on slice (26, 11) (remaining tasks 32)
2025-04-21 22:59:36,810 [DEBUG]  		naive factorization 11 columns (in 0.00367 secs)
2025-04-21 22:59:36,810 [DEBUG]  OP: Operation.NAIVE_FACTORIZATION on slice (55, 11) (remaining tasks 31)
2025-04-21 22:59:36,815 [DEBUG]  		naive factorization 11 columns (in 0.00402 secs)
2025-04-21 22:59:36,815 [DEBUG]  OP: Operation.NAIVE_FACTORIZATION on slice (22, 11) (remaining tasks 30)
2025-04-21 22:59:36,819 [DEBUG]  		naive factorization 11 columns (in 0.00383 secs)
2025-04-21 22:59:36,819 [DEBUG]  OP: Operation.NAIVE_FACTORIZATION on slice (45, 11) (remaining tasks 29)
2025-04-21 22:59:36,823 [DEBUG]  		naive factorization 11 columns (in 0.00386 secs)
2025-04-21 22:59:36,824 [DEBUG]  OP: Operation.NAIVE_FACTORIZATION on slice (38, 11) (remaining tasks 28)
2025-04-21 22:59:36,828 [DEBUG]  		naive factorization 11 columns (in 0.00402 secs)
2025-04-21 22:59:36,828 [DEBUG]  OP: Operation.NAIVE_FACTORIZATION on slice (34, 11) (remaining tasks 27)
2025-04-21 22:59:36,833 [DEBUG]  		naive factorization 11 columns (in 0.00477 secs)
2025-04-21 22:59:36,833 [DEBUG]  OP: Operation.NAIVE_FACTORIZATION on slice (44, 11) (remaining tasks 26)
2025-04-21 22:59:36,837 [DEBUG]  		naive factorization 11 columns (in 0.00387 secs)
2025-04-21 22:59:36,838 [DEBUG]  OP: Operation.NAIVE_FACTORIZATION on slice (35, 11) (remaining tasks 25)
2025-04-21 22:59:36,842 [DEBUG]  		naive factorization 11 columns (in 0.00415 secs)
2025-04-21 22:59:36,843 [DEBUG]  OP: Operation.NAIVE_FACTORIZATION on slice (43, 11) (remaining tasks 24)
2025-04-21 22:59:36,848 [DEBUG]  		naive factorization 11 columns (in 0.00515 secs)
2025-04-21 22:59:36,848 [DEBUG]  OP: Operation.NAIVE_FACTORIZATION on slice (62, 11) (remaining tasks 23)
2025-04-21 22:59:36,852 [DEBUG]  		naive factorization 11 columns (in 0.00384 secs)
2025-04-21 22:59:36,853 [DEBUG]  OP: Operation.NAIVE_FACTORIZATION on slice (25, 11) (remaining tasks 22)
2025-04-21 22:59:36,857 [DEBUG]  		naive factorization 11 columns (in 0.00362 secs)
2025-04-21 22:59:36,857 [DEBUG]  OP: Operation.NAIVE_FACTORIZATION on slice (44, 11) (remaining tasks 21)
2025-04-21 22:59:36,862 [DEBUG]  		naive factorization 11 columns (in 0.00457 secs)
2025-04-21 22:59:36,862 [DEBUG]  OP: Operation.NAIVE_FACTORIZATION on slice (41, 11) (remaining tasks 20)
2025-04-21 22:59:36,866 [DEBUG]  		naive factorization 11 columns (in 0.00377 secs)
2025-04-21 22:59:36,867 [DEBUG]  OP: Operation.NAIVE_FACTORIZATION on slice (52, 11) (remaining tasks 19)
2025-04-21 22:59:36,871 [DEBUG]  		naive factorization 11 columns (in 0.00376 secs)
2025-04-21 22:59:36,871 [DEBUG]  OP: Operation.NAIVE_FACTORIZATION on slice (38, 11) (remaining tasks 18)
2025-04-21 22:59:36,875 [DEBUG]  		naive factorization 11 columns (in 0.00383 secs)
2025-04-21 22:59:36,876 [DEBUG]  OP: Operation.NAIVE_FACTORIZATION on slice (27, 11) (remaining tasks 17)
2025-04-21 22:59:36,880 [DEBUG]  		naive factorization 11 columns (in 0.00370 secs)
2025-04-21 22:59:36,880 [DEBUG]  OP: Operation.NAIVE_FACTORIZATION on slice (66, 11) (remaining tasks 16)
2025-04-21 22:59:36,885 [DEBUG]  		naive factorization 11 columns (in 0.00427 secs)
2025-04-21 22:59:36,885 [DEBUG]  OP: Operation.NAIVE_FACTORIZATION on slice (30, 11) (remaining tasks 15)
2025-04-21 22:59:36,889 [DEBUG]  		naive factorization 11 columns (in 0.00389 secs)
2025-04-21 22:59:36,890 [DEBUG]  OP: Operation.NAIVE_FACTORIZATION on slice (54, 11) (remaining tasks 14)
2025-04-21 22:59:36,896 [DEBUG]  		naive factorization 11 columns (in 0.00542 secs)
2025-04-21 22:59:36,896 [DEBUG]  OP: Operation.NAIVE_FACTORIZATION on slice (60, 11) (remaining tasks 13)
2025-04-21 22:59:36,901 [DEBUG]  		naive factorization 11 columns (in 0.00435 secs)
2025-04-21 22:59:36,901 [DEBUG]  OP: Operation.NAIVE_FACTORIZATION on slice (37, 11) (remaining tasks 12)
2025-04-21 22:59:36,905 [DEBUG]  		naive factorization 11 columns (in 0.00398 secs)
2025-04-21 22:59:36,906 [DEBUG]  OP: Operation.SPLIT_COLUMNS on slice (75, 11) (remaining tasks 11)
2025-04-21 22:59:37,251 [DEBUG]  		found 1 col clusters (in 0.34507 secs)
2025-04-21 22:59:37,252 [DEBUG]  OP: Operation.NAIVE_FACTORIZATION on slice (49, 11) (remaining tasks 11)
2025-04-21 22:59:37,257 [DEBUG]  		naive factorization 11 columns (in 0.00479 secs)
2025-04-21 22:59:37,257 [DEBUG]  OP: Operation.NAIVE_FACTORIZATION on slice (68, 11) (remaining tasks 10)
2025-04-21 22:59:37,262 [DEBUG]  		naive factorization 11 columns (in 0.00410 secs)
2025-04-21 22:59:37,262 [DEBUG]  OP: Operation.NAIVE_FACTORIZATION on slice (26, 11) (remaining tasks 9)
2025-04-21 22:59:37,267 [DEBUG]  		naive factorization 11 columns (in 0.00431 secs)
2025-04-21 22:59:37,267 [DEBUG]  OP: Operation.NAIVE_FACTORIZATION on slice (48, 11) (remaining tasks 8)
2025-04-21 22:59:37,272 [DEBUG]  		naive factorization 11 columns (in 0.00481 secs)
2025-04-21 22:59:37,273 [DEBUG]  OP: Operation.NAIVE_FACTORIZATION on slice (36, 11) (remaining tasks 7)
2025-04-21 22:59:37,277 [DEBUG]  		naive factorization 11 columns (in 0.00386 secs)
2025-04-21 22:59:37,277 [DEBUG]  OP: Operation.NAIVE_FACTORIZATION on slice (51, 11) (remaining tasks 6)
2025-04-21 22:59:37,282 [DEBUG]  		naive factorization 11 columns (in 0.00483 secs)
2025-04-21 22:59:37,283 [DEBUG]  OP: Operation.NAIVE_FACTORIZATION on slice (30, 11) (remaining tasks 5)
2025-04-21 22:59:37,288 [DEBUG]  		naive factorization 11 columns (in 0.00463 secs)
2025-04-21 22:59:37,288 [DEBUG]  OP: Operation.NAIVE_FACTORIZATION on slice (32, 11) (remaining tasks 4)
2025-04-21 22:59:37,292 [DEBUG]  		naive factorization 11 columns (in 0.00408 secs)
2025-04-21 22:59:37,293 [DEBUG]  OP: Operation.NAIVE_FACTORIZATION on slice (58, 11) (remaining tasks 3)
2025-04-21 22:59:37,299 [DEBUG]  		naive factorization 11 columns (in 0.00548 secs)
2025-04-21 22:59:37,299 [DEBUG]  OP: Operation.NAIVE_FACTORIZATION on slice (27, 11) (remaining tasks 2)
2025-04-21 22:59:37,303 [DEBUG]  		naive factorization 11 columns (in 0.00362 secs)
2025-04-21 22:59:37,304 [DEBUG]  OP: Operation.NAIVE_FACTORIZATION on slice (60, 11) (remaining tasks 1)
2025-04-21 22:59:37,308 [DEBUG]  		naive factorization 11 columns (in 0.00407 secs)
2025-04-21 22:59:37,308 [DEBUG]  OP: Operation.SPLIT_ROWS on slice (75, 11) (remaining tasks 0)
2025-04-21 22:59:37,353 [DEBUG]  		found 2 row clusters (in 0.04401 secs)
2025-04-21 22:59:37,353 [DEBUG]  OP: Operation.NAIVE_FACTORIZATION on slice (58, 11) (remaining tasks 1)
2025-04-21 22:59:37,358 [DEBUG]  		naive factorization 11 columns (in 0.00521 secs)
2025-04-21 22:59:37,359 [DEBUG]  OP: Operation.NAIVE_FACTORIZATION on slice (17, 11) (remaining tasks 0)
2025-04-21 22:59:37,363 [DEBUG]  		naive factorization 11 columns (in 0.00357 secs)
2025-04-21 22:59:38,582 [DEBUG]  Built SPN in 159.68563255100162 sec
2025-04-21 22:59:38,582 [INFO ]  Saving ensemble to /home/dafn/card/deepcard/collected_temp_benchmarks/spn_ensembles/Gas Turbine CO and NOx Emission Data Set/ensemble_single_gt_2011_10000000.pkl
