2025-04-24 19:56:55,556 [INFO ]  Creating naive ensemble.
2025-04-24 19:56:55,557 [INFO ]  Learning SPN for naticusdroid.
2025-04-24 19:56:55,557 [DEBUG]  generate_join_sample(single_table=naticusdroid, relationship_list=None, split_condition=None)
2025-04-24 19:56:55,609 [DEBUG]  Using min_instance_slice parameter 293.32.
2025-04-24 19:56:55,610 [INFO ]  SPN training phase with 29332 samples
2025-04-24 19:56:55,641 [DEBUG]  Built domains in 0.03153518098406494 sec
2025-04-24 19:56:56,006 [DEBUG]  CACHEDIR=/home/dafn/.cache/matplotlib
2025-04-24 19:56:56,008 [DEBUG]  Using fontManager instance from /home/dafn/.cache/matplotlib/fontlist-v300.json
2025-04-24 19:56:56,102 [DEBUG]  Loaded backend qt5agg version unknown.
2025-04-24 19:56:56,132 [DEBUG]  Loaded backend qt5agg version unknown.
2025-04-24 19:56:56,133 [DEBUG]  Loaded backend qt4agg version unknown.
2025-04-24 19:56:56,140 [DEBUG]  Loaded backend tkagg version unknown.
2025-04-24 19:56:56,141 [DEBUG]  Loaded backend agg version unknown.
2025-04-24 19:56:56,141 [DEBUG]  Loaded backend agg version unknown.
2025-04-24 19:56:56,155 [DEBUG]  OP: Operation.SPLIT_ROWS on slice (29332, 87) (remaining tasks 0)
2025-04-24 19:56:57,170 [DEBUG]  		found 2 row clusters (in 1.01452 secs)
2025-04-24 19:56:57,178 [DEBUG]  OP: Operation.SPLIT_COLUMNS on slice (14724, 87) (remaining tasks 1)
2025-04-24 19:59:22,116 [DEBUG]  		found 64 col clusters (in 144.93739 secs)
2025-04-24 19:59:22,124 [DEBUG]  OP: Operation.REMOVE_UNINFORMATIVE_FEATURES on slice (14608, 87) (remaining tasks 64)
2025-04-24 19:59:22,128 [DEBUG]  OP: Operation.CREATE_LEAF on slice (14724, 1) (remaining tasks 65)
2025-04-24 19:59:22,128 [DEBUG]  		 created leaf IdentityNumericLeaf for scope=[0] (in 0.00064 secs)
2025-04-24 19:59:22,130 [DEBUG]  OP: Operation.SPLIT_COLUMNS on slice (14724, 15) (remaining tasks 64)
2025-04-24 19:59:27,637 [DEBUG]  		found 1 col clusters (in 5.50692 secs)
2025-04-24 19:59:27,637 [DEBUG]  OP: Operation.SPLIT_COLUMNS on slice (14724, 2) (remaining tasks 64)
2025-04-24 19:59:27,786 [DEBUG]  		found 1 col clusters (in 0.14886 secs)
2025-04-24 19:59:27,787 [DEBUG]  OP: Operation.SPLIT_COLUMNS on slice (14724, 2) (remaining tasks 64)
2025-04-24 19:59:27,897 [DEBUG]  		found 1 col clusters (in 0.11032 secs)
2025-04-24 19:59:27,898 [DEBUG]  OP: Operation.SPLIT_COLUMNS on slice (14724, 2) (remaining tasks 64)
2025-04-24 19:59:28,008 [DEBUG]  		found 1 col clusters (in 0.10976 secs)
2025-04-24 19:59:28,008 [DEBUG]  OP: Operation.CREATE_LEAF on slice (14724, 1) (remaining tasks 64)
2025-04-24 19:59:28,009 [DEBUG]  		 created leaf IdentityNumericLeaf for scope=[5] (in 0.00077 secs)
2025-04-24 19:59:28,010 [DEBUG]  OP: Operation.SPLIT_COLUMNS on slice (14724, 3) (remaining tasks 63)
2025-04-24 19:59:28,224 [DEBUG]  		found 1 col clusters (in 0.21430 secs)
2025-04-24 19:59:28,224 [DEBUG]  OP: Operation.CREATE_LEAF on slice (14724, 1) (remaining tasks 63)
2025-04-24 19:59:28,225 [DEBUG]  		 created leaf IdentityNumericLeaf for scope=[7] (in 0.00066 secs)
2025-04-24 19:59:28,225 [DEBUG]  OP: Operation.CREATE_LEAF on slice (14724, 1) (remaining tasks 62)
2025-04-24 19:59:28,226 [DEBUG]  		 created leaf IdentityNumericLeaf for scope=[8] (in 0.00063 secs)
2025-04-24 19:59:28,226 [DEBUG]  OP: Operation.CREATE_LEAF on slice (14724, 1) (remaining tasks 61)
2025-04-24 19:59:28,227 [DEBUG]  		 created leaf IdentityNumericLeaf for scope=[9] (in 0.00063 secs)
2025-04-24 19:59:28,227 [DEBUG]  OP: Operation.CREATE_LEAF on slice (14724, 1) (remaining tasks 60)
2025-04-24 19:59:28,228 [DEBUG]  		 created leaf IdentityNumericLeaf for scope=[10] (in 0.00060 secs)
2025-04-24 19:59:28,228 [DEBUG]  OP: Operation.CREATE_LEAF on slice (14724, 1) (remaining tasks 59)
2025-04-24 19:59:28,229 [DEBUG]  		 created leaf IdentityNumericLeaf for scope=[11] (in 0.00078 secs)
2025-04-24 19:59:28,229 [DEBUG]  OP: Operation.CREATE_LEAF on slice (14724, 1) (remaining tasks 58)
2025-04-24 19:59:28,230 [DEBUG]  		 created leaf IdentityNumericLeaf for scope=[12] (in 0.00073 secs)
2025-04-24 19:59:28,230 [DEBUG]  OP: Operation.CREATE_LEAF on slice (14724, 1) (remaining tasks 57)
2025-04-24 19:59:28,230 [DEBUG]  		 created leaf IdentityNumericLeaf for scope=[13] (in 0.00063 secs)
2025-04-24 19:59:28,231 [DEBUG]  OP: Operation.CREATE_LEAF on slice (14724, 1) (remaining tasks 56)
2025-04-24 19:59:28,231 [DEBUG]  		 created leaf IdentityNumericLeaf for scope=[16] (in 0.00065 secs)
2025-04-24 19:59:28,231 [DEBUG]  OP: Operation.CREATE_LEAF on slice (14724, 1) (remaining tasks 55)
2025-04-24 19:59:28,232 [DEBUG]  		 created leaf IdentityNumericLeaf for scope=[17] (in 0.00080 secs)
2025-04-24 19:59:28,233 [DEBUG]  OP: Operation.CREATE_LEAF on slice (14724, 1) (remaining tasks 54)
2025-04-24 19:59:28,233 [DEBUG]  		 created leaf IdentityNumericLeaf for scope=[18] (in 0.00055 secs)
2025-04-24 19:59:28,233 [DEBUG]  OP: Operation.CREATE_LEAF on slice (14724, 1) (remaining tasks 53)
2025-04-24 19:59:28,234 [DEBUG]  		 created leaf IdentityNumericLeaf for scope=[19] (in 0.00060 secs)
2025-04-24 19:59:28,234 [DEBUG]  OP: Operation.CREATE_LEAF on slice (14724, 1) (remaining tasks 52)
2025-04-24 19:59:28,235 [DEBUG]  		 created leaf IdentityNumericLeaf for scope=[21] (in 0.00060 secs)
2025-04-24 19:59:28,235 [DEBUG]  OP: Operation.CREATE_LEAF on slice (14724, 1) (remaining tasks 51)
2025-04-24 19:59:28,236 [DEBUG]  		 created leaf IdentityNumericLeaf for scope=[22] (in 0.00056 secs)
2025-04-24 19:59:28,236 [DEBUG]  OP: Operation.CREATE_LEAF on slice (14724, 1) (remaining tasks 50)
2025-04-24 19:59:28,237 [DEBUG]  		 created leaf IdentityNumericLeaf for scope=[23] (in 0.00059 secs)
2025-04-24 19:59:28,237 [DEBUG]  OP: Operation.CREATE_LEAF on slice (14724, 1) (remaining tasks 49)
2025-04-24 19:59:28,237 [DEBUG]  		 created leaf IdentityNumericLeaf for scope=[24] (in 0.00064 secs)
2025-04-24 19:59:28,238 [DEBUG]  OP: Operation.CREATE_LEAF on slice (14724, 1) (remaining tasks 48)
2025-04-24 19:59:28,238 [DEBUG]  		 created leaf IdentityNumericLeaf for scope=[25] (in 0.00057 secs)
2025-04-24 19:59:28,238 [DEBUG]  OP: Operation.CREATE_LEAF on slice (14724, 1) (remaining tasks 47)
2025-04-24 19:59:28,239 [DEBUG]  		 created leaf IdentityNumericLeaf for scope=[26] (in 0.00068 secs)
2025-04-24 19:59:28,239 [DEBUG]  OP: Operation.CREATE_LEAF on slice (14724, 1) (remaining tasks 46)
2025-04-24 19:59:28,240 [DEBUG]  		 created leaf IdentityNumericLeaf for scope=[29] (in 0.00060 secs)
2025-04-24 19:59:28,240 [DEBUG]  OP: Operation.CREATE_LEAF on slice (14724, 1) (remaining tasks 45)
2025-04-24 19:59:28,241 [DEBUG]  		 created leaf IdentityNumericLeaf for scope=[30] (in 0.00069 secs)
2025-04-24 19:59:28,242 [DEBUG]  OP: Operation.CREATE_LEAF on slice (14724, 1) (remaining tasks 44)
2025-04-24 19:59:28,243 [DEBUG]  		 created leaf IdentityNumericLeaf for scope=[31] (in 0.00055 secs)
2025-04-24 19:59:28,244 [DEBUG]  OP: Operation.CREATE_LEAF on slice (14724, 1) (remaining tasks 43)
2025-04-24 19:59:28,245 [DEBUG]  		 created leaf IdentityNumericLeaf for scope=[33] (in 0.00053 secs)
2025-04-24 19:59:28,245 [DEBUG]  OP: Operation.CREATE_LEAF on slice (14724, 1) (remaining tasks 42)
2025-04-24 19:59:28,246 [DEBUG]  		 created leaf IdentityNumericLeaf for scope=[34] (in 0.00054 secs)
2025-04-24 19:59:28,247 [DEBUG]  OP: Operation.CREATE_LEAF on slice (14724, 1) (remaining tasks 41)
2025-04-24 19:59:28,248 [DEBUG]  		 created leaf IdentityNumericLeaf for scope=[36] (in 0.00053 secs)
2025-04-24 19:59:28,248 [DEBUG]  OP: Operation.CREATE_LEAF on slice (14724, 1) (remaining tasks 40)
2025-04-24 19:59:28,249 [DEBUG]  		 created leaf IdentityNumericLeaf for scope=[38] (in 0.00052 secs)
2025-04-24 19:59:28,250 [DEBUG]  OP: Operation.SPLIT_COLUMNS on slice (14724, 2) (remaining tasks 39)
2025-04-24 19:59:28,407 [DEBUG]  		found 1 col clusters (in 0.15611 secs)
2025-04-24 19:59:28,407 [DEBUG]  OP: Operation.CREATE_LEAF on slice (14724, 1) (remaining tasks 39)
2025-04-24 19:59:28,408 [DEBUG]  		 created leaf IdentityNumericLeaf for scope=[40] (in 0.00064 secs)
2025-04-24 19:59:28,408 [DEBUG]  OP: Operation.SPLIT_COLUMNS on slice (14724, 2) (remaining tasks 38)
2025-04-24 19:59:28,518 [DEBUG]  		found 1 col clusters (in 0.11004 secs)
2025-04-24 19:59:28,519 [DEBUG]  OP: Operation.CREATE_LEAF on slice (14724, 1) (remaining tasks 38)
2025-04-24 19:59:28,519 [DEBUG]  		 created leaf IdentityNumericLeaf for scope=[46] (in 0.00063 secs)
2025-04-24 19:59:28,519 [DEBUG]  OP: Operation.CREATE_LEAF on slice (14724, 1) (remaining tasks 37)
2025-04-24 19:59:28,520 [DEBUG]  		 created leaf IdentityNumericLeaf for scope=[47] (in 0.00059 secs)
2025-04-24 19:59:28,520 [DEBUG]  OP: Operation.CREATE_LEAF on slice (14724, 1) (remaining tasks 36)
2025-04-24 19:59:28,521 [DEBUG]  		 created leaf IdentityNumericLeaf for scope=[48] (in 0.00063 secs)
2025-04-24 19:59:28,521 [DEBUG]  OP: Operation.CREATE_LEAF on slice (14724, 1) (remaining tasks 35)
2025-04-24 19:59:28,522 [DEBUG]  		 created leaf IdentityNumericLeaf for scope=[50] (in 0.00065 secs)
2025-04-24 19:59:28,522 [DEBUG]  OP: Operation.CREATE_LEAF on slice (14724, 1) (remaining tasks 34)
2025-04-24 19:59:28,523 [DEBUG]  		 created leaf IdentityNumericLeaf for scope=[52] (in 0.00060 secs)
2025-04-24 19:59:28,523 [DEBUG]  OP: Operation.SPLIT_COLUMNS on slice (14724, 2) (remaining tasks 33)
2025-04-24 19:59:28,633 [DEBUG]  		found 1 col clusters (in 0.10988 secs)
2025-04-24 19:59:28,633 [DEBUG]  OP: Operation.CREATE_LEAF on slice (14724, 1) (remaining tasks 33)
2025-04-24 19:59:28,634 [DEBUG]  		 created leaf IdentityNumericLeaf for scope=[54] (in 0.00068 secs)
2025-04-24 19:59:28,634 [DEBUG]  OP: Operation.CREATE_LEAF on slice (14724, 1) (remaining tasks 32)
2025-04-24 19:59:28,635 [DEBUG]  		 created leaf IdentityNumericLeaf for scope=[55] (in 0.00060 secs)
2025-04-24 19:59:28,635 [DEBUG]  OP: Operation.CREATE_LEAF on slice (14724, 1) (remaining tasks 31)
2025-04-24 19:59:28,636 [DEBUG]  		 created leaf IdentityNumericLeaf for scope=[56] (in 0.00056 secs)
2025-04-24 19:59:28,636 [DEBUG]  OP: Operation.CREATE_LEAF on slice (14724, 1) (remaining tasks 30)
2025-04-24 19:59:28,636 [DEBUG]  		 created leaf IdentityNumericLeaf for scope=[57] (in 0.00067 secs)
2025-04-24 19:59:28,637 [DEBUG]  OP: Operation.CREATE_LEAF on slice (14724, 1) (remaining tasks 29)
2025-04-24 19:59:28,637 [DEBUG]  		 created leaf IdentityNumericLeaf for scope=[58] (in 0.00061 secs)
2025-04-24 19:59:28,637 [DEBUG]  OP: Operation.CREATE_LEAF on slice (14724, 1) (remaining tasks 28)
2025-04-24 19:59:28,638 [DEBUG]  		 created leaf IdentityNumericLeaf for scope=[59] (in 0.00057 secs)
2025-04-24 19:59:28,638 [DEBUG]  OP: Operation.CREATE_LEAF on slice (14724, 1) (remaining tasks 27)
2025-04-24 19:59:28,639 [DEBUG]  		 created leaf IdentityNumericLeaf for scope=[61] (in 0.00074 secs)
2025-04-24 19:59:28,639 [DEBUG]  OP: Operation.CREATE_LEAF on slice (14724, 1) (remaining tasks 26)
2025-04-24 19:59:28,640 [DEBUG]  		 created leaf IdentityNumericLeaf for scope=[62] (in 0.00062 secs)
2025-04-24 19:59:28,640 [DEBUG]  OP: Operation.CREATE_LEAF on slice (14724, 1) (remaining tasks 25)
2025-04-24 19:59:28,641 [DEBUG]  		 created leaf IdentityNumericLeaf for scope=[63] (in 0.00062 secs)
2025-04-24 19:59:28,641 [DEBUG]  OP: Operation.CREATE_LEAF on slice (14724, 1) (remaining tasks 24)
2025-04-24 19:59:28,642 [DEBUG]  		 created leaf IdentityNumericLeaf for scope=[65] (in 0.00073 secs)
2025-04-24 19:59:28,642 [DEBUG]  OP: Operation.CREATE_LEAF on slice (14724, 1) (remaining tasks 23)
2025-04-24 19:59:28,643 [DEBUG]  		 created leaf IdentityNumericLeaf for scope=[66] (in 0.00078 secs)
2025-04-24 19:59:28,643 [DEBUG]  OP: Operation.SPLIT_COLUMNS on slice (14724, 2) (remaining tasks 22)
2025-04-24 19:59:28,753 [DEBUG]  		found 1 col clusters (in 0.10983 secs)
2025-04-24 19:59:28,753 [DEBUG]  OP: Operation.CREATE_LEAF on slice (14724, 1) (remaining tasks 22)
2025-04-24 19:59:28,754 [DEBUG]  		 created leaf IdentityNumericLeaf for scope=[69] (in 0.00068 secs)
2025-04-24 19:59:28,754 [DEBUG]  OP: Operation.CREATE_LEAF on slice (14724, 1) (remaining tasks 21)
2025-04-24 19:59:28,755 [DEBUG]  		 created leaf IdentityNumericLeaf for scope=[70] (in 0.00062 secs)
2025-04-24 19:59:28,755 [DEBUG]  OP: Operation.CREATE_LEAF on slice (14724, 1) (remaining tasks 20)
2025-04-24 19:59:28,756 [DEBUG]  		 created leaf IdentityNumericLeaf for scope=[71] (in 0.00056 secs)
2025-04-24 19:59:28,756 [DEBUG]  OP: Operation.CREATE_LEAF on slice (14724, 1) (remaining tasks 19)
2025-04-24 19:59:28,757 [DEBUG]  		 created leaf IdentityNumericLeaf for scope=[73] (in 0.00079 secs)
2025-04-24 19:59:28,757 [DEBUG]  OP: Operation.CREATE_LEAF on slice (14724, 1) (remaining tasks 18)
2025-04-24 19:59:28,757 [DEBUG]  		 created leaf IdentityNumericLeaf for scope=[74] (in 0.00058 secs)
2025-04-24 19:59:28,757 [DEBUG]  OP: Operation.CREATE_LEAF on slice (14724, 1) (remaining tasks 17)
2025-04-24 19:59:28,758 [DEBUG]  		 created leaf IdentityNumericLeaf for scope=[75] (in 0.00059 secs)
2025-04-24 19:59:28,758 [DEBUG]  OP: Operation.CREATE_LEAF on slice (14724, 1) (remaining tasks 16)
2025-04-24 19:59:28,759 [DEBUG]  		 created leaf IdentityNumericLeaf for scope=[76] (in 0.00059 secs)
2025-04-24 19:59:28,759 [DEBUG]  OP: Operation.CREATE_LEAF on slice (14724, 1) (remaining tasks 15)
2025-04-24 19:59:28,760 [DEBUG]  		 created leaf IdentityNumericLeaf for scope=[77] (in 0.00061 secs)
2025-04-24 19:59:28,760 [DEBUG]  OP: Operation.CREATE_LEAF on slice (14724, 1) (remaining tasks 14)
2025-04-24 19:59:28,760 [DEBUG]  		 created leaf IdentityNumericLeaf for scope=[78] (in 0.00055 secs)
2025-04-24 19:59:28,761 [DEBUG]  OP: Operation.CREATE_LEAF on slice (14724, 1) (remaining tasks 13)
2025-04-24 19:59:28,761 [DEBUG]  		 created leaf IdentityNumericLeaf for scope=[81] (in 0.00057 secs)
2025-04-24 19:59:28,761 [DEBUG]  OP: Operation.CREATE_LEAF on slice (14724, 1) (remaining tasks 12)
2025-04-24 19:59:28,762 [DEBUG]  		 created leaf IdentityNumericLeaf for scope=[82] (in 0.00056 secs)
2025-04-24 19:59:28,762 [DEBUG]  OP: Operation.CREATE_LEAF on slice (14724, 1) (remaining tasks 11)
2025-04-24 19:59:28,763 [DEBUG]  		 created leaf IdentityNumericLeaf for scope=[85] (in 0.00058 secs)
2025-04-24 19:59:28,763 [DEBUG]  OP: Operation.CREATE_LEAF on slice (14608, 1) (remaining tasks 10)
2025-04-24 19:59:28,764 [DEBUG]  		 created leaf IdentityNumericLeaf for scope=[85] (in 0.00079 secs)
2025-04-24 19:59:28,771 [DEBUG]  OP: Operation.SPLIT_COLUMNS on slice (14608, 86) (remaining tasks 9)
2025-04-24 20:01:52,844 [DEBUG]  		found 64 col clusters (in 144.07345 secs)
2025-04-24 20:01:52,846 [DEBUG]  OP: Operation.SPLIT_ROWS on slice (14724, 15) (remaining tasks 72)
2025-04-24 20:01:52,984 [DEBUG]  		found 2 row clusters (in 0.13772 secs)
2025-04-24 20:01:52,984 [DEBUG]  OP: Operation.SPLIT_ROWS on slice (14724, 2) (remaining tasks 73)
2025-04-24 20:01:53,023 [DEBUG]  		found 2 row clusters (in 0.03877 secs)
2025-04-24 20:01:53,023 [DEBUG]  OP: Operation.SPLIT_ROWS on slice (14724, 2) (remaining tasks 74)
2025-04-24 20:01:53,061 [DEBUG]  		found 2 row clusters (in 0.03764 secs)
2025-04-24 20:01:53,061 [DEBUG]  OP: Operation.SPLIT_ROWS on slice (14724, 2) (remaining tasks 75)
2025-04-24 20:01:53,099 [DEBUG]  		found 2 row clusters (in 0.03700 secs)
2025-04-24 20:01:53,099 [DEBUG]  OP: Operation.SPLIT_ROWS on slice (14724, 3) (remaining tasks 76)
2025-04-24 20:01:53,139 [DEBUG]  		found 2 row clusters (in 0.03954 secs)
2025-04-24 20:01:53,139 [DEBUG]  OP: Operation.SPLIT_ROWS on slice (14724, 2) (remaining tasks 77)
2025-04-24 20:01:53,177 [DEBUG]  		found 2 row clusters (in 0.03763 secs)
2025-04-24 20:01:53,177 [DEBUG]  OP: Operation.SPLIT_ROWS on slice (14724, 2) (remaining tasks 78)
2025-04-24 20:01:53,214 [DEBUG]  		found 2 row clusters (in 0.03696 secs)
2025-04-24 20:01:53,214 [DEBUG]  OP: Operation.SPLIT_ROWS on slice (14724, 2) (remaining tasks 79)
2025-04-24 20:01:53,253 [DEBUG]  		found 2 row clusters (in 0.03845 secs)
2025-04-24 20:01:53,253 [DEBUG]  OP: Operation.SPLIT_ROWS on slice (14724, 2) (remaining tasks 80)
2025-04-24 20:01:53,291 [DEBUG]  		found 2 row clusters (in 0.03735 secs)
2025-04-24 20:01:53,291 [DEBUG]  OP: Operation.CREATE_LEAF on slice (14608, 1) (remaining tasks 81)
2025-04-24 20:01:53,291 [DEBUG]  		 created leaf IdentityNumericLeaf for scope=[0] (in 0.00045 secs)
2025-04-24 20:01:53,292 [DEBUG]  OP: Operation.SPLIT_COLUMNS on slice (14608, 16) (remaining tasks 80)
2025-04-24 20:01:58,349 [DEBUG]  		found 1 col clusters (in 5.05684 secs)
2025-04-24 20:01:58,350 [DEBUG]  OP: Operation.CREATE_LEAF on slice (14608, 1) (remaining tasks 80)
2025-04-24 20:01:58,351 [DEBUG]  		 created leaf IdentityNumericLeaf for scope=[2] (in 0.00071 secs)
2025-04-24 20:01:58,351 [DEBUG]  OP: Operation.CREATE_LEAF on slice (14608, 1) (remaining tasks 79)
2025-04-24 20:01:58,352 [DEBUG]  		 created leaf IdentityNumericLeaf for scope=[3] (in 0.00061 secs)
2025-04-24 20:01:58,352 [DEBUG]  OP: Operation.SPLIT_COLUMNS on slice (14608, 3) (remaining tasks 78)
2025-04-24 20:01:58,554 [DEBUG]  		found 1 col clusters (in 0.20186 secs)
2025-04-24 20:01:58,555 [DEBUG]  OP: Operation.CREATE_LEAF on slice (14608, 1) (remaining tasks 78)
2025-04-24 20:01:58,556 [DEBUG]  		 created leaf IdentityNumericLeaf for scope=[5] (in 0.00069 secs)
2025-04-24 20:01:58,556 [DEBUG]  OP: Operation.CREATE_LEAF on slice (14608, 1) (remaining tasks 77)
2025-04-24 20:01:58,557 [DEBUG]  		 created leaf IdentityNumericLeaf for scope=[6] (in 0.00060 secs)
2025-04-24 20:01:58,557 [DEBUG]  OP: Operation.CREATE_LEAF on slice (14608, 1) (remaining tasks 76)
2025-04-24 20:01:58,558 [DEBUG]  		 created leaf IdentityNumericLeaf for scope=[7] (in 0.00059 secs)
2025-04-24 20:01:58,558 [DEBUG]  OP: Operation.CREATE_LEAF on slice (14608, 1) (remaining tasks 75)
2025-04-24 20:01:58,559 [DEBUG]  		 created leaf IdentityNumericLeaf for scope=[8] (in 0.00062 secs)
2025-04-24 20:01:58,559 [DEBUG]  OP: Operation.CREATE_LEAF on slice (14608, 1) (remaining tasks 74)
2025-04-24 20:01:58,560 [DEBUG]  		 created leaf IdentityNumericLeaf for scope=[9] (in 0.00061 secs)
2025-04-24 20:01:58,560 [DEBUG]  OP: Operation.CREATE_LEAF on slice (14608, 1) (remaining tasks 73)
2025-04-24 20:01:58,561 [DEBUG]  		 created leaf IdentityNumericLeaf for scope=[10] (in 0.00059 secs)
2025-04-24 20:01:58,561 [DEBUG]  OP: Operation.CREATE_LEAF on slice (14608, 1) (remaining tasks 72)
2025-04-24 20:01:58,562 [DEBUG]  		 created leaf IdentityNumericLeaf for scope=[11] (in 0.00064 secs)
2025-04-24 20:01:58,562 [DEBUG]  OP: Operation.CREATE_LEAF on slice (14608, 1) (remaining tasks 71)
2025-04-24 20:01:58,563 [DEBUG]  		 created leaf IdentityNumericLeaf for scope=[12] (in 0.00081 secs)
2025-04-24 20:01:58,563 [DEBUG]  OP: Operation.CREATE_LEAF on slice (14608, 1) (remaining tasks 70)
2025-04-24 20:01:58,564 [DEBUG]  		 created leaf IdentityNumericLeaf for scope=[13] (in 0.00062 secs)
2025-04-24 20:01:58,564 [DEBUG]  OP: Operation.CREATE_LEAF on slice (14608, 1) (remaining tasks 69)
2025-04-24 20:01:58,565 [DEBUG]  		 created leaf IdentityNumericLeaf for scope=[16] (in 0.00059 secs)
2025-04-24 20:01:58,565 [DEBUG]  OP: Operation.CREATE_LEAF on slice (14608, 1) (remaining tasks 68)
2025-04-24 20:01:58,566 [DEBUG]  		 created leaf IdentityNumericLeaf for scope=[17] (in 0.00060 secs)
2025-04-24 20:01:58,566 [DEBUG]  OP: Operation.CREATE_LEAF on slice (14608, 1) (remaining tasks 67)
2025-04-24 20:01:58,567 [DEBUG]  		 created leaf IdentityNumericLeaf for scope=[18] (in 0.00062 secs)
2025-04-24 20:01:58,567 [DEBUG]  OP: Operation.CREATE_LEAF on slice (14608, 1) (remaining tasks 66)
2025-04-24 20:01:58,568 [DEBUG]  		 created leaf IdentityNumericLeaf for scope=[19] (in 0.00059 secs)
2025-04-24 20:01:58,568 [DEBUG]  OP: Operation.CREATE_LEAF on slice (14608, 1) (remaining tasks 65)
2025-04-24 20:01:58,568 [DEBUG]  		 created leaf IdentityNumericLeaf for scope=[20] (in 0.00058 secs)
2025-04-24 20:01:58,569 [DEBUG]  OP: Operation.CREATE_LEAF on slice (14608, 1) (remaining tasks 64)
2025-04-24 20:01:58,569 [DEBUG]  		 created leaf IdentityNumericLeaf for scope=[21] (in 0.00071 secs)
2025-04-24 20:01:58,570 [DEBUG]  OP: Operation.CREATE_LEAF on slice (14608, 1) (remaining tasks 63)
2025-04-24 20:01:58,570 [DEBUG]  		 created leaf IdentityNumericLeaf for scope=[22] (in 0.00058 secs)
2025-04-24 20:01:58,570 [DEBUG]  OP: Operation.CREATE_LEAF on slice (14608, 1) (remaining tasks 62)
2025-04-24 20:01:58,571 [DEBUG]  		 created leaf IdentityNumericLeaf for scope=[23] (in 0.00076 secs)
2025-04-24 20:01:58,571 [DEBUG]  OP: Operation.CREATE_LEAF on slice (14608, 1) (remaining tasks 61)
2025-04-24 20:01:58,572 [DEBUG]  		 created leaf IdentityNumericLeaf for scope=[24] (in 0.00058 secs)
2025-04-24 20:01:58,572 [DEBUG]  OP: Operation.CREATE_LEAF on slice (14608, 1) (remaining tasks 60)
2025-04-24 20:01:58,573 [DEBUG]  		 created leaf IdentityNumericLeaf for scope=[25] (in 0.00060 secs)
2025-04-24 20:01:58,573 [DEBUG]  OP: Operation.CREATE_LEAF on slice (14608, 1) (remaining tasks 59)
2025-04-24 20:01:58,574 [DEBUG]  		 created leaf IdentityNumericLeaf for scope=[26] (in 0.00060 secs)
2025-04-24 20:01:58,574 [DEBUG]  OP: Operation.CREATE_LEAF on slice (14608, 1) (remaining tasks 58)
2025-04-24 20:01:58,575 [DEBUG]  		 created leaf IdentityNumericLeaf for scope=[30] (in 0.00082 secs)
2025-04-24 20:01:58,575 [DEBUG]  OP: Operation.CREATE_LEAF on slice (14608, 1) (remaining tasks 57)
2025-04-24 20:01:58,576 [DEBUG]  		 created leaf IdentityNumericLeaf for scope=[31] (in 0.00058 secs)
2025-04-24 20:01:58,576 [DEBUG]  OP: Operation.CREATE_LEAF on slice (14608, 1) (remaining tasks 56)
2025-04-24 20:01:58,576 [DEBUG]  		 created leaf IdentityNumericLeaf for scope=[33] (in 0.00058 secs)
2025-04-24 20:01:58,577 [DEBUG]  OP: Operation.CREATE_LEAF on slice (14608, 1) (remaining tasks 55)
2025-04-24 20:01:58,577 [DEBUG]  		 created leaf IdentityNumericLeaf for scope=[34] (in 0.00057 secs)
2025-04-24 20:01:58,577 [DEBUG]  OP: Operation.CREATE_LEAF on slice (14608, 1) (remaining tasks 54)
2025-04-24 20:01:58,578 [DEBUG]  		 created leaf IdentityNumericLeaf for scope=[36] (in 0.00057 secs)
2025-04-24 20:01:58,578 [DEBUG]  OP: Operation.CREATE_LEAF on slice (14608, 1) (remaining tasks 53)
2025-04-24 20:01:58,579 [DEBUG]  		 created leaf IdentityNumericLeaf for scope=[38] (in 0.00060 secs)
2025-04-24 20:01:58,579 [DEBUG]  OP: Operation.SPLIT_COLUMNS on slice (14608, 2) (remaining tasks 52)
2025-04-24 20:01:58,807 [DEBUG]  		found 1 col clusters (in 0.22736 secs)
2025-04-24 20:01:58,808 [DEBUG]  OP: Operation.SPLIT_COLUMNS on slice (14608, 2) (remaining tasks 52)
2025-04-24 20:01:58,920 [DEBUG]  		found 1 col clusters (in 0.11182 secs)
2025-04-24 20:01:58,920 [DEBUG]  OP: Operation.SPLIT_COLUMNS on slice (14608, 2) (remaining tasks 52)
2025-04-24 20:01:59,030 [DEBUG]  		found 1 col clusters (in 0.10975 secs)
2025-04-24 20:01:59,031 [DEBUG]  OP: Operation.CREATE_LEAF on slice (14608, 1) (remaining tasks 52)
2025-04-24 20:01:59,031 [DEBUG]  		 created leaf IdentityNumericLeaf for scope=[44] (in 0.00065 secs)
2025-04-24 20:01:59,031 [DEBUG]  OP: Operation.CREATE_LEAF on slice (14608, 1) (remaining tasks 51)
2025-04-24 20:01:59,032 [DEBUG]  		 created leaf IdentityNumericLeaf for scope=[46] (in 0.00058 secs)
2025-04-24 20:01:59,032 [DEBUG]  OP: Operation.CREATE_LEAF on slice (14608, 1) (remaining tasks 50)
2025-04-24 20:01:59,033 [DEBUG]  		 created leaf IdentityNumericLeaf for scope=[47] (in 0.00058 secs)
2025-04-24 20:01:59,033 [DEBUG]  OP: Operation.CREATE_LEAF on slice (14608, 1) (remaining tasks 49)
2025-04-24 20:01:59,034 [DEBUG]  		 created leaf IdentityNumericLeaf for scope=[48] (in 0.00059 secs)
2025-04-24 20:01:59,034 [DEBUG]  OP: Operation.CREATE_LEAF on slice (14608, 1) (remaining tasks 48)
2025-04-24 20:01:59,034 [DEBUG]  		 created leaf IdentityNumericLeaf for scope=[50] (in 0.00056 secs)
2025-04-24 20:01:59,035 [DEBUG]  OP: Operation.CREATE_LEAF on slice (14608, 1) (remaining tasks 47)
2025-04-24 20:01:59,035 [DEBUG]  		 created leaf IdentityNumericLeaf for scope=[52] (in 0.00057 secs)
2025-04-24 20:01:59,036 [DEBUG]  OP: Operation.SPLIT_COLUMNS on slice (14608, 2) (remaining tasks 46)
2025-04-24 20:01:59,146 [DEBUG]  		found 1 col clusters (in 0.10987 secs)
2025-04-24 20:01:59,146 [DEBUG]  OP: Operation.CREATE_LEAF on slice (14608, 1) (remaining tasks 46)
2025-04-24 20:01:59,147 [DEBUG]  		 created leaf IdentityNumericLeaf for scope=[54] (in 0.00062 secs)
2025-04-24 20:01:59,147 [DEBUG]  OP: Operation.CREATE_LEAF on slice (14608, 1) (remaining tasks 45)
2025-04-24 20:01:59,148 [DEBUG]  		 created leaf IdentityNumericLeaf for scope=[55] (in 0.00060 secs)
2025-04-24 20:01:59,148 [DEBUG]  OP: Operation.CREATE_LEAF on slice (14608, 1) (remaining tasks 44)
2025-04-24 20:01:59,149 [DEBUG]  		 created leaf IdentityNumericLeaf for scope=[56] (in 0.00060 secs)
2025-04-24 20:01:59,149 [DEBUG]  OP: Operation.CREATE_LEAF on slice (14608, 1) (remaining tasks 43)
2025-04-24 20:01:59,150 [DEBUG]  		 created leaf IdentityNumericLeaf for scope=[57] (in 0.00064 secs)
2025-04-24 20:01:59,150 [DEBUG]  OP: Operation.CREATE_LEAF on slice (14608, 1) (remaining tasks 42)
2025-04-24 20:01:59,151 [DEBUG]  		 created leaf IdentityNumericLeaf for scope=[58] (in 0.00062 secs)
2025-04-24 20:01:59,151 [DEBUG]  OP: Operation.CREATE_LEAF on slice (14608, 1) (remaining tasks 41)
2025-04-24 20:01:59,152 [DEBUG]  		 created leaf IdentityNumericLeaf for scope=[59] (in 0.00060 secs)
2025-04-24 20:01:59,152 [DEBUG]  OP: Operation.CREATE_LEAF on slice (14608, 1) (remaining tasks 40)
2025-04-24 20:01:59,153 [DEBUG]  		 created leaf IdentityNumericLeaf for scope=[62] (in 0.00061 secs)
2025-04-24 20:01:59,153 [DEBUG]  OP: Operation.CREATE_LEAF on slice (14608, 1) (remaining tasks 39)
2025-04-24 20:01:59,154 [DEBUG]  		 created leaf IdentityNumericLeaf for scope=[63] (in 0.00070 secs)
2025-04-24 20:01:59,154 [DEBUG]  OP: Operation.CREATE_LEAF on slice (14608, 1) (remaining tasks 38)
2025-04-24 20:01:59,155 [DEBUG]  		 created leaf IdentityNumericLeaf for scope=[65] (in 0.00071 secs)
2025-04-24 20:01:59,156 [DEBUG]  OP: Operation.SPLIT_COLUMNS on slice (14608, 2) (remaining tasks 37)
2025-04-24 20:01:59,266 [DEBUG]  		found 1 col clusters (in 0.10987 secs)
2025-04-24 20:01:59,266 [DEBUG]  OP: Operation.CREATE_LEAF on slice (14608, 1) (remaining tasks 37)
2025-04-24 20:01:59,267 [DEBUG]  		 created leaf IdentityNumericLeaf for scope=[69] (in 0.00079 secs)
2025-04-24 20:01:59,267 [DEBUG]  OP: Operation.CREATE_LEAF on slice (14608, 1) (remaining tasks 36)
2025-04-24 20:01:59,268 [DEBUG]  		 created leaf IdentityNumericLeaf for scope=[70] (in 0.00059 secs)
2025-04-24 20:01:59,268 [DEBUG]  OP: Operation.CREATE_LEAF on slice (14608, 1) (remaining tasks 35)
2025-04-24 20:01:59,268 [DEBUG]  		 created leaf IdentityNumericLeaf for scope=[71] (in 0.00057 secs)
2025-04-24 20:01:59,268 [DEBUG]  OP: Operation.CREATE_LEAF on slice (14608, 1) (remaining tasks 34)
2025-04-24 20:01:59,269 [DEBUG]  		 created leaf IdentityNumericLeaf for scope=[73] (in 0.00072 secs)
2025-04-24 20:01:59,269 [DEBUG]  OP: Operation.CREATE_LEAF on slice (14608, 1) (remaining tasks 33)
2025-04-24 20:01:59,270 [DEBUG]  		 created leaf IdentityNumericLeaf for scope=[74] (in 0.00057 secs)
2025-04-24 20:01:59,270 [DEBUG]  OP: Operation.CREATE_LEAF on slice (14608, 1) (remaining tasks 32)
2025-04-24 20:01:59,271 [DEBUG]  		 created leaf IdentityNumericLeaf for scope=[75] (in 0.00060 secs)
2025-04-24 20:01:59,271 [DEBUG]  OP: Operation.CREATE_LEAF on slice (14608, 1) (remaining tasks 31)
2025-04-24 20:01:59,272 [DEBUG]  		 created leaf IdentityNumericLeaf for scope=[76] (in 0.00056 secs)
2025-04-24 20:01:59,272 [DEBUG]  OP: Operation.CREATE_LEAF on slice (14608, 1) (remaining tasks 30)
2025-04-24 20:01:59,272 [DEBUG]  		 created leaf IdentityNumericLeaf for scope=[77] (in 0.00056 secs)
2025-04-24 20:01:59,272 [DEBUG]  OP: Operation.CREATE_LEAF on slice (14608, 1) (remaining tasks 29)
2025-04-24 20:01:59,273 [DEBUG]  		 created leaf IdentityNumericLeaf for scope=[78] (in 0.00057 secs)
2025-04-24 20:01:59,273 [DEBUG]  OP: Operation.CREATE_LEAF on slice (14608, 1) (remaining tasks 28)
2025-04-24 20:01:59,274 [DEBUG]  		 created leaf IdentityNumericLeaf for scope=[81] (in 0.00062 secs)
2025-04-24 20:01:59,274 [DEBUG]  OP: Operation.CREATE_LEAF on slice (14608, 1) (remaining tasks 27)
2025-04-24 20:01:59,275 [DEBUG]  		 created leaf IdentityNumericLeaf for scope=[82] (in 0.00060 secs)
2025-04-24 20:01:59,275 [DEBUG]  OP: Operation.CREATE_LEAF on slice (14608, 1) (remaining tasks 26)
2025-04-24 20:01:59,276 [DEBUG]  		 created leaf IdentityNumericLeaf for scope=[84] (in 0.00057 secs)
2025-04-24 20:01:59,276 [DEBUG]  OP: Operation.CREATE_LEAF on slice (14608, 1) (remaining tasks 25)
2025-04-24 20:01:59,276 [DEBUG]  		 created leaf IdentityNumericLeaf for scope=[86] (in 0.00056 secs)
2025-04-24 20:01:59,280 [DEBUG]  OP: Operation.REMOVE_UNINFORMATIVE_FEATURES on slice (14563, 15) (remaining tasks 24)
2025-04-24 20:01:59,280 [DEBUG]  OP: Operation.REMOVE_UNINFORMATIVE_FEATURES on slice (161, 15) (remaining tasks 25)
2025-04-24 20:01:59,281 [DEBUG]  OP: Operation.REMOVE_UNINFORMATIVE_FEATURES on slice (1754, 2) (remaining tasks 27)
2025-04-24 20:01:59,283 [DEBUG]  OP: Operation.REMOVE_UNINFORMATIVE_FEATURES on slice (12970, 2) (remaining tasks 28)
2025-04-24 20:01:59,285 [DEBUG]  OP: Operation.SPLIT_COLUMNS on slice (14531, 2) (remaining tasks 29)
2025-04-24 20:01:59,395 [DEBUG]  		found 2 col clusters (in 0.10966 secs)
2025-04-24 20:01:59,395 [DEBUG]  OP: Operation.NAIVE_FACTORIZATION on slice (193, 2) (remaining tasks 30)
2025-04-24 20:01:59,399 [DEBUG]  		naive factorization 2 columns (in 0.00325 secs)
2025-04-24 20:01:59,401 [DEBUG]  OP: Operation.SPLIT_COLUMNS on slice (14639, 2) (remaining tasks 29)
2025-04-24 20:01:59,511 [DEBUG]  		found 2 col clusters (in 0.11010 secs)
2025-04-24 20:01:59,512 [DEBUG]  OP: Operation.NAIVE_FACTORIZATION on slice (85, 2) (remaining tasks 30)
2025-04-24 20:01:59,516 [DEBUG]  		naive factorization 2 columns (in 0.00383 secs)
2025-04-24 20:01:59,517 [DEBUG]  OP: Operation.SPLIT_COLUMNS on slice (13177, 3) (remaining tasks 29)
2025-04-24 20:01:59,630 [DEBUG]  		found 3 col clusters (in 0.11243 secs)
2025-04-24 20:01:59,631 [DEBUG]  OP: Operation.SPLIT_COLUMNS on slice (1547, 3) (remaining tasks 31)
2025-04-24 20:01:59,822 [DEBUG]  		found 3 col clusters (in 0.19140 secs)
2025-04-24 20:01:59,824 [DEBUG]  OP: Operation.SPLIT_COLUMNS on slice (13319, 2) (remaining tasks 33)
2025-04-24 20:02:00,053 [DEBUG]  		found 2 col clusters (in 0.22857 secs)
2025-04-24 20:02:00,054 [DEBUG]  OP: Operation.NAIVE_FACTORIZATION on slice (1405, 2) (remaining tasks 34)
2025-04-24 20:02:00,058 [DEBUG]  		naive factorization 2 columns (in 0.00404 secs)
2025-04-24 20:02:00,061 [DEBUG]  OP: Operation.SPLIT_COLUMNS on slice (14515, 2) (remaining tasks 33)
2025-04-24 20:02:00,172 [DEBUG]  		found 2 col clusters (in 0.11096 secs)
2025-04-24 20:02:00,172 [DEBUG]  OP: Operation.NAIVE_FACTORIZATION on slice (209, 2) (remaining tasks 34)
2025-04-24 20:02:00,176 [DEBUG]  		naive factorization 2 columns (in 0.00348 secs)
2025-04-24 20:02:00,177 [DEBUG]  OP: Operation.SPLIT_COLUMNS on slice (3792, 2) (remaining tasks 33)
2025-04-24 20:02:00,283 [DEBUG]  		found 2 col clusters (in 0.10651 secs)
2025-04-24 20:02:00,285 [DEBUG]  OP: Operation.NAIVE_FACTORIZATION on slice (10932, 2) (remaining tasks 34)
2025-04-24 20:02:00,290 [DEBUG]  		naive factorization 2 columns (in 0.00476 secs)
2025-04-24 20:02:00,291 [DEBUG]  OP: Operation.SPLIT_COLUMNS on slice (14114, 2) (remaining tasks 33)
2025-04-24 20:02:00,401 [DEBUG]  		found 2 col clusters (in 0.10993 secs)
2025-04-24 20:02:00,402 [DEBUG]  OP: Operation.NAIVE_FACTORIZATION on slice (610, 2) (remaining tasks 34)
2025-04-24 20:02:00,405 [DEBUG]  		naive factorization 2 columns (in 0.00332 secs)
2025-04-24 20:02:00,407 [DEBUG]  OP: Operation.SPLIT_ROWS on slice (14608, 16) (remaining tasks 33)
2025-04-24 20:02:00,514 [DEBUG]  		found 2 row clusters (in 0.10721 secs)
2025-04-24 20:02:00,515 [DEBUG]  OP: Operation.SPLIT_ROWS on slice (14608, 3) (remaining tasks 34)
2025-04-24 20:02:00,573 [DEBUG]  		found 2 row clusters (in 0.05787 secs)
2025-04-24 20:02:00,574 [DEBUG]  OP: Operation.SPLIT_ROWS on slice (14608, 2) (remaining tasks 35)
2025-04-24 20:02:00,629 [DEBUG]  		found 2 row clusters (in 0.05510 secs)
2025-04-24 20:02:00,629 [DEBUG]  OP: Operation.SPLIT_ROWS on slice (14608, 2) (remaining tasks 36)
2025-04-24 20:02:00,666 [DEBUG]  		found 2 row clusters (in 0.03686 secs)
2025-04-24 20:02:00,666 [DEBUG]  OP: Operation.SPLIT_ROWS on slice (14608, 2) (remaining tasks 37)
2025-04-24 20:02:00,697 [DEBUG]  		found 2 row clusters (in 0.03068 secs)
2025-04-24 20:02:00,697 [DEBUG]  OP: Operation.SPLIT_ROWS on slice (14608, 2) (remaining tasks 38)
2025-04-24 20:02:00,735 [DEBUG]  		found 2 row clusters (in 0.03784 secs)
2025-04-24 20:02:00,736 [DEBUG]  OP: Operation.SPLIT_ROWS on slice (14608, 2) (remaining tasks 39)
2025-04-24 20:02:00,772 [DEBUG]  		found 2 row clusters (in 0.03620 secs)
2025-04-24 20:02:00,772 [DEBUG]  OP: Operation.CREATE_LEAF on slice (14563, 1) (remaining tasks 40)
2025-04-24 20:02:00,773 [DEBUG]  		 created leaf IdentityNumericLeaf for scope=[41] (in 0.00052 secs)
2025-04-24 20:02:00,774 [DEBUG]  OP: Operation.SPLIT_COLUMNS on slice (14563, 14) (remaining tasks 39)
2025-04-24 20:02:04,721 [DEBUG]  		found 9 col clusters (in 3.94704 secs)
2025-04-24 20:02:04,721 [DEBUG]  OP: Operation.CREATE_LEAF on slice (161, 1) (remaining tasks 47)
2025-04-24 20:02:04,721 [DEBUG]  		 created leaf IdentityNumericLeaf for scope=[1] (in 0.00028 secs)
2025-04-24 20:02:04,722 [DEBUG]  OP: Operation.CREATE_LEAF on slice (161, 1) (remaining tasks 46)
2025-04-24 20:02:04,722 [DEBUG]  		 created leaf IdentityNumericLeaf for scope=[79] (in 0.00022 secs)
2025-04-24 20:02:04,722 [DEBUG]  OP: Operation.NAIVE_FACTORIZATION on slice (161, 13) (remaining tasks 45)
2025-04-24 20:02:04,732 [DEBUG]  		naive factorization 13 columns (in 0.00999 secs)
2025-04-24 20:02:04,733 [DEBUG]  OP: Operation.CREATE_LEAF on slice (1754, 1) (remaining tasks 44)
2025-04-24 20:02:04,733 [DEBUG]  		 created leaf IdentityNumericLeaf for scope=[20] (in 0.00029 secs)
2025-04-24 20:02:04,733 [DEBUG]  OP: Operation.CREATE_LEAF on slice (1754, 1) (remaining tasks 43)
2025-04-24 20:02:04,734 [DEBUG]  		 created leaf IdentityNumericLeaf for scope=[2] (in 0.00026 secs)
2025-04-24 20:02:04,734 [DEBUG]  OP: Operation.CREATE_LEAF on slice (12970, 1) (remaining tasks 42)
2025-04-24 20:02:04,735 [DEBUG]  		 created leaf IdentityNumericLeaf for scope=[20] (in 0.00058 secs)
2025-04-24 20:02:04,735 [DEBUG]  OP: Operation.CREATE_LEAF on slice (12970, 1) (remaining tasks 41)
2025-04-24 20:02:04,736 [DEBUG]  		 created leaf IdentityNumericLeaf for scope=[2] (in 0.00052 secs)
2025-04-24 20:02:04,736 [DEBUG]  OP: Operation.CREATE_LEAF on slice (14531, 1) (remaining tasks 40)
2025-04-24 20:02:04,737 [DEBUG]  		 created leaf IdentityNumericLeaf for scope=[3] (in 0.00059 secs)
2025-04-24 20:02:04,737 [DEBUG]  OP: Operation.CREATE_LEAF on slice (14531, 1) (remaining tasks 39)
2025-04-24 20:02:04,737 [DEBUG]  		 created leaf IdentityNumericLeaf for scope=[28] (in 0.00058 secs)
2025-04-24 20:02:04,738 [DEBUG]  OP: Operation.CREATE_LEAF on slice (14639, 1) (remaining tasks 38)
2025-04-24 20:02:04,738 [DEBUG]  		 created leaf IdentityNumericLeaf for scope=[4] (in 0.00056 secs)
2025-04-24 20:02:04,739 [DEBUG]  OP: Operation.CREATE_LEAF on slice (14639, 1) (remaining tasks 37)
2025-04-24 20:02:04,739 [DEBUG]  		 created leaf IdentityNumericLeaf for scope=[35] (in 0.00058 secs)
2025-04-24 20:02:04,740 [DEBUG]  OP: Operation.CREATE_LEAF on slice (13177, 1) (remaining tasks 36)
2025-04-24 20:02:04,740 [DEBUG]  		 created leaf IdentityNumericLeaf for scope=[6] (in 0.00056 secs)
2025-04-24 20:02:04,741 [DEBUG]  OP: Operation.CREATE_LEAF on slice (13177, 1) (remaining tasks 35)
2025-04-24 20:02:04,741 [DEBUG]  		 created leaf IdentityNumericLeaf for scope=[44] (in 0.00056 secs)
2025-04-24 20:02:04,742 [DEBUG]  OP: Operation.CREATE_LEAF on slice (13177, 1) (remaining tasks 34)
2025-04-24 20:02:04,742 [DEBUG]  		 created leaf IdentityNumericLeaf for scope=[84] (in 0.00056 secs)
2025-04-24 20:02:04,743 [DEBUG]  OP: Operation.CREATE_LEAF on slice (1547, 1) (remaining tasks 33)
2025-04-24 20:02:04,743 [DEBUG]  		 created leaf IdentityNumericLeaf for scope=[6] (in 0.00025 secs)
2025-04-24 20:02:04,743 [DEBUG]  OP: Operation.CREATE_LEAF on slice (1547, 1) (remaining tasks 32)
2025-04-24 20:02:04,744 [DEBUG]  		 created leaf IdentityNumericLeaf for scope=[44] (in 0.00025 secs)
2025-04-24 20:02:04,744 [DEBUG]  OP: Operation.CREATE_LEAF on slice (1547, 1) (remaining tasks 31)
2025-04-24 20:02:04,744 [DEBUG]  		 created leaf IdentityNumericLeaf for scope=[84] (in 0.00025 secs)
2025-04-24 20:02:04,745 [DEBUG]  OP: Operation.CREATE_LEAF on slice (13319, 1) (remaining tasks 30)
2025-04-24 20:02:04,745 [DEBUG]  		 created leaf IdentityNumericLeaf for scope=[39] (in 0.00057 secs)
2025-04-24 20:02:04,746 [DEBUG]  OP: Operation.CREATE_LEAF on slice (13319, 1) (remaining tasks 29)
2025-04-24 20:02:04,746 [DEBUG]  		 created leaf IdentityNumericLeaf for scope=[86] (in 0.00056 secs)
2025-04-24 20:02:04,746 [DEBUG]  OP: Operation.CREATE_LEAF on slice (14515, 1) (remaining tasks 28)
2025-04-24 20:02:04,747 [DEBUG]  		 created leaf IdentityNumericLeaf for scope=[43] (in 0.00058 secs)
2025-04-24 20:02:04,747 [DEBUG]  OP: Operation.CREATE_LEAF on slice (14515, 1) (remaining tasks 27)
2025-04-24 20:02:04,748 [DEBUG]  		 created leaf IdentityNumericLeaf for scope=[64] (in 0.00058 secs)
2025-04-24 20:02:04,748 [DEBUG]  OP: Operation.CREATE_LEAF on slice (3792, 1) (remaining tasks 26)
2025-04-24 20:02:04,749 [DEBUG]  		 created leaf IdentityNumericLeaf for scope=[53] (in 0.00033 secs)
2025-04-24 20:02:04,750 [DEBUG]  OP: Operation.CREATE_LEAF on slice (3792, 1) (remaining tasks 25)
2025-04-24 20:02:04,750 [DEBUG]  		 created leaf IdentityNumericLeaf for scope=[67] (in 0.00029 secs)
2025-04-24 20:02:04,751 [DEBUG]  OP: Operation.CREATE_LEAF on slice (14114, 1) (remaining tasks 24)
2025-04-24 20:02:04,752 [DEBUG]  		 created leaf IdentityNumericLeaf for scope=[68] (in 0.00053 secs)
2025-04-24 20:02:04,752 [DEBUG]  OP: Operation.CREATE_LEAF on slice (14114, 1) (remaining tasks 23)
2025-04-24 20:02:04,753 [DEBUG]  		 created leaf IdentityNumericLeaf for scope=[72] (in 0.00050 secs)
2025-04-24 20:02:04,757 [DEBUG]  OP: Operation.REMOVE_UNINFORMATIVE_FEATURES on slice (13855, 16) (remaining tasks 22)
2025-04-24 20:02:04,757 [DEBUG]  OP: Operation.REMOVE_UNINFORMATIVE_FEATURES on slice (753, 16) (remaining tasks 30)
2025-04-24 20:02:04,759 [DEBUG]  OP: Operation.SPLIT_COLUMNS on slice (14555, 3) (remaining tasks 33)
2025-04-24 20:02:04,910 [DEBUG]  		found 3 col clusters (in 0.15034 secs)
2025-04-24 20:02:04,910 [DEBUG]  OP: Operation.REMOVE_UNINFORMATIVE_FEATURES on slice (53, 3) (remaining tasks 35)
2025-04-24 20:02:04,911 [DEBUG]  OP: Operation.REMOVE_UNINFORMATIVE_FEATURES on slice (6215, 2) (remaining tasks 36)
2025-04-24 20:02:04,913 [DEBUG]  OP: Operation.REMOVE_UNINFORMATIVE_FEATURES on slice (8393, 2) (remaining tasks 37)
2025-04-24 20:02:04,915 [DEBUG]  OP: Operation.REMOVE_UNINFORMATIVE_FEATURES on slice (14082, 2) (remaining tasks 38)
2025-04-24 20:02:04,915 [DEBUG]  OP: Operation.REMOVE_UNINFORMATIVE_FEATURES on slice (526, 2) (remaining tasks 39)
2025-04-24 20:02:04,918 [DEBUG]  OP: Operation.SPLIT_COLUMNS on slice (14432, 2) (remaining tasks 40)
2025-04-24 20:02:05,146 [DEBUG]  		found 2 col clusters (in 0.22816 secs)
2025-04-24 20:02:05,146 [DEBUG]  OP: Operation.NAIVE_FACTORIZATION on slice (176, 2) (remaining tasks 41)
2025-04-24 20:02:05,150 [DEBUG]  		naive factorization 2 columns (in 0.00319 secs)
2025-04-24 20:02:05,150 [DEBUG]  OP: Operation.SPLIT_COLUMNS on slice (2513, 2) (remaining tasks 40)
2025-04-24 20:02:05,257 [DEBUG]  		found 2 col clusters (in 0.10654 secs)
2025-04-24 20:02:05,259 [DEBUG]  OP: Operation.NAIVE_FACTORIZATION on slice (12095, 2) (remaining tasks 41)
2025-04-24 20:02:05,264 [DEBUG]  		naive factorization 2 columns (in 0.00498 secs)
2025-04-24 20:02:05,268 [DEBUG]  OP: Operation.REMOVE_UNINFORMATIVE_FEATURES on slice (14198, 2) (remaining tasks 40)
2025-04-24 20:02:05,268 [DEBUG]  OP: Operation.REMOVE_UNINFORMATIVE_FEATURES on slice (410, 2) (remaining tasks 41)
2025-04-24 20:02:05,269 [DEBUG]  OP: Operation.SPLIT_COLUMNS on slice (14563, 6) (remaining tasks 42)
2025-04-24 20:02:06,270 [DEBUG]  		found 1 col clusters (in 1.00113 secs)
2025-04-24 20:02:06,271 [DEBUG]  OP: Operation.CREATE_LEAF on slice (14563, 1) (remaining tasks 42)
2025-04-24 20:02:06,271 [DEBUG]  		 created leaf IdentityNumericLeaf for scope=[14] (in 0.00055 secs)
2025-04-24 20:02:06,272 [DEBUG]  OP: Operation.CREATE_LEAF on slice (14563, 1) (remaining tasks 41)
2025-04-24 20:02:06,273 [DEBUG]  		 created leaf IdentityNumericLeaf for scope=[15] (in 0.00056 secs)
2025-04-24 20:02:06,273 [DEBUG]  OP: Operation.CREATE_LEAF on slice (14563, 1) (remaining tasks 40)
2025-04-24 20:02:06,273 [DEBUG]  		 created leaf IdentityNumericLeaf for scope=[32] (in 0.00057 secs)
2025-04-24 20:02:06,274 [DEBUG]  OP: Operation.CREATE_LEAF on slice (14563, 1) (remaining tasks 39)
2025-04-24 20:02:06,274 [DEBUG]  		 created leaf IdentityNumericLeaf for scope=[45] (in 0.00059 secs)
2025-04-24 20:02:06,275 [DEBUG]  OP: Operation.CREATE_LEAF on slice (14563, 1) (remaining tasks 38)
2025-04-24 20:02:06,275 [DEBUG]  		 created leaf IdentityNumericLeaf for scope=[49] (in 0.00055 secs)
2025-04-24 20:02:06,276 [DEBUG]  OP: Operation.CREATE_LEAF on slice (14563, 1) (remaining tasks 37)
2025-04-24 20:02:06,276 [DEBUG]  		 created leaf IdentityNumericLeaf for scope=[51] (in 0.00056 secs)
2025-04-24 20:02:06,277 [DEBUG]  OP: Operation.CREATE_LEAF on slice (14563, 1) (remaining tasks 36)
2025-04-24 20:02:06,277 [DEBUG]  		 created leaf IdentityNumericLeaf for scope=[60] (in 0.00055 secs)
2025-04-24 20:02:06,278 [DEBUG]  OP: Operation.CREATE_LEAF on slice (14563, 1) (remaining tasks 35)
2025-04-24 20:02:06,278 [DEBUG]  		 created leaf IdentityNumericLeaf for scope=[83] (in 0.00059 secs)
2025-04-24 20:02:06,278 [DEBUG]  OP: Operation.CREATE_LEAF on slice (13855, 1) (remaining tasks 34)
2025-04-24 20:02:06,279 [DEBUG]  		 created leaf IdentityNumericLeaf for scope=[15] (in 0.00078 secs)
2025-04-24 20:02:06,279 [DEBUG]  OP: Operation.CREATE_LEAF on slice (13855, 1) (remaining tasks 33)
2025-04-24 20:02:06,280 [DEBUG]  		 created leaf IdentityNumericLeaf for scope=[27] (in 0.00060 secs)
2025-04-24 20:02:06,280 [DEBUG]  OP: Operation.CREATE_LEAF on slice (13855, 1) (remaining tasks 32)
2025-04-24 20:02:06,281 [DEBUG]  		 created leaf IdentityNumericLeaf for scope=[32] (in 0.00061 secs)
2025-04-24 20:02:06,281 [DEBUG]  OP: Operation.CREATE_LEAF on slice (13855, 1) (remaining tasks 31)
2025-04-24 20:02:06,282 [DEBUG]  		 created leaf IdentityNumericLeaf for scope=[37] (in 0.00061 secs)
2025-04-24 20:02:06,282 [DEBUG]  OP: Operation.CREATE_LEAF on slice (13855, 1) (remaining tasks 30)
2025-04-24 20:02:06,283 [DEBUG]  		 created leaf IdentityNumericLeaf for scope=[45] (in 0.00074 secs)
2025-04-24 20:02:06,283 [DEBUG]  OP: Operation.CREATE_LEAF on slice (13855, 1) (remaining tasks 29)
2025-04-24 20:02:06,284 [DEBUG]  		 created leaf IdentityNumericLeaf for scope=[49] (in 0.00060 secs)
2025-04-24 20:02:06,284 [DEBUG]  OP: Operation.CREATE_LEAF on slice (13855, 1) (remaining tasks 28)
2025-04-24 20:02:06,284 [DEBUG]  		 created leaf IdentityNumericLeaf for scope=[51] (in 0.00061 secs)
2025-04-24 20:02:06,285 [DEBUG]  OP: Operation.CREATE_LEAF on slice (13855, 1) (remaining tasks 27)
2025-04-24 20:02:06,285 [DEBUG]  		 created leaf IdentityNumericLeaf for scope=[60] (in 0.00061 secs)
2025-04-24 20:02:06,286 [DEBUG]  OP: Operation.SPLIT_COLUMNS on slice (13855, 8) (remaining tasks 26)
2025-04-24 20:02:07,582 [DEBUG]  		found 7 col clusters (in 1.29576 secs)
2025-04-24 20:02:07,582 [DEBUG]  OP: Operation.CREATE_LEAF on slice (753, 1) (remaining tasks 32)
2025-04-24 20:02:07,583 [DEBUG]  		 created leaf IdentityNumericLeaf for scope=[1] (in 0.00033 secs)
2025-04-24 20:02:07,583 [DEBUG]  OP: Operation.CREATE_LEAF on slice (753, 1) (remaining tasks 31)
2025-04-24 20:02:07,584 [DEBUG]  		 created leaf IdentityNumericLeaf for scope=[29] (in 0.00026 secs)
2025-04-24 20:02:07,584 [DEBUG]  OP: Operation.CREATE_LEAF on slice (753, 1) (remaining tasks 30)
2025-04-24 20:02:07,584 [DEBUG]  		 created leaf IdentityNumericLeaf for scope=[79] (in 0.00025 secs)
2025-04-24 20:02:07,585 [DEBUG]  OP: Operation.SPLIT_COLUMNS on slice (753, 13) (remaining tasks 29)
2025-04-24 20:02:12,245 [DEBUG]  		found 5 col clusters (in 4.65971 secs)
2025-04-24 20:02:12,245 [DEBUG]  OP: Operation.CREATE_LEAF on slice (14555, 1) (remaining tasks 33)
2025-04-24 20:02:12,246 [DEBUG]  		 created leaf IdentityNumericLeaf for scope=[4] (in 0.00062 secs)
2025-04-24 20:02:12,246 [DEBUG]  OP: Operation.CREATE_LEAF on slice (14555, 1) (remaining tasks 32)
2025-04-24 20:02:12,247 [DEBUG]  		 created leaf IdentityNumericLeaf for scope=[28] (in 0.00060 secs)
2025-04-24 20:02:12,247 [DEBUG]  OP: Operation.CREATE_LEAF on slice (14555, 1) (remaining tasks 31)
2025-04-24 20:02:12,247 [DEBUG]  		 created leaf IdentityNumericLeaf for scope=[35] (in 0.00057 secs)
2025-04-24 20:02:12,247 [DEBUG]  OP: Operation.CREATE_LEAF on slice (53, 1) (remaining tasks 30)
2025-04-24 20:02:12,248 [DEBUG]  		 created leaf IdentityNumericLeaf for scope=[4] (in 0.00021 secs)
2025-04-24 20:02:12,248 [DEBUG]  OP: Operation.NAIVE_FACTORIZATION on slice (53, 2) (remaining tasks 29)
2025-04-24 20:02:12,250 [DEBUG]  		naive factorization 2 columns (in 0.00229 secs)
2025-04-24 20:02:12,251 [DEBUG]  OP: Operation.CREATE_LEAF on slice (6215, 1) (remaining tasks 28)
2025-04-24 20:02:12,251 [DEBUG]  		 created leaf IdentityNumericLeaf for scope=[66] (in 0.00029 secs)
2025-04-24 20:02:12,251 [DEBUG]  OP: Operation.CREATE_LEAF on slice (6215, 1) (remaining tasks 27)
2025-04-24 20:02:12,251 [DEBUG]  		 created leaf IdentityNumericLeaf for scope=[39] (in 0.00033 secs)
2025-04-24 20:02:12,251 [DEBUG]  OP: Operation.CREATE_LEAF on slice (8393, 1) (remaining tasks 26)
2025-04-24 20:02:12,252 [DEBUG]  		 created leaf IdentityNumericLeaf for scope=[66] (in 0.00029 secs)
2025-04-24 20:02:12,252 [DEBUG]  OP: Operation.CREATE_LEAF on slice (8393, 1) (remaining tasks 25)
2025-04-24 20:02:12,252 [DEBUG]  		 created leaf IdentityNumericLeaf for scope=[39] (in 0.00030 secs)
2025-04-24 20:02:12,252 [DEBUG]  OP: Operation.CREATE_LEAF on slice (14082, 1) (remaining tasks 24)
2025-04-24 20:02:12,253 [DEBUG]  		 created leaf IdentityNumericLeaf for scope=[61] (in 0.00039 secs)
2025-04-24 20:02:12,253 [DEBUG]  OP: Operation.CREATE_LEAF on slice (14082, 1) (remaining tasks 23)
2025-04-24 20:02:12,253 [DEBUG]  		 created leaf IdentityNumericLeaf for scope=[40] (in 0.00039 secs)
2025-04-24 20:02:12,253 [DEBUG]  OP: Operation.CREATE_LEAF on slice (526, 1) (remaining tasks 22)
2025-04-24 20:02:12,254 [DEBUG]  		 created leaf IdentityNumericLeaf for scope=[61] (in 0.00017 secs)
2025-04-24 20:02:12,254 [DEBUG]  OP: Operation.CREATE_LEAF on slice (526, 1) (remaining tasks 21)
2025-04-24 20:02:12,254 [DEBUG]  		 created leaf IdentityNumericLeaf for scope=[40] (in 0.00017 secs)
2025-04-24 20:02:12,254 [DEBUG]  OP: Operation.CREATE_LEAF on slice (14432, 1) (remaining tasks 20)
2025-04-24 20:02:12,255 [DEBUG]  		 created leaf IdentityNumericLeaf for scope=[43] (in 0.00038 secs)
2025-04-24 20:02:12,255 [DEBUG]  OP: Operation.CREATE_LEAF on slice (14432, 1) (remaining tasks 19)
2025-04-24 20:02:12,255 [DEBUG]  		 created leaf IdentityNumericLeaf for scope=[64] (in 0.00038 secs)
2025-04-24 20:02:12,255 [DEBUG]  OP: Operation.CREATE_LEAF on slice (2513, 1) (remaining tasks 18)
2025-04-24 20:02:12,255 [DEBUG]  		 created leaf IdentityNumericLeaf for scope=[53] (in 0.00021 secs)
2025-04-24 20:02:12,256 [DEBUG]  OP: Operation.CREATE_LEAF on slice (2513, 1) (remaining tasks 17)
2025-04-24 20:02:12,256 [DEBUG]  		 created leaf IdentityNumericLeaf for scope=[67] (in 0.00022 secs)
2025-04-24 20:02:12,256 [DEBUG]  OP: Operation.CREATE_LEAF on slice (14198, 1) (remaining tasks 16)
2025-04-24 20:02:12,256 [DEBUG]  		 created leaf IdentityNumericLeaf for scope=[68] (in 0.00036 secs)
2025-04-24 20:02:12,256 [DEBUG]  OP: Operation.CREATE_LEAF on slice (14198, 1) (remaining tasks 15)
2025-04-24 20:02:12,257 [DEBUG]  		 created leaf IdentityNumericLeaf for scope=[72] (in 0.00035 secs)
2025-04-24 20:02:12,257 [DEBUG]  OP: Operation.CREATE_LEAF on slice (410, 1) (remaining tasks 14)
2025-04-24 20:02:12,257 [DEBUG]  		 created leaf IdentityNumericLeaf for scope=[68] (in 0.00016 secs)
2025-04-24 20:02:12,257 [DEBUG]  OP: Operation.CREATE_LEAF on slice (410, 1) (remaining tasks 13)
2025-04-24 20:02:12,257 [DEBUG]  		 created leaf IdentityNumericLeaf for scope=[72] (in 0.00015 secs)
2025-04-24 20:02:12,258 [DEBUG]  OP: Operation.SPLIT_ROWS on slice (14563, 6) (remaining tasks 12)
2025-04-24 20:02:12,323 [DEBUG]  		found 2 row clusters (in 0.06492 secs)
2025-04-24 20:02:12,323 [DEBUG]  OP: Operation.CREATE_LEAF on slice (13855, 1) (remaining tasks 13)
2025-04-24 20:02:12,324 [DEBUG]  		 created leaf IdentityNumericLeaf for scope=[1] (in 0.00053 secs)
2025-04-24 20:02:12,324 [DEBUG]  OP: Operation.CREATE_LEAF on slice (13855, 1) (remaining tasks 12)
2025-04-24 20:02:12,324 [DEBUG]  		 created leaf IdentityNumericLeaf for scope=[14] (in 0.00056 secs)
2025-04-24 20:02:12,325 [DEBUG]  OP: Operation.CREATE_LEAF on slice (13855, 1) (remaining tasks 11)
2025-04-24 20:02:12,325 [DEBUG]  		 created leaf IdentityNumericLeaf for scope=[29] (in 0.00055 secs)
2025-04-24 20:02:12,325 [DEBUG]  OP: Operation.CREATE_LEAF on slice (13855, 1) (remaining tasks 10)
2025-04-24 20:02:12,326 [DEBUG]  		 created leaf IdentityNumericLeaf for scope=[41] (in 0.00052 secs)
2025-04-24 20:02:12,326 [DEBUG]  OP: Operation.SPLIT_COLUMNS on slice (13855, 2) (remaining tasks 9)
2025-04-24 20:02:12,437 [DEBUG]  		found 1 col clusters (in 0.11038 secs)
2025-04-24 20:02:12,437 [DEBUG]  OP: Operation.CREATE_LEAF on slice (13855, 1) (remaining tasks 9)
2025-04-24 20:02:12,438 [DEBUG]  		 created leaf IdentityNumericLeaf for scope=[79] (in 0.00060 secs)
2025-04-24 20:02:12,438 [DEBUG]  OP: Operation.CREATE_LEAF on slice (13855, 1) (remaining tasks 8)
2025-04-24 20:02:12,439 [DEBUG]  		 created leaf IdentityNumericLeaf for scope=[83] (in 0.00055 secs)
2025-04-24 20:02:12,439 [DEBUG]  OP: Operation.SPLIT_COLUMNS on slice (753, 4) (remaining tasks 7)
2025-04-24 20:02:12,546 [DEBUG]  		found 1 col clusters (in 0.10638 secs)
2025-04-24 20:02:12,546 [DEBUG]  OP: Operation.SPLIT_COLUMNS on slice (753, 5) (remaining tasks 7)
2025-04-24 20:02:12,860 [DEBUG]  		found 1 col clusters (in 0.31325 secs)
2025-04-24 20:02:12,860 [DEBUG]  OP: Operation.CREATE_LEAF on slice (753, 1) (remaining tasks 7)
2025-04-24 20:02:12,860 [DEBUG]  		 created leaf IdentityNumericLeaf for scope=[27] (in 0.00026 secs)
2025-04-24 20:02:12,860 [DEBUG]  OP: Operation.CREATE_LEAF on slice (753, 1) (remaining tasks 6)
2025-04-24 20:02:12,860 [DEBUG]  		 created leaf IdentityNumericLeaf for scope=[37] (in 0.00021 secs)
2025-04-24 20:02:12,861 [DEBUG]  OP: Operation.SPLIT_COLUMNS on slice (753, 2) (remaining tasks 5)
2025-04-24 20:02:13,063 [DEBUG]  		found 1 col clusters (in 0.20203 secs)
2025-04-24 20:02:13,066 [DEBUG]  OP: Operation.REMOVE_UNINFORMATIVE_FEATURES on slice (14497, 6) (remaining tasks 5)
2025-04-24 20:02:13,067 [DEBUG]  OP: Operation.REMOVE_UNINFORMATIVE_FEATURES on slice (66, 6) (remaining tasks 6)
2025-04-24 20:02:13,068 [DEBUG]  OP: Operation.SPLIT_ROWS on slice (13855, 2) (remaining tasks 8)
2025-04-24 20:02:13,111 [DEBUG]  		found 2 row clusters (in 0.04306 secs)
2025-04-24 20:02:13,111 [DEBUG]  OP: Operation.SPLIT_ROWS on slice (753, 4) (remaining tasks 9)
2025-04-24 20:02:13,130 [DEBUG]  		found 2 row clusters (in 0.01832 secs)
2025-04-24 20:02:13,130 [DEBUG]  OP: Operation.SPLIT_ROWS on slice (753, 5) (remaining tasks 10)
2025-04-24 20:02:13,149 [DEBUG]  		found 2 row clusters (in 0.01903 secs)
2025-04-24 20:02:13,149 [DEBUG]  OP: Operation.SPLIT_ROWS on slice (753, 2) (remaining tasks 11)
2025-04-24 20:02:13,165 [DEBUG]  		found 2 row clusters (in 0.01521 secs)
2025-04-24 20:02:13,165 [DEBUG]  OP: Operation.CREATE_LEAF on slice (14497, 1) (remaining tasks 12)
2025-04-24 20:02:13,166 [DEBUG]  		 created leaf IdentityNumericLeaf for scope=[27] (in 0.00055 secs)
2025-04-24 20:02:13,166 [DEBUG]  OP: Operation.SPLIT_COLUMNS on slice (14497, 5) (remaining tasks 11)
2025-04-24 20:02:13,525 [DEBUG]  		found 4 col clusters (in 0.35839 secs)
2025-04-24 20:02:13,525 [DEBUG]  OP: Operation.CREATE_LEAF on slice (66, 1) (remaining tasks 14)
2025-04-24 20:02:13,526 [DEBUG]  		 created leaf IdentityNumericLeaf for scope=[42] (in 0.00028 secs)
2025-04-24 20:02:13,526 [DEBUG]  OP: Operation.CREATE_LEAF on slice (66, 1) (remaining tasks 13)
2025-04-24 20:02:13,526 [DEBUG]  		 created leaf IdentityNumericLeaf for scope=[80] (in 0.00025 secs)
2025-04-24 20:02:13,527 [DEBUG]  OP: Operation.NAIVE_FACTORIZATION on slice (66, 4) (remaining tasks 12)
2025-04-24 20:02:13,531 [DEBUG]  		naive factorization 4 columns (in 0.00381 secs)
2025-04-24 20:02:13,533 [DEBUG]  OP: Operation.REMOVE_UNINFORMATIVE_FEATURES on slice (13839, 2) (remaining tasks 11)
2025-04-24 20:02:13,533 [DEBUG]  OP: Operation.NAIVE_FACTORIZATION on slice (16, 2) (remaining tasks 12)
2025-04-24 20:02:13,535 [DEBUG]  		naive factorization 2 columns (in 0.00231 secs)
2025-04-24 20:02:13,536 [DEBUG]  OP: Operation.REMOVE_UNINFORMATIVE_FEATURES on slice (250, 4) (remaining tasks 11)
2025-04-24 20:02:13,536 [DEBUG]  OP: Operation.REMOVE_UNINFORMATIVE_FEATURES on slice (503, 4) (remaining tasks 14)
2025-04-24 20:02:13,537 [DEBUG]  OP: Operation.REMOVE_UNINFORMATIVE_FEATURES on slice (391, 5) (remaining tasks 17)
2025-04-24 20:02:13,537 [DEBUG]  OP: Operation.REMOVE_UNINFORMATIVE_FEATURES on slice (362, 5) (remaining tasks 21)
2025-04-24 20:02:13,538 [DEBUG]  OP: Operation.NAIVE_FACTORIZATION on slice (752, 2) (remaining tasks 24)
2025-04-24 20:02:13,539 [DEBUG]  		naive factorization 2 columns (in 0.00165 secs)
2025-04-24 20:02:13,540 [DEBUG]  OP: Operation.NAIVE_FACTORIZATION on slice (1, 2) (remaining tasks 23)
2025-04-24 20:02:13,542 [DEBUG]  		naive factorization 2 columns (in 0.00158 secs)
2025-04-24 20:02:13,542 [DEBUG]  OP: Operation.CREATE_LEAF on slice (14497, 1) (remaining tasks 22)
2025-04-24 20:02:13,543 [DEBUG]  		 created leaf IdentityNumericLeaf for scope=[1] (in 0.00063 secs)
2025-04-24 20:02:13,543 [DEBUG]  OP: Operation.CREATE_LEAF on slice (14497, 1) (remaining tasks 21)
2025-04-24 20:02:13,544 [DEBUG]  		 created leaf IdentityNumericLeaf for scope=[37] (in 0.00056 secs)
2025-04-24 20:02:13,544 [DEBUG]  OP: Operation.SPLIT_COLUMNS on slice (14497, 2) (remaining tasks 20)
2025-04-24 20:02:13,803 [DEBUG]  		found 1 col clusters (in 0.25879 secs)
2025-04-24 20:02:13,804 [DEBUG]  OP: Operation.CREATE_LEAF on slice (14497, 1) (remaining tasks 20)
2025-04-24 20:02:13,805 [DEBUG]  		 created leaf IdentityNumericLeaf for scope=[79] (in 0.00086 secs)
2025-04-24 20:02:13,805 [DEBUG]  OP: Operation.CREATE_LEAF on slice (13839, 1) (remaining tasks 19)
2025-04-24 20:02:13,806 [DEBUG]  		 created leaf IdentityNumericLeaf for scope=[42] (in 0.00083 secs)
2025-04-24 20:02:13,806 [DEBUG]  OP: Operation.CREATE_LEAF on slice (13839, 1) (remaining tasks 18)
2025-04-24 20:02:13,807 [DEBUG]  		 created leaf IdentityNumericLeaf for scope=[80] (in 0.00084 secs)
2025-04-24 20:02:13,807 [DEBUG]  OP: Operation.CREATE_LEAF on slice (250, 1) (remaining tasks 17)
2025-04-24 20:02:13,808 [DEBUG]  		 created leaf IdentityNumericLeaf for scope=[14] (in 0.00032 secs)
2025-04-24 20:02:13,808 [DEBUG]  OP: Operation.CREATE_LEAF on slice (250, 1) (remaining tasks 16)
2025-04-24 20:02:13,808 [DEBUG]  		 created leaf IdentityNumericLeaf for scope=[45] (in 0.00030 secs)
2025-04-24 20:02:13,808 [DEBUG]  OP: Operation.CREATE_LEAF on slice (250, 1) (remaining tasks 15)
2025-04-24 20:02:13,809 [DEBUG]  		 created leaf IdentityNumericLeaf for scope=[83] (in 0.00030 secs)
2025-04-24 20:02:13,809 [DEBUG]  OP: Operation.CREATE_LEAF on slice (250, 1) (remaining tasks 14)
2025-04-24 20:02:13,809 [DEBUG]  		 created leaf IdentityNumericLeaf for scope=[41] (in 0.00030 secs)
2025-04-24 20:02:13,810 [DEBUG]  OP: Operation.CREATE_LEAF on slice (503, 1) (remaining tasks 13)
2025-04-24 20:02:13,810 [DEBUG]  		 created leaf IdentityNumericLeaf for scope=[14] (in 0.00042 secs)
2025-04-24 20:02:13,810 [DEBUG]  OP: Operation.CREATE_LEAF on slice (503, 1) (remaining tasks 12)
2025-04-24 20:02:13,811 [DEBUG]  		 created leaf IdentityNumericLeaf for scope=[45] (in 0.00035 secs)
2025-04-24 20:02:13,811 [DEBUG]  OP: Operation.CREATE_LEAF on slice (503, 1) (remaining tasks 11)
2025-04-24 20:02:13,811 [DEBUG]  		 created leaf IdentityNumericLeaf for scope=[83] (in 0.00030 secs)
2025-04-24 20:02:13,811 [DEBUG]  OP: Operation.CREATE_LEAF on slice (503, 1) (remaining tasks 10)
2025-04-24 20:02:13,812 [DEBUG]  		 created leaf IdentityNumericLeaf for scope=[41] (in 0.00028 secs)
2025-04-24 20:02:13,812 [DEBUG]  OP: Operation.CREATE_LEAF on slice (391, 1) (remaining tasks 9)
2025-04-24 20:02:13,812 [DEBUG]  		 created leaf IdentityNumericLeaf for scope=[15] (in 0.00028 secs)
2025-04-24 20:02:13,813 [DEBUG]  OP: Operation.CREATE_LEAF on slice (391, 1) (remaining tasks 8)
2025-04-24 20:02:13,813 [DEBUG]  		 created leaf IdentityNumericLeaf for scope=[49] (in 0.00027 secs)
2025-04-24 20:02:13,813 [DEBUG]  OP: Operation.CREATE_LEAF on slice (391, 1) (remaining tasks 7)
2025-04-24 20:02:13,813 [DEBUG]  		 created leaf IdentityNumericLeaf for scope=[51] (in 0.00027 secs)
2025-04-24 20:02:13,814 [DEBUG]  OP: Operation.CREATE_LEAF on slice (391, 1) (remaining tasks 6)
2025-04-24 20:02:13,814 [DEBUG]  		 created leaf IdentityNumericLeaf for scope=[60] (in 0.00026 secs)
2025-04-24 20:02:13,814 [DEBUG]  OP: Operation.CREATE_LEAF on slice (391, 1) (remaining tasks 5)
2025-04-24 20:02:13,814 [DEBUG]  		 created leaf IdentityNumericLeaf for scope=[32] (in 0.00029 secs)
2025-04-24 20:02:13,815 [DEBUG]  OP: Operation.CREATE_LEAF on slice (362, 1) (remaining tasks 4)
2025-04-24 20:02:13,815 [DEBUG]  		 created leaf IdentityNumericLeaf for scope=[15] (in 0.00028 secs)
2025-04-24 20:02:13,815 [DEBUG]  OP: Operation.CREATE_LEAF on slice (362, 1) (remaining tasks 3)
2025-04-24 20:02:13,816 [DEBUG]  		 created leaf IdentityNumericLeaf for scope=[32] (in 0.00027 secs)
2025-04-24 20:02:13,816 [DEBUG]  OP: Operation.CREATE_LEAF on slice (362, 1) (remaining tasks 2)
2025-04-24 20:02:13,816 [DEBUG]  		 created leaf IdentityNumericLeaf for scope=[49] (in 0.00027 secs)
2025-04-24 20:02:13,816 [DEBUG]  OP: Operation.SPLIT_COLUMNS on slice (362, 2) (remaining tasks 1)
2025-04-24 20:02:13,922 [DEBUG]  		found 1 col clusters (in 0.10598 secs)
2025-04-24 20:02:13,923 [DEBUG]  OP: Operation.SPLIT_ROWS on slice (14497, 2) (remaining tasks 1)
2025-04-24 20:02:13,965 [DEBUG]  		found 2 row clusters (in 0.04191 secs)
2025-04-24 20:02:13,965 [DEBUG]  OP: Operation.SPLIT_ROWS on slice (362, 2) (remaining tasks 2)
2025-04-24 20:02:13,979 [DEBUG]  		found 2 row clusters (in 0.01421 secs)
2025-04-24 20:02:13,982 [DEBUG]  OP: Operation.REMOVE_UNINFORMATIVE_FEATURES on slice (14487, 2) (remaining tasks 3)
2025-04-24 20:02:13,982 [DEBUG]  OP: Operation.NAIVE_FACTORIZATION on slice (10, 2) (remaining tasks 4)
2025-04-24 20:02:13,984 [DEBUG]  		naive factorization 2 columns (in 0.00159 secs)
2025-04-24 20:02:13,984 [DEBUG]  OP: Operation.NAIVE_FACTORIZATION on slice (288, 2) (remaining tasks 3)
2025-04-24 20:02:13,987 [DEBUG]  		naive factorization 2 columns (in 0.00281 secs)
2025-04-24 20:02:13,987 [DEBUG]  OP: Operation.NAIVE_FACTORIZATION on slice (74, 2) (remaining tasks 2)
2025-04-24 20:02:13,990 [DEBUG]  		naive factorization 2 columns (in 0.00261 secs)
2025-04-24 20:02:13,990 [DEBUG]  OP: Operation.CREATE_LEAF on slice (14487, 1) (remaining tasks 1)
2025-04-24 20:02:13,990 [DEBUG]  		 created leaf IdentityNumericLeaf for scope=[42] (in 0.00051 secs)
2025-04-24 20:02:13,991 [DEBUG]  OP: Operation.CREATE_LEAF on slice (14487, 1) (remaining tasks 0)
2025-04-24 20:02:13,991 [DEBUG]  		 created leaf IdentityNumericLeaf for scope=[80] (in 0.00055 secs)
2025-04-24 20:02:14,025 [DEBUG]  Built SPN in 318.38357695401646 sec
2025-04-24 20:02:14,025 [INFO ]  Saving ensemble to /home/dafn/card/deepcard/collected_temp_benchmarks/spn_ensembles/NATICUSdroid (Android Permissions)/ensemble_single_naticusdroid_10000000.pkl
