2025-04-24 19:22:31,194 [INFO ]  Creating naive ensemble.
2025-04-24 19:22:31,194 [INFO ]  Learning SPN for naticusdroid.
2025-04-24 19:22:31,195 [DEBUG]  generate_join_sample(single_table=naticusdroid, relationship_list=None, split_condition=None)
2025-04-24 19:22:31,247 [DEBUG]  Using min_instance_slice parameter 293.32.
2025-04-24 19:22:31,247 [INFO ]  SPN training phase with 29332 samples
2025-04-24 19:22:31,280 [DEBUG]  Built domains in 0.032281439984217286 sec
2025-04-24 19:22:31,639 [DEBUG]  CACHEDIR=/home/dafn/.cache/matplotlib
2025-04-24 19:22:31,641 [DEBUG]  Using fontManager instance from /home/dafn/.cache/matplotlib/fontlist-v300.json
2025-04-24 19:22:31,735 [DEBUG]  Loaded backend qt5agg version unknown.
2025-04-24 19:22:31,765 [DEBUG]  Loaded backend qt5agg version unknown.
2025-04-24 19:22:31,766 [DEBUG]  Loaded backend qt4agg version unknown.
2025-04-24 19:22:31,773 [DEBUG]  Loaded backend tkagg version unknown.
2025-04-24 19:22:31,774 [DEBUG]  Loaded backend agg version unknown.
2025-04-24 19:22:31,774 [DEBUG]  Loaded backend agg version unknown.
2025-04-24 19:22:31,788 [DEBUG]  OP: Operation.SPLIT_ROWS on slice (29332, 87) (remaining tasks 0)
2025-04-24 19:22:32,799 [DEBUG]  		found 2 row clusters (in 1.01152 secs)
2025-04-24 19:22:32,808 [DEBUG]  OP: Operation.SPLIT_COLUMNS on slice (14724, 87) (remaining tasks 1)
2025-04-24 19:24:57,461 [DEBUG]  		found 42 col clusters (in 144.65331 secs)
2025-04-24 19:24:57,488 [DEBUG]  OP: Operation.REMOVE_UNINFORMATIVE_FEATURES on slice (14608, 87) (remaining tasks 42)
2025-04-24 19:24:57,496 [DEBUG]  OP: Operation.CREATE_LEAF on slice (14724, 1) (remaining tasks 43)
2025-04-24 19:24:57,497 [DEBUG]  		 created leaf IdentityNumericLeaf for scope=[0] (in 0.00077 secs)
2025-04-24 19:24:57,498 [DEBUG]  OP: Operation.SPLIT_COLUMNS on slice (14724, 17) (remaining tasks 42)
2025-04-24 19:25:04,300 [DEBUG]  		found 1 col clusters (in 6.80134 secs)
2025-04-24 19:25:04,301 [DEBUG]  OP: Operation.SPLIT_COLUMNS on slice (14724, 16) (remaining tasks 42)
2025-04-24 19:25:09,767 [DEBUG]  		found 1 col clusters (in 5.46495 secs)
2025-04-24 19:25:09,768 [DEBUG]  OP: Operation.SPLIT_COLUMNS on slice (14724, 7) (remaining tasks 42)
2025-04-24 19:25:10,885 [DEBUG]  		found 1 col clusters (in 1.11735 secs)
2025-04-24 19:25:10,886 [DEBUG]  OP: Operation.CREATE_LEAF on slice (14724, 1) (remaining tasks 42)
2025-04-24 19:25:10,886 [DEBUG]  		 created leaf IdentityNumericLeaf for scope=[5] (in 0.00069 secs)
2025-04-24 19:25:10,887 [DEBUG]  OP: Operation.SPLIT_COLUMNS on slice (14724, 2) (remaining tasks 41)
2025-04-24 19:25:11,143 [DEBUG]  		found 1 col clusters (in 0.25533 secs)
2025-04-24 19:25:11,143 [DEBUG]  OP: Operation.SPLIT_COLUMNS on slice (14724, 3) (remaining tasks 41)
2025-04-24 19:25:11,360 [DEBUG]  		found 1 col clusters (in 0.21689 secs)
2025-04-24 19:25:11,361 [DEBUG]  OP: Operation.CREATE_LEAF on slice (14724, 1) (remaining tasks 41)
2025-04-24 19:25:11,361 [DEBUG]  		 created leaf IdentityNumericLeaf for scope=[10] (in 0.00077 secs)
2025-04-24 19:25:11,362 [DEBUG]  OP: Operation.CREATE_LEAF on slice (14724, 1) (remaining tasks 40)
2025-04-24 19:25:11,363 [DEBUG]  		 created leaf IdentityNumericLeaf for scope=[12] (in 0.00096 secs)
2025-04-24 19:25:11,363 [DEBUG]  OP: Operation.CREATE_LEAF on slice (14724, 1) (remaining tasks 39)
2025-04-24 19:25:11,364 [DEBUG]  		 created leaf IdentityNumericLeaf for scope=[13] (in 0.00083 secs)
2025-04-24 19:25:11,364 [DEBUG]  OP: Operation.SPLIT_COLUMNS on slice (14724, 3) (remaining tasks 38)
2025-04-24 19:25:11,559 [DEBUG]  		found 1 col clusters (in 0.19501 secs)
2025-04-24 19:25:11,560 [DEBUG]  OP: Operation.CREATE_LEAF on slice (14724, 1) (remaining tasks 38)
2025-04-24 19:25:11,561 [DEBUG]  		 created leaf IdentityNumericLeaf for scope=[17] (in 0.00083 secs)
2025-04-24 19:25:11,561 [DEBUG]  OP: Operation.CREATE_LEAF on slice (14724, 1) (remaining tasks 37)
2025-04-24 19:25:11,561 [DEBUG]  		 created leaf IdentityNumericLeaf for scope=[18] (in 0.00057 secs)
2025-04-24 19:25:11,561 [DEBUG]  OP: Operation.CREATE_LEAF on slice (14724, 1) (remaining tasks 36)
2025-04-24 19:25:11,562 [DEBUG]  		 created leaf IdentityNumericLeaf for scope=[21] (in 0.00062 secs)
2025-04-24 19:25:11,562 [DEBUG]  OP: Operation.CREATE_LEAF on slice (14724, 1) (remaining tasks 35)
2025-04-24 19:25:11,563 [DEBUG]  		 created leaf IdentityNumericLeaf for scope=[22] (in 0.00058 secs)
2025-04-24 19:25:11,563 [DEBUG]  OP: Operation.CREATE_LEAF on slice (14724, 1) (remaining tasks 34)
2025-04-24 19:25:11,564 [DEBUG]  		 created leaf IdentityNumericLeaf for scope=[23] (in 0.00062 secs)
2025-04-24 19:25:11,564 [DEBUG]  OP: Operation.CREATE_LEAF on slice (14724, 1) (remaining tasks 33)
2025-04-24 19:25:11,565 [DEBUG]  		 created leaf IdentityNumericLeaf for scope=[24] (in 0.00064 secs)
2025-04-24 19:25:11,565 [DEBUG]  OP: Operation.CREATE_LEAF on slice (14724, 1) (remaining tasks 32)
2025-04-24 19:25:11,565 [DEBUG]  		 created leaf IdentityNumericLeaf for scope=[25] (in 0.00057 secs)
2025-04-24 19:25:11,566 [DEBUG]  OP: Operation.CREATE_LEAF on slice (14724, 1) (remaining tasks 31)
2025-04-24 19:25:11,566 [DEBUG]  		 created leaf IdentityNumericLeaf for scope=[31] (in 0.00062 secs)
2025-04-24 19:25:11,567 [DEBUG]  OP: Operation.SPLIT_COLUMNS on slice (14724, 2) (remaining tasks 30)
2025-04-24 19:25:11,778 [DEBUG]  		found 1 col clusters (in 0.21110 secs)
2025-04-24 19:25:11,778 [DEBUG]  OP: Operation.CREATE_LEAF on slice (14724, 1) (remaining tasks 30)
2025-04-24 19:25:11,779 [DEBUG]  		 created leaf IdentityNumericLeaf for scope=[36] (in 0.00073 secs)
2025-04-24 19:25:11,779 [DEBUG]  OP: Operation.CREATE_LEAF on slice (14724, 1) (remaining tasks 29)
2025-04-24 19:25:11,780 [DEBUG]  		 created leaf IdentityNumericLeaf for scope=[38] (in 0.00059 secs)
2025-04-24 19:25:11,780 [DEBUG]  OP: Operation.SPLIT_COLUMNS on slice (14724, 2) (remaining tasks 28)
2025-04-24 19:25:11,890 [DEBUG]  		found 1 col clusters (in 0.10992 secs)
2025-04-24 19:25:11,890 [DEBUG]  OP: Operation.CREATE_LEAF on slice (14724, 1) (remaining tasks 28)
2025-04-24 19:25:11,891 [DEBUG]  		 created leaf IdentityNumericLeaf for scope=[46] (in 0.00062 secs)
2025-04-24 19:25:11,891 [DEBUG]  OP: Operation.CREATE_LEAF on slice (14724, 1) (remaining tasks 27)
2025-04-24 19:25:11,892 [DEBUG]  		 created leaf IdentityNumericLeaf for scope=[47] (in 0.00058 secs)
2025-04-24 19:25:11,892 [DEBUG]  OP: Operation.CREATE_LEAF on slice (14724, 1) (remaining tasks 26)
2025-04-24 19:25:11,893 [DEBUG]  		 created leaf IdentityNumericLeaf for scope=[48] (in 0.00063 secs)
2025-04-24 19:25:11,893 [DEBUG]  OP: Operation.CREATE_LEAF on slice (14724, 1) (remaining tasks 25)
2025-04-24 19:25:11,894 [DEBUG]  		 created leaf IdentityNumericLeaf for scope=[50] (in 0.00065 secs)
2025-04-24 19:25:11,894 [DEBUG]  OP: Operation.CREATE_LEAF on slice (14724, 1) (remaining tasks 24)
2025-04-24 19:25:11,894 [DEBUG]  		 created leaf IdentityNumericLeaf for scope=[52] (in 0.00059 secs)
2025-04-24 19:25:11,895 [DEBUG]  OP: Operation.CREATE_LEAF on slice (14724, 1) (remaining tasks 23)
2025-04-24 19:25:11,895 [DEBUG]  		 created leaf IdentityNumericLeaf for scope=[55] (in 0.00058 secs)
2025-04-24 19:25:11,895 [DEBUG]  OP: Operation.CREATE_LEAF on slice (14724, 1) (remaining tasks 22)
2025-04-24 19:25:11,896 [DEBUG]  		 created leaf IdentityNumericLeaf for scope=[56] (in 0.00055 secs)
2025-04-24 19:25:11,896 [DEBUG]  OP: Operation.CREATE_LEAF on slice (14724, 1) (remaining tasks 21)
2025-04-24 19:25:11,897 [DEBUG]  		 created leaf IdentityNumericLeaf for scope=[58] (in 0.00060 secs)
2025-04-24 19:25:11,897 [DEBUG]  OP: Operation.CREATE_LEAF on slice (14724, 1) (remaining tasks 20)
2025-04-24 19:25:11,898 [DEBUG]  		 created leaf IdentityNumericLeaf for scope=[65] (in 0.00072 secs)
2025-04-24 19:25:11,898 [DEBUG]  OP: Operation.SPLIT_COLUMNS on slice (14724, 2) (remaining tasks 19)
2025-04-24 19:25:12,008 [DEBUG]  		found 1 col clusters (in 0.10994 secs)
2025-04-24 19:25:12,008 [DEBUG]  OP: Operation.CREATE_LEAF on slice (14724, 1) (remaining tasks 19)
2025-04-24 19:25:12,009 [DEBUG]  		 created leaf IdentityNumericLeaf for scope=[70] (in 0.00066 secs)
2025-04-24 19:25:12,009 [DEBUG]  OP: Operation.CREATE_LEAF on slice (14724, 1) (remaining tasks 18)
2025-04-24 19:25:12,010 [DEBUG]  		 created leaf IdentityNumericLeaf for scope=[71] (in 0.00057 secs)
2025-04-24 19:25:12,010 [DEBUG]  OP: Operation.CREATE_LEAF on slice (14724, 1) (remaining tasks 17)
2025-04-24 19:25:12,011 [DEBUG]  		 created leaf IdentityNumericLeaf for scope=[73] (in 0.00083 secs)
2025-04-24 19:25:12,011 [DEBUG]  OP: Operation.CREATE_LEAF on slice (14724, 1) (remaining tasks 16)
2025-04-24 19:25:12,012 [DEBUG]  		 created leaf IdentityNumericLeaf for scope=[74] (in 0.00058 secs)
2025-04-24 19:25:12,012 [DEBUG]  OP: Operation.CREATE_LEAF on slice (14724, 1) (remaining tasks 15)
2025-04-24 19:25:12,013 [DEBUG]  		 created leaf IdentityNumericLeaf for scope=[75] (in 0.00060 secs)
2025-04-24 19:25:12,013 [DEBUG]  OP: Operation.CREATE_LEAF on slice (14724, 1) (remaining tasks 14)
2025-04-24 19:25:12,013 [DEBUG]  		 created leaf IdentityNumericLeaf for scope=[76] (in 0.00059 secs)
2025-04-24 19:25:12,013 [DEBUG]  OP: Operation.CREATE_LEAF on slice (14724, 1) (remaining tasks 13)
2025-04-24 19:25:12,014 [DEBUG]  		 created leaf IdentityNumericLeaf for scope=[78] (in 0.00056 secs)
2025-04-24 19:25:12,014 [DEBUG]  OP: Operation.CREATE_LEAF on slice (14724, 1) (remaining tasks 12)
2025-04-24 19:25:12,015 [DEBUG]  		 created leaf IdentityNumericLeaf for scope=[81] (in 0.00059 secs)
2025-04-24 19:25:12,015 [DEBUG]  OP: Operation.CREATE_LEAF on slice (14724, 1) (remaining tasks 11)
2025-04-24 19:25:12,016 [DEBUG]  		 created leaf IdentityNumericLeaf for scope=[82] (in 0.00057 secs)
2025-04-24 19:25:12,016 [DEBUG]  OP: Operation.CREATE_LEAF on slice (14608, 1) (remaining tasks 10)
2025-04-24 19:25:12,017 [DEBUG]  		 created leaf IdentityNumericLeaf for scope=[85] (in 0.00079 secs)
2025-04-24 19:25:12,023 [DEBUG]  OP: Operation.SPLIT_COLUMNS on slice (14608, 86) (remaining tasks 9)
2025-04-24 19:27:30,234 [DEBUG]  		found 54 col clusters (in 138.21071 secs)
2025-04-24 19:27:30,266 [DEBUG]  OP: Operation.SPLIT_ROWS on slice (14724, 17) (remaining tasks 62)
2025-04-24 19:27:30,362 [DEBUG]  		found 2 row clusters (in 0.09562 secs)
2025-04-24 19:27:30,364 [DEBUG]  OP: Operation.SPLIT_ROWS on slice (14724, 16) (remaining tasks 63)
2025-04-24 19:27:30,515 [DEBUG]  		found 2 row clusters (in 0.15114 secs)
2025-04-24 19:27:30,516 [DEBUG]  OP: Operation.SPLIT_ROWS on slice (14724, 7) (remaining tasks 64)
2025-04-24 19:27:30,595 [DEBUG]  		found 2 row clusters (in 0.07882 secs)
2025-04-24 19:27:30,595 [DEBUG]  OP: Operation.SPLIT_ROWS on slice (14724, 2) (remaining tasks 65)
2025-04-24 19:27:30,633 [DEBUG]  		found 2 row clusters (in 0.03768 secs)
2025-04-24 19:27:30,633 [DEBUG]  OP: Operation.SPLIT_ROWS on slice (14724, 3) (remaining tasks 66)
2025-04-24 19:27:30,679 [DEBUG]  		found 2 row clusters (in 0.04563 secs)
2025-04-24 19:27:30,679 [DEBUG]  OP: Operation.SPLIT_ROWS on slice (14724, 3) (remaining tasks 67)
2025-04-24 19:27:30,732 [DEBUG]  		found 2 row clusters (in 0.05275 secs)
2025-04-24 19:27:30,733 [DEBUG]  OP: Operation.SPLIT_ROWS on slice (14724, 2) (remaining tasks 68)
2025-04-24 19:27:30,771 [DEBUG]  		found 2 row clusters (in 0.03813 secs)
2025-04-24 19:27:30,771 [DEBUG]  OP: Operation.SPLIT_ROWS on slice (14724, 2) (remaining tasks 69)
2025-04-24 19:27:30,809 [DEBUG]  		found 2 row clusters (in 0.03741 secs)
2025-04-24 19:27:30,809 [DEBUG]  OP: Operation.SPLIT_ROWS on slice (14724, 2) (remaining tasks 70)
2025-04-24 19:27:30,847 [DEBUG]  		found 2 row clusters (in 0.03769 secs)
2025-04-24 19:27:30,847 [DEBUG]  OP: Operation.SPLIT_COLUMNS on slice (14608, 2) (remaining tasks 71)
2025-04-24 19:27:30,955 [DEBUG]  		found 1 col clusters (in 0.10772 secs)
2025-04-24 19:27:30,957 [DEBUG]  OP: Operation.SPLIT_COLUMNS on slice (14608, 16) (remaining tasks 71)
2025-04-24 19:27:35,700 [DEBUG]  		found 1 col clusters (in 4.74329 secs)
2025-04-24 19:27:35,701 [DEBUG]  OP: Operation.CREATE_LEAF on slice (14608, 1) (remaining tasks 71)
2025-04-24 19:27:35,701 [DEBUG]  		 created leaf IdentityNumericLeaf for scope=[2] (in 0.00059 secs)
2025-04-24 19:27:35,702 [DEBUG]  OP: Operation.SPLIT_COLUMNS on slice (14608, 4) (remaining tasks 70)
2025-04-24 19:27:36,031 [DEBUG]  		found 1 col clusters (in 0.32824 secs)
2025-04-24 19:27:36,031 [DEBUG]  OP: Operation.CREATE_LEAF on slice (14608, 1) (remaining tasks 70)
2025-04-24 19:27:36,032 [DEBUG]  		 created leaf IdentityNumericLeaf for scope=[5] (in 0.00074 secs)
2025-04-24 19:27:36,032 [DEBUG]  OP: Operation.SPLIT_COLUMNS on slice (14608, 2) (remaining tasks 69)
2025-04-24 19:27:36,224 [DEBUG]  		found 1 col clusters (in 0.19175 secs)
2025-04-24 19:27:36,224 [DEBUG]  OP: Operation.SPLIT_COLUMNS on slice (14608, 3) (remaining tasks 69)
2025-04-24 19:27:36,337 [DEBUG]  		found 1 col clusters (in 0.11259 secs)
2025-04-24 19:27:36,337 [DEBUG]  OP: Operation.CREATE_LEAF on slice (14608, 1) (remaining tasks 69)
2025-04-24 19:27:36,338 [DEBUG]  		 created leaf IdentityNumericLeaf for scope=[8] (in 0.00064 secs)
2025-04-24 19:27:36,338 [DEBUG]  OP: Operation.CREATE_LEAF on slice (14608, 1) (remaining tasks 68)
2025-04-24 19:27:36,339 [DEBUG]  		 created leaf IdentityNumericLeaf for scope=[9] (in 0.00063 secs)
2025-04-24 19:27:36,339 [DEBUG]  OP: Operation.CREATE_LEAF on slice (14608, 1) (remaining tasks 67)
2025-04-24 19:27:36,340 [DEBUG]  		 created leaf IdentityNumericLeaf for scope=[10] (in 0.00058 secs)
2025-04-24 19:27:36,341 [DEBUG]  OP: Operation.SPLIT_COLUMNS on slice (14608, 5) (remaining tasks 66)
2025-04-24 19:27:36,782 [DEBUG]  		found 1 col clusters (in 0.44133 secs)
2025-04-24 19:27:36,783 [DEBUG]  OP: Operation.CREATE_LEAF on slice (14608, 1) (remaining tasks 66)
2025-04-24 19:27:36,784 [DEBUG]  		 created leaf IdentityNumericLeaf for scope=[12] (in 0.00080 secs)
2025-04-24 19:27:36,784 [DEBUG]  OP: Operation.CREATE_LEAF on slice (14608, 1) (remaining tasks 65)
2025-04-24 19:27:36,785 [DEBUG]  		 created leaf IdentityNumericLeaf for scope=[13] (in 0.00062 secs)
2025-04-24 19:27:36,785 [DEBUG]  OP: Operation.CREATE_LEAF on slice (14608, 1) (remaining tasks 64)
2025-04-24 19:27:36,786 [DEBUG]  		 created leaf IdentityNumericLeaf for scope=[16] (in 0.00061 secs)
2025-04-24 19:27:36,786 [DEBUG]  OP: Operation.CREATE_LEAF on slice (14608, 1) (remaining tasks 63)
2025-04-24 19:27:36,787 [DEBUG]  		 created leaf IdentityNumericLeaf for scope=[18] (in 0.00061 secs)
2025-04-24 19:27:36,787 [DEBUG]  OP: Operation.CREATE_LEAF on slice (14608, 1) (remaining tasks 62)
2025-04-24 19:27:36,788 [DEBUG]  		 created leaf IdentityNumericLeaf for scope=[19] (in 0.00061 secs)
2025-04-24 19:27:36,788 [DEBUG]  OP: Operation.CREATE_LEAF on slice (14608, 1) (remaining tasks 61)
2025-04-24 19:27:36,789 [DEBUG]  		 created leaf IdentityNumericLeaf for scope=[20] (in 0.00060 secs)
2025-04-24 19:27:36,789 [DEBUG]  OP: Operation.CREATE_LEAF on slice (14608, 1) (remaining tasks 60)
2025-04-24 19:27:36,790 [DEBUG]  		 created leaf IdentityNumericLeaf for scope=[21] (in 0.00070 secs)
2025-04-24 19:27:36,790 [DEBUG]  OP: Operation.CREATE_LEAF on slice (14608, 1) (remaining tasks 59)
2025-04-24 19:27:36,791 [DEBUG]  		 created leaf IdentityNumericLeaf for scope=[22] (in 0.00062 secs)
2025-04-24 19:27:36,791 [DEBUG]  OP: Operation.CREATE_LEAF on slice (14608, 1) (remaining tasks 58)
2025-04-24 19:27:36,792 [DEBUG]  		 created leaf IdentityNumericLeaf for scope=[23] (in 0.00060 secs)
2025-04-24 19:27:36,792 [DEBUG]  OP: Operation.SPLIT_COLUMNS on slice (14608, 2) (remaining tasks 57)
2025-04-24 19:27:36,991 [DEBUG]  		found 1 col clusters (in 0.19858 secs)
2025-04-24 19:27:36,991 [DEBUG]  OP: Operation.CREATE_LEAF on slice (14608, 1) (remaining tasks 57)
2025-04-24 19:27:36,992 [DEBUG]  		 created leaf IdentityNumericLeaf for scope=[26] (in 0.00044 secs)
2025-04-24 19:27:36,992 [DEBUG]  OP: Operation.CREATE_LEAF on slice (14608, 1) (remaining tasks 56)
2025-04-24 19:27:36,992 [DEBUG]  		 created leaf IdentityNumericLeaf for scope=[30] (in 0.00060 secs)
2025-04-24 19:27:36,993 [DEBUG]  OP: Operation.CREATE_LEAF on slice (14608, 1) (remaining tasks 55)
2025-04-24 19:27:36,993 [DEBUG]  		 created leaf IdentityNumericLeaf for scope=[31] (in 0.00043 secs)
2025-04-24 19:27:36,993 [DEBUG]  OP: Operation.CREATE_LEAF on slice (14608, 1) (remaining tasks 54)
2025-04-24 19:27:36,994 [DEBUG]  		 created leaf IdentityNumericLeaf for scope=[34] (in 0.00041 secs)
2025-04-24 19:27:36,994 [DEBUG]  OP: Operation.CREATE_LEAF on slice (14608, 1) (remaining tasks 53)
2025-04-24 19:27:36,994 [DEBUG]  		 created leaf IdentityNumericLeaf for scope=[36] (in 0.00041 secs)
2025-04-24 19:27:36,994 [DEBUG]  OP: Operation.CREATE_LEAF on slice (14608, 1) (remaining tasks 52)
2025-04-24 19:27:36,995 [DEBUG]  		 created leaf IdentityNumericLeaf for scope=[38] (in 0.00041 secs)
2025-04-24 19:27:36,995 [DEBUG]  OP: Operation.SPLIT_COLUMNS on slice (14608, 2) (remaining tasks 51)
2025-04-24 19:27:37,103 [DEBUG]  		found 1 col clusters (in 0.10799 secs)
2025-04-24 19:27:37,104 [DEBUG]  OP: Operation.SPLIT_COLUMNS on slice (14608, 2) (remaining tasks 51)
2025-04-24 19:27:37,217 [DEBUG]  		found 1 col clusters (in 0.11308 secs)
2025-04-24 19:27:37,218 [DEBUG]  OP: Operation.CREATE_LEAF on slice (14608, 1) (remaining tasks 51)
2025-04-24 19:27:37,218 [DEBUG]  		 created leaf IdentityNumericLeaf for scope=[44] (in 0.00046 secs)
2025-04-24 19:27:37,218 [DEBUG]  OP: Operation.CREATE_LEAF on slice (14608, 1) (remaining tasks 50)
2025-04-24 19:27:37,219 [DEBUG]  		 created leaf IdentityNumericLeaf for scope=[46] (in 0.00044 secs)
2025-04-24 19:27:37,219 [DEBUG]  OP: Operation.SPLIT_COLUMNS on slice (14608, 2) (remaining tasks 49)
2025-04-24 19:27:37,327 [DEBUG]  		found 1 col clusters (in 0.10783 secs)
2025-04-24 19:27:37,327 [DEBUG]  OP: Operation.CREATE_LEAF on slice (14608, 1) (remaining tasks 49)
2025-04-24 19:27:37,329 [DEBUG]  		 created leaf IdentityNumericLeaf for scope=[50] (in 0.00094 secs)
2025-04-24 19:27:37,329 [DEBUG]  OP: Operation.SPLIT_COLUMNS on slice (14608, 2) (remaining tasks 48)
2025-04-24 19:27:37,445 [DEBUG]  		found 1 col clusters (in 0.11535 secs)
2025-04-24 19:27:37,445 [DEBUG]  OP: Operation.CREATE_LEAF on slice (14608, 1) (remaining tasks 48)
2025-04-24 19:27:37,446 [DEBUG]  		 created leaf IdentityNumericLeaf for scope=[54] (in 0.00097 secs)
2025-04-24 19:27:37,447 [DEBUG]  OP: Operation.CREATE_LEAF on slice (14608, 1) (remaining tasks 47)
2025-04-24 19:27:37,448 [DEBUG]  		 created leaf IdentityNumericLeaf for scope=[55] (in 0.00093 secs)
2025-04-24 19:27:37,448 [DEBUG]  OP: Operation.CREATE_LEAF on slice (14608, 1) (remaining tasks 46)
2025-04-24 19:27:37,449 [DEBUG]  		 created leaf IdentityNumericLeaf for scope=[56] (in 0.00092 secs)
2025-04-24 19:27:37,449 [DEBUG]  OP: Operation.CREATE_LEAF on slice (14608, 1) (remaining tasks 45)
2025-04-24 19:27:37,451 [DEBUG]  		 created leaf IdentityNumericLeaf for scope=[57] (in 0.00104 secs)
2025-04-24 19:27:37,451 [DEBUG]  OP: Operation.CREATE_LEAF on slice (14608, 1) (remaining tasks 44)
2025-04-24 19:27:37,452 [DEBUG]  		 created leaf IdentityNumericLeaf for scope=[58] (in 0.00093 secs)
2025-04-24 19:27:37,452 [DEBUG]  OP: Operation.CREATE_LEAF on slice (14608, 1) (remaining tasks 43)
2025-04-24 19:27:37,453 [DEBUG]  		 created leaf IdentityNumericLeaf for scope=[59] (in 0.00093 secs)
2025-04-24 19:27:37,453 [DEBUG]  OP: Operation.CREATE_LEAF on slice (14608, 1) (remaining tasks 42)
2025-04-24 19:27:37,455 [DEBUG]  		 created leaf IdentityNumericLeaf for scope=[62] (in 0.00098 secs)
2025-04-24 19:27:37,455 [DEBUG]  OP: Operation.CREATE_LEAF on slice (14608, 1) (remaining tasks 41)
2025-04-24 19:27:37,456 [DEBUG]  		 created leaf IdentityNumericLeaf for scope=[63] (in 0.00114 secs)
2025-04-24 19:27:37,456 [DEBUG]  OP: Operation.CREATE_LEAF on slice (14608, 1) (remaining tasks 40)
2025-04-24 19:27:37,458 [DEBUG]  		 created leaf IdentityNumericLeaf for scope=[65] (in 0.00114 secs)
2025-04-24 19:27:37,458 [DEBUG]  OP: Operation.SPLIT_COLUMNS on slice (14608, 2) (remaining tasks 39)
2025-04-24 19:27:37,573 [DEBUG]  		found 1 col clusters (in 0.11430 secs)
2025-04-24 19:27:37,573 [DEBUG]  OP: Operation.CREATE_LEAF on slice (14608, 1) (remaining tasks 39)
2025-04-24 19:27:37,575 [DEBUG]  		 created leaf IdentityNumericLeaf for scope=[69] (in 0.00113 secs)
2025-04-24 19:27:37,575 [DEBUG]  OP: Operation.CREATE_LEAF on slice (14608, 1) (remaining tasks 38)
2025-04-24 19:27:37,576 [DEBUG]  		 created leaf IdentityNumericLeaf for scope=[70] (in 0.00097 secs)
2025-04-24 19:27:37,576 [DEBUG]  OP: Operation.CREATE_LEAF on slice (14608, 1) (remaining tasks 37)
2025-04-24 19:27:37,578 [DEBUG]  		 created leaf IdentityNumericLeaf for scope=[71] (in 0.00092 secs)
2025-04-24 19:27:37,578 [DEBUG]  OP: Operation.CREATE_LEAF on slice (14608, 1) (remaining tasks 36)
2025-04-24 19:27:37,579 [DEBUG]  		 created leaf IdentityNumericLeaf for scope=[73] (in 0.00126 secs)
2025-04-24 19:27:37,580 [DEBUG]  OP: Operation.CREATE_LEAF on slice (14608, 1) (remaining tasks 35)
2025-04-24 19:27:37,581 [DEBUG]  		 created leaf IdentityNumericLeaf for scope=[74] (in 0.00092 secs)
2025-04-24 19:27:37,581 [DEBUG]  OP: Operation.CREATE_LEAF on slice (14608, 1) (remaining tasks 34)
2025-04-24 19:27:37,582 [DEBUG]  		 created leaf IdentityNumericLeaf for scope=[75] (in 0.00092 secs)
2025-04-24 19:27:37,582 [DEBUG]  OP: Operation.CREATE_LEAF on slice (14608, 1) (remaining tasks 33)
2025-04-24 19:27:37,583 [DEBUG]  		 created leaf IdentityNumericLeaf for scope=[76] (in 0.00093 secs)
2025-04-24 19:27:37,584 [DEBUG]  OP: Operation.CREATE_LEAF on slice (14608, 1) (remaining tasks 32)
2025-04-24 19:27:37,585 [DEBUG]  		 created leaf IdentityNumericLeaf for scope=[78] (in 0.00092 secs)
2025-04-24 19:27:37,585 [DEBUG]  OP: Operation.CREATE_LEAF on slice (14608, 1) (remaining tasks 31)
2025-04-24 19:27:37,586 [DEBUG]  		 created leaf IdentityNumericLeaf for scope=[82] (in 0.00096 secs)
2025-04-24 19:27:37,586 [DEBUG]  OP: Operation.CREATE_LEAF on slice (14608, 1) (remaining tasks 30)
2025-04-24 19:27:37,587 [DEBUG]  		 created leaf IdentityNumericLeaf for scope=[86] (in 0.00092 secs)
2025-04-24 19:27:37,592 [DEBUG]  OP: Operation.REMOVE_UNINFORMATIVE_FEATURES on slice (14559, 17) (remaining tasks 29)
2025-04-24 19:27:37,594 [DEBUG]  OP: Operation.REMOVE_UNINFORMATIVE_FEATURES on slice (165, 17) (remaining tasks 30)
2025-04-24 19:27:37,596 [DEBUG]  OP: Operation.SPLIT_COLUMNS on slice (4380, 16) (remaining tasks 33)
2025-04-24 19:27:41,181 [DEBUG]  		found 2 col clusters (in 3.58480 secs)
2025-04-24 19:27:41,183 [DEBUG]  OP: Operation.SPLIT_COLUMNS on slice (10344, 16) (remaining tasks 34)
2025-04-24 19:27:46,566 [DEBUG]  		found 11 col clusters (in 5.38241 secs)
2025-04-24 19:27:46,569 [DEBUG]  OP: Operation.REMOVE_UNINFORMATIVE_FEATURES on slice (14046, 7) (remaining tasks 44)
2025-04-24 19:27:46,569 [DEBUG]  OP: Operation.SPLIT_COLUMNS on slice (678, 7) (remaining tasks 45)
2025-04-24 19:27:47,237 [DEBUG]  		found 1 col clusters (in 0.66696 secs)
2025-04-24 19:27:47,239 [DEBUG]  OP: Operation.REMOVE_UNINFORMATIVE_FEATURES on slice (13925, 2) (remaining tasks 45)
2025-04-24 19:27:47,239 [DEBUG]  OP: Operation.REMOVE_UNINFORMATIVE_FEATURES on slice (799, 2) (remaining tasks 46)
2025-04-24 19:27:47,241 [DEBUG]  OP: Operation.SPLIT_COLUMNS on slice (13268, 3) (remaining tasks 47)
2025-04-24 19:27:47,528 [DEBUG]  		found 3 col clusters (in 0.28709 secs)
2025-04-24 19:27:47,529 [DEBUG]  OP: Operation.SPLIT_COLUMNS on slice (1456, 3) (remaining tasks 49)
2025-04-24 19:27:47,635 [DEBUG]  		found 3 col clusters (in 0.10603 secs)
2025-04-24 19:27:47,637 [DEBUG]  OP: Operation.REMOVE_UNINFORMATIVE_FEATURES on slice (12685, 3) (remaining tasks 51)
2025-04-24 19:27:47,638 [DEBUG]  OP: Operation.SPLIT_COLUMNS on slice (2039, 3) (remaining tasks 52)
2025-04-24 19:27:47,841 [DEBUG]  		found 3 col clusters (in 0.20306 secs)
2025-04-24 19:27:47,843 [DEBUG]  OP: Operation.REMOVE_UNINFORMATIVE_FEATURES on slice (13805, 2) (remaining tasks 54)
2025-04-24 19:27:47,844 [DEBUG]  OP: Operation.REMOVE_UNINFORMATIVE_FEATURES on slice (919, 2) (remaining tasks 55)
2025-04-24 19:27:47,846 [DEBUG]  OP: Operation.SPLIT_COLUMNS on slice (14515, 2) (remaining tasks 56)
2025-04-24 19:27:48,004 [DEBUG]  		found 2 col clusters (in 0.15835 secs)
2025-04-24 19:27:48,005 [DEBUG]  OP: Operation.NAIVE_FACTORIZATION on slice (209, 2) (remaining tasks 57)
2025-04-24 19:27:48,008 [DEBUG]  		naive factorization 2 columns (in 0.00322 secs)
2025-04-24 19:27:48,010 [DEBUG]  OP: Operation.SPLIT_COLUMNS on slice (14114, 2) (remaining tasks 56)
2025-04-24 19:27:48,120 [DEBUG]  		found 2 col clusters (in 0.11039 secs)
2025-04-24 19:27:48,121 [DEBUG]  OP: Operation.NAIVE_FACTORIZATION on slice (610, 2) (remaining tasks 57)
2025-04-24 19:27:48,125 [DEBUG]  		naive factorization 2 columns (in 0.00342 secs)
2025-04-24 19:27:48,125 [DEBUG]  OP: Operation.SPLIT_ROWS on slice (14608, 2) (remaining tasks 56)
2025-04-24 19:27:48,185 [DEBUG]  		found 2 row clusters (in 0.05955 secs)
2025-04-24 19:27:48,186 [DEBUG]  OP: Operation.SPLIT_ROWS on slice (14608, 16) (remaining tasks 57)
2025-04-24 19:27:48,282 [DEBUG]  		found 2 row clusters (in 0.09497 secs)
2025-04-24 19:27:48,282 [DEBUG]  OP: Operation.SPLIT_ROWS on slice (14608, 4) (remaining tasks 58)
2025-04-24 19:27:48,353 [DEBUG]  		found 2 row clusters (in 0.07064 secs)
2025-04-24 19:27:48,353 [DEBUG]  OP: Operation.SPLIT_ROWS on slice (14608, 2) (remaining tasks 59)
2025-04-24 19:27:48,401 [DEBUG]  		found 2 row clusters (in 0.04789 secs)
2025-04-24 19:27:48,402 [DEBUG]  OP: Operation.SPLIT_ROWS on slice (14608, 3) (remaining tasks 60)
2025-04-24 19:27:48,457 [DEBUG]  		found 2 row clusters (in 0.05517 secs)
2025-04-24 19:27:48,458 [DEBUG]  OP: Operation.SPLIT_ROWS on slice (14608, 5) (remaining tasks 61)
2025-04-24 19:27:48,517 [DEBUG]  		found 2 row clusters (in 0.05898 secs)
2025-04-24 19:27:48,517 [DEBUG]  OP: Operation.SPLIT_ROWS on slice (14608, 2) (remaining tasks 62)
2025-04-24 19:27:48,567 [DEBUG]  		found 2 row clusters (in 0.05024 secs)
2025-04-24 19:27:48,568 [DEBUG]  OP: Operation.SPLIT_ROWS on slice (14608, 2) (remaining tasks 63)
2025-04-24 19:27:48,624 [DEBUG]  		found 2 row clusters (in 0.05644 secs)
2025-04-24 19:27:48,625 [DEBUG]  OP: Operation.SPLIT_ROWS on slice (14608, 2) (remaining tasks 64)
2025-04-24 19:27:48,660 [DEBUG]  		found 2 row clusters (in 0.03495 secs)
2025-04-24 19:27:48,660 [DEBUG]  OP: Operation.SPLIT_ROWS on slice (14608, 2) (remaining tasks 65)
2025-04-24 19:27:48,697 [DEBUG]  		found 2 row clusters (in 0.03676 secs)
2025-04-24 19:27:48,697 [DEBUG]  OP: Operation.SPLIT_ROWS on slice (14608, 2) (remaining tasks 66)
2025-04-24 19:27:48,734 [DEBUG]  		found 2 row clusters (in 0.03641 secs)
2025-04-24 19:27:48,734 [DEBUG]  OP: Operation.SPLIT_ROWS on slice (14608, 2) (remaining tasks 67)
2025-04-24 19:27:48,768 [DEBUG]  		found 2 row clusters (in 0.03421 secs)
2025-04-24 19:27:48,768 [DEBUG]  OP: Operation.CREATE_LEAF on slice (14559, 1) (remaining tasks 68)
2025-04-24 19:27:48,769 [DEBUG]  		 created leaf IdentityNumericLeaf for scope=[41] (in 0.00052 secs)
2025-04-24 19:27:48,770 [DEBUG]  OP: Operation.SPLIT_COLUMNS on slice (14559, 16) (remaining tasks 67)
2025-04-24 19:27:54,392 [DEBUG]  		found 3 col clusters (in 5.62130 secs)
2025-04-24 19:27:54,392 [DEBUG]  OP: Operation.CREATE_LEAF on slice (165, 1) (remaining tasks 69)
2025-04-24 19:27:54,392 [DEBUG]  		 created leaf IdentityNumericLeaf for scope=[1] (in 0.00028 secs)
2025-04-24 19:27:54,392 [DEBUG]  OP: Operation.CREATE_LEAF on slice (165, 1) (remaining tasks 68)
2025-04-24 19:27:54,393 [DEBUG]  		 created leaf IdentityNumericLeaf for scope=[29] (in 0.00025 secs)
2025-04-24 19:27:54,393 [DEBUG]  OP: Operation.CREATE_LEAF on slice (165, 1) (remaining tasks 67)
2025-04-24 19:27:54,393 [DEBUG]  		 created leaf IdentityNumericLeaf for scope=[79] (in 0.00024 secs)
2025-04-24 19:27:54,394 [DEBUG]  OP: Operation.NAIVE_FACTORIZATION on slice (165, 14) (remaining tasks 66)
2025-04-24 19:27:54,409 [DEBUG]  		naive factorization 14 columns (in 0.01534 secs)
2025-04-24 19:27:54,410 [DEBUG]  OP: Operation.SPLIT_COLUMNS on slice (4380, 15) (remaining tasks 65)
2025-04-24 19:27:57,986 [DEBUG]  		found 1 col clusters (in 3.57593 secs)
2025-04-24 19:27:57,987 [DEBUG]  OP: Operation.CREATE_LEAF on slice (4380, 1) (remaining tasks 65)
2025-04-24 19:27:57,988 [DEBUG]  		 created leaf IdentityNumericLeaf for scope=[11] (in 0.00039 secs)
2025-04-24 19:27:57,988 [DEBUG]  OP: Operation.CREATE_LEAF on slice (10344, 1) (remaining tasks 64)
2025-04-24 19:27:57,989 [DEBUG]  		 created leaf IdentityNumericLeaf for scope=[2] (in 0.00050 secs)
2025-04-24 19:27:57,989 [DEBUG]  OP: Operation.SPLIT_COLUMNS on slice (10344, 3) (remaining tasks 63)
2025-04-24 19:27:58,261 [DEBUG]  		found 1 col clusters (in 0.27194 secs)
2025-04-24 19:27:58,262 [DEBUG]  OP: Operation.CREATE_LEAF on slice (10344, 1) (remaining tasks 63)
2025-04-24 19:27:58,263 [DEBUG]  		 created leaf IdentityNumericLeaf for scope=[8] (in 0.00054 secs)
2025-04-24 19:27:58,263 [DEBUG]  OP: Operation.SPLIT_COLUMNS on slice (10344, 2) (remaining tasks 62)
2025-04-24 19:27:58,426 [DEBUG]  		found 1 col clusters (in 0.16258 secs)
2025-04-24 19:27:58,426 [DEBUG]  OP: Operation.CREATE_LEAF on slice (10344, 1) (remaining tasks 62)
2025-04-24 19:27:58,427 [DEBUG]  		 created leaf IdentityNumericLeaf for scope=[19] (in 0.00056 secs)
2025-04-24 19:27:58,428 [DEBUG]  OP: Operation.SPLIT_COLUMNS on slice (10344, 2) (remaining tasks 61)
2025-04-24 19:27:58,542 [DEBUG]  		found 1 col clusters (in 0.11433 secs)
2025-04-24 19:27:58,542 [DEBUG]  OP: Operation.CREATE_LEAF on slice (10344, 1) (remaining tasks 61)
2025-04-24 19:27:58,543 [DEBUG]  		 created leaf IdentityNumericLeaf for scope=[30] (in 0.00062 secs)
2025-04-24 19:27:58,544 [DEBUG]  OP: Operation.SPLIT_COLUMNS on slice (10344, 2) (remaining tasks 60)
2025-04-24 19:27:58,654 [DEBUG]  		found 1 col clusters (in 0.11020 secs)
2025-04-24 19:27:58,654 [DEBUG]  OP: Operation.CREATE_LEAF on slice (10344, 1) (remaining tasks 60)
2025-04-24 19:27:58,655 [DEBUG]  		 created leaf IdentityNumericLeaf for scope=[54] (in 0.00058 secs)
2025-04-24 19:27:58,655 [DEBUG]  OP: Operation.CREATE_LEAF on slice (10344, 1) (remaining tasks 59)
2025-04-24 19:27:58,656 [DEBUG]  		 created leaf IdentityNumericLeaf for scope=[66] (in 0.00061 secs)
2025-04-24 19:27:58,656 [DEBUG]  OP: Operation.CREATE_LEAF on slice (10344, 1) (remaining tasks 58)
2025-04-24 19:27:58,657 [DEBUG]  		 created leaf IdentityNumericLeaf for scope=[69] (in 0.00053 secs)
2025-04-24 19:27:58,657 [DEBUG]  OP: Operation.CREATE_LEAF on slice (14046, 1) (remaining tasks 57)
2025-04-24 19:27:58,657 [DEBUG]  		 created leaf IdentityNumericLeaf for scope=[40] (in 0.00067 secs)
2025-04-24 19:27:58,658 [DEBUG]  OP: Operation.SPLIT_COLUMNS on slice (14046, 6) (remaining tasks 56)
2025-04-24 19:27:59,315 [DEBUG]  		found 4 col clusters (in 0.65667 secs)
2025-04-24 19:27:59,316 [DEBUG]  OP: Operation.SPLIT_ROWS on slice (678, 7) (remaining tasks 59)
2025-04-24 19:27:59,415 [DEBUG]  		found 2 row clusters (in 0.09929 secs)
2025-04-24 19:27:59,415 [DEBUG]  OP: Operation.CREATE_LEAF on slice (13925, 1) (remaining tasks 60)
2025-04-24 19:27:59,416 [DEBUG]  		 created leaf IdentityNumericLeaf for scope=[77] (in 0.00058 secs)
2025-04-24 19:27:59,416 [DEBUG]  OP: Operation.CREATE_LEAF on slice (13925, 1) (remaining tasks 59)
2025-04-24 19:27:59,417 [DEBUG]  		 created leaf IdentityNumericLeaf for scope=[7] (in 0.00060 secs)
2025-04-24 19:27:59,417 [DEBUG]  OP: Operation.CREATE_LEAF on slice (799, 1) (remaining tasks 58)
2025-04-24 19:27:59,417 [DEBUG]  		 created leaf IdentityNumericLeaf for scope=[77] (in 0.00026 secs)
2025-04-24 19:27:59,417 [DEBUG]  OP: Operation.CREATE_LEAF on slice (799, 1) (remaining tasks 57)
2025-04-24 19:27:59,418 [DEBUG]  		 created leaf IdentityNumericLeaf for scope=[7] (in 0.00025 secs)
2025-04-24 19:27:59,418 [DEBUG]  OP: Operation.CREATE_LEAF on slice (13268, 1) (remaining tasks 56)
2025-04-24 19:27:59,419 [DEBUG]  		 created leaf IdentityNumericLeaf for scope=[9] (in 0.00057 secs)
2025-04-24 19:27:59,419 [DEBUG]  OP: Operation.CREATE_LEAF on slice (13268, 1) (remaining tasks 55)
2025-04-24 19:27:59,419 [DEBUG]  		 created leaf IdentityNumericLeaf for scope=[39] (in 0.00057 secs)
2025-04-24 19:27:59,420 [DEBUG]  OP: Operation.CREATE_LEAF on slice (13268, 1) (remaining tasks 54)
2025-04-24 19:27:59,420 [DEBUG]  		 created leaf IdentityNumericLeaf for scope=[86] (in 0.00056 secs)
2025-04-24 19:27:59,420 [DEBUG]  OP: Operation.CREATE_LEAF on slice (1456, 1) (remaining tasks 53)
2025-04-24 19:27:59,421 [DEBUG]  		 created leaf IdentityNumericLeaf for scope=[9] (in 0.00028 secs)
2025-04-24 19:27:59,421 [DEBUG]  OP: Operation.CREATE_LEAF on slice (1456, 1) (remaining tasks 52)
2025-04-24 19:27:59,421 [DEBUG]  		 created leaf IdentityNumericLeaf for scope=[39] (in 0.00025 secs)
2025-04-24 19:27:59,421 [DEBUG]  OP: Operation.CREATE_LEAF on slice (1456, 1) (remaining tasks 51)
2025-04-24 19:27:59,422 [DEBUG]  		 created leaf IdentityNumericLeaf for scope=[86] (in 0.00025 secs)
2025-04-24 19:27:59,422 [DEBUG]  OP: Operation.CREATE_LEAF on slice (12685, 1) (remaining tasks 50)
2025-04-24 19:27:59,422 [DEBUG]  		 created leaf IdentityNumericLeaf for scope=[61] (in 0.00054 secs)
2025-04-24 19:27:59,460 [DEBUG]  OP: Operation.SPLIT_COLUMNS on slice (12685, 2) (remaining tasks 49)
2025-04-24 19:27:59,578 [DEBUG]  		found 2 col clusters (in 0.11537 secs)
2025-04-24 19:27:59,578 [DEBUG]  OP: Operation.CREATE_LEAF on slice (2039, 1) (remaining tasks 50)
2025-04-24 19:27:59,578 [DEBUG]  		 created leaf IdentityNumericLeaf for scope=[16] (in 0.00031 secs)
2025-04-24 19:27:59,578 [DEBUG]  OP: Operation.CREATE_LEAF on slice (2039, 1) (remaining tasks 49)
2025-04-24 19:27:59,579 [DEBUG]  		 created leaf IdentityNumericLeaf for scope=[26] (in 0.00030 secs)
2025-04-24 19:27:59,579 [DEBUG]  OP: Operation.CREATE_LEAF on slice (2039, 1) (remaining tasks 48)
2025-04-24 19:27:59,579 [DEBUG]  		 created leaf IdentityNumericLeaf for scope=[61] (in 0.00024 secs)
2025-04-24 19:27:59,579 [DEBUG]  OP: Operation.CREATE_LEAF on slice (13805, 1) (remaining tasks 47)
2025-04-24 19:27:59,580 [DEBUG]  		 created leaf IdentityNumericLeaf for scope=[63] (in 0.00054 secs)
2025-04-24 19:27:59,580 [DEBUG]  OP: Operation.CREATE_LEAF on slice (13805, 1) (remaining tasks 46)
2025-04-24 19:27:59,581 [DEBUG]  		 created leaf IdentityNumericLeaf for scope=[34] (in 0.00058 secs)
2025-04-24 19:27:59,581 [DEBUG]  OP: Operation.CREATE_LEAF on slice (919, 1) (remaining tasks 45)
2025-04-24 19:27:59,581 [DEBUG]  		 created leaf IdentityNumericLeaf for scope=[63] (in 0.00023 secs)
2025-04-24 19:27:59,581 [DEBUG]  OP: Operation.CREATE_LEAF on slice (919, 1) (remaining tasks 44)
2025-04-24 19:27:59,582 [DEBUG]  		 created leaf IdentityNumericLeaf for scope=[34] (in 0.00024 secs)
2025-04-24 19:27:59,582 [DEBUG]  OP: Operation.CREATE_LEAF on slice (14515, 1) (remaining tasks 43)
2025-04-24 19:27:59,582 [DEBUG]  		 created leaf IdentityNumericLeaf for scope=[43] (in 0.00056 secs)
2025-04-24 19:27:59,583 [DEBUG]  OP: Operation.CREATE_LEAF on slice (14515, 1) (remaining tasks 42)
2025-04-24 19:27:59,583 [DEBUG]  		 created leaf IdentityNumericLeaf for scope=[64] (in 0.00056 secs)
2025-04-24 19:27:59,583 [DEBUG]  OP: Operation.CREATE_LEAF on slice (14114, 1) (remaining tasks 41)
2025-04-24 19:27:59,584 [DEBUG]  		 created leaf IdentityNumericLeaf for scope=[68] (in 0.00056 secs)
2025-04-24 19:27:59,584 [DEBUG]  OP: Operation.CREATE_LEAF on slice (14114, 1) (remaining tasks 40)
2025-04-24 19:27:59,585 [DEBUG]  		 created leaf IdentityNumericLeaf for scope=[72] (in 0.00054 secs)
2025-04-24 19:27:59,587 [DEBUG]  OP: Operation.REMOVE_UNINFORMATIVE_FEATURES on slice (13125, 2) (remaining tasks 39)
2025-04-24 19:27:59,587 [DEBUG]  OP: Operation.REMOVE_UNINFORMATIVE_FEATURES on slice (1483, 2) (remaining tasks 40)
2025-04-24 19:27:59,590 [DEBUG]  OP: Operation.REMOVE_UNINFORMATIVE_FEATURES on slice (13855, 16) (remaining tasks 41)
2025-04-24 19:27:59,591 [DEBUG]  OP: Operation.REMOVE_UNINFORMATIVE_FEATURES on slice (753, 16) (remaining tasks 49)
2025-04-24 19:27:59,593 [DEBUG]  OP: Operation.SPLIT_COLUMNS on slice (14525, 4) (remaining tasks 52)
2025-04-24 19:27:59,813 [DEBUG]  		found 4 col clusters (in 0.22043 secs)
2025-04-24 19:27:59,814 [DEBUG]  OP: Operation.NAIVE_FACTORIZATION on slice (83, 4) (remaining tasks 55)
2025-04-24 19:27:59,818 [DEBUG]  		naive factorization 4 columns (in 0.00395 secs)
2025-04-24 19:27:59,820 [DEBUG]  OP: Operation.REMOVE_UNINFORMATIVE_FEATURES on slice (14467, 2) (remaining tasks 54)
2025-04-24 19:27:59,821 [DEBUG]  OP: Operation.REMOVE_UNINFORMATIVE_FEATURES on slice (141, 2) (remaining tasks 55)
2025-04-24 19:27:59,823 [DEBUG]  OP: Operation.REMOVE_UNINFORMATIVE_FEATURES on slice (14371, 3) (remaining tasks 56)
2025-04-24 19:27:59,823 [DEBUG]  OP: Operation.REMOVE_UNINFORMATIVE_FEATURES on slice (237, 3) (remaining tasks 57)
2025-04-24 19:27:59,824 [DEBUG]  OP: Operation.SPLIT_COLUMNS on slice (1424, 5) (remaining tasks 58)
2025-04-24 19:28:00,394 [DEBUG]  		found 2 col clusters (in 0.56935 secs)
2025-04-24 19:28:00,396 [DEBUG]  OP: Operation.REMOVE_UNINFORMATIVE_FEATURES on slice (13184, 5) (remaining tasks 59)
2025-04-24 19:28:00,398 [DEBUG]  OP: Operation.REMOVE_UNINFORMATIVE_FEATURES on slice (14501, 2) (remaining tasks 60)
2025-04-24 19:28:00,399 [DEBUG]  OP: Operation.REMOVE_UNINFORMATIVE_FEATURES on slice (107, 2) (remaining tasks 61)
2025-04-24 19:28:00,400 [DEBUG]  OP: Operation.REMOVE_UNINFORMATIVE_FEATURES on slice (6215, 2) (remaining tasks 62)
2025-04-24 19:28:00,401 [DEBUG]  OP: Operation.REMOVE_UNINFORMATIVE_FEATURES on slice (8393, 2) (remaining tasks 63)
2025-04-24 19:28:00,403 [DEBUG]  OP: Operation.SPLIT_COLUMNS on slice (14432, 2) (remaining tasks 64)
2025-04-24 19:28:00,591 [DEBUG]  		found 2 col clusters (in 0.18757 secs)
2025-04-24 19:28:00,591 [DEBUG]  OP: Operation.NAIVE_FACTORIZATION on slice (176, 2) (remaining tasks 65)
2025-04-24 19:28:00,597 [DEBUG]  		naive factorization 2 columns (in 0.00543 secs)
2025-04-24 19:28:00,599 [DEBUG]  OP: Operation.NAIVE_FACTORIZATION on slice (14223, 2) (remaining tasks 64)
2025-04-24 19:28:00,605 [DEBUG]  		naive factorization 2 columns (in 0.00628 secs)
2025-04-24 19:28:00,606 [DEBUG]  OP: Operation.REMOVE_UNINFORMATIVE_FEATURES on slice (385, 2) (remaining tasks 63)
2025-04-24 19:28:00,607 [DEBUG]  OP: Operation.SPLIT_COLUMNS on slice (2513, 2) (remaining tasks 64)
2025-04-24 19:28:00,713 [DEBUG]  		found 2 col clusters (in 0.10580 secs)
2025-04-24 19:28:00,714 [DEBUG]  OP: Operation.NAIVE_FACTORIZATION on slice (12095, 2) (remaining tasks 65)
2025-04-24 19:28:00,718 [DEBUG]  		naive factorization 2 columns (in 0.00399 secs)
2025-04-24 19:28:00,721 [DEBUG]  OP: Operation.REMOVE_UNINFORMATIVE_FEATURES on slice (14198, 2) (remaining tasks 64)
2025-04-24 19:28:00,722 [DEBUG]  OP: Operation.REMOVE_UNINFORMATIVE_FEATURES on slice (410, 2) (remaining tasks 65)
2025-04-24 19:28:00,723 [DEBUG]  OP: Operation.SPLIT_COLUMNS on slice (14559, 7) (remaining tasks 66)
2025-04-24 19:28:01,753 [DEBUG]  		found 1 col clusters (in 1.02983 secs)
2025-04-24 19:28:01,754 [DEBUG]  OP: Operation.SPLIT_COLUMNS on slice (14559, 8) (remaining tasks 66)
2025-04-24 19:28:03,869 [DEBUG]  		found 1 col clusters (in 2.11481 secs)
2025-04-24 19:28:03,869 [DEBUG]  OP: Operation.CREATE_LEAF on slice (14559, 1) (remaining tasks 66)
2025-04-24 19:28:03,870 [DEBUG]  		 created leaf IdentityNumericLeaf for scope=[59] (in 0.00057 secs)
2025-04-24 19:28:03,871 [DEBUG]  OP: Operation.SPLIT_ROWS on slice (4380, 15) (remaining tasks 65)
2025-04-24 19:28:03,994 [DEBUG]  		found 2 row clusters (in 0.12316 secs)
2025-04-24 19:28:03,995 [DEBUG]  OP: Operation.SPLIT_ROWS on slice (10344, 3) (remaining tasks 66)
2025-04-24 19:28:04,029 [DEBUG]  		found 2 row clusters (in 0.03387 secs)
2025-04-24 19:28:04,029 [DEBUG]  OP: Operation.SPLIT_ROWS on slice (10344, 2) (remaining tasks 67)
2025-04-24 19:28:04,061 [DEBUG]  		found 2 row clusters (in 0.03185 secs)
2025-04-24 19:28:04,061 [DEBUG]  OP: Operation.SPLIT_ROWS on slice (10344, 2) (remaining tasks 68)
2025-04-24 19:28:04,092 [DEBUG]  		found 2 row clusters (in 0.03012 secs)
2025-04-24 19:28:04,092 [DEBUG]  OP: Operation.SPLIT_ROWS on slice (10344, 2) (remaining tasks 69)
2025-04-24 19:28:04,123 [DEBUG]  		found 2 row clusters (in 0.03106 secs)
2025-04-24 19:28:04,123 [DEBUG]  OP: Operation.CREATE_LEAF on slice (14046, 1) (remaining tasks 70)
2025-04-24 19:28:04,124 [DEBUG]  		 created leaf IdentityNumericLeaf for scope=[3] (in 0.00039 secs)
2025-04-24 19:28:04,124 [DEBUG]  OP: Operation.SPLIT_COLUMNS on slice (14046, 3) (remaining tasks 69)
2025-04-24 19:28:04,234 [DEBUG]  		found 1 col clusters (in 0.10972 secs)
2025-04-24 19:28:04,234 [DEBUG]  OP: Operation.CREATE_LEAF on slice (14046, 1) (remaining tasks 69)
2025-04-24 19:28:04,235 [DEBUG]  		 created leaf IdentityNumericLeaf for scope=[33] (in 0.00064 secs)
2025-04-24 19:28:04,235 [DEBUG]  OP: Operation.CREATE_LEAF on slice (14046, 1) (remaining tasks 68)
2025-04-24 19:28:04,235 [DEBUG]  		 created leaf IdentityNumericLeaf for scope=[85] (in 0.00055 secs)
2025-04-24 19:28:04,236 [DEBUG]  OP: Operation.REMOVE_UNINFORMATIVE_FEATURES on slice (493, 7) (remaining tasks 67)
2025-04-24 19:28:04,236 [DEBUG]  OP: Operation.NAIVE_FACTORIZATION on slice (185, 7) (remaining tasks 68)
2025-04-24 19:28:04,242 [DEBUG]  		naive factorization 7 columns (in 0.00604 secs)
2025-04-24 19:28:04,242 [DEBUG]  OP: Operation.CREATE_LEAF on slice (12685, 1) (remaining tasks 67)
2025-04-24 19:28:04,243 [DEBUG]  		 created leaf IdentityNumericLeaf for scope=[16] (in 0.00051 secs)
2025-04-24 19:28:04,243 [DEBUG]  OP: Operation.CREATE_LEAF on slice (12685, 1) (remaining tasks 66)
2025-04-24 19:28:04,244 [DEBUG]  		 created leaf IdentityNumericLeaf for scope=[26] (in 0.00057 secs)
2025-04-24 19:28:04,244 [DEBUG]  OP: Operation.CREATE_LEAF on slice (13125, 1) (remaining tasks 65)
2025-04-24 19:28:04,244 [DEBUG]  		 created leaf IdentityNumericLeaf for scope=[0] (in 0.00053 secs)
2025-04-24 19:28:04,245 [DEBUG]  OP: Operation.CREATE_LEAF on slice (13125, 1) (remaining tasks 64)
2025-04-24 19:28:04,245 [DEBUG]  		 created leaf IdentityNumericLeaf for scope=[33] (in 0.00056 secs)
2025-04-24 19:28:04,245 [DEBUG]  OP: Operation.CREATE_LEAF on slice (1483, 1) (remaining tasks 63)
2025-04-24 19:28:04,246 [DEBUG]  		 created leaf IdentityNumericLeaf for scope=[0] (in 0.00025 secs)
2025-04-24 19:28:04,246 [DEBUG]  OP: Operation.CREATE_LEAF on slice (1483, 1) (remaining tasks 62)
2025-04-24 19:28:04,246 [DEBUG]  		 created leaf IdentityNumericLeaf for scope=[33] (in 0.00025 secs)
2025-04-24 19:28:04,246 [DEBUG]  OP: Operation.CREATE_LEAF on slice (13855, 1) (remaining tasks 61)
2025-04-24 19:28:04,247 [DEBUG]  		 created leaf IdentityNumericLeaf for scope=[15] (in 0.00078 secs)
2025-04-24 19:28:04,247 [DEBUG]  OP: Operation.CREATE_LEAF on slice (13855, 1) (remaining tasks 60)
2025-04-24 19:28:04,248 [DEBUG]  		 created leaf IdentityNumericLeaf for scope=[27] (in 0.00060 secs)
2025-04-24 19:28:04,248 [DEBUG]  OP: Operation.CREATE_LEAF on slice (13855, 1) (remaining tasks 59)
2025-04-24 19:28:04,249 [DEBUG]  		 created leaf IdentityNumericLeaf for scope=[32] (in 0.00071 secs)
2025-04-24 19:28:04,249 [DEBUG]  OP: Operation.CREATE_LEAF on slice (13855, 1) (remaining tasks 58)
2025-04-24 19:28:04,250 [DEBUG]  		 created leaf IdentityNumericLeaf for scope=[37] (in 0.00060 secs)
2025-04-24 19:28:04,250 [DEBUG]  OP: Operation.CREATE_LEAF on slice (13855, 1) (remaining tasks 57)
2025-04-24 19:28:04,250 [DEBUG]  		 created leaf IdentityNumericLeaf for scope=[45] (in 0.00061 secs)
2025-04-24 19:28:04,251 [DEBUG]  OP: Operation.CREATE_LEAF on slice (13855, 1) (remaining tasks 56)
2025-04-24 19:28:04,251 [DEBUG]  		 created leaf IdentityNumericLeaf for scope=[49] (in 0.00061 secs)
2025-04-24 19:28:04,251 [DEBUG]  OP: Operation.CREATE_LEAF on slice (13855, 1) (remaining tasks 55)
2025-04-24 19:28:04,252 [DEBUG]  		 created leaf IdentityNumericLeaf for scope=[51] (in 0.00060 secs)
2025-04-24 19:28:04,252 [DEBUG]  OP: Operation.CREATE_LEAF on slice (13855, 1) (remaining tasks 54)
2025-04-24 19:28:04,253 [DEBUG]  		 created leaf IdentityNumericLeaf for scope=[60] (in 0.00061 secs)
2025-04-24 19:28:04,254 [DEBUG]  OP: Operation.SPLIT_COLUMNS on slice (13855, 8) (remaining tasks 53)
2025-04-24 19:28:05,744 [DEBUG]  		found 7 col clusters (in 1.48990 secs)
2025-04-24 19:28:05,744 [DEBUG]  OP: Operation.CREATE_LEAF on slice (753, 1) (remaining tasks 59)
2025-04-24 19:28:05,745 [DEBUG]  		 created leaf IdentityNumericLeaf for scope=[1] (in 0.00032 secs)
2025-04-24 19:28:05,745 [DEBUG]  OP: Operation.CREATE_LEAF on slice (753, 1) (remaining tasks 58)
2025-04-24 19:28:05,745 [DEBUG]  		 created leaf IdentityNumericLeaf for scope=[29] (in 0.00026 secs)
2025-04-24 19:28:05,746 [DEBUG]  OP: Operation.CREATE_LEAF on slice (753, 1) (remaining tasks 57)
2025-04-24 19:28:05,746 [DEBUG]  		 created leaf IdentityNumericLeaf for scope=[79] (in 0.00025 secs)
2025-04-24 19:28:05,747 [DEBUG]  OP: Operation.SPLIT_COLUMNS on slice (753, 13) (remaining tasks 56)
2025-04-24 19:28:09,146 [DEBUG]  		found 2 col clusters (in 3.39906 secs)
2025-04-24 19:28:09,146 [DEBUG]  OP: Operation.CREATE_LEAF on slice (14525, 1) (remaining tasks 57)
2025-04-24 19:28:09,147 [DEBUG]  		 created leaf IdentityNumericLeaf for scope=[3] (in 0.00058 secs)
2025-04-24 19:28:09,147 [DEBUG]  OP: Operation.CREATE_LEAF on slice (14525, 1) (remaining tasks 56)
2025-04-24 19:28:09,148 [DEBUG]  		 created leaf IdentityNumericLeaf for scope=[4] (in 0.00059 secs)
2025-04-24 19:28:09,148 [DEBUG]  OP: Operation.CREATE_LEAF on slice (14525, 1) (remaining tasks 55)
2025-04-24 19:28:09,149 [DEBUG]  		 created leaf IdentityNumericLeaf for scope=[28] (in 0.00059 secs)
2025-04-24 19:28:09,149 [DEBUG]  OP: Operation.CREATE_LEAF on slice (14525, 1) (remaining tasks 54)
2025-04-24 19:28:09,150 [DEBUG]  		 created leaf IdentityNumericLeaf for scope=[35] (in 0.00058 secs)
2025-04-24 19:28:09,150 [DEBUG]  OP: Operation.CREATE_LEAF on slice (14467, 1) (remaining tasks 53)
2025-04-24 19:28:09,151 [DEBUG]  		 created leaf IdentityNumericLeaf for scope=[6] (in 0.00058 secs)
2025-04-24 19:28:09,151 [DEBUG]  OP: Operation.CREATE_LEAF on slice (14467, 1) (remaining tasks 52)
2025-04-24 19:28:09,152 [DEBUG]  		 created leaf IdentityNumericLeaf for scope=[84] (in 0.00057 secs)
2025-04-24 19:28:09,152 [DEBUG]  OP: Operation.CREATE_LEAF on slice (141, 1) (remaining tasks 51)
2025-04-24 19:28:09,152 [DEBUG]  		 created leaf IdentityNumericLeaf for scope=[6] (in 0.00024 secs)
2025-04-24 19:28:09,153 [DEBUG]  OP: Operation.CREATE_LEAF on slice (141, 1) (remaining tasks 50)
2025-04-24 19:28:09,153 [DEBUG]  		 created leaf IdentityNumericLeaf for scope=[84] (in 0.00021 secs)
2025-04-24 19:28:09,153 [DEBUG]  OP: Operation.CREATE_LEAF on slice (14371, 1) (remaining tasks 49)
2025-04-24 19:28:09,154 [DEBUG]  		 created leaf IdentityNumericLeaf for scope=[17] (in 0.00059 secs)
2025-04-24 19:28:09,155 [DEBUG]  OP: Operation.SPLIT_COLUMNS on slice (14371, 2) (remaining tasks 48)
2025-04-24 19:28:09,413 [DEBUG]  		found 2 col clusters (in 0.25778 secs)
2025-04-24 19:28:09,413 [DEBUG]  OP: Operation.CREATE_LEAF on slice (237, 1) (remaining tasks 49)
2025-04-24 19:28:09,413 [DEBUG]  		 created leaf IdentityNumericLeaf for scope=[17] (in 0.00020 secs)
2025-04-24 19:28:09,413 [DEBUG]  OP: Operation.NAIVE_FACTORIZATION on slice (237, 2) (remaining tasks 48)
2025-04-24 19:28:09,415 [DEBUG]  		naive factorization 2 columns (in 0.00171 secs)
2025-04-24 19:28:09,415 [DEBUG]  OP: Operation.SPLIT_COLUMNS on slice (1424, 4) (remaining tasks 47)
2025-04-24 19:28:09,623 [DEBUG]  		found 1 col clusters (in 0.20733 secs)
2025-04-24 19:28:09,623 [DEBUG]  OP: Operation.CREATE_LEAF on slice (1424, 1) (remaining tasks 47)
2025-04-24 19:28:09,623 [DEBUG]  		 created leaf IdentityNumericLeaf for scope=[81] (in 0.00027 secs)
2025-04-24 19:28:09,623 [DEBUG]  OP: Operation.CREATE_LEAF on slice (13184, 1) (remaining tasks 46)
2025-04-24 19:28:09,624 [DEBUG]  		 created leaf IdentityNumericLeaf for scope=[81] (in 0.00062 secs)
2025-04-24 19:28:09,625 [DEBUG]  OP: Operation.SPLIT_COLUMNS on slice (13184, 4) (remaining tasks 45)
2025-04-24 19:28:09,939 [DEBUG]  		found 4 col clusters (in 0.31464 secs)
2025-04-24 19:28:09,940 [DEBUG]  OP: Operation.CREATE_LEAF on slice (14501, 1) (remaining tasks 48)
2025-04-24 19:28:09,941 [DEBUG]  		 created leaf IdentityNumericLeaf for scope=[52] (in 0.00058 secs)
2025-04-24 19:28:09,941 [DEBUG]  OP: Operation.CREATE_LEAF on slice (14501, 1) (remaining tasks 47)
2025-04-24 19:28:09,942 [DEBUG]  		 created leaf IdentityNumericLeaf for scope=[24] (in 0.00055 secs)
2025-04-24 19:28:09,942 [DEBUG]  OP: Operation.CREATE_LEAF on slice (107, 1) (remaining tasks 46)
2025-04-24 19:28:09,942 [DEBUG]  		 created leaf IdentityNumericLeaf for scope=[52] (in 0.00024 secs)
2025-04-24 19:28:09,942 [DEBUG]  OP: Operation.CREATE_LEAF on slice (107, 1) (remaining tasks 45)
2025-04-24 19:28:09,943 [DEBUG]  		 created leaf IdentityNumericLeaf for scope=[24] (in 0.00022 secs)
2025-04-24 19:28:09,943 [DEBUG]  OP: Operation.CREATE_LEAF on slice (6215, 1) (remaining tasks 44)
2025-04-24 19:28:09,944 [DEBUG]  		 created leaf IdentityNumericLeaf for scope=[66] (in 0.00038 secs)
2025-04-24 19:28:09,944 [DEBUG]  OP: Operation.CREATE_LEAF on slice (6215, 1) (remaining tasks 43)
2025-04-24 19:28:09,944 [DEBUG]  		 created leaf IdentityNumericLeaf for scope=[39] (in 0.00043 secs)
2025-04-24 19:28:09,945 [DEBUG]  OP: Operation.CREATE_LEAF on slice (8393, 1) (remaining tasks 42)
2025-04-24 19:28:09,945 [DEBUG]  		 created leaf IdentityNumericLeaf for scope=[66] (in 0.00041 secs)
2025-04-24 19:28:09,945 [DEBUG]  OP: Operation.CREATE_LEAF on slice (8393, 1) (remaining tasks 41)
2025-04-24 19:28:09,946 [DEBUG]  		 created leaf IdentityNumericLeaf for scope=[39] (in 0.00041 secs)
2025-04-24 19:28:09,946 [DEBUG]  OP: Operation.CREATE_LEAF on slice (14432, 1) (remaining tasks 40)
2025-04-24 19:28:09,947 [DEBUG]  		 created leaf IdentityNumericLeaf for scope=[43] (in 0.00060 secs)
2025-04-24 19:28:09,947 [DEBUG]  OP: Operation.CREATE_LEAF on slice (14432, 1) (remaining tasks 39)
2025-04-24 19:28:09,948 [DEBUG]  		 created leaf IdentityNumericLeaf for scope=[64] (in 0.00059 secs)
2025-04-24 19:28:09,948 [DEBUG]  OP: Operation.CREATE_LEAF on slice (385, 1) (remaining tasks 38)
2025-04-24 19:28:09,948 [DEBUG]  		 created leaf IdentityNumericLeaf for scope=[48] (in 0.00027 secs)
2025-04-24 19:28:09,949 [DEBUG]  OP: Operation.CREATE_LEAF on slice (385, 1) (remaining tasks 37)
2025-04-24 19:28:09,950 [DEBUG]  		 created leaf IdentityNumericLeaf for scope=[47] (in 0.00061 secs)
2025-04-24 19:28:09,950 [DEBUG]  OP: Operation.CREATE_LEAF on slice (2513, 1) (remaining tasks 36)
2025-04-24 19:28:09,950 [DEBUG]  		 created leaf IdentityNumericLeaf for scope=[53] (in 0.00030 secs)
2025-04-24 19:28:09,950 [DEBUG]  OP: Operation.CREATE_LEAF on slice (2513, 1) (remaining tasks 35)
2025-04-24 19:28:09,951 [DEBUG]  		 created leaf IdentityNumericLeaf for scope=[67] (in 0.00030 secs)
2025-04-24 19:28:09,951 [DEBUG]  OP: Operation.CREATE_LEAF on slice (14198, 1) (remaining tasks 34)
2025-04-24 19:28:09,952 [DEBUG]  		 created leaf IdentityNumericLeaf for scope=[68] (in 0.00059 secs)
2025-04-24 19:28:09,952 [DEBUG]  OP: Operation.CREATE_LEAF on slice (14198, 1) (remaining tasks 33)
2025-04-24 19:28:09,953 [DEBUG]  		 created leaf IdentityNumericLeaf for scope=[72] (in 0.00054 secs)
2025-04-24 19:28:09,953 [DEBUG]  OP: Operation.CREATE_LEAF on slice (410, 1) (remaining tasks 32)
2025-04-24 19:28:09,954 [DEBUG]  		 created leaf IdentityNumericLeaf for scope=[68] (in 0.00024 secs)
2025-04-24 19:28:09,954 [DEBUG]  OP: Operation.CREATE_LEAF on slice (410, 1) (remaining tasks 31)
2025-04-24 19:28:09,954 [DEBUG]  		 created leaf IdentityNumericLeaf for scope=[72] (in 0.00023 secs)
2025-04-24 19:28:09,955 [DEBUG]  OP: Operation.SPLIT_ROWS on slice (14559, 7) (remaining tasks 30)
2025-04-24 19:28:10,114 [DEBUG]  		found 2 row clusters (in 0.15892 secs)
2025-04-24 19:28:10,115 [DEBUG]  OP: Operation.SPLIT_ROWS on slice (14559, 8) (remaining tasks 31)
2025-04-24 19:28:10,195 [DEBUG]  		found 2 row clusters (in 0.07969 secs)
2025-04-24 19:28:10,195 [DEBUG]  OP: Operation.SPLIT_COLUMNS on slice (1498, 15) (remaining tasks 32)
2025-04-24 19:28:18,298 [DEBUG]  		found 6 col clusters (in 8.10247 secs)
2025-04-24 19:28:18,299 [DEBUG]  OP: Operation.SPLIT_COLUMNS on slice (2882, 15) (remaining tasks 37)
2025-04-24 19:28:29,680 [DEBUG]  		found 6 col clusters (in 11.38048 secs)
2025-04-24 19:28:29,682 [DEBUG]  OP: Operation.REMOVE_UNINFORMATIVE_FEATURES on slice (10058, 3) (remaining tasks 42)
2025-04-24 19:28:29,682 [DEBUG]  OP: Operation.NAIVE_FACTORIZATION on slice (286, 3) (remaining tasks 43)
2025-04-24 19:28:29,688 [DEBUG]  		naive factorization 3 columns (in 0.00526 secs)
2025-04-24 19:28:29,688 [DEBUG]  OP: Operation.SPLIT_COLUMNS on slice (2573, 2) (remaining tasks 42)
2025-04-24 19:28:29,863 [DEBUG]  		found 2 col clusters (in 0.17458 secs)
2025-04-24 19:28:29,864 [DEBUG]  OP: Operation.NAIVE_FACTORIZATION on slice (7771, 2) (remaining tasks 43)
2025-04-24 19:28:29,867 [DEBUG]  		naive factorization 2 columns (in 0.00273 secs)
2025-04-24 19:28:29,868 [DEBUG]  OP: Operation.REMOVE_UNINFORMATIVE_FEATURES on slice (10000, 2) (remaining tasks 42)
2025-04-24 19:28:29,868 [DEBUG]  OP: Operation.REMOVE_UNINFORMATIVE_FEATURES on slice (344, 2) (remaining tasks 43)
2025-04-24 19:28:29,868 [DEBUG]  OP: Operation.REMOVE_UNINFORMATIVE_FEATURES on slice (1307, 2) (remaining tasks 44)
2025-04-24 19:28:29,869 [DEBUG]  OP: Operation.REMOVE_UNINFORMATIVE_FEATURES on slice (9037, 2) (remaining tasks 45)
2025-04-24 19:28:29,869 [DEBUG]  OP: Operation.SPLIT_ROWS on slice (14046, 3) (remaining tasks 46)
2025-04-24 19:28:29,911 [DEBUG]  		found 2 row clusters (in 0.04129 secs)
2025-04-24 19:28:29,911 [DEBUG]  OP: Operation.CREATE_LEAF on slice (493, 1) (remaining tasks 47)
2025-04-24 19:28:29,911 [DEBUG]  		 created leaf IdentityNumericLeaf for scope=[40] (in 0.00024 secs)
2025-04-24 19:28:29,911 [DEBUG]  OP: Operation.SPLIT_COLUMNS on slice (493, 6) (remaining tasks 46)
2025-04-24 19:28:30,261 [DEBUG]  		found 5 col clusters (in 0.34927 secs)
2025-04-24 19:28:30,261 [DEBUG]  OP: Operation.CREATE_LEAF on slice (13855, 1) (remaining tasks 50)
2025-04-24 19:28:30,262 [DEBUG]  		 created leaf IdentityNumericLeaf for scope=[1] (in 0.00056 secs)
2025-04-24 19:28:30,262 [DEBUG]  OP: Operation.CREATE_LEAF on slice (13855, 1) (remaining tasks 49)
2025-04-24 19:28:30,263 [DEBUG]  		 created leaf IdentityNumericLeaf for scope=[14] (in 0.00059 secs)
2025-04-24 19:28:30,264 [DEBUG]  OP: Operation.CREATE_LEAF on slice (13855, 1) (remaining tasks 48)
2025-04-24 19:28:30,264 [DEBUG]  		 created leaf IdentityNumericLeaf for scope=[29] (in 0.00059 secs)
2025-04-24 19:28:30,265 [DEBUG]  OP: Operation.CREATE_LEAF on slice (13855, 1) (remaining tasks 47)
2025-04-24 19:28:30,265 [DEBUG]  		 created leaf IdentityNumericLeaf for scope=[41] (in 0.00055 secs)
2025-04-24 19:28:30,266 [DEBUG]  OP: Operation.SPLIT_COLUMNS on slice (13855, 2) (remaining tasks 46)
2025-04-24 19:28:30,555 [DEBUG]  		found 1 col clusters (in 0.28895 secs)
2025-04-24 19:28:30,555 [DEBUG]  OP: Operation.CREATE_LEAF on slice (13855, 1) (remaining tasks 46)
2025-04-24 19:28:30,556 [DEBUG]  		 created leaf IdentityNumericLeaf for scope=[79] (in 0.00041 secs)
2025-04-24 19:28:30,556 [DEBUG]  OP: Operation.CREATE_LEAF on slice (13855, 1) (remaining tasks 45)
2025-04-24 19:28:30,556 [DEBUG]  		 created leaf IdentityNumericLeaf for scope=[83] (in 0.00036 secs)
2025-04-24 19:28:30,556 [DEBUG]  OP: Operation.SPLIT_COLUMNS on slice (753, 9) (remaining tasks 44)
2025-04-24 19:28:32,535 [DEBUG]  		found 1 col clusters (in 1.97839 secs)
2025-04-24 19:28:32,535 [DEBUG]  OP: Operation.SPLIT_COLUMNS on slice (753, 4) (remaining tasks 44)
2025-04-24 19:28:32,860 [DEBUG]  		found 1 col clusters (in 0.32465 secs)
2025-04-24 19:28:32,860 [DEBUG]  OP: Operation.CREATE_LEAF on slice (14371, 1) (remaining tasks 44)
2025-04-24 19:28:32,861 [DEBUG]  		 created leaf IdentityNumericLeaf for scope=[7] (in 0.00063 secs)
2025-04-24 19:28:32,861 [DEBUG]  OP: Operation.CREATE_LEAF on slice (14371, 1) (remaining tasks 43)
2025-04-24 19:28:32,862 [DEBUG]  		 created leaf IdentityNumericLeaf for scope=[77] (in 0.00056 secs)
2025-04-24 19:28:32,862 [DEBUG]  OP: Operation.SPLIT_ROWS on slice (1424, 4) (remaining tasks 42)
2025-04-24 19:28:32,892 [DEBUG]  		found 2 row clusters (in 0.02978 secs)
2025-04-24 19:28:32,892 [DEBUG]  OP: Operation.CREATE_LEAF on slice (13184, 1) (remaining tasks 43)
2025-04-24 19:28:32,893 [DEBUG]  		 created leaf IdentityNumericLeaf for scope=[11] (in 0.00053 secs)
2025-04-24 19:28:32,893 [DEBUG]  OP: Operation.CREATE_LEAF on slice (13184, 1) (remaining tasks 42)
2025-04-24 19:28:32,894 [DEBUG]  		 created leaf IdentityNumericLeaf for scope=[25] (in 0.00053 secs)
2025-04-24 19:28:32,894 [DEBUG]  OP: Operation.CREATE_LEAF on slice (13184, 1) (remaining tasks 41)
2025-04-24 19:28:32,895 [DEBUG]  		 created leaf IdentityNumericLeaf for scope=[40] (in 0.00055 secs)
2025-04-24 19:28:32,895 [DEBUG]  OP: Operation.CREATE_LEAF on slice (13184, 1) (remaining tasks 40)
2025-04-24 19:28:32,895 [DEBUG]  		 created leaf IdentityNumericLeaf for scope=[61] (in 0.00055 secs)
2025-04-24 19:28:32,898 [DEBUG]  OP: Operation.REMOVE_UNINFORMATIVE_FEATURES on slice (14501, 7) (remaining tasks 39)
2025-04-24 19:28:32,898 [DEBUG]  OP: Operation.REMOVE_UNINFORMATIVE_FEATURES on slice (58, 7) (remaining tasks 40)
2025-04-24 19:28:32,911 [DEBUG]  OP: Operation.REMOVE_UNINFORMATIVE_FEATURES on slice (14531, 8) (remaining tasks 44)
2025-04-24 19:28:32,911 [DEBUG]  OP: Operation.NAIVE_FACTORIZATION on slice (28, 8) (remaining tasks 51)
2025-04-24 19:28:32,916 [DEBUG]  		naive factorization 8 columns (in 0.00415 secs)
2025-04-24 19:28:32,916 [DEBUG]  OP: Operation.SPLIT_COLUMNS on slice (1498, 8) (remaining tasks 50)
2025-04-24 19:28:34,631 [DEBUG]  		found 1 col clusters (in 1.71540 secs)
2025-04-24 19:28:34,632 [DEBUG]  OP: Operation.SPLIT_COLUMNS on slice (1498, 2) (remaining tasks 50)
2025-04-24 19:28:34,825 [DEBUG]  		found 1 col clusters (in 0.19287 secs)
2025-04-24 19:28:34,825 [DEBUG]  OP: Operation.CREATE_LEAF on slice (1498, 1) (remaining tasks 50)
2025-04-24 19:28:34,826 [DEBUG]  		 created leaf IdentityNumericLeaf for scope=[8] (in 0.00047 secs)
2025-04-24 19:28:34,826 [DEBUG]  OP: Operation.SPLIT_COLUMNS on slice (1498, 2) (remaining tasks 49)
2025-04-24 19:28:34,935 [DEBUG]  		found 1 col clusters (in 0.10821 secs)
2025-04-24 19:28:34,935 [DEBUG]  OP: Operation.CREATE_LEAF on slice (1498, 1) (remaining tasks 49)
2025-04-24 19:28:34,935 [DEBUG]  		 created leaf IdentityNumericLeaf for scope=[66] (in 0.00026 secs)
2025-04-24 19:28:34,935 [DEBUG]  OP: Operation.CREATE_LEAF on slice (1498, 1) (remaining tasks 48)
2025-04-24 19:28:34,936 [DEBUG]  		 created leaf IdentityNumericLeaf for scope=[69] (in 0.00024 secs)
2025-04-24 19:28:34,936 [DEBUG]  OP: Operation.CREATE_LEAF on slice (2882, 1) (remaining tasks 47)
2025-04-24 19:28:34,936 [DEBUG]  		 created leaf IdentityNumericLeaf for scope=[2] (in 0.00026 secs)
2025-04-24 19:28:34,937 [DEBUG]  OP: Operation.SPLIT_COLUMNS on slice (2882, 9) (remaining tasks 46)
2025-04-24 19:28:38,472 [DEBUG]  		found 1 col clusters (in 3.53572 secs)
2025-04-24 19:28:38,473 [DEBUG]  OP: Operation.CREATE_LEAF on slice (2882, 1) (remaining tasks 46)
2025-04-24 19:28:38,473 [DEBUG]  		 created leaf IdentityNumericLeaf for scope=[8] (in 0.00038 secs)
2025-04-24 19:28:38,473 [DEBUG]  OP: Operation.CREATE_LEAF on slice (2882, 1) (remaining tasks 45)
2025-04-24 19:28:38,474 [DEBUG]  		 created leaf IdentityNumericLeaf for scope=[20] (in 0.00029 secs)
2025-04-24 19:28:38,474 [DEBUG]  OP: Operation.SPLIT_COLUMNS on slice (2882, 2) (remaining tasks 44)
2025-04-24 19:28:38,671 [DEBUG]  		found 1 col clusters (in 0.19699 secs)
2025-04-24 19:28:38,671 [DEBUG]  OP: Operation.CREATE_LEAF on slice (2882, 1) (remaining tasks 44)
2025-04-24 19:28:38,672 [DEBUG]  		 created leaf IdentityNumericLeaf for scope=[69] (in 0.00053 secs)
2025-04-24 19:28:38,672 [DEBUG]  OP: Operation.CREATE_LEAF on slice (10058, 1) (remaining tasks 43)
2025-04-24 19:28:38,673 [DEBUG]  		 created leaf IdentityNumericLeaf for scope=[44] (in 0.00075 secs)
2025-04-24 19:28:38,674 [DEBUG]  OP: Operation.SPLIT_COLUMNS on slice (10058, 2) (remaining tasks 42)
2025-04-24 19:28:38,791 [DEBUG]  		found 2 col clusters (in 0.11663 secs)
2025-04-24 19:28:38,791 [DEBUG]  OP: Operation.CREATE_LEAF on slice (2573, 1) (remaining tasks 43)
2025-04-24 19:28:38,791 [DEBUG]  		 created leaf IdentityNumericLeaf for scope=[11] (in 0.00032 secs)
2025-04-24 19:28:38,791 [DEBUG]  OP: Operation.CREATE_LEAF on slice (2573, 1) (remaining tasks 42)
2025-04-24 19:28:38,792 [DEBUG]  		 created leaf IdentityNumericLeaf for scope=[57] (in 0.00029 secs)
2025-04-24 19:28:38,792 [DEBUG]  OP: Operation.CREATE_LEAF on slice (10000, 1) (remaining tasks 41)
2025-04-24 19:28:38,792 [DEBUG]  		 created leaf IdentityNumericLeaf for scope=[62] (in 0.00047 secs)
2025-04-24 19:28:38,792 [DEBUG]  OP: Operation.CREATE_LEAF on slice (10000, 1) (remaining tasks 40)
2025-04-24 19:28:38,793 [DEBUG]  		 created leaf IdentityNumericLeaf for scope=[20] (in 0.00043 secs)
2025-04-24 19:28:38,793 [DEBUG]  OP: Operation.CREATE_LEAF on slice (344, 1) (remaining tasks 39)
2025-04-24 19:28:38,793 [DEBUG]  		 created leaf IdentityNumericLeaf for scope=[62] (in 0.00024 secs)
2025-04-24 19:28:38,794 [DEBUG]  OP: Operation.CREATE_LEAF on slice (344, 1) (remaining tasks 38)
2025-04-24 19:28:38,794 [DEBUG]  		 created leaf IdentityNumericLeaf for scope=[20] (in 0.00020 secs)
2025-04-24 19:28:38,794 [DEBUG]  OP: Operation.CREATE_LEAF on slice (1307, 1) (remaining tasks 37)
2025-04-24 19:28:38,794 [DEBUG]  		 created leaf IdentityNumericLeaf for scope=[67] (in 0.00022 secs)
2025-04-24 19:28:38,794 [DEBUG]  OP: Operation.CREATE_LEAF on slice (1307, 1) (remaining tasks 36)
2025-04-24 19:28:38,795 [DEBUG]  		 created leaf IdentityNumericLeaf for scope=[53] (in 0.00025 secs)
2025-04-24 19:28:38,795 [DEBUG]  OP: Operation.CREATE_LEAF on slice (9037, 1) (remaining tasks 35)
2025-04-24 19:28:38,795 [DEBUG]  		 created leaf IdentityNumericLeaf for scope=[67] (in 0.00044 secs)
2025-04-24 19:28:38,795 [DEBUG]  OP: Operation.CREATE_LEAF on slice (9037, 1) (remaining tasks 34)
2025-04-24 19:28:38,796 [DEBUG]  		 created leaf IdentityNumericLeaf for scope=[53] (in 0.00044 secs)
2025-04-24 19:28:38,798 [DEBUG]  OP: Operation.REMOVE_UNINFORMATIVE_FEATURES on slice (13990, 3) (remaining tasks 33)
2025-04-24 19:28:38,798 [DEBUG]  OP: Operation.NAIVE_FACTORIZATION on slice (56, 3) (remaining tasks 34)
2025-04-24 19:28:38,802 [DEBUG]  		naive factorization 3 columns (in 0.00313 secs)
2025-04-24 19:28:38,802 [DEBUG]  OP: Operation.CREATE_LEAF on slice (493, 1) (remaining tasks 33)
2025-04-24 19:28:38,802 [DEBUG]  		 created leaf IdentityNumericLeaf for scope=[3] (in 0.00025 secs)
2025-04-24 19:28:38,802 [DEBUG]  OP: Operation.SPLIT_COLUMNS on slice (493, 2) (remaining tasks 32)
2025-04-24 19:28:38,908 [DEBUG]  		found 1 col clusters (in 0.10502 secs)
2025-04-24 19:28:38,908 [DEBUG]  OP: Operation.CREATE_LEAF on slice (493, 1) (remaining tasks 32)
2025-04-24 19:28:38,908 [DEBUG]  		 created leaf IdentityNumericLeaf for scope=[28] (in 0.00022 secs)
2025-04-24 19:28:38,908 [DEBUG]  OP: Operation.CREATE_LEAF on slice (493, 1) (remaining tasks 31)
2025-04-24 19:28:38,908 [DEBUG]  		 created leaf IdentityNumericLeaf for scope=[33] (in 0.00020 secs)
2025-04-24 19:28:38,909 [DEBUG]  OP: Operation.CREATE_LEAF on slice (493, 1) (remaining tasks 30)
2025-04-24 19:28:38,909 [DEBUG]  		 created leaf IdentityNumericLeaf for scope=[85] (in 0.00020 secs)
2025-04-24 19:28:38,909 [DEBUG]  OP: Operation.SPLIT_ROWS on slice (13855, 2) (remaining tasks 29)
2025-04-24 19:28:38,950 [DEBUG]  		found 2 row clusters (in 0.04100 secs)
2025-04-24 19:28:38,951 [DEBUG]  OP: Operation.SPLIT_ROWS on slice (753, 9) (remaining tasks 30)
2025-04-24 19:28:38,973 [DEBUG]  		found 2 row clusters (in 0.02226 secs)
2025-04-24 19:28:38,973 [DEBUG]  OP: Operation.SPLIT_ROWS on slice (753, 4) (remaining tasks 31)
2025-04-24 19:28:38,992 [DEBUG]  		found 2 row clusters (in 0.01895 secs)
2025-04-24 19:28:38,993 [DEBUG]  OP: Operation.NAIVE_FACTORIZATION on slice (289, 4) (remaining tasks 32)
2025-04-24 19:28:38,995 [DEBUG]  		naive factorization 4 columns (in 0.00223 secs)
2025-04-24 19:28:38,995 [DEBUG]  OP: Operation.SPLIT_COLUMNS on slice (1135, 4) (remaining tasks 31)
2025-04-24 19:28:39,275 [DEBUG]  		found 4 col clusters (in 0.27920 secs)
2025-04-24 19:28:39,275 [DEBUG]  OP: Operation.CREATE_LEAF on slice (14501, 1) (remaining tasks 34)
2025-04-24 19:28:39,276 [DEBUG]  		 created leaf IdentityNumericLeaf for scope=[27] (in 0.00063 secs)
2025-04-24 19:28:39,277 [DEBUG]  OP: Operation.SPLIT_COLUMNS on slice (14501, 6) (remaining tasks 33)
2025-04-24 19:28:39,898 [DEBUG]  		found 4 col clusters (in 0.62063 secs)
2025-04-24 19:28:39,898 [DEBUG]  OP: Operation.CREATE_LEAF on slice (58, 1) (remaining tasks 36)
2025-04-24 19:28:39,898 [DEBUG]  		 created leaf IdentityNumericLeaf for scope=[29] (in 0.00028 secs)
2025-04-24 19:28:39,898 [DEBUG]  OP: Operation.CREATE_LEAF on slice (58, 1) (remaining tasks 35)
2025-04-24 19:28:39,899 [DEBUG]  		 created leaf IdentityNumericLeaf for scope=[42] (in 0.00023 secs)
2025-04-24 19:28:39,899 [DEBUG]  OP: Operation.CREATE_LEAF on slice (58, 1) (remaining tasks 34)
2025-04-24 19:28:39,899 [DEBUG]  		 created leaf IdentityNumericLeaf for scope=[79] (in 0.00021 secs)
2025-04-24 19:28:39,899 [DEBUG]  OP: Operation.CREATE_LEAF on slice (58, 1) (remaining tasks 33)
2025-04-24 19:28:39,899 [DEBUG]  		 created leaf IdentityNumericLeaf for scope=[80] (in 0.00021 secs)
2025-04-24 19:28:39,900 [DEBUG]  OP: Operation.NAIVE_FACTORIZATION on slice (58, 3) (remaining tasks 32)
2025-04-24 19:28:39,903 [DEBUG]  		naive factorization 3 columns (in 0.00307 secs)
2025-04-24 19:28:39,903 [DEBUG]  OP: Operation.CREATE_LEAF on slice (14531, 1) (remaining tasks 31)
2025-04-24 19:28:39,904 [DEBUG]  		 created leaf IdentityNumericLeaf for scope=[15] (in 0.00066 secs)
2025-04-24 19:28:39,904 [DEBUG]  OP: Operation.CREATE_LEAF on slice (14531, 1) (remaining tasks 30)
2025-04-24 19:28:39,905 [DEBUG]  		 created leaf IdentityNumericLeaf for scope=[32] (in 0.00057 secs)
2025-04-24 19:28:39,905 [DEBUG]  OP: Operation.CREATE_LEAF on slice (14531, 1) (remaining tasks 29)
2025-04-24 19:28:39,906 [DEBUG]  		 created leaf IdentityNumericLeaf for scope=[45] (in 0.00058 secs)
2025-04-24 19:28:39,906 [DEBUG]  OP: Operation.CREATE_LEAF on slice (14531, 1) (remaining tasks 28)
2025-04-24 19:28:39,907 [DEBUG]  		 created leaf IdentityNumericLeaf for scope=[49] (in 0.00058 secs)
2025-04-24 19:28:39,907 [DEBUG]  OP: Operation.CREATE_LEAF on slice (14531, 1) (remaining tasks 27)
2025-04-24 19:28:39,908 [DEBUG]  		 created leaf IdentityNumericLeaf for scope=[51] (in 0.00057 secs)
2025-04-24 19:28:39,908 [DEBUG]  OP: Operation.CREATE_LEAF on slice (14531, 1) (remaining tasks 26)
2025-04-24 19:28:39,909 [DEBUG]  		 created leaf IdentityNumericLeaf for scope=[60] (in 0.00058 secs)
2025-04-24 19:28:39,909 [DEBUG]  OP: Operation.CREATE_LEAF on slice (14531, 1) (remaining tasks 25)
2025-04-24 19:28:39,910 [DEBUG]  		 created leaf IdentityNumericLeaf for scope=[83] (in 0.00059 secs)
2025-04-24 19:28:39,910 [DEBUG]  OP: Operation.CREATE_LEAF on slice (14531, 1) (remaining tasks 24)
2025-04-24 19:28:39,911 [DEBUG]  		 created leaf IdentityNumericLeaf for scope=[14] (in 0.00057 secs)
2025-04-24 19:28:39,911 [DEBUG]  OP: Operation.SPLIT_ROWS on slice (1498, 8) (remaining tasks 23)
2025-04-24 19:28:40,082 [DEBUG]  		found 2 row clusters (in 0.17078 secs)
2025-04-24 19:28:40,083 [DEBUG]  OP: Operation.SPLIT_ROWS on slice (1498, 2) (remaining tasks 24)
2025-04-24 19:28:40,096 [DEBUG]  		found 2 row clusters (in 0.01292 secs)
2025-04-24 19:28:40,096 [DEBUG]  OP: Operation.SPLIT_ROWS on slice (1498, 2) (remaining tasks 25)
2025-04-24 19:28:40,108 [DEBUG]  		found 2 row clusters (in 0.01265 secs)
2025-04-24 19:28:40,109 [DEBUG]  OP: Operation.SPLIT_ROWS on slice (2882, 9) (remaining tasks 26)
2025-04-24 19:28:40,134 [DEBUG]  		found 2 row clusters (in 0.02534 secs)
2025-04-24 19:28:40,134 [DEBUG]  OP: Operation.SPLIT_ROWS on slice (2882, 2) (remaining tasks 27)
2025-04-24 19:28:40,151 [DEBUG]  		found 2 row clusters (in 0.01688 secs)
2025-04-24 19:28:40,151 [DEBUG]  OP: Operation.CREATE_LEAF on slice (10058, 1) (remaining tasks 28)
2025-04-24 19:28:40,152 [DEBUG]  		 created leaf IdentityNumericLeaf for scope=[6] (in 0.00030 secs)
2025-04-24 19:28:40,152 [DEBUG]  OP: Operation.CREATE_LEAF on slice (10058, 1) (remaining tasks 27)
2025-04-24 19:28:40,152 [DEBUG]  		 created leaf IdentityNumericLeaf for scope=[84] (in 0.00030 secs)
2025-04-24 19:28:40,152 [DEBUG]  OP: Operation.CREATE_LEAF on slice (13990, 1) (remaining tasks 26)
2025-04-24 19:28:40,153 [DEBUG]  		 created leaf IdentityNumericLeaf for scope=[28] (in 0.00037 secs)
2025-04-24 19:28:40,153 [DEBUG]  OP: Operation.SPLIT_COLUMNS on slice (13990, 2) (remaining tasks 25)
2025-04-24 19:28:40,263 [DEBUG]  		found 2 col clusters (in 0.10974 secs)
2025-04-24 19:28:40,263 [DEBUG]  OP: Operation.SPLIT_ROWS on slice (493, 2) (remaining tasks 26)
2025-04-24 19:28:40,281 [DEBUG]  		found 2 row clusters (in 0.01759 secs)
2025-04-24 19:28:40,283 [DEBUG]  OP: Operation.REMOVE_UNINFORMATIVE_FEATURES on slice (13839, 2) (remaining tasks 27)
2025-04-24 19:28:40,283 [DEBUG]  OP: Operation.NAIVE_FACTORIZATION on slice (16, 2) (remaining tasks 28)
2025-04-24 19:28:40,286 [DEBUG]  		naive factorization 2 columns (in 0.00226 secs)
2025-04-24 19:28:40,286 [DEBUG]  OP: Operation.REMOVE_UNINFORMATIVE_FEATURES on slice (391, 9) (remaining tasks 27)
2025-04-24 19:28:40,286 [DEBUG]  OP: Operation.REMOVE_UNINFORMATIVE_FEATURES on slice (362, 9) (remaining tasks 31)
2025-04-24 19:28:40,287 [DEBUG]  OP: Operation.NAIVE_FACTORIZATION on slice (740, 4) (remaining tasks 37)
2025-04-24 19:28:40,290 [DEBUG]  		naive factorization 4 columns (in 0.00316 secs)
2025-04-24 19:28:40,290 [DEBUG]  OP: Operation.REMOVE_UNINFORMATIVE_FEATURES on slice (13, 4) (remaining tasks 36)
2025-04-24 19:28:40,291 [DEBUG]  OP: Operation.CREATE_LEAF on slice (1135, 1) (remaining tasks 37)
2025-04-24 19:28:40,291 [DEBUG]  		 created leaf IdentityNumericLeaf for scope=[11] (in 0.00026 secs)
2025-04-24 19:28:40,291 [DEBUG]  OP: Operation.CREATE_LEAF on slice (1135, 1) (remaining tasks 36)
2025-04-24 19:28:40,292 [DEBUG]  		 created leaf IdentityNumericLeaf for scope=[25] (in 0.00025 secs)
2025-04-24 19:28:40,292 [DEBUG]  OP: Operation.CREATE_LEAF on slice (1135, 1) (remaining tasks 35)
2025-04-24 19:28:40,292 [DEBUG]  		 created leaf IdentityNumericLeaf for scope=[40] (in 0.00023 secs)
2025-04-24 19:28:40,292 [DEBUG]  OP: Operation.CREATE_LEAF on slice (1135, 1) (remaining tasks 34)
2025-04-24 19:28:40,293 [DEBUG]  		 created leaf IdentityNumericLeaf for scope=[61] (in 0.00024 secs)
2025-04-24 19:28:40,293 [DEBUG]  OP: Operation.SPLIT_COLUMNS on slice (14501, 2) (remaining tasks 33)
2025-04-24 19:28:40,404 [DEBUG]  		found 1 col clusters (in 0.11010 secs)
2025-04-24 19:28:40,404 [DEBUG]  OP: Operation.CREATE_LEAF on slice (14501, 1) (remaining tasks 33)
2025-04-24 19:28:40,405 [DEBUG]  		 created leaf IdentityNumericLeaf for scope=[29] (in 0.00062 secs)
2025-04-24 19:28:40,405 [DEBUG]  OP: Operation.CREATE_LEAF on slice (14501, 1) (remaining tasks 32)
2025-04-24 19:28:40,405 [DEBUG]  		 created leaf IdentityNumericLeaf for scope=[37] (in 0.00054 secs)
2025-04-24 19:28:40,406 [DEBUG]  OP: Operation.SPLIT_COLUMNS on slice (14501, 2) (remaining tasks 31)
2025-04-24 19:28:40,516 [DEBUG]  		found 1 col clusters (in 0.10980 secs)
2025-04-24 19:28:40,516 [DEBUG]  OP: Operation.REMOVE_UNINFORMATIVE_FEATURES on slice (1246, 8) (remaining tasks 31)
2025-04-24 19:28:40,517 [DEBUG]  OP: Operation.NAIVE_FACTORIZATION on slice (252, 8) (remaining tasks 32)
2025-04-24 19:28:40,525 [DEBUG]  		naive factorization 8 columns (in 0.00760 secs)
2025-04-24 19:28:40,525 [DEBUG]  OP: Operation.REMOVE_UNINFORMATIVE_FEATURES on slice (1459, 2) (remaining tasks 31)
2025-04-24 19:28:40,526 [DEBUG]  OP: Operation.REMOVE_UNINFORMATIVE_FEATURES on slice (39, 2) (remaining tasks 32)
2025-04-24 19:28:40,526 [DEBUG]  OP: Operation.NAIVE_FACTORIZATION on slice (1493, 2) (remaining tasks 33)
2025-04-24 19:28:40,529 [DEBUG]  		naive factorization 2 columns (in 0.00233 secs)
2025-04-24 19:28:40,529 [DEBUG]  OP: Operation.REMOVE_UNINFORMATIVE_FEATURES on slice (5, 2) (remaining tasks 32)
2025-04-24 19:28:40,530 [DEBUG]  OP: Operation.SPLIT_COLUMNS on slice (1555, 9) (remaining tasks 33)
2025-04-24 19:28:43,274 [DEBUG]  		found 8 col clusters (in 2.74404 secs)
2025-04-24 19:28:43,274 [DEBUG]  OP: Operation.SPLIT_COLUMNS on slice (1327, 9) (remaining tasks 40)
2025-04-24 19:28:46,839 [DEBUG]  		found 6 col clusters (in 3.56412 secs)
2025-04-24 19:28:46,839 [DEBUG]  OP: Operation.SPLIT_COLUMNS on slice (2399, 2) (remaining tasks 45)
2025-04-24 19:28:47,067 [DEBUG]  		found 2 col clusters (in 0.22778 secs)
2025-04-24 19:28:47,068 [DEBUG]  OP: Operation.NAIVE_FACTORIZATION on slice (483, 2) (remaining tasks 46)
2025-04-24 19:28:47,071 [DEBUG]  		naive factorization 2 columns (in 0.00282 secs)
2025-04-24 19:28:47,071 [DEBUG]  OP: Operation.CREATE_LEAF on slice (13990, 1) (remaining tasks 45)
2025-04-24 19:28:47,072 [DEBUG]  		 created leaf IdentityNumericLeaf for scope=[4] (in 0.00090 secs)
2025-04-24 19:28:47,073 [DEBUG]  OP: Operation.CREATE_LEAF on slice (13990, 1) (remaining tasks 44)
2025-04-24 19:28:47,073 [DEBUG]  		 created leaf IdentityNumericLeaf for scope=[35] (in 0.00083 secs)
2025-04-24 19:28:47,074 [DEBUG]  OP: Operation.SPLIT_COLUMNS on slice (469, 2) (remaining tasks 43)
2025-04-24 19:28:47,182 [DEBUG]  		found 2 col clusters (in 0.10792 secs)
2025-04-24 19:28:47,182 [DEBUG]  OP: Operation.NAIVE_FACTORIZATION on slice (24, 2) (remaining tasks 44)
2025-04-24 19:28:47,186 [DEBUG]  		naive factorization 2 columns (in 0.00345 secs)
2025-04-24 19:28:47,186 [DEBUG]  OP: Operation.CREATE_LEAF on slice (13839, 1) (remaining tasks 43)
2025-04-24 19:28:47,187 [DEBUG]  		 created leaf IdentityNumericLeaf for scope=[42] (in 0.00053 secs)
2025-04-24 19:28:47,187 [DEBUG]  OP: Operation.CREATE_LEAF on slice (13839, 1) (remaining tasks 42)
2025-04-24 19:28:47,187 [DEBUG]  		 created leaf IdentityNumericLeaf for scope=[80] (in 0.00054 secs)
2025-04-24 19:28:47,187 [DEBUG]  OP: Operation.CREATE_LEAF on slice (391, 1) (remaining tasks 41)
2025-04-24 19:28:47,188 [DEBUG]  		 created leaf IdentityNumericLeaf for scope=[15] (in 0.00021 secs)
2025-04-24 19:28:47,188 [DEBUG]  OP: Operation.CREATE_LEAF on slice (391, 1) (remaining tasks 40)
2025-04-24 19:28:47,188 [DEBUG]  		 created leaf IdentityNumericLeaf for scope=[49] (in 0.00019 secs)
2025-04-24 19:28:47,188 [DEBUG]  OP: Operation.CREATE_LEAF on slice (391, 1) (remaining tasks 39)
2025-04-24 19:28:47,189 [DEBUG]  		 created leaf IdentityNumericLeaf for scope=[51] (in 0.00019 secs)
2025-04-24 19:28:47,189 [DEBUG]  OP: Operation.CREATE_LEAF on slice (391, 1) (remaining tasks 38)
2025-04-24 19:28:47,189 [DEBUG]  		 created leaf IdentityNumericLeaf for scope=[60] (in 0.00019 secs)
2025-04-24 19:28:47,189 [DEBUG]  OP: Operation.SPLIT_COLUMNS on slice (391, 5) (remaining tasks 37)
2025-04-24 19:28:47,396 [DEBUG]  		found 2 col clusters (in 0.20699 secs)
2025-04-24 19:28:47,396 [DEBUG]  OP: Operation.CREATE_LEAF on slice (362, 1) (remaining tasks 38)
2025-04-24 19:28:47,397 [DEBUG]  		 created leaf IdentityNumericLeaf for scope=[14] (in 0.00025 secs)
2025-04-24 19:28:47,397 [DEBUG]  OP: Operation.CREATE_LEAF on slice (362, 1) (remaining tasks 37)
2025-04-24 19:28:47,397 [DEBUG]  		 created leaf IdentityNumericLeaf for scope=[15] (in 0.00022 secs)
2025-04-24 19:28:47,397 [DEBUG]  OP: Operation.CREATE_LEAF on slice (362, 1) (remaining tasks 36)
2025-04-24 19:28:47,398 [DEBUG]  		 created leaf IdentityNumericLeaf for scope=[32] (in 0.00022 secs)
2025-04-24 19:28:47,398 [DEBUG]  OP: Operation.CREATE_LEAF on slice (362, 1) (remaining tasks 35)
2025-04-24 19:28:47,398 [DEBUG]  		 created leaf IdentityNumericLeaf for scope=[45] (in 0.00022 secs)
2025-04-24 19:28:47,398 [DEBUG]  OP: Operation.CREATE_LEAF on slice (362, 1) (remaining tasks 34)
2025-04-24 19:28:47,398 [DEBUG]  		 created leaf IdentityNumericLeaf for scope=[49] (in 0.00022 secs)
2025-04-24 19:28:47,399 [DEBUG]  OP: Operation.CREATE_LEAF on slice (362, 1) (remaining tasks 33)
2025-04-24 19:28:47,399 [DEBUG]  		 created leaf IdentityNumericLeaf for scope=[83] (in 0.00022 secs)
2025-04-24 19:28:47,399 [DEBUG]  OP: Operation.SPLIT_COLUMNS on slice (362, 3) (remaining tasks 32)
2025-04-24 19:28:47,611 [DEBUG]  		found 2 col clusters (in 0.21132 secs)
2025-04-24 19:28:47,611 [DEBUG]  OP: Operation.CREATE_LEAF on slice (13, 1) (remaining tasks 33)
2025-04-24 19:28:47,611 [DEBUG]  		 created leaf IdentityNumericLeaf for scope=[27] (in 0.00022 secs)
2025-04-24 19:28:47,612 [DEBUG]  OP: Operation.NAIVE_FACTORIZATION on slice (13, 3) (remaining tasks 32)
2025-04-24 19:28:47,614 [DEBUG]  		naive factorization 3 columns (in 0.00212 secs)
2025-04-24 19:28:47,614 [DEBUG]  OP: Operation.SPLIT_ROWS on slice (14501, 2) (remaining tasks 31)
2025-04-24 19:28:47,706 [DEBUG]  		found 2 row clusters (in 0.09123 secs)
2025-04-24 19:28:47,706 [DEBUG]  OP: Operation.SPLIT_ROWS on slice (14501, 2) (remaining tasks 32)
2025-04-24 19:28:47,757 [DEBUG]  		found 2 row clusters (in 0.05083 secs)
2025-04-24 19:28:47,757 [DEBUG]  OP: Operation.CREATE_LEAF on slice (1246, 1) (remaining tasks 33)
2025-04-24 19:28:47,758 [DEBUG]  		 created leaf IdentityNumericLeaf for scope=[54] (in 0.00023 secs)
2025-04-24 19:28:47,758 [DEBUG]  OP: Operation.SPLIT_COLUMNS on slice (1246, 7) (remaining tasks 32)
2025-04-24 19:28:48,719 [DEBUG]  		found 5 col clusters (in 0.96121 secs)
2025-04-24 19:28:48,719 [DEBUG]  OP: Operation.CREATE_LEAF on slice (1459, 1) (remaining tasks 36)
2025-04-24 19:28:48,720 [DEBUG]  		 created leaf IdentityNumericLeaf for scope=[6] (in 0.00031 secs)
2025-04-24 19:28:48,720 [DEBUG]  OP: Operation.CREATE_LEAF on slice (1459, 1) (remaining tasks 35)
2025-04-24 19:28:48,721 [DEBUG]  		 created leaf IdentityNumericLeaf for scope=[84] (in 0.00027 secs)
2025-04-24 19:28:48,721 [DEBUG]  OP: Operation.CREATE_LEAF on slice (39, 1) (remaining tasks 34)
2025-04-24 19:28:48,721 [DEBUG]  		 created leaf IdentityNumericLeaf for scope=[6] (in 0.00023 secs)
2025-04-24 19:28:48,721 [DEBUG]  OP: Operation.CREATE_LEAF on slice (39, 1) (remaining tasks 33)
2025-04-24 19:28:48,722 [DEBUG]  		 created leaf IdentityNumericLeaf for scope=[84] (in 0.00021 secs)
2025-04-24 19:28:48,722 [DEBUG]  OP: Operation.CREATE_LEAF on slice (5, 1) (remaining tasks 32)
2025-04-24 19:28:48,722 [DEBUG]  		 created leaf IdentityNumericLeaf for scope=[53] (in 0.00020 secs)
2025-04-24 19:28:48,723 [DEBUG]  OP: Operation.CREATE_LEAF on slice (5, 1) (remaining tasks 31)
2025-04-24 19:28:48,723 [DEBUG]  		 created leaf IdentityNumericLeaf for scope=[67] (in 0.00022 secs)
2025-04-24 19:28:48,723 [DEBUG]  OP: Operation.SPLIT_COLUMNS on slice (1555, 2) (remaining tasks 30)
2025-04-24 19:28:48,981 [DEBUG]  		found 1 col clusters (in 0.25763 secs)
2025-04-24 19:28:48,981 [DEBUG]  OP: Operation.CREATE_LEAF on slice (1555, 1) (remaining tasks 30)
2025-04-24 19:28:48,982 [DEBUG]  		 created leaf IdentityNumericLeaf for scope=[19] (in 0.00045 secs)
2025-04-24 19:28:48,982 [DEBUG]  OP: Operation.CREATE_LEAF on slice (1555, 1) (remaining tasks 29)
2025-04-24 19:28:48,983 [DEBUG]  		 created leaf IdentityNumericLeaf for scope=[30] (in 0.00044 secs)
2025-04-24 19:28:48,983 [DEBUG]  OP: Operation.CREATE_LEAF on slice (1555, 1) (remaining tasks 28)
2025-04-24 19:28:48,984 [DEBUG]  		 created leaf IdentityNumericLeaf for scope=[54] (in 0.00041 secs)
2025-04-24 19:28:48,984 [DEBUG]  OP: Operation.CREATE_LEAF on slice (1555, 1) (remaining tasks 27)
2025-04-24 19:28:48,984 [DEBUG]  		 created leaf IdentityNumericLeaf for scope=[57] (in 0.00041 secs)
2025-04-24 19:28:48,984 [DEBUG]  OP: Operation.CREATE_LEAF on slice (1555, 1) (remaining tasks 26)
2025-04-24 19:28:48,985 [DEBUG]  		 created leaf IdentityNumericLeaf for scope=[62] (in 0.00040 secs)
2025-04-24 19:28:48,985 [DEBUG]  OP: Operation.CREATE_LEAF on slice (1555, 1) (remaining tasks 25)
2025-04-24 19:28:48,986 [DEBUG]  		 created leaf IdentityNumericLeaf for scope=[66] (in 0.00042 secs)
2025-04-24 19:28:48,986 [DEBUG]  OP: Operation.CREATE_LEAF on slice (1555, 1) (remaining tasks 24)
2025-04-24 19:28:48,986 [DEBUG]  		 created leaf IdentityNumericLeaf for scope=[84] (in 0.00039 secs)
2025-04-24 19:28:48,987 [DEBUG]  OP: Operation.CREATE_LEAF on slice (1327, 1) (remaining tasks 23)
2025-04-24 19:28:48,987 [DEBUG]  		 created leaf IdentityNumericLeaf for scope=[6] (in 0.00035 secs)
2025-04-24 19:28:48,987 [DEBUG]  OP: Operation.CREATE_LEAF on slice (1327, 1) (remaining tasks 22)
2025-04-24 19:28:48,988 [DEBUG]  		 created leaf IdentityNumericLeaf for scope=[19] (in 0.00035 secs)
2025-04-24 19:28:48,988 [DEBUG]  OP: Operation.SPLIT_COLUMNS on slice (1327, 4) (remaining tasks 21)
2025-04-24 19:28:49,204 [DEBUG]  		found 1 col clusters (in 0.21629 secs)
2025-04-24 19:28:49,205 [DEBUG]  OP: Operation.CREATE_LEAF on slice (1327, 1) (remaining tasks 21)
2025-04-24 19:28:49,205 [DEBUG]  		 created leaf IdentityNumericLeaf for scope=[44] (in 0.00026 secs)
2025-04-24 19:28:49,205 [DEBUG]  OP: Operation.CREATE_LEAF on slice (1327, 1) (remaining tasks 20)
2025-04-24 19:28:49,205 [DEBUG]  		 created leaf IdentityNumericLeaf for scope=[62] (in 0.00023 secs)
2025-04-24 19:28:49,206 [DEBUG]  OP: Operation.CREATE_LEAF on slice (1327, 1) (remaining tasks 19)
2025-04-24 19:28:49,206 [DEBUG]  		 created leaf IdentityNumericLeaf for scope=[84] (in 0.00023 secs)
2025-04-24 19:28:49,206 [DEBUG]  OP: Operation.CREATE_LEAF on slice (2399, 1) (remaining tasks 18)
2025-04-24 19:28:49,206 [DEBUG]  		 created leaf IdentityNumericLeaf for scope=[53] (in 0.00026 secs)
2025-04-24 19:28:49,206 [DEBUG]  OP: Operation.CREATE_LEAF on slice (2399, 1) (remaining tasks 17)
2025-04-24 19:28:49,207 [DEBUG]  		 created leaf IdentityNumericLeaf for scope=[67] (in 0.00026 secs)
2025-04-24 19:28:49,207 [DEBUG]  OP: Operation.CREATE_LEAF on slice (469, 1) (remaining tasks 16)
2025-04-24 19:28:49,207 [DEBUG]  		 created leaf IdentityNumericLeaf for scope=[4] (in 0.00020 secs)
2025-04-24 19:28:49,207 [DEBUG]  OP: Operation.CREATE_LEAF on slice (469, 1) (remaining tasks 15)
2025-04-24 19:28:49,208 [DEBUG]  		 created leaf IdentityNumericLeaf for scope=[35] (in 0.00020 secs)
2025-04-24 19:28:49,208 [DEBUG]  OP: Operation.SPLIT_COLUMNS on slice (391, 4) (remaining tasks 14)
2025-04-24 19:28:49,456 [DEBUG]  		found 1 col clusters (in 0.24826 secs)
2025-04-24 19:28:49,456 [DEBUG]  OP: Operation.CREATE_LEAF on slice (391, 1) (remaining tasks 14)
2025-04-24 19:28:49,457 [DEBUG]  		 created leaf IdentityNumericLeaf for scope=[32] (in 0.00023 secs)
2025-04-24 19:28:49,457 [DEBUG]  OP: Operation.CREATE_LEAF on slice (362, 1) (remaining tasks 13)
2025-04-24 19:28:49,457 [DEBUG]  		 created leaf IdentityNumericLeaf for scope=[41] (in 0.00021 secs)
2025-04-24 19:28:49,457 [DEBUG]  OP: Operation.SPLIT_COLUMNS on slice (362, 2) (remaining tasks 12)
2025-04-24 19:28:49,708 [DEBUG]  		found 1 col clusters (in 0.25055 secs)
2025-04-24 19:28:49,711 [DEBUG]  OP: Operation.NAIVE_FACTORIZATION on slice (14487, 2) (remaining tasks 12)
2025-04-24 19:28:49,714 [DEBUG]  		naive factorization 2 columns (in 0.00329 secs)
2025-04-24 19:28:49,715 [DEBUG]  OP: Operation.REMOVE_UNINFORMATIVE_FEATURES on slice (14, 2) (remaining tasks 11)
2025-04-24 19:28:49,718 [DEBUG]  OP: Operation.REMOVE_UNINFORMATIVE_FEATURES on slice (14487, 2) (remaining tasks 12)
2025-04-24 19:28:49,718 [DEBUG]  OP: Operation.NAIVE_FACTORIZATION on slice (14, 2) (remaining tasks 13)
2025-04-24 19:28:49,721 [DEBUG]  		naive factorization 2 columns (in 0.00281 secs)
2025-04-24 19:28:49,721 [DEBUG]  OP: Operation.CREATE_LEAF on slice (1246, 1) (remaining tasks 12)
2025-04-24 19:28:49,722 [DEBUG]  		 created leaf IdentityNumericLeaf for scope=[2] (in 0.00048 secs)
2025-04-24 19:28:49,722 [DEBUG]  OP: Operation.CREATE_LEAF on slice (1246, 1) (remaining tasks 11)
2025-04-24 19:28:49,723 [DEBUG]  		 created leaf IdentityNumericLeaf for scope=[19] (in 0.00041 secs)
2025-04-24 19:28:49,723 [DEBUG]  OP: Operation.SPLIT_COLUMNS on slice (1246, 3) (remaining tasks 10)
2025-04-24 19:28:49,834 [DEBUG]  		found 1 col clusters (in 0.11022 secs)
2025-04-24 19:28:49,834 [DEBUG]  OP: Operation.CREATE_LEAF on slice (1246, 1) (remaining tasks 10)
2025-04-24 19:28:49,834 [DEBUG]  		 created leaf IdentityNumericLeaf for scope=[44] (in 0.00020 secs)
2025-04-24 19:28:49,835 [DEBUG]  OP: Operation.CREATE_LEAF on slice (1246, 1) (remaining tasks 9)
2025-04-24 19:28:49,835 [DEBUG]  		 created leaf IdentityNumericLeaf for scope=[57] (in 0.00024 secs)
2025-04-24 19:28:49,835 [DEBUG]  OP: Operation.SPLIT_ROWS on slice (1555, 2) (remaining tasks 8)
2025-04-24 19:28:49,866 [DEBUG]  		found 2 row clusters (in 0.03028 secs)
2025-04-24 19:28:49,866 [DEBUG]  OP: Operation.SPLIT_ROWS on slice (1327, 4) (remaining tasks 9)
2025-04-24 19:28:49,904 [DEBUG]  		found 2 row clusters (in 0.03754 secs)
2025-04-24 19:28:49,904 [DEBUG]  OP: Operation.SPLIT_ROWS on slice (391, 4) (remaining tasks 10)
2025-04-24 19:28:49,928 [DEBUG]  		found 2 row clusters (in 0.02410 secs)
2025-04-24 19:28:49,929 [DEBUG]  OP: Operation.SPLIT_ROWS on slice (362, 2) (remaining tasks 11)
2025-04-24 19:28:49,947 [DEBUG]  		found 2 row clusters (in 0.01782 secs)
2025-04-24 19:28:49,947 [DEBUG]  OP: Operation.CREATE_LEAF on slice (14, 1) (remaining tasks 12)
2025-04-24 19:28:49,947 [DEBUG]  		 created leaf IdentityNumericLeaf for scope=[1] (in 0.00023 secs)
2025-04-24 19:28:49,948 [DEBUG]  OP: Operation.CREATE_LEAF on slice (14, 1) (remaining tasks 11)
2025-04-24 19:28:49,948 [DEBUG]  		 created leaf IdentityNumericLeaf for scope=[79] (in 0.00020 secs)
2025-04-24 19:28:49,948 [DEBUG]  OP: Operation.CREATE_LEAF on slice (14487, 1) (remaining tasks 10)
2025-04-24 19:28:49,949 [DEBUG]  		 created leaf IdentityNumericLeaf for scope=[42] (in 0.00056 secs)
2025-04-24 19:28:49,949 [DEBUG]  OP: Operation.CREATE_LEAF on slice (14487, 1) (remaining tasks 9)
2025-04-24 19:28:49,949 [DEBUG]  		 created leaf IdentityNumericLeaf for scope=[80] (in 0.00055 secs)
2025-04-24 19:28:49,950 [DEBUG]  OP: Operation.SPLIT_ROWS on slice (1246, 3) (remaining tasks 8)
2025-04-24 19:28:49,966 [DEBUG]  		found 2 row clusters (in 0.01639 secs)
2025-04-24 19:28:49,967 [DEBUG]  OP: Operation.REMOVE_UNINFORMATIVE_FEATURES on slice (1452, 2) (remaining tasks 9)
2025-04-24 19:28:49,967 [DEBUG]  OP: Operation.REMOVE_UNINFORMATIVE_FEATURES on slice (103, 2) (remaining tasks 10)
2025-04-24 19:28:49,967 [DEBUG]  OP: Operation.SPLIT_COLUMNS on slice (673, 4) (remaining tasks 11)
2025-04-24 19:28:50,172 [DEBUG]  		found 4 col clusters (in 0.20465 secs)
2025-04-24 19:28:50,172 [DEBUG]  OP: Operation.REMOVE_UNINFORMATIVE_FEATURES on slice (654, 4) (remaining tasks 14)
2025-04-24 19:28:50,172 [DEBUG]  OP: Operation.NAIVE_FACTORIZATION on slice (141, 4) (remaining tasks 15)
2025-04-24 19:28:50,176 [DEBUG]  		naive factorization 4 columns (in 0.00310 secs)
2025-04-24 19:28:50,176 [DEBUG]  OP: Operation.REMOVE_UNINFORMATIVE_FEATURES on slice (250, 4) (remaining tasks 14)
2025-04-24 19:28:50,176 [DEBUG]  OP: Operation.NAIVE_FACTORIZATION on slice (288, 2) (remaining tasks 17)
2025-04-24 19:28:50,178 [DEBUG]  		naive factorization 2 columns (in 0.00188 secs)
2025-04-24 19:28:50,179 [DEBUG]  OP: Operation.NAIVE_FACTORIZATION on slice (74, 2) (remaining tasks 16)
2025-04-24 19:28:50,180 [DEBUG]  		naive factorization 2 columns (in 0.00149 secs)
2025-04-24 19:28:50,181 [DEBUG]  OP: Operation.REMOVE_UNINFORMATIVE_FEATURES on slice (1234, 3) (remaining tasks 15)
2025-04-24 19:28:50,181 [DEBUG]  OP: Operation.REMOVE_UNINFORMATIVE_FEATURES on slice (12, 3) (remaining tasks 17)
2025-04-24 19:28:50,181 [DEBUG]  OP: Operation.CREATE_LEAF on slice (1452, 1) (remaining tasks 18)
2025-04-24 19:28:50,181 [DEBUG]  		 created leaf IdentityNumericLeaf for scope=[44] (in 0.00024 secs)
2025-04-24 19:28:50,181 [DEBUG]  OP: Operation.CREATE_LEAF on slice (1452, 1) (remaining tasks 17)
2025-04-24 19:28:50,182 [DEBUG]  		 created leaf IdentityNumericLeaf for scope=[6] (in 0.00024 secs)
2025-04-24 19:28:50,182 [DEBUG]  OP: Operation.CREATE_LEAF on slice (103, 1) (remaining tasks 16)
2025-04-24 19:28:50,182 [DEBUG]  		 created leaf IdentityNumericLeaf for scope=[44] (in 0.00022 secs)
2025-04-24 19:28:50,182 [DEBUG]  OP: Operation.CREATE_LEAF on slice (103, 1) (remaining tasks 15)
2025-04-24 19:28:50,183 [DEBUG]  		 created leaf IdentityNumericLeaf for scope=[6] (in 0.00020 secs)
2025-04-24 19:28:50,183 [DEBUG]  OP: Operation.CREATE_LEAF on slice (673, 1) (remaining tasks 14)
2025-04-24 19:28:50,183 [DEBUG]  		 created leaf IdentityNumericLeaf for scope=[30] (in 0.00022 secs)
2025-04-24 19:28:50,183 [DEBUG]  OP: Operation.CREATE_LEAF on slice (673, 1) (remaining tasks 13)
2025-04-24 19:28:50,184 [DEBUG]  		 created leaf IdentityNumericLeaf for scope=[54] (in 0.00021 secs)
2025-04-24 19:28:50,184 [DEBUG]  OP: Operation.CREATE_LEAF on slice (673, 1) (remaining tasks 12)
2025-04-24 19:28:50,184 [DEBUG]  		 created leaf IdentityNumericLeaf for scope=[57] (in 0.00021 secs)
2025-04-24 19:28:50,184 [DEBUG]  OP: Operation.CREATE_LEAF on slice (673, 1) (remaining tasks 11)
2025-04-24 19:28:50,185 [DEBUG]  		 created leaf IdentityNumericLeaf for scope=[66] (in 0.00021 secs)
2025-04-24 19:28:50,185 [DEBUG]  OP: Operation.CREATE_LEAF on slice (654, 1) (remaining tasks 10)
2025-04-24 19:28:50,185 [DEBUG]  		 created leaf IdentityNumericLeaf for scope=[57] (in 0.00021 secs)
2025-04-24 19:28:50,185 [DEBUG]  OP: Operation.SPLIT_COLUMNS on slice (654, 3) (remaining tasks 9)
2025-04-24 19:28:50,378 [DEBUG]  		found 3 col clusters (in 0.19305 secs)
2025-04-24 19:28:50,379 [DEBUG]  OP: Operation.CREATE_LEAF on slice (250, 1) (remaining tasks 11)
2025-04-24 19:28:50,379 [DEBUG]  		 created leaf IdentityNumericLeaf for scope=[14] (in 0.00023 secs)
2025-04-24 19:28:50,379 [DEBUG]  OP: Operation.CREATE_LEAF on slice (250, 1) (remaining tasks 10)
2025-04-24 19:28:50,379 [DEBUG]  		 created leaf IdentityNumericLeaf for scope=[45] (in 0.00021 secs)
2025-04-24 19:28:50,379 [DEBUG]  OP: Operation.CREATE_LEAF on slice (250, 1) (remaining tasks 9)
2025-04-24 19:28:50,380 [DEBUG]  		 created leaf IdentityNumericLeaf for scope=[83] (in 0.00021 secs)
2025-04-24 19:28:50,380 [DEBUG]  OP: Operation.CREATE_LEAF on slice (250, 1) (remaining tasks 8)
2025-04-24 19:28:50,380 [DEBUG]  		 created leaf IdentityNumericLeaf for scope=[41] (in 0.00021 secs)
2025-04-24 19:28:50,380 [DEBUG]  OP: Operation.CREATE_LEAF on slice (1234, 1) (remaining tasks 7)
2025-04-24 19:28:50,381 [DEBUG]  		 created leaf IdentityNumericLeaf for scope=[30] (in 0.00024 secs)
2025-04-24 19:28:50,381 [DEBUG]  OP: Operation.CREATE_LEAF on slice (1234, 1) (remaining tasks 6)
2025-04-24 19:28:50,381 [DEBUG]  		 created leaf IdentityNumericLeaf for scope=[62] (in 0.00025 secs)
2025-04-24 19:28:50,381 [DEBUG]  OP: Operation.CREATE_LEAF on slice (1234, 1) (remaining tasks 5)
2025-04-24 19:28:50,382 [DEBUG]  		 created leaf IdentityNumericLeaf for scope=[20] (in 0.00024 secs)
2025-04-24 19:28:50,382 [DEBUG]  OP: Operation.CREATE_LEAF on slice (12, 1) (remaining tasks 4)
2025-04-24 19:28:50,382 [DEBUG]  		 created leaf IdentityNumericLeaf for scope=[30] (in 0.00022 secs)
2025-04-24 19:28:50,382 [DEBUG]  OP: Operation.NAIVE_FACTORIZATION on slice (12, 2) (remaining tasks 3)
2025-04-24 19:28:50,384 [DEBUG]  		naive factorization 2 columns (in 0.00158 secs)
2025-04-24 19:28:50,384 [DEBUG]  OP: Operation.CREATE_LEAF on slice (654, 1) (remaining tasks 2)
2025-04-24 19:28:50,384 [DEBUG]  		 created leaf IdentityNumericLeaf for scope=[30] (in 0.00024 secs)
2025-04-24 19:28:50,384 [DEBUG]  OP: Operation.CREATE_LEAF on slice (654, 1) (remaining tasks 1)
2025-04-24 19:28:50,385 [DEBUG]  		 created leaf IdentityNumericLeaf for scope=[54] (in 0.00023 secs)
2025-04-24 19:28:50,385 [DEBUG]  OP: Operation.CREATE_LEAF on slice (654, 1) (remaining tasks 0)
2025-04-24 19:28:50,385 [DEBUG]  		 created leaf IdentityNumericLeaf for scope=[66] (in 0.00022 secs)
2025-04-24 19:28:50,466 [DEBUG]  Built SPN in 379.18668841797626 sec
2025-04-24 19:28:50,477 [INFO ]  Saving ensemble to /home/dafn/card/deepcard/collected_temp_benchmarks/spn_ensembles/NATICUSdroid (Android Permissions)/ensemble_single_naticusdroid_10000000.pkl
