2025-04-24 19:51:23,630 [INFO ]  Creating naive ensemble.
2025-04-24 19:51:23,631 [INFO ]  Learning SPN for naticusdroid.
2025-04-24 19:51:23,631 [DEBUG]  generate_join_sample(single_table=naticusdroid, relationship_list=None, split_condition=None)
2025-04-24 19:51:23,684 [DEBUG]  Using min_instance_slice parameter 293.32.
2025-04-24 19:51:23,684 [INFO ]  SPN training phase with 29332 samples
2025-04-24 19:51:23,716 [DEBUG]  Built domains in 0.031907185970339924 sec
2025-04-24 19:51:24,075 [DEBUG]  CACHEDIR=/home/dafn/.cache/matplotlib
2025-04-24 19:51:24,077 [DEBUG]  Using fontManager instance from /home/dafn/.cache/matplotlib/fontlist-v300.json
2025-04-24 19:51:24,171 [DEBUG]  Loaded backend qt5agg version unknown.
2025-04-24 19:51:24,202 [DEBUG]  Loaded backend qt5agg version unknown.
2025-04-24 19:51:24,203 [DEBUG]  Loaded backend qt4agg version unknown.
2025-04-24 19:51:24,210 [DEBUG]  Loaded backend tkagg version unknown.
2025-04-24 19:51:24,211 [DEBUG]  Loaded backend agg version unknown.
2025-04-24 19:51:24,211 [DEBUG]  Loaded backend agg version unknown.
2025-04-24 19:51:24,225 [DEBUG]  OP: Operation.SPLIT_ROWS on slice (29332, 87) (remaining tasks 0)
2025-04-24 19:51:25,240 [DEBUG]  		found 2 row clusters (in 1.01429 secs)
2025-04-24 19:51:25,248 [DEBUG]  OP: Operation.SPLIT_COLUMNS on slice (14724, 87) (remaining tasks 1)
2025-04-24 19:53:51,561 [DEBUG]  		found 60 col clusters (in 146.31230 secs)
2025-04-24 19:53:51,569 [DEBUG]  OP: Operation.REMOVE_UNINFORMATIVE_FEATURES on slice (14608, 87) (remaining tasks 60)
2025-04-24 19:53:51,572 [DEBUG]  OP: Operation.CREATE_LEAF on slice (14724, 1) (remaining tasks 61)
2025-04-24 19:53:51,573 [DEBUG]  		 created leaf IdentityNumericLeaf for scope=[0] (in 0.00063 secs)
2025-04-24 19:53:51,574 [DEBUG]  OP: Operation.SPLIT_COLUMNS on slice (14724, 16) (remaining tasks 60)
2025-04-24 19:53:56,639 [DEBUG]  		found 1 col clusters (in 5.06496 secs)
2025-04-24 19:53:56,640 [DEBUG]  OP: Operation.SPLIT_COLUMNS on slice (14724, 3) (remaining tasks 60)
2025-04-24 19:53:56,926 [DEBUG]  		found 1 col clusters (in 0.28607 secs)
2025-04-24 19:53:56,927 [DEBUG]  OP: Operation.SPLIT_COLUMNS on slice (14724, 2) (remaining tasks 60)
2025-04-24 19:53:57,130 [DEBUG]  		found 1 col clusters (in 0.20192 secs)
2025-04-24 19:53:57,130 [DEBUG]  OP: Operation.SPLIT_COLUMNS on slice (14724, 2) (remaining tasks 60)
2025-04-24 19:53:57,240 [DEBUG]  		found 1 col clusters (in 0.11028 secs)
2025-04-24 19:53:57,241 [DEBUG]  OP: Operation.CREATE_LEAF on slice (14724, 1) (remaining tasks 60)
2025-04-24 19:53:57,242 [DEBUG]  		 created leaf IdentityNumericLeaf for scope=[5] (in 0.00069 secs)
2025-04-24 19:53:57,242 [DEBUG]  OP: Operation.SPLIT_COLUMNS on slice (14724, 4) (remaining tasks 59)
2025-04-24 19:53:57,471 [DEBUG]  		found 1 col clusters (in 0.22859 secs)
2025-04-24 19:53:57,472 [DEBUG]  OP: Operation.CREATE_LEAF on slice (14724, 1) (remaining tasks 59)
2025-04-24 19:53:57,472 [DEBUG]  		 created leaf IdentityNumericLeaf for scope=[7] (in 0.00061 secs)
2025-04-24 19:53:57,473 [DEBUG]  OP: Operation.CREATE_LEAF on slice (14724, 1) (remaining tasks 58)
2025-04-24 19:53:57,473 [DEBUG]  		 created leaf IdentityNumericLeaf for scope=[8] (in 0.00068 secs)
2025-04-24 19:53:57,474 [DEBUG]  OP: Operation.CREATE_LEAF on slice (14724, 1) (remaining tasks 57)
2025-04-24 19:53:57,474 [DEBUG]  		 created leaf IdentityNumericLeaf for scope=[9] (in 0.00064 secs)
2025-04-24 19:53:57,474 [DEBUG]  OP: Operation.CREATE_LEAF on slice (14724, 1) (remaining tasks 56)
2025-04-24 19:53:57,475 [DEBUG]  		 created leaf IdentityNumericLeaf for scope=[10] (in 0.00062 secs)
2025-04-24 19:53:57,476 [DEBUG]  OP: Operation.SPLIT_COLUMNS on slice (14724, 2) (remaining tasks 55)
2025-04-24 19:53:57,718 [DEBUG]  		found 1 col clusters (in 0.24189 secs)
2025-04-24 19:53:57,718 [DEBUG]  OP: Operation.CREATE_LEAF on slice (14724, 1) (remaining tasks 55)
2025-04-24 19:53:57,719 [DEBUG]  		 created leaf IdentityNumericLeaf for scope=[12] (in 0.00058 secs)
2025-04-24 19:53:57,719 [DEBUG]  OP: Operation.CREATE_LEAF on slice (14724, 1) (remaining tasks 54)
2025-04-24 19:53:57,719 [DEBUG]  		 created leaf IdentityNumericLeaf for scope=[13] (in 0.00047 secs)
2025-04-24 19:53:57,719 [DEBUG]  OP: Operation.CREATE_LEAF on slice (14724, 1) (remaining tasks 53)
2025-04-24 19:53:57,720 [DEBUG]  		 created leaf IdentityNumericLeaf for scope=[16] (in 0.00045 secs)
2025-04-24 19:53:57,720 [DEBUG]  OP: Operation.CREATE_LEAF on slice (14724, 1) (remaining tasks 52)
2025-04-24 19:53:57,721 [DEBUG]  		 created leaf IdentityNumericLeaf for scope=[17] (in 0.00058 secs)
2025-04-24 19:53:57,721 [DEBUG]  OP: Operation.CREATE_LEAF on slice (14724, 1) (remaining tasks 51)
2025-04-24 19:53:57,721 [DEBUG]  		 created leaf IdentityNumericLeaf for scope=[18] (in 0.00038 secs)
2025-04-24 19:53:57,721 [DEBUG]  OP: Operation.CREATE_LEAF on slice (14724, 1) (remaining tasks 50)
2025-04-24 19:53:57,722 [DEBUG]  		 created leaf IdentityNumericLeaf for scope=[21] (in 0.00041 secs)
2025-04-24 19:53:57,722 [DEBUG]  OP: Operation.CREATE_LEAF on slice (14724, 1) (remaining tasks 49)
2025-04-24 19:53:57,722 [DEBUG]  		 created leaf IdentityNumericLeaf for scope=[22] (in 0.00038 secs)
2025-04-24 19:53:57,722 [DEBUG]  OP: Operation.CREATE_LEAF on slice (14724, 1) (remaining tasks 48)
2025-04-24 19:53:57,723 [DEBUG]  		 created leaf IdentityNumericLeaf for scope=[23] (in 0.00044 secs)
2025-04-24 19:53:57,723 [DEBUG]  OP: Operation.CREATE_LEAF on slice (14724, 1) (remaining tasks 47)
2025-04-24 19:53:57,723 [DEBUG]  		 created leaf IdentityNumericLeaf for scope=[24] (in 0.00044 secs)
2025-04-24 19:53:57,724 [DEBUG]  OP: Operation.CREATE_LEAF on slice (14724, 1) (remaining tasks 46)
2025-04-24 19:53:57,724 [DEBUG]  		 created leaf IdentityNumericLeaf for scope=[25] (in 0.00039 secs)
2025-04-24 19:53:57,724 [DEBUG]  OP: Operation.CREATE_LEAF on slice (14724, 1) (remaining tasks 45)
2025-04-24 19:53:57,725 [DEBUG]  		 created leaf IdentityNumericLeaf for scope=[26] (in 0.00047 secs)
2025-04-24 19:53:57,725 [DEBUG]  OP: Operation.CREATE_LEAF on slice (14724, 1) (remaining tasks 44)
2025-04-24 19:53:57,725 [DEBUG]  		 created leaf IdentityNumericLeaf for scope=[30] (in 0.00054 secs)
2025-04-24 19:53:57,725 [DEBUG]  OP: Operation.CREATE_LEAF on slice (14724, 1) (remaining tasks 43)
2025-04-24 19:53:57,726 [DEBUG]  		 created leaf IdentityNumericLeaf for scope=[31] (in 0.00043 secs)
2025-04-24 19:53:57,726 [DEBUG]  OP: Operation.CREATE_LEAF on slice (14724, 1) (remaining tasks 42)
2025-04-24 19:53:57,726 [DEBUG]  		 created leaf IdentityNumericLeaf for scope=[33] (in 0.00041 secs)
2025-04-24 19:53:57,727 [DEBUG]  OP: Operation.CREATE_LEAF on slice (14724, 1) (remaining tasks 41)
2025-04-24 19:53:57,727 [DEBUG]  		 created leaf IdentityNumericLeaf for scope=[34] (in 0.00042 secs)
2025-04-24 19:53:57,727 [DEBUG]  OP: Operation.CREATE_LEAF on slice (14724, 1) (remaining tasks 40)
2025-04-24 19:53:57,728 [DEBUG]  		 created leaf IdentityNumericLeaf for scope=[36] (in 0.00041 secs)
2025-04-24 19:53:57,728 [DEBUG]  OP: Operation.CREATE_LEAF on slice (14724, 1) (remaining tasks 39)
2025-04-24 19:53:57,728 [DEBUG]  		 created leaf IdentityNumericLeaf for scope=[38] (in 0.00039 secs)
2025-04-24 19:53:57,728 [DEBUG]  OP: Operation.SPLIT_COLUMNS on slice (14724, 2) (remaining tasks 38)
2025-04-24 19:53:57,838 [DEBUG]  		found 1 col clusters (in 0.10953 secs)
2025-04-24 19:53:57,838 [DEBUG]  OP: Operation.CREATE_LEAF on slice (14724, 1) (remaining tasks 38)
2025-04-24 19:53:57,839 [DEBUG]  		 created leaf IdentityNumericLeaf for scope=[40] (in 0.00060 secs)
2025-04-24 19:53:57,840 [DEBUG]  OP: Operation.SPLIT_COLUMNS on slice (14724, 2) (remaining tasks 37)
2025-04-24 19:53:57,950 [DEBUG]  		found 1 col clusters (in 0.10993 secs)
2025-04-24 19:53:57,950 [DEBUG]  OP: Operation.CREATE_LEAF on slice (14724, 1) (remaining tasks 37)
2025-04-24 19:53:57,951 [DEBUG]  		 created leaf IdentityNumericLeaf for scope=[46] (in 0.00062 secs)
2025-04-24 19:53:57,951 [DEBUG]  OP: Operation.CREATE_LEAF on slice (14724, 1) (remaining tasks 36)
2025-04-24 19:53:57,952 [DEBUG]  		 created leaf IdentityNumericLeaf for scope=[47] (in 0.00060 secs)
2025-04-24 19:53:57,952 [DEBUG]  OP: Operation.CREATE_LEAF on slice (14724, 1) (remaining tasks 35)
2025-04-24 19:53:57,952 [DEBUG]  		 created leaf IdentityNumericLeaf for scope=[48] (in 0.00062 secs)
2025-04-24 19:53:57,953 [DEBUG]  OP: Operation.CREATE_LEAF on slice (14724, 1) (remaining tasks 34)
2025-04-24 19:53:57,953 [DEBUG]  		 created leaf IdentityNumericLeaf for scope=[50] (in 0.00064 secs)
2025-04-24 19:53:57,953 [DEBUG]  OP: Operation.CREATE_LEAF on slice (14724, 1) (remaining tasks 33)
2025-04-24 19:53:57,954 [DEBUG]  		 created leaf IdentityNumericLeaf for scope=[52] (in 0.00061 secs)
2025-04-24 19:53:57,955 [DEBUG]  OP: Operation.SPLIT_COLUMNS on slice (14724, 2) (remaining tasks 32)
2025-04-24 19:53:58,065 [DEBUG]  		found 1 col clusters (in 0.11009 secs)
2025-04-24 19:53:58,065 [DEBUG]  OP: Operation.CREATE_LEAF on slice (14724, 1) (remaining tasks 32)
2025-04-24 19:53:58,066 [DEBUG]  		 created leaf IdentityNumericLeaf for scope=[54] (in 0.00068 secs)
2025-04-24 19:53:58,066 [DEBUG]  OP: Operation.CREATE_LEAF on slice (14724, 1) (remaining tasks 31)
2025-04-24 19:53:58,067 [DEBUG]  		 created leaf IdentityNumericLeaf for scope=[55] (in 0.00061 secs)
2025-04-24 19:53:58,067 [DEBUG]  OP: Operation.CREATE_LEAF on slice (14724, 1) (remaining tasks 30)
2025-04-24 19:53:58,067 [DEBUG]  		 created leaf IdentityNumericLeaf for scope=[56] (in 0.00057 secs)
2025-04-24 19:53:58,067 [DEBUG]  OP: Operation.CREATE_LEAF on slice (14724, 1) (remaining tasks 29)
2025-04-24 19:53:58,068 [DEBUG]  		 created leaf IdentityNumericLeaf for scope=[58] (in 0.00062 secs)
2025-04-24 19:53:58,068 [DEBUG]  OP: Operation.CREATE_LEAF on slice (14724, 1) (remaining tasks 28)
2025-04-24 19:53:58,069 [DEBUG]  		 created leaf IdentityNumericLeaf for scope=[59] (in 0.00057 secs)
2025-04-24 19:53:58,069 [DEBUG]  OP: Operation.CREATE_LEAF on slice (14724, 1) (remaining tasks 27)
2025-04-24 19:53:58,070 [DEBUG]  		 created leaf IdentityNumericLeaf for scope=[61] (in 0.00072 secs)
2025-04-24 19:53:58,070 [DEBUG]  OP: Operation.CREATE_LEAF on slice (14724, 1) (remaining tasks 26)
2025-04-24 19:53:58,071 [DEBUG]  		 created leaf IdentityNumericLeaf for scope=[63] (in 0.00065 secs)
2025-04-24 19:53:58,071 [DEBUG]  OP: Operation.CREATE_LEAF on slice (14724, 1) (remaining tasks 25)
2025-04-24 19:53:58,072 [DEBUG]  		 created leaf IdentityNumericLeaf for scope=[65] (in 0.00076 secs)
2025-04-24 19:53:58,072 [DEBUG]  OP: Operation.CREATE_LEAF on slice (14724, 1) (remaining tasks 24)
2025-04-24 19:53:58,073 [DEBUG]  		 created leaf IdentityNumericLeaf for scope=[66] (in 0.00078 secs)
2025-04-24 19:53:58,073 [DEBUG]  OP: Operation.SPLIT_COLUMNS on slice (14724, 2) (remaining tasks 23)
2025-04-24 19:53:58,183 [DEBUG]  		found 1 col clusters (in 0.11014 secs)
2025-04-24 19:53:58,184 [DEBUG]  OP: Operation.CREATE_LEAF on slice (14724, 1) (remaining tasks 23)
2025-04-24 19:53:58,184 [DEBUG]  		 created leaf IdentityNumericLeaf for scope=[69] (in 0.00069 secs)
2025-04-24 19:53:58,184 [DEBUG]  OP: Operation.CREATE_LEAF on slice (14724, 1) (remaining tasks 22)
2025-04-24 19:53:58,185 [DEBUG]  		 created leaf IdentityNumericLeaf for scope=[70] (in 0.00062 secs)
2025-04-24 19:53:58,185 [DEBUG]  OP: Operation.CREATE_LEAF on slice (14724, 1) (remaining tasks 21)
2025-04-24 19:53:58,186 [DEBUG]  		 created leaf IdentityNumericLeaf for scope=[71] (in 0.00057 secs)
2025-04-24 19:53:58,186 [DEBUG]  OP: Operation.CREATE_LEAF on slice (14724, 1) (remaining tasks 20)
2025-04-24 19:53:58,187 [DEBUG]  		 created leaf IdentityNumericLeaf for scope=[73] (in 0.00081 secs)
2025-04-24 19:53:58,187 [DEBUG]  OP: Operation.CREATE_LEAF on slice (14724, 1) (remaining tasks 19)
2025-04-24 19:53:58,188 [DEBUG]  		 created leaf IdentityNumericLeaf for scope=[74] (in 0.00059 secs)
2025-04-24 19:53:58,188 [DEBUG]  OP: Operation.CREATE_LEAF on slice (14724, 1) (remaining tasks 18)
2025-04-24 19:53:58,189 [DEBUG]  		 created leaf IdentityNumericLeaf for scope=[75] (in 0.00060 secs)
2025-04-24 19:53:58,189 [DEBUG]  OP: Operation.CREATE_LEAF on slice (14724, 1) (remaining tasks 17)
2025-04-24 19:53:58,189 [DEBUG]  		 created leaf IdentityNumericLeaf for scope=[76] (in 0.00059 secs)
2025-04-24 19:53:58,190 [DEBUG]  OP: Operation.CREATE_LEAF on slice (14724, 1) (remaining tasks 16)
2025-04-24 19:53:58,190 [DEBUG]  		 created leaf IdentityNumericLeaf for scope=[77] (in 0.00062 secs)
2025-04-24 19:53:58,190 [DEBUG]  OP: Operation.CREATE_LEAF on slice (14724, 1) (remaining tasks 15)
2025-04-24 19:53:58,191 [DEBUG]  		 created leaf IdentityNumericLeaf for scope=[78] (in 0.00056 secs)
2025-04-24 19:53:58,191 [DEBUG]  OP: Operation.CREATE_LEAF on slice (14724, 1) (remaining tasks 14)
2025-04-24 19:53:58,192 [DEBUG]  		 created leaf IdentityNumericLeaf for scope=[81] (in 0.00058 secs)
2025-04-24 19:53:58,192 [DEBUG]  OP: Operation.CREATE_LEAF on slice (14724, 1) (remaining tasks 13)
2025-04-24 19:53:58,193 [DEBUG]  		 created leaf IdentityNumericLeaf for scope=[82] (in 0.00057 secs)
2025-04-24 19:53:58,193 [DEBUG]  OP: Operation.CREATE_LEAF on slice (14724, 1) (remaining tasks 12)
2025-04-24 19:53:58,193 [DEBUG]  		 created leaf IdentityNumericLeaf for scope=[85] (in 0.00058 secs)
2025-04-24 19:53:58,193 [DEBUG]  OP: Operation.CREATE_LEAF on slice (14608, 1) (remaining tasks 11)
2025-04-24 19:53:58,194 [DEBUG]  		 created leaf IdentityNumericLeaf for scope=[85] (in 0.00080 secs)
2025-04-24 19:53:58,201 [DEBUG]  OP: Operation.SPLIT_COLUMNS on slice (14608, 86) (remaining tasks 10)
2025-04-24 19:56:25,735 [DEBUG]  		found 63 col clusters (in 147.53361 secs)
2025-04-24 19:56:25,737 [DEBUG]  OP: Operation.SPLIT_ROWS on slice (14724, 16) (remaining tasks 72)
2025-04-24 19:56:25,823 [DEBUG]  		found 2 row clusters (in 0.08633 secs)
2025-04-24 19:56:25,824 [DEBUG]  OP: Operation.SPLIT_ROWS on slice (14724, 3) (remaining tasks 73)
2025-04-24 19:56:25,864 [DEBUG]  		found 2 row clusters (in 0.04060 secs)
2025-04-24 19:56:25,865 [DEBUG]  OP: Operation.SPLIT_ROWS on slice (14724, 2) (remaining tasks 74)
2025-04-24 19:56:25,901 [DEBUG]  		found 2 row clusters (in 0.03681 secs)
2025-04-24 19:56:25,902 [DEBUG]  OP: Operation.SPLIT_ROWS on slice (14724, 2) (remaining tasks 75)
2025-04-24 19:56:25,939 [DEBUG]  		found 2 row clusters (in 0.03663 secs)
2025-04-24 19:56:25,939 [DEBUG]  OP: Operation.SPLIT_ROWS on slice (14724, 4) (remaining tasks 76)
2025-04-24 19:56:25,995 [DEBUG]  		found 2 row clusters (in 0.05561 secs)
2025-04-24 19:56:25,995 [DEBUG]  OP: Operation.SPLIT_ROWS on slice (14724, 2) (remaining tasks 77)
2025-04-24 19:56:26,035 [DEBUG]  		found 2 row clusters (in 0.03943 secs)
2025-04-24 19:56:26,035 [DEBUG]  OP: Operation.SPLIT_ROWS on slice (14724, 2) (remaining tasks 78)
2025-04-24 19:56:26,072 [DEBUG]  		found 2 row clusters (in 0.03736 secs)
2025-04-24 19:56:26,073 [DEBUG]  OP: Operation.SPLIT_ROWS on slice (14724, 2) (remaining tasks 79)
2025-04-24 19:56:26,110 [DEBUG]  		found 2 row clusters (in 0.03686 secs)
2025-04-24 19:56:26,110 [DEBUG]  OP: Operation.SPLIT_ROWS on slice (14724, 2) (remaining tasks 80)
2025-04-24 19:56:26,148 [DEBUG]  		found 2 row clusters (in 0.03811 secs)
2025-04-24 19:56:26,148 [DEBUG]  OP: Operation.SPLIT_ROWS on slice (14724, 2) (remaining tasks 81)
2025-04-24 19:56:26,185 [DEBUG]  		found 2 row clusters (in 0.03694 secs)
2025-04-24 19:56:26,186 [DEBUG]  OP: Operation.CREATE_LEAF on slice (14608, 1) (remaining tasks 82)
2025-04-24 19:56:26,186 [DEBUG]  		 created leaf IdentityNumericLeaf for scope=[0] (in 0.00045 secs)
2025-04-24 19:56:26,187 [DEBUG]  OP: Operation.SPLIT_COLUMNS on slice (14608, 16) (remaining tasks 81)
2025-04-24 19:56:31,352 [DEBUG]  		found 1 col clusters (in 5.16509 secs)
2025-04-24 19:56:31,353 [DEBUG]  OP: Operation.CREATE_LEAF on slice (14608, 1) (remaining tasks 81)
2025-04-24 19:56:31,354 [DEBUG]  		 created leaf IdentityNumericLeaf for scope=[2] (in 0.00059 secs)
2025-04-24 19:56:31,354 [DEBUG]  OP: Operation.CREATE_LEAF on slice (14608, 1) (remaining tasks 80)
2025-04-24 19:56:31,355 [DEBUG]  		 created leaf IdentityNumericLeaf for scope=[3] (in 0.00062 secs)
2025-04-24 19:56:31,355 [DEBUG]  OP: Operation.SPLIT_COLUMNS on slice (14608, 3) (remaining tasks 79)
2025-04-24 19:56:31,681 [DEBUG]  		found 1 col clusters (in 0.32535 secs)
2025-04-24 19:56:31,681 [DEBUG]  OP: Operation.CREATE_LEAF on slice (14608, 1) (remaining tasks 79)
2025-04-24 19:56:31,682 [DEBUG]  		 created leaf IdentityNumericLeaf for scope=[5] (in 0.00070 secs)
2025-04-24 19:56:31,682 [DEBUG]  OP: Operation.CREATE_LEAF on slice (14608, 1) (remaining tasks 78)
2025-04-24 19:56:31,683 [DEBUG]  		 created leaf IdentityNumericLeaf for scope=[6] (in 0.00060 secs)
2025-04-24 19:56:31,683 [DEBUG]  OP: Operation.CREATE_LEAF on slice (14608, 1) (remaining tasks 77)
2025-04-24 19:56:31,684 [DEBUG]  		 created leaf IdentityNumericLeaf for scope=[7] (in 0.00059 secs)
2025-04-24 19:56:31,684 [DEBUG]  OP: Operation.CREATE_LEAF on slice (14608, 1) (remaining tasks 76)
2025-04-24 19:56:31,685 [DEBUG]  		 created leaf IdentityNumericLeaf for scope=[8] (in 0.00061 secs)
2025-04-24 19:56:31,685 [DEBUG]  OP: Operation.CREATE_LEAF on slice (14608, 1) (remaining tasks 75)
2025-04-24 19:56:31,686 [DEBUG]  		 created leaf IdentityNumericLeaf for scope=[9] (in 0.00061 secs)
2025-04-24 19:56:31,686 [DEBUG]  OP: Operation.CREATE_LEAF on slice (14608, 1) (remaining tasks 74)
2025-04-24 19:56:31,687 [DEBUG]  		 created leaf IdentityNumericLeaf for scope=[10] (in 0.00059 secs)
2025-04-24 19:56:31,687 [DEBUG]  OP: Operation.CREATE_LEAF on slice (14608, 1) (remaining tasks 73)
2025-04-24 19:56:31,688 [DEBUG]  		 created leaf IdentityNumericLeaf for scope=[11] (in 0.00064 secs)
2025-04-24 19:56:31,688 [DEBUG]  OP: Operation.CREATE_LEAF on slice (14608, 1) (remaining tasks 72)
2025-04-24 19:56:31,689 [DEBUG]  		 created leaf IdentityNumericLeaf for scope=[12] (in 0.00079 secs)
2025-04-24 19:56:31,690 [DEBUG]  OP: Operation.CREATE_LEAF on slice (14608, 1) (remaining tasks 71)
2025-04-24 19:56:31,690 [DEBUG]  		 created leaf IdentityNumericLeaf for scope=[13] (in 0.00062 secs)
2025-04-24 19:56:31,691 [DEBUG]  OP: Operation.CREATE_LEAF on slice (14608, 1) (remaining tasks 70)
2025-04-24 19:56:31,691 [DEBUG]  		 created leaf IdentityNumericLeaf for scope=[16] (in 0.00064 secs)
2025-04-24 19:56:31,692 [DEBUG]  OP: Operation.CREATE_LEAF on slice (14608, 1) (remaining tasks 69)
2025-04-24 19:56:31,693 [DEBUG]  		 created leaf IdentityNumericLeaf for scope=[17] (in 0.00063 secs)
2025-04-24 19:56:31,693 [DEBUG]  OP: Operation.CREATE_LEAF on slice (14608, 1) (remaining tasks 68)
2025-04-24 19:56:31,694 [DEBUG]  		 created leaf IdentityNumericLeaf for scope=[18] (in 0.00060 secs)
2025-04-24 19:56:31,694 [DEBUG]  OP: Operation.CREATE_LEAF on slice (14608, 1) (remaining tasks 67)
2025-04-24 19:56:31,695 [DEBUG]  		 created leaf IdentityNumericLeaf for scope=[19] (in 0.00062 secs)
2025-04-24 19:56:31,695 [DEBUG]  OP: Operation.CREATE_LEAF on slice (14608, 1) (remaining tasks 66)
2025-04-24 19:56:31,696 [DEBUG]  		 created leaf IdentityNumericLeaf for scope=[20] (in 0.00067 secs)
2025-04-24 19:56:31,696 [DEBUG]  OP: Operation.CREATE_LEAF on slice (14608, 1) (remaining tasks 65)
2025-04-24 19:56:31,697 [DEBUG]  		 created leaf IdentityNumericLeaf for scope=[21] (in 0.00070 secs)
2025-04-24 19:56:31,697 [DEBUG]  OP: Operation.CREATE_LEAF on slice (14608, 1) (remaining tasks 64)
2025-04-24 19:56:31,698 [DEBUG]  		 created leaf IdentityNumericLeaf for scope=[22] (in 0.00062 secs)
2025-04-24 19:56:31,698 [DEBUG]  OP: Operation.CREATE_LEAF on slice (14608, 1) (remaining tasks 63)
2025-04-24 19:56:31,699 [DEBUG]  		 created leaf IdentityNumericLeaf for scope=[23] (in 0.00063 secs)
2025-04-24 19:56:31,699 [DEBUG]  OP: Operation.CREATE_LEAF on slice (14608, 1) (remaining tasks 62)
2025-04-24 19:56:31,700 [DEBUG]  		 created leaf IdentityNumericLeaf for scope=[24] (in 0.00057 secs)
2025-04-24 19:56:31,701 [DEBUG]  OP: Operation.SPLIT_COLUMNS on slice (14608, 2) (remaining tasks 61)
2025-04-24 19:56:31,865 [DEBUG]  		found 1 col clusters (in 0.16320 secs)
2025-04-24 19:56:31,865 [DEBUG]  OP: Operation.CREATE_LEAF on slice (14608, 1) (remaining tasks 61)
2025-04-24 19:56:31,866 [DEBUG]  		 created leaf IdentityNumericLeaf for scope=[26] (in 0.00097 secs)
2025-04-24 19:56:31,867 [DEBUG]  OP: Operation.CREATE_LEAF on slice (14608, 1) (remaining tasks 60)
2025-04-24 19:56:31,868 [DEBUG]  		 created leaf IdentityNumericLeaf for scope=[30] (in 0.00132 secs)
2025-04-24 19:56:31,868 [DEBUG]  OP: Operation.CREATE_LEAF on slice (14608, 1) (remaining tasks 59)
2025-04-24 19:56:31,870 [DEBUG]  		 created leaf IdentityNumericLeaf for scope=[31] (in 0.00092 secs)
2025-04-24 19:56:31,870 [DEBUG]  OP: Operation.CREATE_LEAF on slice (14608, 1) (remaining tasks 58)
2025-04-24 19:56:31,871 [DEBUG]  		 created leaf IdentityNumericLeaf for scope=[33] (in 0.00093 secs)
2025-04-24 19:56:31,871 [DEBUG]  OP: Operation.CREATE_LEAF on slice (14608, 1) (remaining tasks 57)
2025-04-24 19:56:31,872 [DEBUG]  		 created leaf IdentityNumericLeaf for scope=[34] (in 0.00086 secs)
2025-04-24 19:56:31,872 [DEBUG]  OP: Operation.CREATE_LEAF on slice (14608, 1) (remaining tasks 56)
2025-04-24 19:56:31,873 [DEBUG]  		 created leaf IdentityNumericLeaf for scope=[36] (in 0.00085 secs)
2025-04-24 19:56:31,873 [DEBUG]  OP: Operation.CREATE_LEAF on slice (14608, 1) (remaining tasks 55)
2025-04-24 19:56:31,874 [DEBUG]  		 created leaf IdentityNumericLeaf for scope=[38] (in 0.00086 secs)
2025-04-24 19:56:31,875 [DEBUG]  OP: Operation.SPLIT_COLUMNS on slice (14608, 2) (remaining tasks 54)
2025-04-24 19:56:31,989 [DEBUG]  		found 1 col clusters (in 0.11418 secs)
2025-04-24 19:56:31,990 [DEBUG]  OP: Operation.SPLIT_COLUMNS on slice (14608, 2) (remaining tasks 54)
2025-04-24 19:56:32,100 [DEBUG]  		found 1 col clusters (in 0.10993 secs)
2025-04-24 19:56:32,100 [DEBUG]  OP: Operation.SPLIT_COLUMNS on slice (14608, 2) (remaining tasks 54)
2025-04-24 19:56:32,210 [DEBUG]  		found 1 col clusters (in 0.10986 secs)
2025-04-24 19:56:32,211 [DEBUG]  OP: Operation.CREATE_LEAF on slice (14608, 1) (remaining tasks 54)
2025-04-24 19:56:32,211 [DEBUG]  		 created leaf IdentityNumericLeaf for scope=[44] (in 0.00064 secs)
2025-04-24 19:56:32,211 [DEBUG]  OP: Operation.CREATE_LEAF on slice (14608, 1) (remaining tasks 53)
2025-04-24 19:56:32,212 [DEBUG]  		 created leaf IdentityNumericLeaf for scope=[46] (in 0.00058 secs)
2025-04-24 19:56:32,212 [DEBUG]  OP: Operation.CREATE_LEAF on slice (14608, 1) (remaining tasks 52)
2025-04-24 19:56:32,213 [DEBUG]  		 created leaf IdentityNumericLeaf for scope=[47] (in 0.00058 secs)
2025-04-24 19:56:32,213 [DEBUG]  OP: Operation.CREATE_LEAF on slice (14608, 1) (remaining tasks 51)
2025-04-24 19:56:32,214 [DEBUG]  		 created leaf IdentityNumericLeaf for scope=[48] (in 0.00059 secs)
2025-04-24 19:56:32,214 [DEBUG]  OP: Operation.CREATE_LEAF on slice (14608, 1) (remaining tasks 50)
2025-04-24 19:56:32,215 [DEBUG]  		 created leaf IdentityNumericLeaf for scope=[50] (in 0.00066 secs)
2025-04-24 19:56:32,215 [DEBUG]  OP: Operation.CREATE_LEAF on slice (14608, 1) (remaining tasks 49)
2025-04-24 19:56:32,215 [DEBUG]  		 created leaf IdentityNumericLeaf for scope=[52] (in 0.00058 secs)
2025-04-24 19:56:32,216 [DEBUG]  OP: Operation.SPLIT_COLUMNS on slice (14608, 2) (remaining tasks 48)
2025-04-24 19:56:32,326 [DEBUG]  		found 1 col clusters (in 0.10979 secs)
2025-04-24 19:56:32,326 [DEBUG]  OP: Operation.CREATE_LEAF on slice (14608, 1) (remaining tasks 48)
2025-04-24 19:56:32,327 [DEBUG]  		 created leaf IdentityNumericLeaf for scope=[54] (in 0.00063 secs)
2025-04-24 19:56:32,327 [DEBUG]  OP: Operation.CREATE_LEAF on slice (14608, 1) (remaining tasks 47)
2025-04-24 19:56:32,327 [DEBUG]  		 created leaf IdentityNumericLeaf for scope=[55] (in 0.00057 secs)
2025-04-24 19:56:32,327 [DEBUG]  OP: Operation.CREATE_LEAF on slice (14608, 1) (remaining tasks 46)
2025-04-24 19:56:32,328 [DEBUG]  		 created leaf IdentityNumericLeaf for scope=[56] (in 0.00057 secs)
2025-04-24 19:56:32,328 [DEBUG]  OP: Operation.CREATE_LEAF on slice (14608, 1) (remaining tasks 45)
2025-04-24 19:56:32,329 [DEBUG]  		 created leaf IdentityNumericLeaf for scope=[57] (in 0.00060 secs)
2025-04-24 19:56:32,329 [DEBUG]  OP: Operation.CREATE_LEAF on slice (14608, 1) (remaining tasks 44)
2025-04-24 19:56:32,330 [DEBUG]  		 created leaf IdentityNumericLeaf for scope=[58] (in 0.00057 secs)
2025-04-24 19:56:32,330 [DEBUG]  OP: Operation.CREATE_LEAF on slice (14608, 1) (remaining tasks 43)
2025-04-24 19:56:32,330 [DEBUG]  		 created leaf IdentityNumericLeaf for scope=[59] (in 0.00058 secs)
2025-04-24 19:56:32,331 [DEBUG]  OP: Operation.CREATE_LEAF on slice (14608, 1) (remaining tasks 42)
2025-04-24 19:56:32,331 [DEBUG]  		 created leaf IdentityNumericLeaf for scope=[62] (in 0.00058 secs)
2025-04-24 19:56:32,331 [DEBUG]  OP: Operation.CREATE_LEAF on slice (14608, 1) (remaining tasks 41)
2025-04-24 19:56:32,332 [DEBUG]  		 created leaf IdentityNumericLeaf for scope=[63] (in 0.00068 secs)
2025-04-24 19:56:32,332 [DEBUG]  OP: Operation.CREATE_LEAF on slice (14608, 1) (remaining tasks 40)
2025-04-24 19:56:32,333 [DEBUG]  		 created leaf IdentityNumericLeaf for scope=[65] (in 0.00066 secs)
2025-04-24 19:56:32,333 [DEBUG]  OP: Operation.SPLIT_COLUMNS on slice (14608, 2) (remaining tasks 39)
2025-04-24 19:56:32,443 [DEBUG]  		found 1 col clusters (in 0.10969 secs)
2025-04-24 19:56:32,444 [DEBUG]  OP: Operation.CREATE_LEAF on slice (14608, 1) (remaining tasks 39)
2025-04-24 19:56:32,444 [DEBUG]  		 created leaf IdentityNumericLeaf for scope=[69] (in 0.00065 secs)
2025-04-24 19:56:32,445 [DEBUG]  OP: Operation.CREATE_LEAF on slice (14608, 1) (remaining tasks 38)
2025-04-24 19:56:32,445 [DEBUG]  		 created leaf IdentityNumericLeaf for scope=[70] (in 0.00060 secs)
2025-04-24 19:56:32,446 [DEBUG]  OP: Operation.CREATE_LEAF on slice (14608, 1) (remaining tasks 37)
2025-04-24 19:56:32,446 [DEBUG]  		 created leaf IdentityNumericLeaf for scope=[71] (in 0.00059 secs)
2025-04-24 19:56:32,447 [DEBUG]  OP: Operation.CREATE_LEAF on slice (14608, 1) (remaining tasks 36)
2025-04-24 19:56:32,448 [DEBUG]  		 created leaf IdentityNumericLeaf for scope=[73] (in 0.00073 secs)
2025-04-24 19:56:32,448 [DEBUG]  OP: Operation.CREATE_LEAF on slice (14608, 1) (remaining tasks 35)
2025-04-24 19:56:32,449 [DEBUG]  		 created leaf IdentityNumericLeaf for scope=[74] (in 0.00059 secs)
2025-04-24 19:56:32,449 [DEBUG]  OP: Operation.CREATE_LEAF on slice (14608, 1) (remaining tasks 34)
2025-04-24 19:56:32,450 [DEBUG]  		 created leaf IdentityNumericLeaf for scope=[75] (in 0.00060 secs)
2025-04-24 19:56:32,450 [DEBUG]  OP: Operation.CREATE_LEAF on slice (14608, 1) (remaining tasks 33)
2025-04-24 19:56:32,451 [DEBUG]  		 created leaf IdentityNumericLeaf for scope=[76] (in 0.00060 secs)
2025-04-24 19:56:32,451 [DEBUG]  OP: Operation.CREATE_LEAF on slice (14608, 1) (remaining tasks 32)
2025-04-24 19:56:32,452 [DEBUG]  		 created leaf IdentityNumericLeaf for scope=[77] (in 0.00059 secs)
2025-04-24 19:56:32,452 [DEBUG]  OP: Operation.CREATE_LEAF on slice (14608, 1) (remaining tasks 31)
2025-04-24 19:56:32,453 [DEBUG]  		 created leaf IdentityNumericLeaf for scope=[78] (in 0.00059 secs)
2025-04-24 19:56:32,453 [DEBUG]  OP: Operation.CREATE_LEAF on slice (14608, 1) (remaining tasks 30)
2025-04-24 19:56:32,454 [DEBUG]  		 created leaf IdentityNumericLeaf for scope=[82] (in 0.00062 secs)
2025-04-24 19:56:32,454 [DEBUG]  OP: Operation.CREATE_LEAF on slice (14608, 1) (remaining tasks 29)
2025-04-24 19:56:32,455 [DEBUG]  		 created leaf IdentityNumericLeaf for scope=[84] (in 0.00060 secs)
2025-04-24 19:56:32,455 [DEBUG]  OP: Operation.CREATE_LEAF on slice (14608, 1) (remaining tasks 28)
2025-04-24 19:56:32,456 [DEBUG]  		 created leaf IdentityNumericLeaf for scope=[86] (in 0.00059 secs)
2025-04-24 19:56:32,459 [DEBUG]  OP: Operation.REMOVE_UNINFORMATIVE_FEATURES on slice (14563, 16) (remaining tasks 27)
2025-04-24 19:56:32,460 [DEBUG]  OP: Operation.REMOVE_UNINFORMATIVE_FEATURES on slice (161, 16) (remaining tasks 28)
2025-04-24 19:56:32,462 [DEBUG]  OP: Operation.REMOVE_UNINFORMATIVE_FEATURES on slice (11401, 3) (remaining tasks 31)
2025-04-24 19:56:32,463 [DEBUG]  OP: Operation.REMOVE_UNINFORMATIVE_FEATURES on slice (3323, 3) (remaining tasks 32)
2025-04-24 19:56:32,465 [DEBUG]  OP: Operation.SPLIT_COLUMNS on slice (14531, 2) (remaining tasks 33)
2025-04-24 19:56:32,575 [DEBUG]  		found 2 col clusters (in 0.10993 secs)
2025-04-24 19:56:32,575 [DEBUG]  OP: Operation.NAIVE_FACTORIZATION on slice (193, 2) (remaining tasks 34)
2025-04-24 19:56:32,579 [DEBUG]  		naive factorization 2 columns (in 0.00324 secs)
2025-04-24 19:56:32,581 [DEBUG]  OP: Operation.SPLIT_COLUMNS on slice (14639, 2) (remaining tasks 33)
2025-04-24 19:56:32,691 [DEBUG]  		found 2 col clusters (in 0.10978 secs)
2025-04-24 19:56:32,691 [DEBUG]  OP: Operation.NAIVE_FACTORIZATION on slice (85, 2) (remaining tasks 34)
2025-04-24 19:56:32,694 [DEBUG]  		naive factorization 2 columns (in 0.00336 secs)
2025-04-24 19:56:32,696 [DEBUG]  OP: Operation.SPLIT_COLUMNS on slice (13030, 4) (remaining tasks 33)
2025-04-24 19:56:32,917 [DEBUG]  		found 4 col clusters (in 0.22008 secs)
2025-04-24 19:56:32,917 [DEBUG]  OP: Operation.SPLIT_COLUMNS on slice (1694, 4) (remaining tasks 36)
2025-04-24 19:56:33,261 [DEBUG]  		found 4 col clusters (in 0.34302 secs)
2025-04-24 19:56:33,262 [DEBUG]  OP: Operation.REMOVE_UNINFORMATIVE_FEATURES on slice (6043, 2) (remaining tasks 39)
2025-04-24 19:56:33,263 [DEBUG]  OP: Operation.REMOVE_UNINFORMATIVE_FEATURES on slice (8681, 2) (remaining tasks 40)
2025-04-24 19:56:33,265 [DEBUG]  OP: Operation.SPLIT_COLUMNS on slice (13319, 2) (remaining tasks 41)
2025-04-24 19:56:33,518 [DEBUG]  		found 2 col clusters (in 0.25262 secs)
2025-04-24 19:56:33,518 [DEBUG]  OP: Operation.NAIVE_FACTORIZATION on slice (1405, 2) (remaining tasks 42)
2025-04-24 19:56:33,524 [DEBUG]  		naive factorization 2 columns (in 0.00532 secs)
2025-04-24 19:56:33,525 [DEBUG]  OP: Operation.SPLIT_COLUMNS on slice (14515, 2) (remaining tasks 41)
2025-04-24 19:56:33,644 [DEBUG]  		found 2 col clusters (in 0.11801 secs)
2025-04-24 19:56:33,644 [DEBUG]  OP: Operation.NAIVE_FACTORIZATION on slice (209, 2) (remaining tasks 42)
2025-04-24 19:56:33,648 [DEBUG]  		naive factorization 2 columns (in 0.00337 secs)
2025-04-24 19:56:33,648 [DEBUG]  OP: Operation.SPLIT_COLUMNS on slice (3792, 2) (remaining tasks 41)
2025-04-24 19:56:33,755 [DEBUG]  		found 2 col clusters (in 0.10655 secs)
2025-04-24 19:56:33,757 [DEBUG]  OP: Operation.NAIVE_FACTORIZATION on slice (10932, 2) (remaining tasks 42)
2025-04-24 19:56:33,761 [DEBUG]  		naive factorization 2 columns (in 0.00398 secs)
2025-04-24 19:56:33,763 [DEBUG]  OP: Operation.SPLIT_COLUMNS on slice (14114, 2) (remaining tasks 41)
2025-04-24 19:56:33,874 [DEBUG]  		found 2 col clusters (in 0.11081 secs)
2025-04-24 19:56:33,875 [DEBUG]  OP: Operation.NAIVE_FACTORIZATION on slice (610, 2) (remaining tasks 42)
2025-04-24 19:56:33,879 [DEBUG]  		naive factorization 2 columns (in 0.00335 secs)
2025-04-24 19:56:33,880 [DEBUG]  OP: Operation.SPLIT_ROWS on slice (14608, 16) (remaining tasks 41)
2025-04-24 19:56:33,985 [DEBUG]  		found 2 row clusters (in 0.10517 secs)
2025-04-24 19:56:33,986 [DEBUG]  OP: Operation.SPLIT_ROWS on slice (14608, 3) (remaining tasks 42)
2025-04-24 19:56:34,044 [DEBUG]  		found 2 row clusters (in 0.05751 secs)
2025-04-24 19:56:34,044 [DEBUG]  OP: Operation.SPLIT_ROWS on slice (14608, 2) (remaining tasks 43)
2025-04-24 19:56:34,103 [DEBUG]  		found 2 row clusters (in 0.05836 secs)
2025-04-24 19:56:34,103 [DEBUG]  OP: Operation.SPLIT_ROWS on slice (14608, 2) (remaining tasks 44)
2025-04-24 19:56:34,149 [DEBUG]  		found 2 row clusters (in 0.04631 secs)
2025-04-24 19:56:34,150 [DEBUG]  OP: Operation.SPLIT_ROWS on slice (14608, 2) (remaining tasks 45)
2025-04-24 19:56:34,187 [DEBUG]  		found 2 row clusters (in 0.03679 secs)
2025-04-24 19:56:34,187 [DEBUG]  OP: Operation.SPLIT_ROWS on slice (14608, 2) (remaining tasks 46)
2025-04-24 19:56:34,218 [DEBUG]  		found 2 row clusters (in 0.03072 secs)
2025-04-24 19:56:34,218 [DEBUG]  OP: Operation.SPLIT_ROWS on slice (14608, 2) (remaining tasks 47)
2025-04-24 19:56:34,255 [DEBUG]  		found 2 row clusters (in 0.03645 secs)
2025-04-24 19:56:34,255 [DEBUG]  OP: Operation.SPLIT_ROWS on slice (14608, 2) (remaining tasks 48)
2025-04-24 19:56:34,289 [DEBUG]  		found 2 row clusters (in 0.03369 secs)
2025-04-24 19:56:34,289 [DEBUG]  OP: Operation.CREATE_LEAF on slice (14563, 1) (remaining tasks 49)
2025-04-24 19:56:34,289 [DEBUG]  		 created leaf IdentityNumericLeaf for scope=[41] (in 0.00056 secs)
2025-04-24 19:56:34,290 [DEBUG]  OP: Operation.SPLIT_COLUMNS on slice (14563, 15) (remaining tasks 48)
2025-04-24 19:56:38,906 [DEBUG]  		found 7 col clusters (in 4.61499 secs)
2025-04-24 19:56:38,906 [DEBUG]  OP: Operation.CREATE_LEAF on slice (161, 1) (remaining tasks 54)
2025-04-24 19:56:38,907 [DEBUG]  		 created leaf IdentityNumericLeaf for scope=[1] (in 0.00029 secs)
2025-04-24 19:56:38,907 [DEBUG]  OP: Operation.CREATE_LEAF on slice (161, 1) (remaining tasks 53)
2025-04-24 19:56:38,907 [DEBUG]  		 created leaf IdentityNumericLeaf for scope=[29] (in 0.00024 secs)
2025-04-24 19:56:38,907 [DEBUG]  OP: Operation.CREATE_LEAF on slice (161, 1) (remaining tasks 52)
2025-04-24 19:56:38,908 [DEBUG]  		 created leaf IdentityNumericLeaf for scope=[79] (in 0.00023 secs)
2025-04-24 19:56:38,908 [DEBUG]  OP: Operation.NAIVE_FACTORIZATION on slice (161, 13) (remaining tasks 51)
2025-04-24 19:56:38,917 [DEBUG]  		naive factorization 13 columns (in 0.00856 secs)
2025-04-24 19:56:38,917 [DEBUG]  OP: Operation.CREATE_LEAF on slice (11401, 1) (remaining tasks 50)
2025-04-24 19:56:38,918 [DEBUG]  		 created leaf IdentityNumericLeaf for scope=[62] (in 0.00049 secs)
2025-04-24 19:56:38,918 [DEBUG]  OP: Operation.SPLIT_COLUMNS on slice (11401, 2) (remaining tasks 49)
2025-04-24 19:56:39,074 [DEBUG]  		found 2 col clusters (in 0.15517 secs)
2025-04-24 19:56:39,074 [DEBUG]  OP: Operation.CREATE_LEAF on slice (3323, 1) (remaining tasks 50)
2025-04-24 19:56:39,075 [DEBUG]  		 created leaf IdentityNumericLeaf for scope=[62] (in 0.00056 secs)
2025-04-24 19:56:39,075 [DEBUG]  OP: Operation.SPLIT_COLUMNS on slice (3323, 2) (remaining tasks 49)
2025-04-24 19:56:39,181 [DEBUG]  		found 1 col clusters (in 0.10557 secs)
2025-04-24 19:56:39,181 [DEBUG]  OP: Operation.CREATE_LEAF on slice (14531, 1) (remaining tasks 49)
2025-04-24 19:56:39,182 [DEBUG]  		 created leaf IdentityNumericLeaf for scope=[3] (in 0.00091 secs)
2025-04-24 19:56:39,182 [DEBUG]  OP: Operation.CREATE_LEAF on slice (14531, 1) (remaining tasks 48)
2025-04-24 19:56:39,183 [DEBUG]  		 created leaf IdentityNumericLeaf for scope=[28] (in 0.00088 secs)
2025-04-24 19:56:39,184 [DEBUG]  OP: Operation.CREATE_LEAF on slice (14639, 1) (remaining tasks 47)
2025-04-24 19:56:39,185 [DEBUG]  		 created leaf IdentityNumericLeaf for scope=[4] (in 0.00082 secs)
2025-04-24 19:56:39,185 [DEBUG]  OP: Operation.CREATE_LEAF on slice (14639, 1) (remaining tasks 46)
2025-04-24 19:56:39,186 [DEBUG]  		 created leaf IdentityNumericLeaf for scope=[35] (in 0.00085 secs)
2025-04-24 19:56:39,186 [DEBUG]  OP: Operation.CREATE_LEAF on slice (13030, 1) (remaining tasks 45)
2025-04-24 19:56:39,187 [DEBUG]  		 created leaf IdentityNumericLeaf for scope=[6] (in 0.00084 secs)
2025-04-24 19:56:39,187 [DEBUG]  OP: Operation.CREATE_LEAF on slice (13030, 1) (remaining tasks 44)
2025-04-24 19:56:39,188 [DEBUG]  		 created leaf IdentityNumericLeaf for scope=[19] (in 0.00091 secs)
2025-04-24 19:56:39,188 [DEBUG]  OP: Operation.CREATE_LEAF on slice (13030, 1) (remaining tasks 43)
2025-04-24 19:56:39,189 [DEBUG]  		 created leaf IdentityNumericLeaf for scope=[44] (in 0.00081 secs)
2025-04-24 19:56:39,189 [DEBUG]  OP: Operation.CREATE_LEAF on slice (13030, 1) (remaining tasks 42)
2025-04-24 19:56:39,190 [DEBUG]  		 created leaf IdentityNumericLeaf for scope=[84] (in 0.00081 secs)
2025-04-24 19:56:39,191 [DEBUG]  OP: Operation.CREATE_LEAF on slice (1694, 1) (remaining tasks 41)
2025-04-24 19:56:39,191 [DEBUG]  		 created leaf IdentityNumericLeaf for scope=[6] (in 0.00042 secs)
2025-04-24 19:56:39,191 [DEBUG]  OP: Operation.CREATE_LEAF on slice (1694, 1) (remaining tasks 40)
2025-04-24 19:56:39,192 [DEBUG]  		 created leaf IdentityNumericLeaf for scope=[19] (in 0.00041 secs)
2025-04-24 19:56:39,192 [DEBUG]  OP: Operation.CREATE_LEAF on slice (1694, 1) (remaining tasks 39)
2025-04-24 19:56:39,193 [DEBUG]  		 created leaf IdentityNumericLeaf for scope=[44] (in 0.00041 secs)
2025-04-24 19:56:39,193 [DEBUG]  OP: Operation.CREATE_LEAF on slice (1694, 1) (remaining tasks 38)
2025-04-24 19:56:39,193 [DEBUG]  		 created leaf IdentityNumericLeaf for scope=[84] (in 0.00041 secs)
2025-04-24 19:56:39,194 [DEBUG]  OP: Operation.CREATE_LEAF on slice (6043, 1) (remaining tasks 37)
2025-04-24 19:56:39,194 [DEBUG]  		 created leaf IdentityNumericLeaf for scope=[11] (in 0.00055 secs)
2025-04-24 19:56:39,194 [DEBUG]  OP: Operation.CREATE_LEAF on slice (6043, 1) (remaining tasks 36)
2025-04-24 19:56:39,195 [DEBUG]  		 created leaf IdentityNumericLeaf for scope=[57] (in 0.00066 secs)
2025-04-24 19:56:39,195 [DEBUG]  OP: Operation.CREATE_LEAF on slice (8681, 1) (remaining tasks 35)
2025-04-24 19:56:39,196 [DEBUG]  		 created leaf IdentityNumericLeaf for scope=[11] (in 0.00062 secs)
2025-04-24 19:56:39,196 [DEBUG]  OP: Operation.CREATE_LEAF on slice (8681, 1) (remaining tasks 34)
2025-04-24 19:56:39,197 [DEBUG]  		 created leaf IdentityNumericLeaf for scope=[57] (in 0.00075 secs)
2025-04-24 19:56:39,198 [DEBUG]  OP: Operation.CREATE_LEAF on slice (13319, 1) (remaining tasks 33)
2025-04-24 19:56:39,199 [DEBUG]  		 created leaf IdentityNumericLeaf for scope=[39] (in 0.00085 secs)
2025-04-24 19:56:39,199 [DEBUG]  OP: Operation.CREATE_LEAF on slice (13319, 1) (remaining tasks 32)
2025-04-24 19:56:39,200 [DEBUG]  		 created leaf IdentityNumericLeaf for scope=[86] (in 0.00080 secs)
2025-04-24 19:56:39,200 [DEBUG]  OP: Operation.CREATE_LEAF on slice (14515, 1) (remaining tasks 31)
2025-04-24 19:56:39,201 [DEBUG]  		 created leaf IdentityNumericLeaf for scope=[43] (in 0.00084 secs)
2025-04-24 19:56:39,201 [DEBUG]  OP: Operation.CREATE_LEAF on slice (14515, 1) (remaining tasks 30)
2025-04-24 19:56:39,202 [DEBUG]  		 created leaf IdentityNumericLeaf for scope=[64] (in 0.00084 secs)
2025-04-24 19:56:39,202 [DEBUG]  OP: Operation.CREATE_LEAF on slice (3792, 1) (remaining tasks 29)
2025-04-24 19:56:39,203 [DEBUG]  		 created leaf IdentityNumericLeaf for scope=[53] (in 0.00054 secs)
2025-04-24 19:56:39,203 [DEBUG]  OP: Operation.CREATE_LEAF on slice (3792, 1) (remaining tasks 28)
2025-04-24 19:56:39,204 [DEBUG]  		 created leaf IdentityNumericLeaf for scope=[67] (in 0.00049 secs)
2025-04-24 19:56:39,204 [DEBUG]  OP: Operation.CREATE_LEAF on slice (14114, 1) (remaining tasks 27)
2025-04-24 19:56:39,205 [DEBUG]  		 created leaf IdentityNumericLeaf for scope=[68] (in 0.00086 secs)
2025-04-24 19:56:39,205 [DEBUG]  OP: Operation.CREATE_LEAF on slice (14114, 1) (remaining tasks 26)
2025-04-24 19:56:39,206 [DEBUG]  		 created leaf IdentityNumericLeaf for scope=[72] (in 0.00082 secs)
2025-04-24 19:56:39,210 [DEBUG]  OP: Operation.REMOVE_UNINFORMATIVE_FEATURES on slice (13855, 16) (remaining tasks 25)
2025-04-24 19:56:39,212 [DEBUG]  OP: Operation.REMOVE_UNINFORMATIVE_FEATURES on slice (753, 16) (remaining tasks 33)
2025-04-24 19:56:39,215 [DEBUG]  OP: Operation.SPLIT_COLUMNS on slice (14555, 3) (remaining tasks 36)
2025-04-24 19:56:39,330 [DEBUG]  		found 3 col clusters (in 0.11504 secs)
2025-04-24 19:56:39,331 [DEBUG]  OP: Operation.REMOVE_UNINFORMATIVE_FEATURES on slice (53, 3) (remaining tasks 38)
2025-04-24 19:56:39,331 [DEBUG]  OP: Operation.REMOVE_UNINFORMATIVE_FEATURES on slice (1423, 2) (remaining tasks 39)
2025-04-24 19:56:39,333 [DEBUG]  OP: Operation.REMOVE_UNINFORMATIVE_FEATURES on slice (13185, 2) (remaining tasks 40)
2025-04-24 19:56:39,335 [DEBUG]  OP: Operation.REMOVE_UNINFORMATIVE_FEATURES on slice (6215, 2) (remaining tasks 41)
2025-04-24 19:56:39,336 [DEBUG]  OP: Operation.REMOVE_UNINFORMATIVE_FEATURES on slice (8393, 2) (remaining tasks 42)
2025-04-24 19:56:39,338 [DEBUG]  OP: Operation.REMOVE_UNINFORMATIVE_FEATURES on slice (14082, 2) (remaining tasks 43)
2025-04-24 19:56:39,339 [DEBUG]  OP: Operation.REMOVE_UNINFORMATIVE_FEATURES on slice (526, 2) (remaining tasks 44)
2025-04-24 19:56:39,341 [DEBUG]  OP: Operation.SPLIT_COLUMNS on slice (14432, 2) (remaining tasks 45)
2025-04-24 19:56:39,554 [DEBUG]  		found 2 col clusters (in 0.21326 secs)
2025-04-24 19:56:39,555 [DEBUG]  OP: Operation.NAIVE_FACTORIZATION on slice (176, 2) (remaining tasks 46)
2025-04-24 19:56:39,557 [DEBUG]  		naive factorization 2 columns (in 0.00244 secs)
2025-04-24 19:56:39,558 [DEBUG]  OP: Operation.SPLIT_COLUMNS on slice (2513, 2) (remaining tasks 45)
2025-04-24 19:56:39,663 [DEBUG]  		found 2 col clusters (in 0.10525 secs)
2025-04-24 19:56:39,666 [DEBUG]  OP: Operation.NAIVE_FACTORIZATION on slice (12095, 2) (remaining tasks 46)
2025-04-24 19:56:39,671 [DEBUG]  		naive factorization 2 columns (in 0.00475 secs)
2025-04-24 19:56:39,672 [DEBUG]  OP: Operation.REMOVE_UNINFORMATIVE_FEATURES on slice (14198, 2) (remaining tasks 45)
2025-04-24 19:56:39,672 [DEBUG]  OP: Operation.REMOVE_UNINFORMATIVE_FEATURES on slice (410, 2) (remaining tasks 46)
2025-04-24 19:56:39,673 [DEBUG]  OP: Operation.SPLIT_COLUMNS on slice (14563, 6) (remaining tasks 47)
2025-04-24 19:56:40,657 [DEBUG]  		found 1 col clusters (in 0.98432 secs)
2025-04-24 19:56:40,658 [DEBUG]  OP: Operation.SPLIT_COLUMNS on slice (14563, 4) (remaining tasks 47)
2025-04-24 19:56:40,878 [DEBUG]  		found 1 col clusters (in 0.21943 secs)
2025-04-24 19:56:40,878 [DEBUG]  OP: Operation.CREATE_LEAF on slice (14563, 1) (remaining tasks 47)
2025-04-24 19:56:40,879 [DEBUG]  		 created leaf IdentityNumericLeaf for scope=[29] (in 0.00060 secs)
2025-04-24 19:56:40,879 [DEBUG]  OP: Operation.CREATE_LEAF on slice (14563, 1) (remaining tasks 46)
2025-04-24 19:56:40,880 [DEBUG]  		 created leaf IdentityNumericLeaf for scope=[32] (in 0.00056 secs)
2025-04-24 19:56:40,880 [DEBUG]  OP: Operation.CREATE_LEAF on slice (14563, 1) (remaining tasks 45)
2025-04-24 19:56:40,881 [DEBUG]  		 created leaf IdentityNumericLeaf for scope=[49] (in 0.00056 secs)
2025-04-24 19:56:40,881 [DEBUG]  OP: Operation.CREATE_LEAF on slice (14563, 1) (remaining tasks 44)
2025-04-24 19:56:40,882 [DEBUG]  		 created leaf IdentityNumericLeaf for scope=[51] (in 0.00056 secs)
2025-04-24 19:56:40,882 [DEBUG]  OP: Operation.CREATE_LEAF on slice (14563, 1) (remaining tasks 43)
2025-04-24 19:56:40,883 [DEBUG]  		 created leaf IdentityNumericLeaf for scope=[60] (in 0.00056 secs)
2025-04-24 19:56:40,883 [DEBUG]  OP: Operation.CREATE_LEAF on slice (11401, 1) (remaining tasks 42)
2025-04-24 19:56:40,884 [DEBUG]  		 created leaf IdentityNumericLeaf for scope=[2] (in 0.00049 secs)
2025-04-24 19:56:40,884 [DEBUG]  OP: Operation.CREATE_LEAF on slice (11401, 1) (remaining tasks 41)
2025-04-24 19:56:40,884 [DEBUG]  		 created leaf IdentityNumericLeaf for scope=[20] (in 0.00048 secs)
2025-04-24 19:56:40,885 [DEBUG]  OP: Operation.SPLIT_ROWS on slice (3323, 2) (remaining tasks 40)
2025-04-24 19:56:40,936 [DEBUG]  		found 2 row clusters (in 0.05105 secs)
2025-04-24 19:56:40,936 [DEBUG]  OP: Operation.CREATE_LEAF on slice (13855, 1) (remaining tasks 41)
2025-04-24 19:56:40,937 [DEBUG]  		 created leaf IdentityNumericLeaf for scope=[15] (in 0.00070 secs)
2025-04-24 19:56:40,937 [DEBUG]  OP: Operation.CREATE_LEAF on slice (13855, 1) (remaining tasks 40)
2025-04-24 19:56:40,938 [DEBUG]  		 created leaf IdentityNumericLeaf for scope=[27] (in 0.00059 secs)
2025-04-24 19:56:40,938 [DEBUG]  OP: Operation.CREATE_LEAF on slice (13855, 1) (remaining tasks 39)
2025-04-24 19:56:40,939 [DEBUG]  		 created leaf IdentityNumericLeaf for scope=[32] (in 0.00061 secs)
2025-04-24 19:56:40,939 [DEBUG]  OP: Operation.CREATE_LEAF on slice (13855, 1) (remaining tasks 38)
2025-04-24 19:56:40,940 [DEBUG]  		 created leaf IdentityNumericLeaf for scope=[37] (in 0.00070 secs)
2025-04-24 19:56:40,940 [DEBUG]  OP: Operation.CREATE_LEAF on slice (13855, 1) (remaining tasks 37)
2025-04-24 19:56:40,940 [DEBUG]  		 created leaf IdentityNumericLeaf for scope=[45] (in 0.00059 secs)
2025-04-24 19:56:40,940 [DEBUG]  OP: Operation.CREATE_LEAF on slice (13855, 1) (remaining tasks 36)
2025-04-24 19:56:40,941 [DEBUG]  		 created leaf IdentityNumericLeaf for scope=[49] (in 0.00060 secs)
2025-04-24 19:56:40,941 [DEBUG]  OP: Operation.CREATE_LEAF on slice (13855, 1) (remaining tasks 35)
2025-04-24 19:56:40,942 [DEBUG]  		 created leaf IdentityNumericLeaf for scope=[51] (in 0.00060 secs)
2025-04-24 19:56:40,942 [DEBUG]  OP: Operation.CREATE_LEAF on slice (13855, 1) (remaining tasks 34)
2025-04-24 19:56:40,953 [DEBUG]  		 created leaf IdentityNumericLeaf for scope=[60] (in 0.01036 secs)
2025-04-24 19:56:40,953 [DEBUG]  OP: Operation.SPLIT_COLUMNS on slice (13855, 8) (remaining tasks 33)
2025-04-24 19:56:42,618 [DEBUG]  		found 7 col clusters (in 1.66459 secs)
2025-04-24 19:56:42,619 [DEBUG]  OP: Operation.CREATE_LEAF on slice (753, 1) (remaining tasks 39)
2025-04-24 19:56:42,619 [DEBUG]  		 created leaf IdentityNumericLeaf for scope=[1] (in 0.00032 secs)
2025-04-24 19:56:42,619 [DEBUG]  OP: Operation.CREATE_LEAF on slice (753, 1) (remaining tasks 38)
2025-04-24 19:56:42,620 [DEBUG]  		 created leaf IdentityNumericLeaf for scope=[29] (in 0.00026 secs)
2025-04-24 19:56:42,620 [DEBUG]  OP: Operation.CREATE_LEAF on slice (753, 1) (remaining tasks 37)
2025-04-24 19:56:42,620 [DEBUG]  		 created leaf IdentityNumericLeaf for scope=[79] (in 0.00025 secs)
2025-04-24 19:56:42,621 [DEBUG]  OP: Operation.SPLIT_COLUMNS on slice (753, 13) (remaining tasks 36)
2025-04-24 19:56:45,886 [DEBUG]  		found 4 col clusters (in 3.26463 secs)
2025-04-24 19:56:45,886 [DEBUG]  OP: Operation.CREATE_LEAF on slice (14555, 1) (remaining tasks 39)
2025-04-24 19:56:45,887 [DEBUG]  		 created leaf IdentityNumericLeaf for scope=[4] (in 0.00058 secs)
2025-04-24 19:56:45,887 [DEBUG]  OP: Operation.CREATE_LEAF on slice (14555, 1) (remaining tasks 38)
2025-04-24 19:56:45,888 [DEBUG]  		 created leaf IdentityNumericLeaf for scope=[28] (in 0.00059 secs)
2025-04-24 19:56:45,888 [DEBUG]  OP: Operation.CREATE_LEAF on slice (14555, 1) (remaining tasks 37)
2025-04-24 19:56:45,889 [DEBUG]  		 created leaf IdentityNumericLeaf for scope=[35] (in 0.00060 secs)
2025-04-24 19:56:45,889 [DEBUG]  OP: Operation.CREATE_LEAF on slice (53, 1) (remaining tasks 36)
2025-04-24 19:56:45,890 [DEBUG]  		 created leaf IdentityNumericLeaf for scope=[4] (in 0.00024 secs)
2025-04-24 19:56:45,890 [DEBUG]  OP: Operation.NAIVE_FACTORIZATION on slice (53, 2) (remaining tasks 35)
2025-04-24 19:56:45,894 [DEBUG]  		naive factorization 2 columns (in 0.00408 secs)
2025-04-24 19:56:45,895 [DEBUG]  OP: Operation.CREATE_LEAF on slice (1423, 1) (remaining tasks 34)
2025-04-24 19:56:45,895 [DEBUG]  		 created leaf IdentityNumericLeaf for scope=[81] (in 0.00025 secs)
2025-04-24 19:56:45,895 [DEBUG]  OP: Operation.CREATE_LEAF on slice (1423, 1) (remaining tasks 33)
2025-04-24 19:56:45,896 [DEBUG]  		 created leaf IdentityNumericLeaf for scope=[25] (in 0.00028 secs)
2025-04-24 19:56:45,896 [DEBUG]  OP: Operation.CREATE_LEAF on slice (13185, 1) (remaining tasks 32)
2025-04-24 19:56:45,897 [DEBUG]  		 created leaf IdentityNumericLeaf for scope=[81] (in 0.00057 secs)
2025-04-24 19:56:45,897 [DEBUG]  OP: Operation.CREATE_LEAF on slice (13185, 1) (remaining tasks 31)
2025-04-24 19:56:45,898 [DEBUG]  		 created leaf IdentityNumericLeaf for scope=[25] (in 0.00056 secs)
2025-04-24 19:56:45,898 [DEBUG]  OP: Operation.CREATE_LEAF on slice (6215, 1) (remaining tasks 30)
2025-04-24 19:56:45,898 [DEBUG]  		 created leaf IdentityNumericLeaf for scope=[66] (in 0.00038 secs)
2025-04-24 19:56:45,899 [DEBUG]  OP: Operation.CREATE_LEAF on slice (6215, 1) (remaining tasks 29)
2025-04-24 19:56:45,899 [DEBUG]  		 created leaf IdentityNumericLeaf for scope=[39] (in 0.00043 secs)
2025-04-24 19:56:45,899 [DEBUG]  OP: Operation.CREATE_LEAF on slice (8393, 1) (remaining tasks 28)
2025-04-24 19:56:45,900 [DEBUG]  		 created leaf IdentityNumericLeaf for scope=[66] (in 0.00041 secs)
2025-04-24 19:56:45,900 [DEBUG]  OP: Operation.CREATE_LEAF on slice (8393, 1) (remaining tasks 27)
2025-04-24 19:56:45,901 [DEBUG]  		 created leaf IdentityNumericLeaf for scope=[39] (in 0.00044 secs)
2025-04-24 19:56:45,901 [DEBUG]  OP: Operation.CREATE_LEAF on slice (14082, 1) (remaining tasks 26)
2025-04-24 19:56:45,902 [DEBUG]  		 created leaf IdentityNumericLeaf for scope=[61] (in 0.00058 secs)
2025-04-24 19:56:45,902 [DEBUG]  OP: Operation.CREATE_LEAF on slice (14082, 1) (remaining tasks 25)
2025-04-24 19:56:45,903 [DEBUG]  		 created leaf IdentityNumericLeaf for scope=[40] (in 0.00059 secs)
2025-04-24 19:56:45,903 [DEBUG]  OP: Operation.CREATE_LEAF on slice (526, 1) (remaining tasks 24)
2025-04-24 19:56:45,904 [DEBUG]  		 created leaf IdentityNumericLeaf for scope=[61] (in 0.00025 secs)
2025-04-24 19:56:45,905 [DEBUG]  OP: Operation.CREATE_LEAF on slice (526, 1) (remaining tasks 23)
2025-04-24 19:56:45,905 [DEBUG]  		 created leaf IdentityNumericLeaf for scope=[40] (in 0.00022 secs)
2025-04-24 19:56:45,907 [DEBUG]  OP: Operation.CREATE_LEAF on slice (14432, 1) (remaining tasks 22)
2025-04-24 19:56:45,908 [DEBUG]  		 created leaf IdentityNumericLeaf for scope=[43] (in 0.00052 secs)
2025-04-24 19:56:45,911 [DEBUG]  OP: Operation.CREATE_LEAF on slice (14432, 1) (remaining tasks 21)
2025-04-24 19:56:45,912 [DEBUG]  		 created leaf IdentityNumericLeaf for scope=[64] (in 0.00052 secs)
2025-04-24 19:56:45,915 [DEBUG]  OP: Operation.CREATE_LEAF on slice (2513, 1) (remaining tasks 20)
2025-04-24 19:56:45,916 [DEBUG]  		 created leaf IdentityNumericLeaf for scope=[53] (in 0.00028 secs)
2025-04-24 19:56:45,917 [DEBUG]  OP: Operation.CREATE_LEAF on slice (2513, 1) (remaining tasks 19)
2025-04-24 19:56:45,918 [DEBUG]  		 created leaf IdentityNumericLeaf for scope=[67] (in 0.00028 secs)
2025-04-24 19:56:45,920 [DEBUG]  OP: Operation.CREATE_LEAF on slice (14198, 1) (remaining tasks 18)
2025-04-24 19:56:45,921 [DEBUG]  		 created leaf IdentityNumericLeaf for scope=[68] (in 0.00052 secs)
2025-04-24 19:56:45,924 [DEBUG]  OP: Operation.CREATE_LEAF on slice (14198, 1) (remaining tasks 17)
2025-04-24 19:56:45,925 [DEBUG]  		 created leaf IdentityNumericLeaf for scope=[72] (in 0.00052 secs)
2025-04-24 19:56:45,928 [DEBUG]  OP: Operation.CREATE_LEAF on slice (410, 1) (remaining tasks 16)
2025-04-24 19:56:45,929 [DEBUG]  		 created leaf IdentityNumericLeaf for scope=[68] (in 0.00023 secs)
2025-04-24 19:56:45,930 [DEBUG]  OP: Operation.CREATE_LEAF on slice (410, 1) (remaining tasks 15)
2025-04-24 19:56:45,931 [DEBUG]  		 created leaf IdentityNumericLeaf for scope=[72] (in 0.00022 secs)
2025-04-24 19:56:45,933 [DEBUG]  OP: Operation.SPLIT_ROWS on slice (14563, 6) (remaining tasks 14)
2025-04-24 19:56:46,066 [DEBUG]  		found 2 row clusters (in 0.12948 secs)
2025-04-24 19:56:46,066 [DEBUG]  OP: Operation.SPLIT_ROWS on slice (14563, 4) (remaining tasks 15)
2025-04-24 19:56:46,134 [DEBUG]  		found 2 row clusters (in 0.06780 secs)
2025-04-24 19:56:46,135 [DEBUG]  OP: Operation.REMOVE_UNINFORMATIVE_FEATURES on slice (1746, 2) (remaining tasks 16)
2025-04-24 19:56:46,135 [DEBUG]  OP: Operation.REMOVE_UNINFORMATIVE_FEATURES on slice (1577, 2) (remaining tasks 17)
2025-04-24 19:56:46,135 [DEBUG]  OP: Operation.CREATE_LEAF on slice (13855, 1) (remaining tasks 18)
2025-04-24 19:56:46,136 [DEBUG]  		 created leaf IdentityNumericLeaf for scope=[1] (in 0.00057 secs)
2025-04-24 19:56:46,136 [DEBUG]  OP: Operation.CREATE_LEAF on slice (13855, 1) (remaining tasks 17)
2025-04-24 19:56:46,137 [DEBUG]  		 created leaf IdentityNumericLeaf for scope=[14] (in 0.00055 secs)
2025-04-24 19:56:46,137 [DEBUG]  OP: Operation.CREATE_LEAF on slice (13855, 1) (remaining tasks 16)
2025-04-24 19:56:46,138 [DEBUG]  		 created leaf IdentityNumericLeaf for scope=[29] (in 0.00054 secs)
2025-04-24 19:56:46,138 [DEBUG]  OP: Operation.CREATE_LEAF on slice (13855, 1) (remaining tasks 15)
2025-04-24 19:56:46,138 [DEBUG]  		 created leaf IdentityNumericLeaf for scope=[41] (in 0.00052 secs)
2025-04-24 19:56:46,139 [DEBUG]  OP: Operation.SPLIT_COLUMNS on slice (13855, 2) (remaining tasks 14)
2025-04-24 19:56:46,250 [DEBUG]  		found 1 col clusters (in 0.11094 secs)
2025-04-24 19:56:46,250 [DEBUG]  OP: Operation.CREATE_LEAF on slice (13855, 1) (remaining tasks 14)
2025-04-24 19:56:46,251 [DEBUG]  		 created leaf IdentityNumericLeaf for scope=[79] (in 0.00068 secs)
2025-04-24 19:56:46,251 [DEBUG]  OP: Operation.CREATE_LEAF on slice (13855, 1) (remaining tasks 13)
2025-04-24 19:56:46,252 [DEBUG]  		 created leaf IdentityNumericLeaf for scope=[83] (in 0.00052 secs)
2025-04-24 19:56:46,252 [DEBUG]  OP: Operation.SPLIT_COLUMNS on slice (753, 9) (remaining tasks 12)
2025-04-24 19:56:48,110 [DEBUG]  		found 1 col clusters (in 1.85787 secs)
2025-04-24 19:56:48,110 [DEBUG]  OP: Operation.CREATE_LEAF on slice (753, 1) (remaining tasks 12)
2025-04-24 19:56:48,111 [DEBUG]  		 created leaf IdentityNumericLeaf for scope=[27] (in 0.00027 secs)
2025-04-24 19:56:48,111 [DEBUG]  OP: Operation.CREATE_LEAF on slice (753, 1) (remaining tasks 11)
2025-04-24 19:56:48,111 [DEBUG]  		 created leaf IdentityNumericLeaf for scope=[37] (in 0.00024 secs)
2025-04-24 19:56:48,112 [DEBUG]  OP: Operation.SPLIT_COLUMNS on slice (753, 2) (remaining tasks 10)
2025-04-24 19:56:48,319 [DEBUG]  		found 1 col clusters (in 0.20659 secs)
2025-04-24 19:56:48,322 [DEBUG]  OP: Operation.REMOVE_UNINFORMATIVE_FEATURES on slice (14497, 6) (remaining tasks 10)
2025-04-24 19:56:48,323 [DEBUG]  OP: Operation.REMOVE_UNINFORMATIVE_FEATURES on slice (66, 6) (remaining tasks 11)
2025-04-24 19:56:48,326 [DEBUG]  OP: Operation.REMOVE_UNINFORMATIVE_FEATURES on slice (14537, 4) (remaining tasks 13)
2025-04-24 19:56:48,326 [DEBUG]  OP: Operation.REMOVE_UNINFORMATIVE_FEATURES on slice (26, 4) (remaining tasks 15)
2025-04-24 19:56:48,326 [DEBUG]  OP: Operation.CREATE_LEAF on slice (1746, 1) (remaining tasks 16)
2025-04-24 19:56:48,327 [DEBUG]  		 created leaf IdentityNumericLeaf for scope=[20] (in 0.00048 secs)
2025-04-24 19:56:48,327 [DEBUG]  OP: Operation.CREATE_LEAF on slice (1746, 1) (remaining tasks 15)
2025-04-24 19:56:48,328 [DEBUG]  		 created leaf IdentityNumericLeaf for scope=[2] (in 0.00042 secs)
2025-04-24 19:56:48,328 [DEBUG]  OP: Operation.CREATE_LEAF on slice (1577, 1) (remaining tasks 14)
2025-04-24 19:56:48,328 [DEBUG]  		 created leaf IdentityNumericLeaf for scope=[20] (in 0.00038 secs)
2025-04-24 19:56:48,329 [DEBUG]  OP: Operation.CREATE_LEAF on slice (1577, 1) (remaining tasks 13)
2025-04-24 19:56:48,329 [DEBUG]  		 created leaf IdentityNumericLeaf for scope=[2] (in 0.00040 secs)
2025-04-24 19:56:48,330 [DEBUG]  OP: Operation.SPLIT_ROWS on slice (13855, 2) (remaining tasks 12)
2025-04-24 19:56:48,373 [DEBUG]  		found 2 row clusters (in 0.04305 secs)
2025-04-24 19:56:48,373 [DEBUG]  OP: Operation.SPLIT_ROWS on slice (753, 9) (remaining tasks 13)
2025-04-24 19:56:48,395 [DEBUG]  		found 2 row clusters (in 0.02206 secs)
2025-04-24 19:56:48,396 [DEBUG]  OP: Operation.SPLIT_ROWS on slice (753, 2) (remaining tasks 14)
2025-04-24 19:56:48,411 [DEBUG]  		found 2 row clusters (in 0.01495 secs)
2025-04-24 19:56:48,411 [DEBUG]  OP: Operation.CREATE_LEAF on slice (14497, 1) (remaining tasks 15)
2025-04-24 19:56:48,411 [DEBUG]  		 created leaf IdentityNumericLeaf for scope=[27] (in 0.00057 secs)
2025-04-24 19:56:48,412 [DEBUG]  OP: Operation.SPLIT_COLUMNS on slice (14497, 5) (remaining tasks 14)
2025-04-24 19:56:48,759 [DEBUG]  		found 3 col clusters (in 0.34714 secs)
2025-04-24 19:56:48,760 [DEBUG]  OP: Operation.CREATE_LEAF on slice (66, 1) (remaining tasks 16)
2025-04-24 19:56:48,760 [DEBUG]  		 created leaf IdentityNumericLeaf for scope=[42] (in 0.00028 secs)
2025-04-24 19:56:48,760 [DEBUG]  OP: Operation.CREATE_LEAF on slice (66, 1) (remaining tasks 15)
2025-04-24 19:56:48,760 [DEBUG]  		 created leaf IdentityNumericLeaf for scope=[80] (in 0.00023 secs)
2025-04-24 19:56:48,761 [DEBUG]  OP: Operation.NAIVE_FACTORIZATION on slice (66, 4) (remaining tasks 14)
2025-04-24 19:56:48,764 [DEBUG]  		naive factorization 4 columns (in 0.00320 secs)
2025-04-24 19:56:48,764 [DEBUG]  OP: Operation.CREATE_LEAF on slice (14537, 1) (remaining tasks 13)
2025-04-24 19:56:48,765 [DEBUG]  		 created leaf IdentityNumericLeaf for scope=[45] (in 0.00058 secs)
2025-04-24 19:56:48,765 [DEBUG]  OP: Operation.CREATE_LEAF on slice (14537, 1) (remaining tasks 12)
2025-04-24 19:56:48,766 [DEBUG]  		 created leaf IdentityNumericLeaf for scope=[83] (in 0.00058 secs)
2025-04-24 19:56:48,766 [DEBUG]  OP: Operation.SPLIT_COLUMNS on slice (14537, 2) (remaining tasks 11)
2025-04-24 19:56:49,031 [DEBUG]  		found 2 col clusters (in 0.26468 secs)
2025-04-24 19:56:49,031 [DEBUG]  OP: Operation.CREATE_LEAF on slice (26, 1) (remaining tasks 12)
2025-04-24 19:56:49,032 [DEBUG]  		 created leaf IdentityNumericLeaf for scope=[83] (in 0.00041 secs)
2025-04-24 19:56:49,032 [DEBUG]  OP: Operation.NAIVE_FACTORIZATION on slice (26, 3) (remaining tasks 11)
2025-04-24 19:56:49,035 [DEBUG]  		naive factorization 3 columns (in 0.00243 secs)
2025-04-24 19:56:49,036 [DEBUG]  OP: Operation.REMOVE_UNINFORMATIVE_FEATURES on slice (13839, 2) (remaining tasks 10)
2025-04-24 19:56:49,036 [DEBUG]  OP: Operation.NAIVE_FACTORIZATION on slice (16, 2) (remaining tasks 11)
2025-04-24 19:56:49,038 [DEBUG]  		naive factorization 2 columns (in 0.00158 secs)
2025-04-24 19:56:49,039 [DEBUG]  OP: Operation.REMOVE_UNINFORMATIVE_FEATURES on slice (391, 9) (remaining tasks 10)
2025-04-24 19:56:49,039 [DEBUG]  OP: Operation.REMOVE_UNINFORMATIVE_FEATURES on slice (362, 9) (remaining tasks 14)
2025-04-24 19:56:49,040 [DEBUG]  OP: Operation.NAIVE_FACTORIZATION on slice (752, 2) (remaining tasks 20)
2025-04-24 19:56:49,042 [DEBUG]  		naive factorization 2 columns (in 0.00175 secs)
2025-04-24 19:56:49,042 [DEBUG]  OP: Operation.NAIVE_FACTORIZATION on slice (1, 2) (remaining tasks 19)
2025-04-24 19:56:49,045 [DEBUG]  		naive factorization 2 columns (in 0.00327 secs)
2025-04-24 19:56:49,046 [DEBUG]  OP: Operation.SPLIT_COLUMNS on slice (14497, 2) (remaining tasks 18)
2025-04-24 19:56:49,158 [DEBUG]  		found 1 col clusters (in 0.11204 secs)
2025-04-24 19:56:49,158 [DEBUG]  OP: Operation.CREATE_LEAF on slice (14497, 1) (remaining tasks 18)
2025-04-24 19:56:49,159 [DEBUG]  		 created leaf IdentityNumericLeaf for scope=[37] (in 0.00055 secs)
2025-04-24 19:56:49,160 [DEBUG]  OP: Operation.SPLIT_COLUMNS on slice (14497, 2) (remaining tasks 17)
2025-04-24 19:56:49,269 [DEBUG]  		found 1 col clusters (in 0.10955 secs)
2025-04-24 19:56:49,270 [DEBUG]  OP: Operation.CREATE_LEAF on slice (14537, 1) (remaining tasks 17)
2025-04-24 19:56:49,271 [DEBUG]  		 created leaf IdentityNumericLeaf for scope=[14] (in 0.00056 secs)
2025-04-24 19:56:49,271 [DEBUG]  OP: Operation.CREATE_LEAF on slice (14537, 1) (remaining tasks 16)
2025-04-24 19:56:49,272 [DEBUG]  		 created leaf IdentityNumericLeaf for scope=[15] (in 0.00056 secs)
2025-04-24 19:56:49,272 [DEBUG]  OP: Operation.CREATE_LEAF on slice (13839, 1) (remaining tasks 15)
2025-04-24 19:56:49,272 [DEBUG]  		 created leaf IdentityNumericLeaf for scope=[42] (in 0.00057 secs)
2025-04-24 19:56:49,273 [DEBUG]  OP: Operation.CREATE_LEAF on slice (13839, 1) (remaining tasks 14)
2025-04-24 19:56:49,273 [DEBUG]  		 created leaf IdentityNumericLeaf for scope=[80] (in 0.00052 secs)
2025-04-24 19:56:49,274 [DEBUG]  OP: Operation.CREATE_LEAF on slice (391, 1) (remaining tasks 13)
2025-04-24 19:56:49,274 [DEBUG]  		 created leaf IdentityNumericLeaf for scope=[15] (in 0.00024 secs)
2025-04-24 19:56:49,274 [DEBUG]  OP: Operation.CREATE_LEAF on slice (391, 1) (remaining tasks 12)
2025-04-24 19:56:49,275 [DEBUG]  		 created leaf IdentityNumericLeaf for scope=[49] (in 0.00021 secs)
2025-04-24 19:56:49,275 [DEBUG]  OP: Operation.CREATE_LEAF on slice (391, 1) (remaining tasks 11)
2025-04-24 19:56:49,275 [DEBUG]  		 created leaf IdentityNumericLeaf for scope=[51] (in 0.00021 secs)
2025-04-24 19:56:49,276 [DEBUG]  OP: Operation.CREATE_LEAF on slice (391, 1) (remaining tasks 10)
2025-04-24 19:56:49,276 [DEBUG]  		 created leaf IdentityNumericLeaf for scope=[60] (in 0.00021 secs)
2025-04-24 19:56:49,276 [DEBUG]  OP: Operation.SPLIT_COLUMNS on slice (391, 5) (remaining tasks 9)
2025-04-24 19:56:49,488 [DEBUG]  		found 2 col clusters (in 0.21139 secs)
2025-04-24 19:56:49,488 [DEBUG]  OP: Operation.CREATE_LEAF on slice (362, 1) (remaining tasks 10)
2025-04-24 19:56:49,489 [DEBUG]  		 created leaf IdentityNumericLeaf for scope=[14] (in 0.00026 secs)
2025-04-24 19:56:49,489 [DEBUG]  OP: Operation.CREATE_LEAF on slice (362, 1) (remaining tasks 9)
2025-04-24 19:56:49,489 [DEBUG]  		 created leaf IdentityNumericLeaf for scope=[15] (in 0.00024 secs)
2025-04-24 19:56:49,489 [DEBUG]  OP: Operation.CREATE_LEAF on slice (362, 1) (remaining tasks 8)
2025-04-24 19:56:49,490 [DEBUG]  		 created leaf IdentityNumericLeaf for scope=[32] (in 0.00023 secs)
2025-04-24 19:56:49,490 [DEBUG]  OP: Operation.CREATE_LEAF on slice (362, 1) (remaining tasks 7)
2025-04-24 19:56:49,490 [DEBUG]  		 created leaf IdentityNumericLeaf for scope=[45] (in 0.00025 secs)
2025-04-24 19:56:49,491 [DEBUG]  OP: Operation.CREATE_LEAF on slice (362, 1) (remaining tasks 6)
2025-04-24 19:56:49,491 [DEBUG]  		 created leaf IdentityNumericLeaf for scope=[49] (in 0.00024 secs)
2025-04-24 19:56:49,491 [DEBUG]  OP: Operation.CREATE_LEAF on slice (362, 1) (remaining tasks 5)
2025-04-24 19:56:49,492 [DEBUG]  		 created leaf IdentityNumericLeaf for scope=[83] (in 0.00023 secs)
2025-04-24 19:56:49,492 [DEBUG]  OP: Operation.SPLIT_COLUMNS on slice (362, 3) (remaining tasks 4)
2025-04-24 19:56:49,689 [DEBUG]  		found 2 col clusters (in 0.19682 secs)
2025-04-24 19:56:49,690 [DEBUG]  OP: Operation.SPLIT_ROWS on slice (14497, 2) (remaining tasks 5)
2025-04-24 19:56:49,746 [DEBUG]  		found 2 row clusters (in 0.05665 secs)
2025-04-24 19:56:49,747 [DEBUG]  OP: Operation.SPLIT_ROWS on slice (14497, 2) (remaining tasks 6)
2025-04-24 19:56:49,797 [DEBUG]  		found 2 row clusters (in 0.05040 secs)
2025-04-24 19:56:49,798 [DEBUG]  OP: Operation.SPLIT_COLUMNS on slice (391, 4) (remaining tasks 7)
2025-04-24 19:56:49,903 [DEBUG]  		found 1 col clusters (in 0.10528 secs)
2025-04-24 19:56:49,903 [DEBUG]  OP: Operation.CREATE_LEAF on slice (391, 1) (remaining tasks 7)
2025-04-24 19:56:49,904 [DEBUG]  		 created leaf IdentityNumericLeaf for scope=[32] (in 0.00024 secs)
2025-04-24 19:56:49,904 [DEBUG]  OP: Operation.CREATE_LEAF on slice (362, 1) (remaining tasks 6)
2025-04-24 19:56:49,904 [DEBUG]  		 created leaf IdentityNumericLeaf for scope=[41] (in 0.00022 secs)
2025-04-24 19:56:49,905 [DEBUG]  OP: Operation.SPLIT_COLUMNS on slice (362, 2) (remaining tasks 5)
2025-04-24 19:56:50,128 [DEBUG]  		found 1 col clusters (in 0.22261 secs)
2025-04-24 19:56:50,129 [DEBUG]  OP: Operation.NAIVE_FACTORIZATION on slice (14487, 2) (remaining tasks 5)
2025-04-24 19:56:50,131 [DEBUG]  		naive factorization 2 columns (in 0.00253 secs)
2025-04-24 19:56:50,132 [DEBUG]  OP: Operation.REMOVE_UNINFORMATIVE_FEATURES on slice (10, 2) (remaining tasks 4)
2025-04-24 19:56:50,133 [DEBUG]  OP: Operation.REMOVE_UNINFORMATIVE_FEATURES on slice (14487, 2) (remaining tasks 5)
2025-04-24 19:56:50,133 [DEBUG]  OP: Operation.NAIVE_FACTORIZATION on slice (10, 2) (remaining tasks 6)
2025-04-24 19:56:50,137 [DEBUG]  		naive factorization 2 columns (in 0.00384 secs)
2025-04-24 19:56:50,137 [DEBUG]  OP: Operation.SPLIT_ROWS on slice (391, 4) (remaining tasks 5)
2025-04-24 19:56:50,151 [DEBUG]  		found 2 row clusters (in 0.01335 secs)
2025-04-24 19:56:50,151 [DEBUG]  OP: Operation.SPLIT_ROWS on slice (362, 2) (remaining tasks 6)
2025-04-24 19:56:50,162 [DEBUG]  		found 2 row clusters (in 0.01070 secs)
2025-04-24 19:56:50,162 [DEBUG]  OP: Operation.CREATE_LEAF on slice (10, 1) (remaining tasks 7)
2025-04-24 19:56:50,162 [DEBUG]  		 created leaf IdentityNumericLeaf for scope=[1] (in 0.00019 secs)
2025-04-24 19:56:50,162 [DEBUG]  OP: Operation.CREATE_LEAF on slice (10, 1) (remaining tasks 6)
2025-04-24 19:56:50,162 [DEBUG]  		 created leaf IdentityNumericLeaf for scope=[79] (in 0.00016 secs)
2025-04-24 19:56:50,163 [DEBUG]  OP: Operation.CREATE_LEAF on slice (14487, 1) (remaining tasks 5)
2025-04-24 19:56:50,163 [DEBUG]  		 created leaf IdentityNumericLeaf for scope=[42] (in 0.00037 secs)
2025-04-24 19:56:50,163 [DEBUG]  OP: Operation.CREATE_LEAF on slice (14487, 1) (remaining tasks 4)
2025-04-24 19:56:50,164 [DEBUG]  		 created leaf IdentityNumericLeaf for scope=[80] (in 0.00036 secs)
2025-04-24 19:56:50,164 [DEBUG]  OP: Operation.NAIVE_FACTORIZATION on slice (141, 4) (remaining tasks 3)
2025-04-24 19:56:50,168 [DEBUG]  		naive factorization 4 columns (in 0.00385 secs)
2025-04-24 19:56:50,168 [DEBUG]  OP: Operation.REMOVE_UNINFORMATIVE_FEATURES on slice (250, 4) (remaining tasks 2)
2025-04-24 19:56:50,168 [DEBUG]  OP: Operation.NAIVE_FACTORIZATION on slice (288, 2) (remaining tasks 5)
2025-04-24 19:56:50,170 [DEBUG]  		naive factorization 2 columns (in 0.00227 secs)
2025-04-24 19:56:50,171 [DEBUG]  OP: Operation.NAIVE_FACTORIZATION on slice (74, 2) (remaining tasks 4)
2025-04-24 19:56:50,173 [DEBUG]  		naive factorization 2 columns (in 0.00181 secs)
2025-04-24 19:56:50,173 [DEBUG]  OP: Operation.CREATE_LEAF on slice (250, 1) (remaining tasks 3)
2025-04-24 19:56:50,173 [DEBUG]  		 created leaf IdentityNumericLeaf for scope=[14] (in 0.00021 secs)
2025-04-24 19:56:50,173 [DEBUG]  OP: Operation.CREATE_LEAF on slice (250, 1) (remaining tasks 2)
2025-04-24 19:56:50,173 [DEBUG]  		 created leaf IdentityNumericLeaf for scope=[45] (in 0.00016 secs)
2025-04-24 19:56:50,173 [DEBUG]  OP: Operation.CREATE_LEAF on slice (250, 1) (remaining tasks 1)
2025-04-24 19:56:50,174 [DEBUG]  		 created leaf IdentityNumericLeaf for scope=[83] (in 0.00016 secs)
2025-04-24 19:56:50,174 [DEBUG]  OP: Operation.CREATE_LEAF on slice (250, 1) (remaining tasks 0)
2025-04-24 19:56:50,174 [DEBUG]  		 created leaf IdentityNumericLeaf for scope=[41] (in 0.00016 secs)
2025-04-24 19:56:50,196 [DEBUG]  Built SPN in 326.47953734296607 sec
2025-04-24 19:56:50,196 [INFO ]  Saving ensemble to /home/dafn/card/deepcard/collected_temp_benchmarks/spn_ensembles/NATICUSdroid (Android Permissions)/ensemble_single_naticusdroid_10000000.pkl
