2025-04-16 16:31:09,217 [INFO ]  Generating HDF files for tables in /home/dafn/card/deepcard/collected_datasets/Parkinsons Telemonitoring and store to path /home/dafn/card/deepcard/collected_temp_benchmarks/gen_single_light/Parkinsons Telemonitoring
2025-04-16 16:31:09,217 [INFO ]  Preparing hdf file for table parkinsons_updrs
2025-04-16 16:31:09,235 [INFO ]  Managing functional dependencies for table parkinsons_updrs
2025-04-16 16:31:09,236 [INFO ]  Preparing multipliers for table parkinsons_updrs
2025-04-16 16:31:09,236 [INFO ]  Preparing categorical values and null values for table parkinsons_updrs
2025-04-16 16:31:09,236 [DEBUG]  		Preparing numerical values for column f1
2025-04-16 16:31:09,237 [DEBUG]  		Preparing numerical values for column f2
2025-04-16 16:31:09,238 [DEBUG]  		Preparing numerical values for column f3
2025-04-16 16:31:09,239 [DEBUG]  		Preparing numerical values for column f4
2025-04-16 16:31:09,240 [DEBUG]  		Preparing numerical values for column f5
2025-04-16 16:31:09,241 [DEBUG]  		Preparing numerical values for column f6
2025-04-16 16:31:09,242 [DEBUG]  		Preparing numerical values for column f7
2025-04-16 16:31:09,243 [DEBUG]  		Preparing numerical values for column f9
2025-04-16 16:31:09,244 [DEBUG]  		Preparing numerical values for column f10
2025-04-16 16:31:09,245 [DEBUG]  		Preparing numerical values for column f11
2025-04-16 16:31:09,246 [DEBUG]  		Preparing numerical values for column f12
2025-04-16 16:31:09,247 [DEBUG]  		Preparing numerical values for column f13
2025-04-16 16:31:09,248 [DEBUG]  		Preparing numerical values for column f14
2025-04-16 16:31:09,249 [DEBUG]  		Preparing numerical values for column f15
2025-04-16 16:31:09,250 [DEBUG]  		Preparing numerical values for column f16
2025-04-16 16:31:09,252 [DEBUG]  		Preparing numerical values for column f17
2025-04-16 16:31:09,253 [DEBUG]  		Preparing numerical values for column f18
2025-04-16 16:31:09,254 [DEBUG]  		Preparing numerical values for column f19
2025-04-16 16:31:09,255 [DEBUG]  		Preparing numerical values for column f20
2025-04-16 16:31:09,256 [DEBUG]  		Preparing numerical values for column f21
2025-04-16 16:31:09,257 [DEBUG]  		Preparing numerical values for column f22
2025-04-16 16:31:09,258 [INFO ]  Relevant attributes for table parkinsons_updrs are ['f1', 'f2', 'f3', 'f4', 'f5', 'f6', 'f7', 'f9', 'f10', 'f11', 'f12', 'f13', 'f14', 'f15', 'f16', 'f17', 'f18', 'f19', 'f20', 'f21', 'f22']
2025-04-16 16:31:09,258 [INFO ]  NULL values for table parkinsons_updrs are [21.494227659574467, 64.80503617021277, 0.3178872340425532, 92.86382204595745, 21.29632854468085, 29.01904228085106, 0.006253761702127659, 0.0030871846808510637, 0.003376851063829787, 0.00906167659574468, 0.0341352170212766, 0.31106, 0.017255703829787233, 0.020244183829787234, 0.027580861276595744, 0.051566941276595744, 0.0322198175319149, 21.679595148936173, 0.5415729327659574, 0.6533396561702127, 0.21968917906382981]
2025-04-16 16:31:09,292 [INFO ]  Adding table parts without join partners for table parkinsons_updrs
2025-04-16 16:31:09,292 [INFO ]  Files successfully created
