2025-04-16 16:31:13,781 [INFO ]  Generating HDF files for tables in /home/dafn/card/deepcard/collected_datasets/Wave Energy Converters and store to path /home/dafn/card/deepcard/collected_temp_benchmarks/gen_single_light/Wave Energy Converters
2025-04-16 16:31:13,781 [INFO ]  Preparing hdf file for table perth_data
2025-04-16 16:31:14,285 [INFO ]  Managing functional dependencies for table perth_data
2025-04-16 16:31:14,293 [INFO ]  Preparing multipliers for table perth_data
2025-04-16 16:31:14,293 [INFO ]  Preparing categorical values and null values for table perth_data
2025-04-16 16:31:14,294 [DEBUG]  		Preparing numerical values for column f1
2025-04-16 16:31:14,296 [DEBUG]  		Preparing numerical values for column f2
2025-04-16 16:31:14,298 [DEBUG]  		Preparing numerical values for column f3
2025-04-16 16:31:14,300 [DEBUG]  		Preparing numerical values for column f4
2025-04-16 16:31:14,302 [DEBUG]  		Preparing numerical values for column f5
2025-04-16 16:31:14,304 [DEBUG]  		Preparing numerical values for column f6
2025-04-16 16:31:14,305 [DEBUG]  		Preparing numerical values for column f7
2025-04-16 16:31:14,307 [DEBUG]  		Preparing numerical values for column f8
2025-04-16 16:31:14,309 [DEBUG]  		Preparing numerical values for column f9
2025-04-16 16:31:14,311 [DEBUG]  		Preparing numerical values for column f10
2025-04-16 16:31:14,313 [DEBUG]  		Preparing numerical values for column f11
2025-04-16 16:31:14,315 [DEBUG]  		Preparing numerical values for column f12
2025-04-16 16:31:14,316 [DEBUG]  		Preparing numerical values for column f13
2025-04-16 16:31:14,318 [DEBUG]  		Preparing numerical values for column f14
2025-04-16 16:31:14,320 [DEBUG]  		Preparing numerical values for column f15
2025-04-16 16:31:14,322 [DEBUG]  		Preparing numerical values for column f16
2025-04-16 16:31:14,324 [DEBUG]  		Preparing numerical values for column f17
2025-04-16 16:31:14,326 [DEBUG]  		Preparing numerical values for column f18
2025-04-16 16:31:14,327 [DEBUG]  		Preparing numerical values for column f19
2025-04-16 16:31:14,329 [DEBUG]  		Preparing numerical values for column f20
2025-04-16 16:31:14,331 [DEBUG]  		Preparing numerical values for column f21
2025-04-16 16:31:14,333 [DEBUG]  		Preparing numerical values for column f22
2025-04-16 16:31:14,335 [DEBUG]  		Preparing numerical values for column f23
2025-04-16 16:31:14,336 [DEBUG]  		Preparing numerical values for column f24
2025-04-16 16:31:14,338 [DEBUG]  		Preparing numerical values for column f25
2025-04-16 16:31:14,340 [DEBUG]  		Preparing numerical values for column f26
2025-04-16 16:31:14,342 [DEBUG]  		Preparing numerical values for column f27
2025-04-16 16:31:14,344 [DEBUG]  		Preparing numerical values for column f28
2025-04-16 16:31:14,346 [DEBUG]  		Preparing numerical values for column f29
2025-04-16 16:31:14,347 [DEBUG]  		Preparing numerical values for column f30
2025-04-16 16:31:14,349 [DEBUG]  		Preparing numerical values for column f31
2025-04-16 16:31:14,351 [DEBUG]  		Preparing numerical values for column f32
2025-04-16 16:31:14,353 [DEBUG]  		Preparing numerical values for column f33
2025-04-16 16:31:14,355 [DEBUG]  		Preparing numerical values for column f34
2025-04-16 16:31:14,357 [DEBUG]  		Preparing numerical values for column f35
2025-04-16 16:31:14,358 [DEBUG]  		Preparing numerical values for column f36
2025-04-16 16:31:14,360 [DEBUG]  		Preparing numerical values for column f37
2025-04-16 16:31:14,362 [DEBUG]  		Preparing numerical values for column f38
2025-04-16 16:31:14,364 [DEBUG]  		Preparing numerical values for column f39
2025-04-16 16:31:14,366 [DEBUG]  		Preparing numerical values for column f40
2025-04-16 16:31:14,368 [DEBUG]  		Preparing numerical values for column f41
2025-04-16 16:31:14,369 [DEBUG]  		Preparing numerical values for column f42
2025-04-16 16:31:14,371 [DEBUG]  		Preparing numerical values for column f43
2025-04-16 16:31:14,373 [DEBUG]  		Preparing numerical values for column f44
2025-04-16 16:31:14,375 [DEBUG]  		Preparing numerical values for column f45
2025-04-16 16:31:14,377 [DEBUG]  		Preparing numerical values for column f46
2025-04-16 16:31:14,379 [DEBUG]  		Preparing numerical values for column f47
2025-04-16 16:31:14,381 [DEBUG]  		Preparing numerical values for column f48
2025-04-16 16:31:14,382 [DEBUG]  		Preparing numerical values for column f49
2025-04-16 16:31:14,384 [INFO ]  Relevant attributes for table perth_data are ['f1', 'f2', 'f3', 'f4', 'f5', 'f6', 'f7', 'f8', 'f9', 'f10', 'f11', 'f12', 'f13', 'f14', 'f15', 'f16', 'f17', 'f18', 'f19', 'f20', 'f21', 'f22', 'f23', 'f24', 'f25', 'f26', 'f27', 'f28', 'f29', 'f30', 'f31', 'f32', 'f33', 'f34', 'f35', 'f36', 'f37', 'f38', 'f39', 'f40', 'f41', 'f42', 'f43', 'f44', 'f45', 'f46', 'f47', 'f48', 'f49']
2025-04-16 16:31:14,384 [INFO ]  NULL values for table perth_data are [307.70110504166666, 263.0692129736111, 310.03252880555556, 280.01008681249994, 271.5731042652777, 271.82567258055553, 271.6283045416667, 265.3668597402778, 300.0248258958333, 265.18080698194444, 260.8159411013889, 296.7797699263889, 286.2798523833333, 267.0828764763889, 310.7051668069444, 301.58031999166667, 279.8682952083333, 295.1357172902778, 275.1193551930555, 309.37473230555554, 291.8617254166667, 289.7801506541666, 296.8385740972222, 295.4481120527778, 277.70751636805556, 305.75318466388893, 298.6528328277778, 260.30266739722214, 281.5705069902777, 274.205595525, 272.1041403472222, 275.7281283458333, 88115.77852517084, 86299.44746863194, 87641.94766287779, 87540.66760967222, 87055.11569952777, 86308.78110801805, 87490.61453692916, 87172.7915106764, 87227.40034791251, 87479.70252124168, 87259.60818178611, 86416.54595850417, 86879.93899478475, 86110.17941152639, 88026.26338757499, 87450.09393605836, 1394474.8754109445]
2025-04-16 16:31:14,478 [INFO ]  Adding table parts without join partners for table perth_data
2025-04-16 16:31:14,478 [INFO ]  Files successfully created
