2025-04-24 21:31:13,690 [INFO ]  Creating naive ensemble.
2025-04-24 21:31:13,690 [INFO ]  Learning SPN for raw1.
2025-04-24 21:31:13,690 [DEBUG]  generate_join_sample(single_table=raw1, relationship_list=None, split_condition=None)
2025-04-24 21:31:13,728 [DEBUG]  Using min_instance_slice parameter 240.0.
2025-04-24 21:31:13,728 [INFO ]  SPN training phase with 24000 samples
2025-04-24 21:31:13,794 [DEBUG]  Built domains in 0.06621534598525614 sec
2025-04-24 21:31:14,155 [DEBUG]  CACHEDIR=/home/dafn/.cache/matplotlib
2025-04-24 21:31:14,157 [DEBUG]  Using fontManager instance from /home/dafn/.cache/matplotlib/fontlist-v300.json
2025-04-24 21:31:14,251 [DEBUG]  Loaded backend qt5agg version unknown.
2025-04-24 21:31:14,282 [DEBUG]  Loaded backend qt5agg version unknown.
2025-04-24 21:31:14,283 [DEBUG]  Loaded backend qt4agg version unknown.
2025-04-24 21:31:14,290 [DEBUG]  Loaded backend tkagg version unknown.
2025-04-24 21:31:14,291 [DEBUG]  Loaded backend agg version unknown.
2025-04-24 21:31:14,291 [DEBUG]  Loaded backend agg version unknown.
2025-04-24 21:31:14,297 [DEBUG]  OP: Operation.SPLIT_ROWS on slice (24000, 41) (remaining tasks 0)
2025-04-24 21:31:16,171 [DEBUG]  		found 2 row clusters (in 1.87319 secs)
2025-04-24 21:31:16,174 [DEBUG]  OP: Operation.SPLIT_COLUMNS on slice (12002, 41) (remaining tasks 1)
2025-04-24 21:31:48,198 [DEBUG]  		found 40 col clusters (in 32.02416 secs)
2025-04-24 21:31:48,209 [DEBUG]  OP: Operation.SPLIT_COLUMNS on slice (11998, 41) (remaining tasks 40)
2025-04-24 21:32:20,478 [DEBUG]  		found 40 col clusters (in 32.26220 secs)
2025-04-24 21:32:20,483 [DEBUG]  OP: Operation.SPLIT_COLUMNS on slice (12002, 2) (remaining tasks 79)
2025-04-24 21:32:20,742 [DEBUG]  		found 1 col clusters (in 0.25564 secs)
2025-04-24 21:32:20,742 [DEBUG]  OP: Operation.CREATE_LEAF on slice (12002, 1) (remaining tasks 79)
2025-04-24 21:32:20,747 [DEBUG]  		 created leaf IdentityNumericLeaf for scope=[2] (in 0.00448 secs)
2025-04-24 21:32:20,747 [DEBUG]  OP: Operation.CREATE_LEAF on slice (12002, 1) (remaining tasks 78)
2025-04-24 21:32:20,754 [DEBUG]  		 created leaf IdentityNumericLeaf for scope=[3] (in 0.00700 secs)
2025-04-24 21:32:20,754 [DEBUG]  OP: Operation.CREATE_LEAF on slice (12002, 1) (remaining tasks 77)
2025-04-24 21:32:20,761 [DEBUG]  		 created leaf IdentityNumericLeaf for scope=[4] (in 0.00704 secs)
2025-04-24 21:32:20,761 [DEBUG]  OP: Operation.CREATE_LEAF on slice (12002, 1) (remaining tasks 76)
2025-04-24 21:32:20,769 [DEBUG]  		 created leaf IdentityNumericLeaf for scope=[5] (in 0.00715 secs)
2025-04-24 21:32:20,769 [DEBUG]  OP: Operation.CREATE_LEAF on slice (12002, 1) (remaining tasks 75)
2025-04-24 21:32:20,776 [DEBUG]  		 created leaf IdentityNumericLeaf for scope=[6] (in 0.00696 secs)
2025-04-24 21:32:20,776 [DEBUG]  OP: Operation.CREATE_LEAF on slice (12002, 1) (remaining tasks 74)
2025-04-24 21:32:20,783 [DEBUG]  		 created leaf IdentityNumericLeaf for scope=[7] (in 0.00715 secs)
2025-04-24 21:32:20,783 [DEBUG]  OP: Operation.CREATE_LEAF on slice (12002, 1) (remaining tasks 73)
2025-04-24 21:32:20,791 [DEBUG]  		 created leaf IdentityNumericLeaf for scope=[8] (in 0.00701 secs)
2025-04-24 21:32:20,791 [DEBUG]  OP: Operation.CREATE_LEAF on slice (12002, 1) (remaining tasks 72)
2025-04-24 21:32:20,798 [DEBUG]  		 created leaf IdentityNumericLeaf for scope=[9] (in 0.00700 secs)
2025-04-24 21:32:20,798 [DEBUG]  OP: Operation.CREATE_LEAF on slice (12002, 1) (remaining tasks 71)
2025-04-24 21:32:20,805 [DEBUG]  		 created leaf IdentityNumericLeaf for scope=[10] (in 0.00725 secs)
2025-04-24 21:32:20,805 [DEBUG]  OP: Operation.CREATE_LEAF on slice (12002, 1) (remaining tasks 70)
2025-04-24 21:32:20,813 [DEBUG]  		 created leaf IdentityNumericLeaf for scope=[11] (in 0.00730 secs)
2025-04-24 21:32:20,813 [DEBUG]  OP: Operation.CREATE_LEAF on slice (12002, 1) (remaining tasks 69)
2025-04-24 21:32:20,820 [DEBUG]  		 created leaf IdentityNumericLeaf for scope=[12] (in 0.00730 secs)
2025-04-24 21:32:20,821 [DEBUG]  OP: Operation.CREATE_LEAF on slice (12002, 1) (remaining tasks 68)
2025-04-24 21:32:20,828 [DEBUG]  		 created leaf IdentityNumericLeaf for scope=[13] (in 0.00727 secs)
2025-04-24 21:32:20,828 [DEBUG]  OP: Operation.CREATE_LEAF on slice (12002, 1) (remaining tasks 67)
2025-04-24 21:32:20,835 [DEBUG]  		 created leaf IdentityNumericLeaf for scope=[14] (in 0.00727 secs)
2025-04-24 21:32:20,836 [DEBUG]  OP: Operation.CREATE_LEAF on slice (12002, 1) (remaining tasks 66)
2025-04-24 21:32:20,843 [DEBUG]  		 created leaf IdentityNumericLeaf for scope=[15] (in 0.00729 secs)
2025-04-24 21:32:20,843 [DEBUG]  OP: Operation.CREATE_LEAF on slice (12002, 1) (remaining tasks 65)
2025-04-24 21:32:20,851 [DEBUG]  		 created leaf IdentityNumericLeaf for scope=[16] (in 0.00747 secs)
2025-04-24 21:32:20,851 [DEBUG]  OP: Operation.CREATE_LEAF on slice (12002, 1) (remaining tasks 64)
2025-04-24 21:32:20,858 [DEBUG]  		 created leaf IdentityNumericLeaf for scope=[17] (in 0.00730 secs)
2025-04-24 21:32:20,858 [DEBUG]  OP: Operation.CREATE_LEAF on slice (12002, 1) (remaining tasks 63)
2025-04-24 21:32:20,866 [DEBUG]  		 created leaf IdentityNumericLeaf for scope=[18] (in 0.00725 secs)
2025-04-24 21:32:20,866 [DEBUG]  OP: Operation.CREATE_LEAF on slice (12002, 1) (remaining tasks 62)
2025-04-24 21:32:20,874 [DEBUG]  		 created leaf IdentityNumericLeaf for scope=[19] (in 0.00768 secs)
2025-04-24 21:32:20,874 [DEBUG]  OP: Operation.CREATE_LEAF on slice (12002, 1) (remaining tasks 61)
2025-04-24 21:32:20,881 [DEBUG]  		 created leaf IdentityNumericLeaf for scope=[20] (in 0.00731 secs)
2025-04-24 21:32:20,881 [DEBUG]  OP: Operation.CREATE_LEAF on slice (12002, 1) (remaining tasks 60)
2025-04-24 21:32:20,888 [DEBUG]  		 created leaf IdentityNumericLeaf for scope=[21] (in 0.00676 secs)
2025-04-24 21:32:20,888 [DEBUG]  OP: Operation.CREATE_LEAF on slice (12002, 1) (remaining tasks 59)
2025-04-24 21:32:20,895 [DEBUG]  		 created leaf IdentityNumericLeaf for scope=[22] (in 0.00628 secs)
2025-04-24 21:32:20,895 [DEBUG]  OP: Operation.CREATE_LEAF on slice (12002, 1) (remaining tasks 58)
2025-04-24 21:32:20,901 [DEBUG]  		 created leaf IdentityNumericLeaf for scope=[23] (in 0.00623 secs)
2025-04-24 21:32:20,901 [DEBUG]  OP: Operation.CREATE_LEAF on slice (12002, 1) (remaining tasks 57)
2025-04-24 21:32:20,907 [DEBUG]  		 created leaf IdentityNumericLeaf for scope=[24] (in 0.00617 secs)
2025-04-24 21:32:20,908 [DEBUG]  OP: Operation.CREATE_LEAF on slice (12002, 1) (remaining tasks 56)
2025-04-24 21:32:20,914 [DEBUG]  		 created leaf IdentityNumericLeaf for scope=[25] (in 0.00626 secs)
2025-04-24 21:32:20,914 [DEBUG]  OP: Operation.CREATE_LEAF on slice (12002, 1) (remaining tasks 55)
2025-04-24 21:32:20,920 [DEBUG]  		 created leaf IdentityNumericLeaf for scope=[26] (in 0.00620 secs)
2025-04-24 21:32:20,921 [DEBUG]  OP: Operation.CREATE_LEAF on slice (12002, 1) (remaining tasks 54)
2025-04-24 21:32:20,927 [DEBUG]  		 created leaf IdentityNumericLeaf for scope=[27] (in 0.00612 secs)
2025-04-24 21:32:20,927 [DEBUG]  OP: Operation.CREATE_LEAF on slice (12002, 1) (remaining tasks 53)
2025-04-24 21:32:20,933 [DEBUG]  		 created leaf IdentityNumericLeaf for scope=[28] (in 0.00629 secs)
2025-04-24 21:32:20,933 [DEBUG]  OP: Operation.CREATE_LEAF on slice (12002, 1) (remaining tasks 52)
2025-04-24 21:32:20,939 [DEBUG]  		 created leaf IdentityNumericLeaf for scope=[29] (in 0.00601 secs)
2025-04-24 21:32:20,940 [DEBUG]  OP: Operation.CREATE_LEAF on slice (12002, 1) (remaining tasks 51)
2025-04-24 21:32:20,946 [DEBUG]  		 created leaf IdentityNumericLeaf for scope=[30] (in 0.00596 secs)
2025-04-24 21:32:20,946 [DEBUG]  OP: Operation.CREATE_LEAF on slice (12002, 1) (remaining tasks 50)
2025-04-24 21:32:20,952 [DEBUG]  		 created leaf IdentityNumericLeaf for scope=[31] (in 0.00612 secs)
2025-04-24 21:32:20,952 [DEBUG]  OP: Operation.CREATE_LEAF on slice (12002, 1) (remaining tasks 49)
2025-04-24 21:32:20,958 [DEBUG]  		 created leaf IdentityNumericLeaf for scope=[32] (in 0.00593 secs)
2025-04-24 21:32:20,958 [DEBUG]  OP: Operation.CREATE_LEAF on slice (12002, 1) (remaining tasks 48)
2025-04-24 21:32:20,964 [DEBUG]  		 created leaf IdentityNumericLeaf for scope=[33] (in 0.00608 secs)
2025-04-24 21:32:20,965 [DEBUG]  OP: Operation.CREATE_LEAF on slice (12002, 1) (remaining tasks 47)
2025-04-24 21:32:20,971 [DEBUG]  		 created leaf IdentityNumericLeaf for scope=[34] (in 0.00610 secs)
2025-04-24 21:32:20,971 [DEBUG]  OP: Operation.CREATE_LEAF on slice (12002, 1) (remaining tasks 46)
2025-04-24 21:32:20,977 [DEBUG]  		 created leaf IdentityNumericLeaf for scope=[35] (in 0.00628 secs)
2025-04-24 21:32:20,977 [DEBUG]  OP: Operation.CREATE_LEAF on slice (12002, 1) (remaining tasks 45)
2025-04-24 21:32:20,983 [DEBUG]  		 created leaf IdentityNumericLeaf for scope=[36] (in 0.00597 secs)
2025-04-24 21:32:20,984 [DEBUG]  OP: Operation.CREATE_LEAF on slice (12002, 1) (remaining tasks 44)
2025-04-24 21:32:20,990 [DEBUG]  		 created leaf IdentityNumericLeaf for scope=[37] (in 0.00627 secs)
2025-04-24 21:32:20,990 [DEBUG]  OP: Operation.CREATE_LEAF on slice (12002, 1) (remaining tasks 43)
2025-04-24 21:32:20,996 [DEBUG]  		 created leaf IdentityNumericLeaf for scope=[38] (in 0.00605 secs)
2025-04-24 21:32:20,996 [DEBUG]  OP: Operation.CREATE_LEAF on slice (12002, 1) (remaining tasks 42)
2025-04-24 21:32:21,002 [DEBUG]  		 created leaf IdentityNumericLeaf for scope=[39] (in 0.00594 secs)
2025-04-24 21:32:21,002 [DEBUG]  OP: Operation.CREATE_LEAF on slice (12002, 1) (remaining tasks 41)
2025-04-24 21:32:21,009 [DEBUG]  		 created leaf IdentityNumericLeaf for scope=[40] (in 0.00616 secs)
2025-04-24 21:32:21,009 [DEBUG]  OP: Operation.SPLIT_COLUMNS on slice (11998, 2) (remaining tasks 40)
2025-04-24 21:32:21,124 [DEBUG]  		found 1 col clusters (in 0.11460 secs)
2025-04-24 21:32:21,124 [DEBUG]  OP: Operation.CREATE_LEAF on slice (11998, 1) (remaining tasks 40)
2025-04-24 21:32:21,131 [DEBUG]  		 created leaf IdentityNumericLeaf for scope=[2] (in 0.00701 secs)
2025-04-24 21:32:21,132 [DEBUG]  OP: Operation.CREATE_LEAF on slice (11998, 1) (remaining tasks 39)
2025-04-24 21:32:21,139 [DEBUG]  		 created leaf IdentityNumericLeaf for scope=[3] (in 0.00696 secs)
2025-04-24 21:32:21,139 [DEBUG]  OP: Operation.CREATE_LEAF on slice (11998, 1) (remaining tasks 38)
2025-04-24 21:32:21,147 [DEBUG]  		 created leaf IdentityNumericLeaf for scope=[4] (in 0.00726 secs)
2025-04-24 21:32:21,147 [DEBUG]  OP: Operation.CREATE_LEAF on slice (11998, 1) (remaining tasks 37)
2025-04-24 21:32:21,154 [DEBUG]  		 created leaf IdentityNumericLeaf for scope=[5] (in 0.00701 secs)
2025-04-24 21:32:21,154 [DEBUG]  OP: Operation.CREATE_LEAF on slice (11998, 1) (remaining tasks 36)
2025-04-24 21:32:21,162 [DEBUG]  		 created leaf IdentityNumericLeaf for scope=[6] (in 0.00695 secs)
2025-04-24 21:32:21,162 [DEBUG]  OP: Operation.CREATE_LEAF on slice (11998, 1) (remaining tasks 35)
2025-04-24 21:32:21,169 [DEBUG]  		 created leaf IdentityNumericLeaf for scope=[7] (in 0.00695 secs)
2025-04-24 21:32:21,169 [DEBUG]  OP: Operation.CREATE_LEAF on slice (11998, 1) (remaining tasks 34)
2025-04-24 21:32:21,176 [DEBUG]  		 created leaf IdentityNumericLeaf for scope=[8] (in 0.00699 secs)
2025-04-24 21:32:21,177 [DEBUG]  OP: Operation.CREATE_LEAF on slice (11998, 1) (remaining tasks 33)
2025-04-24 21:32:21,184 [DEBUG]  		 created leaf IdentityNumericLeaf for scope=[9] (in 0.00728 secs)
2025-04-24 21:32:21,184 [DEBUG]  OP: Operation.CREATE_LEAF on slice (11998, 1) (remaining tasks 32)
2025-04-24 21:32:21,192 [DEBUG]  		 created leaf IdentityNumericLeaf for scope=[10] (in 0.00740 secs)
2025-04-24 21:32:21,192 [DEBUG]  OP: Operation.CREATE_LEAF on slice (11998, 1) (remaining tasks 31)
2025-04-24 21:32:21,200 [DEBUG]  		 created leaf IdentityNumericLeaf for scope=[11] (in 0.00728 secs)
2025-04-24 21:32:21,200 [DEBUG]  OP: Operation.CREATE_LEAF on slice (11998, 1) (remaining tasks 30)
2025-04-24 21:32:21,208 [DEBUG]  		 created leaf IdentityNumericLeaf for scope=[12] (in 0.00737 secs)
2025-04-24 21:32:21,208 [DEBUG]  OP: Operation.CREATE_LEAF on slice (11998, 1) (remaining tasks 29)
2025-04-24 21:32:21,215 [DEBUG]  		 created leaf IdentityNumericLeaf for scope=[13] (in 0.00725 secs)
2025-04-24 21:32:21,216 [DEBUG]  OP: Operation.CREATE_LEAF on slice (11998, 1) (remaining tasks 28)
2025-04-24 21:32:21,223 [DEBUG]  		 created leaf IdentityNumericLeaf for scope=[14] (in 0.00727 secs)
2025-04-24 21:32:21,223 [DEBUG]  OP: Operation.CREATE_LEAF on slice (11998, 1) (remaining tasks 27)
2025-04-24 21:32:21,231 [DEBUG]  		 created leaf IdentityNumericLeaf for scope=[15] (in 0.00740 secs)
2025-04-24 21:32:21,231 [DEBUG]  OP: Operation.CREATE_LEAF on slice (11998, 1) (remaining tasks 26)
2025-04-24 21:32:21,239 [DEBUG]  		 created leaf IdentityNumericLeaf for scope=[16] (in 0.00725 secs)
2025-04-24 21:32:21,239 [DEBUG]  OP: Operation.CREATE_LEAF on slice (11998, 1) (remaining tasks 25)
2025-04-24 21:32:21,245 [DEBUG]  		 created leaf IdentityNumericLeaf for scope=[17] (in 0.00629 secs)
2025-04-24 21:32:21,246 [DEBUG]  OP: Operation.CREATE_LEAF on slice (11998, 1) (remaining tasks 24)
2025-04-24 21:32:21,252 [DEBUG]  		 created leaf IdentityNumericLeaf for scope=[18] (in 0.00605 secs)
2025-04-24 21:32:21,252 [DEBUG]  OP: Operation.CREATE_LEAF on slice (11998, 1) (remaining tasks 23)
2025-04-24 21:32:21,258 [DEBUG]  		 created leaf IdentityNumericLeaf for scope=[19] (in 0.00590 secs)
2025-04-24 21:32:21,258 [DEBUG]  OP: Operation.CREATE_LEAF on slice (11998, 1) (remaining tasks 22)
2025-04-24 21:32:21,264 [DEBUG]  		 created leaf IdentityNumericLeaf for scope=[20] (in 0.00595 secs)
2025-04-24 21:32:21,265 [DEBUG]  OP: Operation.CREATE_LEAF on slice (11998, 1) (remaining tasks 21)
2025-04-24 21:32:21,271 [DEBUG]  		 created leaf IdentityNumericLeaf for scope=[21] (in 0.00601 secs)
2025-04-24 21:32:21,271 [DEBUG]  OP: Operation.CREATE_LEAF on slice (11998, 1) (remaining tasks 20)
2025-04-24 21:32:21,277 [DEBUG]  		 created leaf IdentityNumericLeaf for scope=[22] (in 0.00637 secs)
2025-04-24 21:32:21,277 [DEBUG]  OP: Operation.CREATE_LEAF on slice (11998, 1) (remaining tasks 19)
2025-04-24 21:32:21,285 [DEBUG]  		 created leaf IdentityNumericLeaf for scope=[23] (in 0.00743 secs)
2025-04-24 21:32:21,285 [DEBUG]  OP: Operation.CREATE_LEAF on slice (11998, 1) (remaining tasks 18)
2025-04-24 21:32:21,289 [DEBUG]  		 created leaf IdentityNumericLeaf for scope=[24] (in 0.00411 secs)
2025-04-24 21:32:21,289 [DEBUG]  OP: Operation.CREATE_LEAF on slice (11998, 1) (remaining tasks 17)
2025-04-24 21:32:21,294 [DEBUG]  		 created leaf IdentityNumericLeaf for scope=[25] (in 0.00413 secs)
2025-04-24 21:32:21,294 [DEBUG]  OP: Operation.CREATE_LEAF on slice (11998, 1) (remaining tasks 16)
2025-04-24 21:32:21,298 [DEBUG]  		 created leaf IdentityNumericLeaf for scope=[26] (in 0.00405 secs)
2025-04-24 21:32:21,298 [DEBUG]  OP: Operation.CREATE_LEAF on slice (11998, 1) (remaining tasks 15)
2025-04-24 21:32:21,302 [DEBUG]  		 created leaf IdentityNumericLeaf for scope=[27] (in 0.00421 secs)
2025-04-24 21:32:21,302 [DEBUG]  OP: Operation.CREATE_LEAF on slice (11998, 1) (remaining tasks 14)
2025-04-24 21:32:21,306 [DEBUG]  		 created leaf IdentityNumericLeaf for scope=[28] (in 0.00407 secs)
2025-04-24 21:32:21,307 [DEBUG]  OP: Operation.CREATE_LEAF on slice (11998, 1) (remaining tasks 13)
2025-04-24 21:32:21,311 [DEBUG]  		 created leaf IdentityNumericLeaf for scope=[29] (in 0.00415 secs)
2025-04-24 21:32:21,311 [DEBUG]  OP: Operation.CREATE_LEAF on slice (11998, 1) (remaining tasks 12)
2025-04-24 21:32:21,315 [DEBUG]  		 created leaf IdentityNumericLeaf for scope=[30] (in 0.00420 secs)
2025-04-24 21:32:21,315 [DEBUG]  OP: Operation.CREATE_LEAF on slice (11998, 1) (remaining tasks 11)
2025-04-24 21:32:21,319 [DEBUG]  		 created leaf IdentityNumericLeaf for scope=[31] (in 0.00410 secs)
2025-04-24 21:32:21,320 [DEBUG]  OP: Operation.CREATE_LEAF on slice (11998, 1) (remaining tasks 10)
2025-04-24 21:32:21,324 [DEBUG]  		 created leaf IdentityNumericLeaf for scope=[32] (in 0.00432 secs)
2025-04-24 21:32:21,324 [DEBUG]  OP: Operation.CREATE_LEAF on slice (11998, 1) (remaining tasks 9)
2025-04-24 21:32:21,328 [DEBUG]  		 created leaf IdentityNumericLeaf for scope=[33] (in 0.00409 secs)
2025-04-24 21:32:21,328 [DEBUG]  OP: Operation.CREATE_LEAF on slice (11998, 1) (remaining tasks 8)
2025-04-24 21:32:21,332 [DEBUG]  		 created leaf IdentityNumericLeaf for scope=[34] (in 0.00401 secs)
2025-04-24 21:32:21,332 [DEBUG]  OP: Operation.CREATE_LEAF on slice (11998, 1) (remaining tasks 7)
2025-04-24 21:32:21,337 [DEBUG]  		 created leaf IdentityNumericLeaf for scope=[35] (in 0.00401 secs)
2025-04-24 21:32:21,337 [DEBUG]  OP: Operation.CREATE_LEAF on slice (11998, 1) (remaining tasks 6)
2025-04-24 21:32:21,341 [DEBUG]  		 created leaf IdentityNumericLeaf for scope=[36] (in 0.00408 secs)
2025-04-24 21:32:21,341 [DEBUG]  OP: Operation.CREATE_LEAF on slice (11998, 1) (remaining tasks 5)
2025-04-24 21:32:21,345 [DEBUG]  		 created leaf IdentityNumericLeaf for scope=[37] (in 0.00399 secs)
2025-04-24 21:32:21,345 [DEBUG]  OP: Operation.CREATE_LEAF on slice (11998, 1) (remaining tasks 4)
2025-04-24 21:32:21,349 [DEBUG]  		 created leaf IdentityNumericLeaf for scope=[38] (in 0.00402 secs)
2025-04-24 21:32:21,349 [DEBUG]  OP: Operation.CREATE_LEAF on slice (11998, 1) (remaining tasks 3)
2025-04-24 21:32:21,353 [DEBUG]  		 created leaf IdentityNumericLeaf for scope=[39] (in 0.00413 secs)
2025-04-24 21:32:21,354 [DEBUG]  OP: Operation.CREATE_LEAF on slice (11998, 1) (remaining tasks 2)
2025-04-24 21:32:21,358 [DEBUG]  		 created leaf IdentityNumericLeaf for scope=[40] (in 0.00404 secs)
2025-04-24 21:32:21,358 [DEBUG]  OP: Operation.SPLIT_ROWS on slice (12002, 2) (remaining tasks 1)
2025-04-24 21:32:21,448 [DEBUG]  		found 2 row clusters (in 0.09040 secs)
2025-04-24 21:32:21,449 [DEBUG]  OP: Operation.SPLIT_ROWS on slice (11998, 2) (remaining tasks 2)
2025-04-24 21:32:21,526 [DEBUG]  		found 2 row clusters (in 0.07745 secs)
2025-04-24 21:32:21,527 [DEBUG]  OP: Operation.SPLIT_COLUMNS on slice (6771, 2) (remaining tasks 3)
2025-04-24 21:32:21,636 [DEBUG]  		found 1 col clusters (in 0.10943 secs)
2025-04-24 21:32:21,637 [DEBUG]  OP: Operation.SPLIT_COLUMNS on slice (5231, 2) (remaining tasks 3)
2025-04-24 21:32:21,744 [DEBUG]  		found 1 col clusters (in 0.10640 secs)
2025-04-24 21:32:21,745 [DEBUG]  OP: Operation.SPLIT_COLUMNS on slice (5159, 2) (remaining tasks 3)
2025-04-24 21:32:21,857 [DEBUG]  		found 1 col clusters (in 0.11246 secs)
2025-04-24 21:32:21,859 [DEBUG]  OP: Operation.SPLIT_COLUMNS on slice (6839, 2) (remaining tasks 3)
2025-04-24 21:32:21,974 [DEBUG]  		found 1 col clusters (in 0.11468 secs)
2025-04-24 21:32:21,975 [DEBUG]  OP: Operation.SPLIT_ROWS on slice (6771, 2) (remaining tasks 3)
2025-04-24 21:32:22,086 [DEBUG]  		found 2 row clusters (in 0.11014 secs)
2025-04-24 21:32:22,086 [DEBUG]  OP: Operation.SPLIT_ROWS on slice (5231, 2) (remaining tasks 4)
2025-04-24 21:32:22,134 [DEBUG]  		found 2 row clusters (in 0.04746 secs)
2025-04-24 21:32:22,134 [DEBUG]  OP: Operation.SPLIT_ROWS on slice (5159, 2) (remaining tasks 5)
2025-04-24 21:32:22,180 [DEBUG]  		found 2 row clusters (in 0.04545 secs)
2025-04-24 21:32:22,180 [DEBUG]  OP: Operation.SPLIT_ROWS on slice (6839, 2) (remaining tasks 6)
2025-04-24 21:32:22,229 [DEBUG]  		found 2 row clusters (in 0.04850 secs)
2025-04-24 21:32:22,229 [DEBUG]  OP: Operation.SPLIT_COLUMNS on slice (4249, 2) (remaining tasks 7)
2025-04-24 21:32:22,337 [DEBUG]  		found 2 col clusters (in 0.10818 secs)
2025-04-24 21:32:22,338 [DEBUG]  OP: Operation.SPLIT_COLUMNS on slice (2522, 2) (remaining tasks 8)
2025-04-24 21:32:22,445 [DEBUG]  		found 1 col clusters (in 0.10657 secs)
2025-04-24 21:32:22,445 [DEBUG]  OP: Operation.SPLIT_COLUMNS on slice (3654, 2) (remaining tasks 8)
2025-04-24 21:32:22,553 [DEBUG]  		found 2 col clusters (in 0.10744 secs)
2025-04-24 21:32:22,553 [DEBUG]  OP: Operation.SPLIT_COLUMNS on slice (1577, 2) (remaining tasks 9)
2025-04-24 21:32:22,660 [DEBUG]  		found 1 col clusters (in 0.10629 secs)
2025-04-24 21:32:22,660 [DEBUG]  OP: Operation.SPLIT_COLUMNS on slice (3708, 2) (remaining tasks 9)
2025-04-24 21:32:22,768 [DEBUG]  		found 2 col clusters (in 0.10764 secs)
2025-04-24 21:32:22,768 [DEBUG]  OP: Operation.SPLIT_COLUMNS on slice (1451, 2) (remaining tasks 10)
2025-04-24 21:32:22,875 [DEBUG]  		found 1 col clusters (in 0.10637 secs)
2025-04-24 21:32:22,876 [DEBUG]  OP: Operation.SPLIT_COLUMNS on slice (4261, 2) (remaining tasks 10)
2025-04-24 21:32:22,983 [DEBUG]  		found 2 col clusters (in 0.10767 secs)
2025-04-24 21:32:22,984 [DEBUG]  OP: Operation.SPLIT_COLUMNS on slice (2578, 2) (remaining tasks 11)
2025-04-24 21:32:23,091 [DEBUG]  		found 1 col clusters (in 0.10634 secs)
2025-04-24 21:32:23,091 [DEBUG]  OP: Operation.CREATE_LEAF on slice (4249, 1) (remaining tasks 11)
2025-04-24 21:32:23,093 [DEBUG]  		 created leaf IdentityNumericLeaf for scope=[0] (in 0.00203 secs)
2025-04-24 21:32:23,093 [DEBUG]  OP: Operation.CREATE_LEAF on slice (4249, 1) (remaining tasks 10)
2025-04-24 21:32:23,096 [DEBUG]  		 created leaf IdentityNumericLeaf for scope=[1] (in 0.00271 secs)
2025-04-24 21:32:23,096 [DEBUG]  OP: Operation.SPLIT_ROWS on slice (2522, 2) (remaining tasks 9)
2025-04-24 21:32:23,154 [DEBUG]  		found 2 row clusters (in 0.05734 secs)
2025-04-24 21:32:23,154 [DEBUG]  OP: Operation.CREATE_LEAF on slice (3654, 1) (remaining tasks 10)
2025-04-24 21:32:23,156 [DEBUG]  		 created leaf IdentityNumericLeaf for scope=[0] (in 0.00189 secs)
2025-04-24 21:32:23,156 [DEBUG]  OP: Operation.CREATE_LEAF on slice (3654, 1) (remaining tasks 9)
2025-04-24 21:32:23,158 [DEBUG]  		 created leaf IdentityNumericLeaf for scope=[1] (in 0.00233 secs)
2025-04-24 21:32:23,159 [DEBUG]  OP: Operation.SPLIT_ROWS on slice (1577, 2) (remaining tasks 8)
2025-04-24 21:32:23,204 [DEBUG]  		found 2 row clusters (in 0.04514 secs)
2025-04-24 21:32:23,204 [DEBUG]  OP: Operation.CREATE_LEAF on slice (3708, 1) (remaining tasks 9)
2025-04-24 21:32:23,205 [DEBUG]  		 created leaf IdentityNumericLeaf for scope=[0] (in 0.00120 secs)
2025-04-24 21:32:23,206 [DEBUG]  OP: Operation.CREATE_LEAF on slice (3708, 1) (remaining tasks 8)
2025-04-24 21:32:23,207 [DEBUG]  		 created leaf IdentityNumericLeaf for scope=[1] (in 0.00150 secs)
2025-04-24 21:32:23,207 [DEBUG]  OP: Operation.SPLIT_ROWS on slice (1451, 2) (remaining tasks 7)
2025-04-24 21:32:23,237 [DEBUG]  		found 2 row clusters (in 0.02902 secs)
2025-04-24 21:32:23,237 [DEBUG]  OP: Operation.CREATE_LEAF on slice (4261, 1) (remaining tasks 8)
2025-04-24 21:32:23,238 [DEBUG]  		 created leaf IdentityNumericLeaf for scope=[0] (in 0.00125 secs)
2025-04-24 21:32:23,238 [DEBUG]  OP: Operation.CREATE_LEAF on slice (4261, 1) (remaining tasks 7)
2025-04-24 21:32:23,240 [DEBUG]  		 created leaf IdentityNumericLeaf for scope=[1] (in 0.00170 secs)
2025-04-24 21:32:23,240 [DEBUG]  OP: Operation.SPLIT_ROWS on slice (2578, 2) (remaining tasks 6)
2025-04-24 21:32:23,270 [DEBUG]  		found 2 row clusters (in 0.02980 secs)
2025-04-24 21:32:23,270 [DEBUG]  OP: Operation.SPLIT_COLUMNS on slice (1726, 2) (remaining tasks 7)
2025-04-24 21:32:23,377 [DEBUG]  		found 2 col clusters (in 0.10665 secs)
2025-04-24 21:32:23,377 [DEBUG]  OP: Operation.SPLIT_COLUMNS on slice (796, 2) (remaining tasks 8)
2025-04-24 21:32:23,482 [DEBUG]  		found 1 col clusters (in 0.10499 secs)
2025-04-24 21:32:23,483 [DEBUG]  OP: Operation.SPLIT_COLUMNS on slice (1154, 2) (remaining tasks 8)
2025-04-24 21:32:23,589 [DEBUG]  		found 2 col clusters (in 0.10584 secs)
2025-04-24 21:32:23,589 [DEBUG]  OP: Operation.SPLIT_COLUMNS on slice (423, 2) (remaining tasks 9)
2025-04-24 21:32:23,695 [DEBUG]  		found 1 col clusters (in 0.10564 secs)
2025-04-24 21:32:23,695 [DEBUG]  OP: Operation.SPLIT_COLUMNS on slice (1065, 2) (remaining tasks 9)
2025-04-24 21:32:23,801 [DEBUG]  		found 2 col clusters (in 0.10564 secs)
2025-04-24 21:32:23,801 [DEBUG]  OP: Operation.SPLIT_COLUMNS on slice (386, 2) (remaining tasks 10)
2025-04-24 21:32:23,907 [DEBUG]  		found 1 col clusters (in 0.10548 secs)
2025-04-24 21:32:23,907 [DEBUG]  OP: Operation.SPLIT_COLUMNS on slice (1728, 2) (remaining tasks 10)
2025-04-24 21:32:24,013 [DEBUG]  		found 2 col clusters (in 0.10586 secs)
2025-04-24 21:32:24,014 [DEBUG]  OP: Operation.SPLIT_COLUMNS on slice (850, 2) (remaining tasks 11)
2025-04-24 21:32:24,119 [DEBUG]  		found 1 col clusters (in 0.10509 secs)
2025-04-24 21:32:24,119 [DEBUG]  OP: Operation.CREATE_LEAF on slice (1726, 1) (remaining tasks 11)
2025-04-24 21:32:24,120 [DEBUG]  		 created leaf IdentityNumericLeaf for scope=[0] (in 0.00119 secs)
2025-04-24 21:32:24,120 [DEBUG]  OP: Operation.CREATE_LEAF on slice (1726, 1) (remaining tasks 10)
2025-04-24 21:32:24,122 [DEBUG]  		 created leaf IdentityNumericLeaf for scope=[1] (in 0.00132 secs)
2025-04-24 21:32:24,122 [DEBUG]  OP: Operation.SPLIT_ROWS on slice (796, 2) (remaining tasks 9)
2025-04-24 21:32:24,159 [DEBUG]  		found 2 row clusters (in 0.03627 secs)
2025-04-24 21:32:24,159 [DEBUG]  OP: Operation.CREATE_LEAF on slice (1154, 1) (remaining tasks 10)
2025-04-24 21:32:24,160 [DEBUG]  		 created leaf IdentityNumericLeaf for scope=[0] (in 0.00091 secs)
2025-04-24 21:32:24,160 [DEBUG]  OP: Operation.CREATE_LEAF on slice (1154, 1) (remaining tasks 9)
2025-04-24 21:32:24,161 [DEBUG]  		 created leaf IdentityNumericLeaf for scope=[1] (in 0.00096 secs)
2025-04-24 21:32:24,161 [DEBUG]  OP: Operation.SPLIT_ROWS on slice (423, 2) (remaining tasks 8)
2025-04-24 21:32:24,195 [DEBUG]  		found 2 row clusters (in 0.03322 secs)
2025-04-24 21:32:24,195 [DEBUG]  OP: Operation.CREATE_LEAF on slice (1065, 1) (remaining tasks 9)
2025-04-24 21:32:24,196 [DEBUG]  		 created leaf IdentityNumericLeaf for scope=[0] (in 0.00084 secs)
2025-04-24 21:32:24,196 [DEBUG]  OP: Operation.CREATE_LEAF on slice (1065, 1) (remaining tasks 8)
2025-04-24 21:32:24,197 [DEBUG]  		 created leaf IdentityNumericLeaf for scope=[1] (in 0.00089 secs)
2025-04-24 21:32:24,197 [DEBUG]  OP: Operation.SPLIT_ROWS on slice (386, 2) (remaining tasks 7)
2025-04-24 21:32:24,228 [DEBUG]  		found 2 row clusters (in 0.03050 secs)
2025-04-24 21:32:24,228 [DEBUG]  OP: Operation.CREATE_LEAF on slice (1728, 1) (remaining tasks 8)
2025-04-24 21:32:24,229 [DEBUG]  		 created leaf IdentityNumericLeaf for scope=[0] (in 0.00075 secs)
2025-04-24 21:32:24,229 [DEBUG]  OP: Operation.CREATE_LEAF on slice (1728, 1) (remaining tasks 7)
2025-04-24 21:32:24,229 [DEBUG]  		 created leaf IdentityNumericLeaf for scope=[1] (in 0.00078 secs)
2025-04-24 21:32:24,230 [DEBUG]  OP: Operation.SPLIT_ROWS on slice (850, 2) (remaining tasks 6)
2025-04-24 21:32:24,256 [DEBUG]  		found 2 row clusters (in 0.02584 secs)
2025-04-24 21:32:24,256 [DEBUG]  OP: Operation.SPLIT_COLUMNS on slice (590, 2) (remaining tasks 7)
2025-04-24 21:32:24,361 [DEBUG]  		found 2 col clusters (in 0.10485 secs)
2025-04-24 21:32:24,361 [DEBUG]  OP: Operation.NAIVE_FACTORIZATION on slice (206, 2) (remaining tasks 8)
2025-04-24 21:32:24,367 [DEBUG]  		naive factorization 2 columns (in 0.00550 secs)
2025-04-24 21:32:24,367 [DEBUG]  OP: Operation.SPLIT_COLUMNS on slice (342, 2) (remaining tasks 7)
2025-04-24 21:32:24,472 [DEBUG]  		found 2 col clusters (in 0.10511 secs)
2025-04-24 21:32:24,472 [DEBUG]  OP: Operation.NAIVE_FACTORIZATION on slice (81, 2) (remaining tasks 8)
2025-04-24 21:32:24,476 [DEBUG]  		naive factorization 2 columns (in 0.00340 secs)
2025-04-24 21:32:24,476 [DEBUG]  OP: Operation.SPLIT_COLUMNS on slice (305, 2) (remaining tasks 7)
2025-04-24 21:32:24,581 [DEBUG]  		found 2 col clusters (in 0.10482 secs)
2025-04-24 21:32:24,581 [DEBUG]  OP: Operation.NAIVE_FACTORIZATION on slice (81, 2) (remaining tasks 8)
2025-04-24 21:32:24,585 [DEBUG]  		naive factorization 2 columns (in 0.00324 secs)
2025-04-24 21:32:24,585 [DEBUG]  OP: Operation.SPLIT_COLUMNS on slice (634, 2) (remaining tasks 7)
2025-04-24 21:32:24,690 [DEBUG]  		found 2 col clusters (in 0.10496 secs)
2025-04-24 21:32:24,690 [DEBUG]  OP: Operation.NAIVE_FACTORIZATION on slice (216, 2) (remaining tasks 8)
2025-04-24 21:32:24,695 [DEBUG]  		naive factorization 2 columns (in 0.00414 secs)
2025-04-24 21:32:24,695 [DEBUG]  OP: Operation.CREATE_LEAF on slice (590, 1) (remaining tasks 7)
2025-04-24 21:32:24,695 [DEBUG]  		 created leaf IdentityNumericLeaf for scope=[0] (in 0.00061 secs)
2025-04-24 21:32:24,696 [DEBUG]  OP: Operation.CREATE_LEAF on slice (590, 1) (remaining tasks 6)
2025-04-24 21:32:24,696 [DEBUG]  		 created leaf IdentityNumericLeaf for scope=[1] (in 0.00061 secs)
2025-04-24 21:32:24,696 [DEBUG]  OP: Operation.CREATE_LEAF on slice (342, 1) (remaining tasks 5)
2025-04-24 21:32:24,697 [DEBUG]  		 created leaf IdentityNumericLeaf for scope=[0] (in 0.00045 secs)
2025-04-24 21:32:24,697 [DEBUG]  OP: Operation.CREATE_LEAF on slice (342, 1) (remaining tasks 4)
2025-04-24 21:32:24,698 [DEBUG]  		 created leaf IdentityNumericLeaf for scope=[1] (in 0.00046 secs)
2025-04-24 21:32:24,698 [DEBUG]  OP: Operation.CREATE_LEAF on slice (305, 1) (remaining tasks 3)
2025-04-24 21:32:24,698 [DEBUG]  		 created leaf IdentityNumericLeaf for scope=[0] (in 0.00046 secs)
2025-04-24 21:32:24,698 [DEBUG]  OP: Operation.CREATE_LEAF on slice (305, 1) (remaining tasks 2)
2025-04-24 21:32:24,699 [DEBUG]  		 created leaf IdentityNumericLeaf for scope=[1] (in 0.00042 secs)
2025-04-24 21:32:24,699 [DEBUG]  OP: Operation.CREATE_LEAF on slice (634, 1) (remaining tasks 1)
2025-04-24 21:32:24,700 [DEBUG]  		 created leaf IdentityNumericLeaf for scope=[0] (in 0.00063 secs)
2025-04-24 21:32:24,700 [DEBUG]  OP: Operation.CREATE_LEAF on slice (634, 1) (remaining tasks 0)
2025-04-24 21:32:24,701 [DEBUG]  		 created leaf IdentityNumericLeaf for scope=[1] (in 0.00063 secs)
2025-04-24 21:32:37,695 [DEBUG]  Built SPN in 83.90075800096383 sec
2025-04-24 21:32:37,696 [INFO ]  Saving ensemble to /home/dafn/card/deepcard/collected_temp_benchmarks/spn_ensembles/Lattice-physics/ensemble_single_raw1_10000000.pkl
