2025-04-24 21:38:55,708 [INFO ]  Creating naive ensemble.
2025-04-24 21:38:55,708 [INFO ]  Learning SPN for raw1.
2025-04-24 21:38:55,708 [DEBUG]  generate_join_sample(single_table=raw1, relationship_list=None, split_condition=None)
2025-04-24 21:38:55,745 [DEBUG]  Using min_instance_slice parameter 240.0.
2025-04-24 21:38:55,745 [INFO ]  SPN training phase with 24000 samples
2025-04-24 21:38:55,811 [DEBUG]  Built domains in 0.06620263797231019 sec
2025-04-24 21:38:56,173 [DEBUG]  CACHEDIR=/home/dafn/.cache/matplotlib
2025-04-24 21:38:56,175 [DEBUG]  Using fontManager instance from /home/dafn/.cache/matplotlib/fontlist-v300.json
2025-04-24 21:38:56,268 [DEBUG]  Loaded backend qt5agg version unknown.
2025-04-24 21:38:56,299 [DEBUG]  Loaded backend qt5agg version unknown.
2025-04-24 21:38:56,300 [DEBUG]  Loaded backend qt4agg version unknown.
2025-04-24 21:38:56,307 [DEBUG]  Loaded backend tkagg version unknown.
2025-04-24 21:38:56,307 [DEBUG]  Loaded backend agg version unknown.
2025-04-24 21:38:56,308 [DEBUG]  Loaded backend agg version unknown.
2025-04-24 21:38:56,314 [DEBUG]  OP: Operation.SPLIT_ROWS on slice (24000, 41) (remaining tasks 0)
2025-04-24 21:38:58,181 [DEBUG]  		found 2 row clusters (in 1.86665 secs)
2025-04-24 21:38:58,184 [DEBUG]  OP: Operation.SPLIT_COLUMNS on slice (12002, 41) (remaining tasks 1)
2025-04-24 21:39:31,382 [DEBUG]  		found 40 col clusters (in 33.19769 secs)
2025-04-24 21:39:31,417 [DEBUG]  OP: Operation.SPLIT_COLUMNS on slice (11998, 41) (remaining tasks 40)
2025-04-24 21:40:04,280 [DEBUG]  		found 40 col clusters (in 32.85835 secs)
2025-04-24 21:40:04,298 [DEBUG]  OP: Operation.SPLIT_COLUMNS on slice (12002, 2) (remaining tasks 79)
2025-04-24 21:40:04,453 [DEBUG]  		found 1 col clusters (in 0.15151 secs)
2025-04-24 21:40:04,453 [DEBUG]  OP: Operation.CREATE_LEAF on slice (12002, 1) (remaining tasks 79)
2025-04-24 21:40:04,460 [DEBUG]  		 created leaf IdentityNumericLeaf for scope=[2] (in 0.00712 secs)
2025-04-24 21:40:04,461 [DEBUG]  OP: Operation.CREATE_LEAF on slice (12002, 1) (remaining tasks 78)
2025-04-24 21:40:04,468 [DEBUG]  		 created leaf IdentityNumericLeaf for scope=[3] (in 0.00693 secs)
2025-04-24 21:40:04,468 [DEBUG]  OP: Operation.CREATE_LEAF on slice (12002, 1) (remaining tasks 77)
2025-04-24 21:40:04,475 [DEBUG]  		 created leaf IdentityNumericLeaf for scope=[4] (in 0.00695 secs)
2025-04-24 21:40:04,479 [DEBUG]  OP: Operation.CREATE_LEAF on slice (12002, 1) (remaining tasks 76)
2025-04-24 21:40:04,486 [DEBUG]  		 created leaf IdentityNumericLeaf for scope=[5] (in 0.00694 secs)
2025-04-24 21:40:04,486 [DEBUG]  OP: Operation.CREATE_LEAF on slice (12002, 1) (remaining tasks 75)
2025-04-24 21:40:04,493 [DEBUG]  		 created leaf IdentityNumericLeaf for scope=[6] (in 0.00687 secs)
2025-04-24 21:40:04,493 [DEBUG]  OP: Operation.CREATE_LEAF on slice (12002, 1) (remaining tasks 74)
2025-04-24 21:40:04,500 [DEBUG]  		 created leaf IdentityNumericLeaf for scope=[7] (in 0.00700 secs)
2025-04-24 21:40:04,501 [DEBUG]  OP: Operation.CREATE_LEAF on slice (12002, 1) (remaining tasks 73)
2025-04-24 21:40:04,508 [DEBUG]  		 created leaf IdentityNumericLeaf for scope=[8] (in 0.00693 secs)
2025-04-24 21:40:04,508 [DEBUG]  OP: Operation.CREATE_LEAF on slice (12002, 1) (remaining tasks 72)
2025-04-24 21:40:04,515 [DEBUG]  		 created leaf IdentityNumericLeaf for scope=[9] (in 0.00690 secs)
2025-04-24 21:40:04,515 [DEBUG]  OP: Operation.CREATE_LEAF on slice (12002, 1) (remaining tasks 71)
2025-04-24 21:40:04,523 [DEBUG]  		 created leaf IdentityNumericLeaf for scope=[10] (in 0.00714 secs)
2025-04-24 21:40:04,523 [DEBUG]  OP: Operation.CREATE_LEAF on slice (12002, 1) (remaining tasks 70)
2025-04-24 21:40:04,530 [DEBUG]  		 created leaf IdentityNumericLeaf for scope=[11] (in 0.00721 secs)
2025-04-24 21:40:04,531 [DEBUG]  OP: Operation.CREATE_LEAF on slice (12002, 1) (remaining tasks 69)
2025-04-24 21:40:04,538 [DEBUG]  		 created leaf IdentityNumericLeaf for scope=[12] (in 0.00720 secs)
2025-04-24 21:40:04,538 [DEBUG]  OP: Operation.CREATE_LEAF on slice (12002, 1) (remaining tasks 68)
2025-04-24 21:40:04,546 [DEBUG]  		 created leaf IdentityNumericLeaf for scope=[13] (in 0.00718 secs)
2025-04-24 21:40:04,546 [DEBUG]  OP: Operation.CREATE_LEAF on slice (12002, 1) (remaining tasks 67)
2025-04-24 21:40:04,553 [DEBUG]  		 created leaf IdentityNumericLeaf for scope=[14] (in 0.00719 secs)
2025-04-24 21:40:04,554 [DEBUG]  OP: Operation.CREATE_LEAF on slice (12002, 1) (remaining tasks 66)
2025-04-24 21:40:04,561 [DEBUG]  		 created leaf IdentityNumericLeaf for scope=[15] (in 0.00718 secs)
2025-04-24 21:40:04,561 [DEBUG]  OP: Operation.CREATE_LEAF on slice (12002, 1) (remaining tasks 65)
2025-04-24 21:40:04,569 [DEBUG]  		 created leaf IdentityNumericLeaf for scope=[16] (in 0.00741 secs)
2025-04-24 21:40:04,569 [DEBUG]  OP: Operation.CREATE_LEAF on slice (12002, 1) (remaining tasks 64)
2025-04-24 21:40:04,576 [DEBUG]  		 created leaf IdentityNumericLeaf for scope=[17] (in 0.00724 secs)
2025-04-24 21:40:04,576 [DEBUG]  OP: Operation.CREATE_LEAF on slice (12002, 1) (remaining tasks 63)
2025-04-24 21:40:04,583 [DEBUG]  		 created leaf IdentityNumericLeaf for scope=[18] (in 0.00717 secs)
2025-04-24 21:40:04,583 [DEBUG]  OP: Operation.CREATE_LEAF on slice (12002, 1) (remaining tasks 62)
2025-04-24 21:40:04,588 [DEBUG]  		 created leaf IdentityNumericLeaf for scope=[19] (in 0.00423 secs)
2025-04-24 21:40:04,588 [DEBUG]  OP: Operation.CREATE_LEAF on slice (12002, 1) (remaining tasks 61)
2025-04-24 21:40:04,592 [DEBUG]  		 created leaf IdentityNumericLeaf for scope=[20] (in 0.00422 secs)
2025-04-24 21:40:04,592 [DEBUG]  OP: Operation.CREATE_LEAF on slice (12002, 1) (remaining tasks 60)
2025-04-24 21:40:04,596 [DEBUG]  		 created leaf IdentityNumericLeaf for scope=[21] (in 0.00401 secs)
2025-04-24 21:40:04,596 [DEBUG]  OP: Operation.CREATE_LEAF on slice (12002, 1) (remaining tasks 59)
2025-04-24 21:40:04,601 [DEBUG]  		 created leaf IdentityNumericLeaf for scope=[22] (in 0.00449 secs)
2025-04-24 21:40:04,601 [DEBUG]  OP: Operation.CREATE_LEAF on slice (12002, 1) (remaining tasks 58)
2025-04-24 21:40:04,605 [DEBUG]  		 created leaf IdentityNumericLeaf for scope=[23] (in 0.00426 secs)
2025-04-24 21:40:04,606 [DEBUG]  OP: Operation.CREATE_LEAF on slice (12002, 1) (remaining tasks 57)
2025-04-24 21:40:04,610 [DEBUG]  		 created leaf IdentityNumericLeaf for scope=[24] (in 0.00411 secs)
2025-04-24 21:40:04,610 [DEBUG]  OP: Operation.CREATE_LEAF on slice (12002, 1) (remaining tasks 56)
2025-04-24 21:40:04,614 [DEBUG]  		 created leaf IdentityNumericLeaf for scope=[25] (in 0.00421 secs)
2025-04-24 21:40:04,614 [DEBUG]  OP: Operation.CREATE_LEAF on slice (12002, 1) (remaining tasks 55)
2025-04-24 21:40:04,618 [DEBUG]  		 created leaf IdentityNumericLeaf for scope=[26] (in 0.00407 secs)
2025-04-24 21:40:04,618 [DEBUG]  OP: Operation.CREATE_LEAF on slice (12002, 1) (remaining tasks 54)
2025-04-24 21:40:04,623 [DEBUG]  		 created leaf IdentityNumericLeaf for scope=[27] (in 0.00414 secs)
2025-04-24 21:40:04,623 [DEBUG]  OP: Operation.CREATE_LEAF on slice (12002, 1) (remaining tasks 53)
2025-04-24 21:40:04,627 [DEBUG]  		 created leaf IdentityNumericLeaf for scope=[28] (in 0.00423 secs)
2025-04-24 21:40:04,627 [DEBUG]  OP: Operation.CREATE_LEAF on slice (12002, 1) (remaining tasks 52)
2025-04-24 21:40:04,631 [DEBUG]  		 created leaf IdentityNumericLeaf for scope=[29] (in 0.00411 secs)
2025-04-24 21:40:04,631 [DEBUG]  OP: Operation.CREATE_LEAF on slice (12002, 1) (remaining tasks 51)
2025-04-24 21:40:04,636 [DEBUG]  		 created leaf IdentityNumericLeaf for scope=[30] (in 0.00404 secs)
2025-04-24 21:40:04,636 [DEBUG]  OP: Operation.CREATE_LEAF on slice (12002, 1) (remaining tasks 50)
2025-04-24 21:40:04,640 [DEBUG]  		 created leaf IdentityNumericLeaf for scope=[31] (in 0.00410 secs)
2025-04-24 21:40:04,640 [DEBUG]  OP: Operation.CREATE_LEAF on slice (12002, 1) (remaining tasks 49)
2025-04-24 21:40:04,644 [DEBUG]  		 created leaf IdentityNumericLeaf for scope=[32] (in 0.00403 secs)
2025-04-24 21:40:04,644 [DEBUG]  OP: Operation.CREATE_LEAF on slice (12002, 1) (remaining tasks 48)
2025-04-24 21:40:04,648 [DEBUG]  		 created leaf IdentityNumericLeaf for scope=[33] (in 0.00403 secs)
2025-04-24 21:40:04,648 [DEBUG]  OP: Operation.CREATE_LEAF on slice (12002, 1) (remaining tasks 47)
2025-04-24 21:40:04,652 [DEBUG]  		 created leaf IdentityNumericLeaf for scope=[34] (in 0.00405 secs)
2025-04-24 21:40:04,653 [DEBUG]  OP: Operation.CREATE_LEAF on slice (12002, 1) (remaining tasks 46)
2025-04-24 21:40:04,657 [DEBUG]  		 created leaf IdentityNumericLeaf for scope=[35] (in 0.00399 secs)
2025-04-24 21:40:04,657 [DEBUG]  OP: Operation.CREATE_LEAF on slice (12002, 1) (remaining tasks 45)
2025-04-24 21:40:04,661 [DEBUG]  		 created leaf IdentityNumericLeaf for scope=[36] (in 0.00401 secs)
2025-04-24 21:40:04,661 [DEBUG]  OP: Operation.CREATE_LEAF on slice (12002, 1) (remaining tasks 44)
2025-04-24 21:40:04,665 [DEBUG]  		 created leaf IdentityNumericLeaf for scope=[37] (in 0.00409 secs)
2025-04-24 21:40:04,665 [DEBUG]  OP: Operation.CREATE_LEAF on slice (12002, 1) (remaining tasks 43)
2025-04-24 21:40:04,669 [DEBUG]  		 created leaf IdentityNumericLeaf for scope=[38] (in 0.00400 secs)
2025-04-24 21:40:04,669 [DEBUG]  OP: Operation.CREATE_LEAF on slice (12002, 1) (remaining tasks 42)
2025-04-24 21:40:04,673 [DEBUG]  		 created leaf IdentityNumericLeaf for scope=[39] (in 0.00402 secs)
2025-04-24 21:40:04,673 [DEBUG]  OP: Operation.CREATE_LEAF on slice (12002, 1) (remaining tasks 41)
2025-04-24 21:40:04,678 [DEBUG]  		 created leaf IdentityNumericLeaf for scope=[40] (in 0.00467 secs)
2025-04-24 21:40:04,678 [DEBUG]  OP: Operation.SPLIT_COLUMNS on slice (11998, 2) (remaining tasks 40)
2025-04-24 21:40:04,790 [DEBUG]  		found 1 col clusters (in 0.11175 secs)
2025-04-24 21:40:04,791 [DEBUG]  OP: Operation.CREATE_LEAF on slice (11998, 1) (remaining tasks 40)
2025-04-24 21:40:04,798 [DEBUG]  		 created leaf IdentityNumericLeaf for scope=[2] (in 0.00690 secs)
2025-04-24 21:40:04,798 [DEBUG]  OP: Operation.CREATE_LEAF on slice (11998, 1) (remaining tasks 39)
2025-04-24 21:40:04,805 [DEBUG]  		 created leaf IdentityNumericLeaf for scope=[3] (in 0.00696 secs)
2025-04-24 21:40:04,805 [DEBUG]  OP: Operation.CREATE_LEAF on slice (11998, 1) (remaining tasks 38)
2025-04-24 21:40:04,812 [DEBUG]  		 created leaf IdentityNumericLeaf for scope=[4] (in 0.00691 secs)
2025-04-24 21:40:04,812 [DEBUG]  OP: Operation.CREATE_LEAF on slice (11998, 1) (remaining tasks 37)
2025-04-24 21:40:04,819 [DEBUG]  		 created leaf IdentityNumericLeaf for scope=[5] (in 0.00695 secs)
2025-04-24 21:40:04,820 [DEBUG]  OP: Operation.CREATE_LEAF on slice (11998, 1) (remaining tasks 36)
2025-04-24 21:40:04,827 [DEBUG]  		 created leaf IdentityNumericLeaf for scope=[6] (in 0.00695 secs)
2025-04-24 21:40:04,827 [DEBUG]  OP: Operation.CREATE_LEAF on slice (11998, 1) (remaining tasks 35)
2025-04-24 21:40:04,834 [DEBUG]  		 created leaf IdentityNumericLeaf for scope=[7] (in 0.00691 secs)
2025-04-24 21:40:04,834 [DEBUG]  OP: Operation.CREATE_LEAF on slice (11998, 1) (remaining tasks 34)
2025-04-24 21:40:04,841 [DEBUG]  		 created leaf IdentityNumericLeaf for scope=[8] (in 0.00690 secs)
2025-04-24 21:40:04,841 [DEBUG]  OP: Operation.CREATE_LEAF on slice (11998, 1) (remaining tasks 33)
2025-04-24 21:40:04,848 [DEBUG]  		 created leaf IdentityNumericLeaf for scope=[9] (in 0.00720 secs)
2025-04-24 21:40:04,849 [DEBUG]  OP: Operation.CREATE_LEAF on slice (11998, 1) (remaining tasks 32)
2025-04-24 21:40:04,856 [DEBUG]  		 created leaf IdentityNumericLeaf for scope=[10] (in 0.00721 secs)
2025-04-24 21:40:04,856 [DEBUG]  OP: Operation.CREATE_LEAF on slice (11998, 1) (remaining tasks 31)
2025-04-24 21:40:04,863 [DEBUG]  		 created leaf IdentityNumericLeaf for scope=[11] (in 0.00721 secs)
2025-04-24 21:40:04,864 [DEBUG]  OP: Operation.CREATE_LEAF on slice (11998, 1) (remaining tasks 30)
2025-04-24 21:40:04,871 [DEBUG]  		 created leaf IdentityNumericLeaf for scope=[12] (in 0.00730 secs)
2025-04-24 21:40:04,871 [DEBUG]  OP: Operation.CREATE_LEAF on slice (11998, 1) (remaining tasks 29)
2025-04-24 21:40:04,879 [DEBUG]  		 created leaf IdentityNumericLeaf for scope=[13] (in 0.00729 secs)
2025-04-24 21:40:04,879 [DEBUG]  OP: Operation.CREATE_LEAF on slice (11998, 1) (remaining tasks 28)
2025-04-24 21:40:04,886 [DEBUG]  		 created leaf IdentityNumericLeaf for scope=[14] (in 0.00720 secs)
2025-04-24 21:40:04,886 [DEBUG]  OP: Operation.CREATE_LEAF on slice (11998, 1) (remaining tasks 27)
2025-04-24 21:40:04,894 [DEBUG]  		 created leaf IdentityNumericLeaf for scope=[15] (in 0.00738 secs)
2025-04-24 21:40:04,894 [DEBUG]  OP: Operation.CREATE_LEAF on slice (11998, 1) (remaining tasks 26)
2025-04-24 21:40:04,901 [DEBUG]  		 created leaf IdentityNumericLeaf for scope=[16] (in 0.00720 secs)
2025-04-24 21:40:04,901 [DEBUG]  OP: Operation.CREATE_LEAF on slice (11998, 1) (remaining tasks 25)
2025-04-24 21:40:04,908 [DEBUG]  		 created leaf IdentityNumericLeaf for scope=[17] (in 0.00614 secs)
2025-04-24 21:40:04,908 [DEBUG]  OP: Operation.CREATE_LEAF on slice (11998, 1) (remaining tasks 24)
2025-04-24 21:40:04,912 [DEBUG]  		 created leaf IdentityNumericLeaf for scope=[18] (in 0.00433 secs)
2025-04-24 21:40:04,912 [DEBUG]  OP: Operation.CREATE_LEAF on slice (11998, 1) (remaining tasks 23)
2025-04-24 21:40:04,916 [DEBUG]  		 created leaf IdentityNumericLeaf for scope=[19] (in 0.00411 secs)
2025-04-24 21:40:04,916 [DEBUG]  OP: Operation.CREATE_LEAF on slice (11998, 1) (remaining tasks 22)
2025-04-24 21:40:04,921 [DEBUG]  		 created leaf IdentityNumericLeaf for scope=[20] (in 0.00403 secs)
2025-04-24 21:40:04,921 [DEBUG]  OP: Operation.CREATE_LEAF on slice (11998, 1) (remaining tasks 21)
2025-04-24 21:40:04,925 [DEBUG]  		 created leaf IdentityNumericLeaf for scope=[21] (in 0.00424 secs)
2025-04-24 21:40:04,925 [DEBUG]  OP: Operation.CREATE_LEAF on slice (11998, 1) (remaining tasks 20)
2025-04-24 21:40:04,929 [DEBUG]  		 created leaf IdentityNumericLeaf for scope=[22] (in 0.00417 secs)
2025-04-24 21:40:04,929 [DEBUG]  OP: Operation.CREATE_LEAF on slice (11998, 1) (remaining tasks 19)
2025-04-24 21:40:04,934 [DEBUG]  		 created leaf IdentityNumericLeaf for scope=[23] (in 0.00442 secs)
2025-04-24 21:40:04,934 [DEBUG]  OP: Operation.CREATE_LEAF on slice (11998, 1) (remaining tasks 18)
2025-04-24 21:40:04,938 [DEBUG]  		 created leaf IdentityNumericLeaf for scope=[24] (in 0.00421 secs)
2025-04-24 21:40:04,938 [DEBUG]  OP: Operation.CREATE_LEAF on slice (11998, 1) (remaining tasks 17)
2025-04-24 21:40:04,943 [DEBUG]  		 created leaf IdentityNumericLeaf for scope=[25] (in 0.00413 secs)
2025-04-24 21:40:04,943 [DEBUG]  OP: Operation.CREATE_LEAF on slice (11998, 1) (remaining tasks 16)
2025-04-24 21:40:04,947 [DEBUG]  		 created leaf IdentityNumericLeaf for scope=[26] (in 0.00408 secs)
2025-04-24 21:40:04,947 [DEBUG]  OP: Operation.CREATE_LEAF on slice (11998, 1) (remaining tasks 15)
2025-04-24 21:40:04,951 [DEBUG]  		 created leaf IdentityNumericLeaf for scope=[27] (in 0.00419 secs)
2025-04-24 21:40:04,951 [DEBUG]  OP: Operation.CREATE_LEAF on slice (11998, 1) (remaining tasks 14)
2025-04-24 21:40:04,955 [DEBUG]  		 created leaf IdentityNumericLeaf for scope=[28] (in 0.00406 secs)
2025-04-24 21:40:04,955 [DEBUG]  OP: Operation.CREATE_LEAF on slice (11998, 1) (remaining tasks 13)
2025-04-24 21:40:04,960 [DEBUG]  		 created leaf IdentityNumericLeaf for scope=[29] (in 0.00412 secs)
2025-04-24 21:40:04,960 [DEBUG]  OP: Operation.CREATE_LEAF on slice (11998, 1) (remaining tasks 12)
2025-04-24 21:40:04,964 [DEBUG]  		 created leaf IdentityNumericLeaf for scope=[30] (in 0.00420 secs)
2025-04-24 21:40:04,964 [DEBUG]  OP: Operation.CREATE_LEAF on slice (11998, 1) (remaining tasks 11)
2025-04-24 21:40:04,968 [DEBUG]  		 created leaf IdentityNumericLeaf for scope=[31] (in 0.00411 secs)
2025-04-24 21:40:04,968 [DEBUG]  OP: Operation.CREATE_LEAF on slice (11998, 1) (remaining tasks 10)
2025-04-24 21:40:04,973 [DEBUG]  		 created leaf IdentityNumericLeaf for scope=[32] (in 0.00408 secs)
2025-04-24 21:40:04,973 [DEBUG]  OP: Operation.CREATE_LEAF on slice (11998, 1) (remaining tasks 9)
2025-04-24 21:40:04,977 [DEBUG]  		 created leaf IdentityNumericLeaf for scope=[33] (in 0.00417 secs)
2025-04-24 21:40:04,977 [DEBUG]  OP: Operation.CREATE_LEAF on slice (11998, 1) (remaining tasks 8)
2025-04-24 21:40:04,981 [DEBUG]  		 created leaf IdentityNumericLeaf for scope=[34] (in 0.00431 secs)
2025-04-24 21:40:04,981 [DEBUG]  OP: Operation.CREATE_LEAF on slice (11998, 1) (remaining tasks 7)
2025-04-24 21:40:04,986 [DEBUG]  		 created leaf IdentityNumericLeaf for scope=[35] (in 0.00413 secs)
2025-04-24 21:40:04,986 [DEBUG]  OP: Operation.CREATE_LEAF on slice (11998, 1) (remaining tasks 6)
2025-04-24 21:40:04,990 [DEBUG]  		 created leaf IdentityNumericLeaf for scope=[36] (in 0.00416 secs)
2025-04-24 21:40:04,990 [DEBUG]  OP: Operation.CREATE_LEAF on slice (11998, 1) (remaining tasks 5)
2025-04-24 21:40:04,994 [DEBUG]  		 created leaf IdentityNumericLeaf for scope=[37] (in 0.00408 secs)
2025-04-24 21:40:04,994 [DEBUG]  OP: Operation.CREATE_LEAF on slice (11998, 1) (remaining tasks 4)
2025-04-24 21:40:04,998 [DEBUG]  		 created leaf IdentityNumericLeaf for scope=[38] (in 0.00411 secs)
2025-04-24 21:40:04,999 [DEBUG]  OP: Operation.CREATE_LEAF on slice (11998, 1) (remaining tasks 3)
2025-04-24 21:40:05,003 [DEBUG]  		 created leaf IdentityNumericLeaf for scope=[39] (in 0.00421 secs)
2025-04-24 21:40:05,003 [DEBUG]  OP: Operation.CREATE_LEAF on slice (11998, 1) (remaining tasks 2)
2025-04-24 21:40:05,007 [DEBUG]  		 created leaf IdentityNumericLeaf for scope=[40] (in 0.00410 secs)
2025-04-24 21:40:05,007 [DEBUG]  OP: Operation.SPLIT_ROWS on slice (12002, 2) (remaining tasks 1)
2025-04-24 21:40:05,098 [DEBUG]  		found 2 row clusters (in 0.09078 secs)
2025-04-24 21:40:05,099 [DEBUG]  OP: Operation.SPLIT_ROWS on slice (11998, 2) (remaining tasks 2)
2025-04-24 21:40:05,176 [DEBUG]  		found 2 row clusters (in 0.07722 secs)
2025-04-24 21:40:05,176 [DEBUG]  OP: Operation.SPLIT_COLUMNS on slice (6771, 2) (remaining tasks 3)
2025-04-24 21:40:05,286 [DEBUG]  		found 2 col clusters (in 0.10904 secs)
2025-04-24 21:40:05,287 [DEBUG]  OP: Operation.SPLIT_COLUMNS on slice (5231, 2) (remaining tasks 4)
2025-04-24 21:40:05,395 [DEBUG]  		found 1 col clusters (in 0.10811 secs)
2025-04-24 21:40:05,396 [DEBUG]  OP: Operation.SPLIT_COLUMNS on slice (5159, 2) (remaining tasks 4)
2025-04-24 21:40:05,504 [DEBUG]  		found 2 col clusters (in 0.10810 secs)
2025-04-24 21:40:05,505 [DEBUG]  OP: Operation.SPLIT_COLUMNS on slice (6839, 2) (remaining tasks 5)
2025-04-24 21:40:05,614 [DEBUG]  		found 2 col clusters (in 0.10912 secs)
2025-04-24 21:40:05,615 [DEBUG]  OP: Operation.CREATE_LEAF on slice (6771, 1) (remaining tasks 6)
2025-04-24 21:40:05,617 [DEBUG]  		 created leaf IdentityNumericLeaf for scope=[0] (in 0.00275 secs)
2025-04-24 21:40:05,618 [DEBUG]  OP: Operation.CREATE_LEAF on slice (6771, 1) (remaining tasks 5)
2025-04-24 21:40:05,622 [DEBUG]  		 created leaf IdentityNumericLeaf for scope=[1] (in 0.00407 secs)
2025-04-24 21:40:05,623 [DEBUG]  OP: Operation.SPLIT_ROWS on slice (5231, 2) (remaining tasks 4)
2025-04-24 21:40:05,712 [DEBUG]  		found 2 row clusters (in 0.08924 secs)
2025-04-24 21:40:05,712 [DEBUG]  OP: Operation.CREATE_LEAF on slice (5159, 1) (remaining tasks 5)
2025-04-24 21:40:05,715 [DEBUG]  		 created leaf IdentityNumericLeaf for scope=[0] (in 0.00232 secs)
2025-04-24 21:40:05,715 [DEBUG]  OP: Operation.CREATE_LEAF on slice (5159, 1) (remaining tasks 4)
2025-04-24 21:40:05,719 [DEBUG]  		 created leaf IdentityNumericLeaf for scope=[1] (in 0.00315 secs)
2025-04-24 21:40:05,719 [DEBUG]  OP: Operation.CREATE_LEAF on slice (6839, 1) (remaining tasks 3)
2025-04-24 21:40:05,722 [DEBUG]  		 created leaf IdentityNumericLeaf for scope=[0] (in 0.00286 secs)
2025-04-24 21:40:05,722 [DEBUG]  OP: Operation.CREATE_LEAF on slice (6839, 1) (remaining tasks 2)
2025-04-24 21:40:05,726 [DEBUG]  		 created leaf IdentityNumericLeaf for scope=[1] (in 0.00410 secs)
2025-04-24 21:40:05,727 [DEBUG]  OP: Operation.SPLIT_COLUMNS on slice (3654, 2) (remaining tasks 1)
2025-04-24 21:40:05,832 [DEBUG]  		found 2 col clusters (in 0.10515 secs)
2025-04-24 21:40:05,832 [DEBUG]  OP: Operation.SPLIT_COLUMNS on slice (1577, 2) (remaining tasks 2)
2025-04-24 21:40:05,938 [DEBUG]  		found 2 col clusters (in 0.10600 secs)
2025-04-24 21:40:05,938 [DEBUG]  OP: Operation.CREATE_LEAF on slice (3654, 1) (remaining tasks 3)
2025-04-24 21:40:05,942 [DEBUG]  		 created leaf IdentityNumericLeaf for scope=[0] (in 0.00291 secs)
2025-04-24 21:40:05,942 [DEBUG]  OP: Operation.CREATE_LEAF on slice (3654, 1) (remaining tasks 2)
2025-04-24 21:40:05,946 [DEBUG]  		 created leaf IdentityNumericLeaf for scope=[1] (in 0.00372 secs)
2025-04-24 21:40:05,946 [DEBUG]  OP: Operation.CREATE_LEAF on slice (1577, 1) (remaining tasks 1)
2025-04-24 21:40:05,948 [DEBUG]  		 created leaf IdentityNumericLeaf for scope=[0] (in 0.00170 secs)
2025-04-24 21:40:05,948 [DEBUG]  OP: Operation.CREATE_LEAF on slice (1577, 1) (remaining tasks 0)
2025-04-24 21:40:05,950 [DEBUG]  		 created leaf IdentityNumericLeaf for scope=[1] (in 0.00184 secs)
2025-04-24 21:40:19,186 [DEBUG]  Built SPN in 83.3739883560338 sec
2025-04-24 21:40:19,186 [INFO ]  Saving ensemble to /home/dafn/card/deepcard/collected_temp_benchmarks/spn_ensembles/Lattice-physics/ensemble_single_raw1_10000000.pkl
