2025-04-24 20:46:54,876 [INFO ]  Creating naive ensemble.
2025-04-24 20:46:54,876 [INFO ]  Learning SPN for raw1.
2025-04-24 20:46:54,876 [DEBUG]  generate_join_sample(single_table=raw1, relationship_list=None, split_condition=None)
2025-04-24 20:46:54,914 [DEBUG]  Using min_instance_slice parameter 240.0.
2025-04-24 20:46:54,914 [INFO ]  SPN training phase with 24000 samples
2025-04-24 20:46:54,981 [DEBUG]  Built domains in 0.06657396495575085 sec
2025-04-24 20:46:55,341 [DEBUG]  CACHEDIR=/home/dafn/.cache/matplotlib
2025-04-24 20:46:55,343 [DEBUG]  Using fontManager instance from /home/dafn/.cache/matplotlib/fontlist-v300.json
2025-04-24 20:46:55,437 [DEBUG]  Loaded backend qt5agg version unknown.
2025-04-24 20:46:55,467 [DEBUG]  Loaded backend qt5agg version unknown.
2025-04-24 20:46:55,468 [DEBUG]  Loaded backend qt4agg version unknown.
2025-04-24 20:46:55,475 [DEBUG]  Loaded backend tkagg version unknown.
2025-04-24 20:46:55,475 [DEBUG]  Loaded backend agg version unknown.
2025-04-24 20:46:55,475 [DEBUG]  Loaded backend agg version unknown.
2025-04-24 20:46:55,482 [DEBUG]  OP: Operation.SPLIT_ROWS on slice (24000, 41) (remaining tasks 0)
2025-04-24 20:46:57,350 [DEBUG]  		found 2 row clusters (in 1.86771 secs)
2025-04-24 20:46:57,353 [DEBUG]  OP: Operation.SPLIT_COLUMNS on slice (12002, 41) (remaining tasks 1)
2025-04-24 20:47:29,878 [DEBUG]  		found 13 col clusters (in 32.52489 secs)
2025-04-24 20:47:29,913 [DEBUG]  OP: Operation.SPLIT_COLUMNS on slice (11998, 41) (remaining tasks 13)
2025-04-24 20:48:01,822 [DEBUG]  		found 13 col clusters (in 31.90859 secs)
2025-04-24 20:48:01,837 [DEBUG]  OP: Operation.SPLIT_COLUMNS on slice (12002, 29) (remaining tasks 25)
2025-04-24 20:48:20,181 [DEBUG]  		found 1 col clusters (in 18.33281 secs)
2025-04-24 20:48:20,182 [DEBUG]  OP: Operation.CREATE_LEAF on slice (12002, 1) (remaining tasks 25)
2025-04-24 20:48:20,217 [DEBUG]  		 created leaf IdentityNumericLeaf for scope=[2] (in 0.03518 secs)
2025-04-24 20:48:20,219 [DEBUG]  OP: Operation.CREATE_LEAF on slice (12002, 1) (remaining tasks 24)
2025-04-24 20:48:20,251 [DEBUG]  		 created leaf IdentityNumericLeaf for scope=[3] (in 0.03138 secs)
2025-04-24 20:48:20,252 [DEBUG]  OP: Operation.CREATE_LEAF on slice (12002, 1) (remaining tasks 23)
2025-04-24 20:48:20,288 [DEBUG]  		 created leaf IdentityNumericLeaf for scope=[4] (in 0.03551 secs)
2025-04-24 20:48:20,288 [DEBUG]  OP: Operation.CREATE_LEAF on slice (12002, 1) (remaining tasks 22)
2025-04-24 20:48:20,319 [DEBUG]  		 created leaf IdentityNumericLeaf for scope=[5] (in 0.03010 secs)
2025-04-24 20:48:20,319 [DEBUG]  OP: Operation.CREATE_LEAF on slice (12002, 1) (remaining tasks 21)
2025-04-24 20:48:20,327 [DEBUG]  		 created leaf IdentityNumericLeaf for scope=[6] (in 0.00704 secs)
2025-04-24 20:48:20,327 [DEBUG]  OP: Operation.CREATE_LEAF on slice (12002, 1) (remaining tasks 20)
2025-04-24 20:48:20,334 [DEBUG]  		 created leaf IdentityNumericLeaf for scope=[7] (in 0.00726 secs)
2025-04-24 20:48:20,335 [DEBUG]  OP: Operation.CREATE_LEAF on slice (12002, 1) (remaining tasks 19)
2025-04-24 20:48:20,342 [DEBUG]  		 created leaf IdentityNumericLeaf for scope=[8] (in 0.00714 secs)
2025-04-24 20:48:20,342 [DEBUG]  OP: Operation.CREATE_LEAF on slice (12002, 1) (remaining tasks 18)
2025-04-24 20:48:20,349 [DEBUG]  		 created leaf IdentityNumericLeaf for scope=[16] (in 0.00697 secs)
2025-04-24 20:48:20,349 [DEBUG]  OP: Operation.CREATE_LEAF on slice (12002, 1) (remaining tasks 17)
2025-04-24 20:48:20,356 [DEBUG]  		 created leaf IdentityNumericLeaf for scope=[27] (in 0.00644 secs)
2025-04-24 20:48:20,356 [DEBUG]  OP: Operation.CREATE_LEAF on slice (12002, 1) (remaining tasks 16)
2025-04-24 20:48:20,362 [DEBUG]  		 created leaf IdentityNumericLeaf for scope=[35] (in 0.00594 secs)
2025-04-24 20:48:20,362 [DEBUG]  OP: Operation.CREATE_LEAF on slice (12002, 1) (remaining tasks 15)
2025-04-24 20:48:20,369 [DEBUG]  		 created leaf IdentityNumericLeaf for scope=[38] (in 0.00612 secs)
2025-04-24 20:48:20,369 [DEBUG]  OP: Operation.CREATE_LEAF on slice (12002, 1) (remaining tasks 14)
2025-04-24 20:48:20,375 [DEBUG]  		 created leaf IdentityNumericLeaf for scope=[40] (in 0.00605 secs)
2025-04-24 20:48:20,377 [DEBUG]  OP: Operation.SPLIT_COLUMNS on slice (11998, 29) (remaining tasks 13)
2025-04-24 20:48:38,222 [DEBUG]  		found 1 col clusters (in 17.84427 secs)
2025-04-24 20:48:38,222 [DEBUG]  OP: Operation.CREATE_LEAF on slice (11998, 1) (remaining tasks 13)
2025-04-24 20:48:38,239 [DEBUG]  		 created leaf IdentityNumericLeaf for scope=[2] (in 0.01714 secs)
2025-04-24 20:48:38,239 [DEBUG]  OP: Operation.CREATE_LEAF on slice (11998, 1) (remaining tasks 12)
2025-04-24 20:48:38,269 [DEBUG]  		 created leaf IdentityNumericLeaf for scope=[3] (in 0.02974 secs)
2025-04-24 20:48:38,269 [DEBUG]  OP: Operation.CREATE_LEAF on slice (11998, 1) (remaining tasks 11)
2025-04-24 20:48:38,278 [DEBUG]  		 created leaf IdentityNumericLeaf for scope=[4] (in 0.00827 secs)
2025-04-24 20:48:38,278 [DEBUG]  OP: Operation.CREATE_LEAF on slice (11998, 1) (remaining tasks 10)
2025-04-24 20:48:38,285 [DEBUG]  		 created leaf IdentityNumericLeaf for scope=[5] (in 0.00699 secs)
2025-04-24 20:48:38,285 [DEBUG]  OP: Operation.CREATE_LEAF on slice (11998, 1) (remaining tasks 9)
2025-04-24 20:48:38,292 [DEBUG]  		 created leaf IdentityNumericLeaf for scope=[6] (in 0.00696 secs)
2025-04-24 20:48:38,292 [DEBUG]  OP: Operation.CREATE_LEAF on slice (11998, 1) (remaining tasks 8)
2025-04-24 20:48:38,299 [DEBUG]  		 created leaf IdentityNumericLeaf for scope=[7] (in 0.00702 secs)
2025-04-24 20:48:38,300 [DEBUG]  OP: Operation.CREATE_LEAF on slice (11998, 1) (remaining tasks 7)
2025-04-24 20:48:38,307 [DEBUG]  		 created leaf IdentityNumericLeaf for scope=[8] (in 0.00689 secs)
2025-04-24 20:48:38,307 [DEBUG]  OP: Operation.CREATE_LEAF on slice (11998, 1) (remaining tasks 6)
2025-04-24 20:48:38,314 [DEBUG]  		 created leaf IdentityNumericLeaf for scope=[16] (in 0.00722 secs)
2025-04-24 20:48:38,314 [DEBUG]  OP: Operation.CREATE_LEAF on slice (11998, 1) (remaining tasks 5)
2025-04-24 20:48:38,321 [DEBUG]  		 created leaf IdentityNumericLeaf for scope=[27] (in 0.00662 secs)
2025-04-24 20:48:38,321 [DEBUG]  OP: Operation.CREATE_LEAF on slice (11998, 1) (remaining tasks 4)
2025-04-24 20:48:38,328 [DEBUG]  		 created leaf IdentityNumericLeaf for scope=[35] (in 0.00671 secs)
2025-04-24 20:48:38,328 [DEBUG]  OP: Operation.CREATE_LEAF on slice (11998, 1) (remaining tasks 3)
2025-04-24 20:48:38,334 [DEBUG]  		 created leaf IdentityNumericLeaf for scope=[38] (in 0.00599 secs)
2025-04-24 20:48:38,334 [DEBUG]  OP: Operation.CREATE_LEAF on slice (11998, 1) (remaining tasks 2)
2025-04-24 20:48:38,340 [DEBUG]  		 created leaf IdentityNumericLeaf for scope=[40] (in 0.00600 secs)
2025-04-24 20:48:38,343 [DEBUG]  OP: Operation.SPLIT_ROWS on slice (12002, 29) (remaining tasks 1)
2025-04-24 20:48:39,161 [DEBUG]  		found 2 row clusters (in 0.81831 secs)
2025-04-24 20:48:39,162 [DEBUG]  OP: Operation.SPLIT_ROWS on slice (11998, 29) (remaining tasks 2)
2025-04-24 20:48:39,931 [DEBUG]  		found 2 row clusters (in 0.76825 secs)
2025-04-24 20:48:39,932 [DEBUG]  OP: Operation.SPLIT_COLUMNS on slice (6021, 29) (remaining tasks 3)
2025-04-24 20:48:50,142 [DEBUG]  		found 2 col clusters (in 10.21021 secs)
2025-04-24 20:48:50,143 [DEBUG]  OP: Operation.SPLIT_COLUMNS on slice (5981, 29) (remaining tasks 4)
2025-04-24 20:49:00,240 [DEBUG]  		found 2 col clusters (in 10.09577 secs)
2025-04-24 20:49:00,241 [DEBUG]  OP: Operation.SPLIT_COLUMNS on slice (5976, 29) (remaining tasks 5)
2025-04-24 20:49:10,491 [DEBUG]  		found 2 col clusters (in 10.24962 secs)
2025-04-24 20:49:10,493 [DEBUG]  OP: Operation.SPLIT_COLUMNS on slice (6022, 29) (remaining tasks 6)
2025-04-24 20:49:21,856 [DEBUG]  		found 1 col clusters (in 11.36322 secs)
2025-04-24 20:49:21,858 [DEBUG]  OP: Operation.SPLIT_COLUMNS on slice (6021, 28) (remaining tasks 6)
2025-04-24 20:49:31,678 [DEBUG]  		found 1 col clusters (in 9.82018 secs)
2025-04-24 20:49:31,678 [DEBUG]  OP: Operation.CREATE_LEAF on slice (6021, 1) (remaining tasks 6)
2025-04-24 20:49:31,700 [DEBUG]  		 created leaf IdentityNumericLeaf for scope=[18] (in 0.01991 secs)
2025-04-24 20:49:31,702 [DEBUG]  OP: Operation.SPLIT_COLUMNS on slice (5981, 28) (remaining tasks 5)
2025-04-24 20:49:42,202 [DEBUG]  		found 1 col clusters (in 10.49756 secs)
2025-04-24 20:49:42,202 [DEBUG]  OP: Operation.CREATE_LEAF on slice (5981, 1) (remaining tasks 5)
2025-04-24 20:49:42,221 [DEBUG]  		 created leaf IdentityNumericLeaf for scope=[18] (in 0.01868 secs)
2025-04-24 20:49:42,224 [DEBUG]  OP: Operation.SPLIT_COLUMNS on slice (5976, 28) (remaining tasks 4)
2025-04-24 20:49:52,403 [DEBUG]  		found 1 col clusters (in 10.17827 secs)
2025-04-24 20:49:52,403 [DEBUG]  OP: Operation.CREATE_LEAF on slice (5976, 1) (remaining tasks 4)
2025-04-24 20:49:52,422 [DEBUG]  		 created leaf IdentityNumericLeaf for scope=[23] (in 0.01863 secs)
2025-04-24 20:49:52,425 [DEBUG]  OP: Operation.SPLIT_ROWS on slice (6022, 29) (remaining tasks 3)
2025-04-24 20:49:52,957 [DEBUG]  		found 2 row clusters (in 0.52813 secs)
2025-04-24 20:49:52,958 [DEBUG]  OP: Operation.SPLIT_ROWS on slice (6021, 28) (remaining tasks 4)
2025-04-24 20:49:53,470 [DEBUG]  		found 2 row clusters (in 0.51261 secs)
2025-04-24 20:49:53,471 [DEBUG]  OP: Operation.SPLIT_ROWS on slice (5981, 28) (remaining tasks 5)
2025-04-24 20:49:53,970 [DEBUG]  		found 2 row clusters (in 0.49899 secs)
2025-04-24 20:49:53,971 [DEBUG]  OP: Operation.SPLIT_ROWS on slice (5976, 28) (remaining tasks 6)
2025-04-24 20:49:54,459 [DEBUG]  		found 2 row clusters (in 0.48806 secs)
2025-04-24 20:49:54,460 [DEBUG]  OP: Operation.SPLIT_COLUMNS on slice (3083, 29) (remaining tasks 7)
2025-04-24 20:50:03,942 [DEBUG]  		found 1 col clusters (in 9.48181 secs)
2025-04-24 20:50:03,943 [DEBUG]  OP: Operation.SPLIT_COLUMNS on slice (2939, 29) (remaining tasks 7)
2025-04-24 20:50:54,837 [DEBUG]  		found 2 col clusters (in 50.89375 secs)
2025-04-24 20:50:54,838 [DEBUG]  OP: Operation.SPLIT_COLUMNS on slice (2958, 28) (remaining tasks 8)
2025-04-24 20:51:41,842 [DEBUG]  		found 1 col clusters (in 47.00393 secs)
2025-04-24 20:51:41,843 [DEBUG]  OP: Operation.SPLIT_COLUMNS on slice (3063, 28) (remaining tasks 8)
2025-04-24 20:51:50,520 [DEBUG]  		found 2 col clusters (in 8.67651 secs)
2025-04-24 20:51:50,521 [DEBUG]  OP: Operation.SPLIT_COLUMNS on slice (3039, 28) (remaining tasks 9)
2025-04-24 20:51:59,825 [DEBUG]  		found 1 col clusters (in 9.30361 secs)
2025-04-24 20:51:59,826 [DEBUG]  OP: Operation.SPLIT_COLUMNS on slice (2942, 28) (remaining tasks 9)
2025-04-24 20:52:46,912 [DEBUG]  		found 2 col clusters (in 47.08554 secs)
2025-04-24 20:52:46,913 [DEBUG]  OP: Operation.SPLIT_COLUMNS on slice (3001, 28) (remaining tasks 10)
2025-04-24 20:52:55,425 [DEBUG]  		found 1 col clusters (in 8.51173 secs)
2025-04-24 20:52:55,426 [DEBUG]  OP: Operation.SPLIT_COLUMNS on slice (2975, 28) (remaining tasks 10)
2025-04-24 20:53:41,142 [DEBUG]  		found 2 col clusters (in 45.71587 secs)
2025-04-24 20:53:41,143 [DEBUG]  OP: Operation.SPLIT_ROWS on slice (3083, 29) (remaining tasks 11)
2025-04-24 20:53:41,545 [DEBUG]  		found 2 row clusters (in 0.40153 secs)
2025-04-24 20:53:41,546 [DEBUG]  OP: Operation.SPLIT_COLUMNS on slice (2939, 28) (remaining tasks 12)
2025-04-24 20:54:28,882 [DEBUG]  		found 1 col clusters (in 47.33627 secs)
2025-04-24 20:54:28,882 [DEBUG]  OP: Operation.CREATE_LEAF on slice (2939, 1) (remaining tasks 12)
2025-04-24 20:54:28,884 [DEBUG]  		 created leaf IdentityNumericLeaf for scope=[29] (in 0.00194 secs)
2025-04-24 20:54:28,885 [DEBUG]  OP: Operation.SPLIT_ROWS on slice (2958, 28) (remaining tasks 11)
2025-04-24 20:54:29,204 [DEBUG]  		found 2 row clusters (in 0.31851 secs)
2025-04-24 20:54:29,204 [DEBUG]  OP: Operation.SPLIT_COLUMNS on slice (3063, 27) (remaining tasks 12)
2025-04-24 20:54:37,901 [DEBUG]  		found 1 col clusters (in 8.69651 secs)
2025-04-24 20:54:37,902 [DEBUG]  OP: Operation.CREATE_LEAF on slice (3063, 1) (remaining tasks 12)
2025-04-24 20:54:37,904 [DEBUG]  		 created leaf IdentityNumericLeaf for scope=[33] (in 0.00199 secs)
2025-04-24 20:54:37,905 [DEBUG]  OP: Operation.SPLIT_ROWS on slice (3039, 28) (remaining tasks 11)
2025-04-24 20:54:38,312 [DEBUG]  		found 2 row clusters (in 0.40681 secs)
2025-04-24 20:54:38,312 [DEBUG]  OP: Operation.SPLIT_COLUMNS on slice (2942, 27) (remaining tasks 12)
2025-04-24 20:55:21,996 [DEBUG]  		found 1 col clusters (in 43.68334 secs)
2025-04-24 20:55:21,996 [DEBUG]  OP: Operation.CREATE_LEAF on slice (2942, 1) (remaining tasks 12)
2025-04-24 20:55:21,998 [DEBUG]  		 created leaf IdentityNumericLeaf for scope=[19] (in 0.00196 secs)
2025-04-24 20:55:21,999 [DEBUG]  OP: Operation.SPLIT_ROWS on slice (3001, 28) (remaining tasks 11)
2025-04-24 20:55:22,460 [DEBUG]  		found 2 row clusters (in 0.46065 secs)
2025-04-24 20:55:22,461 [DEBUG]  OP: Operation.SPLIT_COLUMNS on slice (2975, 27) (remaining tasks 12)
2025-04-24 20:56:06,715 [DEBUG]  		found 2 col clusters (in 44.25401 secs)
2025-04-24 20:56:06,715 [DEBUG]  OP: Operation.CREATE_LEAF on slice (2975, 1) (remaining tasks 13)
2025-04-24 20:56:06,717 [DEBUG]  		 created leaf IdentityNumericLeaf for scope=[33] (in 0.00194 secs)
2025-04-24 20:56:06,718 [DEBUG]  OP: Operation.SPLIT_COLUMNS on slice (1534, 29) (remaining tasks 12)
2025-04-24 20:56:51,266 [DEBUG]  		found 1 col clusters (in 44.54817 secs)
2025-04-24 20:56:51,267 [DEBUG]  OP: Operation.SPLIT_COLUMNS on slice (1549, 29) (remaining tasks 12)
2025-04-24 20:57:34,658 [DEBUG]  		found 1 col clusters (in 43.39091 secs)
2025-04-24 20:57:34,659 [DEBUG]  OP: Operation.SPLIT_ROWS on slice (2939, 28) (remaining tasks 12)
2025-04-24 20:57:35,044 [DEBUG]  		found 2 row clusters (in 0.38504 secs)
2025-04-24 20:57:35,045 [DEBUG]  OP: Operation.SPLIT_COLUMNS on slice (1359, 28) (remaining tasks 13)
2025-04-24 20:57:58,836 [DEBUG]  		found 1 col clusters (in 23.79154 secs)
2025-04-24 20:57:58,838 [DEBUG]  OP: Operation.SPLIT_COLUMNS on slice (1599, 28) (remaining tasks 13)
2025-04-24 20:58:38,560 [DEBUG]  		found 1 col clusters (in 39.72182 secs)
2025-04-24 20:58:38,560 [DEBUG]  OP: Operation.SPLIT_ROWS on slice (3063, 27) (remaining tasks 13)
2025-04-24 20:58:38,939 [DEBUG]  		found 2 row clusters (in 0.37815 secs)
2025-04-24 20:58:38,939 [DEBUG]  OP: Operation.SPLIT_COLUMNS on slice (1499, 28) (remaining tasks 14)
2025-04-24 20:58:59,417 [DEBUG]  		found 1 col clusters (in 20.47755 secs)
2025-04-24 20:58:59,418 [DEBUG]  OP: Operation.SPLIT_COLUMNS on slice (1540, 28) (remaining tasks 14)
2025-04-24 20:59:39,877 [DEBUG]  		found 2 col clusters (in 40.45836 secs)
2025-04-24 20:59:39,877 [DEBUG]  OP: Operation.SPLIT_ROWS on slice (2942, 27) (remaining tasks 15)
2025-04-24 20:59:40,281 [DEBUG]  		found 2 row clusters (in 0.40316 secs)
2025-04-24 20:59:40,282 [DEBUG]  OP: Operation.SPLIT_COLUMNS on slice (1461, 28) (remaining tasks 16)
2025-04-24 21:00:00,117 [DEBUG]  		found 1 col clusters (in 19.83509 secs)
2025-04-24 21:00:00,117 [DEBUG]  OP: Operation.SPLIT_COLUMNS on slice (1540, 28) (remaining tasks 16)
2025-04-24 21:00:41,610 [DEBUG]  		found 5 col clusters (in 41.49272 secs)
2025-04-24 21:00:41,611 [DEBUG]  OP: Operation.SPLIT_COLUMNS on slice (2975, 26) (remaining tasks 20)
2025-04-24 21:01:22,223 [DEBUG]  		found 1 col clusters (in 40.61103 secs)
2025-04-24 21:01:22,223 [DEBUG]  OP: Operation.CREATE_LEAF on slice (2975, 1) (remaining tasks 20)
2025-04-24 21:01:22,225 [DEBUG]  		 created leaf IdentityNumericLeaf for scope=[36] (in 0.00195 secs)
2025-04-24 21:01:22,225 [DEBUG]  OP: Operation.SPLIT_ROWS on slice (1534, 29) (remaining tasks 19)
2025-04-24 21:01:22,450 [DEBUG]  		found 2 row clusters (in 0.22407 secs)
2025-04-24 21:01:22,450 [DEBUG]  OP: Operation.SPLIT_ROWS on slice (1549, 29) (remaining tasks 20)
2025-04-24 21:01:22,640 [DEBUG]  		found 2 row clusters (in 0.18992 secs)
2025-04-24 21:01:22,641 [DEBUG]  OP: Operation.SPLIT_COLUMNS on slice (1508, 28) (remaining tasks 21)
2025-04-24 21:02:03,872 [DEBUG]  		found 2 col clusters (in 41.23104 secs)
2025-04-24 21:02:03,873 [DEBUG]  OP: Operation.SPLIT_COLUMNS on slice (1431, 28) (remaining tasks 22)
2025-04-24 21:02:26,013 [DEBUG]  		found 2 col clusters (in 22.14027 secs)
2025-04-24 21:02:26,014 [DEBUG]  OP: Operation.SPLIT_ROWS on slice (1359, 28) (remaining tasks 23)
2025-04-24 21:02:26,294 [DEBUG]  		found 2 row clusters (in 0.27949 secs)
2025-04-24 21:02:26,294 [DEBUG]  OP: Operation.SPLIT_ROWS on slice (1599, 28) (remaining tasks 24)
2025-04-24 21:02:26,450 [DEBUG]  		found 2 row clusters (in 0.15550 secs)
2025-04-24 21:02:26,450 [DEBUG]  OP: Operation.SPLIT_COLUMNS on slice (1547, 27) (remaining tasks 25)
2025-04-24 21:03:04,252 [DEBUG]  		found 2 col clusters (in 37.80136 secs)
2025-04-24 21:03:04,253 [DEBUG]  OP: Operation.SPLIT_COLUMNS on slice (1516, 27) (remaining tasks 26)
2025-04-24 21:03:43,336 [DEBUG]  		found 1 col clusters (in 39.08348 secs)
2025-04-24 21:03:43,337 [DEBUG]  OP: Operation.SPLIT_ROWS on slice (1499, 28) (remaining tasks 26)
2025-04-24 21:03:43,598 [DEBUG]  		found 2 row clusters (in 0.26055 secs)
2025-04-24 21:03:43,598 [DEBUG]  OP: Operation.SPLIT_COLUMNS on slice (1540, 27) (remaining tasks 27)
2025-04-24 21:04:21,377 [DEBUG]  		found 1 col clusters (in 37.77869 secs)
2025-04-24 21:04:21,378 [DEBUG]  OP: Operation.CREATE_LEAF on slice (1540, 1) (remaining tasks 27)
2025-04-24 21:04:21,379 [DEBUG]  		 created leaf IdentityNumericLeaf for scope=[15] (in 0.00124 secs)
2025-04-24 21:04:21,380 [DEBUG]  OP: Operation.SPLIT_COLUMNS on slice (1471, 27) (remaining tasks 26)
2025-04-24 21:04:35,883 [DEBUG]  		found 1 col clusters (in 14.50302 secs)
2025-04-24 21:04:35,884 [DEBUG]  OP: Operation.SPLIT_COLUMNS on slice (1471, 27) (remaining tasks 26)
2025-04-24 21:04:53,085 [DEBUG]  		found 1 col clusters (in 17.20117 secs)
2025-04-24 21:04:53,086 [DEBUG]  OP: Operation.SPLIT_ROWS on slice (1461, 28) (remaining tasks 26)
2025-04-24 21:04:53,344 [DEBUG]  		found 2 row clusters (in 0.25776 secs)
2025-04-24 21:04:53,344 [DEBUG]  OP: Operation.SPLIT_COLUMNS on slice (1540, 23) (remaining tasks 27)
2025-04-24 21:05:19,455 [DEBUG]  		found 1 col clusters (in 26.11069 secs)
2025-04-24 21:05:19,455 [DEBUG]  OP: Operation.CREATE_LEAF on slice (1540, 1) (remaining tasks 27)
2025-04-24 21:05:19,457 [DEBUG]  		 created leaf IdentityNumericLeaf for scope=[11] (in 0.00121 secs)
2025-04-24 21:05:19,457 [DEBUG]  OP: Operation.SPLIT_COLUMNS on slice (1540, 2) (remaining tasks 26)
2025-04-24 21:05:19,637 [DEBUG]  		found 1 col clusters (in 0.17946 secs)
2025-04-24 21:05:19,637 [DEBUG]  OP: Operation.CREATE_LEAF on slice (1540, 1) (remaining tasks 26)
2025-04-24 21:05:19,638 [DEBUG]  		 created leaf IdentityNumericLeaf for scope=[26] (in 0.00114 secs)
2025-04-24 21:05:19,639 [DEBUG]  OP: Operation.CREATE_LEAF on slice (1540, 1) (remaining tasks 25)
2025-04-24 21:05:19,640 [DEBUG]  		 created leaf IdentityNumericLeaf for scope=[30] (in 0.00120 secs)
2025-04-24 21:05:19,640 [DEBUG]  OP: Operation.SPLIT_ROWS on slice (2975, 26) (remaining tasks 24)
2025-04-24 21:05:19,918 [DEBUG]  		found 2 row clusters (in 0.27741 secs)
2025-04-24 21:05:19,918 [DEBUG]  OP: Operation.SPLIT_COLUMNS on slice (752, 29) (remaining tasks 25)
2025-04-24 21:05:32,610 [DEBUG]  		found 1 col clusters (in 12.69131 secs)
2025-04-24 21:05:32,610 [DEBUG]  OP: Operation.SPLIT_COLUMNS on slice (782, 29) (remaining tasks 25)
2025-04-24 21:05:46,105 [DEBUG]  		found 1 col clusters (in 13.49427 secs)
2025-04-24 21:05:46,106 [DEBUG]  OP: Operation.SPLIT_COLUMNS on slice (765, 29) (remaining tasks 25)
2025-04-24 21:05:58,250 [DEBUG]  		found 1 col clusters (in 12.14369 secs)
2025-04-24 21:05:58,250 [DEBUG]  OP: Operation.SPLIT_COLUMNS on slice (784, 29) (remaining tasks 25)
2025-04-24 21:06:09,214 [DEBUG]  		found 1 col clusters (in 10.96365 secs)
2025-04-24 21:06:09,215 [DEBUG]  OP: Operation.SPLIT_COLUMNS on slice (1508, 27) (remaining tasks 25)
2025-04-24 21:06:46,625 [DEBUG]  		found 1 col clusters (in 37.41041 secs)
2025-04-24 21:06:46,626 [DEBUG]  OP: Operation.CREATE_LEAF on slice (1508, 1) (remaining tasks 25)
2025-04-24 21:06:46,627 [DEBUG]  		 created leaf IdentityNumericLeaf for scope=[34] (in 0.00121 secs)
2025-04-24 21:06:46,627 [DEBUG]  OP: Operation.SPLIT_COLUMNS on slice (1431, 27) (remaining tasks 24)
2025-04-24 21:07:08,402 [DEBUG]  		found 1 col clusters (in 21.77480 secs)
2025-04-24 21:07:08,403 [DEBUG]  OP: Operation.CREATE_LEAF on slice (1431, 1) (remaining tasks 24)
2025-04-24 21:07:08,404 [DEBUG]  		 created leaf IdentityNumericLeaf for scope=[34] (in 0.00117 secs)
2025-04-24 21:07:08,405 [DEBUG]  OP: Operation.SPLIT_COLUMNS on slice (704, 28) (remaining tasks 23)
2025-04-24 21:07:12,125 [DEBUG]  		found 1 col clusters (in 3.71971 secs)
2025-04-24 21:07:12,125 [DEBUG]  OP: Operation.SPLIT_COLUMNS on slice (655, 28) (remaining tasks 23)
2025-04-24 21:07:16,592 [DEBUG]  		found 1 col clusters (in 4.46639 secs)
2025-04-24 21:07:16,593 [DEBUG]  OP: Operation.SPLIT_COLUMNS on slice (819, 28) (remaining tasks 23)
2025-04-24 21:07:26,991 [DEBUG]  		found 1 col clusters (in 10.39845 secs)
2025-04-24 21:07:26,992 [DEBUG]  OP: Operation.SPLIT_COLUMNS on slice (780, 28) (remaining tasks 23)
2025-04-24 21:07:38,987 [DEBUG]  		found 1 col clusters (in 11.99471 secs)
2025-04-24 21:07:38,988 [DEBUG]  OP: Operation.SPLIT_COLUMNS on slice (1547, 26) (remaining tasks 23)
2025-04-24 21:08:12,093 [DEBUG]  		found 1 col clusters (in 33.10472 secs)
2025-04-24 21:08:12,093 [DEBUG]  OP: Operation.CREATE_LEAF on slice (1547, 1) (remaining tasks 23)
2025-04-24 21:08:12,095 [DEBUG]  		 created leaf IdentityNumericLeaf for scope=[37] (in 0.00161 secs)
2025-04-24 21:08:12,096 [DEBUG]  OP: Operation.SPLIT_ROWS on slice (1516, 27) (remaining tasks 22)
2025-04-24 21:08:12,379 [DEBUG]  		found 2 row clusters (in 0.28286 secs)
2025-04-24 21:08:12,379 [DEBUG]  OP: Operation.SPLIT_COLUMNS on slice (710, 28) (remaining tasks 23)
2025-04-24 21:08:16,414 [DEBUG]  		found 1 col clusters (in 4.03494 secs)
2025-04-24 21:08:16,415 [DEBUG]  OP: Operation.SPLIT_COLUMNS on slice (789, 28) (remaining tasks 23)
2025-04-24 21:08:28,019 [DEBUG]  		found 1 col clusters (in 11.60371 secs)
2025-04-24 21:08:28,020 [DEBUG]  OP: Operation.SPLIT_ROWS on slice (1540, 27) (remaining tasks 23)
2025-04-24 21:08:28,329 [DEBUG]  		found 2 row clusters (in 0.30926 secs)
2025-04-24 21:08:28,330 [DEBUG]  OP: Operation.SPLIT_ROWS on slice (1471, 27) (remaining tasks 24)
2025-04-24 21:08:28,522 [DEBUG]  		found 2 row clusters (in 0.19171 secs)
2025-04-24 21:08:28,522 [DEBUG]  OP: Operation.SPLIT_ROWS on slice (1471, 27) (remaining tasks 25)
2025-04-24 21:08:28,669 [DEBUG]  		found 2 row clusters (in 0.14706 secs)
2025-04-24 21:08:28,670 [DEBUG]  OP: Operation.SPLIT_COLUMNS on slice (700, 28) (remaining tasks 26)
2025-04-24 21:08:32,967 [DEBUG]  		found 1 col clusters (in 4.29690 secs)
2025-04-24 21:08:32,967 [DEBUG]  OP: Operation.SPLIT_COLUMNS on slice (761, 28) (remaining tasks 26)
2025-04-24 21:08:44,804 [DEBUG]  		found 1 col clusters (in 11.83626 secs)
2025-04-24 21:08:44,805 [DEBUG]  OP: Operation.SPLIT_ROWS on slice (1540, 23) (remaining tasks 26)
2025-04-24 21:08:45,035 [DEBUG]  		found 2 row clusters (in 0.23061 secs)
2025-04-24 21:08:45,036 [DEBUG]  OP: Operation.SPLIT_ROWS on slice (1540, 2) (remaining tasks 27)
2025-04-24 21:08:45,066 [DEBUG]  		found 2 row clusters (in 0.03047 secs)
2025-04-24 21:08:45,067 [DEBUG]  OP: Operation.SPLIT_COLUMNS on slice (1443, 26) (remaining tasks 28)
2025-04-24 21:09:03,453 [DEBUG]  		found 1 col clusters (in 18.38577 secs)
2025-04-24 21:09:03,453 [DEBUG]  OP: Operation.SPLIT_COLUMNS on slice (1532, 26) (remaining tasks 28)
2025-04-24 21:09:36,993 [DEBUG]  		found 1 col clusters (in 33.53979 secs)
2025-04-24 21:09:36,994 [DEBUG]  OP: Operation.SPLIT_ROWS on slice (752, 29) (remaining tasks 28)
2025-04-24 21:09:37,169 [DEBUG]  		found 2 row clusters (in 0.17440 secs)
2025-04-24 21:09:37,169 [DEBUG]  OP: Operation.SPLIT_ROWS on slice (782, 29) (remaining tasks 29)
2025-04-24 21:09:37,243 [DEBUG]  		found 2 row clusters (in 0.07378 secs)
2025-04-24 21:09:37,243 [DEBUG]  OP: Operation.SPLIT_ROWS on slice (765, 29) (remaining tasks 30)
2025-04-24 21:09:37,304 [DEBUG]  		found 2 row clusters (in 0.06047 secs)
2025-04-24 21:09:37,304 [DEBUG]  OP: Operation.SPLIT_ROWS on slice (784, 29) (remaining tasks 31)
2025-04-24 21:09:37,389 [DEBUG]  		found 2 row clusters (in 0.08495 secs)
2025-04-24 21:09:37,390 [DEBUG]  OP: Operation.SPLIT_ROWS on slice (1508, 27) (remaining tasks 32)
2025-04-24 21:09:37,550 [DEBUG]  		found 2 row clusters (in 0.16051 secs)
2025-04-24 21:09:37,551 [DEBUG]  OP: Operation.SPLIT_ROWS on slice (1431, 27) (remaining tasks 33)
2025-04-24 21:09:37,701 [DEBUG]  		found 2 row clusters (in 0.15026 secs)
2025-04-24 21:09:37,701 [DEBUG]  OP: Operation.SPLIT_ROWS on slice (704, 28) (remaining tasks 34)
2025-04-24 21:09:37,773 [DEBUG]  		found 2 row clusters (in 0.07172 secs)
2025-04-24 21:09:37,773 [DEBUG]  OP: Operation.SPLIT_ROWS on slice (655, 28) (remaining tasks 35)
2025-04-24 21:09:37,853 [DEBUG]  		found 2 row clusters (in 0.07984 secs)
2025-04-24 21:09:37,854 [DEBUG]  OP: Operation.SPLIT_ROWS on slice (819, 28) (remaining tasks 36)
2025-04-24 21:09:37,931 [DEBUG]  		found 2 row clusters (in 0.07682 secs)
2025-04-24 21:09:37,931 [DEBUG]  OP: Operation.SPLIT_ROWS on slice (780, 28) (remaining tasks 37)
2025-04-24 21:09:38,014 [DEBUG]  		found 2 row clusters (in 0.08282 secs)
2025-04-24 21:09:38,014 [DEBUG]  OP: Operation.SPLIT_ROWS on slice (1547, 26) (remaining tasks 38)
2025-04-24 21:09:38,196 [DEBUG]  		found 2 row clusters (in 0.18201 secs)
2025-04-24 21:09:38,197 [DEBUG]  OP: Operation.SPLIT_COLUMNS on slice (783, 27) (remaining tasks 39)
2025-04-24 21:09:49,242 [DEBUG]  		found 1 col clusters (in 11.04491 secs)
2025-04-24 21:09:49,242 [DEBUG]  OP: Operation.SPLIT_COLUMNS on slice (733, 27) (remaining tasks 39)
2025-04-24 21:09:53,535 [DEBUG]  		found 1 col clusters (in 4.29199 secs)
2025-04-24 21:09:53,535 [DEBUG]  OP: Operation.SPLIT_ROWS on slice (710, 28) (remaining tasks 39)
2025-04-24 21:09:53,741 [DEBUG]  		found 2 row clusters (in 0.20519 secs)
2025-04-24 21:09:53,741 [DEBUG]  OP: Operation.SPLIT_ROWS on slice (789, 28) (remaining tasks 40)
2025-04-24 21:09:53,818 [DEBUG]  		found 2 row clusters (in 0.07693 secs)
2025-04-24 21:09:53,818 [DEBUG]  OP: Operation.SPLIT_COLUMNS on slice (773, 27) (remaining tasks 41)
2025-04-24 21:10:02,536 [DEBUG]  		found 1 col clusters (in 8.71712 secs)
2025-04-24 21:10:02,536 [DEBUG]  OP: Operation.SPLIT_COLUMNS on slice (767, 27) (remaining tasks 41)
2025-04-24 21:10:13,706 [DEBUG]  		found 1 col clusters (in 11.16968 secs)
2025-04-24 21:10:13,707 [DEBUG]  OP: Operation.SPLIT_COLUMNS on slice (729, 27) (remaining tasks 41)
2025-04-24 21:10:17,606 [DEBUG]  		found 1 col clusters (in 3.89913 secs)
2025-04-24 21:10:17,607 [DEBUG]  OP: Operation.SPLIT_COLUMNS on slice (742, 27) (remaining tasks 41)
2025-04-24 21:10:21,556 [DEBUG]  		found 1 col clusters (in 3.94834 secs)
2025-04-24 21:10:21,556 [DEBUG]  OP: Operation.SPLIT_COLUMNS on slice (695, 27) (remaining tasks 41)
2025-04-24 21:10:25,716 [DEBUG]  		found 1 col clusters (in 4.15991 secs)
2025-04-24 21:10:25,717 [DEBUG]  OP: Operation.SPLIT_COLUMNS on slice (776, 27) (remaining tasks 41)
2025-04-24 21:10:35,694 [DEBUG]  		found 1 col clusters (in 9.97718 secs)
2025-04-24 21:10:35,695 [DEBUG]  OP: Operation.SPLIT_ROWS on slice (700, 28) (remaining tasks 41)
2025-04-24 21:10:35,889 [DEBUG]  		found 2 row clusters (in 0.19359 secs)
2025-04-24 21:10:35,889 [DEBUG]  OP: Operation.SPLIT_ROWS on slice (761, 28) (remaining tasks 42)
2025-04-24 21:10:35,957 [DEBUG]  		found 2 row clusters (in 0.06739 secs)
2025-04-24 21:10:35,957 [DEBUG]  OP: Operation.SPLIT_COLUMNS on slice (727, 23) (remaining tasks 43)
2025-04-24 21:10:39,223 [DEBUG]  		found 1 col clusters (in 3.26626 secs)
2025-04-24 21:10:39,224 [DEBUG]  OP: Operation.SPLIT_COLUMNS on slice (813, 23) (remaining tasks 43)
2025-04-24 21:10:48,532 [DEBUG]  		found 1 col clusters (in 9.30744 secs)
2025-04-24 21:10:48,532 [DEBUG]  OP: Operation.SPLIT_COLUMNS on slice (784, 2) (remaining tasks 43)
2025-04-24 21:10:48,637 [DEBUG]  		found 2 col clusters (in 0.10469 secs)
2025-04-24 21:10:48,638 [DEBUG]  OP: Operation.SPLIT_COLUMNS on slice (756, 2) (remaining tasks 44)
2025-04-24 21:10:48,749 [DEBUG]  		found 2 col clusters (in 0.11135 secs)
2025-04-24 21:10:48,750 [DEBUG]  OP: Operation.SPLIT_ROWS on slice (1443, 26) (remaining tasks 45)
2025-04-24 21:10:48,923 [DEBUG]  		found 2 row clusters (in 0.17318 secs)
2025-04-24 21:10:48,924 [DEBUG]  OP: Operation.SPLIT_ROWS on slice (1532, 26) (remaining tasks 46)
2025-04-24 21:10:49,070 [DEBUG]  		found 2 row clusters (in 0.14568 secs)
2025-04-24 21:10:49,070 [DEBUG]  OP: Operation.SPLIT_COLUMNS on slice (344, 29) (remaining tasks 47)
2025-04-24 21:11:02,265 [DEBUG]  		found 1 col clusters (in 13.19454 secs)
2025-04-24 21:11:02,265 [DEBUG]  OP: Operation.SPLIT_COLUMNS on slice (408, 29) (remaining tasks 47)
2025-04-24 21:11:14,471 [DEBUG]  		found 1 col clusters (in 12.20510 secs)
2025-04-24 21:11:14,471 [DEBUG]  OP: Operation.SPLIT_COLUMNS on slice (390, 29) (remaining tasks 47)
2025-04-24 21:11:27,239 [DEBUG]  		found 1 col clusters (in 12.76771 secs)
2025-04-24 21:11:27,240 [DEBUG]  OP: Operation.SPLIT_COLUMNS on slice (392, 29) (remaining tasks 47)
2025-04-24 21:11:41,530 [DEBUG]  		found 1 col clusters (in 14.29034 secs)
2025-04-24 21:11:41,531 [DEBUG]  OP: Operation.SPLIT_COLUMNS on slice (422, 29) (remaining tasks 47)
2025-04-24 21:11:54,501 [DEBUG]  		found 1 col clusters (in 12.97005 secs)
2025-04-24 21:11:54,502 [DEBUG]  OP: Operation.SPLIT_COLUMNS on slice (343, 29) (remaining tasks 47)
2025-04-24 21:12:07,138 [DEBUG]  		found 1 col clusters (in 12.63609 secs)
2025-04-24 21:12:07,139 [DEBUG]  OP: Operation.SPLIT_COLUMNS on slice (392, 29) (remaining tasks 47)
2025-04-24 21:12:21,196 [DEBUG]  		found 1 col clusters (in 14.05725 secs)
2025-04-24 21:12:21,197 [DEBUG]  OP: Operation.SPLIT_COLUMNS on slice (392, 29) (remaining tasks 47)
2025-04-24 21:12:31,729 [DEBUG]  		found 1 col clusters (in 10.53207 secs)
2025-04-24 21:12:31,729 [DEBUG]  OP: Operation.SPLIT_COLUMNS on slice (771, 27) (remaining tasks 47)
2025-04-24 21:12:41,659 [DEBUG]  		found 1 col clusters (in 9.92931 secs)
2025-04-24 21:12:41,660 [DEBUG]  OP: Operation.SPLIT_COLUMNS on slice (737, 27) (remaining tasks 47)
2025-04-24 21:12:45,620 [DEBUG]  		found 1 col clusters (in 3.96030 secs)
2025-04-24 21:12:45,621 [DEBUG]  OP: Operation.SPLIT_COLUMNS on slice (760, 27) (remaining tasks 47)
2025-04-24 21:12:56,759 [DEBUG]  		found 1 col clusters (in 11.13746 secs)
2025-04-24 21:12:56,759 [DEBUG]  OP: Operation.SPLIT_COLUMNS on slice (671, 27) (remaining tasks 47)
2025-04-24 21:13:00,443 [DEBUG]  		found 1 col clusters (in 3.68365 secs)
2025-04-24 21:13:00,444 [DEBUG]  OP: Operation.SPLIT_COLUMNS on slice (305, 28) (remaining tasks 47)
2025-04-24 21:13:11,833 [DEBUG]  		found 1 col clusters (in 11.38894 secs)
2025-04-24 21:13:11,834 [DEBUG]  OP: Operation.SPLIT_COLUMNS on slice (399, 28) (remaining tasks 47)
2025-04-24 21:13:26,406 [DEBUG]  		found 1 col clusters (in 14.57181 secs)
2025-04-24 21:13:26,407 [DEBUG]  OP: Operation.SPLIT_COLUMNS on slice (331, 28) (remaining tasks 47)
2025-04-24 21:13:39,130 [DEBUG]  		found 1 col clusters (in 12.72313 secs)
2025-04-24 21:13:39,130 [DEBUG]  OP: Operation.SPLIT_COLUMNS on slice (324, 28) (remaining tasks 47)
2025-04-24 21:13:51,324 [DEBUG]  		found 1 col clusters (in 12.19371 secs)
2025-04-24 21:13:51,325 [DEBUG]  OP: Operation.SPLIT_COLUMNS on slice (404, 28) (remaining tasks 47)
2025-04-24 21:14:04,809 [DEBUG]  		found 1 col clusters (in 13.48425 secs)
2025-04-24 21:14:04,810 [DEBUG]  OP: Operation.SPLIT_COLUMNS on slice (415, 28) (remaining tasks 47)
2025-04-24 21:14:17,445 [DEBUG]  		found 1 col clusters (in 12.63540 secs)
2025-04-24 21:14:17,446 [DEBUG]  OP: Operation.SPLIT_COLUMNS on slice (424, 28) (remaining tasks 47)
2025-04-24 21:14:30,142 [DEBUG]  		found 1 col clusters (in 12.69618 secs)
2025-04-24 21:14:30,142 [DEBUG]  OP: Operation.SPLIT_COLUMNS on slice (356, 28) (remaining tasks 47)
2025-04-24 21:14:42,530 [DEBUG]  		found 1 col clusters (in 12.38770 secs)
2025-04-24 21:14:42,531 [DEBUG]  OP: Operation.SPLIT_COLUMNS on slice (774, 26) (remaining tasks 47)
2025-04-24 21:14:50,746 [DEBUG]  		found 1 col clusters (in 8.21436 secs)
2025-04-24 21:14:50,746 [DEBUG]  OP: Operation.SPLIT_COLUMNS on slice (773, 26) (remaining tasks 47)
2025-04-24 21:15:02,101 [DEBUG]  		found 1 col clusters (in 11.35416 secs)
2025-04-24 21:15:02,101 [DEBUG]  OP: Operation.SPLIT_ROWS on slice (783, 27) (remaining tasks 47)
2025-04-24 21:15:02,319 [DEBUG]  		found 2 row clusters (in 0.21688 secs)
2025-04-24 21:15:02,319 [DEBUG]  OP: Operation.SPLIT_ROWS on slice (733, 27) (remaining tasks 48)
2025-04-24 21:15:02,396 [DEBUG]  		found 2 row clusters (in 0.07725 secs)
2025-04-24 21:15:02,397 [DEBUG]  OP: Operation.SPLIT_COLUMNS on slice (361, 28) (remaining tasks 49)
2025-04-24 21:15:14,773 [DEBUG]  		found 1 col clusters (in 12.37666 secs)
2025-04-24 21:15:14,774 [DEBUG]  OP: Operation.SPLIT_COLUMNS on slice (349, 28) (remaining tasks 49)
2025-04-24 21:15:27,466 [DEBUG]  		found 1 col clusters (in 12.69125 secs)
2025-04-24 21:15:27,466 [DEBUG]  OP: Operation.SPLIT_COLUMNS on slice (405, 28) (remaining tasks 49)
2025-04-24 21:15:40,278 [DEBUG]  		found 1 col clusters (in 12.81145 secs)
2025-04-24 21:15:40,279 [DEBUG]  OP: Operation.SPLIT_COLUMNS on slice (384, 28) (remaining tasks 49)
2025-04-24 21:15:53,526 [DEBUG]  		found 1 col clusters (in 13.24711 secs)
2025-04-24 21:15:53,527 [DEBUG]  OP: Operation.SPLIT_ROWS on slice (773, 27) (remaining tasks 49)
2025-04-24 21:15:53,715 [DEBUG]  		found 2 row clusters (in 0.18868 secs)
2025-04-24 21:15:53,716 [DEBUG]  OP: Operation.SPLIT_ROWS on slice (767, 27) (remaining tasks 50)
2025-04-24 21:15:53,788 [DEBUG]  		found 2 row clusters (in 0.07246 secs)
2025-04-24 21:15:53,789 [DEBUG]  OP: Operation.SPLIT_ROWS on slice (729, 27) (remaining tasks 51)
2025-04-24 21:15:53,866 [DEBUG]  		found 2 row clusters (in 0.07777 secs)
2025-04-24 21:15:53,867 [DEBUG]  OP: Operation.SPLIT_ROWS on slice (742, 27) (remaining tasks 52)
2025-04-24 21:15:53,957 [DEBUG]  		found 2 row clusters (in 0.08971 secs)
2025-04-24 21:15:53,957 [DEBUG]  OP: Operation.SPLIT_ROWS on slice (695, 27) (remaining tasks 53)
2025-04-24 21:15:54,036 [DEBUG]  		found 2 row clusters (in 0.07934 secs)
2025-04-24 21:15:54,037 [DEBUG]  OP: Operation.SPLIT_ROWS on slice (776, 27) (remaining tasks 54)
2025-04-24 21:15:54,127 [DEBUG]  		found 2 row clusters (in 0.09066 secs)
2025-04-24 21:15:54,128 [DEBUG]  OP: Operation.SPLIT_COLUMNS on slice (356, 28) (remaining tasks 55)
2025-04-24 21:16:04,091 [DEBUG]  		found 1 col clusters (in 9.96301 secs)
2025-04-24 21:16:04,091 [DEBUG]  OP: Operation.SPLIT_COLUMNS on slice (344, 28) (remaining tasks 55)
2025-04-24 21:16:16,967 [DEBUG]  		found 1 col clusters (in 12.87537 secs)
2025-04-24 21:16:16,967 [DEBUG]  OP: Operation.SPLIT_COLUMNS on slice (352, 28) (remaining tasks 55)
2025-04-24 21:16:30,432 [DEBUG]  		found 1 col clusters (in 13.46459 secs)
2025-04-24 21:16:30,433 [DEBUG]  OP: Operation.SPLIT_COLUMNS on slice (409, 28) (remaining tasks 55)
2025-04-24 21:16:43,295 [DEBUG]  		found 1 col clusters (in 12.86232 secs)
2025-04-24 21:16:43,296 [DEBUG]  OP: Operation.SPLIT_ROWS on slice (727, 23) (remaining tasks 55)
2025-04-24 21:16:43,515 [DEBUG]  		found 2 row clusters (in 0.21898 secs)
2025-04-24 21:16:43,516 [DEBUG]  OP: Operation.SPLIT_ROWS on slice (813, 23) (remaining tasks 56)
2025-04-24 21:16:43,597 [DEBUG]  		found 2 row clusters (in 0.08093 secs)
2025-04-24 21:16:43,597 [DEBUG]  OP: Operation.CREATE_LEAF on slice (784, 1) (remaining tasks 57)
2025-04-24 21:16:43,597 [DEBUG]  		 created leaf IdentityNumericLeaf for scope=[14] (in 0.00050 secs)
2025-04-24 21:16:43,597 [DEBUG]  OP: Operation.CREATE_LEAF on slice (784, 1) (remaining tasks 56)
2025-04-24 21:16:43,598 [DEBUG]  		 created leaf IdentityNumericLeaf for scope=[37] (in 0.00045 secs)
2025-04-24 21:16:43,598 [DEBUG]  OP: Operation.CREATE_LEAF on slice (756, 1) (remaining tasks 55)
2025-04-24 21:16:43,598 [DEBUG]  		 created leaf IdentityNumericLeaf for scope=[14] (in 0.00045 secs)
2025-04-24 21:16:43,599 [DEBUG]  OP: Operation.CREATE_LEAF on slice (756, 1) (remaining tasks 54)
2025-04-24 21:16:43,599 [DEBUG]  		 created leaf IdentityNumericLeaf for scope=[37] (in 0.00044 secs)
2025-04-24 21:16:43,599 [DEBUG]  OP: Operation.SPLIT_COLUMNS on slice (707, 26) (remaining tasks 53)
2025-04-24 21:16:47,346 [DEBUG]  		found 1 col clusters (in 3.74643 secs)
2025-04-24 21:16:47,347 [DEBUG]  OP: Operation.SPLIT_COLUMNS on slice (736, 26) (remaining tasks 53)
2025-04-24 21:16:50,684 [DEBUG]  		found 1 col clusters (in 3.33735 secs)
2025-04-24 21:16:50,685 [DEBUG]  OP: Operation.SPLIT_COLUMNS on slice (771, 26) (remaining tasks 53)
2025-04-24 21:17:03,006 [DEBUG]  		found 1 col clusters (in 12.32093 secs)
2025-04-24 21:17:03,007 [DEBUG]  OP: Operation.SPLIT_COLUMNS on slice (761, 26) (remaining tasks 53)
2025-04-24 21:17:11,884 [DEBUG]  		found 1 col clusters (in 8.87703 secs)
2025-04-24 21:17:11,885 [DEBUG]  OP: Operation.SPLIT_ROWS on slice (344, 29) (remaining tasks 53)
2025-04-24 21:17:12,040 [DEBUG]  		found 2 row clusters (in 0.15504 secs)
2025-04-24 21:17:12,040 [DEBUG]  OP: Operation.SPLIT_ROWS on slice (408, 29) (remaining tasks 54)
2025-04-24 21:17:12,096 [DEBUG]  		found 2 row clusters (in 0.05539 secs)
2025-04-24 21:17:12,096 [DEBUG]  OP: Operation.SPLIT_ROWS on slice (390, 29) (remaining tasks 55)
2025-04-24 21:17:12,143 [DEBUG]  		found 2 row clusters (in 0.04614 secs)
2025-04-24 21:17:12,143 [DEBUG]  OP: Operation.SPLIT_ROWS on slice (392, 29) (remaining tasks 56)
2025-04-24 21:17:12,196 [DEBUG]  		found 2 row clusters (in 0.05268 secs)
2025-04-24 21:17:12,196 [DEBUG]  OP: Operation.SPLIT_ROWS on slice (422, 29) (remaining tasks 57)
2025-04-24 21:17:12,245 [DEBUG]  		found 2 row clusters (in 0.04906 secs)
2025-04-24 21:17:12,245 [DEBUG]  OP: Operation.SPLIT_ROWS on slice (343, 29) (remaining tasks 58)
2025-04-24 21:17:12,285 [DEBUG]  		found 2 row clusters (in 0.03956 secs)
2025-04-24 21:17:12,285 [DEBUG]  OP: Operation.SPLIT_ROWS on slice (392, 29) (remaining tasks 59)
2025-04-24 21:17:12,331 [DEBUG]  		found 2 row clusters (in 0.04558 secs)
2025-04-24 21:17:12,331 [DEBUG]  OP: Operation.SPLIT_ROWS on slice (392, 29) (remaining tasks 60)
2025-04-24 21:17:12,385 [DEBUG]  		found 2 row clusters (in 0.05448 secs)
2025-04-24 21:17:12,386 [DEBUG]  OP: Operation.SPLIT_ROWS on slice (771, 27) (remaining tasks 61)
2025-04-24 21:17:12,458 [DEBUG]  		found 2 row clusters (in 0.07227 secs)
2025-04-24 21:17:12,458 [DEBUG]  OP: Operation.SPLIT_ROWS on slice (737, 27) (remaining tasks 62)
2025-04-24 21:17:12,538 [DEBUG]  		found 2 row clusters (in 0.07956 secs)
2025-04-24 21:17:12,538 [DEBUG]  OP: Operation.SPLIT_ROWS on slice (760, 27) (remaining tasks 63)
2025-04-24 21:17:12,613 [DEBUG]  		found 2 row clusters (in 0.07416 secs)
2025-04-24 21:17:12,613 [DEBUG]  OP: Operation.SPLIT_ROWS on slice (671, 27) (remaining tasks 64)
2025-04-24 21:17:12,685 [DEBUG]  		found 2 row clusters (in 0.07166 secs)
2025-04-24 21:17:12,685 [DEBUG]  OP: Operation.SPLIT_ROWS on slice (305, 28) (remaining tasks 65)
2025-04-24 21:17:12,725 [DEBUG]  		found 2 row clusters (in 0.03997 secs)
2025-04-24 21:17:12,725 [DEBUG]  OP: Operation.SPLIT_ROWS on slice (399, 28) (remaining tasks 66)
2025-04-24 21:17:12,763 [DEBUG]  		found 2 row clusters (in 0.03839 secs)
2025-04-24 21:17:12,764 [DEBUG]  OP: Operation.SPLIT_ROWS on slice (331, 28) (remaining tasks 67)
2025-04-24 21:17:12,805 [DEBUG]  		found 2 row clusters (in 0.04113 secs)
2025-04-24 21:17:12,805 [DEBUG]  OP: Operation.SPLIT_ROWS on slice (324, 28) (remaining tasks 68)
2025-04-24 21:17:12,845 [DEBUG]  		found 2 row clusters (in 0.03994 secs)
2025-04-24 21:17:12,845 [DEBUG]  OP: Operation.SPLIT_ROWS on slice (404, 28) (remaining tasks 69)
2025-04-24 21:17:12,897 [DEBUG]  		found 2 row clusters (in 0.05180 secs)
2025-04-24 21:17:12,898 [DEBUG]  OP: Operation.SPLIT_ROWS on slice (415, 28) (remaining tasks 70)
2025-04-24 21:17:12,950 [DEBUG]  		found 2 row clusters (in 0.05239 secs)
2025-04-24 21:17:12,950 [DEBUG]  OP: Operation.SPLIT_ROWS on slice (424, 28) (remaining tasks 71)
2025-04-24 21:17:12,999 [DEBUG]  		found 2 row clusters (in 0.04909 secs)
2025-04-24 21:17:13,000 [DEBUG]  OP: Operation.SPLIT_ROWS on slice (356, 28) (remaining tasks 72)
2025-04-24 21:17:13,037 [DEBUG]  		found 2 row clusters (in 0.03770 secs)
2025-04-24 21:17:13,038 [DEBUG]  OP: Operation.SPLIT_ROWS on slice (774, 26) (remaining tasks 73)
2025-04-24 21:17:13,103 [DEBUG]  		found 2 row clusters (in 0.06570 secs)
2025-04-24 21:17:13,104 [DEBUG]  OP: Operation.SPLIT_ROWS on slice (773, 26) (remaining tasks 74)
2025-04-24 21:17:13,174 [DEBUG]  		found 2 row clusters (in 0.06995 secs)
2025-04-24 21:17:13,174 [DEBUG]  OP: Operation.SPLIT_COLUMNS on slice (364, 27) (remaining tasks 75)
2025-04-24 21:17:24,544 [DEBUG]  		found 1 col clusters (in 11.36963 secs)
2025-04-24 21:17:24,544 [DEBUG]  OP: Operation.SPLIT_COLUMNS on slice (419, 27) (remaining tasks 75)
2025-04-24 21:17:36,747 [DEBUG]  		found 1 col clusters (in 12.20248 secs)
2025-04-24 21:17:36,747 [DEBUG]  OP: Operation.SPLIT_COLUMNS on slice (387, 27) (remaining tasks 75)
2025-04-24 21:17:48,365 [DEBUG]  		found 1 col clusters (in 11.61766 secs)
2025-04-24 21:17:48,366 [DEBUG]  OP: Operation.SPLIT_COLUMNS on slice (346, 27) (remaining tasks 75)
2025-04-24 21:17:59,756 [DEBUG]  		found 1 col clusters (in 11.38959 secs)
2025-04-24 21:17:59,756 [DEBUG]  OP: Operation.SPLIT_ROWS on slice (361, 28) (remaining tasks 75)
2025-04-24 21:17:59,947 [DEBUG]  		found 2 row clusters (in 0.19023 secs)
2025-04-24 21:17:59,947 [DEBUG]  OP: Operation.SPLIT_ROWS on slice (349, 28) (remaining tasks 76)
2025-04-24 21:18:00,004 [DEBUG]  		found 2 row clusters (in 0.05748 secs)
2025-04-24 21:18:00,005 [DEBUG]  OP: Operation.SPLIT_ROWS on slice (405, 28) (remaining tasks 77)
2025-04-24 21:18:00,062 [DEBUG]  		found 2 row clusters (in 0.05727 secs)
2025-04-24 21:18:00,063 [DEBUG]  OP: Operation.SPLIT_ROWS on slice (384, 28) (remaining tasks 78)
2025-04-24 21:18:00,119 [DEBUG]  		found 2 row clusters (in 0.05636 secs)
2025-04-24 21:18:00,119 [DEBUG]  OP: Operation.SPLIT_COLUMNS on slice (373, 27) (remaining tasks 79)
2025-04-24 21:18:10,353 [DEBUG]  		found 1 col clusters (in 10.23314 secs)
2025-04-24 21:18:10,353 [DEBUG]  OP: Operation.SPLIT_COLUMNS on slice (400, 27) (remaining tasks 79)
2025-04-24 21:18:22,109 [DEBUG]  		found 1 col clusters (in 11.75594 secs)
2025-04-24 21:18:22,110 [DEBUG]  OP: Operation.SPLIT_COLUMNS on slice (388, 27) (remaining tasks 79)
2025-04-24 21:18:34,217 [DEBUG]  		found 1 col clusters (in 12.10744 secs)
2025-04-24 21:18:34,218 [DEBUG]  OP: Operation.SPLIT_COLUMNS on slice (379, 27) (remaining tasks 79)
2025-04-24 21:18:45,578 [DEBUG]  		found 1 col clusters (in 11.35980 secs)
2025-04-24 21:18:45,579 [DEBUG]  OP: Operation.SPLIT_COLUMNS on slice (365, 27) (remaining tasks 79)
2025-04-24 21:18:56,749 [DEBUG]  		found 1 col clusters (in 11.17002 secs)
2025-04-24 21:18:56,750 [DEBUG]  OP: Operation.SPLIT_COLUMNS on slice (364, 27) (remaining tasks 79)
2025-04-24 21:19:07,292 [DEBUG]  		found 1 col clusters (in 10.54228 secs)
2025-04-24 21:19:07,293 [DEBUG]  OP: Operation.SPLIT_COLUMNS on slice (387, 27) (remaining tasks 79)
2025-04-24 21:19:19,828 [DEBUG]  		found 1 col clusters (in 12.53536 secs)
2025-04-24 21:19:19,829 [DEBUG]  OP: Operation.SPLIT_COLUMNS on slice (355, 27) (remaining tasks 79)
2025-04-24 21:19:30,915 [DEBUG]  		found 1 col clusters (in 11.08616 secs)
2025-04-24 21:19:30,916 [DEBUG]  OP: Operation.SPLIT_COLUMNS on slice (352, 27) (remaining tasks 79)
2025-04-24 21:19:38,979 [DEBUG]  		found 1 col clusters (in 8.06295 secs)
2025-04-24 21:19:38,979 [DEBUG]  OP: Operation.SPLIT_COLUMNS on slice (343, 27) (remaining tasks 79)
2025-04-24 21:19:49,339 [DEBUG]  		found 1 col clusters (in 10.35889 secs)
2025-04-24 21:19:49,339 [DEBUG]  OP: Operation.SPLIT_COLUMNS on slice (393, 27) (remaining tasks 79)
2025-04-24 21:20:00,927 [DEBUG]  		found 1 col clusters (in 11.58765 secs)
2025-04-24 21:20:00,928 [DEBUG]  OP: Operation.SPLIT_COLUMNS on slice (383, 27) (remaining tasks 79)
2025-04-24 21:20:11,762 [DEBUG]  		found 1 col clusters (in 10.83421 secs)
2025-04-24 21:20:11,763 [DEBUG]  OP: Operation.SPLIT_ROWS on slice (356, 28) (remaining tasks 79)
2025-04-24 21:20:11,881 [DEBUG]  		found 2 row clusters (in 0.11827 secs)
2025-04-24 21:20:11,882 [DEBUG]  OP: Operation.SPLIT_ROWS on slice (344, 28) (remaining tasks 80)
2025-04-24 21:20:11,942 [DEBUG]  		found 2 row clusters (in 0.06057 secs)
2025-04-24 21:20:11,943 [DEBUG]  OP: Operation.SPLIT_ROWS on slice (352, 28) (remaining tasks 81)
2025-04-24 21:20:11,992 [DEBUG]  		found 2 row clusters (in 0.04868 secs)
2025-04-24 21:20:11,992 [DEBUG]  OP: Operation.SPLIT_ROWS on slice (409, 28) (remaining tasks 82)
2025-04-24 21:20:12,036 [DEBUG]  		found 2 row clusters (in 0.04391 secs)
2025-04-24 21:20:12,036 [DEBUG]  OP: Operation.SPLIT_COLUMNS on slice (386, 23) (remaining tasks 83)
2025-04-24 21:20:19,906 [DEBUG]  		found 1 col clusters (in 7.86971 secs)
2025-04-24 21:20:19,906 [DEBUG]  OP: Operation.SPLIT_COLUMNS on slice (341, 23) (remaining tasks 83)
2025-04-24 21:20:28,019 [DEBUG]  		found 1 col clusters (in 8.11248 secs)
2025-04-24 21:20:28,020 [DEBUG]  OP: Operation.SPLIT_COLUMNS on slice (391, 23) (remaining tasks 83)
2025-04-24 21:20:36,884 [DEBUG]  		found 1 col clusters (in 8.86460 secs)
2025-04-24 21:20:36,885 [DEBUG]  OP: Operation.SPLIT_COLUMNS on slice (422, 23) (remaining tasks 83)
2025-04-24 21:20:44,425 [DEBUG]  		found 1 col clusters (in 7.54022 secs)
2025-04-24 21:20:44,426 [DEBUG]  OP: Operation.SPLIT_ROWS on slice (707, 26) (remaining tasks 83)
2025-04-24 21:20:44,624 [DEBUG]  		found 2 row clusters (in 0.19771 secs)
2025-04-24 21:20:44,624 [DEBUG]  OP: Operation.SPLIT_ROWS on slice (736, 26) (remaining tasks 84)
2025-04-24 21:20:44,709 [DEBUG]  		found 2 row clusters (in 0.08524 secs)
2025-04-24 21:20:44,710 [DEBUG]  OP: Operation.SPLIT_ROWS on slice (771, 26) (remaining tasks 85)
2025-04-24 21:20:44,790 [DEBUG]  		found 2 row clusters (in 0.08014 secs)
2025-04-24 21:20:44,790 [DEBUG]  OP: Operation.SPLIT_ROWS on slice (761, 26) (remaining tasks 86)
2025-04-24 21:20:44,867 [DEBUG]  		found 2 row clusters (in 0.07637 secs)
2025-04-24 21:20:44,867 [DEBUG]  OP: Operation.NAIVE_FACTORIZATION on slice (158, 29) (remaining tasks 87)
2025-04-24 21:20:44,878 [DEBUG]  		naive factorization 29 columns (in 0.01053 secs)
2025-04-24 21:20:44,878 [DEBUG]  OP: Operation.NAIVE_FACTORIZATION on slice (186, 29) (remaining tasks 86)
2025-04-24 21:20:44,891 [DEBUG]  		naive factorization 29 columns (in 0.01318 secs)
2025-04-24 21:20:44,892 [DEBUG]  OP: Operation.NAIVE_FACTORIZATION on slice (218, 29) (remaining tasks 85)
2025-04-24 21:20:44,906 [DEBUG]  		naive factorization 29 columns (in 0.01424 secs)
2025-04-24 21:20:44,906 [DEBUG]  OP: Operation.NAIVE_FACTORIZATION on slice (190, 29) (remaining tasks 84)
2025-04-24 21:20:44,920 [DEBUG]  		naive factorization 29 columns (in 0.01406 secs)
2025-04-24 21:20:44,921 [DEBUG]  OP: Operation.NAIVE_FACTORIZATION on slice (203, 29) (remaining tasks 83)
2025-04-24 21:20:44,936 [DEBUG]  		naive factorization 29 columns (in 0.01512 secs)
2025-04-24 21:20:44,936 [DEBUG]  OP: Operation.NAIVE_FACTORIZATION on slice (187, 29) (remaining tasks 82)
2025-04-24 21:20:44,951 [DEBUG]  		naive factorization 29 columns (in 0.01450 secs)
2025-04-24 21:20:44,951 [DEBUG]  OP: Operation.NAIVE_FACTORIZATION on slice (216, 29) (remaining tasks 81)
2025-04-24 21:20:44,966 [DEBUG]  		naive factorization 29 columns (in 0.01402 secs)
2025-04-24 21:20:44,966 [DEBUG]  OP: Operation.NAIVE_FACTORIZATION on slice (176, 29) (remaining tasks 80)
2025-04-24 21:20:44,979 [DEBUG]  		naive factorization 29 columns (in 0.01297 secs)
2025-04-24 21:20:44,979 [DEBUG]  OP: Operation.NAIVE_FACTORIZATION on slice (211, 29) (remaining tasks 79)
2025-04-24 21:20:44,993 [DEBUG]  		naive factorization 29 columns (in 0.01395 secs)
2025-04-24 21:20:44,994 [DEBUG]  OP: Operation.NAIVE_FACTORIZATION on slice (211, 29) (remaining tasks 78)
2025-04-24 21:20:45,010 [DEBUG]  		naive factorization 29 columns (in 0.01551 secs)
2025-04-24 21:20:45,010 [DEBUG]  OP: Operation.NAIVE_FACTORIZATION on slice (149, 29) (remaining tasks 77)
2025-04-24 21:20:45,022 [DEBUG]  		naive factorization 29 columns (in 0.01181 secs)
2025-04-24 21:20:45,023 [DEBUG]  OP: Operation.NAIVE_FACTORIZATION on slice (194, 29) (remaining tasks 76)
2025-04-24 21:20:45,038 [DEBUG]  		naive factorization 29 columns (in 0.01550 secs)
2025-04-24 21:20:45,039 [DEBUG]  OP: Operation.NAIVE_FACTORIZATION on slice (169, 29) (remaining tasks 75)
2025-04-24 21:20:45,053 [DEBUG]  		naive factorization 29 columns (in 0.01336 secs)
2025-04-24 21:20:45,053 [DEBUG]  OP: Operation.NAIVE_FACTORIZATION on slice (223, 29) (remaining tasks 74)
2025-04-24 21:20:45,068 [DEBUG]  		naive factorization 29 columns (in 0.01494 secs)
2025-04-24 21:20:45,069 [DEBUG]  OP: Operation.NAIVE_FACTORIZATION on slice (178, 29) (remaining tasks 73)
2025-04-24 21:20:45,083 [DEBUG]  		naive factorization 29 columns (in 0.01393 secs)
2025-04-24 21:20:45,084 [DEBUG]  OP: Operation.NAIVE_FACTORIZATION on slice (214, 29) (remaining tasks 72)
2025-04-24 21:20:45,099 [DEBUG]  		naive factorization 29 columns (in 0.01505 secs)
2025-04-24 21:20:45,100 [DEBUG]  OP: Operation.SPLIT_COLUMNS on slice (384, 27) (remaining tasks 71)
2025-04-24 21:20:57,157 [DEBUG]  		found 1 col clusters (in 12.05762 secs)
2025-04-24 21:20:57,158 [DEBUG]  OP: Operation.SPLIT_COLUMNS on slice (387, 27) (remaining tasks 71)
2025-04-24 21:21:10,313 [DEBUG]  		found 1 col clusters (in 13.15520 secs)
2025-04-24 21:21:10,314 [DEBUG]  OP: Operation.SPLIT_COLUMNS on slice (358, 27) (remaining tasks 71)
2025-04-24 21:21:22,281 [DEBUG]  		found 1 col clusters (in 11.96664 secs)
2025-04-24 21:21:22,281 [DEBUG]  OP: Operation.SPLIT_COLUMNS on slice (379, 27) (remaining tasks 71)
2025-04-24 21:21:34,842 [DEBUG]  		found 1 col clusters (in 12.56009 secs)
2025-04-24 21:21:34,842 [DEBUG]  OP: Operation.SPLIT_COLUMNS on slice (369, 27) (remaining tasks 71)
2025-04-24 21:21:46,507 [DEBUG]  		found 1 col clusters (in 11.66510 secs)
2025-04-24 21:21:46,508 [DEBUG]  OP: Operation.SPLIT_COLUMNS on slice (391, 27) (remaining tasks 71)
2025-04-24 21:21:59,391 [DEBUG]  		found 1 col clusters (in 12.88334 secs)
2025-04-24 21:21:59,392 [DEBUG]  OP: Operation.SPLIT_COLUMNS on slice (366, 27) (remaining tasks 71)
2025-04-24 21:22:11,929 [DEBUG]  		found 1 col clusters (in 12.53732 secs)
2025-04-24 21:22:11,930 [DEBUG]  OP: Operation.SPLIT_COLUMNS on slice (305, 27) (remaining tasks 71)
2025-04-24 21:22:22,789 [DEBUG]  		found 1 col clusters (in 10.85837 secs)
2025-04-24 21:22:22,789 [DEBUG]  OP: Operation.NAIVE_FACTORIZATION on slice (159, 28) (remaining tasks 71)
2025-04-24 21:22:22,811 [DEBUG]  		naive factorization 28 columns (in 0.02155 secs)
2025-04-24 21:22:22,811 [DEBUG]  OP: Operation.NAIVE_FACTORIZATION on slice (146, 28) (remaining tasks 70)
2025-04-24 21:22:22,834 [DEBUG]  		naive factorization 28 columns (in 0.02246 secs)
2025-04-24 21:22:22,834 [DEBUG]  OP: Operation.NAIVE_FACTORIZATION on slice (221, 28) (remaining tasks 69)
2025-04-24 21:22:22,886 [DEBUG]  		naive factorization 28 columns (in 0.05194 secs)
2025-04-24 21:22:22,887 [DEBUG]  OP: Operation.NAIVE_FACTORIZATION on slice (178, 28) (remaining tasks 68)
2025-04-24 21:22:22,934 [DEBUG]  		naive factorization 28 columns (in 0.04720 secs)
2025-04-24 21:22:22,935 [DEBUG]  OP: Operation.NAIVE_FACTORIZATION on slice (172, 28) (remaining tasks 67)
2025-04-24 21:22:22,966 [DEBUG]  		naive factorization 28 columns (in 0.03094 secs)
2025-04-24 21:22:22,966 [DEBUG]  OP: Operation.NAIVE_FACTORIZATION on slice (159, 28) (remaining tasks 66)
2025-04-24 21:22:22,974 [DEBUG]  		naive factorization 28 columns (in 0.00815 secs)
2025-04-24 21:22:22,974 [DEBUG]  OP: Operation.NAIVE_FACTORIZATION on slice (144, 28) (remaining tasks 65)
2025-04-24 21:22:22,982 [DEBUG]  		naive factorization 28 columns (in 0.00753 secs)
2025-04-24 21:22:22,982 [DEBUG]  OP: Operation.NAIVE_FACTORIZATION on slice (180, 28) (remaining tasks 64)
2025-04-24 21:22:22,991 [DEBUG]  		naive factorization 28 columns (in 0.00898 secs)
2025-04-24 21:22:22,992 [DEBUG]  OP: Operation.NAIVE_FACTORIZATION on slice (196, 28) (remaining tasks 63)
2025-04-24 21:22:23,000 [DEBUG]  		naive factorization 28 columns (in 0.00825 secs)
2025-04-24 21:22:23,000 [DEBUG]  OP: Operation.NAIVE_FACTORIZATION on slice (208, 28) (remaining tasks 62)
2025-04-24 21:22:23,008 [DEBUG]  		naive factorization 28 columns (in 0.00808 secs)
2025-04-24 21:22:23,009 [DEBUG]  OP: Operation.NAIVE_FACTORIZATION on slice (193, 28) (remaining tasks 61)
2025-04-24 21:22:23,016 [DEBUG]  		naive factorization 28 columns (in 0.00780 secs)
2025-04-24 21:22:23,017 [DEBUG]  OP: Operation.NAIVE_FACTORIZATION on slice (222, 28) (remaining tasks 60)
2025-04-24 21:22:23,026 [DEBUG]  		naive factorization 28 columns (in 0.00915 secs)
2025-04-24 21:22:23,026 [DEBUG]  OP: Operation.NAIVE_FACTORIZATION on slice (203, 28) (remaining tasks 59)
2025-04-24 21:22:23,035 [DEBUG]  		naive factorization 28 columns (in 0.00905 secs)
2025-04-24 21:22:23,036 [DEBUG]  OP: Operation.NAIVE_FACTORIZATION on slice (221, 28) (remaining tasks 58)
2025-04-24 21:22:23,046 [DEBUG]  		naive factorization 28 columns (in 0.00974 secs)
2025-04-24 21:22:23,046 [DEBUG]  OP: Operation.NAIVE_FACTORIZATION on slice (180, 28) (remaining tasks 57)
2025-04-24 21:22:23,055 [DEBUG]  		naive factorization 28 columns (in 0.00823 secs)
2025-04-24 21:22:23,055 [DEBUG]  OP: Operation.NAIVE_FACTORIZATION on slice (176, 28) (remaining tasks 56)
2025-04-24 21:22:23,066 [DEBUG]  		naive factorization 28 columns (in 0.01023 secs)
2025-04-24 21:22:23,066 [DEBUG]  OP: Operation.SPLIT_COLUMNS on slice (392, 26) (remaining tasks 55)
2025-04-24 21:22:32,934 [DEBUG]  		found 1 col clusters (in 9.86757 secs)
2025-04-24 21:22:32,934 [DEBUG]  OP: Operation.SPLIT_COLUMNS on slice (382, 26) (remaining tasks 55)
2025-04-24 21:22:43,892 [DEBUG]  		found 1 col clusters (in 10.95617 secs)
2025-04-24 21:22:43,892 [DEBUG]  OP: Operation.SPLIT_COLUMNS on slice (413, 26) (remaining tasks 55)
2025-04-24 21:22:55,164 [DEBUG]  		found 1 col clusters (in 11.27152 secs)
2025-04-24 21:22:55,165 [DEBUG]  OP: Operation.SPLIT_COLUMNS on slice (360, 26) (remaining tasks 55)
2025-04-24 21:23:05,027 [DEBUG]  		found 1 col clusters (in 9.86203 secs)
2025-04-24 21:23:05,028 [DEBUG]  OP: Operation.SPLIT_ROWS on slice (364, 27) (remaining tasks 55)
2025-04-24 21:23:05,171 [DEBUG]  		found 2 row clusters (in 0.14286 secs)
2025-04-24 21:23:05,171 [DEBUG]  OP: Operation.SPLIT_ROWS on slice (419, 27) (remaining tasks 56)
2025-04-24 21:23:05,230 [DEBUG]  		found 2 row clusters (in 0.05880 secs)
2025-04-24 21:23:05,230 [DEBUG]  OP: Operation.SPLIT_ROWS on slice (387, 27) (remaining tasks 57)
2025-04-24 21:23:05,278 [DEBUG]  		found 2 row clusters (in 0.04751 secs)
2025-04-24 21:23:05,278 [DEBUG]  OP: Operation.SPLIT_ROWS on slice (346, 27) (remaining tasks 58)
2025-04-24 21:23:05,322 [DEBUG]  		found 2 row clusters (in 0.04378 secs)
2025-04-24 21:23:05,322 [DEBUG]  OP: Operation.NAIVE_FACTORIZATION on slice (181, 28) (remaining tasks 59)
2025-04-24 21:23:05,334 [DEBUG]  		naive factorization 28 columns (in 0.01178 secs)
2025-04-24 21:23:05,334 [DEBUG]  OP: Operation.NAIVE_FACTORIZATION on slice (180, 28) (remaining tasks 58)
2025-04-24 21:23:05,354 [DEBUG]  		naive factorization 28 columns (in 0.01929 secs)
2025-04-24 21:23:05,354 [DEBUG]  OP: Operation.NAIVE_FACTORIZATION on slice (189, 28) (remaining tasks 57)
2025-04-24 21:23:05,372 [DEBUG]  		naive factorization 28 columns (in 0.01775 secs)
2025-04-24 21:23:05,372 [DEBUG]  OP: Operation.NAIVE_FACTORIZATION on slice (160, 28) (remaining tasks 56)
2025-04-24 21:23:05,389 [DEBUG]  		naive factorization 28 columns (in 0.01648 secs)
2025-04-24 21:23:05,389 [DEBUG]  OP: Operation.NAIVE_FACTORIZATION on slice (198, 28) (remaining tasks 55)
2025-04-24 21:23:05,410 [DEBUG]  		naive factorization 28 columns (in 0.02024 secs)
2025-04-24 21:23:05,410 [DEBUG]  OP: Operation.NAIVE_FACTORIZATION on slice (207, 28) (remaining tasks 54)
2025-04-24 21:23:05,432 [DEBUG]  		naive factorization 28 columns (in 0.02192 secs)
2025-04-24 21:23:05,432 [DEBUG]  OP: Operation.NAIVE_FACTORIZATION on slice (195, 28) (remaining tasks 53)
2025-04-24 21:23:05,452 [DEBUG]  		naive factorization 28 columns (in 0.01975 secs)
2025-04-24 21:23:05,453 [DEBUG]  OP: Operation.NAIVE_FACTORIZATION on slice (189, 28) (remaining tasks 52)
2025-04-24 21:23:05,472 [DEBUG]  		naive factorization 28 columns (in 0.01913 secs)
2025-04-24 21:23:05,473 [DEBUG]  OP: Operation.SPLIT_ROWS on slice (373, 27) (remaining tasks 51)
2025-04-24 21:23:05,536 [DEBUG]  		found 2 row clusters (in 0.06340 secs)
2025-04-24 21:23:05,537 [DEBUG]  OP: Operation.SPLIT_ROWS on slice (400, 27) (remaining tasks 52)
2025-04-24 21:23:05,586 [DEBUG]  		found 2 row clusters (in 0.04902 secs)
2025-04-24 21:23:05,586 [DEBUG]  OP: Operation.SPLIT_ROWS on slice (388, 27) (remaining tasks 53)
2025-04-24 21:23:05,629 [DEBUG]  		found 2 row clusters (in 0.04311 secs)
2025-04-24 21:23:05,629 [DEBUG]  OP: Operation.SPLIT_ROWS on slice (379, 27) (remaining tasks 54)
2025-04-24 21:23:05,667 [DEBUG]  		found 2 row clusters (in 0.03746 secs)
2025-04-24 21:23:05,667 [DEBUG]  OP: Operation.SPLIT_ROWS on slice (365, 27) (remaining tasks 55)
2025-04-24 21:23:05,710 [DEBUG]  		found 2 row clusters (in 0.04249 secs)
2025-04-24 21:23:05,710 [DEBUG]  OP: Operation.SPLIT_ROWS on slice (364, 27) (remaining tasks 56)
2025-04-24 21:23:05,755 [DEBUG]  		found 2 row clusters (in 0.04473 secs)
2025-04-24 21:23:05,755 [DEBUG]  OP: Operation.SPLIT_ROWS on slice (387, 27) (remaining tasks 57)
2025-04-24 21:23:05,796 [DEBUG]  		found 2 row clusters (in 0.04101 secs)
2025-04-24 21:23:05,796 [DEBUG]  OP: Operation.SPLIT_ROWS on slice (355, 27) (remaining tasks 58)
2025-04-24 21:23:05,841 [DEBUG]  		found 2 row clusters (in 0.04496 secs)
2025-04-24 21:23:05,842 [DEBUG]  OP: Operation.SPLIT_ROWS on slice (352, 27) (remaining tasks 59)
2025-04-24 21:23:05,879 [DEBUG]  		found 2 row clusters (in 0.03689 secs)
2025-04-24 21:23:05,879 [DEBUG]  OP: Operation.SPLIT_ROWS on slice (343, 27) (remaining tasks 60)
2025-04-24 21:23:05,925 [DEBUG]  		found 2 row clusters (in 0.04578 secs)
2025-04-24 21:23:05,925 [DEBUG]  OP: Operation.SPLIT_ROWS on slice (393, 27) (remaining tasks 61)
2025-04-24 21:23:05,973 [DEBUG]  		found 2 row clusters (in 0.04831 secs)
2025-04-24 21:23:05,974 [DEBUG]  OP: Operation.SPLIT_ROWS on slice (383, 27) (remaining tasks 62)
2025-04-24 21:23:06,019 [DEBUG]  		found 2 row clusters (in 0.04582 secs)
2025-04-24 21:23:06,020 [DEBUG]  OP: Operation.NAIVE_FACTORIZATION on slice (193, 28) (remaining tasks 63)
2025-04-24 21:23:06,038 [DEBUG]  		naive factorization 28 columns (in 0.01832 secs)
2025-04-24 21:23:06,038 [DEBUG]  OP: Operation.NAIVE_FACTORIZATION on slice (163, 28) (remaining tasks 62)
2025-04-24 21:23:06,057 [DEBUG]  		naive factorization 28 columns (in 0.01817 secs)
2025-04-24 21:23:06,057 [DEBUG]  OP: Operation.NAIVE_FACTORIZATION on slice (157, 28) (remaining tasks 61)
2025-04-24 21:23:06,075 [DEBUG]  		naive factorization 28 columns (in 0.01751 secs)
2025-04-24 21:23:06,075 [DEBUG]  OP: Operation.NAIVE_FACTORIZATION on slice (187, 28) (remaining tasks 60)
2025-04-24 21:23:06,093 [DEBUG]  		naive factorization 28 columns (in 0.01787 secs)
2025-04-24 21:23:06,093 [DEBUG]  OP: Operation.NAIVE_FACTORIZATION on slice (155, 28) (remaining tasks 59)
2025-04-24 21:23:06,113 [DEBUG]  		naive factorization 28 columns (in 0.01953 secs)
2025-04-24 21:23:06,114 [DEBUG]  OP: Operation.NAIVE_FACTORIZATION on slice (197, 28) (remaining tasks 58)
2025-04-24 21:23:06,134 [DEBUG]  		naive factorization 28 columns (in 0.02022 secs)
2025-04-24 21:23:06,135 [DEBUG]  OP: Operation.NAIVE_FACTORIZATION on slice (206, 28) (remaining tasks 57)
2025-04-24 21:23:06,156 [DEBUG]  		naive factorization 28 columns (in 0.02160 secs)
2025-04-24 21:23:06,157 [DEBUG]  OP: Operation.NAIVE_FACTORIZATION on slice (203, 28) (remaining tasks 56)
2025-04-24 21:23:06,177 [DEBUG]  		naive factorization 28 columns (in 0.01996 secs)
2025-04-24 21:23:06,178 [DEBUG]  OP: Operation.SPLIT_ROWS on slice (386, 23) (remaining tasks 55)
2025-04-24 21:23:06,276 [DEBUG]  		found 2 row clusters (in 0.09843 secs)
2025-04-24 21:23:06,277 [DEBUG]  OP: Operation.SPLIT_ROWS on slice (341, 23) (remaining tasks 56)
2025-04-24 21:23:06,328 [DEBUG]  		found 2 row clusters (in 0.05102 secs)
2025-04-24 21:23:06,328 [DEBUG]  OP: Operation.SPLIT_ROWS on slice (391, 23) (remaining tasks 57)
2025-04-24 21:23:06,368 [DEBUG]  		found 2 row clusters (in 0.03975 secs)
2025-04-24 21:23:06,368 [DEBUG]  OP: Operation.SPLIT_ROWS on slice (422, 23) (remaining tasks 58)
2025-04-24 21:23:06,426 [DEBUG]  		found 2 row clusters (in 0.05809 secs)
2025-04-24 21:23:06,426 [DEBUG]  OP: Operation.SPLIT_COLUMNS on slice (376, 26) (remaining tasks 59)
2025-04-24 21:23:17,475 [DEBUG]  		found 1 col clusters (in 11.04808 secs)
2025-04-24 21:23:17,475 [DEBUG]  OP: Operation.SPLIT_COLUMNS on slice (331, 26) (remaining tasks 59)
2025-04-24 21:23:26,008 [DEBUG]  		found 1 col clusters (in 8.53248 secs)
2025-04-24 21:23:26,008 [DEBUG]  OP: Operation.SPLIT_COLUMNS on slice (402, 26) (remaining tasks 59)
2025-04-24 21:23:36,808 [DEBUG]  		found 1 col clusters (in 10.79917 secs)
2025-04-24 21:23:36,808 [DEBUG]  OP: Operation.SPLIT_COLUMNS on slice (334, 26) (remaining tasks 59)
2025-04-24 21:23:47,395 [DEBUG]  		found 1 col clusters (in 10.58646 secs)
2025-04-24 21:23:47,395 [DEBUG]  OP: Operation.SPLIT_COLUMNS on slice (399, 26) (remaining tasks 59)
2025-04-24 21:23:55,771 [DEBUG]  		found 1 col clusters (in 8.37519 secs)
2025-04-24 21:23:55,771 [DEBUG]  OP: Operation.SPLIT_COLUMNS on slice (372, 26) (remaining tasks 59)
2025-04-24 21:24:07,589 [DEBUG]  		found 1 col clusters (in 11.81805 secs)
2025-04-24 21:24:07,590 [DEBUG]  OP: Operation.SPLIT_COLUMNS on slice (381, 26) (remaining tasks 59)
2025-04-24 21:24:19,006 [DEBUG]  		found 1 col clusters (in 11.41602 secs)
2025-04-24 21:24:19,007 [DEBUG]  OP: Operation.SPLIT_COLUMNS on slice (380, 26) (remaining tasks 59)
2025-04-24 21:24:29,658 [DEBUG]  		found 1 col clusters (in 10.65078 secs)
2025-04-24 21:24:29,659 [DEBUG]  OP: Operation.SPLIT_ROWS on slice (384, 27) (remaining tasks 59)
2025-04-24 21:24:29,772 [DEBUG]  		found 2 row clusters (in 0.11337 secs)
2025-04-24 21:24:29,772 [DEBUG]  OP: Operation.SPLIT_ROWS on slice (387, 27) (remaining tasks 60)
2025-04-24 21:24:29,810 [DEBUG]  		found 2 row clusters (in 0.03760 secs)
2025-04-24 21:24:29,810 [DEBUG]  OP: Operation.SPLIT_ROWS on slice (358, 27) (remaining tasks 61)
2025-04-24 21:24:29,856 [DEBUG]  		found 2 row clusters (in 0.04601 secs)
2025-04-24 21:24:29,857 [DEBUG]  OP: Operation.SPLIT_ROWS on slice (379, 27) (remaining tasks 62)
2025-04-24 21:24:29,903 [DEBUG]  		found 2 row clusters (in 0.04618 secs)
2025-04-24 21:24:29,903 [DEBUG]  OP: Operation.SPLIT_ROWS on slice (369, 27) (remaining tasks 63)
2025-04-24 21:24:29,951 [DEBUG]  		found 2 row clusters (in 0.04752 secs)
2025-04-24 21:24:29,951 [DEBUG]  OP: Operation.SPLIT_ROWS on slice (391, 27) (remaining tasks 64)
2025-04-24 21:24:29,989 [DEBUG]  		found 2 row clusters (in 0.03838 secs)
2025-04-24 21:24:29,990 [DEBUG]  OP: Operation.SPLIT_ROWS on slice (366, 27) (remaining tasks 65)
2025-04-24 21:24:30,034 [DEBUG]  		found 2 row clusters (in 0.04442 secs)
2025-04-24 21:24:30,034 [DEBUG]  OP: Operation.SPLIT_ROWS on slice (305, 27) (remaining tasks 66)
2025-04-24 21:24:30,074 [DEBUG]  		found 2 row clusters (in 0.03909 secs)
2025-04-24 21:24:30,074 [DEBUG]  OP: Operation.SPLIT_ROWS on slice (392, 26) (remaining tasks 67)
2025-04-24 21:24:30,114 [DEBUG]  		found 2 row clusters (in 0.04004 secs)
2025-04-24 21:24:30,114 [DEBUG]  OP: Operation.SPLIT_ROWS on slice (382, 26) (remaining tasks 68)
2025-04-24 21:24:30,153 [DEBUG]  		found 2 row clusters (in 0.03919 secs)
2025-04-24 21:24:30,154 [DEBUG]  OP: Operation.SPLIT_ROWS on slice (413, 26) (remaining tasks 69)
2025-04-24 21:24:30,198 [DEBUG]  		found 2 row clusters (in 0.04456 secs)
2025-04-24 21:24:30,198 [DEBUG]  OP: Operation.SPLIT_ROWS on slice (360, 26) (remaining tasks 70)
2025-04-24 21:24:30,243 [DEBUG]  		found 2 row clusters (in 0.04402 secs)
2025-04-24 21:24:30,243 [DEBUG]  OP: Operation.NAIVE_FACTORIZATION on slice (191, 27) (remaining tasks 71)
2025-04-24 21:24:30,259 [DEBUG]  		naive factorization 27 columns (in 0.01655 secs)
2025-04-24 21:24:30,260 [DEBUG]  OP: Operation.NAIVE_FACTORIZATION on slice (173, 27) (remaining tasks 70)
2025-04-24 21:24:30,276 [DEBUG]  		naive factorization 27 columns (in 0.01663 secs)
2025-04-24 21:24:30,277 [DEBUG]  OP: Operation.NAIVE_FACTORIZATION on slice (209, 27) (remaining tasks 69)
2025-04-24 21:24:30,296 [DEBUG]  		naive factorization 27 columns (in 0.01915 secs)
2025-04-24 21:24:30,297 [DEBUG]  OP: Operation.NAIVE_FACTORIZATION on slice (210, 27) (remaining tasks 68)
2025-04-24 21:24:30,317 [DEBUG]  		naive factorization 27 columns (in 0.01993 secs)
2025-04-24 21:24:30,317 [DEBUG]  OP: Operation.NAIVE_FACTORIZATION on slice (176, 27) (remaining tasks 67)
2025-04-24 21:24:30,336 [DEBUG]  		naive factorization 27 columns (in 0.01913 secs)
2025-04-24 21:24:30,337 [DEBUG]  OP: Operation.NAIVE_FACTORIZATION on slice (211, 27) (remaining tasks 66)
2025-04-24 21:24:30,356 [DEBUG]  		naive factorization 27 columns (in 0.01886 secs)
2025-04-24 21:24:30,356 [DEBUG]  OP: Operation.NAIVE_FACTORIZATION on slice (172, 27) (remaining tasks 65)
2025-04-24 21:24:30,375 [DEBUG]  		naive factorization 27 columns (in 0.01853 secs)
2025-04-24 21:24:30,376 [DEBUG]  OP: Operation.NAIVE_FACTORIZATION on slice (174, 27) (remaining tasks 64)
2025-04-24 21:24:30,394 [DEBUG]  		naive factorization 27 columns (in 0.01772 secs)
2025-04-24 21:24:30,394 [DEBUG]  OP: Operation.NAIVE_FACTORIZATION on slice (183, 27) (remaining tasks 63)
2025-04-24 21:24:30,413 [DEBUG]  		naive factorization 27 columns (in 0.01823 secs)
2025-04-24 21:24:30,413 [DEBUG]  OP: Operation.NAIVE_FACTORIZATION on slice (190, 27) (remaining tasks 62)
2025-04-24 21:24:30,432 [DEBUG]  		naive factorization 27 columns (in 0.01871 secs)
2025-04-24 21:24:30,433 [DEBUG]  OP: Operation.NAIVE_FACTORIZATION on slice (180, 27) (remaining tasks 61)
2025-04-24 21:24:30,454 [DEBUG]  		naive factorization 27 columns (in 0.02049 secs)
2025-04-24 21:24:30,454 [DEBUG]  OP: Operation.NAIVE_FACTORIZATION on slice (220, 27) (remaining tasks 60)
2025-04-24 21:24:30,474 [DEBUG]  		naive factorization 27 columns (in 0.01949 secs)
2025-04-24 21:24:30,475 [DEBUG]  OP: Operation.NAIVE_FACTORIZATION on slice (177, 27) (remaining tasks 59)
2025-04-24 21:24:30,493 [DEBUG]  		naive factorization 27 columns (in 0.01844 secs)
2025-04-24 21:24:30,494 [DEBUG]  OP: Operation.NAIVE_FACTORIZATION on slice (211, 27) (remaining tasks 58)
2025-04-24 21:24:30,514 [DEBUG]  		naive factorization 27 columns (in 0.01971 secs)
2025-04-24 21:24:30,515 [DEBUG]  OP: Operation.NAIVE_FACTORIZATION on slice (192, 27) (remaining tasks 57)
2025-04-24 21:24:30,532 [DEBUG]  		naive factorization 27 columns (in 0.01728 secs)
2025-04-24 21:24:30,533 [DEBUG]  OP: Operation.NAIVE_FACTORIZATION on slice (187, 27) (remaining tasks 56)
2025-04-24 21:24:30,551 [DEBUG]  		naive factorization 27 columns (in 0.01800 secs)
2025-04-24 21:24:30,552 [DEBUG]  OP: Operation.NAIVE_FACTORIZATION on slice (183, 27) (remaining tasks 55)
2025-04-24 21:24:30,572 [DEBUG]  		naive factorization 27 columns (in 0.01994 secs)
2025-04-24 21:24:30,573 [DEBUG]  OP: Operation.NAIVE_FACTORIZATION on slice (182, 27) (remaining tasks 54)
2025-04-24 21:24:30,591 [DEBUG]  		naive factorization 27 columns (in 0.01842 secs)
2025-04-24 21:24:30,592 [DEBUG]  OP: Operation.NAIVE_FACTORIZATION on slice (177, 27) (remaining tasks 53)
2025-04-24 21:24:30,611 [DEBUG]  		naive factorization 27 columns (in 0.01842 secs)
2025-04-24 21:24:30,611 [DEBUG]  OP: Operation.NAIVE_FACTORIZATION on slice (187, 27) (remaining tasks 52)
2025-04-24 21:24:30,630 [DEBUG]  		naive factorization 27 columns (in 0.01895 secs)
2025-04-24 21:24:30,631 [DEBUG]  OP: Operation.NAIVE_FACTORIZATION on slice (203, 27) (remaining tasks 51)
2025-04-24 21:24:30,650 [DEBUG]  		naive factorization 27 columns (in 0.01890 secs)
2025-04-24 21:24:30,651 [DEBUG]  OP: Operation.NAIVE_FACTORIZATION on slice (184, 27) (remaining tasks 50)
2025-04-24 21:24:30,669 [DEBUG]  		naive factorization 27 columns (in 0.01833 secs)
2025-04-24 21:24:30,670 [DEBUG]  OP: Operation.NAIVE_FACTORIZATION on slice (160, 27) (remaining tasks 49)
2025-04-24 21:24:30,688 [DEBUG]  		naive factorization 27 columns (in 0.01735 secs)
2025-04-24 21:24:30,688 [DEBUG]  OP: Operation.NAIVE_FACTORIZATION on slice (195, 27) (remaining tasks 48)
2025-04-24 21:24:30,709 [DEBUG]  		naive factorization 27 columns (in 0.02011 secs)
2025-04-24 21:24:30,709 [DEBUG]  OP: Operation.NAIVE_FACTORIZATION on slice (187, 27) (remaining tasks 47)
2025-04-24 21:24:30,730 [DEBUG]  		naive factorization 27 columns (in 0.02032 secs)
2025-04-24 21:24:30,731 [DEBUG]  OP: Operation.NAIVE_FACTORIZATION on slice (165, 27) (remaining tasks 46)
2025-04-24 21:24:30,749 [DEBUG]  		naive factorization 27 columns (in 0.01764 secs)
2025-04-24 21:24:30,749 [DEBUG]  OP: Operation.NAIVE_FACTORIZATION on slice (179, 27) (remaining tasks 45)
2025-04-24 21:24:30,768 [DEBUG]  		naive factorization 27 columns (in 0.01849 secs)
2025-04-24 21:24:30,769 [DEBUG]  OP: Operation.NAIVE_FACTORIZATION on slice (164, 27) (remaining tasks 44)
2025-04-24 21:24:30,787 [DEBUG]  		naive factorization 27 columns (in 0.01821 secs)
2025-04-24 21:24:30,788 [DEBUG]  OP: Operation.NAIVE_FACTORIZATION on slice (198, 27) (remaining tasks 43)
2025-04-24 21:24:30,807 [DEBUG]  		naive factorization 27 columns (in 0.01949 secs)
2025-04-24 21:24:30,808 [DEBUG]  OP: Operation.NAIVE_FACTORIZATION on slice (195, 27) (remaining tasks 42)
2025-04-24 21:24:30,827 [DEBUG]  		naive factorization 27 columns (in 0.01880 secs)
2025-04-24 21:24:30,828 [DEBUG]  OP: Operation.NAIVE_FACTORIZATION on slice (186, 27) (remaining tasks 41)
2025-04-24 21:24:30,846 [DEBUG]  		naive factorization 27 columns (in 0.01771 secs)
2025-04-24 21:24:30,846 [DEBUG]  OP: Operation.NAIVE_FACTORIZATION on slice (197, 27) (remaining tasks 40)
2025-04-24 21:24:30,866 [DEBUG]  		naive factorization 27 columns (in 0.01938 secs)
2025-04-24 21:24:30,867 [DEBUG]  OP: Operation.NAIVE_FACTORIZATION on slice (185, 23) (remaining tasks 39)
2025-04-24 21:24:30,883 [DEBUG]  		naive factorization 23 columns (in 0.01644 secs)
2025-04-24 21:24:30,884 [DEBUG]  OP: Operation.NAIVE_FACTORIZATION on slice (201, 23) (remaining tasks 38)
2025-04-24 21:24:30,901 [DEBUG]  		naive factorization 23 columns (in 0.01697 secs)
2025-04-24 21:24:30,902 [DEBUG]  OP: Operation.NAIVE_FACTORIZATION on slice (178, 23) (remaining tasks 37)
2025-04-24 21:24:30,918 [DEBUG]  		naive factorization 23 columns (in 0.01616 secs)
2025-04-24 21:24:30,919 [DEBUG]  OP: Operation.NAIVE_FACTORIZATION on slice (163, 23) (remaining tasks 36)
2025-04-24 21:24:30,935 [DEBUG]  		naive factorization 23 columns (in 0.01544 secs)
2025-04-24 21:24:30,935 [DEBUG]  OP: Operation.NAIVE_FACTORIZATION on slice (206, 23) (remaining tasks 35)
2025-04-24 21:24:30,953 [DEBUG]  		naive factorization 23 columns (in 0.01741 secs)
2025-04-24 21:24:30,954 [DEBUG]  OP: Operation.NAIVE_FACTORIZATION on slice (185, 23) (remaining tasks 34)
2025-04-24 21:24:30,970 [DEBUG]  		naive factorization 23 columns (in 0.01600 secs)
2025-04-24 21:24:30,970 [DEBUG]  OP: Operation.NAIVE_FACTORIZATION on slice (226, 23) (remaining tasks 33)
2025-04-24 21:24:30,988 [DEBUG]  		naive factorization 23 columns (in 0.01704 secs)
2025-04-24 21:24:30,988 [DEBUG]  OP: Operation.NAIVE_FACTORIZATION on slice (196, 23) (remaining tasks 32)
2025-04-24 21:24:31,006 [DEBUG]  		naive factorization 23 columns (in 0.01684 secs)
2025-04-24 21:24:31,006 [DEBUG]  OP: Operation.SPLIT_ROWS on slice (376, 26) (remaining tasks 31)
2025-04-24 21:24:31,112 [DEBUG]  		found 2 row clusters (in 0.10580 secs)
2025-04-24 21:24:31,112 [DEBUG]  OP: Operation.SPLIT_ROWS on slice (331, 26) (remaining tasks 32)
2025-04-24 21:24:31,158 [DEBUG]  		found 2 row clusters (in 0.04502 secs)
2025-04-24 21:24:31,158 [DEBUG]  OP: Operation.SPLIT_ROWS on slice (402, 26) (remaining tasks 33)
2025-04-24 21:24:31,216 [DEBUG]  		found 2 row clusters (in 0.05829 secs)
2025-04-24 21:24:31,217 [DEBUG]  OP: Operation.SPLIT_ROWS on slice (334, 26) (remaining tasks 34)
2025-04-24 21:24:31,270 [DEBUG]  		found 2 row clusters (in 0.05292 secs)
2025-04-24 21:24:31,270 [DEBUG]  OP: Operation.SPLIT_ROWS on slice (399, 26) (remaining tasks 35)
2025-04-24 21:24:31,324 [DEBUG]  		found 2 row clusters (in 0.05449 secs)
2025-04-24 21:24:31,325 [DEBUG]  OP: Operation.SPLIT_ROWS on slice (372, 26) (remaining tasks 36)
2025-04-24 21:24:31,379 [DEBUG]  		found 2 row clusters (in 0.05397 secs)
2025-04-24 21:24:31,379 [DEBUG]  OP: Operation.SPLIT_ROWS on slice (381, 26) (remaining tasks 37)
2025-04-24 21:24:31,429 [DEBUG]  		found 2 row clusters (in 0.04956 secs)
2025-04-24 21:24:31,429 [DEBUG]  OP: Operation.SPLIT_ROWS on slice (380, 26) (remaining tasks 38)
2025-04-24 21:24:31,475 [DEBUG]  		found 2 row clusters (in 0.04624 secs)
2025-04-24 21:24:31,476 [DEBUG]  OP: Operation.NAIVE_FACTORIZATION on slice (191, 27) (remaining tasks 39)
2025-04-24 21:24:31,495 [DEBUG]  		naive factorization 27 columns (in 0.01892 secs)
2025-04-24 21:24:31,495 [DEBUG]  OP: Operation.NAIVE_FACTORIZATION on slice (193, 27) (remaining tasks 38)
2025-04-24 21:24:31,514 [DEBUG]  		naive factorization 27 columns (in 0.01906 secs)
2025-04-24 21:24:31,515 [DEBUG]  OP: Operation.NAIVE_FACTORIZATION on slice (189, 27) (remaining tasks 37)
2025-04-24 21:24:31,534 [DEBUG]  		naive factorization 27 columns (in 0.01962 secs)
2025-04-24 21:24:31,535 [DEBUG]  OP: Operation.NAIVE_FACTORIZATION on slice (198, 27) (remaining tasks 36)
2025-04-24 21:24:31,554 [DEBUG]  		naive factorization 27 columns (in 0.01887 secs)
2025-04-24 21:24:31,554 [DEBUG]  OP: Operation.NAIVE_FACTORIZATION on slice (181, 27) (remaining tasks 35)
2025-04-24 21:24:31,572 [DEBUG]  		naive factorization 27 columns (in 0.01726 secs)
2025-04-24 21:24:31,572 [DEBUG]  OP: Operation.NAIVE_FACTORIZATION on slice (177, 27) (remaining tasks 34)
2025-04-24 21:24:31,589 [DEBUG]  		naive factorization 27 columns (in 0.01677 secs)
2025-04-24 21:24:31,589 [DEBUG]  OP: Operation.NAIVE_FACTORIZATION on slice (174, 27) (remaining tasks 33)
2025-04-24 21:24:31,608 [DEBUG]  		naive factorization 27 columns (in 0.01845 secs)
2025-04-24 21:24:31,609 [DEBUG]  OP: Operation.NAIVE_FACTORIZATION on slice (205, 27) (remaining tasks 32)
2025-04-24 21:24:31,628 [DEBUG]  		naive factorization 27 columns (in 0.01939 secs)
2025-04-24 21:24:31,629 [DEBUG]  OP: Operation.NAIVE_FACTORIZATION on slice (193, 27) (remaining tasks 31)
2025-04-24 21:24:31,648 [DEBUG]  		naive factorization 27 columns (in 0.01863 secs)
2025-04-24 21:24:31,648 [DEBUG]  OP: Operation.NAIVE_FACTORIZATION on slice (176, 27) (remaining tasks 30)
2025-04-24 21:24:31,667 [DEBUG]  		naive factorization 27 columns (in 0.01836 secs)
2025-04-24 21:24:31,668 [DEBUG]  OP: Operation.NAIVE_FACTORIZATION on slice (169, 27) (remaining tasks 29)
2025-04-24 21:24:31,686 [DEBUG]  		naive factorization 27 columns (in 0.01792 secs)
2025-04-24 21:24:31,686 [DEBUG]  OP: Operation.NAIVE_FACTORIZATION on slice (222, 27) (remaining tasks 28)
2025-04-24 21:24:31,707 [DEBUG]  		naive factorization 27 columns (in 0.02066 secs)
2025-04-24 21:24:31,708 [DEBUG]  OP: Operation.NAIVE_FACTORIZATION on slice (188, 27) (remaining tasks 27)
2025-04-24 21:24:31,727 [DEBUG]  		naive factorization 27 columns (in 0.01843 secs)
2025-04-24 21:24:31,727 [DEBUG]  OP: Operation.NAIVE_FACTORIZATION on slice (178, 27) (remaining tasks 26)
2025-04-24 21:24:31,746 [DEBUG]  		naive factorization 27 columns (in 0.01840 secs)
2025-04-24 21:24:31,747 [DEBUG]  OP: Operation.NAIVE_FACTORIZATION on slice (137, 27) (remaining tasks 25)
2025-04-24 21:24:31,763 [DEBUG]  		naive factorization 27 columns (in 0.01606 secs)
2025-04-24 21:24:31,764 [DEBUG]  OP: Operation.NAIVE_FACTORIZATION on slice (168, 27) (remaining tasks 24)
2025-04-24 21:24:31,786 [DEBUG]  		naive factorization 27 columns (in 0.02178 secs)
2025-04-24 21:24:31,786 [DEBUG]  OP: Operation.NAIVE_FACTORIZATION on slice (233, 26) (remaining tasks 23)
2025-04-24 21:24:31,805 [DEBUG]  		naive factorization 26 columns (in 0.01806 secs)
2025-04-24 21:24:31,805 [DEBUG]  OP: Operation.NAIVE_FACTORIZATION on slice (159, 26) (remaining tasks 22)
2025-04-24 21:24:31,822 [DEBUG]  		naive factorization 26 columns (in 0.01697 secs)
2025-04-24 21:24:31,823 [DEBUG]  OP: Operation.NAIVE_FACTORIZATION on slice (187, 26) (remaining tasks 21)
2025-04-24 21:24:31,841 [DEBUG]  		naive factorization 26 columns (in 0.01808 secs)
2025-04-24 21:24:31,842 [DEBUG]  OP: Operation.NAIVE_FACTORIZATION on slice (195, 26) (remaining tasks 20)
2025-04-24 21:24:31,860 [DEBUG]  		naive factorization 26 columns (in 0.01782 secs)
2025-04-24 21:24:31,861 [DEBUG]  OP: Operation.NAIVE_FACTORIZATION on slice (208, 26) (remaining tasks 19)
2025-04-24 21:24:31,880 [DEBUG]  		naive factorization 26 columns (in 0.01944 secs)
2025-04-24 21:24:31,881 [DEBUG]  OP: Operation.NAIVE_FACTORIZATION on slice (205, 26) (remaining tasks 18)
2025-04-24 21:24:31,900 [DEBUG]  		naive factorization 26 columns (in 0.01846 secs)
2025-04-24 21:24:31,900 [DEBUG]  OP: Operation.NAIVE_FACTORIZATION on slice (161, 26) (remaining tasks 17)
2025-04-24 21:24:31,918 [DEBUG]  		naive factorization 26 columns (in 0.01713 secs)
2025-04-24 21:24:31,919 [DEBUG]  OP: Operation.NAIVE_FACTORIZATION on slice (199, 26) (remaining tasks 16)
2025-04-24 21:24:31,937 [DEBUG]  		naive factorization 26 columns (in 0.01811 secs)
2025-04-24 21:24:31,938 [DEBUG]  OP: Operation.NAIVE_FACTORIZATION on slice (200, 26) (remaining tasks 15)
2025-04-24 21:24:31,956 [DEBUG]  		naive factorization 26 columns (in 0.01840 secs)
2025-04-24 21:24:31,957 [DEBUG]  OP: Operation.NAIVE_FACTORIZATION on slice (176, 26) (remaining tasks 14)
2025-04-24 21:24:31,974 [DEBUG]  		naive factorization 26 columns (in 0.01693 secs)
2025-04-24 21:24:31,975 [DEBUG]  OP: Operation.NAIVE_FACTORIZATION on slice (164, 26) (remaining tasks 13)
2025-04-24 21:24:31,993 [DEBUG]  		naive factorization 26 columns (in 0.01777 secs)
2025-04-24 21:24:31,993 [DEBUG]  OP: Operation.NAIVE_FACTORIZATION on slice (167, 26) (remaining tasks 12)
2025-04-24 21:24:32,011 [DEBUG]  		naive factorization 26 columns (in 0.01740 secs)
2025-04-24 21:24:32,012 [DEBUG]  OP: Operation.NAIVE_FACTORIZATION on slice (205, 26) (remaining tasks 11)
2025-04-24 21:24:32,032 [DEBUG]  		naive factorization 26 columns (in 0.01957 secs)
2025-04-24 21:24:32,032 [DEBUG]  OP: Operation.NAIVE_FACTORIZATION on slice (197, 26) (remaining tasks 10)
2025-04-24 21:24:32,052 [DEBUG]  		naive factorization 26 columns (in 0.01997 secs)
2025-04-24 21:24:32,053 [DEBUG]  OP: Operation.NAIVE_FACTORIZATION on slice (179, 26) (remaining tasks 9)
2025-04-24 21:24:32,071 [DEBUG]  		naive factorization 26 columns (in 0.01805 secs)
2025-04-24 21:24:32,072 [DEBUG]  OP: Operation.NAIVE_FACTORIZATION on slice (155, 26) (remaining tasks 8)
2025-04-24 21:24:32,089 [DEBUG]  		naive factorization 26 columns (in 0.01720 secs)
2025-04-24 21:24:32,090 [DEBUG]  OP: Operation.NAIVE_FACTORIZATION on slice (212, 26) (remaining tasks 7)
2025-04-24 21:24:32,109 [DEBUG]  		naive factorization 26 columns (in 0.01844 secs)
2025-04-24 21:24:32,110 [DEBUG]  OP: Operation.NAIVE_FACTORIZATION on slice (187, 26) (remaining tasks 6)
2025-04-24 21:24:32,128 [DEBUG]  		naive factorization 26 columns (in 0.01813 secs)
2025-04-24 21:24:32,129 [DEBUG]  OP: Operation.NAIVE_FACTORIZATION on slice (208, 26) (remaining tasks 5)
2025-04-24 21:24:32,148 [DEBUG]  		naive factorization 26 columns (in 0.01901 secs)
2025-04-24 21:24:32,149 [DEBUG]  OP: Operation.NAIVE_FACTORIZATION on slice (164, 26) (remaining tasks 4)
2025-04-24 21:24:32,166 [DEBUG]  		naive factorization 26 columns (in 0.01728 secs)
2025-04-24 21:24:32,167 [DEBUG]  OP: Operation.NAIVE_FACTORIZATION on slice (194, 26) (remaining tasks 3)
2025-04-24 21:24:32,185 [DEBUG]  		naive factorization 26 columns (in 0.01771 secs)
2025-04-24 21:24:32,185 [DEBUG]  OP: Operation.NAIVE_FACTORIZATION on slice (187, 26) (remaining tasks 2)
2025-04-24 21:24:32,204 [DEBUG]  		naive factorization 26 columns (in 0.01831 secs)
2025-04-24 21:24:32,205 [DEBUG]  OP: Operation.NAIVE_FACTORIZATION on slice (210, 26) (remaining tasks 1)
2025-04-24 21:24:32,224 [DEBUG]  		naive factorization 26 columns (in 0.01945 secs)
2025-04-24 21:24:32,225 [DEBUG]  OP: Operation.NAIVE_FACTORIZATION on slice (170, 26) (remaining tasks 0)
2025-04-24 21:24:32,243 [DEBUG]  		naive factorization 26 columns (in 0.01750 secs)
2025-04-24 21:24:45,423 [DEBUG]  Built SPN in 2270.441917607037 sec
2025-04-24 21:24:45,423 [INFO ]  Saving ensemble to /home/dafn/card/deepcard/collected_temp_benchmarks/spn_ensembles/Lattice-physics/ensemble_single_raw1_10000000.pkl
