2025-04-24 21:28:11,925 [INFO ]  Creating naive ensemble.
2025-04-24 21:28:11,926 [INFO ]  Learning SPN for raw1.
2025-04-24 21:28:11,926 [DEBUG]  generate_join_sample(single_table=raw1, relationship_list=None, split_condition=None)
2025-04-24 21:28:11,965 [DEBUG]  Using min_instance_slice parameter 240.0.
2025-04-24 21:28:11,965 [INFO ]  SPN training phase with 24000 samples
2025-04-24 21:28:12,032 [DEBUG]  Built domains in 0.0669203259749338 sec
2025-04-24 21:28:12,392 [DEBUG]  CACHEDIR=/home/dafn/.cache/matplotlib
2025-04-24 21:28:12,394 [DEBUG]  Using fontManager instance from /home/dafn/.cache/matplotlib/fontlist-v300.json
2025-04-24 21:28:12,489 [DEBUG]  Loaded backend qt5agg version unknown.
2025-04-24 21:28:12,520 [DEBUG]  Loaded backend qt5agg version unknown.
2025-04-24 21:28:12,521 [DEBUG]  Loaded backend qt4agg version unknown.
2025-04-24 21:28:12,527 [DEBUG]  Loaded backend tkagg version unknown.
2025-04-24 21:28:12,528 [DEBUG]  Loaded backend agg version unknown.
2025-04-24 21:28:12,528 [DEBUG]  Loaded backend agg version unknown.
2025-04-24 21:28:12,534 [DEBUG]  OP: Operation.SPLIT_ROWS on slice (24000, 41) (remaining tasks 0)
2025-04-24 21:28:14,400 [DEBUG]  		found 2 row clusters (in 1.86552 secs)
2025-04-24 21:28:14,403 [DEBUG]  OP: Operation.SPLIT_COLUMNS on slice (12002, 41) (remaining tasks 1)
2025-04-24 21:28:44,406 [DEBUG]  		found 40 col clusters (in 30.00229 secs)
2025-04-24 21:28:44,422 [DEBUG]  OP: Operation.SPLIT_COLUMNS on slice (11998, 41) (remaining tasks 40)
2025-04-24 21:29:15,943 [DEBUG]  		found 40 col clusters (in 31.51252 secs)
2025-04-24 21:29:15,944 [DEBUG]  OP: Operation.SPLIT_COLUMNS on slice (12002, 2) (remaining tasks 79)
2025-04-24 21:29:16,112 [DEBUG]  		found 1 col clusters (in 0.16805 secs)
2025-04-24 21:29:16,112 [DEBUG]  OP: Operation.CREATE_LEAF on slice (12002, 1) (remaining tasks 79)
2025-04-24 21:29:16,124 [DEBUG]  		 created leaf IdentityNumericLeaf for scope=[2] (in 0.01169 secs)
2025-04-24 21:29:16,124 [DEBUG]  OP: Operation.CREATE_LEAF on slice (12002, 1) (remaining tasks 78)
2025-04-24 21:29:16,136 [DEBUG]  		 created leaf IdentityNumericLeaf for scope=[3] (in 0.01179 secs)
2025-04-24 21:29:16,137 [DEBUG]  OP: Operation.CREATE_LEAF on slice (12002, 1) (remaining tasks 77)
2025-04-24 21:29:16,150 [DEBUG]  		 created leaf IdentityNumericLeaf for scope=[4] (in 0.01317 secs)
2025-04-24 21:29:16,150 [DEBUG]  OP: Operation.CREATE_LEAF on slice (12002, 1) (remaining tasks 76)
2025-04-24 21:29:16,163 [DEBUG]  		 created leaf IdentityNumericLeaf for scope=[5] (in 0.01217 secs)
2025-04-24 21:29:16,163 [DEBUG]  OP: Operation.CREATE_LEAF on slice (12002, 1) (remaining tasks 75)
2025-04-24 21:29:16,173 [DEBUG]  		 created leaf IdentityNumericLeaf for scope=[6] (in 0.00977 secs)
2025-04-24 21:29:16,173 [DEBUG]  OP: Operation.CREATE_LEAF on slice (12002, 1) (remaining tasks 74)
2025-04-24 21:29:16,181 [DEBUG]  		 created leaf IdentityNumericLeaf for scope=[7] (in 0.00846 secs)
2025-04-24 21:29:16,181 [DEBUG]  OP: Operation.CREATE_LEAF on slice (12002, 1) (remaining tasks 73)
2025-04-24 21:29:16,189 [DEBUG]  		 created leaf IdentityNumericLeaf for scope=[8] (in 0.00777 secs)
2025-04-24 21:29:16,189 [DEBUG]  OP: Operation.CREATE_LEAF on slice (12002, 1) (remaining tasks 72)
2025-04-24 21:29:16,197 [DEBUG]  		 created leaf IdentityNumericLeaf for scope=[9] (in 0.00715 secs)
2025-04-24 21:29:16,197 [DEBUG]  OP: Operation.CREATE_LEAF on slice (12002, 1) (remaining tasks 71)
2025-04-24 21:29:16,204 [DEBUG]  		 created leaf IdentityNumericLeaf for scope=[10] (in 0.00722 secs)
2025-04-24 21:29:16,204 [DEBUG]  OP: Operation.CREATE_LEAF on slice (12002, 1) (remaining tasks 70)
2025-04-24 21:29:16,212 [DEBUG]  		 created leaf IdentityNumericLeaf for scope=[11] (in 0.00725 secs)
2025-04-24 21:29:16,212 [DEBUG]  OP: Operation.CREATE_LEAF on slice (12002, 1) (remaining tasks 69)
2025-04-24 21:29:16,219 [DEBUG]  		 created leaf IdentityNumericLeaf for scope=[12] (in 0.00723 secs)
2025-04-24 21:29:16,219 [DEBUG]  OP: Operation.CREATE_LEAF on slice (12002, 1) (remaining tasks 68)
2025-04-24 21:29:16,227 [DEBUG]  		 created leaf IdentityNumericLeaf for scope=[13] (in 0.00723 secs)
2025-04-24 21:29:16,227 [DEBUG]  OP: Operation.CREATE_LEAF on slice (12002, 1) (remaining tasks 67)
2025-04-24 21:29:16,234 [DEBUG]  		 created leaf IdentityNumericLeaf for scope=[14] (in 0.00723 secs)
2025-04-24 21:29:16,234 [DEBUG]  OP: Operation.CREATE_LEAF on slice (12002, 1) (remaining tasks 66)
2025-04-24 21:29:16,242 [DEBUG]  		 created leaf IdentityNumericLeaf for scope=[15] (in 0.00722 secs)
2025-04-24 21:29:16,242 [DEBUG]  OP: Operation.CREATE_LEAF on slice (12002, 1) (remaining tasks 65)
2025-04-24 21:29:16,249 [DEBUG]  		 created leaf IdentityNumericLeaf for scope=[16] (in 0.00726 secs)
2025-04-24 21:29:16,249 [DEBUG]  OP: Operation.CREATE_LEAF on slice (12002, 1) (remaining tasks 64)
2025-04-24 21:29:16,257 [DEBUG]  		 created leaf IdentityNumericLeaf for scope=[17] (in 0.00742 secs)
2025-04-24 21:29:16,257 [DEBUG]  OP: Operation.CREATE_LEAF on slice (12002, 1) (remaining tasks 63)
2025-04-24 21:29:16,264 [DEBUG]  		 created leaf IdentityNumericLeaf for scope=[18] (in 0.00723 secs)
2025-04-24 21:29:16,264 [DEBUG]  OP: Operation.CREATE_LEAF on slice (12002, 1) (remaining tasks 62)
2025-04-24 21:29:16,272 [DEBUG]  		 created leaf IdentityNumericLeaf for scope=[19] (in 0.00734 secs)
2025-04-24 21:29:16,272 [DEBUG]  OP: Operation.CREATE_LEAF on slice (12002, 1) (remaining tasks 61)
2025-04-24 21:29:16,279 [DEBUG]  		 created leaf IdentityNumericLeaf for scope=[20] (in 0.00651 secs)
2025-04-24 21:29:16,279 [DEBUG]  OP: Operation.CREATE_LEAF on slice (12002, 1) (remaining tasks 60)
2025-04-24 21:29:16,283 [DEBUG]  		 created leaf IdentityNumericLeaf for scope=[21] (in 0.00412 secs)
2025-04-24 21:29:16,283 [DEBUG]  OP: Operation.CREATE_LEAF on slice (12002, 1) (remaining tasks 59)
2025-04-24 21:29:16,287 [DEBUG]  		 created leaf IdentityNumericLeaf for scope=[22] (in 0.00424 secs)
2025-04-24 21:29:16,287 [DEBUG]  OP: Operation.CREATE_LEAF on slice (12002, 1) (remaining tasks 58)
2025-04-24 21:29:16,292 [DEBUG]  		 created leaf IdentityNumericLeaf for scope=[23] (in 0.00419 secs)
2025-04-24 21:29:16,292 [DEBUG]  OP: Operation.CREATE_LEAF on slice (12002, 1) (remaining tasks 57)
2025-04-24 21:29:16,296 [DEBUG]  		 created leaf IdentityNumericLeaf for scope=[24] (in 0.00420 secs)
2025-04-24 21:29:16,296 [DEBUG]  OP: Operation.CREATE_LEAF on slice (12002, 1) (remaining tasks 56)
2025-04-24 21:29:16,300 [DEBUG]  		 created leaf IdentityNumericLeaf for scope=[25] (in 0.00430 secs)
2025-04-24 21:29:16,301 [DEBUG]  OP: Operation.CREATE_LEAF on slice (12002, 1) (remaining tasks 55)
2025-04-24 21:29:16,305 [DEBUG]  		 created leaf IdentityNumericLeaf for scope=[26] (in 0.00416 secs)
2025-04-24 21:29:16,305 [DEBUG]  OP: Operation.CREATE_LEAF on slice (12002, 1) (remaining tasks 54)
2025-04-24 21:29:16,309 [DEBUG]  		 created leaf IdentityNumericLeaf for scope=[27] (in 0.00417 secs)
2025-04-24 21:29:16,309 [DEBUG]  OP: Operation.CREATE_LEAF on slice (12002, 1) (remaining tasks 53)
2025-04-24 21:29:16,313 [DEBUG]  		 created leaf IdentityNumericLeaf for scope=[28] (in 0.00412 secs)
2025-04-24 21:29:16,314 [DEBUG]  OP: Operation.CREATE_LEAF on slice (12002, 1) (remaining tasks 52)
2025-04-24 21:29:16,318 [DEBUG]  		 created leaf IdentityNumericLeaf for scope=[29] (in 0.00407 secs)
2025-04-24 21:29:16,318 [DEBUG]  OP: Operation.CREATE_LEAF on slice (12002, 1) (remaining tasks 51)
2025-04-24 21:29:16,322 [DEBUG]  		 created leaf IdentityNumericLeaf for scope=[30] (in 0.00410 secs)
2025-04-24 21:29:16,322 [DEBUG]  OP: Operation.CREATE_LEAF on slice (12002, 1) (remaining tasks 50)
2025-04-24 21:29:16,326 [DEBUG]  		 created leaf IdentityNumericLeaf for scope=[31] (in 0.00418 secs)
2025-04-24 21:29:16,326 [DEBUG]  OP: Operation.CREATE_LEAF on slice (12002, 1) (remaining tasks 49)
2025-04-24 21:29:16,331 [DEBUG]  		 created leaf IdentityNumericLeaf for scope=[32] (in 0.00414 secs)
2025-04-24 21:29:16,331 [DEBUG]  OP: Operation.CREATE_LEAF on slice (12002, 1) (remaining tasks 48)
2025-04-24 21:29:16,335 [DEBUG]  		 created leaf IdentityNumericLeaf for scope=[33] (in 0.00444 secs)
2025-04-24 21:29:16,335 [DEBUG]  OP: Operation.CREATE_LEAF on slice (12002, 1) (remaining tasks 47)
2025-04-24 21:29:16,339 [DEBUG]  		 created leaf IdentityNumericLeaf for scope=[34] (in 0.00407 secs)
2025-04-24 21:29:16,340 [DEBUG]  OP: Operation.CREATE_LEAF on slice (12002, 1) (remaining tasks 46)
2025-04-24 21:29:16,344 [DEBUG]  		 created leaf IdentityNumericLeaf for scope=[35] (in 0.00434 secs)
2025-04-24 21:29:16,344 [DEBUG]  OP: Operation.CREATE_LEAF on slice (12002, 1) (remaining tasks 45)
2025-04-24 21:29:16,348 [DEBUG]  		 created leaf IdentityNumericLeaf for scope=[36] (in 0.00400 secs)
2025-04-24 21:29:16,348 [DEBUG]  OP: Operation.CREATE_LEAF on slice (12002, 1) (remaining tasks 44)
2025-04-24 21:29:16,353 [DEBUG]  		 created leaf IdentityNumericLeaf for scope=[37] (in 0.00511 secs)
2025-04-24 21:29:16,354 [DEBUG]  OP: Operation.CREATE_LEAF on slice (12002, 1) (remaining tasks 43)
2025-04-24 21:29:16,358 [DEBUG]  		 created leaf IdentityNumericLeaf for scope=[38] (in 0.00414 secs)
2025-04-24 21:29:16,358 [DEBUG]  OP: Operation.CREATE_LEAF on slice (12002, 1) (remaining tasks 42)
2025-04-24 21:29:16,362 [DEBUG]  		 created leaf IdentityNumericLeaf for scope=[39] (in 0.00411 secs)
2025-04-24 21:29:16,362 [DEBUG]  OP: Operation.CREATE_LEAF on slice (12002, 1) (remaining tasks 41)
2025-04-24 21:29:16,366 [DEBUG]  		 created leaf IdentityNumericLeaf for scope=[40] (in 0.00423 secs)
2025-04-24 21:29:16,367 [DEBUG]  OP: Operation.SPLIT_COLUMNS on slice (11998, 2) (remaining tasks 40)
2025-04-24 21:29:16,478 [DEBUG]  		found 1 col clusters (in 0.11132 secs)
2025-04-24 21:29:16,479 [DEBUG]  OP: Operation.CREATE_LEAF on slice (11998, 1) (remaining tasks 40)
2025-04-24 21:29:16,486 [DEBUG]  		 created leaf IdentityNumericLeaf for scope=[2] (in 0.00693 secs)
2025-04-24 21:29:16,486 [DEBUG]  OP: Operation.CREATE_LEAF on slice (11998, 1) (remaining tasks 39)
2025-04-24 21:29:16,493 [DEBUG]  		 created leaf IdentityNumericLeaf for scope=[3] (in 0.00691 secs)
2025-04-24 21:29:16,493 [DEBUG]  OP: Operation.CREATE_LEAF on slice (11998, 1) (remaining tasks 38)
2025-04-24 21:29:16,500 [DEBUG]  		 created leaf IdentityNumericLeaf for scope=[4] (in 0.00692 secs)
2025-04-24 21:29:16,500 [DEBUG]  OP: Operation.CREATE_LEAF on slice (11998, 1) (remaining tasks 37)
2025-04-24 21:29:16,507 [DEBUG]  		 created leaf IdentityNumericLeaf for scope=[5] (in 0.00694 secs)
2025-04-24 21:29:16,507 [DEBUG]  OP: Operation.CREATE_LEAF on slice (11998, 1) (remaining tasks 36)
2025-04-24 21:29:16,514 [DEBUG]  		 created leaf IdentityNumericLeaf for scope=[6] (in 0.00690 secs)
2025-04-24 21:29:16,515 [DEBUG]  OP: Operation.CREATE_LEAF on slice (11998, 1) (remaining tasks 35)
2025-04-24 21:29:16,522 [DEBUG]  		 created leaf IdentityNumericLeaf for scope=[7] (in 0.00691 secs)
2025-04-24 21:29:16,522 [DEBUG]  OP: Operation.CREATE_LEAF on slice (11998, 1) (remaining tasks 34)
2025-04-24 21:29:16,529 [DEBUG]  		 created leaf IdentityNumericLeaf for scope=[8] (in 0.00692 secs)
2025-04-24 21:29:16,529 [DEBUG]  OP: Operation.CREATE_LEAF on slice (11998, 1) (remaining tasks 33)
2025-04-24 21:29:16,536 [DEBUG]  		 created leaf IdentityNumericLeaf for scope=[9] (in 0.00707 secs)
2025-04-24 21:29:16,536 [DEBUG]  OP: Operation.CREATE_LEAF on slice (11998, 1) (remaining tasks 32)
2025-04-24 21:29:16,544 [DEBUG]  		 created leaf IdentityNumericLeaf for scope=[10] (in 0.00740 secs)
2025-04-24 21:29:16,544 [DEBUG]  OP: Operation.CREATE_LEAF on slice (11998, 1) (remaining tasks 31)
2025-04-24 21:29:16,551 [DEBUG]  		 created leaf IdentityNumericLeaf for scope=[11] (in 0.00721 secs)
2025-04-24 21:29:16,551 [DEBUG]  OP: Operation.CREATE_LEAF on slice (11998, 1) (remaining tasks 30)
2025-04-24 21:29:16,559 [DEBUG]  		 created leaf IdentityNumericLeaf for scope=[12] (in 0.00748 secs)
2025-04-24 21:29:16,559 [DEBUG]  OP: Operation.CREATE_LEAF on slice (11998, 1) (remaining tasks 29)
2025-04-24 21:29:16,567 [DEBUG]  		 created leaf IdentityNumericLeaf for scope=[13] (in 0.00733 secs)
2025-04-24 21:29:16,567 [DEBUG]  OP: Operation.CREATE_LEAF on slice (11998, 1) (remaining tasks 28)
2025-04-24 21:29:16,574 [DEBUG]  		 created leaf IdentityNumericLeaf for scope=[14] (in 0.00720 secs)
2025-04-24 21:29:16,574 [DEBUG]  OP: Operation.CREATE_LEAF on slice (11998, 1) (remaining tasks 27)
2025-04-24 21:29:16,582 [DEBUG]  		 created leaf IdentityNumericLeaf for scope=[15] (in 0.00723 secs)
2025-04-24 21:29:16,582 [DEBUG]  OP: Operation.CREATE_LEAF on slice (11998, 1) (remaining tasks 26)
2025-04-24 21:29:16,589 [DEBUG]  		 created leaf IdentityNumericLeaf for scope=[16] (in 0.00735 secs)
2025-04-24 21:29:16,589 [DEBUG]  OP: Operation.CREATE_LEAF on slice (11998, 1) (remaining tasks 25)
2025-04-24 21:29:16,596 [DEBUG]  		 created leaf IdentityNumericLeaf for scope=[17] (in 0.00606 secs)
2025-04-24 21:29:16,596 [DEBUG]  OP: Operation.CREATE_LEAF on slice (11998, 1) (remaining tasks 24)
2025-04-24 21:29:16,600 [DEBUG]  		 created leaf IdentityNumericLeaf for scope=[18] (in 0.00431 secs)
2025-04-24 21:29:16,600 [DEBUG]  OP: Operation.CREATE_LEAF on slice (11998, 1) (remaining tasks 23)
2025-04-24 21:29:16,604 [DEBUG]  		 created leaf IdentityNumericLeaf for scope=[19] (in 0.00422 secs)
2025-04-24 21:29:16,605 [DEBUG]  OP: Operation.CREATE_LEAF on slice (11998, 1) (remaining tasks 22)
2025-04-24 21:29:16,609 [DEBUG]  		 created leaf IdentityNumericLeaf for scope=[20] (in 0.00421 secs)
2025-04-24 21:29:16,609 [DEBUG]  OP: Operation.CREATE_LEAF on slice (11998, 1) (remaining tasks 21)
2025-04-24 21:29:16,613 [DEBUG]  		 created leaf IdentityNumericLeaf for scope=[21] (in 0.00424 secs)
2025-04-24 21:29:16,613 [DEBUG]  OP: Operation.CREATE_LEAF on slice (11998, 1) (remaining tasks 20)
2025-04-24 21:29:16,618 [DEBUG]  		 created leaf IdentityNumericLeaf for scope=[22] (in 0.00416 secs)
2025-04-24 21:29:16,618 [DEBUG]  OP: Operation.CREATE_LEAF on slice (11998, 1) (remaining tasks 19)
2025-04-24 21:29:16,622 [DEBUG]  		 created leaf IdentityNumericLeaf for scope=[23] (in 0.00410 secs)
2025-04-24 21:29:16,622 [DEBUG]  OP: Operation.CREATE_LEAF on slice (11998, 1) (remaining tasks 18)
2025-04-24 21:29:16,626 [DEBUG]  		 created leaf IdentityNumericLeaf for scope=[24] (in 0.00423 secs)
2025-04-24 21:29:16,626 [DEBUG]  OP: Operation.CREATE_LEAF on slice (11998, 1) (remaining tasks 17)
2025-04-24 21:29:16,631 [DEBUG]  		 created leaf IdentityNumericLeaf for scope=[25] (in 0.00413 secs)
2025-04-24 21:29:16,631 [DEBUG]  OP: Operation.CREATE_LEAF on slice (11998, 1) (remaining tasks 16)
2025-04-24 21:29:16,635 [DEBUG]  		 created leaf IdentityNumericLeaf for scope=[26] (in 0.00406 secs)
2025-04-24 21:29:16,635 [DEBUG]  OP: Operation.CREATE_LEAF on slice (11998, 1) (remaining tasks 15)
2025-04-24 21:29:16,639 [DEBUG]  		 created leaf IdentityNumericLeaf for scope=[27] (in 0.00417 secs)
2025-04-24 21:29:16,639 [DEBUG]  OP: Operation.CREATE_LEAF on slice (11998, 1) (remaining tasks 14)
2025-04-24 21:29:16,643 [DEBUG]  		 created leaf IdentityNumericLeaf for scope=[28] (in 0.00400 secs)
2025-04-24 21:29:16,643 [DEBUG]  OP: Operation.CREATE_LEAF on slice (11998, 1) (remaining tasks 13)
2025-04-24 21:29:16,648 [DEBUG]  		 created leaf IdentityNumericLeaf for scope=[29] (in 0.00430 secs)
2025-04-24 21:29:16,648 [DEBUG]  OP: Operation.CREATE_LEAF on slice (11998, 1) (remaining tasks 12)
2025-04-24 21:29:16,652 [DEBUG]  		 created leaf IdentityNumericLeaf for scope=[30] (in 0.00429 secs)
2025-04-24 21:29:16,652 [DEBUG]  OP: Operation.CREATE_LEAF on slice (11998, 1) (remaining tasks 11)
2025-04-24 21:29:16,657 [DEBUG]  		 created leaf IdentityNumericLeaf for scope=[31] (in 0.00422 secs)
2025-04-24 21:29:16,657 [DEBUG]  OP: Operation.CREATE_LEAF on slice (11998, 1) (remaining tasks 10)
2025-04-24 21:29:16,662 [DEBUG]  		 created leaf IdentityNumericLeaf for scope=[32] (in 0.00467 secs)
2025-04-24 21:29:16,662 [DEBUG]  OP: Operation.CREATE_LEAF on slice (11998, 1) (remaining tasks 9)
2025-04-24 21:29:16,666 [DEBUG]  		 created leaf IdentityNumericLeaf for scope=[33] (in 0.00422 secs)
2025-04-24 21:29:16,666 [DEBUG]  OP: Operation.CREATE_LEAF on slice (11998, 1) (remaining tasks 8)
2025-04-24 21:29:16,670 [DEBUG]  		 created leaf IdentityNumericLeaf for scope=[34] (in 0.00412 secs)
2025-04-24 21:29:16,670 [DEBUG]  OP: Operation.CREATE_LEAF on slice (11998, 1) (remaining tasks 7)
2025-04-24 21:29:16,675 [DEBUG]  		 created leaf IdentityNumericLeaf for scope=[35] (in 0.00411 secs)
2025-04-24 21:29:16,675 [DEBUG]  OP: Operation.CREATE_LEAF on slice (11998, 1) (remaining tasks 6)
2025-04-24 21:29:16,679 [DEBUG]  		 created leaf IdentityNumericLeaf for scope=[36] (in 0.00424 secs)
2025-04-24 21:29:16,679 [DEBUG]  OP: Operation.CREATE_LEAF on slice (11998, 1) (remaining tasks 5)
2025-04-24 21:29:16,683 [DEBUG]  		 created leaf IdentityNumericLeaf for scope=[37] (in 0.00403 secs)
2025-04-24 21:29:16,683 [DEBUG]  OP: Operation.CREATE_LEAF on slice (11998, 1) (remaining tasks 4)
2025-04-24 21:29:16,688 [DEBUG]  		 created leaf IdentityNumericLeaf for scope=[38] (in 0.00417 secs)
2025-04-24 21:29:16,688 [DEBUG]  OP: Operation.CREATE_LEAF on slice (11998, 1) (remaining tasks 3)
2025-04-24 21:29:16,692 [DEBUG]  		 created leaf IdentityNumericLeaf for scope=[39] (in 0.00416 secs)
2025-04-24 21:29:16,692 [DEBUG]  OP: Operation.CREATE_LEAF on slice (11998, 1) (remaining tasks 2)
2025-04-24 21:29:16,696 [DEBUG]  		 created leaf IdentityNumericLeaf for scope=[40] (in 0.00419 secs)
2025-04-24 21:29:16,697 [DEBUG]  OP: Operation.SPLIT_ROWS on slice (12002, 2) (remaining tasks 1)
2025-04-24 21:29:16,786 [DEBUG]  		found 2 row clusters (in 0.08989 secs)
2025-04-24 21:29:16,787 [DEBUG]  OP: Operation.SPLIT_ROWS on slice (11998, 2) (remaining tasks 2)
2025-04-24 21:29:16,863 [DEBUG]  		found 2 row clusters (in 0.07657 secs)
2025-04-24 21:29:16,864 [DEBUG]  OP: Operation.SPLIT_COLUMNS on slice (6771, 2) (remaining tasks 3)
2025-04-24 21:29:16,973 [DEBUG]  		found 1 col clusters (in 0.10878 secs)
2025-04-24 21:29:16,974 [DEBUG]  OP: Operation.SPLIT_COLUMNS on slice (5231, 2) (remaining tasks 3)
2025-04-24 21:29:17,082 [DEBUG]  		found 1 col clusters (in 0.10798 secs)
2025-04-24 21:29:17,083 [DEBUG]  OP: Operation.SPLIT_COLUMNS on slice (5159, 2) (remaining tasks 3)
2025-04-24 21:29:17,191 [DEBUG]  		found 1 col clusters (in 0.10781 secs)
2025-04-24 21:29:17,192 [DEBUG]  OP: Operation.SPLIT_COLUMNS on slice (6839, 2) (remaining tasks 3)
2025-04-24 21:29:17,301 [DEBUG]  		found 1 col clusters (in 0.10909 secs)
2025-04-24 21:29:17,302 [DEBUG]  OP: Operation.SPLIT_ROWS on slice (6771, 2) (remaining tasks 3)
2025-04-24 21:29:17,393 [DEBUG]  		found 2 row clusters (in 0.09115 secs)
2025-04-24 21:29:17,394 [DEBUG]  OP: Operation.SPLIT_ROWS on slice (5231, 2) (remaining tasks 4)
2025-04-24 21:29:17,445 [DEBUG]  		found 2 row clusters (in 0.05125 secs)
2025-04-24 21:29:17,446 [DEBUG]  OP: Operation.SPLIT_ROWS on slice (5159, 2) (remaining tasks 5)
2025-04-24 21:29:17,491 [DEBUG]  		found 2 row clusters (in 0.04479 secs)
2025-04-24 21:29:17,491 [DEBUG]  OP: Operation.SPLIT_ROWS on slice (6839, 2) (remaining tasks 6)
2025-04-24 21:29:17,539 [DEBUG]  		found 2 row clusters (in 0.04796 secs)
2025-04-24 21:29:17,539 [DEBUG]  OP: Operation.SPLIT_COLUMNS on slice (4249, 2) (remaining tasks 7)
2025-04-24 21:29:17,648 [DEBUG]  		found 1 col clusters (in 0.10829 secs)
2025-04-24 21:29:17,648 [DEBUG]  OP: Operation.SPLIT_COLUMNS on slice (2522, 2) (remaining tasks 7)
2025-04-24 21:29:17,756 [DEBUG]  		found 1 col clusters (in 0.10742 secs)
2025-04-24 21:29:17,757 [DEBUG]  OP: Operation.SPLIT_COLUMNS on slice (3654, 2) (remaining tasks 7)
2025-04-24 21:29:17,869 [DEBUG]  		found 1 col clusters (in 0.11206 secs)
2025-04-24 21:29:17,870 [DEBUG]  OP: Operation.SPLIT_COLUMNS on slice (1577, 2) (remaining tasks 7)
2025-04-24 21:29:17,979 [DEBUG]  		found 1 col clusters (in 0.10934 secs)
2025-04-24 21:29:17,980 [DEBUG]  OP: Operation.SPLIT_COLUMNS on slice (3708, 2) (remaining tasks 7)
2025-04-24 21:29:18,087 [DEBUG]  		found 1 col clusters (in 0.10702 secs)
2025-04-24 21:29:18,088 [DEBUG]  OP: Operation.SPLIT_COLUMNS on slice (1451, 2) (remaining tasks 7)
2025-04-24 21:29:18,193 [DEBUG]  		found 1 col clusters (in 0.10536 secs)
2025-04-24 21:29:18,194 [DEBUG]  OP: Operation.SPLIT_COLUMNS on slice (4261, 2) (remaining tasks 7)
2025-04-24 21:29:18,301 [DEBUG]  		found 1 col clusters (in 0.10735 secs)
2025-04-24 21:29:18,302 [DEBUG]  OP: Operation.SPLIT_COLUMNS on slice (2578, 2) (remaining tasks 7)
2025-04-24 21:29:18,408 [DEBUG]  		found 1 col clusters (in 0.10646 secs)
2025-04-24 21:29:18,409 [DEBUG]  OP: Operation.SPLIT_ROWS on slice (4249, 2) (remaining tasks 7)
2025-04-24 21:29:18,468 [DEBUG]  		found 2 row clusters (in 0.05839 secs)
2025-04-24 21:29:18,468 [DEBUG]  OP: Operation.SPLIT_ROWS on slice (2522, 2) (remaining tasks 8)
2025-04-24 21:29:18,521 [DEBUG]  		found 2 row clusters (in 0.05291 secs)
2025-04-24 21:29:18,522 [DEBUG]  OP: Operation.SPLIT_ROWS on slice (3654, 2) (remaining tasks 9)
2025-04-24 21:29:18,554 [DEBUG]  		found 2 row clusters (in 0.03229 secs)
2025-04-24 21:29:18,554 [DEBUG]  OP: Operation.SPLIT_ROWS on slice (1577, 2) (remaining tasks 10)
2025-04-24 21:29:18,584 [DEBUG]  		found 2 row clusters (in 0.02938 secs)
2025-04-24 21:29:18,584 [DEBUG]  OP: Operation.SPLIT_ROWS on slice (3708, 2) (remaining tasks 11)
2025-04-24 21:29:18,621 [DEBUG]  		found 2 row clusters (in 0.03693 secs)
2025-04-24 21:29:18,621 [DEBUG]  OP: Operation.SPLIT_ROWS on slice (1451, 2) (remaining tasks 12)
2025-04-24 21:29:18,649 [DEBUG]  		found 2 row clusters (in 0.02795 secs)
2025-04-24 21:29:18,650 [DEBUG]  OP: Operation.SPLIT_ROWS on slice (4261, 2) (remaining tasks 13)
2025-04-24 21:29:18,686 [DEBUG]  		found 2 row clusters (in 0.03573 secs)
2025-04-24 21:29:18,686 [DEBUG]  OP: Operation.SPLIT_ROWS on slice (2578, 2) (remaining tasks 14)
2025-04-24 21:29:18,715 [DEBUG]  		found 2 row clusters (in 0.02910 secs)
2025-04-24 21:29:18,715 [DEBUG]  OP: Operation.SPLIT_COLUMNS on slice (2144, 2) (remaining tasks 15)
2025-04-24 21:29:18,823 [DEBUG]  		found 2 col clusters (in 0.10717 secs)
2025-04-24 21:29:18,823 [DEBUG]  OP: Operation.SPLIT_COLUMNS on slice (2105, 2) (remaining tasks 16)
2025-04-24 21:29:18,928 [DEBUG]  		found 2 col clusters (in 0.10544 secs)
2025-04-24 21:29:18,929 [DEBUG]  OP: Operation.SPLIT_COLUMNS on slice (1726, 2) (remaining tasks 17)
2025-04-24 21:29:19,037 [DEBUG]  		found 2 col clusters (in 0.10751 secs)
2025-04-24 21:29:19,037 [DEBUG]  OP: Operation.SPLIT_COLUMNS on slice (796, 2) (remaining tasks 18)
2025-04-24 21:29:19,143 [DEBUG]  		found 1 col clusters (in 0.10580 secs)
2025-04-24 21:29:19,143 [DEBUG]  OP: Operation.SPLIT_COLUMNS on slice (1546, 2) (remaining tasks 18)
2025-04-24 21:29:19,249 [DEBUG]  		found 2 col clusters (in 0.10569 secs)
2025-04-24 21:29:19,250 [DEBUG]  OP: Operation.SPLIT_COLUMNS on slice (2108, 2) (remaining tasks 19)
2025-04-24 21:29:19,356 [DEBUG]  		found 2 col clusters (in 0.10624 secs)
2025-04-24 21:29:19,356 [DEBUG]  OP: Operation.SPLIT_COLUMNS on slice (1154, 2) (remaining tasks 20)
2025-04-24 21:29:19,462 [DEBUG]  		found 1 col clusters (in 0.10523 secs)
2025-04-24 21:29:19,462 [DEBUG]  OP: Operation.SPLIT_COLUMNS on slice (423, 2) (remaining tasks 20)
2025-04-24 21:29:19,568 [DEBUG]  		found 1 col clusters (in 0.10538 secs)
2025-04-24 21:29:19,568 [DEBUG]  OP: Operation.SPLIT_COLUMNS on slice (2050, 2) (remaining tasks 20)
2025-04-24 21:29:19,674 [DEBUG]  		found 2 col clusters (in 0.10611 secs)
2025-04-24 21:29:19,675 [DEBUG]  OP: Operation.SPLIT_COLUMNS on slice (1658, 2) (remaining tasks 21)
2025-04-24 21:29:19,781 [DEBUG]  		found 2 col clusters (in 0.10587 secs)
2025-04-24 21:29:19,781 [DEBUG]  OP: Operation.SPLIT_COLUMNS on slice (1065, 2) (remaining tasks 22)
2025-04-24 21:29:19,887 [DEBUG]  		found 2 col clusters (in 0.10618 secs)
2025-04-24 21:29:19,888 [DEBUG]  OP: Operation.SPLIT_COLUMNS on slice (386, 2) (remaining tasks 23)
2025-04-24 21:29:19,993 [DEBUG]  		found 1 col clusters (in 0.10545 secs)
2025-04-24 21:29:19,994 [DEBUG]  OP: Operation.SPLIT_COLUMNS on slice (2035, 2) (remaining tasks 23)
2025-04-24 21:29:20,100 [DEBUG]  		found 2 col clusters (in 0.10659 secs)
2025-04-24 21:29:20,101 [DEBUG]  OP: Operation.SPLIT_COLUMNS on slice (2226, 2) (remaining tasks 24)
2025-04-24 21:29:20,207 [DEBUG]  		found 2 col clusters (in 0.10586 secs)
2025-04-24 21:29:20,207 [DEBUG]  OP: Operation.SPLIT_COLUMNS on slice (1728, 2) (remaining tasks 25)
2025-04-24 21:29:20,313 [DEBUG]  		found 2 col clusters (in 0.10591 secs)
2025-04-24 21:29:20,314 [DEBUG]  OP: Operation.SPLIT_COLUMNS on slice (850, 2) (remaining tasks 26)
2025-04-24 21:29:20,420 [DEBUG]  		found 1 col clusters (in 0.10575 secs)
2025-04-24 21:29:20,420 [DEBUG]  OP: Operation.CREATE_LEAF on slice (2144, 1) (remaining tasks 26)
2025-04-24 21:29:20,421 [DEBUG]  		 created leaf IdentityNumericLeaf for scope=[0] (in 0.00135 secs)
2025-04-24 21:29:20,421 [DEBUG]  OP: Operation.CREATE_LEAF on slice (2144, 1) (remaining tasks 25)
2025-04-24 21:29:20,423 [DEBUG]  		 created leaf IdentityNumericLeaf for scope=[1] (in 0.00152 secs)
2025-04-24 21:29:20,423 [DEBUG]  OP: Operation.CREATE_LEAF on slice (2105, 1) (remaining tasks 24)
2025-04-24 21:29:20,424 [DEBUG]  		 created leaf IdentityNumericLeaf for scope=[0] (in 0.00131 secs)
2025-04-24 21:29:20,425 [DEBUG]  OP: Operation.CREATE_LEAF on slice (2105, 1) (remaining tasks 23)
2025-04-24 21:29:20,426 [DEBUG]  		 created leaf IdentityNumericLeaf for scope=[1] (in 0.00149 secs)
2025-04-24 21:29:20,426 [DEBUG]  OP: Operation.CREATE_LEAF on slice (1726, 1) (remaining tasks 22)
2025-04-24 21:29:20,428 [DEBUG]  		 created leaf IdentityNumericLeaf for scope=[0] (in 0.00120 secs)
2025-04-24 21:29:20,428 [DEBUG]  OP: Operation.CREATE_LEAF on slice (1726, 1) (remaining tasks 21)
2025-04-24 21:29:20,429 [DEBUG]  		 created leaf IdentityNumericLeaf for scope=[1] (in 0.00133 secs)
2025-04-24 21:29:20,429 [DEBUG]  OP: Operation.SPLIT_ROWS on slice (796, 2) (remaining tasks 20)
2025-04-24 21:29:20,466 [DEBUG]  		found 2 row clusters (in 0.03603 secs)
2025-04-24 21:29:20,466 [DEBUG]  OP: Operation.CREATE_LEAF on slice (1546, 1) (remaining tasks 21)
2025-04-24 21:29:20,467 [DEBUG]  		 created leaf IdentityNumericLeaf for scope=[0] (in 0.00108 secs)
2025-04-24 21:29:20,467 [DEBUG]  OP: Operation.CREATE_LEAF on slice (1546, 1) (remaining tasks 20)
2025-04-24 21:29:20,468 [DEBUG]  		 created leaf IdentityNumericLeaf for scope=[1] (in 0.00120 secs)
2025-04-24 21:29:20,468 [DEBUG]  OP: Operation.CREATE_LEAF on slice (2108, 1) (remaining tasks 19)
2025-04-24 21:29:20,470 [DEBUG]  		 created leaf IdentityNumericLeaf for scope=[0] (in 0.00130 secs)
2025-04-24 21:29:20,470 [DEBUG]  OP: Operation.CREATE_LEAF on slice (2108, 1) (remaining tasks 18)
2025-04-24 21:29:20,472 [DEBUG]  		 created leaf IdentityNumericLeaf for scope=[1] (in 0.00150 secs)
2025-04-24 21:29:20,472 [DEBUG]  OP: Operation.SPLIT_ROWS on slice (1154, 2) (remaining tasks 17)
2025-04-24 21:29:20,511 [DEBUG]  		found 2 row clusters (in 0.03866 secs)
2025-04-24 21:29:20,511 [DEBUG]  OP: Operation.SPLIT_ROWS on slice (423, 2) (remaining tasks 18)
2025-04-24 21:29:20,536 [DEBUG]  		found 2 row clusters (in 0.02491 secs)
2025-04-24 21:29:20,536 [DEBUG]  OP: Operation.CREATE_LEAF on slice (2050, 1) (remaining tasks 19)
2025-04-24 21:29:20,537 [DEBUG]  		 created leaf IdentityNumericLeaf for scope=[0] (in 0.00068 secs)
2025-04-24 21:29:20,537 [DEBUG]  OP: Operation.CREATE_LEAF on slice (2050, 1) (remaining tasks 18)
2025-04-24 21:29:20,538 [DEBUG]  		 created leaf IdentityNumericLeaf for scope=[1] (in 0.00084 secs)
2025-04-24 21:29:20,538 [DEBUG]  OP: Operation.CREATE_LEAF on slice (1658, 1) (remaining tasks 17)
2025-04-24 21:29:20,539 [DEBUG]  		 created leaf IdentityNumericLeaf for scope=[0] (in 0.00067 secs)
2025-04-24 21:29:20,539 [DEBUG]  OP: Operation.CREATE_LEAF on slice (1658, 1) (remaining tasks 16)
2025-04-24 21:29:20,540 [DEBUG]  		 created leaf IdentityNumericLeaf for scope=[1] (in 0.00075 secs)
2025-04-24 21:29:20,540 [DEBUG]  OP: Operation.CREATE_LEAF on slice (1065, 1) (remaining tasks 15)
2025-04-24 21:29:20,540 [DEBUG]  		 created leaf IdentityNumericLeaf for scope=[0] (in 0.00049 secs)
2025-04-24 21:29:20,540 [DEBUG]  OP: Operation.CREATE_LEAF on slice (1065, 1) (remaining tasks 14)
2025-04-24 21:29:20,541 [DEBUG]  		 created leaf IdentityNumericLeaf for scope=[1] (in 0.00051 secs)
2025-04-24 21:29:20,541 [DEBUG]  OP: Operation.SPLIT_ROWS on slice (386, 2) (remaining tasks 13)
2025-04-24 21:29:20,562 [DEBUG]  		found 2 row clusters (in 0.02063 secs)
2025-04-24 21:29:20,562 [DEBUG]  OP: Operation.CREATE_LEAF on slice (2035, 1) (remaining tasks 14)
2025-04-24 21:29:20,563 [DEBUG]  		 created leaf IdentityNumericLeaf for scope=[0] (in 0.00072 secs)
2025-04-24 21:29:20,563 [DEBUG]  OP: Operation.CREATE_LEAF on slice (2035, 1) (remaining tasks 13)
2025-04-24 21:29:20,564 [DEBUG]  		 created leaf IdentityNumericLeaf for scope=[1] (in 0.00089 secs)
2025-04-24 21:29:20,564 [DEBUG]  OP: Operation.CREATE_LEAF on slice (2226, 1) (remaining tasks 12)
2025-04-24 21:29:20,565 [DEBUG]  		 created leaf IdentityNumericLeaf for scope=[0] (in 0.00080 secs)
2025-04-24 21:29:20,565 [DEBUG]  OP: Operation.CREATE_LEAF on slice (2226, 1) (remaining tasks 11)
2025-04-24 21:29:20,566 [DEBUG]  		 created leaf IdentityNumericLeaf for scope=[1] (in 0.00091 secs)
2025-04-24 21:29:20,566 [DEBUG]  OP: Operation.CREATE_LEAF on slice (1728, 1) (remaining tasks 10)
2025-04-24 21:29:20,567 [DEBUG]  		 created leaf IdentityNumericLeaf for scope=[0] (in 0.00071 secs)
2025-04-24 21:29:20,567 [DEBUG]  OP: Operation.CREATE_LEAF on slice (1728, 1) (remaining tasks 9)
2025-04-24 21:29:20,568 [DEBUG]  		 created leaf IdentityNumericLeaf for scope=[1] (in 0.00078 secs)
2025-04-24 21:29:20,568 [DEBUG]  OP: Operation.SPLIT_ROWS on slice (850, 2) (remaining tasks 8)
2025-04-24 21:29:20,594 [DEBUG]  		found 2 row clusters (in 0.02636 secs)
2025-04-24 21:29:20,594 [DEBUG]  OP: Operation.SPLIT_COLUMNS on slice (590, 2) (remaining tasks 9)
2025-04-24 21:29:20,701 [DEBUG]  		found 2 col clusters (in 0.10684 secs)
2025-04-24 21:29:20,702 [DEBUG]  OP: Operation.NAIVE_FACTORIZATION on slice (206, 2) (remaining tasks 10)
2025-04-24 21:29:20,706 [DEBUG]  		naive factorization 2 columns (in 0.00462 secs)
2025-04-24 21:29:20,707 [DEBUG]  OP: Operation.SPLIT_COLUMNS on slice (659, 2) (remaining tasks 9)
2025-04-24 21:29:20,812 [DEBUG]  		found 2 col clusters (in 0.10506 secs)
2025-04-24 21:29:20,812 [DEBUG]  OP: Operation.SPLIT_COLUMNS on slice (495, 2) (remaining tasks 10)
2025-04-24 21:29:20,918 [DEBUG]  		found 2 col clusters (in 0.10527 secs)
2025-04-24 21:29:20,918 [DEBUG]  OP: Operation.SPLIT_COLUMNS on slice (342, 2) (remaining tasks 11)
2025-04-24 21:29:21,023 [DEBUG]  		found 1 col clusters (in 0.10541 secs)
2025-04-24 21:29:21,024 [DEBUG]  OP: Operation.NAIVE_FACTORIZATION on slice (81, 2) (remaining tasks 11)
2025-04-24 21:29:21,027 [DEBUG]  		naive factorization 2 columns (in 0.00361 secs)
2025-04-24 21:29:21,028 [DEBUG]  OP: Operation.SPLIT_COLUMNS on slice (305, 2) (remaining tasks 10)
2025-04-24 21:29:21,133 [DEBUG]  		found 1 col clusters (in 0.10487 secs)
2025-04-24 21:29:21,133 [DEBUG]  OP: Operation.NAIVE_FACTORIZATION on slice (81, 2) (remaining tasks 10)
2025-04-24 21:29:21,137 [DEBUG]  		naive factorization 2 columns (in 0.00370 secs)
2025-04-24 21:29:21,137 [DEBUG]  OP: Operation.SPLIT_COLUMNS on slice (634, 2) (remaining tasks 9)
2025-04-24 21:29:21,242 [DEBUG]  		found 2 col clusters (in 0.10497 secs)
2025-04-24 21:29:21,242 [DEBUG]  OP: Operation.NAIVE_FACTORIZATION on slice (216, 2) (remaining tasks 10)
2025-04-24 21:29:21,247 [DEBUG]  		naive factorization 2 columns (in 0.00468 secs)
2025-04-24 21:29:21,247 [DEBUG]  OP: Operation.CREATE_LEAF on slice (590, 1) (remaining tasks 9)
2025-04-24 21:29:21,248 [DEBUG]  		 created leaf IdentityNumericLeaf for scope=[0] (in 0.00061 secs)
2025-04-24 21:29:21,248 [DEBUG]  OP: Operation.CREATE_LEAF on slice (590, 1) (remaining tasks 8)
2025-04-24 21:29:21,249 [DEBUG]  		 created leaf IdentityNumericLeaf for scope=[1] (in 0.00061 secs)
2025-04-24 21:29:21,249 [DEBUG]  OP: Operation.CREATE_LEAF on slice (659, 1) (remaining tasks 7)
2025-04-24 21:29:21,249 [DEBUG]  		 created leaf IdentityNumericLeaf for scope=[0] (in 0.00063 secs)
2025-04-24 21:29:21,250 [DEBUG]  OP: Operation.CREATE_LEAF on slice (659, 1) (remaining tasks 6)
2025-04-24 21:29:21,250 [DEBUG]  		 created leaf IdentityNumericLeaf for scope=[1] (in 0.00064 secs)
2025-04-24 21:29:21,250 [DEBUG]  OP: Operation.CREATE_LEAF on slice (495, 1) (remaining tasks 5)
2025-04-24 21:29:21,251 [DEBUG]  		 created leaf IdentityNumericLeaf for scope=[0] (in 0.00053 secs)
2025-04-24 21:29:21,251 [DEBUG]  OP: Operation.CREATE_LEAF on slice (495, 1) (remaining tasks 4)
2025-04-24 21:29:21,252 [DEBUG]  		 created leaf IdentityNumericLeaf for scope=[1] (in 0.00053 secs)
2025-04-24 21:29:21,252 [DEBUG]  OP: Operation.SPLIT_ROWS on slice (342, 2) (remaining tasks 3)
2025-04-24 21:29:21,282 [DEBUG]  		found 2 row clusters (in 0.02955 secs)
2025-04-24 21:29:21,282 [DEBUG]  OP: Operation.SPLIT_ROWS on slice (305, 2) (remaining tasks 4)
2025-04-24 21:29:21,310 [DEBUG]  		found 2 row clusters (in 0.02750 secs)
2025-04-24 21:29:21,310 [DEBUG]  OP: Operation.CREATE_LEAF on slice (634, 1) (remaining tasks 5)
2025-04-24 21:29:21,311 [DEBUG]  		 created leaf IdentityNumericLeaf for scope=[0] (in 0.00065 secs)
2025-04-24 21:29:21,311 [DEBUG]  OP: Operation.CREATE_LEAF on slice (634, 1) (remaining tasks 4)
2025-04-24 21:29:21,311 [DEBUG]  		 created leaf IdentityNumericLeaf for scope=[1] (in 0.00063 secs)
2025-04-24 21:29:21,312 [DEBUG]  OP: Operation.NAIVE_FACTORIZATION on slice (206, 2) (remaining tasks 3)
2025-04-24 21:29:21,316 [DEBUG]  		naive factorization 2 columns (in 0.00471 secs)
2025-04-24 21:29:21,317 [DEBUG]  OP: Operation.NAIVE_FACTORIZATION on slice (136, 2) (remaining tasks 2)
2025-04-24 21:29:21,321 [DEBUG]  		naive factorization 2 columns (in 0.00410 secs)
2025-04-24 21:29:21,321 [DEBUG]  OP: Operation.NAIVE_FACTORIZATION on slice (192, 2) (remaining tasks 1)
2025-04-24 21:29:21,325 [DEBUG]  		naive factorization 2 columns (in 0.00424 secs)
2025-04-24 21:29:21,326 [DEBUG]  OP: Operation.NAIVE_FACTORIZATION on slice (113, 2) (remaining tasks 0)
2025-04-24 21:29:21,329 [DEBUG]  		naive factorization 2 columns (in 0.00336 secs)
2025-04-24 21:29:34,268 [DEBUG]  Built SPN in 82.23597985500237 sec
2025-04-24 21:29:34,268 [INFO ]  Saving ensemble to /home/dafn/card/deepcard/collected_temp_benchmarks/spn_ensembles/Lattice-physics/ensemble_single_raw1_10000000.pkl
