2025-04-24 21:37:24,432 [INFO ]  Creating naive ensemble.
2025-04-24 21:37:24,432 [INFO ]  Learning SPN for raw1.
2025-04-24 21:37:24,433 [DEBUG]  generate_join_sample(single_table=raw1, relationship_list=None, split_condition=None)
2025-04-24 21:37:24,471 [DEBUG]  Using min_instance_slice parameter 240.0.
2025-04-24 21:37:24,471 [INFO ]  SPN training phase with 24000 samples
2025-04-24 21:37:24,538 [DEBUG]  Built domains in 0.06709361198591068 sec
2025-04-24 21:37:24,891 [DEBUG]  CACHEDIR=/home/dafn/.cache/matplotlib
2025-04-24 21:37:24,893 [DEBUG]  Using fontManager instance from /home/dafn/.cache/matplotlib/fontlist-v300.json
2025-04-24 21:37:24,987 [DEBUG]  Loaded backend qt5agg version unknown.
2025-04-24 21:37:25,017 [DEBUG]  Loaded backend qt5agg version unknown.
2025-04-24 21:37:25,018 [DEBUG]  Loaded backend qt4agg version unknown.
2025-04-24 21:37:25,025 [DEBUG]  Loaded backend tkagg version unknown.
2025-04-24 21:37:25,025 [DEBUG]  Loaded backend agg version unknown.
2025-04-24 21:37:25,025 [DEBUG]  Loaded backend agg version unknown.
2025-04-24 21:37:25,032 [DEBUG]  OP: Operation.SPLIT_ROWS on slice (24000, 41) (remaining tasks 0)
2025-04-24 21:37:26,899 [DEBUG]  		found 2 row clusters (in 1.86637 secs)
2025-04-24 21:37:26,902 [DEBUG]  OP: Operation.SPLIT_COLUMNS on slice (12002, 41) (remaining tasks 1)
2025-04-24 21:37:58,689 [DEBUG]  		found 40 col clusters (in 31.78700 secs)
2025-04-24 21:37:58,708 [DEBUG]  OP: Operation.SPLIT_COLUMNS on slice (11998, 41) (remaining tasks 40)
2025-04-24 21:38:31,784 [DEBUG]  		found 40 col clusters (in 33.07580 secs)
2025-04-24 21:38:31,795 [DEBUG]  OP: Operation.SPLIT_COLUMNS on slice (12002, 2) (remaining tasks 79)
2025-04-24 21:38:31,999 [DEBUG]  		found 1 col clusters (in 0.20154 secs)
2025-04-24 21:38:32,000 [DEBUG]  OP: Operation.CREATE_LEAF on slice (12002, 1) (remaining tasks 79)
2025-04-24 21:38:32,007 [DEBUG]  		 created leaf IdentityNumericLeaf for scope=[2] (in 0.00691 secs)
2025-04-24 21:38:32,007 [DEBUG]  OP: Operation.CREATE_LEAF on slice (12002, 1) (remaining tasks 78)
2025-04-24 21:38:32,014 [DEBUG]  		 created leaf IdentityNumericLeaf for scope=[3] (in 0.00693 secs)
2025-04-24 21:38:32,014 [DEBUG]  OP: Operation.CREATE_LEAF on slice (12002, 1) (remaining tasks 77)
2025-04-24 21:38:32,021 [DEBUG]  		 created leaf IdentityNumericLeaf for scope=[4] (in 0.00697 secs)
2025-04-24 21:38:32,021 [DEBUG]  OP: Operation.CREATE_LEAF on slice (12002, 1) (remaining tasks 76)
2025-04-24 21:38:32,028 [DEBUG]  		 created leaf IdentityNumericLeaf for scope=[5] (in 0.00698 secs)
2025-04-24 21:38:32,028 [DEBUG]  OP: Operation.CREATE_LEAF on slice (12002, 1) (remaining tasks 75)
2025-04-24 21:38:32,035 [DEBUG]  		 created leaf IdentityNumericLeaf for scope=[6] (in 0.00689 secs)
2025-04-24 21:38:32,036 [DEBUG]  OP: Operation.CREATE_LEAF on slice (12002, 1) (remaining tasks 74)
2025-04-24 21:38:32,043 [DEBUG]  		 created leaf IdentityNumericLeaf for scope=[7] (in 0.00691 secs)
2025-04-24 21:38:32,043 [DEBUG]  OP: Operation.CREATE_LEAF on slice (12002, 1) (remaining tasks 73)
2025-04-24 21:38:32,050 [DEBUG]  		 created leaf IdentityNumericLeaf for scope=[8] (in 0.00695 secs)
2025-04-24 21:38:32,050 [DEBUG]  OP: Operation.CREATE_LEAF on slice (12002, 1) (remaining tasks 72)
2025-04-24 21:38:32,057 [DEBUG]  		 created leaf IdentityNumericLeaf for scope=[9] (in 0.00694 secs)
2025-04-24 21:38:32,057 [DEBUG]  OP: Operation.CREATE_LEAF on slice (12002, 1) (remaining tasks 71)
2025-04-24 21:38:32,064 [DEBUG]  		 created leaf IdentityNumericLeaf for scope=[10] (in 0.00721 secs)
2025-04-24 21:38:32,064 [DEBUG]  OP: Operation.CREATE_LEAF on slice (12002, 1) (remaining tasks 70)
2025-04-24 21:38:32,072 [DEBUG]  		 created leaf IdentityNumericLeaf for scope=[11] (in 0.00744 secs)
2025-04-24 21:38:32,072 [DEBUG]  OP: Operation.CREATE_LEAF on slice (12002, 1) (remaining tasks 69)
2025-04-24 21:38:32,079 [DEBUG]  		 created leaf IdentityNumericLeaf for scope=[12] (in 0.00722 secs)
2025-04-24 21:38:32,080 [DEBUG]  OP: Operation.CREATE_LEAF on slice (12002, 1) (remaining tasks 68)
2025-04-24 21:38:32,087 [DEBUG]  		 created leaf IdentityNumericLeaf for scope=[13] (in 0.00735 secs)
2025-04-24 21:38:32,087 [DEBUG]  OP: Operation.CREATE_LEAF on slice (12002, 1) (remaining tasks 67)
2025-04-24 21:38:32,094 [DEBUG]  		 created leaf IdentityNumericLeaf for scope=[14] (in 0.00720 secs)
2025-04-24 21:38:32,095 [DEBUG]  OP: Operation.CREATE_LEAF on slice (12002, 1) (remaining tasks 66)
2025-04-24 21:38:32,102 [DEBUG]  		 created leaf IdentityNumericLeaf for scope=[15] (in 0.00720 secs)
2025-04-24 21:38:32,102 [DEBUG]  OP: Operation.CREATE_LEAF on slice (12002, 1) (remaining tasks 65)
2025-04-24 21:38:32,109 [DEBUG]  		 created leaf IdentityNumericLeaf for scope=[16] (in 0.00725 secs)
2025-04-24 21:38:32,110 [DEBUG]  OP: Operation.CREATE_LEAF on slice (12002, 1) (remaining tasks 64)
2025-04-24 21:38:32,117 [DEBUG]  		 created leaf IdentityNumericLeaf for scope=[17] (in 0.00739 secs)
2025-04-24 21:38:32,117 [DEBUG]  OP: Operation.CREATE_LEAF on slice (12002, 1) (remaining tasks 63)
2025-04-24 21:38:32,124 [DEBUG]  		 created leaf IdentityNumericLeaf for scope=[18] (in 0.00720 secs)
2025-04-24 21:38:32,125 [DEBUG]  OP: Operation.CREATE_LEAF on slice (12002, 1) (remaining tasks 62)
2025-04-24 21:38:32,132 [DEBUG]  		 created leaf IdentityNumericLeaf for scope=[19] (in 0.00734 secs)
2025-04-24 21:38:32,132 [DEBUG]  OP: Operation.CREATE_LEAF on slice (12002, 1) (remaining tasks 61)
2025-04-24 21:38:32,139 [DEBUG]  		 created leaf IdentityNumericLeaf for scope=[20] (in 0.00723 secs)
2025-04-24 21:38:32,140 [DEBUG]  OP: Operation.CREATE_LEAF on slice (12002, 1) (remaining tasks 60)
2025-04-24 21:38:32,146 [DEBUG]  		 created leaf IdentityNumericLeaf for scope=[21] (in 0.00605 secs)
2025-04-24 21:38:32,146 [DEBUG]  OP: Operation.CREATE_LEAF on slice (12002, 1) (remaining tasks 59)
2025-04-24 21:38:32,150 [DEBUG]  		 created leaf IdentityNumericLeaf for scope=[22] (in 0.00421 secs)
2025-04-24 21:38:32,150 [DEBUG]  OP: Operation.CREATE_LEAF on slice (12002, 1) (remaining tasks 58)
2025-04-24 21:38:32,154 [DEBUG]  		 created leaf IdentityNumericLeaf for scope=[23] (in 0.00414 secs)
2025-04-24 21:38:32,154 [DEBUG]  OP: Operation.CREATE_LEAF on slice (12002, 1) (remaining tasks 57)
2025-04-24 21:38:32,159 [DEBUG]  		 created leaf IdentityNumericLeaf for scope=[24] (in 0.00410 secs)
2025-04-24 21:38:32,159 [DEBUG]  OP: Operation.CREATE_LEAF on slice (12002, 1) (remaining tasks 56)
2025-04-24 21:38:32,163 [DEBUG]  		 created leaf IdentityNumericLeaf for scope=[25] (in 0.00420 secs)
2025-04-24 21:38:32,163 [DEBUG]  OP: Operation.CREATE_LEAF on slice (12002, 1) (remaining tasks 55)
2025-04-24 21:38:32,167 [DEBUG]  		 created leaf IdentityNumericLeaf for scope=[26] (in 0.00398 secs)
2025-04-24 21:38:32,167 [DEBUG]  OP: Operation.CREATE_LEAF on slice (12002, 1) (remaining tasks 54)
2025-04-24 21:38:32,172 [DEBUG]  		 created leaf IdentityNumericLeaf for scope=[27] (in 0.00413 secs)
2025-04-24 21:38:32,172 [DEBUG]  OP: Operation.CREATE_LEAF on slice (12002, 1) (remaining tasks 53)
2025-04-24 21:38:32,176 [DEBUG]  		 created leaf IdentityNumericLeaf for scope=[28] (in 0.00417 secs)
2025-04-24 21:38:32,176 [DEBUG]  OP: Operation.CREATE_LEAF on slice (12002, 1) (remaining tasks 52)
2025-04-24 21:38:32,180 [DEBUG]  		 created leaf IdentityNumericLeaf for scope=[29] (in 0.00403 secs)
2025-04-24 21:38:32,180 [DEBUG]  OP: Operation.CREATE_LEAF on slice (12002, 1) (remaining tasks 51)
2025-04-24 21:38:32,184 [DEBUG]  		 created leaf IdentityNumericLeaf for scope=[30] (in 0.00401 secs)
2025-04-24 21:38:32,184 [DEBUG]  OP: Operation.CREATE_LEAF on slice (12002, 1) (remaining tasks 50)
2025-04-24 21:38:32,189 [DEBUG]  		 created leaf IdentityNumericLeaf for scope=[31] (in 0.00429 secs)
2025-04-24 21:38:32,189 [DEBUG]  OP: Operation.CREATE_LEAF on slice (12002, 1) (remaining tasks 49)
2025-04-24 21:38:32,193 [DEBUG]  		 created leaf IdentityNumericLeaf for scope=[32] (in 0.00412 secs)
2025-04-24 21:38:32,193 [DEBUG]  OP: Operation.CREATE_LEAF on slice (12002, 1) (remaining tasks 48)
2025-04-24 21:38:32,197 [DEBUG]  		 created leaf IdentityNumericLeaf for scope=[33] (in 0.00400 secs)
2025-04-24 21:38:32,197 [DEBUG]  OP: Operation.CREATE_LEAF on slice (12002, 1) (remaining tasks 47)
2025-04-24 21:38:32,201 [DEBUG]  		 created leaf IdentityNumericLeaf for scope=[34] (in 0.00406 secs)
2025-04-24 21:38:32,201 [DEBUG]  OP: Operation.CREATE_LEAF on slice (12002, 1) (remaining tasks 46)
2025-04-24 21:38:32,206 [DEBUG]  		 created leaf IdentityNumericLeaf for scope=[35] (in 0.00403 secs)
2025-04-24 21:38:32,206 [DEBUG]  OP: Operation.CREATE_LEAF on slice (12002, 1) (remaining tasks 45)
2025-04-24 21:38:32,210 [DEBUG]  		 created leaf IdentityNumericLeaf for scope=[36] (in 0.00409 secs)
2025-04-24 21:38:32,210 [DEBUG]  OP: Operation.CREATE_LEAF on slice (12002, 1) (remaining tasks 44)
2025-04-24 21:38:32,214 [DEBUG]  		 created leaf IdentityNumericLeaf for scope=[37] (in 0.00419 secs)
2025-04-24 21:38:32,214 [DEBUG]  OP: Operation.CREATE_LEAF on slice (12002, 1) (remaining tasks 43)
2025-04-24 21:38:32,218 [DEBUG]  		 created leaf IdentityNumericLeaf for scope=[38] (in 0.00409 secs)
2025-04-24 21:38:32,219 [DEBUG]  OP: Operation.CREATE_LEAF on slice (12002, 1) (remaining tasks 42)
2025-04-24 21:38:32,223 [DEBUG]  		 created leaf IdentityNumericLeaf for scope=[39] (in 0.00410 secs)
2025-04-24 21:38:32,223 [DEBUG]  OP: Operation.CREATE_LEAF on slice (12002, 1) (remaining tasks 41)
2025-04-24 21:38:32,227 [DEBUG]  		 created leaf IdentityNumericLeaf for scope=[40] (in 0.00420 secs)
2025-04-24 21:38:32,227 [DEBUG]  OP: Operation.SPLIT_COLUMNS on slice (11998, 2) (remaining tasks 40)
2025-04-24 21:38:32,339 [DEBUG]  		found 1 col clusters (in 0.11171 secs)
2025-04-24 21:38:32,339 [DEBUG]  OP: Operation.CREATE_LEAF on slice (11998, 1) (remaining tasks 40)
2025-04-24 21:38:32,347 [DEBUG]  		 created leaf IdentityNumericLeaf for scope=[2] (in 0.00691 secs)
2025-04-24 21:38:32,347 [DEBUG]  OP: Operation.CREATE_LEAF on slice (11998, 1) (remaining tasks 39)
2025-04-24 21:38:32,354 [DEBUG]  		 created leaf IdentityNumericLeaf for scope=[3] (in 0.00686 secs)
2025-04-24 21:38:32,354 [DEBUG]  OP: Operation.CREATE_LEAF on slice (11998, 1) (remaining tasks 38)
2025-04-24 21:38:32,361 [DEBUG]  		 created leaf IdentityNumericLeaf for scope=[4] (in 0.00695 secs)
2025-04-24 21:38:32,362 [DEBUG]  OP: Operation.CREATE_LEAF on slice (11998, 1) (remaining tasks 37)
2025-04-24 21:38:32,369 [DEBUG]  		 created leaf IdentityNumericLeaf for scope=[5] (in 0.00692 secs)
2025-04-24 21:38:32,369 [DEBUG]  OP: Operation.CREATE_LEAF on slice (11998, 1) (remaining tasks 36)
2025-04-24 21:38:32,376 [DEBUG]  		 created leaf IdentityNumericLeaf for scope=[6] (in 0.00698 secs)
2025-04-24 21:38:32,376 [DEBUG]  OP: Operation.CREATE_LEAF on slice (11998, 1) (remaining tasks 35)
2025-04-24 21:38:32,383 [DEBUG]  		 created leaf IdentityNumericLeaf for scope=[7] (in 0.00688 secs)
2025-04-24 21:38:32,384 [DEBUG]  OP: Operation.CREATE_LEAF on slice (11998, 1) (remaining tasks 34)
2025-04-24 21:38:32,391 [DEBUG]  		 created leaf IdentityNumericLeaf for scope=[8] (in 0.00694 secs)
2025-04-24 21:38:32,391 [DEBUG]  OP: Operation.CREATE_LEAF on slice (11998, 1) (remaining tasks 33)
2025-04-24 21:38:32,398 [DEBUG]  		 created leaf IdentityNumericLeaf for scope=[9] (in 0.00700 secs)
2025-04-24 21:38:32,398 [DEBUG]  OP: Operation.CREATE_LEAF on slice (11998, 1) (remaining tasks 32)
2025-04-24 21:38:32,406 [DEBUG]  		 created leaf IdentityNumericLeaf for scope=[10] (in 0.00735 secs)
2025-04-24 21:38:32,406 [DEBUG]  OP: Operation.CREATE_LEAF on slice (11998, 1) (remaining tasks 31)
2025-04-24 21:38:32,414 [DEBUG]  		 created leaf IdentityNumericLeaf for scope=[11] (in 0.00722 secs)
2025-04-24 21:38:32,414 [DEBUG]  OP: Operation.CREATE_LEAF on slice (11998, 1) (remaining tasks 30)
2025-04-24 21:38:32,421 [DEBUG]  		 created leaf IdentityNumericLeaf for scope=[12] (in 0.00713 secs)
2025-04-24 21:38:32,421 [DEBUG]  OP: Operation.CREATE_LEAF on slice (11998, 1) (remaining tasks 29)
2025-04-24 21:38:32,429 [DEBUG]  		 created leaf IdentityNumericLeaf for scope=[13] (in 0.00730 secs)
2025-04-24 21:38:32,429 [DEBUG]  OP: Operation.CREATE_LEAF on slice (11998, 1) (remaining tasks 28)
2025-04-24 21:38:32,436 [DEBUG]  		 created leaf IdentityNumericLeaf for scope=[14] (in 0.00718 secs)
2025-04-24 21:38:32,437 [DEBUG]  OP: Operation.CREATE_LEAF on slice (11998, 1) (remaining tasks 27)
2025-04-24 21:38:32,444 [DEBUG]  		 created leaf IdentityNumericLeaf for scope=[15] (in 0.00718 secs)
2025-04-24 21:38:32,444 [DEBUG]  OP: Operation.CREATE_LEAF on slice (11998, 1) (remaining tasks 26)
2025-04-24 21:38:32,452 [DEBUG]  		 created leaf IdentityNumericLeaf for scope=[16] (in 0.00732 secs)
2025-04-24 21:38:32,452 [DEBUG]  OP: Operation.CREATE_LEAF on slice (11998, 1) (remaining tasks 25)
2025-04-24 21:38:32,457 [DEBUG]  		 created leaf IdentityNumericLeaf for scope=[17] (in 0.00504 secs)
2025-04-24 21:38:32,458 [DEBUG]  OP: Operation.CREATE_LEAF on slice (11998, 1) (remaining tasks 24)
2025-04-24 21:38:32,462 [DEBUG]  		 created leaf IdentityNumericLeaf for scope=[18] (in 0.00424 secs)
2025-04-24 21:38:32,462 [DEBUG]  OP: Operation.CREATE_LEAF on slice (11998, 1) (remaining tasks 23)
2025-04-24 21:38:32,466 [DEBUG]  		 created leaf IdentityNumericLeaf for scope=[19] (in 0.00409 secs)
2025-04-24 21:38:32,466 [DEBUG]  OP: Operation.CREATE_LEAF on slice (11998, 1) (remaining tasks 22)
2025-04-24 21:38:32,471 [DEBUG]  		 created leaf IdentityNumericLeaf for scope=[20] (in 0.00407 secs)
2025-04-24 21:38:32,471 [DEBUG]  OP: Operation.CREATE_LEAF on slice (11998, 1) (remaining tasks 21)
2025-04-24 21:38:32,475 [DEBUG]  		 created leaf IdentityNumericLeaf for scope=[21] (in 0.00405 secs)
2025-04-24 21:38:32,475 [DEBUG]  OP: Operation.CREATE_LEAF on slice (11998, 1) (remaining tasks 20)
2025-04-24 21:38:32,479 [DEBUG]  		 created leaf IdentityNumericLeaf for scope=[22] (in 0.00419 secs)
2025-04-24 21:38:32,480 [DEBUG]  OP: Operation.CREATE_LEAF on slice (11998, 1) (remaining tasks 19)
2025-04-24 21:38:32,484 [DEBUG]  		 created leaf IdentityNumericLeaf for scope=[23] (in 0.00408 secs)
2025-04-24 21:38:32,484 [DEBUG]  OP: Operation.CREATE_LEAF on slice (11998, 1) (remaining tasks 18)
2025-04-24 21:38:32,488 [DEBUG]  		 created leaf IdentityNumericLeaf for scope=[24] (in 0.00421 secs)
2025-04-24 21:38:32,488 [DEBUG]  OP: Operation.CREATE_LEAF on slice (11998, 1) (remaining tasks 17)
2025-04-24 21:38:32,492 [DEBUG]  		 created leaf IdentityNumericLeaf for scope=[25] (in 0.00415 secs)
2025-04-24 21:38:32,493 [DEBUG]  OP: Operation.CREATE_LEAF on slice (11998, 1) (remaining tasks 16)
2025-04-24 21:38:32,497 [DEBUG]  		 created leaf IdentityNumericLeaf for scope=[26] (in 0.00422 secs)
2025-04-24 21:38:32,497 [DEBUG]  OP: Operation.CREATE_LEAF on slice (11998, 1) (remaining tasks 15)
2025-04-24 21:38:32,501 [DEBUG]  		 created leaf IdentityNumericLeaf for scope=[27] (in 0.00420 secs)
2025-04-24 21:38:32,501 [DEBUG]  OP: Operation.CREATE_LEAF on slice (11998, 1) (remaining tasks 14)
2025-04-24 21:38:32,505 [DEBUG]  		 created leaf IdentityNumericLeaf for scope=[28] (in 0.00408 secs)
2025-04-24 21:38:32,506 [DEBUG]  OP: Operation.CREATE_LEAF on slice (11998, 1) (remaining tasks 13)
2025-04-24 21:38:32,510 [DEBUG]  		 created leaf IdentityNumericLeaf for scope=[29] (in 0.00413 secs)
2025-04-24 21:38:32,510 [DEBUG]  OP: Operation.CREATE_LEAF on slice (11998, 1) (remaining tasks 12)
2025-04-24 21:38:32,514 [DEBUG]  		 created leaf IdentityNumericLeaf for scope=[30] (in 0.00420 secs)
2025-04-24 21:38:32,514 [DEBUG]  OP: Operation.CREATE_LEAF on slice (11998, 1) (remaining tasks 11)
2025-04-24 21:38:32,519 [DEBUG]  		 created leaf IdentityNumericLeaf for scope=[31] (in 0.00447 secs)
2025-04-24 21:38:32,519 [DEBUG]  OP: Operation.CREATE_LEAF on slice (11998, 1) (remaining tasks 10)
2025-04-24 21:38:32,523 [DEBUG]  		 created leaf IdentityNumericLeaf for scope=[32] (in 0.00409 secs)
2025-04-24 21:38:32,523 [DEBUG]  OP: Operation.CREATE_LEAF on slice (11998, 1) (remaining tasks 9)
2025-04-24 21:38:32,527 [DEBUG]  		 created leaf IdentityNumericLeaf for scope=[33] (in 0.00421 secs)
2025-04-24 21:38:32,527 [DEBUG]  OP: Operation.CREATE_LEAF on slice (11998, 1) (remaining tasks 8)
2025-04-24 21:38:32,532 [DEBUG]  		 created leaf IdentityNumericLeaf for scope=[34] (in 0.00409 secs)
2025-04-24 21:38:32,532 [DEBUG]  OP: Operation.CREATE_LEAF on slice (11998, 1) (remaining tasks 7)
2025-04-24 21:38:32,536 [DEBUG]  		 created leaf IdentityNumericLeaf for scope=[35] (in 0.00410 secs)
2025-04-24 21:38:32,536 [DEBUG]  OP: Operation.CREATE_LEAF on slice (11998, 1) (remaining tasks 6)
2025-04-24 21:38:32,540 [DEBUG]  		 created leaf IdentityNumericLeaf for scope=[36] (in 0.00417 secs)
2025-04-24 21:38:32,540 [DEBUG]  OP: Operation.CREATE_LEAF on slice (11998, 1) (remaining tasks 5)
2025-04-24 21:38:32,545 [DEBUG]  		 created leaf IdentityNumericLeaf for scope=[37] (in 0.00418 secs)
2025-04-24 21:38:32,545 [DEBUG]  OP: Operation.CREATE_LEAF on slice (11998, 1) (remaining tasks 4)
2025-04-24 21:38:32,549 [DEBUG]  		 created leaf IdentityNumericLeaf for scope=[38] (in 0.00426 secs)
2025-04-24 21:38:32,549 [DEBUG]  OP: Operation.CREATE_LEAF on slice (11998, 1) (remaining tasks 3)
2025-04-24 21:38:32,553 [DEBUG]  		 created leaf IdentityNumericLeaf for scope=[39] (in 0.00421 secs)
2025-04-24 21:38:32,553 [DEBUG]  OP: Operation.CREATE_LEAF on slice (11998, 1) (remaining tasks 2)
2025-04-24 21:38:32,558 [DEBUG]  		 created leaf IdentityNumericLeaf for scope=[40] (in 0.00410 secs)
2025-04-24 21:38:32,558 [DEBUG]  OP: Operation.SPLIT_ROWS on slice (12002, 2) (remaining tasks 1)
2025-04-24 21:38:32,648 [DEBUG]  		found 2 row clusters (in 0.09044 secs)
2025-04-24 21:38:32,649 [DEBUG]  OP: Operation.SPLIT_ROWS on slice (11998, 2) (remaining tasks 2)
2025-04-24 21:38:32,726 [DEBUG]  		found 2 row clusters (in 0.07699 secs)
2025-04-24 21:38:32,726 [DEBUG]  OP: Operation.SPLIT_COLUMNS on slice (6771, 2) (remaining tasks 3)
2025-04-24 21:38:32,836 [DEBUG]  		found 1 col clusters (in 0.10929 secs)
2025-04-24 21:38:32,837 [DEBUG]  OP: Operation.SPLIT_COLUMNS on slice (5231, 2) (remaining tasks 3)
2025-04-24 21:38:32,945 [DEBUG]  		found 1 col clusters (in 0.10795 secs)
2025-04-24 21:38:32,945 [DEBUG]  OP: Operation.SPLIT_COLUMNS on slice (5159, 2) (remaining tasks 3)
2025-04-24 21:38:33,054 [DEBUG]  		found 1 col clusters (in 0.10785 secs)
2025-04-24 21:38:33,055 [DEBUG]  OP: Operation.SPLIT_COLUMNS on slice (6839, 2) (remaining tasks 3)
2025-04-24 21:38:33,164 [DEBUG]  		found 1 col clusters (in 0.10922 secs)
2025-04-24 21:38:33,165 [DEBUG]  OP: Operation.SPLIT_ROWS on slice (6771, 2) (remaining tasks 3)
2025-04-24 21:38:33,255 [DEBUG]  		found 2 row clusters (in 0.09015 secs)
2025-04-24 21:38:33,256 [DEBUG]  OP: Operation.SPLIT_ROWS on slice (5231, 2) (remaining tasks 4)
2025-04-24 21:38:33,307 [DEBUG]  		found 2 row clusters (in 0.05122 secs)
2025-04-24 21:38:33,308 [DEBUG]  OP: Operation.SPLIT_ROWS on slice (5159, 2) (remaining tasks 5)
2025-04-24 21:38:33,351 [DEBUG]  		found 2 row clusters (in 0.04359 secs)
2025-04-24 21:38:33,352 [DEBUG]  OP: Operation.SPLIT_ROWS on slice (6839, 2) (remaining tasks 6)
2025-04-24 21:38:33,400 [DEBUG]  		found 2 row clusters (in 0.04810 secs)
2025-04-24 21:38:33,400 [DEBUG]  OP: Operation.SPLIT_COLUMNS on slice (4249, 2) (remaining tasks 7)
2025-04-24 21:38:33,509 [DEBUG]  		found 2 col clusters (in 0.10798 secs)
2025-04-24 21:38:33,509 [DEBUG]  OP: Operation.SPLIT_COLUMNS on slice (2522, 2) (remaining tasks 8)
2025-04-24 21:38:33,616 [DEBUG]  		found 2 col clusters (in 0.10700 secs)
2025-04-24 21:38:33,617 [DEBUG]  OP: Operation.SPLIT_COLUMNS on slice (3654, 2) (remaining tasks 9)
2025-04-24 21:38:33,727 [DEBUG]  		found 2 col clusters (in 0.10938 secs)
2025-04-24 21:38:33,727 [DEBUG]  OP: Operation.SPLIT_COLUMNS on slice (1577, 2) (remaining tasks 10)
2025-04-24 21:38:33,833 [DEBUG]  		found 1 col clusters (in 0.10573 secs)
2025-04-24 21:38:33,834 [DEBUG]  OP: Operation.SPLIT_COLUMNS on slice (3708, 2) (remaining tasks 10)
2025-04-24 21:38:33,941 [DEBUG]  		found 2 col clusters (in 0.10716 secs)
2025-04-24 21:38:33,941 [DEBUG]  OP: Operation.SPLIT_COLUMNS on slice (1451, 2) (remaining tasks 11)
2025-04-24 21:38:34,047 [DEBUG]  		found 2 col clusters (in 0.10565 secs)
2025-04-24 21:38:34,048 [DEBUG]  OP: Operation.SPLIT_COLUMNS on slice (4261, 2) (remaining tasks 12)
2025-04-24 21:38:34,156 [DEBUG]  		found 2 col clusters (in 0.10774 secs)
2025-04-24 21:38:34,156 [DEBUG]  OP: Operation.SPLIT_COLUMNS on slice (2578, 2) (remaining tasks 13)
2025-04-24 21:38:34,263 [DEBUG]  		found 2 col clusters (in 0.10620 secs)
2025-04-24 21:38:34,263 [DEBUG]  OP: Operation.CREATE_LEAF on slice (4249, 1) (remaining tasks 14)
2025-04-24 21:38:34,265 [DEBUG]  		 created leaf IdentityNumericLeaf for scope=[0] (in 0.00212 secs)
2025-04-24 21:38:34,265 [DEBUG]  OP: Operation.CREATE_LEAF on slice (4249, 1) (remaining tasks 13)
2025-04-24 21:38:34,268 [DEBUG]  		 created leaf IdentityNumericLeaf for scope=[1] (in 0.00277 secs)
2025-04-24 21:38:34,268 [DEBUG]  OP: Operation.CREATE_LEAF on slice (2522, 1) (remaining tasks 12)
2025-04-24 21:38:34,270 [DEBUG]  		 created leaf IdentityNumericLeaf for scope=[0] (in 0.00153 secs)
2025-04-24 21:38:34,270 [DEBUG]  OP: Operation.CREATE_LEAF on slice (2522, 1) (remaining tasks 11)
2025-04-24 21:38:34,272 [DEBUG]  		 created leaf IdentityNumericLeaf for scope=[1] (in 0.00171 secs)
2025-04-24 21:38:34,272 [DEBUG]  OP: Operation.CREATE_LEAF on slice (3654, 1) (remaining tasks 10)
2025-04-24 21:38:34,274 [DEBUG]  		 created leaf IdentityNumericLeaf for scope=[0] (in 0.00191 secs)
2025-04-24 21:38:34,274 [DEBUG]  OP: Operation.CREATE_LEAF on slice (3654, 1) (remaining tasks 9)
2025-04-24 21:38:34,276 [DEBUG]  		 created leaf IdentityNumericLeaf for scope=[1] (in 0.00233 secs)
2025-04-24 21:38:34,277 [DEBUG]  OP: Operation.SPLIT_ROWS on slice (1577, 2) (remaining tasks 8)
2025-04-24 21:38:34,324 [DEBUG]  		found 2 row clusters (in 0.04765 secs)
2025-04-24 21:38:34,325 [DEBUG]  OP: Operation.CREATE_LEAF on slice (3708, 1) (remaining tasks 9)
2025-04-24 21:38:34,326 [DEBUG]  		 created leaf IdentityNumericLeaf for scope=[0] (in 0.00182 secs)
2025-04-24 21:38:34,327 [DEBUG]  OP: Operation.CREATE_LEAF on slice (3708, 1) (remaining tasks 8)
2025-04-24 21:38:34,329 [DEBUG]  		 created leaf IdentityNumericLeaf for scope=[1] (in 0.00236 secs)
2025-04-24 21:38:34,329 [DEBUG]  OP: Operation.CREATE_LEAF on slice (1451, 1) (remaining tasks 7)
2025-04-24 21:38:34,330 [DEBUG]  		 created leaf IdentityNumericLeaf for scope=[0] (in 0.00104 secs)
2025-04-24 21:38:34,330 [DEBUG]  OP: Operation.CREATE_LEAF on slice (1451, 1) (remaining tasks 6)
2025-04-24 21:38:34,332 [DEBUG]  		 created leaf IdentityNumericLeaf for scope=[1] (in 0.00116 secs)
2025-04-24 21:38:34,332 [DEBUG]  OP: Operation.CREATE_LEAF on slice (4261, 1) (remaining tasks 5)
2025-04-24 21:38:34,334 [DEBUG]  		 created leaf IdentityNumericLeaf for scope=[0] (in 0.00202 secs)
2025-04-24 21:38:34,334 [DEBUG]  OP: Operation.CREATE_LEAF on slice (4261, 1) (remaining tasks 4)
2025-04-24 21:38:34,337 [DEBUG]  		 created leaf IdentityNumericLeaf for scope=[1] (in 0.00267 secs)
2025-04-24 21:38:34,337 [DEBUG]  OP: Operation.CREATE_LEAF on slice (2578, 1) (remaining tasks 3)
2025-04-24 21:38:34,339 [DEBUG]  		 created leaf IdentityNumericLeaf for scope=[0] (in 0.00153 secs)
2025-04-24 21:38:34,339 [DEBUG]  OP: Operation.CREATE_LEAF on slice (2578, 1) (remaining tasks 2)
2025-04-24 21:38:34,341 [DEBUG]  		 created leaf IdentityNumericLeaf for scope=[1] (in 0.00172 secs)
2025-04-24 21:38:34,341 [DEBUG]  OP: Operation.SPLIT_COLUMNS on slice (1154, 2) (remaining tasks 1)
2025-04-24 21:38:34,447 [DEBUG]  		found 2 col clusters (in 0.10562 secs)
2025-04-24 21:38:34,447 [DEBUG]  OP: Operation.SPLIT_COLUMNS on slice (423, 2) (remaining tasks 2)
2025-04-24 21:38:34,552 [DEBUG]  		found 1 col clusters (in 0.10503 secs)
2025-04-24 21:38:34,552 [DEBUG]  OP: Operation.CREATE_LEAF on slice (1154, 1) (remaining tasks 2)
2025-04-24 21:38:34,553 [DEBUG]  		 created leaf IdentityNumericLeaf for scope=[0] (in 0.00088 secs)
2025-04-24 21:38:34,553 [DEBUG]  OP: Operation.CREATE_LEAF on slice (1154, 1) (remaining tasks 1)
2025-04-24 21:38:34,554 [DEBUG]  		 created leaf IdentityNumericLeaf for scope=[1] (in 0.00096 secs)
2025-04-24 21:38:34,555 [DEBUG]  OP: Operation.SPLIT_ROWS on slice (423, 2) (remaining tasks 0)
2025-04-24 21:38:34,587 [DEBUG]  		found 2 row clusters (in 0.03267 secs)
2025-04-24 21:38:34,588 [DEBUG]  OP: Operation.SPLIT_COLUMNS on slice (342, 2) (remaining tasks 1)
2025-04-24 21:38:34,693 [DEBUG]  		found 2 col clusters (in 0.10477 secs)
2025-04-24 21:38:34,693 [DEBUG]  OP: Operation.NAIVE_FACTORIZATION on slice (81, 2) (remaining tasks 2)
2025-04-24 21:38:34,697 [DEBUG]  		naive factorization 2 columns (in 0.00384 secs)
2025-04-24 21:38:34,697 [DEBUG]  OP: Operation.CREATE_LEAF on slice (342, 1) (remaining tasks 1)
2025-04-24 21:38:34,697 [DEBUG]  		 created leaf IdentityNumericLeaf for scope=[0] (in 0.00046 secs)
2025-04-24 21:38:34,698 [DEBUG]  OP: Operation.CREATE_LEAF on slice (342, 1) (remaining tasks 0)
2025-04-24 21:38:34,698 [DEBUG]  		 created leaf IdentityNumericLeaf for scope=[1] (in 0.00046 secs)
2025-04-24 21:38:48,042 [DEBUG]  Built SPN in 83.50367013301002 sec
2025-04-24 21:38:48,042 [INFO ]  Saving ensemble to /home/dafn/card/deepcard/collected_temp_benchmarks/spn_ensembles/Lattice-physics/ensemble_single_raw1_10000000.pkl
