2025-04-24 21:35:52,915 [INFO ]  Creating naive ensemble.
2025-04-24 21:35:52,915 [INFO ]  Learning SPN for raw1.
2025-04-24 21:35:52,915 [DEBUG]  generate_join_sample(single_table=raw1, relationship_list=None, split_condition=None)
2025-04-24 21:35:52,953 [DEBUG]  Using min_instance_slice parameter 240.0.
2025-04-24 21:35:52,953 [INFO ]  SPN training phase with 24000 samples
2025-04-24 21:35:53,020 [DEBUG]  Built domains in 0.06653814495075494 sec
2025-04-24 21:35:53,378 [DEBUG]  CACHEDIR=/home/dafn/.cache/matplotlib
2025-04-24 21:35:53,380 [DEBUG]  Using fontManager instance from /home/dafn/.cache/matplotlib/fontlist-v300.json
2025-04-24 21:35:53,475 [DEBUG]  Loaded backend qt5agg version unknown.
2025-04-24 21:35:53,505 [DEBUG]  Loaded backend qt5agg version unknown.
2025-04-24 21:35:53,506 [DEBUG]  Loaded backend qt4agg version unknown.
2025-04-24 21:35:53,513 [DEBUG]  Loaded backend tkagg version unknown.
2025-04-24 21:35:53,513 [DEBUG]  Loaded backend agg version unknown.
2025-04-24 21:35:53,513 [DEBUG]  Loaded backend agg version unknown.
2025-04-24 21:35:53,520 [DEBUG]  OP: Operation.SPLIT_ROWS on slice (24000, 41) (remaining tasks 0)
2025-04-24 21:35:55,388 [DEBUG]  		found 2 row clusters (in 1.86778 secs)
2025-04-24 21:35:55,391 [DEBUG]  OP: Operation.SPLIT_COLUMNS on slice (12002, 41) (remaining tasks 1)
2025-04-24 21:36:25,537 [DEBUG]  		found 40 col clusters (in 30.14542 secs)
2025-04-24 21:36:25,544 [DEBUG]  OP: Operation.SPLIT_COLUMNS on slice (11998, 41) (remaining tasks 40)
2025-04-24 21:36:59,945 [DEBUG]  		found 40 col clusters (in 34.38570 secs)
2025-04-24 21:36:59,946 [DEBUG]  OP: Operation.SPLIT_COLUMNS on slice (12002, 2) (remaining tasks 79)
2025-04-24 21:37:00,227 [DEBUG]  		found 1 col clusters (in 0.27054 secs)
2025-04-24 21:37:00,227 [DEBUG]  OP: Operation.CREATE_LEAF on slice (12002, 1) (remaining tasks 79)
2025-04-24 21:37:00,237 [DEBUG]  		 created leaf IdentityNumericLeaf for scope=[2] (in 0.00960 secs)
2025-04-24 21:37:00,237 [DEBUG]  OP: Operation.CREATE_LEAF on slice (12002, 1) (remaining tasks 78)
2025-04-24 21:37:00,244 [DEBUG]  		 created leaf IdentityNumericLeaf for scope=[3] (in 0.00695 secs)
2025-04-24 21:37:00,244 [DEBUG]  OP: Operation.CREATE_LEAF on slice (12002, 1) (remaining tasks 77)
2025-04-24 21:37:00,252 [DEBUG]  		 created leaf IdentityNumericLeaf for scope=[4] (in 0.00722 secs)
2025-04-24 21:37:00,252 [DEBUG]  OP: Operation.CREATE_LEAF on slice (12002, 1) (remaining tasks 76)
2025-04-24 21:37:00,262 [DEBUG]  		 created leaf IdentityNumericLeaf for scope=[5] (in 0.00986 secs)
2025-04-24 21:37:00,262 [DEBUG]  OP: Operation.CREATE_LEAF on slice (12002, 1) (remaining tasks 75)
2025-04-24 21:37:00,270 [DEBUG]  		 created leaf IdentityNumericLeaf for scope=[6] (in 0.00745 secs)
2025-04-24 21:37:00,270 [DEBUG]  OP: Operation.CREATE_LEAF on slice (12002, 1) (remaining tasks 74)
2025-04-24 21:37:00,275 [DEBUG]  		 created leaf IdentityNumericLeaf for scope=[7] (in 0.00536 secs)
2025-04-24 21:37:00,275 [DEBUG]  OP: Operation.CREATE_LEAF on slice (12002, 1) (remaining tasks 73)
2025-04-24 21:37:00,280 [DEBUG]  		 created leaf IdentityNumericLeaf for scope=[8] (in 0.00498 secs)
2025-04-24 21:37:00,280 [DEBUG]  OP: Operation.CREATE_LEAF on slice (12002, 1) (remaining tasks 72)
2025-04-24 21:37:00,285 [DEBUG]  		 created leaf IdentityNumericLeaf for scope=[9] (in 0.00499 secs)
2025-04-24 21:37:00,286 [DEBUG]  OP: Operation.CREATE_LEAF on slice (12002, 1) (remaining tasks 71)
2025-04-24 21:37:00,291 [DEBUG]  		 created leaf IdentityNumericLeaf for scope=[10] (in 0.00507 secs)
2025-04-24 21:37:00,291 [DEBUG]  OP: Operation.CREATE_LEAF on slice (12002, 1) (remaining tasks 70)
2025-04-24 21:37:00,296 [DEBUG]  		 created leaf IdentityNumericLeaf for scope=[11] (in 0.00495 secs)
2025-04-24 21:37:00,296 [DEBUG]  OP: Operation.CREATE_LEAF on slice (12002, 1) (remaining tasks 69)
2025-04-24 21:37:00,301 [DEBUG]  		 created leaf IdentityNumericLeaf for scope=[12] (in 0.00483 secs)
2025-04-24 21:37:00,301 [DEBUG]  OP: Operation.CREATE_LEAF on slice (12002, 1) (remaining tasks 68)
2025-04-24 21:37:00,306 [DEBUG]  		 created leaf IdentityNumericLeaf for scope=[13] (in 0.00482 secs)
2025-04-24 21:37:00,306 [DEBUG]  OP: Operation.CREATE_LEAF on slice (12002, 1) (remaining tasks 67)
2025-04-24 21:37:00,311 [DEBUG]  		 created leaf IdentityNumericLeaf for scope=[14] (in 0.00482 secs)
2025-04-24 21:37:00,311 [DEBUG]  OP: Operation.CREATE_LEAF on slice (12002, 1) (remaining tasks 66)
2025-04-24 21:37:00,316 [DEBUG]  		 created leaf IdentityNumericLeaf for scope=[15] (in 0.00504 secs)
2025-04-24 21:37:00,316 [DEBUG]  OP: Operation.CREATE_LEAF on slice (12002, 1) (remaining tasks 65)
2025-04-24 21:37:00,321 [DEBUG]  		 created leaf IdentityNumericLeaf for scope=[16] (in 0.00485 secs)
2025-04-24 21:37:00,321 [DEBUG]  OP: Operation.CREATE_LEAF on slice (12002, 1) (remaining tasks 64)
2025-04-24 21:37:00,326 [DEBUG]  		 created leaf IdentityNumericLeaf for scope=[17] (in 0.00496 secs)
2025-04-24 21:37:00,326 [DEBUG]  OP: Operation.CREATE_LEAF on slice (12002, 1) (remaining tasks 63)
2025-04-24 21:37:00,331 [DEBUG]  		 created leaf IdentityNumericLeaf for scope=[18] (in 0.00482 secs)
2025-04-24 21:37:00,331 [DEBUG]  OP: Operation.CREATE_LEAF on slice (12002, 1) (remaining tasks 62)
2025-04-24 21:37:00,336 [DEBUG]  		 created leaf IdentityNumericLeaf for scope=[19] (in 0.00493 secs)
2025-04-24 21:37:00,337 [DEBUG]  OP: Operation.CREATE_LEAF on slice (12002, 1) (remaining tasks 61)
2025-04-24 21:37:00,341 [DEBUG]  		 created leaf IdentityNumericLeaf for scope=[20] (in 0.00460 secs)
2025-04-24 21:37:00,341 [DEBUG]  OP: Operation.CREATE_LEAF on slice (12002, 1) (remaining tasks 60)
2025-04-24 21:37:00,346 [DEBUG]  		 created leaf IdentityNumericLeaf for scope=[21] (in 0.00424 secs)
2025-04-24 21:37:00,346 [DEBUG]  OP: Operation.CREATE_LEAF on slice (12002, 1) (remaining tasks 59)
2025-04-24 21:37:00,350 [DEBUG]  		 created leaf IdentityNumericLeaf for scope=[22] (in 0.00428 secs)
2025-04-24 21:37:00,350 [DEBUG]  OP: Operation.CREATE_LEAF on slice (12002, 1) (remaining tasks 58)
2025-04-24 21:37:00,354 [DEBUG]  		 created leaf IdentityNumericLeaf for scope=[23] (in 0.00413 secs)
2025-04-24 21:37:00,354 [DEBUG]  OP: Operation.CREATE_LEAF on slice (12002, 1) (remaining tasks 57)
2025-04-24 21:37:00,359 [DEBUG]  		 created leaf IdentityNumericLeaf for scope=[24] (in 0.00410 secs)
2025-04-24 21:37:00,359 [DEBUG]  OP: Operation.CREATE_LEAF on slice (12002, 1) (remaining tasks 56)
2025-04-24 21:37:00,363 [DEBUG]  		 created leaf IdentityNumericLeaf for scope=[25] (in 0.00422 secs)
2025-04-24 21:37:00,363 [DEBUG]  OP: Operation.CREATE_LEAF on slice (12002, 1) (remaining tasks 55)
2025-04-24 21:37:00,367 [DEBUG]  		 created leaf IdentityNumericLeaf for scope=[26] (in 0.00401 secs)
2025-04-24 21:37:00,367 [DEBUG]  OP: Operation.CREATE_LEAF on slice (12002, 1) (remaining tasks 54)
2025-04-24 21:37:00,371 [DEBUG]  		 created leaf IdentityNumericLeaf for scope=[27] (in 0.00406 secs)
2025-04-24 21:37:00,372 [DEBUG]  OP: Operation.CREATE_LEAF on slice (12002, 1) (remaining tasks 53)
2025-04-24 21:37:00,376 [DEBUG]  		 created leaf IdentityNumericLeaf for scope=[28] (in 0.00415 secs)
2025-04-24 21:37:00,376 [DEBUG]  OP: Operation.CREATE_LEAF on slice (12002, 1) (remaining tasks 52)
2025-04-24 21:37:00,380 [DEBUG]  		 created leaf IdentityNumericLeaf for scope=[29] (in 0.00404 secs)
2025-04-24 21:37:00,380 [DEBUG]  OP: Operation.CREATE_LEAF on slice (12002, 1) (remaining tasks 51)
2025-04-24 21:37:00,384 [DEBUG]  		 created leaf IdentityNumericLeaf for scope=[30] (in 0.00405 secs)
2025-04-24 21:37:00,384 [DEBUG]  OP: Operation.CREATE_LEAF on slice (12002, 1) (remaining tasks 50)
2025-04-24 21:37:00,388 [DEBUG]  		 created leaf IdentityNumericLeaf for scope=[31] (in 0.00411 secs)
2025-04-24 21:37:00,389 [DEBUG]  OP: Operation.CREATE_LEAF on slice (12002, 1) (remaining tasks 49)
2025-04-24 21:37:00,393 [DEBUG]  		 created leaf IdentityNumericLeaf for scope=[32] (in 0.00403 secs)
2025-04-24 21:37:00,393 [DEBUG]  OP: Operation.CREATE_LEAF on slice (12002, 1) (remaining tasks 48)
2025-04-24 21:37:00,397 [DEBUG]  		 created leaf IdentityNumericLeaf for scope=[33] (in 0.00416 secs)
2025-04-24 21:37:00,397 [DEBUG]  OP: Operation.CREATE_LEAF on slice (12002, 1) (remaining tasks 47)
2025-04-24 21:37:00,401 [DEBUG]  		 created leaf IdentityNumericLeaf for scope=[34] (in 0.00420 secs)
2025-04-24 21:37:00,402 [DEBUG]  OP: Operation.CREATE_LEAF on slice (12002, 1) (remaining tasks 46)
2025-04-24 21:37:00,406 [DEBUG]  		 created leaf IdentityNumericLeaf for scope=[35] (in 0.00409 secs)
2025-04-24 21:37:00,406 [DEBUG]  OP: Operation.CREATE_LEAF on slice (12002, 1) (remaining tasks 45)
2025-04-24 21:37:00,410 [DEBUG]  		 created leaf IdentityNumericLeaf for scope=[36] (in 0.00410 secs)
2025-04-24 21:37:00,410 [DEBUG]  OP: Operation.CREATE_LEAF on slice (12002, 1) (remaining tasks 44)
2025-04-24 21:37:00,414 [DEBUG]  		 created leaf IdentityNumericLeaf for scope=[37] (in 0.00423 secs)
2025-04-24 21:37:00,414 [DEBUG]  OP: Operation.CREATE_LEAF on slice (12002, 1) (remaining tasks 43)
2025-04-24 21:37:00,419 [DEBUG]  		 created leaf IdentityNumericLeaf for scope=[38] (in 0.00435 secs)
2025-04-24 21:37:00,419 [DEBUG]  OP: Operation.CREATE_LEAF on slice (12002, 1) (remaining tasks 42)
2025-04-24 21:37:00,423 [DEBUG]  		 created leaf IdentityNumericLeaf for scope=[39] (in 0.00412 secs)
2025-04-24 21:37:00,423 [DEBUG]  OP: Operation.CREATE_LEAF on slice (12002, 1) (remaining tasks 41)
2025-04-24 21:37:00,428 [DEBUG]  		 created leaf IdentityNumericLeaf for scope=[40] (in 0.00422 secs)
2025-04-24 21:37:00,428 [DEBUG]  OP: Operation.SPLIT_COLUMNS on slice (11998, 2) (remaining tasks 40)
2025-04-24 21:37:00,539 [DEBUG]  		found 1 col clusters (in 0.11128 secs)
2025-04-24 21:37:00,540 [DEBUG]  OP: Operation.CREATE_LEAF on slice (11998, 1) (remaining tasks 40)
2025-04-24 21:37:00,547 [DEBUG]  		 created leaf IdentityNumericLeaf for scope=[2] (in 0.00692 secs)
2025-04-24 21:37:00,547 [DEBUG]  OP: Operation.CREATE_LEAF on slice (11998, 1) (remaining tasks 39)
2025-04-24 21:37:00,554 [DEBUG]  		 created leaf IdentityNumericLeaf for scope=[3] (in 0.00687 secs)
2025-04-24 21:37:00,554 [DEBUG]  OP: Operation.CREATE_LEAF on slice (11998, 1) (remaining tasks 38)
2025-04-24 21:37:00,561 [DEBUG]  		 created leaf IdentityNumericLeaf for scope=[4] (in 0.00692 secs)
2025-04-24 21:37:00,562 [DEBUG]  OP: Operation.CREATE_LEAF on slice (11998, 1) (remaining tasks 37)
2025-04-24 21:37:00,569 [DEBUG]  		 created leaf IdentityNumericLeaf for scope=[5] (in 0.00694 secs)
2025-04-24 21:37:00,569 [DEBUG]  OP: Operation.CREATE_LEAF on slice (11998, 1) (remaining tasks 36)
2025-04-24 21:37:00,576 [DEBUG]  		 created leaf IdentityNumericLeaf for scope=[6] (in 0.00703 secs)
2025-04-24 21:37:00,576 [DEBUG]  OP: Operation.CREATE_LEAF on slice (11998, 1) (remaining tasks 35)
2025-04-24 21:37:00,584 [DEBUG]  		 created leaf IdentityNumericLeaf for scope=[7] (in 0.00693 secs)
2025-04-24 21:37:00,584 [DEBUG]  OP: Operation.CREATE_LEAF on slice (11998, 1) (remaining tasks 34)
2025-04-24 21:37:00,591 [DEBUG]  		 created leaf IdentityNumericLeaf for scope=[8] (in 0.00689 secs)
2025-04-24 21:37:00,591 [DEBUG]  OP: Operation.CREATE_LEAF on slice (11998, 1) (remaining tasks 33)
2025-04-24 21:37:00,598 [DEBUG]  		 created leaf IdentityNumericLeaf for scope=[9] (in 0.00711 secs)
2025-04-24 21:37:00,599 [DEBUG]  OP: Operation.CREATE_LEAF on slice (11998, 1) (remaining tasks 32)
2025-04-24 21:37:00,606 [DEBUG]  		 created leaf IdentityNumericLeaf for scope=[10] (in 0.00735 secs)
2025-04-24 21:37:00,607 [DEBUG]  OP: Operation.CREATE_LEAF on slice (11998, 1) (remaining tasks 31)
2025-04-24 21:37:00,614 [DEBUG]  		 created leaf IdentityNumericLeaf for scope=[11] (in 0.00724 secs)
2025-04-24 21:37:00,614 [DEBUG]  OP: Operation.CREATE_LEAF on slice (11998, 1) (remaining tasks 30)
2025-04-24 21:37:00,622 [DEBUG]  		 created leaf IdentityNumericLeaf for scope=[12] (in 0.00727 secs)
2025-04-24 21:37:00,622 [DEBUG]  OP: Operation.CREATE_LEAF on slice (11998, 1) (remaining tasks 29)
2025-04-24 21:37:00,629 [DEBUG]  		 created leaf IdentityNumericLeaf for scope=[13] (in 0.00731 secs)
2025-04-24 21:37:00,630 [DEBUG]  OP: Operation.CREATE_LEAF on slice (11998, 1) (remaining tasks 28)
2025-04-24 21:37:00,637 [DEBUG]  		 created leaf IdentityNumericLeaf for scope=[14] (in 0.00724 secs)
2025-04-24 21:37:00,637 [DEBUG]  OP: Operation.CREATE_LEAF on slice (11998, 1) (remaining tasks 27)
2025-04-24 21:37:00,645 [DEBUG]  		 created leaf IdentityNumericLeaf for scope=[15] (in 0.00719 secs)
2025-04-24 21:37:00,645 [DEBUG]  OP: Operation.CREATE_LEAF on slice (11998, 1) (remaining tasks 26)
2025-04-24 21:37:00,652 [DEBUG]  		 created leaf IdentityNumericLeaf for scope=[16] (in 0.00736 secs)
2025-04-24 21:37:00,652 [DEBUG]  OP: Operation.CREATE_LEAF on slice (11998, 1) (remaining tasks 25)
2025-04-24 21:37:00,657 [DEBUG]  		 created leaf IdentityNumericLeaf for scope=[17] (in 0.00473 secs)
2025-04-24 21:37:00,657 [DEBUG]  OP: Operation.CREATE_LEAF on slice (11998, 1) (remaining tasks 24)
2025-04-24 21:37:00,662 [DEBUG]  		 created leaf IdentityNumericLeaf for scope=[18] (in 0.00419 secs)
2025-04-24 21:37:00,662 [DEBUG]  OP: Operation.CREATE_LEAF on slice (11998, 1) (remaining tasks 23)
2025-04-24 21:37:00,666 [DEBUG]  		 created leaf IdentityNumericLeaf for scope=[19] (in 0.00421 secs)
2025-04-24 21:37:00,666 [DEBUG]  OP: Operation.CREATE_LEAF on slice (11998, 1) (remaining tasks 22)
2025-04-24 21:37:00,670 [DEBUG]  		 created leaf IdentityNumericLeaf for scope=[20] (in 0.00411 secs)
2025-04-24 21:37:00,670 [DEBUG]  OP: Operation.CREATE_LEAF on slice (11998, 1) (remaining tasks 21)
2025-04-24 21:37:00,675 [DEBUG]  		 created leaf IdentityNumericLeaf for scope=[21] (in 0.00408 secs)
2025-04-24 21:37:00,675 [DEBUG]  OP: Operation.CREATE_LEAF on slice (11998, 1) (remaining tasks 20)
2025-04-24 21:37:00,679 [DEBUG]  		 created leaf IdentityNumericLeaf for scope=[22] (in 0.00428 secs)
2025-04-24 21:37:00,679 [DEBUG]  OP: Operation.CREATE_LEAF on slice (11998, 1) (remaining tasks 19)
2025-04-24 21:37:00,683 [DEBUG]  		 created leaf IdentityNumericLeaf for scope=[23] (in 0.00408 secs)
2025-04-24 21:37:00,683 [DEBUG]  OP: Operation.CREATE_LEAF on slice (11998, 1) (remaining tasks 18)
2025-04-24 21:37:00,688 [DEBUG]  		 created leaf IdentityNumericLeaf for scope=[24] (in 0.00411 secs)
2025-04-24 21:37:00,688 [DEBUG]  OP: Operation.CREATE_LEAF on slice (11998, 1) (remaining tasks 17)
2025-04-24 21:37:00,692 [DEBUG]  		 created leaf IdentityNumericLeaf for scope=[25] (in 0.00436 secs)
2025-04-24 21:37:00,692 [DEBUG]  OP: Operation.CREATE_LEAF on slice (11998, 1) (remaining tasks 16)
2025-04-24 21:37:00,696 [DEBUG]  		 created leaf IdentityNumericLeaf for scope=[26] (in 0.00409 secs)
2025-04-24 21:37:00,696 [DEBUG]  OP: Operation.CREATE_LEAF on slice (11998, 1) (remaining tasks 15)
2025-04-24 21:37:00,701 [DEBUG]  		 created leaf IdentityNumericLeaf for scope=[27] (in 0.00412 secs)
2025-04-24 21:37:00,701 [DEBUG]  OP: Operation.CREATE_LEAF on slice (11998, 1) (remaining tasks 14)
2025-04-24 21:37:00,705 [DEBUG]  		 created leaf IdentityNumericLeaf for scope=[28] (in 0.00417 secs)
2025-04-24 21:37:00,705 [DEBUG]  OP: Operation.CREATE_LEAF on slice (11998, 1) (remaining tasks 13)
2025-04-24 21:37:00,709 [DEBUG]  		 created leaf IdentityNumericLeaf for scope=[29] (in 0.00423 secs)
2025-04-24 21:37:00,710 [DEBUG]  OP: Operation.CREATE_LEAF on slice (11998, 1) (remaining tasks 12)
2025-04-24 21:37:00,714 [DEBUG]  		 created leaf IdentityNumericLeaf for scope=[30] (in 0.00413 secs)
2025-04-24 21:37:00,714 [DEBUG]  OP: Operation.CREATE_LEAF on slice (11998, 1) (remaining tasks 11)
2025-04-24 21:37:00,718 [DEBUG]  		 created leaf IdentityNumericLeaf for scope=[31] (in 0.00422 secs)
2025-04-24 21:37:00,718 [DEBUG]  OP: Operation.CREATE_LEAF on slice (11998, 1) (remaining tasks 10)
2025-04-24 21:37:00,723 [DEBUG]  		 created leaf IdentityNumericLeaf for scope=[32] (in 0.00431 secs)
2025-04-24 21:37:00,723 [DEBUG]  OP: Operation.CREATE_LEAF on slice (11998, 1) (remaining tasks 9)
2025-04-24 21:37:00,727 [DEBUG]  		 created leaf IdentityNumericLeaf for scope=[33] (in 0.00410 secs)
2025-04-24 21:37:00,727 [DEBUG]  OP: Operation.CREATE_LEAF on slice (11998, 1) (remaining tasks 8)
2025-04-24 21:37:00,731 [DEBUG]  		 created leaf IdentityNumericLeaf for scope=[34] (in 0.00419 secs)
2025-04-24 21:37:00,731 [DEBUG]  OP: Operation.CREATE_LEAF on slice (11998, 1) (remaining tasks 7)
2025-04-24 21:37:00,735 [DEBUG]  		 created leaf IdentityNumericLeaf for scope=[35] (in 0.00409 secs)
2025-04-24 21:37:00,736 [DEBUG]  OP: Operation.CREATE_LEAF on slice (11998, 1) (remaining tasks 6)
2025-04-24 21:37:00,740 [DEBUG]  		 created leaf IdentityNumericLeaf for scope=[36] (in 0.00413 secs)
2025-04-24 21:37:00,740 [DEBUG]  OP: Operation.CREATE_LEAF on slice (11998, 1) (remaining tasks 5)
2025-04-24 21:37:00,744 [DEBUG]  		 created leaf IdentityNumericLeaf for scope=[37] (in 0.00418 secs)
2025-04-24 21:37:00,744 [DEBUG]  OP: Operation.CREATE_LEAF on slice (11998, 1) (remaining tasks 4)
2025-04-24 21:37:00,748 [DEBUG]  		 created leaf IdentityNumericLeaf for scope=[38] (in 0.00414 secs)
2025-04-24 21:37:00,749 [DEBUG]  OP: Operation.CREATE_LEAF on slice (11998, 1) (remaining tasks 3)
2025-04-24 21:37:00,753 [DEBUG]  		 created leaf IdentityNumericLeaf for scope=[39] (in 0.00413 secs)
2025-04-24 21:37:00,753 [DEBUG]  OP: Operation.CREATE_LEAF on slice (11998, 1) (remaining tasks 2)
2025-04-24 21:37:00,757 [DEBUG]  		 created leaf IdentityNumericLeaf for scope=[40] (in 0.00420 secs)
2025-04-24 21:37:00,757 [DEBUG]  OP: Operation.SPLIT_ROWS on slice (12002, 2) (remaining tasks 1)
2025-04-24 21:37:00,848 [DEBUG]  		found 2 row clusters (in 0.09086 secs)
2025-04-24 21:37:00,849 [DEBUG]  OP: Operation.SPLIT_ROWS on slice (11998, 2) (remaining tasks 2)
2025-04-24 21:37:00,926 [DEBUG]  		found 2 row clusters (in 0.07779 secs)
2025-04-24 21:37:00,927 [DEBUG]  OP: Operation.SPLIT_COLUMNS on slice (6771, 2) (remaining tasks 3)
2025-04-24 21:37:01,036 [DEBUG]  		found 1 col clusters (in 0.10910 secs)
2025-04-24 21:37:01,037 [DEBUG]  OP: Operation.SPLIT_COLUMNS on slice (5231, 2) (remaining tasks 3)
2025-04-24 21:37:01,146 [DEBUG]  		found 1 col clusters (in 0.10826 secs)
2025-04-24 21:37:01,147 [DEBUG]  OP: Operation.SPLIT_COLUMNS on slice (5159, 2) (remaining tasks 3)
2025-04-24 21:37:01,255 [DEBUG]  		found 1 col clusters (in 0.10801 secs)
2025-04-24 21:37:01,256 [DEBUG]  OP: Operation.SPLIT_COLUMNS on slice (6839, 2) (remaining tasks 3)
2025-04-24 21:37:01,371 [DEBUG]  		found 1 col clusters (in 0.11493 secs)
2025-04-24 21:37:01,373 [DEBUG]  OP: Operation.SPLIT_ROWS on slice (6771, 2) (remaining tasks 3)
2025-04-24 21:37:01,481 [DEBUG]  		found 2 row clusters (in 0.10799 secs)
2025-04-24 21:37:01,482 [DEBUG]  OP: Operation.SPLIT_ROWS on slice (5231, 2) (remaining tasks 4)
2025-04-24 21:37:01,527 [DEBUG]  		found 2 row clusters (in 0.04528 secs)
2025-04-24 21:37:01,527 [DEBUG]  OP: Operation.SPLIT_ROWS on slice (5159, 2) (remaining tasks 5)
2025-04-24 21:37:01,573 [DEBUG]  		found 2 row clusters (in 0.04541 secs)
2025-04-24 21:37:01,573 [DEBUG]  OP: Operation.SPLIT_ROWS on slice (6839, 2) (remaining tasks 6)
2025-04-24 21:37:01,623 [DEBUG]  		found 2 row clusters (in 0.04907 secs)
2025-04-24 21:37:01,623 [DEBUG]  OP: Operation.SPLIT_COLUMNS on slice (4249, 2) (remaining tasks 7)
2025-04-24 21:37:01,732 [DEBUG]  		found 2 col clusters (in 0.10843 secs)
2025-04-24 21:37:01,732 [DEBUG]  OP: Operation.SPLIT_COLUMNS on slice (2522, 2) (remaining tasks 8)
2025-04-24 21:37:01,840 [DEBUG]  		found 2 col clusters (in 0.10712 secs)
2025-04-24 21:37:01,840 [DEBUG]  OP: Operation.SPLIT_COLUMNS on slice (3654, 2) (remaining tasks 9)
2025-04-24 21:37:01,946 [DEBUG]  		found 2 col clusters (in 0.10591 secs)
2025-04-24 21:37:01,947 [DEBUG]  OP: Operation.SPLIT_COLUMNS on slice (1577, 2) (remaining tasks 10)
2025-04-24 21:37:02,056 [DEBUG]  		found 1 col clusters (in 0.10911 secs)
2025-04-24 21:37:02,057 [DEBUG]  OP: Operation.SPLIT_COLUMNS on slice (3708, 2) (remaining tasks 10)
2025-04-24 21:37:02,165 [DEBUG]  		found 2 col clusters (in 0.10774 secs)
2025-04-24 21:37:02,165 [DEBUG]  OP: Operation.SPLIT_COLUMNS on slice (1451, 2) (remaining tasks 11)
2025-04-24 21:37:02,271 [DEBUG]  		found 2 col clusters (in 0.10607 secs)
2025-04-24 21:37:02,272 [DEBUG]  OP: Operation.SPLIT_COLUMNS on slice (4261, 2) (remaining tasks 12)
2025-04-24 21:37:02,380 [DEBUG]  		found 2 col clusters (in 0.10781 secs)
2025-04-24 21:37:02,381 [DEBUG]  OP: Operation.SPLIT_COLUMNS on slice (2578, 2) (remaining tasks 13)
2025-04-24 21:37:02,487 [DEBUG]  		found 2 col clusters (in 0.10632 secs)
2025-04-24 21:37:02,487 [DEBUG]  OP: Operation.CREATE_LEAF on slice (4249, 1) (remaining tasks 14)
2025-04-24 21:37:02,489 [DEBUG]  		 created leaf IdentityNumericLeaf for scope=[0] (in 0.00203 secs)
2025-04-24 21:37:02,489 [DEBUG]  OP: Operation.CREATE_LEAF on slice (4249, 1) (remaining tasks 13)
2025-04-24 21:37:02,492 [DEBUG]  		 created leaf IdentityNumericLeaf for scope=[1] (in 0.00271 secs)
2025-04-24 21:37:02,492 [DEBUG]  OP: Operation.CREATE_LEAF on slice (2522, 1) (remaining tasks 12)
2025-04-24 21:37:02,494 [DEBUG]  		 created leaf IdentityNumericLeaf for scope=[0] (in 0.00153 secs)
2025-04-24 21:37:02,494 [DEBUG]  OP: Operation.CREATE_LEAF on slice (2522, 1) (remaining tasks 11)
2025-04-24 21:37:02,496 [DEBUG]  		 created leaf IdentityNumericLeaf for scope=[1] (in 0.00172 secs)
2025-04-24 21:37:02,496 [DEBUG]  OP: Operation.CREATE_LEAF on slice (3654, 1) (remaining tasks 10)
2025-04-24 21:37:02,498 [DEBUG]  		 created leaf IdentityNumericLeaf for scope=[0] (in 0.00183 secs)
2025-04-24 21:37:02,498 [DEBUG]  OP: Operation.CREATE_LEAF on slice (3654, 1) (remaining tasks 9)
2025-04-24 21:37:02,500 [DEBUG]  		 created leaf IdentityNumericLeaf for scope=[1] (in 0.00233 secs)
2025-04-24 21:37:02,501 [DEBUG]  OP: Operation.SPLIT_ROWS on slice (1577, 2) (remaining tasks 8)
2025-04-24 21:37:02,554 [DEBUG]  		found 2 row clusters (in 0.05326 secs)
2025-04-24 21:37:02,554 [DEBUG]  OP: Operation.CREATE_LEAF on slice (3708, 1) (remaining tasks 9)
2025-04-24 21:37:02,556 [DEBUG]  		 created leaf IdentityNumericLeaf for scope=[0] (in 0.00186 secs)
2025-04-24 21:37:02,556 [DEBUG]  OP: Operation.CREATE_LEAF on slice (3708, 1) (remaining tasks 8)
2025-04-24 21:37:02,559 [DEBUG]  		 created leaf IdentityNumericLeaf for scope=[1] (in 0.00257 secs)
2025-04-24 21:37:02,559 [DEBUG]  OP: Operation.CREATE_LEAF on slice (1451, 1) (remaining tasks 7)
2025-04-24 21:37:02,560 [DEBUG]  		 created leaf IdentityNumericLeaf for scope=[0] (in 0.00105 secs)
2025-04-24 21:37:02,561 [DEBUG]  OP: Operation.CREATE_LEAF on slice (1451, 1) (remaining tasks 6)
2025-04-24 21:37:02,562 [DEBUG]  		 created leaf IdentityNumericLeaf for scope=[1] (in 0.00118 secs)
2025-04-24 21:37:02,562 [DEBUG]  OP: Operation.CREATE_LEAF on slice (4261, 1) (remaining tasks 5)
2025-04-24 21:37:02,564 [DEBUG]  		 created leaf IdentityNumericLeaf for scope=[0] (in 0.00213 secs)
2025-04-24 21:37:02,564 [DEBUG]  OP: Operation.CREATE_LEAF on slice (4261, 1) (remaining tasks 4)
2025-04-24 21:37:02,567 [DEBUG]  		 created leaf IdentityNumericLeaf for scope=[1] (in 0.00267 secs)
2025-04-24 21:37:02,567 [DEBUG]  OP: Operation.CREATE_LEAF on slice (2578, 1) (remaining tasks 3)
2025-04-24 21:37:02,569 [DEBUG]  		 created leaf IdentityNumericLeaf for scope=[0] (in 0.00152 secs)
2025-04-24 21:37:02,569 [DEBUG]  OP: Operation.CREATE_LEAF on slice (2578, 1) (remaining tasks 2)
2025-04-24 21:37:02,571 [DEBUG]  		 created leaf IdentityNumericLeaf for scope=[1] (in 0.00174 secs)
2025-04-24 21:37:02,571 [DEBUG]  OP: Operation.SPLIT_COLUMNS on slice (1154, 2) (remaining tasks 1)
2025-04-24 21:37:02,677 [DEBUG]  		found 2 col clusters (in 0.10590 secs)
2025-04-24 21:37:02,677 [DEBUG]  OP: Operation.SPLIT_COLUMNS on slice (423, 2) (remaining tasks 2)
2025-04-24 21:37:02,782 [DEBUG]  		found 1 col clusters (in 0.10450 secs)
2025-04-24 21:37:02,782 [DEBUG]  OP: Operation.CREATE_LEAF on slice (1154, 1) (remaining tasks 2)
2025-04-24 21:37:02,783 [DEBUG]  		 created leaf IdentityNumericLeaf for scope=[0] (in 0.00091 secs)
2025-04-24 21:37:02,783 [DEBUG]  OP: Operation.CREATE_LEAF on slice (1154, 1) (remaining tasks 1)
2025-04-24 21:37:02,784 [DEBUG]  		 created leaf IdentityNumericLeaf for scope=[1] (in 0.00094 secs)
2025-04-24 21:37:02,785 [DEBUG]  OP: Operation.SPLIT_ROWS on slice (423, 2) (remaining tasks 0)
2025-04-24 21:37:02,818 [DEBUG]  		found 2 row clusters (in 0.03283 secs)
2025-04-24 21:37:02,818 [DEBUG]  OP: Operation.SPLIT_COLUMNS on slice (342, 2) (remaining tasks 1)
2025-04-24 21:37:02,923 [DEBUG]  		found 2 col clusters (in 0.10519 secs)
2025-04-24 21:37:02,923 [DEBUG]  OP: Operation.NAIVE_FACTORIZATION on slice (81, 2) (remaining tasks 2)
2025-04-24 21:37:02,927 [DEBUG]  		naive factorization 2 columns (in 0.00362 secs)
2025-04-24 21:37:02,927 [DEBUG]  OP: Operation.CREATE_LEAF on slice (342, 1) (remaining tasks 1)
2025-04-24 21:37:02,928 [DEBUG]  		 created leaf IdentityNumericLeaf for scope=[0] (in 0.00050 secs)
2025-04-24 21:37:02,928 [DEBUG]  OP: Operation.CREATE_LEAF on slice (342, 1) (remaining tasks 0)
2025-04-24 21:37:02,929 [DEBUG]  		 created leaf IdentityNumericLeaf for scope=[1] (in 0.00047 secs)
2025-04-24 21:37:16,713 [DEBUG]  Built SPN in 83.69325290602865 sec
2025-04-24 21:37:16,713 [INFO ]  Saving ensemble to /home/dafn/card/deepcard/collected_temp_benchmarks/spn_ensembles/Lattice-physics/ensemble_single_raw1_10000000.pkl
