2025-04-16 16:30:22,081 [INFO ]  Generating HDF files for tables in /home/dafn/card/deepcard/collected_datasets/Lattice-physics and store to path /home/dafn/card/deepcard/collected_temp_benchmarks/gen_single_light/Lattice-physics
2025-04-16 16:30:22,081 [INFO ]  Preparing hdf file for table raw1
2025-04-16 16:30:22,256 [INFO ]  Managing functional dependencies for table raw1
2025-04-16 16:30:22,259 [INFO ]  Preparing multipliers for table raw1
2025-04-16 16:30:22,259 [INFO ]  Preparing categorical values and null values for table raw1
2025-04-16 16:30:22,260 [DEBUG]  		Preparing numerical values for column f1
2025-04-16 16:30:22,261 [DEBUG]  		Preparing numerical values for column f2
2025-04-16 16:30:22,263 [DEBUG]  		Preparing numerical values for column f3
2025-04-16 16:30:22,264 [DEBUG]  		Preparing numerical values for column f4
2025-04-16 16:30:22,265 [DEBUG]  		Preparing numerical values for column f5
2025-04-16 16:30:22,267 [DEBUG]  		Preparing numerical values for column f6
2025-04-16 16:30:22,268 [DEBUG]  		Preparing numerical values for column f7
2025-04-16 16:30:22,269 [DEBUG]  		Preparing numerical values for column f8
2025-04-16 16:30:22,270 [DEBUG]  		Preparing numerical values for column f9
2025-04-16 16:30:22,272 [DEBUG]  		Preparing numerical values for column f10
2025-04-16 16:30:22,273 [DEBUG]  		Preparing numerical values for column f11
2025-04-16 16:30:22,274 [DEBUG]  		Preparing numerical values for column f12
2025-04-16 16:30:22,276 [DEBUG]  		Preparing numerical values for column f13
2025-04-16 16:30:22,277 [DEBUG]  		Preparing numerical values for column f14
2025-04-16 16:30:22,279 [DEBUG]  		Preparing numerical values for column f15
2025-04-16 16:30:22,280 [DEBUG]  		Preparing numerical values for column f16
2025-04-16 16:30:22,281 [DEBUG]  		Preparing numerical values for column f17
2025-04-16 16:30:22,283 [DEBUG]  		Preparing numerical values for column f18
2025-04-16 16:30:22,284 [DEBUG]  		Preparing numerical values for column f19
2025-04-16 16:30:22,285 [DEBUG]  		Preparing numerical values for column f20
2025-04-16 16:30:22,287 [DEBUG]  		Preparing numerical values for column f21
2025-04-16 16:30:22,288 [DEBUG]  		Preparing numerical values for column f22
2025-04-16 16:30:22,289 [DEBUG]  		Preparing numerical values for column f23
2025-04-16 16:30:22,291 [DEBUG]  		Preparing numerical values for column f24
2025-04-16 16:30:22,292 [DEBUG]  		Preparing numerical values for column f25
2025-04-16 16:30:22,293 [DEBUG]  		Preparing numerical values for column f26
2025-04-16 16:30:22,295 [DEBUG]  		Preparing numerical values for column f27
2025-04-16 16:30:22,296 [DEBUG]  		Preparing numerical values for column f28
2025-04-16 16:30:22,297 [DEBUG]  		Preparing numerical values for column f29
2025-04-16 16:30:22,299 [DEBUG]  		Preparing numerical values for column f30
2025-04-16 16:30:22,300 [DEBUG]  		Preparing numerical values for column f31
2025-04-16 16:30:22,301 [DEBUG]  		Preparing numerical values for column f32
2025-04-16 16:30:22,303 [DEBUG]  		Preparing numerical values for column f33
2025-04-16 16:30:22,304 [DEBUG]  		Preparing numerical values for column f34
2025-04-16 16:30:22,305 [DEBUG]  		Preparing numerical values for column f35
2025-04-16 16:30:22,307 [DEBUG]  		Preparing numerical values for column f36
2025-04-16 16:30:22,308 [DEBUG]  		Preparing numerical values for column f37
2025-04-16 16:30:22,309 [DEBUG]  		Preparing numerical values for column f38
2025-04-16 16:30:22,311 [DEBUG]  		Preparing numerical values for column f39
2025-04-16 16:30:22,312 [DEBUG]  		Preparing numerical values for column f40
2025-04-16 16:30:22,313 [DEBUG]  		Preparing numerical values for column f41
2025-04-16 16:30:22,314 [INFO ]  Relevant attributes for table raw1 are ['f1', 'f2', 'f3', 'f4', 'f5', 'f6', 'f7', 'f8', 'f9', 'f10', 'f11', 'f12', 'f13', 'f14', 'f15', 'f16', 'f17', 'f18', 'f19', 'f20', 'f21', 'f22', 'f23', 'f24', 'f25', 'f26', 'f27', 'f28', 'f29', 'f30', 'f31', 'f32', 'f33', 'f34', 'f35', 'f36', 'f37', 'f38', 'f39', 'f40', 'f41']
2025-04-16 16:30:22,314 [INFO ]  NULL values for table raw1 are [1.3252394070833333, 1.8836586542101668, 2.855794122999208, 2.8600944737400833, 2.8575506858870425, 2.8676542419521254, 2.8490966860301663, 2.8402229392866665, 2.867460383323542, 2.8510475346397506, 2.8551972500963334, 2.854270260791917, 2.854710410996833, 2.845172875326583, 2.8659910236550004, 2.8470305122354165, 2.8520968068918755, 2.8334881448605835, 2.8448891610151663, 2.856125182435959, 2.8673122164108333, 2.8535242515017507, 2.8468705588070415, 2.8481153847469582, 2.8454641408710417, 2.860544322505542, 2.87584061450825, 2.8439844178127918, 2.853901382684708, 2.8376882700181674, 2.841459210683291, 2.8462178666120423, 2.8463393875770002, 2.83924593686875, 2.838950165021333, 2.846778279108917, 2.8459711650668753, 2.838778001356208, 2.8449849781915004, 2.8520783594122916, 2.851348548742334]
2025-04-16 16:30:22,364 [INFO ]  Adding table parts without join partners for table raw1
2025-04-16 16:30:22,388 [INFO ]  Files successfully created
