2025-04-24 21:29:42,108 [INFO ]  Creating naive ensemble.
2025-04-24 21:29:42,108 [INFO ]  Learning SPN for raw1.
2025-04-24 21:29:42,108 [DEBUG]  generate_join_sample(single_table=raw1, relationship_list=None, split_condition=None)
2025-04-24 21:29:42,146 [DEBUG]  Using min_instance_slice parameter 240.0.
2025-04-24 21:29:42,146 [INFO ]  SPN training phase with 24000 samples
2025-04-24 21:29:42,213 [DEBUG]  Built domains in 0.06706866796594113 sec
2025-04-24 21:29:42,568 [DEBUG]  CACHEDIR=/home/dafn/.cache/matplotlib
2025-04-24 21:29:42,570 [DEBUG]  Using fontManager instance from /home/dafn/.cache/matplotlib/fontlist-v300.json
2025-04-24 21:29:42,663 [DEBUG]  Loaded backend qt5agg version unknown.
2025-04-24 21:29:42,693 [DEBUG]  Loaded backend qt5agg version unknown.
2025-04-24 21:29:42,694 [DEBUG]  Loaded backend qt4agg version unknown.
2025-04-24 21:29:42,701 [DEBUG]  Loaded backend tkagg version unknown.
2025-04-24 21:29:42,701 [DEBUG]  Loaded backend agg version unknown.
2025-04-24 21:29:42,702 [DEBUG]  Loaded backend agg version unknown.
2025-04-24 21:29:42,709 [DEBUG]  OP: Operation.SPLIT_ROWS on slice (24000, 41) (remaining tasks 0)
2025-04-24 21:29:44,584 [DEBUG]  		found 2 row clusters (in 1.87553 secs)
2025-04-24 21:29:44,587 [DEBUG]  OP: Operation.SPLIT_COLUMNS on slice (12002, 41) (remaining tasks 1)
2025-04-24 21:30:16,474 [DEBUG]  		found 40 col clusters (in 31.88693 secs)
2025-04-24 21:30:16,495 [DEBUG]  OP: Operation.SPLIT_COLUMNS on slice (11998, 41) (remaining tasks 40)
2025-04-24 21:30:48,339 [DEBUG]  		found 40 col clusters (in 31.84322 secs)
2025-04-24 21:30:48,347 [DEBUG]  OP: Operation.SPLIT_COLUMNS on slice (12002, 2) (remaining tasks 79)
2025-04-24 21:30:48,534 [DEBUG]  		found 1 col clusters (in 0.18385 secs)
2025-04-24 21:30:48,534 [DEBUG]  OP: Operation.CREATE_LEAF on slice (12002, 1) (remaining tasks 79)
2025-04-24 21:30:48,542 [DEBUG]  		 created leaf IdentityNumericLeaf for scope=[2] (in 0.00698 secs)
2025-04-24 21:30:48,542 [DEBUG]  OP: Operation.CREATE_LEAF on slice (12002, 1) (remaining tasks 78)
2025-04-24 21:30:48,549 [DEBUG]  		 created leaf IdentityNumericLeaf for scope=[3] (in 0.00693 secs)
2025-04-24 21:30:48,549 [DEBUG]  OP: Operation.CREATE_LEAF on slice (12002, 1) (remaining tasks 77)
2025-04-24 21:30:48,556 [DEBUG]  		 created leaf IdentityNumericLeaf for scope=[4] (in 0.00696 secs)
2025-04-24 21:30:48,563 [DEBUG]  OP: Operation.CREATE_LEAF on slice (12002, 1) (remaining tasks 76)
2025-04-24 21:30:48,573 [DEBUG]  		 created leaf IdentityNumericLeaf for scope=[5] (in 0.01054 secs)
2025-04-24 21:30:48,577 [DEBUG]  OP: Operation.CREATE_LEAF on slice (12002, 1) (remaining tasks 75)
2025-04-24 21:30:48,584 [DEBUG]  		 created leaf IdentityNumericLeaf for scope=[6] (in 0.00681 secs)
2025-04-24 21:30:48,591 [DEBUG]  OP: Operation.CREATE_LEAF on slice (12002, 1) (remaining tasks 74)
2025-04-24 21:30:48,603 [DEBUG]  		 created leaf IdentityNumericLeaf for scope=[7] (in 0.01151 secs)
2025-04-24 21:30:48,603 [DEBUG]  OP: Operation.CREATE_LEAF on slice (12002, 1) (remaining tasks 73)
2025-04-24 21:30:48,610 [DEBUG]  		 created leaf IdentityNumericLeaf for scope=[8] (in 0.00696 secs)
2025-04-24 21:30:48,610 [DEBUG]  OP: Operation.CREATE_LEAF on slice (12002, 1) (remaining tasks 72)
2025-04-24 21:30:48,617 [DEBUG]  		 created leaf IdentityNumericLeaf for scope=[9] (in 0.00669 secs)
2025-04-24 21:30:48,617 [DEBUG]  OP: Operation.CREATE_LEAF on slice (12002, 1) (remaining tasks 71)
2025-04-24 21:30:48,624 [DEBUG]  		 created leaf IdentityNumericLeaf for scope=[10] (in 0.00689 secs)
2025-04-24 21:30:48,624 [DEBUG]  OP: Operation.CREATE_LEAF on slice (12002, 1) (remaining tasks 70)
2025-04-24 21:30:48,631 [DEBUG]  		 created leaf IdentityNumericLeaf for scope=[11] (in 0.00694 secs)
2025-04-24 21:30:48,632 [DEBUG]  OP: Operation.CREATE_LEAF on slice (12002, 1) (remaining tasks 69)
2025-04-24 21:30:48,639 [DEBUG]  		 created leaf IdentityNumericLeaf for scope=[12] (in 0.00686 secs)
2025-04-24 21:30:48,639 [DEBUG]  OP: Operation.CREATE_LEAF on slice (12002, 1) (remaining tasks 68)
2025-04-24 21:30:48,646 [DEBUG]  		 created leaf IdentityNumericLeaf for scope=[13] (in 0.00698 secs)
2025-04-24 21:30:48,646 [DEBUG]  OP: Operation.CREATE_LEAF on slice (12002, 1) (remaining tasks 67)
2025-04-24 21:30:48,653 [DEBUG]  		 created leaf IdentityNumericLeaf for scope=[14] (in 0.00702 secs)
2025-04-24 21:30:48,653 [DEBUG]  OP: Operation.CREATE_LEAF on slice (12002, 1) (remaining tasks 66)
2025-04-24 21:30:48,660 [DEBUG]  		 created leaf IdentityNumericLeaf for scope=[15] (in 0.00695 secs)
2025-04-24 21:30:48,660 [DEBUG]  OP: Operation.CREATE_LEAF on slice (12002, 1) (remaining tasks 65)
2025-04-24 21:30:48,667 [DEBUG]  		 created leaf IdentityNumericLeaf for scope=[16] (in 0.00696 secs)
2025-04-24 21:30:48,668 [DEBUG]  OP: Operation.CREATE_LEAF on slice (12002, 1) (remaining tasks 64)
2025-04-24 21:30:48,675 [DEBUG]  		 created leaf IdentityNumericLeaf for scope=[17] (in 0.00704 secs)
2025-04-24 21:30:48,675 [DEBUG]  OP: Operation.CREATE_LEAF on slice (12002, 1) (remaining tasks 63)
2025-04-24 21:30:48,682 [DEBUG]  		 created leaf IdentityNumericLeaf for scope=[18] (in 0.00701 secs)
2025-04-24 21:30:48,682 [DEBUG]  OP: Operation.CREATE_LEAF on slice (12002, 1) (remaining tasks 62)
2025-04-24 21:30:48,690 [DEBUG]  		 created leaf IdentityNumericLeaf for scope=[19] (in 0.00734 secs)
2025-04-24 21:30:48,690 [DEBUG]  OP: Operation.CREATE_LEAF on slice (12002, 1) (remaining tasks 61)
2025-04-24 21:30:48,697 [DEBUG]  		 created leaf IdentityNumericLeaf for scope=[20] (in 0.00725 secs)
2025-04-24 21:30:48,697 [DEBUG]  OP: Operation.CREATE_LEAF on slice (12002, 1) (remaining tasks 60)
2025-04-24 21:30:48,704 [DEBUG]  		 created leaf IdentityNumericLeaf for scope=[21] (in 0.00721 secs)
2025-04-24 21:30:48,705 [DEBUG]  OP: Operation.CREATE_LEAF on slice (12002, 1) (remaining tasks 59)
2025-04-24 21:30:48,712 [DEBUG]  		 created leaf IdentityNumericLeaf for scope=[22] (in 0.00738 secs)
2025-04-24 21:30:48,712 [DEBUG]  OP: Operation.CREATE_LEAF on slice (12002, 1) (remaining tasks 58)
2025-04-24 21:30:48,717 [DEBUG]  		 created leaf IdentityNumericLeaf for scope=[23] (in 0.00490 secs)
2025-04-24 21:30:48,717 [DEBUG]  OP: Operation.CREATE_LEAF on slice (12002, 1) (remaining tasks 57)
2025-04-24 21:30:48,721 [DEBUG]  		 created leaf IdentityNumericLeaf for scope=[24] (in 0.00404 secs)
2025-04-24 21:30:48,722 [DEBUG]  OP: Operation.CREATE_LEAF on slice (12002, 1) (remaining tasks 56)
2025-04-24 21:30:48,726 [DEBUG]  		 created leaf IdentityNumericLeaf for scope=[25] (in 0.00417 secs)
2025-04-24 21:30:48,726 [DEBUG]  OP: Operation.CREATE_LEAF on slice (12002, 1) (remaining tasks 55)
2025-04-24 21:30:48,730 [DEBUG]  		 created leaf IdentityNumericLeaf for scope=[26] (in 0.00398 secs)
2025-04-24 21:30:48,730 [DEBUG]  OP: Operation.CREATE_LEAF on slice (12002, 1) (remaining tasks 54)
2025-04-24 21:30:48,734 [DEBUG]  		 created leaf IdentityNumericLeaf for scope=[27] (in 0.00413 secs)
2025-04-24 21:30:48,734 [DEBUG]  OP: Operation.CREATE_LEAF on slice (12002, 1) (remaining tasks 53)
2025-04-24 21:30:48,739 [DEBUG]  		 created leaf IdentityNumericLeaf for scope=[28] (in 0.00412 secs)
2025-04-24 21:30:48,739 [DEBUG]  OP: Operation.CREATE_LEAF on slice (12002, 1) (remaining tasks 52)
2025-04-24 21:30:48,743 [DEBUG]  		 created leaf IdentityNumericLeaf for scope=[29] (in 0.00413 secs)
2025-04-24 21:30:48,743 [DEBUG]  OP: Operation.CREATE_LEAF on slice (12002, 1) (remaining tasks 51)
2025-04-24 21:30:48,747 [DEBUG]  		 created leaf IdentityNumericLeaf for scope=[30] (in 0.00402 secs)
2025-04-24 21:30:48,747 [DEBUG]  OP: Operation.CREATE_LEAF on slice (12002, 1) (remaining tasks 50)
2025-04-24 21:30:48,751 [DEBUG]  		 created leaf IdentityNumericLeaf for scope=[31] (in 0.00421 secs)
2025-04-24 21:30:48,752 [DEBUG]  OP: Operation.CREATE_LEAF on slice (12002, 1) (remaining tasks 49)
2025-04-24 21:30:48,756 [DEBUG]  		 created leaf IdentityNumericLeaf for scope=[32] (in 0.00440 secs)
2025-04-24 21:30:48,756 [DEBUG]  OP: Operation.CREATE_LEAF on slice (12002, 1) (remaining tasks 48)
2025-04-24 21:30:48,760 [DEBUG]  		 created leaf IdentityNumericLeaf for scope=[33] (in 0.00403 secs)
2025-04-24 21:30:48,760 [DEBUG]  OP: Operation.CREATE_LEAF on slice (12002, 1) (remaining tasks 47)
2025-04-24 21:30:48,764 [DEBUG]  		 created leaf IdentityNumericLeaf for scope=[34] (in 0.00407 secs)
2025-04-24 21:30:48,765 [DEBUG]  OP: Operation.CREATE_LEAF on slice (12002, 1) (remaining tasks 46)
2025-04-24 21:30:48,769 [DEBUG]  		 created leaf IdentityNumericLeaf for scope=[35] (in 0.00400 secs)
2025-04-24 21:30:48,769 [DEBUG]  OP: Operation.CREATE_LEAF on slice (12002, 1) (remaining tasks 45)
2025-04-24 21:30:48,773 [DEBUG]  		 created leaf IdentityNumericLeaf for scope=[36] (in 0.00419 secs)
2025-04-24 21:30:48,773 [DEBUG]  OP: Operation.CREATE_LEAF on slice (12002, 1) (remaining tasks 44)
2025-04-24 21:30:48,777 [DEBUG]  		 created leaf IdentityNumericLeaf for scope=[37] (in 0.00411 secs)
2025-04-24 21:30:48,777 [DEBUG]  OP: Operation.CREATE_LEAF on slice (12002, 1) (remaining tasks 43)
2025-04-24 21:30:48,781 [DEBUG]  		 created leaf IdentityNumericLeaf for scope=[38] (in 0.00405 secs)
2025-04-24 21:30:48,782 [DEBUG]  OP: Operation.CREATE_LEAF on slice (12002, 1) (remaining tasks 42)
2025-04-24 21:30:48,786 [DEBUG]  		 created leaf IdentityNumericLeaf for scope=[39] (in 0.00403 secs)
2025-04-24 21:30:48,786 [DEBUG]  OP: Operation.CREATE_LEAF on slice (12002, 1) (remaining tasks 41)
2025-04-24 21:30:48,790 [DEBUG]  		 created leaf IdentityNumericLeaf for scope=[40] (in 0.00422 secs)
2025-04-24 21:30:48,790 [DEBUG]  OP: Operation.SPLIT_COLUMNS on slice (11998, 2) (remaining tasks 40)
2025-04-24 21:30:48,905 [DEBUG]  		found 1 col clusters (in 0.11450 secs)
2025-04-24 21:30:48,906 [DEBUG]  OP: Operation.CREATE_LEAF on slice (11998, 1) (remaining tasks 40)
2025-04-24 21:30:48,913 [DEBUG]  		 created leaf IdentityNumericLeaf for scope=[2] (in 0.00702 secs)
2025-04-24 21:30:48,913 [DEBUG]  OP: Operation.CREATE_LEAF on slice (11998, 1) (remaining tasks 39)
2025-04-24 21:30:48,920 [DEBUG]  		 created leaf IdentityNumericLeaf for scope=[3] (in 0.00689 secs)
2025-04-24 21:30:48,920 [DEBUG]  OP: Operation.CREATE_LEAF on slice (11998, 1) (remaining tasks 38)
2025-04-24 21:30:48,927 [DEBUG]  		 created leaf IdentityNumericLeaf for scope=[4] (in 0.00690 secs)
2025-04-24 21:30:48,928 [DEBUG]  OP: Operation.CREATE_LEAF on slice (11998, 1) (remaining tasks 37)
2025-04-24 21:30:48,935 [DEBUG]  		 created leaf IdentityNumericLeaf for scope=[5] (in 0.00692 secs)
2025-04-24 21:30:48,935 [DEBUG]  OP: Operation.CREATE_LEAF on slice (11998, 1) (remaining tasks 36)
2025-04-24 21:30:48,942 [DEBUG]  		 created leaf IdentityNumericLeaf for scope=[6] (in 0.00692 secs)
2025-04-24 21:30:48,942 [DEBUG]  OP: Operation.CREATE_LEAF on slice (11998, 1) (remaining tasks 35)
2025-04-24 21:30:48,949 [DEBUG]  		 created leaf IdentityNumericLeaf for scope=[7] (in 0.00692 secs)
2025-04-24 21:30:48,949 [DEBUG]  OP: Operation.CREATE_LEAF on slice (11998, 1) (remaining tasks 34)
2025-04-24 21:30:48,956 [DEBUG]  		 created leaf IdentityNumericLeaf for scope=[8] (in 0.00691 secs)
2025-04-24 21:30:48,956 [DEBUG]  OP: Operation.CREATE_LEAF on slice (11998, 1) (remaining tasks 33)
2025-04-24 21:30:48,964 [DEBUG]  		 created leaf IdentityNumericLeaf for scope=[9] (in 0.00732 secs)
2025-04-24 21:30:48,964 [DEBUG]  OP: Operation.CREATE_LEAF on slice (11998, 1) (remaining tasks 32)
2025-04-24 21:30:48,971 [DEBUG]  		 created leaf IdentityNumericLeaf for scope=[10] (in 0.00723 secs)
2025-04-24 21:30:48,971 [DEBUG]  OP: Operation.CREATE_LEAF on slice (11998, 1) (remaining tasks 31)
2025-04-24 21:30:48,979 [DEBUG]  		 created leaf IdentityNumericLeaf for scope=[11] (in 0.00722 secs)
2025-04-24 21:30:48,979 [DEBUG]  OP: Operation.CREATE_LEAF on slice (11998, 1) (remaining tasks 30)
2025-04-24 21:30:48,986 [DEBUG]  		 created leaf IdentityNumericLeaf for scope=[12] (in 0.00732 secs)
2025-04-24 21:30:48,986 [DEBUG]  OP: Operation.CREATE_LEAF on slice (11998, 1) (remaining tasks 29)
2025-04-24 21:30:48,994 [DEBUG]  		 created leaf IdentityNumericLeaf for scope=[13] (in 0.00717 secs)
2025-04-24 21:30:48,994 [DEBUG]  OP: Operation.CREATE_LEAF on slice (11998, 1) (remaining tasks 28)
2025-04-24 21:30:48,999 [DEBUG]  		 created leaf IdentityNumericLeaf for scope=[14] (in 0.00509 secs)
2025-04-24 21:30:48,999 [DEBUG]  OP: Operation.CREATE_LEAF on slice (11998, 1) (remaining tasks 27)
2025-04-24 21:30:49,004 [DEBUG]  		 created leaf IdentityNumericLeaf for scope=[15] (in 0.00496 secs)
2025-04-24 21:30:49,004 [DEBUG]  OP: Operation.CREATE_LEAF on slice (11998, 1) (remaining tasks 26)
2025-04-24 21:30:49,009 [DEBUG]  		 created leaf IdentityNumericLeaf for scope=[16] (in 0.00482 secs)
2025-04-24 21:30:49,009 [DEBUG]  OP: Operation.CREATE_LEAF on slice (11998, 1) (remaining tasks 25)
2025-04-24 21:30:49,014 [DEBUG]  		 created leaf IdentityNumericLeaf for scope=[17] (in 0.00486 secs)
2025-04-24 21:30:49,014 [DEBUG]  OP: Operation.CREATE_LEAF on slice (11998, 1) (remaining tasks 24)
2025-04-24 21:30:49,019 [DEBUG]  		 created leaf IdentityNumericLeaf for scope=[18] (in 0.00494 secs)
2025-04-24 21:30:49,020 [DEBUG]  OP: Operation.CREATE_LEAF on slice (11998, 1) (remaining tasks 23)
2025-04-24 21:30:49,024 [DEBUG]  		 created leaf IdentityNumericLeaf for scope=[19] (in 0.00471 secs)
2025-04-24 21:30:49,024 [DEBUG]  OP: Operation.CREATE_LEAF on slice (11998, 1) (remaining tasks 22)
2025-04-24 21:30:49,029 [DEBUG]  		 created leaf IdentityNumericLeaf for scope=[20] (in 0.00411 secs)
2025-04-24 21:30:49,029 [DEBUG]  OP: Operation.CREATE_LEAF on slice (11998, 1) (remaining tasks 21)
2025-04-24 21:30:49,033 [DEBUG]  		 created leaf IdentityNumericLeaf for scope=[21] (in 0.00445 secs)
2025-04-24 21:30:49,033 [DEBUG]  OP: Operation.CREATE_LEAF on slice (11998, 1) (remaining tasks 20)
2025-04-24 21:30:49,038 [DEBUG]  		 created leaf IdentityNumericLeaf for scope=[22] (in 0.00419 secs)
2025-04-24 21:30:49,038 [DEBUG]  OP: Operation.CREATE_LEAF on slice (11998, 1) (remaining tasks 19)
2025-04-24 21:30:49,042 [DEBUG]  		 created leaf IdentityNumericLeaf for scope=[23] (in 0.00410 secs)
2025-04-24 21:30:49,042 [DEBUG]  OP: Operation.CREATE_LEAF on slice (11998, 1) (remaining tasks 18)
2025-04-24 21:30:49,046 [DEBUG]  		 created leaf IdentityNumericLeaf for scope=[24] (in 0.00424 secs)
2025-04-24 21:30:49,046 [DEBUG]  OP: Operation.CREATE_LEAF on slice (11998, 1) (remaining tasks 17)
2025-04-24 21:30:49,051 [DEBUG]  		 created leaf IdentityNumericLeaf for scope=[25] (in 0.00414 secs)
2025-04-24 21:30:49,051 [DEBUG]  OP: Operation.CREATE_LEAF on slice (11998, 1) (remaining tasks 16)
2025-04-24 21:30:49,055 [DEBUG]  		 created leaf IdentityNumericLeaf for scope=[26] (in 0.00409 secs)
2025-04-24 21:30:49,055 [DEBUG]  OP: Operation.CREATE_LEAF on slice (11998, 1) (remaining tasks 15)
2025-04-24 21:30:49,059 [DEBUG]  		 created leaf IdentityNumericLeaf for scope=[27] (in 0.00420 secs)
2025-04-24 21:30:49,059 [DEBUG]  OP: Operation.CREATE_LEAF on slice (11998, 1) (remaining tasks 14)
2025-04-24 21:30:49,064 [DEBUG]  		 created leaf IdentityNumericLeaf for scope=[28] (in 0.00409 secs)
2025-04-24 21:30:49,064 [DEBUG]  OP: Operation.CREATE_LEAF on slice (11998, 1) (remaining tasks 13)
2025-04-24 21:30:49,068 [DEBUG]  		 created leaf IdentityNumericLeaf for scope=[29] (in 0.00412 secs)
2025-04-24 21:30:49,068 [DEBUG]  OP: Operation.CREATE_LEAF on slice (11998, 1) (remaining tasks 12)
2025-04-24 21:30:49,072 [DEBUG]  		 created leaf IdentityNumericLeaf for scope=[30] (in 0.00422 secs)
2025-04-24 21:30:49,072 [DEBUG]  OP: Operation.CREATE_LEAF on slice (11998, 1) (remaining tasks 11)
2025-04-24 21:30:49,077 [DEBUG]  		 created leaf IdentityNumericLeaf for scope=[31] (in 0.00415 secs)
2025-04-24 21:30:49,077 [DEBUG]  OP: Operation.CREATE_LEAF on slice (11998, 1) (remaining tasks 10)
2025-04-24 21:30:49,081 [DEBUG]  		 created leaf IdentityNumericLeaf for scope=[32] (in 0.00425 secs)
2025-04-24 21:30:49,081 [DEBUG]  OP: Operation.CREATE_LEAF on slice (11998, 1) (remaining tasks 9)
2025-04-24 21:30:49,085 [DEBUG]  		 created leaf IdentityNumericLeaf for scope=[33] (in 0.00421 secs)
2025-04-24 21:30:49,085 [DEBUG]  OP: Operation.CREATE_LEAF on slice (11998, 1) (remaining tasks 8)
2025-04-24 21:30:49,090 [DEBUG]  		 created leaf IdentityNumericLeaf for scope=[34] (in 0.00417 secs)
2025-04-24 21:30:49,090 [DEBUG]  OP: Operation.CREATE_LEAF on slice (11998, 1) (remaining tasks 7)
2025-04-24 21:30:49,094 [DEBUG]  		 created leaf IdentityNumericLeaf for scope=[35] (in 0.00412 secs)
2025-04-24 21:30:49,094 [DEBUG]  OP: Operation.CREATE_LEAF on slice (11998, 1) (remaining tasks 6)
2025-04-24 21:30:49,098 [DEBUG]  		 created leaf IdentityNumericLeaf for scope=[36] (in 0.00421 secs)
2025-04-24 21:30:49,099 [DEBUG]  OP: Operation.CREATE_LEAF on slice (11998, 1) (remaining tasks 5)
2025-04-24 21:30:49,103 [DEBUG]  		 created leaf IdentityNumericLeaf for scope=[37] (in 0.00410 secs)
2025-04-24 21:30:49,103 [DEBUG]  OP: Operation.CREATE_LEAF on slice (11998, 1) (remaining tasks 4)
2025-04-24 21:30:49,107 [DEBUG]  		 created leaf IdentityNumericLeaf for scope=[38] (in 0.00412 secs)
2025-04-24 21:30:49,107 [DEBUG]  OP: Operation.CREATE_LEAF on slice (11998, 1) (remaining tasks 3)
2025-04-24 21:30:49,111 [DEBUG]  		 created leaf IdentityNumericLeaf for scope=[39] (in 0.00424 secs)
2025-04-24 21:30:49,112 [DEBUG]  OP: Operation.CREATE_LEAF on slice (11998, 1) (remaining tasks 2)
2025-04-24 21:30:49,116 [DEBUG]  		 created leaf IdentityNumericLeaf for scope=[40] (in 0.00412 secs)
2025-04-24 21:30:49,116 [DEBUG]  OP: Operation.SPLIT_ROWS on slice (12002, 2) (remaining tasks 1)
2025-04-24 21:30:49,226 [DEBUG]  		found 2 row clusters (in 0.10983 secs)
2025-04-24 21:30:49,226 [DEBUG]  OP: Operation.SPLIT_ROWS on slice (11998, 2) (remaining tasks 2)
2025-04-24 21:30:49,307 [DEBUG]  		found 2 row clusters (in 0.08021 secs)
2025-04-24 21:30:49,307 [DEBUG]  OP: Operation.SPLIT_COLUMNS on slice (6771, 2) (remaining tasks 3)
2025-04-24 21:30:49,416 [DEBUG]  		found 1 col clusters (in 0.10896 secs)
2025-04-24 21:30:49,417 [DEBUG]  OP: Operation.SPLIT_COLUMNS on slice (5231, 2) (remaining tasks 3)
2025-04-24 21:30:49,525 [DEBUG]  		found 1 col clusters (in 0.10800 secs)
2025-04-24 21:30:49,526 [DEBUG]  OP: Operation.SPLIT_COLUMNS on slice (5159, 2) (remaining tasks 3)
2025-04-24 21:30:49,634 [DEBUG]  		found 1 col clusters (in 0.10790 secs)
2025-04-24 21:30:49,635 [DEBUG]  OP: Operation.SPLIT_COLUMNS on slice (6839, 2) (remaining tasks 3)
2025-04-24 21:30:49,744 [DEBUG]  		found 1 col clusters (in 0.10908 secs)
2025-04-24 21:30:49,745 [DEBUG]  OP: Operation.SPLIT_ROWS on slice (6771, 2) (remaining tasks 3)
2025-04-24 21:30:49,836 [DEBUG]  		found 2 row clusters (in 0.09100 secs)
2025-04-24 21:30:49,837 [DEBUG]  OP: Operation.SPLIT_ROWS on slice (5231, 2) (remaining tasks 4)
2025-04-24 21:30:49,888 [DEBUG]  		found 2 row clusters (in 0.05077 secs)
2025-04-24 21:30:49,889 [DEBUG]  OP: Operation.SPLIT_ROWS on slice (5159, 2) (remaining tasks 5)
2025-04-24 21:30:49,934 [DEBUG]  		found 2 row clusters (in 0.04524 secs)
2025-04-24 21:30:49,934 [DEBUG]  OP: Operation.SPLIT_ROWS on slice (6839, 2) (remaining tasks 6)
2025-04-24 21:30:49,982 [DEBUG]  		found 2 row clusters (in 0.04736 secs)
2025-04-24 21:30:49,982 [DEBUG]  OP: Operation.SPLIT_COLUMNS on slice (4249, 2) (remaining tasks 7)
2025-04-24 21:30:50,091 [DEBUG]  		found 2 col clusters (in 0.10825 secs)
2025-04-24 21:30:50,091 [DEBUG]  OP: Operation.SPLIT_COLUMNS on slice (2522, 2) (remaining tasks 8)
2025-04-24 21:30:50,197 [DEBUG]  		found 1 col clusters (in 0.10582 secs)
2025-04-24 21:30:50,198 [DEBUG]  OP: Operation.SPLIT_COLUMNS on slice (3654, 2) (remaining tasks 8)
2025-04-24 21:30:50,305 [DEBUG]  		found 1 col clusters (in 0.10709 secs)
2025-04-24 21:30:50,305 [DEBUG]  OP: Operation.SPLIT_COLUMNS on slice (1577, 2) (remaining tasks 8)
2025-04-24 21:30:50,411 [DEBUG]  		found 1 col clusters (in 0.10567 secs)
2025-04-24 21:30:50,412 [DEBUG]  OP: Operation.SPLIT_COLUMNS on slice (3708, 2) (remaining tasks 8)
2025-04-24 21:30:50,519 [DEBUG]  		found 1 col clusters (in 0.10681 secs)
2025-04-24 21:30:50,519 [DEBUG]  OP: Operation.SPLIT_COLUMNS on slice (1451, 2) (remaining tasks 8)
2025-04-24 21:30:50,625 [DEBUG]  		found 1 col clusters (in 0.10569 secs)
2025-04-24 21:30:50,626 [DEBUG]  OP: Operation.SPLIT_COLUMNS on slice (4261, 2) (remaining tasks 8)
2025-04-24 21:30:50,733 [DEBUG]  		found 1 col clusters (in 0.10747 secs)
2025-04-24 21:30:50,734 [DEBUG]  OP: Operation.SPLIT_COLUMNS on slice (2578, 2) (remaining tasks 8)
2025-04-24 21:30:50,840 [DEBUG]  		found 1 col clusters (in 0.10655 secs)
2025-04-24 21:30:50,840 [DEBUG]  OP: Operation.CREATE_LEAF on slice (4249, 1) (remaining tasks 8)
2025-04-24 21:30:50,843 [DEBUG]  		 created leaf IdentityNumericLeaf for scope=[0] (in 0.00205 secs)
2025-04-24 21:30:50,843 [DEBUG]  OP: Operation.CREATE_LEAF on slice (4249, 1) (remaining tasks 7)
2025-04-24 21:30:50,846 [DEBUG]  		 created leaf IdentityNumericLeaf for scope=[1] (in 0.00271 secs)
2025-04-24 21:30:50,846 [DEBUG]  OP: Operation.SPLIT_ROWS on slice (2522, 2) (remaining tasks 6)
2025-04-24 21:30:50,903 [DEBUG]  		found 2 row clusters (in 0.05652 secs)
2025-04-24 21:30:50,903 [DEBUG]  OP: Operation.SPLIT_ROWS on slice (3654, 2) (remaining tasks 7)
2025-04-24 21:30:50,952 [DEBUG]  		found 2 row clusters (in 0.04813 secs)
2025-04-24 21:30:50,952 [DEBUG]  OP: Operation.SPLIT_ROWS on slice (1577, 2) (remaining tasks 8)
2025-04-24 21:30:50,982 [DEBUG]  		found 2 row clusters (in 0.02997 secs)
2025-04-24 21:30:50,982 [DEBUG]  OP: Operation.SPLIT_ROWS on slice (3708, 2) (remaining tasks 9)
2025-04-24 21:30:51,021 [DEBUG]  		found 2 row clusters (in 0.03828 secs)
2025-04-24 21:30:51,021 [DEBUG]  OP: Operation.SPLIT_ROWS on slice (1451, 2) (remaining tasks 10)
2025-04-24 21:30:51,049 [DEBUG]  		found 2 row clusters (in 0.02843 secs)
2025-04-24 21:30:51,050 [DEBUG]  OP: Operation.SPLIT_ROWS on slice (4261, 2) (remaining tasks 11)
2025-04-24 21:30:51,085 [DEBUG]  		found 2 row clusters (in 0.03538 secs)
2025-04-24 21:30:51,086 [DEBUG]  OP: Operation.SPLIT_ROWS on slice (2578, 2) (remaining tasks 12)
2025-04-24 21:30:51,116 [DEBUG]  		found 2 row clusters (in 0.02986 secs)
2025-04-24 21:30:51,116 [DEBUG]  OP: Operation.SPLIT_COLUMNS on slice (1726, 2) (remaining tasks 13)
2025-04-24 21:30:51,223 [DEBUG]  		found 2 col clusters (in 0.10708 secs)
2025-04-24 21:30:51,223 [DEBUG]  OP: Operation.SPLIT_COLUMNS on slice (796, 2) (remaining tasks 14)
2025-04-24 21:30:51,329 [DEBUG]  		found 1 col clusters (in 0.10553 secs)
2025-04-24 21:30:51,329 [DEBUG]  OP: Operation.SPLIT_COLUMNS on slice (1546, 2) (remaining tasks 14)
2025-04-24 21:30:51,435 [DEBUG]  		found 2 col clusters (in 0.10591 secs)
2025-04-24 21:30:51,436 [DEBUG]  OP: Operation.SPLIT_COLUMNS on slice (2108, 2) (remaining tasks 15)
2025-04-24 21:30:51,542 [DEBUG]  		found 2 col clusters (in 0.10608 secs)
2025-04-24 21:30:51,543 [DEBUG]  OP: Operation.SPLIT_COLUMNS on slice (1154, 2) (remaining tasks 16)
2025-04-24 21:30:51,648 [DEBUG]  		found 2 col clusters (in 0.10560 secs)
2025-04-24 21:30:51,649 [DEBUG]  OP: Operation.SPLIT_COLUMNS on slice (423, 2) (remaining tasks 17)
2025-04-24 21:30:51,754 [DEBUG]  		found 1 col clusters (in 0.10487 secs)
2025-04-24 21:30:51,754 [DEBUG]  OP: Operation.SPLIT_COLUMNS on slice (2050, 2) (remaining tasks 17)
2025-04-24 21:30:51,860 [DEBUG]  		found 2 col clusters (in 0.10625 secs)
2025-04-24 21:30:51,861 [DEBUG]  OP: Operation.SPLIT_COLUMNS on slice (1658, 2) (remaining tasks 18)
2025-04-24 21:30:51,967 [DEBUG]  		found 2 col clusters (in 0.10631 secs)
2025-04-24 21:30:51,968 [DEBUG]  OP: Operation.SPLIT_COLUMNS on slice (1065, 2) (remaining tasks 19)
2025-04-24 21:30:52,073 [DEBUG]  		found 2 col clusters (in 0.10534 secs)
2025-04-24 21:30:52,073 [DEBUG]  OP: Operation.SPLIT_COLUMNS on slice (386, 2) (remaining tasks 20)
2025-04-24 21:30:52,179 [DEBUG]  		found 1 col clusters (in 0.10495 secs)
2025-04-24 21:30:52,179 [DEBUG]  OP: Operation.SPLIT_COLUMNS on slice (2035, 2) (remaining tasks 20)
2025-04-24 21:30:52,285 [DEBUG]  		found 2 col clusters (in 0.10607 secs)
2025-04-24 21:30:52,286 [DEBUG]  OP: Operation.SPLIT_COLUMNS on slice (2226, 2) (remaining tasks 21)
2025-04-24 21:30:52,392 [DEBUG]  		found 2 col clusters (in 0.10648 secs)
2025-04-24 21:30:52,393 [DEBUG]  OP: Operation.SPLIT_COLUMNS on slice (1728, 2) (remaining tasks 22)
2025-04-24 21:30:52,499 [DEBUG]  		found 2 col clusters (in 0.10639 secs)
2025-04-24 21:30:52,500 [DEBUG]  OP: Operation.SPLIT_COLUMNS on slice (850, 2) (remaining tasks 23)
2025-04-24 21:30:52,605 [DEBUG]  		found 1 col clusters (in 0.10539 secs)
2025-04-24 21:30:52,605 [DEBUG]  OP: Operation.CREATE_LEAF on slice (1726, 1) (remaining tasks 23)
2025-04-24 21:30:52,607 [DEBUG]  		 created leaf IdentityNumericLeaf for scope=[0] (in 0.00122 secs)
2025-04-24 21:30:52,607 [DEBUG]  OP: Operation.CREATE_LEAF on slice (1726, 1) (remaining tasks 22)
2025-04-24 21:30:52,608 [DEBUG]  		 created leaf IdentityNumericLeaf for scope=[1] (in 0.00141 secs)
2025-04-24 21:30:52,609 [DEBUG]  OP: Operation.SPLIT_ROWS on slice (796, 2) (remaining tasks 21)
2025-04-24 21:30:52,646 [DEBUG]  		found 2 row clusters (in 0.03681 secs)
2025-04-24 21:30:52,646 [DEBUG]  OP: Operation.CREATE_LEAF on slice (1546, 1) (remaining tasks 22)
2025-04-24 21:30:52,647 [DEBUG]  		 created leaf IdentityNumericLeaf for scope=[0] (in 0.00111 secs)
2025-04-24 21:30:52,647 [DEBUG]  OP: Operation.CREATE_LEAF on slice (1546, 1) (remaining tasks 21)
2025-04-24 21:30:52,648 [DEBUG]  		 created leaf IdentityNumericLeaf for scope=[1] (in 0.00121 secs)
2025-04-24 21:30:52,648 [DEBUG]  OP: Operation.CREATE_LEAF on slice (2108, 1) (remaining tasks 20)
2025-04-24 21:30:52,650 [DEBUG]  		 created leaf IdentityNumericLeaf for scope=[0] (in 0.00131 secs)
2025-04-24 21:30:52,650 [DEBUG]  OP: Operation.CREATE_LEAF on slice (2108, 1) (remaining tasks 19)
2025-04-24 21:30:52,652 [DEBUG]  		 created leaf IdentityNumericLeaf for scope=[1] (in 0.00150 secs)
2025-04-24 21:30:52,652 [DEBUG]  OP: Operation.CREATE_LEAF on slice (1154, 1) (remaining tasks 18)
2025-04-24 21:30:52,653 [DEBUG]  		 created leaf IdentityNumericLeaf for scope=[0] (in 0.00089 secs)
2025-04-24 21:30:52,653 [DEBUG]  OP: Operation.CREATE_LEAF on slice (1154, 1) (remaining tasks 17)
2025-04-24 21:30:52,654 [DEBUG]  		 created leaf IdentityNumericLeaf for scope=[1] (in 0.00096 secs)
2025-04-24 21:30:52,654 [DEBUG]  OP: Operation.SPLIT_ROWS on slice (423, 2) (remaining tasks 16)
2025-04-24 21:30:52,687 [DEBUG]  		found 2 row clusters (in 0.03259 secs)
2025-04-24 21:30:52,687 [DEBUG]  OP: Operation.CREATE_LEAF on slice (2050, 1) (remaining tasks 17)
2025-04-24 21:30:52,688 [DEBUG]  		 created leaf IdentityNumericLeaf for scope=[0] (in 0.00129 secs)
2025-04-24 21:30:52,689 [DEBUG]  OP: Operation.CREATE_LEAF on slice (2050, 1) (remaining tasks 16)
2025-04-24 21:30:52,690 [DEBUG]  		 created leaf IdentityNumericLeaf for scope=[1] (in 0.00145 secs)
2025-04-24 21:30:52,690 [DEBUG]  OP: Operation.CREATE_LEAF on slice (1658, 1) (remaining tasks 15)
2025-04-24 21:30:52,691 [DEBUG]  		 created leaf IdentityNumericLeaf for scope=[0] (in 0.00114 secs)
2025-04-24 21:30:52,692 [DEBUG]  OP: Operation.CREATE_LEAF on slice (1658, 1) (remaining tasks 14)
2025-04-24 21:30:52,693 [DEBUG]  		 created leaf IdentityNumericLeaf for scope=[1] (in 0.00125 secs)
2025-04-24 21:30:52,693 [DEBUG]  OP: Operation.CREATE_LEAF on slice (1065, 1) (remaining tasks 13)
2025-04-24 21:30:52,694 [DEBUG]  		 created leaf IdentityNumericLeaf for scope=[0] (in 0.00084 secs)
2025-04-24 21:30:52,694 [DEBUG]  OP: Operation.CREATE_LEAF on slice (1065, 1) (remaining tasks 12)
2025-04-24 21:30:52,695 [DEBUG]  		 created leaf IdentityNumericLeaf for scope=[1] (in 0.00092 secs)
2025-04-24 21:30:52,695 [DEBUG]  OP: Operation.SPLIT_ROWS on slice (386, 2) (remaining tasks 11)
2025-04-24 21:30:52,722 [DEBUG]  		found 2 row clusters (in 0.02683 secs)
2025-04-24 21:30:52,722 [DEBUG]  OP: Operation.CREATE_LEAF on slice (2035, 1) (remaining tasks 12)
2025-04-24 21:30:52,723 [DEBUG]  		 created leaf IdentityNumericLeaf for scope=[0] (in 0.00070 secs)
2025-04-24 21:30:52,723 [DEBUG]  OP: Operation.CREATE_LEAF on slice (2035, 1) (remaining tasks 11)
2025-04-24 21:30:52,724 [DEBUG]  		 created leaf IdentityNumericLeaf for scope=[1] (in 0.00087 secs)
2025-04-24 21:30:52,724 [DEBUG]  OP: Operation.CREATE_LEAF on slice (2226, 1) (remaining tasks 10)
2025-04-24 21:30:52,725 [DEBUG]  		 created leaf IdentityNumericLeaf for scope=[0] (in 0.00085 secs)
2025-04-24 21:30:52,725 [DEBUG]  OP: Operation.CREATE_LEAF on slice (2226, 1) (remaining tasks 9)
2025-04-24 21:30:52,726 [DEBUG]  		 created leaf IdentityNumericLeaf for scope=[1] (in 0.00093 secs)
2025-04-24 21:30:52,726 [DEBUG]  OP: Operation.CREATE_LEAF on slice (1728, 1) (remaining tasks 8)
2025-04-24 21:30:52,727 [DEBUG]  		 created leaf IdentityNumericLeaf for scope=[0] (in 0.00075 secs)
2025-04-24 21:30:52,727 [DEBUG]  OP: Operation.CREATE_LEAF on slice (1728, 1) (remaining tasks 7)
2025-04-24 21:30:52,728 [DEBUG]  		 created leaf IdentityNumericLeaf for scope=[1] (in 0.00079 secs)
2025-04-24 21:30:52,728 [DEBUG]  OP: Operation.SPLIT_ROWS on slice (850, 2) (remaining tasks 6)
2025-04-24 21:30:52,755 [DEBUG]  		found 2 row clusters (in 0.02646 secs)
2025-04-24 21:30:52,755 [DEBUG]  OP: Operation.SPLIT_COLUMNS on slice (590, 2) (remaining tasks 7)
2025-04-24 21:30:52,861 [DEBUG]  		found 2 col clusters (in 0.10575 secs)
2025-04-24 21:30:52,861 [DEBUG]  OP: Operation.NAIVE_FACTORIZATION on slice (206, 2) (remaining tasks 8)
2025-04-24 21:30:52,866 [DEBUG]  		naive factorization 2 columns (in 0.00469 secs)
2025-04-24 21:30:52,866 [DEBUG]  OP: Operation.SPLIT_COLUMNS on slice (342, 2) (remaining tasks 7)
2025-04-24 21:30:52,971 [DEBUG]  		found 2 col clusters (in 0.10493 secs)
2025-04-24 21:30:52,972 [DEBUG]  OP: Operation.NAIVE_FACTORIZATION on slice (81, 2) (remaining tasks 8)
2025-04-24 21:30:52,976 [DEBUG]  		naive factorization 2 columns (in 0.00376 secs)
2025-04-24 21:30:52,976 [DEBUG]  OP: Operation.SPLIT_COLUMNS on slice (305, 2) (remaining tasks 7)
2025-04-24 21:30:53,081 [DEBUG]  		found 2 col clusters (in 0.10474 secs)
2025-04-24 21:30:53,081 [DEBUG]  OP: Operation.NAIVE_FACTORIZATION on slice (81, 2) (remaining tasks 8)
2025-04-24 21:30:53,085 [DEBUG]  		naive factorization 2 columns (in 0.00363 secs)
2025-04-24 21:30:53,085 [DEBUG]  OP: Operation.SPLIT_COLUMNS on slice (634, 2) (remaining tasks 7)
2025-04-24 21:30:53,190 [DEBUG]  		found 2 col clusters (in 0.10500 secs)
2025-04-24 21:30:53,190 [DEBUG]  OP: Operation.NAIVE_FACTORIZATION on slice (216, 2) (remaining tasks 8)
2025-04-24 21:30:53,195 [DEBUG]  		naive factorization 2 columns (in 0.00453 secs)
2025-04-24 21:30:53,195 [DEBUG]  OP: Operation.CREATE_LEAF on slice (590, 1) (remaining tasks 7)
2025-04-24 21:30:53,196 [DEBUG]  		 created leaf IdentityNumericLeaf for scope=[0] (in 0.00061 secs)
2025-04-24 21:30:53,196 [DEBUG]  OP: Operation.CREATE_LEAF on slice (590, 1) (remaining tasks 6)
2025-04-24 21:30:53,196 [DEBUG]  		 created leaf IdentityNumericLeaf for scope=[1] (in 0.00060 secs)
2025-04-24 21:30:53,197 [DEBUG]  OP: Operation.CREATE_LEAF on slice (342, 1) (remaining tasks 5)
2025-04-24 21:30:53,197 [DEBUG]  		 created leaf IdentityNumericLeaf for scope=[0] (in 0.00045 secs)
2025-04-24 21:30:53,197 [DEBUG]  OP: Operation.CREATE_LEAF on slice (342, 1) (remaining tasks 4)
2025-04-24 21:30:53,198 [DEBUG]  		 created leaf IdentityNumericLeaf for scope=[1] (in 0.00047 secs)
2025-04-24 21:30:53,198 [DEBUG]  OP: Operation.CREATE_LEAF on slice (305, 1) (remaining tasks 3)
2025-04-24 21:30:53,198 [DEBUG]  		 created leaf IdentityNumericLeaf for scope=[0] (in 0.00042 secs)
2025-04-24 21:30:53,199 [DEBUG]  OP: Operation.CREATE_LEAF on slice (305, 1) (remaining tasks 2)
2025-04-24 21:30:53,199 [DEBUG]  		 created leaf IdentityNumericLeaf for scope=[1] (in 0.00043 secs)
2025-04-24 21:30:53,199 [DEBUG]  OP: Operation.CREATE_LEAF on slice (634, 1) (remaining tasks 1)
2025-04-24 21:30:53,200 [DEBUG]  		 created leaf IdentityNumericLeaf for scope=[0] (in 0.00061 secs)
2025-04-24 21:30:53,200 [DEBUG]  OP: Operation.CREATE_LEAF on slice (634, 1) (remaining tasks 0)
2025-04-24 21:30:53,201 [DEBUG]  		 created leaf IdentityNumericLeaf for scope=[1] (in 0.00063 secs)
2025-04-24 21:31:06,081 [DEBUG]  Built SPN in 83.86768647300778 sec
2025-04-24 21:31:06,081 [INFO ]  Saving ensemble to /home/dafn/card/deepcard/collected_temp_benchmarks/spn_ensembles/Lattice-physics/ensemble_single_raw1_10000000.pkl
