2025-04-16 16:31:53,365 [INFO ]  Generating HDF files for tables in /home/dafn/card/deepcard/collected_datasets/Recipe Reviews and User Feedback and store to path /home/dafn/card/deepcard/collected_temp_benchmarks/gen_single_light/Recipe Reviews and User Feedback
2025-04-16 16:31:53,366 [INFO ]  Preparing hdf file for table recipereviews
2025-04-16 16:31:53,388 [INFO ]  Managing functional dependencies for table recipereviews
2025-04-16 16:31:53,389 [INFO ]  Preparing multipliers for table recipereviews
2025-04-16 16:31:53,389 [INFO ]  Preparing categorical values and null values for table recipereviews
2025-04-16 16:31:53,389 [DEBUG]  		Preparing numerical values for column f1
2025-04-16 16:31:53,390 [DEBUG]  		Preparing numerical values for column f2
2025-04-16 16:31:53,391 [DEBUG]  		Preparing numerical values for column f3
2025-04-16 16:31:53,392 [DEBUG]  		Preparing numerical values for column f4
2025-04-16 16:31:53,393 [DEBUG]  		Preparing numerical values for column f5
2025-04-16 16:31:53,394 [DEBUG]  		Preparing numerical values for column f6
2025-04-16 16:31:53,395 [DEBUG]  		Preparing numerical values for column f7
2025-04-16 16:31:53,395 [DEBUG]  		Preparing numerical values for column f8
2025-04-16 16:31:53,396 [DEBUG]  		Preparing numerical values for column f9
2025-04-16 16:31:53,397 [DEBUG]  		Preparing numerical values for column f10
2025-04-16 16:31:53,398 [DEBUG]  		Preparing numerical values for column f11
2025-04-16 16:31:53,399 [DEBUG]  		Preparing numerical values for column f12
2025-04-16 16:31:53,400 [DEBUG]  		Preparing numerical values for column f13
2025-04-16 16:31:53,401 [DEBUG]  		Preparing numerical values for column f14
2025-04-16 16:31:53,401 [DEBUG]  		Preparing numerical values for column f15
2025-04-16 16:31:53,402 [INFO ]  Relevant attributes for table recipereviews are ['f1', 'f2', 'f3', 'f4', 'f5', 'f6', 'f7', 'f8', 'f9', 'f10', 'f11', 'f12', 'f13', 'f14', 'f15']
2025-04-16 16:31:53,402 [INFO ]  NULL values for table recipereviews are [121.46539534704654, 38.68946310636894, 21773.667353327466, 47.54173458365417, 9090.5001, 5892.921340787592, 7022.162678374217, 2.159708403915961, 1623710485.7837322, 0.014729853701462984, 1.0893641073589264, 0.5494345066549334, 4.28890211197888, 153.16223837861622, 8863.050424496754]
2025-04-16 16:31:53,439 [INFO ]  Adding table parts without join partners for table recipereviews
2025-04-16 16:31:53,439 [INFO ]  Files successfully created
