2025-04-16 14:52:42,083 [INFO ]  Generating HDF files for tables in /home/dafn/card/deepcard/collected_datasets/Support2 and store to path /home/dafn/card/deepcard/collected_temp_benchmarks/gen_single_light/Support2
2025-04-16 14:52:42,084 [INFO ]  Making target path /home/dafn/card/deepcard/collected_temp_benchmarks/gen_single_light/Support2
2025-04-16 14:52:42,084 [INFO ]  Preparing hdf file for table support2
2025-04-16 14:52:42,134 [INFO ]  Managing functional dependencies for table support2
2025-04-16 14:52:42,135 [INFO ]  Preparing multipliers for table support2
2025-04-16 14:52:42,135 [INFO ]  Preparing categorical values and null values for table support2
2025-04-16 14:52:42,135 [DEBUG]  		Preparing numerical values for column f1
2025-04-16 14:52:42,137 [DEBUG]  		Preparing numerical values for column f2
2025-04-16 14:52:42,138 [DEBUG]  		Preparing numerical values for column f3
2025-04-16 14:52:42,138 [DEBUG]  		Preparing numerical values for column f4
2025-04-16 14:52:42,139 [DEBUG]  		Preparing numerical values for column f5
2025-04-16 14:52:42,140 [DEBUG]  		Preparing numerical values for column f6
2025-04-16 14:52:42,141 [DEBUG]  		Preparing numerical values for column f7
2025-04-16 14:52:42,141 [DEBUG]  		Preparing numerical values for column f8
2025-04-16 14:52:42,142 [DEBUG]  		Preparing numerical values for column f9
2025-04-16 14:52:42,143 [DEBUG]  		Preparing numerical values for column f10
2025-04-16 14:52:42,144 [DEBUG]  		Preparing numerical values for column f11
2025-04-16 14:52:42,145 [DEBUG]  		Preparing numerical values for column f12
2025-04-16 14:52:42,146 [DEBUG]  		Preparing numerical values for column f13
2025-04-16 14:52:42,148 [DEBUG]  		Preparing numerical values for column f14
2025-04-16 14:52:42,149 [DEBUG]  		Preparing numerical values for column f15
2025-04-16 14:52:42,151 [DEBUG]  		Preparing numerical values for column f16
2025-04-16 14:52:42,152 [DEBUG]  		Preparing numerical values for column f17
2025-04-16 14:52:42,153 [DEBUG]  		Preparing numerical values for column f18
2025-04-16 14:52:42,154 [DEBUG]  		Preparing numerical values for column f19
2025-04-16 14:52:42,155 [DEBUG]  		Preparing numerical values for column f20
2025-04-16 14:52:42,157 [DEBUG]  		Preparing numerical values for column f21
2025-04-16 14:52:42,158 [DEBUG]  		Preparing numerical values for column f22
2025-04-16 14:52:42,159 [DEBUG]  		Preparing numerical values for column f23
2025-04-16 14:52:42,160 [DEBUG]  		Preparing numerical values for column f24
2025-04-16 14:52:42,161 [DEBUG]  		Preparing numerical values for column f25
2025-04-16 14:52:42,161 [DEBUG]  		Preparing numerical values for column f26
2025-04-16 14:52:42,163 [DEBUG]  		Preparing numerical values for column f27
2025-04-16 14:52:42,164 [DEBUG]  		Preparing numerical values for column f28
2025-04-16 14:52:42,165 [DEBUG]  		Preparing numerical values for column f29
2025-04-16 14:52:42,166 [DEBUG]  		Preparing numerical values for column f30
2025-04-16 14:52:42,168 [DEBUG]  		Preparing numerical values for column f31
2025-04-16 14:52:42,169 [DEBUG]  		Preparing numerical values for column f32
2025-04-16 14:52:42,170 [DEBUG]  		Preparing numerical values for column f33
2025-04-16 14:52:42,172 [DEBUG]  		Preparing numerical values for column f34
2025-04-16 14:52:42,173 [DEBUG]  		Preparing numerical values for column f35
2025-04-16 14:52:42,174 [DEBUG]  		Preparing numerical values for column f36
2025-04-16 14:52:42,176 [DEBUG]  		Preparing numerical values for column f37
2025-04-16 14:52:42,177 [DEBUG]  		Preparing numerical values for column f38
2025-04-16 14:52:42,179 [DEBUG]  		Preparing numerical values for column f39
2025-04-16 14:52:42,180 [DEBUG]  		Preparing numerical values for column f40
2025-04-16 14:52:42,181 [DEBUG]  		Preparing numerical values for column f41
2025-04-16 14:52:42,183 [DEBUG]  		Preparing numerical values for column f42
2025-04-16 14:52:42,184 [DEBUG]  		Preparing numerical values for column f43
2025-04-16 14:52:42,186 [DEBUG]  		Preparing numerical values for column f44
2025-04-16 14:52:42,187 [DEBUG]  		Preparing numerical values for column f45
2025-04-16 14:52:42,188 [DEBUG]  		Preparing numerical values for column f46
2025-04-16 14:52:42,189 [DEBUG]  		Preparing numerical values for column f47
2025-04-16 14:52:42,190 [INFO ]  Relevant attributes for table support2 are ['f1', 'f2', 'f3', 'f4', 'f5', 'f6', 'f7', 'f8', 'f9', 'f10', 'f11', 'f12', 'f13', 'f14', 'f15', 'f16', 'f17', 'f18', 'f19', 'f20', 'f21', 'f22', 'f23', 'f24', 'f25', 'f26', 'f27', 'f28', 'f29', 'f30', 'f31', 'f32', 'f33', 'f34', 'f35', 'f36', 'f37', 'f38', 'f39', 'f40', 'f41', 'f42', 'f43', 'f44', 'f45', 'f46', 'f47']
2025-04-16 14:52:42,190 [INFO ]  NULL values for table support2 are [62.65092292147173, 0.6811543657331136, 0.5629775398132894, 0.2592982427237781, 17.863142284459087, 478.4499627127951, 2.2301933552992863, 0.8227249313563976, 1.8687436024162547, 11.74779107214563, 1.8796167490389895, 12.05864569420035, 59995.787911149666, 30825.86786844347, 28828.87793757727, 22.611028270087555, 4.408007742998352, 25.52597212618629, 37.598078910369075, 0.6359702790826121, 0.520195615427823, 4.4001, 0.19537732015376166, 0.03260961010433828, 0.9335431630971993, 0.6188686288927039, 0.499778791991237, 2.314652443712246, 14.58268953168044, 84.546508172232, 12.34777677812999, 97.15681114268455, 23.33039437609842, 37.10344106326889, 239.52916979941, 2.9506196053724056, 2.554562923587024, 1.7710606720170392, 137.56864130052725, 7.415464150564433, 159.87349842692726, 32.349563188512526, 2191.5461465439553, 1.1580099307159353, 1.6374837768515549, 2.6212971444261397, 1.8883719238660075]
2025-04-16 14:52:42,229 [INFO ]  Adding table parts without join partners for table support2
2025-04-16 14:52:42,230 [INFO ]  Files successfully created
