2025-04-16 16:30:48,529 [INFO ]  Generating HDF files for tables in /home/dafn/card/deepcard/collected_datasets/Superconductivty Data and store to path /home/dafn/card/deepcard/collected_temp_benchmarks/gen_single_light/Superconductivty Data
2025-04-16 16:30:48,529 [INFO ]  Preparing hdf file for table train
2025-04-16 16:30:48,864 [INFO ]  Managing functional dependencies for table train
2025-04-16 16:30:48,868 [INFO ]  Preparing multipliers for table train
2025-04-16 16:30:48,868 [INFO ]  Preparing categorical values and null values for table train
2025-04-16 16:30:48,868 [DEBUG]  		Preparing numerical values for column f1
2025-04-16 16:30:48,870 [DEBUG]  		Preparing numerical values for column f2
2025-04-16 16:30:48,871 [DEBUG]  		Preparing numerical values for column f3
2025-04-16 16:30:48,872 [DEBUG]  		Preparing numerical values for column f4
2025-04-16 16:30:48,873 [DEBUG]  		Preparing numerical values for column f5
2025-04-16 16:30:48,875 [DEBUG]  		Preparing numerical values for column f6
2025-04-16 16:30:48,876 [DEBUG]  		Preparing numerical values for column f7
2025-04-16 16:30:48,877 [DEBUG]  		Preparing numerical values for column f8
2025-04-16 16:30:48,879 [DEBUG]  		Preparing numerical values for column f9
2025-04-16 16:30:48,880 [DEBUG]  		Preparing numerical values for column f10
2025-04-16 16:30:48,881 [DEBUG]  		Preparing numerical values for column f11
2025-04-16 16:30:48,883 [DEBUG]  		Preparing numerical values for column f12
2025-04-16 16:30:48,884 [DEBUG]  		Preparing numerical values for column f13
2025-04-16 16:30:48,885 [DEBUG]  		Preparing numerical values for column f14
2025-04-16 16:30:48,886 [DEBUG]  		Preparing numerical values for column f15
2025-04-16 16:30:48,888 [DEBUG]  		Preparing numerical values for column f16
2025-04-16 16:30:48,889 [DEBUG]  		Preparing numerical values for column f17
2025-04-16 16:30:48,890 [DEBUG]  		Preparing numerical values for column f18
2025-04-16 16:30:48,892 [DEBUG]  		Preparing numerical values for column f19
2025-04-16 16:30:48,893 [DEBUG]  		Preparing numerical values for column f20
2025-04-16 16:30:48,894 [DEBUG]  		Preparing numerical values for column f21
2025-04-16 16:30:48,895 [DEBUG]  		Preparing numerical values for column f22
2025-04-16 16:30:48,897 [DEBUG]  		Preparing numerical values for column f23
2025-04-16 16:30:48,898 [DEBUG]  		Preparing numerical values for column f24
2025-04-16 16:30:48,899 [DEBUG]  		Preparing numerical values for column f25
2025-04-16 16:30:48,901 [DEBUG]  		Preparing numerical values for column f26
2025-04-16 16:30:48,902 [DEBUG]  		Preparing numerical values for column f27
2025-04-16 16:30:48,903 [DEBUG]  		Preparing numerical values for column f28
2025-04-16 16:30:48,904 [DEBUG]  		Preparing numerical values for column f29
2025-04-16 16:30:48,906 [DEBUG]  		Preparing numerical values for column f30
2025-04-16 16:30:48,907 [DEBUG]  		Preparing numerical values for column f31
2025-04-16 16:30:48,908 [DEBUG]  		Preparing numerical values for column f32
2025-04-16 16:30:48,909 [DEBUG]  		Preparing numerical values for column f33
2025-04-16 16:30:48,911 [DEBUG]  		Preparing numerical values for column f34
2025-04-16 16:30:48,912 [DEBUG]  		Preparing numerical values for column f35
2025-04-16 16:30:48,913 [DEBUG]  		Preparing numerical values for column f36
2025-04-16 16:30:48,915 [DEBUG]  		Preparing numerical values for column f37
2025-04-16 16:30:48,916 [DEBUG]  		Preparing numerical values for column f38
2025-04-16 16:30:48,917 [DEBUG]  		Preparing numerical values for column f39
2025-04-16 16:30:48,919 [DEBUG]  		Preparing numerical values for column f40
2025-04-16 16:30:48,920 [DEBUG]  		Preparing numerical values for column f41
2025-04-16 16:30:48,921 [DEBUG]  		Preparing numerical values for column f42
2025-04-16 16:30:48,923 [DEBUG]  		Preparing numerical values for column f43
2025-04-16 16:30:48,924 [DEBUG]  		Preparing numerical values for column f44
2025-04-16 16:30:48,925 [DEBUG]  		Preparing numerical values for column f45
2025-04-16 16:30:48,927 [DEBUG]  		Preparing numerical values for column f46
2025-04-16 16:30:48,928 [DEBUG]  		Preparing numerical values for column f47
2025-04-16 16:30:48,929 [DEBUG]  		Preparing numerical values for column f48
2025-04-16 16:30:48,931 [DEBUG]  		Preparing numerical values for column f49
2025-04-16 16:30:48,932 [DEBUG]  		Preparing numerical values for column f50
2025-04-16 16:30:48,933 [DEBUG]  		Preparing numerical values for column f51
2025-04-16 16:30:48,935 [DEBUG]  		Preparing numerical values for column f52
2025-04-16 16:30:48,936 [DEBUG]  		Preparing numerical values for column f53
2025-04-16 16:30:48,937 [DEBUG]  		Preparing numerical values for column f54
2025-04-16 16:30:48,938 [DEBUG]  		Preparing numerical values for column f55
2025-04-16 16:30:48,940 [DEBUG]  		Preparing numerical values for column f56
2025-04-16 16:30:48,941 [DEBUG]  		Preparing numerical values for column f57
2025-04-16 16:30:48,942 [DEBUG]  		Preparing numerical values for column f58
2025-04-16 16:30:48,944 [DEBUG]  		Preparing numerical values for column f59
2025-04-16 16:30:48,945 [DEBUG]  		Preparing numerical values for column f60
2025-04-16 16:30:48,946 [DEBUG]  		Preparing numerical values for column f61
2025-04-16 16:30:48,948 [DEBUG]  		Preparing numerical values for column f62
2025-04-16 16:30:48,949 [DEBUG]  		Preparing numerical values for column f63
2025-04-16 16:30:48,950 [DEBUG]  		Preparing numerical values for column f64
2025-04-16 16:30:48,952 [DEBUG]  		Preparing numerical values for column f65
2025-04-16 16:30:48,953 [DEBUG]  		Preparing numerical values for column f66
2025-04-16 16:30:48,954 [DEBUG]  		Preparing numerical values for column f67
2025-04-16 16:30:48,956 [DEBUG]  		Preparing numerical values for column f68
2025-04-16 16:30:48,957 [DEBUG]  		Preparing numerical values for column f69
2025-04-16 16:30:48,958 [DEBUG]  		Preparing numerical values for column f70
2025-04-16 16:30:48,959 [DEBUG]  		Preparing numerical values for column f71
2025-04-16 16:30:48,961 [DEBUG]  		Preparing numerical values for column f72
2025-04-16 16:30:48,962 [DEBUG]  		Preparing numerical values for column f73
2025-04-16 16:30:48,963 [DEBUG]  		Preparing numerical values for column f74
2025-04-16 16:30:48,965 [DEBUG]  		Preparing numerical values for column f75
2025-04-16 16:30:48,966 [DEBUG]  		Preparing numerical values for column f76
2025-04-16 16:30:48,967 [DEBUG]  		Preparing numerical values for column f77
2025-04-16 16:30:48,968 [DEBUG]  		Preparing numerical values for column f78
2025-04-16 16:30:48,969 [DEBUG]  		Preparing numerical values for column f79
2025-04-16 16:30:48,971 [DEBUG]  		Preparing numerical values for column f80
2025-04-16 16:30:48,972 [DEBUG]  		Preparing numerical values for column f81
2025-04-16 16:30:48,973 [DEBUG]  		Preparing numerical values for column f82
2025-04-16 16:30:48,975 [INFO ]  Relevant attributes for table train are ['f1', 'f2', 'f3', 'f4', 'f5', 'f6', 'f7', 'f8', 'f9', 'f10', 'f11', 'f12', 'f13', 'f14', 'f15', 'f16', 'f17', 'f18', 'f19', 'f20', 'f21', 'f22', 'f23', 'f24', 'f25', 'f26', 'f27', 'f28', 'f29', 'f30', 'f31', 'f32', 'f33', 'f34', 'f35', 'f36', 'f37', 'f38', 'f39', 'f40', 'f41', 'f42', 'f43', 'f44', 'f45', 'f46', 'f47', 'f48', 'f49', 'f50', 'f51', 'f52', 'f53', 'f54', 'f55', 'f56', 'f57', 'f58', 'f59', 'f60', 'f61', 'f62', 'f63', 'f64', 'f65', 'f66', 'f67', 'f68', 'f69', 'f70', 'f71', 'f72', 'f73', 'f74', 'f75', 'f76', 'f77', 'f78', 'f79', 'f80', 'f81', 'f82']
2025-04-16 16:30:48,975 [INFO ]  NULL values for table train are [4.115323627898227, 87.55773086475905, 72.98841044307746, 71.2907270377003, 58.54001555419585, 1.1657079642319457, 1.0639835275958267, 115.60135125331516, 33.22531792173843, 44.39199327527615, 41.44814474886692, 769.614848322035, 870.4424172901025, 737.4748507972785, 832.7697487659008, 1.2992721607957372, 0.9268258145043101, 572.2227120490994, 483.51736440781417, 215.6313794464955, 224.05013328379877, 157.98320075852754, 134.72013911907217, 144.448838033233, 120.98943048313367, 1.267855878438339, 1.1312377209982563, 139.32512469077741, 51.36998487982804, 51.60136669129966, 52.34056493754296, 6111.465314254488, 5267.188647254163, 3460.692335215076, 3117.2412099859075, 1.072524606420924, 0.8561366124008446, 8665.438917941963, 2902.7369144493637, 3416.910883960488, 3319.1707278798804, 76.87985062184181, 92.71758621630399, 54.35960154241109, 72.41632533082105, 1.0703497970193114, 0.7708565499103158, 120.73061403847058, 59.332737395568756, 48.91230732020931, 44.409455928051486, 14.296212664595851, 13.848100883359619, 10.137076826474308, 10.141260706071776, 1.0934429814697326, 0.9141646259558485, 21.139093933123263, 8.218628401445525, 8.323433205231302, 7.717675894832423, 89.70701087705038, 81.54917964090552, 29.841827389885175, 27.308161297005608, 0.7277302117667414, 0.5400907521509002, 250.8935429116306, 62.033166314733485, 98.94409291978201, 96.23415099692858, 3.1983284600494635, 3.153226732255915, 3.05663554664032, 3.0559851572011993, 1.2957824572428525, 1.0529414938856556, 2.041110205521328, 1.4831072246436976, 0.8394423829019059, 0.6740867746255926, 34.42131913535249]
2025-04-16 16:30:49,036 [INFO ]  Adding table parts without join partners for table train
2025-04-16 16:30:49,057 [INFO ]  Files successfully created
