2025-04-16 16:30:17,526 [INFO ]  Generating HDF files for tables in /home/dafn/card/deepcard/collected_datasets/TUNADROMD and store to path /home/dafn/card/deepcard/collected_temp_benchmarks/gen_single_light/TUNADROMD
2025-04-16 16:30:17,526 [INFO ]  Preparing hdf file for table tuandromd
2025-04-16 16:30:17,644 [INFO ]  Managing functional dependencies for table tuandromd
2025-04-16 16:30:17,648 [INFO ]  Preparing multipliers for table tuandromd
2025-04-16 16:30:17,648 [INFO ]  Preparing categorical values and null values for table tuandromd
2025-04-16 16:30:17,648 [DEBUG]  		Preparing numerical values for column f1
2025-04-16 16:30:17,650 [DEBUG]  		Preparing numerical values for column f2
2025-04-16 16:30:17,651 [DEBUG]  		Preparing numerical values for column f3
2025-04-16 16:30:17,652 [DEBUG]  		Preparing numerical values for column f4
2025-04-16 16:30:17,654 [DEBUG]  		Preparing numerical values for column f5
2025-04-16 16:30:17,655 [DEBUG]  		Preparing numerical values for column f6
2025-04-16 16:30:17,656 [DEBUG]  		Preparing numerical values for column f7
2025-04-16 16:30:17,657 [DEBUG]  		Preparing numerical values for column f8
2025-04-16 16:30:17,659 [DEBUG]  		Preparing numerical values for column f9
2025-04-16 16:30:17,660 [DEBUG]  		Preparing numerical values for column f10
2025-04-16 16:30:17,661 [DEBUG]  		Preparing numerical values for column f11
2025-04-16 16:30:17,663 [DEBUG]  		Preparing numerical values for column f12
2025-04-16 16:30:17,664 [DEBUG]  		Preparing numerical values for column f13
2025-04-16 16:30:17,665 [DEBUG]  		Preparing numerical values for column f14
2025-04-16 16:30:17,667 [DEBUG]  		Preparing numerical values for column f15
2025-04-16 16:30:17,668 [DEBUG]  		Preparing numerical values for column f16
2025-04-16 16:30:17,669 [DEBUG]  		Preparing numerical values for column f17
2025-04-16 16:30:17,671 [DEBUG]  		Preparing numerical values for column f18
2025-04-16 16:30:17,672 [DEBUG]  		Preparing numerical values for column f19
2025-04-16 16:30:17,673 [DEBUG]  		Preparing numerical values for column f20
2025-04-16 16:30:17,674 [DEBUG]  		Preparing numerical values for column f21
2025-04-16 16:30:17,676 [DEBUG]  		Preparing numerical values for column f22
2025-04-16 16:30:17,677 [DEBUG]  		Preparing numerical values for column f23
2025-04-16 16:30:17,678 [DEBUG]  		Preparing numerical values for column f24
2025-04-16 16:30:17,680 [DEBUG]  		Preparing numerical values for column f25
2025-04-16 16:30:17,681 [DEBUG]  		Preparing numerical values for column f26
2025-04-16 16:30:17,682 [DEBUG]  		Preparing numerical values for column f27
2025-04-16 16:30:17,684 [DEBUG]  		Preparing numerical values for column f28
2025-04-16 16:30:17,685 [DEBUG]  		Preparing numerical values for column f29
2025-04-16 16:30:17,686 [DEBUG]  		Preparing numerical values for column f30
2025-04-16 16:30:17,688 [DEBUG]  		Preparing numerical values for column f31
2025-04-16 16:30:17,689 [DEBUG]  		Preparing numerical values for column f32
2025-04-16 16:30:17,690 [DEBUG]  		Preparing numerical values for column f33
2025-04-16 16:30:17,692 [DEBUG]  		Preparing numerical values for column f34
2025-04-16 16:30:17,693 [DEBUG]  		Preparing numerical values for column f35
2025-04-16 16:30:17,694 [DEBUG]  		Preparing numerical values for column f36
2025-04-16 16:30:17,696 [DEBUG]  		Preparing numerical values for column f37
2025-04-16 16:30:17,697 [DEBUG]  		Preparing numerical values for column f38
2025-04-16 16:30:17,698 [DEBUG]  		Preparing numerical values for column f39
2025-04-16 16:30:17,699 [DEBUG]  		Preparing numerical values for column f40
2025-04-16 16:30:17,701 [DEBUG]  		Preparing numerical values for column f41
2025-04-16 16:30:17,702 [DEBUG]  		Preparing numerical values for column f42
2025-04-16 16:30:17,703 [DEBUG]  		Preparing numerical values for column f43
2025-04-16 16:30:17,705 [DEBUG]  		Preparing numerical values for column f44
2025-04-16 16:30:17,706 [DEBUG]  		Preparing numerical values for column f45
2025-04-16 16:30:17,707 [DEBUG]  		Preparing numerical values for column f46
2025-04-16 16:30:17,709 [DEBUG]  		Preparing numerical values for column f47
2025-04-16 16:30:17,710 [DEBUG]  		Preparing numerical values for column f48
2025-04-16 16:30:17,711 [DEBUG]  		Preparing numerical values for column f49
2025-04-16 16:30:17,712 [DEBUG]  		Preparing numerical values for column f50
2025-04-16 16:30:17,714 [DEBUG]  		Preparing numerical values for column f51
2025-04-16 16:30:17,715 [DEBUG]  		Preparing numerical values for column f52
2025-04-16 16:30:17,716 [DEBUG]  		Preparing numerical values for column f53
2025-04-16 16:30:17,718 [DEBUG]  		Preparing numerical values for column f54
2025-04-16 16:30:17,719 [DEBUG]  		Preparing numerical values for column f55
2025-04-16 16:30:17,720 [DEBUG]  		Preparing numerical values for column f56
2025-04-16 16:30:17,722 [DEBUG]  		Preparing numerical values for column f57
2025-04-16 16:30:17,723 [DEBUG]  		Preparing numerical values for column f58
2025-04-16 16:30:17,724 [DEBUG]  		Preparing numerical values for column f59
2025-04-16 16:30:17,725 [DEBUG]  		Preparing numerical values for column f60
2025-04-16 16:30:17,727 [DEBUG]  		Preparing numerical values for column f61
2025-04-16 16:30:17,728 [DEBUG]  		Preparing numerical values for column f62
2025-04-16 16:30:17,729 [DEBUG]  		Preparing numerical values for column f63
2025-04-16 16:30:17,731 [DEBUG]  		Preparing numerical values for column f64
2025-04-16 16:30:17,732 [DEBUG]  		Preparing numerical values for column f65
2025-04-16 16:30:17,733 [DEBUG]  		Preparing numerical values for column f66
2025-04-16 16:30:17,735 [DEBUG]  		Preparing numerical values for column f67
2025-04-16 16:30:17,736 [DEBUG]  		Preparing numerical values for column f68
2025-04-16 16:30:17,737 [DEBUG]  		Preparing numerical values for column f69
2025-04-16 16:30:17,739 [DEBUG]  		Preparing numerical values for column f70
2025-04-16 16:30:17,740 [DEBUG]  		Preparing numerical values for column f71
2025-04-16 16:30:17,741 [DEBUG]  		Preparing numerical values for column f72
2025-04-16 16:30:17,743 [DEBUG]  		Preparing numerical values for column f73
2025-04-16 16:30:17,744 [DEBUG]  		Preparing numerical values for column f74
2025-04-16 16:30:17,745 [DEBUG]  		Preparing numerical values for column f75
2025-04-16 16:30:17,747 [DEBUG]  		Preparing numerical values for column f76
2025-04-16 16:30:17,748 [DEBUG]  		Preparing numerical values for column f77
2025-04-16 16:30:17,749 [DEBUG]  		Preparing numerical values for column f78
2025-04-16 16:30:17,751 [DEBUG]  		Preparing numerical values for column f79
2025-04-16 16:30:17,752 [DEBUG]  		Preparing numerical values for column f80
2025-04-16 16:30:17,753 [DEBUG]  		Preparing numerical values for column f81
2025-04-16 16:30:17,754 [DEBUG]  		Preparing numerical values for column f82
2025-04-16 16:30:17,756 [DEBUG]  		Preparing numerical values for column f83
2025-04-16 16:30:17,757 [DEBUG]  		Preparing numerical values for column f84
2025-04-16 16:30:17,758 [DEBUG]  		Preparing numerical values for column f85
2025-04-16 16:30:17,760 [DEBUG]  		Preparing numerical values for column f86
2025-04-16 16:30:17,761 [DEBUG]  		Preparing numerical values for column f87
2025-04-16 16:30:17,762 [DEBUG]  		Preparing numerical values for column f88
2025-04-16 16:30:17,764 [DEBUG]  		Preparing numerical values for column f89
2025-04-16 16:30:17,765 [DEBUG]  		Preparing numerical values for column f90
2025-04-16 16:30:17,766 [DEBUG]  		Preparing numerical values for column f91
2025-04-16 16:30:17,768 [DEBUG]  		Preparing numerical values for column f92
2025-04-16 16:30:17,769 [DEBUG]  		Preparing numerical values for column f93
2025-04-16 16:30:17,770 [DEBUG]  		Preparing numerical values for column f94
2025-04-16 16:30:17,771 [DEBUG]  		Preparing numerical values for column f95
2025-04-16 16:30:17,773 [DEBUG]  		Preparing numerical values for column f96
2025-04-16 16:30:17,774 [DEBUG]  		Preparing numerical values for column f97
2025-04-16 16:30:17,775 [DEBUG]  		Preparing numerical values for column f98
2025-04-16 16:30:17,777 [DEBUG]  		Preparing numerical values for column f99
2025-04-16 16:30:17,778 [DEBUG]  		Preparing numerical values for column f100
2025-04-16 16:30:17,779 [DEBUG]  		Preparing numerical values for column f101
2025-04-16 16:30:17,781 [DEBUG]  		Preparing numerical values for column f102
2025-04-16 16:30:17,782 [DEBUG]  		Preparing numerical values for column f103
2025-04-16 16:30:17,783 [DEBUG]  		Preparing numerical values for column f104
2025-04-16 16:30:17,785 [DEBUG]  		Preparing numerical values for column f105
2025-04-16 16:30:17,786 [DEBUG]  		Preparing numerical values for column f106
2025-04-16 16:30:17,787 [DEBUG]  		Preparing numerical values for column f107
2025-04-16 16:30:17,788 [DEBUG]  		Preparing numerical values for column f108
2025-04-16 16:30:17,790 [DEBUG]  		Preparing numerical values for column f109
2025-04-16 16:30:17,791 [DEBUG]  		Preparing numerical values for column f110
2025-04-16 16:30:17,792 [DEBUG]  		Preparing numerical values for column f111
2025-04-16 16:30:17,794 [DEBUG]  		Preparing numerical values for column f112
2025-04-16 16:30:17,795 [DEBUG]  		Preparing numerical values for column f113
2025-04-16 16:30:17,796 [DEBUG]  		Preparing numerical values for column f114
2025-04-16 16:30:17,798 [DEBUG]  		Preparing numerical values for column f115
2025-04-16 16:30:17,799 [DEBUG]  		Preparing numerical values for column f116
2025-04-16 16:30:17,800 [DEBUG]  		Preparing numerical values for column f117
2025-04-16 16:30:17,802 [DEBUG]  		Preparing numerical values for column f118
2025-04-16 16:30:17,803 [DEBUG]  		Preparing numerical values for column f119
2025-04-16 16:30:17,804 [DEBUG]  		Preparing numerical values for column f120
2025-04-16 16:30:17,806 [DEBUG]  		Preparing numerical values for column f121
2025-04-16 16:30:17,807 [DEBUG]  		Preparing numerical values for column f122
2025-04-16 16:30:17,808 [DEBUG]  		Preparing numerical values for column f123
2025-04-16 16:30:17,809 [DEBUG]  		Preparing numerical values for column f124
2025-04-16 16:30:17,811 [DEBUG]  		Preparing numerical values for column f125
2025-04-16 16:30:17,812 [DEBUG]  		Preparing numerical values for column f126
2025-04-16 16:30:17,813 [DEBUG]  		Preparing numerical values for column f127
2025-04-16 16:30:17,815 [DEBUG]  		Preparing numerical values for column f128
2025-04-16 16:30:17,816 [DEBUG]  		Preparing numerical values for column f129
2025-04-16 16:30:17,817 [DEBUG]  		Preparing numerical values for column f130
2025-04-16 16:30:17,818 [DEBUG]  		Preparing numerical values for column f131
2025-04-16 16:30:17,820 [DEBUG]  		Preparing numerical values for column f132
2025-04-16 16:30:17,821 [DEBUG]  		Preparing numerical values for column f133
2025-04-16 16:30:17,822 [DEBUG]  		Preparing numerical values for column f134
2025-04-16 16:30:17,824 [DEBUG]  		Preparing numerical values for column f135
2025-04-16 16:30:17,825 [DEBUG]  		Preparing numerical values for column f136
2025-04-16 16:30:17,826 [DEBUG]  		Preparing numerical values for column f137
2025-04-16 16:30:17,828 [DEBUG]  		Preparing numerical values for column f138
2025-04-16 16:30:17,829 [DEBUG]  		Preparing numerical values for column f139
2025-04-16 16:30:17,830 [DEBUG]  		Preparing numerical values for column f140
2025-04-16 16:30:17,832 [DEBUG]  		Preparing numerical values for column f141
2025-04-16 16:30:17,833 [DEBUG]  		Preparing numerical values for column f142
2025-04-16 16:30:17,834 [DEBUG]  		Preparing numerical values for column f143
2025-04-16 16:30:17,836 [DEBUG]  		Preparing numerical values for column f144
2025-04-16 16:30:17,837 [DEBUG]  		Preparing numerical values for column f145
2025-04-16 16:30:17,838 [DEBUG]  		Preparing numerical values for column f146
2025-04-16 16:30:17,839 [DEBUG]  		Preparing numerical values for column f147
2025-04-16 16:30:17,841 [DEBUG]  		Preparing numerical values for column f148
2025-04-16 16:30:17,842 [DEBUG]  		Preparing numerical values for column f149
2025-04-16 16:30:17,843 [DEBUG]  		Preparing numerical values for column f150
2025-04-16 16:30:17,845 [DEBUG]  		Preparing numerical values for column f151
2025-04-16 16:30:17,846 [DEBUG]  		Preparing numerical values for column f152
2025-04-16 16:30:17,847 [DEBUG]  		Preparing numerical values for column f153
2025-04-16 16:30:17,849 [DEBUG]  		Preparing numerical values for column f154
2025-04-16 16:30:17,850 [DEBUG]  		Preparing numerical values for column f155
2025-04-16 16:30:17,851 [DEBUG]  		Preparing numerical values for column f156
2025-04-16 16:30:17,853 [DEBUG]  		Preparing numerical values for column f157
2025-04-16 16:30:17,854 [DEBUG]  		Preparing numerical values for column f158
2025-04-16 16:30:17,855 [DEBUG]  		Preparing numerical values for column f159
2025-04-16 16:30:17,857 [DEBUG]  		Preparing numerical values for column f160
2025-04-16 16:30:17,858 [DEBUG]  		Preparing numerical values for column f161
2025-04-16 16:30:17,859 [DEBUG]  		Preparing numerical values for column f162
2025-04-16 16:30:17,860 [DEBUG]  		Preparing numerical values for column f163
2025-04-16 16:30:17,862 [DEBUG]  		Preparing numerical values for column f164
2025-04-16 16:30:17,863 [DEBUG]  		Preparing numerical values for column f165
2025-04-16 16:30:17,864 [DEBUG]  		Preparing numerical values for column f166
2025-04-16 16:30:17,866 [DEBUG]  		Preparing numerical values for column f167
2025-04-16 16:30:17,867 [DEBUG]  		Preparing numerical values for column f168
2025-04-16 16:30:17,868 [DEBUG]  		Preparing numerical values for column f169
2025-04-16 16:30:17,870 [DEBUG]  		Preparing numerical values for column f170
2025-04-16 16:30:17,871 [DEBUG]  		Preparing numerical values for column f171
2025-04-16 16:30:17,872 [DEBUG]  		Preparing numerical values for column f172
2025-04-16 16:30:17,874 [DEBUG]  		Preparing numerical values for column f173
2025-04-16 16:30:17,875 [DEBUG]  		Preparing numerical values for column f174
2025-04-16 16:30:17,876 [DEBUG]  		Preparing numerical values for column f175
2025-04-16 16:30:17,877 [DEBUG]  		Preparing numerical values for column f176
2025-04-16 16:30:17,879 [DEBUG]  		Preparing numerical values for column f177
2025-04-16 16:30:17,880 [DEBUG]  		Preparing numerical values for column f178
2025-04-16 16:30:17,881 [DEBUG]  		Preparing numerical values for column f179
2025-04-16 16:30:17,883 [DEBUG]  		Preparing numerical values for column f180
2025-04-16 16:30:17,884 [DEBUG]  		Preparing numerical values for column f181
2025-04-16 16:30:17,885 [DEBUG]  		Preparing numerical values for column f182
2025-04-16 16:30:17,887 [DEBUG]  		Preparing numerical values for column f183
2025-04-16 16:30:17,888 [DEBUG]  		Preparing numerical values for column f184
2025-04-16 16:30:17,889 [DEBUG]  		Preparing numerical values for column f185
2025-04-16 16:30:17,891 [DEBUG]  		Preparing numerical values for column f186
2025-04-16 16:30:17,892 [DEBUG]  		Preparing numerical values for column f187
2025-04-16 16:30:17,893 [DEBUG]  		Preparing numerical values for column f188
2025-04-16 16:30:17,894 [DEBUG]  		Preparing numerical values for column f189
2025-04-16 16:30:17,896 [DEBUG]  		Preparing numerical values for column f190
2025-04-16 16:30:17,897 [DEBUG]  		Preparing numerical values for column f191
2025-04-16 16:30:17,898 [DEBUG]  		Preparing numerical values for column f192
2025-04-16 16:30:17,900 [DEBUG]  		Preparing numerical values for column f193
2025-04-16 16:30:17,901 [DEBUG]  		Preparing numerical values for column f194
2025-04-16 16:30:17,902 [DEBUG]  		Preparing numerical values for column f195
2025-04-16 16:30:17,904 [DEBUG]  		Preparing numerical values for column f196
2025-04-16 16:30:17,905 [DEBUG]  		Preparing numerical values for column f197
2025-04-16 16:30:17,906 [DEBUG]  		Preparing numerical values for column f198
2025-04-16 16:30:17,908 [DEBUG]  		Preparing numerical values for column f199
2025-04-16 16:30:17,909 [DEBUG]  		Preparing numerical values for column f200
2025-04-16 16:30:17,910 [DEBUG]  		Preparing numerical values for column f201
2025-04-16 16:30:17,911 [DEBUG]  		Preparing numerical values for column f202
2025-04-16 16:30:17,913 [DEBUG]  		Preparing numerical values for column f203
2025-04-16 16:30:17,914 [DEBUG]  		Preparing numerical values for column f204
2025-04-16 16:30:17,915 [DEBUG]  		Preparing numerical values for column f205
2025-04-16 16:30:17,917 [DEBUG]  		Preparing numerical values for column f206
2025-04-16 16:30:17,918 [DEBUG]  		Preparing numerical values for column f207
2025-04-16 16:30:17,919 [DEBUG]  		Preparing numerical values for column f208
2025-04-16 16:30:17,921 [DEBUG]  		Preparing numerical values for column f209
2025-04-16 16:30:17,922 [DEBUG]  		Preparing numerical values for column f210
2025-04-16 16:30:17,923 [DEBUG]  		Preparing numerical values for column f211
2025-04-16 16:30:17,925 [DEBUG]  		Preparing numerical values for column f212
2025-04-16 16:30:17,926 [DEBUG]  		Preparing numerical values for column f213
2025-04-16 16:30:17,927 [DEBUG]  		Preparing numerical values for column f214
2025-04-16 16:30:17,929 [DEBUG]  		Preparing numerical values for column f215
2025-04-16 16:30:17,930 [DEBUG]  		Preparing numerical values for column f216
2025-04-16 16:30:17,931 [DEBUG]  		Preparing numerical values for column f217
2025-04-16 16:30:17,933 [DEBUG]  		Preparing numerical values for column f218
2025-04-16 16:30:17,934 [DEBUG]  		Preparing numerical values for column f219
2025-04-16 16:30:17,935 [DEBUG]  		Preparing numerical values for column f220
2025-04-16 16:30:17,937 [DEBUG]  		Preparing numerical values for column f221
2025-04-16 16:30:17,938 [DEBUG]  		Preparing numerical values for column f222
2025-04-16 16:30:17,939 [DEBUG]  		Preparing numerical values for column f223
2025-04-16 16:30:17,941 [DEBUG]  		Preparing numerical values for column f224
2025-04-16 16:30:17,942 [DEBUG]  		Preparing numerical values for column f225
2025-04-16 16:30:17,943 [DEBUG]  		Preparing numerical values for column f226
2025-04-16 16:30:17,944 [DEBUG]  		Preparing numerical values for column f227
2025-04-16 16:30:17,946 [DEBUG]  		Preparing numerical values for column f228
2025-04-16 16:30:17,947 [DEBUG]  		Preparing numerical values for column f229
2025-04-16 16:30:17,948 [DEBUG]  		Preparing numerical values for column f230
2025-04-16 16:30:17,950 [DEBUG]  		Preparing numerical values for column f231
2025-04-16 16:30:17,951 [DEBUG]  		Preparing numerical values for column f232
2025-04-16 16:30:17,952 [DEBUG]  		Preparing numerical values for column f233
2025-04-16 16:30:17,954 [DEBUG]  		Preparing numerical values for column f234
2025-04-16 16:30:17,955 [DEBUG]  		Preparing numerical values for column f235
2025-04-16 16:30:17,956 [DEBUG]  		Preparing numerical values for column f236
2025-04-16 16:30:17,957 [DEBUG]  		Preparing numerical values for column f237
2025-04-16 16:30:17,959 [DEBUG]  		Preparing numerical values for column f238
2025-04-16 16:30:17,960 [DEBUG]  		Preparing numerical values for column f239
2025-04-16 16:30:17,961 [DEBUG]  		Preparing numerical values for column f240
2025-04-16 16:30:17,963 [DEBUG]  		Preparing numerical values for column f241
2025-04-16 16:30:17,964 [DEBUG]  		Preparing numerical values for column f242
2025-04-16 16:30:17,965 [INFO ]  Relevant attributes for table tuandromd are ['f1', 'f2', 'f3', 'f4', 'f5', 'f6', 'f7', 'f8', 'f9', 'f10', 'f11', 'f12', 'f13', 'f14', 'f15', 'f16', 'f17', 'f18', 'f19', 'f20', 'f21', 'f22', 'f23', 'f24', 'f25', 'f26', 'f27', 'f28', 'f29', 'f30', 'f31', 'f32', 'f33', 'f34', 'f35', 'f36', 'f37', 'f38', 'f39', 'f40', 'f41', 'f42', 'f43', 'f44', 'f45', 'f46', 'f47', 'f48', 'f49', 'f50', 'f51', 'f52', 'f53', 'f54', 'f55', 'f56', 'f57', 'f58', 'f59', 'f60', 'f61', 'f62', 'f63', 'f64', 'f65', 'f66', 'f67', 'f68', 'f69', 'f70', 'f71', 'f72', 'f73', 'f74', 'f75', 'f76', 'f77', 'f78', 'f79', 'f80', 'f81', 'f82', 'f83', 'f84', 'f85', 'f86', 'f87', 'f88', 'f89', 'f90', 'f91', 'f92', 'f93', 'f94', 'f95', 'f96', 'f97', 'f98', 'f99', 'f100', 'f101', 'f102', 'f103', 'f104', 'f105', 'f106', 'f107', 'f108', 'f109', 'f110', 'f111', 'f112', 'f113', 'f114', 'f115', 'f116', 'f117', 'f118', 'f119', 'f120', 'f121', 'f122', 'f123', 'f124', 'f125', 'f126', 'f127', 'f128', 'f129', 'f130', 'f131', 'f132', 'f133', 'f134', 'f135', 'f136', 'f137', 'f138', 'f139', 'f140', 'f141', 'f142', 'f143', 'f144', 'f145', 'f146', 'f147', 'f148', 'f149', 'f150', 'f151', 'f152', 'f153', 'f154', 'f155', 'f156', 'f157', 'f158', 'f159', 'f160', 'f161', 'f162', 'f163', 'f164', 'f165', 'f166', 'f167', 'f168', 'f169', 'f170', 'f171', 'f172', 'f173', 'f174', 'f175', 'f176', 'f177', 'f178', 'f179', 'f180', 'f181', 'f182', 'f183', 'f184', 'f185', 'f186', 'f187', 'f188', 'f189', 'f190', 'f191', 'f192', 'f193', 'f194', 'f195', 'f196', 'f197', 'f198', 'f199', 'f200', 'f201', 'f202', 'f203', 'f204', 'f205', 'f206', 'f207', 'f208', 'f209', 'f210', 'f211', 'f212', 'f213', 'f214', 'f215', 'f216', 'f217', 'f218', 'f219', 'f220', 'f221', 'f222', 'f223', 'f224', 'f225', 'f226', 'f227', 'f228', 'f229', 'f230', 'f231', 'f232', 'f233', 'f234', 'f235', 'f236', 'f237', 'f238', 'f239', 'f240', 'f241', 'f242']
2025-04-16 16:30:17,966 [INFO ]  NULL values for table tuandromd are [0.000996057347670251, 0.000996057347670251, 0.00502831541218638, 0.08343333333333333, 0.007044444444444444, 0.08791362007168459, 0.022949462365591398, 0.023845519713261647, 0.0003240143369175627, 0.5964261648745519, 0.0001, 0.0001, 0.0001, 0.0018921146953405018, 0.00502831541218638, 0.3289530465949821, 0.0001, 0.0001, 0.005924372759856631, 0.02093333333333333, 0.0001, 0.0001, 0.035046236559139785, 0.0001, 0.0001, 0.07895304659498208, 0.0005480286738351255, 0.007044444444444444, 0.005924372759856631, 0.00502831541218638, 0.026981720430107527, 0.00502831541218638, 0.0001, 0.00502831541218638, 0.00502831541218638, 0.005476344086021506, 0.00502831541218638, 0.00502831541218638, 0.00502831541218638, 0.00502831541218638, 0.00502831541218638, 0.00502831541218638, 0.00502831541218638, 0.04512688172043011, 0.03997455197132617, 0.00502831541218638, 0.006372401433691757, 0.005924372759856631, 0.00502831541218638, 0.00502831541218638, 0.028325806451612902, 0.00502831541218638, 0.0003240143369175627, 0.056103584229390685, 0.005476344086021506, 0.2265784946236559, 0.00502831541218638, 0.00502831541218638, 0.00502831541218638, 0.005924372759856631, 0.023397491039426524, 0.0001, 0.055431541218638, 0.0265336917562724, 0.2758616487455197, 0.0001, 0.025413620071684587, 0.007044444444444444, 0.00502831541218638, 0.0001, 0.005252329749103943, 0.007268458781362007, 0.005924372759856631, 0.005252329749103943, 0.2801179211469534, 0.0001, 0.00502831541218638, 0.005476344086021506, 0.025861648745519713, 0.0001, 0.005252329749103943, 0.03191003584229391, 0.00502831541218638, 0.0001, 0.1508616487455197, 0.028549820788530467, 0.641453046594982, 0.00502831541218638, 0.00502831541218638, 0.0001, 0.0001, 0.005924372759856631, 0.00502831541218638, 0.005476344086021506, 0.006820430107526882, 0.00502831541218638, 0.0003240143369175627, 0.00502831541218638, 0.7337469534050179, 0.0001, 0.5043562724014337, 0.00502831541218638, 0.03303010752688172, 0.00502831541218638, 0.00502831541218638, 0.0001, 0.006596415770609319, 0.0003240143369175627, 0.005700358422939068, 0.0001, 0.04647096774193549, 0.011300716845878135, 0.022053405017921145, 0.02966989247311828, 0.027653763440860214, 0.02250143369175627, 0.0001, 0.0001, 0.0001, 0.029445878136200716, 0.0001, 0.0001, 0.0001, 0.027205734767025088, 0.027429749103942653, 0.15175770609318995, 0.0001, 0.0001, 0.0001, 0.2758616487455197, 0.00502831541218638, 0.0001, 0.0001, 0.00502831541218638, 0.00502831541218638, 0.01242078853046595, 0.0001, 0.0036842293906810034, 0.5354942652329749, 0.03303010752688172, 0.000996057347670251, 0.09284193548387097, 0.02227741935483871, 0.03213405017921147, 0.023397491039426524, 0.023845519713261647, 0.00502831541218638, 0.005924372759856631, 0.0001, 0.8437379928315412, 0.022053405017921145, 0.0001, 0.15466989247311827, 0.0012200716845878136, 0.021605376344086023, 0.041318637992831544, 0.024293548387096773, 0.0001, 0.03571827956989248, 0.0001, 0.0003240143369175627, 0.0001, 0.00502831541218638, 0.13719677419354837, 0.005476344086021506, 0.005252329749103943, 0.005252329749103943, 0.005700358422939068, 0.00502831541218638, 0.005476344086021506, 0.00502831541218638, 0.005252329749103943, 0.00502831541218638, 0.00502831541218638, 0.02227741935483871, 0.027653763440860214, 0.0247415770609319, 0.00502831541218638, 0.005924372759856631, 0.0003240143369175627, 0.02250143369175627, 0.02250143369175627, 0.39884551971326165, 0.006372401433691757, 0.00502831541218638, 0.00502831541218638, 0.000996057347670251, 0.037062365591397854, 0.008612544802867383, 0.02227741935483871, 0.20036881720430105, 0.8856286738351254, 0.0001, 0.006596415770609319, 0.0001, 0.0265336917562724, 0.02317347670250896, 0.038182437275985665, 0.0001, 0.0001, 0.44140824372759857, 0.00502831541218638, 0.00502831541218638, 0.0025641577060931896, 0.002340143369175627, 0.002340143369175627, 0.023397491039426524, 0.007716487455197133, 0.14145304659498206, 0.027205734767025088, 0.02227741935483871, 0.032358064516129034, 0.02317347670250896, 0.00502831541218638, 0.5502792114695341, 0.5166770609318996, 0.34149784946236555, 0.11300322580645161, 0.058791756272401435, 0.10471469534050179, 0.17975949820788528, 0.21000143369175625, 0.11210716845878137, 0.07424874551971326, 0.07738494623655914, 0.01667706093189964, 0.016901075268817203, 0.0007720430107526883, 0.12263584229390681, 0.42707132616487453, 0.07424874551971326, 0.05207132616487455, 0.17326308243727598, 0.24561971326164875, 0.21604982078853047, 0.09172186379928315, 0.08880967741935485, 0.05632759856630825, 0.13316451612903224, 0.013764874551971326, 0.150189605734767, 0.7987111111111111]
2025-04-16 16:30:18,014 [INFO ]  Adding table parts without join partners for table tuandromd
2025-04-16 16:30:18,016 [INFO ]  Files successfully created
