2025-04-17 09:54:59,018 [INFO ]  Generating HDF files for tables in /home/dafn/card/deepcard/collected_datasets/TUNADROMD and store to path /home/dafn/card/deepcard/collected_temp_benchmarks/gen_single_light/TUNADROMD
2025-04-17 09:54:59,018 [INFO ]  Preparing hdf file for table tuandromd
2025-04-17 09:54:59,112 [INFO ]  Managing functional dependencies for table tuandromd
2025-04-17 09:54:59,115 [INFO ]  Preparing multipliers for table tuandromd
2025-04-17 09:54:59,115 [INFO ]  Preparing categorical values and null values for table tuandromd
2025-04-17 09:54:59,116 [DEBUG]  		Preparing numerical values for column f1
2025-04-17 09:54:59,117 [DEBUG]  		Preparing numerical values for column f2
2025-04-17 09:54:59,119 [DEBUG]  		Preparing numerical values for column f3
2025-04-17 09:54:59,120 [DEBUG]  		Preparing numerical values for column f4
2025-04-17 09:54:59,121 [DEBUG]  		Preparing numerical values for column f5
2025-04-17 09:54:59,122 [DEBUG]  		Preparing numerical values for column f6
2025-04-17 09:54:59,124 [DEBUG]  		Preparing numerical values for column f7
2025-04-17 09:54:59,125 [DEBUG]  		Preparing numerical values for column f8
2025-04-17 09:54:59,126 [DEBUG]  		Preparing numerical values for column f9
2025-04-17 09:54:59,128 [DEBUG]  		Preparing numerical values for column f10
2025-04-17 09:54:59,129 [DEBUG]  		Preparing numerical values for column f11
2025-04-17 09:54:59,130 [DEBUG]  		Preparing numerical values for column f12
2025-04-17 09:54:59,132 [DEBUG]  		Preparing numerical values for column f13
2025-04-17 09:54:59,133 [DEBUG]  		Preparing numerical values for column f14
2025-04-17 09:54:59,134 [DEBUG]  		Preparing numerical values for column f15
2025-04-17 09:54:59,136 [DEBUG]  		Preparing numerical values for column f16
2025-04-17 09:54:59,137 [DEBUG]  		Preparing numerical values for column f17
2025-04-17 09:54:59,138 [DEBUG]  		Preparing numerical values for column f18
2025-04-17 09:54:59,139 [DEBUG]  		Preparing numerical values for column f19
2025-04-17 09:54:59,141 [DEBUG]  		Preparing numerical values for column f20
2025-04-17 09:54:59,142 [DEBUG]  		Preparing numerical values for column f21
2025-04-17 09:54:59,143 [DEBUG]  		Preparing numerical values for column f22
2025-04-17 09:54:59,145 [DEBUG]  		Preparing numerical values for column f23
2025-04-17 09:54:59,146 [DEBUG]  		Preparing numerical values for column f24
2025-04-17 09:54:59,147 [DEBUG]  		Preparing numerical values for column f25
2025-04-17 09:54:59,149 [DEBUG]  		Preparing numerical values for column f26
2025-04-17 09:54:59,150 [DEBUG]  		Preparing numerical values for column f27
2025-04-17 09:54:59,151 [DEBUG]  		Preparing numerical values for column f28
2025-04-17 09:54:59,152 [DEBUG]  		Preparing numerical values for column f29
2025-04-17 09:54:59,154 [DEBUG]  		Preparing numerical values for column f30
2025-04-17 09:54:59,155 [DEBUG]  		Preparing numerical values for column f31
2025-04-17 09:54:59,156 [DEBUG]  		Preparing numerical values for column f32
2025-04-17 09:54:59,158 [DEBUG]  		Preparing numerical values for column f33
2025-04-17 09:54:59,159 [DEBUG]  		Preparing numerical values for column f34
2025-04-17 09:54:59,160 [DEBUG]  		Preparing numerical values for column f35
2025-04-17 09:54:59,162 [DEBUG]  		Preparing numerical values for column f36
2025-04-17 09:54:59,163 [DEBUG]  		Preparing numerical values for column f37
2025-04-17 09:54:59,164 [DEBUG]  		Preparing numerical values for column f38
2025-04-17 09:54:59,165 [DEBUG]  		Preparing numerical values for column f39
2025-04-17 09:54:59,167 [DEBUG]  		Preparing numerical values for column f40
2025-04-17 09:54:59,168 [DEBUG]  		Preparing numerical values for column f41
2025-04-17 09:54:59,169 [DEBUG]  		Preparing numerical values for column f42
2025-04-17 09:54:59,171 [DEBUG]  		Preparing numerical values for column f43
2025-04-17 09:54:59,172 [DEBUG]  		Preparing numerical values for column f44
2025-04-17 09:54:59,173 [DEBUG]  		Preparing numerical values for column f45
2025-04-17 09:54:59,175 [DEBUG]  		Preparing numerical values for column f46
2025-04-17 09:54:59,176 [DEBUG]  		Preparing numerical values for column f47
2025-04-17 09:54:59,177 [DEBUG]  		Preparing numerical values for column f48
2025-04-17 09:54:59,179 [DEBUG]  		Preparing numerical values for column f49
2025-04-17 09:54:59,180 [DEBUG]  		Preparing numerical values for column f50
2025-04-17 09:54:59,181 [DEBUG]  		Preparing numerical values for column f51
2025-04-17 09:54:59,183 [DEBUG]  		Preparing numerical values for column f52
2025-04-17 09:54:59,184 [DEBUG]  		Preparing numerical values for column f53
2025-04-17 09:54:59,185 [DEBUG]  		Preparing numerical values for column f54
2025-04-17 09:54:59,186 [DEBUG]  		Preparing numerical values for column f55
2025-04-17 09:54:59,188 [DEBUG]  		Preparing numerical values for column f56
2025-04-17 09:54:59,189 [DEBUG]  		Preparing numerical values for column f57
2025-04-17 09:54:59,190 [DEBUG]  		Preparing numerical values for column f58
2025-04-17 09:54:59,192 [DEBUG]  		Preparing numerical values for column f59
2025-04-17 09:54:59,193 [DEBUG]  		Preparing numerical values for column f60
2025-04-17 09:54:59,194 [DEBUG]  		Preparing numerical values for column f61
2025-04-17 09:54:59,196 [DEBUG]  		Preparing numerical values for column f62
2025-04-17 09:54:59,197 [DEBUG]  		Preparing numerical values for column f63
2025-04-17 09:54:59,198 [DEBUG]  		Preparing numerical values for column f64
2025-04-17 09:54:59,200 [DEBUG]  		Preparing numerical values for column f65
2025-04-17 09:54:59,201 [DEBUG]  		Preparing numerical values for column f66
2025-04-17 09:54:59,202 [DEBUG]  		Preparing numerical values for column f67
2025-04-17 09:54:59,204 [DEBUG]  		Preparing numerical values for column f68
2025-04-17 09:54:59,205 [DEBUG]  		Preparing numerical values for column f69
2025-04-17 09:54:59,206 [DEBUG]  		Preparing numerical values for column f70
2025-04-17 09:54:59,208 [DEBUG]  		Preparing numerical values for column f71
2025-04-17 09:54:59,209 [DEBUG]  		Preparing numerical values for column f72
2025-04-17 09:54:59,210 [DEBUG]  		Preparing numerical values for column f73
2025-04-17 09:54:59,211 [DEBUG]  		Preparing numerical values for column f74
2025-04-17 09:54:59,213 [DEBUG]  		Preparing numerical values for column f75
2025-04-17 09:54:59,214 [DEBUG]  		Preparing numerical values for column f76
2025-04-17 09:54:59,215 [DEBUG]  		Preparing numerical values for column f77
2025-04-17 09:54:59,217 [DEBUG]  		Preparing numerical values for column f78
2025-04-17 09:54:59,218 [DEBUG]  		Preparing numerical values for column f79
2025-04-17 09:54:59,219 [DEBUG]  		Preparing numerical values for column f80
2025-04-17 09:54:59,221 [DEBUG]  		Preparing numerical values for column f81
2025-04-17 09:54:59,222 [DEBUG]  		Preparing numerical values for column f82
2025-04-17 09:54:59,223 [DEBUG]  		Preparing numerical values for column f83
2025-04-17 09:54:59,224 [DEBUG]  		Preparing numerical values for column f84
2025-04-17 09:54:59,226 [DEBUG]  		Preparing numerical values for column f85
2025-04-17 09:54:59,227 [DEBUG]  		Preparing numerical values for column f86
2025-04-17 09:54:59,228 [DEBUG]  		Preparing numerical values for column f87
2025-04-17 09:54:59,230 [DEBUG]  		Preparing numerical values for column f88
2025-04-17 09:54:59,231 [DEBUG]  		Preparing numerical values for column f89
2025-04-17 09:54:59,232 [DEBUG]  		Preparing numerical values for column f90
2025-04-17 09:54:59,234 [DEBUG]  		Preparing numerical values for column f91
2025-04-17 09:54:59,235 [DEBUG]  		Preparing numerical values for column f92
2025-04-17 09:54:59,236 [DEBUG]  		Preparing numerical values for column f93
2025-04-17 09:54:59,238 [DEBUG]  		Preparing numerical values for column f94
2025-04-17 09:54:59,239 [DEBUG]  		Preparing numerical values for column f95
2025-04-17 09:54:59,240 [DEBUG]  		Preparing numerical values for column f96
2025-04-17 09:54:59,242 [DEBUG]  		Preparing numerical values for column f97
2025-04-17 09:54:59,243 [DEBUG]  		Preparing numerical values for column f98
2025-04-17 09:54:59,244 [DEBUG]  		Preparing numerical values for column f99
2025-04-17 09:54:59,245 [DEBUG]  		Preparing numerical values for column f100
2025-04-17 09:54:59,247 [DEBUG]  		Preparing numerical values for column f101
2025-04-17 09:54:59,248 [DEBUG]  		Preparing numerical values for column f102
2025-04-17 09:54:59,249 [DEBUG]  		Preparing numerical values for column f103
2025-04-17 09:54:59,251 [DEBUG]  		Preparing numerical values for column f104
2025-04-17 09:54:59,252 [DEBUG]  		Preparing numerical values for column f105
2025-04-17 09:54:59,253 [DEBUG]  		Preparing numerical values for column f106
2025-04-17 09:54:59,255 [DEBUG]  		Preparing numerical values for column f107
2025-04-17 09:54:59,256 [DEBUG]  		Preparing numerical values for column f108
2025-04-17 09:54:59,257 [DEBUG]  		Preparing numerical values for column f109
2025-04-17 09:54:59,258 [DEBUG]  		Preparing numerical values for column f110
2025-04-17 09:54:59,260 [DEBUG]  		Preparing numerical values for column f111
2025-04-17 09:54:59,261 [DEBUG]  		Preparing numerical values for column f112
2025-04-17 09:54:59,262 [DEBUG]  		Preparing numerical values for column f113
2025-04-17 09:54:59,264 [DEBUG]  		Preparing numerical values for column f114
2025-04-17 09:54:59,265 [DEBUG]  		Preparing numerical values for column f115
2025-04-17 09:54:59,266 [DEBUG]  		Preparing numerical values for column f116
2025-04-17 09:54:59,268 [DEBUG]  		Preparing numerical values for column f117
2025-04-17 09:54:59,269 [DEBUG]  		Preparing numerical values for column f118
2025-04-17 09:54:59,270 [DEBUG]  		Preparing numerical values for column f119
2025-04-17 09:54:59,271 [DEBUG]  		Preparing numerical values for column f120
2025-04-17 09:54:59,273 [DEBUG]  		Preparing numerical values for column f121
2025-04-17 09:54:59,274 [DEBUG]  		Preparing numerical values for column f122
2025-04-17 09:54:59,275 [DEBUG]  		Preparing numerical values for column f123
2025-04-17 09:54:59,277 [DEBUG]  		Preparing numerical values for column f124
2025-04-17 09:54:59,278 [DEBUG]  		Preparing numerical values for column f125
2025-04-17 09:54:59,279 [DEBUG]  		Preparing numerical values for column f126
2025-04-17 09:54:59,281 [DEBUG]  		Preparing numerical values for column f127
2025-04-17 09:54:59,282 [DEBUG]  		Preparing numerical values for column f128
2025-04-17 09:54:59,283 [DEBUG]  		Preparing numerical values for column f129
2025-04-17 09:54:59,285 [DEBUG]  		Preparing numerical values for column f130
2025-04-17 09:54:59,286 [DEBUG]  		Preparing numerical values for column f131
2025-04-17 09:54:59,287 [DEBUG]  		Preparing numerical values for column f132
2025-04-17 09:54:59,289 [DEBUG]  		Preparing numerical values for column f133
2025-04-17 09:54:59,290 [DEBUG]  		Preparing numerical values for column f134
2025-04-17 09:54:59,291 [DEBUG]  		Preparing numerical values for column f135
2025-04-17 09:54:59,293 [DEBUG]  		Preparing numerical values for column f136
2025-04-17 09:54:59,294 [DEBUG]  		Preparing numerical values for column f137
2025-04-17 09:54:59,295 [DEBUG]  		Preparing numerical values for column f138
2025-04-17 09:54:59,296 [DEBUG]  		Preparing numerical values for column f139
2025-04-17 09:54:59,298 [DEBUG]  		Preparing numerical values for column f140
2025-04-17 09:54:59,299 [DEBUG]  		Preparing numerical values for column f141
2025-04-17 09:54:59,300 [DEBUG]  		Preparing numerical values for column f142
2025-04-17 09:54:59,302 [DEBUG]  		Preparing numerical values for column f143
2025-04-17 09:54:59,303 [DEBUG]  		Preparing numerical values for column f144
2025-04-17 09:54:59,304 [DEBUG]  		Preparing numerical values for column f145
2025-04-17 09:54:59,306 [DEBUG]  		Preparing numerical values for column f146
2025-04-17 09:54:59,307 [DEBUG]  		Preparing numerical values for column f147
2025-04-17 09:54:59,308 [DEBUG]  		Preparing numerical values for column f148
2025-04-17 09:54:59,309 [DEBUG]  		Preparing numerical values for column f149
2025-04-17 09:54:59,311 [DEBUG]  		Preparing numerical values for column f150
2025-04-17 09:54:59,312 [DEBUG]  		Preparing numerical values for column f151
2025-04-17 09:54:59,313 [DEBUG]  		Preparing numerical values for column f152
2025-04-17 09:54:59,315 [DEBUG]  		Preparing numerical values for column f153
2025-04-17 09:54:59,316 [DEBUG]  		Preparing numerical values for column f154
2025-04-17 09:54:59,317 [DEBUG]  		Preparing numerical values for column f155
2025-04-17 09:54:59,319 [DEBUG]  		Preparing numerical values for column f156
2025-04-17 09:54:59,320 [DEBUG]  		Preparing numerical values for column f157
2025-04-17 09:54:59,321 [DEBUG]  		Preparing numerical values for column f158
2025-04-17 09:54:59,322 [DEBUG]  		Preparing numerical values for column f159
2025-04-17 09:54:59,324 [DEBUG]  		Preparing numerical values for column f160
2025-04-17 09:54:59,325 [DEBUG]  		Preparing numerical values for column f161
2025-04-17 09:54:59,326 [DEBUG]  		Preparing numerical values for column f162
2025-04-17 09:54:59,328 [DEBUG]  		Preparing numerical values for column f163
2025-04-17 09:54:59,329 [DEBUG]  		Preparing numerical values for column f164
2025-04-17 09:54:59,330 [DEBUG]  		Preparing numerical values for column f165
2025-04-17 09:54:59,332 [DEBUG]  		Preparing numerical values for column f166
2025-04-17 09:54:59,333 [DEBUG]  		Preparing numerical values for column f167
2025-04-17 09:54:59,334 [DEBUG]  		Preparing numerical values for column f168
2025-04-17 09:54:59,335 [DEBUG]  		Preparing numerical values for column f169
2025-04-17 09:54:59,337 [DEBUG]  		Preparing numerical values for column f170
2025-04-17 09:54:59,338 [DEBUG]  		Preparing numerical values for column f171
2025-04-17 09:54:59,339 [DEBUG]  		Preparing numerical values for column f172
2025-04-17 09:54:59,341 [DEBUG]  		Preparing numerical values for column f173
2025-04-17 09:54:59,342 [DEBUG]  		Preparing numerical values for column f174
2025-04-17 09:54:59,343 [DEBUG]  		Preparing numerical values for column f175
2025-04-17 09:54:59,345 [DEBUG]  		Preparing numerical values for column f176
2025-04-17 09:54:59,346 [DEBUG]  		Preparing numerical values for column f177
2025-04-17 09:54:59,347 [DEBUG]  		Preparing numerical values for column f178
2025-04-17 09:54:59,349 [DEBUG]  		Preparing numerical values for column f179
2025-04-17 09:54:59,350 [DEBUG]  		Preparing numerical values for column f180
2025-04-17 09:54:59,351 [DEBUG]  		Preparing numerical values for column f181
2025-04-17 09:54:59,353 [DEBUG]  		Preparing numerical values for column f182
2025-04-17 09:54:59,354 [DEBUG]  		Preparing numerical values for column f183
2025-04-17 09:54:59,355 [DEBUG]  		Preparing numerical values for column f184
2025-04-17 09:54:59,356 [DEBUG]  		Preparing numerical values for column f185
2025-04-17 09:54:59,358 [DEBUG]  		Preparing numerical values for column f186
2025-04-17 09:54:59,359 [DEBUG]  		Preparing numerical values for column f187
2025-04-17 09:54:59,360 [DEBUG]  		Preparing numerical values for column f188
2025-04-17 09:54:59,362 [DEBUG]  		Preparing numerical values for column f189
2025-04-17 09:54:59,363 [DEBUG]  		Preparing numerical values for column f190
2025-04-17 09:54:59,364 [DEBUG]  		Preparing numerical values for column f191
2025-04-17 09:54:59,365 [DEBUG]  		Preparing numerical values for column f192
2025-04-17 09:54:59,367 [DEBUG]  		Preparing numerical values for column f193
2025-04-17 09:54:59,368 [DEBUG]  		Preparing numerical values for column f194
2025-04-17 09:54:59,369 [DEBUG]  		Preparing numerical values for column f195
2025-04-17 09:54:59,371 [DEBUG]  		Preparing numerical values for column f196
2025-04-17 09:54:59,372 [DEBUG]  		Preparing numerical values for column f197
2025-04-17 09:54:59,373 [DEBUG]  		Preparing numerical values for column f198
2025-04-17 09:54:59,374 [DEBUG]  		Preparing numerical values for column f199
2025-04-17 09:54:59,376 [DEBUG]  		Preparing numerical values for column f200
2025-04-17 09:54:59,377 [DEBUG]  		Preparing numerical values for column f201
2025-04-17 09:54:59,378 [DEBUG]  		Preparing numerical values for column f202
2025-04-17 09:54:59,380 [DEBUG]  		Preparing numerical values for column f203
2025-04-17 09:54:59,381 [DEBUG]  		Preparing numerical values for column f204
2025-04-17 09:54:59,382 [DEBUG]  		Preparing numerical values for column f205
2025-04-17 09:54:59,384 [DEBUG]  		Preparing numerical values for column f206
2025-04-17 09:54:59,385 [DEBUG]  		Preparing numerical values for column f207
2025-04-17 09:54:59,386 [DEBUG]  		Preparing numerical values for column f208
2025-04-17 09:54:59,388 [DEBUG]  		Preparing numerical values for column f209
2025-04-17 09:54:59,389 [DEBUG]  		Preparing numerical values for column f210
2025-04-17 09:54:59,390 [DEBUG]  		Preparing numerical values for column f211
2025-04-17 09:54:59,392 [DEBUG]  		Preparing numerical values for column f212
2025-04-17 09:54:59,393 [DEBUG]  		Preparing numerical values for column f213
2025-04-17 09:54:59,394 [DEBUG]  		Preparing numerical values for column f214
2025-04-17 09:54:59,396 [DEBUG]  		Preparing numerical values for column f215
2025-04-17 09:54:59,397 [DEBUG]  		Preparing numerical values for column f216
2025-04-17 09:54:59,398 [DEBUG]  		Preparing numerical values for column f217
2025-04-17 09:54:59,400 [DEBUG]  		Preparing numerical values for column f218
2025-04-17 09:54:59,401 [DEBUG]  		Preparing numerical values for column f219
2025-04-17 09:54:59,402 [DEBUG]  		Preparing numerical values for column f220
2025-04-17 09:54:59,404 [DEBUG]  		Preparing numerical values for column f221
2025-04-17 09:54:59,405 [DEBUG]  		Preparing numerical values for column f222
2025-04-17 09:54:59,406 [DEBUG]  		Preparing numerical values for column f223
2025-04-17 09:54:59,407 [DEBUG]  		Preparing numerical values for column f224
2025-04-17 09:54:59,409 [DEBUG]  		Preparing numerical values for column f225
2025-04-17 09:54:59,410 [DEBUG]  		Preparing numerical values for column f226
2025-04-17 09:54:59,411 [DEBUG]  		Preparing numerical values for column f227
2025-04-17 09:54:59,413 [DEBUG]  		Preparing numerical values for column f228
2025-04-17 09:54:59,414 [DEBUG]  		Preparing numerical values for column f229
2025-04-17 09:54:59,415 [DEBUG]  		Preparing numerical values for column f230
2025-04-17 09:54:59,417 [DEBUG]  		Preparing numerical values for column f231
2025-04-17 09:54:59,418 [DEBUG]  		Preparing numerical values for column f232
2025-04-17 09:54:59,419 [DEBUG]  		Preparing numerical values for column f233
2025-04-17 09:54:59,420 [DEBUG]  		Preparing numerical values for column f234
2025-04-17 09:54:59,422 [DEBUG]  		Preparing numerical values for column f235
2025-04-17 09:54:59,423 [DEBUG]  		Preparing numerical values for column f236
2025-04-17 09:54:59,424 [DEBUG]  		Preparing numerical values for column f237
2025-04-17 09:54:59,426 [DEBUG]  		Preparing numerical values for column f238
2025-04-17 09:54:59,427 [DEBUG]  		Preparing numerical values for column f239
2025-04-17 09:54:59,428 [DEBUG]  		Preparing numerical values for column f240
2025-04-17 09:54:59,430 [DEBUG]  		Preparing numerical values for column f241
2025-04-17 09:54:59,431 [DEBUG]  		Preparing numerical values for column f242
2025-04-17 09:54:59,432 [INFO ]  Relevant attributes for table tuandromd are ['f1', 'f2', 'f3', 'f4', 'f5', 'f6', 'f7', 'f8', 'f9', 'f10', 'f11', 'f12', 'f13', 'f14', 'f15', 'f16', 'f17', 'f18', 'f19', 'f20', 'f21', 'f22', 'f23', 'f24', 'f25', 'f26', 'f27', 'f28', 'f29', 'f30', 'f31', 'f32', 'f33', 'f34', 'f35', 'f36', 'f37', 'f38', 'f39', 'f40', 'f41', 'f42', 'f43', 'f44', 'f45', 'f46', 'f47', 'f48', 'f49', 'f50', 'f51', 'f52', 'f53', 'f54', 'f55', 'f56', 'f57', 'f58', 'f59', 'f60', 'f61', 'f62', 'f63', 'f64', 'f65', 'f66', 'f67', 'f68', 'f69', 'f70', 'f71', 'f72', 'f73', 'f74', 'f75', 'f76', 'f77', 'f78', 'f79', 'f80', 'f81', 'f82', 'f83', 'f84', 'f85', 'f86', 'f87', 'f88', 'f89', 'f90', 'f91', 'f92', 'f93', 'f94', 'f95', 'f96', 'f97', 'f98', 'f99', 'f100', 'f101', 'f102', 'f103', 'f104', 'f105', 'f106', 'f107', 'f108', 'f109', 'f110', 'f111', 'f112', 'f113', 'f114', 'f115', 'f116', 'f117', 'f118', 'f119', 'f120', 'f121', 'f122', 'f123', 'f124', 'f125', 'f126', 'f127', 'f128', 'f129', 'f130', 'f131', 'f132', 'f133', 'f134', 'f135', 'f136', 'f137', 'f138', 'f139', 'f140', 'f141', 'f142', 'f143', 'f144', 'f145', 'f146', 'f147', 'f148', 'f149', 'f150', 'f151', 'f152', 'f153', 'f154', 'f155', 'f156', 'f157', 'f158', 'f159', 'f160', 'f161', 'f162', 'f163', 'f164', 'f165', 'f166', 'f167', 'f168', 'f169', 'f170', 'f171', 'f172', 'f173', 'f174', 'f175', 'f176', 'f177', 'f178', 'f179', 'f180', 'f181', 'f182', 'f183', 'f184', 'f185', 'f186', 'f187', 'f188', 'f189', 'f190', 'f191', 'f192', 'f193', 'f194', 'f195', 'f196', 'f197', 'f198', 'f199', 'f200', 'f201', 'f202', 'f203', 'f204', 'f205', 'f206', 'f207', 'f208', 'f209', 'f210', 'f211', 'f212', 'f213', 'f214', 'f215', 'f216', 'f217', 'f218', 'f219', 'f220', 'f221', 'f222', 'f223', 'f224', 'f225', 'f226', 'f227', 'f228', 'f229', 'f230', 'f231', 'f232', 'f233', 'f234', 'f235', 'f236', 'f237', 'f238', 'f239', 'f240', 'f241', 'f242']
2025-04-17 09:54:59,432 [INFO ]  NULL values for table tuandromd are [0.000996057347670251, 0.000996057347670251, 0.00502831541218638, 0.08343333333333333, 0.007044444444444444, 0.08791362007168459, 0.022949462365591398, 0.023845519713261647, 0.0003240143369175627, 0.5964261648745519, 0.0001, 0.0001, 0.0001, 0.0018921146953405018, 0.00502831541218638, 0.3289530465949821, 0.0001, 0.0001, 0.005924372759856631, 0.02093333333333333, 0.0001, 0.0001, 0.035046236559139785, 0.0001, 0.0001, 0.07895304659498208, 0.0005480286738351255, 0.007044444444444444, 0.005924372759856631, 0.00502831541218638, 0.026981720430107527, 0.00502831541218638, 0.0001, 0.00502831541218638, 0.00502831541218638, 0.005476344086021506, 0.00502831541218638, 0.00502831541218638, 0.00502831541218638, 0.00502831541218638, 0.00502831541218638, 0.00502831541218638, 0.00502831541218638, 0.04512688172043011, 0.03997455197132617, 0.00502831541218638, 0.006372401433691757, 0.005924372759856631, 0.00502831541218638, 0.00502831541218638, 0.028325806451612902, 0.00502831541218638, 0.0003240143369175627, 0.056103584229390685, 0.005476344086021506, 0.2265784946236559, 0.00502831541218638, 0.00502831541218638, 0.00502831541218638, 0.005924372759856631, 0.023397491039426524, 0.0001, 0.055431541218638, 0.0265336917562724, 0.2758616487455197, 0.0001, 0.025413620071684587, 0.007044444444444444, 0.00502831541218638, 0.0001, 0.005252329749103943, 0.007268458781362007, 0.005924372759856631, 0.005252329749103943, 0.2801179211469534, 0.0001, 0.00502831541218638, 0.005476344086021506, 0.025861648745519713, 0.0001, 0.005252329749103943, 0.03191003584229391, 0.00502831541218638, 0.0001, 0.1508616487455197, 0.028549820788530467, 0.641453046594982, 0.00502831541218638, 0.00502831541218638, 0.0001, 0.0001, 0.005924372759856631, 0.00502831541218638, 0.005476344086021506, 0.006820430107526882, 0.00502831541218638, 0.0003240143369175627, 0.00502831541218638, 0.7337469534050179, 0.0001, 0.5043562724014337, 0.00502831541218638, 0.03303010752688172, 0.00502831541218638, 0.00502831541218638, 0.0001, 0.006596415770609319, 0.0003240143369175627, 0.005700358422939068, 0.0001, 0.04647096774193549, 0.011300716845878135, 0.022053405017921145, 0.02966989247311828, 0.027653763440860214, 0.02250143369175627, 0.0001, 0.0001, 0.0001, 0.029445878136200716, 0.0001, 0.0001, 0.0001, 0.027205734767025088, 0.027429749103942653, 0.15175770609318995, 0.0001, 0.0001, 0.0001, 0.2758616487455197, 0.00502831541218638, 0.0001, 0.0001, 0.00502831541218638, 0.00502831541218638, 0.01242078853046595, 0.0001, 0.0036842293906810034, 0.5354942652329749, 0.03303010752688172, 0.000996057347670251, 0.09284193548387097, 0.02227741935483871, 0.03213405017921147, 0.023397491039426524, 0.023845519713261647, 0.00502831541218638, 0.005924372759856631, 0.0001, 0.8437379928315412, 0.022053405017921145, 0.0001, 0.15466989247311827, 0.0012200716845878136, 0.021605376344086023, 0.041318637992831544, 0.024293548387096773, 0.0001, 0.03571827956989248, 0.0001, 0.0003240143369175627, 0.0001, 0.00502831541218638, 0.13719677419354837, 0.005476344086021506, 0.005252329749103943, 0.005252329749103943, 0.005700358422939068, 0.00502831541218638, 0.005476344086021506, 0.00502831541218638, 0.005252329749103943, 0.00502831541218638, 0.00502831541218638, 0.02227741935483871, 0.027653763440860214, 0.0247415770609319, 0.00502831541218638, 0.005924372759856631, 0.0003240143369175627, 0.02250143369175627, 0.02250143369175627, 0.39884551971326165, 0.006372401433691757, 0.00502831541218638, 0.00502831541218638, 0.000996057347670251, 0.037062365591397854, 0.008612544802867383, 0.02227741935483871, 0.20036881720430105, 0.8856286738351254, 0.0001, 0.006596415770609319, 0.0001, 0.0265336917562724, 0.02317347670250896, 0.038182437275985665, 0.0001, 0.0001, 0.44140824372759857, 0.00502831541218638, 0.00502831541218638, 0.0025641577060931896, 0.002340143369175627, 0.002340143369175627, 0.023397491039426524, 0.007716487455197133, 0.14145304659498206, 0.027205734767025088, 0.02227741935483871, 0.032358064516129034, 0.02317347670250896, 0.00502831541218638, 0.5502792114695341, 0.5166770609318996, 0.34149784946236555, 0.11300322580645161, 0.058791756272401435, 0.10471469534050179, 0.17975949820788528, 0.21000143369175625, 0.11210716845878137, 0.07424874551971326, 0.07738494623655914, 0.01667706093189964, 0.016901075268817203, 0.0007720430107526883, 0.12263584229390681, 0.42707132616487453, 0.07424874551971326, 0.05207132616487455, 0.17326308243727598, 0.24561971326164875, 0.21604982078853047, 0.09172186379928315, 0.08880967741935485, 0.05632759856630825, 0.13316451612903224, 0.013764874551971326, 0.150189605734767, 0.7987111111111111]
2025-04-17 09:54:59,481 [INFO ]  Adding table parts without join partners for table tuandromd
2025-04-17 09:54:59,482 [INFO ]  Files successfully created
