2025-04-16 14:52:09,633 [INFO ]  Generating HDF files for tables in /home/dafn/card/deepcard/collected_datasets/Large-scale Wave Energy Farm and store to path /home/dafn/card/deepcard/collected_temp_benchmarks/gen_single_light/Large-scale Wave Energy Farm
2025-04-16 14:52:09,634 [INFO ]  Making target path /home/dafn/card/deepcard/collected_temp_benchmarks/gen_single_light/Large-scale Wave Energy Farm
2025-04-16 14:52:09,634 [INFO ]  Preparing hdf file for table wec_perth_49
2025-04-16 14:52:10,215 [INFO ]  Managing functional dependencies for table wec_perth_49
2025-04-16 14:52:10,227 [INFO ]  Preparing multipliers for table wec_perth_49
2025-04-16 14:52:10,228 [INFO ]  Preparing categorical values and null values for table wec_perth_49
2025-04-16 14:52:10,228 [DEBUG]  		Preparing numerical values for column f1
2025-04-16 14:52:10,230 [DEBUG]  		Preparing numerical values for column f2
2025-04-16 14:52:10,231 [DEBUG]  		Preparing numerical values for column f3
2025-04-16 14:52:10,233 [DEBUG]  		Preparing numerical values for column f4
2025-04-16 14:52:10,234 [DEBUG]  		Preparing numerical values for column f5
2025-04-16 14:52:10,236 [DEBUG]  		Preparing numerical values for column f6
2025-04-16 14:52:10,237 [DEBUG]  		Preparing numerical values for column f7
2025-04-16 14:52:10,239 [DEBUG]  		Preparing numerical values for column f8
2025-04-16 14:52:10,240 [DEBUG]  		Preparing numerical values for column f9
2025-04-16 14:52:10,242 [DEBUG]  		Preparing numerical values for column f10
2025-04-16 14:52:10,243 [DEBUG]  		Preparing numerical values for column f11
2025-04-16 14:52:10,245 [DEBUG]  		Preparing numerical values for column f12
2025-04-16 14:52:10,246 [DEBUG]  		Preparing numerical values for column f13
2025-04-16 14:52:10,248 [DEBUG]  		Preparing numerical values for column f14
2025-04-16 14:52:10,249 [DEBUG]  		Preparing numerical values for column f15
2025-04-16 14:52:10,251 [DEBUG]  		Preparing numerical values for column f16
2025-04-16 14:52:10,252 [DEBUG]  		Preparing numerical values for column f17
2025-04-16 14:52:10,253 [DEBUG]  		Preparing numerical values for column f18
2025-04-16 14:52:10,255 [DEBUG]  		Preparing numerical values for column f19
2025-04-16 14:52:10,256 [DEBUG]  		Preparing numerical values for column f20
2025-04-16 14:52:10,258 [DEBUG]  		Preparing numerical values for column f21
2025-04-16 14:52:10,259 [DEBUG]  		Preparing numerical values for column f22
2025-04-16 14:52:10,261 [DEBUG]  		Preparing numerical values for column f23
2025-04-16 14:52:10,262 [DEBUG]  		Preparing numerical values for column f24
2025-04-16 14:52:10,264 [DEBUG]  		Preparing numerical values for column f25
2025-04-16 14:52:10,265 [DEBUG]  		Preparing numerical values for column f26
2025-04-16 14:52:10,267 [DEBUG]  		Preparing numerical values for column f27
2025-04-16 14:52:10,268 [DEBUG]  		Preparing numerical values for column f28
2025-04-16 14:52:10,269 [DEBUG]  		Preparing numerical values for column f29
2025-04-16 14:52:10,271 [DEBUG]  		Preparing numerical values for column f30
2025-04-16 14:52:10,272 [DEBUG]  		Preparing numerical values for column f31
2025-04-16 14:52:10,274 [DEBUG]  		Preparing numerical values for column f32
2025-04-16 14:52:10,275 [DEBUG]  		Preparing numerical values for column f33
2025-04-16 14:52:10,277 [DEBUG]  		Preparing numerical values for column f34
2025-04-16 14:52:10,278 [DEBUG]  		Preparing numerical values for column f35
2025-04-16 14:52:10,280 [DEBUG]  		Preparing numerical values for column f36
2025-04-16 14:52:10,281 [DEBUG]  		Preparing numerical values for column f37
2025-04-16 14:52:10,283 [DEBUG]  		Preparing numerical values for column f38
2025-04-16 14:52:10,284 [DEBUG]  		Preparing numerical values for column f39
2025-04-16 14:52:10,286 [DEBUG]  		Preparing numerical values for column f40
2025-04-16 14:52:10,287 [DEBUG]  		Preparing numerical values for column f41
2025-04-16 14:52:10,289 [DEBUG]  		Preparing numerical values for column f42
2025-04-16 14:52:10,290 [DEBUG]  		Preparing numerical values for column f43
2025-04-16 14:52:10,291 [DEBUG]  		Preparing numerical values for column f44
2025-04-16 14:52:10,293 [DEBUG]  		Preparing numerical values for column f45
2025-04-16 14:52:10,294 [DEBUG]  		Preparing numerical values for column f46
2025-04-16 14:52:10,296 [DEBUG]  		Preparing numerical values for column f47
2025-04-16 14:52:10,297 [DEBUG]  		Preparing numerical values for column f48
2025-04-16 14:52:10,299 [DEBUG]  		Preparing numerical values for column f49
2025-04-16 14:52:10,300 [DEBUG]  		Preparing numerical values for column f50
2025-04-16 14:52:10,302 [DEBUG]  		Preparing numerical values for column f51
2025-04-16 14:52:10,303 [DEBUG]  		Preparing numerical values for column f52
2025-04-16 14:52:10,305 [DEBUG]  		Preparing numerical values for column f53
2025-04-16 14:52:10,306 [DEBUG]  		Preparing numerical values for column f54
2025-04-16 14:52:10,307 [DEBUG]  		Preparing numerical values for column f55
2025-04-16 14:52:10,309 [DEBUG]  		Preparing numerical values for column f56
2025-04-16 14:52:10,310 [DEBUG]  		Preparing numerical values for column f57
2025-04-16 14:52:10,312 [DEBUG]  		Preparing numerical values for column f58
2025-04-16 14:52:10,313 [DEBUG]  		Preparing numerical values for column f59
2025-04-16 14:52:10,315 [DEBUG]  		Preparing numerical values for column f60
2025-04-16 14:52:10,316 [DEBUG]  		Preparing numerical values for column f61
2025-04-16 14:52:10,318 [DEBUG]  		Preparing numerical values for column f62
2025-04-16 14:52:10,319 [DEBUG]  		Preparing numerical values for column f63
2025-04-16 14:52:10,321 [DEBUG]  		Preparing numerical values for column f64
2025-04-16 14:52:10,322 [DEBUG]  		Preparing numerical values for column f65
2025-04-16 14:52:10,324 [DEBUG]  		Preparing numerical values for column f66
2025-04-16 14:52:10,325 [DEBUG]  		Preparing numerical values for column f67
2025-04-16 14:52:10,327 [DEBUG]  		Preparing numerical values for column f68
2025-04-16 14:52:10,328 [DEBUG]  		Preparing numerical values for column f69
2025-04-16 14:52:10,330 [DEBUG]  		Preparing numerical values for column f70
2025-04-16 14:52:10,331 [DEBUG]  		Preparing numerical values for column f71
2025-04-16 14:52:10,332 [DEBUG]  		Preparing numerical values for column f72
2025-04-16 14:52:10,334 [DEBUG]  		Preparing numerical values for column f73
2025-04-16 14:52:10,335 [DEBUG]  		Preparing numerical values for column f74
2025-04-16 14:52:10,337 [DEBUG]  		Preparing numerical values for column f75
2025-04-16 14:52:10,338 [DEBUG]  		Preparing numerical values for column f76
2025-04-16 14:52:10,340 [DEBUG]  		Preparing numerical values for column f77
2025-04-16 14:52:10,341 [DEBUG]  		Preparing numerical values for column f78
2025-04-16 14:52:10,343 [DEBUG]  		Preparing numerical values for column f79
2025-04-16 14:52:10,344 [DEBUG]  		Preparing numerical values for column f80
2025-04-16 14:52:10,346 [DEBUG]  		Preparing numerical values for column f81
2025-04-16 14:52:10,347 [DEBUG]  		Preparing numerical values for column f82
2025-04-16 14:52:10,348 [DEBUG]  		Preparing numerical values for column f83
2025-04-16 14:52:10,350 [DEBUG]  		Preparing numerical values for column f84
2025-04-16 14:52:10,351 [DEBUG]  		Preparing numerical values for column f85
2025-04-16 14:52:10,353 [DEBUG]  		Preparing numerical values for column f86
2025-04-16 14:52:10,354 [DEBUG]  		Preparing numerical values for column f87
2025-04-16 14:52:10,356 [DEBUG]  		Preparing numerical values for column f88
2025-04-16 14:52:10,357 [DEBUG]  		Preparing numerical values for column f89
2025-04-16 14:52:10,359 [DEBUG]  		Preparing numerical values for column f90
2025-04-16 14:52:10,360 [DEBUG]  		Preparing numerical values for column f91
2025-04-16 14:52:10,362 [DEBUG]  		Preparing numerical values for column f92
2025-04-16 14:52:10,363 [DEBUG]  		Preparing numerical values for column f93
2025-04-16 14:52:10,365 [DEBUG]  		Preparing numerical values for column f94
2025-04-16 14:52:10,366 [DEBUG]  		Preparing numerical values for column f95
2025-04-16 14:52:10,367 [DEBUG]  		Preparing numerical values for column f96
2025-04-16 14:52:10,369 [DEBUG]  		Preparing numerical values for column f97
2025-04-16 14:52:10,370 [DEBUG]  		Preparing numerical values for column f98
2025-04-16 14:52:10,372 [DEBUG]  		Preparing numerical values for column f99
2025-04-16 14:52:10,373 [DEBUG]  		Preparing numerical values for column f100
2025-04-16 14:52:10,375 [DEBUG]  		Preparing numerical values for column f101
2025-04-16 14:52:10,376 [DEBUG]  		Preparing numerical values for column f102
2025-04-16 14:52:10,378 [DEBUG]  		Preparing numerical values for column f103
2025-04-16 14:52:10,379 [DEBUG]  		Preparing numerical values for column f104
2025-04-16 14:52:10,381 [DEBUG]  		Preparing numerical values for column f105
2025-04-16 14:52:10,382 [DEBUG]  		Preparing numerical values for column f106
2025-04-16 14:52:10,383 [DEBUG]  		Preparing numerical values for column f107
2025-04-16 14:52:10,385 [DEBUG]  		Preparing numerical values for column f108
2025-04-16 14:52:10,386 [DEBUG]  		Preparing numerical values for column f109
2025-04-16 14:52:10,388 [DEBUG]  		Preparing numerical values for column f110
2025-04-16 14:52:10,389 [DEBUG]  		Preparing numerical values for column f111
2025-04-16 14:52:10,391 [DEBUG]  		Preparing numerical values for column f112
2025-04-16 14:52:10,392 [DEBUG]  		Preparing numerical values for column f113
2025-04-16 14:52:10,394 [DEBUG]  		Preparing numerical values for column f114
2025-04-16 14:52:10,395 [DEBUG]  		Preparing numerical values for column f115
2025-04-16 14:52:10,397 [DEBUG]  		Preparing numerical values for column f116
2025-04-16 14:52:10,398 [DEBUG]  		Preparing numerical values for column f117
2025-04-16 14:52:10,399 [DEBUG]  		Preparing numerical values for column f118
2025-04-16 14:52:10,401 [DEBUG]  		Preparing numerical values for column f119
2025-04-16 14:52:10,402 [DEBUG]  		Preparing numerical values for column f120
2025-04-16 14:52:10,404 [DEBUG]  		Preparing numerical values for column f121
2025-04-16 14:52:10,405 [DEBUG]  		Preparing numerical values for column f122
2025-04-16 14:52:10,407 [DEBUG]  		Preparing numerical values for column f123
2025-04-16 14:52:10,408 [DEBUG]  		Preparing numerical values for column f124
2025-04-16 14:52:10,410 [DEBUG]  		Preparing numerical values for column f125
2025-04-16 14:52:10,411 [DEBUG]  		Preparing numerical values for column f126
2025-04-16 14:52:10,413 [DEBUG]  		Preparing numerical values for column f127
2025-04-16 14:52:10,414 [DEBUG]  		Preparing numerical values for column f128
2025-04-16 14:52:10,416 [DEBUG]  		Preparing numerical values for column f129
2025-04-16 14:52:10,417 [DEBUG]  		Preparing numerical values for column f130
2025-04-16 14:52:10,418 [DEBUG]  		Preparing numerical values for column f131
2025-04-16 14:52:10,420 [DEBUG]  		Preparing numerical values for column f132
2025-04-16 14:52:10,421 [DEBUG]  		Preparing numerical values for column f133
2025-04-16 14:52:10,423 [DEBUG]  		Preparing numerical values for column f134
2025-04-16 14:52:10,424 [DEBUG]  		Preparing numerical values for column f135
2025-04-16 14:52:10,426 [DEBUG]  		Preparing numerical values for column f136
2025-04-16 14:52:10,427 [DEBUG]  		Preparing numerical values for column f137
2025-04-16 14:52:10,429 [DEBUG]  		Preparing numerical values for column f138
2025-04-16 14:52:10,430 [DEBUG]  		Preparing numerical values for column f139
2025-04-16 14:52:10,432 [DEBUG]  		Preparing numerical values for column f140
2025-04-16 14:52:10,433 [DEBUG]  		Preparing numerical values for column f141
2025-04-16 14:52:10,435 [DEBUG]  		Preparing numerical values for column f142
2025-04-16 14:52:10,436 [DEBUG]  		Preparing numerical values for column f143
2025-04-16 14:52:10,438 [DEBUG]  		Preparing numerical values for column f144
2025-04-16 14:52:10,439 [DEBUG]  		Preparing numerical values for column f145
2025-04-16 14:52:10,440 [DEBUG]  		Preparing numerical values for column f146
2025-04-16 14:52:10,442 [DEBUG]  		Preparing numerical values for column f147
2025-04-16 14:52:10,443 [DEBUG]  		Preparing numerical values for column f148
2025-04-16 14:52:10,445 [DEBUG]  		Preparing numerical values for column f149
2025-04-16 14:52:10,446 [INFO ]  Relevant attributes for table wec_perth_49 are ['f1', 'f2', 'f3', 'f4', 'f5', 'f6', 'f7', 'f8', 'f9', 'f10', 'f11', 'f12', 'f13', 'f14', 'f15', 'f16', 'f17', 'f18', 'f19', 'f20', 'f21', 'f22', 'f23', 'f24', 'f25', 'f26', 'f27', 'f28', 'f29', 'f30', 'f31', 'f32', 'f33', 'f34', 'f35', 'f36', 'f37', 'f38', 'f39', 'f40', 'f41', 'f42', 'f43', 'f44', 'f45', 'f46', 'f47', 'f48', 'f49', 'f50', 'f51', 'f52', 'f53', 'f54', 'f55', 'f56', 'f57', 'f58', 'f59', 'f60', 'f61', 'f62', 'f63', 'f64', 'f65', 'f66', 'f67', 'f68', 'f69', 'f70', 'f71', 'f72', 'f73', 'f74', 'f75', 'f76', 'f77', 'f78', 'f79', 'f80', 'f81', 'f82', 'f83', 'f84', 'f85', 'f86', 'f87', 'f88', 'f89', 'f90', 'f91', 'f92', 'f93', 'f94', 'f95', 'f96', 'f97', 'f98', 'f99', 'f100', 'f101', 'f102', 'f103', 'f104', 'f105', 'f106', 'f107', 'f108', 'f109', 'f110', 'f111', 'f112', 'f113', 'f114', 'f115', 'f116', 'f117', 'f118', 'f119', 'f120', 'f121', 'f122', 'f123', 'f124', 'f125', 'f126', 'f127', 'f128', 'f129', 'f130', 'f131', 'f132', 'f133', 'f134', 'f135', 'f136', 'f137', 'f138', 'f139', 'f140', 'f141', 'f142', 'f143', 'f144', 'f145', 'f146', 'f147', 'f148', 'f149']
2025-04-16 14:52:10,446 [INFO ]  NULL values for table wec_perth_49 are [366.59716045556695, 18.709649704519602, 426.31413323807675, 51.08586200649224, 477.2956902671809, 57.8461197541825, 497.1505880281886, 73.32327759343008, 684.3096477623949, 44.01234676081348, 707.519614468829, 55.941807405043974, 755.3181420608717, 68.10352507560414, 464.7785304858086, 145.89930511611132, 513.3876773381794, 151.8824624559554, 527.3397631800905, 157.452274069861, 571.491947792914, 179.03885204616708, 590.6683251754848, 188.10833738312573, 707.1908957162278, 185.3671931942402, 719.8361427822324, 208.8432431900785, 420.45775530061314, 302.9826810837055, 451.48421203284965, 311.03424199705904, 541.634516946425, 305.1895132008989, 573.6970564131731, 320.4501912798601, 618.7162290680576, 332.55687746025575, 617.7143698998419, 346.7296849402103, 676.3196552534473, 349.4353784174458, 383.92523192575527, 436.5985926337985, 396.69897107066555, 484.9817563549093, 425.13328231001856, 483.8811096273895, 548.2026178259301, 474.4013349138529, 556.1341931664955, 494.31639359376305, 577.0835017701079, 538.9338194462171, 579.746366126571, 543.6097814915518, 355.7611448630802, 599.8293214854478, 359.9673005659906, 614.8614359043364, 397.63073035818326, 639.5062254612545, 401.0937617373692, 658.115980476098, 537.8013401853342, 643.9618531836971, 573.6394443941958, 659.215032719252, 593.5590529173487, 672.1658201120883, 279.2880305274256, 761.7477048053714, 364.3177011985684, 757.2310818827511, 372.5415019365757, 773.8598322642399, 392.99986666759145, 796.675225821935, 447.519131989568, 815.3713307521571, 532.8632148905474, 797.862761820603, 528.2448401714619, 818.4400758621646, 250.51671376688958, 888.8092757067946, 284.9810788308409, 909.3444911439115, 493.09492257303765, 875.7198841467136, 514.7160589934246, 894.2367195932636, 528.3030711733207, 911.8554092139943, 547.472606173182, 937.1397029742252, 419.15110435590816, 953.7252274866131, 60643.81367045751, 63141.69986666759, 64350.235380082115, 64651.499865280355, 71140.46431024886, 74220.38544112034, 78034.24670100436, 68053.5708571512, 68484.25815315872, 69269.77093733319, 71177.6614936132, 71827.85303094359, 76640.53846500846, 80401.13317826764, 71571.36483989403, 71936.3164049691, 73483.62475249842, 74518.58015354714, 76410.41580207807, 76756.86415376911, 81030.35345404934, 74202.5970894293, 75409.88907927476, 74462.30557512694, 76455.61665300615, 78186.73683334628, 80912.37826691175, 83334.72307783202, 77468.0763758372, 79103.00438349473, 81176.01686386538, 81045.95413379298, 82490.79802414616, 85817.24789346893, 89785.84577350109, 86605.83455606637, 86102.97954732682, 90073.65701479622, 92098.79753778265, 92614.98773282747, 89239.75672958134, 93678.77234814805, 96530.68493977471, 96666.29328092281, 97007.21434853648, 98466.26538146936, 98106.27860067975, 97462.66314136726, 96134.92055417974, 0.8339492911244902, 3938246.455767397]
2025-04-16 14:52:10,574 [INFO ]  Adding table parts without join partners for table wec_perth_49
2025-04-16 14:52:10,575 [INFO ]  Files successfully created
