2025-04-16 16:31:25,794 [INFO ]  Generating HDF files for tables in /home/dafn/card/deepcard/collected_datasets/Year Prediction MSD and store to path /home/dafn/card/deepcard/collected_temp_benchmarks/gen_single_light/Year Prediction MSD
2025-04-16 16:31:25,794 [INFO ]  Preparing hdf file for table yearpredictionmsd
2025-04-16 16:31:34,474 [INFO ]  Managing functional dependencies for table yearpredictionmsd
2025-04-16 16:31:34,572 [INFO ]  Preparing multipliers for table yearpredictionmsd
2025-04-16 16:31:34,572 [INFO ]  Preparing categorical values and null values for table yearpredictionmsd
2025-04-16 16:31:34,573 [DEBUG]  		Preparing numerical values for column f1
2025-04-16 16:31:34,581 [DEBUG]  		Preparing numerical values for column f2
2025-04-16 16:31:34,587 [DEBUG]  		Preparing numerical values for column f3
2025-04-16 16:31:34,594 [DEBUG]  		Preparing numerical values for column f4
2025-04-16 16:31:34,602 [DEBUG]  		Preparing numerical values for column f5
2025-04-16 16:31:34,609 [DEBUG]  		Preparing numerical values for column f6
2025-04-16 16:31:34,616 [DEBUG]  		Preparing numerical values for column f7
2025-04-16 16:31:34,623 [DEBUG]  		Preparing numerical values for column f8
2025-04-16 16:31:34,631 [DEBUG]  		Preparing numerical values for column f9
2025-04-16 16:31:34,638 [DEBUG]  		Preparing numerical values for column f10
2025-04-16 16:31:34,645 [DEBUG]  		Preparing numerical values for column f11
2025-04-16 16:31:34,652 [DEBUG]  		Preparing numerical values for column f12
2025-04-16 16:31:34,659 [DEBUG]  		Preparing numerical values for column f13
2025-04-16 16:31:34,666 [DEBUG]  		Preparing numerical values for column f14
2025-04-16 16:31:34,674 [DEBUG]  		Preparing numerical values for column f15
2025-04-16 16:31:34,681 [DEBUG]  		Preparing numerical values for column f16
2025-04-16 16:31:34,688 [DEBUG]  		Preparing numerical values for column f17
2025-04-16 16:31:34,695 [DEBUG]  		Preparing numerical values for column f18
2025-04-16 16:31:34,702 [DEBUG]  		Preparing numerical values for column f19
2025-04-16 16:31:34,709 [DEBUG]  		Preparing numerical values for column f20
2025-04-16 16:31:34,717 [DEBUG]  		Preparing numerical values for column f21
2025-04-16 16:31:34,724 [DEBUG]  		Preparing numerical values for column f22
2025-04-16 16:31:34,731 [DEBUG]  		Preparing numerical values for column f23
2025-04-16 16:31:34,738 [DEBUG]  		Preparing numerical values for column f24
2025-04-16 16:31:34,745 [DEBUG]  		Preparing numerical values for column f25
2025-04-16 16:31:34,752 [DEBUG]  		Preparing numerical values for column f26
2025-04-16 16:31:34,760 [DEBUG]  		Preparing numerical values for column f27
2025-04-16 16:31:34,767 [DEBUG]  		Preparing numerical values for column f28
2025-04-16 16:31:34,774 [DEBUG]  		Preparing numerical values for column f29
2025-04-16 16:31:34,781 [DEBUG]  		Preparing numerical values for column f30
2025-04-16 16:31:34,788 [DEBUG]  		Preparing numerical values for column f31
2025-04-16 16:31:34,796 [DEBUG]  		Preparing numerical values for column f32
2025-04-16 16:31:34,803 [DEBUG]  		Preparing numerical values for column f33
2025-04-16 16:31:34,810 [DEBUG]  		Preparing numerical values for column f34
2025-04-16 16:31:34,817 [DEBUG]  		Preparing numerical values for column f35
2025-04-16 16:31:34,824 [DEBUG]  		Preparing numerical values for column f36
2025-04-16 16:31:34,831 [DEBUG]  		Preparing numerical values for column f37
2025-04-16 16:31:34,839 [DEBUG]  		Preparing numerical values for column f38
2025-04-16 16:31:34,846 [DEBUG]  		Preparing numerical values for column f39
2025-04-16 16:31:34,853 [DEBUG]  		Preparing numerical values for column f40
2025-04-16 16:31:34,860 [DEBUG]  		Preparing numerical values for column f41
2025-04-16 16:31:34,867 [DEBUG]  		Preparing numerical values for column f42
2025-04-16 16:31:34,874 [DEBUG]  		Preparing numerical values for column f43
2025-04-16 16:31:34,882 [DEBUG]  		Preparing numerical values for column f44
2025-04-16 16:31:34,889 [DEBUG]  		Preparing numerical values for column f45
2025-04-16 16:31:34,896 [DEBUG]  		Preparing numerical values for column f46
2025-04-16 16:31:34,903 [DEBUG]  		Preparing numerical values for column f47
2025-04-16 16:31:34,910 [DEBUG]  		Preparing numerical values for column f48
2025-04-16 16:31:34,917 [DEBUG]  		Preparing numerical values for column f49
2025-04-16 16:31:34,924 [DEBUG]  		Preparing numerical values for column f50
2025-04-16 16:31:34,932 [DEBUG]  		Preparing numerical values for column f51
2025-04-16 16:31:34,939 [DEBUG]  		Preparing numerical values for column f52
2025-04-16 16:31:34,946 [DEBUG]  		Preparing numerical values for column f53
2025-04-16 16:31:34,953 [DEBUG]  		Preparing numerical values for column f54
2025-04-16 16:31:34,960 [DEBUG]  		Preparing numerical values for column f55
2025-04-16 16:31:34,967 [DEBUG]  		Preparing numerical values for column f56
2025-04-16 16:31:34,974 [DEBUG]  		Preparing numerical values for column f57
2025-04-16 16:31:34,982 [DEBUG]  		Preparing numerical values for column f58
2025-04-16 16:31:34,989 [DEBUG]  		Preparing numerical values for column f59
2025-04-16 16:31:34,996 [DEBUG]  		Preparing numerical values for column f60
2025-04-16 16:31:35,003 [DEBUG]  		Preparing numerical values for column f61
2025-04-16 16:31:35,011 [DEBUG]  		Preparing numerical values for column f62
2025-04-16 16:31:35,018 [DEBUG]  		Preparing numerical values for column f63
2025-04-16 16:31:35,025 [DEBUG]  		Preparing numerical values for column f64
2025-04-16 16:31:35,032 [DEBUG]  		Preparing numerical values for column f65
2025-04-16 16:31:35,039 [DEBUG]  		Preparing numerical values for column f66
2025-04-16 16:31:35,046 [DEBUG]  		Preparing numerical values for column f67
2025-04-16 16:31:35,054 [DEBUG]  		Preparing numerical values for column f68
2025-04-16 16:31:35,061 [DEBUG]  		Preparing numerical values for column f69
2025-04-16 16:31:35,068 [DEBUG]  		Preparing numerical values for column f70
2025-04-16 16:31:35,075 [DEBUG]  		Preparing numerical values for column f71
2025-04-16 16:31:35,082 [DEBUG]  		Preparing numerical values for column f72
2025-04-16 16:31:35,089 [DEBUG]  		Preparing numerical values for column f73
2025-04-16 16:31:35,096 [DEBUG]  		Preparing numerical values for column f74
2025-04-16 16:31:35,104 [DEBUG]  		Preparing numerical values for column f75
2025-04-16 16:31:35,111 [DEBUG]  		Preparing numerical values for column f76
2025-04-16 16:31:35,118 [DEBUG]  		Preparing numerical values for column f77
2025-04-16 16:31:35,125 [DEBUG]  		Preparing numerical values for column f78
2025-04-16 16:31:35,132 [DEBUG]  		Preparing numerical values for column f79
2025-04-16 16:31:35,140 [DEBUG]  		Preparing numerical values for column f80
2025-04-16 16:31:35,147 [DEBUG]  		Preparing numerical values for column f81
2025-04-16 16:31:35,154 [DEBUG]  		Preparing numerical values for column f82
2025-04-16 16:31:35,161 [DEBUG]  		Preparing numerical values for column f83
2025-04-16 16:31:35,168 [DEBUG]  		Preparing numerical values for column f84
2025-04-16 16:31:35,175 [DEBUG]  		Preparing numerical values for column f85
2025-04-16 16:31:35,182 [DEBUG]  		Preparing numerical values for column f86
2025-04-16 16:31:35,189 [DEBUG]  		Preparing numerical values for column f87
2025-04-16 16:31:35,197 [DEBUG]  		Preparing numerical values for column f88
2025-04-16 16:31:35,204 [DEBUG]  		Preparing numerical values for column f89
2025-04-16 16:31:35,211 [DEBUG]  		Preparing numerical values for column f90
2025-04-16 16:31:35,218 [DEBUG]  		Preparing numerical values for column f91
2025-04-16 16:31:35,226 [INFO ]  Relevant attributes for table yearpredictionmsd are ['f1', 'f2', 'f3', 'f4', 'f5', 'f6', 'f7', 'f8', 'f9', 'f10', 'f11', 'f12', 'f13', 'f14', 'f15', 'f16', 'f17', 'f18', 'f19', 'f20', 'f21', 'f22', 'f23', 'f24', 'f25', 'f26', 'f27', 'f28', 'f29', 'f30', 'f31', 'f32', 'f33', 'f34', 'f35', 'f36', 'f37', 'f38', 'f39', 'f40', 'f41', 'f42', 'f43', 'f44', 'f45', 'f46', 'f47', 'f48', 'f49', 'f50', 'f51', 'f52', 'f53', 'f54', 'f55', 'f56', 'f57', 'f58', 'f59', 'f60', 'f61', 'f62', 'f63', 'f64', 'f65', 'f66', 'f67', 'f68', 'f69', 'f70', 'f71', 'f72', 'f73', 'f74', 'f75', 'f76', 'f77', 'f78', 'f79', 'f80', 'f81', 'f82', 'f83', 'f84', 'f85', 'f86', 'f87', 'f88', 'f89', 'f90', 'f91']
2025-04-16 16:31:35,226 [INFO ]  NULL values for table yearpredictionmsd are [1998.3971489500177, 43.39863895932458, 1.2896541971106739, 8.658447088513517, 1.1642244659596972, -6.553500704557142, -9.521875199837002, -2.3909894249095265, -1.7931355097264945, 3.7279758078374696, 1.882484908731045, -0.14642701632886707, 2.5461633571102857, 33.71410556176931, 2439.3594750900274, 1967.7343022430605, 1514.8600019875034, 910.9814437631101, 879.1468209559423, 603.7375338429207, 517.579438551184, 393.9623148242828, 325.7332698702618, 288.8851853951818, 291.97333766416676, 43.03206871544306, 43.314972502905825, -46.44890569721255, -27.672683001096363, 14.958590613744192, 44.51495949767633, 5.131886398936633, 24.03440856888104, 9.498916273059791, -4.178755789092744, 0.49957466085826013, 72.65236721885337, -51.44115595395317, 117.92115600048508, -189.88078456635844, 23.09618214103174, -1.2829049177347216, 18.14807329779081, -51.9589221413034, 3.232785749604635, -1.4882206658840196, 6.334183796117165, 78.70252693927368, 142.69696774475352, -86.51637640182788, 25.240852789160666, 6.378610636136956, 28.294182167790506, 12.772340660276129, 1.7005743435562588, -10.205055253257528, 64.10136245066899, 104.82218515551718, -0.026380813746131257, 38.67814028536224, -27.98988510671492, 3.3018386494678316, 0.3072268340044048, -0.47872758699511986, -138.22312362452342, -0.6959651284091238, 0.2426824754484861, 3.1518509777333623, 27.642844885794954, 31.822343641696346, -0.8358501251782783, -8.931463500819836, 4.84935295743628, -27.34754600211509, -11.938692434602064, -21.572037257468303, -5.5760961304757, -23.304223741707006, 31.113152772880287, -104.97469442078607, 26.96249320849139, 15.755506044028763, -73.46139977267656, 41.54252155146552, 37.93421873529384, 0.3158512716723748, 17.669313222656672, -26.315235961986634, 4.458741107180626, 20.035236407688057, 1.3292054377940983]
2025-04-16 16:31:36,288 [INFO ]  Adding table parts without join partners for table yearpredictionmsd
2025-04-16 16:31:36,333 [INFO ]  Files successfully created
